2022-05-20 18:45:03,859 ----------------------------------------------------------------------------------------------------
2022-05-20 18:45:03,859 Model: "SequenceTagger(
  (embeddings): StackedEmbeddings(
    (list_embedding_0): GazetteerEmbeddings()
    (list_embedding_1): WordEmbeddings(
      'glove'
      (embedding): Embedding(400001, 100)
    )
    (list_embedding_2): FlairEmbeddings(
      (lm): LanguageModel(
        (drop): Dropout(p=0.05, inplace=False)
        (encoder): Embedding(300, 100)
        (rnn): LSTM(100, 2048)
        (decoder): Linear(in_features=2048, out_features=300, bias=True)
      )
    )
    (list_embedding_3): FlairEmbeddings(
      (lm): LanguageModel(
        (drop): Dropout(p=0.05, inplace=False)
        (encoder): Embedding(300, 100)
        (rnn): LSTM(100, 2048)
        (decoder): Linear(in_features=2048, out_features=300, bias=True)
      )
    )
  )
  (word_dropout): WordDropout(p=0.05)
  (locked_dropout): LockedDropout(p=0.5)
  (embedding2nn): Linear(in_features=4227, out_features=4227, bias=True)
  (rnn): LSTM(4227, 256, batch_first=True, bidirectional=True)
  (linear): Linear(in_features=512, out_features=27, bias=True)
  (loss_function): ViterbiLoss()
  (crf): CRF()
)"
2022-05-20 18:45:03,859 ----------------------------------------------------------------------------------------------------
2022-05-20 18:45:03,860 Corpus: "Corpus: 3394 train + 1009 dev + 1287 test sentences"
2022-05-20 18:45:03,860 ----------------------------------------------------------------------------------------------------
2022-05-20 18:45:03,860 Parameters:
2022-05-20 18:45:03,860  - learning_rate: "0.100000"
2022-05-20 18:45:03,860  - mini_batch_size: "32"
2022-05-20 18:45:03,860  - patience: "3"
2022-05-20 18:45:03,860  - anneal_factor: "0.5"
2022-05-20 18:45:03,860  - max_epochs: "150"
2022-05-20 18:45:03,860  - shuffle: "True"
2022-05-20 18:45:03,860  - train_with_dev: "False"
2022-05-20 18:45:03,860  - batch_growth_annealing: "False"
2022-05-20 18:45:03,860 ----------------------------------------------------------------------------------------------------
2022-05-20 18:45:03,860 Model training base path: "resources/taggers/model_06_r12_run_3"
2022-05-20 18:45:03,860 ----------------------------------------------------------------------------------------------------
2022-05-20 18:45:03,860 Device: cuda:1
2022-05-20 18:45:03,860 ----------------------------------------------------------------------------------------------------
2022-05-20 18:45:03,860 Embeddings storage mode: cpu
2022-05-20 18:45:03,860 ----------------------------------------------------------------------------------------------------
2022-05-20 18:45:05,596 epoch 1 - iter 10/107 - loss 1.05067752 - samples/sec: 184.48 - lr: 0.100000
2022-05-20 18:45:07,426 epoch 1 - iter 20/107 - loss 0.66731082 - samples/sec: 174.94 - lr: 0.100000
2022-05-20 18:45:09,313 epoch 1 - iter 30/107 - loss 0.54321143 - samples/sec: 169.66 - lr: 0.100000
2022-05-20 18:45:11,182 epoch 1 - iter 40/107 - loss 0.47332389 - samples/sec: 171.27 - lr: 0.100000
2022-05-20 18:45:13,102 epoch 1 - iter 50/107 - loss 0.42170034 - samples/sec: 166.74 - lr: 0.100000
2022-05-20 18:45:15,005 epoch 1 - iter 60/107 - loss 0.39939181 - samples/sec: 168.29 - lr: 0.100000
2022-05-20 18:45:16,892 epoch 1 - iter 70/107 - loss 0.38319843 - samples/sec: 169.61 - lr: 0.100000
2022-05-20 18:45:18,612 epoch 1 - iter 80/107 - loss 0.37656106 - samples/sec: 186.19 - lr: 0.100000
2022-05-20 18:45:20,115 epoch 1 - iter 90/107 - loss 0.37101577 - samples/sec: 213.02 - lr: 0.100000
2022-05-20 18:45:21,630 epoch 1 - iter 100/107 - loss 0.36232754 - samples/sec: 211.42 - lr: 0.100000
2022-05-20 18:45:22,558 ----------------------------------------------------------------------------------------------------
2022-05-20 18:45:22,558 EPOCH 1 done: loss 0.3546 - lr 0.100000
2022-05-20 18:45:28,819 Evaluating as a multi-label problem: False
2022-05-20 18:45:28,829 DEV : loss 0.4072187542915344 - f1-score (micro avg)  0.1859
2022-05-20 18:45:28,919 BAD EPOCHS (no improvement): 0
2022-05-20 18:45:28,922 saving best model
2022-05-20 18:45:41,262 ----------------------------------------------------------------------------------------------------
2022-05-20 18:45:43,067 epoch 2 - iter 10/107 - loss 0.25461154 - samples/sec: 177.39 - lr: 0.100000
2022-05-20 18:45:44,785 epoch 2 - iter 20/107 - loss 0.22515699 - samples/sec: 186.45 - lr: 0.100000
2022-05-20 18:45:46,489 epoch 2 - iter 30/107 - loss 0.23044673 - samples/sec: 187.88 - lr: 0.100000
2022-05-20 18:45:48,253 epoch 2 - iter 40/107 - loss 0.21348176 - samples/sec: 181.44 - lr: 0.100000
2022-05-20 18:45:50,071 epoch 2 - iter 50/107 - loss 0.21276495 - samples/sec: 176.12 - lr: 0.100000
2022-05-20 18:45:51,774 epoch 2 - iter 60/107 - loss 0.20591638 - samples/sec: 188.02 - lr: 0.100000
2022-05-20 18:45:53,485 epoch 2 - iter 70/107 - loss 0.20507245 - samples/sec: 187.13 - lr: 0.100000
2022-05-20 18:45:55,274 epoch 2 - iter 80/107 - loss 0.20428056 - samples/sec: 179.00 - lr: 0.100000
2022-05-20 18:45:57,037 epoch 2 - iter 90/107 - loss 0.20056091 - samples/sec: 181.66 - lr: 0.100000
2022-05-20 18:45:58,879 epoch 2 - iter 100/107 - loss 0.20072353 - samples/sec: 173.77 - lr: 0.100000
2022-05-20 18:45:59,936 ----------------------------------------------------------------------------------------------------
2022-05-20 18:45:59,936 EPOCH 2 done: loss 0.1972 - lr 0.100000
2022-05-20 18:46:05,990 Evaluating as a multi-label problem: False
2022-05-20 18:46:06,001 DEV : loss 0.3014450967311859 - f1-score (micro avg)  0.4386
2022-05-20 18:46:06,084 BAD EPOCHS (no improvement): 0
2022-05-20 18:46:06,087 saving best model
2022-05-20 18:46:18,042 ----------------------------------------------------------------------------------------------------
2022-05-20 18:46:19,962 epoch 3 - iter 10/107 - loss 0.16979579 - samples/sec: 166.87 - lr: 0.100000
2022-05-20 18:46:21,862 epoch 3 - iter 20/107 - loss 0.15337012 - samples/sec: 168.44 - lr: 0.100000
2022-05-20 18:46:23,774 epoch 3 - iter 30/107 - loss 0.16620720 - samples/sec: 167.45 - lr: 0.100000
2022-05-20 18:46:25,600 epoch 3 - iter 40/107 - loss 0.16888884 - samples/sec: 175.34 - lr: 0.100000
2022-05-20 18:46:27,319 epoch 3 - iter 50/107 - loss 0.16660620 - samples/sec: 186.22 - lr: 0.100000
2022-05-20 18:46:29,077 epoch 3 - iter 60/107 - loss 0.16553822 - samples/sec: 182.18 - lr: 0.100000
2022-05-20 18:46:30,849 epoch 3 - iter 70/107 - loss 0.16408619 - samples/sec: 180.65 - lr: 0.100000
2022-05-20 18:46:32,661 epoch 3 - iter 80/107 - loss 0.16371586 - samples/sec: 176.71 - lr: 0.100000
2022-05-20 18:46:34,347 epoch 3 - iter 90/107 - loss 0.16187151 - samples/sec: 189.85 - lr: 0.100000
2022-05-20 18:46:36,089 epoch 3 - iter 100/107 - loss 0.16257768 - samples/sec: 183.85 - lr: 0.100000
2022-05-20 18:46:37,156 ----------------------------------------------------------------------------------------------------
2022-05-20 18:46:37,156 EPOCH 3 done: loss 0.1601 - lr 0.100000
2022-05-20 18:46:43,213 Evaluating as a multi-label problem: False
2022-05-20 18:46:43,224 DEV : loss 0.26775869727134705 - f1-score (micro avg)  0.4236
2022-05-20 18:46:43,307 BAD EPOCHS (no improvement): 1
2022-05-20 18:46:43,310 ----------------------------------------------------------------------------------------------------
2022-05-20 18:46:45,156 epoch 4 - iter 10/107 - loss 0.13204782 - samples/sec: 173.46 - lr: 0.100000
2022-05-20 18:46:46,885 epoch 4 - iter 20/107 - loss 0.13112397 - samples/sec: 185.15 - lr: 0.100000
2022-05-20 18:46:48,659 epoch 4 - iter 30/107 - loss 0.13375425 - samples/sec: 180.47 - lr: 0.100000
2022-05-20 18:46:50,406 epoch 4 - iter 40/107 - loss 0.13969814 - samples/sec: 183.26 - lr: 0.100000
2022-05-20 18:46:52,096 epoch 4 - iter 50/107 - loss 0.13738423 - samples/sec: 189.50 - lr: 0.100000
2022-05-20 18:46:53,859 epoch 4 - iter 60/107 - loss 0.14429507 - samples/sec: 181.55 - lr: 0.100000
2022-05-20 18:46:55,609 epoch 4 - iter 70/107 - loss 0.14367807 - samples/sec: 183.04 - lr: 0.100000
2022-05-20 18:46:57,406 epoch 4 - iter 80/107 - loss 0.14795475 - samples/sec: 178.16 - lr: 0.100000
2022-05-20 18:46:59,195 epoch 4 - iter 90/107 - loss 0.14552129 - samples/sec: 178.97 - lr: 0.100000
2022-05-20 18:47:00,979 epoch 4 - iter 100/107 - loss 0.14407278 - samples/sec: 179.41 - lr: 0.100000
2022-05-20 18:47:02,074 ----------------------------------------------------------------------------------------------------
2022-05-20 18:47:02,075 EPOCH 4 done: loss 0.1431 - lr 0.100000
2022-05-20 18:47:08,141 Evaluating as a multi-label problem: False
2022-05-20 18:47:08,151 DEV : loss 0.2813012897968292 - f1-score (micro avg)  0.4391
2022-05-20 18:47:08,235 BAD EPOCHS (no improvement): 0
2022-05-20 18:47:08,237 saving best model
2022-05-20 18:47:20,578 ----------------------------------------------------------------------------------------------------
2022-05-20 18:47:22,530 epoch 5 - iter 10/107 - loss 0.14061740 - samples/sec: 164.07 - lr: 0.100000
2022-05-20 18:47:24,433 epoch 5 - iter 20/107 - loss 0.14466517 - samples/sec: 168.27 - lr: 0.100000
2022-05-20 18:47:26,303 epoch 5 - iter 30/107 - loss 0.13626963 - samples/sec: 171.24 - lr: 0.100000
2022-05-20 18:47:28,108 epoch 5 - iter 40/107 - loss 0.13723771 - samples/sec: 177.40 - lr: 0.100000
2022-05-20 18:47:29,883 epoch 5 - iter 50/107 - loss 0.13651236 - samples/sec: 180.40 - lr: 0.100000
2022-05-20 18:47:31,696 epoch 5 - iter 60/107 - loss 0.13563911 - samples/sec: 176.60 - lr: 0.100000
2022-05-20 18:47:33,428 epoch 5 - iter 70/107 - loss 0.13919980 - samples/sec: 184.77 - lr: 0.100000
2022-05-20 18:47:35,140 epoch 5 - iter 80/107 - loss 0.13593462 - samples/sec: 187.07 - lr: 0.100000
2022-05-20 18:47:36,959 epoch 5 - iter 90/107 - loss 0.13343964 - samples/sec: 176.05 - lr: 0.100000
2022-05-20 18:47:38,680 epoch 5 - iter 100/107 - loss 0.13092272 - samples/sec: 185.99 - lr: 0.100000
2022-05-20 18:47:39,782 ----------------------------------------------------------------------------------------------------
2022-05-20 18:47:39,783 EPOCH 5 done: loss 0.1307 - lr 0.100000
2022-05-20 18:47:45,869 Evaluating as a multi-label problem: False
2022-05-20 18:47:45,880 DEV : loss 0.22027702629566193 - f1-score (micro avg)  0.5145
2022-05-20 18:47:45,964 BAD EPOCHS (no improvement): 0
2022-05-20 18:47:45,967 saving best model
2022-05-20 18:47:58,058 ----------------------------------------------------------------------------------------------------
2022-05-20 18:48:00,049 epoch 6 - iter 10/107 - loss 0.13480715 - samples/sec: 160.80 - lr: 0.100000
2022-05-20 18:48:01,874 epoch 6 - iter 20/107 - loss 0.12886141 - samples/sec: 175.48 - lr: 0.100000
2022-05-20 18:48:03,722 epoch 6 - iter 30/107 - loss 0.12896635 - samples/sec: 173.22 - lr: 0.100000
2022-05-20 18:48:05,511 epoch 6 - iter 40/107 - loss 0.12334768 - samples/sec: 178.93 - lr: 0.100000
2022-05-20 18:48:07,309 epoch 6 - iter 50/107 - loss 0.11901671 - samples/sec: 178.10 - lr: 0.100000
2022-05-20 18:48:09,096 epoch 6 - iter 60/107 - loss 0.11887191 - samples/sec: 179.18 - lr: 0.100000
2022-05-20 18:48:10,901 epoch 6 - iter 70/107 - loss 0.11963907 - samples/sec: 177.31 - lr: 0.100000
2022-05-20 18:48:12,727 epoch 6 - iter 80/107 - loss 0.12046848 - samples/sec: 175.34 - lr: 0.100000
2022-05-20 18:48:14,544 epoch 6 - iter 90/107 - loss 0.12221809 - samples/sec: 176.26 - lr: 0.100000
2022-05-20 18:48:16,374 epoch 6 - iter 100/107 - loss 0.12229323 - samples/sec: 174.96 - lr: 0.100000
2022-05-20 18:48:17,441 ----------------------------------------------------------------------------------------------------
2022-05-20 18:48:17,441 EPOCH 6 done: loss 0.1215 - lr 0.100000
2022-05-20 18:48:23,472 Evaluating as a multi-label problem: False
2022-05-20 18:48:23,483 DEV : loss 0.21313881874084473 - f1-score (micro avg)  0.5112
2022-05-20 18:48:23,567 BAD EPOCHS (no improvement): 1
2022-05-20 18:48:23,588 ----------------------------------------------------------------------------------------------------
2022-05-20 18:48:25,401 epoch 7 - iter 10/107 - loss 0.12301223 - samples/sec: 176.69 - lr: 0.100000
2022-05-20 18:48:27,094 epoch 7 - iter 20/107 - loss 0.10983107 - samples/sec: 189.01 - lr: 0.100000
2022-05-20 18:48:28,805 epoch 7 - iter 30/107 - loss 0.11490151 - samples/sec: 187.13 - lr: 0.100000
2022-05-20 18:48:30,560 epoch 7 - iter 40/107 - loss 0.11274085 - samples/sec: 182.49 - lr: 0.100000
2022-05-20 18:48:32,317 epoch 7 - iter 50/107 - loss 0.11366774 - samples/sec: 182.19 - lr: 0.100000
2022-05-20 18:48:34,050 epoch 7 - iter 60/107 - loss 0.11305081 - samples/sec: 184.71 - lr: 0.100000
2022-05-20 18:48:35,795 epoch 7 - iter 70/107 - loss 0.11396507 - samples/sec: 183.54 - lr: 0.100000
2022-05-20 18:48:37,628 epoch 7 - iter 80/107 - loss 0.11360976 - samples/sec: 174.63 - lr: 0.100000
2022-05-20 18:48:39,402 epoch 7 - iter 90/107 - loss 0.11246975 - samples/sec: 180.45 - lr: 0.100000
2022-05-20 18:48:41,246 epoch 7 - iter 100/107 - loss 0.11167255 - samples/sec: 173.61 - lr: 0.100000
2022-05-20 18:48:42,378 ----------------------------------------------------------------------------------------------------
2022-05-20 18:48:42,378 EPOCH 7 done: loss 0.1127 - lr 0.100000
2022-05-20 18:48:48,407 Evaluating as a multi-label problem: False
2022-05-20 18:48:48,418 DEV : loss 0.20871897041797638 - f1-score (micro avg)  0.4968
2022-05-20 18:48:48,502 BAD EPOCHS (no improvement): 2
2022-05-20 18:48:48,504 ----------------------------------------------------------------------------------------------------
2022-05-20 18:48:50,393 epoch 8 - iter 10/107 - loss 0.08065658 - samples/sec: 169.44 - lr: 0.100000
2022-05-20 18:48:52,356 epoch 8 - iter 20/107 - loss 0.09700423 - samples/sec: 163.18 - lr: 0.100000
2022-05-20 18:48:54,182 epoch 8 - iter 30/107 - loss 0.10643752 - samples/sec: 175.25 - lr: 0.100000
2022-05-20 18:48:55,936 epoch 8 - iter 40/107 - loss 0.10549235 - samples/sec: 182.61 - lr: 0.100000
2022-05-20 18:48:57,614 epoch 8 - iter 50/107 - loss 0.10330922 - samples/sec: 190.75 - lr: 0.100000
2022-05-20 18:48:59,383 epoch 8 - iter 60/107 - loss 0.10092492 - samples/sec: 181.01 - lr: 0.100000
2022-05-20 18:49:01,149 epoch 8 - iter 70/107 - loss 0.10157017 - samples/sec: 181.28 - lr: 0.100000
2022-05-20 18:49:02,965 epoch 8 - iter 80/107 - loss 0.09957631 - samples/sec: 176.29 - lr: 0.100000
2022-05-20 18:49:04,779 epoch 8 - iter 90/107 - loss 0.10315201 - samples/sec: 176.61 - lr: 0.100000
2022-05-20 18:49:06,554 epoch 8 - iter 100/107 - loss 0.10337797 - samples/sec: 180.30 - lr: 0.100000
2022-05-20 18:49:07,621 ----------------------------------------------------------------------------------------------------
2022-05-20 18:49:07,621 EPOCH 8 done: loss 0.1032 - lr 0.100000
2022-05-20 18:49:13,651 Evaluating as a multi-label problem: False
2022-05-20 18:49:13,662 DEV : loss 0.2018779218196869 - f1-score (micro avg)  0.4948
2022-05-20 18:49:13,746 BAD EPOCHS (no improvement): 3
2022-05-20 18:49:13,747 ----------------------------------------------------------------------------------------------------
2022-05-20 18:49:15,602 epoch 9 - iter 10/107 - loss 0.09548300 - samples/sec: 172.69 - lr: 0.100000
2022-05-20 18:49:17,349 epoch 9 - iter 20/107 - loss 0.09548824 - samples/sec: 183.23 - lr: 0.100000
2022-05-20 18:49:19,106 epoch 9 - iter 30/107 - loss 0.09449256 - samples/sec: 182.24 - lr: 0.100000
2022-05-20 18:49:20,857 epoch 9 - iter 40/107 - loss 0.09710257 - samples/sec: 182.83 - lr: 0.100000
2022-05-20 18:49:22,589 epoch 9 - iter 50/107 - loss 0.09711436 - samples/sec: 184.88 - lr: 0.100000
2022-05-20 18:49:24,440 epoch 9 - iter 60/107 - loss 0.09612796 - samples/sec: 172.96 - lr: 0.100000
2022-05-20 18:49:26,176 epoch 9 - iter 70/107 - loss 0.09648127 - samples/sec: 184.39 - lr: 0.100000
2022-05-20 18:49:28,012 epoch 9 - iter 80/107 - loss 0.09794766 - samples/sec: 174.40 - lr: 0.100000
2022-05-20 18:49:31,336 epoch 9 - iter 90/107 - loss 0.09639929 - samples/sec: 96.30 - lr: 0.100000
2022-05-20 18:49:33,080 epoch 9 - iter 100/107 - loss 0.10001501 - samples/sec: 183.55 - lr: 0.100000
2022-05-20 18:49:34,119 ----------------------------------------------------------------------------------------------------
2022-05-20 18:49:34,119 EPOCH 9 done: loss 0.1001 - lr 0.100000
2022-05-20 18:49:40,071 Evaluating as a multi-label problem: False
2022-05-20 18:49:40,081 DEV : loss 0.19912995398044586 - f1-score (micro avg)  0.5105
2022-05-20 18:49:40,167 Epoch     9: reducing learning rate of group 0 to 5.0000e-02.
2022-05-20 18:49:40,167 BAD EPOCHS (no improvement): 4
2022-05-20 18:49:40,169 ----------------------------------------------------------------------------------------------------
2022-05-20 18:49:42,080 epoch 10 - iter 10/107 - loss 0.09612182 - samples/sec: 167.54 - lr: 0.050000
2022-05-20 18:49:43,879 epoch 10 - iter 20/107 - loss 0.09180026 - samples/sec: 178.04 - lr: 0.050000
2022-05-20 18:49:45,647 epoch 10 - iter 30/107 - loss 0.09163627 - samples/sec: 181.07 - lr: 0.050000
2022-05-20 18:49:47,374 epoch 10 - iter 40/107 - loss 0.08909466 - samples/sec: 185.37 - lr: 0.050000
2022-05-20 18:49:49,136 epoch 10 - iter 50/107 - loss 0.08843067 - samples/sec: 181.68 - lr: 0.050000
2022-05-20 18:49:50,865 epoch 10 - iter 60/107 - loss 0.09069297 - samples/sec: 185.19 - lr: 0.050000
2022-05-20 18:49:52,661 epoch 10 - iter 70/107 - loss 0.09085029 - samples/sec: 178.27 - lr: 0.050000
2022-05-20 18:49:54,491 epoch 10 - iter 80/107 - loss 0.08960145 - samples/sec: 175.00 - lr: 0.050000
2022-05-20 18:49:56,280 epoch 10 - iter 90/107 - loss 0.08794520 - samples/sec: 179.01 - lr: 0.050000
2022-05-20 18:49:58,131 epoch 10 - iter 100/107 - loss 0.08918958 - samples/sec: 172.96 - lr: 0.050000
2022-05-20 18:49:59,237 ----------------------------------------------------------------------------------------------------
2022-05-20 18:49:59,237 EPOCH 10 done: loss 0.0892 - lr 0.050000
2022-05-20 18:50:05,303 Evaluating as a multi-label problem: False
2022-05-20 18:50:05,314 DEV : loss 0.19986219704151154 - f1-score (micro avg)  0.4944
2022-05-20 18:50:05,399 BAD EPOCHS (no improvement): 1
2022-05-20 18:50:05,400 ----------------------------------------------------------------------------------------------------
2022-05-20 18:50:07,253 epoch 11 - iter 10/107 - loss 0.09059344 - samples/sec: 172.88 - lr: 0.050000
2022-05-20 18:50:08,994 epoch 11 - iter 20/107 - loss 0.08369432 - samples/sec: 183.92 - lr: 0.050000
2022-05-20 18:50:10,660 epoch 11 - iter 30/107 - loss 0.08326720 - samples/sec: 192.14 - lr: 0.050000
2022-05-20 18:50:12,394 epoch 11 - iter 40/107 - loss 0.08624901 - samples/sec: 184.63 - lr: 0.050000
2022-05-20 18:50:14,111 epoch 11 - iter 50/107 - loss 0.08777074 - samples/sec: 186.46 - lr: 0.050000
2022-05-20 18:50:15,907 epoch 11 - iter 60/107 - loss 0.08830872 - samples/sec: 178.29 - lr: 0.050000
2022-05-20 18:50:17,664 epoch 11 - iter 70/107 - loss 0.08751105 - samples/sec: 182.23 - lr: 0.050000
2022-05-20 18:50:19,477 epoch 11 - iter 80/107 - loss 0.08779873 - samples/sec: 176.61 - lr: 0.050000
2022-05-20 18:50:21,241 epoch 11 - iter 90/107 - loss 0.08589625 - samples/sec: 181.56 - lr: 0.050000
2022-05-20 18:50:23,039 epoch 11 - iter 100/107 - loss 0.08499386 - samples/sec: 178.07 - lr: 0.050000
2022-05-20 18:50:24,134 ----------------------------------------------------------------------------------------------------
2022-05-20 18:50:24,134 EPOCH 11 done: loss 0.0842 - lr 0.050000
2022-05-20 18:50:30,143 Evaluating as a multi-label problem: False
2022-05-20 18:50:30,153 DEV : loss 0.1872444897890091 - f1-score (micro avg)  0.5217
2022-05-20 18:50:30,238 BAD EPOCHS (no improvement): 0
2022-05-20 18:50:30,241 saving best model
2022-05-20 18:50:42,010 ----------------------------------------------------------------------------------------------------
2022-05-20 18:50:43,914 epoch 12 - iter 10/107 - loss 0.07461127 - samples/sec: 168.26 - lr: 0.050000
2022-05-20 18:50:45,774 epoch 12 - iter 20/107 - loss 0.08308011 - samples/sec: 172.19 - lr: 0.050000
2022-05-20 18:50:47,693 epoch 12 - iter 30/107 - loss 0.07638463 - samples/sec: 166.81 - lr: 0.050000
2022-05-20 18:50:49,436 epoch 12 - iter 40/107 - loss 0.07425821 - samples/sec: 183.67 - lr: 0.050000
2022-05-20 18:50:51,120 epoch 12 - iter 50/107 - loss 0.07603733 - samples/sec: 190.10 - lr: 0.050000
2022-05-20 18:50:52,834 epoch 12 - iter 60/107 - loss 0.07642257 - samples/sec: 186.80 - lr: 0.050000
2022-05-20 18:50:54,514 epoch 12 - iter 70/107 - loss 0.07806492 - samples/sec: 190.61 - lr: 0.050000
2022-05-20 18:50:56,202 epoch 12 - iter 80/107 - loss 0.07944426 - samples/sec: 189.67 - lr: 0.050000
2022-05-20 18:50:57,948 epoch 12 - iter 90/107 - loss 0.07964939 - samples/sec: 183.40 - lr: 0.050000
2022-05-20 18:50:59,727 epoch 12 - iter 100/107 - loss 0.07858507 - samples/sec: 179.95 - lr: 0.050000
2022-05-20 18:51:00,841 ----------------------------------------------------------------------------------------------------
2022-05-20 18:51:00,841 EPOCH 12 done: loss 0.0786 - lr 0.050000
2022-05-20 18:51:06,903 Evaluating as a multi-label problem: False
2022-05-20 18:51:06,914 DEV : loss 0.1874745488166809 - f1-score (micro avg)  0.5161
2022-05-20 18:51:07,000 BAD EPOCHS (no improvement): 1
2022-05-20 18:51:07,066 ----------------------------------------------------------------------------------------------------
2022-05-20 18:51:08,994 epoch 13 - iter 10/107 - loss 0.06822695 - samples/sec: 166.10 - lr: 0.050000
2022-05-20 18:51:10,777 epoch 13 - iter 20/107 - loss 0.06927871 - samples/sec: 179.53 - lr: 0.050000
2022-05-20 18:51:12,510 epoch 13 - iter 30/107 - loss 0.07230975 - samples/sec: 184.74 - lr: 0.050000
2022-05-20 18:51:14,324 epoch 13 - iter 40/107 - loss 0.07875106 - samples/sec: 176.54 - lr: 0.050000
2022-05-20 18:51:16,080 epoch 13 - iter 50/107 - loss 0.07989225 - samples/sec: 182.28 - lr: 0.050000
2022-05-20 18:51:17,841 epoch 13 - iter 60/107 - loss 0.08065669 - samples/sec: 181.85 - lr: 0.050000
2022-05-20 18:51:19,658 epoch 13 - iter 70/107 - loss 0.07924270 - samples/sec: 176.17 - lr: 0.050000
2022-05-20 18:51:21,430 epoch 13 - iter 80/107 - loss 0.08021762 - samples/sec: 180.75 - lr: 0.050000
2022-05-20 18:51:23,227 epoch 13 - iter 90/107 - loss 0.07860890 - samples/sec: 178.14 - lr: 0.050000
2022-05-20 18:51:25,094 epoch 13 - iter 100/107 - loss 0.07732661 - samples/sec: 171.51 - lr: 0.050000
2022-05-20 18:51:26,240 ----------------------------------------------------------------------------------------------------
2022-05-20 18:51:26,240 EPOCH 13 done: loss 0.0772 - lr 0.050000
2022-05-20 18:51:32,323 Evaluating as a multi-label problem: False
2022-05-20 18:51:32,334 DEV : loss 0.19336768984794617 - f1-score (micro avg)  0.5016
2022-05-20 18:51:32,418 BAD EPOCHS (no improvement): 2
2022-05-20 18:51:32,422 ----------------------------------------------------------------------------------------------------
2022-05-20 18:51:34,329 epoch 14 - iter 10/107 - loss 0.06794317 - samples/sec: 167.92 - lr: 0.050000
2022-05-20 18:51:36,211 epoch 14 - iter 20/107 - loss 0.07626232 - samples/sec: 170.12 - lr: 0.050000
2022-05-20 18:51:38,022 epoch 14 - iter 30/107 - loss 0.07475784 - samples/sec: 176.79 - lr: 0.050000
2022-05-20 18:51:39,749 epoch 14 - iter 40/107 - loss 0.07571649 - samples/sec: 185.36 - lr: 0.050000
2022-05-20 18:51:41,489 epoch 14 - iter 50/107 - loss 0.07492354 - samples/sec: 183.96 - lr: 0.050000
2022-05-20 18:51:43,238 epoch 14 - iter 60/107 - loss 0.07344666 - samples/sec: 183.13 - lr: 0.050000
2022-05-20 18:51:45,029 epoch 14 - iter 70/107 - loss 0.07182337 - samples/sec: 178.72 - lr: 0.050000
2022-05-20 18:51:46,765 epoch 14 - iter 80/107 - loss 0.07355427 - samples/sec: 184.44 - lr: 0.050000
2022-05-20 18:51:48,434 epoch 14 - iter 90/107 - loss 0.07291131 - samples/sec: 191.85 - lr: 0.050000
2022-05-20 18:51:50,169 epoch 14 - iter 100/107 - loss 0.07251208 - samples/sec: 184.55 - lr: 0.050000
2022-05-20 18:51:51,274 ----------------------------------------------------------------------------------------------------
2022-05-20 18:51:51,274 EPOCH 14 done: loss 0.0740 - lr 0.050000
2022-05-20 18:51:57,318 Evaluating as a multi-label problem: False
2022-05-20 18:51:57,329 DEV : loss 0.20260357856750488 - f1-score (micro avg)  0.4952
2022-05-20 18:51:57,413 BAD EPOCHS (no improvement): 3
2022-05-20 18:51:57,415 ----------------------------------------------------------------------------------------------------
2022-05-20 18:51:59,345 epoch 15 - iter 10/107 - loss 0.06292696 - samples/sec: 165.91 - lr: 0.050000
2022-05-20 18:52:01,105 epoch 15 - iter 20/107 - loss 0.06812945 - samples/sec: 181.96 - lr: 0.050000
2022-05-20 18:52:02,920 epoch 15 - iter 30/107 - loss 0.06652483 - samples/sec: 176.38 - lr: 0.050000
2022-05-20 18:52:04,638 epoch 15 - iter 40/107 - loss 0.06556980 - samples/sec: 186.40 - lr: 0.050000
2022-05-20 18:52:06,380 epoch 15 - iter 50/107 - loss 0.07031996 - samples/sec: 183.72 - lr: 0.050000
2022-05-20 18:52:08,135 epoch 15 - iter 60/107 - loss 0.07091918 - samples/sec: 182.49 - lr: 0.050000
2022-05-20 18:52:09,892 epoch 15 - iter 70/107 - loss 0.07090508 - samples/sec: 182.22 - lr: 0.050000
2022-05-20 18:52:11,744 epoch 15 - iter 80/107 - loss 0.07109227 - samples/sec: 172.85 - lr: 0.050000
2022-05-20 18:52:13,614 epoch 15 - iter 90/107 - loss 0.07087894 - samples/sec: 171.19 - lr: 0.050000
2022-05-20 18:52:15,381 epoch 15 - iter 100/107 - loss 0.07223952 - samples/sec: 181.22 - lr: 0.050000
2022-05-20 18:52:16,458 ----------------------------------------------------------------------------------------------------
2022-05-20 18:52:16,458 EPOCH 15 done: loss 0.0731 - lr 0.050000
2022-05-20 18:52:23,970 Evaluating as a multi-label problem: False
2022-05-20 18:52:23,981 DEV : loss 0.17370402812957764 - f1-score (micro avg)  0.5391
2022-05-20 18:52:24,064 BAD EPOCHS (no improvement): 0
2022-05-20 18:52:24,066 saving best model
2022-05-20 18:52:35,166 ----------------------------------------------------------------------------------------------------
2022-05-20 18:52:37,086 epoch 16 - iter 10/107 - loss 0.06797067 - samples/sec: 166.81 - lr: 0.050000
2022-05-20 18:52:38,919 epoch 16 - iter 20/107 - loss 0.06831378 - samples/sec: 174.66 - lr: 0.050000
2022-05-20 18:52:40,725 epoch 16 - iter 30/107 - loss 0.06812849 - samples/sec: 177.30 - lr: 0.050000
2022-05-20 18:52:42,546 epoch 16 - iter 40/107 - loss 0.07073758 - samples/sec: 175.80 - lr: 0.050000
2022-05-20 18:52:44,314 epoch 16 - iter 50/107 - loss 0.07478488 - samples/sec: 181.09 - lr: 0.050000
2022-05-20 18:52:45,973 epoch 16 - iter 60/107 - loss 0.07217380 - samples/sec: 193.00 - lr: 0.050000
2022-05-20 18:52:47,747 epoch 16 - iter 70/107 - loss 0.07141550 - samples/sec: 180.41 - lr: 0.050000
2022-05-20 18:52:49,568 epoch 16 - iter 80/107 - loss 0.07183373 - samples/sec: 175.79 - lr: 0.050000
2022-05-20 18:52:51,404 epoch 16 - iter 90/107 - loss 0.07164173 - samples/sec: 174.43 - lr: 0.050000
2022-05-20 18:52:53,173 epoch 16 - iter 100/107 - loss 0.07035080 - samples/sec: 181.00 - lr: 0.050000
2022-05-20 18:52:54,247 ----------------------------------------------------------------------------------------------------
2022-05-20 18:52:54,247 EPOCH 16 done: loss 0.0705 - lr 0.050000
2022-05-20 18:53:00,271 Evaluating as a multi-label problem: False
2022-05-20 18:53:00,281 DEV : loss 0.18267318606376648 - f1-score (micro avg)  0.5273
2022-05-20 18:53:00,365 BAD EPOCHS (no improvement): 1
2022-05-20 18:53:00,368 ----------------------------------------------------------------------------------------------------
2022-05-20 18:53:02,198 epoch 17 - iter 10/107 - loss 0.07171253 - samples/sec: 174.97 - lr: 0.050000
2022-05-20 18:53:03,973 epoch 17 - iter 20/107 - loss 0.06665075 - samples/sec: 180.38 - lr: 0.050000
2022-05-20 18:53:05,687 epoch 17 - iter 30/107 - loss 0.06958096 - samples/sec: 186.72 - lr: 0.050000
2022-05-20 18:53:07,509 epoch 17 - iter 40/107 - loss 0.06638175 - samples/sec: 175.77 - lr: 0.050000
2022-05-20 18:53:09,285 epoch 17 - iter 50/107 - loss 0.06786835 - samples/sec: 180.25 - lr: 0.050000
2022-05-20 18:53:11,015 epoch 17 - iter 60/107 - loss 0.06681345 - samples/sec: 185.08 - lr: 0.050000
2022-05-20 18:53:12,777 epoch 17 - iter 70/107 - loss 0.06620900 - samples/sec: 181.73 - lr: 0.050000
2022-05-20 18:53:14,552 epoch 17 - iter 80/107 - loss 0.06651963 - samples/sec: 180.41 - lr: 0.050000
2022-05-20 18:53:16,377 epoch 17 - iter 90/107 - loss 0.06578952 - samples/sec: 175.46 - lr: 0.050000
2022-05-20 18:53:18,075 epoch 17 - iter 100/107 - loss 0.06653807 - samples/sec: 188.50 - lr: 0.050000
2022-05-20 18:53:19,169 ----------------------------------------------------------------------------------------------------
2022-05-20 18:53:19,169 EPOCH 17 done: loss 0.0657 - lr 0.050000
2022-05-20 18:53:25,144 Evaluating as a multi-label problem: False
2022-05-20 18:53:25,155 DEV : loss 0.188087597489357 - f1-score (micro avg)  0.5255
2022-05-20 18:53:25,239 BAD EPOCHS (no improvement): 2
2022-05-20 18:53:25,241 ----------------------------------------------------------------------------------------------------
2022-05-20 18:53:27,084 epoch 18 - iter 10/107 - loss 0.04844732 - samples/sec: 173.77 - lr: 0.050000
2022-05-20 18:53:28,985 epoch 18 - iter 20/107 - loss 0.06113329 - samples/sec: 168.42 - lr: 0.050000
2022-05-20 18:53:30,828 epoch 18 - iter 30/107 - loss 0.06207419 - samples/sec: 173.72 - lr: 0.050000
2022-05-20 18:53:32,655 epoch 18 - iter 40/107 - loss 0.06673196 - samples/sec: 175.20 - lr: 0.050000
2022-05-20 18:53:34,425 epoch 18 - iter 50/107 - loss 0.06679954 - samples/sec: 180.86 - lr: 0.050000
2022-05-20 18:53:36,105 epoch 18 - iter 60/107 - loss 0.06701743 - samples/sec: 190.56 - lr: 0.050000
2022-05-20 18:53:37,827 epoch 18 - iter 70/107 - loss 0.06790277 - samples/sec: 185.94 - lr: 0.050000
2022-05-20 18:53:39,568 epoch 18 - iter 80/107 - loss 0.06691176 - samples/sec: 183.90 - lr: 0.050000
2022-05-20 18:53:41,399 epoch 18 - iter 90/107 - loss 0.06777995 - samples/sec: 174.88 - lr: 0.050000
2022-05-20 18:53:43,208 epoch 18 - iter 100/107 - loss 0.06537804 - samples/sec: 177.00 - lr: 0.050000
2022-05-20 18:53:44,308 ----------------------------------------------------------------------------------------------------
2022-05-20 18:53:44,308 EPOCH 18 done: loss 0.0663 - lr 0.050000
2022-05-20 18:53:50,362 Evaluating as a multi-label problem: False
2022-05-20 18:53:50,372 DEV : loss 0.18136724829673767 - f1-score (micro avg)  0.5262
2022-05-20 18:53:50,457 BAD EPOCHS (no improvement): 3
2022-05-20 18:53:50,460 ----------------------------------------------------------------------------------------------------
2022-05-20 18:53:52,265 epoch 19 - iter 10/107 - loss 0.07196783 - samples/sec: 177.43 - lr: 0.050000
2022-05-20 18:53:54,015 epoch 19 - iter 20/107 - loss 0.07810361 - samples/sec: 182.88 - lr: 0.050000
2022-05-20 18:53:55,754 epoch 19 - iter 30/107 - loss 0.07430194 - samples/sec: 184.16 - lr: 0.050000
2022-05-20 18:53:57,526 epoch 19 - iter 40/107 - loss 0.06539503 - samples/sec: 180.73 - lr: 0.050000
2022-05-20 18:53:59,318 epoch 19 - iter 50/107 - loss 0.06815820 - samples/sec: 178.63 - lr: 0.050000
2022-05-20 18:54:01,191 epoch 19 - iter 60/107 - loss 0.06896627 - samples/sec: 171.00 - lr: 0.050000
2022-05-20 18:54:02,975 epoch 19 - iter 70/107 - loss 0.06698863 - samples/sec: 179.48 - lr: 0.050000
2022-05-20 18:54:04,812 epoch 19 - iter 80/107 - loss 0.06487870 - samples/sec: 174.25 - lr: 0.050000
2022-05-20 18:54:06,571 epoch 19 - iter 90/107 - loss 0.06342927 - samples/sec: 182.08 - lr: 0.050000
2022-05-20 18:54:08,339 epoch 19 - iter 100/107 - loss 0.06349764 - samples/sec: 181.08 - lr: 0.050000
2022-05-20 18:54:09,404 ----------------------------------------------------------------------------------------------------
2022-05-20 18:54:09,404 EPOCH 19 done: loss 0.0636 - lr 0.050000
2022-05-20 18:54:15,386 Evaluating as a multi-label problem: False
2022-05-20 18:54:15,397 DEV : loss 0.1780501753091812 - f1-score (micro avg)  0.553
2022-05-20 18:54:15,482 BAD EPOCHS (no improvement): 0
2022-05-20 18:54:15,484 saving best model
2022-05-20 18:54:26,869 ----------------------------------------------------------------------------------------------------
2022-05-20 18:54:28,834 epoch 20 - iter 10/107 - loss 0.06162333 - samples/sec: 162.99 - lr: 0.050000
2022-05-20 18:54:30,638 epoch 20 - iter 20/107 - loss 0.06041766 - samples/sec: 177.50 - lr: 0.050000
2022-05-20 18:54:32,384 epoch 20 - iter 30/107 - loss 0.06714086 - samples/sec: 183.36 - lr: 0.050000
2022-05-20 18:54:34,102 epoch 20 - iter 40/107 - loss 0.06508714 - samples/sec: 186.31 - lr: 0.050000
2022-05-20 18:54:35,884 epoch 20 - iter 50/107 - loss 0.06745938 - samples/sec: 179.74 - lr: 0.050000
2022-05-20 18:54:37,593 epoch 20 - iter 60/107 - loss 0.06642142 - samples/sec: 187.34 - lr: 0.050000
2022-05-20 18:54:39,438 epoch 20 - iter 70/107 - loss 0.06526864 - samples/sec: 173.51 - lr: 0.050000
2022-05-20 18:54:41,233 epoch 20 - iter 80/107 - loss 0.06508001 - samples/sec: 178.39 - lr: 0.050000
2022-05-20 18:54:43,008 epoch 20 - iter 90/107 - loss 0.06410792 - samples/sec: 180.35 - lr: 0.050000
2022-05-20 18:54:44,791 epoch 20 - iter 100/107 - loss 0.06397438 - samples/sec: 179.56 - lr: 0.050000
2022-05-20 18:54:45,882 ----------------------------------------------------------------------------------------------------
2022-05-20 18:54:45,882 EPOCH 20 done: loss 0.0638 - lr 0.050000
2022-05-20 18:54:51,942 Evaluating as a multi-label problem: False
2022-05-20 18:54:51,953 DEV : loss 0.20282158255577087 - f1-score (micro avg)  0.5131
2022-05-20 18:54:52,037 BAD EPOCHS (no improvement): 1
2022-05-20 18:54:52,054 ----------------------------------------------------------------------------------------------------
2022-05-20 18:54:53,864 epoch 21 - iter 10/107 - loss 0.06262881 - samples/sec: 176.92 - lr: 0.050000
2022-05-20 18:54:55,632 epoch 21 - iter 20/107 - loss 0.06239315 - samples/sec: 181.05 - lr: 0.050000
2022-05-20 18:54:57,403 epoch 21 - iter 30/107 - loss 0.06133943 - samples/sec: 180.81 - lr: 0.050000
2022-05-20 18:54:59,150 epoch 21 - iter 40/107 - loss 0.05904684 - samples/sec: 183.25 - lr: 0.050000
2022-05-20 18:55:00,868 epoch 21 - iter 50/107 - loss 0.06148306 - samples/sec: 186.37 - lr: 0.050000
2022-05-20 18:55:02,639 epoch 21 - iter 60/107 - loss 0.05978385 - samples/sec: 180.76 - lr: 0.050000
2022-05-20 18:55:04,391 epoch 21 - iter 70/107 - loss 0.06007968 - samples/sec: 182.81 - lr: 0.050000
2022-05-20 18:55:06,096 epoch 21 - iter 80/107 - loss 0.06233775 - samples/sec: 187.72 - lr: 0.050000
2022-05-20 18:55:07,838 epoch 21 - iter 90/107 - loss 0.06130641 - samples/sec: 183.85 - lr: 0.050000
2022-05-20 18:55:09,612 epoch 21 - iter 100/107 - loss 0.06261507 - samples/sec: 180.48 - lr: 0.050000
2022-05-20 18:55:10,696 ----------------------------------------------------------------------------------------------------
2022-05-20 18:55:10,696 EPOCH 21 done: loss 0.0622 - lr 0.050000
2022-05-20 18:55:16,738 Evaluating as a multi-label problem: False
2022-05-20 18:55:16,749 DEV : loss 0.19850240647792816 - f1-score (micro avg)  0.507
2022-05-20 18:55:16,834 BAD EPOCHS (no improvement): 2
2022-05-20 18:55:16,836 ----------------------------------------------------------------------------------------------------
2022-05-20 18:55:18,851 epoch 22 - iter 10/107 - loss 0.05801483 - samples/sec: 158.89 - lr: 0.050000
2022-05-20 18:55:20,766 epoch 22 - iter 20/107 - loss 0.05214840 - samples/sec: 167.22 - lr: 0.050000
2022-05-20 18:55:22,557 epoch 22 - iter 30/107 - loss 0.05651875 - samples/sec: 178.72 - lr: 0.050000
2022-05-20 18:55:24,363 epoch 22 - iter 40/107 - loss 0.05881283 - samples/sec: 177.32 - lr: 0.050000
2022-05-20 18:55:26,158 epoch 22 - iter 50/107 - loss 0.05913394 - samples/sec: 178.32 - lr: 0.050000
2022-05-20 18:55:27,881 epoch 22 - iter 60/107 - loss 0.05840727 - samples/sec: 185.88 - lr: 0.050000
2022-05-20 18:55:29,571 epoch 22 - iter 70/107 - loss 0.05700962 - samples/sec: 189.44 - lr: 0.050000
2022-05-20 18:55:31,276 epoch 22 - iter 80/107 - loss 0.05766060 - samples/sec: 187.74 - lr: 0.050000
2022-05-20 18:55:33,040 epoch 22 - iter 90/107 - loss 0.05931590 - samples/sec: 181.47 - lr: 0.050000
2022-05-20 18:55:34,848 epoch 22 - iter 100/107 - loss 0.05982601 - samples/sec: 177.15 - lr: 0.050000
2022-05-20 18:55:37,431 ----------------------------------------------------------------------------------------------------
2022-05-20 18:55:37,431 EPOCH 22 done: loss 0.0600 - lr 0.050000
2022-05-20 18:55:43,507 Evaluating as a multi-label problem: False
2022-05-20 18:55:43,518 DEV : loss 0.17450746893882751 - f1-score (micro avg)  0.5481
2022-05-20 18:55:43,602 BAD EPOCHS (no improvement): 3
2022-05-20 18:55:43,605 ----------------------------------------------------------------------------------------------------
2022-05-20 18:55:45,419 epoch 23 - iter 10/107 - loss 0.06117024 - samples/sec: 176.54 - lr: 0.050000
2022-05-20 18:55:47,137 epoch 23 - iter 20/107 - loss 0.05369712 - samples/sec: 186.28 - lr: 0.050000
2022-05-20 18:55:48,873 epoch 23 - iter 30/107 - loss 0.05693647 - samples/sec: 184.48 - lr: 0.050000
2022-05-20 18:55:50,618 epoch 23 - iter 40/107 - loss 0.05801287 - samples/sec: 183.44 - lr: 0.050000
2022-05-20 18:55:52,355 epoch 23 - iter 50/107 - loss 0.05758411 - samples/sec: 184.32 - lr: 0.050000
2022-05-20 18:55:54,095 epoch 23 - iter 60/107 - loss 0.05736089 - samples/sec: 183.98 - lr: 0.050000
2022-05-20 18:55:55,885 epoch 23 - iter 70/107 - loss 0.05843795 - samples/sec: 178.91 - lr: 0.050000
2022-05-20 18:55:57,658 epoch 23 - iter 80/107 - loss 0.05778260 - samples/sec: 180.56 - lr: 0.050000
2022-05-20 18:55:59,480 epoch 23 - iter 90/107 - loss 0.05871125 - samples/sec: 175.75 - lr: 0.050000
2022-05-20 18:56:01,255 epoch 23 - iter 100/107 - loss 0.05916232 - samples/sec: 180.33 - lr: 0.050000
2022-05-20 18:56:02,359 ----------------------------------------------------------------------------------------------------
2022-05-20 18:56:02,359 EPOCH 23 done: loss 0.0588 - lr 0.050000
2022-05-20 18:56:08,505 Evaluating as a multi-label problem: False
2022-05-20 18:56:08,516 DEV : loss 0.1883002519607544 - f1-score (micro avg)  0.5339
2022-05-20 18:56:08,600 Epoch    23: reducing learning rate of group 0 to 2.5000e-02.
2022-05-20 18:56:08,600 BAD EPOCHS (no improvement): 4
2022-05-20 18:56:08,603 ----------------------------------------------------------------------------------------------------
2022-05-20 18:56:10,560 epoch 24 - iter 10/107 - loss 0.04495454 - samples/sec: 163.65 - lr: 0.025000
2022-05-20 18:56:12,389 epoch 24 - iter 20/107 - loss 0.05130566 - samples/sec: 175.00 - lr: 0.025000
2022-05-20 18:56:14,185 epoch 24 - iter 30/107 - loss 0.05218790 - samples/sec: 178.28 - lr: 0.025000
2022-05-20 18:56:15,995 epoch 24 - iter 40/107 - loss 0.05454529 - samples/sec: 176.90 - lr: 0.025000
2022-05-20 18:56:17,801 epoch 24 - iter 50/107 - loss 0.05428477 - samples/sec: 177.28 - lr: 0.025000
2022-05-20 18:56:19,585 epoch 24 - iter 60/107 - loss 0.05539502 - samples/sec: 179.48 - lr: 0.025000
2022-05-20 18:56:21,328 epoch 24 - iter 70/107 - loss 0.05409027 - samples/sec: 183.68 - lr: 0.025000
2022-05-20 18:56:23,070 epoch 24 - iter 80/107 - loss 0.05408064 - samples/sec: 183.72 - lr: 0.025000
2022-05-20 18:56:24,743 epoch 24 - iter 90/107 - loss 0.05439731 - samples/sec: 191.45 - lr: 0.025000
2022-05-20 18:56:26,508 epoch 24 - iter 100/107 - loss 0.05434120 - samples/sec: 181.42 - lr: 0.025000
2022-05-20 18:56:27,537 ----------------------------------------------------------------------------------------------------
2022-05-20 18:56:27,538 EPOCH 24 done: loss 0.0544 - lr 0.025000
2022-05-20 18:56:33,288 Evaluating as a multi-label problem: False
2022-05-20 18:56:33,300 DEV : loss 0.18716616928577423 - f1-score (micro avg)  0.5334
2022-05-20 18:56:33,383 BAD EPOCHS (no improvement): 1
2022-05-20 18:56:33,386 ----------------------------------------------------------------------------------------------------
2022-05-20 18:56:35,140 epoch 25 - iter 10/107 - loss 0.04891868 - samples/sec: 182.50 - lr: 0.025000
2022-05-20 18:56:36,867 epoch 25 - iter 20/107 - loss 0.04790543 - samples/sec: 185.45 - lr: 0.025000
2022-05-20 18:56:38,642 epoch 25 - iter 30/107 - loss 0.04900585 - samples/sec: 180.33 - lr: 0.025000
2022-05-20 18:56:40,410 epoch 25 - iter 40/107 - loss 0.04843708 - samples/sec: 181.10 - lr: 0.025000
2022-05-20 18:56:42,113 epoch 25 - iter 50/107 - loss 0.04867298 - samples/sec: 188.07 - lr: 0.025000
2022-05-20 18:56:43,914 epoch 25 - iter 60/107 - loss 0.04905789 - samples/sec: 177.78 - lr: 0.025000
2022-05-20 18:56:45,686 epoch 25 - iter 70/107 - loss 0.04890660 - samples/sec: 180.59 - lr: 0.025000
2022-05-20 18:56:47,405 epoch 25 - iter 80/107 - loss 0.04964810 - samples/sec: 186.28 - lr: 0.025000
2022-05-20 18:56:49,154 epoch 25 - iter 90/107 - loss 0.04990416 - samples/sec: 183.10 - lr: 0.025000
2022-05-20 18:56:50,907 epoch 25 - iter 100/107 - loss 0.05042402 - samples/sec: 182.58 - lr: 0.025000
2022-05-20 18:56:52,023 ----------------------------------------------------------------------------------------------------
2022-05-20 18:56:52,023 EPOCH 25 done: loss 0.0515 - lr 0.025000
2022-05-20 18:56:58,096 Evaluating as a multi-label problem: False
2022-05-20 18:56:58,106 DEV : loss 0.187047079205513 - f1-score (micro avg)  0.5227
2022-05-20 18:56:58,191 BAD EPOCHS (no improvement): 2
2022-05-20 18:56:58,193 ----------------------------------------------------------------------------------------------------
2022-05-20 18:57:00,153 epoch 26 - iter 10/107 - loss 0.03554676 - samples/sec: 163.36 - lr: 0.025000
2022-05-20 18:57:01,941 epoch 26 - iter 20/107 - loss 0.04363777 - samples/sec: 179.06 - lr: 0.025000
2022-05-20 18:57:03,791 epoch 26 - iter 30/107 - loss 0.04423521 - samples/sec: 173.10 - lr: 0.025000
2022-05-20 18:57:05,609 epoch 26 - iter 40/107 - loss 0.04633309 - samples/sec: 176.10 - lr: 0.025000
2022-05-20 18:57:07,416 epoch 26 - iter 50/107 - loss 0.04842057 - samples/sec: 177.17 - lr: 0.025000
2022-05-20 18:57:09,174 epoch 26 - iter 60/107 - loss 0.04843837 - samples/sec: 182.09 - lr: 0.025000
2022-05-20 18:57:10,864 epoch 26 - iter 70/107 - loss 0.04943238 - samples/sec: 189.50 - lr: 0.025000
2022-05-20 18:57:12,650 epoch 26 - iter 80/107 - loss 0.04823692 - samples/sec: 179.29 - lr: 0.025000
2022-05-20 18:57:14,569 epoch 26 - iter 90/107 - loss 0.04941478 - samples/sec: 166.85 - lr: 0.025000
2022-05-20 18:57:16,369 epoch 26 - iter 100/107 - loss 0.05013270 - samples/sec: 177.84 - lr: 0.025000
2022-05-20 18:57:17,486 ----------------------------------------------------------------------------------------------------
2022-05-20 18:57:17,486 EPOCH 26 done: loss 0.0505 - lr 0.025000
2022-05-20 18:57:23,662 Evaluating as a multi-label problem: False
2022-05-20 18:57:23,673 DEV : loss 0.1923103928565979 - f1-score (micro avg)  0.5276
2022-05-20 18:57:23,760 BAD EPOCHS (no improvement): 3
2022-05-20 18:57:23,808 ----------------------------------------------------------------------------------------------------
2022-05-20 18:57:25,888 epoch 27 - iter 10/107 - loss 0.05235395 - samples/sec: 164.17 - lr: 0.025000
2022-05-20 18:57:27,650 epoch 27 - iter 20/107 - loss 0.05202060 - samples/sec: 181.75 - lr: 0.025000
2022-05-20 18:57:29,383 epoch 27 - iter 30/107 - loss 0.04962155 - samples/sec: 184.76 - lr: 0.025000
2022-05-20 18:57:31,111 epoch 27 - iter 40/107 - loss 0.04924711 - samples/sec: 185.25 - lr: 0.025000
2022-05-20 18:57:32,872 epoch 27 - iter 50/107 - loss 0.04957400 - samples/sec: 181.83 - lr: 0.025000
2022-05-20 18:57:34,697 epoch 27 - iter 60/107 - loss 0.04846444 - samples/sec: 175.44 - lr: 0.025000
2022-05-20 18:57:36,486 epoch 27 - iter 70/107 - loss 0.04877070 - samples/sec: 178.92 - lr: 0.025000
2022-05-20 18:57:38,173 epoch 27 - iter 80/107 - loss 0.04893524 - samples/sec: 189.88 - lr: 0.025000
2022-05-20 18:57:39,850 epoch 27 - iter 90/107 - loss 0.04920763 - samples/sec: 190.85 - lr: 0.025000
2022-05-20 18:57:41,600 epoch 27 - iter 100/107 - loss 0.04966425 - samples/sec: 182.92 - lr: 0.025000
2022-05-20 18:57:42,766 ----------------------------------------------------------------------------------------------------
2022-05-20 18:57:42,766 EPOCH 27 done: loss 0.0498 - lr 0.025000
2022-05-20 18:57:48,827 Evaluating as a multi-label problem: False
2022-05-20 18:57:48,837 DEV : loss 0.19425667822360992 - f1-score (micro avg)  0.5427
2022-05-20 18:57:48,921 Epoch    27: reducing learning rate of group 0 to 1.2500e-02.
2022-05-20 18:57:48,922 BAD EPOCHS (no improvement): 4
2022-05-20 18:57:48,925 ----------------------------------------------------------------------------------------------------
2022-05-20 18:57:50,775 epoch 28 - iter 10/107 - loss 0.05096971 - samples/sec: 173.13 - lr: 0.012500
2022-05-20 18:57:52,731 epoch 28 - iter 20/107 - loss 0.04782817 - samples/sec: 163.69 - lr: 0.012500
2022-05-20 18:57:54,566 epoch 28 - iter 30/107 - loss 0.04646153 - samples/sec: 174.43 - lr: 0.012500
2022-05-20 18:57:56,360 epoch 28 - iter 40/107 - loss 0.04614996 - samples/sec: 178.48 - lr: 0.012500
2022-05-20 18:57:58,175 epoch 28 - iter 50/107 - loss 0.04574144 - samples/sec: 176.42 - lr: 0.012500
2022-05-20 18:58:00,065 epoch 28 - iter 60/107 - loss 0.04633635 - samples/sec: 169.35 - lr: 0.012500
2022-05-20 18:58:01,940 epoch 28 - iter 70/107 - loss 0.04795808 - samples/sec: 170.79 - lr: 0.012500
2022-05-20 18:58:03,685 epoch 28 - iter 80/107 - loss 0.04692603 - samples/sec: 183.48 - lr: 0.012500
2022-05-20 18:58:05,569 epoch 28 - iter 90/107 - loss 0.04658724 - samples/sec: 169.93 - lr: 0.012500
2022-05-20 18:58:07,298 epoch 28 - iter 100/107 - loss 0.04750914 - samples/sec: 185.13 - lr: 0.012500
2022-05-20 18:58:08,362 ----------------------------------------------------------------------------------------------------
2022-05-20 18:58:08,362 EPOCH 28 done: loss 0.0478 - lr 0.012500
2022-05-20 18:58:14,382 Evaluating as a multi-label problem: False
2022-05-20 18:58:14,393 DEV : loss 0.18237203359603882 - f1-score (micro avg)  0.5374
2022-05-20 18:58:14,477 BAD EPOCHS (no improvement): 1
2022-05-20 18:58:14,481 ----------------------------------------------------------------------------------------------------
2022-05-20 18:58:17,790 epoch 29 - iter 10/107 - loss 0.05117157 - samples/sec: 96.74 - lr: 0.012500
2022-05-20 18:58:19,609 epoch 29 - iter 20/107 - loss 0.05098427 - samples/sec: 176.05 - lr: 0.012500
2022-05-20 18:58:21,396 epoch 29 - iter 30/107 - loss 0.04813644 - samples/sec: 179.11 - lr: 0.012500
2022-05-20 18:58:23,191 epoch 29 - iter 40/107 - loss 0.04756700 - samples/sec: 178.42 - lr: 0.012500
2022-05-20 18:58:24,948 epoch 29 - iter 50/107 - loss 0.04759950 - samples/sec: 182.14 - lr: 0.012500
2022-05-20 18:58:26,713 epoch 29 - iter 60/107 - loss 0.04673150 - samples/sec: 181.46 - lr: 0.012500
2022-05-20 18:58:28,530 epoch 29 - iter 70/107 - loss 0.04638281 - samples/sec: 176.16 - lr: 0.012500
2022-05-20 18:58:30,226 epoch 29 - iter 80/107 - loss 0.04654464 - samples/sec: 188.76 - lr: 0.012500
2022-05-20 18:58:31,906 epoch 29 - iter 90/107 - loss 0.04644248 - samples/sec: 190.57 - lr: 0.012500
2022-05-20 18:58:33,715 epoch 29 - iter 100/107 - loss 0.04596913 - samples/sec: 177.04 - lr: 0.012500
2022-05-20 18:58:34,823 ----------------------------------------------------------------------------------------------------
2022-05-20 18:58:34,823 EPOCH 29 done: loss 0.0463 - lr 0.012500
2022-05-20 18:58:40,874 Evaluating as a multi-label problem: False
2022-05-20 18:58:40,885 DEV : loss 0.18781353533267975 - f1-score (micro avg)  0.5262
2022-05-20 18:58:40,969 BAD EPOCHS (no improvement): 2
2022-05-20 18:58:40,971 ----------------------------------------------------------------------------------------------------
2022-05-20 18:58:42,906 epoch 30 - iter 10/107 - loss 0.05202479 - samples/sec: 165.53 - lr: 0.012500
2022-05-20 18:58:44,738 epoch 30 - iter 20/107 - loss 0.04529028 - samples/sec: 174.73 - lr: 0.012500
2022-05-20 18:58:46,504 epoch 30 - iter 30/107 - loss 0.05096736 - samples/sec: 181.29 - lr: 0.012500
2022-05-20 18:58:48,290 epoch 30 - iter 40/107 - loss 0.04804825 - samples/sec: 179.27 - lr: 0.012500
2022-05-20 18:58:50,011 epoch 30 - iter 50/107 - loss 0.04837163 - samples/sec: 186.01 - lr: 0.012500
2022-05-20 18:58:51,733 epoch 30 - iter 60/107 - loss 0.04685398 - samples/sec: 185.99 - lr: 0.012500
2022-05-20 18:58:53,514 epoch 30 - iter 70/107 - loss 0.04849468 - samples/sec: 179.76 - lr: 0.012500
2022-05-20 18:58:55,393 epoch 30 - iter 80/107 - loss 0.04860395 - samples/sec: 170.34 - lr: 0.012500
2022-05-20 18:58:57,164 epoch 30 - iter 90/107 - loss 0.04800824 - samples/sec: 180.90 - lr: 0.012500
2022-05-20 18:58:58,872 epoch 30 - iter 100/107 - loss 0.04768841 - samples/sec: 187.43 - lr: 0.012500
2022-05-20 18:58:59,928 ----------------------------------------------------------------------------------------------------
2022-05-20 18:58:59,928 EPOCH 30 done: loss 0.0483 - lr 0.012500
2022-05-20 18:59:05,924 Evaluating as a multi-label problem: False
2022-05-20 18:59:05,935 DEV : loss 0.19350996613502502 - f1-score (micro avg)  0.5275
2022-05-20 18:59:06,019 BAD EPOCHS (no improvement): 3
2022-05-20 18:59:06,021 ----------------------------------------------------------------------------------------------------
2022-05-20 18:59:07,834 epoch 31 - iter 10/107 - loss 0.04283438 - samples/sec: 176.59 - lr: 0.012500
2022-05-20 18:59:09,660 epoch 31 - iter 20/107 - loss 0.04517582 - samples/sec: 175.29 - lr: 0.012500
2022-05-20 18:59:11,330 epoch 31 - iter 30/107 - loss 0.04643201 - samples/sec: 191.78 - lr: 0.012500
2022-05-20 18:59:13,125 epoch 31 - iter 40/107 - loss 0.04507952 - samples/sec: 178.41 - lr: 0.012500
2022-05-20 18:59:14,856 epoch 31 - iter 50/107 - loss 0.04482552 - samples/sec: 184.94 - lr: 0.012500
2022-05-20 18:59:16,631 epoch 31 - iter 60/107 - loss 0.04690385 - samples/sec: 180.36 - lr: 0.012500
2022-05-20 18:59:18,448 epoch 31 - iter 70/107 - loss 0.04633502 - samples/sec: 176.21 - lr: 0.012500
2022-05-20 18:59:20,335 epoch 31 - iter 80/107 - loss 0.04556742 - samples/sec: 169.66 - lr: 0.012500
2022-05-20 18:59:22,179 epoch 31 - iter 90/107 - loss 0.04661866 - samples/sec: 173.63 - lr: 0.012500
2022-05-20 18:59:24,007 epoch 31 - iter 100/107 - loss 0.04649756 - samples/sec: 175.13 - lr: 0.012500
2022-05-20 18:59:25,058 ----------------------------------------------------------------------------------------------------
2022-05-20 18:59:25,058 EPOCH 31 done: loss 0.0457 - lr 0.012500
2022-05-20 18:59:31,096 Evaluating as a multi-label problem: False
2022-05-20 18:59:31,106 DEV : loss 0.19685448706150055 - f1-score (micro avg)  0.5273
2022-05-20 18:59:31,191 Epoch    31: reducing learning rate of group 0 to 6.2500e-03.
2022-05-20 18:59:31,191 BAD EPOCHS (no improvement): 4
2022-05-20 18:59:31,196 ----------------------------------------------------------------------------------------------------
2022-05-20 18:59:33,031 epoch 32 - iter 10/107 - loss 0.04724573 - samples/sec: 174.54 - lr: 0.006250
2022-05-20 18:59:34,918 epoch 32 - iter 20/107 - loss 0.04725765 - samples/sec: 169.64 - lr: 0.006250
2022-05-20 18:59:36,777 epoch 32 - iter 30/107 - loss 0.04488551 - samples/sec: 172.25 - lr: 0.006250
2022-05-20 18:59:38,574 epoch 32 - iter 40/107 - loss 0.04378294 - samples/sec: 178.12 - lr: 0.006250
2022-05-20 18:59:40,413 epoch 32 - iter 50/107 - loss 0.04377463 - samples/sec: 174.12 - lr: 0.006250
2022-05-20 18:59:42,108 epoch 32 - iter 60/107 - loss 0.04445256 - samples/sec: 188.88 - lr: 0.006250
2022-05-20 18:59:43,852 epoch 32 - iter 70/107 - loss 0.04414529 - samples/sec: 183.64 - lr: 0.006250
2022-05-20 18:59:45,653 epoch 32 - iter 80/107 - loss 0.04597615 - samples/sec: 177.73 - lr: 0.006250
2022-05-20 18:59:47,376 epoch 32 - iter 90/107 - loss 0.04581188 - samples/sec: 185.88 - lr: 0.006250
2022-05-20 18:59:49,136 epoch 32 - iter 100/107 - loss 0.04525264 - samples/sec: 181.90 - lr: 0.006250
2022-05-20 18:59:50,188 ----------------------------------------------------------------------------------------------------
2022-05-20 18:59:50,188 EPOCH 32 done: loss 0.0458 - lr 0.006250
2022-05-20 18:59:56,167 Evaluating as a multi-label problem: False
2022-05-20 18:59:56,178 DEV : loss 0.19696682691574097 - f1-score (micro avg)  0.5305
2022-05-20 18:59:56,262 BAD EPOCHS (no improvement): 1
2022-05-20 18:59:56,264 ----------------------------------------------------------------------------------------------------
2022-05-20 18:59:58,123 epoch 33 - iter 10/107 - loss 0.04753840 - samples/sec: 172.18 - lr: 0.006250
2022-05-20 18:59:59,947 epoch 33 - iter 20/107 - loss 0.04828597 - samples/sec: 175.57 - lr: 0.006250
2022-05-20 19:00:01,708 epoch 33 - iter 30/107 - loss 0.04645207 - samples/sec: 181.85 - lr: 0.006250
2022-05-20 19:00:03,465 epoch 33 - iter 40/107 - loss 0.04527482 - samples/sec: 182.15 - lr: 0.006250
2022-05-20 19:00:05,306 epoch 33 - iter 50/107 - loss 0.04410289 - samples/sec: 173.96 - lr: 0.006250
2022-05-20 19:00:07,117 epoch 33 - iter 60/107 - loss 0.04262991 - samples/sec: 176.75 - lr: 0.006250
2022-05-20 19:00:08,876 epoch 33 - iter 70/107 - loss 0.04422756 - samples/sec: 182.01 - lr: 0.006250
2022-05-20 19:00:10,634 epoch 33 - iter 80/107 - loss 0.04406165 - samples/sec: 182.08 - lr: 0.006250
2022-05-20 19:00:12,381 epoch 33 - iter 90/107 - loss 0.04484225 - samples/sec: 183.28 - lr: 0.006250
2022-05-20 19:00:14,161 epoch 33 - iter 100/107 - loss 0.04462358 - samples/sec: 179.89 - lr: 0.006250
2022-05-20 19:00:15,195 ----------------------------------------------------------------------------------------------------
2022-05-20 19:00:15,195 EPOCH 33 done: loss 0.0444 - lr 0.006250
2022-05-20 19:00:21,175 Evaluating as a multi-label problem: False
2022-05-20 19:00:21,185 DEV : loss 0.19691023230552673 - f1-score (micro avg)  0.5297
2022-05-20 19:00:21,270 BAD EPOCHS (no improvement): 2
2022-05-20 19:00:21,274 ----------------------------------------------------------------------------------------------------
2022-05-20 19:00:23,213 epoch 34 - iter 10/107 - loss 0.04673006 - samples/sec: 165.09 - lr: 0.006250
2022-05-20 19:00:24,968 epoch 34 - iter 20/107 - loss 0.05005594 - samples/sec: 182.46 - lr: 0.006250
2022-05-20 19:00:26,658 epoch 34 - iter 30/107 - loss 0.05086104 - samples/sec: 189.40 - lr: 0.006250
2022-05-20 19:00:28,432 epoch 34 - iter 40/107 - loss 0.04849737 - samples/sec: 180.51 - lr: 0.006250
2022-05-20 19:00:30,150 epoch 34 - iter 50/107 - loss 0.04773492 - samples/sec: 186.38 - lr: 0.006250
2022-05-20 19:00:31,860 epoch 34 - iter 60/107 - loss 0.04678615 - samples/sec: 187.25 - lr: 0.006250
2022-05-20 19:00:33,586 epoch 34 - iter 70/107 - loss 0.04691723 - samples/sec: 185.55 - lr: 0.006250
2022-05-20 19:00:35,306 epoch 34 - iter 80/107 - loss 0.04632206 - samples/sec: 186.16 - lr: 0.006250
2022-05-20 19:00:36,999 epoch 34 - iter 90/107 - loss 0.04606637 - samples/sec: 189.10 - lr: 0.006250
2022-05-20 19:00:38,681 epoch 34 - iter 100/107 - loss 0.04541690 - samples/sec: 190.38 - lr: 0.006250
2022-05-20 19:00:39,783 ----------------------------------------------------------------------------------------------------
2022-05-20 19:00:39,783 EPOCH 34 done: loss 0.0452 - lr 0.006250
2022-05-20 19:00:45,755 Evaluating as a multi-label problem: False
2022-05-20 19:00:45,766 DEV : loss 0.1940832883119583 - f1-score (micro avg)  0.5317
2022-05-20 19:00:45,850 BAD EPOCHS (no improvement): 3
2022-05-20 19:00:45,853 ----------------------------------------------------------------------------------------------------
2022-05-20 19:00:47,684 epoch 35 - iter 10/107 - loss 0.04371635 - samples/sec: 174.88 - lr: 0.006250
2022-05-20 19:00:49,498 epoch 35 - iter 20/107 - loss 0.04065191 - samples/sec: 176.50 - lr: 0.006250
2022-05-20 19:00:51,245 epoch 35 - iter 30/107 - loss 0.04288261 - samples/sec: 183.32 - lr: 0.006250
2022-05-20 19:00:52,993 epoch 35 - iter 40/107 - loss 0.04247377 - samples/sec: 183.13 - lr: 0.006250
2022-05-20 19:00:54,783 epoch 35 - iter 50/107 - loss 0.04248971 - samples/sec: 178.91 - lr: 0.006250
2022-05-20 19:00:56,611 epoch 35 - iter 60/107 - loss 0.04428170 - samples/sec: 175.13 - lr: 0.006250
2022-05-20 19:00:58,404 epoch 35 - iter 70/107 - loss 0.04426107 - samples/sec: 178.51 - lr: 0.006250
2022-05-20 19:01:00,144 epoch 35 - iter 80/107 - loss 0.04408739 - samples/sec: 183.98 - lr: 0.006250
2022-05-20 19:01:01,900 epoch 35 - iter 90/107 - loss 0.04462075 - samples/sec: 182.33 - lr: 0.006250
2022-05-20 19:01:03,714 epoch 35 - iter 100/107 - loss 0.04356106 - samples/sec: 176.50 - lr: 0.006250
2022-05-20 19:01:04,831 ----------------------------------------------------------------------------------------------------
2022-05-20 19:01:04,831 EPOCH 35 done: loss 0.0437 - lr 0.006250
2022-05-20 19:01:12,331 Evaluating as a multi-label problem: False
2022-05-20 19:01:12,341 DEV : loss 0.19092832505702972 - f1-score (micro avg)  0.5382
2022-05-20 19:01:12,425 Epoch    35: reducing learning rate of group 0 to 3.1250e-03.
2022-05-20 19:01:12,425 BAD EPOCHS (no improvement): 4
2022-05-20 19:01:12,433 ----------------------------------------------------------------------------------------------------
2022-05-20 19:01:14,294 epoch 36 - iter 10/107 - loss 0.04438250 - samples/sec: 172.12 - lr: 0.003125
2022-05-20 19:01:16,058 epoch 36 - iter 20/107 - loss 0.04454107 - samples/sec: 181.45 - lr: 0.003125
2022-05-20 19:01:17,761 epoch 36 - iter 30/107 - loss 0.04252015 - samples/sec: 188.08 - lr: 0.003125
2022-05-20 19:01:19,583 epoch 36 - iter 40/107 - loss 0.04289489 - samples/sec: 175.65 - lr: 0.003125
2022-05-20 19:01:21,348 epoch 36 - iter 50/107 - loss 0.04188713 - samples/sec: 181.46 - lr: 0.003125
2022-05-20 19:01:23,118 epoch 36 - iter 60/107 - loss 0.04279417 - samples/sec: 180.87 - lr: 0.003125
2022-05-20 19:01:24,913 epoch 36 - iter 70/107 - loss 0.04218521 - samples/sec: 178.41 - lr: 0.003125
2022-05-20 19:01:26,672 epoch 36 - iter 80/107 - loss 0.04421926 - samples/sec: 182.04 - lr: 0.003125
2022-05-20 19:01:28,445 epoch 36 - iter 90/107 - loss 0.04347242 - samples/sec: 180.58 - lr: 0.003125
2022-05-20 19:01:30,223 epoch 36 - iter 100/107 - loss 0.04446732 - samples/sec: 180.03 - lr: 0.003125
2022-05-20 19:01:31,296 ----------------------------------------------------------------------------------------------------
2022-05-20 19:01:31,296 EPOCH 36 done: loss 0.0445 - lr 0.003125
2022-05-20 19:01:37,284 Evaluating as a multi-label problem: False
2022-05-20 19:01:37,295 DEV : loss 0.19053246080875397 - f1-score (micro avg)  0.5399
2022-05-20 19:01:37,382 BAD EPOCHS (no improvement): 1
2022-05-20 19:01:37,384 ----------------------------------------------------------------------------------------------------
2022-05-20 19:01:39,300 epoch 37 - iter 10/107 - loss 0.03961979 - samples/sec: 167.10 - lr: 0.003125
2022-05-20 19:01:40,988 epoch 37 - iter 20/107 - loss 0.04037525 - samples/sec: 189.67 - lr: 0.003125
2022-05-20 19:01:42,764 epoch 37 - iter 30/107 - loss 0.04185869 - samples/sec: 180.34 - lr: 0.003125
2022-05-20 19:01:44,575 epoch 37 - iter 40/107 - loss 0.04117876 - samples/sec: 176.76 - lr: 0.003125
2022-05-20 19:01:46,378 epoch 37 - iter 50/107 - loss 0.04187360 - samples/sec: 177.55 - lr: 0.003125
2022-05-20 19:01:48,119 epoch 37 - iter 60/107 - loss 0.04311140 - samples/sec: 183.91 - lr: 0.003125
2022-05-20 19:01:49,952 epoch 37 - iter 70/107 - loss 0.04168144 - samples/sec: 174.67 - lr: 0.003125
2022-05-20 19:01:51,701 epoch 37 - iter 80/107 - loss 0.04176363 - samples/sec: 183.06 - lr: 0.003125
2022-05-20 19:01:53,437 epoch 37 - iter 90/107 - loss 0.04204148 - samples/sec: 184.41 - lr: 0.003125
2022-05-20 19:01:55,259 epoch 37 - iter 100/107 - loss 0.04198441 - samples/sec: 175.74 - lr: 0.003125
2022-05-20 19:01:56,336 ----------------------------------------------------------------------------------------------------
2022-05-20 19:01:56,337 EPOCH 37 done: loss 0.0418 - lr 0.003125
2022-05-20 19:02:02,397 Evaluating as a multi-label problem: False
2022-05-20 19:02:02,407 DEV : loss 0.19549117982387543 - f1-score (micro avg)  0.5316
2022-05-20 19:02:02,491 BAD EPOCHS (no improvement): 2
2022-05-20 19:02:02,494 ----------------------------------------------------------------------------------------------------
2022-05-20 19:02:04,305 epoch 38 - iter 10/107 - loss 0.04623862 - samples/sec: 176.84 - lr: 0.003125
2022-05-20 19:02:06,124 epoch 38 - iter 20/107 - loss 0.04509251 - samples/sec: 176.00 - lr: 0.003125
2022-05-20 19:02:07,933 epoch 38 - iter 30/107 - loss 0.04571314 - samples/sec: 176.94 - lr: 0.003125
2022-05-20 19:02:09,654 epoch 38 - iter 40/107 - loss 0.04569643 - samples/sec: 186.08 - lr: 0.003125
2022-05-20 19:02:11,390 epoch 38 - iter 50/107 - loss 0.04497058 - samples/sec: 184.44 - lr: 0.003125
2022-05-20 19:02:13,153 epoch 38 - iter 60/107 - loss 0.04493800 - samples/sec: 181.60 - lr: 0.003125
2022-05-20 19:02:14,933 epoch 38 - iter 70/107 - loss 0.04414808 - samples/sec: 179.94 - lr: 0.003125
2022-05-20 19:02:16,664 epoch 38 - iter 80/107 - loss 0.04477129 - samples/sec: 184.98 - lr: 0.003125
2022-05-20 19:02:18,406 epoch 38 - iter 90/107 - loss 0.04451897 - samples/sec: 183.74 - lr: 0.003125
2022-05-20 19:02:20,160 epoch 38 - iter 100/107 - loss 0.04344771 - samples/sec: 182.51 - lr: 0.003125
2022-05-20 19:02:21,209 ----------------------------------------------------------------------------------------------------
2022-05-20 19:02:21,210 EPOCH 38 done: loss 0.0432 - lr 0.003125
2022-05-20 19:02:27,201 Evaluating as a multi-label problem: False
2022-05-20 19:02:27,212 DEV : loss 0.19286732375621796 - f1-score (micro avg)  0.5349
2022-05-20 19:02:27,296 BAD EPOCHS (no improvement): 3
2022-05-20 19:02:27,299 ----------------------------------------------------------------------------------------------------
2022-05-20 19:02:29,161 epoch 39 - iter 10/107 - loss 0.03280666 - samples/sec: 171.90 - lr: 0.003125
2022-05-20 19:02:30,838 epoch 39 - iter 20/107 - loss 0.03736739 - samples/sec: 190.92 - lr: 0.003125
2022-05-20 19:02:32,598 epoch 39 - iter 30/107 - loss 0.04154078 - samples/sec: 181.95 - lr: 0.003125
2022-05-20 19:02:34,362 epoch 39 - iter 40/107 - loss 0.04249040 - samples/sec: 181.52 - lr: 0.003125
2022-05-20 19:02:36,112 epoch 39 - iter 50/107 - loss 0.04417753 - samples/sec: 182.89 - lr: 0.003125
2022-05-20 19:02:37,933 epoch 39 - iter 60/107 - loss 0.04294976 - samples/sec: 175.89 - lr: 0.003125
2022-05-20 19:02:39,650 epoch 39 - iter 70/107 - loss 0.04320812 - samples/sec: 186.39 - lr: 0.003125
2022-05-20 19:02:41,406 epoch 39 - iter 80/107 - loss 0.04373292 - samples/sec: 182.33 - lr: 0.003125
2022-05-20 19:02:43,139 epoch 39 - iter 90/107 - loss 0.04345494 - samples/sec: 184.76 - lr: 0.003125
2022-05-20 19:02:44,902 epoch 39 - iter 100/107 - loss 0.04326565 - samples/sec: 181.57 - lr: 0.003125
2022-05-20 19:02:45,944 ----------------------------------------------------------------------------------------------------
2022-05-20 19:02:45,944 EPOCH 39 done: loss 0.0434 - lr 0.003125
2022-05-20 19:02:51,929 Evaluating as a multi-label problem: False
2022-05-20 19:02:51,940 DEV : loss 0.19284117221832275 - f1-score (micro avg)  0.5363
2022-05-20 19:02:52,026 Epoch    39: reducing learning rate of group 0 to 1.5625e-03.
2022-05-20 19:02:52,026 BAD EPOCHS (no improvement): 4
2022-05-20 19:02:52,029 ----------------------------------------------------------------------------------------------------
2022-05-20 19:02:53,842 epoch 40 - iter 10/107 - loss 0.04543565 - samples/sec: 176.72 - lr: 0.001563
2022-05-20 19:02:55,572 epoch 40 - iter 20/107 - loss 0.04287598 - samples/sec: 185.09 - lr: 0.001563
2022-05-20 19:02:57,328 epoch 40 - iter 30/107 - loss 0.04128132 - samples/sec: 182.26 - lr: 0.001563
2022-05-20 19:02:59,074 epoch 40 - iter 40/107 - loss 0.04413400 - samples/sec: 183.47 - lr: 0.001563
2022-05-20 19:03:00,775 epoch 40 - iter 50/107 - loss 0.04265342 - samples/sec: 188.22 - lr: 0.001563
2022-05-20 19:03:02,523 epoch 40 - iter 60/107 - loss 0.04295576 - samples/sec: 183.11 - lr: 0.001563
2022-05-20 19:03:04,251 epoch 40 - iter 70/107 - loss 0.04281314 - samples/sec: 185.33 - lr: 0.001563
2022-05-20 19:03:06,054 epoch 40 - iter 80/107 - loss 0.04357013 - samples/sec: 177.51 - lr: 0.001563
2022-05-20 19:03:07,864 epoch 40 - iter 90/107 - loss 0.04394797 - samples/sec: 176.95 - lr: 0.001563
2022-05-20 19:03:09,618 epoch 40 - iter 100/107 - loss 0.04412561 - samples/sec: 182.49 - lr: 0.001563
2022-05-20 19:03:10,712 ----------------------------------------------------------------------------------------------------
2022-05-20 19:03:10,713 EPOCH 40 done: loss 0.0441 - lr 0.001563
2022-05-20 19:03:16,697 Evaluating as a multi-label problem: False
2022-05-20 19:03:16,708 DEV : loss 0.1943039894104004 - f1-score (micro avg)  0.5346
2022-05-20 19:03:16,792 BAD EPOCHS (no improvement): 1
2022-05-20 19:03:16,795 ----------------------------------------------------------------------------------------------------
2022-05-20 19:03:18,735 epoch 41 - iter 10/107 - loss 0.03736287 - samples/sec: 164.98 - lr: 0.001563
2022-05-20 19:03:20,544 epoch 41 - iter 20/107 - loss 0.04080773 - samples/sec: 177.05 - lr: 0.001563
2022-05-20 19:03:22,340 epoch 41 - iter 30/107 - loss 0.04079277 - samples/sec: 178.26 - lr: 0.001563
2022-05-20 19:03:24,125 epoch 41 - iter 40/107 - loss 0.04280692 - samples/sec: 179.35 - lr: 0.001563
2022-05-20 19:03:25,878 epoch 41 - iter 50/107 - loss 0.04229078 - samples/sec: 182.66 - lr: 0.001563
2022-05-20 19:03:27,568 epoch 41 - iter 60/107 - loss 0.04189422 - samples/sec: 189.36 - lr: 0.001563
2022-05-20 19:03:29,303 epoch 41 - iter 70/107 - loss 0.04265781 - samples/sec: 184.63 - lr: 0.001563
2022-05-20 19:03:31,033 epoch 41 - iter 80/107 - loss 0.04313241 - samples/sec: 185.06 - lr: 0.001563
2022-05-20 19:03:32,835 epoch 41 - iter 90/107 - loss 0.04226056 - samples/sec: 177.62 - lr: 0.001563
2022-05-20 19:03:34,607 epoch 41 - iter 100/107 - loss 0.04236036 - samples/sec: 180.73 - lr: 0.001563
2022-05-20 19:03:35,798 ----------------------------------------------------------------------------------------------------
2022-05-20 19:03:35,798 EPOCH 41 done: loss 0.0421 - lr 0.001563
2022-05-20 19:03:41,832 Evaluating as a multi-label problem: False
2022-05-20 19:03:41,843 DEV : loss 0.19233976304531097 - f1-score (micro avg)  0.534
2022-05-20 19:03:41,929 BAD EPOCHS (no improvement): 2
2022-05-20 19:03:41,932 ----------------------------------------------------------------------------------------------------
2022-05-20 19:03:43,688 epoch 42 - iter 10/107 - loss 0.03716680 - samples/sec: 182.54 - lr: 0.001563
2022-05-20 19:03:45,480 epoch 42 - iter 20/107 - loss 0.03854633 - samples/sec: 178.69 - lr: 0.001563
2022-05-20 19:03:47,316 epoch 42 - iter 30/107 - loss 0.04124330 - samples/sec: 174.40 - lr: 0.001563
2022-05-20 19:03:50,588 epoch 42 - iter 40/107 - loss 0.04362718 - samples/sec: 97.82 - lr: 0.001563
2022-05-20 19:03:52,387 epoch 42 - iter 50/107 - loss 0.04341173 - samples/sec: 178.03 - lr: 0.001563
2022-05-20 19:03:54,122 epoch 42 - iter 60/107 - loss 0.04272671 - samples/sec: 184.51 - lr: 0.001563
2022-05-20 19:03:55,883 epoch 42 - iter 70/107 - loss 0.04283449 - samples/sec: 181.78 - lr: 0.001563
2022-05-20 19:03:57,640 epoch 42 - iter 80/107 - loss 0.04263206 - samples/sec: 182.29 - lr: 0.001563
2022-05-20 19:03:59,359 epoch 42 - iter 90/107 - loss 0.04320919 - samples/sec: 186.17 - lr: 0.001563
2022-05-20 19:04:01,156 epoch 42 - iter 100/107 - loss 0.04284419 - samples/sec: 178.17 - lr: 0.001563
2022-05-20 19:04:02,235 ----------------------------------------------------------------------------------------------------
2022-05-20 19:04:02,235 EPOCH 42 done: loss 0.0436 - lr 0.001563
2022-05-20 19:04:08,266 Evaluating as a multi-label problem: False
2022-05-20 19:04:08,276 DEV : loss 0.19101682305335999 - f1-score (micro avg)  0.5351
2022-05-20 19:04:08,362 BAD EPOCHS (no improvement): 3
2022-05-20 19:04:08,365 ----------------------------------------------------------------------------------------------------
2022-05-20 19:04:10,267 epoch 43 - iter 10/107 - loss 0.04388364 - samples/sec: 168.36 - lr: 0.001563
2022-05-20 19:04:12,058 epoch 43 - iter 20/107 - loss 0.04553299 - samples/sec: 178.83 - lr: 0.001563
2022-05-20 19:04:13,855 epoch 43 - iter 30/107 - loss 0.04347515 - samples/sec: 178.16 - lr: 0.001563
2022-05-20 19:04:15,693 epoch 43 - iter 40/107 - loss 0.04695505 - samples/sec: 174.20 - lr: 0.001563
2022-05-20 19:04:17,437 epoch 43 - iter 50/107 - loss 0.04708317 - samples/sec: 183.57 - lr: 0.001563
2022-05-20 19:04:19,156 epoch 43 - iter 60/107 - loss 0.04552795 - samples/sec: 186.23 - lr: 0.001563
2022-05-20 19:04:20,864 epoch 43 - iter 70/107 - loss 0.04473287 - samples/sec: 187.44 - lr: 0.001563
2022-05-20 19:04:22,617 epoch 43 - iter 80/107 - loss 0.04440275 - samples/sec: 182.60 - lr: 0.001563
2022-05-20 19:04:24,412 epoch 43 - iter 90/107 - loss 0.04323793 - samples/sec: 178.42 - lr: 0.001563
2022-05-20 19:04:26,219 epoch 43 - iter 100/107 - loss 0.04299936 - samples/sec: 177.14 - lr: 0.001563
2022-05-20 19:04:27,309 ----------------------------------------------------------------------------------------------------
2022-05-20 19:04:27,309 EPOCH 43 done: loss 0.0431 - lr 0.001563
2022-05-20 19:04:33,334 Evaluating as a multi-label problem: False
2022-05-20 19:04:33,345 DEV : loss 0.19381015002727509 - f1-score (micro avg)  0.5342
2022-05-20 19:04:33,430 Epoch    43: reducing learning rate of group 0 to 7.8125e-04.
2022-05-20 19:04:33,430 BAD EPOCHS (no improvement): 4
2022-05-20 19:04:33,434 ----------------------------------------------------------------------------------------------------
2022-05-20 19:04:35,213 epoch 44 - iter 10/107 - loss 0.04138484 - samples/sec: 180.07 - lr: 0.000781
2022-05-20 19:04:36,938 epoch 44 - iter 20/107 - loss 0.04572167 - samples/sec: 185.53 - lr: 0.000781
2022-05-20 19:04:38,652 epoch 44 - iter 30/107 - loss 0.04386433 - samples/sec: 186.86 - lr: 0.000781
2022-05-20 19:04:40,422 epoch 44 - iter 40/107 - loss 0.04458713 - samples/sec: 180.93 - lr: 0.000781
2022-05-20 19:04:42,204 epoch 44 - iter 50/107 - loss 0.04553080 - samples/sec: 179.67 - lr: 0.000781
2022-05-20 19:04:44,062 epoch 44 - iter 60/107 - loss 0.04602752 - samples/sec: 172.28 - lr: 0.000781
2022-05-20 19:04:45,873 epoch 44 - iter 70/107 - loss 0.04459189 - samples/sec: 176.74 - lr: 0.000781
2022-05-20 19:04:47,631 epoch 44 - iter 80/107 - loss 0.04392062 - samples/sec: 182.21 - lr: 0.000781
2022-05-20 19:04:49,328 epoch 44 - iter 90/107 - loss 0.04381684 - samples/sec: 188.57 - lr: 0.000781
2022-05-20 19:04:51,013 epoch 44 - iter 100/107 - loss 0.04357282 - samples/sec: 190.06 - lr: 0.000781
2022-05-20 19:04:52,127 ----------------------------------------------------------------------------------------------------
2022-05-20 19:04:52,127 EPOCH 44 done: loss 0.0436 - lr 0.000781
2022-05-20 19:04:58,167 Evaluating as a multi-label problem: False
2022-05-20 19:04:58,178 DEV : loss 0.19352638721466064 - f1-score (micro avg)  0.5333
2022-05-20 19:04:58,263 BAD EPOCHS (no improvement): 1
2022-05-20 19:04:58,266 ----------------------------------------------------------------------------------------------------
2022-05-20 19:05:00,176 epoch 45 - iter 10/107 - loss 0.05194901 - samples/sec: 167.60 - lr: 0.000781
2022-05-20 19:05:01,987 epoch 45 - iter 20/107 - loss 0.04955402 - samples/sec: 176.80 - lr: 0.000781
2022-05-20 19:05:03,759 epoch 45 - iter 30/107 - loss 0.04681679 - samples/sec: 180.69 - lr: 0.000781
2022-05-20 19:05:05,521 epoch 45 - iter 40/107 - loss 0.04768604 - samples/sec: 181.69 - lr: 0.000781
2022-05-20 19:05:07,304 epoch 45 - iter 50/107 - loss 0.04586226 - samples/sec: 179.61 - lr: 0.000781
2022-05-20 19:05:09,081 epoch 45 - iter 60/107 - loss 0.04443549 - samples/sec: 180.14 - lr: 0.000781
2022-05-20 19:05:10,878 epoch 45 - iter 70/107 - loss 0.04308034 - samples/sec: 178.20 - lr: 0.000781
2022-05-20 19:05:12,617 epoch 45 - iter 80/107 - loss 0.04365687 - samples/sec: 184.11 - lr: 0.000781
2022-05-20 19:05:14,288 epoch 45 - iter 90/107 - loss 0.04444042 - samples/sec: 191.60 - lr: 0.000781
2022-05-20 19:05:16,056 epoch 45 - iter 100/107 - loss 0.04419645 - samples/sec: 181.08 - lr: 0.000781
2022-05-20 19:05:17,183 ----------------------------------------------------------------------------------------------------
2022-05-20 19:05:17,183 EPOCH 45 done: loss 0.0440 - lr 0.000781
2022-05-20 19:05:23,173 Evaluating as a multi-label problem: False
2022-05-20 19:05:23,184 DEV : loss 0.19390612840652466 - f1-score (micro avg)  0.5333
2022-05-20 19:05:23,269 BAD EPOCHS (no improvement): 2
2022-05-20 19:05:23,271 ----------------------------------------------------------------------------------------------------
2022-05-20 19:05:25,168 epoch 46 - iter 10/107 - loss 0.04779116 - samples/sec: 168.85 - lr: 0.000781
2022-05-20 19:05:26,954 epoch 46 - iter 20/107 - loss 0.04106276 - samples/sec: 179.28 - lr: 0.000781
2022-05-20 19:05:28,775 epoch 46 - iter 30/107 - loss 0.04264644 - samples/sec: 175.78 - lr: 0.000781
2022-05-20 19:05:30,555 epoch 46 - iter 40/107 - loss 0.04336270 - samples/sec: 179.95 - lr: 0.000781
2022-05-20 19:05:32,245 epoch 46 - iter 50/107 - loss 0.04296977 - samples/sec: 189.37 - lr: 0.000781
2022-05-20 19:05:33,922 epoch 46 - iter 60/107 - loss 0.04262885 - samples/sec: 190.99 - lr: 0.000781
2022-05-20 19:05:35,712 epoch 46 - iter 70/107 - loss 0.04236530 - samples/sec: 178.79 - lr: 0.000781
2022-05-20 19:05:37,422 epoch 46 - iter 80/107 - loss 0.04265037 - samples/sec: 187.32 - lr: 0.000781
2022-05-20 19:05:39,202 epoch 46 - iter 90/107 - loss 0.04162418 - samples/sec: 179.84 - lr: 0.000781
2022-05-20 19:05:41,035 epoch 46 - iter 100/107 - loss 0.04047796 - samples/sec: 174.65 - lr: 0.000781
2022-05-20 19:05:42,092 ----------------------------------------------------------------------------------------------------
2022-05-20 19:05:42,092 EPOCH 46 done: loss 0.0406 - lr 0.000781
2022-05-20 19:05:48,135 Evaluating as a multi-label problem: False
2022-05-20 19:05:48,146 DEV : loss 0.19412334263324738 - f1-score (micro avg)  0.5353
2022-05-20 19:05:48,232 BAD EPOCHS (no improvement): 3
2022-05-20 19:05:48,234 ----------------------------------------------------------------------------------------------------
2022-05-20 19:05:50,141 epoch 47 - iter 10/107 - loss 0.04700442 - samples/sec: 167.90 - lr: 0.000781
2022-05-20 19:05:52,017 epoch 47 - iter 20/107 - loss 0.04739706 - samples/sec: 170.71 - lr: 0.000781
2022-05-20 19:05:53,764 epoch 47 - iter 30/107 - loss 0.04647333 - samples/sec: 183.28 - lr: 0.000781
2022-05-20 19:05:55,519 epoch 47 - iter 40/107 - loss 0.04347093 - samples/sec: 182.38 - lr: 0.000781
2022-05-20 19:05:57,376 epoch 47 - iter 50/107 - loss 0.04385326 - samples/sec: 172.43 - lr: 0.000781
2022-05-20 19:05:59,148 epoch 47 - iter 60/107 - loss 0.04432999 - samples/sec: 180.65 - lr: 0.000781
2022-05-20 19:06:00,860 epoch 47 - iter 70/107 - loss 0.04412389 - samples/sec: 186.99 - lr: 0.000781
2022-05-20 19:06:02,617 epoch 47 - iter 80/107 - loss 0.04339966 - samples/sec: 182.26 - lr: 0.000781
2022-05-20 19:06:04,346 epoch 47 - iter 90/107 - loss 0.04359914 - samples/sec: 185.19 - lr: 0.000781
2022-05-20 19:06:06,085 epoch 47 - iter 100/107 - loss 0.04289099 - samples/sec: 184.11 - lr: 0.000781
2022-05-20 19:06:07,147 ----------------------------------------------------------------------------------------------------
2022-05-20 19:06:07,147 EPOCH 47 done: loss 0.0420 - lr 0.000781
2022-05-20 19:06:13,177 Evaluating as a multi-label problem: False
2022-05-20 19:06:13,188 DEV : loss 0.1942332684993744 - f1-score (micro avg)  0.5333
2022-05-20 19:06:13,272 Epoch    47: reducing learning rate of group 0 to 3.9063e-04.
2022-05-20 19:06:13,272 BAD EPOCHS (no improvement): 4
2022-05-20 19:06:13,276 ----------------------------------------------------------------------------------------------------
2022-05-20 19:06:15,101 epoch 48 - iter 10/107 - loss 0.04498117 - samples/sec: 175.46 - lr: 0.000391
2022-05-20 19:06:16,863 epoch 48 - iter 20/107 - loss 0.04136106 - samples/sec: 181.75 - lr: 0.000391
2022-05-20 19:06:18,544 epoch 48 - iter 30/107 - loss 0.03940210 - samples/sec: 190.49 - lr: 0.000391
2022-05-20 19:06:20,260 epoch 48 - iter 40/107 - loss 0.03790325 - samples/sec: 186.59 - lr: 0.000391
2022-05-20 19:06:22,002 epoch 48 - iter 50/107 - loss 0.03981381 - samples/sec: 183.72 - lr: 0.000391
2022-05-20 19:06:23,745 epoch 48 - iter 60/107 - loss 0.04008964 - samples/sec: 183.72 - lr: 0.000391
2022-05-20 19:06:25,588 epoch 48 - iter 70/107 - loss 0.03978617 - samples/sec: 173.77 - lr: 0.000391
2022-05-20 19:06:27,343 epoch 48 - iter 80/107 - loss 0.03860108 - samples/sec: 182.33 - lr: 0.000391
2022-05-20 19:06:29,106 epoch 48 - iter 90/107 - loss 0.04151173 - samples/sec: 181.63 - lr: 0.000391
2022-05-20 19:06:30,890 epoch 48 - iter 100/107 - loss 0.04099136 - samples/sec: 179.46 - lr: 0.000391
2022-05-20 19:06:31,910 ----------------------------------------------------------------------------------------------------
2022-05-20 19:06:31,910 EPOCH 48 done: loss 0.0411 - lr 0.000391
2022-05-20 19:06:39,397 Evaluating as a multi-label problem: False
2022-05-20 19:06:39,407 DEV : loss 0.19454503059387207 - f1-score (micro avg)  0.5329
2022-05-20 19:06:39,493 BAD EPOCHS (no improvement): 1
2022-05-20 19:06:39,495 ----------------------------------------------------------------------------------------------------
2022-05-20 19:06:41,409 epoch 49 - iter 10/107 - loss 0.03830626 - samples/sec: 167.26 - lr: 0.000391
2022-05-20 19:06:43,204 epoch 49 - iter 20/107 - loss 0.03583419 - samples/sec: 178.34 - lr: 0.000391
2022-05-20 19:06:45,019 epoch 49 - iter 30/107 - loss 0.03965006 - samples/sec: 176.40 - lr: 0.000391
2022-05-20 19:06:46,803 epoch 49 - iter 40/107 - loss 0.04161266 - samples/sec: 179.53 - lr: 0.000391
2022-05-20 19:06:48,535 epoch 49 - iter 50/107 - loss 0.04236916 - samples/sec: 184.87 - lr: 0.000391
2022-05-20 19:06:50,329 epoch 49 - iter 60/107 - loss 0.04057299 - samples/sec: 178.47 - lr: 0.000391
2022-05-20 19:06:52,043 epoch 49 - iter 70/107 - loss 0.04232643 - samples/sec: 186.80 - lr: 0.000391
2022-05-20 19:06:53,726 epoch 49 - iter 80/107 - loss 0.04176074 - samples/sec: 190.23 - lr: 0.000391
2022-05-20 19:06:55,425 epoch 49 - iter 90/107 - loss 0.04206939 - samples/sec: 188.44 - lr: 0.000391
2022-05-20 19:06:57,135 epoch 49 - iter 100/107 - loss 0.04239591 - samples/sec: 187.24 - lr: 0.000391
2022-05-20 19:06:58,175 ----------------------------------------------------------------------------------------------------
2022-05-20 19:06:58,176 EPOCH 49 done: loss 0.0422 - lr 0.000391
2022-05-20 19:07:04,151 Evaluating as a multi-label problem: False
2022-05-20 19:07:04,162 DEV : loss 0.19437918066978455 - f1-score (micro avg)  0.5325
2022-05-20 19:07:04,247 BAD EPOCHS (no improvement): 2
2022-05-20 19:07:04,249 ----------------------------------------------------------------------------------------------------
2022-05-20 19:07:06,105 epoch 50 - iter 10/107 - loss 0.03734630 - samples/sec: 172.55 - lr: 0.000391
2022-05-20 19:07:07,941 epoch 50 - iter 20/107 - loss 0.03878786 - samples/sec: 174.39 - lr: 0.000391
2022-05-20 19:07:09,686 epoch 50 - iter 30/107 - loss 0.04357966 - samples/sec: 183.49 - lr: 0.000391
2022-05-20 19:07:11,399 epoch 50 - iter 40/107 - loss 0.04381120 - samples/sec: 186.99 - lr: 0.000391
2022-05-20 19:07:13,107 epoch 50 - iter 50/107 - loss 0.04219783 - samples/sec: 187.41 - lr: 0.000391
2022-05-20 19:07:14,851 epoch 50 - iter 60/107 - loss 0.04261115 - samples/sec: 183.63 - lr: 0.000391
2022-05-20 19:07:16,667 epoch 50 - iter 70/107 - loss 0.04201791 - samples/sec: 176.27 - lr: 0.000391
2022-05-20 19:07:18,407 epoch 50 - iter 80/107 - loss 0.04273109 - samples/sec: 183.97 - lr: 0.000391
2022-05-20 19:07:20,228 epoch 50 - iter 90/107 - loss 0.04270819 - samples/sec: 175.82 - lr: 0.000391
2022-05-20 19:07:21,984 epoch 50 - iter 100/107 - loss 0.04259302 - samples/sec: 182.36 - lr: 0.000391
2022-05-20 19:07:23,039 ----------------------------------------------------------------------------------------------------
2022-05-20 19:07:23,039 EPOCH 50 done: loss 0.0429 - lr 0.000391
2022-05-20 19:07:29,128 Evaluating as a multi-label problem: False
2022-05-20 19:07:29,139 DEV : loss 0.19483277201652527 - f1-score (micro avg)  0.5329
2022-05-20 19:07:29,226 BAD EPOCHS (no improvement): 3
2022-05-20 19:07:29,229 ----------------------------------------------------------------------------------------------------
2022-05-20 19:07:31,139 epoch 51 - iter 10/107 - loss 0.04964858 - samples/sec: 167.67 - lr: 0.000391
2022-05-20 19:07:32,954 epoch 51 - iter 20/107 - loss 0.04834389 - samples/sec: 176.35 - lr: 0.000391
2022-05-20 19:07:34,672 epoch 51 - iter 30/107 - loss 0.04610051 - samples/sec: 186.40 - lr: 0.000391
2022-05-20 19:07:36,361 epoch 51 - iter 40/107 - loss 0.04464856 - samples/sec: 189.53 - lr: 0.000391
2022-05-20 19:07:38,127 epoch 51 - iter 50/107 - loss 0.04582139 - samples/sec: 181.36 - lr: 0.000391
2022-05-20 19:07:39,921 epoch 51 - iter 60/107 - loss 0.04486012 - samples/sec: 178.45 - lr: 0.000391
2022-05-20 19:07:41,740 epoch 51 - iter 70/107 - loss 0.04477631 - samples/sec: 175.96 - lr: 0.000391
2022-05-20 19:07:43,457 epoch 51 - iter 80/107 - loss 0.04505383 - samples/sec: 186.45 - lr: 0.000391
2022-05-20 19:07:45,262 epoch 51 - iter 90/107 - loss 0.04421025 - samples/sec: 177.38 - lr: 0.000391
2022-05-20 19:07:46,989 epoch 51 - iter 100/107 - loss 0.04365978 - samples/sec: 185.46 - lr: 0.000391
2022-05-20 19:07:48,023 ----------------------------------------------------------------------------------------------------
2022-05-20 19:07:48,023 EPOCH 51 done: loss 0.0433 - lr 0.000391
2022-05-20 19:07:54,073 Evaluating as a multi-label problem: False
2022-05-20 19:07:54,084 DEV : loss 0.19429737329483032 - f1-score (micro avg)  0.5329
2022-05-20 19:07:54,170 Epoch    51: reducing learning rate of group 0 to 1.9531e-04.
2022-05-20 19:07:54,170 BAD EPOCHS (no improvement): 4
2022-05-20 19:07:54,174 ----------------------------------------------------------------------------------------------------
2022-05-20 19:07:56,043 epoch 52 - iter 10/107 - loss 0.05168380 - samples/sec: 171.29 - lr: 0.000195
2022-05-20 19:07:57,788 epoch 52 - iter 20/107 - loss 0.04663249 - samples/sec: 183.50 - lr: 0.000195
2022-05-20 19:07:59,599 epoch 52 - iter 30/107 - loss 0.04462190 - samples/sec: 176.79 - lr: 0.000195
2022-05-20 19:08:01,364 epoch 52 - iter 40/107 - loss 0.04296573 - samples/sec: 181.41 - lr: 0.000195
2022-05-20 19:08:03,052 epoch 52 - iter 50/107 - loss 0.04176206 - samples/sec: 189.73 - lr: 0.000195
2022-05-20 19:08:04,803 epoch 52 - iter 60/107 - loss 0.04113628 - samples/sec: 182.83 - lr: 0.000195
2022-05-20 19:08:06,624 epoch 52 - iter 70/107 - loss 0.04211066 - samples/sec: 175.82 - lr: 0.000195
2022-05-20 19:08:08,367 epoch 52 - iter 80/107 - loss 0.04324075 - samples/sec: 183.70 - lr: 0.000195
2022-05-20 19:08:10,075 epoch 52 - iter 90/107 - loss 0.04236454 - samples/sec: 187.47 - lr: 0.000195
2022-05-20 19:08:11,806 epoch 52 - iter 100/107 - loss 0.04228943 - samples/sec: 184.95 - lr: 0.000195
2022-05-20 19:08:12,917 ----------------------------------------------------------------------------------------------------
2022-05-20 19:08:12,917 EPOCH 52 done: loss 0.0421 - lr 0.000195
2022-05-20 19:08:18,973 Evaluating as a multi-label problem: False
2022-05-20 19:08:18,983 DEV : loss 0.19433557987213135 - f1-score (micro avg)  0.5329
2022-05-20 19:08:19,070 BAD EPOCHS (no improvement): 1
2022-05-20 19:08:19,072 ----------------------------------------------------------------------------------------------------
2022-05-20 19:08:21,023 epoch 53 - iter 10/107 - loss 0.04655156 - samples/sec: 164.18 - lr: 0.000195
2022-05-20 19:08:22,877 epoch 53 - iter 20/107 - loss 0.04263905 - samples/sec: 172.63 - lr: 0.000195
2022-05-20 19:08:24,723 epoch 53 - iter 30/107 - loss 0.04279679 - samples/sec: 173.46 - lr: 0.000195
2022-05-20 19:08:26,546 epoch 53 - iter 40/107 - loss 0.04435844 - samples/sec: 175.59 - lr: 0.000195
2022-05-20 19:08:28,360 epoch 53 - iter 50/107 - loss 0.04331150 - samples/sec: 176.49 - lr: 0.000195
2022-05-20 19:08:30,196 epoch 53 - iter 60/107 - loss 0.04318078 - samples/sec: 174.38 - lr: 0.000195
2022-05-20 19:08:31,878 epoch 53 - iter 70/107 - loss 0.04317133 - samples/sec: 190.39 - lr: 0.000195
2022-05-20 19:08:33,611 epoch 53 - iter 80/107 - loss 0.04328607 - samples/sec: 184.77 - lr: 0.000195
2022-05-20 19:08:35,339 epoch 53 - iter 90/107 - loss 0.04371336 - samples/sec: 185.31 - lr: 0.000195
2022-05-20 19:08:37,039 epoch 53 - iter 100/107 - loss 0.04371456 - samples/sec: 188.31 - lr: 0.000195
2022-05-20 19:08:38,133 ----------------------------------------------------------------------------------------------------
2022-05-20 19:08:38,134 EPOCH 53 done: loss 0.0439 - lr 0.000195
2022-05-20 19:08:44,192 Evaluating as a multi-label problem: False
2022-05-20 19:08:44,203 DEV : loss 0.19374677538871765 - f1-score (micro avg)  0.5329
2022-05-20 19:08:44,288 BAD EPOCHS (no improvement): 2
2022-05-20 19:08:44,291 ----------------------------------------------------------------------------------------------------
2022-05-20 19:08:46,031 epoch 54 - iter 10/107 - loss 0.04010414 - samples/sec: 184.10 - lr: 0.000195
2022-05-20 19:08:47,749 epoch 54 - iter 20/107 - loss 0.04089963 - samples/sec: 186.36 - lr: 0.000195
2022-05-20 19:08:49,484 epoch 54 - iter 30/107 - loss 0.04323078 - samples/sec: 184.53 - lr: 0.000195
2022-05-20 19:08:51,301 epoch 54 - iter 40/107 - loss 0.04193444 - samples/sec: 176.17 - lr: 0.000195
2022-05-20 19:08:53,085 epoch 54 - iter 50/107 - loss 0.04222341 - samples/sec: 179.46 - lr: 0.000195
2022-05-20 19:08:54,881 epoch 54 - iter 60/107 - loss 0.04164043 - samples/sec: 178.26 - lr: 0.000195
2022-05-20 19:08:56,625 epoch 54 - iter 70/107 - loss 0.04079985 - samples/sec: 183.64 - lr: 0.000195
2022-05-20 19:08:58,395 epoch 54 - iter 80/107 - loss 0.04071998 - samples/sec: 180.89 - lr: 0.000195
2022-05-20 19:09:00,175 epoch 54 - iter 90/107 - loss 0.04205173 - samples/sec: 179.79 - lr: 0.000195
2022-05-20 19:09:01,957 epoch 54 - iter 100/107 - loss 0.04162735 - samples/sec: 179.66 - lr: 0.000195
2022-05-20 19:09:02,999 ----------------------------------------------------------------------------------------------------
2022-05-20 19:09:02,999 EPOCH 54 done: loss 0.0422 - lr 0.000195
2022-05-20 19:09:09,045 Evaluating as a multi-label problem: False
2022-05-20 19:09:09,056 DEV : loss 0.19379545748233795 - f1-score (micro avg)  0.5325
2022-05-20 19:09:09,142 BAD EPOCHS (no improvement): 3
2022-05-20 19:09:09,144 ----------------------------------------------------------------------------------------------------
2022-05-20 19:09:11,126 epoch 55 - iter 10/107 - loss 0.03658205 - samples/sec: 161.58 - lr: 0.000195
2022-05-20 19:09:12,975 epoch 55 - iter 20/107 - loss 0.04282832 - samples/sec: 173.14 - lr: 0.000195
2022-05-20 19:09:14,816 epoch 55 - iter 30/107 - loss 0.04401609 - samples/sec: 173.89 - lr: 0.000195
2022-05-20 19:09:16,510 epoch 55 - iter 40/107 - loss 0.04238750 - samples/sec: 189.04 - lr: 0.000195
2022-05-20 19:09:18,273 epoch 55 - iter 50/107 - loss 0.04250053 - samples/sec: 181.59 - lr: 0.000195
2022-05-20 19:09:20,063 epoch 55 - iter 60/107 - loss 0.04346359 - samples/sec: 178.85 - lr: 0.000195
2022-05-20 19:09:21,771 epoch 55 - iter 70/107 - loss 0.04304854 - samples/sec: 187.46 - lr: 0.000195
2022-05-20 19:09:23,550 epoch 55 - iter 80/107 - loss 0.04324134 - samples/sec: 179.90 - lr: 0.000195
2022-05-20 19:09:26,893 epoch 55 - iter 90/107 - loss 0.04335178 - samples/sec: 95.75 - lr: 0.000195
2022-05-20 19:09:28,743 epoch 55 - iter 100/107 - loss 0.04272459 - samples/sec: 173.12 - lr: 0.000195
2022-05-20 19:09:29,886 ----------------------------------------------------------------------------------------------------
2022-05-20 19:09:29,886 EPOCH 55 done: loss 0.0424 - lr 0.000195
2022-05-20 19:09:35,936 Evaluating as a multi-label problem: False
2022-05-20 19:09:35,947 DEV : loss 0.1935379058122635 - f1-score (micro avg)  0.5325
2022-05-20 19:09:36,032 Epoch    55: reducing learning rate of group 0 to 9.7656e-05.
2022-05-20 19:09:36,032 BAD EPOCHS (no improvement): 4
2022-05-20 19:09:36,038 ----------------------------------------------------------------------------------------------------
2022-05-20 19:09:36,038 ----------------------------------------------------------------------------------------------------
2022-05-20 19:09:36,039 learning rate too small - quitting training!
2022-05-20 19:09:36,039 ----------------------------------------------------------------------------------------------------
2022-05-20 19:09:47,121 ----------------------------------------------------------------------------------------------------
2022-05-20 19:09:47,122 loading file resources/taggers/model_06_r12_run_3/best-model.pt
2022-05-20 19:09:59,528 SequenceTagger predicts: Dictionary with 27 tags: O, S-person, B-person, E-person, I-person, S-location, B-location, E-location, I-location, S-group, B-group, E-group, I-group, S-corporation, B-corporation, E-corporation, I-corporation, S-product, B-product, E-product, I-product, S-creative-work, B-creative-work, E-creative-work, I-creative-work, <START>, <STOP>
2022-05-20 19:10:17,657 Evaluating as a multi-label problem: False
2022-05-20 19:10:17,669 0.6946	0.3309	0.4482	0.3038
2022-05-20 19:10:17,669 
Results:
- F-score (micro) 0.4482
- F-score (macro) 0.3311
- Accuracy 0.3038

By class:
               precision    recall  f1-score   support

       person     0.7865    0.5152    0.6225       429
     location     0.7103    0.5067    0.5914       150
        group     0.5854    0.1455    0.2330       165
creative-work     0.5000    0.1056    0.1744       142
      product     0.3913    0.0709    0.1200       127
  corporation     0.3750    0.1818    0.2449        66

    micro avg     0.6946    0.3309    0.4482      1079
    macro avg     0.5581    0.2543    0.3311      1079
 weighted avg     0.6357    0.3309    0.4174      1079

2022-05-20 19:10:17,670 ----------------------------------------------------------------------------------------------------
