2022-05-23 15:43:17,413 ----------------------------------------------------------------------------------------------------
2022-05-23 15:43:17,414 Model: "SequenceTagger(
  (embeddings): StackedEmbeddings(
    (list_embedding_0): GazetteerEmbeddings()
    (list_embedding_1): WordEmbeddings(
      'glove'
      (embedding): Embedding(400001, 100)
    )
    (list_embedding_2): FlairEmbeddings(
      (lm): LanguageModel(
        (drop): Dropout(p=0.05, inplace=False)
        (encoder): Embedding(300, 100)
        (rnn): LSTM(100, 2048)
        (decoder): Linear(in_features=2048, out_features=300, bias=True)
      )
    )
    (list_embedding_3): FlairEmbeddings(
      (lm): LanguageModel(
        (drop): Dropout(p=0.05, inplace=False)
        (encoder): Embedding(300, 100)
        (rnn): LSTM(100, 2048)
        (decoder): Linear(in_features=2048, out_features=300, bias=True)
      )
    )
  )
  (word_dropout): WordDropout(p=0.05)
  (locked_dropout): LockedDropout(p=0.5)
  (embedding2nn): Linear(in_features=4897, out_features=4897, bias=True)
  (rnn): LSTM(4897, 256, batch_first=True, bidirectional=True)
  (linear): Linear(in_features=512, out_features=27, bias=True)
  (loss_function): ViterbiLoss()
  (crf): CRF()
)"
2022-05-23 15:43:17,414 ----------------------------------------------------------------------------------------------------
2022-05-23 15:43:17,414 Corpus: "Corpus: 3394 train + 1009 dev + 1287 test sentences"
2022-05-23 15:43:17,414 ----------------------------------------------------------------------------------------------------
2022-05-23 15:43:17,414 Parameters:
2022-05-23 15:43:17,414  - learning_rate: "0.100000"
2022-05-23 15:43:17,414  - mini_batch_size: "32"
2022-05-23 15:43:17,414  - patience: "3"
2022-05-23 15:43:17,414  - anneal_factor: "0.5"
2022-05-23 15:43:17,414  - max_epochs: "150"
2022-05-23 15:43:17,414  - shuffle: "True"
2022-05-23 15:43:17,414  - train_with_dev: "False"
2022-05-23 15:43:17,414  - batch_growth_annealing: "False"
2022-05-23 15:43:17,414 ----------------------------------------------------------------------------------------------------
2022-05-23 15:43:17,414 Model training base path: "resources/taggers/model_08_r15_run_2"
2022-05-23 15:43:17,414 ----------------------------------------------------------------------------------------------------
2022-05-23 15:43:17,414 Device: cuda:2
2022-05-23 15:43:17,414 ----------------------------------------------------------------------------------------------------
2022-05-23 15:43:17,414 Embeddings storage mode: cpu
2022-05-23 15:43:17,414 ----------------------------------------------------------------------------------------------------
2022-05-23 15:43:19,865 epoch 1 - iter 10/107 - loss 1.16907395 - samples/sec: 130.66 - lr: 0.100000
2022-05-23 15:43:22,504 epoch 1 - iter 20/107 - loss 0.71979552 - samples/sec: 121.30 - lr: 0.100000
2022-05-23 15:43:25,143 epoch 1 - iter 30/107 - loss 0.57297945 - samples/sec: 121.31 - lr: 0.100000
2022-05-23 15:43:29,011 epoch 1 - iter 40/107 - loss 0.49343350 - samples/sec: 82.74 - lr: 0.100000
2022-05-23 15:43:33,041 epoch 1 - iter 50/107 - loss 0.43556748 - samples/sec: 79.43 - lr: 0.100000
2022-05-23 15:43:36,854 epoch 1 - iter 60/107 - loss 0.41177679 - samples/sec: 83.95 - lr: 0.100000
2022-05-23 15:43:41,021 epoch 1 - iter 70/107 - loss 0.39406599 - samples/sec: 76.81 - lr: 0.100000
2022-05-23 15:43:44,694 epoch 1 - iter 80/107 - loss 0.38405035 - samples/sec: 87.14 - lr: 0.100000
2022-05-23 15:43:48,327 epoch 1 - iter 90/107 - loss 0.37555171 - samples/sec: 88.10 - lr: 0.100000
2022-05-23 15:43:51,978 epoch 1 - iter 100/107 - loss 0.36794469 - samples/sec: 87.68 - lr: 0.100000
2022-05-23 15:43:54,233 ----------------------------------------------------------------------------------------------------
2022-05-23 15:43:54,233 EPOCH 1 done: loss 0.3606 - lr 0.100000
2022-05-23 15:44:04,248 Evaluating as a multi-label problem: False
2022-05-23 15:44:04,258 DEV : loss 0.44811713695526123 - f1-score (micro avg)  0.101
2022-05-23 15:44:04,343 BAD EPOCHS (no improvement): 0
2022-05-23 15:44:04,344 saving best model
2022-05-23 15:44:34,825 ----------------------------------------------------------------------------------------------------
2022-05-23 15:44:37,438 epoch 2 - iter 10/107 - loss 0.23669194 - samples/sec: 122.57 - lr: 0.100000
2022-05-23 15:44:40,008 epoch 2 - iter 20/107 - loss 0.22261121 - samples/sec: 124.55 - lr: 0.100000
2022-05-23 15:44:42,444 epoch 2 - iter 30/107 - loss 0.20028064 - samples/sec: 131.44 - lr: 0.100000
2022-05-23 15:44:44,890 epoch 2 - iter 40/107 - loss 0.18908067 - samples/sec: 130.90 - lr: 0.100000
2022-05-23 15:44:47,291 epoch 2 - iter 50/107 - loss 0.19162059 - samples/sec: 133.29 - lr: 0.100000
2022-05-23 15:44:49,760 epoch 2 - iter 60/107 - loss 0.19353738 - samples/sec: 129.65 - lr: 0.100000
2022-05-23 15:44:52,165 epoch 2 - iter 70/107 - loss 0.19238976 - samples/sec: 133.13 - lr: 0.100000
2022-05-23 15:44:54,559 epoch 2 - iter 80/107 - loss 0.19335223 - samples/sec: 133.73 - lr: 0.100000
2022-05-23 15:44:57,044 epoch 2 - iter 90/107 - loss 0.19253052 - samples/sec: 128.82 - lr: 0.100000
2022-05-23 15:44:59,468 epoch 2 - iter 100/107 - loss 0.19344032 - samples/sec: 132.08 - lr: 0.100000
2022-05-23 15:45:00,904 ----------------------------------------------------------------------------------------------------
2022-05-23 15:45:00,904 EPOCH 2 done: loss 0.1945 - lr 0.100000
2022-05-23 15:45:08,375 Evaluating as a multi-label problem: False
2022-05-23 15:45:08,387 DEV : loss 0.26038500666618347 - f1-score (micro avg)  0.4508
2022-05-23 15:45:08,471 BAD EPOCHS (no improvement): 0
2022-05-23 15:45:08,473 saving best model
2022-05-23 15:45:42,749 ----------------------------------------------------------------------------------------------------
2022-05-23 15:45:46,834 epoch 3 - iter 10/107 - loss 0.21946658 - samples/sec: 78.37 - lr: 0.100000
2022-05-23 15:45:50,872 epoch 3 - iter 20/107 - loss 0.18638887 - samples/sec: 79.26 - lr: 0.100000
2022-05-23 15:45:54,822 epoch 3 - iter 30/107 - loss 0.17294489 - samples/sec: 81.04 - lr: 0.100000
2022-05-23 15:45:58,663 epoch 3 - iter 40/107 - loss 0.17401627 - samples/sec: 83.33 - lr: 0.100000
2022-05-23 15:46:02,921 epoch 3 - iter 50/107 - loss 0.17451522 - samples/sec: 75.17 - lr: 0.100000
2022-05-23 15:46:06,629 epoch 3 - iter 60/107 - loss 0.16746029 - samples/sec: 86.32 - lr: 0.100000
2022-05-23 15:46:10,822 epoch 3 - iter 70/107 - loss 0.16163823 - samples/sec: 76.34 - lr: 0.100000
2022-05-23 15:46:13,863 epoch 3 - iter 80/107 - loss 0.15949170 - samples/sec: 105.27 - lr: 0.100000
2022-05-23 15:46:16,978 epoch 3 - iter 90/107 - loss 0.15962284 - samples/sec: 102.75 - lr: 0.100000
2022-05-23 15:46:20,119 epoch 3 - iter 100/107 - loss 0.16088305 - samples/sec: 101.90 - lr: 0.100000
2022-05-23 15:46:22,516 ----------------------------------------------------------------------------------------------------
2022-05-23 15:46:22,516 EPOCH 3 done: loss 0.1607 - lr 0.100000
2022-05-23 15:46:34,217 Evaluating as a multi-label problem: False
2022-05-23 15:46:34,228 DEV : loss 0.2649947702884674 - f1-score (micro avg)  0.4707
2022-05-23 15:46:34,312 BAD EPOCHS (no improvement): 0
2022-05-23 15:46:34,315 saving best model
2022-05-23 15:47:03,927 ----------------------------------------------------------------------------------------------------
2022-05-23 15:47:08,033 epoch 4 - iter 10/107 - loss 0.16028141 - samples/sec: 77.99 - lr: 0.100000
2022-05-23 15:47:11,907 epoch 4 - iter 20/107 - loss 0.15846317 - samples/sec: 82.61 - lr: 0.100000
2022-05-23 15:47:15,772 epoch 4 - iter 30/107 - loss 0.15642329 - samples/sec: 82.82 - lr: 0.100000
2022-05-23 15:47:19,074 epoch 4 - iter 40/107 - loss 0.14675780 - samples/sec: 96.96 - lr: 0.100000
2022-05-23 15:47:21,947 epoch 4 - iter 50/107 - loss 0.14314831 - samples/sec: 111.39 - lr: 0.100000
2022-05-23 15:47:24,682 epoch 4 - iter 60/107 - loss 0.14675635 - samples/sec: 117.05 - lr: 0.100000
2022-05-23 15:47:26,946 epoch 4 - iter 70/107 - loss 0.14294007 - samples/sec: 141.41 - lr: 0.100000
2022-05-23 15:47:29,425 epoch 4 - iter 80/107 - loss 0.14390709 - samples/sec: 129.17 - lr: 0.100000
2022-05-23 15:47:31,767 epoch 4 - iter 90/107 - loss 0.14232854 - samples/sec: 136.71 - lr: 0.100000
2022-05-23 15:47:34,220 epoch 4 - iter 100/107 - loss 0.14189033 - samples/sec: 130.51 - lr: 0.100000
2022-05-23 15:47:35,662 ----------------------------------------------------------------------------------------------------
2022-05-23 15:47:35,662 EPOCH 4 done: loss 0.1420 - lr 0.100000
2022-05-23 15:47:43,023 Evaluating as a multi-label problem: False
2022-05-23 15:47:43,035 DEV : loss 0.2423868328332901 - f1-score (micro avg)  0.4762
2022-05-23 15:47:43,121 BAD EPOCHS (no improvement): 0
2022-05-23 15:47:43,123 saving best model
2022-05-23 15:48:13,479 ----------------------------------------------------------------------------------------------------
2022-05-23 15:48:16,087 epoch 5 - iter 10/107 - loss 0.13593519 - samples/sec: 122.78 - lr: 0.100000
2022-05-23 15:48:18,467 epoch 5 - iter 20/107 - loss 0.12104275 - samples/sec: 134.53 - lr: 0.100000
2022-05-23 15:48:20,942 epoch 5 - iter 30/107 - loss 0.13091258 - samples/sec: 129.37 - lr: 0.100000
2022-05-23 15:48:23,375 epoch 5 - iter 40/107 - loss 0.13018026 - samples/sec: 131.57 - lr: 0.100000
2022-05-23 15:48:25,836 epoch 5 - iter 50/107 - loss 0.13196904 - samples/sec: 130.07 - lr: 0.100000
2022-05-23 15:48:28,211 epoch 5 - iter 60/107 - loss 0.12944824 - samples/sec: 134.83 - lr: 0.100000
2022-05-23 15:48:30,706 epoch 5 - iter 70/107 - loss 0.12604875 - samples/sec: 128.27 - lr: 0.100000
2022-05-23 15:48:34,643 epoch 5 - iter 80/107 - loss 0.12725022 - samples/sec: 81.30 - lr: 0.100000
2022-05-23 15:48:38,481 epoch 5 - iter 90/107 - loss 0.12707140 - samples/sec: 83.40 - lr: 0.100000
2022-05-23 15:48:42,518 epoch 5 - iter 100/107 - loss 0.12616574 - samples/sec: 79.28 - lr: 0.100000
2022-05-23 15:48:44,966 ----------------------------------------------------------------------------------------------------
2022-05-23 15:48:44,966 EPOCH 5 done: loss 0.1282 - lr 0.100000
2022-05-23 15:48:57,160 Evaluating as a multi-label problem: False
2022-05-23 15:48:57,171 DEV : loss 0.2728128731250763 - f1-score (micro avg)  0.4263
2022-05-23 15:48:57,256 BAD EPOCHS (no improvement): 1
2022-05-23 15:48:57,273 ----------------------------------------------------------------------------------------------------
2022-05-23 15:49:01,031 epoch 6 - iter 10/107 - loss 0.12355062 - samples/sec: 85.19 - lr: 0.100000
2022-05-23 15:49:04,536 epoch 6 - iter 20/107 - loss 0.12730044 - samples/sec: 91.33 - lr: 0.100000
2022-05-23 15:49:07,304 epoch 6 - iter 30/107 - loss 0.12350762 - samples/sec: 115.63 - lr: 0.100000
2022-05-23 15:49:10,311 epoch 6 - iter 40/107 - loss 0.11891704 - samples/sec: 106.49 - lr: 0.100000
2022-05-23 15:49:14,205 epoch 6 - iter 50/107 - loss 0.11579036 - samples/sec: 82.19 - lr: 0.100000
2022-05-23 15:49:18,091 epoch 6 - iter 60/107 - loss 0.11653972 - samples/sec: 82.36 - lr: 0.100000
2022-05-23 15:49:22,154 epoch 6 - iter 70/107 - loss 0.11515368 - samples/sec: 78.77 - lr: 0.100000
2022-05-23 15:49:25,814 epoch 6 - iter 80/107 - loss 0.11410111 - samples/sec: 87.47 - lr: 0.100000
2022-05-23 15:49:29,821 epoch 6 - iter 90/107 - loss 0.11583276 - samples/sec: 79.88 - lr: 0.100000
2022-05-23 15:49:33,616 epoch 6 - iter 100/107 - loss 0.11861026 - samples/sec: 84.35 - lr: 0.100000
2022-05-23 15:49:36,178 ----------------------------------------------------------------------------------------------------
2022-05-23 15:49:36,179 EPOCH 6 done: loss 0.1182 - lr 0.100000
2022-05-23 15:49:46,075 Evaluating as a multi-label problem: False
2022-05-23 15:49:46,086 DEV : loss 0.24566225707530975 - f1-score (micro avg)  0.4502
2022-05-23 15:49:46,172 BAD EPOCHS (no improvement): 2
2022-05-23 15:49:46,175 ----------------------------------------------------------------------------------------------------
2022-05-23 15:49:49,193 epoch 7 - iter 10/107 - loss 0.12117529 - samples/sec: 106.09 - lr: 0.100000
2022-05-23 15:49:51,445 epoch 7 - iter 20/107 - loss 0.10807067 - samples/sec: 142.13 - lr: 0.100000
2022-05-23 15:49:53,794 epoch 7 - iter 30/107 - loss 0.10551913 - samples/sec: 136.34 - lr: 0.100000
2022-05-23 15:49:56,167 epoch 7 - iter 40/107 - loss 0.10670778 - samples/sec: 134.88 - lr: 0.100000
2022-05-23 15:49:58,566 epoch 7 - iter 50/107 - loss 0.10642613 - samples/sec: 133.43 - lr: 0.100000
2022-05-23 15:50:01,032 epoch 7 - iter 60/107 - loss 0.10574304 - samples/sec: 129.86 - lr: 0.100000
2022-05-23 15:50:03,497 epoch 7 - iter 70/107 - loss 0.10630923 - samples/sec: 129.86 - lr: 0.100000
2022-05-23 15:50:05,988 epoch 7 - iter 80/107 - loss 0.10870146 - samples/sec: 128.50 - lr: 0.100000
2022-05-23 15:50:08,535 epoch 7 - iter 90/107 - loss 0.10921860 - samples/sec: 125.68 - lr: 0.100000
2022-05-23 15:50:11,020 epoch 7 - iter 100/107 - loss 0.10994018 - samples/sec: 128.85 - lr: 0.100000
2022-05-23 15:50:12,511 ----------------------------------------------------------------------------------------------------
2022-05-23 15:50:12,511 EPOCH 7 done: loss 0.1114 - lr 0.100000
2022-05-23 15:50:19,884 Evaluating as a multi-label problem: False
2022-05-23 15:50:19,895 DEV : loss 0.20774899423122406 - f1-score (micro avg)  0.5115
2022-05-23 15:50:19,982 BAD EPOCHS (no improvement): 0
2022-05-23 15:50:19,985 saving best model
2022-05-23 15:50:49,969 ----------------------------------------------------------------------------------------------------
2022-05-23 15:50:52,417 epoch 8 - iter 10/107 - loss 0.11321389 - samples/sec: 130.84 - lr: 0.100000
2022-05-23 15:50:54,767 epoch 8 - iter 20/107 - loss 0.11558568 - samples/sec: 136.23 - lr: 0.100000
2022-05-23 15:50:57,075 epoch 8 - iter 30/107 - loss 0.11155666 - samples/sec: 138.72 - lr: 0.100000
2022-05-23 15:51:01,039 epoch 8 - iter 40/107 - loss 0.10475632 - samples/sec: 80.73 - lr: 0.100000
2022-05-23 15:51:05,191 epoch 8 - iter 50/107 - loss 0.10043216 - samples/sec: 77.09 - lr: 0.100000
2022-05-23 15:51:09,278 epoch 8 - iter 60/107 - loss 0.10126380 - samples/sec: 78.32 - lr: 0.100000
2022-05-23 15:51:13,335 epoch 8 - iter 70/107 - loss 0.10041968 - samples/sec: 78.90 - lr: 0.100000
2022-05-23 15:51:17,158 epoch 8 - iter 80/107 - loss 0.10136646 - samples/sec: 83.73 - lr: 0.100000
2022-05-23 15:51:21,229 epoch 8 - iter 90/107 - loss 0.10414745 - samples/sec: 78.63 - lr: 0.100000
2022-05-23 15:51:25,218 epoch 8 - iter 100/107 - loss 0.10410197 - samples/sec: 80.25 - lr: 0.100000
2022-05-23 15:51:27,730 ----------------------------------------------------------------------------------------------------
2022-05-23 15:51:27,730 EPOCH 8 done: loss 0.1042 - lr 0.100000
2022-05-23 15:51:42,075 Evaluating as a multi-label problem: False
2022-05-23 15:51:42,086 DEV : loss 0.22567225992679596 - f1-score (micro avg)  0.4988
2022-05-23 15:51:42,174 BAD EPOCHS (no improvement): 1
2022-05-23 15:51:42,183 ----------------------------------------------------------------------------------------------------
2022-05-23 15:51:46,255 epoch 9 - iter 10/107 - loss 0.08362319 - samples/sec: 78.61 - lr: 0.100000
2022-05-23 15:51:50,322 epoch 9 - iter 20/107 - loss 0.10438251 - samples/sec: 78.69 - lr: 0.100000
2022-05-23 15:51:54,282 epoch 9 - iter 30/107 - loss 0.10241040 - samples/sec: 80.85 - lr: 0.100000
2022-05-23 15:51:58,317 epoch 9 - iter 40/107 - loss 0.09714497 - samples/sec: 79.31 - lr: 0.100000
2022-05-23 15:52:02,236 epoch 9 - iter 50/107 - loss 0.09424699 - samples/sec: 81.67 - lr: 0.100000
2022-05-23 15:52:06,276 epoch 9 - iter 60/107 - loss 0.09541917 - samples/sec: 79.22 - lr: 0.100000
2022-05-23 15:52:09,735 epoch 9 - iter 70/107 - loss 0.09710338 - samples/sec: 92.57 - lr: 0.100000
2022-05-23 15:52:12,926 epoch 9 - iter 80/107 - loss 0.09596827 - samples/sec: 100.32 - lr: 0.100000
2022-05-23 15:52:15,876 epoch 9 - iter 90/107 - loss 0.09694094 - samples/sec: 108.50 - lr: 0.100000
2022-05-23 15:52:19,490 epoch 9 - iter 100/107 - loss 0.09723356 - samples/sec: 88.57 - lr: 0.100000
2022-05-23 15:52:22,040 ----------------------------------------------------------------------------------------------------
2022-05-23 15:52:22,040 EPOCH 9 done: loss 0.0972 - lr 0.100000
2022-05-23 15:52:34,114 Evaluating as a multi-label problem: False
2022-05-23 15:52:34,126 DEV : loss 0.21276526153087616 - f1-score (micro avg)  0.4866
2022-05-23 15:52:34,219 BAD EPOCHS (no improvement): 2
2022-05-23 15:52:34,230 ----------------------------------------------------------------------------------------------------
2022-05-23 15:52:38,232 epoch 10 - iter 10/107 - loss 0.09798876 - samples/sec: 79.99 - lr: 0.100000
2022-05-23 15:52:42,386 epoch 10 - iter 20/107 - loss 0.08989328 - samples/sec: 77.06 - lr: 0.100000
2022-05-23 15:52:46,213 epoch 10 - iter 30/107 - loss 0.08833943 - samples/sec: 83.65 - lr: 0.100000
2022-05-23 15:52:49,718 epoch 10 - iter 40/107 - loss 0.08709567 - samples/sec: 91.32 - lr: 0.100000
2022-05-23 15:52:52,723 epoch 10 - iter 50/107 - loss 0.09036349 - samples/sec: 106.54 - lr: 0.100000
2022-05-23 15:52:56,212 epoch 10 - iter 60/107 - loss 0.09030060 - samples/sec: 91.75 - lr: 0.100000
2022-05-23 15:53:00,121 epoch 10 - iter 70/107 - loss 0.08997918 - samples/sec: 81.89 - lr: 0.100000
2022-05-23 15:53:04,273 epoch 10 - iter 80/107 - loss 0.09074109 - samples/sec: 77.09 - lr: 0.100000
2022-05-23 15:53:08,154 epoch 10 - iter 90/107 - loss 0.09064287 - samples/sec: 82.48 - lr: 0.100000
2022-05-23 15:53:12,294 epoch 10 - iter 100/107 - loss 0.09084093 - samples/sec: 77.31 - lr: 0.100000
2022-05-23 15:53:14,720 ----------------------------------------------------------------------------------------------------
2022-05-23 15:53:14,720 EPOCH 10 done: loss 0.0911 - lr 0.100000
2022-05-23 15:53:27,193 Evaluating as a multi-label problem: False
2022-05-23 15:53:27,207 DEV : loss 0.2425408661365509 - f1-score (micro avg)  0.4531
2022-05-23 15:53:27,301 BAD EPOCHS (no improvement): 3
2022-05-23 15:53:27,343 ----------------------------------------------------------------------------------------------------
2022-05-23 15:53:30,385 epoch 11 - iter 10/107 - loss 0.08217072 - samples/sec: 105.26 - lr: 0.100000
2022-05-23 15:53:33,220 epoch 11 - iter 20/107 - loss 0.08736214 - samples/sec: 112.89 - lr: 0.100000
2022-05-23 15:53:36,460 epoch 11 - iter 30/107 - loss 0.08252232 - samples/sec: 98.81 - lr: 0.100000
2022-05-23 15:53:40,523 epoch 11 - iter 40/107 - loss 0.08343136 - samples/sec: 78.79 - lr: 0.100000
2022-05-23 15:53:44,544 epoch 11 - iter 50/107 - loss 0.08561511 - samples/sec: 79.60 - lr: 0.100000
2022-05-23 15:53:48,496 epoch 11 - iter 60/107 - loss 0.08723375 - samples/sec: 80.99 - lr: 0.100000
2022-05-23 15:53:52,409 epoch 11 - iter 70/107 - loss 0.08965093 - samples/sec: 81.81 - lr: 0.100000
2022-05-23 15:53:56,370 epoch 11 - iter 80/107 - loss 0.08767583 - samples/sec: 80.79 - lr: 0.100000
2022-05-23 15:54:00,420 epoch 11 - iter 90/107 - loss 0.08667372 - samples/sec: 79.04 - lr: 0.100000
2022-05-23 15:54:04,054 epoch 11 - iter 100/107 - loss 0.08699222 - samples/sec: 88.07 - lr: 0.100000
2022-05-23 15:54:06,476 ----------------------------------------------------------------------------------------------------
2022-05-23 15:54:06,476 EPOCH 11 done: loss 0.0876 - lr 0.100000
2022-05-23 15:54:16,019 Evaluating as a multi-label problem: False
2022-05-23 15:54:16,030 DEV : loss 0.1940089613199234 - f1-score (micro avg)  0.5146
2022-05-23 15:54:16,116 BAD EPOCHS (no improvement): 0
2022-05-23 15:54:16,119 saving best model
2022-05-23 15:54:45,636 ----------------------------------------------------------------------------------------------------
2022-05-23 15:54:48,227 epoch 12 - iter 10/107 - loss 0.09190424 - samples/sec: 123.60 - lr: 0.100000
2022-05-23 15:54:50,676 epoch 12 - iter 20/107 - loss 0.09568667 - samples/sec: 130.73 - lr: 0.100000
2022-05-23 15:54:53,173 epoch 12 - iter 30/107 - loss 0.09239826 - samples/sec: 128.18 - lr: 0.100000
2022-05-23 15:54:55,645 epoch 12 - iter 40/107 - loss 0.09007717 - samples/sec: 129.53 - lr: 0.100000
2022-05-23 15:54:58,186 epoch 12 - iter 50/107 - loss 0.08834778 - samples/sec: 125.97 - lr: 0.100000
2022-05-23 15:55:00,567 epoch 12 - iter 60/107 - loss 0.08695574 - samples/sec: 134.43 - lr: 0.100000
2022-05-23 15:55:02,970 epoch 12 - iter 70/107 - loss 0.08526696 - samples/sec: 133.27 - lr: 0.100000
2022-05-23 15:55:05,461 epoch 12 - iter 80/107 - loss 0.08449862 - samples/sec: 128.51 - lr: 0.100000
2022-05-23 15:55:07,917 epoch 12 - iter 90/107 - loss 0.08353928 - samples/sec: 130.36 - lr: 0.100000
2022-05-23 15:55:10,528 epoch 12 - iter 100/107 - loss 0.08296583 - samples/sec: 122.61 - lr: 0.100000
2022-05-23 15:55:12,047 ----------------------------------------------------------------------------------------------------
2022-05-23 15:55:12,047 EPOCH 12 done: loss 0.0832 - lr 0.100000
2022-05-23 15:55:19,753 Evaluating as a multi-label problem: False
2022-05-23 15:55:19,766 DEV : loss 0.20319128036499023 - f1-score (micro avg)  0.4726
2022-05-23 15:55:19,858 BAD EPOCHS (no improvement): 1
2022-05-23 15:55:19,917 ----------------------------------------------------------------------------------------------------
2022-05-23 15:55:22,385 epoch 13 - iter 10/107 - loss 0.07631128 - samples/sec: 129.69 - lr: 0.100000
2022-05-23 15:55:26,328 epoch 13 - iter 20/107 - loss 0.08502881 - samples/sec: 81.18 - lr: 0.100000
2022-05-23 15:55:29,963 epoch 13 - iter 30/107 - loss 0.08446088 - samples/sec: 88.06 - lr: 0.100000
2022-05-23 15:55:33,918 epoch 13 - iter 40/107 - loss 0.08496215 - samples/sec: 80.94 - lr: 0.100000
2022-05-23 15:55:37,794 epoch 13 - iter 50/107 - loss 0.08075019 - samples/sec: 82.58 - lr: 0.100000
2022-05-23 15:55:41,573 epoch 13 - iter 60/107 - loss 0.07593623 - samples/sec: 84.70 - lr: 0.100000
2022-05-23 15:55:45,350 epoch 13 - iter 70/107 - loss 0.07811319 - samples/sec: 84.74 - lr: 0.100000
2022-05-23 15:55:49,555 epoch 13 - iter 80/107 - loss 0.08025818 - samples/sec: 76.14 - lr: 0.100000
2022-05-23 15:55:53,451 epoch 13 - iter 90/107 - loss 0.07817283 - samples/sec: 82.15 - lr: 0.100000
2022-05-23 15:55:57,201 epoch 13 - iter 100/107 - loss 0.07782589 - samples/sec: 85.37 - lr: 0.100000
2022-05-23 15:55:59,002 ----------------------------------------------------------------------------------------------------
2022-05-23 15:55:59,002 EPOCH 13 done: loss 0.0787 - lr 0.100000
2022-05-23 15:56:07,091 Evaluating as a multi-label problem: False
2022-05-23 15:56:07,102 DEV : loss 0.19072793424129486 - f1-score (micro avg)  0.5221
2022-05-23 15:56:07,192 BAD EPOCHS (no improvement): 0
2022-05-23 15:56:07,202 saving best model
2022-05-23 15:56:37,904 ----------------------------------------------------------------------------------------------------
2022-05-23 15:56:40,371 epoch 14 - iter 10/107 - loss 0.06543478 - samples/sec: 129.81 - lr: 0.100000
2022-05-23 15:56:42,832 epoch 14 - iter 20/107 - loss 0.06560401 - samples/sec: 130.09 - lr: 0.100000
2022-05-23 15:56:45,220 epoch 14 - iter 30/107 - loss 0.06965592 - samples/sec: 134.07 - lr: 0.100000
2022-05-23 15:56:47,570 epoch 14 - iter 40/107 - loss 0.07143868 - samples/sec: 136.19 - lr: 0.100000
2022-05-23 15:56:50,002 epoch 14 - iter 50/107 - loss 0.07390051 - samples/sec: 131.63 - lr: 0.100000
2022-05-23 15:56:52,486 epoch 14 - iter 60/107 - loss 0.07634982 - samples/sec: 128.88 - lr: 0.100000
2022-05-23 15:56:54,994 epoch 14 - iter 70/107 - loss 0.07705939 - samples/sec: 127.66 - lr: 0.100000
2022-05-23 15:56:57,517 epoch 14 - iter 80/107 - loss 0.07495245 - samples/sec: 126.88 - lr: 0.100000
2022-05-23 15:56:59,925 epoch 14 - iter 90/107 - loss 0.07602915 - samples/sec: 132.91 - lr: 0.100000
2022-05-23 15:57:02,419 epoch 14 - iter 100/107 - loss 0.07567227 - samples/sec: 128.36 - lr: 0.100000
2022-05-23 15:57:03,900 ----------------------------------------------------------------------------------------------------
2022-05-23 15:57:03,900 EPOCH 14 done: loss 0.0755 - lr 0.100000
2022-05-23 15:57:11,691 Evaluating as a multi-label problem: False
2022-05-23 15:57:11,702 DEV : loss 0.18443849682807922 - f1-score (micro avg)  0.5199
2022-05-23 15:57:11,787 BAD EPOCHS (no improvement): 1
2022-05-23 15:57:11,795 ----------------------------------------------------------------------------------------------------
2022-05-23 15:57:15,712 epoch 15 - iter 10/107 - loss 0.07565843 - samples/sec: 81.71 - lr: 0.100000
2022-05-23 15:57:19,357 epoch 15 - iter 20/107 - loss 0.07203780 - samples/sec: 87.82 - lr: 0.100000
2022-05-23 15:57:23,191 epoch 15 - iter 30/107 - loss 0.06804632 - samples/sec: 83.47 - lr: 0.100000
2022-05-23 15:57:27,135 epoch 15 - iter 40/107 - loss 0.07177892 - samples/sec: 81.16 - lr: 0.100000
2022-05-23 15:57:30,962 epoch 15 - iter 50/107 - loss 0.07458991 - samples/sec: 83.66 - lr: 0.100000
2022-05-23 15:57:34,842 epoch 15 - iter 60/107 - loss 0.07258976 - samples/sec: 82.50 - lr: 0.100000
2022-05-23 15:57:38,852 epoch 15 - iter 70/107 - loss 0.07361575 - samples/sec: 79.81 - lr: 0.100000
2022-05-23 15:57:43,019 epoch 15 - iter 80/107 - loss 0.07312761 - samples/sec: 76.82 - lr: 0.100000
2022-05-23 15:57:46,324 epoch 15 - iter 90/107 - loss 0.07448300 - samples/sec: 96.85 - lr: 0.100000
2022-05-23 15:57:49,406 epoch 15 - iter 100/107 - loss 0.07260280 - samples/sec: 103.87 - lr: 0.100000
2022-05-23 15:57:51,180 ----------------------------------------------------------------------------------------------------
2022-05-23 15:57:51,180 EPOCH 15 done: loss 0.0712 - lr 0.100000
2022-05-23 15:58:02,541 Evaluating as a multi-label problem: False
2022-05-23 15:58:02,552 DEV : loss 0.2060040384531021 - f1-score (micro avg)  0.51
2022-05-23 15:58:02,638 BAD EPOCHS (no improvement): 2
2022-05-23 15:58:02,642 ----------------------------------------------------------------------------------------------------
2022-05-23 15:58:06,673 epoch 16 - iter 10/107 - loss 0.05686731 - samples/sec: 79.41 - lr: 0.100000
2022-05-23 15:58:10,441 epoch 16 - iter 20/107 - loss 0.05511169 - samples/sec: 84.95 - lr: 0.100000
2022-05-23 15:58:14,368 epoch 16 - iter 30/107 - loss 0.05833021 - samples/sec: 81.50 - lr: 0.100000
2022-05-23 15:58:18,328 epoch 16 - iter 40/107 - loss 0.06231954 - samples/sec: 80.84 - lr: 0.100000
2022-05-23 15:58:22,231 epoch 16 - iter 50/107 - loss 0.06259050 - samples/sec: 82.01 - lr: 0.100000
2022-05-23 15:58:25,497 epoch 16 - iter 60/107 - loss 0.06514089 - samples/sec: 98.01 - lr: 0.100000
2022-05-23 15:58:28,327 epoch 16 - iter 70/107 - loss 0.06504607 - samples/sec: 113.10 - lr: 0.100000
2022-05-23 15:58:31,260 epoch 16 - iter 80/107 - loss 0.06704224 - samples/sec: 109.14 - lr: 0.100000
2022-05-23 15:58:35,304 epoch 16 - iter 90/107 - loss 0.06860753 - samples/sec: 79.15 - lr: 0.100000
2022-05-23 15:58:39,333 epoch 16 - iter 100/107 - loss 0.06820665 - samples/sec: 79.44 - lr: 0.100000
2022-05-23 15:58:41,712 ----------------------------------------------------------------------------------------------------
2022-05-23 15:58:41,713 EPOCH 16 done: loss 0.0687 - lr 0.100000
2022-05-23 15:58:53,337 Evaluating as a multi-label problem: False
2022-05-23 15:58:53,349 DEV : loss 0.2089732140302658 - f1-score (micro avg)  0.5055
2022-05-23 15:58:53,433 BAD EPOCHS (no improvement): 3
2022-05-23 15:58:53,437 ----------------------------------------------------------------------------------------------------
2022-05-23 15:58:57,396 epoch 17 - iter 10/107 - loss 0.06252371 - samples/sec: 80.85 - lr: 0.100000
2022-05-23 15:59:01,421 epoch 17 - iter 20/107 - loss 0.06017113 - samples/sec: 79.53 - lr: 0.100000
2022-05-23 15:59:04,576 epoch 17 - iter 30/107 - loss 0.06067031 - samples/sec: 101.49 - lr: 0.100000
2022-05-23 15:59:07,876 epoch 17 - iter 40/107 - loss 0.06311156 - samples/sec: 96.99 - lr: 0.100000
2022-05-23 15:59:10,872 epoch 17 - iter 50/107 - loss 0.06414150 - samples/sec: 106.85 - lr: 0.100000
2022-05-23 15:59:14,626 epoch 17 - iter 60/107 - loss 0.06452591 - samples/sec: 85.26 - lr: 0.100000
2022-05-23 15:59:18,744 epoch 17 - iter 70/107 - loss 0.06418858 - samples/sec: 77.72 - lr: 0.100000
2022-05-23 15:59:22,874 epoch 17 - iter 80/107 - loss 0.06453931 - samples/sec: 77.51 - lr: 0.100000
2022-05-23 15:59:26,954 epoch 17 - iter 90/107 - loss 0.06404762 - samples/sec: 78.44 - lr: 0.100000
2022-05-23 15:59:30,814 epoch 17 - iter 100/107 - loss 0.06413471 - samples/sec: 82.94 - lr: 0.100000
2022-05-23 15:59:33,274 ----------------------------------------------------------------------------------------------------
2022-05-23 15:59:33,274 EPOCH 17 done: loss 0.0639 - lr 0.100000
2022-05-23 15:59:44,042 Evaluating as a multi-label problem: False
2022-05-23 15:59:44,054 DEV : loss 0.20549511909484863 - f1-score (micro avg)  0.4901
2022-05-23 15:59:44,139 Epoch    17: reducing learning rate of group 0 to 5.0000e-02.
2022-05-23 15:59:44,139 BAD EPOCHS (no improvement): 4
2022-05-23 15:59:44,152 ----------------------------------------------------------------------------------------------------
2022-05-23 15:59:47,167 epoch 18 - iter 10/107 - loss 0.05715112 - samples/sec: 106.18 - lr: 0.050000
2022-05-23 15:59:50,256 epoch 18 - iter 20/107 - loss 0.05318706 - samples/sec: 103.62 - lr: 0.050000
2022-05-23 15:59:53,979 epoch 18 - iter 30/107 - loss 0.05297826 - samples/sec: 85.98 - lr: 0.050000
2022-05-23 15:59:57,985 epoch 18 - iter 40/107 - loss 0.05276021 - samples/sec: 79.92 - lr: 0.050000
2022-05-23 16:00:01,715 epoch 18 - iter 50/107 - loss 0.05590552 - samples/sec: 85.80 - lr: 0.050000
2022-05-23 16:00:05,585 epoch 18 - iter 60/107 - loss 0.05594143 - samples/sec: 82.72 - lr: 0.050000
2022-05-23 16:00:09,680 epoch 18 - iter 70/107 - loss 0.05589694 - samples/sec: 78.15 - lr: 0.050000
2022-05-23 16:00:13,405 epoch 18 - iter 80/107 - loss 0.05606590 - samples/sec: 85.93 - lr: 0.050000
2022-05-23 16:00:17,517 epoch 18 - iter 90/107 - loss 0.05723207 - samples/sec: 77.84 - lr: 0.050000
2022-05-23 16:00:21,512 epoch 18 - iter 100/107 - loss 0.05810444 - samples/sec: 80.13 - lr: 0.050000
2022-05-23 16:00:23,634 ----------------------------------------------------------------------------------------------------
2022-05-23 16:00:23,635 EPOCH 18 done: loss 0.0573 - lr 0.050000
2022-05-23 16:00:33,290 Evaluating as a multi-label problem: False
2022-05-23 16:00:33,303 DEV : loss 0.199933722615242 - f1-score (micro avg)  0.5195
2022-05-23 16:00:33,392 BAD EPOCHS (no improvement): 1
2022-05-23 16:00:33,405 ----------------------------------------------------------------------------------------------------
2022-05-23 16:00:37,140 epoch 19 - iter 10/107 - loss 0.04484895 - samples/sec: 85.71 - lr: 0.050000
2022-05-23 16:00:41,004 epoch 19 - iter 20/107 - loss 0.05052234 - samples/sec: 82.84 - lr: 0.050000
2022-05-23 16:00:44,807 epoch 19 - iter 30/107 - loss 0.05283176 - samples/sec: 84.16 - lr: 0.050000
2022-05-23 16:00:48,669 epoch 19 - iter 40/107 - loss 0.05113039 - samples/sec: 82.89 - lr: 0.050000
2022-05-23 16:00:52,679 epoch 19 - iter 50/107 - loss 0.05177174 - samples/sec: 79.81 - lr: 0.050000
2022-05-23 16:00:56,668 epoch 19 - iter 60/107 - loss 0.05055266 - samples/sec: 80.24 - lr: 0.050000
2022-05-23 16:01:00,513 epoch 19 - iter 70/107 - loss 0.05108454 - samples/sec: 83.24 - lr: 0.050000
2022-05-23 16:01:04,013 epoch 19 - iter 80/107 - loss 0.05220198 - samples/sec: 91.46 - lr: 0.050000
2022-05-23 16:01:06,887 epoch 19 - iter 90/107 - loss 0.05322275 - samples/sec: 111.37 - lr: 0.050000
2022-05-23 16:01:09,841 epoch 19 - iter 100/107 - loss 0.05351273 - samples/sec: 108.38 - lr: 0.050000
2022-05-23 16:01:11,340 ----------------------------------------------------------------------------------------------------
2022-05-23 16:01:11,340 EPOCH 19 done: loss 0.0533 - lr 0.050000
2022-05-23 16:01:18,937 Evaluating as a multi-label problem: False
2022-05-23 16:01:18,949 DEV : loss 0.1975114941596985 - f1-score (micro avg)  0.5353
2022-05-23 16:01:19,035 BAD EPOCHS (no improvement): 0
2022-05-23 16:01:19,168 saving best model
2022-05-23 16:01:49,711 ----------------------------------------------------------------------------------------------------
2022-05-23 16:01:52,199 epoch 20 - iter 10/107 - loss 0.04959056 - samples/sec: 128.72 - lr: 0.050000
2022-05-23 16:01:54,668 epoch 20 - iter 20/107 - loss 0.05047241 - samples/sec: 129.66 - lr: 0.050000
2022-05-23 16:01:57,111 epoch 20 - iter 30/107 - loss 0.04843734 - samples/sec: 131.04 - lr: 0.050000
2022-05-23 16:01:59,544 epoch 20 - iter 40/107 - loss 0.05100140 - samples/sec: 131.57 - lr: 0.050000
2022-05-23 16:02:01,990 epoch 20 - iter 50/107 - loss 0.05084103 - samples/sec: 130.89 - lr: 0.050000
2022-05-23 16:02:04,463 epoch 20 - iter 60/107 - loss 0.05043329 - samples/sec: 129.46 - lr: 0.050000
2022-05-23 16:02:06,902 epoch 20 - iter 70/107 - loss 0.05227968 - samples/sec: 131.24 - lr: 0.050000
2022-05-23 16:02:09,415 epoch 20 - iter 80/107 - loss 0.05156158 - samples/sec: 127.37 - lr: 0.050000
2022-05-23 16:02:11,865 epoch 20 - iter 90/107 - loss 0.05241778 - samples/sec: 130.66 - lr: 0.050000
2022-05-23 16:02:14,343 epoch 20 - iter 100/107 - loss 0.05234585 - samples/sec: 129.21 - lr: 0.050000
2022-05-23 16:02:15,890 ----------------------------------------------------------------------------------------------------
2022-05-23 16:02:15,890 EPOCH 20 done: loss 0.0517 - lr 0.050000
2022-05-23 16:02:29,238 Evaluating as a multi-label problem: False
2022-05-23 16:02:29,250 DEV : loss 0.2058347910642624 - f1-score (micro avg)  0.5242
2022-05-23 16:02:29,336 BAD EPOCHS (no improvement): 1
2022-05-23 16:02:29,339 ----------------------------------------------------------------------------------------------------
2022-05-23 16:02:33,349 epoch 21 - iter 10/107 - loss 0.04602022 - samples/sec: 79.82 - lr: 0.050000
2022-05-23 16:02:37,193 epoch 21 - iter 20/107 - loss 0.04598136 - samples/sec: 83.28 - lr: 0.050000
2022-05-23 16:02:41,224 epoch 21 - iter 30/107 - loss 0.04971970 - samples/sec: 79.40 - lr: 0.050000
2022-05-23 16:02:45,243 epoch 21 - iter 40/107 - loss 0.04956209 - samples/sec: 79.65 - lr: 0.050000
2022-05-23 16:02:48,643 epoch 21 - iter 50/107 - loss 0.04951029 - samples/sec: 94.13 - lr: 0.050000
2022-05-23 16:02:51,885 epoch 21 - iter 60/107 - loss 0.04892749 - samples/sec: 98.75 - lr: 0.050000
2022-05-23 16:02:55,159 epoch 21 - iter 70/107 - loss 0.04908298 - samples/sec: 97.76 - lr: 0.050000
2022-05-23 16:02:58,649 epoch 21 - iter 80/107 - loss 0.04906842 - samples/sec: 91.72 - lr: 0.050000
2022-05-23 16:03:02,504 epoch 21 - iter 90/107 - loss 0.04963758 - samples/sec: 83.04 - lr: 0.050000
2022-05-23 16:03:06,545 epoch 21 - iter 100/107 - loss 0.04953792 - samples/sec: 79.20 - lr: 0.050000
2022-05-23 16:03:08,992 ----------------------------------------------------------------------------------------------------
2022-05-23 16:03:08,992 EPOCH 21 done: loss 0.0491 - lr 0.050000
2022-05-23 16:03:21,155 Evaluating as a multi-label problem: False
2022-05-23 16:03:21,167 DEV : loss 0.2141263335943222 - f1-score (micro avg)  0.4984
2022-05-23 16:03:21,254 BAD EPOCHS (no improvement): 2
2022-05-23 16:03:21,257 ----------------------------------------------------------------------------------------------------
2022-05-23 16:03:25,250 epoch 22 - iter 10/107 - loss 0.04728007 - samples/sec: 80.17 - lr: 0.050000
2022-05-23 16:03:28,776 epoch 22 - iter 20/107 - loss 0.04779514 - samples/sec: 90.79 - lr: 0.050000
2022-05-23 16:03:31,889 epoch 22 - iter 30/107 - loss 0.04769081 - samples/sec: 102.82 - lr: 0.050000
2022-05-23 16:03:34,843 epoch 22 - iter 40/107 - loss 0.04549461 - samples/sec: 108.36 - lr: 0.050000
2022-05-23 16:03:38,225 epoch 22 - iter 50/107 - loss 0.04727577 - samples/sec: 94.65 - lr: 0.050000
2022-05-23 16:03:42,333 epoch 22 - iter 60/107 - loss 0.05013410 - samples/sec: 77.92 - lr: 0.050000
2022-05-23 16:03:46,353 epoch 22 - iter 70/107 - loss 0.04931225 - samples/sec: 79.62 - lr: 0.050000
2022-05-23 16:03:50,106 epoch 22 - iter 80/107 - loss 0.04924751 - samples/sec: 85.29 - lr: 0.050000
2022-05-23 16:03:54,059 epoch 22 - iter 90/107 - loss 0.04861585 - samples/sec: 80.99 - lr: 0.050000
2022-05-23 16:03:57,827 epoch 22 - iter 100/107 - loss 0.04905000 - samples/sec: 84.94 - lr: 0.050000
2022-05-23 16:04:00,365 ----------------------------------------------------------------------------------------------------
2022-05-23 16:04:00,365 EPOCH 22 done: loss 0.0485 - lr 0.050000
2022-05-23 16:04:11,201 Evaluating as a multi-label problem: False
2022-05-23 16:04:11,212 DEV : loss 0.20273816585540771 - f1-score (micro avg)  0.5223
2022-05-23 16:04:11,300 BAD EPOCHS (no improvement): 3
2022-05-23 16:04:11,304 ----------------------------------------------------------------------------------------------------
2022-05-23 16:04:14,385 epoch 23 - iter 10/107 - loss 0.04543090 - samples/sec: 103.89 - lr: 0.050000
2022-05-23 16:04:17,885 epoch 23 - iter 20/107 - loss 0.04225605 - samples/sec: 91.44 - lr: 0.050000
2022-05-23 16:04:21,690 epoch 23 - iter 30/107 - loss 0.04351990 - samples/sec: 84.14 - lr: 0.050000
2022-05-23 16:04:25,542 epoch 23 - iter 40/107 - loss 0.04845005 - samples/sec: 83.09 - lr: 0.050000
2022-05-23 16:04:29,480 epoch 23 - iter 50/107 - loss 0.04725383 - samples/sec: 81.29 - lr: 0.050000
2022-05-23 16:04:33,495 epoch 23 - iter 60/107 - loss 0.04626817 - samples/sec: 79.72 - lr: 0.050000
2022-05-23 16:04:37,626 epoch 23 - iter 70/107 - loss 0.04557596 - samples/sec: 77.48 - lr: 0.050000
2022-05-23 16:04:41,509 epoch 23 - iter 80/107 - loss 0.04549430 - samples/sec: 82.43 - lr: 0.050000
2022-05-23 16:04:45,232 epoch 23 - iter 90/107 - loss 0.04616267 - samples/sec: 85.98 - lr: 0.050000
2022-05-23 16:04:48,820 epoch 23 - iter 100/107 - loss 0.04619955 - samples/sec: 89.21 - lr: 0.050000
2022-05-23 16:04:50,939 ----------------------------------------------------------------------------------------------------
2022-05-23 16:04:50,939 EPOCH 23 done: loss 0.0461 - lr 0.050000
2022-05-23 16:04:59,152 Evaluating as a multi-label problem: False
2022-05-23 16:04:59,163 DEV : loss 0.20394866168498993 - f1-score (micro avg)  0.5251
2022-05-23 16:04:59,248 Epoch    23: reducing learning rate of group 0 to 2.5000e-02.
2022-05-23 16:04:59,248 BAD EPOCHS (no improvement): 4
2022-05-23 16:04:59,252 ----------------------------------------------------------------------------------------------------
2022-05-23 16:05:01,823 epoch 24 - iter 10/107 - loss 0.03511367 - samples/sec: 124.53 - lr: 0.025000
2022-05-23 16:05:04,337 epoch 24 - iter 20/107 - loss 0.03690265 - samples/sec: 127.32 - lr: 0.025000
2022-05-23 16:05:06,753 epoch 24 - iter 30/107 - loss 0.03724969 - samples/sec: 132.52 - lr: 0.025000
2022-05-23 16:05:09,245 epoch 24 - iter 40/107 - loss 0.03981132 - samples/sec: 128.45 - lr: 0.025000
2022-05-23 16:05:11,654 epoch 24 - iter 50/107 - loss 0.04203364 - samples/sec: 132.88 - lr: 0.025000
2022-05-23 16:05:14,108 epoch 24 - iter 60/107 - loss 0.04258195 - samples/sec: 130.46 - lr: 0.025000
2022-05-23 16:05:16,507 epoch 24 - iter 70/107 - loss 0.04365704 - samples/sec: 133.44 - lr: 0.025000
2022-05-23 16:05:18,881 epoch 24 - iter 80/107 - loss 0.04346680 - samples/sec: 134.83 - lr: 0.025000
2022-05-23 16:05:21,345 epoch 24 - iter 90/107 - loss 0.04279062 - samples/sec: 129.94 - lr: 0.025000
2022-05-23 16:05:23,652 epoch 24 - iter 100/107 - loss 0.04277900 - samples/sec: 138.76 - lr: 0.025000
2022-05-23 16:05:25,142 ----------------------------------------------------------------------------------------------------
2022-05-23 16:05:25,142 EPOCH 24 done: loss 0.0423 - lr 0.025000
2022-05-23 16:05:32,378 Evaluating as a multi-label problem: False
2022-05-23 16:05:32,389 DEV : loss 0.20216511189937592 - f1-score (micro avg)  0.5317
2022-05-23 16:05:32,475 BAD EPOCHS (no improvement): 1
2022-05-23 16:05:32,515 ----------------------------------------------------------------------------------------------------
2022-05-23 16:05:34,839 epoch 25 - iter 10/107 - loss 0.04266832 - samples/sec: 137.79 - lr: 0.025000
2022-05-23 16:05:37,221 epoch 25 - iter 20/107 - loss 0.03961013 - samples/sec: 134.41 - lr: 0.025000
2022-05-23 16:05:39,566 epoch 25 - iter 30/107 - loss 0.04075392 - samples/sec: 136.50 - lr: 0.025000
2022-05-23 16:05:41,925 epoch 25 - iter 40/107 - loss 0.04076415 - samples/sec: 135.71 - lr: 0.025000
2022-05-23 16:05:44,282 epoch 25 - iter 50/107 - loss 0.03875409 - samples/sec: 135.84 - lr: 0.025000
2022-05-23 16:05:46,634 epoch 25 - iter 60/107 - loss 0.03991081 - samples/sec: 136.11 - lr: 0.025000
2022-05-23 16:05:49,035 epoch 25 - iter 70/107 - loss 0.04050104 - samples/sec: 133.34 - lr: 0.025000
2022-05-23 16:05:51,425 epoch 25 - iter 80/107 - loss 0.04012434 - samples/sec: 133.95 - lr: 0.025000
2022-05-23 16:05:53,964 epoch 25 - iter 90/107 - loss 0.04035858 - samples/sec: 126.07 - lr: 0.025000
2022-05-23 16:05:56,527 epoch 25 - iter 100/107 - loss 0.04016616 - samples/sec: 124.93 - lr: 0.025000
2022-05-23 16:05:58,105 ----------------------------------------------------------------------------------------------------
2022-05-23 16:05:58,105 EPOCH 25 done: loss 0.0401 - lr 0.025000
2022-05-23 16:06:07,196 Evaluating as a multi-label problem: False
2022-05-23 16:06:07,206 DEV : loss 0.21780619025230408 - f1-score (micro avg)  0.5189
2022-05-23 16:06:07,291 BAD EPOCHS (no improvement): 2
2022-05-23 16:06:07,316 ----------------------------------------------------------------------------------------------------
2022-05-23 16:06:11,228 epoch 26 - iter 10/107 - loss 0.03721535 - samples/sec: 81.83 - lr: 0.025000
2022-05-23 16:06:15,332 epoch 26 - iter 20/107 - loss 0.04251999 - samples/sec: 78.00 - lr: 0.025000
2022-05-23 16:06:19,137 epoch 26 - iter 30/107 - loss 0.04319131 - samples/sec: 84.13 - lr: 0.025000
2022-05-23 16:06:22,965 epoch 26 - iter 40/107 - loss 0.04246542 - samples/sec: 83.61 - lr: 0.025000
2022-05-23 16:06:26,937 epoch 26 - iter 50/107 - loss 0.04242362 - samples/sec: 80.58 - lr: 0.025000
2022-05-23 16:06:30,913 epoch 26 - iter 60/107 - loss 0.04064829 - samples/sec: 80.51 - lr: 0.025000
2022-05-23 16:06:34,960 epoch 26 - iter 70/107 - loss 0.04125171 - samples/sec: 79.09 - lr: 0.025000
2022-05-23 16:06:37,947 epoch 26 - iter 80/107 - loss 0.04161955 - samples/sec: 107.16 - lr: 0.025000
2022-05-23 16:06:40,804 epoch 26 - iter 90/107 - loss 0.04062308 - samples/sec: 112.05 - lr: 0.025000
2022-05-23 16:06:43,925 epoch 26 - iter 100/107 - loss 0.04053789 - samples/sec: 102.56 - lr: 0.025000
2022-05-23 16:06:46,431 ----------------------------------------------------------------------------------------------------
2022-05-23 16:06:46,431 EPOCH 26 done: loss 0.0401 - lr 0.025000
2022-05-23 16:06:58,210 Evaluating as a multi-label problem: False
2022-05-23 16:06:58,221 DEV : loss 0.20658236742019653 - f1-score (micro avg)  0.5266
2022-05-23 16:06:58,309 BAD EPOCHS (no improvement): 3
2022-05-23 16:06:58,346 ----------------------------------------------------------------------------------------------------
2022-05-23 16:07:02,295 epoch 27 - iter 10/107 - loss 0.03938979 - samples/sec: 81.07 - lr: 0.025000
2022-05-23 16:07:06,237 epoch 27 - iter 20/107 - loss 0.03511558 - samples/sec: 81.20 - lr: 0.025000
2022-05-23 16:07:09,915 epoch 27 - iter 30/107 - loss 0.03575155 - samples/sec: 87.03 - lr: 0.025000
2022-05-23 16:07:13,842 epoch 27 - iter 40/107 - loss 0.03886129 - samples/sec: 81.53 - lr: 0.025000
2022-05-23 16:07:16,991 epoch 27 - iter 50/107 - loss 0.03907580 - samples/sec: 101.65 - lr: 0.025000
2022-05-23 16:07:19,930 epoch 27 - iter 60/107 - loss 0.04011893 - samples/sec: 108.92 - lr: 0.025000
2022-05-23 16:07:22,809 epoch 27 - iter 70/107 - loss 0.03980229 - samples/sec: 111.16 - lr: 0.025000
2022-05-23 16:07:26,817 epoch 27 - iter 80/107 - loss 0.03997566 - samples/sec: 79.87 - lr: 0.025000
2022-05-23 16:07:30,863 epoch 27 - iter 90/107 - loss 0.03865091 - samples/sec: 79.11 - lr: 0.025000
2022-05-23 16:07:34,834 epoch 27 - iter 100/107 - loss 0.03887585 - samples/sec: 80.61 - lr: 0.025000
2022-05-23 16:07:37,365 ----------------------------------------------------------------------------------------------------
2022-05-23 16:07:37,365 EPOCH 27 done: loss 0.0384 - lr 0.025000
2022-05-23 16:07:48,999 Evaluating as a multi-label problem: False
2022-05-23 16:07:49,010 DEV : loss 0.2087235301733017 - f1-score (micro avg)  0.5168
2022-05-23 16:07:49,096 Epoch    27: reducing learning rate of group 0 to 1.2500e-02.
2022-05-23 16:07:49,096 BAD EPOCHS (no improvement): 4
2022-05-23 16:07:49,099 ----------------------------------------------------------------------------------------------------
2022-05-23 16:07:52,816 epoch 28 - iter 10/107 - loss 0.03476727 - samples/sec: 86.12 - lr: 0.012500
2022-05-23 16:07:56,318 epoch 28 - iter 20/107 - loss 0.04066671 - samples/sec: 91.42 - lr: 0.012500
2022-05-23 16:07:59,005 epoch 28 - iter 30/107 - loss 0.03909781 - samples/sec: 119.11 - lr: 0.012500
2022-05-23 16:08:02,033 epoch 28 - iter 40/107 - loss 0.03887891 - samples/sec: 105.71 - lr: 0.012500
2022-05-23 16:08:05,885 epoch 28 - iter 50/107 - loss 0.03863329 - samples/sec: 83.11 - lr: 0.012500
2022-05-23 16:08:10,008 epoch 28 - iter 60/107 - loss 0.03846721 - samples/sec: 77.63 - lr: 0.012500
2022-05-23 16:08:13,929 epoch 28 - iter 70/107 - loss 0.03719953 - samples/sec: 81.63 - lr: 0.012500
2022-05-23 16:08:17,911 epoch 28 - iter 80/107 - loss 0.03711495 - samples/sec: 80.38 - lr: 0.012500
2022-05-23 16:08:22,000 epoch 28 - iter 90/107 - loss 0.03854118 - samples/sec: 78.27 - lr: 0.012500
2022-05-23 16:08:25,934 epoch 28 - iter 100/107 - loss 0.03860478 - samples/sec: 81.36 - lr: 0.012500
2022-05-23 16:08:28,276 ----------------------------------------------------------------------------------------------------
2022-05-23 16:08:28,276 EPOCH 28 done: loss 0.0384 - lr 0.012500
2022-05-23 16:08:39,296 Evaluating as a multi-label problem: False
2022-05-23 16:08:39,307 DEV : loss 0.2041628211736679 - f1-score (micro avg)  0.5345
2022-05-23 16:08:39,394 BAD EPOCHS (no improvement): 1
2022-05-23 16:08:39,397 ----------------------------------------------------------------------------------------------------
2022-05-23 16:08:42,751 epoch 29 - iter 10/107 - loss 0.04118710 - samples/sec: 95.46 - lr: 0.012500
2022-05-23 16:08:46,312 epoch 29 - iter 20/107 - loss 0.04091690 - samples/sec: 89.88 - lr: 0.012500
2022-05-23 16:08:50,365 epoch 29 - iter 30/107 - loss 0.03807769 - samples/sec: 78.99 - lr: 0.012500
2022-05-23 16:08:54,395 epoch 29 - iter 40/107 - loss 0.03620928 - samples/sec: 79.41 - lr: 0.012500
2022-05-23 16:08:58,295 epoch 29 - iter 50/107 - loss 0.03617615 - samples/sec: 82.08 - lr: 0.012500
2022-05-23 16:09:02,079 epoch 29 - iter 60/107 - loss 0.03561273 - samples/sec: 84.60 - lr: 0.012500
2022-05-23 16:09:06,024 epoch 29 - iter 70/107 - loss 0.03665989 - samples/sec: 81.14 - lr: 0.012500
2022-05-23 16:09:10,027 epoch 29 - iter 80/107 - loss 0.03676189 - samples/sec: 79.95 - lr: 0.012500
2022-05-23 16:09:13,824 epoch 29 - iter 90/107 - loss 0.03769409 - samples/sec: 84.31 - lr: 0.012500
2022-05-23 16:09:17,127 epoch 29 - iter 100/107 - loss 0.03848581 - samples/sec: 96.89 - lr: 0.012500
2022-05-23 16:09:18,857 ----------------------------------------------------------------------------------------------------
2022-05-23 16:09:18,857 EPOCH 29 done: loss 0.0378 - lr 0.012500
2022-05-23 16:09:29,053 Evaluating as a multi-label problem: False
2022-05-23 16:09:29,064 DEV : loss 0.20948480069637299 - f1-score (micro avg)  0.5245
2022-05-23 16:09:29,149 BAD EPOCHS (no improvement): 2
2022-05-23 16:09:29,164 ----------------------------------------------------------------------------------------------------
2022-05-23 16:09:32,933 epoch 30 - iter 10/107 - loss 0.03791080 - samples/sec: 84.94 - lr: 0.012500
2022-05-23 16:09:36,891 epoch 30 - iter 20/107 - loss 0.03692535 - samples/sec: 80.87 - lr: 0.012500
2022-05-23 16:09:40,662 epoch 30 - iter 30/107 - loss 0.03702986 - samples/sec: 84.88 - lr: 0.012500
2022-05-23 16:09:44,448 epoch 30 - iter 40/107 - loss 0.03763407 - samples/sec: 84.55 - lr: 0.012500
2022-05-23 16:09:48,357 epoch 30 - iter 50/107 - loss 0.03778920 - samples/sec: 81.87 - lr: 0.012500
2022-05-23 16:09:52,342 epoch 30 - iter 60/107 - loss 0.03768166 - samples/sec: 80.33 - lr: 0.012500
2022-05-23 16:09:55,957 epoch 30 - iter 70/107 - loss 0.03677745 - samples/sec: 88.54 - lr: 0.012500
2022-05-23 16:09:58,859 epoch 30 - iter 80/107 - loss 0.03606628 - samples/sec: 110.29 - lr: 0.012500
2022-05-23 16:10:01,693 epoch 30 - iter 90/107 - loss 0.03660562 - samples/sec: 112.97 - lr: 0.012500
2022-05-23 16:10:05,343 epoch 30 - iter 100/107 - loss 0.03641645 - samples/sec: 87.69 - lr: 0.012500
2022-05-23 16:10:07,785 ----------------------------------------------------------------------------------------------------
2022-05-23 16:10:07,785 EPOCH 30 done: loss 0.0362 - lr 0.012500
2022-05-23 16:10:19,687 Evaluating as a multi-label problem: False
2022-05-23 16:10:19,698 DEV : loss 0.20635868608951569 - f1-score (micro avg)  0.5296
2022-05-23 16:10:19,783 BAD EPOCHS (no improvement): 3
2022-05-23 16:10:19,786 ----------------------------------------------------------------------------------------------------
2022-05-23 16:10:23,787 epoch 31 - iter 10/107 - loss 0.03164486 - samples/sec: 80.03 - lr: 0.012500
2022-05-23 16:10:27,645 epoch 31 - iter 20/107 - loss 0.03132450 - samples/sec: 82.96 - lr: 0.012500
2022-05-23 16:10:31,483 epoch 31 - iter 30/107 - loss 0.03610785 - samples/sec: 83.39 - lr: 0.012500
2022-05-23 16:10:35,324 epoch 31 - iter 40/107 - loss 0.03581434 - samples/sec: 83.35 - lr: 0.012500
2022-05-23 16:10:38,149 epoch 31 - iter 50/107 - loss 0.03579187 - samples/sec: 113.31 - lr: 0.012500
2022-05-23 16:10:41,038 epoch 31 - iter 60/107 - loss 0.03545543 - samples/sec: 110.79 - lr: 0.012500
2022-05-23 16:10:44,615 epoch 31 - iter 70/107 - loss 0.03628607 - samples/sec: 89.49 - lr: 0.012500
2022-05-23 16:10:48,541 epoch 31 - iter 80/107 - loss 0.03651841 - samples/sec: 81.53 - lr: 0.012500
2022-05-23 16:10:52,242 epoch 31 - iter 90/107 - loss 0.03612544 - samples/sec: 86.47 - lr: 0.012500
2022-05-23 16:10:56,118 epoch 31 - iter 100/107 - loss 0.03633138 - samples/sec: 82.61 - lr: 0.012500
2022-05-23 16:10:58,642 ----------------------------------------------------------------------------------------------------
2022-05-23 16:10:58,642 EPOCH 31 done: loss 0.0360 - lr 0.012500
2022-05-23 16:11:10,431 Evaluating as a multi-label problem: False
2022-05-23 16:11:10,443 DEV : loss 0.20688314735889435 - f1-score (micro avg)  0.5276
2022-05-23 16:11:10,529 Epoch    31: reducing learning rate of group 0 to 6.2500e-03.
2022-05-23 16:11:10,529 BAD EPOCHS (no improvement): 4
2022-05-23 16:11:10,531 ----------------------------------------------------------------------------------------------------
2022-05-23 16:11:14,160 epoch 32 - iter 10/107 - loss 0.03476213 - samples/sec: 88.20 - lr: 0.006250
2022-05-23 16:11:17,471 epoch 32 - iter 20/107 - loss 0.03182365 - samples/sec: 96.69 - lr: 0.006250
2022-05-23 16:11:20,528 epoch 32 - iter 30/107 - loss 0.03293137 - samples/sec: 104.70 - lr: 0.006250
2022-05-23 16:11:23,866 epoch 32 - iter 40/107 - loss 0.03510261 - samples/sec: 95.91 - lr: 0.006250
2022-05-23 16:11:27,766 epoch 32 - iter 50/107 - loss 0.03485067 - samples/sec: 82.07 - lr: 0.006250
2022-05-23 16:11:32,444 epoch 32 - iter 60/107 - loss 0.03519663 - samples/sec: 68.43 - lr: 0.006250
2022-05-23 16:11:37,030 epoch 32 - iter 70/107 - loss 0.03502430 - samples/sec: 69.80 - lr: 0.006250
2022-05-23 16:11:41,011 epoch 32 - iter 80/107 - loss 0.03498267 - samples/sec: 80.40 - lr: 0.006250
2022-05-23 16:11:45,216 epoch 32 - iter 90/107 - loss 0.03507094 - samples/sec: 76.13 - lr: 0.006250
2022-05-23 16:11:49,282 epoch 32 - iter 100/107 - loss 0.03454203 - samples/sec: 78.73 - lr: 0.006250
2022-05-23 16:11:51,652 ----------------------------------------------------------------------------------------------------
2022-05-23 16:11:51,653 EPOCH 32 done: loss 0.0345 - lr 0.006250
2022-05-23 16:12:05,306 Evaluating as a multi-label problem: False
2022-05-23 16:12:05,317 DEV : loss 0.20514510571956635 - f1-score (micro avg)  0.5354
2022-05-23 16:12:05,402 BAD EPOCHS (no improvement): 0
2022-05-23 16:12:05,418 saving best model
2022-05-23 16:12:37,233 ----------------------------------------------------------------------------------------------------
2022-05-23 16:12:41,186 epoch 33 - iter 10/107 - loss 0.03075544 - samples/sec: 81.01 - lr: 0.006250
2022-05-23 16:12:45,086 epoch 33 - iter 20/107 - loss 0.03369053 - samples/sec: 82.08 - lr: 0.006250
2022-05-23 16:12:49,092 epoch 33 - iter 30/107 - loss 0.03359577 - samples/sec: 79.91 - lr: 0.006250
2022-05-23 16:12:53,092 epoch 33 - iter 40/107 - loss 0.03379657 - samples/sec: 80.02 - lr: 0.006250
2022-05-23 16:12:56,798 epoch 33 - iter 50/107 - loss 0.03463195 - samples/sec: 86.39 - lr: 0.006250
2022-05-23 16:13:00,165 epoch 33 - iter 60/107 - loss 0.03596005 - samples/sec: 95.06 - lr: 0.006250
2022-05-23 16:13:03,249 epoch 33 - iter 70/107 - loss 0.03541660 - samples/sec: 103.80 - lr: 0.006250
2022-05-23 16:13:06,662 epoch 33 - iter 80/107 - loss 0.03509869 - samples/sec: 93.79 - lr: 0.006250
2022-05-23 16:13:10,691 epoch 33 - iter 90/107 - loss 0.03590261 - samples/sec: 79.45 - lr: 0.006250
2022-05-23 16:13:15,007 epoch 33 - iter 100/107 - loss 0.03621572 - samples/sec: 74.15 - lr: 0.006250
2022-05-23 16:13:17,386 ----------------------------------------------------------------------------------------------------
2022-05-23 16:13:17,387 EPOCH 33 done: loss 0.0364 - lr 0.006250
2022-05-23 16:13:29,300 Evaluating as a multi-label problem: False
2022-05-23 16:13:29,312 DEV : loss 0.20638781785964966 - f1-score (micro avg)  0.5365
2022-05-23 16:13:29,399 BAD EPOCHS (no improvement): 0
2022-05-23 16:13:29,415 saving best model
2022-05-23 16:14:00,455 ----------------------------------------------------------------------------------------------------
2022-05-23 16:14:03,828 epoch 34 - iter 10/107 - loss 0.03370938 - samples/sec: 94.95 - lr: 0.006250
2022-05-23 16:14:06,528 epoch 34 - iter 20/107 - loss 0.03056748 - samples/sec: 118.53 - lr: 0.006250
2022-05-23 16:14:10,155 epoch 34 - iter 30/107 - loss 0.02897414 - samples/sec: 88.27 - lr: 0.006250
2022-05-23 16:14:14,115 epoch 34 - iter 40/107 - loss 0.02913146 - samples/sec: 80.82 - lr: 0.006250
2022-05-23 16:14:18,002 epoch 34 - iter 50/107 - loss 0.03105175 - samples/sec: 82.36 - lr: 0.006250
2022-05-23 16:14:21,859 epoch 34 - iter 60/107 - loss 0.03163970 - samples/sec: 82.98 - lr: 0.006250
2022-05-23 16:14:25,975 epoch 34 - iter 70/107 - loss 0.03387816 - samples/sec: 77.78 - lr: 0.006250
2022-05-23 16:14:29,642 epoch 34 - iter 80/107 - loss 0.03360109 - samples/sec: 87.29 - lr: 0.006250
2022-05-23 16:14:33,651 epoch 34 - iter 90/107 - loss 0.03305894 - samples/sec: 79.84 - lr: 0.006250
2022-05-23 16:14:37,855 epoch 34 - iter 100/107 - loss 0.03395106 - samples/sec: 76.13 - lr: 0.006250
2022-05-23 16:14:40,128 ----------------------------------------------------------------------------------------------------
2022-05-23 16:14:40,128 EPOCH 34 done: loss 0.0343 - lr 0.006250
2022-05-23 16:14:49,757 Evaluating as a multi-label problem: False
2022-05-23 16:14:49,768 DEV : loss 0.20181137323379517 - f1-score (micro avg)  0.5392
2022-05-23 16:14:49,857 BAD EPOCHS (no improvement): 0
2022-05-23 16:14:49,861 saving best model
2022-05-23 16:15:20,761 ----------------------------------------------------------------------------------------------------
2022-05-23 16:15:24,669 epoch 35 - iter 10/107 - loss 0.03624370 - samples/sec: 81.93 - lr: 0.006250
2022-05-23 16:15:28,781 epoch 35 - iter 20/107 - loss 0.03480055 - samples/sec: 77.84 - lr: 0.006250
2022-05-23 16:15:32,816 epoch 35 - iter 30/107 - loss 0.03572204 - samples/sec: 79.32 - lr: 0.006250
2022-05-23 16:15:36,789 epoch 35 - iter 40/107 - loss 0.03667026 - samples/sec: 80.58 - lr: 0.006250
2022-05-23 16:15:40,739 epoch 35 - iter 50/107 - loss 0.03616483 - samples/sec: 81.03 - lr: 0.006250
2022-05-23 16:15:44,349 epoch 35 - iter 60/107 - loss 0.03606068 - samples/sec: 88.67 - lr: 0.006250
2022-05-23 16:15:47,264 epoch 35 - iter 70/107 - loss 0.03556345 - samples/sec: 109.79 - lr: 0.006250
2022-05-23 16:15:50,253 epoch 35 - iter 80/107 - loss 0.03515346 - samples/sec: 107.12 - lr: 0.006250
2022-05-23 16:15:53,927 epoch 35 - iter 90/107 - loss 0.03539389 - samples/sec: 87.12 - lr: 0.006250
2022-05-23 16:15:57,756 epoch 35 - iter 100/107 - loss 0.03559150 - samples/sec: 83.59 - lr: 0.006250
2022-05-23 16:16:00,167 ----------------------------------------------------------------------------------------------------
2022-05-23 16:16:00,167 EPOCH 35 done: loss 0.0353 - lr 0.006250
2022-05-23 16:16:11,547 Evaluating as a multi-label problem: False
2022-05-23 16:16:11,559 DEV : loss 0.20661073923110962 - f1-score (micro avg)  0.5265
2022-05-23 16:16:11,644 BAD EPOCHS (no improvement): 1
2022-05-23 16:16:11,664 ----------------------------------------------------------------------------------------------------
2022-05-23 16:16:15,552 epoch 36 - iter 10/107 - loss 0.02829085 - samples/sec: 82.33 - lr: 0.006250
2022-05-23 16:16:19,424 epoch 36 - iter 20/107 - loss 0.03036169 - samples/sec: 82.66 - lr: 0.006250
2022-05-23 16:16:23,161 epoch 36 - iter 30/107 - loss 0.03169879 - samples/sec: 85.65 - lr: 0.006250
2022-05-23 16:16:26,355 epoch 36 - iter 40/107 - loss 0.03247699 - samples/sec: 100.22 - lr: 0.006250
2022-05-23 16:16:29,206 epoch 36 - iter 50/107 - loss 0.03419506 - samples/sec: 112.32 - lr: 0.006250
2022-05-23 16:16:32,583 epoch 36 - iter 60/107 - loss 0.03373856 - samples/sec: 94.77 - lr: 0.006250
2022-05-23 16:16:36,754 epoch 36 - iter 70/107 - loss 0.03426289 - samples/sec: 76.74 - lr: 0.006250
2022-05-23 16:16:40,545 epoch 36 - iter 80/107 - loss 0.03484821 - samples/sec: 84.43 - lr: 0.006250
2022-05-23 16:16:44,660 epoch 36 - iter 90/107 - loss 0.03359803 - samples/sec: 77.78 - lr: 0.006250
2022-05-23 16:16:48,578 epoch 36 - iter 100/107 - loss 0.03388878 - samples/sec: 81.70 - lr: 0.006250
2022-05-23 16:16:50,999 ----------------------------------------------------------------------------------------------------
2022-05-23 16:16:50,999 EPOCH 36 done: loss 0.0337 - lr 0.006250
2022-05-23 16:17:02,648 Evaluating as a multi-label problem: False
2022-05-23 16:17:02,659 DEV : loss 0.2174791395664215 - f1-score (micro avg)  0.5236
2022-05-23 16:17:02,744 BAD EPOCHS (no improvement): 2
2022-05-23 16:17:02,747 ----------------------------------------------------------------------------------------------------
2022-05-23 16:17:05,803 epoch 37 - iter 10/107 - loss 0.03430264 - samples/sec: 104.74 - lr: 0.006250
2022-05-23 16:17:08,890 epoch 37 - iter 20/107 - loss 0.03493090 - samples/sec: 104.24 - lr: 0.006250
2022-05-23 16:17:12,340 epoch 37 - iter 30/107 - loss 0.03464217 - samples/sec: 92.77 - lr: 0.006250
2022-05-23 16:17:16,352 epoch 37 - iter 40/107 - loss 0.03430612 - samples/sec: 79.78 - lr: 0.006250
2022-05-23 16:17:20,069 epoch 37 - iter 50/107 - loss 0.03355709 - samples/sec: 86.11 - lr: 0.006250
2022-05-23 16:17:24,009 epoch 37 - iter 60/107 - loss 0.03466458 - samples/sec: 81.25 - lr: 0.006250
2022-05-23 16:17:27,844 epoch 37 - iter 70/107 - loss 0.03429254 - samples/sec: 83.46 - lr: 0.006250
2022-05-23 16:17:31,780 epoch 37 - iter 80/107 - loss 0.03362071 - samples/sec: 81.31 - lr: 0.006250
2022-05-23 16:17:35,753 epoch 37 - iter 90/107 - loss 0.03405518 - samples/sec: 80.56 - lr: 0.006250
2022-05-23 16:17:39,586 epoch 37 - iter 100/107 - loss 0.03496871 - samples/sec: 83.52 - lr: 0.006250
2022-05-23 16:17:41,997 ----------------------------------------------------------------------------------------------------
2022-05-23 16:17:41,997 EPOCH 37 done: loss 0.0353 - lr 0.006250
2022-05-23 16:17:50,969 Evaluating as a multi-label problem: False
2022-05-23 16:17:50,980 DEV : loss 0.20761647820472717 - f1-score (micro avg)  0.531
2022-05-23 16:17:51,065 BAD EPOCHS (no improvement): 3
2022-05-23 16:17:51,069 ----------------------------------------------------------------------------------------------------
2022-05-23 16:17:55,004 epoch 38 - iter 10/107 - loss 0.03563029 - samples/sec: 81.35 - lr: 0.006250
2022-05-23 16:17:58,714 epoch 38 - iter 20/107 - loss 0.03618822 - samples/sec: 86.27 - lr: 0.006250
2022-05-23 16:18:02,596 epoch 38 - iter 30/107 - loss 0.03822187 - samples/sec: 82.45 - lr: 0.006250
2022-05-23 16:18:06,576 epoch 38 - iter 40/107 - loss 0.03474123 - samples/sec: 80.42 - lr: 0.006250
2022-05-23 16:18:10,542 epoch 38 - iter 50/107 - loss 0.03482663 - samples/sec: 80.71 - lr: 0.006250
2022-05-23 16:18:14,573 epoch 38 - iter 60/107 - loss 0.03375223 - samples/sec: 79.39 - lr: 0.006250
2022-05-23 16:18:18,662 epoch 38 - iter 70/107 - loss 0.03319791 - samples/sec: 78.29 - lr: 0.006250
2022-05-23 16:18:22,396 epoch 38 - iter 80/107 - loss 0.03332213 - samples/sec: 85.72 - lr: 0.006250
2022-05-23 16:18:25,847 epoch 38 - iter 90/107 - loss 0.03349494 - samples/sec: 92.76 - lr: 0.006250
2022-05-23 16:18:28,688 epoch 38 - iter 100/107 - loss 0.03295887 - samples/sec: 112.71 - lr: 0.006250
2022-05-23 16:18:30,805 ----------------------------------------------------------------------------------------------------
2022-05-23 16:18:30,805 EPOCH 38 done: loss 0.0330 - lr 0.006250
2022-05-23 16:18:42,227 Evaluating as a multi-label problem: False
2022-05-23 16:18:42,238 DEV : loss 0.21290665864944458 - f1-score (micro avg)  0.5217
2022-05-23 16:18:42,327 Epoch    38: reducing learning rate of group 0 to 3.1250e-03.
2022-05-23 16:18:42,327 BAD EPOCHS (no improvement): 4
2022-05-23 16:18:42,328 ----------------------------------------------------------------------------------------------------
2022-05-23 16:18:46,293 epoch 39 - iter 10/107 - loss 0.03532167 - samples/sec: 80.74 - lr: 0.003125
2022-05-23 16:18:50,303 epoch 39 - iter 20/107 - loss 0.03783023 - samples/sec: 79.83 - lr: 0.003125
2022-05-23 16:18:54,278 epoch 39 - iter 30/107 - loss 0.03679906 - samples/sec: 80.52 - lr: 0.003125
2022-05-23 16:18:58,238 epoch 39 - iter 40/107 - loss 0.03649341 - samples/sec: 80.83 - lr: 0.003125
2022-05-23 16:19:02,245 epoch 39 - iter 50/107 - loss 0.03494242 - samples/sec: 79.87 - lr: 0.003125
2022-05-23 16:19:05,513 epoch 39 - iter 60/107 - loss 0.03486477 - samples/sec: 97.96 - lr: 0.003125
2022-05-23 16:19:08,959 epoch 39 - iter 70/107 - loss 0.03445260 - samples/sec: 92.88 - lr: 0.003125
2022-05-23 16:19:12,054 epoch 39 - iter 80/107 - loss 0.03480113 - samples/sec: 103.43 - lr: 0.003125
2022-05-23 16:19:15,937 epoch 39 - iter 90/107 - loss 0.03504765 - samples/sec: 82.45 - lr: 0.003125
2022-05-23 16:19:19,930 epoch 39 - iter 100/107 - loss 0.03494860 - samples/sec: 80.15 - lr: 0.003125
2022-05-23 16:19:22,407 ----------------------------------------------------------------------------------------------------
2022-05-23 16:19:22,637 EPOCH 39 done: loss 0.0344 - lr 0.003125
2022-05-23 16:19:34,243 Evaluating as a multi-label problem: False
2022-05-23 16:19:34,254 DEV : loss 0.20956073701381683 - f1-score (micro avg)  0.5314
2022-05-23 16:19:34,341 BAD EPOCHS (no improvement): 1
2022-05-23 16:19:34,343 ----------------------------------------------------------------------------------------------------
2022-05-23 16:19:38,331 epoch 40 - iter 10/107 - loss 0.03228923 - samples/sec: 80.26 - lr: 0.003125
2022-05-23 16:19:42,416 epoch 40 - iter 20/107 - loss 0.03482266 - samples/sec: 78.36 - lr: 0.003125
2022-05-23 16:19:45,785 epoch 40 - iter 30/107 - loss 0.03212552 - samples/sec: 95.03 - lr: 0.003125
2022-05-23 16:19:48,924 epoch 40 - iter 40/107 - loss 0.03068802 - samples/sec: 101.95 - lr: 0.003125
2022-05-23 16:19:51,957 epoch 40 - iter 50/107 - loss 0.03102747 - samples/sec: 105.56 - lr: 0.003125
2022-05-23 16:19:54,089 epoch 40 - iter 60/107 - loss 0.03215258 - samples/sec: 150.12 - lr: 0.003125
2022-05-23 16:19:56,435 epoch 40 - iter 70/107 - loss 0.03341040 - samples/sec: 136.49 - lr: 0.003125
2022-05-23 16:19:58,846 epoch 40 - iter 80/107 - loss 0.03355939 - samples/sec: 132.79 - lr: 0.003125
2022-05-23 16:20:01,967 epoch 40 - iter 90/107 - loss 0.03311779 - samples/sec: 102.58 - lr: 0.003125
2022-05-23 16:20:05,859 epoch 40 - iter 100/107 - loss 0.03343790 - samples/sec: 82.24 - lr: 0.003125
2022-05-23 16:20:08,220 ----------------------------------------------------------------------------------------------------
2022-05-23 16:20:08,220 EPOCH 40 done: loss 0.0333 - lr 0.003125
2022-05-23 16:20:19,896 Evaluating as a multi-label problem: False
2022-05-23 16:20:19,907 DEV : loss 0.20928144454956055 - f1-score (micro avg)  0.5318
2022-05-23 16:20:19,995 BAD EPOCHS (no improvement): 2
2022-05-23 16:20:20,021 ----------------------------------------------------------------------------------------------------
2022-05-23 16:20:24,101 epoch 41 - iter 10/107 - loss 0.03051688 - samples/sec: 78.46 - lr: 0.003125
2022-05-23 16:20:28,091 epoch 41 - iter 20/107 - loss 0.03303101 - samples/sec: 80.21 - lr: 0.003125
2022-05-23 16:20:31,742 epoch 41 - iter 30/107 - loss 0.03161707 - samples/sec: 87.67 - lr: 0.003125
2022-05-23 16:20:34,620 epoch 41 - iter 40/107 - loss 0.03234196 - samples/sec: 111.24 - lr: 0.003125
2022-05-23 16:20:37,671 epoch 41 - iter 50/107 - loss 0.03290281 - samples/sec: 104.92 - lr: 0.003125
2022-05-23 16:20:40,729 epoch 41 - iter 60/107 - loss 0.03404397 - samples/sec: 104.70 - lr: 0.003125
2022-05-23 16:20:44,494 epoch 41 - iter 70/107 - loss 0.03431635 - samples/sec: 85.02 - lr: 0.003125
2022-05-23 16:20:48,617 epoch 41 - iter 80/107 - loss 0.03433704 - samples/sec: 77.62 - lr: 0.003125
2022-05-23 16:20:52,500 epoch 41 - iter 90/107 - loss 0.03366200 - samples/sec: 82.44 - lr: 0.003125
2022-05-23 16:20:56,481 epoch 41 - iter 100/107 - loss 0.03302224 - samples/sec: 80.41 - lr: 0.003125
2022-05-23 16:20:58,970 ----------------------------------------------------------------------------------------------------
2022-05-23 16:20:58,971 EPOCH 41 done: loss 0.0325 - lr 0.003125
2022-05-23 16:21:10,550 Evaluating as a multi-label problem: False
2022-05-23 16:21:10,561 DEV : loss 0.2142789512872696 - f1-score (micro avg)  0.527
2022-05-23 16:21:10,647 BAD EPOCHS (no improvement): 3
2022-05-23 16:21:10,649 ----------------------------------------------------------------------------------------------------
2022-05-23 16:21:13,729 epoch 42 - iter 10/107 - loss 0.04058828 - samples/sec: 103.96 - lr: 0.003125
2022-05-23 16:21:16,964 epoch 42 - iter 20/107 - loss 0.04008216 - samples/sec: 98.93 - lr: 0.003125
2022-05-23 16:21:20,321 epoch 42 - iter 30/107 - loss 0.03970985 - samples/sec: 95.37 - lr: 0.003125
2022-05-23 16:21:24,455 epoch 42 - iter 40/107 - loss 0.03931070 - samples/sec: 77.42 - lr: 0.003125
2022-05-23 16:21:28,482 epoch 42 - iter 50/107 - loss 0.03755195 - samples/sec: 79.50 - lr: 0.003125
2022-05-23 16:21:32,401 epoch 42 - iter 60/107 - loss 0.03590908 - samples/sec: 81.68 - lr: 0.003125
2022-05-23 16:21:36,329 epoch 42 - iter 70/107 - loss 0.03549316 - samples/sec: 81.48 - lr: 0.003125
2022-05-23 16:21:40,466 epoch 42 - iter 80/107 - loss 0.03495967 - samples/sec: 77.37 - lr: 0.003125
2022-05-23 16:21:44,504 epoch 42 - iter 90/107 - loss 0.03408313 - samples/sec: 79.26 - lr: 0.003125
2022-05-23 16:21:48,401 epoch 42 - iter 100/107 - loss 0.03388415 - samples/sec: 82.13 - lr: 0.003125
2022-05-23 16:21:50,771 ----------------------------------------------------------------------------------------------------
2022-05-23 16:21:50,771 EPOCH 42 done: loss 0.0337 - lr 0.003125
2022-05-23 16:22:00,744 Evaluating as a multi-label problem: False
2022-05-23 16:22:00,756 DEV : loss 0.2133505642414093 - f1-score (micro avg)  0.5229
2022-05-23 16:22:00,842 Epoch    42: reducing learning rate of group 0 to 1.5625e-03.
2022-05-23 16:22:00,842 BAD EPOCHS (no improvement): 4
2022-05-23 16:22:00,863 ----------------------------------------------------------------------------------------------------
2022-05-23 16:22:04,770 epoch 43 - iter 10/107 - loss 0.02977637 - samples/sec: 81.95 - lr: 0.001563
2022-05-23 16:22:08,591 epoch 43 - iter 20/107 - loss 0.03153678 - samples/sec: 83.77 - lr: 0.001563
2022-05-23 16:22:12,649 epoch 43 - iter 30/107 - loss 0.03206368 - samples/sec: 78.88 - lr: 0.001563
2022-05-23 16:22:16,584 epoch 43 - iter 40/107 - loss 0.03123739 - samples/sec: 81.34 - lr: 0.001563
2022-05-23 16:22:20,391 epoch 43 - iter 50/107 - loss 0.03148635 - samples/sec: 89.59 - lr: 0.001563
2022-05-23 16:22:24,351 epoch 43 - iter 60/107 - loss 0.03186960 - samples/sec: 80.82 - lr: 0.001563
2022-05-23 16:22:28,302 epoch 43 - iter 70/107 - loss 0.03112878 - samples/sec: 81.02 - lr: 0.001563
2022-05-23 16:22:32,331 epoch 43 - iter 80/107 - loss 0.03121896 - samples/sec: 79.44 - lr: 0.001563
2022-05-23 16:22:35,646 epoch 43 - iter 90/107 - loss 0.03130372 - samples/sec: 96.57 - lr: 0.001563
2022-05-23 16:22:38,479 epoch 43 - iter 100/107 - loss 0.03164894 - samples/sec: 112.98 - lr: 0.001563
2022-05-23 16:22:40,186 ----------------------------------------------------------------------------------------------------
2022-05-23 16:22:40,187 EPOCH 43 done: loss 0.0318 - lr 0.001563
2022-05-23 16:22:51,291 Evaluating as a multi-label problem: False
2022-05-23 16:22:51,303 DEV : loss 0.21204811334609985 - f1-score (micro avg)  0.525
2022-05-23 16:22:51,388 BAD EPOCHS (no improvement): 1
2022-05-23 16:22:51,402 ----------------------------------------------------------------------------------------------------
2022-05-23 16:22:55,306 epoch 44 - iter 10/107 - loss 0.03089880 - samples/sec: 82.00 - lr: 0.001563
2022-05-23 16:22:59,360 epoch 44 - iter 20/107 - loss 0.03031842 - samples/sec: 78.96 - lr: 0.001563
2022-05-23 16:23:03,396 epoch 44 - iter 30/107 - loss 0.03249697 - samples/sec: 79.32 - lr: 0.001563
2022-05-23 16:23:07,089 epoch 44 - iter 40/107 - loss 0.03188296 - samples/sec: 86.67 - lr: 0.001563
2022-05-23 16:23:11,085 epoch 44 - iter 50/107 - loss 0.03231139 - samples/sec: 80.11 - lr: 0.001563
2022-05-23 16:23:14,711 epoch 44 - iter 60/107 - loss 0.03236036 - samples/sec: 88.26 - lr: 0.001563
2022-05-23 16:23:17,922 epoch 44 - iter 70/107 - loss 0.03201705 - samples/sec: 99.71 - lr: 0.001563
2022-05-23 16:23:20,785 epoch 44 - iter 80/107 - loss 0.03163173 - samples/sec: 111.81 - lr: 0.001563
2022-05-23 16:23:24,242 epoch 44 - iter 90/107 - loss 0.03155367 - samples/sec: 92.58 - lr: 0.001563
2022-05-23 16:23:28,180 epoch 44 - iter 100/107 - loss 0.03187999 - samples/sec: 81.28 - lr: 0.001563
2022-05-23 16:23:30,583 ----------------------------------------------------------------------------------------------------
2022-05-23 16:23:30,583 EPOCH 44 done: loss 0.0316 - lr 0.001563
2022-05-23 16:23:42,308 Evaluating as a multi-label problem: False
2022-05-23 16:23:42,319 DEV : loss 0.21105550229549408 - f1-score (micro avg)  0.5254
2022-05-23 16:23:42,405 BAD EPOCHS (no improvement): 2
2022-05-23 16:23:42,408 ----------------------------------------------------------------------------------------------------
2022-05-23 16:23:46,202 epoch 45 - iter 10/107 - loss 0.03310504 - samples/sec: 84.37 - lr: 0.001563
2022-05-23 16:23:49,900 epoch 45 - iter 20/107 - loss 0.02969682 - samples/sec: 86.56 - lr: 0.001563
2022-05-23 16:23:53,927 epoch 45 - iter 30/107 - loss 0.03028471 - samples/sec: 79.49 - lr: 0.001563
2022-05-23 16:24:00,451 epoch 45 - iter 40/107 - loss 0.03151241 - samples/sec: 49.06 - lr: 0.001563
2022-05-23 16:24:04,342 epoch 45 - iter 50/107 - loss 0.03174801 - samples/sec: 82.28 - lr: 0.001563
2022-05-23 16:24:08,461 epoch 45 - iter 60/107 - loss 0.03241272 - samples/sec: 77.71 - lr: 0.001563
2022-05-23 16:24:12,385 epoch 45 - iter 70/107 - loss 0.03206460 - samples/sec: 81.56 - lr: 0.001563
2022-05-23 16:24:16,196 epoch 45 - iter 80/107 - loss 0.03274643 - samples/sec: 84.00 - lr: 0.001563
2022-05-23 16:24:20,115 epoch 45 - iter 90/107 - loss 0.03206536 - samples/sec: 81.67 - lr: 0.001563
2022-05-23 16:24:23,885 epoch 45 - iter 100/107 - loss 0.03137233 - samples/sec: 84.89 - lr: 0.001563
2022-05-23 16:24:26,441 ----------------------------------------------------------------------------------------------------
2022-05-23 16:24:26,441 EPOCH 45 done: loss 0.0320 - lr 0.001563
2022-05-23 16:24:37,022 Evaluating as a multi-label problem: False
2022-05-23 16:24:37,034 DEV : loss 0.21243317425251007 - f1-score (micro avg)  0.5231
2022-05-23 16:24:37,123 BAD EPOCHS (no improvement): 3
2022-05-23 16:24:37,134 ----------------------------------------------------------------------------------------------------
2022-05-23 16:24:39,915 epoch 46 - iter 10/107 - loss 0.03060375 - samples/sec: 115.14 - lr: 0.001563
2022-05-23 16:24:43,568 epoch 46 - iter 20/107 - loss 0.02705138 - samples/sec: 87.63 - lr: 0.001563
2022-05-23 16:24:47,442 epoch 46 - iter 30/107 - loss 0.02995868 - samples/sec: 82.63 - lr: 0.001563
2022-05-23 16:24:51,405 epoch 46 - iter 40/107 - loss 0.03009998 - samples/sec: 80.77 - lr: 0.001563
2022-05-23 16:24:55,539 epoch 46 - iter 50/107 - loss 0.03114455 - samples/sec: 77.41 - lr: 0.001563
2022-05-23 16:24:59,612 epoch 46 - iter 60/107 - loss 0.03041421 - samples/sec: 78.60 - lr: 0.001563
2022-05-23 16:25:03,650 epoch 46 - iter 70/107 - loss 0.03037204 - samples/sec: 79.27 - lr: 0.001563
2022-05-23 16:25:07,572 epoch 46 - iter 80/107 - loss 0.03040356 - samples/sec: 81.60 - lr: 0.001563
2022-05-23 16:25:11,403 epoch 46 - iter 90/107 - loss 0.03047081 - samples/sec: 83.56 - lr: 0.001563
2022-05-23 16:25:15,218 epoch 46 - iter 100/107 - loss 0.03072719 - samples/sec: 83.90 - lr: 0.001563
2022-05-23 16:25:17,680 ----------------------------------------------------------------------------------------------------
2022-05-23 16:25:17,680 EPOCH 46 done: loss 0.0311 - lr 0.001563
2022-05-23 16:25:27,685 Evaluating as a multi-label problem: False
2022-05-23 16:25:27,696 DEV : loss 0.2110619843006134 - f1-score (micro avg)  0.5265
2022-05-23 16:25:27,782 Epoch    46: reducing learning rate of group 0 to 7.8125e-04.
2022-05-23 16:25:27,782 BAD EPOCHS (no improvement): 4
2022-05-23 16:25:27,785 ----------------------------------------------------------------------------------------------------
2022-05-23 16:25:31,434 epoch 47 - iter 10/107 - loss 0.02869817 - samples/sec: 87.73 - lr: 0.000781
2022-05-23 16:25:35,094 epoch 47 - iter 20/107 - loss 0.02889900 - samples/sec: 87.46 - lr: 0.000781
2022-05-23 16:25:38,866 epoch 47 - iter 30/107 - loss 0.03039957 - samples/sec: 84.85 - lr: 0.000781
2022-05-23 16:25:42,887 epoch 47 - iter 40/107 - loss 0.03134241 - samples/sec: 79.61 - lr: 0.000781
2022-05-23 16:25:46,772 epoch 47 - iter 50/107 - loss 0.03187272 - samples/sec: 82.39 - lr: 0.000781
2022-05-23 16:25:50,831 epoch 47 - iter 60/107 - loss 0.03139697 - samples/sec: 78.87 - lr: 0.000781
2022-05-23 16:25:54,670 epoch 47 - iter 70/107 - loss 0.03254968 - samples/sec: 83.37 - lr: 0.000781
2022-05-23 16:25:57,888 epoch 47 - iter 80/107 - loss 0.03229035 - samples/sec: 99.47 - lr: 0.000781
2022-05-23 16:26:00,643 epoch 47 - iter 90/107 - loss 0.03241182 - samples/sec: 116.17 - lr: 0.000781
2022-05-23 16:26:03,827 epoch 47 - iter 100/107 - loss 0.03244473 - samples/sec: 100.55 - lr: 0.000781
2022-05-23 16:26:06,513 ----------------------------------------------------------------------------------------------------
2022-05-23 16:26:06,514 EPOCH 47 done: loss 0.0327 - lr 0.000781
2022-05-23 16:26:17,850 Evaluating as a multi-label problem: False
2022-05-23 16:26:17,862 DEV : loss 0.2119315266609192 - f1-score (micro avg)  0.5246
2022-05-23 16:26:17,948 BAD EPOCHS (no improvement): 1
2022-05-23 16:26:17,950 ----------------------------------------------------------------------------------------------------
2022-05-23 16:26:21,842 epoch 48 - iter 10/107 - loss 0.03761090 - samples/sec: 82.25 - lr: 0.000781
2022-05-23 16:26:25,933 epoch 48 - iter 20/107 - loss 0.03886465 - samples/sec: 78.25 - lr: 0.000781
2022-05-23 16:26:30,187 epoch 48 - iter 30/107 - loss 0.03676468 - samples/sec: 75.24 - lr: 0.000781
2022-05-23 16:26:34,030 epoch 48 - iter 40/107 - loss 0.03535061 - samples/sec: 83.28 - lr: 0.000781
2022-05-23 16:26:37,130 epoch 48 - iter 50/107 - loss 0.03642443 - samples/sec: 103.29 - lr: 0.000781
2022-05-23 16:26:40,031 epoch 48 - iter 60/107 - loss 0.03545695 - samples/sec: 110.32 - lr: 0.000781
2022-05-23 16:26:42,927 epoch 48 - iter 70/107 - loss 0.03455111 - samples/sec: 110.53 - lr: 0.000781
2022-05-23 16:26:45,180 epoch 48 - iter 80/107 - loss 0.03486997 - samples/sec: 142.11 - lr: 0.000781
2022-05-23 16:26:47,571 epoch 48 - iter 90/107 - loss 0.03507318 - samples/sec: 133.89 - lr: 0.000781
2022-05-23 16:26:49,954 epoch 48 - iter 100/107 - loss 0.03430543 - samples/sec: 134.34 - lr: 0.000781
2022-05-23 16:26:51,421 ----------------------------------------------------------------------------------------------------
2022-05-23 16:26:51,421 EPOCH 48 done: loss 0.0340 - lr 0.000781
2022-05-23 16:26:58,877 Evaluating as a multi-label problem: False
2022-05-23 16:26:58,889 DEV : loss 0.21202883124351501 - f1-score (micro avg)  0.5198
2022-05-23 16:26:58,974 BAD EPOCHS (no improvement): 2
2022-05-23 16:26:58,977 ----------------------------------------------------------------------------------------------------
2022-05-23 16:27:01,430 epoch 49 - iter 10/107 - loss 0.03543468 - samples/sec: 130.53 - lr: 0.000781
2022-05-23 16:27:03,913 epoch 49 - iter 20/107 - loss 0.03473268 - samples/sec: 128.94 - lr: 0.000781
2022-05-23 16:27:06,308 epoch 49 - iter 30/107 - loss 0.03406753 - samples/sec: 133.63 - lr: 0.000781
2022-05-23 16:27:08,660 epoch 49 - iter 40/107 - loss 0.03292407 - samples/sec: 136.11 - lr: 0.000781
2022-05-23 16:27:11,148 epoch 49 - iter 50/107 - loss 0.03331952 - samples/sec: 128.68 - lr: 0.000781
2022-05-23 16:27:13,575 epoch 49 - iter 60/107 - loss 0.03404600 - samples/sec: 131.90 - lr: 0.000781
2022-05-23 16:27:15,969 epoch 49 - iter 70/107 - loss 0.03403828 - samples/sec: 133.71 - lr: 0.000781
2022-05-23 16:27:18,453 epoch 49 - iter 80/107 - loss 0.03421713 - samples/sec: 128.88 - lr: 0.000781
2022-05-23 16:27:20,871 epoch 49 - iter 90/107 - loss 0.03414973 - samples/sec: 132.40 - lr: 0.000781
2022-05-23 16:27:23,338 epoch 49 - iter 100/107 - loss 0.03424124 - samples/sec: 129.78 - lr: 0.000781
2022-05-23 16:27:24,810 ----------------------------------------------------------------------------------------------------
2022-05-23 16:27:24,810 EPOCH 49 done: loss 0.0341 - lr 0.000781
2022-05-23 16:27:32,149 Evaluating as a multi-label problem: False
2022-05-23 16:27:32,160 DEV : loss 0.2112363874912262 - f1-score (micro avg)  0.5258
2022-05-23 16:27:32,245 BAD EPOCHS (no improvement): 3
2022-05-23 16:27:32,247 ----------------------------------------------------------------------------------------------------
2022-05-23 16:27:34,691 epoch 50 - iter 10/107 - loss 0.03548202 - samples/sec: 131.01 - lr: 0.000781
2022-05-23 16:27:37,117 epoch 50 - iter 20/107 - loss 0.03371905 - samples/sec: 131.91 - lr: 0.000781
2022-05-23 16:27:39,522 epoch 50 - iter 30/107 - loss 0.03412802 - samples/sec: 133.14 - lr: 0.000781
2022-05-23 16:27:42,014 epoch 50 - iter 40/107 - loss 0.03293031 - samples/sec: 128.48 - lr: 0.000781
2022-05-23 16:27:44,439 epoch 50 - iter 50/107 - loss 0.03366670 - samples/sec: 131.98 - lr: 0.000781
2022-05-23 16:27:46,898 epoch 50 - iter 60/107 - loss 0.03301565 - samples/sec: 130.24 - lr: 0.000781
2022-05-23 16:27:49,335 epoch 50 - iter 70/107 - loss 0.03312104 - samples/sec: 131.35 - lr: 0.000781
2022-05-23 16:27:51,802 epoch 50 - iter 80/107 - loss 0.03526505 - samples/sec: 129.81 - lr: 0.000781
2022-05-23 16:27:54,365 epoch 50 - iter 90/107 - loss 0.03441450 - samples/sec: 124.88 - lr: 0.000781
2022-05-23 16:27:56,740 epoch 50 - iter 100/107 - loss 0.03432074 - samples/sec: 134.79 - lr: 0.000781
2022-05-23 16:27:58,196 ----------------------------------------------------------------------------------------------------
2022-05-23 16:27:58,196 EPOCH 50 done: loss 0.0343 - lr 0.000781
2022-05-23 16:28:05,795 Evaluating as a multi-label problem: False
2022-05-23 16:28:05,806 DEV : loss 0.21136026084423065 - f1-score (micro avg)  0.5247
2022-05-23 16:28:05,893 Epoch    50: reducing learning rate of group 0 to 3.9063e-04.
2022-05-23 16:28:05,893 BAD EPOCHS (no improvement): 4
2022-05-23 16:28:05,896 ----------------------------------------------------------------------------------------------------
2022-05-23 16:28:08,387 epoch 51 - iter 10/107 - loss 0.03167503 - samples/sec: 128.50 - lr: 0.000391
2022-05-23 16:28:10,878 epoch 51 - iter 20/107 - loss 0.02998777 - samples/sec: 128.56 - lr: 0.000391
2022-05-23 16:28:13,382 epoch 51 - iter 30/107 - loss 0.03360362 - samples/sec: 127.82 - lr: 0.000391
2022-05-23 16:28:15,828 epoch 51 - iter 40/107 - loss 0.03329013 - samples/sec: 130.90 - lr: 0.000391
2022-05-23 16:28:18,305 epoch 51 - iter 50/107 - loss 0.03261589 - samples/sec: 129.20 - lr: 0.000391
2022-05-23 16:28:20,810 epoch 51 - iter 60/107 - loss 0.03224213 - samples/sec: 127.82 - lr: 0.000391
2022-05-23 16:28:23,266 epoch 51 - iter 70/107 - loss 0.03361071 - samples/sec: 130.34 - lr: 0.000391
2022-05-23 16:28:25,722 epoch 51 - iter 80/107 - loss 0.03314097 - samples/sec: 130.35 - lr: 0.000391
2022-05-23 16:28:28,139 epoch 51 - iter 90/107 - loss 0.03360117 - samples/sec: 132.44 - lr: 0.000391
2022-05-23 16:28:30,546 epoch 51 - iter 100/107 - loss 0.03333194 - samples/sec: 133.05 - lr: 0.000391
2022-05-23 16:28:32,152 ----------------------------------------------------------------------------------------------------
2022-05-23 16:28:32,152 EPOCH 51 done: loss 0.0330 - lr 0.000391
2022-05-23 16:28:47,729 Evaluating as a multi-label problem: False
2022-05-23 16:28:47,742 DEV : loss 0.21210728585720062 - f1-score (micro avg)  0.5229
2022-05-23 16:28:47,829 BAD EPOCHS (no improvement): 1
2022-05-23 16:28:47,831 ----------------------------------------------------------------------------------------------------
2022-05-23 16:28:53,154 epoch 52 - iter 10/107 - loss 0.03699381 - samples/sec: 60.14 - lr: 0.000391
2022-05-23 16:28:56,727 epoch 52 - iter 20/107 - loss 0.03694642 - samples/sec: 89.58 - lr: 0.000391
2022-05-23 16:29:00,605 epoch 52 - iter 30/107 - loss 0.03624371 - samples/sec: 82.54 - lr: 0.000391
2022-05-23 16:29:04,425 epoch 52 - iter 40/107 - loss 0.03366743 - samples/sec: 83.80 - lr: 0.000391
2022-05-23 16:29:08,279 epoch 52 - iter 50/107 - loss 0.03345736 - samples/sec: 83.04 - lr: 0.000391
2022-05-23 16:29:12,012 epoch 52 - iter 60/107 - loss 0.03408476 - samples/sec: 85.74 - lr: 0.000391
2022-05-23 16:29:15,922 epoch 52 - iter 70/107 - loss 0.03408927 - samples/sec: 81.87 - lr: 0.000391
2022-05-23 16:29:19,863 epoch 52 - iter 80/107 - loss 0.03442841 - samples/sec: 81.23 - lr: 0.000391
2022-05-23 16:29:23,898 epoch 52 - iter 90/107 - loss 0.03402779 - samples/sec: 79.32 - lr: 0.000391
2022-05-23 16:29:27,455 epoch 52 - iter 100/107 - loss 0.03341728 - samples/sec: 90.01 - lr: 0.000391
2022-05-23 16:29:29,250 ----------------------------------------------------------------------------------------------------
2022-05-23 16:29:29,251 EPOCH 52 done: loss 0.0334 - lr 0.000391
2022-05-23 16:29:37,107 Evaluating as a multi-label problem: False
2022-05-23 16:29:37,118 DEV : loss 0.21244655549526215 - f1-score (micro avg)  0.5225
2022-05-23 16:29:37,209 BAD EPOCHS (no improvement): 2
2022-05-23 16:29:37,211 ----------------------------------------------------------------------------------------------------
2022-05-23 16:29:39,759 epoch 53 - iter 10/107 - loss 0.03193711 - samples/sec: 125.65 - lr: 0.000391
2022-05-23 16:29:42,155 epoch 53 - iter 20/107 - loss 0.03058723 - samples/sec: 133.64 - lr: 0.000391
2022-05-23 16:29:44,647 epoch 53 - iter 30/107 - loss 0.03120020 - samples/sec: 128.46 - lr: 0.000391
2022-05-23 16:29:47,022 epoch 53 - iter 40/107 - loss 0.02964857 - samples/sec: 134.79 - lr: 0.000391
2022-05-23 16:29:49,531 epoch 53 - iter 50/107 - loss 0.03081519 - samples/sec: 127.57 - lr: 0.000391
2022-05-23 16:29:51,911 epoch 53 - iter 60/107 - loss 0.03155562 - samples/sec: 134.51 - lr: 0.000391
2022-05-23 16:29:54,412 epoch 53 - iter 70/107 - loss 0.03141589 - samples/sec: 128.03 - lr: 0.000391
2022-05-23 16:29:56,806 epoch 53 - iter 80/107 - loss 0.03082047 - samples/sec: 133.69 - lr: 0.000391
2022-05-23 16:29:59,186 epoch 53 - iter 90/107 - loss 0.03254142 - samples/sec: 134.50 - lr: 0.000391
2022-05-23 16:30:01,567 epoch 53 - iter 100/107 - loss 0.03248968 - samples/sec: 134.44 - lr: 0.000391
2022-05-23 16:30:03,027 ----------------------------------------------------------------------------------------------------
2022-05-23 16:30:03,027 EPOCH 53 done: loss 0.0322 - lr 0.000391
2022-05-23 16:30:10,513 Evaluating as a multi-label problem: False
2022-05-23 16:30:10,525 DEV : loss 0.2121853232383728 - f1-score (micro avg)  0.5221
2022-05-23 16:30:10,610 BAD EPOCHS (no improvement): 3
2022-05-23 16:30:10,612 ----------------------------------------------------------------------------------------------------
2022-05-23 16:30:13,103 epoch 54 - iter 10/107 - loss 0.02801444 - samples/sec: 128.53 - lr: 0.000391
2022-05-23 16:30:15,524 epoch 54 - iter 20/107 - loss 0.03024261 - samples/sec: 132.23 - lr: 0.000391
2022-05-23 16:30:17,857 epoch 54 - iter 30/107 - loss 0.02897925 - samples/sec: 137.25 - lr: 0.000391
2022-05-23 16:30:20,271 epoch 54 - iter 40/107 - loss 0.02973851 - samples/sec: 132.63 - lr: 0.000391
2022-05-23 16:30:22,709 epoch 54 - iter 50/107 - loss 0.03163776 - samples/sec: 131.32 - lr: 0.000391
2022-05-23 16:30:25,201 epoch 54 - iter 60/107 - loss 0.03128303 - samples/sec: 128.45 - lr: 0.000391
2022-05-23 16:30:27,627 epoch 54 - iter 70/107 - loss 0.03155199 - samples/sec: 131.95 - lr: 0.000391
2022-05-23 16:30:30,136 epoch 54 - iter 80/107 - loss 0.03079286 - samples/sec: 127.57 - lr: 0.000391
2022-05-23 16:30:32,518 epoch 54 - iter 90/107 - loss 0.03153776 - samples/sec: 134.44 - lr: 0.000391
2022-05-23 16:30:34,971 epoch 54 - iter 100/107 - loss 0.03238557 - samples/sec: 130.48 - lr: 0.000391
2022-05-23 16:30:36,481 ----------------------------------------------------------------------------------------------------
2022-05-23 16:30:36,481 EPOCH 54 done: loss 0.0321 - lr 0.000391
2022-05-23 16:30:46,956 Evaluating as a multi-label problem: False
2022-05-23 16:30:46,967 DEV : loss 0.21219483017921448 - f1-score (micro avg)  0.5209
2022-05-23 16:30:47,052 Epoch    54: reducing learning rate of group 0 to 1.9531e-04.
2022-05-23 16:30:47,052 BAD EPOCHS (no improvement): 4
2022-05-23 16:30:47,055 ----------------------------------------------------------------------------------------------------
2022-05-23 16:30:51,030 epoch 55 - iter 10/107 - loss 0.02987683 - samples/sec: 80.53 - lr: 0.000195
2022-05-23 16:30:54,861 epoch 55 - iter 20/107 - loss 0.03243426 - samples/sec: 83.55 - lr: 0.000195
2022-05-23 16:30:58,939 epoch 55 - iter 30/107 - loss 0.03379182 - samples/sec: 78.49 - lr: 0.000195
2022-05-23 16:31:02,862 epoch 55 - iter 40/107 - loss 0.03203298 - samples/sec: 81.58 - lr: 0.000195
2022-05-23 16:31:06,740 epoch 55 - iter 50/107 - loss 0.03348030 - samples/sec: 82.54 - lr: 0.000195
2022-05-23 16:31:10,423 epoch 55 - iter 60/107 - loss 0.03289089 - samples/sec: 86.92 - lr: 0.000195
2022-05-23 16:31:13,675 epoch 55 - iter 70/107 - loss 0.03258016 - samples/sec: 98.42 - lr: 0.000195
2022-05-23 16:31:16,543 epoch 55 - iter 80/107 - loss 0.03326681 - samples/sec: 111.60 - lr: 0.000195
2022-05-23 16:31:19,332 epoch 55 - iter 90/107 - loss 0.03283801 - samples/sec: 114.80 - lr: 0.000195
2022-05-23 16:31:21,560 epoch 55 - iter 100/107 - loss 0.03294588 - samples/sec: 143.70 - lr: 0.000195
2022-05-23 16:31:23,039 ----------------------------------------------------------------------------------------------------
2022-05-23 16:31:23,040 EPOCH 55 done: loss 0.0328 - lr 0.000195
2022-05-23 16:31:30,530 Evaluating as a multi-label problem: False
2022-05-23 16:31:30,541 DEV : loss 0.21208851039409637 - f1-score (micro avg)  0.5225
2022-05-23 16:31:30,626 BAD EPOCHS (no improvement): 1
2022-05-23 16:31:30,629 ----------------------------------------------------------------------------------------------------
2022-05-23 16:31:33,189 epoch 56 - iter 10/107 - loss 0.03776917 - samples/sec: 125.05 - lr: 0.000195
2022-05-23 16:31:35,539 epoch 56 - iter 20/107 - loss 0.03508930 - samples/sec: 136.21 - lr: 0.000195
2022-05-23 16:31:38,010 epoch 56 - iter 30/107 - loss 0.03422557 - samples/sec: 129.53 - lr: 0.000195
2022-05-23 16:31:40,337 epoch 56 - iter 40/107 - loss 0.03340475 - samples/sec: 137.61 - lr: 0.000195
2022-05-23 16:31:42,783 epoch 56 - iter 50/107 - loss 0.03204439 - samples/sec: 130.89 - lr: 0.000195
2022-05-23 16:31:45,098 epoch 56 - iter 60/107 - loss 0.03280086 - samples/sec: 138.27 - lr: 0.000195
2022-05-23 16:31:47,583 epoch 56 - iter 70/107 - loss 0.03298784 - samples/sec: 128.84 - lr: 0.000195
2022-05-23 16:31:49,939 epoch 56 - iter 80/107 - loss 0.03258729 - samples/sec: 135.88 - lr: 0.000195
2022-05-23 16:31:52,176 epoch 56 - iter 90/107 - loss 0.03226385 - samples/sec: 143.14 - lr: 0.000195
2022-05-23 16:31:54,417 epoch 56 - iter 100/107 - loss 0.03196596 - samples/sec: 142.84 - lr: 0.000195
2022-05-23 16:31:55,822 ----------------------------------------------------------------------------------------------------
2022-05-23 16:31:55,822 EPOCH 56 done: loss 0.0320 - lr 0.000195
2022-05-23 16:32:02,866 Evaluating as a multi-label problem: False
2022-05-23 16:32:02,877 DEV : loss 0.21197190880775452 - f1-score (micro avg)  0.5236
2022-05-23 16:32:02,965 BAD EPOCHS (no improvement): 2
2022-05-23 16:32:02,967 ----------------------------------------------------------------------------------------------------
2022-05-23 16:32:05,458 epoch 57 - iter 10/107 - loss 0.03794109 - samples/sec: 128.55 - lr: 0.000195
2022-05-23 16:32:07,797 epoch 57 - iter 20/107 - loss 0.03638521 - samples/sec: 136.85 - lr: 0.000195
2022-05-23 16:32:10,199 epoch 57 - iter 30/107 - loss 0.03473873 - samples/sec: 133.28 - lr: 0.000195
2022-05-23 16:32:12,602 epoch 57 - iter 40/107 - loss 0.03395870 - samples/sec: 133.18 - lr: 0.000195
2022-05-23 16:32:15,059 epoch 57 - iter 50/107 - loss 0.03346546 - samples/sec: 130.32 - lr: 0.000195
2022-05-23 16:32:17,591 epoch 57 - iter 60/107 - loss 0.03343894 - samples/sec: 126.41 - lr: 0.000195
2022-05-23 16:32:20,073 epoch 57 - iter 70/107 - loss 0.03407590 - samples/sec: 129.01 - lr: 0.000195
2022-05-23 16:32:22,477 epoch 57 - iter 80/107 - loss 0.03342883 - samples/sec: 133.14 - lr: 0.000195
2022-05-23 16:32:24,985 epoch 57 - iter 90/107 - loss 0.03299787 - samples/sec: 127.65 - lr: 0.000195
2022-05-23 16:32:28,630 epoch 57 - iter 100/107 - loss 0.03254418 - samples/sec: 87.80 - lr: 0.000195
2022-05-23 16:32:33,778 ----------------------------------------------------------------------------------------------------
2022-05-23 16:32:33,778 EPOCH 57 done: loss 0.0325 - lr 0.000195
2022-05-23 16:32:45,392 Evaluating as a multi-label problem: False
2022-05-23 16:32:45,403 DEV : loss 0.21156194806098938 - f1-score (micro avg)  0.5236
2022-05-23 16:32:45,490 BAD EPOCHS (no improvement): 3
2022-05-23 16:32:45,493 ----------------------------------------------------------------------------------------------------
2022-05-23 16:32:49,490 epoch 58 - iter 10/107 - loss 0.03340018 - samples/sec: 80.08 - lr: 0.000195
2022-05-23 16:32:53,512 epoch 58 - iter 20/107 - loss 0.03101826 - samples/sec: 79.58 - lr: 0.000195
2022-05-23 16:32:57,021 epoch 58 - iter 30/107 - loss 0.02957581 - samples/sec: 91.22 - lr: 0.000195
2022-05-23 16:32:59,948 epoch 58 - iter 40/107 - loss 0.03031710 - samples/sec: 109.37 - lr: 0.000195
2022-05-23 16:33:03,177 epoch 58 - iter 50/107 - loss 0.03065369 - samples/sec: 99.14 - lr: 0.000195
2022-05-23 16:33:06,529 epoch 58 - iter 60/107 - loss 0.03142168 - samples/sec: 95.49 - lr: 0.000195
2022-05-23 16:33:10,512 epoch 58 - iter 70/107 - loss 0.03305611 - samples/sec: 80.36 - lr: 0.000195
2022-05-23 16:33:14,250 epoch 58 - iter 80/107 - loss 0.03314457 - samples/sec: 85.63 - lr: 0.000195
2022-05-23 16:33:18,179 epoch 58 - iter 90/107 - loss 0.03460397 - samples/sec: 81.45 - lr: 0.000195
2022-05-23 16:33:22,050 epoch 58 - iter 100/107 - loss 0.03407697 - samples/sec: 82.69 - lr: 0.000195
2022-05-23 16:33:24,487 ----------------------------------------------------------------------------------------------------
2022-05-23 16:33:24,487 EPOCH 58 done: loss 0.0338 - lr 0.000195
2022-05-23 16:33:36,299 Evaluating as a multi-label problem: False
2022-05-23 16:33:36,310 DEV : loss 0.21136228740215302 - f1-score (micro avg)  0.5232
2022-05-23 16:33:36,398 Epoch    58: reducing learning rate of group 0 to 9.7656e-05.
2022-05-23 16:33:36,399 BAD EPOCHS (no improvement): 4
2022-05-23 16:33:36,401 ----------------------------------------------------------------------------------------------------
2022-05-23 16:33:36,401 ----------------------------------------------------------------------------------------------------
2022-05-23 16:33:36,401 learning rate too small - quitting training!
2022-05-23 16:33:36,401 ----------------------------------------------------------------------------------------------------
2022-05-23 16:34:07,316 ----------------------------------------------------------------------------------------------------
2022-05-23 16:34:07,317 loading file resources/taggers/model_08_r15_run_2/best-model.pt
2022-05-23 16:34:23,283 SequenceTagger predicts: Dictionary with 27 tags: O, S-person, B-person, E-person, I-person, S-location, B-location, E-location, I-location, S-group, B-group, E-group, I-group, S-corporation, B-corporation, E-corporation, I-corporation, S-product, B-product, E-product, I-product, S-creative-work, B-creative-work, E-creative-work, I-creative-work, <START>, <STOP>
2022-05-23 16:34:46,808 Evaluating as a multi-label problem: False
2022-05-23 16:34:46,820 0.6557	0.3318	0.4406	0.2981
2022-05-23 16:34:46,820 
Results:
- F-score (micro) 0.4406
- F-score (macro) 0.3425
- Accuracy 0.2981

By class:
               precision    recall  f1-score   support

       person     0.7612    0.4755    0.5854       429
     location     0.6115    0.5667    0.5882       150
        group     0.5750    0.1394    0.2244       165
creative-work     0.5882    0.1408    0.2273       142
      product     0.4231    0.0866    0.1438       127
  corporation     0.3846    0.2273    0.2857        66

    micro avg     0.6557    0.3318    0.4406      1079
    macro avg     0.5573    0.2727    0.3425      1079
 weighted avg     0.6263    0.3318    0.4131      1079

2022-05-23 16:34:46,821 ----------------------------------------------------------------------------------------------------
