2022-03-27 23:13:57,272 ----------------------------------------------------------------------------------------------------
2022-03-27 23:13:57,272 Model: "SequenceTagger(
  (embeddings): StackedEmbeddings(
    (list_embedding_0): FlairEmbeddings(
      (lm): LanguageModel(
        (drop): Dropout(p=0.05, inplace=False)
        (encoder): Embedding(300, 100)
        (rnn): LSTM(100, 2048)
        (decoder): Linear(in_features=2048, out_features=300, bias=True)
      )
    )
    (list_embedding_1): FlairEmbeddings(
      (lm): LanguageModel(
        (drop): Dropout(p=0.05, inplace=False)
        (encoder): Embedding(300, 100)
        (rnn): LSTM(100, 2048)
        (decoder): Linear(in_features=2048, out_features=300, bias=True)
      )
    )
  )
  (word_dropout): WordDropout(p=0.05)
  (locked_dropout): LockedDropout(p=0.5)
  (embedding2nn): Linear(in_features=4096, out_features=4096, bias=True)
  (rnn): LSTM(4096, 256, batch_first=True, bidirectional=True)
  (linear): Linear(in_features=512, out_features=27, bias=True)
  (loss_function): ViterbiLoss()
  (crf): CRF()
)"
2022-03-27 23:13:57,272 ----------------------------------------------------------------------------------------------------
2022-03-27 23:13:57,273 Corpus: "Corpus: 3394 train + 1009 dev + 1287 test sentences"
2022-03-27 23:13:57,273 ----------------------------------------------------------------------------------------------------
2022-03-27 23:13:57,273 Parameters:
2022-03-27 23:13:57,273  - learning_rate: "0.100000"
2022-03-27 23:13:57,273  - mini_batch_size: "32"
2022-03-27 23:13:57,273  - patience: "3"
2022-03-27 23:13:57,273  - anneal_factor: "0.5"
2022-03-27 23:13:57,273  - max_epochs: "150"
2022-03-27 23:13:57,273  - shuffle: "True"
2022-03-27 23:13:57,273  - train_with_dev: "False"
2022-03-27 23:13:57,273  - batch_growth_annealing: "False"
2022-03-27 23:13:57,273 ----------------------------------------------------------------------------------------------------
2022-03-27 23:13:57,273 Model training base path: "resources/taggers/model_02_r5_run_2"
2022-03-27 23:13:57,273 ----------------------------------------------------------------------------------------------------
2022-03-27 23:13:57,273 Device: cuda:0
2022-03-27 23:13:57,273 ----------------------------------------------------------------------------------------------------
2022-03-27 23:13:57,273 Embeddings storage mode: cpu
2022-03-27 23:13:57,273 ----------------------------------------------------------------------------------------------------
2022-03-27 23:13:59,373 epoch 1 - iter 10/107 - loss 1.20299543 - samples/sec: 152.49 - lr: 0.100000
2022-03-27 23:14:01,577 epoch 1 - iter 20/107 - loss 0.75205442 - samples/sec: 145.20 - lr: 0.100000
2022-03-27 23:14:03,842 epoch 1 - iter 30/107 - loss 0.59899853 - samples/sec: 141.35 - lr: 0.100000
2022-03-27 23:14:05,956 epoch 1 - iter 40/107 - loss 0.51841564 - samples/sec: 151.42 - lr: 0.100000
2022-03-27 23:14:08,108 epoch 1 - iter 50/107 - loss 0.45700748 - samples/sec: 148.79 - lr: 0.100000
2022-03-27 23:14:10,364 epoch 1 - iter 60/107 - loss 0.43144997 - samples/sec: 141.90 - lr: 0.100000
2022-03-27 23:14:12,604 epoch 1 - iter 70/107 - loss 0.41064348 - samples/sec: 142.90 - lr: 0.100000
2022-03-27 23:14:14,655 epoch 1 - iter 80/107 - loss 0.39819192 - samples/sec: 156.12 - lr: 0.100000
2022-03-27 23:14:16,274 epoch 1 - iter 90/107 - loss 0.38938583 - samples/sec: 197.73 - lr: 0.100000
2022-03-27 23:14:17,741 epoch 1 - iter 100/107 - loss 0.38052474 - samples/sec: 218.23 - lr: 0.100000
2022-03-27 23:14:18,617 ----------------------------------------------------------------------------------------------------
2022-03-27 23:14:18,617 EPOCH 1 done: loss 0.3727 - lr 0.100000
2022-03-27 23:14:23,662 Evaluating as a multi-label problem: False
2022-03-27 23:14:23,672 DEV : loss 0.4963158071041107 - f1-score (micro avg)  0.0072
2022-03-27 23:14:23,728 BAD EPOCHS (no improvement): 0
2022-03-27 23:14:23,731 saving best model
2022-03-27 23:14:24,888 ----------------------------------------------------------------------------------------------------
2022-03-27 23:14:27,060 epoch 2 - iter 10/107 - loss 0.14929639 - samples/sec: 147.41 - lr: 0.100000
2022-03-27 23:14:29,100 epoch 2 - iter 20/107 - loss 0.17786588 - samples/sec: 156.96 - lr: 0.100000
2022-03-27 23:14:31,235 epoch 2 - iter 30/107 - loss 0.18614904 - samples/sec: 149.98 - lr: 0.100000
2022-03-27 23:14:33,242 epoch 2 - iter 40/107 - loss 0.19050465 - samples/sec: 159.58 - lr: 0.100000
2022-03-27 23:14:35,342 epoch 2 - iter 50/107 - loss 0.19639150 - samples/sec: 152.44 - lr: 0.100000
2022-03-27 23:14:37,441 epoch 2 - iter 60/107 - loss 0.20220441 - samples/sec: 152.48 - lr: 0.100000
2022-03-27 23:14:39,464 epoch 2 - iter 70/107 - loss 0.20110311 - samples/sec: 158.29 - lr: 0.100000
2022-03-27 23:14:41,650 epoch 2 - iter 80/107 - loss 0.19859898 - samples/sec: 146.44 - lr: 0.100000
2022-03-27 23:14:43,748 epoch 2 - iter 90/107 - loss 0.19952635 - samples/sec: 152.59 - lr: 0.100000
2022-03-27 23:14:45,841 epoch 2 - iter 100/107 - loss 0.20204172 - samples/sec: 152.94 - lr: 0.100000
2022-03-27 23:14:47,084 ----------------------------------------------------------------------------------------------------
2022-03-27 23:14:47,084 EPOCH 2 done: loss 0.2034 - lr 0.100000
2022-03-27 23:14:51,833 Evaluating as a multi-label problem: False
2022-03-27 23:14:51,843 DEV : loss 0.3181209862232208 - f1-score (micro avg)  0.2789
2022-03-27 23:14:51,897 BAD EPOCHS (no improvement): 0
2022-03-27 23:14:51,900 saving best model
2022-03-27 23:14:53,137 ----------------------------------------------------------------------------------------------------
2022-03-27 23:14:55,181 epoch 3 - iter 10/107 - loss 0.15838228 - samples/sec: 156.65 - lr: 0.100000
2022-03-27 23:14:57,335 epoch 3 - iter 20/107 - loss 0.16159371 - samples/sec: 148.63 - lr: 0.100000
2022-03-27 23:14:59,490 epoch 3 - iter 30/107 - loss 0.16196862 - samples/sec: 148.58 - lr: 0.100000
2022-03-27 23:15:01,688 epoch 3 - iter 40/107 - loss 0.16640399 - samples/sec: 145.68 - lr: 0.100000
2022-03-27 23:15:03,746 epoch 3 - iter 50/107 - loss 0.16520481 - samples/sec: 155.50 - lr: 0.100000
2022-03-27 23:15:05,877 epoch 3 - iter 60/107 - loss 0.16804366 - samples/sec: 150.30 - lr: 0.100000
2022-03-27 23:15:07,928 epoch 3 - iter 70/107 - loss 0.16755183 - samples/sec: 156.05 - lr: 0.100000
2022-03-27 23:15:10,087 epoch 3 - iter 80/107 - loss 0.16803072 - samples/sec: 148.31 - lr: 0.100000
2022-03-27 23:15:12,161 epoch 3 - iter 90/107 - loss 0.16722501 - samples/sec: 154.42 - lr: 0.100000
2022-03-27 23:15:14,187 epoch 3 - iter 100/107 - loss 0.16693155 - samples/sec: 158.03 - lr: 0.100000
2022-03-27 23:15:15,510 ----------------------------------------------------------------------------------------------------
2022-03-27 23:15:15,510 EPOCH 3 done: loss 0.1666 - lr 0.100000
2022-03-27 23:15:20,860 Evaluating as a multi-label problem: False
2022-03-27 23:15:20,871 DEV : loss 0.22478172183036804 - f1-score (micro avg)  0.5089
2022-03-27 23:15:20,924 BAD EPOCHS (no improvement): 0
2022-03-27 23:15:20,927 saving best model
2022-03-27 23:15:22,072 ----------------------------------------------------------------------------------------------------
2022-03-27 23:15:23,774 epoch 4 - iter 10/107 - loss 0.12624720 - samples/sec: 188.19 - lr: 0.100000
2022-03-27 23:15:25,622 epoch 4 - iter 20/107 - loss 0.13890325 - samples/sec: 173.22 - lr: 0.100000
2022-03-27 23:15:27,743 epoch 4 - iter 30/107 - loss 0.14366991 - samples/sec: 150.93 - lr: 0.100000
2022-03-27 23:15:29,877 epoch 4 - iter 40/107 - loss 0.14691900 - samples/sec: 150.02 - lr: 0.100000
2022-03-27 23:15:31,946 epoch 4 - iter 50/107 - loss 0.14717665 - samples/sec: 154.73 - lr: 0.100000
2022-03-27 23:15:34,034 epoch 4 - iter 60/107 - loss 0.14542104 - samples/sec: 153.36 - lr: 0.100000
2022-03-27 23:15:36,041 epoch 4 - iter 70/107 - loss 0.14390280 - samples/sec: 159.52 - lr: 0.100000
2022-03-27 23:15:38,201 epoch 4 - iter 80/107 - loss 0.14356512 - samples/sec: 148.21 - lr: 0.100000
2022-03-27 23:15:40,388 epoch 4 - iter 90/107 - loss 0.14344197 - samples/sec: 146.36 - lr: 0.100000
2022-03-27 23:15:42,418 epoch 4 - iter 100/107 - loss 0.14416101 - samples/sec: 157.71 - lr: 0.100000
2022-03-27 23:15:43,721 ----------------------------------------------------------------------------------------------------
2022-03-27 23:15:43,721 EPOCH 4 done: loss 0.1428 - lr 0.100000
2022-03-27 23:15:50,609 Evaluating as a multi-label problem: False
2022-03-27 23:15:50,619 DEV : loss 0.23737390339374542 - f1-score (micro avg)  0.4575
2022-03-27 23:15:50,674 BAD EPOCHS (no improvement): 1
2022-03-27 23:15:50,677 ----------------------------------------------------------------------------------------------------
2022-03-27 23:15:52,224 epoch 5 - iter 10/107 - loss 0.09914937 - samples/sec: 206.98 - lr: 0.100000
2022-03-27 23:15:53,874 epoch 5 - iter 20/107 - loss 0.12207674 - samples/sec: 193.99 - lr: 0.100000
2022-03-27 23:15:55,362 epoch 5 - iter 30/107 - loss 0.13434450 - samples/sec: 215.20 - lr: 0.100000
2022-03-27 23:15:57,018 epoch 5 - iter 40/107 - loss 0.13165001 - samples/sec: 193.41 - lr: 0.100000
2022-03-27 23:15:58,187 epoch 5 - iter 50/107 - loss 0.12757585 - samples/sec: 273.91 - lr: 0.100000
2022-03-27 23:15:59,832 epoch 5 - iter 60/107 - loss 0.12785523 - samples/sec: 194.68 - lr: 0.100000
2022-03-27 23:16:01,988 epoch 5 - iter 70/107 - loss 0.12416457 - samples/sec: 148.47 - lr: 0.100000
2022-03-27 23:16:04,060 epoch 5 - iter 80/107 - loss 0.12753456 - samples/sec: 154.47 - lr: 0.100000
2022-03-27 23:16:06,214 epoch 5 - iter 90/107 - loss 0.13052239 - samples/sec: 148.65 - lr: 0.100000
2022-03-27 23:16:08,229 epoch 5 - iter 100/107 - loss 0.12982862 - samples/sec: 158.90 - lr: 0.100000
2022-03-27 23:16:09,522 ----------------------------------------------------------------------------------------------------
2022-03-27 23:16:09,522 EPOCH 5 done: loss 0.1294 - lr 0.100000
2022-03-27 23:16:16,074 Evaluating as a multi-label problem: False
2022-03-27 23:16:16,084 DEV : loss 0.21665449440479279 - f1-score (micro avg)  0.4564
2022-03-27 23:16:16,139 BAD EPOCHS (no improvement): 2
2022-03-27 23:16:16,141 ----------------------------------------------------------------------------------------------------
2022-03-27 23:16:18,266 epoch 6 - iter 10/107 - loss 0.14234599 - samples/sec: 150.71 - lr: 0.100000
2022-03-27 23:16:20,321 epoch 6 - iter 20/107 - loss 0.13213449 - samples/sec: 155.80 - lr: 0.100000
2022-03-27 23:16:22,458 epoch 6 - iter 30/107 - loss 0.12625342 - samples/sec: 149.80 - lr: 0.100000
2022-03-27 23:16:24,559 epoch 6 - iter 40/107 - loss 0.11634021 - samples/sec: 152.37 - lr: 0.100000
2022-03-27 23:16:26,459 epoch 6 - iter 50/107 - loss 0.11806183 - samples/sec: 168.52 - lr: 0.100000
2022-03-27 23:16:27,997 epoch 6 - iter 60/107 - loss 0.11812035 - samples/sec: 208.21 - lr: 0.100000
2022-03-27 23:16:29,497 epoch 6 - iter 70/107 - loss 0.11863401 - samples/sec: 213.55 - lr: 0.100000
2022-03-27 23:16:31,141 epoch 6 - iter 80/107 - loss 0.11771908 - samples/sec: 194.81 - lr: 0.100000
2022-03-27 23:16:32,594 epoch 6 - iter 90/107 - loss 0.11997039 - samples/sec: 220.38 - lr: 0.100000
2022-03-27 23:16:34,140 epoch 6 - iter 100/107 - loss 0.12039691 - samples/sec: 207.05 - lr: 0.100000
2022-03-27 23:16:35,377 ----------------------------------------------------------------------------------------------------
2022-03-27 23:16:35,377 EPOCH 6 done: loss 0.1188 - lr 0.100000
2022-03-27 23:16:42,392 Evaluating as a multi-label problem: False
2022-03-27 23:16:42,402 DEV : loss 0.22396649420261383 - f1-score (micro avg)  0.4862
2022-03-27 23:16:42,456 BAD EPOCHS (no improvement): 3
2022-03-27 23:16:42,458 ----------------------------------------------------------------------------------------------------
2022-03-27 23:16:44,543 epoch 7 - iter 10/107 - loss 0.08714017 - samples/sec: 153.60 - lr: 0.100000
2022-03-27 23:16:46,620 epoch 7 - iter 20/107 - loss 0.09930575 - samples/sec: 154.09 - lr: 0.100000
2022-03-27 23:16:48,737 epoch 7 - iter 30/107 - loss 0.10243398 - samples/sec: 151.25 - lr: 0.100000
2022-03-27 23:16:50,734 epoch 7 - iter 40/107 - loss 0.10194275 - samples/sec: 160.30 - lr: 0.100000
2022-03-27 23:16:52,831 epoch 7 - iter 50/107 - loss 0.10570750 - samples/sec: 152.67 - lr: 0.100000
2022-03-27 23:16:55,019 epoch 7 - iter 60/107 - loss 0.11142625 - samples/sec: 146.34 - lr: 0.100000
2022-03-27 23:16:57,064 epoch 7 - iter 70/107 - loss 0.11362441 - samples/sec: 156.56 - lr: 0.100000
2022-03-27 23:16:59,253 epoch 7 - iter 80/107 - loss 0.11360521 - samples/sec: 146.25 - lr: 0.100000
2022-03-27 23:17:01,155 epoch 7 - iter 90/107 - loss 0.11159390 - samples/sec: 168.34 - lr: 0.100000
2022-03-27 23:17:02,719 epoch 7 - iter 100/107 - loss 0.10984178 - samples/sec: 204.75 - lr: 0.100000
2022-03-27 23:17:03,673 ----------------------------------------------------------------------------------------------------
2022-03-27 23:17:03,673 EPOCH 7 done: loss 0.1108 - lr 0.100000
2022-03-27 23:17:08,325 Evaluating as a multi-label problem: False
2022-03-27 23:17:08,335 DEV : loss 0.20983710885047913 - f1-score (micro avg)  0.4658
2022-03-27 23:17:08,388 Epoch     7: reducing learning rate of group 0 to 5.0000e-02.
2022-03-27 23:17:08,388 BAD EPOCHS (no improvement): 4
2022-03-27 23:17:08,391 ----------------------------------------------------------------------------------------------------
2022-03-27 23:17:10,424 epoch 8 - iter 10/107 - loss 0.10405235 - samples/sec: 157.53 - lr: 0.050000
2022-03-27 23:17:12,465 epoch 8 - iter 20/107 - loss 0.10888168 - samples/sec: 156.92 - lr: 0.050000
2022-03-27 23:17:14,549 epoch 8 - iter 30/107 - loss 0.10368971 - samples/sec: 153.57 - lr: 0.050000
2022-03-27 23:17:16,711 epoch 8 - iter 40/107 - loss 0.09879772 - samples/sec: 148.10 - lr: 0.050000
2022-03-27 23:17:18,800 epoch 8 - iter 50/107 - loss 0.09851622 - samples/sec: 153.30 - lr: 0.050000
2022-03-27 23:17:20,890 epoch 8 - iter 60/107 - loss 0.09928002 - samples/sec: 153.15 - lr: 0.050000
2022-03-27 23:17:22,998 epoch 8 - iter 70/107 - loss 0.10010568 - samples/sec: 151.86 - lr: 0.050000
2022-03-27 23:17:25,066 epoch 8 - iter 80/107 - loss 0.10086192 - samples/sec: 154.81 - lr: 0.050000
2022-03-27 23:17:27,286 epoch 8 - iter 90/107 - loss 0.10156677 - samples/sec: 144.21 - lr: 0.050000
2022-03-27 23:17:29,425 epoch 8 - iter 100/107 - loss 0.10042129 - samples/sec: 149.70 - lr: 0.050000
2022-03-27 23:17:30,667 ----------------------------------------------------------------------------------------------------
2022-03-27 23:17:30,667 EPOCH 8 done: loss 0.0995 - lr 0.050000
2022-03-27 23:17:36,420 Evaluating as a multi-label problem: False
2022-03-27 23:17:36,431 DEV : loss 0.18526454269886017 - f1-score (micro avg)  0.5229
2022-03-27 23:17:36,484 BAD EPOCHS (no improvement): 0
2022-03-27 23:17:36,487 saving best model
2022-03-27 23:17:37,774 ----------------------------------------------------------------------------------------------------
2022-03-27 23:17:39,485 epoch 9 - iter 10/107 - loss 0.11524435 - samples/sec: 187.15 - lr: 0.050000
2022-03-27 23:17:41,698 epoch 9 - iter 20/107 - loss 0.10241358 - samples/sec: 144.65 - lr: 0.050000
2022-03-27 23:17:43,799 epoch 9 - iter 30/107 - loss 0.10058672 - samples/sec: 152.38 - lr: 0.050000
2022-03-27 23:17:45,904 epoch 9 - iter 40/107 - loss 0.09873613 - samples/sec: 152.11 - lr: 0.050000
2022-03-27 23:17:47,982 epoch 9 - iter 50/107 - loss 0.09300202 - samples/sec: 154.08 - lr: 0.050000
2022-03-27 23:17:50,042 epoch 9 - iter 60/107 - loss 0.09310658 - samples/sec: 155.44 - lr: 0.050000
2022-03-27 23:17:52,128 epoch 9 - iter 70/107 - loss 0.09422437 - samples/sec: 153.51 - lr: 0.050000
2022-03-27 23:17:54,185 epoch 9 - iter 80/107 - loss 0.09444763 - samples/sec: 155.61 - lr: 0.050000
2022-03-27 23:17:56,256 epoch 9 - iter 90/107 - loss 0.09549025 - samples/sec: 154.59 - lr: 0.050000
2022-03-27 23:17:58,315 epoch 9 - iter 100/107 - loss 0.09478796 - samples/sec: 155.46 - lr: 0.050000
2022-03-27 23:17:59,598 ----------------------------------------------------------------------------------------------------
2022-03-27 23:17:59,598 EPOCH 9 done: loss 0.0949 - lr 0.050000
2022-03-27 23:18:06,154 Evaluating as a multi-label problem: False
2022-03-27 23:18:06,165 DEV : loss 0.1944524049758911 - f1-score (micro avg)  0.4935
2022-03-27 23:18:06,219 BAD EPOCHS (no improvement): 1
2022-03-27 23:18:06,221 ----------------------------------------------------------------------------------------------------
2022-03-27 23:18:07,506 epoch 10 - iter 10/107 - loss 0.08500344 - samples/sec: 249.28 - lr: 0.050000
2022-03-27 23:18:08,994 epoch 10 - iter 20/107 - loss 0.08500667 - samples/sec: 215.16 - lr: 0.050000
2022-03-27 23:18:10,593 epoch 10 - iter 30/107 - loss 0.08861482 - samples/sec: 200.35 - lr: 0.050000
2022-03-27 23:18:12,215 epoch 10 - iter 40/107 - loss 0.09055505 - samples/sec: 197.39 - lr: 0.050000
2022-03-27 23:18:13,676 epoch 10 - iter 50/107 - loss 0.09200161 - samples/sec: 219.06 - lr: 0.050000
2022-03-27 23:18:15,557 epoch 10 - iter 60/107 - loss 0.09195812 - samples/sec: 170.24 - lr: 0.050000
2022-03-27 23:18:17,672 epoch 10 - iter 70/107 - loss 0.09066689 - samples/sec: 151.34 - lr: 0.050000
2022-03-27 23:18:19,817 epoch 10 - iter 80/107 - loss 0.09120225 - samples/sec: 149.29 - lr: 0.050000
2022-03-27 23:18:21,897 epoch 10 - iter 90/107 - loss 0.09204077 - samples/sec: 153.90 - lr: 0.050000
2022-03-27 23:18:24,040 epoch 10 - iter 100/107 - loss 0.09014042 - samples/sec: 149.43 - lr: 0.050000
2022-03-27 23:18:25,309 ----------------------------------------------------------------------------------------------------
2022-03-27 23:18:25,309 EPOCH 10 done: loss 0.0907 - lr 0.050000
2022-03-27 23:18:32,198 Evaluating as a multi-label problem: False
2022-03-27 23:18:32,208 DEV : loss 0.21432767808437347 - f1-score (micro avg)  0.4337
2022-03-27 23:18:32,262 BAD EPOCHS (no improvement): 2
2022-03-27 23:18:32,264 ----------------------------------------------------------------------------------------------------
2022-03-27 23:18:34,333 epoch 11 - iter 10/107 - loss 0.10948444 - samples/sec: 154.74 - lr: 0.050000
2022-03-27 23:18:36,441 epoch 11 - iter 20/107 - loss 0.09573640 - samples/sec: 151.93 - lr: 0.050000
2022-03-27 23:18:38,515 epoch 11 - iter 30/107 - loss 0.09300028 - samples/sec: 154.29 - lr: 0.050000
2022-03-27 23:18:40,479 epoch 11 - iter 40/107 - loss 0.08999980 - samples/sec: 163.04 - lr: 0.050000
2022-03-27 23:18:42,018 epoch 11 - iter 50/107 - loss 0.08926320 - samples/sec: 208.12 - lr: 0.050000
2022-03-27 23:18:43,530 epoch 11 - iter 60/107 - loss 0.08775666 - samples/sec: 211.71 - lr: 0.050000
2022-03-27 23:18:45,154 epoch 11 - iter 70/107 - loss 0.08775975 - samples/sec: 197.13 - lr: 0.050000
2022-03-27 23:18:46,805 epoch 11 - iter 80/107 - loss 0.08784909 - samples/sec: 193.96 - lr: 0.050000
2022-03-27 23:18:48,412 epoch 11 - iter 90/107 - loss 0.08817849 - samples/sec: 199.21 - lr: 0.050000
2022-03-27 23:18:49,815 epoch 11 - iter 100/107 - loss 0.08628459 - samples/sec: 228.21 - lr: 0.050000
2022-03-27 23:18:51,088 ----------------------------------------------------------------------------------------------------
2022-03-27 23:18:51,088 EPOCH 11 done: loss 0.0872 - lr 0.050000
2022-03-27 23:18:57,802 Evaluating as a multi-label problem: False
2022-03-27 23:18:57,812 DEV : loss 0.22931839525699615 - f1-score (micro avg)  0.4181
2022-03-27 23:18:57,865 BAD EPOCHS (no improvement): 3
2022-03-27 23:18:57,874 ----------------------------------------------------------------------------------------------------
2022-03-27 23:18:59,946 epoch 12 - iter 10/107 - loss 0.09585824 - samples/sec: 154.54 - lr: 0.050000
2022-03-27 23:19:02,043 epoch 12 - iter 20/107 - loss 0.09041963 - samples/sec: 152.64 - lr: 0.050000
2022-03-27 23:19:04,110 epoch 12 - iter 30/107 - loss 0.08609703 - samples/sec: 154.96 - lr: 0.050000
2022-03-27 23:19:06,178 epoch 12 - iter 40/107 - loss 0.08452572 - samples/sec: 154.79 - lr: 0.050000
2022-03-27 23:19:08,254 epoch 12 - iter 50/107 - loss 0.08692977 - samples/sec: 154.25 - lr: 0.050000
2022-03-27 23:19:10,269 epoch 12 - iter 60/107 - loss 0.08630461 - samples/sec: 158.92 - lr: 0.050000
2022-03-27 23:19:12,364 epoch 12 - iter 70/107 - loss 0.08539266 - samples/sec: 152.82 - lr: 0.050000
2022-03-27 23:19:14,522 epoch 12 - iter 80/107 - loss 0.08582232 - samples/sec: 148.33 - lr: 0.050000
2022-03-27 23:19:16,317 epoch 12 - iter 90/107 - loss 0.08578421 - samples/sec: 178.38 - lr: 0.050000
2022-03-27 23:19:17,880 epoch 12 - iter 100/107 - loss 0.08478222 - samples/sec: 204.80 - lr: 0.050000
2022-03-27 23:19:18,883 ----------------------------------------------------------------------------------------------------
2022-03-27 23:19:18,883 EPOCH 12 done: loss 0.0849 - lr 0.050000
2022-03-27 23:19:23,068 Evaluating as a multi-label problem: False
2022-03-27 23:19:23,079 DEV : loss 0.2013339400291443 - f1-score (micro avg)  0.4964
2022-03-27 23:19:23,135 Epoch    12: reducing learning rate of group 0 to 2.5000e-02.
2022-03-27 23:19:23,135 BAD EPOCHS (no improvement): 4
2022-03-27 23:19:23,164 ----------------------------------------------------------------------------------------------------
2022-03-27 23:19:23,895 epoch 13 - iter 10/107 - loss 0.07810676 - samples/sec: 438.37 - lr: 0.025000
2022-03-27 23:19:24,586 epoch 13 - iter 20/107 - loss 0.07630664 - samples/sec: 463.69 - lr: 0.025000
2022-03-27 23:19:25,300 epoch 13 - iter 30/107 - loss 0.07390026 - samples/sec: 448.66 - lr: 0.025000
2022-03-27 23:19:26,008 epoch 13 - iter 40/107 - loss 0.07182314 - samples/sec: 452.34 - lr: 0.025000
2022-03-27 23:19:26,750 epoch 13 - iter 50/107 - loss 0.07258593 - samples/sec: 431.91 - lr: 0.025000
2022-03-27 23:19:27,463 epoch 13 - iter 60/107 - loss 0.07552710 - samples/sec: 449.75 - lr: 0.025000
2022-03-27 23:19:28,209 epoch 13 - iter 70/107 - loss 0.07713880 - samples/sec: 429.61 - lr: 0.025000
2022-03-27 23:19:29,194 epoch 13 - iter 80/107 - loss 0.07676384 - samples/sec: 324.93 - lr: 0.025000
2022-03-27 23:19:32,739 epoch 13 - iter 90/107 - loss 0.07834177 - samples/sec: 90.30 - lr: 0.025000
2022-03-27 23:19:36,011 epoch 13 - iter 100/107 - loss 0.07702741 - samples/sec: 97.85 - lr: 0.025000
2022-03-27 23:19:37,770 ----------------------------------------------------------------------------------------------------
2022-03-27 23:19:37,770 EPOCH 13 done: loss 0.0771 - lr 0.025000
2022-03-27 23:19:46,075 Evaluating as a multi-label problem: False
2022-03-27 23:19:46,087 DEV : loss 0.18907301127910614 - f1-score (micro avg)  0.5088
2022-03-27 23:19:46,143 BAD EPOCHS (no improvement): 1
2022-03-27 23:19:46,146 ----------------------------------------------------------------------------------------------------
2022-03-27 23:19:48,246 epoch 14 - iter 10/107 - loss 0.06853482 - samples/sec: 152.48 - lr: 0.025000
2022-03-27 23:19:50,383 epoch 14 - iter 20/107 - loss 0.07555070 - samples/sec: 149.85 - lr: 0.025000
2022-03-27 23:19:52,432 epoch 14 - iter 30/107 - loss 0.07416008 - samples/sec: 156.23 - lr: 0.025000
2022-03-27 23:19:54,591 epoch 14 - iter 40/107 - loss 0.07550401 - samples/sec: 148.28 - lr: 0.025000
2022-03-27 23:19:56,726 epoch 14 - iter 50/107 - loss 0.07593217 - samples/sec: 149.98 - lr: 0.025000
2022-03-27 23:19:58,797 epoch 14 - iter 60/107 - loss 0.07771427 - samples/sec: 154.56 - lr: 0.025000
2022-03-27 23:20:00,844 epoch 14 - iter 70/107 - loss 0.07782916 - samples/sec: 156.39 - lr: 0.025000
2022-03-27 23:20:03,039 epoch 14 - iter 80/107 - loss 0.07782885 - samples/sec: 145.91 - lr: 0.025000
2022-03-27 23:20:05,132 epoch 14 - iter 90/107 - loss 0.07819757 - samples/sec: 152.97 - lr: 0.025000
2022-03-27 23:20:07,306 epoch 14 - iter 100/107 - loss 0.07728070 - samples/sec: 147.25 - lr: 0.025000
2022-03-27 23:20:08,644 ----------------------------------------------------------------------------------------------------
2022-03-27 23:20:08,644 EPOCH 14 done: loss 0.0779 - lr 0.025000
2022-03-27 23:20:14,062 Evaluating as a multi-label problem: False
2022-03-27 23:20:14,072 DEV : loss 0.19349323213100433 - f1-score (micro avg)  0.5176
2022-03-27 23:20:14,126 BAD EPOCHS (no improvement): 2
2022-03-27 23:20:14,128 ----------------------------------------------------------------------------------------------------
2022-03-27 23:20:15,606 epoch 15 - iter 10/107 - loss 0.06915543 - samples/sec: 216.63 - lr: 0.025000
2022-03-27 23:20:16,982 epoch 15 - iter 20/107 - loss 0.06969973 - samples/sec: 232.81 - lr: 0.025000
2022-03-27 23:20:18,111 epoch 15 - iter 30/107 - loss 0.07537188 - samples/sec: 283.71 - lr: 0.025000
2022-03-27 23:20:18,840 epoch 15 - iter 40/107 - loss 0.07144502 - samples/sec: 439.26 - lr: 0.025000
2022-03-27 23:20:19,560 epoch 15 - iter 50/107 - loss 0.07431852 - samples/sec: 444.87 - lr: 0.025000
2022-03-27 23:20:20,990 epoch 15 - iter 60/107 - loss 0.07695716 - samples/sec: 223.92 - lr: 0.025000
2022-03-27 23:20:23,037 epoch 15 - iter 70/107 - loss 0.07777067 - samples/sec: 156.42 - lr: 0.025000
2022-03-27 23:20:25,172 epoch 15 - iter 80/107 - loss 0.07718653 - samples/sec: 149.98 - lr: 0.025000
2022-03-27 23:20:27,329 epoch 15 - iter 90/107 - loss 0.07498719 - samples/sec: 148.47 - lr: 0.025000
2022-03-27 23:20:29,394 epoch 15 - iter 100/107 - loss 0.07587764 - samples/sec: 155.06 - lr: 0.025000
2022-03-27 23:20:30,739 ----------------------------------------------------------------------------------------------------
2022-03-27 23:20:30,739 EPOCH 15 done: loss 0.0754 - lr 0.025000
2022-03-27 23:20:37,541 Evaluating as a multi-label problem: False
2022-03-27 23:20:37,553 DEV : loss 0.1962592452764511 - f1-score (micro avg)  0.5075
2022-03-27 23:20:37,606 BAD EPOCHS (no improvement): 3
2022-03-27 23:20:37,608 ----------------------------------------------------------------------------------------------------
2022-03-27 23:20:39,764 epoch 16 - iter 10/107 - loss 0.07104360 - samples/sec: 148.56 - lr: 0.025000
2022-03-27 23:20:41,854 epoch 16 - iter 20/107 - loss 0.06574762 - samples/sec: 153.17 - lr: 0.025000
2022-03-27 23:20:43,962 epoch 16 - iter 30/107 - loss 0.06514761 - samples/sec: 151.90 - lr: 0.025000
2022-03-27 23:20:46,048 epoch 16 - iter 40/107 - loss 0.06827385 - samples/sec: 153.43 - lr: 0.025000
2022-03-27 23:20:47,947 epoch 16 - iter 50/107 - loss 0.07120774 - samples/sec: 168.61 - lr: 0.025000
2022-03-27 23:20:49,521 epoch 16 - iter 60/107 - loss 0.07099452 - samples/sec: 203.43 - lr: 0.025000
2022-03-27 23:20:51,139 epoch 16 - iter 70/107 - loss 0.07292815 - samples/sec: 197.85 - lr: 0.025000
2022-03-27 23:20:52,719 epoch 16 - iter 80/107 - loss 0.07147343 - samples/sec: 202.65 - lr: 0.025000
2022-03-27 23:20:54,273 epoch 16 - iter 90/107 - loss 0.07215893 - samples/sec: 206.13 - lr: 0.025000
2022-03-27 23:20:55,749 epoch 16 - iter 100/107 - loss 0.07435540 - samples/sec: 216.92 - lr: 0.025000
2022-03-27 23:20:56,205 ----------------------------------------------------------------------------------------------------
2022-03-27 23:20:56,205 EPOCH 16 done: loss 0.0738 - lr 0.025000
2022-03-27 23:21:00,334 Evaluating as a multi-label problem: False
2022-03-27 23:21:00,345 DEV : loss 0.2039640098810196 - f1-score (micro avg)  0.496
2022-03-27 23:21:00,403 Epoch    16: reducing learning rate of group 0 to 1.2500e-02.
2022-03-27 23:21:00,403 BAD EPOCHS (no improvement): 4
2022-03-27 23:21:00,406 ----------------------------------------------------------------------------------------------------
2022-03-27 23:21:02,757 epoch 17 - iter 10/107 - loss 0.07043920 - samples/sec: 136.16 - lr: 0.012500
2022-03-27 23:21:04,835 epoch 17 - iter 20/107 - loss 0.07238632 - samples/sec: 154.10 - lr: 0.012500
2022-03-27 23:21:06,859 epoch 17 - iter 30/107 - loss 0.07175969 - samples/sec: 158.22 - lr: 0.012500
2022-03-27 23:21:08,965 epoch 17 - iter 40/107 - loss 0.06850358 - samples/sec: 152.02 - lr: 0.012500
2022-03-27 23:21:11,026 epoch 17 - iter 50/107 - loss 0.06794701 - samples/sec: 155.36 - lr: 0.012500
2022-03-27 23:21:13,120 epoch 17 - iter 60/107 - loss 0.06964004 - samples/sec: 152.88 - lr: 0.012500
2022-03-27 23:21:15,179 epoch 17 - iter 70/107 - loss 0.07180966 - samples/sec: 155.46 - lr: 0.012500
2022-03-27 23:21:17,311 epoch 17 - iter 80/107 - loss 0.07083604 - samples/sec: 150.21 - lr: 0.012500
2022-03-27 23:21:19,486 epoch 17 - iter 90/107 - loss 0.07054948 - samples/sec: 147.16 - lr: 0.012500
2022-03-27 23:21:21,642 epoch 17 - iter 100/107 - loss 0.07068932 - samples/sec: 148.51 - lr: 0.012500
2022-03-27 23:21:22,869 ----------------------------------------------------------------------------------------------------
2022-03-27 23:21:22,869 EPOCH 17 done: loss 0.0711 - lr 0.012500
2022-03-27 23:21:28,051 Evaluating as a multi-label problem: False
2022-03-27 23:21:28,062 DEV : loss 0.19402600824832916 - f1-score (micro avg)  0.5075
2022-03-27 23:21:28,116 BAD EPOCHS (no improvement): 1
2022-03-27 23:21:28,119 ----------------------------------------------------------------------------------------------------
2022-03-27 23:21:29,773 epoch 18 - iter 10/107 - loss 0.06749368 - samples/sec: 193.58 - lr: 0.012500
2022-03-27 23:21:30,997 epoch 18 - iter 20/107 - loss 0.06872292 - samples/sec: 261.58 - lr: 0.012500
2022-03-27 23:21:32,193 epoch 18 - iter 30/107 - loss 0.06393010 - samples/sec: 267.74 - lr: 0.012500
2022-03-27 23:21:32,902 epoch 18 - iter 40/107 - loss 0.06857235 - samples/sec: 451.96 - lr: 0.012500
2022-03-27 23:21:33,647 epoch 18 - iter 50/107 - loss 0.06652099 - samples/sec: 430.45 - lr: 0.012500
2022-03-27 23:21:34,575 epoch 18 - iter 60/107 - loss 0.06649254 - samples/sec: 344.94 - lr: 0.012500
2022-03-27 23:21:36,745 epoch 18 - iter 70/107 - loss 0.06799077 - samples/sec: 147.56 - lr: 0.012500
2022-03-27 23:21:38,883 epoch 18 - iter 80/107 - loss 0.06816705 - samples/sec: 149.72 - lr: 0.012500
2022-03-27 23:21:41,024 epoch 18 - iter 90/107 - loss 0.06951034 - samples/sec: 149.57 - lr: 0.012500
2022-03-27 23:21:43,098 epoch 18 - iter 100/107 - loss 0.06878733 - samples/sec: 154.33 - lr: 0.012500
2022-03-27 23:21:44,423 ----------------------------------------------------------------------------------------------------
2022-03-27 23:21:44,423 EPOCH 18 done: loss 0.0687 - lr 0.012500
2022-03-27 23:21:51,031 Evaluating as a multi-label problem: False
2022-03-27 23:21:51,043 DEV : loss 0.19799688458442688 - f1-score (micro avg)  0.5056
2022-03-27 23:21:51,097 BAD EPOCHS (no improvement): 2
2022-03-27 23:21:51,099 ----------------------------------------------------------------------------------------------------
2022-03-27 23:21:53,224 epoch 19 - iter 10/107 - loss 0.07747572 - samples/sec: 150.71 - lr: 0.012500
2022-03-27 23:21:55,610 epoch 19 - iter 20/107 - loss 0.07144450 - samples/sec: 134.15 - lr: 0.012500
2022-03-27 23:21:57,694 epoch 19 - iter 30/107 - loss 0.07812302 - samples/sec: 153.62 - lr: 0.012500
2022-03-27 23:21:59,873 epoch 19 - iter 40/107 - loss 0.07462667 - samples/sec: 146.94 - lr: 0.012500
2022-03-27 23:22:01,459 epoch 19 - iter 50/107 - loss 0.07111966 - samples/sec: 201.98 - lr: 0.012500
2022-03-27 23:22:03,031 epoch 19 - iter 60/107 - loss 0.06942122 - samples/sec: 203.63 - lr: 0.012500
2022-03-27 23:22:04,623 epoch 19 - iter 70/107 - loss 0.07078067 - samples/sec: 201.14 - lr: 0.012500
2022-03-27 23:22:06,116 epoch 19 - iter 80/107 - loss 0.06978683 - samples/sec: 214.48 - lr: 0.012500
2022-03-27 23:22:07,640 epoch 19 - iter 90/107 - loss 0.06986463 - samples/sec: 210.13 - lr: 0.012500
2022-03-27 23:22:08,782 epoch 19 - iter 100/107 - loss 0.06917282 - samples/sec: 280.36 - lr: 0.012500
2022-03-27 23:22:09,246 ----------------------------------------------------------------------------------------------------
2022-03-27 23:22:09,246 EPOCH 19 done: loss 0.0684 - lr 0.012500
2022-03-27 23:22:13,766 Evaluating as a multi-label problem: False
2022-03-27 23:22:13,777 DEV : loss 0.19980686902999878 - f1-score (micro avg)  0.5083
2022-03-27 23:22:13,832 BAD EPOCHS (no improvement): 3
2022-03-27 23:22:13,868 ----------------------------------------------------------------------------------------------------
2022-03-27 23:22:15,913 epoch 20 - iter 10/107 - loss 0.06458196 - samples/sec: 156.60 - lr: 0.012500
2022-03-27 23:22:18,056 epoch 20 - iter 20/107 - loss 0.06642416 - samples/sec: 149.42 - lr: 0.012500
2022-03-27 23:22:20,159 epoch 20 - iter 30/107 - loss 0.06920496 - samples/sec: 152.23 - lr: 0.012500
2022-03-27 23:22:22,266 epoch 20 - iter 40/107 - loss 0.07012459 - samples/sec: 151.93 - lr: 0.012500
2022-03-27 23:22:24,318 epoch 20 - iter 50/107 - loss 0.06752878 - samples/sec: 156.01 - lr: 0.012500
2022-03-27 23:22:26,391 epoch 20 - iter 60/107 - loss 0.06979810 - samples/sec: 154.45 - lr: 0.012500
2022-03-27 23:22:28,544 epoch 20 - iter 70/107 - loss 0.06916476 - samples/sec: 148.74 - lr: 0.012500
2022-03-27 23:22:30,604 epoch 20 - iter 80/107 - loss 0.06816720 - samples/sec: 155.39 - lr: 0.012500
2022-03-27 23:22:32,755 epoch 20 - iter 90/107 - loss 0.06700905 - samples/sec: 148.87 - lr: 0.012500
2022-03-27 23:22:34,817 epoch 20 - iter 100/107 - loss 0.06784781 - samples/sec: 155.27 - lr: 0.012500
2022-03-27 23:22:36,082 ----------------------------------------------------------------------------------------------------
2022-03-27 23:22:36,082 EPOCH 20 done: loss 0.0677 - lr 0.012500
2022-03-27 23:22:41,162 Evaluating as a multi-label problem: False
2022-03-27 23:22:41,172 DEV : loss 0.20399700105190277 - f1-score (micro avg)  0.4895
2022-03-27 23:22:41,225 Epoch    20: reducing learning rate of group 0 to 6.2500e-03.
2022-03-27 23:22:41,225 BAD EPOCHS (no improvement): 4
2022-03-27 23:22:41,228 ----------------------------------------------------------------------------------------------------
2022-03-27 23:22:42,718 epoch 21 - iter 10/107 - loss 0.06536516 - samples/sec: 214.91 - lr: 0.006250
2022-03-27 23:22:44,052 epoch 21 - iter 20/107 - loss 0.06189084 - samples/sec: 240.05 - lr: 0.006250
2022-03-27 23:22:45,037 epoch 21 - iter 30/107 - loss 0.06224607 - samples/sec: 325.03 - lr: 0.006250
2022-03-27 23:22:45,769 epoch 21 - iter 40/107 - loss 0.06068412 - samples/sec: 437.93 - lr: 0.006250
2022-03-27 23:22:46,488 epoch 21 - iter 50/107 - loss 0.06123461 - samples/sec: 445.48 - lr: 0.006250
2022-03-27 23:22:48,431 epoch 21 - iter 60/107 - loss 0.06144352 - samples/sec: 164.77 - lr: 0.006250
2022-03-27 23:22:50,525 epoch 21 - iter 70/107 - loss 0.06247171 - samples/sec: 152.92 - lr: 0.006250
2022-03-27 23:22:52,686 epoch 21 - iter 80/107 - loss 0.06228969 - samples/sec: 148.10 - lr: 0.006250
2022-03-27 23:22:54,761 epoch 21 - iter 90/107 - loss 0.06187253 - samples/sec: 154.32 - lr: 0.006250
2022-03-27 23:22:56,857 epoch 21 - iter 100/107 - loss 0.06509027 - samples/sec: 152.73 - lr: 0.006250
2022-03-27 23:22:58,187 ----------------------------------------------------------------------------------------------------
2022-03-27 23:22:58,187 EPOCH 21 done: loss 0.0657 - lr 0.006250
2022-03-27 23:23:04,932 Evaluating as a multi-label problem: False
2022-03-27 23:23:04,943 DEV : loss 0.1932862550020218 - f1-score (micro avg)  0.5164
2022-03-27 23:23:05,000 BAD EPOCHS (no improvement): 1
2022-03-27 23:23:05,003 ----------------------------------------------------------------------------------------------------
2022-03-27 23:23:07,138 epoch 22 - iter 10/107 - loss 0.08112351 - samples/sec: 149.94 - lr: 0.006250
2022-03-27 23:23:09,203 epoch 22 - iter 20/107 - loss 0.07848771 - samples/sec: 155.06 - lr: 0.006250
2022-03-27 23:23:11,266 epoch 22 - iter 30/107 - loss 0.07679555 - samples/sec: 155.20 - lr: 0.006250
2022-03-27 23:23:13,414 epoch 22 - iter 40/107 - loss 0.07744310 - samples/sec: 149.07 - lr: 0.006250
2022-03-27 23:23:14,925 epoch 22 - iter 50/107 - loss 0.07535727 - samples/sec: 211.96 - lr: 0.006250
2022-03-27 23:23:16,607 epoch 22 - iter 60/107 - loss 0.07153380 - samples/sec: 190.33 - lr: 0.006250
2022-03-27 23:23:18,212 epoch 22 - iter 70/107 - loss 0.07155998 - samples/sec: 199.54 - lr: 0.006250
2022-03-27 23:23:19,754 epoch 22 - iter 80/107 - loss 0.06937647 - samples/sec: 207.59 - lr: 0.006250
2022-03-27 23:23:21,335 epoch 22 - iter 90/107 - loss 0.06922781 - samples/sec: 202.51 - lr: 0.006250
2022-03-27 23:23:23,175 epoch 22 - iter 100/107 - loss 0.06832532 - samples/sec: 174.04 - lr: 0.006250
2022-03-27 23:23:24,384 ----------------------------------------------------------------------------------------------------
2022-03-27 23:23:24,384 EPOCH 22 done: loss 0.0673 - lr 0.006250
2022-03-27 23:23:30,815 Evaluating as a multi-label problem: False
2022-03-27 23:23:30,827 DEV : loss 0.20491120219230652 - f1-score (micro avg)  0.4956
2022-03-27 23:23:30,881 BAD EPOCHS (no improvement): 2
2022-03-27 23:23:30,884 ----------------------------------------------------------------------------------------------------
2022-03-27 23:23:32,971 epoch 23 - iter 10/107 - loss 0.06080153 - samples/sec: 153.38 - lr: 0.006250
2022-03-27 23:23:35,049 epoch 23 - iter 20/107 - loss 0.06187003 - samples/sec: 154.09 - lr: 0.006250
2022-03-27 23:23:37,181 epoch 23 - iter 30/107 - loss 0.07137185 - samples/sec: 150.13 - lr: 0.006250
2022-03-27 23:23:39,302 epoch 23 - iter 40/107 - loss 0.06720448 - samples/sec: 150.94 - lr: 0.006250
2022-03-27 23:23:41,664 epoch 23 - iter 50/107 - loss 0.06882433 - samples/sec: 135.54 - lr: 0.006250
2022-03-27 23:23:43,819 epoch 23 - iter 60/107 - loss 0.06820718 - samples/sec: 148.54 - lr: 0.006250
2022-03-27 23:23:45,930 epoch 23 - iter 70/107 - loss 0.06805744 - samples/sec: 151.72 - lr: 0.006250
2022-03-27 23:23:48,080 epoch 23 - iter 80/107 - loss 0.06699694 - samples/sec: 148.90 - lr: 0.006250
2022-03-27 23:23:49,737 epoch 23 - iter 90/107 - loss 0.06606166 - samples/sec: 193.26 - lr: 0.006250
2022-03-27 23:23:51,306 epoch 23 - iter 100/107 - loss 0.06683342 - samples/sec: 204.10 - lr: 0.006250
2022-03-27 23:23:52,237 ----------------------------------------------------------------------------------------------------
2022-03-27 23:23:52,237 EPOCH 23 done: loss 0.0670 - lr 0.006250
2022-03-27 23:23:57,172 Evaluating as a multi-label problem: False
2022-03-27 23:23:57,183 DEV : loss 0.19475434720516205 - f1-score (micro avg)  0.514
2022-03-27 23:23:57,236 BAD EPOCHS (no improvement): 3
2022-03-27 23:23:57,239 ----------------------------------------------------------------------------------------------------
2022-03-27 23:23:59,411 epoch 24 - iter 10/107 - loss 0.05753976 - samples/sec: 147.39 - lr: 0.006250
2022-03-27 23:24:01,509 epoch 24 - iter 20/107 - loss 0.06304884 - samples/sec: 152.66 - lr: 0.006250
2022-03-27 23:24:03,656 epoch 24 - iter 30/107 - loss 0.06082255 - samples/sec: 149.10 - lr: 0.006250
2022-03-27 23:24:05,672 epoch 24 - iter 40/107 - loss 0.06443162 - samples/sec: 158.79 - lr: 0.006250
2022-03-27 23:24:07,810 epoch 24 - iter 50/107 - loss 0.06119602 - samples/sec: 149.75 - lr: 0.006250
2022-03-27 23:24:09,908 epoch 24 - iter 60/107 - loss 0.06220597 - samples/sec: 152.58 - lr: 0.006250
2022-03-27 23:24:11,970 epoch 24 - iter 70/107 - loss 0.06247086 - samples/sec: 155.24 - lr: 0.006250
2022-03-27 23:24:14,016 epoch 24 - iter 80/107 - loss 0.06311713 - samples/sec: 156.50 - lr: 0.006250
2022-03-27 23:24:16,135 epoch 24 - iter 90/107 - loss 0.06481056 - samples/sec: 151.05 - lr: 0.006250
2022-03-27 23:24:18,197 epoch 24 - iter 100/107 - loss 0.06527033 - samples/sec: 155.28 - lr: 0.006250
2022-03-27 23:24:19,548 ----------------------------------------------------------------------------------------------------
2022-03-27 23:24:19,549 EPOCH 24 done: loss 0.0659 - lr 0.006250
2022-03-27 23:24:24,701 Evaluating as a multi-label problem: False
2022-03-27 23:24:24,711 DEV : loss 0.19774504005908966 - f1-score (micro avg)  0.5167
2022-03-27 23:24:24,768 Epoch    24: reducing learning rate of group 0 to 3.1250e-03.
2022-03-27 23:24:24,769 BAD EPOCHS (no improvement): 4
2022-03-27 23:24:24,771 ----------------------------------------------------------------------------------------------------
2022-03-27 23:24:26,284 epoch 25 - iter 10/107 - loss 0.06370837 - samples/sec: 211.79 - lr: 0.003125
2022-03-27 23:24:27,897 epoch 25 - iter 20/107 - loss 0.06098482 - samples/sec: 198.44 - lr: 0.003125
2022-03-27 23:24:29,394 epoch 25 - iter 30/107 - loss 0.05941076 - samples/sec: 214.01 - lr: 0.003125
2022-03-27 23:24:31,456 epoch 25 - iter 40/107 - loss 0.06325133 - samples/sec: 155.27 - lr: 0.003125
2022-03-27 23:24:33,641 epoch 25 - iter 50/107 - loss 0.06379301 - samples/sec: 146.49 - lr: 0.003125
2022-03-27 23:24:35,751 epoch 25 - iter 60/107 - loss 0.06495610 - samples/sec: 151.74 - lr: 0.003125
2022-03-27 23:24:38,092 epoch 25 - iter 70/107 - loss 0.06229786 - samples/sec: 136.77 - lr: 0.003125
2022-03-27 23:24:40,215 epoch 25 - iter 80/107 - loss 0.06463057 - samples/sec: 150.79 - lr: 0.003125
2022-03-27 23:24:42,400 epoch 25 - iter 90/107 - loss 0.06374015 - samples/sec: 146.53 - lr: 0.003125
2022-03-27 23:24:44,614 epoch 25 - iter 100/107 - loss 0.06443735 - samples/sec: 144.59 - lr: 0.003125
2022-03-27 23:24:45,902 ----------------------------------------------------------------------------------------------------
2022-03-27 23:24:45,902 EPOCH 25 done: loss 0.0639 - lr 0.003125
2022-03-27 23:24:52,334 Evaluating as a multi-label problem: False
2022-03-27 23:24:52,344 DEV : loss 0.19772055745124817 - f1-score (micro avg)  0.5055
2022-03-27 23:24:52,397 BAD EPOCHS (no improvement): 1
2022-03-27 23:24:52,399 ----------------------------------------------------------------------------------------------------
2022-03-27 23:24:54,556 epoch 26 - iter 10/107 - loss 0.05321357 - samples/sec: 148.47 - lr: 0.003125
2022-03-27 23:24:56,487 epoch 26 - iter 20/107 - loss 0.05683843 - samples/sec: 165.80 - lr: 0.003125
2022-03-27 23:24:57,955 epoch 26 - iter 30/107 - loss 0.05772014 - samples/sec: 218.08 - lr: 0.003125
2022-03-27 23:24:59,593 epoch 26 - iter 40/107 - loss 0.05900019 - samples/sec: 195.50 - lr: 0.003125
2022-03-27 23:25:01,271 epoch 26 - iter 50/107 - loss 0.06424617 - samples/sec: 190.84 - lr: 0.003125
2022-03-27 23:25:02,801 epoch 26 - iter 60/107 - loss 0.06343448 - samples/sec: 209.25 - lr: 0.003125
2022-03-27 23:25:04,322 epoch 26 - iter 70/107 - loss 0.06258923 - samples/sec: 210.60 - lr: 0.003125
2022-03-27 23:25:06,347 epoch 26 - iter 80/107 - loss 0.06431375 - samples/sec: 158.05 - lr: 0.003125
2022-03-27 23:25:07,937 epoch 26 - iter 90/107 - loss 0.06424003 - samples/sec: 201.42 - lr: 0.003125
2022-03-27 23:25:09,865 epoch 26 - iter 100/107 - loss 0.06476983 - samples/sec: 166.12 - lr: 0.003125
2022-03-27 23:25:11,196 ----------------------------------------------------------------------------------------------------
2022-03-27 23:25:11,196 EPOCH 26 done: loss 0.0643 - lr 0.003125
2022-03-27 23:25:17,996 Evaluating as a multi-label problem: False
2022-03-27 23:25:18,008 DEV : loss 0.19980184733867645 - f1-score (micro avg)  0.5008
2022-03-27 23:25:18,061 BAD EPOCHS (no improvement): 2
2022-03-27 23:25:18,064 ----------------------------------------------------------------------------------------------------
2022-03-27 23:25:20,133 epoch 27 - iter 10/107 - loss 0.05932683 - samples/sec: 154.75 - lr: 0.003125
2022-03-27 23:25:22,223 epoch 27 - iter 20/107 - loss 0.06050866 - samples/sec: 153.18 - lr: 0.003125
2022-03-27 23:25:24,339 epoch 27 - iter 30/107 - loss 0.05850394 - samples/sec: 151.31 - lr: 0.003125
2022-03-27 23:25:26,443 epoch 27 - iter 40/107 - loss 0.06170547 - samples/sec: 152.15 - lr: 0.003125
2022-03-27 23:25:28,605 epoch 27 - iter 50/107 - loss 0.06079714 - samples/sec: 148.06 - lr: 0.003125
2022-03-27 23:25:30,631 epoch 27 - iter 60/107 - loss 0.06059047 - samples/sec: 158.04 - lr: 0.003125
2022-03-27 23:25:32,358 epoch 27 - iter 70/107 - loss 0.05923208 - samples/sec: 185.35 - lr: 0.003125
2022-03-27 23:25:34,268 epoch 27 - iter 80/107 - loss 0.06138732 - samples/sec: 167.69 - lr: 0.003125
2022-03-27 23:25:35,819 epoch 27 - iter 90/107 - loss 0.06293075 - samples/sec: 206.45 - lr: 0.003125
2022-03-27 23:25:37,379 epoch 27 - iter 100/107 - loss 0.06255434 - samples/sec: 205.13 - lr: 0.003125
2022-03-27 23:25:38,315 ----------------------------------------------------------------------------------------------------
2022-03-27 23:25:38,315 EPOCH 27 done: loss 0.0622 - lr 0.003125
2022-03-27 23:25:44,694 Evaluating as a multi-label problem: False
2022-03-27 23:25:44,705 DEV : loss 0.19766701757907867 - f1-score (micro avg)  0.5051
2022-03-27 23:25:44,762 BAD EPOCHS (no improvement): 3
2022-03-27 23:25:44,765 ----------------------------------------------------------------------------------------------------
2022-03-27 23:25:46,899 epoch 28 - iter 10/107 - loss 0.05193926 - samples/sec: 150.07 - lr: 0.003125
2022-03-27 23:25:48,967 epoch 28 - iter 20/107 - loss 0.05270139 - samples/sec: 154.81 - lr: 0.003125
2022-03-27 23:25:51,101 epoch 28 - iter 30/107 - loss 0.05404784 - samples/sec: 150.00 - lr: 0.003125
2022-03-27 23:25:53,235 epoch 28 - iter 40/107 - loss 0.06096269 - samples/sec: 150.05 - lr: 0.003125
2022-03-27 23:25:55,320 epoch 28 - iter 50/107 - loss 0.06359841 - samples/sec: 153.58 - lr: 0.003125
2022-03-27 23:25:57,497 epoch 28 - iter 60/107 - loss 0.06148294 - samples/sec: 147.03 - lr: 0.003125
2022-03-27 23:25:59,609 epoch 28 - iter 70/107 - loss 0.06192893 - samples/sec: 151.59 - lr: 0.003125
2022-03-27 23:26:01,781 epoch 28 - iter 80/107 - loss 0.06262124 - samples/sec: 147.38 - lr: 0.003125
2022-03-27 23:26:03,913 epoch 28 - iter 90/107 - loss 0.06218266 - samples/sec: 150.14 - lr: 0.003125
2022-03-27 23:26:05,917 epoch 28 - iter 100/107 - loss 0.06246436 - samples/sec: 159.79 - lr: 0.003125
2022-03-27 23:26:07,046 ----------------------------------------------------------------------------------------------------
2022-03-27 23:26:07,046 EPOCH 28 done: loss 0.0631 - lr 0.003125
2022-03-27 23:26:11,218 Evaluating as a multi-label problem: False
2022-03-27 23:26:11,229 DEV : loss 0.19668622314929962 - f1-score (micro avg)  0.5152
2022-03-27 23:26:11,282 Epoch    28: reducing learning rate of group 0 to 1.5625e-03.
2022-03-27 23:26:11,282 BAD EPOCHS (no improvement): 4
2022-03-27 23:26:11,284 ----------------------------------------------------------------------------------------------------
2022-03-27 23:26:12,879 epoch 29 - iter 10/107 - loss 0.05968930 - samples/sec: 200.76 - lr: 0.001563
2022-03-27 23:26:14,983 epoch 29 - iter 20/107 - loss 0.06151694 - samples/sec: 152.16 - lr: 0.001563
2022-03-27 23:26:17,075 epoch 29 - iter 30/107 - loss 0.06102450 - samples/sec: 153.05 - lr: 0.001563
2022-03-27 23:26:19,211 epoch 29 - iter 40/107 - loss 0.06151685 - samples/sec: 149.88 - lr: 0.001563
2022-03-27 23:26:21,305 epoch 29 - iter 50/107 - loss 0.05979743 - samples/sec: 152.89 - lr: 0.001563
2022-03-27 23:26:23,420 epoch 29 - iter 60/107 - loss 0.05984492 - samples/sec: 151.41 - lr: 0.001563
2022-03-27 23:26:25,584 epoch 29 - iter 70/107 - loss 0.06171256 - samples/sec: 147.94 - lr: 0.001563
2022-03-27 23:26:27,650 epoch 29 - iter 80/107 - loss 0.06030995 - samples/sec: 154.98 - lr: 0.001563
2022-03-27 23:26:29,987 epoch 29 - iter 90/107 - loss 0.06089872 - samples/sec: 137.00 - lr: 0.001563
2022-03-27 23:26:32,098 epoch 29 - iter 100/107 - loss 0.06181222 - samples/sec: 151.62 - lr: 0.001563
2022-03-27 23:26:33,445 ----------------------------------------------------------------------------------------------------
2022-03-27 23:26:33,445 EPOCH 29 done: loss 0.0617 - lr 0.001563
2022-03-27 23:26:39,419 Evaluating as a multi-label problem: False
2022-03-27 23:26:39,430 DEV : loss 0.19901442527770996 - f1-score (micro avg)  0.5106
2022-03-27 23:26:39,484 BAD EPOCHS (no improvement): 1
2022-03-27 23:26:39,487 ----------------------------------------------------------------------------------------------------
2022-03-27 23:26:40,995 epoch 30 - iter 10/107 - loss 0.05165055 - samples/sec: 212.44 - lr: 0.001563
2022-03-27 23:26:42,580 epoch 30 - iter 20/107 - loss 0.05040353 - samples/sec: 201.93 - lr: 0.001563
2022-03-27 23:26:44,073 epoch 30 - iter 30/107 - loss 0.05631964 - samples/sec: 214.53 - lr: 0.001563
2022-03-27 23:26:45,673 epoch 30 - iter 40/107 - loss 0.05915555 - samples/sec: 200.05 - lr: 0.001563
2022-03-27 23:26:46,618 epoch 30 - iter 50/107 - loss 0.05951287 - samples/sec: 338.96 - lr: 0.001563
2022-03-27 23:26:47,366 epoch 30 - iter 60/107 - loss 0.05940189 - samples/sec: 428.41 - lr: 0.001563
2022-03-27 23:26:48,243 epoch 30 - iter 70/107 - loss 0.05965283 - samples/sec: 365.55 - lr: 0.001563
2022-03-27 23:26:50,380 epoch 30 - iter 80/107 - loss 0.06053107 - samples/sec: 149.76 - lr: 0.001563
2022-03-27 23:26:52,575 epoch 30 - iter 90/107 - loss 0.06071872 - samples/sec: 145.89 - lr: 0.001563
2022-03-27 23:26:54,659 epoch 30 - iter 100/107 - loss 0.06178890 - samples/sec: 153.59 - lr: 0.001563
2022-03-27 23:26:56,018 ----------------------------------------------------------------------------------------------------
2022-03-27 23:26:56,018 EPOCH 30 done: loss 0.0628 - lr 0.001563
2022-03-27 23:27:02,942 Evaluating as a multi-label problem: False
2022-03-27 23:27:02,953 DEV : loss 0.19711874425411224 - f1-score (micro avg)  0.5113
2022-03-27 23:27:03,012 BAD EPOCHS (no improvement): 2
2022-03-27 23:27:03,014 ----------------------------------------------------------------------------------------------------
2022-03-27 23:27:05,084 epoch 31 - iter 10/107 - loss 0.07217171 - samples/sec: 154.73 - lr: 0.001563
2022-03-27 23:27:07,179 epoch 31 - iter 20/107 - loss 0.06703115 - samples/sec: 152.82 - lr: 0.001563
2022-03-27 23:27:09,356 epoch 31 - iter 30/107 - loss 0.06298295 - samples/sec: 147.09 - lr: 0.001563
2022-03-27 23:27:11,457 epoch 31 - iter 40/107 - loss 0.06419135 - samples/sec: 152.39 - lr: 0.001563
2022-03-27 23:27:13,624 epoch 31 - iter 50/107 - loss 0.06488627 - samples/sec: 147.71 - lr: 0.001563
2022-03-27 23:27:15,542 epoch 31 - iter 60/107 - loss 0.06499514 - samples/sec: 166.90 - lr: 0.001563
2022-03-27 23:27:17,076 epoch 31 - iter 70/107 - loss 0.06396627 - samples/sec: 208.76 - lr: 0.001563
2022-03-27 23:27:18,923 epoch 31 - iter 80/107 - loss 0.06508329 - samples/sec: 173.41 - lr: 0.001563
2022-03-27 23:27:20,534 epoch 31 - iter 90/107 - loss 0.06379431 - samples/sec: 198.68 - lr: 0.001563
2022-03-27 23:27:22,056 epoch 31 - iter 100/107 - loss 0.06333144 - samples/sec: 210.41 - lr: 0.001563
2022-03-27 23:27:23,024 ----------------------------------------------------------------------------------------------------
2022-03-27 23:27:23,024 EPOCH 31 done: loss 0.0641 - lr 0.001563
2022-03-27 23:27:28,947 Evaluating as a multi-label problem: False
2022-03-27 23:27:28,957 DEV : loss 0.19686605036258698 - f1-score (micro avg)  0.5141
2022-03-27 23:27:29,011 BAD EPOCHS (no improvement): 3
2022-03-27 23:27:29,014 ----------------------------------------------------------------------------------------------------
2022-03-27 23:27:31,086 epoch 32 - iter 10/107 - loss 0.07301791 - samples/sec: 154.53 - lr: 0.001563
2022-03-27 23:27:33,199 epoch 32 - iter 20/107 - loss 0.06184594 - samples/sec: 151.47 - lr: 0.001563
2022-03-27 23:27:35,281 epoch 32 - iter 30/107 - loss 0.06265988 - samples/sec: 153.79 - lr: 0.001563
2022-03-27 23:27:37,508 epoch 32 - iter 40/107 - loss 0.06445614 - samples/sec: 143.76 - lr: 0.001563
2022-03-27 23:27:39,610 epoch 32 - iter 50/107 - loss 0.06440390 - samples/sec: 152.28 - lr: 0.001563
2022-03-27 23:27:41,738 epoch 32 - iter 60/107 - loss 0.06181907 - samples/sec: 150.44 - lr: 0.001563
2022-03-27 23:27:43,828 epoch 32 - iter 70/107 - loss 0.06225963 - samples/sec: 153.21 - lr: 0.001563
2022-03-27 23:27:45,983 epoch 32 - iter 80/107 - loss 0.06161055 - samples/sec: 148.58 - lr: 0.001563
2022-03-27 23:27:48,097 epoch 32 - iter 90/107 - loss 0.06166446 - samples/sec: 151.45 - lr: 0.001563
2022-03-27 23:27:50,243 epoch 32 - iter 100/107 - loss 0.06164724 - samples/sec: 149.20 - lr: 0.001563
2022-03-27 23:27:51,436 ----------------------------------------------------------------------------------------------------
2022-03-27 23:27:51,436 EPOCH 32 done: loss 0.0615 - lr 0.001563
2022-03-27 23:27:55,771 Evaluating as a multi-label problem: False
2022-03-27 23:27:55,784 DEV : loss 0.19689127802848816 - f1-score (micro avg)  0.5144
2022-03-27 23:27:55,837 Epoch    32: reducing learning rate of group 0 to 7.8125e-04.
2022-03-27 23:27:55,837 BAD EPOCHS (no improvement): 4
2022-03-27 23:27:55,839 ----------------------------------------------------------------------------------------------------
2022-03-27 23:27:57,930 epoch 33 - iter 10/107 - loss 0.06336965 - samples/sec: 153.17 - lr: 0.000781
2022-03-27 23:28:00,023 epoch 33 - iter 20/107 - loss 0.06103000 - samples/sec: 152.91 - lr: 0.000781
2022-03-27 23:28:02,100 epoch 33 - iter 30/107 - loss 0.06124134 - samples/sec: 154.13 - lr: 0.000781
2022-03-27 23:28:04,237 epoch 33 - iter 40/107 - loss 0.06188637 - samples/sec: 149.81 - lr: 0.000781
2022-03-27 23:28:06,271 epoch 33 - iter 50/107 - loss 0.06156115 - samples/sec: 157.43 - lr: 0.000781
2022-03-27 23:28:08,399 epoch 33 - iter 60/107 - loss 0.06082119 - samples/sec: 150.43 - lr: 0.000781
2022-03-27 23:28:10,511 epoch 33 - iter 70/107 - loss 0.06080808 - samples/sec: 151.60 - lr: 0.000781
2022-03-27 23:28:12,607 epoch 33 - iter 80/107 - loss 0.06139943 - samples/sec: 152.72 - lr: 0.000781
2022-03-27 23:28:14,781 epoch 33 - iter 90/107 - loss 0.06329709 - samples/sec: 147.25 - lr: 0.000781
2022-03-27 23:28:16,900 epoch 33 - iter 100/107 - loss 0.06287276 - samples/sec: 151.09 - lr: 0.000781
2022-03-27 23:28:18,616 ----------------------------------------------------------------------------------------------------
2022-03-27 23:28:18,616 EPOCH 33 done: loss 0.0625 - lr 0.000781
2022-03-27 23:28:24,466 Evaluating as a multi-label problem: False
2022-03-27 23:28:24,477 DEV : loss 0.19869540631771088 - f1-score (micro avg)  0.5059
2022-03-27 23:28:24,532 BAD EPOCHS (no improvement): 1
2022-03-27 23:28:24,535 ----------------------------------------------------------------------------------------------------
2022-03-27 23:28:26,047 epoch 34 - iter 10/107 - loss 0.06239009 - samples/sec: 211.77 - lr: 0.000781
2022-03-27 23:28:27,679 epoch 34 - iter 20/107 - loss 0.05959371 - samples/sec: 196.25 - lr: 0.000781
2022-03-27 23:28:29,185 epoch 34 - iter 30/107 - loss 0.05964505 - samples/sec: 212.61 - lr: 0.000781
2022-03-27 23:28:30,659 epoch 34 - iter 40/107 - loss 0.05742563 - samples/sec: 217.29 - lr: 0.000781
2022-03-27 23:28:32,081 epoch 34 - iter 50/107 - loss 0.05903223 - samples/sec: 225.16 - lr: 0.000781
2022-03-27 23:28:34,150 epoch 34 - iter 60/107 - loss 0.06122108 - samples/sec: 154.72 - lr: 0.000781
2022-03-27 23:28:36,274 epoch 34 - iter 70/107 - loss 0.06245389 - samples/sec: 150.72 - lr: 0.000781
2022-03-27 23:28:38,404 epoch 34 - iter 80/107 - loss 0.06285323 - samples/sec: 150.32 - lr: 0.000781
2022-03-27 23:28:40,548 epoch 34 - iter 90/107 - loss 0.06173170 - samples/sec: 149.32 - lr: 0.000781
2022-03-27 23:28:42,703 epoch 34 - iter 100/107 - loss 0.06191030 - samples/sec: 148.54 - lr: 0.000781
2022-03-27 23:28:44,013 ----------------------------------------------------------------------------------------------------
2022-03-27 23:28:44,013 EPOCH 34 done: loss 0.0625 - lr 0.000781
2022-03-27 23:28:50,811 Evaluating as a multi-label problem: False
2022-03-27 23:28:50,821 DEV : loss 0.19789709150791168 - f1-score (micro avg)  0.5102
2022-03-27 23:28:50,875 BAD EPOCHS (no improvement): 2
2022-03-27 23:28:50,878 ----------------------------------------------------------------------------------------------------
2022-03-27 23:28:52,993 epoch 35 - iter 10/107 - loss 0.05673783 - samples/sec: 151.33 - lr: 0.000781
2022-03-27 23:28:55,121 epoch 35 - iter 20/107 - loss 0.05609667 - samples/sec: 150.46 - lr: 0.000781
2022-03-27 23:28:57,181 epoch 35 - iter 30/107 - loss 0.05654387 - samples/sec: 155.46 - lr: 0.000781
2022-03-27 23:28:58,951 epoch 35 - iter 40/107 - loss 0.05755231 - samples/sec: 180.87 - lr: 0.000781
2022-03-27 23:29:00,463 epoch 35 - iter 50/107 - loss 0.05988417 - samples/sec: 211.79 - lr: 0.000781
2022-03-27 23:29:02,111 epoch 35 - iter 60/107 - loss 0.06162366 - samples/sec: 194.22 - lr: 0.000781
2022-03-27 23:29:03,760 epoch 35 - iter 70/107 - loss 0.06157479 - samples/sec: 194.25 - lr: 0.000781
2022-03-27 23:29:05,421 epoch 35 - iter 80/107 - loss 0.06171883 - samples/sec: 192.73 - lr: 0.000781
2022-03-27 23:29:06,950 epoch 35 - iter 90/107 - loss 0.06065949 - samples/sec: 209.43 - lr: 0.000781
2022-03-27 23:29:09,016 epoch 35 - iter 100/107 - loss 0.06080278 - samples/sec: 154.99 - lr: 0.000781
2022-03-27 23:29:10,269 ----------------------------------------------------------------------------------------------------
2022-03-27 23:29:10,269 EPOCH 35 done: loss 0.0605 - lr 0.000781
2022-03-27 23:29:17,141 Evaluating as a multi-label problem: False
2022-03-27 23:29:17,152 DEV : loss 0.19818851351737976 - f1-score (micro avg)  0.5125
2022-03-27 23:29:17,206 BAD EPOCHS (no improvement): 3
2022-03-27 23:29:17,208 ----------------------------------------------------------------------------------------------------
2022-03-27 23:29:19,338 epoch 36 - iter 10/107 - loss 0.06327502 - samples/sec: 150.31 - lr: 0.000781
2022-03-27 23:29:21,414 epoch 36 - iter 20/107 - loss 0.06513719 - samples/sec: 154.27 - lr: 0.000781
2022-03-27 23:29:23,514 epoch 36 - iter 30/107 - loss 0.06400954 - samples/sec: 152.44 - lr: 0.000781
2022-03-27 23:29:25,619 epoch 36 - iter 40/107 - loss 0.06444819 - samples/sec: 152.04 - lr: 0.000781
2022-03-27 23:29:27,656 epoch 36 - iter 50/107 - loss 0.06312904 - samples/sec: 157.17 - lr: 0.000781
2022-03-27 23:29:29,852 epoch 36 - iter 60/107 - loss 0.06371184 - samples/sec: 145.80 - lr: 0.000781
2022-03-27 23:29:31,994 epoch 36 - iter 70/107 - loss 0.06229831 - samples/sec: 149.44 - lr: 0.000781
2022-03-27 23:29:33,850 epoch 36 - iter 80/107 - loss 0.06167354 - samples/sec: 172.55 - lr: 0.000781
2022-03-27 23:29:35,418 epoch 36 - iter 90/107 - loss 0.06121345 - samples/sec: 204.20 - lr: 0.000781
2022-03-27 23:29:37,035 epoch 36 - iter 100/107 - loss 0.06017125 - samples/sec: 198.04 - lr: 0.000781
2022-03-27 23:29:38,082 ----------------------------------------------------------------------------------------------------
2022-03-27 23:29:38,082 EPOCH 36 done: loss 0.0610 - lr 0.000781
2022-03-27 23:29:41,921 Evaluating as a multi-label problem: False
2022-03-27 23:29:41,932 DEV : loss 0.19938182830810547 - f1-score (micro avg)  0.5102
2022-03-27 23:29:41,985 Epoch    36: reducing learning rate of group 0 to 3.9063e-04.
2022-03-27 23:29:41,985 BAD EPOCHS (no improvement): 4
2022-03-27 23:29:42,087 ----------------------------------------------------------------------------------------------------
2022-03-27 23:29:44,153 epoch 37 - iter 10/107 - loss 0.07141867 - samples/sec: 154.98 - lr: 0.000391
2022-03-27 23:29:46,355 epoch 37 - iter 20/107 - loss 0.06695743 - samples/sec: 145.41 - lr: 0.000391
2022-03-27 23:29:48,401 epoch 37 - iter 30/107 - loss 0.06644344 - samples/sec: 156.51 - lr: 0.000391
2022-03-27 23:29:49,953 epoch 37 - iter 40/107 - loss 0.06522885 - samples/sec: 206.27 - lr: 0.000391
2022-03-27 23:29:52,085 epoch 37 - iter 50/107 - loss 0.06273258 - samples/sec: 150.18 - lr: 0.000391
2022-03-27 23:29:54,174 epoch 37 - iter 60/107 - loss 0.06351151 - samples/sec: 153.29 - lr: 0.000391
2022-03-27 23:29:56,253 epoch 37 - iter 70/107 - loss 0.06270635 - samples/sec: 154.01 - lr: 0.000391
2022-03-27 23:29:58,297 epoch 37 - iter 80/107 - loss 0.06227853 - samples/sec: 156.56 - lr: 0.000391
2022-03-27 23:30:00,411 epoch 37 - iter 90/107 - loss 0.06210490 - samples/sec: 151.45 - lr: 0.000391
2022-03-27 23:30:02,448 epoch 37 - iter 100/107 - loss 0.06312927 - samples/sec: 157.22 - lr: 0.000391
2022-03-27 23:30:03,704 ----------------------------------------------------------------------------------------------------
2022-03-27 23:30:03,704 EPOCH 37 done: loss 0.0634 - lr 0.000391
2022-03-27 23:30:10,294 Evaluating as a multi-label problem: False
2022-03-27 23:30:10,305 DEV : loss 0.19840367138385773 - f1-score (micro avg)  0.5117
2022-03-27 23:30:10,361 BAD EPOCHS (no improvement): 1
2022-03-27 23:30:10,372 ----------------------------------------------------------------------------------------------------
2022-03-27 23:30:12,015 epoch 38 - iter 10/107 - loss 0.06354217 - samples/sec: 195.02 - lr: 0.000391
2022-03-27 23:30:13,508 epoch 38 - iter 20/107 - loss 0.06481379 - samples/sec: 214.35 - lr: 0.000391
2022-03-27 23:30:15,075 epoch 38 - iter 30/107 - loss 0.06310194 - samples/sec: 204.41 - lr: 0.000391
2022-03-27 23:30:16,604 epoch 38 - iter 40/107 - loss 0.05984038 - samples/sec: 209.41 - lr: 0.000391
2022-03-27 23:30:18,152 epoch 38 - iter 50/107 - loss 0.06043018 - samples/sec: 206.94 - lr: 0.000391
2022-03-27 23:30:20,223 epoch 38 - iter 60/107 - loss 0.06164844 - samples/sec: 154.55 - lr: 0.000391
2022-03-27 23:30:22,449 epoch 38 - iter 70/107 - loss 0.06112275 - samples/sec: 143.83 - lr: 0.000391
2022-03-27 23:30:24,621 epoch 38 - iter 80/107 - loss 0.06044676 - samples/sec: 147.41 - lr: 0.000391
2022-03-27 23:30:26,639 epoch 38 - iter 90/107 - loss 0.06165937 - samples/sec: 158.65 - lr: 0.000391
2022-03-27 23:30:28,695 epoch 38 - iter 100/107 - loss 0.06295884 - samples/sec: 155.72 - lr: 0.000391
2022-03-27 23:30:30,093 ----------------------------------------------------------------------------------------------------
2022-03-27 23:30:30,094 EPOCH 38 done: loss 0.0629 - lr 0.000391
2022-03-27 23:30:36,881 Evaluating as a multi-label problem: False
2022-03-27 23:30:36,892 DEV : loss 0.19862331449985504 - f1-score (micro avg)  0.5102
2022-03-27 23:30:36,947 BAD EPOCHS (no improvement): 2
2022-03-27 23:30:36,949 ----------------------------------------------------------------------------------------------------
2022-03-27 23:30:39,083 epoch 39 - iter 10/107 - loss 0.05109674 - samples/sec: 150.10 - lr: 0.000391
2022-03-27 23:30:41,251 epoch 39 - iter 20/107 - loss 0.05438039 - samples/sec: 147.65 - lr: 0.000391
2022-03-27 23:30:43,338 epoch 39 - iter 30/107 - loss 0.06422642 - samples/sec: 153.46 - lr: 0.000391
2022-03-27 23:30:45,243 epoch 39 - iter 40/107 - loss 0.06334376 - samples/sec: 168.09 - lr: 0.000391
2022-03-27 23:30:46,825 epoch 39 - iter 50/107 - loss 0.06176840 - samples/sec: 202.38 - lr: 0.000391
2022-03-27 23:30:48,361 epoch 39 - iter 60/107 - loss 0.06113175 - samples/sec: 208.41 - lr: 0.000391
2022-03-27 23:30:49,894 epoch 39 - iter 70/107 - loss 0.06289618 - samples/sec: 208.95 - lr: 0.000391
2022-03-27 23:30:51,538 epoch 39 - iter 80/107 - loss 0.06303399 - samples/sec: 194.74 - lr: 0.000391
2022-03-27 23:30:53,080 epoch 39 - iter 90/107 - loss 0.06208941 - samples/sec: 207.63 - lr: 0.000391
2022-03-27 23:30:55,264 epoch 39 - iter 100/107 - loss 0.06184738 - samples/sec: 146.56 - lr: 0.000391
2022-03-27 23:30:56,564 ----------------------------------------------------------------------------------------------------
2022-03-27 23:30:56,565 EPOCH 39 done: loss 0.0630 - lr 0.000391
2022-03-27 23:31:03,021 Evaluating as a multi-label problem: False
2022-03-27 23:31:03,033 DEV : loss 0.19803109765052795 - f1-score (micro avg)  0.5102
2022-03-27 23:31:03,086 BAD EPOCHS (no improvement): 3
2022-03-27 23:31:03,089 ----------------------------------------------------------------------------------------------------
2022-03-27 23:31:05,223 epoch 40 - iter 10/107 - loss 0.06728256 - samples/sec: 150.03 - lr: 0.000391
2022-03-27 23:31:07,277 epoch 40 - iter 20/107 - loss 0.06991550 - samples/sec: 155.92 - lr: 0.000391
2022-03-27 23:31:09,411 epoch 40 - iter 30/107 - loss 0.06707064 - samples/sec: 150.02 - lr: 0.000391
2022-03-27 23:31:11,455 epoch 40 - iter 40/107 - loss 0.06746181 - samples/sec: 156.58 - lr: 0.000391
2022-03-27 23:31:13,578 epoch 40 - iter 50/107 - loss 0.06537522 - samples/sec: 150.81 - lr: 0.000391
2022-03-27 23:31:15,705 epoch 40 - iter 60/107 - loss 0.06347492 - samples/sec: 150.49 - lr: 0.000391
2022-03-27 23:31:17,700 epoch 40 - iter 70/107 - loss 0.06287679 - samples/sec: 160.52 - lr: 0.000391
2022-03-27 23:31:19,895 epoch 40 - iter 80/107 - loss 0.06209549 - samples/sec: 145.85 - lr: 0.000391
2022-03-27 23:31:21,451 epoch 40 - iter 90/107 - loss 0.06324986 - samples/sec: 205.87 - lr: 0.000391
2022-03-27 23:31:22,914 epoch 40 - iter 100/107 - loss 0.06365136 - samples/sec: 218.83 - lr: 0.000391
2022-03-27 23:31:23,982 ----------------------------------------------------------------------------------------------------
2022-03-27 23:31:23,982 EPOCH 40 done: loss 0.0628 - lr 0.000391
2022-03-27 23:31:29,114 Evaluating as a multi-label problem: False
2022-03-27 23:31:29,125 DEV : loss 0.19828304648399353 - f1-score (micro avg)  0.511
2022-03-27 23:31:29,178 Epoch    40: reducing learning rate of group 0 to 1.9531e-04.
2022-03-27 23:31:29,178 BAD EPOCHS (no improvement): 4
2022-03-27 23:31:29,181 ----------------------------------------------------------------------------------------------------
2022-03-27 23:31:31,271 epoch 41 - iter 10/107 - loss 0.07405546 - samples/sec: 153.24 - lr: 0.000195
2022-03-27 23:31:33,325 epoch 41 - iter 20/107 - loss 0.06586280 - samples/sec: 155.88 - lr: 0.000195
2022-03-27 23:31:35,418 epoch 41 - iter 30/107 - loss 0.06621961 - samples/sec: 152.98 - lr: 0.000195
2022-03-27 23:31:37,436 epoch 41 - iter 40/107 - loss 0.06515319 - samples/sec: 158.58 - lr: 0.000195
2022-03-27 23:31:39,530 epoch 41 - iter 50/107 - loss 0.06466413 - samples/sec: 152.95 - lr: 0.000195
2022-03-27 23:31:41,696 epoch 41 - iter 60/107 - loss 0.06476119 - samples/sec: 147.74 - lr: 0.000195
2022-03-27 23:31:43,718 epoch 41 - iter 70/107 - loss 0.06601091 - samples/sec: 158.39 - lr: 0.000195
2022-03-27 23:31:45,863 epoch 41 - iter 80/107 - loss 0.06364818 - samples/sec: 149.22 - lr: 0.000195
2022-03-27 23:31:47,988 epoch 41 - iter 90/107 - loss 0.06314595 - samples/sec: 150.66 - lr: 0.000195
2022-03-27 23:31:50,128 epoch 41 - iter 100/107 - loss 0.06210272 - samples/sec: 149.59 - lr: 0.000195
2022-03-27 23:31:51,392 ----------------------------------------------------------------------------------------------------
2022-03-27 23:31:51,393 EPOCH 41 done: loss 0.0618 - lr 0.000195
2022-03-27 23:31:56,788 Evaluating as a multi-label problem: False
2022-03-27 23:31:56,799 DEV : loss 0.19820097088813782 - f1-score (micro avg)  0.5106
2022-03-27 23:31:56,854 BAD EPOCHS (no improvement): 1
2022-03-27 23:31:56,857 ----------------------------------------------------------------------------------------------------
2022-03-27 23:31:58,376 epoch 42 - iter 10/107 - loss 0.04881907 - samples/sec: 210.74 - lr: 0.000195
2022-03-27 23:31:59,541 epoch 42 - iter 20/107 - loss 0.05655493 - samples/sec: 274.93 - lr: 0.000195
2022-03-27 23:32:01,218 epoch 42 - iter 30/107 - loss 0.06214183 - samples/sec: 190.91 - lr: 0.000195
2022-03-27 23:32:03,223 epoch 42 - iter 40/107 - loss 0.06375122 - samples/sec: 159.71 - lr: 0.000195
2022-03-27 23:32:05,293 epoch 42 - iter 50/107 - loss 0.06449989 - samples/sec: 154.65 - lr: 0.000195
2022-03-27 23:32:07,436 epoch 42 - iter 60/107 - loss 0.06456426 - samples/sec: 149.40 - lr: 0.000195
2022-03-27 23:32:09,205 epoch 42 - iter 70/107 - loss 0.06354481 - samples/sec: 180.94 - lr: 0.000195
2022-03-27 23:32:11,133 epoch 42 - iter 80/107 - loss 0.06353412 - samples/sec: 166.10 - lr: 0.000195
2022-03-27 23:32:13,241 epoch 42 - iter 90/107 - loss 0.06240163 - samples/sec: 151.87 - lr: 0.000195
2022-03-27 23:32:15,323 epoch 42 - iter 100/107 - loss 0.06233372 - samples/sec: 153.75 - lr: 0.000195
2022-03-27 23:32:16,604 ----------------------------------------------------------------------------------------------------
2022-03-27 23:32:16,604 EPOCH 42 done: loss 0.0616 - lr 0.000195
2022-03-27 23:32:23,318 Evaluating as a multi-label problem: False
2022-03-27 23:32:23,329 DEV : loss 0.19794215261936188 - f1-score (micro avg)  0.5102
2022-03-27 23:32:23,389 BAD EPOCHS (no improvement): 2
2022-03-27 23:32:23,391 ----------------------------------------------------------------------------------------------------
2022-03-27 23:32:25,516 epoch 43 - iter 10/107 - loss 0.07190997 - samples/sec: 150.75 - lr: 0.000195
2022-03-27 23:32:27,421 epoch 43 - iter 20/107 - loss 0.05839715 - samples/sec: 168.03 - lr: 0.000195
2022-03-27 23:32:28,965 epoch 43 - iter 30/107 - loss 0.06070011 - samples/sec: 207.42 - lr: 0.000195
2022-03-27 23:32:30,643 epoch 43 - iter 40/107 - loss 0.05975523 - samples/sec: 190.87 - lr: 0.000195
2022-03-27 23:32:32,298 epoch 43 - iter 50/107 - loss 0.06309526 - samples/sec: 193.42 - lr: 0.000195
2022-03-27 23:32:33,733 epoch 43 - iter 60/107 - loss 0.06247772 - samples/sec: 223.13 - lr: 0.000195
2022-03-27 23:32:35,268 epoch 43 - iter 70/107 - loss 0.06203561 - samples/sec: 208.58 - lr: 0.000195
2022-03-27 23:32:37,234 epoch 43 - iter 80/107 - loss 0.06297856 - samples/sec: 162.86 - lr: 0.000195
2022-03-27 23:32:39,326 epoch 43 - iter 90/107 - loss 0.06246871 - samples/sec: 153.07 - lr: 0.000195
2022-03-27 23:32:41,362 epoch 43 - iter 100/107 - loss 0.06290321 - samples/sec: 157.19 - lr: 0.000195
2022-03-27 23:32:42,735 ----------------------------------------------------------------------------------------------------
2022-03-27 23:32:42,735 EPOCH 43 done: loss 0.0623 - lr 0.000195
2022-03-27 23:32:49,658 Evaluating as a multi-label problem: False
2022-03-27 23:32:49,670 DEV : loss 0.1980980634689331 - f1-score (micro avg)  0.5102
2022-03-27 23:32:49,724 BAD EPOCHS (no improvement): 3
2022-03-27 23:32:49,728 ----------------------------------------------------------------------------------------------------
2022-03-27 23:32:51,916 epoch 44 - iter 10/107 - loss 0.06988829 - samples/sec: 146.34 - lr: 0.000195
2022-03-27 23:32:54,029 epoch 44 - iter 20/107 - loss 0.06529234 - samples/sec: 151.51 - lr: 0.000195
2022-03-27 23:32:56,144 epoch 44 - iter 30/107 - loss 0.06838050 - samples/sec: 151.36 - lr: 0.000195
2022-03-27 23:32:58,185 epoch 44 - iter 40/107 - loss 0.06574866 - samples/sec: 156.85 - lr: 0.000195
2022-03-27 23:33:00,274 epoch 44 - iter 50/107 - loss 0.06613413 - samples/sec: 153.26 - lr: 0.000195
2022-03-27 23:33:02,186 epoch 44 - iter 60/107 - loss 0.06571727 - samples/sec: 167.44 - lr: 0.000195
2022-03-27 23:33:03,665 epoch 44 - iter 70/107 - loss 0.06484884 - samples/sec: 216.55 - lr: 0.000195
2022-03-27 23:33:05,147 epoch 44 - iter 80/107 - loss 0.06559963 - samples/sec: 216.09 - lr: 0.000195
2022-03-27 23:33:06,789 epoch 44 - iter 90/107 - loss 0.06385471 - samples/sec: 195.04 - lr: 0.000195
2022-03-27 23:33:08,261 epoch 44 - iter 100/107 - loss 0.06382869 - samples/sec: 217.62 - lr: 0.000195
2022-03-27 23:33:09,235 ----------------------------------------------------------------------------------------------------
2022-03-27 23:33:09,235 EPOCH 44 done: loss 0.0631 - lr 0.000195
2022-03-27 23:33:15,437 Evaluating as a multi-label problem: False
2022-03-27 23:33:15,449 DEV : loss 0.1981869786977768 - f1-score (micro avg)  0.5102
2022-03-27 23:33:15,502 Epoch    44: reducing learning rate of group 0 to 9.7656e-05.
2022-03-27 23:33:15,502 BAD EPOCHS (no improvement): 4
2022-03-27 23:33:15,505 ----------------------------------------------------------------------------------------------------
2022-03-27 23:33:15,505 ----------------------------------------------------------------------------------------------------
2022-03-27 23:33:15,505 learning rate too small - quitting training!
2022-03-27 23:33:15,505 ----------------------------------------------------------------------------------------------------
2022-03-27 23:33:16,594 ----------------------------------------------------------------------------------------------------
2022-03-27 23:33:16,595 loading file resources/taggers/model_02_r5_run_2/best-model.pt
2022-03-27 23:33:17,104 SequenceTagger predicts: Dictionary with 27 tags: O, S-person, B-person, E-person, I-person, S-location, B-location, E-location, I-location, S-group, B-group, E-group, I-group, S-corporation, B-corporation, E-corporation, I-corporation, S-product, B-product, E-product, I-product, S-creative-work, B-creative-work, E-creative-work, I-creative-work, <START>, <STOP>
2022-03-27 23:33:32,703 Evaluating as a multi-label problem: False
2022-03-27 23:33:32,715 0.6757	0.2994	0.4149	0.2784
2022-03-27 23:33:32,715 
Results:
- F-score (micro) 0.4149
- F-score (macro) 0.2704
- Accuracy 0.2784

By class:
               precision    recall  f1-score   support

       person     0.7448    0.4965    0.5958       429
     location     0.6316    0.4800    0.5455       150
        group     0.7037    0.1152    0.1979       165
creative-work     0.5417    0.0915    0.1566       142
      product     0.1818    0.0157    0.0290       127
  corporation     0.2500    0.0606    0.0976        66

    micro avg     0.6757    0.2994    0.4149      1079
    macro avg     0.5089    0.2099    0.2704      1079
 weighted avg     0.5995    0.2994    0.3730      1079

2022-03-27 23:33:32,715 ----------------------------------------------------------------------------------------------------
