2022-03-27 00:26:54,774 ----------------------------------------------------------------------------------------------------
2022-03-27 00:26:54,774 Model: "SequenceTagger(
  (embeddings): StackedEmbeddings(
    (list_embedding_0): GazetteerEmbeddings()
    (list_embedding_1): WordEmbeddings(
      'glove'
      (embedding): Embedding(400001, 100)
    )
    (list_embedding_2): FlairEmbeddings(
      (lm): LanguageModel(
        (drop): Dropout(p=0.05, inplace=False)
        (encoder): Embedding(300, 100)
        (rnn): LSTM(100, 2048)
        (decoder): Linear(in_features=2048, out_features=300, bias=True)
      )
    )
    (list_embedding_3): FlairEmbeddings(
      (lm): LanguageModel(
        (drop): Dropout(p=0.05, inplace=False)
        (encoder): Embedding(300, 100)
        (rnn): LSTM(100, 2048)
        (decoder): Linear(in_features=2048, out_features=300, bias=True)
      )
    )
  )
  (word_dropout): WordDropout(p=0.05)
  (locked_dropout): LockedDropout(p=0.5)
  (embedding2nn): Linear(in_features=4857, out_features=4857, bias=True)
  (rnn): LSTM(4857, 256, batch_first=True, bidirectional=True)
  (linear): Linear(in_features=512, out_features=27, bias=True)
  (loss_function): ViterbiLoss()
  (crf): CRF()
)"
2022-03-27 00:26:54,774 ----------------------------------------------------------------------------------------------------
2022-03-27 00:26:54,774 Corpus: "Corpus: 3394 train + 1009 dev + 1287 test sentences"
2022-03-27 00:26:54,774 ----------------------------------------------------------------------------------------------------
2022-03-27 00:26:54,774 Parameters:
2022-03-27 00:26:54,774  - learning_rate: "0.100000"
2022-03-27 00:26:54,775  - mini_batch_size: "32"
2022-03-27 00:26:54,775  - patience: "3"
2022-03-27 00:26:54,775  - anneal_factor: "0.5"
2022-03-27 00:26:54,775  - max_epochs: "150"
2022-03-27 00:26:54,775  - shuffle: "True"
2022-03-27 00:26:54,775  - train_with_dev: "False"
2022-03-27 00:26:54,775  - batch_growth_annealing: "False"
2022-03-27 00:26:54,775 ----------------------------------------------------------------------------------------------------
2022-03-27 00:26:54,775 Model training base path: "resources/taggers/model_08_r5_run_2"
2022-03-27 00:26:54,775 ----------------------------------------------------------------------------------------------------
2022-03-27 00:26:54,775 Device: cuda:2
2022-03-27 00:26:54,775 ----------------------------------------------------------------------------------------------------
2022-03-27 00:26:54,775 Embeddings storage mode: cpu
2022-03-27 00:26:54,775 ----------------------------------------------------------------------------------------------------
2022-03-27 00:26:56,680 epoch 1 - iter 10/107 - loss 0.93333655 - samples/sec: 168.09 - lr: 0.100000
2022-03-27 00:26:58,680 epoch 1 - iter 20/107 - loss 0.60689053 - samples/sec: 160.08 - lr: 0.100000
2022-03-27 00:27:00,735 epoch 1 - iter 30/107 - loss 0.49980660 - samples/sec: 155.73 - lr: 0.100000
2022-03-27 00:27:02,794 epoch 1 - iter 40/107 - loss 0.43938864 - samples/sec: 155.51 - lr: 0.100000
2022-03-27 00:27:04,848 epoch 1 - iter 50/107 - loss 0.39385544 - samples/sec: 155.84 - lr: 0.100000
2022-03-27 00:27:06,907 epoch 1 - iter 60/107 - loss 0.37574691 - samples/sec: 155.49 - lr: 0.100000
2022-03-27 00:27:08,986 epoch 1 - iter 70/107 - loss 0.36189559 - samples/sec: 153.98 - lr: 0.100000
2022-03-27 00:27:10,928 epoch 1 - iter 80/107 - loss 0.35536283 - samples/sec: 164.85 - lr: 0.100000
2022-03-27 00:27:12,718 epoch 1 - iter 90/107 - loss 0.35024239 - samples/sec: 178.90 - lr: 0.100000
2022-03-27 00:27:14,533 epoch 1 - iter 100/107 - loss 0.34371494 - samples/sec: 176.43 - lr: 0.100000
2022-03-27 00:27:15,632 ----------------------------------------------------------------------------------------------------
2022-03-27 00:27:15,633 EPOCH 1 done: loss 0.3372 - lr 0.100000
2022-03-27 00:27:21,980 Evaluating as a multi-label problem: False
2022-03-27 00:27:21,990 DEV : loss 0.4741833806037903 - f1-score (micro avg)  0.0847
2022-03-27 00:27:22,078 BAD EPOCHS (no improvement): 0
2022-03-27 00:27:22,081 saving best model
2022-03-27 00:27:37,600 ----------------------------------------------------------------------------------------------------
2022-03-27 00:27:39,759 epoch 2 - iter 10/107 - loss 0.20099592 - samples/sec: 148.32 - lr: 0.100000
2022-03-27 00:27:41,880 epoch 2 - iter 20/107 - loss 0.19459044 - samples/sec: 151.01 - lr: 0.100000
2022-03-27 00:27:43,904 epoch 2 - iter 30/107 - loss 0.20216060 - samples/sec: 158.18 - lr: 0.100000
2022-03-27 00:27:45,880 epoch 2 - iter 40/107 - loss 0.20956156 - samples/sec: 162.01 - lr: 0.100000
2022-03-27 00:27:47,799 epoch 2 - iter 50/107 - loss 0.20430779 - samples/sec: 166.84 - lr: 0.100000
2022-03-27 00:27:49,836 epoch 2 - iter 60/107 - loss 0.19915590 - samples/sec: 157.16 - lr: 0.100000
2022-03-27 00:27:51,866 epoch 2 - iter 70/107 - loss 0.19604072 - samples/sec: 157.67 - lr: 0.100000
2022-03-27 00:27:53,829 epoch 2 - iter 80/107 - loss 0.19251819 - samples/sec: 163.09 - lr: 0.100000
2022-03-27 00:27:55,771 epoch 2 - iter 90/107 - loss 0.19104408 - samples/sec: 164.92 - lr: 0.100000
2022-03-27 00:27:57,825 epoch 2 - iter 100/107 - loss 0.19210825 - samples/sec: 155.87 - lr: 0.100000
2022-03-27 00:27:59,004 ----------------------------------------------------------------------------------------------------
2022-03-27 00:27:59,004 EPOCH 2 done: loss 0.1898 - lr 0.100000
2022-03-27 00:28:05,316 Evaluating as a multi-label problem: False
2022-03-27 00:28:05,327 DEV : loss 0.2819634974002838 - f1-score (micro avg)  0.4479
2022-03-27 00:28:05,412 BAD EPOCHS (no improvement): 0
2022-03-27 00:28:05,425 saving best model
2022-03-27 00:28:20,082 ----------------------------------------------------------------------------------------------------
2022-03-27 00:28:22,286 epoch 3 - iter 10/107 - loss 0.17021763 - samples/sec: 145.33 - lr: 0.100000
2022-03-27 00:28:24,377 epoch 3 - iter 20/107 - loss 0.16801289 - samples/sec: 153.13 - lr: 0.100000
2022-03-27 00:28:26,391 epoch 3 - iter 30/107 - loss 0.16840851 - samples/sec: 158.90 - lr: 0.100000
2022-03-27 00:28:28,375 epoch 3 - iter 40/107 - loss 0.17097922 - samples/sec: 161.39 - lr: 0.100000
2022-03-27 00:28:30,308 epoch 3 - iter 50/107 - loss 0.17307027 - samples/sec: 165.65 - lr: 0.100000
2022-03-27 00:28:32,328 epoch 3 - iter 60/107 - loss 0.16877203 - samples/sec: 158.47 - lr: 0.100000
2022-03-27 00:28:34,358 epoch 3 - iter 70/107 - loss 0.16462554 - samples/sec: 157.73 - lr: 0.100000
2022-03-27 00:28:36,338 epoch 3 - iter 80/107 - loss 0.16088761 - samples/sec: 161.70 - lr: 0.100000
2022-03-27 00:28:38,412 epoch 3 - iter 90/107 - loss 0.16174524 - samples/sec: 154.40 - lr: 0.100000
2022-03-27 00:28:40,413 epoch 3 - iter 100/107 - loss 0.15797420 - samples/sec: 159.98 - lr: 0.100000
2022-03-27 00:28:41,573 ----------------------------------------------------------------------------------------------------
2022-03-27 00:28:41,573 EPOCH 3 done: loss 0.1575 - lr 0.100000
2022-03-27 00:28:47,909 Evaluating as a multi-label problem: False
2022-03-27 00:28:47,920 DEV : loss 0.27367931604385376 - f1-score (micro avg)  0.3942
2022-03-27 00:28:48,005 BAD EPOCHS (no improvement): 1
2022-03-27 00:28:48,026 ----------------------------------------------------------------------------------------------------
2022-03-27 00:28:50,039 epoch 4 - iter 10/107 - loss 0.15358013 - samples/sec: 159.06 - lr: 0.100000
2022-03-27 00:28:52,047 epoch 4 - iter 20/107 - loss 0.15227845 - samples/sec: 159.47 - lr: 0.100000
2022-03-27 00:28:54,034 epoch 4 - iter 30/107 - loss 0.14440342 - samples/sec: 161.08 - lr: 0.100000
2022-03-27 00:28:55,999 epoch 4 - iter 40/107 - loss 0.13946241 - samples/sec: 162.94 - lr: 0.100000
2022-03-27 00:28:57,906 epoch 4 - iter 50/107 - loss 0.14038566 - samples/sec: 167.90 - lr: 0.100000
2022-03-27 00:28:59,870 epoch 4 - iter 60/107 - loss 0.14130789 - samples/sec: 163.04 - lr: 0.100000
2022-03-27 00:29:01,933 epoch 4 - iter 70/107 - loss 0.14091403 - samples/sec: 155.18 - lr: 0.100000
2022-03-27 00:29:03,957 epoch 4 - iter 80/107 - loss 0.13911634 - samples/sec: 158.15 - lr: 0.100000
2022-03-27 00:29:05,991 epoch 4 - iter 90/107 - loss 0.14107054 - samples/sec: 157.42 - lr: 0.100000
2022-03-27 00:29:08,035 epoch 4 - iter 100/107 - loss 0.13976722 - samples/sec: 156.65 - lr: 0.100000
2022-03-27 00:29:09,214 ----------------------------------------------------------------------------------------------------
2022-03-27 00:29:09,214 EPOCH 4 done: loss 0.1393 - lr 0.100000
2022-03-27 00:29:15,558 Evaluating as a multi-label problem: False
2022-03-27 00:29:15,568 DEV : loss 0.2668311297893524 - f1-score (micro avg)  0.4446
2022-03-27 00:29:15,654 BAD EPOCHS (no improvement): 2
2022-03-27 00:29:15,656 ----------------------------------------------------------------------------------------------------
2022-03-27 00:29:17,768 epoch 5 - iter 10/107 - loss 0.11473812 - samples/sec: 151.63 - lr: 0.100000
2022-03-27 00:29:19,784 epoch 5 - iter 20/107 - loss 0.11125046 - samples/sec: 158.79 - lr: 0.100000
2022-03-27 00:29:21,762 epoch 5 - iter 30/107 - loss 0.11562147 - samples/sec: 161.90 - lr: 0.100000
2022-03-27 00:29:23,752 epoch 5 - iter 40/107 - loss 0.12137070 - samples/sec: 160.90 - lr: 0.100000
2022-03-27 00:29:25,807 epoch 5 - iter 50/107 - loss 0.12417266 - samples/sec: 155.77 - lr: 0.100000
2022-03-27 00:29:27,828 epoch 5 - iter 60/107 - loss 0.12356188 - samples/sec: 158.44 - lr: 0.100000
2022-03-27 00:29:29,836 epoch 5 - iter 70/107 - loss 0.12539404 - samples/sec: 159.43 - lr: 0.100000
2022-03-27 00:29:31,845 epoch 5 - iter 80/107 - loss 0.12463891 - samples/sec: 159.39 - lr: 0.100000
2022-03-27 00:29:33,851 epoch 5 - iter 90/107 - loss 0.12364916 - samples/sec: 159.61 - lr: 0.100000
2022-03-27 00:29:35,800 epoch 5 - iter 100/107 - loss 0.12501357 - samples/sec: 164.23 - lr: 0.100000
2022-03-27 00:29:36,988 ----------------------------------------------------------------------------------------------------
2022-03-27 00:29:36,988 EPOCH 5 done: loss 0.1248 - lr 0.100000
2022-03-27 00:29:43,341 Evaluating as a multi-label problem: False
2022-03-27 00:29:43,352 DEV : loss 0.23067519068717957 - f1-score (micro avg)  0.4888
2022-03-27 00:29:43,438 BAD EPOCHS (no improvement): 0
2022-03-27 00:29:43,441 saving best model
2022-03-27 00:29:58,277 ----------------------------------------------------------------------------------------------------
2022-03-27 00:30:00,448 epoch 6 - iter 10/107 - loss 0.11275765 - samples/sec: 147.51 - lr: 0.100000
2022-03-27 00:30:02,527 epoch 6 - iter 20/107 - loss 0.10481460 - samples/sec: 154.01 - lr: 0.100000
2022-03-27 00:30:04,646 epoch 6 - iter 30/107 - loss 0.11411073 - samples/sec: 151.11 - lr: 0.100000
2022-03-27 00:30:06,686 epoch 6 - iter 40/107 - loss 0.11822669 - samples/sec: 156.90 - lr: 0.100000
2022-03-27 00:30:08,680 epoch 6 - iter 50/107 - loss 0.11439579 - samples/sec: 160.61 - lr: 0.100000
2022-03-27 00:30:10,631 epoch 6 - iter 60/107 - loss 0.11677754 - samples/sec: 164.09 - lr: 0.100000
2022-03-27 00:30:12,660 epoch 6 - iter 70/107 - loss 0.11486754 - samples/sec: 157.79 - lr: 0.100000
2022-03-27 00:30:14,660 epoch 6 - iter 80/107 - loss 0.11541115 - samples/sec: 160.04 - lr: 0.100000
2022-03-27 00:30:16,663 epoch 6 - iter 90/107 - loss 0.11478187 - samples/sec: 159.85 - lr: 0.100000
2022-03-27 00:30:18,640 epoch 6 - iter 100/107 - loss 0.11446446 - samples/sec: 161.96 - lr: 0.100000
2022-03-27 00:30:19,881 ----------------------------------------------------------------------------------------------------
2022-03-27 00:30:19,882 EPOCH 6 done: loss 0.1152 - lr 0.100000
2022-03-27 00:30:26,257 Evaluating as a multi-label problem: False
2022-03-27 00:30:26,268 DEV : loss 0.22945557534694672 - f1-score (micro avg)  0.4482
2022-03-27 00:30:26,353 BAD EPOCHS (no improvement): 1
2022-03-27 00:30:26,402 ----------------------------------------------------------------------------------------------------
2022-03-27 00:30:28,409 epoch 7 - iter 10/107 - loss 0.10321676 - samples/sec: 159.59 - lr: 0.100000
2022-03-27 00:30:30,419 epoch 7 - iter 20/107 - loss 0.10804044 - samples/sec: 159.30 - lr: 0.100000
2022-03-27 00:30:32,490 epoch 7 - iter 30/107 - loss 0.10381728 - samples/sec: 154.59 - lr: 0.100000
2022-03-27 00:30:34,450 epoch 7 - iter 40/107 - loss 0.10376126 - samples/sec: 163.35 - lr: 0.100000
2022-03-27 00:30:36,309 epoch 7 - iter 50/107 - loss 0.10099796 - samples/sec: 172.25 - lr: 0.100000
2022-03-27 00:30:38,218 epoch 7 - iter 60/107 - loss 0.10168918 - samples/sec: 167.64 - lr: 0.100000
2022-03-27 00:30:40,196 epoch 7 - iter 70/107 - loss 0.10343541 - samples/sec: 161.89 - lr: 0.100000
2022-03-27 00:30:42,125 epoch 7 - iter 80/107 - loss 0.10364372 - samples/sec: 165.99 - lr: 0.100000
2022-03-27 00:30:44,083 epoch 7 - iter 90/107 - loss 0.10581127 - samples/sec: 163.54 - lr: 0.100000
2022-03-27 00:30:45,999 epoch 7 - iter 100/107 - loss 0.10517834 - samples/sec: 167.08 - lr: 0.100000
2022-03-27 00:30:47,110 ----------------------------------------------------------------------------------------------------
2022-03-27 00:30:47,110 EPOCH 7 done: loss 0.1049 - lr 0.100000
2022-03-27 00:30:53,277 Evaluating as a multi-label problem: False
2022-03-27 00:30:53,288 DEV : loss 0.22202186286449432 - f1-score (micro avg)  0.4849
2022-03-27 00:30:53,377 BAD EPOCHS (no improvement): 2
2022-03-27 00:30:53,379 ----------------------------------------------------------------------------------------------------
2022-03-27 00:30:55,515 epoch 8 - iter 10/107 - loss 0.09780233 - samples/sec: 149.96 - lr: 0.100000
2022-03-27 00:30:57,478 epoch 8 - iter 20/107 - loss 0.09568337 - samples/sec: 163.07 - lr: 0.100000
2022-03-27 00:30:59,535 epoch 8 - iter 30/107 - loss 0.09292610 - samples/sec: 155.67 - lr: 0.100000
2022-03-27 00:31:01,542 epoch 8 - iter 40/107 - loss 0.09575024 - samples/sec: 159.56 - lr: 0.100000
2022-03-27 00:31:03,526 epoch 8 - iter 50/107 - loss 0.09532348 - samples/sec: 161.32 - lr: 0.100000
2022-03-27 00:31:05,448 epoch 8 - iter 60/107 - loss 0.09458134 - samples/sec: 166.60 - lr: 0.100000
2022-03-27 00:31:07,409 epoch 8 - iter 70/107 - loss 0.09724456 - samples/sec: 163.28 - lr: 0.100000
2022-03-27 00:31:09,413 epoch 8 - iter 80/107 - loss 0.09577861 - samples/sec: 159.77 - lr: 0.100000
2022-03-27 00:31:11,450 epoch 8 - iter 90/107 - loss 0.09780199 - samples/sec: 157.15 - lr: 0.100000
2022-03-27 00:31:13,519 epoch 8 - iter 100/107 - loss 0.09753121 - samples/sec: 154.72 - lr: 0.100000
2022-03-27 00:31:14,778 ----------------------------------------------------------------------------------------------------
2022-03-27 00:31:14,778 EPOCH 8 done: loss 0.0991 - lr 0.100000
2022-03-27 00:31:21,259 Evaluating as a multi-label problem: False
2022-03-27 00:31:21,270 DEV : loss 0.20875714719295502 - f1-score (micro avg)  0.5012
2022-03-27 00:31:21,356 BAD EPOCHS (no improvement): 0
2022-03-27 00:31:21,359 saving best model
2022-03-27 00:31:36,606 ----------------------------------------------------------------------------------------------------
2022-03-27 00:31:39,753 epoch 9 - iter 10/107 - loss 0.10389392 - samples/sec: 101.76 - lr: 0.100000
2022-03-27 00:31:41,770 epoch 9 - iter 20/107 - loss 0.09797790 - samples/sec: 158.75 - lr: 0.100000
2022-03-27 00:31:43,827 epoch 9 - iter 30/107 - loss 0.09818463 - samples/sec: 155.62 - lr: 0.100000
2022-03-27 00:31:45,871 epoch 9 - iter 40/107 - loss 0.09455559 - samples/sec: 156.66 - lr: 0.100000
2022-03-27 00:31:47,907 epoch 9 - iter 50/107 - loss 0.09247221 - samples/sec: 157.20 - lr: 0.100000
2022-03-27 00:31:49,901 epoch 9 - iter 60/107 - loss 0.09178977 - samples/sec: 160.57 - lr: 0.100000
2022-03-27 00:31:51,955 epoch 9 - iter 70/107 - loss 0.09243641 - samples/sec: 155.93 - lr: 0.100000
2022-03-27 00:31:53,995 epoch 9 - iter 80/107 - loss 0.09346343 - samples/sec: 156.91 - lr: 0.100000
2022-03-27 00:31:56,021 epoch 9 - iter 90/107 - loss 0.09434240 - samples/sec: 158.04 - lr: 0.100000
2022-03-27 00:31:58,074 epoch 9 - iter 100/107 - loss 0.09540250 - samples/sec: 155.90 - lr: 0.100000
2022-03-27 00:31:59,285 ----------------------------------------------------------------------------------------------------
2022-03-27 00:31:59,285 EPOCH 9 done: loss 0.0946 - lr 0.100000
2022-03-27 00:32:05,684 Evaluating as a multi-label problem: False
2022-03-27 00:32:05,694 DEV : loss 0.19971303641796112 - f1-score (micro avg)  0.5308
2022-03-27 00:32:05,782 BAD EPOCHS (no improvement): 0
2022-03-27 00:32:05,893 saving best model
2022-03-27 00:32:20,318 ----------------------------------------------------------------------------------------------------
2022-03-27 00:32:22,446 epoch 10 - iter 10/107 - loss 0.10400931 - samples/sec: 150.50 - lr: 0.100000
2022-03-27 00:32:24,425 epoch 10 - iter 20/107 - loss 0.09424627 - samples/sec: 161.75 - lr: 0.100000
2022-03-27 00:32:26,452 epoch 10 - iter 30/107 - loss 0.08912324 - samples/sec: 158.00 - lr: 0.100000
2022-03-27 00:32:28,427 epoch 10 - iter 40/107 - loss 0.08945427 - samples/sec: 162.03 - lr: 0.100000
2022-03-27 00:32:30,462 epoch 10 - iter 50/107 - loss 0.08770854 - samples/sec: 157.37 - lr: 0.100000
2022-03-27 00:32:32,495 epoch 10 - iter 60/107 - loss 0.08793139 - samples/sec: 157.55 - lr: 0.100000
2022-03-27 00:32:34,562 epoch 10 - iter 70/107 - loss 0.08788815 - samples/sec: 154.88 - lr: 0.100000
2022-03-27 00:32:36,600 epoch 10 - iter 80/107 - loss 0.08887513 - samples/sec: 157.10 - lr: 0.100000
2022-03-27 00:32:38,599 epoch 10 - iter 90/107 - loss 0.08865316 - samples/sec: 160.11 - lr: 0.100000
2022-03-27 00:32:40,625 epoch 10 - iter 100/107 - loss 0.08805188 - samples/sec: 158.04 - lr: 0.100000
2022-03-27 00:32:41,912 ----------------------------------------------------------------------------------------------------
2022-03-27 00:32:41,912 EPOCH 10 done: loss 0.0885 - lr 0.100000
2022-03-27 00:32:48,282 Evaluating as a multi-label problem: False
2022-03-27 00:32:48,293 DEV : loss 0.21207395195960999 - f1-score (micro avg)  0.4846
2022-03-27 00:32:48,379 BAD EPOCHS (no improvement): 1
2022-03-27 00:32:48,382 ----------------------------------------------------------------------------------------------------
2022-03-27 00:32:50,508 epoch 11 - iter 10/107 - loss 0.07510594 - samples/sec: 150.65 - lr: 0.100000
2022-03-27 00:32:52,653 epoch 11 - iter 20/107 - loss 0.07731471 - samples/sec: 149.26 - lr: 0.100000
2022-03-27 00:32:54,675 epoch 11 - iter 30/107 - loss 0.07970067 - samples/sec: 158.30 - lr: 0.100000
2022-03-27 00:32:56,684 epoch 11 - iter 40/107 - loss 0.08212280 - samples/sec: 159.40 - lr: 0.100000
2022-03-27 00:32:58,677 epoch 11 - iter 50/107 - loss 0.08391791 - samples/sec: 160.61 - lr: 0.100000
2022-03-27 00:33:00,604 epoch 11 - iter 60/107 - loss 0.08352535 - samples/sec: 166.17 - lr: 0.100000
2022-03-27 00:33:02,611 epoch 11 - iter 70/107 - loss 0.07955488 - samples/sec: 159.47 - lr: 0.100000
2022-03-27 00:33:04,631 epoch 11 - iter 80/107 - loss 0.08119837 - samples/sec: 158.56 - lr: 0.100000
2022-03-27 00:33:06,641 epoch 11 - iter 90/107 - loss 0.08345393 - samples/sec: 159.28 - lr: 0.100000
2022-03-27 00:33:08,637 epoch 11 - iter 100/107 - loss 0.08377986 - samples/sec: 160.35 - lr: 0.100000
2022-03-27 00:33:09,872 ----------------------------------------------------------------------------------------------------
2022-03-27 00:33:09,872 EPOCH 11 done: loss 0.0842 - lr 0.100000
2022-03-27 00:33:16,227 Evaluating as a multi-label problem: False
2022-03-27 00:33:16,238 DEV : loss 0.1818779855966568 - f1-score (micro avg)  0.5258
2022-03-27 00:33:16,326 BAD EPOCHS (no improvement): 2
2022-03-27 00:33:16,329 ----------------------------------------------------------------------------------------------------
2022-03-27 00:33:18,337 epoch 12 - iter 10/107 - loss 0.07579559 - samples/sec: 159.45 - lr: 0.100000
2022-03-27 00:33:20,230 epoch 12 - iter 20/107 - loss 0.07449757 - samples/sec: 169.19 - lr: 0.100000
2022-03-27 00:33:22,246 epoch 12 - iter 30/107 - loss 0.07878332 - samples/sec: 158.80 - lr: 0.100000
2022-03-27 00:33:24,232 epoch 12 - iter 40/107 - loss 0.07650591 - samples/sec: 161.24 - lr: 0.100000
2022-03-27 00:33:26,191 epoch 12 - iter 50/107 - loss 0.07618415 - samples/sec: 163.47 - lr: 0.100000
2022-03-27 00:33:28,221 epoch 12 - iter 60/107 - loss 0.07759712 - samples/sec: 157.70 - lr: 0.100000
2022-03-27 00:33:30,199 epoch 12 - iter 70/107 - loss 0.07928960 - samples/sec: 161.80 - lr: 0.100000
2022-03-27 00:33:32,183 epoch 12 - iter 80/107 - loss 0.07869653 - samples/sec: 161.44 - lr: 0.100000
2022-03-27 00:33:34,192 epoch 12 - iter 90/107 - loss 0.08060589 - samples/sec: 159.34 - lr: 0.100000
2022-03-27 00:33:36,148 epoch 12 - iter 100/107 - loss 0.07927767 - samples/sec: 163.70 - lr: 0.100000
2022-03-27 00:33:37,401 ----------------------------------------------------------------------------------------------------
2022-03-27 00:33:37,401 EPOCH 12 done: loss 0.0786 - lr 0.100000
2022-03-27 00:33:43,795 Evaluating as a multi-label problem: False
2022-03-27 00:33:43,806 DEV : loss 0.22180071473121643 - f1-score (micro avg)  0.4873
2022-03-27 00:33:43,892 BAD EPOCHS (no improvement): 3
2022-03-27 00:33:43,895 ----------------------------------------------------------------------------------------------------
2022-03-27 00:33:45,962 epoch 13 - iter 10/107 - loss 0.07811917 - samples/sec: 154.90 - lr: 0.100000
2022-03-27 00:33:47,939 epoch 13 - iter 20/107 - loss 0.07595853 - samples/sec: 161.95 - lr: 0.100000
2022-03-27 00:33:49,897 epoch 13 - iter 30/107 - loss 0.08076267 - samples/sec: 163.47 - lr: 0.100000
2022-03-27 00:33:51,844 epoch 13 - iter 40/107 - loss 0.07707136 - samples/sec: 164.44 - lr: 0.100000
2022-03-27 00:33:53,911 epoch 13 - iter 50/107 - loss 0.07770056 - samples/sec: 154.85 - lr: 0.100000
2022-03-27 00:33:55,897 epoch 13 - iter 60/107 - loss 0.08046593 - samples/sec: 161.28 - lr: 0.100000
2022-03-27 00:33:57,999 epoch 13 - iter 70/107 - loss 0.07730143 - samples/sec: 152.25 - lr: 0.100000
2022-03-27 00:33:59,991 epoch 13 - iter 80/107 - loss 0.07739638 - samples/sec: 160.75 - lr: 0.100000
2022-03-27 00:34:01,962 epoch 13 - iter 90/107 - loss 0.07694209 - samples/sec: 162.50 - lr: 0.100000
2022-03-27 00:34:04,064 epoch 13 - iter 100/107 - loss 0.07565157 - samples/sec: 152.27 - lr: 0.100000
2022-03-27 00:34:05,270 ----------------------------------------------------------------------------------------------------
2022-03-27 00:34:05,270 EPOCH 13 done: loss 0.0745 - lr 0.100000
2022-03-27 00:34:11,626 Evaluating as a multi-label problem: False
2022-03-27 00:34:11,636 DEV : loss 0.2493223249912262 - f1-score (micro avg)  0.4724
2022-03-27 00:34:11,723 Epoch    13: reducing learning rate of group 0 to 5.0000e-02.
2022-03-27 00:34:11,723 BAD EPOCHS (no improvement): 4
2022-03-27 00:34:11,726 ----------------------------------------------------------------------------------------------------
2022-03-27 00:34:13,801 epoch 14 - iter 10/107 - loss 0.07529234 - samples/sec: 154.28 - lr: 0.050000
2022-03-27 00:34:15,800 epoch 14 - iter 20/107 - loss 0.07229736 - samples/sec: 160.14 - lr: 0.050000
2022-03-27 00:34:17,822 epoch 14 - iter 30/107 - loss 0.07281646 - samples/sec: 158.38 - lr: 0.050000
2022-03-27 00:34:19,842 epoch 14 - iter 40/107 - loss 0.07070487 - samples/sec: 158.48 - lr: 0.050000
2022-03-27 00:34:21,913 epoch 14 - iter 50/107 - loss 0.06771382 - samples/sec: 154.59 - lr: 0.050000
2022-03-27 00:34:23,946 epoch 14 - iter 60/107 - loss 0.06530095 - samples/sec: 157.49 - lr: 0.050000
2022-03-27 00:34:26,043 epoch 14 - iter 70/107 - loss 0.06475867 - samples/sec: 152.68 - lr: 0.050000
2022-03-27 00:34:28,101 epoch 14 - iter 80/107 - loss 0.06432149 - samples/sec: 155.53 - lr: 0.050000
2022-03-27 00:34:30,150 epoch 14 - iter 90/107 - loss 0.06589727 - samples/sec: 156.27 - lr: 0.050000
2022-03-27 00:34:32,184 epoch 14 - iter 100/107 - loss 0.06611241 - samples/sec: 157.40 - lr: 0.050000
2022-03-27 00:34:33,360 ----------------------------------------------------------------------------------------------------
2022-03-27 00:34:33,360 EPOCH 14 done: loss 0.0658 - lr 0.050000
2022-03-27 00:34:39,702 Evaluating as a multi-label problem: False
2022-03-27 00:34:39,713 DEV : loss 0.19687898457050323 - f1-score (micro avg)  0.5237
2022-03-27 00:34:39,800 BAD EPOCHS (no improvement): 1
2022-03-27 00:34:39,803 ----------------------------------------------------------------------------------------------------
2022-03-27 00:34:41,818 epoch 15 - iter 10/107 - loss 0.05643802 - samples/sec: 158.88 - lr: 0.050000
2022-03-27 00:34:43,828 epoch 15 - iter 20/107 - loss 0.06000787 - samples/sec: 159.32 - lr: 0.050000
2022-03-27 00:34:47,173 epoch 15 - iter 30/107 - loss 0.06060114 - samples/sec: 95.67 - lr: 0.050000
2022-03-27 00:34:49,239 epoch 15 - iter 40/107 - loss 0.05712312 - samples/sec: 154.97 - lr: 0.050000
2022-03-27 00:34:51,235 epoch 15 - iter 50/107 - loss 0.05866735 - samples/sec: 160.43 - lr: 0.050000
2022-03-27 00:34:53,297 epoch 15 - iter 60/107 - loss 0.05917568 - samples/sec: 155.29 - lr: 0.050000
2022-03-27 00:34:55,375 epoch 15 - iter 70/107 - loss 0.05908591 - samples/sec: 154.11 - lr: 0.050000
2022-03-27 00:34:57,410 epoch 15 - iter 80/107 - loss 0.05941502 - samples/sec: 157.29 - lr: 0.050000
2022-03-27 00:34:59,437 epoch 15 - iter 90/107 - loss 0.06136512 - samples/sec: 157.94 - lr: 0.050000
2022-03-27 00:35:01,382 epoch 15 - iter 100/107 - loss 0.06093392 - samples/sec: 164.66 - lr: 0.050000
2022-03-27 00:35:02,594 ----------------------------------------------------------------------------------------------------
2022-03-27 00:35:02,594 EPOCH 15 done: loss 0.0620 - lr 0.050000
2022-03-27 00:35:08,926 Evaluating as a multi-label problem: False
2022-03-27 00:35:08,937 DEV : loss 0.1966094821691513 - f1-score (micro avg)  0.5215
2022-03-27 00:35:09,023 BAD EPOCHS (no improvement): 2
2022-03-27 00:35:09,027 ----------------------------------------------------------------------------------------------------
2022-03-27 00:35:11,166 epoch 16 - iter 10/107 - loss 0.05665787 - samples/sec: 149.63 - lr: 0.050000
2022-03-27 00:35:13,321 epoch 16 - iter 20/107 - loss 0.05497196 - samples/sec: 148.56 - lr: 0.050000
2022-03-27 00:35:15,316 epoch 16 - iter 30/107 - loss 0.05574614 - samples/sec: 160.54 - lr: 0.050000
2022-03-27 00:35:17,395 epoch 16 - iter 40/107 - loss 0.05434860 - samples/sec: 154.00 - lr: 0.050000
2022-03-27 00:35:19,348 epoch 16 - iter 50/107 - loss 0.05623184 - samples/sec: 163.86 - lr: 0.050000
2022-03-27 00:35:21,404 epoch 16 - iter 60/107 - loss 0.05563656 - samples/sec: 155.76 - lr: 0.050000
2022-03-27 00:35:23,413 epoch 16 - iter 70/107 - loss 0.05473410 - samples/sec: 159.38 - lr: 0.050000
2022-03-27 00:35:25,487 epoch 16 - iter 80/107 - loss 0.05657440 - samples/sec: 154.31 - lr: 0.050000
2022-03-27 00:35:27,536 epoch 16 - iter 90/107 - loss 0.05683540 - samples/sec: 156.25 - lr: 0.050000
2022-03-27 00:35:29,508 epoch 16 - iter 100/107 - loss 0.05882985 - samples/sec: 162.40 - lr: 0.050000
2022-03-27 00:35:30,724 ----------------------------------------------------------------------------------------------------
2022-03-27 00:35:30,724 EPOCH 16 done: loss 0.0595 - lr 0.050000
2022-03-27 00:35:37,094 Evaluating as a multi-label problem: False
2022-03-27 00:35:37,105 DEV : loss 0.20253482460975647 - f1-score (micro avg)  0.5297
2022-03-27 00:35:37,193 BAD EPOCHS (no improvement): 3
2022-03-27 00:35:37,196 ----------------------------------------------------------------------------------------------------
2022-03-27 00:35:39,320 epoch 17 - iter 10/107 - loss 0.06089869 - samples/sec: 150.77 - lr: 0.050000
2022-03-27 00:35:41,346 epoch 17 - iter 20/107 - loss 0.05898611 - samples/sec: 158.01 - lr: 0.050000
2022-03-27 00:35:43,359 epoch 17 - iter 30/107 - loss 0.05916143 - samples/sec: 159.08 - lr: 0.050000
2022-03-27 00:35:45,314 epoch 17 - iter 40/107 - loss 0.05819817 - samples/sec: 163.73 - lr: 0.050000
2022-03-27 00:35:47,353 epoch 17 - iter 50/107 - loss 0.05871935 - samples/sec: 157.03 - lr: 0.050000
2022-03-27 00:35:49,317 epoch 17 - iter 60/107 - loss 0.05920122 - samples/sec: 163.05 - lr: 0.050000
2022-03-27 00:35:51,181 epoch 17 - iter 70/107 - loss 0.06057863 - samples/sec: 171.79 - lr: 0.050000
2022-03-27 00:35:53,129 epoch 17 - iter 80/107 - loss 0.05924903 - samples/sec: 164.34 - lr: 0.050000
2022-03-27 00:35:55,119 epoch 17 - iter 90/107 - loss 0.05828723 - samples/sec: 160.88 - lr: 0.050000
2022-03-27 00:35:57,214 epoch 17 - iter 100/107 - loss 0.05855906 - samples/sec: 152.78 - lr: 0.050000
2022-03-27 00:35:58,532 ----------------------------------------------------------------------------------------------------
2022-03-27 00:35:58,533 EPOCH 17 done: loss 0.0586 - lr 0.050000
2022-03-27 00:36:04,995 Evaluating as a multi-label problem: False
2022-03-27 00:36:05,006 DEV : loss 0.20746174454689026 - f1-score (micro avg)  0.5108
2022-03-27 00:36:05,093 Epoch    17: reducing learning rate of group 0 to 2.5000e-02.
2022-03-27 00:36:05,093 BAD EPOCHS (no improvement): 4
2022-03-27 00:36:05,136 ----------------------------------------------------------------------------------------------------
2022-03-27 00:36:07,225 epoch 18 - iter 10/107 - loss 0.05108010 - samples/sec: 153.28 - lr: 0.025000
2022-03-27 00:36:09,326 epoch 18 - iter 20/107 - loss 0.05336194 - samples/sec: 152.40 - lr: 0.025000
2022-03-27 00:36:11,336 epoch 18 - iter 30/107 - loss 0.05258919 - samples/sec: 159.29 - lr: 0.025000
2022-03-27 00:36:13,337 epoch 18 - iter 40/107 - loss 0.05270624 - samples/sec: 160.00 - lr: 0.025000
2022-03-27 00:36:15,362 epoch 18 - iter 50/107 - loss 0.05525049 - samples/sec: 158.08 - lr: 0.025000
2022-03-27 00:36:17,372 epoch 18 - iter 60/107 - loss 0.05454276 - samples/sec: 159.32 - lr: 0.025000
2022-03-27 00:36:19,346 epoch 18 - iter 70/107 - loss 0.05362593 - samples/sec: 162.19 - lr: 0.025000
2022-03-27 00:36:21,246 epoch 18 - iter 80/107 - loss 0.05176844 - samples/sec: 168.53 - lr: 0.025000
2022-03-27 00:36:23,135 epoch 18 - iter 90/107 - loss 0.05225815 - samples/sec: 169.46 - lr: 0.025000
2022-03-27 00:36:25,050 epoch 18 - iter 100/107 - loss 0.05196414 - samples/sec: 167.27 - lr: 0.025000
2022-03-27 00:36:26,198 ----------------------------------------------------------------------------------------------------
2022-03-27 00:36:26,198 EPOCH 18 done: loss 0.0522 - lr 0.025000
2022-03-27 00:36:32,160 Evaluating as a multi-label problem: False
2022-03-27 00:36:32,171 DEV : loss 0.19680370390415192 - f1-score (micro avg)  0.5136
2022-03-27 00:36:32,257 BAD EPOCHS (no improvement): 1
2022-03-27 00:36:32,261 ----------------------------------------------------------------------------------------------------
2022-03-27 00:36:34,085 epoch 19 - iter 10/107 - loss 0.04308691 - samples/sec: 175.60 - lr: 0.025000
2022-03-27 00:36:35,934 epoch 19 - iter 20/107 - loss 0.04957747 - samples/sec: 173.15 - lr: 0.025000
2022-03-27 00:36:37,828 epoch 19 - iter 30/107 - loss 0.04634215 - samples/sec: 169.01 - lr: 0.025000
2022-03-27 00:36:39,861 epoch 19 - iter 40/107 - loss 0.04510721 - samples/sec: 157.48 - lr: 0.025000
2022-03-27 00:36:42,183 epoch 19 - iter 50/107 - loss 0.04832256 - samples/sec: 137.90 - lr: 0.025000
2022-03-27 00:36:44,577 epoch 19 - iter 60/107 - loss 0.04945159 - samples/sec: 133.73 - lr: 0.025000
2022-03-27 00:36:47,001 epoch 19 - iter 70/107 - loss 0.05060316 - samples/sec: 132.05 - lr: 0.025000
2022-03-27 00:36:49,369 epoch 19 - iter 80/107 - loss 0.05024453 - samples/sec: 135.22 - lr: 0.025000
2022-03-27 00:36:51,668 epoch 19 - iter 90/107 - loss 0.05018704 - samples/sec: 139.22 - lr: 0.025000
2022-03-27 00:36:54,125 epoch 19 - iter 100/107 - loss 0.05038136 - samples/sec: 130.30 - lr: 0.025000
2022-03-27 00:36:55,554 ----------------------------------------------------------------------------------------------------
2022-03-27 00:36:55,554 EPOCH 19 done: loss 0.0504 - lr 0.025000
2022-03-27 00:37:03,339 Evaluating as a multi-label problem: False
2022-03-27 00:37:03,350 DEV : loss 0.20376963913440704 - f1-score (micro avg)  0.524
2022-03-27 00:37:03,458 BAD EPOCHS (no improvement): 2
2022-03-27 00:37:03,461 ----------------------------------------------------------------------------------------------------
2022-03-27 00:37:05,927 epoch 20 - iter 10/107 - loss 0.04396559 - samples/sec: 129.84 - lr: 0.025000
2022-03-27 00:37:08,272 epoch 20 - iter 20/107 - loss 0.04908461 - samples/sec: 136.53 - lr: 0.025000
2022-03-27 00:37:10,613 epoch 20 - iter 30/107 - loss 0.04824555 - samples/sec: 136.78 - lr: 0.025000
2022-03-27 00:37:12,970 epoch 20 - iter 40/107 - loss 0.05007018 - samples/sec: 135.85 - lr: 0.025000
2022-03-27 00:37:15,262 epoch 20 - iter 50/107 - loss 0.04969436 - samples/sec: 139.70 - lr: 0.025000
2022-03-27 00:37:17,606 epoch 20 - iter 60/107 - loss 0.04873591 - samples/sec: 136.56 - lr: 0.025000
2022-03-27 00:37:19,910 epoch 20 - iter 70/107 - loss 0.05045881 - samples/sec: 138.94 - lr: 0.025000
2022-03-27 00:37:22,276 epoch 20 - iter 80/107 - loss 0.05098418 - samples/sec: 135.31 - lr: 0.025000
2022-03-27 00:37:24,649 epoch 20 - iter 90/107 - loss 0.05038634 - samples/sec: 134.93 - lr: 0.025000
2022-03-27 00:37:27,017 epoch 20 - iter 100/107 - loss 0.05128089 - samples/sec: 135.18 - lr: 0.025000
2022-03-27 00:37:28,484 ----------------------------------------------------------------------------------------------------
2022-03-27 00:37:28,484 EPOCH 20 done: loss 0.0511 - lr 0.025000
2022-03-27 00:37:36,283 Evaluating as a multi-label problem: False
2022-03-27 00:37:36,295 DEV : loss 0.20431557297706604 - f1-score (micro avg)  0.5193
2022-03-27 00:37:36,407 BAD EPOCHS (no improvement): 3
2022-03-27 00:37:36,410 ----------------------------------------------------------------------------------------------------
2022-03-27 00:37:38,822 epoch 21 - iter 10/107 - loss 0.03841110 - samples/sec: 132.77 - lr: 0.025000
2022-03-27 00:37:41,190 epoch 21 - iter 20/107 - loss 0.04404592 - samples/sec: 135.16 - lr: 0.025000
2022-03-27 00:37:43,600 epoch 21 - iter 30/107 - loss 0.04625043 - samples/sec: 132.87 - lr: 0.025000
2022-03-27 00:37:45,965 epoch 21 - iter 40/107 - loss 0.04377526 - samples/sec: 135.33 - lr: 0.025000
2022-03-27 00:37:48,308 epoch 21 - iter 50/107 - loss 0.04438879 - samples/sec: 136.64 - lr: 0.025000
2022-03-27 00:37:52,015 epoch 21 - iter 60/107 - loss 0.04342883 - samples/sec: 86.36 - lr: 0.025000
2022-03-27 00:37:54,326 epoch 21 - iter 70/107 - loss 0.04529131 - samples/sec: 138.55 - lr: 0.025000
2022-03-27 00:37:56,680 epoch 21 - iter 80/107 - loss 0.04674080 - samples/sec: 135.98 - lr: 0.025000
2022-03-27 00:37:59,066 epoch 21 - iter 90/107 - loss 0.04800362 - samples/sec: 134.19 - lr: 0.025000
2022-03-27 00:38:01,430 epoch 21 - iter 100/107 - loss 0.04907927 - samples/sec: 135.45 - lr: 0.025000
2022-03-27 00:38:02,905 ----------------------------------------------------------------------------------------------------
2022-03-27 00:38:02,905 EPOCH 21 done: loss 0.0488 - lr 0.025000
2022-03-27 00:38:10,685 Evaluating as a multi-label problem: False
2022-03-27 00:38:10,697 DEV : loss 0.19773320853710175 - f1-score (micro avg)  0.5222
2022-03-27 00:38:10,808 Epoch    21: reducing learning rate of group 0 to 1.2500e-02.
2022-03-27 00:38:10,808 BAD EPOCHS (no improvement): 4
2022-03-27 00:38:10,814 ----------------------------------------------------------------------------------------------------
2022-03-27 00:38:13,214 epoch 22 - iter 10/107 - loss 0.04967519 - samples/sec: 133.40 - lr: 0.012500
2022-03-27 00:38:15,572 epoch 22 - iter 20/107 - loss 0.04757309 - samples/sec: 135.78 - lr: 0.012500
2022-03-27 00:38:17,886 epoch 22 - iter 30/107 - loss 0.04647997 - samples/sec: 138.33 - lr: 0.012500
2022-03-27 00:38:20,062 epoch 22 - iter 40/107 - loss 0.04700441 - samples/sec: 147.15 - lr: 0.012500
2022-03-27 00:38:22,436 epoch 22 - iter 50/107 - loss 0.04606768 - samples/sec: 134.85 - lr: 0.012500
2022-03-27 00:38:24,807 epoch 22 - iter 60/107 - loss 0.04589966 - samples/sec: 135.04 - lr: 0.012500
2022-03-27 00:38:27,161 epoch 22 - iter 70/107 - loss 0.04569484 - samples/sec: 135.98 - lr: 0.012500
2022-03-27 00:38:29,587 epoch 22 - iter 80/107 - loss 0.04619608 - samples/sec: 131.95 - lr: 0.012500
2022-03-27 00:38:31,897 epoch 22 - iter 90/107 - loss 0.04643327 - samples/sec: 138.62 - lr: 0.012500
2022-03-27 00:38:34,296 epoch 22 - iter 100/107 - loss 0.04571453 - samples/sec: 133.43 - lr: 0.012500
2022-03-27 00:38:35,800 ----------------------------------------------------------------------------------------------------
2022-03-27 00:38:35,800 EPOCH 22 done: loss 0.0452 - lr 0.012500
2022-03-27 00:38:43,550 Evaluating as a multi-label problem: False
2022-03-27 00:38:43,561 DEV : loss 0.2042861133813858 - f1-score (micro avg)  0.5197
2022-03-27 00:38:43,673 BAD EPOCHS (no improvement): 1
2022-03-27 00:38:43,675 ----------------------------------------------------------------------------------------------------
2022-03-27 00:38:46,046 epoch 23 - iter 10/107 - loss 0.04517950 - samples/sec: 135.08 - lr: 0.012500
2022-03-27 00:38:48,361 epoch 23 - iter 20/107 - loss 0.04345703 - samples/sec: 138.29 - lr: 0.012500
2022-03-27 00:38:50,724 epoch 23 - iter 30/107 - loss 0.04814179 - samples/sec: 135.52 - lr: 0.012500
2022-03-27 00:38:53,098 epoch 23 - iter 40/107 - loss 0.04796771 - samples/sec: 134.84 - lr: 0.012500
2022-03-27 00:38:55,419 epoch 23 - iter 50/107 - loss 0.04708915 - samples/sec: 137.96 - lr: 0.012500
2022-03-27 00:38:57,834 epoch 23 - iter 60/107 - loss 0.04627613 - samples/sec: 132.56 - lr: 0.012500
2022-03-27 00:39:00,180 epoch 23 - iter 70/107 - loss 0.04551998 - samples/sec: 136.44 - lr: 0.012500
2022-03-27 00:39:02,593 epoch 23 - iter 80/107 - loss 0.04602327 - samples/sec: 132.69 - lr: 0.012500
2022-03-27 00:39:04,909 epoch 23 - iter 90/107 - loss 0.04669058 - samples/sec: 138.20 - lr: 0.012500
2022-03-27 00:39:07,253 epoch 23 - iter 100/107 - loss 0.04773596 - samples/sec: 136.59 - lr: 0.012500
2022-03-27 00:39:08,699 ----------------------------------------------------------------------------------------------------
2022-03-27 00:39:08,699 EPOCH 23 done: loss 0.0478 - lr 0.012500
2022-03-27 00:39:16,471 Evaluating as a multi-label problem: False
2022-03-27 00:39:16,482 DEV : loss 0.2033097892999649 - f1-score (micro avg)  0.5197
2022-03-27 00:39:16,596 BAD EPOCHS (no improvement): 2
2022-03-27 00:39:16,612 ----------------------------------------------------------------------------------------------------
2022-03-27 00:39:19,003 epoch 24 - iter 10/107 - loss 0.04425800 - samples/sec: 133.89 - lr: 0.012500
2022-03-27 00:39:21,389 epoch 24 - iter 20/107 - loss 0.04206169 - samples/sec: 134.19 - lr: 0.012500
2022-03-27 00:39:23,757 epoch 24 - iter 30/107 - loss 0.04224850 - samples/sec: 135.22 - lr: 0.012500
2022-03-27 00:39:26,175 epoch 24 - iter 40/107 - loss 0.04612359 - samples/sec: 132.41 - lr: 0.012500
2022-03-27 00:39:28,504 epoch 24 - iter 50/107 - loss 0.04701580 - samples/sec: 137.42 - lr: 0.012500
2022-03-27 00:39:30,890 epoch 24 - iter 60/107 - loss 0.04800689 - samples/sec: 134.19 - lr: 0.012500
2022-03-27 00:39:33,194 epoch 24 - iter 70/107 - loss 0.04668950 - samples/sec: 139.01 - lr: 0.012500
2022-03-27 00:39:35,505 epoch 24 - iter 80/107 - loss 0.04609698 - samples/sec: 138.53 - lr: 0.012500
2022-03-27 00:39:37,914 epoch 24 - iter 90/107 - loss 0.04547123 - samples/sec: 132.86 - lr: 0.012500
2022-03-27 00:39:40,215 epoch 24 - iter 100/107 - loss 0.04635104 - samples/sec: 139.16 - lr: 0.012500
2022-03-27 00:39:41,646 ----------------------------------------------------------------------------------------------------
2022-03-27 00:39:41,646 EPOCH 24 done: loss 0.0459 - lr 0.012500
2022-03-27 00:39:49,422 Evaluating as a multi-label problem: False
2022-03-27 00:39:49,434 DEV : loss 0.21343527734279633 - f1-score (micro avg)  0.5232
2022-03-27 00:39:49,550 BAD EPOCHS (no improvement): 3
2022-03-27 00:39:49,553 ----------------------------------------------------------------------------------------------------
2022-03-27 00:39:51,878 epoch 25 - iter 10/107 - loss 0.03686627 - samples/sec: 137.68 - lr: 0.012500
2022-03-27 00:39:54,268 epoch 25 - iter 20/107 - loss 0.04272201 - samples/sec: 133.94 - lr: 0.012500
2022-03-27 00:39:56,642 epoch 25 - iter 30/107 - loss 0.04512785 - samples/sec: 134.86 - lr: 0.012500
2022-03-27 00:39:59,026 epoch 25 - iter 40/107 - loss 0.04354962 - samples/sec: 134.32 - lr: 0.012500
2022-03-27 00:40:01,373 epoch 25 - iter 50/107 - loss 0.04339526 - samples/sec: 136.40 - lr: 0.012500
2022-03-27 00:40:03,686 epoch 25 - iter 60/107 - loss 0.04374929 - samples/sec: 138.39 - lr: 0.012500
2022-03-27 00:40:06,038 epoch 25 - iter 70/107 - loss 0.04467992 - samples/sec: 136.15 - lr: 0.012500
2022-03-27 00:40:08,386 epoch 25 - iter 80/107 - loss 0.04457326 - samples/sec: 136.29 - lr: 0.012500
2022-03-27 00:40:10,700 epoch 25 - iter 90/107 - loss 0.04432226 - samples/sec: 138.40 - lr: 0.012500
2022-03-27 00:40:13,124 epoch 25 - iter 100/107 - loss 0.04503424 - samples/sec: 132.05 - lr: 0.012500
2022-03-27 00:40:14,601 ----------------------------------------------------------------------------------------------------
2022-03-27 00:40:14,602 EPOCH 25 done: loss 0.0457 - lr 0.012500
2022-03-27 00:40:22,396 Evaluating as a multi-label problem: False
2022-03-27 00:40:22,407 DEV : loss 0.2028912752866745 - f1-score (micro avg)  0.5178
2022-03-27 00:40:22,517 Epoch    25: reducing learning rate of group 0 to 6.2500e-03.
2022-03-27 00:40:22,517 BAD EPOCHS (no improvement): 4
2022-03-27 00:40:22,521 ----------------------------------------------------------------------------------------------------
2022-03-27 00:40:24,881 epoch 26 - iter 10/107 - loss 0.03437228 - samples/sec: 135.67 - lr: 0.006250
2022-03-27 00:40:27,266 epoch 26 - iter 20/107 - loss 0.03886313 - samples/sec: 134.26 - lr: 0.006250
2022-03-27 00:40:29,538 epoch 26 - iter 30/107 - loss 0.03930741 - samples/sec: 140.87 - lr: 0.006250
2022-03-27 00:40:31,816 epoch 26 - iter 40/107 - loss 0.04246049 - samples/sec: 140.55 - lr: 0.006250
2022-03-27 00:40:34,226 epoch 26 - iter 50/107 - loss 0.04235195 - samples/sec: 132.86 - lr: 0.006250
2022-03-27 00:40:36,614 epoch 26 - iter 60/107 - loss 0.04356055 - samples/sec: 134.02 - lr: 0.006250
2022-03-27 00:40:39,020 epoch 26 - iter 70/107 - loss 0.04242248 - samples/sec: 133.06 - lr: 0.006250
2022-03-27 00:40:41,378 epoch 26 - iter 80/107 - loss 0.04246402 - samples/sec: 135.80 - lr: 0.006250
2022-03-27 00:40:43,688 epoch 26 - iter 90/107 - loss 0.04292493 - samples/sec: 138.60 - lr: 0.006250
2022-03-27 00:40:46,059 epoch 26 - iter 100/107 - loss 0.04321389 - samples/sec: 135.03 - lr: 0.006250
2022-03-27 00:40:47,518 ----------------------------------------------------------------------------------------------------
2022-03-27 00:40:47,518 EPOCH 26 done: loss 0.0432 - lr 0.006250
2022-03-27 00:40:55,235 Evaluating as a multi-label problem: False
2022-03-27 00:40:55,246 DEV : loss 0.2029162496328354 - f1-score (micro avg)  0.5209
2022-03-27 00:40:55,357 BAD EPOCHS (no improvement): 1
2022-03-27 00:40:55,360 ----------------------------------------------------------------------------------------------------
2022-03-27 00:40:57,728 epoch 27 - iter 10/107 - loss 0.04393831 - samples/sec: 135.17 - lr: 0.006250
2022-03-27 00:41:00,058 epoch 27 - iter 20/107 - loss 0.04511170 - samples/sec: 137.44 - lr: 0.006250
2022-03-27 00:41:02,422 epoch 27 - iter 30/107 - loss 0.04566837 - samples/sec: 135.44 - lr: 0.006250
2022-03-27 00:41:04,772 epoch 27 - iter 40/107 - loss 0.04541837 - samples/sec: 136.24 - lr: 0.006250
2022-03-27 00:41:07,170 epoch 27 - iter 50/107 - loss 0.04308358 - samples/sec: 133.51 - lr: 0.006250
2022-03-27 00:41:09,371 epoch 27 - iter 60/107 - loss 0.04367268 - samples/sec: 145.43 - lr: 0.006250
2022-03-27 00:41:11,683 epoch 27 - iter 70/107 - loss 0.04414315 - samples/sec: 138.51 - lr: 0.006250
2022-03-27 00:41:13,885 epoch 27 - iter 80/107 - loss 0.04368062 - samples/sec: 145.37 - lr: 0.006250
2022-03-27 00:41:17,395 epoch 27 - iter 90/107 - loss 0.04301029 - samples/sec: 91.19 - lr: 0.006250
2022-03-27 00:41:19,690 epoch 27 - iter 100/107 - loss 0.04375845 - samples/sec: 139.54 - lr: 0.006250
2022-03-27 00:41:21,072 ----------------------------------------------------------------------------------------------------
2022-03-27 00:41:21,073 EPOCH 27 done: loss 0.0435 - lr 0.006250
2022-03-27 00:41:28,730 Evaluating as a multi-label problem: False
2022-03-27 00:41:28,741 DEV : loss 0.20149748027324677 - f1-score (micro avg)  0.5199
2022-03-27 00:41:28,851 BAD EPOCHS (no improvement): 2
2022-03-27 00:41:28,854 ----------------------------------------------------------------------------------------------------
2022-03-27 00:41:31,220 epoch 28 - iter 10/107 - loss 0.04091626 - samples/sec: 135.29 - lr: 0.006250
2022-03-27 00:41:33,528 epoch 28 - iter 20/107 - loss 0.04056563 - samples/sec: 138.73 - lr: 0.006250
2022-03-27 00:41:35,938 epoch 28 - iter 30/107 - loss 0.03787536 - samples/sec: 132.83 - lr: 0.006250
2022-03-27 00:41:38,224 epoch 28 - iter 40/107 - loss 0.03792565 - samples/sec: 140.07 - lr: 0.006250
2022-03-27 00:41:40,626 epoch 28 - iter 50/107 - loss 0.03817134 - samples/sec: 133.24 - lr: 0.006250
2022-03-27 00:41:43,038 epoch 28 - iter 60/107 - loss 0.04045246 - samples/sec: 132.74 - lr: 0.006250
2022-03-27 00:41:45,388 epoch 28 - iter 70/107 - loss 0.04109164 - samples/sec: 136.24 - lr: 0.006250
2022-03-27 00:41:47,711 epoch 28 - iter 80/107 - loss 0.04160505 - samples/sec: 137.84 - lr: 0.006250
2022-03-27 00:41:50,048 epoch 28 - iter 90/107 - loss 0.04164068 - samples/sec: 137.00 - lr: 0.006250
2022-03-27 00:41:52,382 epoch 28 - iter 100/107 - loss 0.04065636 - samples/sec: 137.19 - lr: 0.006250
2022-03-27 00:41:53,907 ----------------------------------------------------------------------------------------------------
2022-03-27 00:41:53,907 EPOCH 28 done: loss 0.0413 - lr 0.006250
2022-03-27 00:42:01,619 Evaluating as a multi-label problem: False
2022-03-27 00:42:01,630 DEV : loss 0.2050519436597824 - f1-score (micro avg)  0.5259
2022-03-27 00:42:01,743 BAD EPOCHS (no improvement): 3
2022-03-27 00:42:01,745 ----------------------------------------------------------------------------------------------------
2022-03-27 00:42:04,094 epoch 29 - iter 10/107 - loss 0.04080577 - samples/sec: 136.35 - lr: 0.006250
2022-03-27 00:42:06,395 epoch 29 - iter 20/107 - loss 0.04140981 - samples/sec: 139.11 - lr: 0.006250
2022-03-27 00:42:08,813 epoch 29 - iter 30/107 - loss 0.04205810 - samples/sec: 132.41 - lr: 0.006250
2022-03-27 00:42:11,239 epoch 29 - iter 40/107 - loss 0.04289102 - samples/sec: 131.95 - lr: 0.006250
2022-03-27 00:42:13,557 epoch 29 - iter 50/107 - loss 0.04337343 - samples/sec: 138.09 - lr: 0.006250
2022-03-27 00:42:15,844 epoch 29 - iter 60/107 - loss 0.04303258 - samples/sec: 140.02 - lr: 0.006250
2022-03-27 00:42:18,197 epoch 29 - iter 70/107 - loss 0.04200614 - samples/sec: 136.07 - lr: 0.006250
2022-03-27 00:42:20,592 epoch 29 - iter 80/107 - loss 0.04342788 - samples/sec: 133.63 - lr: 0.006250
2022-03-27 00:42:22,962 epoch 29 - iter 90/107 - loss 0.04307943 - samples/sec: 135.10 - lr: 0.006250
2022-03-27 00:42:25,363 epoch 29 - iter 100/107 - loss 0.04292496 - samples/sec: 133.35 - lr: 0.006250
2022-03-27 00:42:26,696 ----------------------------------------------------------------------------------------------------
2022-03-27 00:42:26,696 EPOCH 29 done: loss 0.0434 - lr 0.006250
2022-03-27 00:42:33,085 Evaluating as a multi-label problem: False
2022-03-27 00:42:33,096 DEV : loss 0.20254619419574738 - f1-score (micro avg)  0.5208
2022-03-27 00:42:33,186 Epoch    29: reducing learning rate of group 0 to 3.1250e-03.
2022-03-27 00:42:33,186 BAD EPOCHS (no improvement): 4
2022-03-27 00:42:33,189 ----------------------------------------------------------------------------------------------------
2022-03-27 00:42:35,222 epoch 30 - iter 10/107 - loss 0.04123233 - samples/sec: 157.57 - lr: 0.003125
2022-03-27 00:42:37,257 epoch 30 - iter 20/107 - loss 0.04325337 - samples/sec: 157.32 - lr: 0.003125
2022-03-27 00:42:39,266 epoch 30 - iter 30/107 - loss 0.04432802 - samples/sec: 159.41 - lr: 0.003125
2022-03-27 00:42:41,307 epoch 30 - iter 40/107 - loss 0.04601002 - samples/sec: 156.84 - lr: 0.003125
2022-03-27 00:42:43,276 epoch 30 - iter 50/107 - loss 0.04487928 - samples/sec: 162.58 - lr: 0.003125
2022-03-27 00:42:45,210 epoch 30 - iter 60/107 - loss 0.04354626 - samples/sec: 165.59 - lr: 0.003125
2022-03-27 00:42:47,175 epoch 30 - iter 70/107 - loss 0.04292285 - samples/sec: 162.89 - lr: 0.003125
2022-03-27 00:42:49,165 epoch 30 - iter 80/107 - loss 0.04315199 - samples/sec: 160.87 - lr: 0.003125
2022-03-27 00:42:51,198 epoch 30 - iter 90/107 - loss 0.04301638 - samples/sec: 157.47 - lr: 0.003125
2022-03-27 00:42:53,304 epoch 30 - iter 100/107 - loss 0.04295882 - samples/sec: 152.05 - lr: 0.003125
2022-03-27 00:42:54,563 ----------------------------------------------------------------------------------------------------
2022-03-27 00:42:54,563 EPOCH 30 done: loss 0.0427 - lr 0.003125
2022-03-27 00:43:00,989 Evaluating as a multi-label problem: False
2022-03-27 00:43:01,000 DEV : loss 0.20843355357646942 - f1-score (micro avg)  0.5198
2022-03-27 00:43:01,088 BAD EPOCHS (no improvement): 1
2022-03-27 00:43:01,091 ----------------------------------------------------------------------------------------------------
2022-03-27 00:43:03,152 epoch 31 - iter 10/107 - loss 0.04537451 - samples/sec: 155.34 - lr: 0.003125
2022-03-27 00:43:05,247 epoch 31 - iter 20/107 - loss 0.04110606 - samples/sec: 152.77 - lr: 0.003125
2022-03-27 00:43:07,194 epoch 31 - iter 30/107 - loss 0.04515499 - samples/sec: 164.45 - lr: 0.003125
2022-03-27 00:43:09,218 epoch 31 - iter 40/107 - loss 0.04555237 - samples/sec: 158.23 - lr: 0.003125
2022-03-27 00:43:11,243 epoch 31 - iter 50/107 - loss 0.04305445 - samples/sec: 158.03 - lr: 0.003125
2022-03-27 00:43:13,296 epoch 31 - iter 60/107 - loss 0.04235384 - samples/sec: 155.98 - lr: 0.003125
2022-03-27 00:43:15,281 epoch 31 - iter 70/107 - loss 0.04256773 - samples/sec: 161.28 - lr: 0.003125
2022-03-27 00:43:17,320 epoch 31 - iter 80/107 - loss 0.04234945 - samples/sec: 157.06 - lr: 0.003125
2022-03-27 00:43:19,118 epoch 31 - iter 90/107 - loss 0.04258873 - samples/sec: 178.00 - lr: 0.003125
2022-03-27 00:43:20,982 epoch 31 - iter 100/107 - loss 0.04288584 - samples/sec: 171.87 - lr: 0.003125
2022-03-27 00:43:22,208 ----------------------------------------------------------------------------------------------------
2022-03-27 00:43:22,209 EPOCH 31 done: loss 0.0428 - lr 0.003125
2022-03-27 00:43:28,567 Evaluating as a multi-label problem: False
2022-03-27 00:43:28,578 DEV : loss 0.20317651331424713 - f1-score (micro avg)  0.5203
2022-03-27 00:43:28,665 BAD EPOCHS (no improvement): 2
2022-03-27 00:43:28,668 ----------------------------------------------------------------------------------------------------
2022-03-27 00:43:30,774 epoch 32 - iter 10/107 - loss 0.04740613 - samples/sec: 152.00 - lr: 0.003125
2022-03-27 00:43:32,748 epoch 32 - iter 20/107 - loss 0.04880916 - samples/sec: 162.27 - lr: 0.003125
2022-03-27 00:43:34,694 epoch 32 - iter 30/107 - loss 0.04382583 - samples/sec: 164.49 - lr: 0.003125
2022-03-27 00:43:36,668 epoch 32 - iter 40/107 - loss 0.04333101 - samples/sec: 162.18 - lr: 0.003125
2022-03-27 00:43:38,694 epoch 32 - iter 50/107 - loss 0.04396923 - samples/sec: 158.07 - lr: 0.003125
2022-03-27 00:43:40,732 epoch 32 - iter 60/107 - loss 0.04297207 - samples/sec: 157.07 - lr: 0.003125
2022-03-27 00:43:42,807 epoch 32 - iter 70/107 - loss 0.04272704 - samples/sec: 154.30 - lr: 0.003125
2022-03-27 00:43:44,931 epoch 32 - iter 80/107 - loss 0.04120878 - samples/sec: 150.67 - lr: 0.003125
2022-03-27 00:43:46,942 epoch 32 - iter 90/107 - loss 0.04189306 - samples/sec: 159.24 - lr: 0.003125
2022-03-27 00:43:48,959 epoch 32 - iter 100/107 - loss 0.04246976 - samples/sec: 158.69 - lr: 0.003125
2022-03-27 00:43:50,223 ----------------------------------------------------------------------------------------------------
2022-03-27 00:43:50,223 EPOCH 32 done: loss 0.0421 - lr 0.003125
2022-03-27 00:43:56,592 Evaluating as a multi-label problem: False
2022-03-27 00:43:56,603 DEV : loss 0.20408114790916443 - f1-score (micro avg)  0.5193
2022-03-27 00:43:56,690 BAD EPOCHS (no improvement): 3
2022-03-27 00:43:56,693 ----------------------------------------------------------------------------------------------------
2022-03-27 00:43:58,803 epoch 33 - iter 10/107 - loss 0.03387288 - samples/sec: 151.78 - lr: 0.003125
2022-03-27 00:44:00,837 epoch 33 - iter 20/107 - loss 0.03732546 - samples/sec: 157.39 - lr: 0.003125
2022-03-27 00:44:02,890 epoch 33 - iter 30/107 - loss 0.04292071 - samples/sec: 155.97 - lr: 0.003125
2022-03-27 00:44:04,867 epoch 33 - iter 40/107 - loss 0.04021247 - samples/sec: 162.00 - lr: 0.003125
2022-03-27 00:44:06,906 epoch 33 - iter 50/107 - loss 0.04083154 - samples/sec: 156.96 - lr: 0.003125
2022-03-27 00:44:08,919 epoch 33 - iter 60/107 - loss 0.04214801 - samples/sec: 159.05 - lr: 0.003125
2022-03-27 00:44:10,932 epoch 33 - iter 70/107 - loss 0.04060963 - samples/sec: 159.04 - lr: 0.003125
2022-03-27 00:44:12,936 epoch 33 - iter 80/107 - loss 0.03986105 - samples/sec: 159.82 - lr: 0.003125
2022-03-27 00:44:14,918 epoch 33 - iter 90/107 - loss 0.04053590 - samples/sec: 161.48 - lr: 0.003125
2022-03-27 00:44:16,917 epoch 33 - iter 100/107 - loss 0.04035012 - samples/sec: 160.14 - lr: 0.003125
2022-03-27 00:44:18,136 ----------------------------------------------------------------------------------------------------
2022-03-27 00:44:18,136 EPOCH 33 done: loss 0.0409 - lr 0.003125
2022-03-27 00:44:25,862 Evaluating as a multi-label problem: False
2022-03-27 00:44:25,872 DEV : loss 0.20513764023780823 - f1-score (micro avg)  0.5227
2022-03-27 00:44:25,961 Epoch    33: reducing learning rate of group 0 to 1.5625e-03.
2022-03-27 00:44:25,961 BAD EPOCHS (no improvement): 4
2022-03-27 00:44:25,964 ----------------------------------------------------------------------------------------------------
2022-03-27 00:44:28,033 epoch 34 - iter 10/107 - loss 0.04898633 - samples/sec: 154.78 - lr: 0.001563
2022-03-27 00:44:30,053 epoch 34 - iter 20/107 - loss 0.04599277 - samples/sec: 158.48 - lr: 0.001563
2022-03-27 00:44:32,076 epoch 34 - iter 30/107 - loss 0.04538807 - samples/sec: 158.27 - lr: 0.001563
2022-03-27 00:44:34,085 epoch 34 - iter 40/107 - loss 0.04376356 - samples/sec: 159.37 - lr: 0.001563
2022-03-27 00:44:36,126 epoch 34 - iter 50/107 - loss 0.04202967 - samples/sec: 156.86 - lr: 0.001563
2022-03-27 00:44:38,182 epoch 34 - iter 60/107 - loss 0.04142552 - samples/sec: 155.74 - lr: 0.001563
2022-03-27 00:44:40,197 epoch 34 - iter 70/107 - loss 0.04074753 - samples/sec: 158.87 - lr: 0.001563
2022-03-27 00:44:42,263 epoch 34 - iter 80/107 - loss 0.04098747 - samples/sec: 154.95 - lr: 0.001563
2022-03-27 00:44:44,243 epoch 34 - iter 90/107 - loss 0.04070684 - samples/sec: 161.68 - lr: 0.001563
2022-03-27 00:44:46,326 epoch 34 - iter 100/107 - loss 0.04014270 - samples/sec: 153.69 - lr: 0.001563
2022-03-27 00:44:47,584 ----------------------------------------------------------------------------------------------------
2022-03-27 00:44:47,584 EPOCH 34 done: loss 0.0412 - lr 0.001563
2022-03-27 00:44:54,019 Evaluating as a multi-label problem: False
2022-03-27 00:44:54,030 DEV : loss 0.20646485686302185 - f1-score (micro avg)  0.5236
2022-03-27 00:44:54,117 BAD EPOCHS (no improvement): 1
2022-03-27 00:44:54,121 ----------------------------------------------------------------------------------------------------
2022-03-27 00:44:56,140 epoch 35 - iter 10/107 - loss 0.03543711 - samples/sec: 158.60 - lr: 0.001563
2022-03-27 00:44:58,055 epoch 35 - iter 20/107 - loss 0.03689645 - samples/sec: 167.14 - lr: 0.001563
2022-03-27 00:44:59,951 epoch 35 - iter 30/107 - loss 0.03580486 - samples/sec: 168.95 - lr: 0.001563
2022-03-27 00:45:01,911 epoch 35 - iter 40/107 - loss 0.03780339 - samples/sec: 163.29 - lr: 0.001563
2022-03-27 00:45:03,967 epoch 35 - iter 50/107 - loss 0.03924470 - samples/sec: 155.72 - lr: 0.001563
2022-03-27 00:45:05,950 epoch 35 - iter 60/107 - loss 0.04019821 - samples/sec: 161.48 - lr: 0.001563
2022-03-27 00:45:07,973 epoch 35 - iter 70/107 - loss 0.04007243 - samples/sec: 158.29 - lr: 0.001563
2022-03-27 00:45:10,092 epoch 35 - iter 80/107 - loss 0.04065018 - samples/sec: 151.06 - lr: 0.001563
2022-03-27 00:45:12,141 epoch 35 - iter 90/107 - loss 0.04022441 - samples/sec: 156.28 - lr: 0.001563
2022-03-27 00:45:14,193 epoch 35 - iter 100/107 - loss 0.04131673 - samples/sec: 156.02 - lr: 0.001563
2022-03-27 00:45:15,444 ----------------------------------------------------------------------------------------------------
2022-03-27 00:45:15,444 EPOCH 35 done: loss 0.0408 - lr 0.001563
2022-03-27 00:45:21,828 Evaluating as a multi-label problem: False
2022-03-27 00:45:21,838 DEV : loss 0.20575343072414398 - f1-score (micro avg)  0.5235
2022-03-27 00:45:21,929 BAD EPOCHS (no improvement): 2
2022-03-27 00:45:21,931 ----------------------------------------------------------------------------------------------------
2022-03-27 00:45:24,053 epoch 36 - iter 10/107 - loss 0.04481759 - samples/sec: 150.89 - lr: 0.001563
2022-03-27 00:45:26,095 epoch 36 - iter 20/107 - loss 0.04205797 - samples/sec: 156.80 - lr: 0.001563
2022-03-27 00:45:28,196 epoch 36 - iter 30/107 - loss 0.04370271 - samples/sec: 152.39 - lr: 0.001563
2022-03-27 00:45:30,146 epoch 36 - iter 40/107 - loss 0.04227698 - samples/sec: 164.13 - lr: 0.001563
2022-03-27 00:45:32,232 epoch 36 - iter 50/107 - loss 0.04222320 - samples/sec: 153.53 - lr: 0.001563
2022-03-27 00:45:34,307 epoch 36 - iter 60/107 - loss 0.04150578 - samples/sec: 154.26 - lr: 0.001563
2022-03-27 00:45:36,210 epoch 36 - iter 70/107 - loss 0.04145055 - samples/sec: 168.32 - lr: 0.001563
2022-03-27 00:45:38,211 epoch 36 - iter 80/107 - loss 0.04119705 - samples/sec: 159.96 - lr: 0.001563
2022-03-27 00:45:40,256 epoch 36 - iter 90/107 - loss 0.04112237 - samples/sec: 156.57 - lr: 0.001563
2022-03-27 00:45:42,252 epoch 36 - iter 100/107 - loss 0.04026276 - samples/sec: 160.43 - lr: 0.001563
2022-03-27 00:45:43,459 ----------------------------------------------------------------------------------------------------
2022-03-27 00:45:43,460 EPOCH 36 done: loss 0.0404 - lr 0.001563
2022-03-27 00:45:49,764 Evaluating as a multi-label problem: False
2022-03-27 00:45:49,775 DEV : loss 0.20562754571437836 - f1-score (micro avg)  0.5223
2022-03-27 00:45:49,862 BAD EPOCHS (no improvement): 3
2022-03-27 00:45:49,865 ----------------------------------------------------------------------------------------------------
2022-03-27 00:45:51,864 epoch 37 - iter 10/107 - loss 0.03292687 - samples/sec: 160.17 - lr: 0.001563
2022-03-27 00:45:53,952 epoch 37 - iter 20/107 - loss 0.03820208 - samples/sec: 153.32 - lr: 0.001563
2022-03-27 00:45:56,062 epoch 37 - iter 30/107 - loss 0.03853216 - samples/sec: 151.77 - lr: 0.001563
2022-03-27 00:45:58,077 epoch 37 - iter 40/107 - loss 0.04049812 - samples/sec: 158.86 - lr: 0.001563
2022-03-27 00:46:00,144 epoch 37 - iter 50/107 - loss 0.04011675 - samples/sec: 154.92 - lr: 0.001563
2022-03-27 00:46:02,195 epoch 37 - iter 60/107 - loss 0.04069304 - samples/sec: 156.10 - lr: 0.001563
2022-03-27 00:46:04,285 epoch 37 - iter 70/107 - loss 0.04082570 - samples/sec: 153.17 - lr: 0.001563
2022-03-27 00:46:06,276 epoch 37 - iter 80/107 - loss 0.04011871 - samples/sec: 160.77 - lr: 0.001563
2022-03-27 00:46:08,283 epoch 37 - iter 90/107 - loss 0.03954042 - samples/sec: 159.53 - lr: 0.001563
2022-03-27 00:46:10,133 epoch 37 - iter 100/107 - loss 0.03942070 - samples/sec: 173.07 - lr: 0.001563
2022-03-27 00:46:11,379 ----------------------------------------------------------------------------------------------------
2022-03-27 00:46:11,379 EPOCH 37 done: loss 0.0401 - lr 0.001563
2022-03-27 00:46:17,643 Evaluating as a multi-label problem: False
2022-03-27 00:46:17,654 DEV : loss 0.2067958265542984 - f1-score (micro avg)  0.5228
2022-03-27 00:46:17,743 Epoch    37: reducing learning rate of group 0 to 7.8125e-04.
2022-03-27 00:46:17,744 BAD EPOCHS (no improvement): 4
2022-03-27 00:46:17,746 ----------------------------------------------------------------------------------------------------
2022-03-27 00:46:19,666 epoch 38 - iter 10/107 - loss 0.04264562 - samples/sec: 166.82 - lr: 0.000781
2022-03-27 00:46:21,473 epoch 38 - iter 20/107 - loss 0.03533646 - samples/sec: 177.21 - lr: 0.000781
2022-03-27 00:46:23,336 epoch 38 - iter 30/107 - loss 0.03648542 - samples/sec: 171.84 - lr: 0.000781
2022-03-27 00:46:25,247 epoch 38 - iter 40/107 - loss 0.03978764 - samples/sec: 167.62 - lr: 0.000781
2022-03-27 00:46:27,028 epoch 38 - iter 50/107 - loss 0.04130762 - samples/sec: 179.73 - lr: 0.000781
2022-03-27 00:46:28,819 epoch 38 - iter 60/107 - loss 0.04031483 - samples/sec: 178.76 - lr: 0.000781
2022-03-27 00:46:30,799 epoch 38 - iter 70/107 - loss 0.04025155 - samples/sec: 161.71 - lr: 0.000781
2022-03-27 00:46:32,736 epoch 38 - iter 80/107 - loss 0.04121974 - samples/sec: 165.29 - lr: 0.000781
2022-03-27 00:46:34,733 epoch 38 - iter 90/107 - loss 0.04072360 - samples/sec: 160.32 - lr: 0.000781
2022-03-27 00:46:36,714 epoch 38 - iter 100/107 - loss 0.04120351 - samples/sec: 161.61 - lr: 0.000781
2022-03-27 00:46:37,974 ----------------------------------------------------------------------------------------------------
2022-03-27 00:46:37,974 EPOCH 38 done: loss 0.0413 - lr 0.000781
2022-03-27 00:46:44,411 Evaluating as a multi-label problem: False
2022-03-27 00:46:44,421 DEV : loss 0.20554892718791962 - f1-score (micro avg)  0.5243
2022-03-27 00:46:44,509 BAD EPOCHS (no improvement): 1
2022-03-27 00:46:44,523 ----------------------------------------------------------------------------------------------------
2022-03-27 00:46:46,624 epoch 39 - iter 10/107 - loss 0.04787139 - samples/sec: 152.44 - lr: 0.000781
2022-03-27 00:46:48,683 epoch 39 - iter 20/107 - loss 0.04370009 - samples/sec: 155.44 - lr: 0.000781
2022-03-27 00:46:50,637 epoch 39 - iter 30/107 - loss 0.04205690 - samples/sec: 163.84 - lr: 0.000781
2022-03-27 00:46:52,593 epoch 39 - iter 40/107 - loss 0.04199481 - samples/sec: 163.67 - lr: 0.000781
2022-03-27 00:46:54,629 epoch 39 - iter 50/107 - loss 0.04303178 - samples/sec: 157.28 - lr: 0.000781
2022-03-27 00:46:56,628 epoch 39 - iter 60/107 - loss 0.04141643 - samples/sec: 160.19 - lr: 0.000781
2022-03-27 00:46:58,678 epoch 39 - iter 70/107 - loss 0.04229994 - samples/sec: 156.17 - lr: 0.000781
2022-03-27 00:47:00,671 epoch 39 - iter 80/107 - loss 0.04149280 - samples/sec: 160.63 - lr: 0.000781
2022-03-27 00:47:02,738 epoch 39 - iter 90/107 - loss 0.04098108 - samples/sec: 154.88 - lr: 0.000781
2022-03-27 00:47:04,835 epoch 39 - iter 100/107 - loss 0.04091546 - samples/sec: 152.67 - lr: 0.000781
2022-03-27 00:47:06,075 ----------------------------------------------------------------------------------------------------
2022-03-27 00:47:06,075 EPOCH 39 done: loss 0.0410 - lr 0.000781
2022-03-27 00:47:13,793 Evaluating as a multi-label problem: False
2022-03-27 00:47:13,804 DEV : loss 0.20587164163589478 - f1-score (micro avg)  0.5247
2022-03-27 00:47:13,891 BAD EPOCHS (no improvement): 2
2022-03-27 00:47:13,895 ----------------------------------------------------------------------------------------------------
2022-03-27 00:47:15,885 epoch 40 - iter 10/107 - loss 0.04339923 - samples/sec: 160.98 - lr: 0.000781
2022-03-27 00:47:17,839 epoch 40 - iter 20/107 - loss 0.04526504 - samples/sec: 163.79 - lr: 0.000781
2022-03-27 00:47:19,800 epoch 40 - iter 30/107 - loss 0.04107756 - samples/sec: 163.25 - lr: 0.000781
2022-03-27 00:47:21,829 epoch 40 - iter 40/107 - loss 0.03975218 - samples/sec: 157.81 - lr: 0.000781
2022-03-27 00:47:23,831 epoch 40 - iter 50/107 - loss 0.04115644 - samples/sec: 159.94 - lr: 0.000781
2022-03-27 00:47:25,880 epoch 40 - iter 60/107 - loss 0.04151806 - samples/sec: 156.21 - lr: 0.000781
2022-03-27 00:47:28,013 epoch 40 - iter 70/107 - loss 0.04216001 - samples/sec: 150.08 - lr: 0.000781
2022-03-27 00:47:30,066 epoch 40 - iter 80/107 - loss 0.04074111 - samples/sec: 156.00 - lr: 0.000781
2022-03-27 00:47:32,173 epoch 40 - iter 90/107 - loss 0.04094255 - samples/sec: 151.94 - lr: 0.000781
2022-03-27 00:47:34,163 epoch 40 - iter 100/107 - loss 0.04226527 - samples/sec: 160.86 - lr: 0.000781
2022-03-27 00:47:35,444 ----------------------------------------------------------------------------------------------------
2022-03-27 00:47:35,445 EPOCH 40 done: loss 0.0425 - lr 0.000781
2022-03-27 00:47:41,833 Evaluating as a multi-label problem: False
2022-03-27 00:47:41,843 DEV : loss 0.2055109590291977 - f1-score (micro avg)  0.5266
2022-03-27 00:47:41,931 BAD EPOCHS (no improvement): 3
2022-03-27 00:47:41,934 ----------------------------------------------------------------------------------------------------
2022-03-27 00:47:43,985 epoch 41 - iter 10/107 - loss 0.03516932 - samples/sec: 156.15 - lr: 0.000781
2022-03-27 00:47:45,992 epoch 41 - iter 20/107 - loss 0.03999405 - samples/sec: 159.55 - lr: 0.000781
2022-03-27 00:47:48,035 epoch 41 - iter 30/107 - loss 0.03974950 - samples/sec: 156.71 - lr: 0.000781
2022-03-27 00:47:49,964 epoch 41 - iter 40/107 - loss 0.04300951 - samples/sec: 165.91 - lr: 0.000781
2022-03-27 00:47:51,981 epoch 41 - iter 50/107 - loss 0.04190721 - samples/sec: 158.77 - lr: 0.000781
2022-03-27 00:47:53,976 epoch 41 - iter 60/107 - loss 0.04030081 - samples/sec: 160.49 - lr: 0.000781
2022-03-27 00:47:55,941 epoch 41 - iter 70/107 - loss 0.03927718 - samples/sec: 162.93 - lr: 0.000781
2022-03-27 00:47:57,973 epoch 41 - iter 80/107 - loss 0.03915734 - samples/sec: 157.61 - lr: 0.000781
2022-03-27 00:48:00,040 epoch 41 - iter 90/107 - loss 0.03989365 - samples/sec: 154.85 - lr: 0.000781
2022-03-27 00:48:02,043 epoch 41 - iter 100/107 - loss 0.03982503 - samples/sec: 159.86 - lr: 0.000781
2022-03-27 00:48:03,241 ----------------------------------------------------------------------------------------------------
2022-03-27 00:48:03,241 EPOCH 41 done: loss 0.0396 - lr 0.000781
2022-03-27 00:48:09,550 Evaluating as a multi-label problem: False
2022-03-27 00:48:09,561 DEV : loss 0.205780029296875 - f1-score (micro avg)  0.5243
2022-03-27 00:48:09,648 Epoch    41: reducing learning rate of group 0 to 3.9063e-04.
2022-03-27 00:48:09,648 BAD EPOCHS (no improvement): 4
2022-03-27 00:48:09,690 ----------------------------------------------------------------------------------------------------
2022-03-27 00:48:11,757 epoch 42 - iter 10/107 - loss 0.03338384 - samples/sec: 154.94 - lr: 0.000391
2022-03-27 00:48:13,839 epoch 42 - iter 20/107 - loss 0.04077034 - samples/sec: 153.81 - lr: 0.000391
2022-03-27 00:48:15,954 epoch 42 - iter 30/107 - loss 0.04377206 - samples/sec: 151.36 - lr: 0.000391
2022-03-27 00:48:17,955 epoch 42 - iter 40/107 - loss 0.04284961 - samples/sec: 159.95 - lr: 0.000391
2022-03-27 00:48:19,786 epoch 42 - iter 50/107 - loss 0.04218932 - samples/sec: 174.86 - lr: 0.000391
2022-03-27 00:48:21,725 epoch 42 - iter 60/107 - loss 0.04136005 - samples/sec: 165.16 - lr: 0.000391
2022-03-27 00:48:23,742 epoch 42 - iter 70/107 - loss 0.04127956 - samples/sec: 158.68 - lr: 0.000391
2022-03-27 00:48:25,804 epoch 42 - iter 80/107 - loss 0.04202385 - samples/sec: 155.32 - lr: 0.000391
2022-03-27 00:48:27,799 epoch 42 - iter 90/107 - loss 0.04218114 - samples/sec: 160.44 - lr: 0.000391
2022-03-27 00:48:29,769 epoch 42 - iter 100/107 - loss 0.04219158 - samples/sec: 162.52 - lr: 0.000391
2022-03-27 00:48:30,984 ----------------------------------------------------------------------------------------------------
2022-03-27 00:48:30,984 EPOCH 42 done: loss 0.0421 - lr 0.000391
2022-03-27 00:48:37,354 Evaluating as a multi-label problem: False
2022-03-27 00:48:37,364 DEV : loss 0.20503930747509003 - f1-score (micro avg)  0.5262
2022-03-27 00:48:37,451 BAD EPOCHS (no improvement): 1
2022-03-27 00:48:37,453 ----------------------------------------------------------------------------------------------------
2022-03-27 00:48:39,492 epoch 43 - iter 10/107 - loss 0.03805208 - samples/sec: 157.04 - lr: 0.000391
2022-03-27 00:48:41,522 epoch 43 - iter 20/107 - loss 0.03876779 - samples/sec: 157.73 - lr: 0.000391
2022-03-27 00:48:43,530 epoch 43 - iter 30/107 - loss 0.04260951 - samples/sec: 159.48 - lr: 0.000391
2022-03-27 00:48:45,428 epoch 43 - iter 40/107 - loss 0.04133416 - samples/sec: 168.68 - lr: 0.000391
2022-03-27 00:48:47,435 epoch 43 - iter 50/107 - loss 0.03977633 - samples/sec: 159.52 - lr: 0.000391
2022-03-27 00:48:49,476 epoch 43 - iter 60/107 - loss 0.03984293 - samples/sec: 156.92 - lr: 0.000391
2022-03-27 00:48:51,526 epoch 43 - iter 70/107 - loss 0.03974771 - samples/sec: 156.14 - lr: 0.000391
2022-03-27 00:48:53,519 epoch 43 - iter 80/107 - loss 0.03973142 - samples/sec: 160.65 - lr: 0.000391
2022-03-27 00:48:55,609 epoch 43 - iter 90/107 - loss 0.03984719 - samples/sec: 153.20 - lr: 0.000391
2022-03-27 00:48:57,616 epoch 43 - iter 100/107 - loss 0.04026839 - samples/sec: 159.48 - lr: 0.000391
2022-03-27 00:48:58,852 ----------------------------------------------------------------------------------------------------
2022-03-27 00:48:58,852 EPOCH 43 done: loss 0.0408 - lr 0.000391
2022-03-27 00:49:05,263 Evaluating as a multi-label problem: False
2022-03-27 00:49:05,274 DEV : loss 0.20544300973415375 - f1-score (micro avg)  0.5254
2022-03-27 00:49:05,362 BAD EPOCHS (no improvement): 2
2022-03-27 00:49:05,365 ----------------------------------------------------------------------------------------------------
2022-03-27 00:49:07,499 epoch 44 - iter 10/107 - loss 0.04420517 - samples/sec: 150.03 - lr: 0.000391
2022-03-27 00:49:09,527 epoch 44 - iter 20/107 - loss 0.04428753 - samples/sec: 157.82 - lr: 0.000391
2022-03-27 00:49:11,537 epoch 44 - iter 30/107 - loss 0.04280334 - samples/sec: 159.31 - lr: 0.000391
2022-03-27 00:49:13,550 epoch 44 - iter 40/107 - loss 0.04135681 - samples/sec: 159.04 - lr: 0.000391
2022-03-27 00:49:15,568 epoch 44 - iter 50/107 - loss 0.04192131 - samples/sec: 158.68 - lr: 0.000391
2022-03-27 00:49:17,551 epoch 44 - iter 60/107 - loss 0.04102828 - samples/sec: 161.40 - lr: 0.000391
2022-03-27 00:49:19,528 epoch 44 - iter 70/107 - loss 0.04140009 - samples/sec: 162.01 - lr: 0.000391
2022-03-27 00:49:21,480 epoch 44 - iter 80/107 - loss 0.04061381 - samples/sec: 163.97 - lr: 0.000391
2022-03-27 00:49:23,521 epoch 44 - iter 90/107 - loss 0.04068689 - samples/sec: 156.90 - lr: 0.000391
2022-03-27 00:49:25,547 epoch 44 - iter 100/107 - loss 0.04060568 - samples/sec: 158.03 - lr: 0.000391
2022-03-27 00:49:26,777 ----------------------------------------------------------------------------------------------------
2022-03-27 00:49:26,777 EPOCH 44 done: loss 0.0404 - lr 0.000391
2022-03-27 00:49:33,197 Evaluating as a multi-label problem: False
2022-03-27 00:49:33,208 DEV : loss 0.20547088980674744 - f1-score (micro avg)  0.5254
2022-03-27 00:49:33,296 BAD EPOCHS (no improvement): 3
2022-03-27 00:49:33,305 ----------------------------------------------------------------------------------------------------
2022-03-27 00:49:35,376 epoch 45 - iter 10/107 - loss 0.04400285 - samples/sec: 154.64 - lr: 0.000391
2022-03-27 00:49:37,399 epoch 45 - iter 20/107 - loss 0.04154274 - samples/sec: 158.24 - lr: 0.000391
2022-03-27 00:49:39,486 epoch 45 - iter 30/107 - loss 0.04312632 - samples/sec: 153.44 - lr: 0.000391
2022-03-27 00:49:41,485 epoch 45 - iter 40/107 - loss 0.04109258 - samples/sec: 160.12 - lr: 0.000391
2022-03-27 00:49:43,508 epoch 45 - iter 50/107 - loss 0.04173307 - samples/sec: 158.28 - lr: 0.000391
2022-03-27 00:49:45,500 epoch 45 - iter 60/107 - loss 0.04099530 - samples/sec: 160.72 - lr: 0.000391
2022-03-27 00:49:47,415 epoch 45 - iter 70/107 - loss 0.04086041 - samples/sec: 167.14 - lr: 0.000391
2022-03-27 00:49:49,461 epoch 45 - iter 80/107 - loss 0.04072329 - samples/sec: 156.53 - lr: 0.000391
2022-03-27 00:49:51,429 epoch 45 - iter 90/107 - loss 0.04145375 - samples/sec: 162.67 - lr: 0.000391
2022-03-27 00:49:53,511 epoch 45 - iter 100/107 - loss 0.04140235 - samples/sec: 153.79 - lr: 0.000391
2022-03-27 00:49:54,758 ----------------------------------------------------------------------------------------------------
2022-03-27 00:49:54,758 EPOCH 45 done: loss 0.0417 - lr 0.000391
2022-03-27 00:50:02,475 Evaluating as a multi-label problem: False
2022-03-27 00:50:02,486 DEV : loss 0.2052634358406067 - f1-score (micro avg)  0.525
2022-03-27 00:50:02,573 Epoch    45: reducing learning rate of group 0 to 1.9531e-04.
2022-03-27 00:50:02,573 BAD EPOCHS (no improvement): 4
2022-03-27 00:50:02,575 ----------------------------------------------------------------------------------------------------
2022-03-27 00:50:04,640 epoch 46 - iter 10/107 - loss 0.04859217 - samples/sec: 155.07 - lr: 0.000195
2022-03-27 00:50:06,654 epoch 46 - iter 20/107 - loss 0.04457156 - samples/sec: 159.00 - lr: 0.000195
2022-03-27 00:50:08,691 epoch 46 - iter 30/107 - loss 0.04453409 - samples/sec: 157.17 - lr: 0.000195
2022-03-27 00:50:10,706 epoch 46 - iter 40/107 - loss 0.04405188 - samples/sec: 158.85 - lr: 0.000195
2022-03-27 00:50:12,716 epoch 46 - iter 50/107 - loss 0.04356787 - samples/sec: 159.31 - lr: 0.000195
2022-03-27 00:50:14,661 epoch 46 - iter 60/107 - loss 0.04235516 - samples/sec: 164.64 - lr: 0.000195
2022-03-27 00:50:16,645 epoch 46 - iter 70/107 - loss 0.04195821 - samples/sec: 161.39 - lr: 0.000195
2022-03-27 00:50:18,679 epoch 46 - iter 80/107 - loss 0.04124195 - samples/sec: 157.38 - lr: 0.000195
2022-03-27 00:50:20,684 epoch 46 - iter 90/107 - loss 0.04140208 - samples/sec: 159.69 - lr: 0.000195
2022-03-27 00:50:22,634 epoch 46 - iter 100/107 - loss 0.04077765 - samples/sec: 164.22 - lr: 0.000195
2022-03-27 00:50:23,859 ----------------------------------------------------------------------------------------------------
2022-03-27 00:50:23,859 EPOCH 46 done: loss 0.0414 - lr 0.000195
2022-03-27 00:50:30,208 Evaluating as a multi-label problem: False
2022-03-27 00:50:30,219 DEV : loss 0.20559045672416687 - f1-score (micro avg)  0.5254
2022-03-27 00:50:30,306 BAD EPOCHS (no improvement): 1
2022-03-27 00:50:30,315 ----------------------------------------------------------------------------------------------------
2022-03-27 00:50:32,406 epoch 47 - iter 10/107 - loss 0.03927260 - samples/sec: 153.14 - lr: 0.000195
2022-03-27 00:50:34,355 epoch 47 - iter 20/107 - loss 0.03875187 - samples/sec: 164.28 - lr: 0.000195
2022-03-27 00:50:36,429 epoch 47 - iter 30/107 - loss 0.03773862 - samples/sec: 154.35 - lr: 0.000195
2022-03-27 00:50:38,443 epoch 47 - iter 40/107 - loss 0.03917822 - samples/sec: 159.02 - lr: 0.000195
2022-03-27 00:50:40,515 epoch 47 - iter 50/107 - loss 0.03919693 - samples/sec: 154.50 - lr: 0.000195
2022-03-27 00:50:42,510 epoch 47 - iter 60/107 - loss 0.03926739 - samples/sec: 160.44 - lr: 0.000195
2022-03-27 00:50:44,485 epoch 47 - iter 70/107 - loss 0.03782146 - samples/sec: 162.10 - lr: 0.000195
2022-03-27 00:50:46,531 epoch 47 - iter 80/107 - loss 0.03832531 - samples/sec: 156.53 - lr: 0.000195
2022-03-27 00:50:48,639 epoch 47 - iter 90/107 - loss 0.03890413 - samples/sec: 151.83 - lr: 0.000195
2022-03-27 00:50:50,548 epoch 47 - iter 100/107 - loss 0.03945812 - samples/sec: 167.68 - lr: 0.000195
2022-03-27 00:50:51,778 ----------------------------------------------------------------------------------------------------
2022-03-27 00:50:51,778 EPOCH 47 done: loss 0.0399 - lr 0.000195
2022-03-27 00:50:58,188 Evaluating as a multi-label problem: False
2022-03-27 00:50:58,199 DEV : loss 0.20590534806251526 - f1-score (micro avg)  0.5243
2022-03-27 00:50:58,286 BAD EPOCHS (no improvement): 2
2022-03-27 00:50:58,288 ----------------------------------------------------------------------------------------------------
2022-03-27 00:51:00,291 epoch 48 - iter 10/107 - loss 0.04370858 - samples/sec: 159.84 - lr: 0.000195
2022-03-27 00:51:02,238 epoch 48 - iter 20/107 - loss 0.04084054 - samples/sec: 164.50 - lr: 0.000195
2022-03-27 00:51:04,244 epoch 48 - iter 30/107 - loss 0.04242306 - samples/sec: 159.58 - lr: 0.000195
2022-03-27 00:51:06,221 epoch 48 - iter 40/107 - loss 0.03964615 - samples/sec: 161.99 - lr: 0.000195
2022-03-27 00:51:08,294 epoch 48 - iter 50/107 - loss 0.03932874 - samples/sec: 154.46 - lr: 0.000195
2022-03-27 00:51:10,282 epoch 48 - iter 60/107 - loss 0.03861789 - samples/sec: 161.07 - lr: 0.000195
2022-03-27 00:51:12,199 epoch 48 - iter 70/107 - loss 0.04113059 - samples/sec: 166.95 - lr: 0.000195
2022-03-27 00:51:14,278 epoch 48 - iter 80/107 - loss 0.04125142 - samples/sec: 154.03 - lr: 0.000195
2022-03-27 00:51:16,261 epoch 48 - iter 90/107 - loss 0.04045625 - samples/sec: 161.43 - lr: 0.000195
2022-03-27 00:51:18,320 epoch 48 - iter 100/107 - loss 0.04047995 - samples/sec: 155.47 - lr: 0.000195
2022-03-27 00:51:19,577 ----------------------------------------------------------------------------------------------------
2022-03-27 00:51:19,577 EPOCH 48 done: loss 0.0401 - lr 0.000195
2022-03-27 00:51:25,532 Evaluating as a multi-label problem: False
2022-03-27 00:51:25,544 DEV : loss 0.20628629624843597 - f1-score (micro avg)  0.5243
2022-03-27 00:51:25,637 BAD EPOCHS (no improvement): 3
2022-03-27 00:51:25,640 ----------------------------------------------------------------------------------------------------
2022-03-27 00:51:27,517 epoch 49 - iter 10/107 - loss 0.03769811 - samples/sec: 170.53 - lr: 0.000195
2022-03-27 00:51:29,358 epoch 49 - iter 20/107 - loss 0.03716135 - samples/sec: 173.93 - lr: 0.000195
2022-03-27 00:51:31,205 epoch 49 - iter 30/107 - loss 0.03859744 - samples/sec: 173.38 - lr: 0.000195
2022-03-27 00:51:33,098 epoch 49 - iter 40/107 - loss 0.04126124 - samples/sec: 169.07 - lr: 0.000195
2022-03-27 00:51:34,991 epoch 49 - iter 50/107 - loss 0.04197176 - samples/sec: 169.15 - lr: 0.000195
2022-03-27 00:51:36,941 epoch 49 - iter 60/107 - loss 0.04220990 - samples/sec: 164.23 - lr: 0.000195
2022-03-27 00:51:38,928 epoch 49 - iter 70/107 - loss 0.04105901 - samples/sec: 161.08 - lr: 0.000195
2022-03-27 00:51:40,957 epoch 49 - iter 80/107 - loss 0.04147256 - samples/sec: 157.80 - lr: 0.000195
2022-03-27 00:51:43,006 epoch 49 - iter 90/107 - loss 0.04052995 - samples/sec: 156.24 - lr: 0.000195
2022-03-27 00:51:44,978 epoch 49 - iter 100/107 - loss 0.04099759 - samples/sec: 162.35 - lr: 0.000195
2022-03-27 00:51:46,202 ----------------------------------------------------------------------------------------------------
2022-03-27 00:51:46,202 EPOCH 49 done: loss 0.0405 - lr 0.000195
2022-03-27 00:51:52,616 Evaluating as a multi-label problem: False
2022-03-27 00:51:52,627 DEV : loss 0.20680640637874603 - f1-score (micro avg)  0.5243
2022-03-27 00:51:52,714 Epoch    49: reducing learning rate of group 0 to 9.7656e-05.
2022-03-27 00:51:52,714 BAD EPOCHS (no improvement): 4
2022-03-27 00:51:52,717 ----------------------------------------------------------------------------------------------------
2022-03-27 00:51:52,717 ----------------------------------------------------------------------------------------------------
2022-03-27 00:51:52,717 learning rate too small - quitting training!
2022-03-27 00:51:52,717 ----------------------------------------------------------------------------------------------------
2022-03-27 00:52:07,540 ----------------------------------------------------------------------------------------------------
2022-03-27 00:52:07,541 loading file resources/taggers/model_08_r5_run_2/best-model.pt
2022-03-27 00:52:16,511 SequenceTagger predicts: Dictionary with 27 tags: O, S-person, B-person, E-person, I-person, S-location, B-location, E-location, I-location, S-group, B-group, E-group, I-group, S-corporation, B-corporation, E-corporation, I-corporation, S-product, B-product, E-product, I-product, S-creative-work, B-creative-work, E-creative-work, I-creative-work, <START>, <STOP>
2022-03-27 00:52:33,591 Evaluating as a multi-label problem: False
2022-03-27 00:52:33,603 0.7071	0.3133	0.4342	0.2894
2022-03-27 00:52:33,603 
Results:
- F-score (micro) 0.4342
- F-score (macro) 0.3044
- Accuracy 0.2894

By class:
               precision    recall  f1-score   support

       person     0.7695    0.5058    0.6104       429
     location     0.6903    0.5200    0.5932       150
        group     0.6207    0.1091    0.1856       165
creative-work     0.6000    0.0423    0.0789       142
      product     0.4000    0.0472    0.0845       127
  corporation     0.4483    0.1970    0.2737        66

    micro avg     0.7071    0.3133    0.4342      1079
    macro avg     0.5881    0.2369    0.3044      1079
 weighted avg     0.6503    0.3133    0.3906      1079

2022-03-27 00:52:33,603 ----------------------------------------------------------------------------------------------------
