2022-04-28 19:06:06,908 ----------------------------------------------------------------------------------------------------
2022-04-28 19:06:06,908 Model: "SequenceTagger(
  (embeddings): StackedEmbeddings(
    (list_embedding_0): GazetteerEmbeddings()
    (list_embedding_1): FlairEmbeddings(
      (lm): LanguageModel(
        (drop): Dropout(p=0.05, inplace=False)
        (encoder): Embedding(300, 100)
        (rnn): LSTM(100, 2048)
        (decoder): Linear(in_features=2048, out_features=300, bias=True)
      )
    )
    (list_embedding_2): FlairEmbeddings(
      (lm): LanguageModel(
        (drop): Dropout(p=0.05, inplace=False)
        (encoder): Embedding(300, 100)
        (rnn): LSTM(100, 2048)
        (decoder): Linear(in_features=2048, out_features=300, bias=True)
      )
    )
  )
  (word_dropout): WordDropout(p=0.05)
  (locked_dropout): LockedDropout(p=0.5)
  (embedding2nn): Linear(in_features=4797, out_features=4797, bias=True)
  (rnn): LSTM(4797, 256, batch_first=True, bidirectional=True)
  (linear): Linear(in_features=512, out_features=27, bias=True)
  (loss_function): ViterbiLoss()
  (crf): CRF()
)"
2022-04-28 19:06:06,909 ----------------------------------------------------------------------------------------------------
2022-04-28 19:06:06,909 Corpus: "Corpus: 3394 train + 1009 dev + 1287 test sentences"
2022-04-28 19:06:06,909 ----------------------------------------------------------------------------------------------------
2022-04-28 19:06:06,911 Parameters:
2022-04-28 19:06:06,911  - learning_rate: "0.100000"
2022-04-28 19:06:06,911  - mini_batch_size: "32"
2022-04-28 19:06:06,911  - patience: "3"
2022-04-28 19:06:06,911  - anneal_factor: "0.5"
2022-04-28 19:06:06,911  - max_epochs: "150"
2022-04-28 19:06:06,911  - shuffle: "True"
2022-04-28 19:06:06,912  - train_with_dev: "False"
2022-04-28 19:06:06,912  - batch_growth_annealing: "False"
2022-04-28 19:06:06,912 ----------------------------------------------------------------------------------------------------
2022-04-28 19:06:06,912 Model training base path: "resources/taggers/model_05_r5_run_1"
2022-04-28 19:06:06,912 ----------------------------------------------------------------------------------------------------
2022-04-28 19:06:06,912 Device: cuda:0
2022-04-28 19:06:06,912 ----------------------------------------------------------------------------------------------------
2022-04-28 19:06:06,914 Embeddings storage mode: cpu
2022-04-28 19:06:06,914 ----------------------------------------------------------------------------------------------------
2022-04-28 19:06:11,004 epoch 1 - iter 10/107 - loss 1.65581349 - samples/sec: 78.26 - lr: 0.100000
2022-04-28 19:06:15,220 epoch 1 - iter 20/107 - loss 0.96896285 - samples/sec: 75.93 - lr: 0.100000
2022-04-28 19:06:19,473 epoch 1 - iter 30/107 - loss 0.73838344 - samples/sec: 75.25 - lr: 0.100000
2022-04-28 19:06:23,697 epoch 1 - iter 40/107 - loss 0.61814053 - samples/sec: 75.78 - lr: 0.100000
2022-04-28 19:06:27,637 epoch 1 - iter 50/107 - loss 0.53595373 - samples/sec: 81.24 - lr: 0.100000
2022-04-28 19:06:31,410 epoch 1 - iter 60/107 - loss 0.49584127 - samples/sec: 84.84 - lr: 0.100000
2022-04-28 19:06:35,153 epoch 1 - iter 70/107 - loss 0.46683537 - samples/sec: 85.53 - lr: 0.100000
2022-04-28 19:06:39,920 epoch 1 - iter 80/107 - loss 0.44673712 - samples/sec: 67.14 - lr: 0.100000
2022-04-28 19:06:44,458 epoch 1 - iter 90/107 - loss 0.43280872 - samples/sec: 70.53 - lr: 0.100000
2022-04-28 19:06:49,182 epoch 1 - iter 100/107 - loss 0.42007520 - samples/sec: 67.75 - lr: 0.100000
2022-04-28 19:06:51,884 ----------------------------------------------------------------------------------------------------
2022-04-28 19:06:51,884 EPOCH 1 done: loss 0.4101 - lr 0.100000
2022-04-28 19:07:09,788 Evaluating as a multi-label problem: False
2022-04-28 19:07:09,799 DEV : loss 0.4591783583164215 - f1-score (micro avg)  0.0555
2022-04-28 19:07:09,866 BAD EPOCHS (no improvement): 0
2022-04-28 19:07:09,869 saving best model
2022-04-28 19:07:27,546 ----------------------------------------------------------------------------------------------------
2022-04-28 19:07:33,451 epoch 2 - iter 10/107 - loss 0.21868227 - samples/sec: 54.21 - lr: 0.100000
2022-04-28 19:07:39,356 epoch 2 - iter 20/107 - loss 0.21985031 - samples/sec: 54.20 - lr: 0.100000
2022-04-28 19:07:45,239 epoch 2 - iter 30/107 - loss 0.20768308 - samples/sec: 54.40 - lr: 0.100000
2022-04-28 19:07:50,634 epoch 2 - iter 40/107 - loss 0.21516692 - samples/sec: 59.33 - lr: 0.100000
2022-04-28 19:07:53,706 epoch 2 - iter 50/107 - loss 0.21141151 - samples/sec: 104.19 - lr: 0.100000
2022-04-28 19:07:56,316 epoch 2 - iter 60/107 - loss 0.20772836 - samples/sec: 122.68 - lr: 0.100000
2022-04-28 19:07:58,245 epoch 2 - iter 70/107 - loss 0.20455254 - samples/sec: 166.00 - lr: 0.100000
2022-04-28 19:08:00,412 epoch 2 - iter 80/107 - loss 0.20486247 - samples/sec: 147.75 - lr: 0.100000
2022-04-28 19:08:02,631 epoch 2 - iter 90/107 - loss 0.20491741 - samples/sec: 144.32 - lr: 0.100000
2022-04-28 19:08:04,813 epoch 2 - iter 100/107 - loss 0.20203605 - samples/sec: 146.67 - lr: 0.100000
2022-04-28 19:08:06,197 ----------------------------------------------------------------------------------------------------
2022-04-28 19:08:06,197 EPOCH 2 done: loss 0.1995 - lr 0.100000
2022-04-28 19:08:13,124 Evaluating as a multi-label problem: False
2022-04-28 19:08:13,135 DEV : loss 0.31677618622779846 - f1-score (micro avg)  0.3931
2022-04-28 19:08:13,202 BAD EPOCHS (no improvement): 0
2022-04-28 19:08:13,213 saving best model
2022-04-28 19:08:32,269 ----------------------------------------------------------------------------------------------------
2022-04-28 19:08:35,627 epoch 3 - iter 10/107 - loss 0.16024950 - samples/sec: 95.35 - lr: 0.100000
2022-04-28 19:08:39,018 epoch 3 - iter 20/107 - loss 0.16855972 - samples/sec: 94.39 - lr: 0.100000
2022-04-28 19:08:42,150 epoch 3 - iter 30/107 - loss 0.16878949 - samples/sec: 102.21 - lr: 0.100000
2022-04-28 19:08:46,332 epoch 3 - iter 40/107 - loss 0.16577791 - samples/sec: 76.52 - lr: 0.100000
2022-04-28 19:08:51,036 epoch 3 - iter 50/107 - loss 0.16507700 - samples/sec: 68.05 - lr: 0.100000
2022-04-28 19:08:55,604 epoch 3 - iter 60/107 - loss 0.16768309 - samples/sec: 70.07 - lr: 0.100000
2022-04-28 19:09:00,532 epoch 3 - iter 70/107 - loss 0.16484548 - samples/sec: 64.95 - lr: 0.100000
2022-04-28 19:09:05,104 epoch 3 - iter 80/107 - loss 0.16680542 - samples/sec: 70.01 - lr: 0.100000
2022-04-28 19:09:09,193 epoch 3 - iter 90/107 - loss 0.16497072 - samples/sec: 78.27 - lr: 0.100000
2022-04-28 19:09:13,653 epoch 3 - iter 100/107 - loss 0.16469664 - samples/sec: 71.76 - lr: 0.100000
2022-04-28 19:09:15,916 ----------------------------------------------------------------------------------------------------
2022-04-28 19:09:15,917 EPOCH 3 done: loss 0.1645 - lr 0.100000
2022-04-28 19:09:26,491 Evaluating as a multi-label problem: False
2022-04-28 19:09:26,501 DEV : loss 0.3445304036140442 - f1-score (micro avg)  0.2201
2022-04-28 19:09:26,568 BAD EPOCHS (no improvement): 1
2022-04-28 19:09:26,620 ----------------------------------------------------------------------------------------------------
2022-04-28 19:09:29,413 epoch 4 - iter 10/107 - loss 0.12766157 - samples/sec: 114.62 - lr: 0.100000
2022-04-28 19:09:31,961 epoch 4 - iter 20/107 - loss 0.13564457 - samples/sec: 125.66 - lr: 0.100000
2022-04-28 19:09:34,703 epoch 4 - iter 30/107 - loss 0.13747673 - samples/sec: 116.75 - lr: 0.100000
2022-04-28 19:09:37,478 epoch 4 - iter 40/107 - loss 0.14283107 - samples/sec: 115.36 - lr: 0.100000
2022-04-28 19:09:40,047 epoch 4 - iter 50/107 - loss 0.14377333 - samples/sec: 124.60 - lr: 0.100000
2022-04-28 19:09:42,255 epoch 4 - iter 60/107 - loss 0.15038750 - samples/sec: 144.99 - lr: 0.100000
2022-04-28 19:09:44,390 epoch 4 - iter 70/107 - loss 0.14984146 - samples/sec: 149.98 - lr: 0.100000
2022-04-28 19:09:46,662 epoch 4 - iter 80/107 - loss 0.14956621 - samples/sec: 140.86 - lr: 0.100000
2022-04-28 19:09:49,013 epoch 4 - iter 90/107 - loss 0.14716488 - samples/sec: 136.19 - lr: 0.100000
2022-04-28 19:09:51,328 epoch 4 - iter 100/107 - loss 0.14498650 - samples/sec: 138.28 - lr: 0.100000
2022-04-28 19:09:52,770 ----------------------------------------------------------------------------------------------------
2022-04-28 19:09:52,770 EPOCH 4 done: loss 0.1455 - lr 0.100000
2022-04-28 19:10:02,338 Evaluating as a multi-label problem: False
2022-04-28 19:10:02,349 DEV : loss 0.26481199264526367 - f1-score (micro avg)  0.3802
2022-04-28 19:10:02,416 BAD EPOCHS (no improvement): 2
2022-04-28 19:10:02,419 ----------------------------------------------------------------------------------------------------
2022-04-28 19:10:05,745 epoch 5 - iter 10/107 - loss 0.12907260 - samples/sec: 96.24 - lr: 0.100000
2022-04-28 19:10:09,130 epoch 5 - iter 20/107 - loss 0.14025921 - samples/sec: 94.56 - lr: 0.100000
2022-04-28 19:10:12,394 epoch 5 - iter 30/107 - loss 0.13489236 - samples/sec: 98.08 - lr: 0.100000
2022-04-28 19:10:15,557 epoch 5 - iter 40/107 - loss 0.13862635 - samples/sec: 101.19 - lr: 0.100000
2022-04-28 19:10:18,740 epoch 5 - iter 50/107 - loss 0.13337670 - samples/sec: 100.60 - lr: 0.100000
2022-04-28 19:10:21,865 epoch 5 - iter 60/107 - loss 0.13652010 - samples/sec: 102.41 - lr: 0.100000
2022-04-28 19:10:24,517 epoch 5 - iter 70/107 - loss 0.13742236 - samples/sec: 120.73 - lr: 0.100000
2022-04-28 19:10:27,097 epoch 5 - iter 80/107 - loss 0.13532364 - samples/sec: 124.10 - lr: 0.100000
2022-04-28 19:10:30,324 epoch 5 - iter 90/107 - loss 0.13255557 - samples/sec: 99.17 - lr: 0.100000
2022-04-28 19:10:33,558 epoch 5 - iter 100/107 - loss 0.13356849 - samples/sec: 98.98 - lr: 0.100000
2022-04-28 19:10:36,296 ----------------------------------------------------------------------------------------------------
2022-04-28 19:10:36,297 EPOCH 5 done: loss 0.1331 - lr 0.100000
2022-04-28 19:10:49,812 Evaluating as a multi-label problem: False
2022-04-28 19:10:49,825 DEV : loss 0.2140578329563141 - f1-score (micro avg)  0.4949
2022-04-28 19:10:49,892 BAD EPOCHS (no improvement): 0
2022-04-28 19:10:49,910 saving best model
2022-04-28 19:11:09,605 ----------------------------------------------------------------------------------------------------
2022-04-28 19:11:12,496 epoch 6 - iter 10/107 - loss 0.14875983 - samples/sec: 110.77 - lr: 0.100000
2022-04-28 19:11:15,321 epoch 6 - iter 20/107 - loss 0.13497739 - samples/sec: 113.33 - lr: 0.100000
2022-04-28 19:11:17,996 epoch 6 - iter 30/107 - loss 0.12868486 - samples/sec: 119.66 - lr: 0.100000
2022-04-28 19:11:20,434 epoch 6 - iter 40/107 - loss 0.12623337 - samples/sec: 131.29 - lr: 0.100000
2022-04-28 19:11:23,250 epoch 6 - iter 50/107 - loss 0.12053322 - samples/sec: 113.68 - lr: 0.100000
2022-04-28 19:11:25,795 epoch 6 - iter 60/107 - loss 0.11985105 - samples/sec: 125.80 - lr: 0.100000
2022-04-28 19:11:27,853 epoch 6 - iter 70/107 - loss 0.12209495 - samples/sec: 155.55 - lr: 0.100000
2022-04-28 19:11:30,118 epoch 6 - iter 80/107 - loss 0.12201752 - samples/sec: 141.34 - lr: 0.100000
2022-04-28 19:11:32,316 epoch 6 - iter 90/107 - loss 0.12252964 - samples/sec: 145.67 - lr: 0.100000
2022-04-28 19:11:34,606 epoch 6 - iter 100/107 - loss 0.12144840 - samples/sec: 139.82 - lr: 0.100000
2022-04-28 19:11:36,004 ----------------------------------------------------------------------------------------------------
2022-04-28 19:11:36,004 EPOCH 6 done: loss 0.1209 - lr 0.100000
2022-04-28 19:11:43,025 Evaluating as a multi-label problem: False
2022-04-28 19:11:43,035 DEV : loss 0.265758752822876 - f1-score (micro avg)  0.3993
2022-04-28 19:11:43,105 BAD EPOCHS (no improvement): 1
2022-04-28 19:11:43,107 ----------------------------------------------------------------------------------------------------
2022-04-28 19:11:46,391 epoch 7 - iter 10/107 - loss 0.12680290 - samples/sec: 97.49 - lr: 0.100000
2022-04-28 19:11:49,737 epoch 7 - iter 20/107 - loss 0.11913022 - samples/sec: 95.69 - lr: 0.100000
2022-04-28 19:11:52,996 epoch 7 - iter 30/107 - loss 0.11389882 - samples/sec: 98.21 - lr: 0.100000
2022-04-28 19:11:56,259 epoch 7 - iter 40/107 - loss 0.10785088 - samples/sec: 98.11 - lr: 0.100000
2022-04-28 19:11:59,490 epoch 7 - iter 50/107 - loss 0.10920638 - samples/sec: 99.05 - lr: 0.100000
2022-04-28 19:12:02,796 epoch 7 - iter 60/107 - loss 0.10773032 - samples/sec: 96.83 - lr: 0.100000
2022-04-28 19:12:05,909 epoch 7 - iter 70/107 - loss 0.10998666 - samples/sec: 102.84 - lr: 0.100000
2022-04-28 19:12:09,339 epoch 7 - iter 80/107 - loss 0.10741215 - samples/sec: 93.30 - lr: 0.100000
2022-04-28 19:12:11,890 epoch 7 - iter 90/107 - loss 0.11057613 - samples/sec: 125.52 - lr: 0.100000
2022-04-28 19:12:14,584 epoch 7 - iter 100/107 - loss 0.11081957 - samples/sec: 118.81 - lr: 0.100000
2022-04-28 19:12:16,225 ----------------------------------------------------------------------------------------------------
2022-04-28 19:12:16,225 EPOCH 7 done: loss 0.1137 - lr 0.100000
2022-04-28 19:12:28,820 Evaluating as a multi-label problem: False
2022-04-28 19:12:28,831 DEV : loss 0.21009385585784912 - f1-score (micro avg)  0.4476
2022-04-28 19:12:28,898 BAD EPOCHS (no improvement): 2
2022-04-28 19:12:28,901 ----------------------------------------------------------------------------------------------------
2022-04-28 19:12:33,515 epoch 8 - iter 10/107 - loss 0.10979468 - samples/sec: 69.36 - lr: 0.100000
2022-04-28 19:12:38,288 epoch 8 - iter 20/107 - loss 0.10669328 - samples/sec: 67.06 - lr: 0.100000
2022-04-28 19:12:43,045 epoch 8 - iter 30/107 - loss 0.09943433 - samples/sec: 67.29 - lr: 0.100000
2022-04-28 19:12:47,712 epoch 8 - iter 40/107 - loss 0.10327187 - samples/sec: 68.59 - lr: 0.100000
2022-04-28 19:12:52,689 epoch 8 - iter 50/107 - loss 0.10234632 - samples/sec: 64.31 - lr: 0.100000
2022-04-28 19:12:57,349 epoch 8 - iter 60/107 - loss 0.10147113 - samples/sec: 68.69 - lr: 0.100000
2022-04-28 19:13:01,384 epoch 8 - iter 70/107 - loss 0.10141445 - samples/sec: 79.33 - lr: 0.100000
2022-04-28 19:13:05,396 epoch 8 - iter 80/107 - loss 0.10462771 - samples/sec: 79.77 - lr: 0.100000
2022-04-28 19:13:09,842 epoch 8 - iter 90/107 - loss 0.10511835 - samples/sec: 71.99 - lr: 0.100000
2022-04-28 19:13:14,609 epoch 8 - iter 100/107 - loss 0.10462916 - samples/sec: 67.14 - lr: 0.100000
2022-04-28 19:13:17,323 ----------------------------------------------------------------------------------------------------
2022-04-28 19:13:17,323 EPOCH 8 done: loss 0.1056 - lr 0.100000
2022-04-28 19:13:30,355 Evaluating as a multi-label problem: False
2022-04-28 19:13:30,367 DEV : loss 0.20629939436912537 - f1-score (micro avg)  0.4613
2022-04-28 19:13:30,437 BAD EPOCHS (no improvement): 3
2022-04-28 19:13:30,878 ----------------------------------------------------------------------------------------------------
2022-04-28 19:13:34,172 epoch 9 - iter 10/107 - loss 0.09584415 - samples/sec: 97.19 - lr: 0.100000
2022-04-28 19:13:37,483 epoch 9 - iter 20/107 - loss 0.09619999 - samples/sec: 96.67 - lr: 0.100000
2022-04-28 19:13:40,618 epoch 9 - iter 30/107 - loss 0.10051412 - samples/sec: 102.12 - lr: 0.100000
2022-04-28 19:13:43,250 epoch 9 - iter 40/107 - loss 0.10426574 - samples/sec: 121.65 - lr: 0.100000
2022-04-28 19:13:46,370 epoch 9 - iter 50/107 - loss 0.10217196 - samples/sec: 102.58 - lr: 0.100000
2022-04-28 19:13:48,798 epoch 9 - iter 60/107 - loss 0.09954397 - samples/sec: 131.86 - lr: 0.100000
2022-04-28 19:13:50,954 epoch 9 - iter 70/107 - loss 0.09740507 - samples/sec: 148.47 - lr: 0.100000
2022-04-28 19:13:53,120 epoch 9 - iter 80/107 - loss 0.09777813 - samples/sec: 147.83 - lr: 0.100000
2022-04-28 19:13:55,452 epoch 9 - iter 90/107 - loss 0.09800490 - samples/sec: 137.27 - lr: 0.100000
2022-04-28 19:13:57,677 epoch 9 - iter 100/107 - loss 0.09665163 - samples/sec: 143.92 - lr: 0.100000
2022-04-28 19:13:59,104 ----------------------------------------------------------------------------------------------------
2022-04-28 19:13:59,105 EPOCH 9 done: loss 0.0981 - lr 0.100000
2022-04-28 19:14:06,094 Evaluating as a multi-label problem: False
2022-04-28 19:14:06,104 DEV : loss 0.20393304526805878 - f1-score (micro avg)  0.4871
2022-04-28 19:14:06,172 Epoch     9: reducing learning rate of group 0 to 5.0000e-02.
2022-04-28 19:14:06,172 BAD EPOCHS (no improvement): 4
2022-04-28 19:14:06,175 ----------------------------------------------------------------------------------------------------
2022-04-28 19:14:08,543 epoch 10 - iter 10/107 - loss 0.09758078 - samples/sec: 135.26 - lr: 0.050000
2022-04-28 19:14:10,859 epoch 10 - iter 20/107 - loss 0.08638227 - samples/sec: 138.21 - lr: 0.050000
2022-04-28 19:14:12,969 epoch 10 - iter 30/107 - loss 0.08436235 - samples/sec: 151.78 - lr: 0.050000
2022-04-28 19:14:15,129 epoch 10 - iter 40/107 - loss 0.08777791 - samples/sec: 148.21 - lr: 0.050000
2022-04-28 19:14:17,408 epoch 10 - iter 50/107 - loss 0.08782168 - samples/sec: 140.51 - lr: 0.050000
2022-04-28 19:14:19,645 epoch 10 - iter 60/107 - loss 0.08881291 - samples/sec: 143.06 - lr: 0.050000
2022-04-28 19:14:22,455 epoch 10 - iter 70/107 - loss 0.08881967 - samples/sec: 113.92 - lr: 0.050000
2022-04-28 19:14:25,080 epoch 10 - iter 80/107 - loss 0.09028276 - samples/sec: 121.96 - lr: 0.050000
2022-04-28 19:14:28,391 epoch 10 - iter 90/107 - loss 0.09053478 - samples/sec: 96.68 - lr: 0.050000
2022-04-28 19:14:33,088 epoch 10 - iter 100/107 - loss 0.09002031 - samples/sec: 68.14 - lr: 0.050000
2022-04-28 19:14:36,235 ----------------------------------------------------------------------------------------------------
2022-04-28 19:14:36,235 EPOCH 10 done: loss 0.0899 - lr 0.050000
2022-04-28 19:14:49,710 Evaluating as a multi-label problem: False
2022-04-28 19:14:49,722 DEV : loss 0.18097032606601715 - f1-score (micro avg)  0.5137
2022-04-28 19:14:49,790 BAD EPOCHS (no improvement): 0
2022-04-28 19:14:49,803 saving best model
2022-04-28 19:15:10,140 ----------------------------------------------------------------------------------------------------
2022-04-28 19:15:14,445 epoch 11 - iter 10/107 - loss 0.08726308 - samples/sec: 74.38 - lr: 0.050000
2022-04-28 19:15:18,846 epoch 11 - iter 20/107 - loss 0.08063681 - samples/sec: 72.72 - lr: 0.050000
2022-04-28 19:15:23,058 epoch 11 - iter 30/107 - loss 0.08053265 - samples/sec: 76.00 - lr: 0.050000
2022-04-28 19:15:27,626 epoch 11 - iter 40/107 - loss 0.07966732 - samples/sec: 70.07 - lr: 0.050000
2022-04-28 19:15:32,435 epoch 11 - iter 50/107 - loss 0.08033786 - samples/sec: 66.56 - lr: 0.050000
2022-04-28 19:15:37,445 epoch 11 - iter 60/107 - loss 0.08090299 - samples/sec: 63.88 - lr: 0.050000
2022-04-28 19:15:42,057 epoch 11 - iter 70/107 - loss 0.08141702 - samples/sec: 69.40 - lr: 0.050000
2022-04-28 19:15:46,660 epoch 11 - iter 80/107 - loss 0.08179847 - samples/sec: 69.54 - lr: 0.050000
2022-04-28 19:15:50,759 epoch 11 - iter 90/107 - loss 0.08199680 - samples/sec: 78.10 - lr: 0.050000
2022-04-28 19:15:54,714 epoch 11 - iter 100/107 - loss 0.08274050 - samples/sec: 80.93 - lr: 0.050000
2022-04-28 19:15:56,881 ----------------------------------------------------------------------------------------------------
2022-04-28 19:15:56,881 EPOCH 11 done: loss 0.0832 - lr 0.050000
2022-04-28 19:16:07,093 Evaluating as a multi-label problem: False
2022-04-28 19:16:07,104 DEV : loss 0.18918830156326294 - f1-score (micro avg)  0.5224
2022-04-28 19:16:07,172 BAD EPOCHS (no improvement): 0
2022-04-28 19:16:07,175 saving best model
2022-04-28 19:16:27,209 ----------------------------------------------------------------------------------------------------
2022-04-28 19:16:30,266 epoch 12 - iter 10/107 - loss 0.07944500 - samples/sec: 104.75 - lr: 0.050000
2022-04-28 19:16:32,997 epoch 12 - iter 20/107 - loss 0.07668923 - samples/sec: 117.21 - lr: 0.050000
2022-04-28 19:16:37,522 epoch 12 - iter 30/107 - loss 0.07966588 - samples/sec: 70.73 - lr: 0.050000
2022-04-28 19:16:42,332 epoch 12 - iter 40/107 - loss 0.07672808 - samples/sec: 66.55 - lr: 0.050000
2022-04-28 19:16:46,784 epoch 12 - iter 50/107 - loss 0.08039335 - samples/sec: 71.89 - lr: 0.050000
2022-04-28 19:16:51,411 epoch 12 - iter 60/107 - loss 0.08135036 - samples/sec: 69.18 - lr: 0.050000
2022-04-28 19:16:56,411 epoch 12 - iter 70/107 - loss 0.07940891 - samples/sec: 64.01 - lr: 0.050000
2022-04-28 19:17:01,171 epoch 12 - iter 80/107 - loss 0.07929192 - samples/sec: 67.24 - lr: 0.050000
2022-04-28 19:17:05,499 epoch 12 - iter 90/107 - loss 0.07905625 - samples/sec: 73.96 - lr: 0.050000
2022-04-28 19:17:09,879 epoch 12 - iter 100/107 - loss 0.07992368 - samples/sec: 73.06 - lr: 0.050000
2022-04-28 19:17:12,608 ----------------------------------------------------------------------------------------------------
2022-04-28 19:17:12,608 EPOCH 12 done: loss 0.0801 - lr 0.050000
2022-04-28 19:17:22,343 Evaluating as a multi-label problem: False
2022-04-28 19:17:22,355 DEV : loss 0.2048526555299759 - f1-score (micro avg)  0.4765
2022-04-28 19:17:22,425 BAD EPOCHS (no improvement): 1
2022-04-28 19:17:22,428 ----------------------------------------------------------------------------------------------------
2022-04-28 19:17:25,539 epoch 13 - iter 10/107 - loss 0.06925300 - samples/sec: 102.91 - lr: 0.050000
2022-04-28 19:17:28,837 epoch 13 - iter 20/107 - loss 0.07661186 - samples/sec: 97.06 - lr: 0.050000
2022-04-28 19:17:32,242 epoch 13 - iter 30/107 - loss 0.07477665 - samples/sec: 94.01 - lr: 0.050000
2022-04-28 19:17:35,650 epoch 13 - iter 40/107 - loss 0.07619351 - samples/sec: 93.91 - lr: 0.050000
2022-04-28 19:17:38,859 epoch 13 - iter 50/107 - loss 0.07486629 - samples/sec: 99.77 - lr: 0.050000
2022-04-28 19:17:42,021 epoch 13 - iter 60/107 - loss 0.07412941 - samples/sec: 101.24 - lr: 0.050000
2022-04-28 19:17:45,274 epoch 13 - iter 70/107 - loss 0.07535303 - samples/sec: 98.40 - lr: 0.050000
2022-04-28 19:17:48,397 epoch 13 - iter 80/107 - loss 0.07633859 - samples/sec: 102.49 - lr: 0.050000
2022-04-28 19:17:51,173 epoch 13 - iter 90/107 - loss 0.07734103 - samples/sec: 115.33 - lr: 0.050000
2022-04-28 19:17:53,644 epoch 13 - iter 100/107 - loss 0.07742263 - samples/sec: 129.52 - lr: 0.050000
2022-04-28 19:17:55,298 ----------------------------------------------------------------------------------------------------
2022-04-28 19:17:55,298 EPOCH 13 done: loss 0.0782 - lr 0.050000
2022-04-28 19:18:04,869 Evaluating as a multi-label problem: False
2022-04-28 19:18:04,880 DEV : loss 0.19266952574253082 - f1-score (micro avg)  0.4903
2022-04-28 19:18:04,948 BAD EPOCHS (no improvement): 2
2022-04-28 19:18:04,968 ----------------------------------------------------------------------------------------------------
2022-04-28 19:18:08,170 epoch 14 - iter 10/107 - loss 0.06144250 - samples/sec: 99.99 - lr: 0.050000
2022-04-28 19:18:11,385 epoch 14 - iter 20/107 - loss 0.07608572 - samples/sec: 99.58 - lr: 0.050000
2022-04-28 19:18:16,086 epoch 14 - iter 30/107 - loss 0.07893415 - samples/sec: 68.09 - lr: 0.050000
2022-04-28 19:18:21,036 epoch 14 - iter 40/107 - loss 0.07865571 - samples/sec: 64.65 - lr: 0.050000
2022-04-28 19:18:25,872 epoch 14 - iter 50/107 - loss 0.07780746 - samples/sec: 66.19 - lr: 0.050000
2022-04-28 19:18:30,384 epoch 14 - iter 60/107 - loss 0.07761560 - samples/sec: 70.94 - lr: 0.050000
2022-04-28 19:18:34,903 epoch 14 - iter 70/107 - loss 0.07704132 - samples/sec: 70.83 - lr: 0.050000
2022-04-28 19:18:39,099 epoch 14 - iter 80/107 - loss 0.07554748 - samples/sec: 76.27 - lr: 0.050000
2022-04-28 19:18:43,631 epoch 14 - iter 90/107 - loss 0.07352277 - samples/sec: 70.64 - lr: 0.050000
2022-04-28 19:18:48,360 epoch 14 - iter 100/107 - loss 0.07421263 - samples/sec: 67.67 - lr: 0.050000
2022-04-28 19:18:51,284 ----------------------------------------------------------------------------------------------------
2022-04-28 19:18:51,284 EPOCH 14 done: loss 0.0735 - lr 0.050000
2022-04-28 19:19:04,894 Evaluating as a multi-label problem: False
2022-04-28 19:19:04,905 DEV : loss 0.1954478919506073 - f1-score (micro avg)  0.498
2022-04-28 19:19:04,974 BAD EPOCHS (no improvement): 3
2022-04-28 19:19:04,989 ----------------------------------------------------------------------------------------------------
2022-04-28 19:19:09,354 epoch 15 - iter 10/107 - loss 0.05724123 - samples/sec: 73.34 - lr: 0.050000
2022-04-28 19:19:14,015 epoch 15 - iter 20/107 - loss 0.06804256 - samples/sec: 68.67 - lr: 0.050000
2022-04-28 19:19:18,667 epoch 15 - iter 30/107 - loss 0.06945505 - samples/sec: 68.80 - lr: 0.050000
2022-04-28 19:19:22,403 epoch 15 - iter 40/107 - loss 0.06989749 - samples/sec: 85.67 - lr: 0.050000
2022-04-28 19:19:24,938 epoch 15 - iter 50/107 - loss 0.06751655 - samples/sec: 126.32 - lr: 0.050000
2022-04-28 19:19:27,485 epoch 15 - iter 60/107 - loss 0.06914709 - samples/sec: 125.68 - lr: 0.050000
2022-04-28 19:19:30,692 epoch 15 - iter 70/107 - loss 0.06923670 - samples/sec: 99.80 - lr: 0.050000
2022-04-28 19:19:34,024 epoch 15 - iter 80/107 - loss 0.06858511 - samples/sec: 96.06 - lr: 0.050000
2022-04-28 19:19:37,251 epoch 15 - iter 90/107 - loss 0.06737147 - samples/sec: 99.20 - lr: 0.050000
2022-04-28 19:19:40,618 epoch 15 - iter 100/107 - loss 0.06950032 - samples/sec: 95.08 - lr: 0.050000
2022-04-28 19:19:42,557 ----------------------------------------------------------------------------------------------------
2022-04-28 19:19:42,557 EPOCH 15 done: loss 0.0694 - lr 0.050000
2022-04-28 19:19:52,167 Evaluating as a multi-label problem: False
2022-04-28 19:19:52,178 DEV : loss 0.17139354348182678 - f1-score (micro avg)  0.5267
2022-04-28 19:19:52,247 BAD EPOCHS (no improvement): 0
2022-04-28 19:19:52,249 saving best model
2022-04-28 19:20:12,816 ----------------------------------------------------------------------------------------------------
2022-04-28 19:20:17,327 epoch 16 - iter 10/107 - loss 0.07865154 - samples/sec: 70.96 - lr: 0.050000
2022-04-28 19:20:21,748 epoch 16 - iter 20/107 - loss 0.06997415 - samples/sec: 72.40 - lr: 0.050000
2022-04-28 19:20:25,930 epoch 16 - iter 30/107 - loss 0.07199541 - samples/sec: 76.53 - lr: 0.050000
2022-04-28 19:20:30,409 epoch 16 - iter 40/107 - loss 0.07148393 - samples/sec: 71.47 - lr: 0.050000
2022-04-28 19:20:33,742 epoch 16 - iter 50/107 - loss 0.07021885 - samples/sec: 96.03 - lr: 0.050000
2022-04-28 19:20:36,580 epoch 16 - iter 60/107 - loss 0.06897019 - samples/sec: 112.79 - lr: 0.050000
2022-04-28 19:20:39,348 epoch 16 - iter 70/107 - loss 0.06934550 - samples/sec: 115.66 - lr: 0.050000
2022-04-28 19:20:42,130 epoch 16 - iter 80/107 - loss 0.06988797 - samples/sec: 115.08 - lr: 0.050000
2022-04-28 19:20:44,945 epoch 16 - iter 90/107 - loss 0.07080756 - samples/sec: 113.70 - lr: 0.050000
2022-04-28 19:20:47,712 epoch 16 - iter 100/107 - loss 0.06966109 - samples/sec: 115.70 - lr: 0.050000
2022-04-28 19:20:49,470 ----------------------------------------------------------------------------------------------------
2022-04-28 19:20:49,470 EPOCH 16 done: loss 0.0694 - lr 0.050000
2022-04-28 19:20:57,796 Evaluating as a multi-label problem: False
2022-04-28 19:20:57,807 DEV : loss 0.2223513275384903 - f1-score (micro avg)  0.4683
2022-04-28 19:20:57,876 BAD EPOCHS (no improvement): 1
2022-04-28 19:20:57,893 ----------------------------------------------------------------------------------------------------
2022-04-28 19:21:00,554 epoch 17 - iter 10/107 - loss 0.06355389 - samples/sec: 120.32 - lr: 0.050000
2022-04-28 19:21:03,112 epoch 17 - iter 20/107 - loss 0.07432575 - samples/sec: 125.13 - lr: 0.050000
2022-04-28 19:21:05,598 epoch 17 - iter 30/107 - loss 0.07419648 - samples/sec: 128.79 - lr: 0.050000
2022-04-28 19:21:08,189 epoch 17 - iter 40/107 - loss 0.07339756 - samples/sec: 123.54 - lr: 0.050000
2022-04-28 19:21:12,145 epoch 17 - iter 50/107 - loss 0.07005611 - samples/sec: 80.91 - lr: 0.050000
2022-04-28 19:21:16,883 epoch 17 - iter 60/107 - loss 0.06989076 - samples/sec: 67.54 - lr: 0.050000
2022-04-28 19:21:21,611 epoch 17 - iter 70/107 - loss 0.06867102 - samples/sec: 67.71 - lr: 0.050000
2022-04-28 19:21:26,357 epoch 17 - iter 80/107 - loss 0.06900560 - samples/sec: 67.43 - lr: 0.050000
2022-04-28 19:21:30,934 epoch 17 - iter 90/107 - loss 0.06847723 - samples/sec: 69.94 - lr: 0.050000
2022-04-28 19:21:35,811 epoch 17 - iter 100/107 - loss 0.06774338 - samples/sec: 65.62 - lr: 0.050000
2022-04-28 19:21:38,785 ----------------------------------------------------------------------------------------------------
2022-04-28 19:21:38,785 EPOCH 17 done: loss 0.0678 - lr 0.050000
2022-04-28 19:21:52,129 Evaluating as a multi-label problem: False
2022-04-28 19:21:52,140 DEV : loss 0.20483922958374023 - f1-score (micro avg)  0.4907
2022-04-28 19:21:52,211 BAD EPOCHS (no improvement): 2
2022-04-28 19:21:52,214 ----------------------------------------------------------------------------------------------------
2022-04-28 19:21:56,256 epoch 18 - iter 10/107 - loss 0.05880955 - samples/sec: 79.20 - lr: 0.050000
2022-04-28 19:22:00,420 epoch 18 - iter 20/107 - loss 0.06469000 - samples/sec: 76.86 - lr: 0.050000
2022-04-28 19:22:04,829 epoch 18 - iter 30/107 - loss 0.06632935 - samples/sec: 72.59 - lr: 0.050000
2022-04-28 19:22:09,170 epoch 18 - iter 40/107 - loss 0.06652950 - samples/sec: 73.74 - lr: 0.050000
2022-04-28 19:22:13,858 epoch 18 - iter 50/107 - loss 0.06610685 - samples/sec: 68.27 - lr: 0.050000
2022-04-28 19:22:18,523 epoch 18 - iter 60/107 - loss 0.06600637 - samples/sec: 68.62 - lr: 0.050000
2022-04-28 19:22:23,029 epoch 18 - iter 70/107 - loss 0.06550116 - samples/sec: 71.03 - lr: 0.050000
2022-04-28 19:22:27,851 epoch 18 - iter 80/107 - loss 0.06481708 - samples/sec: 66.37 - lr: 0.050000
2022-04-28 19:22:32,884 epoch 18 - iter 90/107 - loss 0.06419695 - samples/sec: 63.60 - lr: 0.050000
2022-04-28 19:22:37,547 epoch 18 - iter 100/107 - loss 0.06410689 - samples/sec: 68.63 - lr: 0.050000
2022-04-28 19:22:40,591 ----------------------------------------------------------------------------------------------------
2022-04-28 19:22:40,591 EPOCH 18 done: loss 0.0645 - lr 0.050000
2022-04-28 19:22:51,710 Evaluating as a multi-label problem: False
2022-04-28 19:22:51,722 DEV : loss 0.20118500292301178 - f1-score (micro avg)  0.4909
2022-04-28 19:22:51,801 BAD EPOCHS (no improvement): 3
2022-04-28 19:22:51,804 ----------------------------------------------------------------------------------------------------
2022-04-28 19:22:56,207 epoch 19 - iter 10/107 - loss 0.05273506 - samples/sec: 72.72 - lr: 0.050000
2022-04-28 19:23:01,075 epoch 19 - iter 20/107 - loss 0.05299377 - samples/sec: 65.76 - lr: 0.050000
2022-04-28 19:23:05,756 epoch 19 - iter 30/107 - loss 0.05576509 - samples/sec: 68.39 - lr: 0.050000
2022-04-28 19:23:10,528 epoch 19 - iter 40/107 - loss 0.05704762 - samples/sec: 67.07 - lr: 0.050000
2022-04-28 19:23:15,350 epoch 19 - iter 50/107 - loss 0.05512004 - samples/sec: 66.38 - lr: 0.050000
2022-04-28 19:23:19,995 epoch 19 - iter 60/107 - loss 0.05680817 - samples/sec: 68.92 - lr: 0.050000
2022-04-28 19:23:24,677 epoch 19 - iter 70/107 - loss 0.05972524 - samples/sec: 68.36 - lr: 0.050000
2022-04-28 19:23:29,093 epoch 19 - iter 80/107 - loss 0.06044031 - samples/sec: 72.47 - lr: 0.050000
2022-04-28 19:23:32,447 epoch 19 - iter 90/107 - loss 0.06088666 - samples/sec: 95.44 - lr: 0.050000
2022-04-28 19:23:35,240 epoch 19 - iter 100/107 - loss 0.06318669 - samples/sec: 114.63 - lr: 0.050000
2022-04-28 19:23:36,763 ----------------------------------------------------------------------------------------------------
2022-04-28 19:23:36,763 EPOCH 19 done: loss 0.0621 - lr 0.050000
2022-04-28 19:23:48,114 Evaluating as a multi-label problem: False
2022-04-28 19:23:48,125 DEV : loss 0.18866659700870514 - f1-score (micro avg)  0.5288
2022-04-28 19:23:48,194 BAD EPOCHS (no improvement): 0
2022-04-28 19:23:48,197 saving best model
2022-04-28 19:24:06,845 ----------------------------------------------------------------------------------------------------
2022-04-28 19:24:10,044 epoch 20 - iter 10/107 - loss 0.05399082 - samples/sec: 100.11 - lr: 0.050000
2022-04-28 19:24:13,325 epoch 20 - iter 20/107 - loss 0.05588527 - samples/sec: 97.55 - lr: 0.050000
2022-04-28 19:24:16,605 epoch 20 - iter 30/107 - loss 0.05841826 - samples/sec: 97.59 - lr: 0.050000
2022-04-28 19:24:19,874 epoch 20 - iter 40/107 - loss 0.05785070 - samples/sec: 97.93 - lr: 0.050000
2022-04-28 19:24:24,564 epoch 20 - iter 50/107 - loss 0.05957053 - samples/sec: 68.24 - lr: 0.050000
2022-04-28 19:24:29,365 epoch 20 - iter 60/107 - loss 0.05756587 - samples/sec: 66.67 - lr: 0.050000
2022-04-28 19:24:33,851 epoch 20 - iter 70/107 - loss 0.05743201 - samples/sec: 71.35 - lr: 0.050000
2022-04-28 19:24:38,618 epoch 20 - iter 80/107 - loss 0.05698625 - samples/sec: 67.14 - lr: 0.050000
2022-04-28 19:24:43,153 epoch 20 - iter 90/107 - loss 0.05767426 - samples/sec: 70.58 - lr: 0.050000
2022-04-28 19:24:47,146 epoch 20 - iter 100/107 - loss 0.05932578 - samples/sec: 80.15 - lr: 0.050000
2022-04-28 19:24:49,519 ----------------------------------------------------------------------------------------------------
2022-04-28 19:24:49,519 EPOCH 20 done: loss 0.0592 - lr 0.050000
2022-04-28 19:25:03,489 Evaluating as a multi-label problem: False
2022-04-28 19:25:03,501 DEV : loss 0.18035264313220978 - f1-score (micro avg)  0.532
2022-04-28 19:25:03,571 BAD EPOCHS (no improvement): 0
2022-04-28 19:25:03,574 saving best model
2022-04-28 19:25:22,481 ----------------------------------------------------------------------------------------------------
2022-04-28 19:25:26,899 epoch 21 - iter 10/107 - loss 0.06737933 - samples/sec: 72.47 - lr: 0.050000
2022-04-28 19:25:31,573 epoch 21 - iter 20/107 - loss 0.06015813 - samples/sec: 68.47 - lr: 0.050000
2022-04-28 19:25:36,393 epoch 21 - iter 30/107 - loss 0.05742815 - samples/sec: 66.42 - lr: 0.050000
2022-04-28 19:25:41,111 epoch 21 - iter 40/107 - loss 0.05907956 - samples/sec: 67.84 - lr: 0.050000
2022-04-28 19:25:46,170 epoch 21 - iter 50/107 - loss 0.05909360 - samples/sec: 63.26 - lr: 0.050000
2022-04-28 19:25:51,207 epoch 21 - iter 60/107 - loss 0.05794497 - samples/sec: 63.54 - lr: 0.050000
2022-04-28 19:25:55,814 epoch 21 - iter 70/107 - loss 0.05866317 - samples/sec: 69.49 - lr: 0.050000
2022-04-28 19:26:00,588 epoch 21 - iter 80/107 - loss 0.05856078 - samples/sec: 67.04 - lr: 0.050000
2022-04-28 19:26:05,169 epoch 21 - iter 90/107 - loss 0.05768112 - samples/sec: 69.87 - lr: 0.050000
2022-04-28 19:26:09,515 epoch 21 - iter 100/107 - loss 0.05785665 - samples/sec: 73.64 - lr: 0.050000
2022-04-28 19:26:11,948 ----------------------------------------------------------------------------------------------------
2022-04-28 19:26:11,948 EPOCH 21 done: loss 0.0578 - lr 0.050000
2022-04-28 19:26:24,598 Evaluating as a multi-label problem: False
2022-04-28 19:26:24,609 DEV : loss 0.20238558948040009 - f1-score (micro avg)  0.5141
2022-04-28 19:26:24,680 BAD EPOCHS (no improvement): 1
2022-04-28 19:26:24,682 ----------------------------------------------------------------------------------------------------
2022-04-28 19:26:29,071 epoch 22 - iter 10/107 - loss 0.04316679 - samples/sec: 72.93 - lr: 0.050000
2022-04-28 19:26:33,509 epoch 22 - iter 20/107 - loss 0.04868144 - samples/sec: 72.12 - lr: 0.050000
2022-04-28 19:26:37,225 epoch 22 - iter 30/107 - loss 0.04990754 - samples/sec: 86.16 - lr: 0.050000
2022-04-28 19:26:40,506 epoch 22 - iter 40/107 - loss 0.05271085 - samples/sec: 97.55 - lr: 0.050000
2022-04-28 19:26:43,842 epoch 22 - iter 50/107 - loss 0.05314633 - samples/sec: 95.97 - lr: 0.050000
2022-04-28 19:26:47,157 epoch 22 - iter 60/107 - loss 0.05338580 - samples/sec: 96.56 - lr: 0.050000
2022-04-28 19:26:50,413 epoch 22 - iter 70/107 - loss 0.05341537 - samples/sec: 98.31 - lr: 0.050000
2022-04-28 19:26:52,942 epoch 22 - iter 80/107 - loss 0.05536166 - samples/sec: 126.56 - lr: 0.050000
2022-04-28 19:26:55,438 epoch 22 - iter 90/107 - loss 0.05670549 - samples/sec: 128.26 - lr: 0.050000
2022-04-28 19:26:58,201 epoch 22 - iter 100/107 - loss 0.05666679 - samples/sec: 115.86 - lr: 0.050000
2022-04-28 19:27:00,206 ----------------------------------------------------------------------------------------------------
2022-04-28 19:27:00,206 EPOCH 22 done: loss 0.0569 - lr 0.050000
2022-04-28 19:27:10,057 Evaluating as a multi-label problem: False
2022-04-28 19:27:10,068 DEV : loss 0.19955885410308838 - f1-score (micro avg)  0.4782
2022-04-28 19:27:10,137 BAD EPOCHS (no improvement): 2
2022-04-28 19:27:10,141 ----------------------------------------------------------------------------------------------------
2022-04-28 19:27:13,420 epoch 23 - iter 10/107 - loss 0.05456104 - samples/sec: 97.62 - lr: 0.050000
2022-04-28 19:27:16,574 epoch 23 - iter 20/107 - loss 0.05430139 - samples/sec: 101.51 - lr: 0.050000
2022-04-28 19:27:19,862 epoch 23 - iter 30/107 - loss 0.05349426 - samples/sec: 97.35 - lr: 0.050000
2022-04-28 19:27:23,091 epoch 23 - iter 40/107 - loss 0.05367428 - samples/sec: 99.13 - lr: 0.050000
2022-04-28 19:27:25,809 epoch 23 - iter 50/107 - loss 0.05591213 - samples/sec: 117.77 - lr: 0.050000
2022-04-28 19:27:29,928 epoch 23 - iter 60/107 - loss 0.05604317 - samples/sec: 77.72 - lr: 0.050000
2022-04-28 19:27:34,427 epoch 23 - iter 70/107 - loss 0.05564895 - samples/sec: 71.14 - lr: 0.050000
2022-04-28 19:27:39,035 epoch 23 - iter 80/107 - loss 0.05640931 - samples/sec: 69.46 - lr: 0.050000
2022-04-28 19:27:44,036 epoch 23 - iter 90/107 - loss 0.05705303 - samples/sec: 64.01 - lr: 0.050000
2022-04-28 19:27:48,925 epoch 23 - iter 100/107 - loss 0.05640992 - samples/sec: 65.47 - lr: 0.050000
2022-04-28 19:27:51,686 ----------------------------------------------------------------------------------------------------
2022-04-28 19:27:51,686 EPOCH 23 done: loss 0.0560 - lr 0.050000
2022-04-28 19:28:05,357 Evaluating as a multi-label problem: False
2022-04-28 19:28:05,368 DEV : loss 0.21130035817623138 - f1-score (micro avg)  0.5143
2022-04-28 19:28:05,440 BAD EPOCHS (no improvement): 3
2022-04-28 19:28:05,443 ----------------------------------------------------------------------------------------------------
2022-04-28 19:28:10,000 epoch 24 - iter 10/107 - loss 0.04620161 - samples/sec: 70.25 - lr: 0.050000
2022-04-28 19:28:14,401 epoch 24 - iter 20/107 - loss 0.05126913 - samples/sec: 72.72 - lr: 0.050000
2022-04-28 19:28:18,735 epoch 24 - iter 30/107 - loss 0.05004259 - samples/sec: 73.86 - lr: 0.050000
2022-04-28 19:28:22,485 epoch 24 - iter 40/107 - loss 0.05478907 - samples/sec: 85.35 - lr: 0.050000
2022-04-28 19:28:26,689 epoch 24 - iter 50/107 - loss 0.05446876 - samples/sec: 76.13 - lr: 0.050000
2022-04-28 19:28:31,177 epoch 24 - iter 60/107 - loss 0.05465090 - samples/sec: 71.33 - lr: 0.050000
2022-04-28 19:28:35,611 epoch 24 - iter 70/107 - loss 0.05331586 - samples/sec: 72.18 - lr: 0.050000
2022-04-28 19:28:40,146 epoch 24 - iter 80/107 - loss 0.05267621 - samples/sec: 70.58 - lr: 0.050000
2022-04-28 19:28:44,892 epoch 24 - iter 90/107 - loss 0.05335112 - samples/sec: 67.44 - lr: 0.050000
2022-04-28 19:28:49,502 epoch 24 - iter 100/107 - loss 0.05404116 - samples/sec: 69.43 - lr: 0.050000
2022-04-28 19:28:52,126 ----------------------------------------------------------------------------------------------------
2022-04-28 19:28:52,126 EPOCH 24 done: loss 0.0536 - lr 0.050000
2022-04-28 19:29:05,500 Evaluating as a multi-label problem: False
2022-04-28 19:29:05,512 DEV : loss 0.19839663803577423 - f1-score (micro avg)  0.5199
2022-04-28 19:29:05,587 Epoch    24: reducing learning rate of group 0 to 2.5000e-02.
2022-04-28 19:29:05,587 BAD EPOCHS (no improvement): 4
2022-04-28 19:29:05,589 ----------------------------------------------------------------------------------------------------
2022-04-28 19:29:09,692 epoch 25 - iter 10/107 - loss 0.05065528 - samples/sec: 78.02 - lr: 0.025000
2022-04-28 19:29:13,834 epoch 25 - iter 20/107 - loss 0.05370763 - samples/sec: 77.29 - lr: 0.025000
2022-04-28 19:29:18,512 epoch 25 - iter 30/107 - loss 0.05302112 - samples/sec: 68.43 - lr: 0.025000
2022-04-28 19:29:23,511 epoch 25 - iter 40/107 - loss 0.05161150 - samples/sec: 64.03 - lr: 0.025000
2022-04-28 19:29:28,253 epoch 25 - iter 50/107 - loss 0.05070489 - samples/sec: 67.49 - lr: 0.025000
2022-04-28 19:29:33,033 epoch 25 - iter 60/107 - loss 0.05027106 - samples/sec: 66.96 - lr: 0.025000
2022-04-28 19:29:37,553 epoch 25 - iter 70/107 - loss 0.04958633 - samples/sec: 70.82 - lr: 0.025000
2022-04-28 19:29:41,884 epoch 25 - iter 80/107 - loss 0.05009203 - samples/sec: 73.91 - lr: 0.025000
2022-04-28 19:29:46,702 epoch 25 - iter 90/107 - loss 0.05059945 - samples/sec: 66.42 - lr: 0.025000
2022-04-28 19:29:50,527 epoch 25 - iter 100/107 - loss 0.05013985 - samples/sec: 83.69 - lr: 0.025000
2022-04-28 19:29:52,504 ----------------------------------------------------------------------------------------------------
2022-04-28 19:29:52,504 EPOCH 25 done: loss 0.0499 - lr 0.025000
2022-04-28 19:30:01,292 Evaluating as a multi-label problem: False
2022-04-28 19:30:01,303 DEV : loss 0.20615927875041962 - f1-score (micro avg)  0.5223
2022-04-28 19:30:01,373 BAD EPOCHS (no improvement): 1
2022-04-28 19:30:01,375 ----------------------------------------------------------------------------------------------------
2022-04-28 19:30:04,724 epoch 26 - iter 10/107 - loss 0.05064309 - samples/sec: 95.58 - lr: 0.025000
2022-04-28 19:30:07,910 epoch 26 - iter 20/107 - loss 0.04506795 - samples/sec: 100.47 - lr: 0.025000
2022-04-28 19:30:11,381 epoch 26 - iter 30/107 - loss 0.04565158 - samples/sec: 92.24 - lr: 0.025000
2022-04-28 19:30:14,668 epoch 26 - iter 40/107 - loss 0.04521802 - samples/sec: 97.37 - lr: 0.025000
2022-04-28 19:30:17,872 epoch 26 - iter 50/107 - loss 0.04447920 - samples/sec: 99.94 - lr: 0.025000
2022-04-28 19:30:21,218 epoch 26 - iter 60/107 - loss 0.04565987 - samples/sec: 95.65 - lr: 0.025000
2022-04-28 19:30:24,623 epoch 26 - iter 70/107 - loss 0.04852598 - samples/sec: 94.00 - lr: 0.025000
2022-04-28 19:30:27,415 epoch 26 - iter 80/107 - loss 0.04839926 - samples/sec: 114.66 - lr: 0.025000
2022-04-28 19:30:29,886 epoch 26 - iter 90/107 - loss 0.04826574 - samples/sec: 129.59 - lr: 0.025000
2022-04-28 19:30:32,487 epoch 26 - iter 100/107 - loss 0.04871449 - samples/sec: 123.08 - lr: 0.025000
2022-04-28 19:30:34,364 ----------------------------------------------------------------------------------------------------
2022-04-28 19:30:34,364 EPOCH 26 done: loss 0.0482 - lr 0.025000
2022-04-28 19:30:44,641 Evaluating as a multi-label problem: False
2022-04-28 19:30:44,652 DEV : loss 0.2034890204668045 - f1-score (micro avg)  0.5204
2022-04-28 19:30:44,723 BAD EPOCHS (no improvement): 2
2022-04-28 19:30:44,725 ----------------------------------------------------------------------------------------------------
2022-04-28 19:30:49,392 epoch 27 - iter 10/107 - loss 0.04200822 - samples/sec: 68.58 - lr: 0.025000
2022-04-28 19:30:54,254 epoch 27 - iter 20/107 - loss 0.04730814 - samples/sec: 65.84 - lr: 0.025000
2022-04-28 19:30:58,919 epoch 27 - iter 30/107 - loss 0.04958956 - samples/sec: 68.61 - lr: 0.025000
2022-04-28 19:31:03,906 epoch 27 - iter 40/107 - loss 0.04845747 - samples/sec: 64.19 - lr: 0.025000
2022-04-28 19:31:08,428 epoch 27 - iter 50/107 - loss 0.04653525 - samples/sec: 70.78 - lr: 0.025000
2022-04-28 19:31:12,637 epoch 27 - iter 60/107 - loss 0.04720414 - samples/sec: 76.04 - lr: 0.025000
2022-04-28 19:31:18,345 epoch 27 - iter 70/107 - loss 0.04771700 - samples/sec: 56.06 - lr: 0.025000
2022-04-28 19:31:23,521 epoch 27 - iter 80/107 - loss 0.04756473 - samples/sec: 61.83 - lr: 0.025000
2022-04-28 19:31:28,147 epoch 27 - iter 90/107 - loss 0.04816496 - samples/sec: 69.20 - lr: 0.025000
2022-04-28 19:31:32,848 epoch 27 - iter 100/107 - loss 0.04764807 - samples/sec: 68.08 - lr: 0.025000
2022-04-28 19:31:35,906 ----------------------------------------------------------------------------------------------------
2022-04-28 19:31:35,906 EPOCH 27 done: loss 0.0476 - lr 0.025000
2022-04-28 19:31:49,133 Evaluating as a multi-label problem: False
2022-04-28 19:31:49,146 DEV : loss 0.21401414275169373 - f1-score (micro avg)  0.4984
2022-04-28 19:31:49,217 BAD EPOCHS (no improvement): 3
2022-04-28 19:31:49,220 ----------------------------------------------------------------------------------------------------
2022-04-28 19:31:53,435 epoch 28 - iter 10/107 - loss 0.04792808 - samples/sec: 75.94 - lr: 0.025000
2022-04-28 19:31:58,180 epoch 28 - iter 20/107 - loss 0.04343880 - samples/sec: 67.45 - lr: 0.025000
2022-04-28 19:32:02,333 epoch 28 - iter 30/107 - loss 0.04490653 - samples/sec: 77.08 - lr: 0.025000
2022-04-28 19:32:06,546 epoch 28 - iter 40/107 - loss 0.04529825 - samples/sec: 75.97 - lr: 0.025000
2022-04-28 19:32:11,055 epoch 28 - iter 50/107 - loss 0.04834764 - samples/sec: 70.98 - lr: 0.025000
2022-04-28 19:32:15,876 epoch 28 - iter 60/107 - loss 0.05037698 - samples/sec: 66.39 - lr: 0.025000
2022-04-28 19:32:20,665 epoch 28 - iter 70/107 - loss 0.04940166 - samples/sec: 66.84 - lr: 0.025000
2022-04-28 19:32:25,212 epoch 28 - iter 80/107 - loss 0.04825939 - samples/sec: 70.39 - lr: 0.025000
2022-04-28 19:32:30,049 epoch 28 - iter 90/107 - loss 0.04711744 - samples/sec: 66.18 - lr: 0.025000
2022-04-28 19:32:34,823 epoch 28 - iter 100/107 - loss 0.04614701 - samples/sec: 67.04 - lr: 0.025000
2022-04-28 19:32:37,622 ----------------------------------------------------------------------------------------------------
2022-04-28 19:32:37,622 EPOCH 28 done: loss 0.0455 - lr 0.025000
2022-04-28 19:32:51,199 Evaluating as a multi-label problem: False
2022-04-28 19:32:51,210 DEV : loss 0.22451584041118622 - f1-score (micro avg)  0.506
2022-04-28 19:32:51,279 Epoch    28: reducing learning rate of group 0 to 1.2500e-02.
2022-04-28 19:32:51,279 BAD EPOCHS (no improvement): 4
2022-04-28 19:32:51,281 ----------------------------------------------------------------------------------------------------
2022-04-28 19:32:55,059 epoch 29 - iter 10/107 - loss 0.05096954 - samples/sec: 84.73 - lr: 0.012500
2022-04-28 19:32:58,557 epoch 29 - iter 20/107 - loss 0.04895611 - samples/sec: 91.52 - lr: 0.012500
2022-04-28 19:33:03,288 epoch 29 - iter 30/107 - loss 0.04762583 - samples/sec: 67.66 - lr: 0.012500
2022-04-28 19:33:07,782 epoch 29 - iter 40/107 - loss 0.04546390 - samples/sec: 71.22 - lr: 0.012500
2022-04-28 19:33:10,984 epoch 29 - iter 50/107 - loss 0.04752665 - samples/sec: 99.97 - lr: 0.012500
2022-04-28 19:33:14,040 epoch 29 - iter 60/107 - loss 0.04586316 - samples/sec: 104.74 - lr: 0.012500
2022-04-28 19:33:17,287 epoch 29 - iter 70/107 - loss 0.04570685 - samples/sec: 98.59 - lr: 0.012500
2022-04-28 19:33:20,652 epoch 29 - iter 80/107 - loss 0.04630472 - samples/sec: 95.13 - lr: 0.012500
2022-04-28 19:33:23,842 epoch 29 - iter 90/107 - loss 0.04643332 - samples/sec: 100.33 - lr: 0.012500
2022-04-28 19:33:27,041 epoch 29 - iter 100/107 - loss 0.04577136 - samples/sec: 100.06 - lr: 0.012500
2022-04-28 19:33:28,796 ----------------------------------------------------------------------------------------------------
2022-04-28 19:33:28,796 EPOCH 29 done: loss 0.0456 - lr 0.012500
2022-04-28 19:33:37,180 Evaluating as a multi-label problem: False
2022-04-28 19:33:37,192 DEV : loss 0.20288404822349548 - f1-score (micro avg)  0.5222
2022-04-28 19:33:37,262 BAD EPOCHS (no improvement): 1
2022-04-28 19:33:37,265 ----------------------------------------------------------------------------------------------------
2022-04-28 19:33:40,653 epoch 30 - iter 10/107 - loss 0.05238674 - samples/sec: 94.48 - lr: 0.012500
2022-04-28 19:33:44,031 epoch 30 - iter 20/107 - loss 0.04887290 - samples/sec: 94.77 - lr: 0.012500
2022-04-28 19:33:47,318 epoch 30 - iter 30/107 - loss 0.04580062 - samples/sec: 97.38 - lr: 0.012500
2022-04-28 19:33:50,577 epoch 30 - iter 40/107 - loss 0.04507886 - samples/sec: 98.25 - lr: 0.012500
2022-04-28 19:33:53,925 epoch 30 - iter 50/107 - loss 0.04472407 - samples/sec: 95.58 - lr: 0.012500
2022-04-28 19:33:57,262 epoch 30 - iter 60/107 - loss 0.04321785 - samples/sec: 95.95 - lr: 0.012500
2022-04-28 19:34:01,059 epoch 30 - iter 70/107 - loss 0.04350370 - samples/sec: 84.29 - lr: 0.012500
2022-04-28 19:34:05,022 epoch 30 - iter 80/107 - loss 0.04393800 - samples/sec: 80.77 - lr: 0.012500
2022-04-28 19:34:09,291 epoch 30 - iter 90/107 - loss 0.04388354 - samples/sec: 74.98 - lr: 0.012500
2022-04-28 19:34:13,277 epoch 30 - iter 100/107 - loss 0.04343884 - samples/sec: 80.29 - lr: 0.012500
2022-04-28 19:34:16,194 ----------------------------------------------------------------------------------------------------
2022-04-28 19:34:16,194 EPOCH 30 done: loss 0.0436 - lr 0.012500
2022-04-28 19:34:28,090 Evaluating as a multi-label problem: False
2022-04-28 19:34:28,103 DEV : loss 0.20324201881885529 - f1-score (micro avg)  0.5178
2022-04-28 19:34:28,172 BAD EPOCHS (no improvement): 2
2022-04-28 19:34:28,188 ----------------------------------------------------------------------------------------------------
2022-04-28 19:34:32,601 epoch 31 - iter 10/107 - loss 0.04230359 - samples/sec: 72.54 - lr: 0.012500
2022-04-28 19:34:37,404 epoch 31 - iter 20/107 - loss 0.03974898 - samples/sec: 66.65 - lr: 0.012500
2022-04-28 19:34:41,987 epoch 31 - iter 30/107 - loss 0.04023220 - samples/sec: 69.84 - lr: 0.012500
2022-04-28 19:34:47,035 epoch 31 - iter 40/107 - loss 0.04022204 - samples/sec: 63.40 - lr: 0.012500
2022-04-28 19:34:51,329 epoch 31 - iter 50/107 - loss 0.03984795 - samples/sec: 74.55 - lr: 0.012500
2022-04-28 19:34:55,516 epoch 31 - iter 60/107 - loss 0.04037966 - samples/sec: 76.43 - lr: 0.012500
2022-04-28 19:34:59,978 epoch 31 - iter 70/107 - loss 0.04083735 - samples/sec: 71.73 - lr: 0.012500
2022-04-28 19:35:04,364 epoch 31 - iter 80/107 - loss 0.04187619 - samples/sec: 72.98 - lr: 0.012500
2022-04-28 19:35:08,642 epoch 31 - iter 90/107 - loss 0.04086972 - samples/sec: 74.82 - lr: 0.012500
2022-04-28 19:35:12,916 epoch 31 - iter 100/107 - loss 0.04065701 - samples/sec: 74.88 - lr: 0.012500
2022-04-28 19:35:15,680 ----------------------------------------------------------------------------------------------------
2022-04-28 19:35:15,680 EPOCH 31 done: loss 0.0410 - lr 0.012500
2022-04-28 19:35:28,882 Evaluating as a multi-label problem: False
2022-04-28 19:35:28,893 DEV : loss 0.20819337666034698 - f1-score (micro avg)  0.5099
2022-04-28 19:35:28,963 BAD EPOCHS (no improvement): 3
2022-04-28 19:35:28,965 ----------------------------------------------------------------------------------------------------
2022-04-28 19:35:33,905 epoch 32 - iter 10/107 - loss 0.04815740 - samples/sec: 64.80 - lr: 0.012500
2022-04-28 19:35:38,961 epoch 32 - iter 20/107 - loss 0.04304866 - samples/sec: 63.30 - lr: 0.012500
2022-04-28 19:35:43,138 epoch 32 - iter 30/107 - loss 0.03847048 - samples/sec: 76.65 - lr: 0.012500
2022-04-28 19:35:47,758 epoch 32 - iter 40/107 - loss 0.03787413 - samples/sec: 69.27 - lr: 0.012500
2022-04-28 19:35:52,013 epoch 32 - iter 50/107 - loss 0.03886023 - samples/sec: 75.24 - lr: 0.012500
2022-04-28 19:35:56,624 epoch 32 - iter 60/107 - loss 0.03977021 - samples/sec: 69.41 - lr: 0.012500
2022-04-28 19:36:01,260 epoch 32 - iter 70/107 - loss 0.04039955 - samples/sec: 69.04 - lr: 0.012500
2022-04-28 19:36:06,228 epoch 32 - iter 80/107 - loss 0.04060070 - samples/sec: 64.42 - lr: 0.012500
2022-04-28 19:36:10,878 epoch 32 - iter 90/107 - loss 0.04067756 - samples/sec: 68.84 - lr: 0.012500
2022-04-28 19:36:15,600 epoch 32 - iter 100/107 - loss 0.04105321 - samples/sec: 67.77 - lr: 0.012500
2022-04-28 19:36:18,694 ----------------------------------------------------------------------------------------------------
2022-04-28 19:36:18,694 EPOCH 32 done: loss 0.0410 - lr 0.012500
2022-04-28 19:36:31,810 Evaluating as a multi-label problem: False
2022-04-28 19:36:31,821 DEV : loss 0.19821760058403015 - f1-score (micro avg)  0.5229
2022-04-28 19:36:31,894 Epoch    32: reducing learning rate of group 0 to 6.2500e-03.
2022-04-28 19:36:31,894 BAD EPOCHS (no improvement): 4
2022-04-28 19:36:31,896 ----------------------------------------------------------------------------------------------------
2022-04-28 19:36:36,018 epoch 33 - iter 10/107 - loss 0.03404260 - samples/sec: 77.66 - lr: 0.006250
2022-04-28 19:36:40,220 epoch 33 - iter 20/107 - loss 0.03851647 - samples/sec: 76.18 - lr: 0.006250
2022-04-28 19:36:45,314 epoch 33 - iter 30/107 - loss 0.04105455 - samples/sec: 62.83 - lr: 0.006250
2022-04-28 19:36:50,096 epoch 33 - iter 40/107 - loss 0.04256300 - samples/sec: 66.93 - lr: 0.006250
2022-04-28 19:36:55,025 epoch 33 - iter 50/107 - loss 0.04159047 - samples/sec: 64.94 - lr: 0.006250
2022-04-28 19:36:59,770 epoch 33 - iter 60/107 - loss 0.04147433 - samples/sec: 67.46 - lr: 0.006250
2022-04-28 19:37:04,478 epoch 33 - iter 70/107 - loss 0.04164417 - samples/sec: 67.98 - lr: 0.006250
2022-04-28 19:37:09,415 epoch 33 - iter 80/107 - loss 0.04144588 - samples/sec: 64.83 - lr: 0.006250
2022-04-28 19:37:13,857 epoch 33 - iter 90/107 - loss 0.04140301 - samples/sec: 72.05 - lr: 0.006250
2022-04-28 19:37:18,774 epoch 33 - iter 100/107 - loss 0.04088995 - samples/sec: 65.10 - lr: 0.006250
2022-04-28 19:37:21,648 ----------------------------------------------------------------------------------------------------
2022-04-28 19:37:21,648 EPOCH 33 done: loss 0.0403 - lr 0.006250
2022-04-28 19:37:32,500 Evaluating as a multi-label problem: False
2022-04-28 19:37:32,513 DEV : loss 0.20540651679039001 - f1-score (micro avg)  0.5167
2022-04-28 19:37:32,583 BAD EPOCHS (no improvement): 1
2022-04-28 19:37:32,586 ----------------------------------------------------------------------------------------------------
2022-04-28 19:37:37,108 epoch 34 - iter 10/107 - loss 0.04316223 - samples/sec: 70.78 - lr: 0.006250
2022-04-28 19:37:41,880 epoch 34 - iter 20/107 - loss 0.04309246 - samples/sec: 67.08 - lr: 0.006250
2022-04-28 19:37:46,476 epoch 34 - iter 30/107 - loss 0.03929994 - samples/sec: 69.63 - lr: 0.006250
2022-04-28 19:37:51,234 epoch 34 - iter 40/107 - loss 0.04131212 - samples/sec: 67.27 - lr: 0.006250
2022-04-28 19:37:56,000 epoch 34 - iter 50/107 - loss 0.03996606 - samples/sec: 67.15 - lr: 0.006250
2022-04-28 19:38:00,809 epoch 34 - iter 60/107 - loss 0.04032863 - samples/sec: 66.56 - lr: 0.006250
2022-04-28 19:38:05,563 epoch 34 - iter 70/107 - loss 0.04109226 - samples/sec: 67.33 - lr: 0.006250
2022-04-28 19:38:10,090 epoch 34 - iter 80/107 - loss 0.03984829 - samples/sec: 70.71 - lr: 0.006250
2022-04-28 19:38:14,530 epoch 34 - iter 90/107 - loss 0.03879019 - samples/sec: 72.08 - lr: 0.006250
2022-04-28 19:38:18,374 epoch 34 - iter 100/107 - loss 0.03908293 - samples/sec: 83.26 - lr: 0.006250
2022-04-28 19:38:20,730 ----------------------------------------------------------------------------------------------------
2022-04-28 19:38:20,731 EPOCH 34 done: loss 0.0391 - lr 0.006250
2022-04-28 19:38:35,329 Evaluating as a multi-label problem: False
2022-04-28 19:38:35,340 DEV : loss 0.20465463399887085 - f1-score (micro avg)  0.5094
2022-04-28 19:38:35,410 BAD EPOCHS (no improvement): 2
2022-04-28 19:38:35,413 ----------------------------------------------------------------------------------------------------
2022-04-28 19:38:40,104 epoch 35 - iter 10/107 - loss 0.03437297 - samples/sec: 68.23 - lr: 0.006250
2022-04-28 19:38:44,705 epoch 35 - iter 20/107 - loss 0.03746530 - samples/sec: 69.56 - lr: 0.006250
2022-04-28 19:38:49,259 epoch 35 - iter 30/107 - loss 0.03723438 - samples/sec: 70.29 - lr: 0.006250
2022-04-28 19:38:53,936 epoch 35 - iter 40/107 - loss 0.03677524 - samples/sec: 68.43 - lr: 0.006250
2022-04-28 19:38:58,138 epoch 35 - iter 50/107 - loss 0.03730788 - samples/sec: 76.18 - lr: 0.006250
2022-04-28 19:39:02,619 epoch 35 - iter 60/107 - loss 0.03708879 - samples/sec: 71.42 - lr: 0.006250
2022-04-28 19:39:06,733 epoch 35 - iter 70/107 - loss 0.03774270 - samples/sec: 77.81 - lr: 0.006250
2022-04-28 19:39:10,816 epoch 35 - iter 80/107 - loss 0.03767677 - samples/sec: 78.40 - lr: 0.006250
2022-04-28 19:39:15,306 epoch 35 - iter 90/107 - loss 0.03820697 - samples/sec: 71.29 - lr: 0.006250
2022-04-28 19:39:19,964 epoch 35 - iter 100/107 - loss 0.03833051 - samples/sec: 68.71 - lr: 0.006250
2022-04-28 19:39:22,988 ----------------------------------------------------------------------------------------------------
2022-04-28 19:39:22,988 EPOCH 35 done: loss 0.0389 - lr 0.006250
2022-04-28 19:39:37,272 Evaluating as a multi-label problem: False
2022-04-28 19:39:37,283 DEV : loss 0.21324844658374786 - f1-score (micro avg)  0.5075
2022-04-28 19:39:37,353 BAD EPOCHS (no improvement): 3
2022-04-28 19:39:37,363 ----------------------------------------------------------------------------------------------------
2022-04-28 19:39:42,275 epoch 36 - iter 10/107 - loss 0.03642507 - samples/sec: 65.17 - lr: 0.006250
2022-04-28 19:39:47,069 epoch 36 - iter 20/107 - loss 0.04264336 - samples/sec: 66.75 - lr: 0.006250
2022-04-28 19:39:51,694 epoch 36 - iter 30/107 - loss 0.04213386 - samples/sec: 69.21 - lr: 0.006250
2022-04-28 19:39:56,081 epoch 36 - iter 40/107 - loss 0.04120705 - samples/sec: 72.97 - lr: 0.006250
2022-04-28 19:39:59,738 epoch 36 - iter 50/107 - loss 0.04098410 - samples/sec: 87.53 - lr: 0.006250
2022-04-28 19:40:03,570 epoch 36 - iter 60/107 - loss 0.03997953 - samples/sec: 83.53 - lr: 0.006250
2022-04-28 19:40:07,959 epoch 36 - iter 70/107 - loss 0.03860051 - samples/sec: 72.93 - lr: 0.006250
2022-04-28 19:40:12,536 epoch 36 - iter 80/107 - loss 0.03841646 - samples/sec: 69.92 - lr: 0.006250
2022-04-28 19:40:17,274 epoch 36 - iter 90/107 - loss 0.03898716 - samples/sec: 67.56 - lr: 0.006250
2022-04-28 19:40:22,072 epoch 36 - iter 100/107 - loss 0.03942103 - samples/sec: 66.71 - lr: 0.006250
2022-04-28 19:40:24,900 ----------------------------------------------------------------------------------------------------
2022-04-28 19:40:24,900 EPOCH 36 done: loss 0.0393 - lr 0.006250
2022-04-28 19:40:38,700 Evaluating as a multi-label problem: False
2022-04-28 19:40:38,711 DEV : loss 0.20631666481494904 - f1-score (micro avg)  0.5148
2022-04-28 19:40:38,783 Epoch    36: reducing learning rate of group 0 to 3.1250e-03.
2022-04-28 19:40:38,783 BAD EPOCHS (no improvement): 4
2022-04-28 19:40:38,785 ----------------------------------------------------------------------------------------------------
2022-04-28 19:40:43,683 epoch 37 - iter 10/107 - loss 0.04137179 - samples/sec: 65.36 - lr: 0.003125
2022-04-28 19:40:47,775 epoch 37 - iter 20/107 - loss 0.03991367 - samples/sec: 78.21 - lr: 0.003125
2022-04-28 19:40:52,070 epoch 37 - iter 30/107 - loss 0.03885146 - samples/sec: 74.53 - lr: 0.003125
2022-04-28 19:40:55,905 epoch 37 - iter 40/107 - loss 0.04006607 - samples/sec: 83.48 - lr: 0.003125
2022-04-28 19:41:00,614 epoch 37 - iter 50/107 - loss 0.04246406 - samples/sec: 67.96 - lr: 0.003125
2022-04-28 19:41:05,192 epoch 37 - iter 60/107 - loss 0.04058248 - samples/sec: 69.93 - lr: 0.003125
2022-04-28 19:41:09,500 epoch 37 - iter 70/107 - loss 0.04100369 - samples/sec: 74.30 - lr: 0.003125
2022-04-28 19:41:14,008 epoch 37 - iter 80/107 - loss 0.04019220 - samples/sec: 70.99 - lr: 0.003125
2022-04-28 19:41:18,889 epoch 37 - iter 90/107 - loss 0.04047239 - samples/sec: 65.57 - lr: 0.003125
2022-04-28 19:41:23,564 epoch 37 - iter 100/107 - loss 0.03947135 - samples/sec: 68.47 - lr: 0.003125
2022-04-28 19:41:26,452 ----------------------------------------------------------------------------------------------------
2022-04-28 19:41:26,453 EPOCH 37 done: loss 0.0392 - lr 0.003125
2022-04-28 19:41:39,579 Evaluating as a multi-label problem: False
2022-04-28 19:41:39,592 DEV : loss 0.20736631751060486 - f1-score (micro avg)  0.5105
2022-04-28 19:41:39,665 BAD EPOCHS (no improvement): 1
2022-04-28 19:41:39,668 ----------------------------------------------------------------------------------------------------
2022-04-28 19:41:43,848 epoch 38 - iter 10/107 - loss 0.03820911 - samples/sec: 76.59 - lr: 0.003125
2022-04-28 19:41:48,652 epoch 38 - iter 20/107 - loss 0.03430804 - samples/sec: 66.63 - lr: 0.003125
2022-04-28 19:41:53,393 epoch 38 - iter 30/107 - loss 0.03485903 - samples/sec: 67.51 - lr: 0.003125
2022-04-28 19:41:57,846 epoch 38 - iter 40/107 - loss 0.03598954 - samples/sec: 71.88 - lr: 0.003125
2022-04-28 19:42:02,573 epoch 38 - iter 50/107 - loss 0.03685790 - samples/sec: 67.71 - lr: 0.003125
2022-04-28 19:42:07,172 epoch 38 - iter 60/107 - loss 0.03679677 - samples/sec: 69.60 - lr: 0.003125
2022-04-28 19:42:12,128 epoch 38 - iter 70/107 - loss 0.03640420 - samples/sec: 64.57 - lr: 0.003125
2022-04-28 19:42:17,017 epoch 38 - iter 80/107 - loss 0.03741753 - samples/sec: 65.47 - lr: 0.003125
2022-04-28 19:42:21,094 epoch 38 - iter 90/107 - loss 0.03809505 - samples/sec: 78.50 - lr: 0.003125
2022-04-28 19:42:25,934 epoch 38 - iter 100/107 - loss 0.03901975 - samples/sec: 66.13 - lr: 0.003125
2022-04-28 19:42:28,251 ----------------------------------------------------------------------------------------------------
2022-04-28 19:42:28,251 EPOCH 38 done: loss 0.0387 - lr 0.003125
2022-04-28 19:42:37,644 Evaluating as a multi-label problem: False
2022-04-28 19:42:37,656 DEV : loss 0.21200594305992126 - f1-score (micro avg)  0.5102
2022-04-28 19:42:37,726 BAD EPOCHS (no improvement): 2
2022-04-28 19:42:37,729 ----------------------------------------------------------------------------------------------------
2022-04-28 19:42:41,077 epoch 39 - iter 10/107 - loss 0.02935032 - samples/sec: 95.61 - lr: 0.003125
2022-04-28 19:42:44,296 epoch 39 - iter 20/107 - loss 0.03267546 - samples/sec: 99.45 - lr: 0.003125
2022-04-28 19:42:47,607 epoch 39 - iter 30/107 - loss 0.03560548 - samples/sec: 96.68 - lr: 0.003125
2022-04-28 19:42:50,846 epoch 39 - iter 40/107 - loss 0.03841318 - samples/sec: 98.82 - lr: 0.003125
2022-04-28 19:42:54,101 epoch 39 - iter 50/107 - loss 0.03956288 - samples/sec: 98.36 - lr: 0.003125
2022-04-28 19:42:57,419 epoch 39 - iter 60/107 - loss 0.03974246 - samples/sec: 96.46 - lr: 0.003125
2022-04-28 19:43:00,652 epoch 39 - iter 70/107 - loss 0.03906160 - samples/sec: 99.02 - lr: 0.003125
2022-04-28 19:43:03,468 epoch 39 - iter 80/107 - loss 0.03880444 - samples/sec: 113.66 - lr: 0.003125
2022-04-28 19:43:06,018 epoch 39 - iter 90/107 - loss 0.03860857 - samples/sec: 125.57 - lr: 0.003125
2022-04-28 19:43:08,798 epoch 39 - iter 100/107 - loss 0.03905835 - samples/sec: 115.15 - lr: 0.003125
2022-04-28 19:43:10,906 ----------------------------------------------------------------------------------------------------
2022-04-28 19:43:10,907 EPOCH 39 done: loss 0.0395 - lr 0.003125
2022-04-28 19:43:20,974 Evaluating as a multi-label problem: False
2022-04-28 19:43:20,985 DEV : loss 0.21002846956253052 - f1-score (micro avg)  0.5094
2022-04-28 19:43:21,055 BAD EPOCHS (no improvement): 3
2022-04-28 19:43:21,074 ----------------------------------------------------------------------------------------------------
2022-04-28 19:43:24,305 epoch 40 - iter 10/107 - loss 0.03609967 - samples/sec: 99.12 - lr: 0.003125
2022-04-28 19:43:29,348 epoch 40 - iter 20/107 - loss 0.03831216 - samples/sec: 63.46 - lr: 0.003125
2022-04-28 19:43:34,058 epoch 40 - iter 30/107 - loss 0.03859221 - samples/sec: 67.96 - lr: 0.003125
2022-04-28 19:43:38,882 epoch 40 - iter 40/107 - loss 0.03726434 - samples/sec: 66.35 - lr: 0.003125
2022-04-28 19:43:42,882 epoch 40 - iter 50/107 - loss 0.03693096 - samples/sec: 80.01 - lr: 0.003125
2022-04-28 19:43:46,798 epoch 40 - iter 60/107 - loss 0.03811806 - samples/sec: 81.75 - lr: 0.003125
2022-04-28 19:43:51,418 epoch 40 - iter 70/107 - loss 0.03894667 - samples/sec: 69.28 - lr: 0.003125
2022-04-28 19:43:56,437 epoch 40 - iter 80/107 - loss 0.03946422 - samples/sec: 63.77 - lr: 0.003125
2022-04-28 19:44:01,237 epoch 40 - iter 90/107 - loss 0.03968155 - samples/sec: 66.69 - lr: 0.003125
2022-04-28 19:44:05,925 epoch 40 - iter 100/107 - loss 0.04044428 - samples/sec: 68.27 - lr: 0.003125
2022-04-28 19:44:08,817 ----------------------------------------------------------------------------------------------------
2022-04-28 19:44:08,817 EPOCH 40 done: loss 0.0398 - lr 0.003125
2022-04-28 19:44:22,681 Evaluating as a multi-label problem: False
2022-04-28 19:44:22,692 DEV : loss 0.2131476104259491 - f1-score (micro avg)  0.4996
2022-04-28 19:44:22,764 Epoch    40: reducing learning rate of group 0 to 1.5625e-03.
2022-04-28 19:44:22,764 BAD EPOCHS (no improvement): 4
2022-04-28 19:44:22,767 ----------------------------------------------------------------------------------------------------
2022-04-28 19:44:27,707 epoch 41 - iter 10/107 - loss 0.03843484 - samples/sec: 64.80 - lr: 0.001563
2022-04-28 19:44:31,655 epoch 41 - iter 20/107 - loss 0.03449560 - samples/sec: 81.07 - lr: 0.001563
2022-04-28 19:44:35,296 epoch 41 - iter 30/107 - loss 0.03460243 - samples/sec: 87.92 - lr: 0.001563
2022-04-28 19:44:39,234 epoch 41 - iter 40/107 - loss 0.03695243 - samples/sec: 81.27 - lr: 0.001563
2022-04-28 19:44:43,766 epoch 41 - iter 50/107 - loss 0.03685210 - samples/sec: 70.63 - lr: 0.001563
2022-04-28 19:44:48,704 epoch 41 - iter 60/107 - loss 0.03756297 - samples/sec: 64.82 - lr: 0.001563
2022-04-28 19:44:53,513 epoch 41 - iter 70/107 - loss 0.03806164 - samples/sec: 66.57 - lr: 0.001563
2022-04-28 19:44:58,069 epoch 41 - iter 80/107 - loss 0.03819571 - samples/sec: 70.25 - lr: 0.001563
2022-04-28 19:45:02,697 epoch 41 - iter 90/107 - loss 0.03827948 - samples/sec: 69.16 - lr: 0.001563
2022-04-28 19:45:07,518 epoch 41 - iter 100/107 - loss 0.03873418 - samples/sec: 66.40 - lr: 0.001563
2022-04-28 19:45:10,595 ----------------------------------------------------------------------------------------------------
2022-04-28 19:45:10,596 EPOCH 41 done: loss 0.0386 - lr 0.001563
2022-04-28 19:45:23,983 Evaluating as a multi-label problem: False
2022-04-28 19:45:23,995 DEV : loss 0.21050311625003815 - f1-score (micro avg)  0.511
2022-04-28 19:45:24,066 BAD EPOCHS (no improvement): 1
2022-04-28 19:45:24,254 ----------------------------------------------------------------------------------------------------
2022-04-28 19:45:28,247 epoch 42 - iter 10/107 - loss 0.03303162 - samples/sec: 80.16 - lr: 0.001563
2022-04-28 19:45:32,408 epoch 42 - iter 20/107 - loss 0.03746867 - samples/sec: 76.92 - lr: 0.001563
2022-04-28 19:45:37,009 epoch 42 - iter 30/107 - loss 0.03807575 - samples/sec: 69.57 - lr: 0.001563
2022-04-28 19:45:41,198 epoch 42 - iter 40/107 - loss 0.03888515 - samples/sec: 76.41 - lr: 0.001563
2022-04-28 19:45:45,568 epoch 42 - iter 50/107 - loss 0.04064755 - samples/sec: 73.25 - lr: 0.001563
2022-04-28 19:45:49,820 epoch 42 - iter 60/107 - loss 0.03993859 - samples/sec: 75.29 - lr: 0.001563
2022-04-28 19:45:54,492 epoch 42 - iter 70/107 - loss 0.04039566 - samples/sec: 68.51 - lr: 0.001563
2022-04-28 19:45:58,992 epoch 42 - iter 80/107 - loss 0.03949938 - samples/sec: 71.13 - lr: 0.001563
2022-04-28 19:46:03,399 epoch 42 - iter 90/107 - loss 0.03919860 - samples/sec: 72.62 - lr: 0.001563
2022-04-28 19:46:08,418 epoch 42 - iter 100/107 - loss 0.03911032 - samples/sec: 63.78 - lr: 0.001563
2022-04-28 19:46:11,233 ----------------------------------------------------------------------------------------------------
2022-04-28 19:46:11,233 EPOCH 42 done: loss 0.0390 - lr 0.001563
2022-04-28 19:46:25,539 Evaluating as a multi-label problem: False
2022-04-28 19:46:25,553 DEV : loss 0.21006610989570618 - f1-score (micro avg)  0.5114
2022-04-28 19:46:25,622 BAD EPOCHS (no improvement): 2
2022-04-28 19:46:25,640 ----------------------------------------------------------------------------------------------------
2022-04-28 19:46:30,319 epoch 43 - iter 10/107 - loss 0.03641400 - samples/sec: 68.41 - lr: 0.001563
2022-04-28 19:46:35,150 epoch 43 - iter 20/107 - loss 0.03882769 - samples/sec: 66.26 - lr: 0.001563
2022-04-28 19:46:40,012 epoch 43 - iter 30/107 - loss 0.04291392 - samples/sec: 65.83 - lr: 0.001563
2022-04-28 19:46:44,869 epoch 43 - iter 40/107 - loss 0.04109168 - samples/sec: 65.91 - lr: 0.001563
2022-04-28 19:46:49,705 epoch 43 - iter 50/107 - loss 0.04069754 - samples/sec: 66.18 - lr: 0.001563
2022-04-28 19:46:54,475 epoch 43 - iter 60/107 - loss 0.04024631 - samples/sec: 67.10 - lr: 0.001563
2022-04-28 19:46:59,320 epoch 43 - iter 70/107 - loss 0.03946876 - samples/sec: 66.06 - lr: 0.001563
2022-04-28 19:47:03,152 epoch 43 - iter 80/107 - loss 0.03860103 - samples/sec: 83.53 - lr: 0.001563
2022-04-28 19:47:06,938 epoch 43 - iter 90/107 - loss 0.03859158 - samples/sec: 84.54 - lr: 0.001563
2022-04-28 19:47:10,829 epoch 43 - iter 100/107 - loss 0.03816891 - samples/sec: 82.25 - lr: 0.001563
2022-04-28 19:47:13,935 ----------------------------------------------------------------------------------------------------
2022-04-28 19:47:13,935 EPOCH 43 done: loss 0.0378 - lr 0.001563
2022-04-28 19:47:27,480 Evaluating as a multi-label problem: False
2022-04-28 19:47:27,491 DEV : loss 0.21068550646305084 - f1-score (micro avg)  0.5129
2022-04-28 19:47:27,562 BAD EPOCHS (no improvement): 3
2022-04-28 19:47:27,572 ----------------------------------------------------------------------------------------------------
2022-04-28 19:47:31,954 epoch 44 - iter 10/107 - loss 0.03729085 - samples/sec: 73.05 - lr: 0.001563
2022-04-28 19:47:36,455 epoch 44 - iter 20/107 - loss 0.03652119 - samples/sec: 71.11 - lr: 0.001563
2022-04-28 19:47:41,074 epoch 44 - iter 30/107 - loss 0.03785404 - samples/sec: 69.30 - lr: 0.001563
2022-04-28 19:47:45,671 epoch 44 - iter 40/107 - loss 0.03808480 - samples/sec: 69.63 - lr: 0.001563
2022-04-28 19:47:50,229 epoch 44 - iter 50/107 - loss 0.03769693 - samples/sec: 70.22 - lr: 0.001563
2022-04-28 19:47:54,666 epoch 44 - iter 60/107 - loss 0.03818065 - samples/sec: 72.14 - lr: 0.001563
2022-04-28 19:47:58,738 epoch 44 - iter 70/107 - loss 0.03727461 - samples/sec: 78.62 - lr: 0.001563
2022-04-28 19:48:03,293 epoch 44 - iter 80/107 - loss 0.03814366 - samples/sec: 70.26 - lr: 0.001563
2022-04-28 19:48:07,565 epoch 44 - iter 90/107 - loss 0.03804802 - samples/sec: 74.92 - lr: 0.001563
2022-04-28 19:48:12,201 epoch 44 - iter 100/107 - loss 0.03834461 - samples/sec: 69.05 - lr: 0.001563
2022-04-28 19:48:15,063 ----------------------------------------------------------------------------------------------------
2022-04-28 19:48:15,063 EPOCH 44 done: loss 0.0383 - lr 0.001563
2022-04-28 19:48:28,522 Evaluating as a multi-label problem: False
2022-04-28 19:48:28,533 DEV : loss 0.21211309731006622 - f1-score (micro avg)  0.5067
2022-04-28 19:48:28,603 Epoch    44: reducing learning rate of group 0 to 7.8125e-04.
2022-04-28 19:48:28,603 BAD EPOCHS (no improvement): 4
2022-04-28 19:48:28,606 ----------------------------------------------------------------------------------------------------
2022-04-28 19:48:33,332 epoch 45 - iter 10/107 - loss 0.04244264 - samples/sec: 67.73 - lr: 0.000781
2022-04-28 19:48:38,071 epoch 45 - iter 20/107 - loss 0.03992000 - samples/sec: 67.53 - lr: 0.000781
2022-04-28 19:48:42,482 epoch 45 - iter 30/107 - loss 0.03840663 - samples/sec: 72.57 - lr: 0.000781
2022-04-28 19:48:46,847 epoch 45 - iter 40/107 - loss 0.03769401 - samples/sec: 73.33 - lr: 0.000781
2022-04-28 19:48:51,267 epoch 45 - iter 50/107 - loss 0.03891843 - samples/sec: 72.40 - lr: 0.000781
2022-04-28 19:48:54,159 epoch 45 - iter 60/107 - loss 0.03914213 - samples/sec: 110.71 - lr: 0.000781
2022-04-28 19:48:56,913 epoch 45 - iter 70/107 - loss 0.03812516 - samples/sec: 116.24 - lr: 0.000781
2022-04-28 19:48:59,888 epoch 45 - iter 80/107 - loss 0.03886351 - samples/sec: 107.60 - lr: 0.000781
2022-04-28 19:49:02,707 epoch 45 - iter 90/107 - loss 0.03836936 - samples/sec: 113.56 - lr: 0.000781
2022-04-28 19:49:05,712 epoch 45 - iter 100/107 - loss 0.03827341 - samples/sec: 106.52 - lr: 0.000781
2022-04-28 19:49:07,389 ----------------------------------------------------------------------------------------------------
2022-04-28 19:49:07,389 EPOCH 45 done: loss 0.0381 - lr 0.000781
2022-04-28 19:49:15,215 Evaluating as a multi-label problem: False
2022-04-28 19:49:15,226 DEV : loss 0.21154172718524933 - f1-score (micro avg)  0.5091
2022-04-28 19:49:15,296 BAD EPOCHS (no improvement): 1
2022-04-28 19:49:15,299 ----------------------------------------------------------------------------------------------------
2022-04-28 19:49:17,913 epoch 46 - iter 10/107 - loss 0.04563837 - samples/sec: 122.46 - lr: 0.000781
2022-04-28 19:49:20,715 epoch 46 - iter 20/107 - loss 0.04111330 - samples/sec: 114.23 - lr: 0.000781
2022-04-28 19:49:23,618 epoch 46 - iter 30/107 - loss 0.03907569 - samples/sec: 110.27 - lr: 0.000781
2022-04-28 19:49:26,448 epoch 46 - iter 40/107 - loss 0.03720910 - samples/sec: 113.12 - lr: 0.000781
2022-04-28 19:49:29,188 epoch 46 - iter 50/107 - loss 0.03706576 - samples/sec: 116.82 - lr: 0.000781
2022-04-28 19:49:32,070 epoch 46 - iter 60/107 - loss 0.03677525 - samples/sec: 111.09 - lr: 0.000781
2022-04-28 19:49:34,912 epoch 46 - iter 70/107 - loss 0.03817131 - samples/sec: 112.64 - lr: 0.000781
2022-04-28 19:49:37,626 epoch 46 - iter 80/107 - loss 0.03770131 - samples/sec: 117.92 - lr: 0.000781
2022-04-28 19:49:40,357 epoch 46 - iter 90/107 - loss 0.03926987 - samples/sec: 117.24 - lr: 0.000781
2022-04-28 19:49:43,092 epoch 46 - iter 100/107 - loss 0.03823670 - samples/sec: 117.03 - lr: 0.000781
2022-04-28 19:49:44,942 ----------------------------------------------------------------------------------------------------
2022-04-28 19:49:44,942 EPOCH 46 done: loss 0.0383 - lr 0.000781
2022-04-28 19:49:53,253 Evaluating as a multi-label problem: False
2022-04-28 19:49:53,264 DEV : loss 0.20985783636569977 - f1-score (micro avg)  0.5113
2022-04-28 19:49:53,336 BAD EPOCHS (no improvement): 2
2022-04-28 19:49:53,339 ----------------------------------------------------------------------------------------------------
2022-04-28 19:49:55,884 epoch 47 - iter 10/107 - loss 0.03250995 - samples/sec: 125.81 - lr: 0.000781
2022-04-28 19:49:58,337 epoch 47 - iter 20/107 - loss 0.03599872 - samples/sec: 130.51 - lr: 0.000781
2022-04-28 19:50:01,568 epoch 47 - iter 30/107 - loss 0.03870352 - samples/sec: 99.07 - lr: 0.000781
2022-04-28 19:50:09,312 epoch 47 - iter 40/107 - loss 0.03792322 - samples/sec: 41.33 - lr: 0.000781
2022-04-28 19:50:15,099 epoch 47 - iter 50/107 - loss 0.03804973 - samples/sec: 55.31 - lr: 0.000781
2022-04-28 19:50:21,816 epoch 47 - iter 60/107 - loss 0.03670370 - samples/sec: 47.64 - lr: 0.000781
2022-04-28 19:50:26,661 epoch 47 - iter 70/107 - loss 0.03779386 - samples/sec: 66.07 - lr: 0.000781
2022-04-28 19:50:31,528 epoch 47 - iter 80/107 - loss 0.03711223 - samples/sec: 65.76 - lr: 0.000781
2022-04-28 19:50:35,861 epoch 47 - iter 90/107 - loss 0.03701275 - samples/sec: 73.86 - lr: 0.000781
2022-04-28 19:50:40,577 epoch 47 - iter 100/107 - loss 0.03683146 - samples/sec: 67.88 - lr: 0.000781
2022-04-28 19:50:43,377 ----------------------------------------------------------------------------------------------------
2022-04-28 19:50:43,377 EPOCH 47 done: loss 0.0370 - lr 0.000781
2022-04-28 19:50:57,364 Evaluating as a multi-label problem: False
2022-04-28 19:50:57,375 DEV : loss 0.20982767641544342 - f1-score (micro avg)  0.5137
2022-04-28 19:50:57,444 BAD EPOCHS (no improvement): 3
2022-04-28 19:50:57,447 ----------------------------------------------------------------------------------------------------
2022-04-28 19:51:02,089 epoch 48 - iter 10/107 - loss 0.04314730 - samples/sec: 68.94 - lr: 0.000781
2022-04-28 19:51:06,255 epoch 48 - iter 20/107 - loss 0.03817378 - samples/sec: 76.84 - lr: 0.000781
2022-04-28 19:51:10,415 epoch 48 - iter 30/107 - loss 0.03794280 - samples/sec: 76.94 - lr: 0.000781
2022-04-28 19:51:14,085 epoch 48 - iter 40/107 - loss 0.03690999 - samples/sec: 87.24 - lr: 0.000781
2022-04-28 19:51:16,624 epoch 48 - iter 50/107 - loss 0.03749245 - samples/sec: 126.05 - lr: 0.000781
2022-04-28 19:51:19,115 epoch 48 - iter 60/107 - loss 0.03708189 - samples/sec: 128.54 - lr: 0.000781
2022-04-28 19:51:21,594 epoch 48 - iter 70/107 - loss 0.03632431 - samples/sec: 129.11 - lr: 0.000781
2022-04-28 19:51:23,676 epoch 48 - iter 80/107 - loss 0.03652638 - samples/sec: 153.75 - lr: 0.000781
2022-04-28 19:51:25,979 epoch 48 - iter 90/107 - loss 0.03624236 - samples/sec: 139.05 - lr: 0.000781
2022-04-28 19:51:28,209 epoch 48 - iter 100/107 - loss 0.03696825 - samples/sec: 143.55 - lr: 0.000781
2022-04-28 19:51:29,581 ----------------------------------------------------------------------------------------------------
2022-04-28 19:51:29,582 EPOCH 48 done: loss 0.0375 - lr 0.000781
2022-04-28 19:51:36,504 Evaluating as a multi-label problem: False
2022-04-28 19:51:36,515 DEV : loss 0.21007974445819855 - f1-score (micro avg)  0.5117
2022-04-28 19:51:36,584 Epoch    48: reducing learning rate of group 0 to 3.9063e-04.
2022-04-28 19:51:36,585 BAD EPOCHS (no improvement): 4
2022-04-28 19:51:36,587 ----------------------------------------------------------------------------------------------------
2022-04-28 19:51:38,929 epoch 49 - iter 10/107 - loss 0.03547407 - samples/sec: 136.72 - lr: 0.000391
2022-04-28 19:51:41,188 epoch 49 - iter 20/107 - loss 0.03789214 - samples/sec: 141.77 - lr: 0.000391
2022-04-28 19:51:43,436 epoch 49 - iter 30/107 - loss 0.03463962 - samples/sec: 142.41 - lr: 0.000391
2022-04-28 19:51:45,670 epoch 49 - iter 40/107 - loss 0.03737030 - samples/sec: 143.32 - lr: 0.000391
2022-04-28 19:51:48,028 epoch 49 - iter 50/107 - loss 0.03656950 - samples/sec: 135.75 - lr: 0.000391
2022-04-28 19:51:50,717 epoch 49 - iter 60/107 - loss 0.03608628 - samples/sec: 119.03 - lr: 0.000391
2022-04-28 19:51:54,054 epoch 49 - iter 70/107 - loss 0.03712536 - samples/sec: 95.95 - lr: 0.000391
2022-04-28 19:51:57,369 epoch 49 - iter 80/107 - loss 0.03678701 - samples/sec: 96.54 - lr: 0.000391
2022-04-28 19:52:00,555 epoch 49 - iter 90/107 - loss 0.03741299 - samples/sec: 100.49 - lr: 0.000391
2022-04-28 19:52:03,757 epoch 49 - iter 100/107 - loss 0.03713993 - samples/sec: 99.95 - lr: 0.000391
2022-04-28 19:52:05,823 ----------------------------------------------------------------------------------------------------
2022-04-28 19:52:05,823 EPOCH 49 done: loss 0.0369 - lr 0.000391
2022-04-28 19:52:16,857 Evaluating as a multi-label problem: False
2022-04-28 19:52:16,868 DEV : loss 0.21090222895145416 - f1-score (micro avg)  0.5106
2022-04-28 19:52:16,940 BAD EPOCHS (no improvement): 1
2022-04-28 19:52:16,943 ----------------------------------------------------------------------------------------------------
2022-04-28 19:52:21,072 epoch 50 - iter 10/107 - loss 0.03050276 - samples/sec: 77.53 - lr: 0.000391
2022-04-28 19:52:25,032 epoch 50 - iter 20/107 - loss 0.03324085 - samples/sec: 80.83 - lr: 0.000391
2022-04-28 19:52:28,952 epoch 50 - iter 30/107 - loss 0.03374481 - samples/sec: 81.66 - lr: 0.000391
2022-04-28 19:52:31,841 epoch 50 - iter 40/107 - loss 0.03341031 - samples/sec: 110.79 - lr: 0.000391
2022-04-28 19:52:34,566 epoch 50 - iter 50/107 - loss 0.03444989 - samples/sec: 117.48 - lr: 0.000391
2022-04-28 19:52:37,316 epoch 50 - iter 60/107 - loss 0.03452463 - samples/sec: 116.42 - lr: 0.000391
2022-04-28 19:52:40,242 epoch 50 - iter 70/107 - loss 0.03515673 - samples/sec: 109.39 - lr: 0.000391
2022-04-28 19:52:43,070 epoch 50 - iter 80/107 - loss 0.03653753 - samples/sec: 113.20 - lr: 0.000391
2022-04-28 19:52:45,865 epoch 50 - iter 90/107 - loss 0.03691559 - samples/sec: 114.53 - lr: 0.000391
2022-04-28 19:52:48,683 epoch 50 - iter 100/107 - loss 0.03738734 - samples/sec: 113.58 - lr: 0.000391
2022-04-28 19:52:50,404 ----------------------------------------------------------------------------------------------------
2022-04-28 19:52:50,405 EPOCH 50 done: loss 0.0374 - lr 0.000391
2022-04-28 19:53:00,266 Evaluating as a multi-label problem: False
2022-04-28 19:53:00,277 DEV : loss 0.21117380261421204 - f1-score (micro avg)  0.5102
2022-04-28 19:53:00,347 BAD EPOCHS (no improvement): 2
2022-04-28 19:53:00,381 ----------------------------------------------------------------------------------------------------
2022-04-28 19:53:03,289 epoch 51 - iter 10/107 - loss 0.02833896 - samples/sec: 110.09 - lr: 0.000391
2022-04-28 19:53:07,868 epoch 51 - iter 20/107 - loss 0.03113577 - samples/sec: 69.89 - lr: 0.000391
2022-04-28 19:53:12,417 epoch 51 - iter 30/107 - loss 0.03637513 - samples/sec: 70.37 - lr: 0.000391
2022-04-28 19:53:17,224 epoch 51 - iter 40/107 - loss 0.03838196 - samples/sec: 66.59 - lr: 0.000391
2022-04-28 19:53:21,908 epoch 51 - iter 50/107 - loss 0.03770630 - samples/sec: 68.33 - lr: 0.000391
2022-04-28 19:53:26,755 epoch 51 - iter 60/107 - loss 0.03843496 - samples/sec: 66.04 - lr: 0.000391
2022-04-28 19:53:31,078 epoch 51 - iter 70/107 - loss 0.03753371 - samples/sec: 74.04 - lr: 0.000391
2022-04-28 19:53:35,869 epoch 51 - iter 80/107 - loss 0.03735203 - samples/sec: 66.81 - lr: 0.000391
2022-04-28 19:53:40,682 epoch 51 - iter 90/107 - loss 0.03751326 - samples/sec: 66.50 - lr: 0.000391
2022-04-28 19:53:45,068 epoch 51 - iter 100/107 - loss 0.03728496 - samples/sec: 72.97 - lr: 0.000391
2022-04-28 19:53:47,735 ----------------------------------------------------------------------------------------------------
2022-04-28 19:53:47,735 EPOCH 51 done: loss 0.0368 - lr 0.000391
2022-04-28 19:54:00,518 Evaluating as a multi-label problem: False
2022-04-28 19:54:00,529 DEV : loss 0.21045252680778503 - f1-score (micro avg)  0.5109
2022-04-28 19:54:00,600 BAD EPOCHS (no improvement): 3
2022-04-28 19:54:00,617 ----------------------------------------------------------------------------------------------------
2022-04-28 19:54:04,893 epoch 52 - iter 10/107 - loss 0.03349071 - samples/sec: 74.86 - lr: 0.000391
2022-04-28 19:54:09,453 epoch 52 - iter 20/107 - loss 0.03655664 - samples/sec: 70.20 - lr: 0.000391
2022-04-28 19:54:13,992 epoch 52 - iter 30/107 - loss 0.03718198 - samples/sec: 70.51 - lr: 0.000391
2022-04-28 19:54:18,321 epoch 52 - iter 40/107 - loss 0.03766264 - samples/sec: 73.94 - lr: 0.000391
2022-04-28 19:54:22,686 epoch 52 - iter 50/107 - loss 0.03828187 - samples/sec: 73.32 - lr: 0.000391
2022-04-28 19:54:27,498 epoch 52 - iter 60/107 - loss 0.03869587 - samples/sec: 66.52 - lr: 0.000391
2022-04-28 19:54:32,285 epoch 52 - iter 70/107 - loss 0.03936913 - samples/sec: 66.85 - lr: 0.000391
2022-04-28 19:54:36,260 epoch 52 - iter 80/107 - loss 0.03920163 - samples/sec: 80.53 - lr: 0.000391
2022-04-28 19:54:40,006 epoch 52 - iter 90/107 - loss 0.03903544 - samples/sec: 85.46 - lr: 0.000391
2022-04-28 19:54:44,126 epoch 52 - iter 100/107 - loss 0.03819777 - samples/sec: 77.68 - lr: 0.000391
2022-04-28 19:54:47,147 ----------------------------------------------------------------------------------------------------
2022-04-28 19:54:47,147 EPOCH 52 done: loss 0.0382 - lr 0.000391
2022-04-28 19:55:01,062 Evaluating as a multi-label problem: False
2022-04-28 19:55:01,075 DEV : loss 0.2099391520023346 - f1-score (micro avg)  0.5105
2022-04-28 19:55:01,147 Epoch    52: reducing learning rate of group 0 to 1.9531e-04.
2022-04-28 19:55:01,147 BAD EPOCHS (no improvement): 4
2022-04-28 19:55:01,209 ----------------------------------------------------------------------------------------------------
2022-04-28 19:55:05,798 epoch 53 - iter 10/107 - loss 0.03505066 - samples/sec: 69.75 - lr: 0.000195
2022-04-28 19:55:10,527 epoch 53 - iter 20/107 - loss 0.03417132 - samples/sec: 67.69 - lr: 0.000195
2022-04-28 19:55:14,866 epoch 53 - iter 30/107 - loss 0.03350543 - samples/sec: 73.77 - lr: 0.000195
2022-04-28 19:55:19,379 epoch 53 - iter 40/107 - loss 0.03601504 - samples/sec: 70.92 - lr: 0.000195
2022-04-28 19:55:23,622 epoch 53 - iter 50/107 - loss 0.03592585 - samples/sec: 75.44 - lr: 0.000195
2022-04-28 19:55:27,504 epoch 53 - iter 60/107 - loss 0.03747480 - samples/sec: 82.46 - lr: 0.000195
2022-04-28 19:55:31,731 epoch 53 - iter 70/107 - loss 0.03680656 - samples/sec: 75.73 - lr: 0.000195
2022-04-28 19:55:36,377 epoch 53 - iter 80/107 - loss 0.03721004 - samples/sec: 68.88 - lr: 0.000195
2022-04-28 19:55:40,857 epoch 53 - iter 90/107 - loss 0.03675971 - samples/sec: 71.44 - lr: 0.000195
2022-04-28 19:55:45,682 epoch 53 - iter 100/107 - loss 0.03669132 - samples/sec: 66.34 - lr: 0.000195
2022-04-28 19:55:48,400 ----------------------------------------------------------------------------------------------------
2022-04-28 19:55:48,400 EPOCH 53 done: loss 0.0368 - lr 0.000195
2022-04-28 19:56:02,390 Evaluating as a multi-label problem: False
2022-04-28 19:56:02,401 DEV : loss 0.21029895544052124 - f1-score (micro avg)  0.5109
2022-04-28 19:56:02,477 BAD EPOCHS (no improvement): 1
2022-04-28 19:56:02,480 ----------------------------------------------------------------------------------------------------
2022-04-28 19:56:07,217 epoch 54 - iter 10/107 - loss 0.03686402 - samples/sec: 67.57 - lr: 0.000195
2022-04-28 19:56:12,085 epoch 54 - iter 20/107 - loss 0.04313756 - samples/sec: 65.75 - lr: 0.000195
2022-04-28 19:56:16,349 epoch 54 - iter 30/107 - loss 0.03963670 - samples/sec: 75.07 - lr: 0.000195
2022-04-28 19:56:20,459 epoch 54 - iter 40/107 - loss 0.03934274 - samples/sec: 77.89 - lr: 0.000195
2022-04-28 19:56:24,779 epoch 54 - iter 50/107 - loss 0.03867165 - samples/sec: 74.08 - lr: 0.000195
2022-04-28 19:56:29,334 epoch 54 - iter 60/107 - loss 0.03962618 - samples/sec: 70.28 - lr: 0.000195
2022-04-28 19:56:33,798 epoch 54 - iter 70/107 - loss 0.03850653 - samples/sec: 71.70 - lr: 0.000195
2022-04-28 19:56:38,242 epoch 54 - iter 80/107 - loss 0.03852904 - samples/sec: 72.03 - lr: 0.000195
2022-04-28 19:56:43,022 epoch 54 - iter 90/107 - loss 0.03753675 - samples/sec: 66.95 - lr: 0.000195
2022-04-28 19:56:47,694 epoch 54 - iter 100/107 - loss 0.03675097 - samples/sec: 68.52 - lr: 0.000195
2022-04-28 19:56:50,723 ----------------------------------------------------------------------------------------------------
2022-04-28 19:56:50,723 EPOCH 54 done: loss 0.0370 - lr 0.000195
2022-04-28 19:57:04,218 Evaluating as a multi-label problem: False
2022-04-28 19:57:04,230 DEV : loss 0.21059364080429077 - f1-score (micro avg)  0.5109
2022-04-28 19:57:04,304 BAD EPOCHS (no improvement): 2
2022-04-28 19:57:04,306 ----------------------------------------------------------------------------------------------------
2022-04-28 19:57:08,423 epoch 55 - iter 10/107 - loss 0.04471818 - samples/sec: 77.75 - lr: 0.000195
2022-04-28 19:57:12,742 epoch 55 - iter 20/107 - loss 0.04388259 - samples/sec: 74.12 - lr: 0.000195
2022-04-28 19:57:15,782 epoch 55 - iter 30/107 - loss 0.03853657 - samples/sec: 105.30 - lr: 0.000195
2022-04-28 19:57:18,525 epoch 55 - iter 40/107 - loss 0.03683130 - samples/sec: 116.68 - lr: 0.000195
2022-04-28 19:57:21,315 epoch 55 - iter 50/107 - loss 0.03798523 - samples/sec: 114.74 - lr: 0.000195
2022-04-28 19:57:24,034 epoch 55 - iter 60/107 - loss 0.03731595 - samples/sec: 117.75 - lr: 0.000195
2022-04-28 19:57:26,718 epoch 55 - iter 70/107 - loss 0.03664863 - samples/sec: 119.26 - lr: 0.000195
2022-04-28 19:57:29,235 epoch 55 - iter 80/107 - loss 0.03660026 - samples/sec: 127.18 - lr: 0.000195
2022-04-28 19:57:32,000 epoch 55 - iter 90/107 - loss 0.03646133 - samples/sec: 115.77 - lr: 0.000195
2022-04-28 19:57:34,567 epoch 55 - iter 100/107 - loss 0.03671198 - samples/sec: 124.71 - lr: 0.000195
2022-04-28 19:57:36,195 ----------------------------------------------------------------------------------------------------
2022-04-28 19:57:36,195 EPOCH 55 done: loss 0.0369 - lr 0.000195
2022-04-28 19:57:44,559 Evaluating as a multi-label problem: False
2022-04-28 19:57:44,570 DEV : loss 0.21082723140716553 - f1-score (micro avg)  0.5109
2022-04-28 19:57:44,642 BAD EPOCHS (no improvement): 3
2022-04-28 19:57:44,645 ----------------------------------------------------------------------------------------------------
2022-04-28 19:57:47,506 epoch 56 - iter 10/107 - loss 0.03750770 - samples/sec: 111.91 - lr: 0.000195
2022-04-28 19:57:50,744 epoch 56 - iter 20/107 - loss 0.03416758 - samples/sec: 98.85 - lr: 0.000195
2022-04-28 19:57:55,585 epoch 56 - iter 30/107 - loss 0.03540445 - samples/sec: 66.13 - lr: 0.000195
2022-04-28 19:58:00,219 epoch 56 - iter 40/107 - loss 0.03757566 - samples/sec: 69.07 - lr: 0.000195
2022-04-28 19:58:04,814 epoch 56 - iter 50/107 - loss 0.03727385 - samples/sec: 69.66 - lr: 0.000195
2022-04-28 19:58:09,687 epoch 56 - iter 60/107 - loss 0.03666258 - samples/sec: 65.68 - lr: 0.000195
2022-04-28 19:58:14,497 epoch 56 - iter 70/107 - loss 0.03718859 - samples/sec: 66.55 - lr: 0.000195
2022-04-28 19:58:19,044 epoch 56 - iter 80/107 - loss 0.03729438 - samples/sec: 70.39 - lr: 0.000195
2022-04-28 19:58:23,922 epoch 56 - iter 90/107 - loss 0.03762393 - samples/sec: 65.60 - lr: 0.000195
2022-04-28 19:58:28,618 epoch 56 - iter 100/107 - loss 0.03758440 - samples/sec: 68.17 - lr: 0.000195
2022-04-28 19:58:31,047 ----------------------------------------------------------------------------------------------------
2022-04-28 19:58:31,047 EPOCH 56 done: loss 0.0371 - lr 0.000195
2022-04-28 19:58:43,058 Evaluating as a multi-label problem: False
2022-04-28 19:58:43,069 DEV : loss 0.2108113020658493 - f1-score (micro avg)  0.5109
2022-04-28 19:58:43,139 Epoch    56: reducing learning rate of group 0 to 9.7656e-05.
2022-04-28 19:58:43,139 BAD EPOCHS (no improvement): 4
2022-04-28 19:58:43,153 ----------------------------------------------------------------------------------------------------
2022-04-28 19:58:43,154 ----------------------------------------------------------------------------------------------------
2022-04-28 19:58:43,154 learning rate too small - quitting training!
2022-04-28 19:58:43,154 ----------------------------------------------------------------------------------------------------
2022-04-28 19:59:03,110 ----------------------------------------------------------------------------------------------------
2022-04-28 19:59:03,111 loading file resources/taggers/model_05_r5_run_1/best-model.pt
2022-04-28 19:59:18,809 SequenceTagger predicts: Dictionary with 27 tags: O, S-person, B-person, E-person, I-person, S-location, B-location, E-location, I-location, S-group, B-group, E-group, I-group, S-corporation, B-corporation, E-corporation, I-corporation, S-product, B-product, E-product, I-product, S-creative-work, B-creative-work, E-creative-work, I-creative-work, <START>, <STOP>
2022-04-28 19:59:42,951 Evaluating as a multi-label problem: False
2022-04-28 19:59:42,964 0.6462	0.342	0.4473	0.3075
2022-04-28 19:59:42,964 
Results:
- F-score (micro) 0.4473
- F-score (macro) 0.3519
- Accuracy 0.3075

By class:
               precision    recall  f1-score   support

       person     0.7739    0.4709    0.5855       429
     location     0.6143    0.5733    0.5931       150
        group     0.4767    0.2485    0.3267       165
creative-work     0.5517    0.1127    0.1871       142
      product     0.4706    0.0630    0.1111       127
  corporation     0.4211    0.2424    0.3077        66

    micro avg     0.6462    0.3420    0.4473      1079
    macro avg     0.5514    0.2851    0.3519      1079
 weighted avg     0.6198    0.3420    0.4217      1079

2022-04-28 19:59:42,964 ----------------------------------------------------------------------------------------------------
