2022-05-21 00:18:55,003 ----------------------------------------------------------------------------------------------------
2022-05-21 00:18:55,003 Model: "SequenceTagger(
  (embeddings): StackedEmbeddings(
    (list_embedding_0): GazetteerEmbeddings()
    (list_embedding_1): FlairEmbeddings(
      (lm): LanguageModel(
        (drop): Dropout(p=0.05, inplace=False)
        (encoder): Embedding(300, 100)
        (rnn): LSTM(100, 2048)
        (decoder): Linear(in_features=2048, out_features=300, bias=True)
      )
    )
    (list_embedding_2): FlairEmbeddings(
      (lm): LanguageModel(
        (drop): Dropout(p=0.05, inplace=False)
        (encoder): Embedding(300, 100)
        (rnn): LSTM(100, 2048)
        (decoder): Linear(in_features=2048, out_features=300, bias=True)
      )
    )
  )
  (word_dropout): WordDropout(p=0.05)
  (locked_dropout): LockedDropout(p=0.5)
  (embedding2nn): Linear(in_features=4113, out_features=4113, bias=True)
  (rnn): LSTM(4113, 256, batch_first=True, bidirectional=True)
  (linear): Linear(in_features=512, out_features=27, bias=True)
  (loss_function): ViterbiLoss()
  (crf): CRF()
)"
2022-05-21 00:18:55,003 ----------------------------------------------------------------------------------------------------
2022-05-21 00:18:55,004 Corpus: "Corpus: 3394 train + 1009 dev + 1287 test sentences"
2022-05-21 00:18:55,004 ----------------------------------------------------------------------------------------------------
2022-05-21 00:18:55,004 Parameters:
2022-05-21 00:18:55,004  - learning_rate: "0.100000"
2022-05-21 00:18:55,004  - mini_batch_size: "32"
2022-05-21 00:18:55,004  - patience: "3"
2022-05-21 00:18:55,004  - anneal_factor: "0.5"
2022-05-21 00:18:55,004  - max_epochs: "150"
2022-05-21 00:18:55,004  - shuffle: "True"
2022-05-21 00:18:55,004  - train_with_dev: "False"
2022-05-21 00:18:55,004  - batch_growth_annealing: "False"
2022-05-21 00:18:55,004 ----------------------------------------------------------------------------------------------------
2022-05-21 00:18:55,004 Model training base path: "resources/taggers/model_05_r13_run_5"
2022-05-21 00:18:55,004 ----------------------------------------------------------------------------------------------------
2022-05-21 00:18:55,004 Device: cuda:1
2022-05-21 00:18:55,004 ----------------------------------------------------------------------------------------------------
2022-05-21 00:18:55,004 Embeddings storage mode: cpu
2022-05-21 00:18:55,004 ----------------------------------------------------------------------------------------------------
2022-05-21 00:18:57,335 epoch 1 - iter 10/107 - loss 0.97019853 - samples/sec: 137.33 - lr: 0.100000
2022-05-21 00:18:59,824 epoch 1 - iter 20/107 - loss 0.64182509 - samples/sec: 128.65 - lr: 0.100000
2022-05-21 00:19:02,419 epoch 1 - iter 30/107 - loss 0.52943801 - samples/sec: 123.39 - lr: 0.100000
2022-05-21 00:19:04,898 epoch 1 - iter 40/107 - loss 0.46634061 - samples/sec: 129.11 - lr: 0.100000
2022-05-21 00:19:07,501 epoch 1 - iter 50/107 - loss 0.41766963 - samples/sec: 123.00 - lr: 0.100000
2022-05-21 00:19:09,940 epoch 1 - iter 60/107 - loss 0.39949712 - samples/sec: 131.28 - lr: 0.100000
2022-05-21 00:19:12,328 epoch 1 - iter 70/107 - loss 0.38515335 - samples/sec: 134.02 - lr: 0.100000
2022-05-21 00:19:14,719 epoch 1 - iter 80/107 - loss 0.37815933 - samples/sec: 133.94 - lr: 0.100000
2022-05-21 00:19:16,928 epoch 1 - iter 90/107 - loss 0.37195470 - samples/sec: 144.90 - lr: 0.100000
2022-05-21 00:19:19,055 epoch 1 - iter 100/107 - loss 0.36622859 - samples/sec: 150.54 - lr: 0.100000
2022-05-21 00:19:20,439 ----------------------------------------------------------------------------------------------------
2022-05-21 00:19:20,439 EPOCH 1 done: loss 0.3601 - lr 0.100000
2022-05-21 00:19:28,188 Evaluating as a multi-label problem: False
2022-05-21 00:19:28,198 DEV : loss 0.4466160535812378 - f1-score (micro avg)  0.0189
2022-05-21 00:19:28,270 BAD EPOCHS (no improvement): 0
2022-05-21 00:19:28,272 saving best model
2022-05-21 00:19:45,292 ----------------------------------------------------------------------------------------------------
2022-05-21 00:19:47,887 epoch 2 - iter 10/107 - loss 0.23494531 - samples/sec: 123.40 - lr: 0.100000
2022-05-21 00:19:50,441 epoch 2 - iter 20/107 - loss 0.23694564 - samples/sec: 125.36 - lr: 0.100000
2022-05-21 00:19:52,823 epoch 2 - iter 30/107 - loss 0.23679280 - samples/sec: 134.41 - lr: 0.100000
2022-05-21 00:19:55,238 epoch 2 - iter 40/107 - loss 0.24623858 - samples/sec: 132.57 - lr: 0.100000
2022-05-21 00:19:57,596 epoch 2 - iter 50/107 - loss 0.22757246 - samples/sec: 135.76 - lr: 0.100000
2022-05-21 00:20:00,071 epoch 2 - iter 60/107 - loss 0.22161443 - samples/sec: 129.37 - lr: 0.100000
2022-05-21 00:20:02,484 epoch 2 - iter 70/107 - loss 0.21194845 - samples/sec: 132.67 - lr: 0.100000
2022-05-21 00:20:04,967 epoch 2 - iter 80/107 - loss 0.20890496 - samples/sec: 128.89 - lr: 0.100000
2022-05-21 00:20:07,567 epoch 2 - iter 90/107 - loss 0.20884003 - samples/sec: 123.14 - lr: 0.100000
2022-05-21 00:20:10,051 epoch 2 - iter 100/107 - loss 0.20997498 - samples/sec: 128.91 - lr: 0.100000
2022-05-21 00:20:11,604 ----------------------------------------------------------------------------------------------------
2022-05-21 00:20:11,604 EPOCH 2 done: loss 0.2072 - lr 0.100000
2022-05-21 00:20:18,370 Evaluating as a multi-label problem: False
2022-05-21 00:20:18,382 DEV : loss 0.340487539768219 - f1-score (micro avg)  0.2734
2022-05-21 00:20:18,454 BAD EPOCHS (no improvement): 0
2022-05-21 00:20:18,455 saving best model
2022-05-21 00:20:35,344 ----------------------------------------------------------------------------------------------------
2022-05-21 00:20:37,886 epoch 3 - iter 10/107 - loss 0.20186549 - samples/sec: 125.99 - lr: 0.100000
2022-05-21 00:20:40,517 epoch 3 - iter 20/107 - loss 0.20452242 - samples/sec: 121.68 - lr: 0.100000
2022-05-21 00:20:42,974 epoch 3 - iter 30/107 - loss 0.18553915 - samples/sec: 130.34 - lr: 0.100000
2022-05-21 00:20:45,416 epoch 3 - iter 40/107 - loss 0.18822353 - samples/sec: 131.10 - lr: 0.100000
2022-05-21 00:20:47,819 epoch 3 - iter 50/107 - loss 0.18735497 - samples/sec: 133.19 - lr: 0.100000
2022-05-21 00:20:49,989 epoch 3 - iter 60/107 - loss 0.18253778 - samples/sec: 147.59 - lr: 0.100000
2022-05-21 00:20:52,135 epoch 3 - iter 70/107 - loss 0.18596686 - samples/sec: 149.18 - lr: 0.100000
2022-05-21 00:20:54,316 epoch 3 - iter 80/107 - loss 0.17854160 - samples/sec: 146.74 - lr: 0.100000
2022-05-21 00:20:56,582 epoch 3 - iter 90/107 - loss 0.17897157 - samples/sec: 141.33 - lr: 0.100000
2022-05-21 00:20:58,658 epoch 3 - iter 100/107 - loss 0.17574199 - samples/sec: 154.18 - lr: 0.100000
2022-05-21 00:20:59,956 ----------------------------------------------------------------------------------------------------
2022-05-21 00:20:59,956 EPOCH 3 done: loss 0.1736 - lr 0.100000
2022-05-21 00:21:07,586 Evaluating as a multi-label problem: False
2022-05-21 00:21:07,597 DEV : loss 0.2909194827079773 - f1-score (micro avg)  0.41
2022-05-21 00:21:07,671 BAD EPOCHS (no improvement): 0
2022-05-21 00:21:07,673 saving best model
2022-05-21 00:21:24,837 ----------------------------------------------------------------------------------------------------
2022-05-21 00:21:27,044 epoch 4 - iter 10/107 - loss 0.17365950 - samples/sec: 145.11 - lr: 0.100000
2022-05-21 00:21:29,172 epoch 4 - iter 20/107 - loss 0.15692916 - samples/sec: 150.48 - lr: 0.100000
2022-05-21 00:21:31,421 epoch 4 - iter 30/107 - loss 0.14470886 - samples/sec: 142.38 - lr: 0.100000
2022-05-21 00:21:33,622 epoch 4 - iter 40/107 - loss 0.14528435 - samples/sec: 145.43 - lr: 0.100000
2022-05-21 00:21:35,959 epoch 4 - iter 50/107 - loss 0.14644719 - samples/sec: 137.00 - lr: 0.100000
2022-05-21 00:21:38,532 epoch 4 - iter 60/107 - loss 0.14445382 - samples/sec: 124.44 - lr: 0.100000
2022-05-21 00:21:40,904 epoch 4 - iter 70/107 - loss 0.14607455 - samples/sec: 134.97 - lr: 0.100000
2022-05-21 00:21:43,379 epoch 4 - iter 80/107 - loss 0.14964963 - samples/sec: 129.31 - lr: 0.100000
2022-05-21 00:21:45,747 epoch 4 - iter 90/107 - loss 0.14786148 - samples/sec: 135.21 - lr: 0.100000
2022-05-21 00:21:48,250 epoch 4 - iter 100/107 - loss 0.15129672 - samples/sec: 127.93 - lr: 0.100000
2022-05-21 00:21:49,778 ----------------------------------------------------------------------------------------------------
2022-05-21 00:21:49,778 EPOCH 4 done: loss 0.1514 - lr 0.100000
2022-05-21 00:21:57,120 Evaluating as a multi-label problem: False
2022-05-21 00:21:57,134 DEV : loss 0.22568723559379578 - f1-score (micro avg)  0.4923
2022-05-21 00:21:57,210 BAD EPOCHS (no improvement): 0
2022-05-21 00:21:57,213 saving best model
2022-05-21 00:22:14,765 ----------------------------------------------------------------------------------------------------
2022-05-21 00:22:17,171 epoch 5 - iter 10/107 - loss 0.13566020 - samples/sec: 133.08 - lr: 0.100000
2022-05-21 00:22:19,578 epoch 5 - iter 20/107 - loss 0.12967224 - samples/sec: 133.03 - lr: 0.100000
2022-05-21 00:22:21,849 epoch 5 - iter 30/107 - loss 0.13717973 - samples/sec: 141.00 - lr: 0.100000
2022-05-21 00:22:24,250 epoch 5 - iter 40/107 - loss 0.13353542 - samples/sec: 133.33 - lr: 0.100000
2022-05-21 00:22:26,710 epoch 5 - iter 50/107 - loss 0.14319390 - samples/sec: 130.16 - lr: 0.100000
2022-05-21 00:22:29,025 epoch 5 - iter 60/107 - loss 0.13844083 - samples/sec: 138.28 - lr: 0.100000
2022-05-21 00:22:31,438 epoch 5 - iter 70/107 - loss 0.13643643 - samples/sec: 132.68 - lr: 0.100000
2022-05-21 00:22:33,884 epoch 5 - iter 80/107 - loss 0.13782916 - samples/sec: 130.86 - lr: 0.100000
2022-05-21 00:22:36,467 epoch 5 - iter 90/107 - loss 0.13760810 - samples/sec: 123.95 - lr: 0.100000
2022-05-21 00:22:38,991 epoch 5 - iter 100/107 - loss 0.13673762 - samples/sec: 126.84 - lr: 0.100000
2022-05-21 00:22:40,460 ----------------------------------------------------------------------------------------------------
2022-05-21 00:22:40,461 EPOCH 5 done: loss 0.1382 - lr 0.100000
2022-05-21 00:22:47,864 Evaluating as a multi-label problem: False
2022-05-21 00:22:47,876 DEV : loss 0.21614916622638702 - f1-score (micro avg)  0.5156
2022-05-21 00:22:47,951 BAD EPOCHS (no improvement): 0
2022-05-21 00:22:47,953 saving best model
2022-05-21 00:23:04,888 ----------------------------------------------------------------------------------------------------
2022-05-21 00:23:07,306 epoch 6 - iter 10/107 - loss 0.13481007 - samples/sec: 132.42 - lr: 0.100000
2022-05-21 00:23:09,646 epoch 6 - iter 20/107 - loss 0.12935025 - samples/sec: 136.83 - lr: 0.100000
2022-05-21 00:23:11,964 epoch 6 - iter 30/107 - loss 0.12225124 - samples/sec: 138.16 - lr: 0.100000
2022-05-21 00:23:14,418 epoch 6 - iter 40/107 - loss 0.12672520 - samples/sec: 130.48 - lr: 0.100000
2022-05-21 00:23:16,763 epoch 6 - iter 50/107 - loss 0.12937240 - samples/sec: 136.53 - lr: 0.100000
2022-05-21 00:23:19,334 epoch 6 - iter 60/107 - loss 0.13172950 - samples/sec: 124.53 - lr: 0.100000
2022-05-21 00:23:21,816 epoch 6 - iter 70/107 - loss 0.12921008 - samples/sec: 128.98 - lr: 0.100000
2022-05-21 00:23:24,182 epoch 6 - iter 80/107 - loss 0.13185586 - samples/sec: 135.35 - lr: 0.100000
2022-05-21 00:23:26,432 epoch 6 - iter 90/107 - loss 0.13050648 - samples/sec: 142.29 - lr: 0.100000
2022-05-21 00:23:28,980 epoch 6 - iter 100/107 - loss 0.13068386 - samples/sec: 125.65 - lr: 0.100000
2022-05-21 00:23:30,332 ----------------------------------------------------------------------------------------------------
2022-05-21 00:23:30,332 EPOCH 6 done: loss 0.1312 - lr 0.100000
2022-05-21 00:23:36,934 Evaluating as a multi-label problem: False
2022-05-21 00:23:36,946 DEV : loss 0.20551210641860962 - f1-score (micro avg)  0.5082
2022-05-21 00:23:37,023 BAD EPOCHS (no improvement): 1
2022-05-21 00:23:37,025 ----------------------------------------------------------------------------------------------------
2022-05-21 00:23:38,996 epoch 7 - iter 10/107 - loss 0.11321110 - samples/sec: 162.51 - lr: 0.100000
2022-05-21 00:23:40,276 epoch 7 - iter 20/107 - loss 0.11469787 - samples/sec: 250.14 - lr: 0.100000
2022-05-21 00:23:41,597 epoch 7 - iter 30/107 - loss 0.12252961 - samples/sec: 242.48 - lr: 0.100000
2022-05-21 00:23:42,948 epoch 7 - iter 40/107 - loss 0.11623454 - samples/sec: 237.03 - lr: 0.100000
2022-05-21 00:23:44,259 epoch 7 - iter 50/107 - loss 0.11768010 - samples/sec: 244.36 - lr: 0.100000
2022-05-21 00:23:45,552 epoch 7 - iter 60/107 - loss 0.11981429 - samples/sec: 247.74 - lr: 0.100000
2022-05-21 00:23:46,850 epoch 7 - iter 70/107 - loss 0.12321512 - samples/sec: 246.67 - lr: 0.100000
2022-05-21 00:23:48,193 epoch 7 - iter 80/107 - loss 0.12267165 - samples/sec: 238.49 - lr: 0.100000
2022-05-21 00:23:49,610 epoch 7 - iter 90/107 - loss 0.12059998 - samples/sec: 225.97 - lr: 0.100000
2022-05-21 00:23:50,990 epoch 7 - iter 100/107 - loss 0.11973801 - samples/sec: 232.03 - lr: 0.100000
2022-05-21 00:23:51,832 ----------------------------------------------------------------------------------------------------
2022-05-21 00:23:51,832 EPOCH 7 done: loss 0.1204 - lr 0.100000
2022-05-21 00:23:56,651 Evaluating as a multi-label problem: False
2022-05-21 00:23:56,662 DEV : loss 0.2484045773744583 - f1-score (micro avg)  0.3901
2022-05-21 00:23:56,737 BAD EPOCHS (no improvement): 2
2022-05-21 00:23:56,739 ----------------------------------------------------------------------------------------------------
2022-05-21 00:23:58,145 epoch 8 - iter 10/107 - loss 0.13256153 - samples/sec: 227.96 - lr: 0.100000
2022-05-21 00:23:59,531 epoch 8 - iter 20/107 - loss 0.12511096 - samples/sec: 230.91 - lr: 0.100000
2022-05-21 00:24:00,851 epoch 8 - iter 30/107 - loss 0.12076878 - samples/sec: 242.63 - lr: 0.100000
2022-05-21 00:24:02,168 epoch 8 - iter 40/107 - loss 0.12199463 - samples/sec: 243.20 - lr: 0.100000
2022-05-21 00:24:03,491 epoch 8 - iter 50/107 - loss 0.12396352 - samples/sec: 242.01 - lr: 0.100000
2022-05-21 00:24:04,818 epoch 8 - iter 60/107 - loss 0.12012618 - samples/sec: 241.39 - lr: 0.100000
2022-05-21 00:24:06,121 epoch 8 - iter 70/107 - loss 0.11655301 - samples/sec: 245.98 - lr: 0.100000
2022-05-21 00:24:07,425 epoch 8 - iter 80/107 - loss 0.11594184 - samples/sec: 245.76 - lr: 0.100000
2022-05-21 00:24:08,738 epoch 8 - iter 90/107 - loss 0.11659564 - samples/sec: 243.90 - lr: 0.100000
2022-05-21 00:24:10,077 epoch 8 - iter 100/107 - loss 0.11603764 - samples/sec: 239.19 - lr: 0.100000
2022-05-21 00:24:10,948 ----------------------------------------------------------------------------------------------------
2022-05-21 00:24:10,948 EPOCH 8 done: loss 0.1149 - lr 0.100000
2022-05-21 00:24:15,623 Evaluating as a multi-label problem: False
2022-05-21 00:24:15,634 DEV : loss 0.21733270585536957 - f1-score (micro avg)  0.4635
2022-05-21 00:24:15,706 BAD EPOCHS (no improvement): 3
2022-05-21 00:24:15,707 ----------------------------------------------------------------------------------------------------
2022-05-21 00:24:17,088 epoch 9 - iter 10/107 - loss 0.10492839 - samples/sec: 231.94 - lr: 0.100000
2022-05-21 00:24:18,354 epoch 9 - iter 20/107 - loss 0.10307961 - samples/sec: 253.00 - lr: 0.100000
2022-05-21 00:24:19,595 epoch 9 - iter 30/107 - loss 0.10077325 - samples/sec: 258.04 - lr: 0.100000
2022-05-21 00:24:20,844 epoch 9 - iter 40/107 - loss 0.10207704 - samples/sec: 256.48 - lr: 0.100000
2022-05-21 00:24:22,048 epoch 9 - iter 50/107 - loss 0.10046658 - samples/sec: 265.99 - lr: 0.100000
2022-05-21 00:24:25,395 epoch 9 - iter 60/107 - loss 0.10252233 - samples/sec: 95.65 - lr: 0.100000
2022-05-21 00:24:26,692 epoch 9 - iter 70/107 - loss 0.10444315 - samples/sec: 246.89 - lr: 0.100000
2022-05-21 00:24:28,059 epoch 9 - iter 80/107 - loss 0.10565152 - samples/sec: 234.21 - lr: 0.100000
2022-05-21 00:24:29,427 epoch 9 - iter 90/107 - loss 0.10514425 - samples/sec: 234.12 - lr: 0.100000
2022-05-21 00:24:30,817 epoch 9 - iter 100/107 - loss 0.10634985 - samples/sec: 230.38 - lr: 0.100000
2022-05-21 00:24:31,678 ----------------------------------------------------------------------------------------------------
2022-05-21 00:24:31,679 EPOCH 9 done: loss 0.1068 - lr 0.100000
2022-05-21 00:24:36,739 Evaluating as a multi-label problem: False
2022-05-21 00:24:36,751 DEV : loss 0.20387330651283264 - f1-score (micro avg)  0.479
2022-05-21 00:24:36,826 Epoch     9: reducing learning rate of group 0 to 5.0000e-02.
2022-05-21 00:24:36,826 BAD EPOCHS (no improvement): 4
2022-05-21 00:24:37,138 ----------------------------------------------------------------------------------------------------
2022-05-21 00:24:38,594 epoch 10 - iter 10/107 - loss 0.08243528 - samples/sec: 220.06 - lr: 0.050000
2022-05-21 00:24:40,478 epoch 10 - iter 20/107 - loss 0.09351050 - samples/sec: 169.90 - lr: 0.050000
2022-05-21 00:24:42,881 epoch 10 - iter 30/107 - loss 0.08919024 - samples/sec: 133.21 - lr: 0.050000
2022-05-21 00:24:45,308 epoch 10 - iter 40/107 - loss 0.08942649 - samples/sec: 131.95 - lr: 0.050000
2022-05-21 00:24:47,706 epoch 10 - iter 50/107 - loss 0.08793112 - samples/sec: 133.49 - lr: 0.050000
2022-05-21 00:24:50,049 epoch 10 - iter 60/107 - loss 0.09105725 - samples/sec: 136.62 - lr: 0.050000
2022-05-21 00:24:52,532 epoch 10 - iter 70/107 - loss 0.08974446 - samples/sec: 128.93 - lr: 0.050000
2022-05-21 00:24:54,853 epoch 10 - iter 80/107 - loss 0.09165681 - samples/sec: 137.96 - lr: 0.050000
2022-05-21 00:24:57,311 epoch 10 - iter 90/107 - loss 0.09292586 - samples/sec: 130.27 - lr: 0.050000
2022-05-21 00:24:59,746 epoch 10 - iter 100/107 - loss 0.09461899 - samples/sec: 131.49 - lr: 0.050000
2022-05-21 00:25:01,210 ----------------------------------------------------------------------------------------------------
2022-05-21 00:25:01,210 EPOCH 10 done: loss 0.0952 - lr 0.050000
2022-05-21 00:25:08,530 Evaluating as a multi-label problem: False
2022-05-21 00:25:08,541 DEV : loss 0.18424974381923676 - f1-score (micro avg)  0.5062
2022-05-21 00:25:08,613 BAD EPOCHS (no improvement): 1
2022-05-21 00:25:08,616 ----------------------------------------------------------------------------------------------------
2022-05-21 00:25:11,009 epoch 11 - iter 10/107 - loss 0.10074807 - samples/sec: 133.76 - lr: 0.050000
2022-05-21 00:25:13,321 epoch 11 - iter 20/107 - loss 0.09510990 - samples/sec: 138.48 - lr: 0.050000
2022-05-21 00:25:15,731 epoch 11 - iter 30/107 - loss 0.09507106 - samples/sec: 132.83 - lr: 0.050000
2022-05-21 00:25:18,131 epoch 11 - iter 40/107 - loss 0.09506482 - samples/sec: 133.43 - lr: 0.050000
2022-05-21 00:25:20,325 epoch 11 - iter 50/107 - loss 0.09476365 - samples/sec: 145.87 - lr: 0.050000
2022-05-21 00:25:22,569 epoch 11 - iter 60/107 - loss 0.09372575 - samples/sec: 142.68 - lr: 0.050000
2022-05-21 00:25:24,789 epoch 11 - iter 70/107 - loss 0.09446775 - samples/sec: 144.25 - lr: 0.050000
2022-05-21 00:25:26,912 epoch 11 - iter 80/107 - loss 0.09208125 - samples/sec: 150.79 - lr: 0.050000
2022-05-21 00:25:29,070 epoch 11 - iter 90/107 - loss 0.09025829 - samples/sec: 148.31 - lr: 0.050000
2022-05-21 00:25:31,283 epoch 11 - iter 100/107 - loss 0.09175602 - samples/sec: 144.68 - lr: 0.050000
2022-05-21 00:25:32,762 ----------------------------------------------------------------------------------------------------
2022-05-21 00:25:32,762 EPOCH 11 done: loss 0.0931 - lr 0.050000
2022-05-21 00:25:40,499 Evaluating as a multi-label problem: False
2022-05-21 00:25:40,511 DEV : loss 0.1990191638469696 - f1-score (micro avg)  0.4887
2022-05-21 00:25:40,585 BAD EPOCHS (no improvement): 2
2022-05-21 00:25:40,600 ----------------------------------------------------------------------------------------------------
2022-05-21 00:25:42,875 epoch 12 - iter 10/107 - loss 0.09676975 - samples/sec: 140.80 - lr: 0.050000
2022-05-21 00:25:45,280 epoch 12 - iter 20/107 - loss 0.09669666 - samples/sec: 133.13 - lr: 0.050000
2022-05-21 00:25:47,636 epoch 12 - iter 30/107 - loss 0.09416198 - samples/sec: 135.87 - lr: 0.050000
2022-05-21 00:25:49,912 epoch 12 - iter 40/107 - loss 0.09380338 - samples/sec: 140.64 - lr: 0.050000
2022-05-21 00:25:52,317 epoch 12 - iter 50/107 - loss 0.09678378 - samples/sec: 133.14 - lr: 0.050000
2022-05-21 00:25:54,760 epoch 12 - iter 60/107 - loss 0.09404561 - samples/sec: 131.04 - lr: 0.050000
2022-05-21 00:25:57,161 epoch 12 - iter 70/107 - loss 0.09296113 - samples/sec: 133.33 - lr: 0.050000
2022-05-21 00:25:59,545 epoch 12 - iter 80/107 - loss 0.09079052 - samples/sec: 134.30 - lr: 0.050000
2022-05-21 00:26:02,135 epoch 12 - iter 90/107 - loss 0.09150432 - samples/sec: 123.58 - lr: 0.050000
2022-05-21 00:26:04,564 epoch 12 - iter 100/107 - loss 0.08948286 - samples/sec: 131.79 - lr: 0.050000
2022-05-21 00:26:06,080 ----------------------------------------------------------------------------------------------------
2022-05-21 00:26:06,081 EPOCH 12 done: loss 0.0895 - lr 0.050000
2022-05-21 00:26:13,131 Evaluating as a multi-label problem: False
2022-05-21 00:26:13,142 DEV : loss 0.19587108492851257 - f1-score (micro avg)  0.4879
2022-05-21 00:26:13,215 BAD EPOCHS (no improvement): 3
2022-05-21 00:26:13,217 ----------------------------------------------------------------------------------------------------
2022-05-21 00:26:15,325 epoch 13 - iter 10/107 - loss 0.08735547 - samples/sec: 151.88 - lr: 0.050000
2022-05-21 00:26:17,399 epoch 13 - iter 20/107 - loss 0.08677293 - samples/sec: 154.35 - lr: 0.050000
2022-05-21 00:26:19,444 epoch 13 - iter 30/107 - loss 0.08680698 - samples/sec: 156.58 - lr: 0.050000
2022-05-21 00:26:21,277 epoch 13 - iter 40/107 - loss 0.08878873 - samples/sec: 174.67 - lr: 0.050000
2022-05-21 00:26:22,552 epoch 13 - iter 50/107 - loss 0.08671932 - samples/sec: 251.17 - lr: 0.050000
2022-05-21 00:26:23,841 epoch 13 - iter 60/107 - loss 0.08663960 - samples/sec: 248.45 - lr: 0.050000
2022-05-21 00:26:25,155 epoch 13 - iter 70/107 - loss 0.08592026 - samples/sec: 243.71 - lr: 0.050000
2022-05-21 00:26:26,437 epoch 13 - iter 80/107 - loss 0.08662166 - samples/sec: 249.92 - lr: 0.050000
2022-05-21 00:26:27,743 epoch 13 - iter 90/107 - loss 0.08746603 - samples/sec: 245.32 - lr: 0.050000
2022-05-21 00:26:29,060 epoch 13 - iter 100/107 - loss 0.08609939 - samples/sec: 243.04 - lr: 0.050000
2022-05-21 00:26:29,889 ----------------------------------------------------------------------------------------------------
2022-05-21 00:26:29,889 EPOCH 13 done: loss 0.0859 - lr 0.050000
2022-05-21 00:26:34,524 Evaluating as a multi-label problem: False
2022-05-21 00:26:34,537 DEV : loss 0.19199824333190918 - f1-score (micro avg)  0.5207
2022-05-21 00:26:34,609 BAD EPOCHS (no improvement): 0
2022-05-21 00:26:34,610 saving best model
2022-05-21 00:26:51,863 ----------------------------------------------------------------------------------------------------
2022-05-21 00:26:53,376 epoch 14 - iter 10/107 - loss 0.08802915 - samples/sec: 211.67 - lr: 0.050000
2022-05-21 00:26:54,634 epoch 14 - iter 20/107 - loss 0.08053884 - samples/sec: 254.73 - lr: 0.050000
2022-05-21 00:26:55,843 epoch 14 - iter 30/107 - loss 0.08119955 - samples/sec: 264.84 - lr: 0.050000
2022-05-21 00:26:57,127 epoch 14 - iter 40/107 - loss 0.08192390 - samples/sec: 249.44 - lr: 0.050000
2022-05-21 00:26:58,426 epoch 14 - iter 50/107 - loss 0.08237090 - samples/sec: 246.55 - lr: 0.050000
2022-05-21 00:26:59,674 epoch 14 - iter 60/107 - loss 0.08273127 - samples/sec: 256.48 - lr: 0.050000
2022-05-21 00:27:00,888 epoch 14 - iter 70/107 - loss 0.08240521 - samples/sec: 263.85 - lr: 0.050000
2022-05-21 00:27:02,151 epoch 14 - iter 80/107 - loss 0.08178926 - samples/sec: 253.66 - lr: 0.050000
2022-05-21 00:27:03,463 epoch 14 - iter 90/107 - loss 0.08196280 - samples/sec: 244.15 - lr: 0.050000
2022-05-21 00:27:04,794 epoch 14 - iter 100/107 - loss 0.08239629 - samples/sec: 240.45 - lr: 0.050000
2022-05-21 00:27:05,615 ----------------------------------------------------------------------------------------------------
2022-05-21 00:27:05,616 EPOCH 14 done: loss 0.0820 - lr 0.050000
2022-05-21 00:27:10,412 Evaluating as a multi-label problem: False
2022-05-21 00:27:10,423 DEV : loss 0.19356314837932587 - f1-score (micro avg)  0.5035
2022-05-21 00:27:10,498 BAD EPOCHS (no improvement): 1
2022-05-21 00:27:10,500 ----------------------------------------------------------------------------------------------------
2022-05-21 00:27:11,935 epoch 15 - iter 10/107 - loss 0.09940954 - samples/sec: 223.29 - lr: 0.050000
2022-05-21 00:27:13,282 epoch 15 - iter 20/107 - loss 0.08534517 - samples/sec: 237.76 - lr: 0.050000
2022-05-21 00:27:14,600 epoch 15 - iter 30/107 - loss 0.08297293 - samples/sec: 243.05 - lr: 0.050000
2022-05-21 00:27:15,873 epoch 15 - iter 40/107 - loss 0.08210583 - samples/sec: 251.59 - lr: 0.050000
2022-05-21 00:27:17,131 epoch 15 - iter 50/107 - loss 0.08192348 - samples/sec: 254.63 - lr: 0.050000
2022-05-21 00:27:18,392 epoch 15 - iter 60/107 - loss 0.08424337 - samples/sec: 254.03 - lr: 0.050000
2022-05-21 00:27:19,716 epoch 15 - iter 70/107 - loss 0.08375837 - samples/sec: 241.95 - lr: 0.050000
2022-05-21 00:27:21,050 epoch 15 - iter 80/107 - loss 0.08286257 - samples/sec: 239.97 - lr: 0.050000
2022-05-21 00:27:23,053 epoch 15 - iter 90/107 - loss 0.08236463 - samples/sec: 159.90 - lr: 0.050000
2022-05-21 00:27:25,409 epoch 15 - iter 100/107 - loss 0.08116232 - samples/sec: 135.87 - lr: 0.050000
2022-05-21 00:27:26,879 ----------------------------------------------------------------------------------------------------
2022-05-21 00:27:26,879 EPOCH 15 done: loss 0.0825 - lr 0.050000
2022-05-21 00:27:34,245 Evaluating as a multi-label problem: False
2022-05-21 00:27:34,257 DEV : loss 0.18210993707180023 - f1-score (micro avg)  0.4894
2022-05-21 00:27:34,331 BAD EPOCHS (no improvement): 2
2022-05-21 00:27:34,334 ----------------------------------------------------------------------------------------------------
2022-05-21 00:27:36,704 epoch 16 - iter 10/107 - loss 0.06742082 - samples/sec: 135.08 - lr: 0.050000
2022-05-21 00:27:39,088 epoch 16 - iter 20/107 - loss 0.06972853 - samples/sec: 134.28 - lr: 0.050000
2022-05-21 00:27:41,490 epoch 16 - iter 30/107 - loss 0.07172460 - samples/sec: 133.31 - lr: 0.050000
2022-05-21 00:27:43,871 epoch 16 - iter 40/107 - loss 0.07466794 - samples/sec: 134.42 - lr: 0.050000
2022-05-21 00:27:46,329 epoch 16 - iter 50/107 - loss 0.07827720 - samples/sec: 130.23 - lr: 0.050000
2022-05-21 00:27:48,725 epoch 16 - iter 60/107 - loss 0.07889569 - samples/sec: 133.63 - lr: 0.050000
2022-05-21 00:27:51,138 epoch 16 - iter 70/107 - loss 0.07791678 - samples/sec: 132.68 - lr: 0.050000
2022-05-21 00:27:53,590 epoch 16 - iter 80/107 - loss 0.07776800 - samples/sec: 130.55 - lr: 0.050000
2022-05-21 00:27:56,156 epoch 16 - iter 90/107 - loss 0.07826602 - samples/sec: 124.77 - lr: 0.050000
2022-05-21 00:27:58,683 epoch 16 - iter 100/107 - loss 0.07853241 - samples/sec: 126.67 - lr: 0.050000
2022-05-21 00:28:00,129 ----------------------------------------------------------------------------------------------------
2022-05-21 00:28:00,129 EPOCH 16 done: loss 0.0782 - lr 0.050000
2022-05-21 00:28:06,794 Evaluating as a multi-label problem: False
2022-05-21 00:28:06,806 DEV : loss 0.18611489236354828 - f1-score (micro avg)  0.4911
2022-05-21 00:28:06,878 BAD EPOCHS (no improvement): 3
2022-05-21 00:28:06,880 ----------------------------------------------------------------------------------------------------
2022-05-21 00:28:08,921 epoch 17 - iter 10/107 - loss 0.06912638 - samples/sec: 156.91 - lr: 0.050000
2022-05-21 00:28:10,952 epoch 17 - iter 20/107 - loss 0.07806715 - samples/sec: 157.64 - lr: 0.050000
2022-05-21 00:28:13,352 epoch 17 - iter 30/107 - loss 0.07584270 - samples/sec: 133.40 - lr: 0.050000
2022-05-21 00:28:15,715 epoch 17 - iter 40/107 - loss 0.07369426 - samples/sec: 135.50 - lr: 0.050000
2022-05-21 00:28:18,079 epoch 17 - iter 50/107 - loss 0.07689052 - samples/sec: 135.39 - lr: 0.050000
2022-05-21 00:28:20,498 epoch 17 - iter 60/107 - loss 0.07514243 - samples/sec: 132.37 - lr: 0.050000
2022-05-21 00:28:23,004 epoch 17 - iter 70/107 - loss 0.07585161 - samples/sec: 127.72 - lr: 0.050000
2022-05-21 00:28:25,547 epoch 17 - iter 80/107 - loss 0.07888833 - samples/sec: 125.89 - lr: 0.050000
2022-05-21 00:28:28,019 epoch 17 - iter 90/107 - loss 0.07866014 - samples/sec: 129.49 - lr: 0.050000
2022-05-21 00:28:30,384 epoch 17 - iter 100/107 - loss 0.07871629 - samples/sec: 135.39 - lr: 0.050000
2022-05-21 00:28:31,911 ----------------------------------------------------------------------------------------------------
2022-05-21 00:28:31,912 EPOCH 17 done: loss 0.0782 - lr 0.050000
2022-05-21 00:28:41,395 Evaluating as a multi-label problem: False
2022-05-21 00:28:41,406 DEV : loss 0.2086101472377777 - f1-score (micro avg)  0.4672
2022-05-21 00:28:41,479 Epoch    17: reducing learning rate of group 0 to 2.5000e-02.
2022-05-21 00:28:41,480 BAD EPOCHS (no improvement): 4
2022-05-21 00:28:41,485 ----------------------------------------------------------------------------------------------------
2022-05-21 00:28:43,965 epoch 18 - iter 10/107 - loss 0.07608021 - samples/sec: 129.11 - lr: 0.025000
2022-05-21 00:28:46,316 epoch 18 - iter 20/107 - loss 0.07862710 - samples/sec: 136.17 - lr: 0.025000
2022-05-21 00:28:48,863 epoch 18 - iter 30/107 - loss 0.07279154 - samples/sec: 133.27 - lr: 0.025000
2022-05-21 00:28:50,991 epoch 18 - iter 40/107 - loss 0.07617781 - samples/sec: 150.47 - lr: 0.025000
2022-05-21 00:28:53,131 epoch 18 - iter 50/107 - loss 0.07525288 - samples/sec: 149.56 - lr: 0.025000
2022-05-21 00:28:55,104 epoch 18 - iter 60/107 - loss 0.07223088 - samples/sec: 162.29 - lr: 0.025000
2022-05-21 00:28:57,312 epoch 18 - iter 70/107 - loss 0.07073749 - samples/sec: 145.03 - lr: 0.025000
2022-05-21 00:28:59,442 epoch 18 - iter 80/107 - loss 0.07200808 - samples/sec: 150.32 - lr: 0.025000
2022-05-21 00:29:01,547 epoch 18 - iter 90/107 - loss 0.07258319 - samples/sec: 152.04 - lr: 0.025000
2022-05-21 00:29:03,994 epoch 18 - iter 100/107 - loss 0.07279450 - samples/sec: 130.83 - lr: 0.025000
2022-05-21 00:29:05,473 ----------------------------------------------------------------------------------------------------
2022-05-21 00:29:05,473 EPOCH 18 done: loss 0.0747 - lr 0.025000
2022-05-21 00:29:13,107 Evaluating as a multi-label problem: False
2022-05-21 00:29:13,119 DEV : loss 0.1850588172674179 - f1-score (micro avg)  0.5137
2022-05-21 00:29:13,194 BAD EPOCHS (no improvement): 1
2022-05-21 00:29:13,197 ----------------------------------------------------------------------------------------------------
2022-05-21 00:29:15,681 epoch 19 - iter 10/107 - loss 0.05948402 - samples/sec: 128.89 - lr: 0.025000
2022-05-21 00:29:17,958 epoch 19 - iter 20/107 - loss 0.06378317 - samples/sec: 140.60 - lr: 0.025000
2022-05-21 00:29:20,453 epoch 19 - iter 30/107 - loss 0.07052069 - samples/sec: 128.31 - lr: 0.025000
2022-05-21 00:29:22,916 epoch 19 - iter 40/107 - loss 0.06862218 - samples/sec: 129.96 - lr: 0.025000
2022-05-21 00:29:25,380 epoch 19 - iter 50/107 - loss 0.07070388 - samples/sec: 129.91 - lr: 0.025000
2022-05-21 00:29:27,737 epoch 19 - iter 60/107 - loss 0.07033115 - samples/sec: 135.82 - lr: 0.025000
2022-05-21 00:29:30,243 epoch 19 - iter 70/107 - loss 0.07038371 - samples/sec: 127.79 - lr: 0.025000
2022-05-21 00:29:32,708 epoch 19 - iter 80/107 - loss 0.06988850 - samples/sec: 129.83 - lr: 0.025000
2022-05-21 00:29:35,070 epoch 19 - iter 90/107 - loss 0.06953419 - samples/sec: 135.57 - lr: 0.025000
2022-05-21 00:29:37,533 epoch 19 - iter 100/107 - loss 0.06865371 - samples/sec: 129.97 - lr: 0.025000
2022-05-21 00:29:38,966 ----------------------------------------------------------------------------------------------------
2022-05-21 00:29:38,966 EPOCH 19 done: loss 0.0696 - lr 0.025000
2022-05-21 00:29:46,200 Evaluating as a multi-label problem: False
2022-05-21 00:29:46,213 DEV : loss 0.19053664803504944 - f1-score (micro avg)  0.4968
2022-05-21 00:29:46,287 BAD EPOCHS (no improvement): 2
2022-05-21 00:29:46,288 ----------------------------------------------------------------------------------------------------
2022-05-21 00:29:48,452 epoch 20 - iter 10/107 - loss 0.07397137 - samples/sec: 148.01 - lr: 0.025000
2022-05-21 00:29:50,545 epoch 20 - iter 20/107 - loss 0.06657557 - samples/sec: 152.93 - lr: 0.025000
2022-05-21 00:29:51,996 epoch 20 - iter 30/107 - loss 0.06674799 - samples/sec: 220.82 - lr: 0.025000
2022-05-21 00:29:53,244 epoch 20 - iter 40/107 - loss 0.06648198 - samples/sec: 256.53 - lr: 0.025000
2022-05-21 00:29:54,483 epoch 20 - iter 50/107 - loss 0.06550752 - samples/sec: 258.48 - lr: 0.025000
2022-05-21 00:29:55,740 epoch 20 - iter 60/107 - loss 0.06528601 - samples/sec: 254.77 - lr: 0.025000
2022-05-21 00:29:57,005 epoch 20 - iter 70/107 - loss 0.06738804 - samples/sec: 253.15 - lr: 0.025000
2022-05-21 00:29:58,258 epoch 20 - iter 80/107 - loss 0.06673788 - samples/sec: 255.73 - lr: 0.025000
2022-05-21 00:29:59,533 epoch 20 - iter 90/107 - loss 0.06832153 - samples/sec: 251.12 - lr: 0.025000
2022-05-21 00:30:00,782 epoch 20 - iter 100/107 - loss 0.06785990 - samples/sec: 256.33 - lr: 0.025000
2022-05-21 00:30:01,601 ----------------------------------------------------------------------------------------------------
2022-05-21 00:30:01,601 EPOCH 20 done: loss 0.0680 - lr 0.025000
2022-05-21 00:30:06,302 Evaluating as a multi-label problem: False
2022-05-21 00:30:06,313 DEV : loss 0.17838896811008453 - f1-score (micro avg)  0.5119
2022-05-21 00:30:06,387 BAD EPOCHS (no improvement): 3
2022-05-21 00:30:06,389 ----------------------------------------------------------------------------------------------------
2022-05-21 00:30:07,823 epoch 21 - iter 10/107 - loss 0.06329938 - samples/sec: 223.40 - lr: 0.025000
2022-05-21 00:30:09,197 epoch 21 - iter 20/107 - loss 0.06088870 - samples/sec: 233.03 - lr: 0.025000
2022-05-21 00:30:10,523 epoch 21 - iter 30/107 - loss 0.06238097 - samples/sec: 241.65 - lr: 0.025000
2022-05-21 00:30:11,813 epoch 21 - iter 40/107 - loss 0.06529201 - samples/sec: 248.16 - lr: 0.025000
2022-05-21 00:30:13,133 epoch 21 - iter 50/107 - loss 0.06488486 - samples/sec: 242.57 - lr: 0.025000
2022-05-21 00:30:14,476 epoch 21 - iter 60/107 - loss 0.06800416 - samples/sec: 238.48 - lr: 0.025000
2022-05-21 00:30:15,854 epoch 21 - iter 70/107 - loss 0.06664618 - samples/sec: 232.37 - lr: 0.025000
2022-05-21 00:30:17,163 epoch 21 - iter 80/107 - loss 0.06565512 - samples/sec: 244.69 - lr: 0.025000
2022-05-21 00:30:18,487 epoch 21 - iter 90/107 - loss 0.06742416 - samples/sec: 241.92 - lr: 0.025000
2022-05-21 00:30:19,817 epoch 21 - iter 100/107 - loss 0.06723530 - samples/sec: 240.84 - lr: 0.025000
2022-05-21 00:30:20,622 ----------------------------------------------------------------------------------------------------
2022-05-21 00:30:20,622 EPOCH 21 done: loss 0.0664 - lr 0.025000
2022-05-21 00:30:25,374 Evaluating as a multi-label problem: False
2022-05-21 00:30:25,386 DEV : loss 0.19444966316223145 - f1-score (micro avg)  0.509
2022-05-21 00:30:25,460 Epoch    21: reducing learning rate of group 0 to 1.2500e-02.
2022-05-21 00:30:25,460 BAD EPOCHS (no improvement): 4
2022-05-21 00:30:25,462 ----------------------------------------------------------------------------------------------------
2022-05-21 00:30:26,802 epoch 22 - iter 10/107 - loss 0.06548413 - samples/sec: 239.10 - lr: 0.012500
2022-05-21 00:30:28,153 epoch 22 - iter 20/107 - loss 0.06086490 - samples/sec: 237.21 - lr: 0.012500
2022-05-21 00:30:29,441 epoch 22 - iter 30/107 - loss 0.06357703 - samples/sec: 248.54 - lr: 0.012500
2022-05-21 00:30:30,754 epoch 22 - iter 40/107 - loss 0.06257182 - samples/sec: 244.07 - lr: 0.012500
2022-05-21 00:30:32,068 epoch 22 - iter 50/107 - loss 0.06488482 - samples/sec: 243.70 - lr: 0.012500
2022-05-21 00:30:33,390 epoch 22 - iter 60/107 - loss 0.06541406 - samples/sec: 242.15 - lr: 0.012500
2022-05-21 00:30:34,702 epoch 22 - iter 70/107 - loss 0.06471188 - samples/sec: 244.22 - lr: 0.012500
2022-05-21 00:30:36,011 epoch 22 - iter 80/107 - loss 0.06401448 - samples/sec: 244.51 - lr: 0.012500
2022-05-21 00:30:37,310 epoch 22 - iter 90/107 - loss 0.06359186 - samples/sec: 246.54 - lr: 0.012500
2022-05-21 00:30:38,686 epoch 22 - iter 100/107 - loss 0.06531212 - samples/sec: 232.79 - lr: 0.012500
2022-05-21 00:30:39,489 ----------------------------------------------------------------------------------------------------
2022-05-21 00:30:39,490 EPOCH 22 done: loss 0.0654 - lr 0.012500
2022-05-21 00:30:44,121 Evaluating as a multi-label problem: False
2022-05-21 00:30:44,132 DEV : loss 0.18874093890190125 - f1-score (micro avg)  0.4981
2022-05-21 00:30:44,204 BAD EPOCHS (no improvement): 1
2022-05-21 00:30:44,206 ----------------------------------------------------------------------------------------------------
2022-05-21 00:30:45,624 epoch 23 - iter 10/107 - loss 0.06317022 - samples/sec: 225.92 - lr: 0.012500
2022-05-21 00:30:46,917 epoch 23 - iter 20/107 - loss 0.06169519 - samples/sec: 247.76 - lr: 0.012500
2022-05-21 00:30:48,157 epoch 23 - iter 30/107 - loss 0.06366803 - samples/sec: 258.15 - lr: 0.012500
2022-05-21 00:30:49,486 epoch 23 - iter 40/107 - loss 0.06287370 - samples/sec: 241.02 - lr: 0.012500
2022-05-21 00:30:50,774 epoch 23 - iter 50/107 - loss 0.06509140 - samples/sec: 248.65 - lr: 0.012500
2022-05-21 00:30:52,053 epoch 23 - iter 60/107 - loss 0.06597386 - samples/sec: 250.40 - lr: 0.012500
2022-05-21 00:30:54,159 epoch 23 - iter 70/107 - loss 0.06548099 - samples/sec: 151.98 - lr: 0.012500
2022-05-21 00:30:56,552 epoch 23 - iter 80/107 - loss 0.06531471 - samples/sec: 133.78 - lr: 0.012500
2022-05-21 00:30:59,009 epoch 23 - iter 90/107 - loss 0.06562059 - samples/sec: 130.30 - lr: 0.012500
2022-05-21 00:31:01,286 epoch 23 - iter 100/107 - loss 0.06477529 - samples/sec: 140.60 - lr: 0.012500
2022-05-21 00:31:02,778 ----------------------------------------------------------------------------------------------------
2022-05-21 00:31:02,778 EPOCH 23 done: loss 0.0641 - lr 0.012500
2022-05-21 00:31:10,236 Evaluating as a multi-label problem: False
2022-05-21 00:31:10,247 DEV : loss 0.1904381364583969 - f1-score (micro avg)  0.4988
2022-05-21 00:31:10,322 BAD EPOCHS (no improvement): 2
2022-05-21 00:31:10,336 ----------------------------------------------------------------------------------------------------
2022-05-21 00:31:12,796 epoch 24 - iter 10/107 - loss 0.06797492 - samples/sec: 130.19 - lr: 0.012500
2022-05-21 00:31:15,238 epoch 24 - iter 20/107 - loss 0.06970155 - samples/sec: 131.13 - lr: 0.012500
2022-05-21 00:31:17,572 epoch 24 - iter 30/107 - loss 0.06720899 - samples/sec: 137.19 - lr: 0.012500
2022-05-21 00:31:20,027 epoch 24 - iter 40/107 - loss 0.06635244 - samples/sec: 130.40 - lr: 0.012500
2022-05-21 00:31:22,505 epoch 24 - iter 50/107 - loss 0.06604229 - samples/sec: 129.15 - lr: 0.012500
2022-05-21 00:31:24,865 epoch 24 - iter 60/107 - loss 0.06769644 - samples/sec: 135.69 - lr: 0.012500
2022-05-21 00:31:27,376 epoch 24 - iter 70/107 - loss 0.06382898 - samples/sec: 127.50 - lr: 0.012500
2022-05-21 00:31:29,865 epoch 24 - iter 80/107 - loss 0.06438633 - samples/sec: 128.62 - lr: 0.012500
2022-05-21 00:31:32,247 epoch 24 - iter 90/107 - loss 0.06422566 - samples/sec: 134.35 - lr: 0.012500
2022-05-21 00:31:34,568 epoch 24 - iter 100/107 - loss 0.06321596 - samples/sec: 137.96 - lr: 0.012500
2022-05-21 00:31:35,902 ----------------------------------------------------------------------------------------------------
2022-05-21 00:31:35,902 EPOCH 24 done: loss 0.0640 - lr 0.012500
2022-05-21 00:31:42,499 Evaluating as a multi-label problem: False
2022-05-21 00:31:42,510 DEV : loss 0.19760827720165253 - f1-score (micro avg)  0.4884
2022-05-21 00:31:42,582 BAD EPOCHS (no improvement): 3
2022-05-21 00:31:42,583 ----------------------------------------------------------------------------------------------------
2022-05-21 00:31:44,992 epoch 25 - iter 10/107 - loss 0.07311072 - samples/sec: 132.95 - lr: 0.012500
2022-05-21 00:31:47,274 epoch 25 - iter 20/107 - loss 0.06121520 - samples/sec: 140.27 - lr: 0.012500
2022-05-21 00:31:49,661 epoch 25 - iter 30/107 - loss 0.06103579 - samples/sec: 134.12 - lr: 0.012500
2022-05-21 00:31:52,151 epoch 25 - iter 40/107 - loss 0.06176048 - samples/sec: 128.56 - lr: 0.012500
2022-05-21 00:31:54,610 epoch 25 - iter 50/107 - loss 0.06001188 - samples/sec: 130.22 - lr: 0.012500
2022-05-21 00:31:57,136 epoch 25 - iter 60/107 - loss 0.06009075 - samples/sec: 126.74 - lr: 0.012500
2022-05-21 00:31:59,592 epoch 25 - iter 70/107 - loss 0.06085617 - samples/sec: 130.32 - lr: 0.012500
2022-05-21 00:32:01,823 epoch 25 - iter 80/107 - loss 0.06103911 - samples/sec: 143.52 - lr: 0.012500
2022-05-21 00:32:04,233 epoch 25 - iter 90/107 - loss 0.06236971 - samples/sec: 132.87 - lr: 0.012500
2022-05-21 00:32:06,692 epoch 25 - iter 100/107 - loss 0.06188848 - samples/sec: 130.18 - lr: 0.012500
2022-05-21 00:32:08,209 ----------------------------------------------------------------------------------------------------
2022-05-21 00:32:08,209 EPOCH 25 done: loss 0.0615 - lr 0.012500
2022-05-21 00:32:15,911 Evaluating as a multi-label problem: False
2022-05-21 00:32:15,923 DEV : loss 0.1886780858039856 - f1-score (micro avg)  0.4969
2022-05-21 00:32:15,997 Epoch    25: reducing learning rate of group 0 to 6.2500e-03.
2022-05-21 00:32:15,997 BAD EPOCHS (no improvement): 4
2022-05-21 00:32:16,023 ----------------------------------------------------------------------------------------------------
2022-05-21 00:32:18,523 epoch 26 - iter 10/107 - loss 0.06351271 - samples/sec: 128.10 - lr: 0.006250
2022-05-21 00:32:21,023 epoch 26 - iter 20/107 - loss 0.06810088 - samples/sec: 128.05 - lr: 0.006250
2022-05-21 00:32:23,489 epoch 26 - iter 30/107 - loss 0.06457572 - samples/sec: 129.80 - lr: 0.006250
2022-05-21 00:32:25,607 epoch 26 - iter 40/107 - loss 0.06474810 - samples/sec: 151.19 - lr: 0.006250
2022-05-21 00:32:27,914 epoch 26 - iter 50/107 - loss 0.06524515 - samples/sec: 138.74 - lr: 0.006250
2022-05-21 00:32:30,098 epoch 26 - iter 60/107 - loss 0.06506642 - samples/sec: 146.62 - lr: 0.006250
2022-05-21 00:32:32,254 epoch 26 - iter 70/107 - loss 0.06325228 - samples/sec: 148.49 - lr: 0.006250
2022-05-21 00:32:34,424 epoch 26 - iter 80/107 - loss 0.06187822 - samples/sec: 147.53 - lr: 0.006250
2022-05-21 00:32:36,608 epoch 26 - iter 90/107 - loss 0.06227635 - samples/sec: 146.60 - lr: 0.006250
2022-05-21 00:32:38,954 epoch 26 - iter 100/107 - loss 0.06187537 - samples/sec: 136.42 - lr: 0.006250
2022-05-21 00:32:40,329 ----------------------------------------------------------------------------------------------------
2022-05-21 00:32:40,329 EPOCH 26 done: loss 0.0614 - lr 0.006250
2022-05-21 00:32:49,931 Evaluating as a multi-label problem: False
2022-05-21 00:32:49,942 DEV : loss 0.1916096955537796 - f1-score (micro avg)  0.4922
2022-05-21 00:32:50,014 BAD EPOCHS (no improvement): 1
2022-05-21 00:32:50,016 ----------------------------------------------------------------------------------------------------
2022-05-21 00:32:52,450 epoch 27 - iter 10/107 - loss 0.06230572 - samples/sec: 131.53 - lr: 0.006250
2022-05-21 00:32:54,846 epoch 27 - iter 20/107 - loss 0.05921496 - samples/sec: 133.64 - lr: 0.006250
2022-05-21 00:32:57,191 epoch 27 - iter 30/107 - loss 0.06062699 - samples/sec: 136.47 - lr: 0.006250
2022-05-21 00:32:59,428 epoch 27 - iter 40/107 - loss 0.06007685 - samples/sec: 143.14 - lr: 0.006250
2022-05-21 00:33:01,885 epoch 27 - iter 50/107 - loss 0.06067409 - samples/sec: 130.27 - lr: 0.006250
2022-05-21 00:33:04,406 epoch 27 - iter 60/107 - loss 0.05969791 - samples/sec: 127.02 - lr: 0.006250
2022-05-21 00:33:06,960 epoch 27 - iter 70/107 - loss 0.06004003 - samples/sec: 125.33 - lr: 0.006250
2022-05-21 00:33:09,356 epoch 27 - iter 80/107 - loss 0.06179153 - samples/sec: 133.61 - lr: 0.006250
2022-05-21 00:33:11,691 epoch 27 - iter 90/107 - loss 0.06210971 - samples/sec: 137.09 - lr: 0.006250
2022-05-21 00:33:13,915 epoch 27 - iter 100/107 - loss 0.06145777 - samples/sec: 143.94 - lr: 0.006250
2022-05-21 00:33:15,315 ----------------------------------------------------------------------------------------------------
2022-05-21 00:33:15,315 EPOCH 27 done: loss 0.0624 - lr 0.006250
2022-05-21 00:33:21,999 Evaluating as a multi-label problem: False
2022-05-21 00:33:22,010 DEV : loss 0.19079352915287018 - f1-score (micro avg)  0.4907
2022-05-21 00:33:22,083 BAD EPOCHS (no improvement): 2
2022-05-21 00:33:22,085 ----------------------------------------------------------------------------------------------------
2022-05-21 00:33:24,362 epoch 28 - iter 10/107 - loss 0.06146495 - samples/sec: 140.66 - lr: 0.006250
2022-05-21 00:33:26,821 epoch 28 - iter 20/107 - loss 0.06568086 - samples/sec: 130.15 - lr: 0.006250
2022-05-21 00:33:29,133 epoch 28 - iter 30/107 - loss 0.06613495 - samples/sec: 138.50 - lr: 0.006250
2022-05-21 00:33:31,537 epoch 28 - iter 40/107 - loss 0.06733500 - samples/sec: 133.19 - lr: 0.006250
2022-05-21 00:33:33,936 epoch 28 - iter 50/107 - loss 0.06265351 - samples/sec: 133.45 - lr: 0.006250
2022-05-21 00:33:36,419 epoch 28 - iter 60/107 - loss 0.06194250 - samples/sec: 128.91 - lr: 0.006250
2022-05-21 00:33:38,871 epoch 28 - iter 70/107 - loss 0.06019900 - samples/sec: 130.57 - lr: 0.006250
2022-05-21 00:33:41,139 epoch 28 - iter 80/107 - loss 0.06066293 - samples/sec: 141.21 - lr: 0.006250
2022-05-21 00:33:43,417 epoch 28 - iter 90/107 - loss 0.06103181 - samples/sec: 140.53 - lr: 0.006250
2022-05-21 00:33:45,786 epoch 28 - iter 100/107 - loss 0.05928531 - samples/sec: 135.14 - lr: 0.006250
2022-05-21 00:33:47,382 ----------------------------------------------------------------------------------------------------
2022-05-21 00:33:47,382 EPOCH 28 done: loss 0.0604 - lr 0.006250
2022-05-21 00:33:54,639 Evaluating as a multi-label problem: False
2022-05-21 00:33:54,652 DEV : loss 0.1910349726676941 - f1-score (micro avg)  0.4988
2022-05-21 00:33:54,725 BAD EPOCHS (no improvement): 3
2022-05-21 00:33:54,727 ----------------------------------------------------------------------------------------------------
2022-05-21 00:33:57,182 epoch 29 - iter 10/107 - loss 0.06059146 - samples/sec: 130.42 - lr: 0.006250
2022-05-21 00:33:59,624 epoch 29 - iter 20/107 - loss 0.05861388 - samples/sec: 131.12 - lr: 0.006250
2022-05-21 00:34:01,832 epoch 29 - iter 30/107 - loss 0.06012896 - samples/sec: 144.95 - lr: 0.006250
2022-05-21 00:34:04,169 epoch 29 - iter 40/107 - loss 0.06161154 - samples/sec: 137.00 - lr: 0.006250
2022-05-21 00:34:06,470 epoch 29 - iter 50/107 - loss 0.06105124 - samples/sec: 139.13 - lr: 0.006250
2022-05-21 00:34:08,652 epoch 29 - iter 60/107 - loss 0.06104249 - samples/sec: 146.70 - lr: 0.006250
2022-05-21 00:34:10,696 epoch 29 - iter 70/107 - loss 0.06066290 - samples/sec: 156.65 - lr: 0.006250
2022-05-21 00:34:12,836 epoch 29 - iter 80/107 - loss 0.05932375 - samples/sec: 149.63 - lr: 0.006250
2022-05-21 00:34:15,086 epoch 29 - iter 90/107 - loss 0.05945694 - samples/sec: 142.28 - lr: 0.006250
2022-05-21 00:34:16,389 epoch 29 - iter 100/107 - loss 0.05881269 - samples/sec: 245.78 - lr: 0.006250
2022-05-21 00:34:17,171 ----------------------------------------------------------------------------------------------------
2022-05-21 00:34:17,171 EPOCH 29 done: loss 0.0592 - lr 0.006250
2022-05-21 00:34:21,951 Evaluating as a multi-label problem: False
2022-05-21 00:34:21,963 DEV : loss 0.18822649121284485 - f1-score (micro avg)  0.4939
2022-05-21 00:34:22,037 Epoch    29: reducing learning rate of group 0 to 3.1250e-03.
2022-05-21 00:34:22,037 BAD EPOCHS (no improvement): 4
2022-05-21 00:34:22,108 ----------------------------------------------------------------------------------------------------
2022-05-21 00:34:23,534 epoch 30 - iter 10/107 - loss 0.06469632 - samples/sec: 224.64 - lr: 0.003125
2022-05-21 00:34:24,928 epoch 30 - iter 20/107 - loss 0.05970029 - samples/sec: 229.69 - lr: 0.003125
2022-05-21 00:34:26,258 epoch 30 - iter 30/107 - loss 0.05920403 - samples/sec: 240.94 - lr: 0.003125
2022-05-21 00:34:27,625 epoch 30 - iter 40/107 - loss 0.05959505 - samples/sec: 234.15 - lr: 0.003125
2022-05-21 00:34:28,949 epoch 30 - iter 50/107 - loss 0.05756576 - samples/sec: 242.04 - lr: 0.003125
2022-05-21 00:34:30,267 epoch 30 - iter 60/107 - loss 0.05932155 - samples/sec: 242.98 - lr: 0.003125
2022-05-21 00:34:31,601 epoch 30 - iter 70/107 - loss 0.06045976 - samples/sec: 240.01 - lr: 0.003125
2022-05-21 00:34:32,968 epoch 30 - iter 80/107 - loss 0.06092747 - samples/sec: 234.32 - lr: 0.003125
2022-05-21 00:34:34,235 epoch 30 - iter 90/107 - loss 0.06033887 - samples/sec: 252.65 - lr: 0.003125
2022-05-21 00:34:35,485 epoch 30 - iter 100/107 - loss 0.05978820 - samples/sec: 256.28 - lr: 0.003125
2022-05-21 00:34:36,279 ----------------------------------------------------------------------------------------------------
2022-05-21 00:34:36,280 EPOCH 30 done: loss 0.0595 - lr 0.003125
2022-05-21 00:34:40,829 Evaluating as a multi-label problem: False
2022-05-21 00:34:40,840 DEV : loss 0.1924910843372345 - f1-score (micro avg)  0.4973
2022-05-21 00:34:40,912 BAD EPOCHS (no improvement): 1
2022-05-21 00:34:40,914 ----------------------------------------------------------------------------------------------------
2022-05-21 00:34:42,286 epoch 31 - iter 10/107 - loss 0.05429942 - samples/sec: 233.47 - lr: 0.003125
2022-05-21 00:34:43,634 epoch 31 - iter 20/107 - loss 0.05867785 - samples/sec: 237.57 - lr: 0.003125
2022-05-21 00:34:44,963 epoch 31 - iter 30/107 - loss 0.05822959 - samples/sec: 240.95 - lr: 0.003125
2022-05-21 00:34:46,276 epoch 31 - iter 40/107 - loss 0.05728029 - samples/sec: 244.02 - lr: 0.003125
2022-05-21 00:34:47,569 epoch 31 - iter 50/107 - loss 0.05914970 - samples/sec: 247.58 - lr: 0.003125
2022-05-21 00:34:48,888 epoch 31 - iter 60/107 - loss 0.05856797 - samples/sec: 242.85 - lr: 0.003125
2022-05-21 00:34:50,193 epoch 31 - iter 70/107 - loss 0.06065902 - samples/sec: 245.37 - lr: 0.003125
2022-05-21 00:34:51,493 epoch 31 - iter 80/107 - loss 0.06039910 - samples/sec: 246.44 - lr: 0.003125
2022-05-21 00:34:52,838 epoch 31 - iter 90/107 - loss 0.05932898 - samples/sec: 238.05 - lr: 0.003125
2022-05-21 00:34:54,176 epoch 31 - iter 100/107 - loss 0.05942350 - samples/sec: 239.26 - lr: 0.003125
2022-05-21 00:34:55,035 ----------------------------------------------------------------------------------------------------
2022-05-21 00:34:55,035 EPOCH 31 done: loss 0.0600 - lr 0.003125
2022-05-21 00:34:59,956 Evaluating as a multi-label problem: False
2022-05-21 00:34:59,967 DEV : loss 0.1934189796447754 - f1-score (micro avg)  0.4934
2022-05-21 00:35:00,040 BAD EPOCHS (no improvement): 2
2022-05-21 00:35:00,042 ----------------------------------------------------------------------------------------------------
2022-05-21 00:35:01,438 epoch 32 - iter 10/107 - loss 0.06191569 - samples/sec: 229.40 - lr: 0.003125
2022-05-21 00:35:02,767 epoch 32 - iter 20/107 - loss 0.05911693 - samples/sec: 241.01 - lr: 0.003125
2022-05-21 00:35:04,115 epoch 32 - iter 30/107 - loss 0.06322748 - samples/sec: 237.66 - lr: 0.003125
2022-05-21 00:35:05,431 epoch 32 - iter 40/107 - loss 0.06322009 - samples/sec: 243.27 - lr: 0.003125
2022-05-21 00:35:06,765 epoch 32 - iter 50/107 - loss 0.06221703 - samples/sec: 240.01 - lr: 0.003125
2022-05-21 00:35:08,130 epoch 32 - iter 60/107 - loss 0.06187448 - samples/sec: 234.62 - lr: 0.003125
2022-05-21 00:35:09,414 epoch 32 - iter 70/107 - loss 0.06172469 - samples/sec: 249.58 - lr: 0.003125
2022-05-21 00:35:10,754 epoch 32 - iter 80/107 - loss 0.06069513 - samples/sec: 238.98 - lr: 0.003125
2022-05-21 00:35:12,112 epoch 32 - iter 90/107 - loss 0.05970608 - samples/sec: 235.74 - lr: 0.003125
2022-05-21 00:35:13,489 epoch 32 - iter 100/107 - loss 0.05885235 - samples/sec: 232.60 - lr: 0.003125
2022-05-21 00:35:14,356 ----------------------------------------------------------------------------------------------------
2022-05-21 00:35:14,356 EPOCH 32 done: loss 0.0588 - lr 0.003125
2022-05-21 00:35:20,438 Evaluating as a multi-label problem: False
2022-05-21 00:35:20,450 DEV : loss 0.1915925294160843 - f1-score (micro avg)  0.4927
2022-05-21 00:35:20,524 BAD EPOCHS (no improvement): 3
2022-05-21 00:35:20,525 ----------------------------------------------------------------------------------------------------
2022-05-21 00:35:22,900 epoch 33 - iter 10/107 - loss 0.05237099 - samples/sec: 134.83 - lr: 0.003125
2022-05-21 00:35:25,262 epoch 33 - iter 20/107 - loss 0.05714131 - samples/sec: 135.57 - lr: 0.003125
2022-05-21 00:35:27,761 epoch 33 - iter 30/107 - loss 0.05474059 - samples/sec: 128.11 - lr: 0.003125
2022-05-21 00:35:30,211 epoch 33 - iter 40/107 - loss 0.05370276 - samples/sec: 130.66 - lr: 0.003125
2022-05-21 00:35:32,656 epoch 33 - iter 50/107 - loss 0.05536731 - samples/sec: 130.94 - lr: 0.003125
2022-05-21 00:35:34,899 epoch 33 - iter 60/107 - loss 0.05692271 - samples/sec: 142.73 - lr: 0.003125
2022-05-21 00:35:37,199 epoch 33 - iter 70/107 - loss 0.05662146 - samples/sec: 139.23 - lr: 0.003125
2022-05-21 00:35:39,530 epoch 33 - iter 80/107 - loss 0.05664505 - samples/sec: 137.30 - lr: 0.003125
2022-05-21 00:35:42,007 epoch 33 - iter 90/107 - loss 0.05734371 - samples/sec: 129.28 - lr: 0.003125
2022-05-21 00:35:44,277 epoch 33 - iter 100/107 - loss 0.05753095 - samples/sec: 141.03 - lr: 0.003125
2022-05-21 00:35:45,867 ----------------------------------------------------------------------------------------------------
2022-05-21 00:35:45,867 EPOCH 33 done: loss 0.0575 - lr 0.003125
2022-05-21 00:35:53,162 Evaluating as a multi-label problem: False
2022-05-21 00:35:53,173 DEV : loss 0.1891016662120819 - f1-score (micro avg)  0.4939
2022-05-21 00:35:53,246 Epoch    33: reducing learning rate of group 0 to 1.5625e-03.
2022-05-21 00:35:53,246 BAD EPOCHS (no improvement): 4
2022-05-21 00:35:53,249 ----------------------------------------------------------------------------------------------------
2022-05-21 00:35:55,780 epoch 34 - iter 10/107 - loss 0.05362502 - samples/sec: 126.50 - lr: 0.001563
2022-05-21 00:35:58,008 epoch 34 - iter 20/107 - loss 0.05643359 - samples/sec: 143.65 - lr: 0.001563
2022-05-21 00:36:00,197 epoch 34 - iter 30/107 - loss 0.05448041 - samples/sec: 146.29 - lr: 0.001563
2022-05-21 00:36:02,245 epoch 34 - iter 40/107 - loss 0.05516553 - samples/sec: 156.29 - lr: 0.001563
2022-05-21 00:36:04,472 epoch 34 - iter 50/107 - loss 0.05508124 - samples/sec: 143.74 - lr: 0.001563
2022-05-21 00:36:06,494 epoch 34 - iter 60/107 - loss 0.05619339 - samples/sec: 158.40 - lr: 0.001563
2022-05-21 00:36:08,617 epoch 34 - iter 70/107 - loss 0.05784172 - samples/sec: 150.81 - lr: 0.001563
2022-05-21 00:36:10,984 epoch 34 - iter 80/107 - loss 0.05745942 - samples/sec: 135.24 - lr: 0.001563
2022-05-21 00:36:13,427 epoch 34 - iter 90/107 - loss 0.05838255 - samples/sec: 131.05 - lr: 0.001563
2022-05-21 00:36:15,948 epoch 34 - iter 100/107 - loss 0.05862686 - samples/sec: 127.01 - lr: 0.001563
2022-05-21 00:36:17,439 ----------------------------------------------------------------------------------------------------
2022-05-21 00:36:17,439 EPOCH 34 done: loss 0.0592 - lr 0.001563
2022-05-21 00:36:24,783 Evaluating as a multi-label problem: False
2022-05-21 00:36:24,795 DEV : loss 0.1914367973804474 - f1-score (micro avg)  0.4911
2022-05-21 00:36:24,867 BAD EPOCHS (no improvement): 1
2022-05-21 00:36:24,870 ----------------------------------------------------------------------------------------------------
2022-05-21 00:36:27,454 epoch 35 - iter 10/107 - loss 0.06729397 - samples/sec: 123.90 - lr: 0.001563
2022-05-21 00:36:29,891 epoch 35 - iter 20/107 - loss 0.05943635 - samples/sec: 131.38 - lr: 0.001563
2022-05-21 00:36:32,374 epoch 35 - iter 30/107 - loss 0.05960528 - samples/sec: 128.92 - lr: 0.001563
2022-05-21 00:36:34,826 epoch 35 - iter 40/107 - loss 0.05764318 - samples/sec: 130.60 - lr: 0.001563
2022-05-21 00:36:37,346 epoch 35 - iter 50/107 - loss 0.05752334 - samples/sec: 127.00 - lr: 0.001563
2022-05-21 00:36:39,657 epoch 35 - iter 60/107 - loss 0.05693334 - samples/sec: 138.54 - lr: 0.001563
2022-05-21 00:36:42,120 epoch 35 - iter 70/107 - loss 0.05575499 - samples/sec: 129.98 - lr: 0.001563
2022-05-21 00:36:44,419 epoch 35 - iter 80/107 - loss 0.05747683 - samples/sec: 139.28 - lr: 0.001563
2022-05-21 00:36:46,736 epoch 35 - iter 90/107 - loss 0.05834397 - samples/sec: 138.14 - lr: 0.001563
2022-05-21 00:36:48,948 epoch 35 - iter 100/107 - loss 0.05800482 - samples/sec: 144.75 - lr: 0.001563
2022-05-21 00:36:50,302 ----------------------------------------------------------------------------------------------------
2022-05-21 00:36:50,302 EPOCH 35 done: loss 0.0570 - lr 0.001563
2022-05-21 00:36:59,172 Evaluating as a multi-label problem: False
2022-05-21 00:36:59,184 DEV : loss 0.1920655518770218 - f1-score (micro avg)  0.4942
2022-05-21 00:36:59,257 BAD EPOCHS (no improvement): 2
2022-05-21 00:36:59,292 ----------------------------------------------------------------------------------------------------
2022-05-21 00:37:01,684 epoch 36 - iter 10/107 - loss 0.07031618 - samples/sec: 133.86 - lr: 0.001563
2022-05-21 00:37:04,046 epoch 36 - iter 20/107 - loss 0.06780440 - samples/sec: 135.52 - lr: 0.001563
2022-05-21 00:37:06,468 epoch 36 - iter 30/107 - loss 0.06471428 - samples/sec: 132.21 - lr: 0.001563
2022-05-21 00:37:08,958 epoch 36 - iter 40/107 - loss 0.06333111 - samples/sec: 128.52 - lr: 0.001563
2022-05-21 00:37:11,292 epoch 36 - iter 50/107 - loss 0.06098931 - samples/sec: 137.20 - lr: 0.001563
2022-05-21 00:37:13,751 epoch 36 - iter 60/107 - loss 0.06107216 - samples/sec: 130.19 - lr: 0.001563
2022-05-21 00:37:16,342 epoch 36 - iter 70/107 - loss 0.05971861 - samples/sec: 123.52 - lr: 0.001563
2022-05-21 00:37:18,794 epoch 36 - iter 80/107 - loss 0.05807885 - samples/sec: 130.59 - lr: 0.001563
2022-05-21 00:37:21,137 epoch 36 - iter 90/107 - loss 0.05696890 - samples/sec: 136.62 - lr: 0.001563
2022-05-21 00:37:23,614 epoch 36 - iter 100/107 - loss 0.05679383 - samples/sec: 129.25 - lr: 0.001563
2022-05-21 00:37:24,995 ----------------------------------------------------------------------------------------------------
2022-05-21 00:37:24,996 EPOCH 36 done: loss 0.0575 - lr 0.001563
2022-05-21 00:37:32,514 Evaluating as a multi-label problem: False
2022-05-21 00:37:32,525 DEV : loss 0.19119302928447723 - f1-score (micro avg)  0.4946
2022-05-21 00:37:32,598 BAD EPOCHS (no improvement): 3
2022-05-21 00:37:32,600 ----------------------------------------------------------------------------------------------------
2022-05-21 00:37:34,797 epoch 37 - iter 10/107 - loss 0.05506360 - samples/sec: 145.73 - lr: 0.001563
2022-05-21 00:37:36,972 epoch 37 - iter 20/107 - loss 0.05571638 - samples/sec: 147.15 - lr: 0.001563
2022-05-21 00:37:39,127 epoch 37 - iter 30/107 - loss 0.05897366 - samples/sec: 148.63 - lr: 0.001563
2022-05-21 00:37:41,385 epoch 37 - iter 40/107 - loss 0.06402007 - samples/sec: 141.77 - lr: 0.001563
2022-05-21 00:37:43,510 epoch 37 - iter 50/107 - loss 0.06218241 - samples/sec: 150.68 - lr: 0.001563
2022-05-21 00:37:45,640 epoch 37 - iter 60/107 - loss 0.06220978 - samples/sec: 150.33 - lr: 0.001563
2022-05-21 00:37:47,763 epoch 37 - iter 70/107 - loss 0.06000543 - samples/sec: 150.79 - lr: 0.001563
2022-05-21 00:37:50,279 epoch 37 - iter 80/107 - loss 0.06030698 - samples/sec: 127.23 - lr: 0.001563
2022-05-21 00:37:52,765 epoch 37 - iter 90/107 - loss 0.05955751 - samples/sec: 128.82 - lr: 0.001563
2022-05-21 00:37:55,090 epoch 37 - iter 100/107 - loss 0.05822702 - samples/sec: 137.67 - lr: 0.001563
2022-05-21 00:37:56,582 ----------------------------------------------------------------------------------------------------
2022-05-21 00:37:56,582 EPOCH 37 done: loss 0.0574 - lr 0.001563
2022-05-21 00:38:04,436 Evaluating as a multi-label problem: False
2022-05-21 00:38:04,448 DEV : loss 0.1950373351573944 - f1-score (micro avg)  0.4891
2022-05-21 00:38:04,524 Epoch    37: reducing learning rate of group 0 to 7.8125e-04.
2022-05-21 00:38:04,525 BAD EPOCHS (no improvement): 4
2022-05-21 00:38:04,527 ----------------------------------------------------------------------------------------------------
2022-05-21 00:38:06,994 epoch 38 - iter 10/107 - loss 0.05473913 - samples/sec: 129.82 - lr: 0.000781
2022-05-21 00:38:09,423 epoch 38 - iter 20/107 - loss 0.06271711 - samples/sec: 131.77 - lr: 0.000781
2022-05-21 00:38:11,787 epoch 38 - iter 30/107 - loss 0.05942679 - samples/sec: 135.45 - lr: 0.000781
2022-05-21 00:38:14,031 epoch 38 - iter 40/107 - loss 0.05767006 - samples/sec: 142.65 - lr: 0.000781
2022-05-21 00:38:16,531 epoch 38 - iter 50/107 - loss 0.05882977 - samples/sec: 128.03 - lr: 0.000781
2022-05-21 00:38:18,891 epoch 38 - iter 60/107 - loss 0.05774923 - samples/sec: 135.65 - lr: 0.000781
2022-05-21 00:38:21,377 epoch 38 - iter 70/107 - loss 0.06038303 - samples/sec: 128.80 - lr: 0.000781
2022-05-21 00:38:23,773 epoch 38 - iter 80/107 - loss 0.06044504 - samples/sec: 133.60 - lr: 0.000781
2022-05-21 00:38:26,169 epoch 38 - iter 90/107 - loss 0.05912895 - samples/sec: 133.62 - lr: 0.000781
2022-05-21 00:38:28,545 epoch 38 - iter 100/107 - loss 0.05862811 - samples/sec: 134.72 - lr: 0.000781
2022-05-21 00:38:29,934 ----------------------------------------------------------------------------------------------------
2022-05-21 00:38:29,934 EPOCH 38 done: loss 0.0579 - lr 0.000781
2022-05-21 00:38:36,500 Evaluating as a multi-label problem: False
2022-05-21 00:38:36,512 DEV : loss 0.19380635023117065 - f1-score (micro avg)  0.493
2022-05-21 00:38:36,585 BAD EPOCHS (no improvement): 1
2022-05-21 00:38:36,587 ----------------------------------------------------------------------------------------------------
2022-05-21 00:38:38,707 epoch 39 - iter 10/107 - loss 0.04456847 - samples/sec: 150.99 - lr: 0.000781
2022-05-21 00:38:41,059 epoch 39 - iter 20/107 - loss 0.05559983 - samples/sec: 136.11 - lr: 0.000781
2022-05-21 00:38:43,488 epoch 39 - iter 30/107 - loss 0.05554189 - samples/sec: 131.85 - lr: 0.000781
2022-05-21 00:38:45,897 epoch 39 - iter 40/107 - loss 0.05516744 - samples/sec: 132.86 - lr: 0.000781
2022-05-21 00:38:48,380 epoch 39 - iter 50/107 - loss 0.05336908 - samples/sec: 128.95 - lr: 0.000781
2022-05-21 00:38:50,762 epoch 39 - iter 60/107 - loss 0.05572020 - samples/sec: 134.40 - lr: 0.000781
2022-05-21 00:38:53,218 epoch 39 - iter 70/107 - loss 0.05591401 - samples/sec: 130.36 - lr: 0.000781
2022-05-21 00:38:55,644 epoch 39 - iter 80/107 - loss 0.05698584 - samples/sec: 131.93 - lr: 0.000781
2022-05-21 00:38:57,921 epoch 39 - iter 90/107 - loss 0.05725975 - samples/sec: 140.59 - lr: 0.000781
2022-05-21 00:39:00,397 epoch 39 - iter 100/107 - loss 0.05797003 - samples/sec: 129.34 - lr: 0.000781
2022-05-21 00:39:01,900 ----------------------------------------------------------------------------------------------------
2022-05-21 00:39:01,900 EPOCH 39 done: loss 0.0585 - lr 0.000781
2022-05-21 00:39:09,269 Evaluating as a multi-label problem: False
2022-05-21 00:39:09,280 DEV : loss 0.1927451193332672 - f1-score (micro avg)  0.4954
2022-05-21 00:39:09,356 BAD EPOCHS (no improvement): 2
2022-05-21 00:39:09,358 ----------------------------------------------------------------------------------------------------
2022-05-21 00:39:11,822 epoch 40 - iter 10/107 - loss 0.07093399 - samples/sec: 129.99 - lr: 0.000781
2022-05-21 00:39:14,173 epoch 40 - iter 20/107 - loss 0.06468074 - samples/sec: 136.19 - lr: 0.000781
2022-05-21 00:39:16,597 epoch 40 - iter 30/107 - loss 0.06226248 - samples/sec: 132.05 - lr: 0.000781
2022-05-21 00:39:18,760 epoch 40 - iter 40/107 - loss 0.06297617 - samples/sec: 148.02 - lr: 0.000781
2022-05-21 00:39:20,936 epoch 40 - iter 50/107 - loss 0.06377356 - samples/sec: 147.16 - lr: 0.000781
2022-05-21 00:39:22,996 epoch 40 - iter 60/107 - loss 0.06195366 - samples/sec: 155.39 - lr: 0.000781
2022-05-21 00:39:25,019 epoch 40 - iter 70/107 - loss 0.06028164 - samples/sec: 158.30 - lr: 0.000781
2022-05-21 00:39:27,043 epoch 40 - iter 80/107 - loss 0.06075529 - samples/sec: 158.13 - lr: 0.000781
2022-05-21 00:39:29,087 epoch 40 - iter 90/107 - loss 0.05943212 - samples/sec: 156.68 - lr: 0.000781
2022-05-21 00:39:31,324 epoch 40 - iter 100/107 - loss 0.05918943 - samples/sec: 143.07 - lr: 0.000781
2022-05-21 00:39:32,785 ----------------------------------------------------------------------------------------------------
2022-05-21 00:39:32,785 EPOCH 40 done: loss 0.0586 - lr 0.000781
2022-05-21 00:39:40,599 Evaluating as a multi-label problem: False
2022-05-21 00:39:40,610 DEV : loss 0.19408008456230164 - f1-score (micro avg)  0.4934
2022-05-21 00:39:40,684 BAD EPOCHS (no improvement): 3
2022-05-21 00:39:40,686 ----------------------------------------------------------------------------------------------------
2022-05-21 00:39:43,113 epoch 41 - iter 10/107 - loss 0.05609713 - samples/sec: 131.91 - lr: 0.000781
2022-05-21 00:39:45,589 epoch 41 - iter 20/107 - loss 0.05549912 - samples/sec: 129.30 - lr: 0.000781
2022-05-21 00:39:48,020 epoch 41 - iter 30/107 - loss 0.05631117 - samples/sec: 131.72 - lr: 0.000781
2022-05-21 00:39:50,369 epoch 41 - iter 40/107 - loss 0.05585446 - samples/sec: 136.28 - lr: 0.000781
2022-05-21 00:39:52,652 epoch 41 - iter 50/107 - loss 0.05799281 - samples/sec: 140.24 - lr: 0.000781
2022-05-21 00:39:54,977 epoch 41 - iter 60/107 - loss 0.05792647 - samples/sec: 137.68 - lr: 0.000781
2022-05-21 00:39:57,486 epoch 41 - iter 70/107 - loss 0.05852730 - samples/sec: 127.60 - lr: 0.000781
2022-05-21 00:39:59,957 epoch 41 - iter 80/107 - loss 0.05859449 - samples/sec: 129.55 - lr: 0.000781
2022-05-21 00:40:02,478 epoch 41 - iter 90/107 - loss 0.05825246 - samples/sec: 127.05 - lr: 0.000781
2022-05-21 00:40:04,864 epoch 41 - iter 100/107 - loss 0.05818002 - samples/sec: 134.14 - lr: 0.000781
2022-05-21 00:40:06,290 ----------------------------------------------------------------------------------------------------
2022-05-21 00:40:06,290 EPOCH 41 done: loss 0.0573 - lr 0.000781
2022-05-21 00:40:12,872 Evaluating as a multi-label problem: False
2022-05-21 00:40:12,884 DEV : loss 0.19281597435474396 - f1-score (micro avg)  0.4938
2022-05-21 00:40:12,958 Epoch    41: reducing learning rate of group 0 to 3.9063e-04.
2022-05-21 00:40:12,958 BAD EPOCHS (no improvement): 4
2022-05-21 00:40:12,960 ----------------------------------------------------------------------------------------------------
2022-05-21 00:40:15,149 epoch 42 - iter 10/107 - loss 0.05328095 - samples/sec: 146.25 - lr: 0.000391
2022-05-21 00:40:17,312 epoch 42 - iter 20/107 - loss 0.05974284 - samples/sec: 147.98 - lr: 0.000391
2022-05-21 00:40:19,465 epoch 42 - iter 30/107 - loss 0.06061851 - samples/sec: 148.76 - lr: 0.000391
2022-05-21 00:40:21,908 epoch 42 - iter 40/107 - loss 0.05975698 - samples/sec: 131.03 - lr: 0.000391
2022-05-21 00:40:24,257 epoch 42 - iter 50/107 - loss 0.05869085 - samples/sec: 136.28 - lr: 0.000391
2022-05-21 00:40:26,668 epoch 42 - iter 60/107 - loss 0.05816911 - samples/sec: 132.78 - lr: 0.000391
2022-05-21 00:40:29,063 epoch 42 - iter 70/107 - loss 0.05717562 - samples/sec: 133.66 - lr: 0.000391
2022-05-21 00:40:31,478 epoch 42 - iter 80/107 - loss 0.05754224 - samples/sec: 132.55 - lr: 0.000391
2022-05-21 00:40:33,850 epoch 42 - iter 90/107 - loss 0.05727883 - samples/sec: 135.02 - lr: 0.000391
2022-05-21 00:40:36,227 epoch 42 - iter 100/107 - loss 0.05760460 - samples/sec: 134.64 - lr: 0.000391
2022-05-21 00:40:37,810 ----------------------------------------------------------------------------------------------------
2022-05-21 00:40:37,810 EPOCH 42 done: loss 0.0582 - lr 0.000391
2022-05-21 00:40:45,459 Evaluating as a multi-label problem: False
2022-05-21 00:40:45,471 DEV : loss 0.1927018165588379 - f1-score (micro avg)  0.495
2022-05-21 00:40:45,544 BAD EPOCHS (no improvement): 1
2022-05-21 00:40:45,547 ----------------------------------------------------------------------------------------------------
2022-05-21 00:40:47,966 epoch 43 - iter 10/107 - loss 0.05147854 - samples/sec: 132.35 - lr: 0.000391
2022-05-21 00:40:50,345 epoch 43 - iter 20/107 - loss 0.04987708 - samples/sec: 134.59 - lr: 0.000391
2022-05-21 00:40:52,756 epoch 43 - iter 30/107 - loss 0.05778703 - samples/sec: 132.83 - lr: 0.000391
2022-05-21 00:40:55,106 epoch 43 - iter 40/107 - loss 0.05913678 - samples/sec: 136.21 - lr: 0.000391
2022-05-21 00:40:57,481 epoch 43 - iter 50/107 - loss 0.06003968 - samples/sec: 134.79 - lr: 0.000391
2022-05-21 00:40:59,686 epoch 43 - iter 60/107 - loss 0.05909885 - samples/sec: 145.21 - lr: 0.000391
2022-05-21 00:41:02,005 epoch 43 - iter 70/107 - loss 0.05790247 - samples/sec: 138.03 - lr: 0.000391
2022-05-21 00:41:04,049 epoch 43 - iter 80/107 - loss 0.05789014 - samples/sec: 156.68 - lr: 0.000391
2022-05-21 00:41:06,300 epoch 43 - iter 90/107 - loss 0.05704644 - samples/sec: 142.17 - lr: 0.000391
2022-05-21 00:41:08,432 epoch 43 - iter 100/107 - loss 0.05795867 - samples/sec: 150.18 - lr: 0.000391
2022-05-21 00:41:09,763 ----------------------------------------------------------------------------------------------------
2022-05-21 00:41:09,763 EPOCH 43 done: loss 0.0580 - lr 0.000391
2022-05-21 00:41:17,293 Evaluating as a multi-label problem: False
2022-05-21 00:41:17,304 DEV : loss 0.19235359132289886 - f1-score (micro avg)  0.495
2022-05-21 00:41:17,377 BAD EPOCHS (no improvement): 2
2022-05-21 00:41:17,378 ----------------------------------------------------------------------------------------------------
2022-05-21 00:41:19,876 epoch 44 - iter 10/107 - loss 0.06039493 - samples/sec: 128.18 - lr: 0.000391
2022-05-21 00:41:22,241 epoch 44 - iter 20/107 - loss 0.06564852 - samples/sec: 135.38 - lr: 0.000391
2022-05-21 00:41:24,600 epoch 44 - iter 30/107 - loss 0.06709772 - samples/sec: 135.72 - lr: 0.000391
2022-05-21 00:41:27,122 epoch 44 - iter 40/107 - loss 0.06533035 - samples/sec: 126.94 - lr: 0.000391
2022-05-21 00:41:29,536 epoch 44 - iter 50/107 - loss 0.06413133 - samples/sec: 132.61 - lr: 0.000391
2022-05-21 00:41:31,972 epoch 44 - iter 60/107 - loss 0.06302531 - samples/sec: 131.42 - lr: 0.000391
2022-05-21 00:41:34,411 epoch 44 - iter 70/107 - loss 0.06018586 - samples/sec: 131.30 - lr: 0.000391
2022-05-21 00:41:36,857 epoch 44 - iter 80/107 - loss 0.05996349 - samples/sec: 130.89 - lr: 0.000391
2022-05-21 00:41:39,377 epoch 44 - iter 90/107 - loss 0.05957216 - samples/sec: 127.05 - lr: 0.000391
2022-05-21 00:41:41,794 epoch 44 - iter 100/107 - loss 0.05948255 - samples/sec: 132.46 - lr: 0.000391
2022-05-21 00:41:43,210 ----------------------------------------------------------------------------------------------------
2022-05-21 00:41:43,210 EPOCH 44 done: loss 0.0585 - lr 0.000391
2022-05-21 00:41:52,050 Evaluating as a multi-label problem: False
2022-05-21 00:41:52,061 DEV : loss 0.19306765496730804 - f1-score (micro avg)  0.4926
2022-05-21 00:41:52,133 BAD EPOCHS (no improvement): 3
2022-05-21 00:41:52,144 ----------------------------------------------------------------------------------------------------
2022-05-21 00:41:54,263 epoch 45 - iter 10/107 - loss 0.06876866 - samples/sec: 151.12 - lr: 0.000391
2022-05-21 00:41:56,370 epoch 45 - iter 20/107 - loss 0.06027013 - samples/sec: 151.97 - lr: 0.000391
2022-05-21 00:41:58,594 epoch 45 - iter 30/107 - loss 0.05870570 - samples/sec: 143.95 - lr: 0.000391
2022-05-21 00:42:01,098 epoch 45 - iter 40/107 - loss 0.06046852 - samples/sec: 127.80 - lr: 0.000391
2022-05-21 00:42:03,495 epoch 45 - iter 50/107 - loss 0.05962476 - samples/sec: 133.58 - lr: 0.000391
2022-05-21 00:42:05,995 epoch 45 - iter 60/107 - loss 0.06000635 - samples/sec: 128.04 - lr: 0.000391
2022-05-21 00:42:08,356 epoch 45 - iter 70/107 - loss 0.05904724 - samples/sec: 135.63 - lr: 0.000391
2022-05-21 00:42:10,727 epoch 45 - iter 80/107 - loss 0.05741858 - samples/sec: 134.99 - lr: 0.000391
2022-05-21 00:42:13,086 epoch 45 - iter 90/107 - loss 0.05652314 - samples/sec: 135.74 - lr: 0.000391
2022-05-21 00:42:15,480 epoch 45 - iter 100/107 - loss 0.05666347 - samples/sec: 133.69 - lr: 0.000391
2022-05-21 00:42:16,941 ----------------------------------------------------------------------------------------------------
2022-05-21 00:42:16,941 EPOCH 45 done: loss 0.0575 - lr 0.000391
2022-05-21 00:42:24,344 Evaluating as a multi-label problem: False
2022-05-21 00:42:24,355 DEV : loss 0.19237449765205383 - f1-score (micro avg)  0.4954
2022-05-21 00:42:24,427 Epoch    45: reducing learning rate of group 0 to 1.9531e-04.
2022-05-21 00:42:24,427 BAD EPOCHS (no improvement): 4
2022-05-21 00:42:24,429 ----------------------------------------------------------------------------------------------------
2022-05-21 00:42:26,778 epoch 46 - iter 10/107 - loss 0.05172501 - samples/sec: 136.33 - lr: 0.000195
2022-05-21 00:42:29,054 epoch 46 - iter 20/107 - loss 0.05590539 - samples/sec: 140.68 - lr: 0.000195
2022-05-21 00:42:31,385 epoch 46 - iter 30/107 - loss 0.05819281 - samples/sec: 137.34 - lr: 0.000195
2022-05-21 00:42:33,657 epoch 46 - iter 40/107 - loss 0.05842865 - samples/sec: 140.90 - lr: 0.000195
2022-05-21 00:42:35,945 epoch 46 - iter 50/107 - loss 0.05761042 - samples/sec: 139.97 - lr: 0.000195
2022-05-21 00:42:38,161 epoch 46 - iter 60/107 - loss 0.06006025 - samples/sec: 144.45 - lr: 0.000195
2022-05-21 00:42:40,384 epoch 46 - iter 70/107 - loss 0.06028172 - samples/sec: 143.98 - lr: 0.000195
2022-05-21 00:42:42,489 epoch 46 - iter 80/107 - loss 0.06086594 - samples/sec: 152.12 - lr: 0.000195
2022-05-21 00:42:44,512 epoch 46 - iter 90/107 - loss 0.05897953 - samples/sec: 158.24 - lr: 0.000195
2022-05-21 00:42:46,635 epoch 46 - iter 100/107 - loss 0.05880679 - samples/sec: 150.80 - lr: 0.000195
2022-05-21 00:42:48,116 ----------------------------------------------------------------------------------------------------
2022-05-21 00:42:48,117 EPOCH 46 done: loss 0.0585 - lr 0.000195
2022-05-21 00:42:55,492 Evaluating as a multi-label problem: False
2022-05-21 00:42:55,503 DEV : loss 0.19257819652557373 - f1-score (micro avg)  0.4957
2022-05-21 00:42:55,576 BAD EPOCHS (no improvement): 1
2022-05-21 00:42:55,578 ----------------------------------------------------------------------------------------------------
2022-05-21 00:42:58,089 epoch 47 - iter 10/107 - loss 0.06307896 - samples/sec: 127.54 - lr: 0.000195
2022-05-21 00:43:00,344 epoch 47 - iter 20/107 - loss 0.06059602 - samples/sec: 141.96 - lr: 0.000195
2022-05-21 00:43:02,842 epoch 47 - iter 30/107 - loss 0.06121116 - samples/sec: 128.14 - lr: 0.000195
2022-05-21 00:43:05,208 epoch 47 - iter 40/107 - loss 0.05841665 - samples/sec: 135.32 - lr: 0.000195
2022-05-21 00:43:07,504 epoch 47 - iter 50/107 - loss 0.05914821 - samples/sec: 139.42 - lr: 0.000195
2022-05-21 00:43:09,957 epoch 47 - iter 60/107 - loss 0.05778413 - samples/sec: 130.54 - lr: 0.000195
2022-05-21 00:43:12,270 epoch 47 - iter 70/107 - loss 0.05628429 - samples/sec: 138.43 - lr: 0.000195
2022-05-21 00:43:14,627 epoch 47 - iter 80/107 - loss 0.05649203 - samples/sec: 135.82 - lr: 0.000195
2022-05-21 00:43:17,163 epoch 47 - iter 90/107 - loss 0.05658546 - samples/sec: 126.24 - lr: 0.000195
2022-05-21 00:43:19,551 epoch 47 - iter 100/107 - loss 0.05638003 - samples/sec: 134.08 - lr: 0.000195
2022-05-21 00:43:21,060 ----------------------------------------------------------------------------------------------------
2022-05-21 00:43:21,060 EPOCH 47 done: loss 0.0559 - lr 0.000195
2022-05-21 00:43:28,406 Evaluating as a multi-label problem: False
2022-05-21 00:43:28,418 DEV : loss 0.1924121081829071 - f1-score (micro avg)  0.4954
2022-05-21 00:43:28,490 BAD EPOCHS (no improvement): 2
2022-05-21 00:43:28,492 ----------------------------------------------------------------------------------------------------
2022-05-21 00:43:30,466 epoch 48 - iter 10/107 - loss 0.05296360 - samples/sec: 162.22 - lr: 0.000195
2022-05-21 00:43:32,550 epoch 48 - iter 20/107 - loss 0.05301510 - samples/sec: 153.65 - lr: 0.000195
2022-05-21 00:43:34,765 epoch 48 - iter 30/107 - loss 0.05525500 - samples/sec: 144.50 - lr: 0.000195
2022-05-21 00:43:37,091 epoch 48 - iter 40/107 - loss 0.05661206 - samples/sec: 137.65 - lr: 0.000195
2022-05-21 00:43:39,535 epoch 48 - iter 50/107 - loss 0.05540234 - samples/sec: 131.02 - lr: 0.000195
2022-05-21 00:43:41,986 epoch 48 - iter 60/107 - loss 0.05686743 - samples/sec: 130.58 - lr: 0.000195
2022-05-21 00:43:44,300 epoch 48 - iter 70/107 - loss 0.05678715 - samples/sec: 138.35 - lr: 0.000195
2022-05-21 00:43:46,681 epoch 48 - iter 80/107 - loss 0.05667682 - samples/sec: 134.47 - lr: 0.000195
2022-05-21 00:43:49,188 epoch 48 - iter 90/107 - loss 0.05659076 - samples/sec: 127.68 - lr: 0.000195
2022-05-21 00:43:51,620 epoch 48 - iter 100/107 - loss 0.05683127 - samples/sec: 131.64 - lr: 0.000195
2022-05-21 00:43:52,919 ----------------------------------------------------------------------------------------------------
2022-05-21 00:43:52,919 EPOCH 48 done: loss 0.0568 - lr 0.000195
2022-05-21 00:44:00,467 Evaluating as a multi-label problem: False
2022-05-21 00:44:00,478 DEV : loss 0.19270695745944977 - f1-score (micro avg)  0.4957
2022-05-21 00:44:00,553 BAD EPOCHS (no improvement): 3
2022-05-21 00:44:00,607 ----------------------------------------------------------------------------------------------------
2022-05-21 00:44:03,019 epoch 49 - iter 10/107 - loss 0.06160820 - samples/sec: 132.76 - lr: 0.000195
2022-05-21 00:44:05,378 epoch 49 - iter 20/107 - loss 0.05861651 - samples/sec: 135.71 - lr: 0.000195
2022-05-21 00:44:07,818 epoch 49 - iter 30/107 - loss 0.05530217 - samples/sec: 131.23 - lr: 0.000195
2022-05-21 00:44:10,172 epoch 49 - iter 40/107 - loss 0.05306456 - samples/sec: 136.01 - lr: 0.000195
2022-05-21 00:44:12,554 epoch 49 - iter 50/107 - loss 0.05540351 - samples/sec: 134.40 - lr: 0.000195
2022-05-21 00:44:14,886 epoch 49 - iter 60/107 - loss 0.05724599 - samples/sec: 137.25 - lr: 0.000195
2022-05-21 00:44:17,253 epoch 49 - iter 70/107 - loss 0.05679286 - samples/sec: 135.26 - lr: 0.000195
2022-05-21 00:44:19,502 epoch 49 - iter 80/107 - loss 0.05739501 - samples/sec: 142.36 - lr: 0.000195
2022-05-21 00:44:21,606 epoch 49 - iter 90/107 - loss 0.05888556 - samples/sec: 152.18 - lr: 0.000195
2022-05-21 00:44:23,784 epoch 49 - iter 100/107 - loss 0.05884469 - samples/sec: 147.01 - lr: 0.000195
2022-05-21 00:44:25,143 ----------------------------------------------------------------------------------------------------
2022-05-21 00:44:25,143 EPOCH 49 done: loss 0.0583 - lr 0.000195
2022-05-21 00:44:31,917 Evaluating as a multi-label problem: False
2022-05-21 00:44:31,929 DEV : loss 0.19271673262119293 - f1-score (micro avg)  0.4973
2022-05-21 00:44:32,001 Epoch    49: reducing learning rate of group 0 to 9.7656e-05.
2022-05-21 00:44:32,001 BAD EPOCHS (no improvement): 4
2022-05-21 00:44:32,003 ----------------------------------------------------------------------------------------------------
2022-05-21 00:44:32,003 ----------------------------------------------------------------------------------------------------
2022-05-21 00:44:32,003 learning rate too small - quitting training!
2022-05-21 00:44:32,003 ----------------------------------------------------------------------------------------------------
2022-05-21 00:44:49,314 ----------------------------------------------------------------------------------------------------
2022-05-21 00:44:49,314 loading file resources/taggers/model_05_r13_run_5/best-model.pt
2022-05-21 00:45:01,204 SequenceTagger predicts: Dictionary with 27 tags: O, S-person, B-person, E-person, I-person, S-location, B-location, E-location, I-location, S-group, B-group, E-group, I-group, S-corporation, B-corporation, E-corporation, I-corporation, S-product, B-product, E-product, I-product, S-creative-work, B-creative-work, E-creative-work, I-creative-work, <START>, <STOP>
2022-05-21 00:45:18,336 Evaluating as a multi-label problem: False
2022-05-21 00:45:18,349 0.6567	0.3049	0.4165	0.281
2022-05-21 00:45:18,349 
Results:
- F-score (micro) 0.4165
- F-score (macro) 0.276
- Accuracy 0.281

By class:
               precision    recall  f1-score   support

       person     0.7352    0.4918    0.5894       429
        group     0.3902    0.1939    0.2591       165
     location     0.7292    0.4667    0.5691       150
creative-work     0.5714    0.0845    0.1472       142
      product     0.5000    0.0079    0.0155       127
  corporation     0.2308    0.0455    0.0759        66

    micro avg     0.6567    0.3049    0.4165      1079
    macro avg     0.5261    0.2150    0.2760      1079
 weighted avg     0.6015    0.3049    0.3789      1079

2022-05-21 00:45:18,349 ----------------------------------------------------------------------------------------------------
