2022-05-20 20:01:53,929 ----------------------------------------------------------------------------------------------------
2022-05-20 20:01:53,929 Model: "SequenceTagger(
  (embeddings): StackedEmbeddings(
    (list_embedding_0): GazetteerEmbeddings()
    (list_embedding_1): WordEmbeddings(
      'glove'
      (embedding): Embedding(400001, 100)
    )
    (list_embedding_2): FlairEmbeddings(
      (lm): LanguageModel(
        (drop): Dropout(p=0.05, inplace=False)
        (encoder): Embedding(300, 100)
        (rnn): LSTM(100, 2048)
        (decoder): Linear(in_features=2048, out_features=300, bias=True)
      )
    )
    (list_embedding_3): FlairEmbeddings(
      (lm): LanguageModel(
        (drop): Dropout(p=0.05, inplace=False)
        (encoder): Embedding(300, 100)
        (rnn): LSTM(100, 2048)
        (decoder): Linear(in_features=2048, out_features=300, bias=True)
      )
    )
  )
  (word_dropout): WordDropout(p=0.05)
  (locked_dropout): LockedDropout(p=0.5)
  (embedding2nn): Linear(in_features=4221, out_features=4221, bias=True)
  (rnn): LSTM(4221, 256, batch_first=True, bidirectional=True)
  (linear): Linear(in_features=512, out_features=27, bias=True)
  (loss_function): ViterbiLoss()
  (crf): CRF()
)"
2022-05-20 20:01:53,929 ----------------------------------------------------------------------------------------------------
2022-05-20 20:01:53,929 Corpus: "Corpus: 3394 train + 1009 dev + 1287 test sentences"
2022-05-20 20:01:53,929 ----------------------------------------------------------------------------------------------------
2022-05-20 20:01:53,929 Parameters:
2022-05-20 20:01:53,929  - learning_rate: "0.100000"
2022-05-20 20:01:53,929  - mini_batch_size: "32"
2022-05-20 20:01:53,929  - patience: "3"
2022-05-20 20:01:53,929  - anneal_factor: "0.5"
2022-05-20 20:01:53,929  - max_epochs: "150"
2022-05-20 20:01:53,929  - shuffle: "True"
2022-05-20 20:01:53,930  - train_with_dev: "False"
2022-05-20 20:01:53,930  - batch_growth_annealing: "False"
2022-05-20 20:01:53,930 ----------------------------------------------------------------------------------------------------
2022-05-20 20:01:53,930 Model training base path: "resources/taggers/model_08_r12_run_2"
2022-05-20 20:01:53,930 ----------------------------------------------------------------------------------------------------
2022-05-20 20:01:53,930 Device: cuda:2
2022-05-20 20:01:53,930 ----------------------------------------------------------------------------------------------------
2022-05-20 20:01:53,930 Embeddings storage mode: cpu
2022-05-20 20:01:53,930 ----------------------------------------------------------------------------------------------------
2022-05-20 20:01:56,932 epoch 1 - iter 10/107 - loss 0.93728521 - samples/sec: 106.63 - lr: 0.100000
2022-05-20 20:01:59,973 epoch 1 - iter 20/107 - loss 0.61207225 - samples/sec: 105.24 - lr: 0.100000
2022-05-20 20:02:02,843 epoch 1 - iter 30/107 - loss 0.50236424 - samples/sec: 111.57 - lr: 0.100000
2022-05-20 20:02:05,781 epoch 1 - iter 40/107 - loss 0.44241696 - samples/sec: 108.95 - lr: 0.100000
2022-05-20 20:02:08,468 epoch 1 - iter 50/107 - loss 0.39605482 - samples/sec: 119.12 - lr: 0.100000
2022-05-20 20:02:11,078 epoch 1 - iter 60/107 - loss 0.37871833 - samples/sec: 122.66 - lr: 0.100000
2022-05-20 20:02:13,673 epoch 1 - iter 70/107 - loss 0.36551830 - samples/sec: 123.37 - lr: 0.100000
2022-05-20 20:02:16,431 epoch 1 - iter 80/107 - loss 0.35928963 - samples/sec: 116.04 - lr: 0.100000
2022-05-20 20:02:19,069 epoch 1 - iter 90/107 - loss 0.35487336 - samples/sec: 121.37 - lr: 0.100000
2022-05-20 20:02:21,609 epoch 1 - iter 100/107 - loss 0.34834855 - samples/sec: 126.02 - lr: 0.100000
2022-05-20 20:02:23,236 ----------------------------------------------------------------------------------------------------
2022-05-20 20:02:23,236 EPOCH 1 done: loss 0.3414 - lr 0.100000
2022-05-20 20:02:31,754 Evaluating as a multi-label problem: False
2022-05-20 20:02:31,763 DEV : loss 0.44296422600746155 - f1-score (micro avg)  0.1014
2022-05-20 20:02:31,846 BAD EPOCHS (no improvement): 0
2022-05-20 20:02:31,849 saving best model
2022-05-20 20:02:37,117 ----------------------------------------------------------------------------------------------------
2022-05-20 20:02:40,197 epoch 2 - iter 10/107 - loss 0.24770668 - samples/sec: 103.95 - lr: 0.100000
2022-05-20 20:02:43,223 epoch 2 - iter 20/107 - loss 0.23310668 - samples/sec: 105.78 - lr: 0.100000
2022-05-20 20:02:45,828 epoch 2 - iter 30/107 - loss 0.22721208 - samples/sec: 122.90 - lr: 0.100000
2022-05-20 20:02:48,462 epoch 2 - iter 40/107 - loss 0.21913680 - samples/sec: 121.52 - lr: 0.100000
2022-05-20 20:02:50,791 epoch 2 - iter 50/107 - loss 0.21131236 - samples/sec: 137.44 - lr: 0.100000
2022-05-20 20:02:53,456 epoch 2 - iter 60/107 - loss 0.20385368 - samples/sec: 120.13 - lr: 0.100000
2022-05-20 20:02:55,891 epoch 2 - iter 70/107 - loss 0.19851779 - samples/sec: 131.46 - lr: 0.100000
2022-05-20 20:02:58,885 epoch 2 - iter 80/107 - loss 0.19583789 - samples/sec: 106.95 - lr: 0.100000
2022-05-20 20:03:01,739 epoch 2 - iter 90/107 - loss 0.19645210 - samples/sec: 112.16 - lr: 0.100000
2022-05-20 20:03:04,514 epoch 2 - iter 100/107 - loss 0.19422502 - samples/sec: 115.37 - lr: 0.100000
2022-05-20 20:03:06,376 ----------------------------------------------------------------------------------------------------
2022-05-20 20:03:06,376 EPOCH 2 done: loss 0.1955 - lr 0.100000
2022-05-20 20:03:13,882 Evaluating as a multi-label problem: False
2022-05-20 20:03:13,892 DEV : loss 0.2912493050098419 - f1-score (micro avg)  0.458
2022-05-20 20:03:13,975 BAD EPOCHS (no improvement): 0
2022-05-20 20:03:13,977 saving best model
2022-05-20 20:03:19,091 ----------------------------------------------------------------------------------------------------
2022-05-20 20:03:22,029 epoch 3 - iter 10/107 - loss 0.19198317 - samples/sec: 108.96 - lr: 0.100000
2022-05-20 20:03:25,009 epoch 3 - iter 20/107 - loss 0.18604186 - samples/sec: 107.44 - lr: 0.100000
2022-05-20 20:03:27,672 epoch 3 - iter 30/107 - loss 0.17053338 - samples/sec: 120.19 - lr: 0.100000
2022-05-20 20:03:29,679 epoch 3 - iter 40/107 - loss 0.17112343 - samples/sec: 159.53 - lr: 0.100000
2022-05-20 20:03:32,324 epoch 3 - iter 50/107 - loss 0.16732920 - samples/sec: 121.04 - lr: 0.100000
2022-05-20 20:03:34,926 epoch 3 - iter 60/107 - loss 0.16663172 - samples/sec: 123.00 - lr: 0.100000
2022-05-20 20:03:37,607 epoch 3 - iter 70/107 - loss 0.16860551 - samples/sec: 119.40 - lr: 0.100000
2022-05-20 20:03:40,468 epoch 3 - iter 80/107 - loss 0.16903290 - samples/sec: 111.91 - lr: 0.100000
2022-05-20 20:03:43,424 epoch 3 - iter 90/107 - loss 0.16637783 - samples/sec: 108.28 - lr: 0.100000
2022-05-20 20:03:46,269 epoch 3 - iter 100/107 - loss 0.16549015 - samples/sec: 112.55 - lr: 0.100000
2022-05-20 20:03:48,014 ----------------------------------------------------------------------------------------------------
2022-05-20 20:03:48,014 EPOCH 3 done: loss 0.1636 - lr 0.100000
2022-05-20 20:03:56,169 Evaluating as a multi-label problem: False
2022-05-20 20:03:56,179 DEV : loss 0.32930901646614075 - f1-score (micro avg)  0.3071
2022-05-20 20:03:56,263 BAD EPOCHS (no improvement): 1
2022-05-20 20:03:56,265 ----------------------------------------------------------------------------------------------------
2022-05-20 20:03:59,109 epoch 4 - iter 10/107 - loss 0.12713832 - samples/sec: 112.55 - lr: 0.100000
2022-05-20 20:04:02,077 epoch 4 - iter 20/107 - loss 0.13026074 - samples/sec: 107.88 - lr: 0.100000
2022-05-20 20:04:04,964 epoch 4 - iter 30/107 - loss 0.14370129 - samples/sec: 110.87 - lr: 0.100000
2022-05-20 20:04:07,911 epoch 4 - iter 40/107 - loss 0.14892624 - samples/sec: 108.64 - lr: 0.100000
2022-05-20 20:04:10,926 epoch 4 - iter 50/107 - loss 0.14645913 - samples/sec: 106.15 - lr: 0.100000
2022-05-20 20:04:13,823 epoch 4 - iter 60/107 - loss 0.14695868 - samples/sec: 110.49 - lr: 0.100000
2022-05-20 20:04:16,901 epoch 4 - iter 70/107 - loss 0.14585752 - samples/sec: 104.01 - lr: 0.100000
2022-05-20 20:04:19,303 epoch 4 - iter 80/107 - loss 0.14488195 - samples/sec: 133.26 - lr: 0.100000
2022-05-20 20:04:21,805 epoch 4 - iter 90/107 - loss 0.14526867 - samples/sec: 127.96 - lr: 0.100000
2022-05-20 20:04:24,356 epoch 4 - iter 100/107 - loss 0.14297971 - samples/sec: 125.49 - lr: 0.100000
2022-05-20 20:04:25,993 ----------------------------------------------------------------------------------------------------
2022-05-20 20:04:25,993 EPOCH 4 done: loss 0.1430 - lr 0.100000
2022-05-20 20:04:33,665 Evaluating as a multi-label problem: False
2022-05-20 20:04:33,676 DEV : loss 0.22323720157146454 - f1-score (micro avg)  0.5034
2022-05-20 20:04:33,761 BAD EPOCHS (no improvement): 0
2022-05-20 20:04:33,762 saving best model
2022-05-20 20:04:38,927 ----------------------------------------------------------------------------------------------------
2022-05-20 20:04:41,824 epoch 5 - iter 10/107 - loss 0.14186429 - samples/sec: 110.51 - lr: 0.100000
2022-05-20 20:04:44,872 epoch 5 - iter 20/107 - loss 0.13944690 - samples/sec: 105.04 - lr: 0.100000
2022-05-20 20:04:47,814 epoch 5 - iter 30/107 - loss 0.13162726 - samples/sec: 108.80 - lr: 0.100000
2022-05-20 20:04:50,895 epoch 5 - iter 40/107 - loss 0.12898417 - samples/sec: 103.91 - lr: 0.100000
2022-05-20 20:04:53,731 epoch 5 - iter 50/107 - loss 0.13073735 - samples/sec: 112.87 - lr: 0.100000
2022-05-20 20:04:56,665 epoch 5 - iter 60/107 - loss 0.12790634 - samples/sec: 109.11 - lr: 0.100000
2022-05-20 20:04:59,633 epoch 5 - iter 70/107 - loss 0.12511868 - samples/sec: 107.82 - lr: 0.100000
2022-05-20 20:05:02,169 epoch 5 - iter 80/107 - loss 0.12459732 - samples/sec: 126.28 - lr: 0.100000
2022-05-20 20:05:04,753 epoch 5 - iter 90/107 - loss 0.12711926 - samples/sec: 123.86 - lr: 0.100000
2022-05-20 20:05:07,226 epoch 5 - iter 100/107 - loss 0.12922983 - samples/sec: 129.45 - lr: 0.100000
2022-05-20 20:05:08,867 ----------------------------------------------------------------------------------------------------
2022-05-20 20:05:08,867 EPOCH 5 done: loss 0.1290 - lr 0.100000
2022-05-20 20:05:16,272 Evaluating as a multi-label problem: False
2022-05-20 20:05:16,283 DEV : loss 0.21526426076889038 - f1-score (micro avg)  0.4861
2022-05-20 20:05:16,367 BAD EPOCHS (no improvement): 1
2022-05-20 20:05:16,415 ----------------------------------------------------------------------------------------------------
2022-05-20 20:05:19,335 epoch 6 - iter 10/107 - loss 0.12245471 - samples/sec: 109.68 - lr: 0.100000
2022-05-20 20:05:22,161 epoch 6 - iter 20/107 - loss 0.11305993 - samples/sec: 113.27 - lr: 0.100000
2022-05-20 20:05:24,995 epoch 6 - iter 30/107 - loss 0.12346002 - samples/sec: 112.98 - lr: 0.100000
2022-05-20 20:05:27,893 epoch 6 - iter 40/107 - loss 0.12752613 - samples/sec: 110.45 - lr: 0.100000
2022-05-20 20:05:30,756 epoch 6 - iter 50/107 - loss 0.12804901 - samples/sec: 111.81 - lr: 0.100000
2022-05-20 20:05:33,735 epoch 6 - iter 60/107 - loss 0.13022128 - samples/sec: 107.45 - lr: 0.100000
2022-05-20 20:05:36,584 epoch 6 - iter 70/107 - loss 0.12817051 - samples/sec: 112.37 - lr: 0.100000
2022-05-20 20:05:39,585 epoch 6 - iter 80/107 - loss 0.12527289 - samples/sec: 106.66 - lr: 0.100000
2022-05-20 20:05:42,432 epoch 6 - iter 90/107 - loss 0.12269508 - samples/sec: 112.42 - lr: 0.100000
2022-05-20 20:05:45,283 epoch 6 - iter 100/107 - loss 0.12105121 - samples/sec: 112.27 - lr: 0.100000
2022-05-20 20:05:47,035 ----------------------------------------------------------------------------------------------------
2022-05-20 20:05:47,035 EPOCH 6 done: loss 0.1211 - lr 0.100000
2022-05-20 20:05:53,932 Evaluating as a multi-label problem: False
2022-05-20 20:05:53,943 DEV : loss 0.24067381024360657 - f1-score (micro avg)  0.4741
2022-05-20 20:05:54,025 BAD EPOCHS (no improvement): 2
2022-05-20 20:05:54,027 ----------------------------------------------------------------------------------------------------
2022-05-20 20:05:56,628 epoch 7 - iter 10/107 - loss 0.08800189 - samples/sec: 123.09 - lr: 0.100000
2022-05-20 20:05:59,498 epoch 7 - iter 20/107 - loss 0.11059103 - samples/sec: 111.52 - lr: 0.100000
2022-05-20 20:06:02,478 epoch 7 - iter 30/107 - loss 0.10873942 - samples/sec: 107.42 - lr: 0.100000
2022-05-20 20:06:05,336 epoch 7 - iter 40/107 - loss 0.10795030 - samples/sec: 112.02 - lr: 0.100000
2022-05-20 20:06:08,222 epoch 7 - iter 50/107 - loss 0.10686147 - samples/sec: 110.96 - lr: 0.100000
2022-05-20 20:06:11,092 epoch 7 - iter 60/107 - loss 0.10879849 - samples/sec: 111.53 - lr: 0.100000
2022-05-20 20:06:14,135 epoch 7 - iter 70/107 - loss 0.10865625 - samples/sec: 105.19 - lr: 0.100000
2022-05-20 20:06:17,170 epoch 7 - iter 80/107 - loss 0.10855542 - samples/sec: 105.46 - lr: 0.100000
2022-05-20 20:06:19,886 epoch 7 - iter 90/107 - loss 0.10934206 - samples/sec: 117.90 - lr: 0.100000
2022-05-20 20:06:22,935 epoch 7 - iter 100/107 - loss 0.11012805 - samples/sec: 104.96 - lr: 0.100000
2022-05-20 20:06:24,647 ----------------------------------------------------------------------------------------------------
2022-05-20 20:06:24,647 EPOCH 7 done: loss 0.1113 - lr 0.100000
2022-05-20 20:06:32,464 Evaluating as a multi-label problem: False
2022-05-20 20:06:32,474 DEV : loss 0.2094847410917282 - f1-score (micro avg)  0.4817
2022-05-20 20:06:32,563 BAD EPOCHS (no improvement): 3
2022-05-20 20:06:32,565 ----------------------------------------------------------------------------------------------------
2022-05-20 20:06:35,040 epoch 8 - iter 10/107 - loss 0.11109575 - samples/sec: 129.37 - lr: 0.100000
2022-05-20 20:06:37,622 epoch 8 - iter 20/107 - loss 0.10698836 - samples/sec: 123.97 - lr: 0.100000
2022-05-20 20:06:40,083 epoch 8 - iter 30/107 - loss 0.10282514 - samples/sec: 130.09 - lr: 0.100000
2022-05-20 20:06:42,848 epoch 8 - iter 40/107 - loss 0.10313916 - samples/sec: 115.78 - lr: 0.100000
2022-05-20 20:06:45,733 epoch 8 - iter 50/107 - loss 0.10571702 - samples/sec: 110.94 - lr: 0.100000
2022-05-20 20:06:48,926 epoch 8 - iter 60/107 - loss 0.10630116 - samples/sec: 100.26 - lr: 0.100000
2022-05-20 20:06:51,726 epoch 8 - iter 70/107 - loss 0.10638643 - samples/sec: 114.31 - lr: 0.100000
2022-05-20 20:06:54,760 epoch 8 - iter 80/107 - loss 0.10687711 - samples/sec: 105.52 - lr: 0.100000
2022-05-20 20:06:57,535 epoch 8 - iter 90/107 - loss 0.10460012 - samples/sec: 115.37 - lr: 0.100000
2022-05-20 20:07:00,298 epoch 8 - iter 100/107 - loss 0.10499338 - samples/sec: 115.88 - lr: 0.100000
2022-05-20 20:07:02,134 ----------------------------------------------------------------------------------------------------
2022-05-20 20:07:02,134 EPOCH 8 done: loss 0.1042 - lr 0.100000
2022-05-20 20:07:09,832 Evaluating as a multi-label problem: False
2022-05-20 20:07:09,843 DEV : loss 0.2109433263540268 - f1-score (micro avg)  0.4585
2022-05-20 20:07:09,928 Epoch     8: reducing learning rate of group 0 to 5.0000e-02.
2022-05-20 20:07:09,928 BAD EPOCHS (no improvement): 4
2022-05-20 20:07:09,930 ----------------------------------------------------------------------------------------------------
2022-05-20 20:07:11,919 epoch 9 - iter 10/107 - loss 0.11317952 - samples/sec: 160.94 - lr: 0.050000
2022-05-20 20:07:14,901 epoch 9 - iter 20/107 - loss 0.11790693 - samples/sec: 107.36 - lr: 0.050000
2022-05-20 20:07:17,871 epoch 9 - iter 30/107 - loss 0.10496380 - samples/sec: 107.75 - lr: 0.050000
2022-05-20 20:07:20,607 epoch 9 - iter 40/107 - loss 0.10071938 - samples/sec: 117.04 - lr: 0.050000
2022-05-20 20:07:23,288 epoch 9 - iter 50/107 - loss 0.09818804 - samples/sec: 119.39 - lr: 0.050000
2022-05-20 20:07:26,017 epoch 9 - iter 60/107 - loss 0.09652504 - samples/sec: 117.30 - lr: 0.050000
2022-05-20 20:07:28,469 epoch 9 - iter 70/107 - loss 0.09656420 - samples/sec: 130.55 - lr: 0.050000
2022-05-20 20:07:31,138 epoch 9 - iter 80/107 - loss 0.09602372 - samples/sec: 119.95 - lr: 0.050000
2022-05-20 20:07:33,904 epoch 9 - iter 90/107 - loss 0.09448919 - samples/sec: 115.74 - lr: 0.050000
2022-05-20 20:07:36,964 epoch 9 - iter 100/107 - loss 0.09491640 - samples/sec: 104.60 - lr: 0.050000
2022-05-20 20:07:38,809 ----------------------------------------------------------------------------------------------------
2022-05-20 20:07:38,809 EPOCH 9 done: loss 0.0953 - lr 0.050000
2022-05-20 20:07:46,315 Evaluating as a multi-label problem: False
2022-05-20 20:07:46,326 DEV : loss 0.17709654569625854 - f1-score (micro avg)  0.5429
2022-05-20 20:07:46,409 BAD EPOCHS (no improvement): 0
2022-05-20 20:07:46,412 saving best model
2022-05-20 20:07:51,367 ----------------------------------------------------------------------------------------------------
2022-05-20 20:07:54,285 epoch 10 - iter 10/107 - loss 0.09622473 - samples/sec: 109.72 - lr: 0.050000
2022-05-20 20:07:57,401 epoch 10 - iter 20/107 - loss 0.08975543 - samples/sec: 102.75 - lr: 0.050000
2022-05-20 20:08:00,222 epoch 10 - iter 30/107 - loss 0.08999849 - samples/sec: 113.47 - lr: 0.050000
2022-05-20 20:08:03,104 epoch 10 - iter 40/107 - loss 0.08801338 - samples/sec: 111.09 - lr: 0.050000
2022-05-20 20:08:05,721 epoch 10 - iter 50/107 - loss 0.08578165 - samples/sec: 122.30 - lr: 0.050000
2022-05-20 20:08:08,889 epoch 10 - iter 60/107 - loss 0.08578532 - samples/sec: 101.03 - lr: 0.050000
2022-05-20 20:08:11,730 epoch 10 - iter 70/107 - loss 0.08790757 - samples/sec: 112.68 - lr: 0.050000
2022-05-20 20:08:14,501 epoch 10 - iter 80/107 - loss 0.08826487 - samples/sec: 115.54 - lr: 0.050000
2022-05-20 20:08:17,336 epoch 10 - iter 90/107 - loss 0.08866598 - samples/sec: 112.88 - lr: 0.050000
2022-05-20 20:08:20,409 epoch 10 - iter 100/107 - loss 0.08969886 - samples/sec: 104.19 - lr: 0.050000
2022-05-20 20:08:22,223 ----------------------------------------------------------------------------------------------------
2022-05-20 20:08:22,223 EPOCH 10 done: loss 0.0889 - lr 0.050000
2022-05-20 20:08:30,336 Evaluating as a multi-label problem: False
2022-05-20 20:08:30,347 DEV : loss 0.20484815537929535 - f1-score (micro avg)  0.5024
2022-05-20 20:08:30,432 BAD EPOCHS (no improvement): 1
2022-05-20 20:08:30,434 ----------------------------------------------------------------------------------------------------
2022-05-20 20:08:33,463 epoch 11 - iter 10/107 - loss 0.08997328 - samples/sec: 105.68 - lr: 0.050000
2022-05-20 20:08:36,421 epoch 11 - iter 20/107 - loss 0.08983920 - samples/sec: 108.22 - lr: 0.050000
2022-05-20 20:08:39,263 epoch 11 - iter 30/107 - loss 0.08878881 - samples/sec: 112.66 - lr: 0.050000
2022-05-20 20:08:42,203 epoch 11 - iter 40/107 - loss 0.08929045 - samples/sec: 108.88 - lr: 0.050000
2022-05-20 20:08:44,899 epoch 11 - iter 50/107 - loss 0.08502961 - samples/sec: 118.72 - lr: 0.050000
2022-05-20 20:08:47,881 epoch 11 - iter 60/107 - loss 0.08505940 - samples/sec: 107.37 - lr: 0.050000
2022-05-20 20:08:50,595 epoch 11 - iter 70/107 - loss 0.08329121 - samples/sec: 117.94 - lr: 0.050000
2022-05-20 20:08:53,103 epoch 11 - iter 80/107 - loss 0.08426817 - samples/sec: 127.64 - lr: 0.050000
2022-05-20 20:08:55,617 epoch 11 - iter 90/107 - loss 0.08519060 - samples/sec: 127.33 - lr: 0.050000
2022-05-20 20:08:58,297 epoch 11 - iter 100/107 - loss 0.08591613 - samples/sec: 119.46 - lr: 0.050000
2022-05-20 20:08:59,774 ----------------------------------------------------------------------------------------------------
2022-05-20 20:08:59,774 EPOCH 11 done: loss 0.0864 - lr 0.050000
2022-05-20 20:09:04,701 Evaluating as a multi-label problem: False
2022-05-20 20:09:04,712 DEV : loss 0.18287645280361176 - f1-score (micro avg)  0.5255
2022-05-20 20:09:04,796 BAD EPOCHS (no improvement): 2
2022-05-20 20:09:04,798 ----------------------------------------------------------------------------------------------------
2022-05-20 20:09:06,269 epoch 12 - iter 10/107 - loss 0.09718018 - samples/sec: 217.75 - lr: 0.050000
2022-05-20 20:09:07,692 epoch 12 - iter 20/107 - loss 0.08409794 - samples/sec: 225.04 - lr: 0.050000
2022-05-20 20:09:09,075 epoch 12 - iter 30/107 - loss 0.08359022 - samples/sec: 231.45 - lr: 0.050000
2022-05-20 20:09:10,401 epoch 12 - iter 40/107 - loss 0.08350262 - samples/sec: 241.52 - lr: 0.050000
2022-05-20 20:09:11,791 epoch 12 - iter 50/107 - loss 0.08216460 - samples/sec: 230.35 - lr: 0.050000
2022-05-20 20:09:13,151 epoch 12 - iter 60/107 - loss 0.08350411 - samples/sec: 235.45 - lr: 0.050000
2022-05-20 20:09:15,632 epoch 12 - iter 70/107 - loss 0.08306172 - samples/sec: 129.04 - lr: 0.050000
2022-05-20 20:09:19,067 epoch 12 - iter 80/107 - loss 0.08402061 - samples/sec: 93.21 - lr: 0.050000
2022-05-20 20:09:23,052 epoch 12 - iter 90/107 - loss 0.08433295 - samples/sec: 80.32 - lr: 0.050000
2022-05-20 20:09:26,378 epoch 12 - iter 100/107 - loss 0.08398210 - samples/sec: 96.25 - lr: 0.050000
2022-05-20 20:09:28,251 ----------------------------------------------------------------------------------------------------
2022-05-20 20:09:28,251 EPOCH 12 done: loss 0.0835 - lr 0.050000
2022-05-20 20:09:37,026 Evaluating as a multi-label problem: False
2022-05-20 20:09:37,037 DEV : loss 0.17947064340114594 - f1-score (micro avg)  0.5128
2022-05-20 20:09:37,120 BAD EPOCHS (no improvement): 3
2022-05-20 20:09:37,180 ----------------------------------------------------------------------------------------------------
2022-05-20 20:09:39,996 epoch 13 - iter 10/107 - loss 0.07519176 - samples/sec: 113.68 - lr: 0.050000
2022-05-20 20:09:43,656 epoch 13 - iter 20/107 - loss 0.07902329 - samples/sec: 87.46 - lr: 0.050000
2022-05-20 20:09:46,503 epoch 13 - iter 30/107 - loss 0.08093638 - samples/sec: 112.44 - lr: 0.050000
2022-05-20 20:09:49,309 epoch 13 - iter 40/107 - loss 0.08401380 - samples/sec: 114.06 - lr: 0.050000
2022-05-20 20:09:52,184 epoch 13 - iter 50/107 - loss 0.08398339 - samples/sec: 111.37 - lr: 0.050000
2022-05-20 20:09:54,900 epoch 13 - iter 60/107 - loss 0.08539551 - samples/sec: 117.84 - lr: 0.050000
2022-05-20 20:09:57,946 epoch 13 - iter 70/107 - loss 0.08414763 - samples/sec: 105.08 - lr: 0.050000
2022-05-20 20:10:00,970 epoch 13 - iter 80/107 - loss 0.08248311 - samples/sec: 105.88 - lr: 0.050000
2022-05-20 20:10:04,039 epoch 13 - iter 90/107 - loss 0.08233424 - samples/sec: 104.29 - lr: 0.050000
2022-05-20 20:10:07,338 epoch 13 - iter 100/107 - loss 0.08222952 - samples/sec: 97.06 - lr: 0.050000
2022-05-20 20:10:09,062 ----------------------------------------------------------------------------------------------------
2022-05-20 20:10:09,062 EPOCH 13 done: loss 0.0813 - lr 0.050000
2022-05-20 20:10:15,822 Evaluating as a multi-label problem: False
2022-05-20 20:10:15,833 DEV : loss 0.2013477236032486 - f1-score (micro avg)  0.5055
2022-05-20 20:10:15,917 Epoch    13: reducing learning rate of group 0 to 2.5000e-02.
2022-05-20 20:10:15,917 BAD EPOCHS (no improvement): 4
2022-05-20 20:10:15,920 ----------------------------------------------------------------------------------------------------
2022-05-20 20:10:18,377 epoch 14 - iter 10/107 - loss 0.09077437 - samples/sec: 130.29 - lr: 0.025000
2022-05-20 20:10:20,569 epoch 14 - iter 20/107 - loss 0.07985873 - samples/sec: 146.07 - lr: 0.025000
2022-05-20 20:10:21,938 epoch 14 - iter 30/107 - loss 0.07979978 - samples/sec: 234.02 - lr: 0.025000
2022-05-20 20:10:23,269 epoch 14 - iter 40/107 - loss 0.07981087 - samples/sec: 240.46 - lr: 0.025000
2022-05-20 20:10:24,571 epoch 14 - iter 50/107 - loss 0.07527711 - samples/sec: 245.95 - lr: 0.025000
2022-05-20 20:10:25,935 epoch 14 - iter 60/107 - loss 0.07568051 - samples/sec: 234.90 - lr: 0.025000
2022-05-20 20:10:27,286 epoch 14 - iter 70/107 - loss 0.07697535 - samples/sec: 237.03 - lr: 0.025000
2022-05-20 20:10:29,355 epoch 14 - iter 80/107 - loss 0.07653382 - samples/sec: 154.71 - lr: 0.025000
2022-05-20 20:10:32,480 epoch 14 - iter 90/107 - loss 0.07759242 - samples/sec: 102.42 - lr: 0.025000
2022-05-20 20:10:35,246 epoch 14 - iter 100/107 - loss 0.07741929 - samples/sec: 115.76 - lr: 0.025000
2022-05-20 20:10:37,117 ----------------------------------------------------------------------------------------------------
2022-05-20 20:10:37,117 EPOCH 14 done: loss 0.0771 - lr 0.025000
2022-05-20 20:10:44,793 Evaluating as a multi-label problem: False
2022-05-20 20:10:44,804 DEV : loss 0.1886865198612213 - f1-score (micro avg)  0.5173
2022-05-20 20:10:44,888 BAD EPOCHS (no improvement): 1
2022-05-20 20:10:44,902 ----------------------------------------------------------------------------------------------------
2022-05-20 20:10:47,589 epoch 15 - iter 10/107 - loss 0.06790453 - samples/sec: 119.15 - lr: 0.025000
2022-05-20 20:10:50,612 epoch 15 - iter 20/107 - loss 0.07768695 - samples/sec: 105.92 - lr: 0.025000
2022-05-20 20:10:53,475 epoch 15 - iter 30/107 - loss 0.07402918 - samples/sec: 111.80 - lr: 0.025000
2022-05-20 20:10:56,430 epoch 15 - iter 40/107 - loss 0.07739951 - samples/sec: 108.33 - lr: 0.025000
2022-05-20 20:10:59,494 epoch 15 - iter 50/107 - loss 0.07422976 - samples/sec: 104.47 - lr: 0.025000
2022-05-20 20:11:02,346 epoch 15 - iter 60/107 - loss 0.07291323 - samples/sec: 112.25 - lr: 0.025000
2022-05-20 20:11:05,317 epoch 15 - iter 70/107 - loss 0.07232836 - samples/sec: 107.73 - lr: 0.025000
2022-05-20 20:11:07,768 epoch 15 - iter 80/107 - loss 0.07486170 - samples/sec: 130.65 - lr: 0.025000
2022-05-20 20:11:10,334 epoch 15 - iter 90/107 - loss 0.07481811 - samples/sec: 124.75 - lr: 0.025000
2022-05-20 20:11:13,033 epoch 15 - iter 100/107 - loss 0.07371762 - samples/sec: 118.57 - lr: 0.025000
2022-05-20 20:11:14,527 ----------------------------------------------------------------------------------------------------
2022-05-20 20:11:14,527 EPOCH 15 done: loss 0.0743 - lr 0.025000
2022-05-20 20:11:20,314 Evaluating as a multi-label problem: False
2022-05-20 20:11:20,325 DEV : loss 0.1934334635734558 - f1-score (micro avg)  0.5113
2022-05-20 20:11:20,410 BAD EPOCHS (no improvement): 2
2022-05-20 20:11:20,412 ----------------------------------------------------------------------------------------------------
2022-05-20 20:11:21,883 epoch 16 - iter 10/107 - loss 0.06674625 - samples/sec: 217.70 - lr: 0.025000
2022-05-20 20:11:23,255 epoch 16 - iter 20/107 - loss 0.06957503 - samples/sec: 233.45 - lr: 0.025000
2022-05-20 20:11:25,461 epoch 16 - iter 30/107 - loss 0.06917291 - samples/sec: 145.08 - lr: 0.025000
2022-05-20 20:11:28,436 epoch 16 - iter 40/107 - loss 0.06851558 - samples/sec: 107.59 - lr: 0.025000
2022-05-20 20:11:31,395 epoch 16 - iter 50/107 - loss 0.07038153 - samples/sec: 108.19 - lr: 0.025000
2022-05-20 20:11:34,211 epoch 16 - iter 60/107 - loss 0.06944339 - samples/sec: 113.72 - lr: 0.025000
2022-05-20 20:11:37,215 epoch 16 - iter 70/107 - loss 0.07186772 - samples/sec: 106.57 - lr: 0.025000
2022-05-20 20:11:40,152 epoch 16 - iter 80/107 - loss 0.07063627 - samples/sec: 108.98 - lr: 0.025000
2022-05-20 20:11:43,007 epoch 16 - iter 90/107 - loss 0.06951682 - samples/sec: 112.13 - lr: 0.025000
2022-05-20 20:11:45,980 epoch 16 - iter 100/107 - loss 0.07055022 - samples/sec: 107.67 - lr: 0.025000
2022-05-20 20:11:47,673 ----------------------------------------------------------------------------------------------------
2022-05-20 20:11:47,673 EPOCH 16 done: loss 0.0707 - lr 0.025000
2022-05-20 20:11:55,320 Evaluating as a multi-label problem: False
2022-05-20 20:11:55,331 DEV : loss 0.1889604926109314 - f1-score (micro avg)  0.5174
2022-05-20 20:11:55,416 BAD EPOCHS (no improvement): 3
2022-05-20 20:11:55,418 ----------------------------------------------------------------------------------------------------
2022-05-20 20:11:58,284 epoch 17 - iter 10/107 - loss 0.07090383 - samples/sec: 111.74 - lr: 0.025000
2022-05-20 20:12:01,208 epoch 17 - iter 20/107 - loss 0.07605978 - samples/sec: 109.47 - lr: 0.025000
2022-05-20 20:12:03,968 epoch 17 - iter 30/107 - loss 0.07061293 - samples/sec: 115.96 - lr: 0.025000
2022-05-20 20:12:06,602 epoch 17 - iter 40/107 - loss 0.07332925 - samples/sec: 121.54 - lr: 0.025000
2022-05-20 20:12:09,095 epoch 17 - iter 50/107 - loss 0.07363369 - samples/sec: 128.42 - lr: 0.025000
2022-05-20 20:12:11,690 epoch 17 - iter 60/107 - loss 0.07024907 - samples/sec: 123.37 - lr: 0.025000
2022-05-20 20:12:13,417 epoch 17 - iter 70/107 - loss 0.07017318 - samples/sec: 185.42 - lr: 0.025000
2022-05-20 20:12:14,736 epoch 17 - iter 80/107 - loss 0.07077211 - samples/sec: 242.64 - lr: 0.025000
2022-05-20 20:12:16,142 epoch 17 - iter 90/107 - loss 0.07102967 - samples/sec: 227.80 - lr: 0.025000
2022-05-20 20:12:17,484 epoch 17 - iter 100/107 - loss 0.07289977 - samples/sec: 238.63 - lr: 0.025000
2022-05-20 20:12:18,339 ----------------------------------------------------------------------------------------------------
2022-05-20 20:12:18,339 EPOCH 17 done: loss 0.0718 - lr 0.025000
2022-05-20 20:12:24,860 Evaluating as a multi-label problem: False
2022-05-20 20:12:24,871 DEV : loss 0.19780233502388 - f1-score (micro avg)  0.5047
2022-05-20 20:12:24,955 Epoch    17: reducing learning rate of group 0 to 1.2500e-02.
2022-05-20 20:12:24,955 BAD EPOCHS (no improvement): 4
2022-05-20 20:12:25,009 ----------------------------------------------------------------------------------------------------
2022-05-20 20:12:27,743 epoch 18 - iter 10/107 - loss 0.07110764 - samples/sec: 117.08 - lr: 0.012500
2022-05-20 20:12:30,798 epoch 18 - iter 20/107 - loss 0.06973917 - samples/sec: 104.80 - lr: 0.012500
2022-05-20 20:12:33,939 epoch 18 - iter 30/107 - loss 0.06492736 - samples/sec: 101.91 - lr: 0.012500
2022-05-20 20:12:36,771 epoch 18 - iter 40/107 - loss 0.06460914 - samples/sec: 113.03 - lr: 0.012500
2022-05-20 20:12:39,430 epoch 18 - iter 50/107 - loss 0.06441200 - samples/sec: 120.38 - lr: 0.012500
2022-05-20 20:12:42,512 epoch 18 - iter 60/107 - loss 0.06591047 - samples/sec: 103.88 - lr: 0.012500
2022-05-20 20:12:45,274 epoch 18 - iter 70/107 - loss 0.06655516 - samples/sec: 115.87 - lr: 0.012500
2022-05-20 20:12:48,214 epoch 18 - iter 80/107 - loss 0.06545908 - samples/sec: 108.88 - lr: 0.012500
2022-05-20 20:12:51,387 epoch 18 - iter 90/107 - loss 0.06782854 - samples/sec: 100.88 - lr: 0.012500
2022-05-20 20:12:54,365 epoch 18 - iter 100/107 - loss 0.06764589 - samples/sec: 107.51 - lr: 0.012500
2022-05-20 20:12:56,301 ----------------------------------------------------------------------------------------------------
2022-05-20 20:12:56,301 EPOCH 18 done: loss 0.0678 - lr 0.012500
2022-05-20 20:13:04,430 Evaluating as a multi-label problem: False
2022-05-20 20:13:04,441 DEV : loss 0.18191228806972504 - f1-score (micro avg)  0.5144
2022-05-20 20:13:04,529 BAD EPOCHS (no improvement): 1
2022-05-20 20:13:04,531 ----------------------------------------------------------------------------------------------------
2022-05-20 20:13:07,084 epoch 19 - iter 10/107 - loss 0.06805733 - samples/sec: 125.43 - lr: 0.012500
2022-05-20 20:13:08,495 epoch 19 - iter 20/107 - loss 0.06811007 - samples/sec: 227.03 - lr: 0.012500
2022-05-20 20:13:09,828 epoch 19 - iter 30/107 - loss 0.06943392 - samples/sec: 240.19 - lr: 0.012500
2022-05-20 20:13:11,164 epoch 19 - iter 40/107 - loss 0.06909999 - samples/sec: 239.66 - lr: 0.012500
2022-05-20 20:13:12,543 epoch 19 - iter 50/107 - loss 0.06881787 - samples/sec: 232.23 - lr: 0.012500
2022-05-20 20:13:13,901 epoch 19 - iter 60/107 - loss 0.06586548 - samples/sec: 235.91 - lr: 0.012500
2022-05-20 20:13:15,215 epoch 19 - iter 70/107 - loss 0.06693896 - samples/sec: 243.69 - lr: 0.012500
2022-05-20 20:13:17,980 epoch 19 - iter 80/107 - loss 0.06536300 - samples/sec: 115.78 - lr: 0.012500
2022-05-20 20:13:20,789 epoch 19 - iter 90/107 - loss 0.06553871 - samples/sec: 113.95 - lr: 0.012500
2022-05-20 20:13:23,831 epoch 19 - iter 100/107 - loss 0.06676977 - samples/sec: 105.24 - lr: 0.012500
2022-05-20 20:13:25,524 ----------------------------------------------------------------------------------------------------
2022-05-20 20:13:25,524 EPOCH 19 done: loss 0.0667 - lr 0.012500
2022-05-20 20:13:33,403 Evaluating as a multi-label problem: False
2022-05-20 20:13:33,414 DEV : loss 0.1904352307319641 - f1-score (micro avg)  0.5189
2022-05-20 20:13:33,499 BAD EPOCHS (no improvement): 2
2022-05-20 20:13:33,501 ----------------------------------------------------------------------------------------------------
2022-05-20 20:13:36,473 epoch 20 - iter 10/107 - loss 0.07030758 - samples/sec: 107.74 - lr: 0.012500
2022-05-20 20:13:39,395 epoch 20 - iter 20/107 - loss 0.06953224 - samples/sec: 109.54 - lr: 0.012500
2022-05-20 20:13:42,375 epoch 20 - iter 30/107 - loss 0.06619552 - samples/sec: 107.40 - lr: 0.012500
2022-05-20 20:13:45,216 epoch 20 - iter 40/107 - loss 0.06624640 - samples/sec: 112.70 - lr: 0.012500
2022-05-20 20:13:48,034 epoch 20 - iter 50/107 - loss 0.06309472 - samples/sec: 113.61 - lr: 0.012500
2022-05-20 20:13:51,113 epoch 20 - iter 60/107 - loss 0.06327406 - samples/sec: 103.94 - lr: 0.012500
2022-05-20 20:13:53,818 epoch 20 - iter 70/107 - loss 0.06403362 - samples/sec: 118.36 - lr: 0.012500
2022-05-20 20:13:56,365 epoch 20 - iter 80/107 - loss 0.06527582 - samples/sec: 125.73 - lr: 0.012500
2022-05-20 20:13:58,992 epoch 20 - iter 90/107 - loss 0.06348170 - samples/sec: 121.86 - lr: 0.012500
2022-05-20 20:14:01,498 epoch 20 - iter 100/107 - loss 0.06635213 - samples/sec: 127.71 - lr: 0.012500
2022-05-20 20:14:03,096 ----------------------------------------------------------------------------------------------------
2022-05-20 20:14:03,096 EPOCH 20 done: loss 0.0663 - lr 0.012500
2022-05-20 20:14:10,516 Evaluating as a multi-label problem: False
2022-05-20 20:14:10,527 DEV : loss 0.18665340542793274 - f1-score (micro avg)  0.5235
2022-05-20 20:14:10,612 BAD EPOCHS (no improvement): 3
2022-05-20 20:14:10,614 ----------------------------------------------------------------------------------------------------
2022-05-20 20:14:13,485 epoch 21 - iter 10/107 - loss 0.06452597 - samples/sec: 111.52 - lr: 0.012500
2022-05-20 20:14:16,463 epoch 21 - iter 20/107 - loss 0.06755843 - samples/sec: 107.49 - lr: 0.012500
2022-05-20 20:14:19,317 epoch 21 - iter 30/107 - loss 0.07137915 - samples/sec: 112.14 - lr: 0.012500
2022-05-20 20:14:22,197 epoch 21 - iter 40/107 - loss 0.06918199 - samples/sec: 111.15 - lr: 0.012500
2022-05-20 20:14:25,254 epoch 21 - iter 50/107 - loss 0.06680369 - samples/sec: 104.70 - lr: 0.012500
2022-05-20 20:14:28,201 epoch 21 - iter 60/107 - loss 0.06581012 - samples/sec: 108.62 - lr: 0.012500
2022-05-20 20:14:31,171 epoch 21 - iter 70/107 - loss 0.06543108 - samples/sec: 107.81 - lr: 0.012500
2022-05-20 20:14:34,140 epoch 21 - iter 80/107 - loss 0.06663256 - samples/sec: 107.80 - lr: 0.012500
2022-05-20 20:14:37,203 epoch 21 - iter 90/107 - loss 0.06529083 - samples/sec: 104.52 - lr: 0.012500
2022-05-20 20:14:39,924 epoch 21 - iter 100/107 - loss 0.06557680 - samples/sec: 117.66 - lr: 0.012500
2022-05-20 20:14:41,736 ----------------------------------------------------------------------------------------------------
2022-05-20 20:14:41,736 EPOCH 21 done: loss 0.0657 - lr 0.012500
2022-05-20 20:14:49,558 Evaluating as a multi-label problem: False
2022-05-20 20:14:49,569 DEV : loss 0.19013004004955292 - f1-score (micro avg)  0.5219
2022-05-20 20:14:49,653 Epoch    21: reducing learning rate of group 0 to 6.2500e-03.
2022-05-20 20:14:49,653 BAD EPOCHS (no improvement): 4
2022-05-20 20:14:49,655 ----------------------------------------------------------------------------------------------------
2022-05-20 20:14:52,089 epoch 22 - iter 10/107 - loss 0.06364997 - samples/sec: 131.53 - lr: 0.006250
2022-05-20 20:14:55,081 epoch 22 - iter 20/107 - loss 0.06242051 - samples/sec: 107.01 - lr: 0.006250
2022-05-20 20:14:57,827 epoch 22 - iter 30/107 - loss 0.06484525 - samples/sec: 116.54 - lr: 0.006250
2022-05-20 20:15:00,952 epoch 22 - iter 40/107 - loss 0.06578872 - samples/sec: 102.43 - lr: 0.006250
2022-05-20 20:15:03,755 epoch 22 - iter 50/107 - loss 0.06454830 - samples/sec: 114.21 - lr: 0.006250
2022-05-20 20:15:06,904 epoch 22 - iter 60/107 - loss 0.06515428 - samples/sec: 101.64 - lr: 0.006250
2022-05-20 20:15:09,828 epoch 22 - iter 70/107 - loss 0.06564273 - samples/sec: 109.49 - lr: 0.006250
2022-05-20 20:15:12,664 epoch 22 - iter 80/107 - loss 0.06699149 - samples/sec: 112.88 - lr: 0.006250
2022-05-20 20:15:15,448 epoch 22 - iter 90/107 - loss 0.06565519 - samples/sec: 114.99 - lr: 0.006250
2022-05-20 20:15:18,416 epoch 22 - iter 100/107 - loss 0.06450675 - samples/sec: 107.85 - lr: 0.006250
2022-05-20 20:15:20,300 ----------------------------------------------------------------------------------------------------
2022-05-20 20:15:20,300 EPOCH 22 done: loss 0.0645 - lr 0.006250
2022-05-20 20:15:28,009 Evaluating as a multi-label problem: False
2022-05-20 20:15:28,021 DEV : loss 0.19257758557796478 - f1-score (micro avg)  0.5113
2022-05-20 20:15:28,105 BAD EPOCHS (no improvement): 1
2022-05-20 20:15:28,108 ----------------------------------------------------------------------------------------------------
2022-05-20 20:15:29,889 epoch 23 - iter 10/107 - loss 0.05482657 - samples/sec: 179.81 - lr: 0.006250
2022-05-20 20:15:32,632 epoch 23 - iter 20/107 - loss 0.06272269 - samples/sec: 116.68 - lr: 0.006250
2022-05-20 20:15:35,011 epoch 23 - iter 30/107 - loss 0.06130211 - samples/sec: 134.57 - lr: 0.006250
2022-05-20 20:15:37,628 epoch 23 - iter 40/107 - loss 0.06424731 - samples/sec: 122.35 - lr: 0.006250
2022-05-20 20:15:39,911 epoch 23 - iter 50/107 - loss 0.06624010 - samples/sec: 140.19 - lr: 0.006250
2022-05-20 20:15:42,776 epoch 23 - iter 60/107 - loss 0.06661976 - samples/sec: 111.75 - lr: 0.006250
2022-05-20 20:15:45,743 epoch 23 - iter 70/107 - loss 0.06545972 - samples/sec: 107.90 - lr: 0.006250
2022-05-20 20:15:48,710 epoch 23 - iter 80/107 - loss 0.06544173 - samples/sec: 107.86 - lr: 0.006250
2022-05-20 20:15:51,803 epoch 23 - iter 90/107 - loss 0.06331909 - samples/sec: 103.49 - lr: 0.006250
2022-05-20 20:15:54,755 epoch 23 - iter 100/107 - loss 0.06340078 - samples/sec: 108.43 - lr: 0.006250
2022-05-20 20:15:56,448 ----------------------------------------------------------------------------------------------------
2022-05-20 20:15:56,448 EPOCH 23 done: loss 0.0632 - lr 0.006250
2022-05-20 20:16:03,746 Evaluating as a multi-label problem: False
2022-05-20 20:16:03,757 DEV : loss 0.19023814797401428 - f1-score (micro avg)  0.5178
2022-05-20 20:16:03,842 BAD EPOCHS (no improvement): 2
2022-05-20 20:16:03,845 ----------------------------------------------------------------------------------------------------
2022-05-20 20:16:06,751 epoch 24 - iter 10/107 - loss 0.06901544 - samples/sec: 110.20 - lr: 0.006250
2022-05-20 20:16:09,796 epoch 24 - iter 20/107 - loss 0.07495384 - samples/sec: 105.13 - lr: 0.006250
2022-05-20 20:16:12,519 epoch 24 - iter 30/107 - loss 0.06934605 - samples/sec: 117.58 - lr: 0.006250
2022-05-20 20:16:15,316 epoch 24 - iter 40/107 - loss 0.06456526 - samples/sec: 114.45 - lr: 0.006250
2022-05-20 20:16:18,076 epoch 24 - iter 50/107 - loss 0.06350013 - samples/sec: 116.00 - lr: 0.006250
2022-05-20 20:16:20,710 epoch 24 - iter 60/107 - loss 0.06274382 - samples/sec: 121.54 - lr: 0.006250
2022-05-20 20:16:23,321 epoch 24 - iter 70/107 - loss 0.06304347 - samples/sec: 122.57 - lr: 0.006250
2022-05-20 20:16:26,551 epoch 24 - iter 80/107 - loss 0.06283245 - samples/sec: 99.11 - lr: 0.006250
2022-05-20 20:16:29,303 epoch 24 - iter 90/107 - loss 0.06418237 - samples/sec: 116.33 - lr: 0.006250
2022-05-20 20:16:32,392 epoch 24 - iter 100/107 - loss 0.06335811 - samples/sec: 103.63 - lr: 0.006250
2022-05-20 20:16:34,183 ----------------------------------------------------------------------------------------------------
2022-05-20 20:16:34,183 EPOCH 24 done: loss 0.0633 - lr 0.006250
2022-05-20 20:16:41,730 Evaluating as a multi-label problem: False
2022-05-20 20:16:41,741 DEV : loss 0.18750600516796112 - f1-score (micro avg)  0.5132
2022-05-20 20:16:41,826 BAD EPOCHS (no improvement): 3
2022-05-20 20:16:41,828 ----------------------------------------------------------------------------------------------------
2022-05-20 20:16:44,724 epoch 25 - iter 10/107 - loss 0.06657185 - samples/sec: 110.54 - lr: 0.006250
2022-05-20 20:16:47,721 epoch 25 - iter 20/107 - loss 0.06338858 - samples/sec: 106.81 - lr: 0.006250
2022-05-20 20:16:50,591 epoch 25 - iter 30/107 - loss 0.06252818 - samples/sec: 111.53 - lr: 0.006250
2022-05-20 20:16:53,509 epoch 25 - iter 40/107 - loss 0.06394014 - samples/sec: 109.70 - lr: 0.006250
2022-05-20 20:16:56,434 epoch 25 - iter 50/107 - loss 0.06331919 - samples/sec: 109.44 - lr: 0.006250
2022-05-20 20:16:59,395 epoch 25 - iter 60/107 - loss 0.06180481 - samples/sec: 108.14 - lr: 0.006250
2022-05-20 20:17:02,300 epoch 25 - iter 70/107 - loss 0.06198685 - samples/sec: 110.19 - lr: 0.006250
2022-05-20 20:17:05,150 epoch 25 - iter 80/107 - loss 0.06205716 - samples/sec: 112.31 - lr: 0.006250
2022-05-20 20:17:07,597 epoch 25 - iter 90/107 - loss 0.06351319 - samples/sec: 130.83 - lr: 0.006250
2022-05-20 20:17:10,064 epoch 25 - iter 100/107 - loss 0.06338745 - samples/sec: 129.77 - lr: 0.006250
2022-05-20 20:17:11,553 ----------------------------------------------------------------------------------------------------
2022-05-20 20:17:11,553 EPOCH 25 done: loss 0.0634 - lr 0.006250
2022-05-20 20:17:19,023 Evaluating as a multi-label problem: False
2022-05-20 20:17:19,034 DEV : loss 0.18921679258346558 - f1-score (micro avg)  0.5181
2022-05-20 20:17:19,124 Epoch    25: reducing learning rate of group 0 to 3.1250e-03.
2022-05-20 20:17:19,124 BAD EPOCHS (no improvement): 4
2022-05-20 20:17:19,182 ----------------------------------------------------------------------------------------------------
2022-05-20 20:17:22,120 epoch 26 - iter 10/107 - loss 0.06402546 - samples/sec: 108.94 - lr: 0.003125
2022-05-20 20:17:24,851 epoch 26 - iter 20/107 - loss 0.06060201 - samples/sec: 117.22 - lr: 0.003125
2022-05-20 20:17:27,782 epoch 26 - iter 30/107 - loss 0.05781843 - samples/sec: 109.23 - lr: 0.003125
2022-05-20 20:17:30,834 epoch 26 - iter 40/107 - loss 0.05805368 - samples/sec: 104.90 - lr: 0.003125
2022-05-20 20:17:33,869 epoch 26 - iter 50/107 - loss 0.05957648 - samples/sec: 105.45 - lr: 0.003125
2022-05-20 20:17:36,722 epoch 26 - iter 60/107 - loss 0.06133815 - samples/sec: 112.21 - lr: 0.003125
2022-05-20 20:17:39,631 epoch 26 - iter 70/107 - loss 0.06104097 - samples/sec: 110.04 - lr: 0.003125
2022-05-20 20:17:42,675 epoch 26 - iter 80/107 - loss 0.06130520 - samples/sec: 105.18 - lr: 0.003125
2022-05-20 20:17:45,500 epoch 26 - iter 90/107 - loss 0.06226586 - samples/sec: 113.31 - lr: 0.003125
2022-05-20 20:17:48,489 epoch 26 - iter 100/107 - loss 0.06210069 - samples/sec: 107.11 - lr: 0.003125
2022-05-20 20:17:50,388 ----------------------------------------------------------------------------------------------------
2022-05-20 20:17:50,388 EPOCH 26 done: loss 0.0627 - lr 0.003125
2022-05-20 20:17:57,347 Evaluating as a multi-label problem: False
2022-05-20 20:17:57,358 DEV : loss 0.18864166736602783 - f1-score (micro avg)  0.5291
2022-05-20 20:17:57,442 BAD EPOCHS (no improvement): 1
2022-05-20 20:17:57,444 ----------------------------------------------------------------------------------------------------
2022-05-20 20:18:00,028 epoch 27 - iter 10/107 - loss 0.05802583 - samples/sec: 123.87 - lr: 0.003125
2022-05-20 20:18:02,210 epoch 27 - iter 20/107 - loss 0.06072152 - samples/sec: 146.76 - lr: 0.003125
2022-05-20 20:18:03,525 epoch 27 - iter 30/107 - loss 0.05850765 - samples/sec: 243.47 - lr: 0.003125
2022-05-20 20:18:05,611 epoch 27 - iter 40/107 - loss 0.05874608 - samples/sec: 153.46 - lr: 0.003125
2022-05-20 20:18:06,970 epoch 27 - iter 50/107 - loss 0.05848535 - samples/sec: 235.62 - lr: 0.003125
2022-05-20 20:18:08,322 epoch 27 - iter 60/107 - loss 0.05917389 - samples/sec: 236.98 - lr: 0.003125
2022-05-20 20:18:09,720 epoch 27 - iter 70/107 - loss 0.05935457 - samples/sec: 229.05 - lr: 0.003125
2022-05-20 20:18:12,531 epoch 27 - iter 80/107 - loss 0.06088271 - samples/sec: 113.88 - lr: 0.003125
2022-05-20 20:18:15,367 epoch 27 - iter 90/107 - loss 0.06099854 - samples/sec: 112.85 - lr: 0.003125
2022-05-20 20:18:18,414 epoch 27 - iter 100/107 - loss 0.06194084 - samples/sec: 105.08 - lr: 0.003125
2022-05-20 20:18:20,343 ----------------------------------------------------------------------------------------------------
2022-05-20 20:18:20,343 EPOCH 27 done: loss 0.0615 - lr 0.003125
2022-05-20 20:18:28,020 Evaluating as a multi-label problem: False
2022-05-20 20:18:28,031 DEV : loss 0.18670977652072906 - f1-score (micro avg)  0.5294
2022-05-20 20:18:28,116 BAD EPOCHS (no improvement): 2
2022-05-20 20:18:28,135 ----------------------------------------------------------------------------------------------------
2022-05-20 20:18:30,802 epoch 28 - iter 10/107 - loss 0.06706104 - samples/sec: 120.08 - lr: 0.003125
2022-05-20 20:18:33,848 epoch 28 - iter 20/107 - loss 0.06583132 - samples/sec: 105.10 - lr: 0.003125
2022-05-20 20:18:36,650 epoch 28 - iter 30/107 - loss 0.06185358 - samples/sec: 114.24 - lr: 0.003125
2022-05-20 20:18:39,660 epoch 28 - iter 40/107 - loss 0.06223742 - samples/sec: 106.35 - lr: 0.003125
2022-05-20 20:18:42,595 epoch 28 - iter 50/107 - loss 0.06067442 - samples/sec: 109.07 - lr: 0.003125
2022-05-20 20:18:45,405 epoch 28 - iter 60/107 - loss 0.06206024 - samples/sec: 113.90 - lr: 0.003125
2022-05-20 20:18:48,047 epoch 28 - iter 70/107 - loss 0.06260563 - samples/sec: 121.17 - lr: 0.003125
2022-05-20 20:18:50,532 epoch 28 - iter 80/107 - loss 0.06339893 - samples/sec: 128.85 - lr: 0.003125
2022-05-20 20:18:53,155 epoch 28 - iter 90/107 - loss 0.06333469 - samples/sec: 122.01 - lr: 0.003125
2022-05-20 20:18:55,848 epoch 28 - iter 100/107 - loss 0.06378374 - samples/sec: 118.89 - lr: 0.003125
2022-05-20 20:18:57,359 ----------------------------------------------------------------------------------------------------
2022-05-20 20:18:57,359 EPOCH 28 done: loss 0.0639 - lr 0.003125
2022-05-20 20:19:05,097 Evaluating as a multi-label problem: False
2022-05-20 20:19:05,107 DEV : loss 0.1862989366054535 - f1-score (micro avg)  0.5219
2022-05-20 20:19:05,193 BAD EPOCHS (no improvement): 3
2022-05-20 20:19:05,196 ----------------------------------------------------------------------------------------------------
2022-05-20 20:19:07,953 epoch 29 - iter 10/107 - loss 0.05982712 - samples/sec: 116.11 - lr: 0.003125
2022-05-20 20:19:10,842 epoch 29 - iter 20/107 - loss 0.06542078 - samples/sec: 110.80 - lr: 0.003125
2022-05-20 20:19:13,715 epoch 29 - iter 30/107 - loss 0.06441025 - samples/sec: 111.45 - lr: 0.003125
2022-05-20 20:19:16,561 epoch 29 - iter 40/107 - loss 0.06297661 - samples/sec: 112.48 - lr: 0.003125
2022-05-20 20:19:19,565 epoch 29 - iter 50/107 - loss 0.06236477 - samples/sec: 106.57 - lr: 0.003125
2022-05-20 20:19:22,257 epoch 29 - iter 60/107 - loss 0.06145395 - samples/sec: 118.91 - lr: 0.003125
2022-05-20 20:19:25,204 epoch 29 - iter 70/107 - loss 0.06322944 - samples/sec: 108.62 - lr: 0.003125
2022-05-20 20:19:28,173 epoch 29 - iter 80/107 - loss 0.06204271 - samples/sec: 107.81 - lr: 0.003125
2022-05-20 20:19:31,028 epoch 29 - iter 90/107 - loss 0.06224875 - samples/sec: 112.12 - lr: 0.003125
2022-05-20 20:19:34,005 epoch 29 - iter 100/107 - loss 0.06203984 - samples/sec: 107.52 - lr: 0.003125
2022-05-20 20:19:35,814 ----------------------------------------------------------------------------------------------------
2022-05-20 20:19:35,815 EPOCH 29 done: loss 0.0617 - lr 0.003125
2022-05-20 20:19:42,129 Evaluating as a multi-label problem: False
2022-05-20 20:19:42,140 DEV : loss 0.18575601279735565 - f1-score (micro avg)  0.5203
2022-05-20 20:19:42,225 Epoch    29: reducing learning rate of group 0 to 1.5625e-03.
2022-05-20 20:19:42,225 BAD EPOCHS (no improvement): 4
2022-05-20 20:19:42,227 ----------------------------------------------------------------------------------------------------
2022-05-20 20:19:45,424 epoch 30 - iter 10/107 - loss 0.05707885 - samples/sec: 100.14 - lr: 0.001563
2022-05-20 20:19:48,431 epoch 30 - iter 20/107 - loss 0.05852145 - samples/sec: 106.45 - lr: 0.001563
2022-05-20 20:19:51,286 epoch 30 - iter 30/107 - loss 0.05826228 - samples/sec: 112.12 - lr: 0.001563
2022-05-20 20:19:54,281 epoch 30 - iter 40/107 - loss 0.06158256 - samples/sec: 106.87 - lr: 0.001563
2022-05-20 20:19:57,112 epoch 30 - iter 50/107 - loss 0.06111657 - samples/sec: 113.10 - lr: 0.001563
2022-05-20 20:20:00,058 epoch 30 - iter 60/107 - loss 0.06112000 - samples/sec: 108.66 - lr: 0.001563
2022-05-20 20:20:03,154 epoch 30 - iter 70/107 - loss 0.06065413 - samples/sec: 103.39 - lr: 0.001563
2022-05-20 20:20:05,895 epoch 30 - iter 80/107 - loss 0.05978100 - samples/sec: 116.79 - lr: 0.001563
2022-05-20 20:20:08,845 epoch 30 - iter 90/107 - loss 0.06164318 - samples/sec: 108.52 - lr: 0.001563
2022-05-20 20:20:11,739 epoch 30 - iter 100/107 - loss 0.06123858 - samples/sec: 110.61 - lr: 0.001563
2022-05-20 20:20:13,545 ----------------------------------------------------------------------------------------------------
2022-05-20 20:20:13,546 EPOCH 30 done: loss 0.0613 - lr 0.001563
2022-05-20 20:20:21,134 Evaluating as a multi-label problem: False
2022-05-20 20:20:21,145 DEV : loss 0.18640370666980743 - f1-score (micro avg)  0.5185
2022-05-20 20:20:21,229 BAD EPOCHS (no improvement): 1
2022-05-20 20:20:21,231 ----------------------------------------------------------------------------------------------------
2022-05-20 20:20:24,143 epoch 31 - iter 10/107 - loss 0.05537363 - samples/sec: 109.93 - lr: 0.001563
2022-05-20 20:20:26,758 epoch 31 - iter 20/107 - loss 0.05178076 - samples/sec: 122.42 - lr: 0.001563
2022-05-20 20:20:29,333 epoch 31 - iter 30/107 - loss 0.05825186 - samples/sec: 124.30 - lr: 0.001563
2022-05-20 20:20:31,900 epoch 31 - iter 40/107 - loss 0.05681416 - samples/sec: 124.75 - lr: 0.001563
2022-05-20 20:20:33,952 epoch 31 - iter 50/107 - loss 0.05752176 - samples/sec: 155.95 - lr: 0.001563
2022-05-20 20:20:35,330 epoch 31 - iter 60/107 - loss 0.05893911 - samples/sec: 232.51 - lr: 0.001563
2022-05-20 20:20:36,681 epoch 31 - iter 70/107 - loss 0.06025354 - samples/sec: 237.05 - lr: 0.001563
2022-05-20 20:20:38,083 epoch 31 - iter 80/107 - loss 0.06171904 - samples/sec: 228.44 - lr: 0.001563
2022-05-20 20:20:39,462 epoch 31 - iter 90/107 - loss 0.06046991 - samples/sec: 232.32 - lr: 0.001563
2022-05-20 20:20:40,865 epoch 31 - iter 100/107 - loss 0.06047398 - samples/sec: 228.26 - lr: 0.001563
2022-05-20 20:20:41,678 ----------------------------------------------------------------------------------------------------
2022-05-20 20:20:41,678 EPOCH 31 done: loss 0.0614 - lr 0.001563
2022-05-20 20:20:50,137 Evaluating as a multi-label problem: False
2022-05-20 20:20:50,148 DEV : loss 0.18652242422103882 - f1-score (micro avg)  0.5173
2022-05-20 20:20:50,233 BAD EPOCHS (no improvement): 2
2022-05-20 20:20:50,244 ----------------------------------------------------------------------------------------------------
2022-05-20 20:20:53,328 epoch 32 - iter 10/107 - loss 0.05948964 - samples/sec: 103.80 - lr: 0.001563
2022-05-20 20:20:56,218 epoch 32 - iter 20/107 - loss 0.05971163 - samples/sec: 110.76 - lr: 0.001563
2022-05-20 20:20:59,002 epoch 32 - iter 30/107 - loss 0.05802548 - samples/sec: 115.01 - lr: 0.001563
2022-05-20 20:21:02,022 epoch 32 - iter 40/107 - loss 0.06174663 - samples/sec: 105.97 - lr: 0.001563
2022-05-20 20:21:04,881 epoch 32 - iter 50/107 - loss 0.06132726 - samples/sec: 111.97 - lr: 0.001563
2022-05-20 20:21:07,730 epoch 32 - iter 60/107 - loss 0.06095133 - samples/sec: 112.37 - lr: 0.001563
2022-05-20 20:21:10,809 epoch 32 - iter 70/107 - loss 0.06275985 - samples/sec: 103.95 - lr: 0.001563
2022-05-20 20:21:13,883 epoch 32 - iter 80/107 - loss 0.06245618 - samples/sec: 104.15 - lr: 0.001563
2022-05-20 20:21:16,986 epoch 32 - iter 90/107 - loss 0.06236347 - samples/sec: 103.17 - lr: 0.001563
2022-05-20 20:21:19,758 epoch 32 - iter 100/107 - loss 0.06071539 - samples/sec: 115.47 - lr: 0.001563
2022-05-20 20:21:21,499 ----------------------------------------------------------------------------------------------------
2022-05-20 20:21:21,499 EPOCH 32 done: loss 0.0606 - lr 0.001563
2022-05-20 20:21:28,935 Evaluating as a multi-label problem: False
2022-05-20 20:21:28,945 DEV : loss 0.18758493661880493 - f1-score (micro avg)  0.5195
2022-05-20 20:21:29,029 BAD EPOCHS (no improvement): 3
2022-05-20 20:21:29,030 ----------------------------------------------------------------------------------------------------
2022-05-20 20:21:31,847 epoch 33 - iter 10/107 - loss 0.06988507 - samples/sec: 113.65 - lr: 0.001563
2022-05-20 20:21:34,670 epoch 33 - iter 20/107 - loss 0.06024828 - samples/sec: 113.42 - lr: 0.001563
2022-05-20 20:21:37,561 epoch 33 - iter 30/107 - loss 0.05992005 - samples/sec: 110.70 - lr: 0.001563
2022-05-20 20:21:40,417 epoch 33 - iter 40/107 - loss 0.06244949 - samples/sec: 112.09 - lr: 0.001563
2022-05-20 20:21:43,296 epoch 33 - iter 50/107 - loss 0.06172890 - samples/sec: 111.18 - lr: 0.001563
2022-05-20 20:21:46,327 epoch 33 - iter 60/107 - loss 0.06154617 - samples/sec: 105.63 - lr: 0.001563
2022-05-20 20:21:49,417 epoch 33 - iter 70/107 - loss 0.06062811 - samples/sec: 103.60 - lr: 0.001563
2022-05-20 20:21:52,525 epoch 33 - iter 80/107 - loss 0.06189686 - samples/sec: 102.96 - lr: 0.001563
2022-05-20 20:21:55,665 epoch 33 - iter 90/107 - loss 0.06136360 - samples/sec: 101.97 - lr: 0.001563
2022-05-20 20:21:58,544 epoch 33 - iter 100/107 - loss 0.06099931 - samples/sec: 111.16 - lr: 0.001563
2022-05-20 20:22:00,456 ----------------------------------------------------------------------------------------------------
2022-05-20 20:22:00,456 EPOCH 33 done: loss 0.0607 - lr 0.001563
2022-05-20 20:22:07,852 Evaluating as a multi-label problem: False
2022-05-20 20:22:07,863 DEV : loss 0.1865938901901245 - f1-score (micro avg)  0.5199
2022-05-20 20:22:07,948 Epoch    33: reducing learning rate of group 0 to 7.8125e-04.
2022-05-20 20:22:07,948 BAD EPOCHS (no improvement): 4
2022-05-20 20:22:07,951 ----------------------------------------------------------------------------------------------------
2022-05-20 20:22:10,198 epoch 34 - iter 10/107 - loss 0.06622764 - samples/sec: 142.55 - lr: 0.000781
2022-05-20 20:22:12,814 epoch 34 - iter 20/107 - loss 0.06289216 - samples/sec: 122.36 - lr: 0.000781
2022-05-20 20:22:15,311 epoch 34 - iter 30/107 - loss 0.06294739 - samples/sec: 128.22 - lr: 0.000781
2022-05-20 20:22:17,886 epoch 34 - iter 40/107 - loss 0.06530728 - samples/sec: 124.33 - lr: 0.000781
2022-05-20 20:22:20,669 epoch 34 - iter 50/107 - loss 0.06443893 - samples/sec: 115.01 - lr: 0.000781
2022-05-20 20:22:23,738 epoch 34 - iter 60/107 - loss 0.06354106 - samples/sec: 104.32 - lr: 0.000781
2022-05-20 20:22:26,618 epoch 34 - iter 70/107 - loss 0.06084315 - samples/sec: 111.14 - lr: 0.000781
2022-05-20 20:22:29,629 epoch 34 - iter 80/107 - loss 0.06041491 - samples/sec: 106.32 - lr: 0.000781
2022-05-20 20:22:32,465 epoch 34 - iter 90/107 - loss 0.06062607 - samples/sec: 112.86 - lr: 0.000781
2022-05-20 20:22:35,255 epoch 34 - iter 100/107 - loss 0.06008749 - samples/sec: 114.75 - lr: 0.000781
2022-05-20 20:22:37,216 ----------------------------------------------------------------------------------------------------
2022-05-20 20:22:37,216 EPOCH 34 done: loss 0.0600 - lr 0.000781
2022-05-20 20:22:44,863 Evaluating as a multi-label problem: False
2022-05-20 20:22:44,875 DEV : loss 0.18684224784374237 - f1-score (micro avg)  0.5181
2022-05-20 20:22:44,960 BAD EPOCHS (no improvement): 1
2022-05-20 20:22:44,962 ----------------------------------------------------------------------------------------------------
2022-05-20 20:22:48,015 epoch 35 - iter 10/107 - loss 0.06280640 - samples/sec: 104.85 - lr: 0.000781
2022-05-20 20:22:51,022 epoch 35 - iter 20/107 - loss 0.06802713 - samples/sec: 106.47 - lr: 0.000781
2022-05-20 20:22:53,984 epoch 35 - iter 30/107 - loss 0.06515610 - samples/sec: 108.08 - lr: 0.000781
2022-05-20 20:22:56,699 epoch 35 - iter 40/107 - loss 0.06172472 - samples/sec: 117.88 - lr: 0.000781
2022-05-20 20:22:59,395 epoch 35 - iter 50/107 - loss 0.06107848 - samples/sec: 118.79 - lr: 0.000781
2022-05-20 20:23:01,987 epoch 35 - iter 60/107 - loss 0.06157253 - samples/sec: 123.48 - lr: 0.000781
2022-05-20 20:23:04,480 epoch 35 - iter 70/107 - loss 0.05998827 - samples/sec: 128.45 - lr: 0.000781
2022-05-20 20:23:06,916 epoch 35 - iter 80/107 - loss 0.05971533 - samples/sec: 131.40 - lr: 0.000781
2022-05-20 20:23:09,680 epoch 35 - iter 90/107 - loss 0.05956826 - samples/sec: 115.81 - lr: 0.000781
2022-05-20 20:23:12,716 epoch 35 - iter 100/107 - loss 0.05995639 - samples/sec: 105.45 - lr: 0.000781
2022-05-20 20:23:14,441 ----------------------------------------------------------------------------------------------------
2022-05-20 20:23:14,441 EPOCH 35 done: loss 0.0596 - lr 0.000781
2022-05-20 20:23:22,599 Evaluating as a multi-label problem: False
2022-05-20 20:23:22,610 DEV : loss 0.18713046610355377 - f1-score (micro avg)  0.5177
2022-05-20 20:23:22,694 BAD EPOCHS (no improvement): 2
2022-05-20 20:23:22,695 ----------------------------------------------------------------------------------------------------
2022-05-20 20:23:25,682 epoch 36 - iter 10/107 - loss 0.05852622 - samples/sec: 107.20 - lr: 0.000781
2022-05-20 20:23:28,352 epoch 36 - iter 20/107 - loss 0.05823193 - samples/sec: 119.90 - lr: 0.000781
2022-05-20 20:23:31,277 epoch 36 - iter 30/107 - loss 0.06338228 - samples/sec: 109.42 - lr: 0.000781
2022-05-20 20:23:34,199 epoch 36 - iter 40/107 - loss 0.06004286 - samples/sec: 109.54 - lr: 0.000781
2022-05-20 20:23:37,117 epoch 36 - iter 50/107 - loss 0.05878130 - samples/sec: 109.69 - lr: 0.000781
2022-05-20 20:23:40,117 epoch 36 - iter 60/107 - loss 0.05960763 - samples/sec: 106.71 - lr: 0.000781
2022-05-20 20:23:43,047 epoch 36 - iter 70/107 - loss 0.05856838 - samples/sec: 109.26 - lr: 0.000781
2022-05-20 20:23:45,531 epoch 36 - iter 80/107 - loss 0.05899550 - samples/sec: 128.91 - lr: 0.000781
2022-05-20 20:23:47,963 epoch 36 - iter 90/107 - loss 0.05838962 - samples/sec: 131.65 - lr: 0.000781
2022-05-20 20:23:50,071 epoch 36 - iter 100/107 - loss 0.06007041 - samples/sec: 151.89 - lr: 0.000781
2022-05-20 20:23:51,692 ----------------------------------------------------------------------------------------------------
2022-05-20 20:23:51,692 EPOCH 36 done: loss 0.0599 - lr 0.000781
2022-05-20 20:23:59,439 Evaluating as a multi-label problem: False
2022-05-20 20:23:59,450 DEV : loss 0.18778681755065918 - f1-score (micro avg)  0.5181
2022-05-20 20:23:59,535 BAD EPOCHS (no improvement): 3
2022-05-20 20:23:59,538 ----------------------------------------------------------------------------------------------------
2022-05-20 20:24:02,304 epoch 37 - iter 10/107 - loss 0.04732626 - samples/sec: 115.73 - lr: 0.000781
2022-05-20 20:24:05,179 epoch 37 - iter 20/107 - loss 0.05566194 - samples/sec: 111.35 - lr: 0.000781
2022-05-20 20:24:08,205 epoch 37 - iter 30/107 - loss 0.05443531 - samples/sec: 105.79 - lr: 0.000781
2022-05-20 20:24:11,323 epoch 37 - iter 40/107 - loss 0.05566720 - samples/sec: 102.66 - lr: 0.000781
2022-05-20 20:24:14,262 epoch 37 - iter 50/107 - loss 0.05702746 - samples/sec: 108.93 - lr: 0.000781
2022-05-20 20:24:17,225 epoch 37 - iter 60/107 - loss 0.05844056 - samples/sec: 108.03 - lr: 0.000781
2022-05-20 20:24:20,223 epoch 37 - iter 70/107 - loss 0.05771131 - samples/sec: 106.75 - lr: 0.000781
2022-05-20 20:24:23,149 epoch 37 - iter 80/107 - loss 0.06059862 - samples/sec: 109.41 - lr: 0.000781
2022-05-20 20:24:26,044 epoch 37 - iter 90/107 - loss 0.06108178 - samples/sec: 110.59 - lr: 0.000781
2022-05-20 20:24:28,980 epoch 37 - iter 100/107 - loss 0.06072276 - samples/sec: 109.02 - lr: 0.000781
2022-05-20 20:24:30,645 ----------------------------------------------------------------------------------------------------
2022-05-20 20:24:30,646 EPOCH 37 done: loss 0.0603 - lr 0.000781
2022-05-20 20:24:37,733 Evaluating as a multi-label problem: False
2022-05-20 20:24:37,744 DEV : loss 0.18801185488700867 - f1-score (micro avg)  0.5192
2022-05-20 20:24:37,829 Epoch    37: reducing learning rate of group 0 to 3.9063e-04.
2022-05-20 20:24:37,829 BAD EPOCHS (no improvement): 4
2022-05-20 20:24:37,831 ----------------------------------------------------------------------------------------------------
2022-05-20 20:24:40,253 epoch 38 - iter 10/107 - loss 0.06289099 - samples/sec: 132.21 - lr: 0.000391
2022-05-20 20:24:42,273 epoch 38 - iter 20/107 - loss 0.06783294 - samples/sec: 158.48 - lr: 0.000391
2022-05-20 20:24:44,882 epoch 38 - iter 30/107 - loss 0.06334640 - samples/sec: 122.69 - lr: 0.000391
2022-05-20 20:24:47,936 epoch 38 - iter 40/107 - loss 0.06488440 - samples/sec: 104.83 - lr: 0.000391
2022-05-20 20:24:50,924 epoch 38 - iter 50/107 - loss 0.06376784 - samples/sec: 107.11 - lr: 0.000391
2022-05-20 20:24:53,858 epoch 38 - iter 60/107 - loss 0.06429880 - samples/sec: 109.12 - lr: 0.000391
2022-05-20 20:24:56,821 epoch 38 - iter 70/107 - loss 0.06268264 - samples/sec: 108.04 - lr: 0.000391
2022-05-20 20:24:59,890 epoch 38 - iter 80/107 - loss 0.06280133 - samples/sec: 104.28 - lr: 0.000391
2022-05-20 20:25:02,918 epoch 38 - iter 90/107 - loss 0.06220303 - samples/sec: 105.72 - lr: 0.000391
2022-05-20 20:25:05,615 epoch 38 - iter 100/107 - loss 0.06252489 - samples/sec: 118.69 - lr: 0.000391
2022-05-20 20:25:07,427 ----------------------------------------------------------------------------------------------------
2022-05-20 20:25:07,427 EPOCH 38 done: loss 0.0619 - lr 0.000391
2022-05-20 20:25:16,242 Evaluating as a multi-label problem: False
2022-05-20 20:25:16,253 DEV : loss 0.18751996755599976 - f1-score (micro avg)  0.5192
2022-05-20 20:25:16,336 BAD EPOCHS (no improvement): 1
2022-05-20 20:25:16,338 ----------------------------------------------------------------------------------------------------
2022-05-20 20:25:19,028 epoch 39 - iter 10/107 - loss 0.05457282 - samples/sec: 119.03 - lr: 0.000391
2022-05-20 20:25:21,664 epoch 39 - iter 20/107 - loss 0.06442312 - samples/sec: 121.46 - lr: 0.000391
2022-05-20 20:25:24,411 epoch 39 - iter 30/107 - loss 0.06080204 - samples/sec: 116.55 - lr: 0.000391
2022-05-20 20:25:26,941 epoch 39 - iter 40/107 - loss 0.05823465 - samples/sec: 126.53 - lr: 0.000391
2022-05-20 20:25:29,308 epoch 39 - iter 50/107 - loss 0.06011699 - samples/sec: 135.26 - lr: 0.000391
2022-05-20 20:25:32,084 epoch 39 - iter 60/107 - loss 0.06107013 - samples/sec: 115.30 - lr: 0.000391
2022-05-20 20:25:34,742 epoch 39 - iter 70/107 - loss 0.06212391 - samples/sec: 120.41 - lr: 0.000391
2022-05-20 20:25:37,572 epoch 39 - iter 80/107 - loss 0.06230090 - samples/sec: 113.12 - lr: 0.000391
2022-05-20 20:25:40,528 epoch 39 - iter 90/107 - loss 0.06239338 - samples/sec: 108.28 - lr: 0.000391
2022-05-20 20:25:43,474 epoch 39 - iter 100/107 - loss 0.06173905 - samples/sec: 108.69 - lr: 0.000391
2022-05-20 20:25:45,392 ----------------------------------------------------------------------------------------------------
2022-05-20 20:25:45,392 EPOCH 39 done: loss 0.0613 - lr 0.000391
2022-05-20 20:25:53,533 Evaluating as a multi-label problem: False
2022-05-20 20:25:53,544 DEV : loss 0.18758729100227356 - f1-score (micro avg)  0.5192
2022-05-20 20:25:53,627 BAD EPOCHS (no improvement): 2
2022-05-20 20:25:53,633 ----------------------------------------------------------------------------------------------------
2022-05-20 20:25:56,573 epoch 40 - iter 10/107 - loss 0.05221450 - samples/sec: 108.90 - lr: 0.000391
2022-05-20 20:25:59,414 epoch 40 - iter 20/107 - loss 0.05336731 - samples/sec: 112.67 - lr: 0.000391
2022-05-20 20:26:02,342 epoch 40 - iter 30/107 - loss 0.05918191 - samples/sec: 109.34 - lr: 0.000391
2022-05-20 20:26:05,320 epoch 40 - iter 40/107 - loss 0.06037489 - samples/sec: 107.50 - lr: 0.000391
2022-05-20 20:26:08,230 epoch 40 - iter 50/107 - loss 0.05935869 - samples/sec: 109.99 - lr: 0.000391
2022-05-20 20:26:10,770 epoch 40 - iter 60/107 - loss 0.05940658 - samples/sec: 126.06 - lr: 0.000391
2022-05-20 20:26:13,097 epoch 40 - iter 70/107 - loss 0.05826769 - samples/sec: 137.59 - lr: 0.000391
2022-05-20 20:26:15,666 epoch 40 - iter 80/107 - loss 0.06001159 - samples/sec: 124.60 - lr: 0.000391
2022-05-20 20:26:18,264 epoch 40 - iter 90/107 - loss 0.06056489 - samples/sec: 123.21 - lr: 0.000391
2022-05-20 20:26:21,101 epoch 40 - iter 100/107 - loss 0.06008624 - samples/sec: 112.83 - lr: 0.000391
2022-05-20 20:26:22,805 ----------------------------------------------------------------------------------------------------
2022-05-20 20:26:22,805 EPOCH 40 done: loss 0.0608 - lr 0.000391
2022-05-20 20:26:30,410 Evaluating as a multi-label problem: False
2022-05-20 20:26:30,421 DEV : loss 0.18798883259296417 - f1-score (micro avg)  0.5192
2022-05-20 20:26:30,506 BAD EPOCHS (no improvement): 3
2022-05-20 20:26:30,508 ----------------------------------------------------------------------------------------------------
2022-05-20 20:26:33,414 epoch 41 - iter 10/107 - loss 0.04809574 - samples/sec: 110.14 - lr: 0.000391
2022-05-20 20:26:36,305 epoch 41 - iter 20/107 - loss 0.05498860 - samples/sec: 110.75 - lr: 0.000391
2022-05-20 20:26:39,160 epoch 41 - iter 30/107 - loss 0.05570840 - samples/sec: 112.11 - lr: 0.000391
2022-05-20 20:26:42,076 epoch 41 - iter 40/107 - loss 0.05950700 - samples/sec: 109.78 - lr: 0.000391
2022-05-20 20:26:45,132 epoch 41 - iter 50/107 - loss 0.06043716 - samples/sec: 104.76 - lr: 0.000391
2022-05-20 20:26:47,907 epoch 41 - iter 60/107 - loss 0.06277962 - samples/sec: 115.33 - lr: 0.000391
2022-05-20 20:26:51,040 epoch 41 - iter 70/107 - loss 0.06249782 - samples/sec: 102.18 - lr: 0.000391
2022-05-20 20:26:53,851 epoch 41 - iter 80/107 - loss 0.06172661 - samples/sec: 113.90 - lr: 0.000391
2022-05-20 20:26:56,679 epoch 41 - iter 90/107 - loss 0.06060422 - samples/sec: 113.20 - lr: 0.000391
2022-05-20 20:26:59,225 epoch 41 - iter 100/107 - loss 0.05942328 - samples/sec: 125.76 - lr: 0.000391
2022-05-20 20:27:00,805 ----------------------------------------------------------------------------------------------------
2022-05-20 20:27:00,806 EPOCH 41 done: loss 0.0602 - lr 0.000391
2022-05-20 20:27:08,740 Evaluating as a multi-label problem: False
2022-05-20 20:27:08,751 DEV : loss 0.18809278309345245 - f1-score (micro avg)  0.5192
2022-05-20 20:27:08,838 Epoch    41: reducing learning rate of group 0 to 1.9531e-04.
2022-05-20 20:27:08,838 BAD EPOCHS (no improvement): 4
2022-05-20 20:27:08,840 ----------------------------------------------------------------------------------------------------
2022-05-20 20:27:11,864 epoch 42 - iter 10/107 - loss 0.06319924 - samples/sec: 105.88 - lr: 0.000195
2022-05-20 20:27:14,848 epoch 42 - iter 20/107 - loss 0.06053263 - samples/sec: 107.29 - lr: 0.000195
2022-05-20 20:27:17,758 epoch 42 - iter 30/107 - loss 0.05918948 - samples/sec: 110.00 - lr: 0.000195
2022-05-20 20:27:20,719 epoch 42 - iter 40/107 - loss 0.05798572 - samples/sec: 108.10 - lr: 0.000195
2022-05-20 20:27:23,765 epoch 42 - iter 50/107 - loss 0.05877245 - samples/sec: 105.09 - lr: 0.000195
2022-05-20 20:27:26,668 epoch 42 - iter 60/107 - loss 0.05816249 - samples/sec: 110.30 - lr: 0.000195
2022-05-20 20:27:29,705 epoch 42 - iter 70/107 - loss 0.05851142 - samples/sec: 105.39 - lr: 0.000195
2022-05-20 20:27:32,585 epoch 42 - iter 80/107 - loss 0.05973106 - samples/sec: 111.16 - lr: 0.000195
2022-05-20 20:27:35,562 epoch 42 - iter 90/107 - loss 0.05997590 - samples/sec: 107.51 - lr: 0.000195
2022-05-20 20:27:38,578 epoch 42 - iter 100/107 - loss 0.05978945 - samples/sec: 106.16 - lr: 0.000195
2022-05-20 20:27:40,361 ----------------------------------------------------------------------------------------------------
2022-05-20 20:27:40,361 EPOCH 42 done: loss 0.0602 - lr 0.000195
2022-05-20 20:27:47,629 Evaluating as a multi-label problem: False
2022-05-20 20:27:47,640 DEV : loss 0.1881258338689804 - f1-score (micro avg)  0.5181
2022-05-20 20:27:47,724 BAD EPOCHS (no improvement): 1
2022-05-20 20:27:47,726 ----------------------------------------------------------------------------------------------------
2022-05-20 20:27:49,957 epoch 43 - iter 10/107 - loss 0.06012836 - samples/sec: 143.52 - lr: 0.000195
2022-05-20 20:27:52,464 epoch 43 - iter 20/107 - loss 0.05719850 - samples/sec: 127.69 - lr: 0.000195
2022-05-20 20:27:55,125 epoch 43 - iter 30/107 - loss 0.05829499 - samples/sec: 120.33 - lr: 0.000195
2022-05-20 20:27:57,985 epoch 43 - iter 40/107 - loss 0.05950493 - samples/sec: 111.91 - lr: 0.000195
2022-05-20 20:28:01,082 epoch 43 - iter 50/107 - loss 0.06199530 - samples/sec: 103.36 - lr: 0.000195
2022-05-20 20:28:03,829 epoch 43 - iter 60/107 - loss 0.06257689 - samples/sec: 116.55 - lr: 0.000195
2022-05-20 20:28:06,790 epoch 43 - iter 70/107 - loss 0.06226279 - samples/sec: 108.09 - lr: 0.000195
2022-05-20 20:28:09,677 epoch 43 - iter 80/107 - loss 0.06172966 - samples/sec: 110.90 - lr: 0.000195
2022-05-20 20:28:12,654 epoch 43 - iter 90/107 - loss 0.06180440 - samples/sec: 107.54 - lr: 0.000195
2022-05-20 20:28:15,685 epoch 43 - iter 100/107 - loss 0.06121423 - samples/sec: 105.60 - lr: 0.000195
2022-05-20 20:28:17,380 ----------------------------------------------------------------------------------------------------
2022-05-20 20:28:17,380 EPOCH 43 done: loss 0.0605 - lr 0.000195
2022-05-20 20:28:25,273 Evaluating as a multi-label problem: False
2022-05-20 20:28:25,284 DEV : loss 0.18823395669460297 - f1-score (micro avg)  0.5181
2022-05-20 20:28:25,369 BAD EPOCHS (no improvement): 2
2022-05-20 20:28:25,372 ----------------------------------------------------------------------------------------------------
2022-05-20 20:28:28,319 epoch 44 - iter 10/107 - loss 0.05445393 - samples/sec: 108.63 - lr: 0.000195
2022-05-20 20:28:31,197 epoch 44 - iter 20/107 - loss 0.05802192 - samples/sec: 111.25 - lr: 0.000195
2022-05-20 20:28:34,068 epoch 44 - iter 30/107 - loss 0.05783122 - samples/sec: 111.47 - lr: 0.000195
2022-05-20 20:28:36,562 epoch 44 - iter 40/107 - loss 0.05928834 - samples/sec: 128.39 - lr: 0.000195
2022-05-20 20:28:39,128 epoch 44 - iter 50/107 - loss 0.05909068 - samples/sec: 124.72 - lr: 0.000195
2022-05-20 20:28:42,176 epoch 44 - iter 60/107 - loss 0.05985175 - samples/sec: 105.03 - lr: 0.000195
2022-05-20 20:28:45,049 epoch 44 - iter 70/107 - loss 0.05937996 - samples/sec: 111.41 - lr: 0.000195
2022-05-20 20:28:47,793 epoch 44 - iter 80/107 - loss 0.05831410 - samples/sec: 116.68 - lr: 0.000195
2022-05-20 20:28:50,761 epoch 44 - iter 90/107 - loss 0.05770990 - samples/sec: 107.86 - lr: 0.000195
2022-05-20 20:28:53,601 epoch 44 - iter 100/107 - loss 0.05885427 - samples/sec: 112.71 - lr: 0.000195
2022-05-20 20:28:55,477 ----------------------------------------------------------------------------------------------------
2022-05-20 20:28:55,477 EPOCH 44 done: loss 0.0585 - lr 0.000195
2022-05-20 20:29:03,033 Evaluating as a multi-label problem: False
2022-05-20 20:29:03,045 DEV : loss 0.1885910928249359 - f1-score (micro avg)  0.5181
2022-05-20 20:29:03,129 BAD EPOCHS (no improvement): 3
2022-05-20 20:29:03,132 ----------------------------------------------------------------------------------------------------
2022-05-20 20:29:06,266 epoch 45 - iter 10/107 - loss 0.05478847 - samples/sec: 102.14 - lr: 0.000195
2022-05-20 20:29:09,076 epoch 45 - iter 20/107 - loss 0.06079802 - samples/sec: 113.95 - lr: 0.000195
2022-05-20 20:29:12,102 epoch 45 - iter 30/107 - loss 0.06240001 - samples/sec: 105.78 - lr: 0.000195
2022-05-20 20:29:14,901 epoch 45 - iter 40/107 - loss 0.06131061 - samples/sec: 114.35 - lr: 0.000195
2022-05-20 20:29:17,809 epoch 45 - iter 50/107 - loss 0.05999929 - samples/sec: 110.09 - lr: 0.000195
2022-05-20 20:29:20,328 epoch 45 - iter 60/107 - loss 0.05902803 - samples/sec: 127.13 - lr: 0.000195
2022-05-20 20:29:22,866 epoch 45 - iter 70/107 - loss 0.05969831 - samples/sec: 126.12 - lr: 0.000195
2022-05-20 20:29:25,359 epoch 45 - iter 80/107 - loss 0.05963222 - samples/sec: 128.44 - lr: 0.000195
2022-05-20 20:29:27,950 epoch 45 - iter 90/107 - loss 0.05933206 - samples/sec: 123.56 - lr: 0.000195
2022-05-20 20:29:30,788 epoch 45 - iter 100/107 - loss 0.06031238 - samples/sec: 112.79 - lr: 0.000195
2022-05-20 20:29:32,418 ----------------------------------------------------------------------------------------------------
2022-05-20 20:29:32,418 EPOCH 45 done: loss 0.0602 - lr 0.000195
2022-05-20 20:29:40,043 Evaluating as a multi-label problem: False
2022-05-20 20:29:40,054 DEV : loss 0.1885690540075302 - f1-score (micro avg)  0.5181
2022-05-20 20:29:40,138 Epoch    45: reducing learning rate of group 0 to 9.7656e-05.
2022-05-20 20:29:40,138 BAD EPOCHS (no improvement): 4
2022-05-20 20:29:40,140 ----------------------------------------------------------------------------------------------------
2022-05-20 20:29:40,140 ----------------------------------------------------------------------------------------------------
2022-05-20 20:29:40,140 learning rate too small - quitting training!
2022-05-20 20:29:40,140 ----------------------------------------------------------------------------------------------------
2022-05-20 20:29:45,218 ----------------------------------------------------------------------------------------------------
2022-05-20 20:29:45,219 loading file resources/taggers/model_08_r12_run_2/best-model.pt
2022-05-20 20:29:51,455 SequenceTagger predicts: Dictionary with 27 tags: O, S-person, B-person, E-person, I-person, S-location, B-location, E-location, I-location, S-group, B-group, E-group, I-group, S-corporation, B-corporation, E-corporation, I-corporation, S-product, B-product, E-product, I-product, S-creative-work, B-creative-work, E-creative-work, I-creative-work, <START>, <STOP>
2022-05-20 20:30:07,866 Evaluating as a multi-label problem: False
2022-05-20 20:30:07,880 0.6692	0.3318	0.4436	0.2991
2022-05-20 20:30:07,880 
Results:
- F-score (micro) 0.4436
- F-score (macro) 0.32
- Accuracy 0.2991

By class:
               precision    recall  f1-score   support

       person     0.7311    0.5198    0.6076       429
     location     0.6452    0.5333    0.5839       150
        group     0.6047    0.1576    0.2500       165
creative-work     0.5882    0.0704    0.1258       142
      product     0.4000    0.0472    0.0845       127
  corporation     0.4194    0.1970    0.2680        66

    micro avg     0.6692    0.3318    0.4436      1079
    macro avg     0.5648    0.2542    0.3200      1079
 weighted avg     0.6230    0.3318    0.4039      1079

2022-05-20 20:30:07,880 ----------------------------------------------------------------------------------------------------
