2022-05-20 02:14:08,630 ----------------------------------------------------------------------------------------------------
2022-05-20 02:14:08,630 Model: "SequenceTagger(
  (embeddings): StackedEmbeddings(
    (list_embedding_0): GazetteerEmbeddings()
    (list_embedding_1): WordEmbeddings(
      'glove'
      (embedding): Embedding(400001, 100)
    )
    (list_embedding_2): FlairEmbeddings(
      (lm): LanguageModel(
        (drop): Dropout(p=0.05, inplace=False)
        (encoder): Embedding(300, 100)
        (rnn): LSTM(100, 2048)
        (decoder): Linear(in_features=2048, out_features=300, bias=True)
      )
    )
    (list_embedding_3): FlairEmbeddings(
      (lm): LanguageModel(
        (drop): Dropout(p=0.05, inplace=False)
        (encoder): Embedding(300, 100)
        (rnn): LSTM(100, 2048)
        (decoder): Linear(in_features=2048, out_features=300, bias=True)
      )
    )
  )
  (word_dropout): WordDropout(p=0.05)
  (locked_dropout): LockedDropout(p=0.5)
  (embedding2nn): Linear(in_features=4201, out_features=4201, bias=True)
  (rnn): LSTM(4201, 256, batch_first=True, bidirectional=True)
  (linear): Linear(in_features=512, out_features=19, bias=True)
  (loss_function): ViterbiLoss()
  (crf): CRF()
)"
2022-05-20 02:14:08,630 ----------------------------------------------------------------------------------------------------
2022-05-20 02:14:08,630 Corpus: "Corpus: 14987 train + 3466 dev + 3684 test sentences"
2022-05-20 02:14:08,630 ----------------------------------------------------------------------------------------------------
2022-05-20 02:14:08,630 Parameters:
2022-05-20 02:14:08,630  - learning_rate: "0.100000"
2022-05-20 02:14:08,631  - mini_batch_size: "32"
2022-05-20 02:14:08,631  - patience: "3"
2022-05-20 02:14:08,631  - anneal_factor: "0.5"
2022-05-20 02:14:08,631  - max_epochs: "150"
2022-05-20 02:14:08,631  - shuffle: "True"
2022-05-20 02:14:08,631  - train_with_dev: "False"
2022-05-20 02:14:08,631  - batch_growth_annealing: "False"
2022-05-20 02:14:08,631 ----------------------------------------------------------------------------------------------------
2022-05-20 02:14:08,631 Model training base path: "resources/taggers/model_07_r11_run_3"
2022-05-20 02:14:08,631 ----------------------------------------------------------------------------------------------------
2022-05-20 02:14:08,631 Device: cuda:2
2022-05-20 02:14:08,631 ----------------------------------------------------------------------------------------------------
2022-05-20 02:14:08,631 Embeddings storage mode: cpu
2022-05-20 02:14:08,631 ----------------------------------------------------------------------------------------------------
2022-05-20 02:14:22,025 epoch 1 - iter 46/469 - loss 0.77957776 - samples/sec: 109.93 - lr: 0.100000
2022-05-20 02:14:36,217 epoch 1 - iter 92/469 - loss 0.56180544 - samples/sec: 103.76 - lr: 0.100000
2022-05-20 02:14:49,066 epoch 1 - iter 138/469 - loss 0.46190633 - samples/sec: 114.59 - lr: 0.100000
2022-05-20 02:14:59,438 epoch 1 - iter 184/469 - loss 0.40148076 - samples/sec: 141.98 - lr: 0.100000
2022-05-20 02:15:08,687 epoch 1 - iter 230/469 - loss 0.35558015 - samples/sec: 159.23 - lr: 0.100000
2022-05-20 02:15:20,842 epoch 1 - iter 276/469 - loss 0.31452431 - samples/sec: 121.15 - lr: 0.100000
2022-05-20 02:15:35,369 epoch 1 - iter 322/469 - loss 0.28865630 - samples/sec: 101.36 - lr: 0.100000
2022-05-20 02:15:49,284 epoch 1 - iter 368/469 - loss 0.27212364 - samples/sec: 105.82 - lr: 0.100000
2022-05-20 02:16:06,746 epoch 1 - iter 414/469 - loss 0.25203825 - samples/sec: 84.32 - lr: 0.100000
2022-05-20 02:16:24,072 epoch 1 - iter 460/469 - loss 0.23461692 - samples/sec: 84.98 - lr: 0.100000
2022-05-20 02:16:26,467 ----------------------------------------------------------------------------------------------------
2022-05-20 02:16:26,467 EPOCH 1 done: loss 0.2331 - lr 0.100000
2022-05-20 02:17:05,728 Evaluating as a multi-label problem: False
2022-05-20 02:17:05,770 DEV : loss 0.07283410429954529 - f1-score (micro avg)  0.8942
2022-05-20 02:17:06,081 BAD EPOCHS (no improvement): 0
2022-05-20 02:17:06,083 saving best model
2022-05-20 02:17:49,588 ----------------------------------------------------------------------------------------------------
2022-05-20 02:18:05,026 epoch 2 - iter 46/469 - loss 0.11359047 - samples/sec: 95.39 - lr: 0.100000
2022-05-20 02:18:19,680 epoch 2 - iter 92/469 - loss 0.10808189 - samples/sec: 100.49 - lr: 0.100000
2022-05-20 02:18:34,999 epoch 2 - iter 138/469 - loss 0.10472068 - samples/sec: 96.12 - lr: 0.100000
2022-05-20 02:18:49,746 epoch 2 - iter 184/469 - loss 0.10273102 - samples/sec: 99.85 - lr: 0.100000
2022-05-20 02:19:02,060 epoch 2 - iter 230/469 - loss 0.09929971 - samples/sec: 119.59 - lr: 0.100000
2022-05-20 02:19:13,539 epoch 2 - iter 276/469 - loss 0.09770391 - samples/sec: 128.29 - lr: 0.100000
2022-05-20 02:19:25,260 epoch 2 - iter 322/469 - loss 0.09666711 - samples/sec: 125.64 - lr: 0.100000
2022-05-20 02:19:39,976 epoch 2 - iter 368/469 - loss 0.09602721 - samples/sec: 100.05 - lr: 0.100000
2022-05-20 02:19:55,042 epoch 2 - iter 414/469 - loss 0.09447059 - samples/sec: 97.74 - lr: 0.100000
2022-05-20 02:20:10,645 epoch 2 - iter 460/469 - loss 0.09329619 - samples/sec: 94.37 - lr: 0.100000
2022-05-20 02:20:13,611 ----------------------------------------------------------------------------------------------------
2022-05-20 02:20:13,611 EPOCH 2 done: loss 0.0931 - lr 0.100000
2022-05-20 02:20:52,120 Evaluating as a multi-label problem: False
2022-05-20 02:20:52,161 DEV : loss 0.04790038242936134 - f1-score (micro avg)  0.9302
2022-05-20 02:20:52,461 BAD EPOCHS (no improvement): 0
2022-05-20 02:20:52,490 saving best model
2022-05-20 02:21:36,098 ----------------------------------------------------------------------------------------------------
2022-05-20 02:21:53,236 epoch 3 - iter 46/469 - loss 0.07665642 - samples/sec: 85.93 - lr: 0.100000
2022-05-20 02:22:09,897 epoch 3 - iter 92/469 - loss 0.07747354 - samples/sec: 88.38 - lr: 0.100000
2022-05-20 02:22:26,947 epoch 3 - iter 138/469 - loss 0.07485873 - samples/sec: 86.36 - lr: 0.100000
2022-05-20 02:22:43,457 epoch 3 - iter 184/469 - loss 0.07448064 - samples/sec: 89.19 - lr: 0.100000
2022-05-20 02:22:57,145 epoch 3 - iter 230/469 - loss 0.07302669 - samples/sec: 107.58 - lr: 0.100000
2022-05-20 02:23:10,089 epoch 3 - iter 276/469 - loss 0.07249129 - samples/sec: 113.77 - lr: 0.100000
2022-05-20 02:23:26,176 epoch 3 - iter 322/469 - loss 0.07265026 - samples/sec: 91.54 - lr: 0.100000
2022-05-20 02:23:42,433 epoch 3 - iter 368/469 - loss 0.07303289 - samples/sec: 90.57 - lr: 0.100000
2022-05-20 02:23:58,691 epoch 3 - iter 414/469 - loss 0.07202606 - samples/sec: 90.57 - lr: 0.100000
2022-05-20 02:24:15,097 epoch 3 - iter 460/469 - loss 0.07183786 - samples/sec: 89.75 - lr: 0.100000
2022-05-20 02:24:18,089 ----------------------------------------------------------------------------------------------------
2022-05-20 02:24:18,089 EPOCH 3 done: loss 0.0717 - lr 0.100000
2022-05-20 02:25:00,401 Evaluating as a multi-label problem: False
2022-05-20 02:25:00,442 DEV : loss 0.03774000331759453 - f1-score (micro avg)  0.9393
2022-05-20 02:25:00,804 BAD EPOCHS (no improvement): 0
2022-05-20 02:25:00,816 saving best model
2022-05-20 02:25:45,165 ----------------------------------------------------------------------------------------------------
2022-05-20 02:26:01,942 epoch 4 - iter 46/469 - loss 0.06493585 - samples/sec: 87.77 - lr: 0.100000
2022-05-20 02:26:19,511 epoch 4 - iter 92/469 - loss 0.06473188 - samples/sec: 83.81 - lr: 0.100000
2022-05-20 02:26:35,610 epoch 4 - iter 138/469 - loss 0.06273749 - samples/sec: 91.47 - lr: 0.100000
2022-05-20 02:26:48,642 epoch 4 - iter 184/469 - loss 0.06237064 - samples/sec: 113.00 - lr: 0.100000
2022-05-20 02:27:00,914 epoch 4 - iter 230/469 - loss 0.06207873 - samples/sec: 119.99 - lr: 0.100000
2022-05-20 02:27:15,632 epoch 4 - iter 276/469 - loss 0.06145437 - samples/sec: 100.05 - lr: 0.100000
2022-05-20 02:27:31,106 epoch 4 - iter 322/469 - loss 0.06188677 - samples/sec: 95.16 - lr: 0.100000
2022-05-20 02:27:45,985 epoch 4 - iter 368/469 - loss 0.06115272 - samples/sec: 98.97 - lr: 0.100000
2022-05-20 02:28:00,866 epoch 4 - iter 414/469 - loss 0.06080158 - samples/sec: 98.95 - lr: 0.100000
2022-05-20 02:28:15,854 epoch 4 - iter 460/469 - loss 0.06091265 - samples/sec: 98.25 - lr: 0.100000
2022-05-20 02:28:18,753 ----------------------------------------------------------------------------------------------------
2022-05-20 02:28:18,753 EPOCH 4 done: loss 0.0610 - lr 0.100000
2022-05-20 02:28:55,933 Evaluating as a multi-label problem: False
2022-05-20 02:28:55,974 DEV : loss 0.03300844132900238 - f1-score (micro avg)  0.9425
2022-05-20 02:28:56,276 BAD EPOCHS (no improvement): 0
2022-05-20 02:28:56,316 saving best model
2022-05-20 02:29:40,347 ----------------------------------------------------------------------------------------------------
2022-05-20 02:29:55,892 epoch 5 - iter 46/469 - loss 0.05141494 - samples/sec: 94.74 - lr: 0.100000
2022-05-20 02:30:10,141 epoch 5 - iter 92/469 - loss 0.05229101 - samples/sec: 103.34 - lr: 0.100000
2022-05-20 02:30:25,473 epoch 5 - iter 138/469 - loss 0.05418564 - samples/sec: 96.04 - lr: 0.100000
2022-05-20 02:30:38,088 epoch 5 - iter 184/469 - loss 0.05418932 - samples/sec: 116.73 - lr: 0.100000
2022-05-20 02:30:49,324 epoch 5 - iter 230/469 - loss 0.05458656 - samples/sec: 131.06 - lr: 0.100000
2022-05-20 02:31:01,771 epoch 5 - iter 276/469 - loss 0.05471209 - samples/sec: 118.31 - lr: 0.100000
2022-05-20 02:31:17,051 epoch 5 - iter 322/469 - loss 0.05461104 - samples/sec: 96.37 - lr: 0.100000
2022-05-20 02:31:32,374 epoch 5 - iter 368/469 - loss 0.05444205 - samples/sec: 96.09 - lr: 0.100000
2022-05-20 02:31:46,014 epoch 5 - iter 414/469 - loss 0.05346212 - samples/sec: 107.96 - lr: 0.100000
2022-05-20 02:31:59,992 epoch 5 - iter 460/469 - loss 0.05297792 - samples/sec: 105.34 - lr: 0.100000
2022-05-20 02:32:02,339 ----------------------------------------------------------------------------------------------------
2022-05-20 02:32:02,339 EPOCH 5 done: loss 0.0529 - lr 0.100000
2022-05-20 02:32:39,345 Evaluating as a multi-label problem: False
2022-05-20 02:32:39,386 DEV : loss 0.03255569562315941 - f1-score (micro avg)  0.9459
2022-05-20 02:32:39,694 BAD EPOCHS (no improvement): 0
2022-05-20 02:32:39,711 saving best model
2022-05-20 02:33:22,674 ----------------------------------------------------------------------------------------------------
2022-05-20 02:33:35,018 epoch 6 - iter 46/469 - loss 0.05027118 - samples/sec: 119.31 - lr: 0.100000
2022-05-20 02:33:48,227 epoch 6 - iter 92/469 - loss 0.05249982 - samples/sec: 111.48 - lr: 0.100000
2022-05-20 02:34:01,026 epoch 6 - iter 138/469 - loss 0.05192777 - samples/sec: 115.06 - lr: 0.100000
2022-05-20 02:34:14,322 epoch 6 - iter 184/469 - loss 0.05210650 - samples/sec: 110.74 - lr: 0.100000
2022-05-20 02:34:27,737 epoch 6 - iter 230/469 - loss 0.05036171 - samples/sec: 109.77 - lr: 0.100000
2022-05-20 02:34:40,405 epoch 6 - iter 276/469 - loss 0.04993291 - samples/sec: 116.26 - lr: 0.100000
2022-05-20 02:34:54,352 epoch 6 - iter 322/469 - loss 0.04912457 - samples/sec: 105.58 - lr: 0.100000
2022-05-20 02:35:06,166 epoch 6 - iter 368/469 - loss 0.04883708 - samples/sec: 124.64 - lr: 0.100000
2022-05-20 02:35:17,661 epoch 6 - iter 414/469 - loss 0.04902856 - samples/sec: 128.11 - lr: 0.100000
2022-05-20 02:35:29,370 epoch 6 - iter 460/469 - loss 0.04921831 - samples/sec: 125.77 - lr: 0.100000
2022-05-20 02:35:31,408 ----------------------------------------------------------------------------------------------------
2022-05-20 02:35:31,409 EPOCH 6 done: loss 0.0493 - lr 0.100000
2022-05-20 02:36:06,909 Evaluating as a multi-label problem: False
2022-05-20 02:36:06,949 DEV : loss 0.03323199599981308 - f1-score (micro avg)  0.9438
2022-05-20 02:36:07,251 BAD EPOCHS (no improvement): 1
2022-05-20 02:36:07,284 ----------------------------------------------------------------------------------------------------
2022-05-20 02:36:19,690 epoch 7 - iter 46/469 - loss 0.05010133 - samples/sec: 118.72 - lr: 0.100000
2022-05-20 02:36:33,761 epoch 7 - iter 92/469 - loss 0.04894062 - samples/sec: 104.65 - lr: 0.100000
2022-05-20 02:36:47,521 epoch 7 - iter 138/469 - loss 0.04684567 - samples/sec: 107.02 - lr: 0.100000
2022-05-20 02:37:02,519 epoch 7 - iter 184/469 - loss 0.04688660 - samples/sec: 98.18 - lr: 0.100000
2022-05-20 02:37:16,187 epoch 7 - iter 230/469 - loss 0.04656580 - samples/sec: 107.73 - lr: 0.100000
2022-05-20 02:37:29,425 epoch 7 - iter 276/469 - loss 0.04635755 - samples/sec: 111.24 - lr: 0.100000
2022-05-20 02:37:41,041 epoch 7 - iter 322/469 - loss 0.04605633 - samples/sec: 126.77 - lr: 0.100000
2022-05-20 02:37:52,596 epoch 7 - iter 368/469 - loss 0.04694638 - samples/sec: 127.44 - lr: 0.100000
2022-05-20 02:38:07,889 epoch 7 - iter 414/469 - loss 0.04625637 - samples/sec: 96.29 - lr: 0.100000
2022-05-20 02:38:22,785 epoch 7 - iter 460/469 - loss 0.04619264 - samples/sec: 98.85 - lr: 0.100000
2022-05-20 02:38:25,413 ----------------------------------------------------------------------------------------------------
2022-05-20 02:38:25,413 EPOCH 7 done: loss 0.0462 - lr 0.100000
2022-05-20 02:39:03,791 Evaluating as a multi-label problem: False
2022-05-20 02:39:03,831 DEV : loss 0.02901279367506504 - f1-score (micro avg)  0.9502
2022-05-20 02:39:04,142 BAD EPOCHS (no improvement): 0
2022-05-20 02:39:04,144 saving best model
2022-05-20 02:39:47,494 ----------------------------------------------------------------------------------------------------
2022-05-20 02:40:01,580 epoch 8 - iter 46/469 - loss 0.04838690 - samples/sec: 104.56 - lr: 0.100000
2022-05-20 02:40:12,656 epoch 8 - iter 92/469 - loss 0.04272814 - samples/sec: 132.95 - lr: 0.100000
2022-05-20 02:40:24,342 epoch 8 - iter 138/469 - loss 0.04371119 - samples/sec: 126.02 - lr: 0.100000
2022-05-20 02:40:37,025 epoch 8 - iter 184/469 - loss 0.04240779 - samples/sec: 116.11 - lr: 0.100000
2022-05-20 02:40:50,069 epoch 8 - iter 230/469 - loss 0.04338243 - samples/sec: 112.89 - lr: 0.100000
2022-05-20 02:41:03,001 epoch 8 - iter 276/469 - loss 0.04348407 - samples/sec: 113.87 - lr: 0.100000
2022-05-20 02:41:16,531 epoch 8 - iter 322/469 - loss 0.04276597 - samples/sec: 108.83 - lr: 0.100000
2022-05-20 02:41:29,490 epoch 8 - iter 368/469 - loss 0.04264210 - samples/sec: 113.63 - lr: 0.100000
2022-05-20 02:41:42,562 epoch 8 - iter 414/469 - loss 0.04243174 - samples/sec: 112.64 - lr: 0.100000
2022-05-20 02:41:53,911 epoch 8 - iter 460/469 - loss 0.04311794 - samples/sec: 129.76 - lr: 0.100000
2022-05-20 02:41:55,882 ----------------------------------------------------------------------------------------------------
2022-05-20 02:41:55,882 EPOCH 8 done: loss 0.0430 - lr 0.100000
2022-05-20 02:42:27,933 Evaluating as a multi-label problem: False
2022-05-20 02:42:27,973 DEV : loss 0.028022190555930138 - f1-score (micro avg)  0.9489
2022-05-20 02:42:28,280 BAD EPOCHS (no improvement): 1
2022-05-20 02:42:28,296 ----------------------------------------------------------------------------------------------------
2022-05-20 02:42:43,359 epoch 9 - iter 46/469 - loss 0.03951532 - samples/sec: 97.77 - lr: 0.100000
2022-05-20 02:42:57,062 epoch 9 - iter 92/469 - loss 0.04007889 - samples/sec: 107.46 - lr: 0.100000
2022-05-20 02:43:11,667 epoch 9 - iter 138/469 - loss 0.03994429 - samples/sec: 100.82 - lr: 0.100000
2022-05-20 02:43:26,153 epoch 9 - iter 184/469 - loss 0.03981011 - samples/sec: 101.65 - lr: 0.100000
2022-05-20 02:43:40,085 epoch 9 - iter 230/469 - loss 0.04031676 - samples/sec: 105.69 - lr: 0.100000
2022-05-20 02:43:53,597 epoch 9 - iter 276/469 - loss 0.04032039 - samples/sec: 108.97 - lr: 0.100000
2022-05-20 02:44:07,706 epoch 9 - iter 322/469 - loss 0.04093339 - samples/sec: 104.37 - lr: 0.100000
2022-05-20 02:44:19,540 epoch 9 - iter 368/469 - loss 0.04095579 - samples/sec: 124.44 - lr: 0.100000
2022-05-20 02:44:30,593 epoch 9 - iter 414/469 - loss 0.04087561 - samples/sec: 133.23 - lr: 0.100000
2022-05-20 02:44:43,156 epoch 9 - iter 460/469 - loss 0.04073630 - samples/sec: 117.22 - lr: 0.100000
2022-05-20 02:44:45,484 ----------------------------------------------------------------------------------------------------
2022-05-20 02:44:45,484 EPOCH 9 done: loss 0.0407 - lr 0.100000
2022-05-20 02:45:22,568 Evaluating as a multi-label problem: False
2022-05-20 02:45:22,609 DEV : loss 0.029730642214417458 - f1-score (micro avg)  0.9486
2022-05-20 02:45:22,915 BAD EPOCHS (no improvement): 2
2022-05-20 02:45:22,936 ----------------------------------------------------------------------------------------------------
2022-05-20 02:45:37,787 epoch 10 - iter 46/469 - loss 0.03698611 - samples/sec: 99.16 - lr: 0.100000
2022-05-20 02:45:52,226 epoch 10 - iter 92/469 - loss 0.03814291 - samples/sec: 101.98 - lr: 0.100000
2022-05-20 02:46:06,365 epoch 10 - iter 138/469 - loss 0.03808794 - samples/sec: 104.15 - lr: 0.100000
2022-05-20 02:46:21,138 epoch 10 - iter 184/469 - loss 0.03837272 - samples/sec: 99.67 - lr: 0.100000
2022-05-20 02:46:34,219 epoch 10 - iter 230/469 - loss 0.03800660 - samples/sec: 112.57 - lr: 0.100000
2022-05-20 02:46:45,567 epoch 10 - iter 276/469 - loss 0.03801405 - samples/sec: 129.76 - lr: 0.100000
2022-05-20 02:46:57,360 epoch 10 - iter 322/469 - loss 0.03772816 - samples/sec: 124.88 - lr: 0.100000
2022-05-20 02:47:11,738 epoch 10 - iter 368/469 - loss 0.03804139 - samples/sec: 102.41 - lr: 0.100000
2022-05-20 02:47:25,619 epoch 10 - iter 414/469 - loss 0.03810526 - samples/sec: 106.08 - lr: 0.100000
2022-05-20 02:47:40,061 epoch 10 - iter 460/469 - loss 0.03832534 - samples/sec: 101.96 - lr: 0.100000
2022-05-20 02:47:42,981 ----------------------------------------------------------------------------------------------------
2022-05-20 02:47:42,981 EPOCH 10 done: loss 0.0383 - lr 0.100000
2022-05-20 02:48:21,371 Evaluating as a multi-label problem: False
2022-05-20 02:48:21,412 DEV : loss 0.029459848999977112 - f1-score (micro avg)  0.9526
2022-05-20 02:48:21,717 BAD EPOCHS (no improvement): 0
2022-05-20 02:48:21,732 saving best model
2022-05-20 02:49:05,173 ----------------------------------------------------------------------------------------------------
2022-05-20 02:49:20,151 epoch 11 - iter 46/469 - loss 0.03514865 - samples/sec: 98.33 - lr: 0.100000
2022-05-20 02:49:35,055 epoch 11 - iter 92/469 - loss 0.03471217 - samples/sec: 98.79 - lr: 0.100000
2022-05-20 02:49:50,472 epoch 11 - iter 138/469 - loss 0.03466151 - samples/sec: 95.51 - lr: 0.100000
2022-05-20 02:50:05,582 epoch 11 - iter 184/469 - loss 0.03501781 - samples/sec: 97.45 - lr: 0.100000
2022-05-20 02:50:19,849 epoch 11 - iter 230/469 - loss 0.03436762 - samples/sec: 103.21 - lr: 0.100000
2022-05-20 02:50:34,553 epoch 11 - iter 276/469 - loss 0.03474633 - samples/sec: 100.15 - lr: 0.100000
2022-05-20 02:50:45,929 epoch 11 - iter 322/469 - loss 0.03468454 - samples/sec: 129.45 - lr: 0.100000
2022-05-20 02:50:57,764 epoch 11 - iter 368/469 - loss 0.03478567 - samples/sec: 124.42 - lr: 0.100000
2022-05-20 02:51:10,641 epoch 11 - iter 414/469 - loss 0.03507770 - samples/sec: 114.36 - lr: 0.100000
2022-05-20 02:51:25,181 epoch 11 - iter 460/469 - loss 0.03563529 - samples/sec: 101.27 - lr: 0.100000
2022-05-20 02:51:27,750 ----------------------------------------------------------------------------------------------------
2022-05-20 02:51:27,750 EPOCH 11 done: loss 0.0356 - lr 0.100000
2022-05-20 02:52:05,468 Evaluating as a multi-label problem: False
2022-05-20 02:52:05,509 DEV : loss 0.02659687027335167 - f1-score (micro avg)  0.9546
2022-05-20 02:52:05,824 BAD EPOCHS (no improvement): 0
2022-05-20 02:52:05,826 saving best model
2022-05-20 02:52:49,415 ----------------------------------------------------------------------------------------------------
2022-05-20 02:53:04,641 epoch 12 - iter 46/469 - loss 0.03609709 - samples/sec: 96.72 - lr: 0.100000
2022-05-20 02:53:19,148 epoch 12 - iter 92/469 - loss 0.03581624 - samples/sec: 101.50 - lr: 0.100000
2022-05-20 02:53:34,004 epoch 12 - iter 138/469 - loss 0.03542861 - samples/sec: 99.12 - lr: 0.100000
2022-05-20 02:53:48,303 epoch 12 - iter 184/469 - loss 0.03478243 - samples/sec: 102.98 - lr: 0.100000
2022-05-20 02:54:01,997 epoch 12 - iter 230/469 - loss 0.03442395 - samples/sec: 107.53 - lr: 0.100000
2022-05-20 02:54:17,210 epoch 12 - iter 276/469 - loss 0.03376974 - samples/sec: 96.79 - lr: 0.100000
2022-05-20 02:54:31,369 epoch 12 - iter 322/469 - loss 0.03443069 - samples/sec: 104.00 - lr: 0.100000
2022-05-20 02:54:43,596 epoch 12 - iter 368/469 - loss 0.03455353 - samples/sec: 120.43 - lr: 0.100000
2022-05-20 02:54:54,254 epoch 12 - iter 414/469 - loss 0.03461852 - samples/sec: 138.19 - lr: 0.100000
2022-05-20 02:55:07,212 epoch 12 - iter 460/469 - loss 0.03388847 - samples/sec: 113.63 - lr: 0.100000
2022-05-20 02:55:09,907 ----------------------------------------------------------------------------------------------------
2022-05-20 02:55:09,907 EPOCH 12 done: loss 0.0340 - lr 0.100000
2022-05-20 02:55:48,477 Evaluating as a multi-label problem: False
2022-05-20 02:55:48,517 DEV : loss 0.027932018041610718 - f1-score (micro avg)  0.9533
2022-05-20 02:55:48,830 BAD EPOCHS (no improvement): 1
2022-05-20 02:55:48,833 ----------------------------------------------------------------------------------------------------
2022-05-20 02:56:03,692 epoch 13 - iter 46/469 - loss 0.03343437 - samples/sec: 99.11 - lr: 0.100000
2022-05-20 02:56:17,948 epoch 13 - iter 92/469 - loss 0.03366780 - samples/sec: 103.29 - lr: 0.100000
2022-05-20 02:56:31,674 epoch 13 - iter 138/469 - loss 0.03355972 - samples/sec: 107.28 - lr: 0.100000
2022-05-20 02:56:46,235 epoch 13 - iter 184/469 - loss 0.03411433 - samples/sec: 101.12 - lr: 0.100000
2022-05-20 02:56:58,117 epoch 13 - iter 230/469 - loss 0.03373200 - samples/sec: 123.94 - lr: 0.100000
2022-05-20 02:57:07,927 epoch 13 - iter 276/469 - loss 0.03375753 - samples/sec: 150.11 - lr: 0.100000
2022-05-20 02:57:19,928 epoch 13 - iter 322/469 - loss 0.03341660 - samples/sec: 122.70 - lr: 0.100000
2022-05-20 02:57:33,844 epoch 13 - iter 368/469 - loss 0.03311322 - samples/sec: 105.81 - lr: 0.100000
2022-05-20 02:57:48,873 epoch 13 - iter 414/469 - loss 0.03316220 - samples/sec: 97.98 - lr: 0.100000
2022-05-20 02:58:04,308 epoch 13 - iter 460/469 - loss 0.03344694 - samples/sec: 95.39 - lr: 0.100000
2022-05-20 02:58:07,040 ----------------------------------------------------------------------------------------------------
2022-05-20 02:58:07,040 EPOCH 13 done: loss 0.0335 - lr 0.100000
2022-05-20 02:58:45,206 Evaluating as a multi-label problem: False
2022-05-20 02:58:45,247 DEV : loss 0.027498232200741768 - f1-score (micro avg)  0.9535
2022-05-20 02:58:45,550 BAD EPOCHS (no improvement): 2
2022-05-20 02:58:45,565 ----------------------------------------------------------------------------------------------------
2022-05-20 02:58:59,910 epoch 14 - iter 46/469 - loss 0.03362942 - samples/sec: 102.66 - lr: 0.100000
2022-05-20 02:59:12,895 epoch 14 - iter 92/469 - loss 0.03481899 - samples/sec: 113.40 - lr: 0.100000
2022-05-20 02:59:23,995 epoch 14 - iter 138/469 - loss 0.03312338 - samples/sec: 132.67 - lr: 0.100000
2022-05-20 02:59:35,724 epoch 14 - iter 184/469 - loss 0.03177726 - samples/sec: 125.55 - lr: 0.100000
2022-05-20 02:59:49,967 epoch 14 - iter 230/469 - loss 0.03119818 - samples/sec: 103.38 - lr: 0.100000
2022-05-20 03:00:04,776 epoch 14 - iter 276/469 - loss 0.03137519 - samples/sec: 99.44 - lr: 0.100000
2022-05-20 03:00:19,332 epoch 14 - iter 322/469 - loss 0.03220214 - samples/sec: 101.16 - lr: 0.100000
2022-05-20 03:00:34,376 epoch 14 - iter 368/469 - loss 0.03228896 - samples/sec: 97.87 - lr: 0.100000
2022-05-20 03:00:48,886 epoch 14 - iter 414/469 - loss 0.03209463 - samples/sec: 101.49 - lr: 0.100000
2022-05-20 03:01:04,020 epoch 14 - iter 460/469 - loss 0.03216188 - samples/sec: 97.29 - lr: 0.100000
2022-05-20 03:01:06,923 ----------------------------------------------------------------------------------------------------
2022-05-20 03:01:06,923 EPOCH 14 done: loss 0.0323 - lr 0.100000
2022-05-20 03:01:41,298 Evaluating as a multi-label problem: False
2022-05-20 03:01:41,338 DEV : loss 0.027456974610686302 - f1-score (micro avg)  0.9544
2022-05-20 03:01:41,637 BAD EPOCHS (no improvement): 3
2022-05-20 03:01:41,639 ----------------------------------------------------------------------------------------------------
2022-05-20 03:01:53,052 epoch 15 - iter 46/469 - loss 0.03233807 - samples/sec: 129.04 - lr: 0.100000
2022-05-20 03:02:07,119 epoch 15 - iter 92/469 - loss 0.03191019 - samples/sec: 104.68 - lr: 0.100000
2022-05-20 03:02:21,267 epoch 15 - iter 138/469 - loss 0.03254885 - samples/sec: 104.08 - lr: 0.100000
2022-05-20 03:02:36,512 epoch 15 - iter 184/469 - loss 0.03272247 - samples/sec: 96.58 - lr: 0.100000
2022-05-20 03:02:50,865 epoch 15 - iter 230/469 - loss 0.03195174 - samples/sec: 102.59 - lr: 0.100000
2022-05-20 03:03:06,796 epoch 15 - iter 276/469 - loss 0.03190595 - samples/sec: 92.42 - lr: 0.100000
2022-05-20 03:03:22,306 epoch 15 - iter 322/469 - loss 0.03172616 - samples/sec: 94.94 - lr: 0.100000
2022-05-20 03:03:37,500 epoch 15 - iter 368/469 - loss 0.03188412 - samples/sec: 96.92 - lr: 0.100000
2022-05-20 03:03:50,789 epoch 15 - iter 414/469 - loss 0.03177919 - samples/sec: 110.80 - lr: 0.100000
2022-05-20 03:04:01,484 epoch 15 - iter 460/469 - loss 0.03146738 - samples/sec: 137.70 - lr: 0.100000
2022-05-20 03:04:03,572 ----------------------------------------------------------------------------------------------------
2022-05-20 03:04:03,572 EPOCH 15 done: loss 0.0315 - lr 0.100000
2022-05-20 03:04:43,634 Evaluating as a multi-label problem: False
2022-05-20 03:04:43,672 DEV : loss 0.02962547168135643 - f1-score (micro avg)  0.9527
2022-05-20 03:04:43,963 Epoch    15: reducing learning rate of group 0 to 5.0000e-02.
2022-05-20 03:04:43,963 BAD EPOCHS (no improvement): 4
2022-05-20 03:04:44,019 ----------------------------------------------------------------------------------------------------
2022-05-20 03:04:58,789 epoch 16 - iter 46/469 - loss 0.02806453 - samples/sec: 99.70 - lr: 0.050000
2022-05-20 03:05:13,230 epoch 16 - iter 92/469 - loss 0.02696649 - samples/sec: 101.97 - lr: 0.050000
2022-05-20 03:05:26,827 epoch 16 - iter 138/469 - loss 0.02778332 - samples/sec: 108.30 - lr: 0.050000
2022-05-20 03:05:38,986 epoch 16 - iter 184/469 - loss 0.02806967 - samples/sec: 121.10 - lr: 0.050000
2022-05-20 03:05:53,529 epoch 16 - iter 230/469 - loss 0.02798254 - samples/sec: 101.25 - lr: 0.050000
2022-05-20 03:06:06,975 epoch 16 - iter 276/469 - loss 0.02767885 - samples/sec: 109.52 - lr: 0.050000
2022-05-20 03:06:17,888 epoch 16 - iter 322/469 - loss 0.02839753 - samples/sec: 134.93 - lr: 0.050000
2022-05-20 03:06:30,352 epoch 16 - iter 368/469 - loss 0.02785869 - samples/sec: 118.15 - lr: 0.050000
2022-05-20 03:06:45,536 epoch 16 - iter 414/469 - loss 0.02773665 - samples/sec: 96.98 - lr: 0.050000
2022-05-20 03:06:59,646 epoch 16 - iter 460/469 - loss 0.02778142 - samples/sec: 104.36 - lr: 0.050000
2022-05-20 03:07:01,924 ----------------------------------------------------------------------------------------------------
2022-05-20 03:07:01,924 EPOCH 16 done: loss 0.0278 - lr 0.050000
2022-05-20 03:07:40,230 Evaluating as a multi-label problem: False
2022-05-20 03:07:40,269 DEV : loss 0.026294555515050888 - f1-score (micro avg)  0.9571
2022-05-20 03:07:40,570 BAD EPOCHS (no improvement): 0
2022-05-20 03:07:40,572 saving best model
2022-05-20 03:08:23,593 ----------------------------------------------------------------------------------------------------
2022-05-20 03:08:39,595 epoch 17 - iter 46/469 - loss 0.02471022 - samples/sec: 92.02 - lr: 0.050000
2022-05-20 03:08:54,617 epoch 17 - iter 92/469 - loss 0.02585332 - samples/sec: 98.03 - lr: 0.050000
2022-05-20 03:09:09,308 epoch 17 - iter 138/469 - loss 0.02560277 - samples/sec: 100.23 - lr: 0.050000
2022-05-20 03:09:24,143 epoch 17 - iter 184/469 - loss 0.02553811 - samples/sec: 99.26 - lr: 0.050000
2022-05-20 03:09:39,079 epoch 17 - iter 230/469 - loss 0.02514472 - samples/sec: 98.59 - lr: 0.050000
2022-05-20 03:09:53,661 epoch 17 - iter 276/469 - loss 0.02611180 - samples/sec: 100.98 - lr: 0.050000
2022-05-20 03:10:06,383 epoch 17 - iter 322/469 - loss 0.02613001 - samples/sec: 115.74 - lr: 0.050000
2022-05-20 03:10:17,398 epoch 17 - iter 368/469 - loss 0.02615460 - samples/sec: 133.70 - lr: 0.050000
2022-05-20 03:10:29,423 epoch 17 - iter 414/469 - loss 0.02597378 - samples/sec: 122.46 - lr: 0.050000
2022-05-20 03:10:44,152 epoch 17 - iter 460/469 - loss 0.02583599 - samples/sec: 99.97 - lr: 0.050000
2022-05-20 03:10:46,746 ----------------------------------------------------------------------------------------------------
2022-05-20 03:10:46,746 EPOCH 17 done: loss 0.0258 - lr 0.050000
2022-05-20 03:11:25,180 Evaluating as a multi-label problem: False
2022-05-20 03:11:25,222 DEV : loss 0.02630910836160183 - f1-score (micro avg)  0.9575
2022-05-20 03:11:25,522 BAD EPOCHS (no improvement): 0
2022-05-20 03:11:25,537 saving best model
2022-05-20 03:12:08,424 ----------------------------------------------------------------------------------------------------
2022-05-20 03:12:18,931 epoch 18 - iter 46/469 - loss 0.02386111 - samples/sec: 140.18 - lr: 0.050000
2022-05-20 03:12:34,082 epoch 18 - iter 92/469 - loss 0.02426287 - samples/sec: 97.19 - lr: 0.050000
2022-05-20 03:12:49,031 epoch 18 - iter 138/469 - loss 0.02403927 - samples/sec: 98.50 - lr: 0.050000
2022-05-20 03:13:04,028 epoch 18 - iter 184/469 - loss 0.02439401 - samples/sec: 98.19 - lr: 0.050000
2022-05-20 03:13:19,508 epoch 18 - iter 230/469 - loss 0.02415135 - samples/sec: 95.11 - lr: 0.050000
2022-05-20 03:13:34,075 epoch 18 - iter 276/469 - loss 0.02423734 - samples/sec: 101.08 - lr: 0.050000
2022-05-20 03:13:48,954 epoch 18 - iter 322/469 - loss 0.02458070 - samples/sec: 98.96 - lr: 0.050000
2022-05-20 03:14:03,353 epoch 18 - iter 368/469 - loss 0.02482206 - samples/sec: 102.27 - lr: 0.050000
2022-05-20 03:14:15,739 epoch 18 - iter 414/469 - loss 0.02463243 - samples/sec: 118.88 - lr: 0.050000
2022-05-20 03:14:26,784 epoch 18 - iter 460/469 - loss 0.02464505 - samples/sec: 133.34 - lr: 0.050000
2022-05-20 03:14:29,018 ----------------------------------------------------------------------------------------------------
2022-05-20 03:14:29,018 EPOCH 18 done: loss 0.0247 - lr 0.050000
2022-05-20 03:15:05,842 Evaluating as a multi-label problem: False
2022-05-20 03:15:05,881 DEV : loss 0.02564808540046215 - f1-score (micro avg)  0.9595
2022-05-20 03:15:06,183 BAD EPOCHS (no improvement): 0
2022-05-20 03:15:06,198 saving best model
2022-05-20 03:15:49,457 ----------------------------------------------------------------------------------------------------
2022-05-20 03:16:01,893 epoch 19 - iter 46/469 - loss 0.02645039 - samples/sec: 118.45 - lr: 0.050000
2022-05-20 03:16:14,530 epoch 19 - iter 92/469 - loss 0.02295518 - samples/sec: 116.54 - lr: 0.050000
2022-05-20 03:16:30,372 epoch 19 - iter 138/469 - loss 0.02225175 - samples/sec: 92.95 - lr: 0.050000
2022-05-20 03:16:46,323 epoch 19 - iter 184/469 - loss 0.02356560 - samples/sec: 92.31 - lr: 0.050000
2022-05-20 03:17:01,329 epoch 19 - iter 230/469 - loss 0.02310205 - samples/sec: 98.13 - lr: 0.050000
2022-05-20 03:17:16,440 epoch 19 - iter 276/469 - loss 0.02307981 - samples/sec: 97.44 - lr: 0.050000
2022-05-20 03:17:31,248 epoch 19 - iter 322/469 - loss 0.02322905 - samples/sec: 99.45 - lr: 0.050000
2022-05-20 03:17:45,775 epoch 19 - iter 368/469 - loss 0.02331558 - samples/sec: 101.36 - lr: 0.050000
2022-05-20 03:17:59,629 epoch 19 - iter 414/469 - loss 0.02358041 - samples/sec: 106.29 - lr: 0.050000
2022-05-20 03:18:12,406 epoch 19 - iter 460/469 - loss 0.02317531 - samples/sec: 115.25 - lr: 0.050000
2022-05-20 03:18:14,484 ----------------------------------------------------------------------------------------------------
2022-05-20 03:18:14,484 EPOCH 19 done: loss 0.0233 - lr 0.050000
2022-05-20 03:18:47,831 Evaluating as a multi-label problem: False
2022-05-20 03:18:47,869 DEV : loss 0.025852039456367493 - f1-score (micro avg)  0.9587
2022-05-20 03:18:48,157 BAD EPOCHS (no improvement): 1
2022-05-20 03:18:48,169 ----------------------------------------------------------------------------------------------------
2022-05-20 03:19:03,842 epoch 20 - iter 46/469 - loss 0.02199376 - samples/sec: 93.95 - lr: 0.050000
2022-05-20 03:19:20,456 epoch 20 - iter 92/469 - loss 0.02233163 - samples/sec: 88.63 - lr: 0.050000
2022-05-20 03:19:36,911 epoch 20 - iter 138/469 - loss 0.02303567 - samples/sec: 89.49 - lr: 0.050000
2022-05-20 03:19:53,418 epoch 20 - iter 184/469 - loss 0.02283235 - samples/sec: 89.21 - lr: 0.050000
2022-05-20 03:20:09,206 epoch 20 - iter 230/469 - loss 0.02217931 - samples/sec: 93.26 - lr: 0.050000
2022-05-20 03:20:22,769 epoch 20 - iter 276/469 - loss 0.02210228 - samples/sec: 108.57 - lr: 0.050000
2022-05-20 03:20:34,126 epoch 20 - iter 322/469 - loss 0.02232040 - samples/sec: 129.66 - lr: 0.050000
2022-05-20 03:20:43,563 epoch 20 - iter 368/469 - loss 0.02239819 - samples/sec: 156.05 - lr: 0.050000
2022-05-20 03:20:56,005 epoch 20 - iter 414/469 - loss 0.02237791 - samples/sec: 118.35 - lr: 0.050000
2022-05-20 03:21:10,266 epoch 20 - iter 460/469 - loss 0.02260414 - samples/sec: 103.26 - lr: 0.050000
2022-05-20 03:21:12,947 ----------------------------------------------------------------------------------------------------
2022-05-20 03:21:12,947 EPOCH 20 done: loss 0.0227 - lr 0.050000
2022-05-20 03:21:50,323 Evaluating as a multi-label problem: False
2022-05-20 03:21:50,363 DEV : loss 0.02572752721607685 - f1-score (micro avg)  0.9595
2022-05-20 03:21:50,663 BAD EPOCHS (no improvement): 2
2022-05-20 03:21:50,676 ----------------------------------------------------------------------------------------------------
2022-05-20 03:22:05,240 epoch 21 - iter 46/469 - loss 0.02145367 - samples/sec: 101.11 - lr: 0.050000
2022-05-20 03:22:19,704 epoch 21 - iter 92/469 - loss 0.02337623 - samples/sec: 101.80 - lr: 0.050000
2022-05-20 03:22:34,601 epoch 21 - iter 138/469 - loss 0.02192421 - samples/sec: 98.85 - lr: 0.050000
2022-05-20 03:22:46,120 epoch 21 - iter 184/469 - loss 0.02219531 - samples/sec: 127.84 - lr: 0.050000
2022-05-20 03:22:57,579 epoch 21 - iter 230/469 - loss 0.02257607 - samples/sec: 128.51 - lr: 0.050000
2022-05-20 03:23:08,902 epoch 21 - iter 276/469 - loss 0.02214198 - samples/sec: 130.04 - lr: 0.050000
2022-05-20 03:23:23,657 epoch 21 - iter 322/469 - loss 0.02216264 - samples/sec: 99.80 - lr: 0.050000
2022-05-20 03:23:38,555 epoch 21 - iter 368/469 - loss 0.02202272 - samples/sec: 98.84 - lr: 0.050000
2022-05-20 03:23:52,314 epoch 21 - iter 414/469 - loss 0.02205795 - samples/sec: 107.02 - lr: 0.050000
2022-05-20 03:24:06,818 epoch 21 - iter 460/469 - loss 0.02232895 - samples/sec: 101.52 - lr: 0.050000
2022-05-20 03:24:09,396 ----------------------------------------------------------------------------------------------------
2022-05-20 03:24:09,396 EPOCH 21 done: loss 0.0224 - lr 0.050000
2022-05-20 03:24:46,866 Evaluating as a multi-label problem: False
2022-05-20 03:24:46,905 DEV : loss 0.026358066126704216 - f1-score (micro avg)  0.9593
2022-05-20 03:24:47,206 BAD EPOCHS (no improvement): 3
2022-05-20 03:24:47,247 ----------------------------------------------------------------------------------------------------
2022-05-20 03:24:59,364 epoch 22 - iter 46/469 - loss 0.02048775 - samples/sec: 121.54 - lr: 0.050000
2022-05-20 03:25:10,392 epoch 22 - iter 92/469 - loss 0.02037920 - samples/sec: 133.54 - lr: 0.050000
2022-05-20 03:25:20,102 epoch 22 - iter 138/469 - loss 0.02119682 - samples/sec: 151.66 - lr: 0.050000
2022-05-20 03:25:27,330 epoch 22 - iter 184/469 - loss 0.02117086 - samples/sec: 203.78 - lr: 0.050000
2022-05-20 03:25:34,496 epoch 22 - iter 230/469 - loss 0.02125562 - samples/sec: 205.55 - lr: 0.050000
2022-05-20 03:25:41,510 epoch 22 - iter 276/469 - loss 0.02103937 - samples/sec: 210.03 - lr: 0.050000
2022-05-20 03:25:48,492 epoch 22 - iter 322/469 - loss 0.02131624 - samples/sec: 210.95 - lr: 0.050000
2022-05-20 03:26:09,374 epoch 22 - iter 368/469 - loss 0.02119410 - samples/sec: 70.51 - lr: 0.050000
2022-05-20 03:26:27,626 epoch 22 - iter 414/469 - loss 0.02127607 - samples/sec: 80.67 - lr: 0.050000
2022-05-20 03:26:34,588 epoch 22 - iter 460/469 - loss 0.02140957 - samples/sec: 211.57 - lr: 0.050000
2022-05-20 03:26:35,916 ----------------------------------------------------------------------------------------------------
2022-05-20 03:26:35,917 EPOCH 22 done: loss 0.0215 - lr 0.050000
2022-05-20 03:26:55,856 Evaluating as a multi-label problem: False
2022-05-20 03:26:55,895 DEV : loss 0.026559000834822655 - f1-score (micro avg)  0.9587
2022-05-20 03:26:56,191 Epoch    22: reducing learning rate of group 0 to 2.5000e-02.
2022-05-20 03:26:56,192 BAD EPOCHS (no improvement): 4
2022-05-20 03:26:56,199 ----------------------------------------------------------------------------------------------------
2022-05-20 03:27:03,436 epoch 23 - iter 46/469 - loss 0.01953620 - samples/sec: 203.57 - lr: 0.025000
2022-05-20 03:27:10,503 epoch 23 - iter 92/469 - loss 0.01857403 - samples/sec: 208.43 - lr: 0.025000
2022-05-20 03:27:17,893 epoch 23 - iter 138/469 - loss 0.01797489 - samples/sec: 199.29 - lr: 0.025000
2022-05-20 03:27:25,095 epoch 23 - iter 184/469 - loss 0.01844929 - samples/sec: 204.52 - lr: 0.025000
2022-05-20 03:27:32,348 epoch 23 - iter 230/469 - loss 0.01867421 - samples/sec: 203.05 - lr: 0.025000
2022-05-20 03:27:38,914 epoch 23 - iter 276/469 - loss 0.01939108 - samples/sec: 224.33 - lr: 0.025000
2022-05-20 03:27:45,893 epoch 23 - iter 322/469 - loss 0.01942637 - samples/sec: 211.07 - lr: 0.025000
2022-05-20 03:27:52,763 epoch 23 - iter 368/469 - loss 0.01963593 - samples/sec: 214.42 - lr: 0.025000
2022-05-20 03:28:00,352 epoch 23 - iter 414/469 - loss 0.01981033 - samples/sec: 194.08 - lr: 0.025000
2022-05-20 03:28:07,511 epoch 23 - iter 460/469 - loss 0.02005168 - samples/sec: 205.74 - lr: 0.025000
2022-05-20 03:28:08,797 ----------------------------------------------------------------------------------------------------
2022-05-20 03:28:08,797 EPOCH 23 done: loss 0.0201 - lr 0.025000
2022-05-20 03:28:28,661 Evaluating as a multi-label problem: False
2022-05-20 03:28:28,700 DEV : loss 0.02662651240825653 - f1-score (micro avg)  0.9601
2022-05-20 03:28:28,995 BAD EPOCHS (no improvement): 0
2022-05-20 03:28:28,997 saving best model
2022-05-20 03:29:12,609 ----------------------------------------------------------------------------------------------------
2022-05-20 03:29:19,850 epoch 24 - iter 46/469 - loss 0.02060490 - samples/sec: 203.46 - lr: 0.025000
2022-05-20 03:29:26,818 epoch 24 - iter 92/469 - loss 0.01920469 - samples/sec: 211.39 - lr: 0.025000
2022-05-20 03:29:33,947 epoch 24 - iter 138/469 - loss 0.01967035 - samples/sec: 206.62 - lr: 0.025000
2022-05-20 03:29:40,915 epoch 24 - iter 184/469 - loss 0.01924084 - samples/sec: 211.38 - lr: 0.025000
2022-05-20 03:29:47,886 epoch 24 - iter 230/469 - loss 0.01905520 - samples/sec: 211.27 - lr: 0.025000
2022-05-20 03:29:55,538 epoch 24 - iter 276/469 - loss 0.01953814 - samples/sec: 192.46 - lr: 0.025000
2022-05-20 03:30:02,861 epoch 24 - iter 322/469 - loss 0.01950121 - samples/sec: 201.12 - lr: 0.025000
2022-05-20 03:30:09,839 epoch 24 - iter 368/469 - loss 0.01947301 - samples/sec: 211.10 - lr: 0.025000
2022-05-20 03:30:16,418 epoch 24 - iter 414/469 - loss 0.01938188 - samples/sec: 223.91 - lr: 0.025000
2022-05-20 03:30:23,628 epoch 24 - iter 460/469 - loss 0.01935771 - samples/sec: 204.27 - lr: 0.025000
2022-05-20 03:30:24,979 ----------------------------------------------------------------------------------------------------
2022-05-20 03:30:24,979 EPOCH 24 done: loss 0.0192 - lr 0.025000
2022-05-20 03:30:49,518 Evaluating as a multi-label problem: False
2022-05-20 03:30:49,558 DEV : loss 0.027089163661003113 - f1-score (micro avg)  0.9587
2022-05-20 03:30:49,847 BAD EPOCHS (no improvement): 1
2022-05-20 03:30:49,861 ----------------------------------------------------------------------------------------------------
2022-05-20 03:30:57,076 epoch 25 - iter 46/469 - loss 0.01996496 - samples/sec: 204.20 - lr: 0.025000
2022-05-20 03:31:04,437 epoch 25 - iter 92/469 - loss 0.01951157 - samples/sec: 200.09 - lr: 0.025000
2022-05-20 03:31:11,812 epoch 25 - iter 138/469 - loss 0.02005648 - samples/sec: 199.70 - lr: 0.025000
2022-05-20 03:31:18,721 epoch 25 - iter 184/469 - loss 0.01954371 - samples/sec: 213.19 - lr: 0.025000
2022-05-20 03:31:25,799 epoch 25 - iter 230/469 - loss 0.01961204 - samples/sec: 208.09 - lr: 0.025000
2022-05-20 03:31:32,617 epoch 25 - iter 276/469 - loss 0.01943217 - samples/sec: 216.01 - lr: 0.025000
2022-05-20 03:31:39,886 epoch 25 - iter 322/469 - loss 0.01933115 - samples/sec: 202.64 - lr: 0.025000
2022-05-20 03:31:47,326 epoch 25 - iter 368/469 - loss 0.01915497 - samples/sec: 197.98 - lr: 0.025000
2022-05-20 03:31:54,305 epoch 25 - iter 414/469 - loss 0.01908919 - samples/sec: 211.04 - lr: 0.025000
2022-05-20 03:32:01,229 epoch 25 - iter 460/469 - loss 0.01899454 - samples/sec: 212.74 - lr: 0.025000
2022-05-20 03:32:02,545 ----------------------------------------------------------------------------------------------------
2022-05-20 03:32:02,545 EPOCH 25 done: loss 0.0190 - lr 0.025000
2022-05-20 03:32:22,308 Evaluating as a multi-label problem: False
2022-05-20 03:32:22,348 DEV : loss 0.026401037350296974 - f1-score (micro avg)  0.9588
2022-05-20 03:32:22,643 BAD EPOCHS (no improvement): 2
2022-05-20 03:32:22,645 ----------------------------------------------------------------------------------------------------
2022-05-20 03:32:30,021 epoch 26 - iter 46/469 - loss 0.01689902 - samples/sec: 199.74 - lr: 0.025000
2022-05-20 03:32:36,768 epoch 26 - iter 92/469 - loss 0.01681814 - samples/sec: 218.31 - lr: 0.025000
2022-05-20 03:32:43,636 epoch 26 - iter 138/469 - loss 0.01658724 - samples/sec: 214.46 - lr: 0.025000
2022-05-20 03:32:50,385 epoch 26 - iter 184/469 - loss 0.01757389 - samples/sec: 218.24 - lr: 0.025000
2022-05-20 03:32:57,759 epoch 26 - iter 230/469 - loss 0.01778830 - samples/sec: 199.71 - lr: 0.025000
2022-05-20 03:33:05,047 epoch 26 - iter 276/469 - loss 0.01761349 - samples/sec: 202.10 - lr: 0.025000
2022-05-20 03:33:12,469 epoch 26 - iter 322/469 - loss 0.01798791 - samples/sec: 198.45 - lr: 0.025000
2022-05-20 03:33:19,216 epoch 26 - iter 368/469 - loss 0.01781992 - samples/sec: 218.32 - lr: 0.025000
2022-05-20 03:33:26,185 epoch 26 - iter 414/469 - loss 0.01762001 - samples/sec: 211.36 - lr: 0.025000
2022-05-20 03:33:33,328 epoch 26 - iter 460/469 - loss 0.01791960 - samples/sec: 206.20 - lr: 0.025000
2022-05-20 03:33:34,605 ----------------------------------------------------------------------------------------------------
2022-05-20 03:33:34,605 EPOCH 26 done: loss 0.0178 - lr 0.025000
2022-05-20 03:33:54,285 Evaluating as a multi-label problem: False
2022-05-20 03:33:54,324 DEV : loss 0.026218947023153305 - f1-score (micro avg)  0.9596
2022-05-20 03:33:54,618 BAD EPOCHS (no improvement): 3
2022-05-20 03:33:54,620 ----------------------------------------------------------------------------------------------------
2022-05-20 03:34:01,759 epoch 27 - iter 46/469 - loss 0.01651098 - samples/sec: 206.35 - lr: 0.025000
2022-05-20 03:34:08,929 epoch 27 - iter 92/469 - loss 0.01691352 - samples/sec: 205.45 - lr: 0.025000
2022-05-20 03:34:15,807 epoch 27 - iter 138/469 - loss 0.01747706 - samples/sec: 214.15 - lr: 0.025000
2022-05-20 03:34:22,816 epoch 27 - iter 184/469 - loss 0.01767559 - samples/sec: 210.14 - lr: 0.025000
2022-05-20 03:34:30,173 epoch 27 - iter 230/469 - loss 0.01676769 - samples/sec: 200.20 - lr: 0.025000
2022-05-20 03:34:37,498 epoch 27 - iter 276/469 - loss 0.01754991 - samples/sec: 201.06 - lr: 0.025000
2022-05-20 03:34:44,756 epoch 27 - iter 322/469 - loss 0.01730794 - samples/sec: 202.95 - lr: 0.025000
2022-05-20 03:34:52,001 epoch 27 - iter 368/469 - loss 0.01730390 - samples/sec: 203.31 - lr: 0.025000
2022-05-20 03:34:59,289 epoch 27 - iter 414/469 - loss 0.01756085 - samples/sec: 202.09 - lr: 0.025000
2022-05-20 03:35:06,156 epoch 27 - iter 460/469 - loss 0.01758013 - samples/sec: 214.48 - lr: 0.025000
2022-05-20 03:35:07,464 ----------------------------------------------------------------------------------------------------
2022-05-20 03:35:07,464 EPOCH 27 done: loss 0.0174 - lr 0.025000
2022-05-20 03:35:27,148 Evaluating as a multi-label problem: False
2022-05-20 03:35:27,188 DEV : loss 0.027192091569304466 - f1-score (micro avg)  0.9584
2022-05-20 03:35:27,479 Epoch    27: reducing learning rate of group 0 to 1.2500e-02.
2022-05-20 03:35:27,479 BAD EPOCHS (no improvement): 4
2022-05-20 03:35:27,481 ----------------------------------------------------------------------------------------------------
2022-05-20 03:35:34,848 epoch 28 - iter 46/469 - loss 0.01723095 - samples/sec: 199.98 - lr: 0.012500
2022-05-20 03:35:41,628 epoch 28 - iter 92/469 - loss 0.01684063 - samples/sec: 217.23 - lr: 0.012500
2022-05-20 03:35:48,639 epoch 28 - iter 138/469 - loss 0.01600198 - samples/sec: 210.09 - lr: 0.012500
2022-05-20 03:35:55,648 epoch 28 - iter 184/469 - loss 0.01591163 - samples/sec: 210.14 - lr: 0.012500
2022-05-20 03:36:03,011 epoch 28 - iter 230/469 - loss 0.01663908 - samples/sec: 200.05 - lr: 0.012500
2022-05-20 03:36:10,018 epoch 28 - iter 276/469 - loss 0.01694032 - samples/sec: 210.20 - lr: 0.012500
2022-05-20 03:36:17,041 epoch 28 - iter 322/469 - loss 0.01695957 - samples/sec: 209.75 - lr: 0.012500
2022-05-20 03:36:23,906 epoch 28 - iter 368/469 - loss 0.01723974 - samples/sec: 214.55 - lr: 0.012500
2022-05-20 03:36:31,031 epoch 28 - iter 414/469 - loss 0.01718531 - samples/sec: 206.72 - lr: 0.012500
2022-05-20 03:36:38,202 epoch 28 - iter 460/469 - loss 0.01695909 - samples/sec: 205.39 - lr: 0.012500
2022-05-20 03:36:39,500 ----------------------------------------------------------------------------------------------------
2022-05-20 03:36:39,500 EPOCH 28 done: loss 0.0170 - lr 0.012500
2022-05-20 03:36:58,412 Evaluating as a multi-label problem: False
2022-05-20 03:36:58,451 DEV : loss 0.02656213380396366 - f1-score (micro avg)  0.9601
2022-05-20 03:36:58,747 BAD EPOCHS (no improvement): 1
2022-05-20 03:36:58,749 ----------------------------------------------------------------------------------------------------
2022-05-20 03:37:05,830 epoch 29 - iter 46/469 - loss 0.01782576 - samples/sec: 208.05 - lr: 0.012500
2022-05-20 03:37:12,908 epoch 29 - iter 92/469 - loss 0.01711924 - samples/sec: 208.09 - lr: 0.012500
2022-05-20 03:37:19,932 epoch 29 - iter 138/469 - loss 0.01685031 - samples/sec: 209.70 - lr: 0.012500
2022-05-20 03:37:27,345 epoch 29 - iter 184/469 - loss 0.01681584 - samples/sec: 198.67 - lr: 0.012500
2022-05-20 03:37:34,482 epoch 29 - iter 230/469 - loss 0.01663476 - samples/sec: 206.37 - lr: 0.012500
2022-05-20 03:37:41,177 epoch 29 - iter 276/469 - loss 0.01674179 - samples/sec: 219.99 - lr: 0.012500
2022-05-20 03:37:48,601 epoch 29 - iter 322/469 - loss 0.01685964 - samples/sec: 198.41 - lr: 0.012500
2022-05-20 03:37:55,563 epoch 29 - iter 368/469 - loss 0.01703269 - samples/sec: 211.59 - lr: 0.012500
2022-05-20 03:38:02,936 epoch 29 - iter 414/469 - loss 0.01673372 - samples/sec: 199.76 - lr: 0.012500
2022-05-20 03:38:09,603 epoch 29 - iter 460/469 - loss 0.01664281 - samples/sec: 220.95 - lr: 0.012500
2022-05-20 03:38:10,795 ----------------------------------------------------------------------------------------------------
2022-05-20 03:38:10,795 EPOCH 29 done: loss 0.0167 - lr 0.012500
2022-05-20 03:38:30,509 Evaluating as a multi-label problem: False
2022-05-20 03:38:30,549 DEV : loss 0.027013882994651794 - f1-score (micro avg)  0.959
2022-05-20 03:38:30,844 BAD EPOCHS (no improvement): 2
2022-05-20 03:38:30,846 ----------------------------------------------------------------------------------------------------
2022-05-20 03:38:38,094 epoch 30 - iter 46/469 - loss 0.01559973 - samples/sec: 203.27 - lr: 0.012500
2022-05-20 03:38:45,021 epoch 30 - iter 92/469 - loss 0.01626885 - samples/sec: 212.63 - lr: 0.012500
2022-05-20 03:38:51,748 epoch 30 - iter 138/469 - loss 0.01655490 - samples/sec: 218.95 - lr: 0.012500
2022-05-20 03:38:58,798 epoch 30 - iter 184/469 - loss 0.01692647 - samples/sec: 208.91 - lr: 0.012500
2022-05-20 03:39:05,927 epoch 30 - iter 230/469 - loss 0.01667551 - samples/sec: 206.61 - lr: 0.012500
2022-05-20 03:39:13,308 epoch 30 - iter 276/469 - loss 0.01687381 - samples/sec: 199.54 - lr: 0.012500
2022-05-20 03:39:20,096 epoch 30 - iter 322/469 - loss 0.01682317 - samples/sec: 217.01 - lr: 0.012500
2022-05-20 03:39:27,332 epoch 30 - iter 368/469 - loss 0.01683466 - samples/sec: 203.55 - lr: 0.012500
2022-05-20 03:39:34,476 epoch 30 - iter 414/469 - loss 0.01667929 - samples/sec: 206.18 - lr: 0.012500
2022-05-20 03:39:41,481 epoch 30 - iter 460/469 - loss 0.01674191 - samples/sec: 210.27 - lr: 0.012500
2022-05-20 03:39:42,664 ----------------------------------------------------------------------------------------------------
2022-05-20 03:39:42,664 EPOCH 30 done: loss 0.0167 - lr 0.012500
2022-05-20 03:40:02,342 Evaluating as a multi-label problem: False
2022-05-20 03:40:02,381 DEV : loss 0.02657972276210785 - f1-score (micro avg)  0.9598
2022-05-20 03:40:02,678 BAD EPOCHS (no improvement): 3
2022-05-20 03:40:02,703 ----------------------------------------------------------------------------------------------------
2022-05-20 03:40:09,621 epoch 31 - iter 46/469 - loss 0.01776201 - samples/sec: 212.95 - lr: 0.012500
2022-05-20 03:40:16,707 epoch 31 - iter 92/469 - loss 0.01592239 - samples/sec: 207.87 - lr: 0.012500
2022-05-20 03:40:23,641 epoch 31 - iter 138/469 - loss 0.01581257 - samples/sec: 212.43 - lr: 0.012500
2022-05-20 03:40:30,910 epoch 31 - iter 184/469 - loss 0.01666098 - samples/sec: 202.62 - lr: 0.012500
2022-05-20 03:40:37,814 epoch 31 - iter 230/469 - loss 0.01612003 - samples/sec: 213.33 - lr: 0.012500
2022-05-20 03:40:44,567 epoch 31 - iter 276/469 - loss 0.01586621 - samples/sec: 218.09 - lr: 0.012500
2022-05-20 03:40:51,529 epoch 31 - iter 322/469 - loss 0.01595654 - samples/sec: 211.59 - lr: 0.012500
2022-05-20 03:40:59,023 epoch 31 - iter 368/469 - loss 0.01581889 - samples/sec: 196.55 - lr: 0.012500
2022-05-20 03:41:06,198 epoch 31 - iter 414/469 - loss 0.01599775 - samples/sec: 205.28 - lr: 0.012500
2022-05-20 03:41:13,052 epoch 31 - iter 460/469 - loss 0.01609885 - samples/sec: 214.89 - lr: 0.012500
2022-05-20 03:41:14,454 ----------------------------------------------------------------------------------------------------
2022-05-20 03:41:14,454 EPOCH 31 done: loss 0.0161 - lr 0.012500
2022-05-20 03:41:34,106 Evaluating as a multi-label problem: False
2022-05-20 03:41:34,145 DEV : loss 0.026861168444156647 - f1-score (micro avg)  0.96
2022-05-20 03:41:34,439 Epoch    31: reducing learning rate of group 0 to 6.2500e-03.
2022-05-20 03:41:34,439 BAD EPOCHS (no improvement): 4
2022-05-20 03:41:34,441 ----------------------------------------------------------------------------------------------------
2022-05-20 03:41:41,440 epoch 32 - iter 46/469 - loss 0.01658765 - samples/sec: 210.50 - lr: 0.006250
2022-05-20 03:41:48,232 epoch 32 - iter 92/469 - loss 0.01624189 - samples/sec: 216.85 - lr: 0.006250
2022-05-20 03:41:55,182 epoch 32 - iter 138/469 - loss 0.01590631 - samples/sec: 211.94 - lr: 0.006250
2022-05-20 03:42:02,273 epoch 32 - iter 184/469 - loss 0.01612458 - samples/sec: 207.73 - lr: 0.006250
2022-05-20 03:42:09,162 epoch 32 - iter 230/469 - loss 0.01640671 - samples/sec: 213.77 - lr: 0.006250
2022-05-20 03:42:16,429 epoch 32 - iter 276/469 - loss 0.01703351 - samples/sec: 202.67 - lr: 0.006250
2022-05-20 03:42:23,616 epoch 32 - iter 322/469 - loss 0.01690989 - samples/sec: 204.96 - lr: 0.006250
2022-05-20 03:42:30,579 epoch 32 - iter 368/469 - loss 0.01670994 - samples/sec: 211.56 - lr: 0.006250
2022-05-20 03:42:37,741 epoch 32 - iter 414/469 - loss 0.01665992 - samples/sec: 205.66 - lr: 0.006250
2022-05-20 03:42:44,953 epoch 32 - iter 460/469 - loss 0.01640187 - samples/sec: 204.20 - lr: 0.006250
2022-05-20 03:42:46,181 ----------------------------------------------------------------------------------------------------
2022-05-20 03:42:46,181 EPOCH 32 done: loss 0.0164 - lr 0.006250
2022-05-20 03:43:05,851 Evaluating as a multi-label problem: False
2022-05-20 03:43:05,890 DEV : loss 0.027271300554275513 - f1-score (micro avg)  0.9587
2022-05-20 03:43:06,182 BAD EPOCHS (no improvement): 1
2022-05-20 03:43:06,184 ----------------------------------------------------------------------------------------------------
2022-05-20 03:43:13,244 epoch 33 - iter 46/469 - loss 0.01536746 - samples/sec: 208.68 - lr: 0.006250
2022-05-20 03:43:20,357 epoch 33 - iter 92/469 - loss 0.01441595 - samples/sec: 207.08 - lr: 0.006250
2022-05-20 03:43:27,308 epoch 33 - iter 138/469 - loss 0.01571209 - samples/sec: 211.90 - lr: 0.006250
2022-05-20 03:43:34,393 epoch 33 - iter 184/469 - loss 0.01540800 - samples/sec: 207.89 - lr: 0.006250
2022-05-20 03:43:41,541 epoch 33 - iter 230/469 - loss 0.01567012 - samples/sec: 206.03 - lr: 0.006250
2022-05-20 03:43:48,298 epoch 33 - iter 276/469 - loss 0.01542637 - samples/sec: 217.97 - lr: 0.006250
2022-05-20 03:43:55,391 epoch 33 - iter 322/469 - loss 0.01551553 - samples/sec: 207.68 - lr: 0.006250
2022-05-20 03:44:02,632 epoch 33 - iter 368/469 - loss 0.01553033 - samples/sec: 203.42 - lr: 0.006250
2022-05-20 03:44:09,437 epoch 33 - iter 414/469 - loss 0.01577183 - samples/sec: 216.45 - lr: 0.006250
2022-05-20 03:44:16,547 epoch 33 - iter 460/469 - loss 0.01576987 - samples/sec: 207.17 - lr: 0.006250
2022-05-20 03:44:17,803 ----------------------------------------------------------------------------------------------------
2022-05-20 03:44:17,803 EPOCH 33 done: loss 0.0158 - lr 0.006250
2022-05-20 03:44:42,097 Evaluating as a multi-label problem: False
2022-05-20 03:44:42,136 DEV : loss 0.02687426097691059 - f1-score (micro avg)  0.9597
2022-05-20 03:44:42,423 BAD EPOCHS (no improvement): 2
2022-05-20 03:44:42,426 ----------------------------------------------------------------------------------------------------
2022-05-20 03:44:49,597 epoch 34 - iter 46/469 - loss 0.01725329 - samples/sec: 205.39 - lr: 0.006250
2022-05-20 03:44:56,479 epoch 34 - iter 92/469 - loss 0.01757089 - samples/sec: 214.00 - lr: 0.006250
2022-05-20 03:45:03,882 epoch 34 - iter 138/469 - loss 0.01760235 - samples/sec: 198.97 - lr: 0.006250
2022-05-20 03:45:11,002 epoch 34 - iter 184/469 - loss 0.01689556 - samples/sec: 206.87 - lr: 0.006250
2022-05-20 03:45:17,753 epoch 34 - iter 230/469 - loss 0.01696447 - samples/sec: 218.18 - lr: 0.006250
2022-05-20 03:45:24,807 epoch 34 - iter 276/469 - loss 0.01718756 - samples/sec: 208.82 - lr: 0.006250
2022-05-20 03:45:31,388 epoch 34 - iter 322/469 - loss 0.01734562 - samples/sec: 223.82 - lr: 0.006250
2022-05-20 03:45:38,721 epoch 34 - iter 368/469 - loss 0.01709477 - samples/sec: 200.83 - lr: 0.006250
2022-05-20 03:45:45,807 epoch 34 - iter 414/469 - loss 0.01710311 - samples/sec: 207.87 - lr: 0.006250
2022-05-20 03:45:52,875 epoch 34 - iter 460/469 - loss 0.01704287 - samples/sec: 208.40 - lr: 0.006250
2022-05-20 03:45:54,141 ----------------------------------------------------------------------------------------------------
2022-05-20 03:45:54,141 EPOCH 34 done: loss 0.0170 - lr 0.006250
2022-05-20 03:46:13,820 Evaluating as a multi-label problem: False
2022-05-20 03:46:13,859 DEV : loss 0.026849832385778427 - f1-score (micro avg)  0.9599
2022-05-20 03:46:14,143 BAD EPOCHS (no improvement): 3
2022-05-20 03:46:14,145 ----------------------------------------------------------------------------------------------------
2022-05-20 03:46:21,356 epoch 35 - iter 46/469 - loss 0.01696917 - samples/sec: 204.30 - lr: 0.006250
2022-05-20 03:46:27,916 epoch 35 - iter 92/469 - loss 0.01566270 - samples/sec: 224.52 - lr: 0.006250
2022-05-20 03:46:34,977 epoch 35 - iter 138/469 - loss 0.01549716 - samples/sec: 208.62 - lr: 0.006250
2022-05-20 03:46:41,913 epoch 35 - iter 184/469 - loss 0.01606706 - samples/sec: 212.39 - lr: 0.006250
2022-05-20 03:46:49,006 epoch 35 - iter 230/469 - loss 0.01596587 - samples/sec: 207.66 - lr: 0.006250
2022-05-20 03:46:56,098 epoch 35 - iter 276/469 - loss 0.01574349 - samples/sec: 207.67 - lr: 0.006250
2022-05-20 03:47:03,306 epoch 35 - iter 322/469 - loss 0.01569434 - samples/sec: 204.32 - lr: 0.006250
2022-05-20 03:47:10,501 epoch 35 - iter 368/469 - loss 0.01550385 - samples/sec: 204.71 - lr: 0.006250
2022-05-20 03:47:17,684 epoch 35 - iter 414/469 - loss 0.01598144 - samples/sec: 205.06 - lr: 0.006250
2022-05-20 03:47:24,979 epoch 35 - iter 460/469 - loss 0.01570950 - samples/sec: 201.92 - lr: 0.006250
2022-05-20 03:47:26,154 ----------------------------------------------------------------------------------------------------
2022-05-20 03:47:26,154 EPOCH 35 done: loss 0.0157 - lr 0.006250
2022-05-20 03:47:45,666 Evaluating as a multi-label problem: False
2022-05-20 03:47:45,706 DEV : loss 0.026934640482068062 - f1-score (micro avg)  0.9599
2022-05-20 03:47:45,991 Epoch    35: reducing learning rate of group 0 to 3.1250e-03.
2022-05-20 03:47:45,991 BAD EPOCHS (no improvement): 4
2022-05-20 03:47:45,993 ----------------------------------------------------------------------------------------------------
2022-05-20 03:47:53,359 epoch 36 - iter 46/469 - loss 0.01599064 - samples/sec: 199.98 - lr: 0.003125
2022-05-20 03:48:00,090 epoch 36 - iter 92/469 - loss 0.01737353 - samples/sec: 218.82 - lr: 0.003125
2022-05-20 03:48:06,788 epoch 36 - iter 138/469 - loss 0.01698441 - samples/sec: 219.94 - lr: 0.003125
2022-05-20 03:48:13,885 epoch 36 - iter 184/469 - loss 0.01676991 - samples/sec: 207.55 - lr: 0.003125
2022-05-20 03:48:20,981 epoch 36 - iter 230/469 - loss 0.01658082 - samples/sec: 207.55 - lr: 0.003125
2022-05-20 03:48:28,065 epoch 36 - iter 276/469 - loss 0.01635145 - samples/sec: 207.92 - lr: 0.003125
2022-05-20 03:48:35,193 epoch 36 - iter 322/469 - loss 0.01587746 - samples/sec: 206.64 - lr: 0.003125
2022-05-20 03:48:42,286 epoch 36 - iter 368/469 - loss 0.01570385 - samples/sec: 207.64 - lr: 0.003125
2022-05-20 03:48:49,050 epoch 36 - iter 414/469 - loss 0.01555177 - samples/sec: 217.75 - lr: 0.003125
2022-05-20 03:48:56,098 epoch 36 - iter 460/469 - loss 0.01561864 - samples/sec: 209.01 - lr: 0.003125
2022-05-20 03:48:57,625 ----------------------------------------------------------------------------------------------------
2022-05-20 03:48:57,625 EPOCH 36 done: loss 0.0157 - lr 0.003125
2022-05-20 03:49:17,403 Evaluating as a multi-label problem: False
2022-05-20 03:49:17,442 DEV : loss 0.026873858645558357 - f1-score (micro avg)  0.9602
2022-05-20 03:49:17,728 BAD EPOCHS (no improvement): 0
2022-05-20 03:49:17,831 saving best model
2022-05-20 03:50:01,264 ----------------------------------------------------------------------------------------------------
2022-05-20 03:50:08,400 epoch 37 - iter 46/469 - loss 0.01840093 - samples/sec: 206.47 - lr: 0.003125
2022-05-20 03:50:15,602 epoch 37 - iter 92/469 - loss 0.01764129 - samples/sec: 204.49 - lr: 0.003125
2022-05-20 03:50:22,876 epoch 37 - iter 138/469 - loss 0.01645233 - samples/sec: 202.52 - lr: 0.003125
2022-05-20 03:50:30,233 epoch 37 - iter 184/469 - loss 0.01612501 - samples/sec: 200.21 - lr: 0.003125
2022-05-20 03:50:37,148 epoch 37 - iter 230/469 - loss 0.01588703 - samples/sec: 213.00 - lr: 0.003125
2022-05-20 03:50:44,229 epoch 37 - iter 276/469 - loss 0.01583907 - samples/sec: 208.02 - lr: 0.003125
2022-05-20 03:50:51,222 epoch 37 - iter 322/469 - loss 0.01593670 - samples/sec: 210.61 - lr: 0.003125
2022-05-20 03:50:58,154 epoch 37 - iter 368/469 - loss 0.01564546 - samples/sec: 212.46 - lr: 0.003125
2022-05-20 03:51:05,168 epoch 37 - iter 414/469 - loss 0.01534056 - samples/sec: 209.98 - lr: 0.003125
2022-05-20 03:51:12,272 epoch 37 - iter 460/469 - loss 0.01517288 - samples/sec: 207.37 - lr: 0.003125
2022-05-20 03:51:13,535 ----------------------------------------------------------------------------------------------------
2022-05-20 03:51:13,535 EPOCH 37 done: loss 0.0152 - lr 0.003125
2022-05-20 03:51:33,197 Evaluating as a multi-label problem: False
2022-05-20 03:51:33,237 DEV : loss 0.027065381407737732 - f1-score (micro avg)  0.9596
2022-05-20 03:51:33,519 BAD EPOCHS (no improvement): 1
2022-05-20 03:51:33,537 ----------------------------------------------------------------------------------------------------
2022-05-20 03:51:40,289 epoch 38 - iter 46/469 - loss 0.01749970 - samples/sec: 218.19 - lr: 0.003125
2022-05-20 03:51:47,445 epoch 38 - iter 92/469 - loss 0.01616451 - samples/sec: 205.82 - lr: 0.003125
2022-05-20 03:51:54,152 epoch 38 - iter 138/469 - loss 0.01520183 - samples/sec: 219.63 - lr: 0.003125
2022-05-20 03:52:01,196 epoch 38 - iter 184/469 - loss 0.01487585 - samples/sec: 209.13 - lr: 0.003125
2022-05-20 03:52:08,203 epoch 38 - iter 230/469 - loss 0.01471339 - samples/sec: 210.19 - lr: 0.003125
2022-05-20 03:52:15,260 epoch 38 - iter 276/469 - loss 0.01441501 - samples/sec: 208.71 - lr: 0.003125
2022-05-20 03:52:22,397 epoch 38 - iter 322/469 - loss 0.01444490 - samples/sec: 206.37 - lr: 0.003125
2022-05-20 03:52:29,409 epoch 38 - iter 368/469 - loss 0.01488730 - samples/sec: 210.06 - lr: 0.003125
2022-05-20 03:52:36,481 epoch 38 - iter 414/469 - loss 0.01482366 - samples/sec: 208.27 - lr: 0.003125
2022-05-20 03:52:43,602 epoch 38 - iter 460/469 - loss 0.01477359 - samples/sec: 206.84 - lr: 0.003125
2022-05-20 03:52:44,800 ----------------------------------------------------------------------------------------------------
2022-05-20 03:52:44,801 EPOCH 38 done: loss 0.0148 - lr 0.003125
2022-05-20 03:53:04,401 Evaluating as a multi-label problem: False
2022-05-20 03:53:04,440 DEV : loss 0.027175353839993477 - f1-score (micro avg)  0.9595
2022-05-20 03:53:04,725 BAD EPOCHS (no improvement): 2
2022-05-20 03:53:04,727 ----------------------------------------------------------------------------------------------------
2022-05-20 03:53:11,815 epoch 39 - iter 46/469 - loss 0.01367648 - samples/sec: 207.84 - lr: 0.003125
2022-05-20 03:53:19,036 epoch 39 - iter 92/469 - loss 0.01574090 - samples/sec: 203.97 - lr: 0.003125
2022-05-20 03:53:25,891 epoch 39 - iter 138/469 - loss 0.01537545 - samples/sec: 214.86 - lr: 0.003125
2022-05-20 03:53:32,970 epoch 39 - iter 184/469 - loss 0.01466997 - samples/sec: 208.08 - lr: 0.003125
2022-05-20 03:53:40,096 epoch 39 - iter 230/469 - loss 0.01496429 - samples/sec: 206.70 - lr: 0.003125
2022-05-20 03:53:46,758 epoch 39 - iter 276/469 - loss 0.01524083 - samples/sec: 221.11 - lr: 0.003125
2022-05-20 03:53:53,562 epoch 39 - iter 322/469 - loss 0.01536611 - samples/sec: 216.47 - lr: 0.003125
2022-05-20 03:54:00,750 epoch 39 - iter 368/469 - loss 0.01544702 - samples/sec: 204.91 - lr: 0.003125
2022-05-20 03:54:08,114 epoch 39 - iter 414/469 - loss 0.01578242 - samples/sec: 199.99 - lr: 0.003125
2022-05-20 03:54:15,112 epoch 39 - iter 460/469 - loss 0.01539398 - samples/sec: 210.52 - lr: 0.003125
2022-05-20 03:54:16,409 ----------------------------------------------------------------------------------------------------
2022-05-20 03:54:16,409 EPOCH 39 done: loss 0.0154 - lr 0.003125
2022-05-20 03:54:36,028 Evaluating as a multi-label problem: False
2022-05-20 03:54:36,067 DEV : loss 0.02708570286631584 - f1-score (micro avg)  0.96
2022-05-20 03:54:36,351 BAD EPOCHS (no improvement): 3
2022-05-20 03:54:36,353 ----------------------------------------------------------------------------------------------------
2022-05-20 03:54:43,511 epoch 40 - iter 46/469 - loss 0.01386077 - samples/sec: 205.80 - lr: 0.003125
2022-05-20 03:54:50,008 epoch 40 - iter 92/469 - loss 0.01540909 - samples/sec: 226.72 - lr: 0.003125
2022-05-20 03:54:56,909 epoch 40 - iter 138/469 - loss 0.01431081 - samples/sec: 213.46 - lr: 0.003125
2022-05-20 03:55:03,701 epoch 40 - iter 184/469 - loss 0.01515377 - samples/sec: 216.85 - lr: 0.003125
2022-05-20 03:55:10,356 epoch 40 - iter 230/469 - loss 0.01539896 - samples/sec: 221.36 - lr: 0.003125
2022-05-20 03:55:17,457 epoch 40 - iter 276/469 - loss 0.01534754 - samples/sec: 207.40 - lr: 0.003125
2022-05-20 03:55:24,390 epoch 40 - iter 322/469 - loss 0.01566285 - samples/sec: 212.45 - lr: 0.003125
2022-05-20 03:55:32,067 epoch 40 - iter 368/469 - loss 0.01539433 - samples/sec: 191.84 - lr: 0.003125
2022-05-20 03:55:39,390 epoch 40 - iter 414/469 - loss 0.01517771 - samples/sec: 201.13 - lr: 0.003125
2022-05-20 03:55:46,504 epoch 40 - iter 460/469 - loss 0.01509218 - samples/sec: 207.04 - lr: 0.003125
2022-05-20 03:55:47,778 ----------------------------------------------------------------------------------------------------
2022-05-20 03:55:47,778 EPOCH 40 done: loss 0.0150 - lr 0.003125
2022-05-20 03:56:07,363 Evaluating as a multi-label problem: False
2022-05-20 03:56:07,402 DEV : loss 0.027190037071704865 - f1-score (micro avg)  0.9591
2022-05-20 03:56:07,686 Epoch    40: reducing learning rate of group 0 to 1.5625e-03.
2022-05-20 03:56:07,686 BAD EPOCHS (no improvement): 4
2022-05-20 03:56:07,688 ----------------------------------------------------------------------------------------------------
2022-05-20 03:56:15,062 epoch 41 - iter 46/469 - loss 0.01548493 - samples/sec: 199.76 - lr: 0.001563
2022-05-20 03:56:22,228 epoch 41 - iter 92/469 - loss 0.01544837 - samples/sec: 205.54 - lr: 0.001563
2022-05-20 03:56:29,077 epoch 41 - iter 138/469 - loss 0.01451034 - samples/sec: 215.06 - lr: 0.001563
2022-05-20 03:56:36,200 epoch 41 - iter 184/469 - loss 0.01410436 - samples/sec: 206.79 - lr: 0.001563
2022-05-20 03:56:42,984 epoch 41 - iter 230/469 - loss 0.01428059 - samples/sec: 217.13 - lr: 0.001563
2022-05-20 03:56:49,990 epoch 41 - iter 276/469 - loss 0.01484933 - samples/sec: 210.22 - lr: 0.001563
2022-05-20 03:56:57,287 epoch 41 - iter 322/469 - loss 0.01522118 - samples/sec: 201.86 - lr: 0.001563
2022-05-20 03:57:04,367 epoch 41 - iter 368/469 - loss 0.01555393 - samples/sec: 208.03 - lr: 0.001563
2022-05-20 03:57:11,214 epoch 41 - iter 414/469 - loss 0.01543127 - samples/sec: 215.12 - lr: 0.001563
2022-05-20 03:57:18,065 epoch 41 - iter 460/469 - loss 0.01542213 - samples/sec: 215.01 - lr: 0.001563
2022-05-20 03:57:19,314 ----------------------------------------------------------------------------------------------------
2022-05-20 03:57:19,314 EPOCH 41 done: loss 0.0154 - lr 0.001563
2022-05-20 03:57:38,801 Evaluating as a multi-label problem: False
2022-05-20 03:57:38,840 DEV : loss 0.027187678962945938 - f1-score (micro avg)  0.9596
2022-05-20 03:57:39,123 BAD EPOCHS (no improvement): 1
2022-05-20 03:57:39,125 ----------------------------------------------------------------------------------------------------
2022-05-20 03:57:46,538 epoch 42 - iter 46/469 - loss 0.01665300 - samples/sec: 198.70 - lr: 0.001563
2022-05-20 03:57:53,495 epoch 42 - iter 92/469 - loss 0.01675174 - samples/sec: 211.73 - lr: 0.001563
2022-05-20 03:58:00,195 epoch 42 - iter 138/469 - loss 0.01629070 - samples/sec: 219.86 - lr: 0.001563
2022-05-20 03:58:07,222 epoch 42 - iter 184/469 - loss 0.01586548 - samples/sec: 209.61 - lr: 0.001563
2022-05-20 03:58:14,138 epoch 42 - iter 230/469 - loss 0.01587272 - samples/sec: 212.99 - lr: 0.001563
2022-05-20 03:58:21,261 epoch 42 - iter 276/469 - loss 0.01582607 - samples/sec: 206.76 - lr: 0.001563
2022-05-20 03:58:28,322 epoch 42 - iter 322/469 - loss 0.01564488 - samples/sec: 208.61 - lr: 0.001563
2022-05-20 03:58:35,429 epoch 42 - iter 368/469 - loss 0.01570401 - samples/sec: 207.23 - lr: 0.001563
2022-05-20 03:58:42,333 epoch 42 - iter 414/469 - loss 0.01574140 - samples/sec: 213.31 - lr: 0.001563
2022-05-20 03:58:49,408 epoch 42 - iter 460/469 - loss 0.01584621 - samples/sec: 208.21 - lr: 0.001563
2022-05-20 03:58:50,570 ----------------------------------------------------------------------------------------------------
2022-05-20 03:58:50,570 EPOCH 42 done: loss 0.0158 - lr 0.001563
2022-05-20 03:59:10,162 Evaluating as a multi-label problem: False
2022-05-20 03:59:10,201 DEV : loss 0.02716047689318657 - f1-score (micro avg)  0.9593
2022-05-20 03:59:10,484 BAD EPOCHS (no improvement): 2
2022-05-20 03:59:10,487 ----------------------------------------------------------------------------------------------------
2022-05-20 03:59:17,773 epoch 43 - iter 46/469 - loss 0.01431121 - samples/sec: 202.18 - lr: 0.001563
2022-05-20 03:59:29,709 epoch 43 - iter 92/469 - loss 0.01483061 - samples/sec: 123.37 - lr: 0.001563
2022-05-20 03:59:36,811 epoch 43 - iter 138/469 - loss 0.01469455 - samples/sec: 207.41 - lr: 0.001563
2022-05-20 03:59:43,715 epoch 43 - iter 184/469 - loss 0.01466486 - samples/sec: 213.32 - lr: 0.001563
2022-05-20 03:59:50,520 epoch 43 - iter 230/469 - loss 0.01434613 - samples/sec: 216.46 - lr: 0.001563
2022-05-20 03:59:57,563 epoch 43 - iter 276/469 - loss 0.01467401 - samples/sec: 209.11 - lr: 0.001563
2022-05-20 04:00:04,466 epoch 43 - iter 322/469 - loss 0.01438232 - samples/sec: 213.38 - lr: 0.001563
2022-05-20 04:00:11,450 epoch 43 - iter 368/469 - loss 0.01481005 - samples/sec: 210.89 - lr: 0.001563
2022-05-20 04:00:18,359 epoch 43 - iter 414/469 - loss 0.01507017 - samples/sec: 213.18 - lr: 0.001563
2022-05-20 04:00:25,382 epoch 43 - iter 460/469 - loss 0.01513131 - samples/sec: 209.75 - lr: 0.001563
2022-05-20 04:00:26,726 ----------------------------------------------------------------------------------------------------
2022-05-20 04:00:26,727 EPOCH 43 done: loss 0.0152 - lr 0.001563
2022-05-20 04:00:46,275 Evaluating as a multi-label problem: False
2022-05-20 04:00:46,314 DEV : loss 0.02722528763115406 - f1-score (micro avg)  0.9601
2022-05-20 04:00:46,597 BAD EPOCHS (no improvement): 3
2022-05-20 04:00:46,599 ----------------------------------------------------------------------------------------------------
2022-05-20 04:00:54,056 epoch 44 - iter 46/469 - loss 0.01279887 - samples/sec: 197.53 - lr: 0.001563
2022-05-20 04:01:00,801 epoch 44 - iter 92/469 - loss 0.01441035 - samples/sec: 218.38 - lr: 0.001563
2022-05-20 04:01:07,744 epoch 44 - iter 138/469 - loss 0.01514622 - samples/sec: 212.16 - lr: 0.001563
2022-05-20 04:01:15,064 epoch 44 - iter 184/469 - loss 0.01570381 - samples/sec: 201.22 - lr: 0.001563
2022-05-20 04:01:22,056 epoch 44 - iter 230/469 - loss 0.01606658 - samples/sec: 210.66 - lr: 0.001563
2022-05-20 04:01:28,750 epoch 44 - iter 276/469 - loss 0.01592703 - samples/sec: 220.03 - lr: 0.001563
2022-05-20 04:01:35,774 epoch 44 - iter 322/469 - loss 0.01599053 - samples/sec: 209.69 - lr: 0.001563
2022-05-20 04:01:42,569 epoch 44 - iter 368/469 - loss 0.01598908 - samples/sec: 216.74 - lr: 0.001563
2022-05-20 04:01:49,599 epoch 44 - iter 414/469 - loss 0.01595382 - samples/sec: 209.55 - lr: 0.001563
2022-05-20 04:01:56,664 epoch 44 - iter 460/469 - loss 0.01565878 - samples/sec: 208.48 - lr: 0.001563
2022-05-20 04:01:57,974 ----------------------------------------------------------------------------------------------------
2022-05-20 04:01:57,974 EPOCH 44 done: loss 0.0157 - lr 0.001563
2022-05-20 04:02:17,608 Evaluating as a multi-label problem: False
2022-05-20 04:02:17,647 DEV : loss 0.027047518640756607 - f1-score (micro avg)  0.9593
2022-05-20 04:02:17,930 Epoch    44: reducing learning rate of group 0 to 7.8125e-04.
2022-05-20 04:02:17,930 BAD EPOCHS (no improvement): 4
2022-05-20 04:02:17,932 ----------------------------------------------------------------------------------------------------
2022-05-20 04:02:25,214 epoch 45 - iter 46/469 - loss 0.01468514 - samples/sec: 202.28 - lr: 0.000781
2022-05-20 04:02:31,694 epoch 45 - iter 92/469 - loss 0.01555184 - samples/sec: 227.34 - lr: 0.000781
2022-05-20 04:02:38,489 epoch 45 - iter 138/469 - loss 0.01461230 - samples/sec: 216.78 - lr: 0.000781
2022-05-20 04:02:45,998 epoch 45 - iter 184/469 - loss 0.01528844 - samples/sec: 196.14 - lr: 0.000781
2022-05-20 04:02:52,857 epoch 45 - iter 230/469 - loss 0.01554271 - samples/sec: 214.74 - lr: 0.000781
2022-05-20 04:03:00,059 epoch 45 - iter 276/469 - loss 0.01545809 - samples/sec: 204.51 - lr: 0.000781
2022-05-20 04:03:07,019 epoch 45 - iter 322/469 - loss 0.01541260 - samples/sec: 211.59 - lr: 0.000781
2022-05-20 04:03:14,278 epoch 45 - iter 368/469 - loss 0.01531575 - samples/sec: 202.90 - lr: 0.000781
2022-05-20 04:03:21,389 epoch 45 - iter 414/469 - loss 0.01519858 - samples/sec: 207.16 - lr: 0.000781
2022-05-20 04:03:28,444 epoch 45 - iter 460/469 - loss 0.01504248 - samples/sec: 208.79 - lr: 0.000781
2022-05-20 04:03:29,686 ----------------------------------------------------------------------------------------------------
2022-05-20 04:03:29,686 EPOCH 45 done: loss 0.0150 - lr 0.000781
2022-05-20 04:03:49,305 Evaluating as a multi-label problem: False
2022-05-20 04:03:49,344 DEV : loss 0.027108555659651756 - f1-score (micro avg)  0.9591
2022-05-20 04:03:49,632 BAD EPOCHS (no improvement): 1
2022-05-20 04:03:49,634 ----------------------------------------------------------------------------------------------------
2022-05-20 04:03:56,931 epoch 46 - iter 46/469 - loss 0.01485602 - samples/sec: 201.87 - lr: 0.000781
2022-05-20 04:04:04,272 epoch 46 - iter 92/469 - loss 0.01605453 - samples/sec: 200.64 - lr: 0.000781
2022-05-20 04:04:11,224 epoch 46 - iter 138/469 - loss 0.01621154 - samples/sec: 211.89 - lr: 0.000781
2022-05-20 04:04:18,415 epoch 46 - iter 184/469 - loss 0.01595017 - samples/sec: 204.83 - lr: 0.000781
2022-05-20 04:04:25,280 epoch 46 - iter 230/469 - loss 0.01535318 - samples/sec: 214.56 - lr: 0.000781
2022-05-20 04:04:32,106 epoch 46 - iter 276/469 - loss 0.01539042 - samples/sec: 215.74 - lr: 0.000781
2022-05-20 04:04:39,220 epoch 46 - iter 322/469 - loss 0.01572150 - samples/sec: 207.04 - lr: 0.000781
2022-05-20 04:04:46,104 epoch 46 - iter 368/469 - loss 0.01574885 - samples/sec: 213.95 - lr: 0.000781
2022-05-20 04:04:52,738 epoch 46 - iter 414/469 - loss 0.01566267 - samples/sec: 222.05 - lr: 0.000781
2022-05-20 04:04:59,964 epoch 46 - iter 460/469 - loss 0.01549443 - samples/sec: 203.84 - lr: 0.000781
2022-05-20 04:05:01,215 ----------------------------------------------------------------------------------------------------
2022-05-20 04:05:01,216 EPOCH 46 done: loss 0.0155 - lr 0.000781
2022-05-20 04:05:20,013 Evaluating as a multi-label problem: False
2022-05-20 04:05:20,052 DEV : loss 0.02713555097579956 - f1-score (micro avg)  0.9596
2022-05-20 04:05:20,337 BAD EPOCHS (no improvement): 2
2022-05-20 04:05:20,339 ----------------------------------------------------------------------------------------------------
2022-05-20 04:05:27,329 epoch 47 - iter 46/469 - loss 0.01430773 - samples/sec: 210.75 - lr: 0.000781
2022-05-20 04:05:34,337 epoch 47 - iter 92/469 - loss 0.01496740 - samples/sec: 210.17 - lr: 0.000781
2022-05-20 04:05:41,305 epoch 47 - iter 138/469 - loss 0.01517107 - samples/sec: 211.39 - lr: 0.000781
2022-05-20 04:05:48,475 epoch 47 - iter 184/469 - loss 0.01533087 - samples/sec: 205.45 - lr: 0.000781
2022-05-20 04:05:55,413 epoch 47 - iter 230/469 - loss 0.01509412 - samples/sec: 212.29 - lr: 0.000781
2022-05-20 04:06:02,461 epoch 47 - iter 276/469 - loss 0.01513739 - samples/sec: 208.96 - lr: 0.000781
2022-05-20 04:06:09,903 epoch 47 - iter 322/469 - loss 0.01507115 - samples/sec: 197.90 - lr: 0.000781
2022-05-20 04:06:16,442 epoch 47 - iter 368/469 - loss 0.01488720 - samples/sec: 225.26 - lr: 0.000781
2022-05-20 04:06:23,212 epoch 47 - iter 414/469 - loss 0.01482660 - samples/sec: 217.59 - lr: 0.000781
2022-05-20 04:06:30,471 epoch 47 - iter 460/469 - loss 0.01474725 - samples/sec: 202.91 - lr: 0.000781
2022-05-20 04:06:31,719 ----------------------------------------------------------------------------------------------------
2022-05-20 04:06:31,719 EPOCH 47 done: loss 0.0147 - lr 0.000781
2022-05-20 04:06:51,320 Evaluating as a multi-label problem: False
2022-05-20 04:06:51,359 DEV : loss 0.02716580592095852 - f1-score (micro avg)  0.9592
2022-05-20 04:06:51,648 BAD EPOCHS (no improvement): 3
2022-05-20 04:06:51,651 ----------------------------------------------------------------------------------------------------
2022-05-20 04:06:58,555 epoch 48 - iter 46/469 - loss 0.01353753 - samples/sec: 213.35 - lr: 0.000781
2022-05-20 04:07:05,580 epoch 48 - iter 92/469 - loss 0.01407254 - samples/sec: 209.67 - lr: 0.000781
2022-05-20 04:07:12,658 epoch 48 - iter 138/469 - loss 0.01487861 - samples/sec: 208.11 - lr: 0.000781
2022-05-20 04:07:19,362 epoch 48 - iter 184/469 - loss 0.01499878 - samples/sec: 219.72 - lr: 0.000781
2022-05-20 04:07:26,519 epoch 48 - iter 230/469 - loss 0.01532475 - samples/sec: 205.81 - lr: 0.000781
2022-05-20 04:07:33,538 epoch 48 - iter 276/469 - loss 0.01529804 - samples/sec: 209.82 - lr: 0.000781
2022-05-20 04:07:40,523 epoch 48 - iter 322/469 - loss 0.01517674 - samples/sec: 210.87 - lr: 0.000781
2022-05-20 04:07:47,778 epoch 48 - iter 368/469 - loss 0.01503600 - samples/sec: 202.99 - lr: 0.000781
2022-05-20 04:07:54,884 epoch 48 - iter 414/469 - loss 0.01506926 - samples/sec: 207.31 - lr: 0.000781
2022-05-20 04:08:01,849 epoch 48 - iter 460/469 - loss 0.01500546 - samples/sec: 211.47 - lr: 0.000781
2022-05-20 04:08:03,157 ----------------------------------------------------------------------------------------------------
2022-05-20 04:08:03,157 EPOCH 48 done: loss 0.0150 - lr 0.000781
2022-05-20 04:08:22,740 Evaluating as a multi-label problem: False
2022-05-20 04:08:22,780 DEV : loss 0.027163496240973473 - f1-score (micro avg)  0.9595
2022-05-20 04:08:23,071 Epoch    48: reducing learning rate of group 0 to 3.9063e-04.
2022-05-20 04:08:23,071 BAD EPOCHS (no improvement): 4
2022-05-20 04:08:23,073 ----------------------------------------------------------------------------------------------------
2022-05-20 04:08:30,100 epoch 49 - iter 46/469 - loss 0.01453629 - samples/sec: 209.64 - lr: 0.000391
2022-05-20 04:08:36,722 epoch 49 - iter 92/469 - loss 0.01394131 - samples/sec: 222.46 - lr: 0.000391
2022-05-20 04:08:43,761 epoch 49 - iter 138/469 - loss 0.01344950 - samples/sec: 209.24 - lr: 0.000391
2022-05-20 04:08:50,786 epoch 49 - iter 184/469 - loss 0.01408731 - samples/sec: 209.68 - lr: 0.000391
2022-05-20 04:08:58,265 epoch 49 - iter 230/469 - loss 0.01424056 - samples/sec: 196.93 - lr: 0.000391
2022-05-20 04:09:05,260 epoch 49 - iter 276/469 - loss 0.01396111 - samples/sec: 210.55 - lr: 0.000391
2022-05-20 04:09:12,226 epoch 49 - iter 322/469 - loss 0.01423618 - samples/sec: 211.45 - lr: 0.000391
2022-05-20 04:09:19,261 epoch 49 - iter 368/469 - loss 0.01449639 - samples/sec: 209.35 - lr: 0.000391
2022-05-20 04:09:26,395 epoch 49 - iter 414/469 - loss 0.01455030 - samples/sec: 206.49 - lr: 0.000391
2022-05-20 04:09:33,565 epoch 49 - iter 460/469 - loss 0.01434005 - samples/sec: 205.44 - lr: 0.000391
2022-05-20 04:09:34,797 ----------------------------------------------------------------------------------------------------
2022-05-20 04:09:34,798 EPOCH 49 done: loss 0.0143 - lr 0.000391
2022-05-20 04:09:54,433 Evaluating as a multi-label problem: False
2022-05-20 04:09:54,472 DEV : loss 0.027175989001989365 - f1-score (micro avg)  0.9597
2022-05-20 04:09:54,761 BAD EPOCHS (no improvement): 1
2022-05-20 04:09:54,764 ----------------------------------------------------------------------------------------------------
2022-05-20 04:10:01,628 epoch 50 - iter 46/469 - loss 0.01439109 - samples/sec: 214.59 - lr: 0.000391
2022-05-20 04:10:08,532 epoch 50 - iter 92/469 - loss 0.01428932 - samples/sec: 213.38 - lr: 0.000391
2022-05-20 04:10:15,377 epoch 50 - iter 138/469 - loss 0.01496110 - samples/sec: 215.19 - lr: 0.000391
2022-05-20 04:10:22,847 epoch 50 - iter 184/469 - loss 0.01543217 - samples/sec: 197.19 - lr: 0.000391
2022-05-20 04:10:29,862 epoch 50 - iter 230/469 - loss 0.01489225 - samples/sec: 209.94 - lr: 0.000391
2022-05-20 04:10:36,946 epoch 50 - iter 276/469 - loss 0.01504597 - samples/sec: 207.90 - lr: 0.000391
2022-05-20 04:10:44,033 epoch 50 - iter 322/469 - loss 0.01503825 - samples/sec: 207.82 - lr: 0.000391
2022-05-20 04:10:51,034 epoch 50 - iter 368/469 - loss 0.01521438 - samples/sec: 210.37 - lr: 0.000391
2022-05-20 04:10:58,037 epoch 50 - iter 414/469 - loss 0.01513175 - samples/sec: 210.36 - lr: 0.000391
2022-05-20 04:11:05,086 epoch 50 - iter 460/469 - loss 0.01523809 - samples/sec: 208.95 - lr: 0.000391
2022-05-20 04:11:06,428 ----------------------------------------------------------------------------------------------------
2022-05-20 04:11:06,428 EPOCH 50 done: loss 0.0152 - lr 0.000391
2022-05-20 04:11:26,078 Evaluating as a multi-label problem: False
2022-05-20 04:11:26,117 DEV : loss 0.027166984975337982 - f1-score (micro avg)  0.9597
2022-05-20 04:11:26,406 BAD EPOCHS (no improvement): 2
2022-05-20 04:11:26,409 ----------------------------------------------------------------------------------------------------
2022-05-20 04:11:33,419 epoch 51 - iter 46/469 - loss 0.01522291 - samples/sec: 210.13 - lr: 0.000391
2022-05-20 04:11:40,511 epoch 51 - iter 92/469 - loss 0.01430240 - samples/sec: 207.72 - lr: 0.000391
2022-05-20 04:11:47,701 epoch 51 - iter 138/469 - loss 0.01449595 - samples/sec: 204.84 - lr: 0.000391
2022-05-20 04:11:54,532 epoch 51 - iter 184/469 - loss 0.01414520 - samples/sec: 215.65 - lr: 0.000391
2022-05-20 04:12:01,398 epoch 51 - iter 230/469 - loss 0.01451081 - samples/sec: 214.51 - lr: 0.000391
2022-05-20 04:12:08,519 epoch 51 - iter 276/469 - loss 0.01437643 - samples/sec: 206.83 - lr: 0.000391
2022-05-20 04:12:15,802 epoch 51 - iter 322/469 - loss 0.01446119 - samples/sec: 202.21 - lr: 0.000391
2022-05-20 04:12:22,665 epoch 51 - iter 368/469 - loss 0.01462909 - samples/sec: 214.67 - lr: 0.000391
2022-05-20 04:12:29,766 epoch 51 - iter 414/469 - loss 0.01462788 - samples/sec: 207.43 - lr: 0.000391
2022-05-20 04:12:36,830 epoch 51 - iter 460/469 - loss 0.01476516 - samples/sec: 208.54 - lr: 0.000391
2022-05-20 04:12:38,033 ----------------------------------------------------------------------------------------------------
2022-05-20 04:12:38,033 EPOCH 51 done: loss 0.0147 - lr 0.000391
2022-05-20 04:12:57,653 Evaluating as a multi-label problem: False
2022-05-20 04:12:57,693 DEV : loss 0.027157694101333618 - f1-score (micro avg)  0.9597
2022-05-20 04:12:57,983 BAD EPOCHS (no improvement): 3
2022-05-20 04:12:57,986 ----------------------------------------------------------------------------------------------------
2022-05-20 04:13:04,946 epoch 52 - iter 46/469 - loss 0.01267490 - samples/sec: 211.64 - lr: 0.000391
2022-05-20 04:13:12,189 epoch 52 - iter 92/469 - loss 0.01470080 - samples/sec: 203.37 - lr: 0.000391
2022-05-20 04:13:19,366 epoch 52 - iter 138/469 - loss 0.01541187 - samples/sec: 205.23 - lr: 0.000391
2022-05-20 04:13:26,446 epoch 52 - iter 184/469 - loss 0.01489417 - samples/sec: 208.03 - lr: 0.000391
2022-05-20 04:13:37,982 epoch 52 - iter 230/469 - loss 0.01488138 - samples/sec: 127.64 - lr: 0.000391
2022-05-20 04:13:44,904 epoch 52 - iter 276/469 - loss 0.01468541 - samples/sec: 212.79 - lr: 0.000391
2022-05-20 04:13:51,970 epoch 52 - iter 322/469 - loss 0.01497333 - samples/sec: 208.41 - lr: 0.000391
2022-05-20 04:13:58,926 epoch 52 - iter 368/469 - loss 0.01498627 - samples/sec: 211.78 - lr: 0.000391
2022-05-20 04:14:05,974 epoch 52 - iter 414/469 - loss 0.01490374 - samples/sec: 208.97 - lr: 0.000391
2022-05-20 04:14:12,955 epoch 52 - iter 460/469 - loss 0.01489370 - samples/sec: 211.01 - lr: 0.000391
2022-05-20 04:14:14,181 ----------------------------------------------------------------------------------------------------
2022-05-20 04:14:14,181 EPOCH 52 done: loss 0.0149 - lr 0.000391
2022-05-20 04:14:33,832 Evaluating as a multi-label problem: False
2022-05-20 04:14:33,871 DEV : loss 0.027169745415449142 - f1-score (micro avg)  0.9597
2022-05-20 04:14:34,158 Epoch    52: reducing learning rate of group 0 to 1.9531e-04.
2022-05-20 04:14:34,158 BAD EPOCHS (no improvement): 4
2022-05-20 04:14:34,160 ----------------------------------------------------------------------------------------------------
2022-05-20 04:14:41,576 epoch 53 - iter 46/469 - loss 0.01447042 - samples/sec: 198.65 - lr: 0.000195
2022-05-20 04:14:48,780 epoch 53 - iter 92/469 - loss 0.01501157 - samples/sec: 204.46 - lr: 0.000195
2022-05-20 04:14:55,936 epoch 53 - iter 138/469 - loss 0.01575667 - samples/sec: 205.84 - lr: 0.000195
2022-05-20 04:15:02,904 epoch 53 - iter 184/469 - loss 0.01567716 - samples/sec: 211.37 - lr: 0.000195
2022-05-20 04:15:10,312 epoch 53 - iter 230/469 - loss 0.01566464 - samples/sec: 198.83 - lr: 0.000195
2022-05-20 04:15:17,267 epoch 53 - iter 276/469 - loss 0.01579855 - samples/sec: 211.76 - lr: 0.000195
2022-05-20 04:15:24,363 epoch 53 - iter 322/469 - loss 0.01558445 - samples/sec: 207.55 - lr: 0.000195
2022-05-20 04:15:31,330 epoch 53 - iter 368/469 - loss 0.01550346 - samples/sec: 211.43 - lr: 0.000195
2022-05-20 04:15:37,935 epoch 53 - iter 414/469 - loss 0.01550901 - samples/sec: 223.04 - lr: 0.000195
2022-05-20 04:15:44,825 epoch 53 - iter 460/469 - loss 0.01533034 - samples/sec: 213.78 - lr: 0.000195
2022-05-20 04:15:46,145 ----------------------------------------------------------------------------------------------------
2022-05-20 04:15:46,145 EPOCH 53 done: loss 0.0153 - lr 0.000195
2022-05-20 04:16:05,782 Evaluating as a multi-label problem: False
2022-05-20 04:16:05,821 DEV : loss 0.027157703414559364 - f1-score (micro avg)  0.96
2022-05-20 04:16:06,110 BAD EPOCHS (no improvement): 1
2022-05-20 04:16:06,112 ----------------------------------------------------------------------------------------------------
2022-05-20 04:16:13,167 epoch 54 - iter 46/469 - loss 0.01601656 - samples/sec: 208.80 - lr: 0.000195
2022-05-20 04:16:19,862 epoch 54 - iter 92/469 - loss 0.01515659 - samples/sec: 220.02 - lr: 0.000195
2022-05-20 04:16:26,712 epoch 54 - iter 138/469 - loss 0.01568661 - samples/sec: 215.04 - lr: 0.000195
2022-05-20 04:16:33,708 epoch 54 - iter 184/469 - loss 0.01508966 - samples/sec: 210.55 - lr: 0.000195
2022-05-20 04:16:40,639 epoch 54 - iter 230/469 - loss 0.01492869 - samples/sec: 212.50 - lr: 0.000195
2022-05-20 04:16:48,079 epoch 54 - iter 276/469 - loss 0.01498574 - samples/sec: 197.96 - lr: 0.000195
2022-05-20 04:16:55,185 epoch 54 - iter 322/469 - loss 0.01481312 - samples/sec: 207.25 - lr: 0.000195
2022-05-20 04:17:02,473 epoch 54 - iter 368/469 - loss 0.01448648 - samples/sec: 202.10 - lr: 0.000195
2022-05-20 04:17:09,619 epoch 54 - iter 414/469 - loss 0.01432569 - samples/sec: 206.11 - lr: 0.000195
2022-05-20 04:17:16,583 epoch 54 - iter 460/469 - loss 0.01443923 - samples/sec: 211.52 - lr: 0.000195
2022-05-20 04:17:17,848 ----------------------------------------------------------------------------------------------------
2022-05-20 04:17:17,848 EPOCH 54 done: loss 0.0144 - lr 0.000195
2022-05-20 04:17:37,292 Evaluating as a multi-label problem: False
2022-05-20 04:17:37,332 DEV : loss 0.02715606987476349 - f1-score (micro avg)  0.96
2022-05-20 04:17:37,616 BAD EPOCHS (no improvement): 2
2022-05-20 04:17:37,618 ----------------------------------------------------------------------------------------------------
2022-05-20 04:17:44,861 epoch 55 - iter 46/469 - loss 0.01388351 - samples/sec: 203.36 - lr: 0.000195
2022-05-20 04:17:51,837 epoch 55 - iter 92/469 - loss 0.01489143 - samples/sec: 211.15 - lr: 0.000195
2022-05-20 04:17:59,008 epoch 55 - iter 138/469 - loss 0.01494668 - samples/sec: 205.40 - lr: 0.000195
2022-05-20 04:18:05,840 epoch 55 - iter 184/469 - loss 0.01561091 - samples/sec: 215.63 - lr: 0.000195
2022-05-20 04:18:12,768 epoch 55 - iter 230/469 - loss 0.01513345 - samples/sec: 212.59 - lr: 0.000195
2022-05-20 04:18:19,882 epoch 55 - iter 276/469 - loss 0.01521118 - samples/sec: 207.05 - lr: 0.000195
2022-05-20 04:18:26,801 epoch 55 - iter 322/469 - loss 0.01541621 - samples/sec: 212.85 - lr: 0.000195
2022-05-20 04:18:33,712 epoch 55 - iter 368/469 - loss 0.01516902 - samples/sec: 213.12 - lr: 0.000195
2022-05-20 04:18:40,691 epoch 55 - iter 414/469 - loss 0.01521978 - samples/sec: 211.05 - lr: 0.000195
2022-05-20 04:18:47,715 epoch 55 - iter 460/469 - loss 0.01520688 - samples/sec: 209.67 - lr: 0.000195
2022-05-20 04:18:49,032 ----------------------------------------------------------------------------------------------------
2022-05-20 04:18:49,033 EPOCH 55 done: loss 0.0151 - lr 0.000195
2022-05-20 04:19:08,638 Evaluating as a multi-label problem: False
2022-05-20 04:19:08,677 DEV : loss 0.02716832049190998 - f1-score (micro avg)  0.96
2022-05-20 04:19:08,960 BAD EPOCHS (no improvement): 3
2022-05-20 04:19:08,962 ----------------------------------------------------------------------------------------------------
2022-05-20 04:19:15,985 epoch 56 - iter 46/469 - loss 0.01207143 - samples/sec: 209.77 - lr: 0.000195
2022-05-20 04:19:22,986 epoch 56 - iter 92/469 - loss 0.01488662 - samples/sec: 210.41 - lr: 0.000195
2022-05-20 04:19:29,746 epoch 56 - iter 138/469 - loss 0.01494310 - samples/sec: 217.88 - lr: 0.000195
2022-05-20 04:19:36,534 epoch 56 - iter 184/469 - loss 0.01474470 - samples/sec: 216.98 - lr: 0.000195
2022-05-20 04:19:43,943 epoch 56 - iter 230/469 - loss 0.01492901 - samples/sec: 198.79 - lr: 0.000195
2022-05-20 04:19:51,101 epoch 56 - iter 276/469 - loss 0.01482915 - samples/sec: 205.79 - lr: 0.000195
2022-05-20 04:19:58,508 epoch 56 - iter 322/469 - loss 0.01458437 - samples/sec: 198.86 - lr: 0.000195
2022-05-20 04:20:05,285 epoch 56 - iter 368/469 - loss 0.01464346 - samples/sec: 217.35 - lr: 0.000195
2022-05-20 04:20:12,612 epoch 56 - iter 414/469 - loss 0.01464005 - samples/sec: 201.01 - lr: 0.000195
2022-05-20 04:20:19,427 epoch 56 - iter 460/469 - loss 0.01468530 - samples/sec: 216.12 - lr: 0.000195
2022-05-20 04:20:20,662 ----------------------------------------------------------------------------------------------------
2022-05-20 04:20:20,662 EPOCH 56 done: loss 0.0147 - lr 0.000195
2022-05-20 04:20:40,116 Evaluating as a multi-label problem: False
2022-05-20 04:20:40,156 DEV : loss 0.027167903259396553 - f1-score (micro avg)  0.96
2022-05-20 04:20:40,442 Epoch    56: reducing learning rate of group 0 to 9.7656e-05.
2022-05-20 04:20:40,442 BAD EPOCHS (no improvement): 4
2022-05-20 04:20:40,445 ----------------------------------------------------------------------------------------------------
2022-05-20 04:20:40,445 ----------------------------------------------------------------------------------------------------
2022-05-20 04:20:40,445 learning rate too small - quitting training!
2022-05-20 04:20:40,445 ----------------------------------------------------------------------------------------------------
2022-05-20 04:21:23,661 ----------------------------------------------------------------------------------------------------
2022-05-20 04:21:23,662 loading file resources/taggers/model_07_r11_run_3/best-model.pt
2022-05-20 04:21:57,648 SequenceTagger predicts: Dictionary with 19 tags: O, S-LOC, B-LOC, E-LOC, I-LOC, S-PER, B-PER, E-PER, I-PER, S-ORG, B-ORG, E-ORG, I-ORG, S-MISC, B-MISC, E-MISC, I-MISC, <START>, <STOP>
2022-05-20 04:22:30,708 Evaluating as a multi-label problem: False
2022-05-20 04:22:30,746 0.9251	0.9292	0.9271	0.8907
2022-05-20 04:22:30,746 
Results:
- F-score (micro) 0.9271
- F-score (macro) 0.9134
- Accuracy 0.8907

By class:
              precision    recall  f1-score   support

         ORG     0.9095    0.9193    0.9144      1661
         LOC     0.9383    0.9394    0.9389      1668
         PER     0.9739    0.9685    0.9712      1617
        MISC     0.8212    0.8376    0.8293       702

   micro avg     0.9251    0.9292    0.9271      5648
   macro avg     0.9107    0.9162    0.9134      5648
weighted avg     0.9255    0.9292    0.9273      5648

2022-05-20 04:22:30,746 ----------------------------------------------------------------------------------------------------
