2022-04-28 21:30:33,808 ----------------------------------------------------------------------------------------------------
2022-04-28 21:30:33,808 Model: "SequenceTagger(
  (embeddings): StackedEmbeddings(
    (list_embedding_0): GazetteerEmbeddings()
    (list_embedding_1): FlairEmbeddings(
      (lm): LanguageModel(
        (drop): Dropout(p=0.05, inplace=False)
        (encoder): Embedding(300, 100)
        (rnn): LSTM(100, 2048)
        (decoder): Linear(in_features=2048, out_features=300, bias=True)
      )
    )
    (list_embedding_2): FlairEmbeddings(
      (lm): LanguageModel(
        (drop): Dropout(p=0.05, inplace=False)
        (encoder): Embedding(300, 100)
        (rnn): LSTM(100, 2048)
        (decoder): Linear(in_features=2048, out_features=300, bias=True)
      )
    )
  )
  (word_dropout): WordDropout(p=0.05)
  (locked_dropout): LockedDropout(p=0.5)
  (embedding2nn): Linear(in_features=4972, out_features=4972, bias=True)
  (rnn): LSTM(4972, 256, batch_first=True, bidirectional=True)
  (linear): Linear(in_features=512, out_features=27, bias=True)
  (loss_function): ViterbiLoss()
  (crf): CRF()
)"
2022-04-28 21:30:33,808 ----------------------------------------------------------------------------------------------------
2022-04-28 21:30:33,808 Corpus: "Corpus: 3394 train + 1009 dev + 1287 test sentences"
2022-04-28 21:30:33,808 ----------------------------------------------------------------------------------------------------
2022-04-28 21:30:33,808 Parameters:
2022-04-28 21:30:33,808  - learning_rate: "0.100000"
2022-04-28 21:30:33,808  - mini_batch_size: "32"
2022-04-28 21:30:33,808  - patience: "3"
2022-04-28 21:30:33,808  - anneal_factor: "0.5"
2022-04-28 21:30:33,809  - max_epochs: "150"
2022-04-28 21:30:33,809  - shuffle: "True"
2022-04-28 21:30:33,809  - train_with_dev: "False"
2022-04-28 21:30:33,809  - batch_growth_annealing: "False"
2022-04-28 21:30:33,809 ----------------------------------------------------------------------------------------------------
2022-04-28 21:30:33,809 Model training base path: "resources/taggers/model_03_r5_run_3"
2022-04-28 21:30:33,809 ----------------------------------------------------------------------------------------------------
2022-04-28 21:30:33,809 Device: cuda:0
2022-04-28 21:30:33,809 ----------------------------------------------------------------------------------------------------
2022-04-28 21:30:33,809 Embeddings storage mode: cpu
2022-04-28 21:30:33,809 ----------------------------------------------------------------------------------------------------
2022-04-28 21:30:37,497 epoch 1 - iter 10/107 - loss 0.97220363 - samples/sec: 86.79 - lr: 0.100000
2022-04-28 21:30:41,287 epoch 1 - iter 20/107 - loss 0.62208307 - samples/sec: 84.45 - lr: 0.100000
2022-04-28 21:30:44,941 epoch 1 - iter 30/107 - loss 0.50669019 - samples/sec: 87.61 - lr: 0.100000
2022-04-28 21:30:48,513 epoch 1 - iter 40/107 - loss 0.44318192 - samples/sec: 89.61 - lr: 0.100000
2022-04-28 21:30:51,813 epoch 1 - iter 50/107 - loss 0.39478817 - samples/sec: 96.99 - lr: 0.100000
2022-04-28 21:30:54,962 epoch 1 - iter 60/107 - loss 0.37596923 - samples/sec: 101.65 - lr: 0.100000
2022-04-28 21:30:58,580 epoch 1 - iter 70/107 - loss 0.36064283 - samples/sec: 88.48 - lr: 0.100000
2022-04-28 21:31:01,879 epoch 1 - iter 80/107 - loss 0.35502464 - samples/sec: 97.03 - lr: 0.100000
2022-04-28 21:31:05,018 epoch 1 - iter 90/107 - loss 0.34966701 - samples/sec: 101.97 - lr: 0.100000
2022-04-28 21:31:08,149 epoch 1 - iter 100/107 - loss 0.34232237 - samples/sec: 102.23 - lr: 0.100000
2022-04-28 21:31:10,001 ----------------------------------------------------------------------------------------------------
2022-04-28 21:31:10,001 EPOCH 1 done: loss 0.3361 - lr 0.100000
2022-04-28 21:31:20,447 Evaluating as a multi-label problem: False
2022-04-28 21:31:20,460 DEV : loss 0.3749813437461853 - f1-score (micro avg)  0.219
2022-04-28 21:31:20,536 BAD EPOCHS (no improvement): 0
2022-04-28 21:31:20,541 saving best model
2022-04-28 21:32:10,994 ----------------------------------------------------------------------------------------------------
2022-04-28 21:32:14,870 epoch 2 - iter 10/107 - loss 0.17794022 - samples/sec: 82.60 - lr: 0.100000
2022-04-28 21:32:18,369 epoch 2 - iter 20/107 - loss 0.21559220 - samples/sec: 91.49 - lr: 0.100000
2022-04-28 21:32:21,823 epoch 2 - iter 30/107 - loss 0.20708399 - samples/sec: 92.67 - lr: 0.100000
2022-04-28 21:32:25,392 epoch 2 - iter 40/107 - loss 0.20223627 - samples/sec: 89.68 - lr: 0.100000
2022-04-28 21:32:28,843 epoch 2 - iter 50/107 - loss 0.20410025 - samples/sec: 92.78 - lr: 0.100000
2022-04-28 21:32:32,478 epoch 2 - iter 60/107 - loss 0.20687988 - samples/sec: 88.04 - lr: 0.100000
2022-04-28 21:32:35,759 epoch 2 - iter 70/107 - loss 0.20492259 - samples/sec: 97.56 - lr: 0.100000
2022-04-28 21:32:39,055 epoch 2 - iter 80/107 - loss 0.20316798 - samples/sec: 97.14 - lr: 0.100000
2022-04-28 21:32:41,966 epoch 2 - iter 90/107 - loss 0.20061980 - samples/sec: 109.95 - lr: 0.100000
2022-04-28 21:32:45,305 epoch 2 - iter 100/107 - loss 0.19989305 - samples/sec: 95.84 - lr: 0.100000
2022-04-28 21:32:47,417 ----------------------------------------------------------------------------------------------------
2022-04-28 21:32:47,417 EPOCH 2 done: loss 0.1958 - lr 0.100000
2022-04-28 21:32:57,949 Evaluating as a multi-label problem: False
2022-04-28 21:32:57,959 DEV : loss 0.3269542455673218 - f1-score (micro avg)  0.333
2022-04-28 21:32:58,033 BAD EPOCHS (no improvement): 0
2022-04-28 21:32:58,035 saving best model
2022-04-28 21:33:47,746 ----------------------------------------------------------------------------------------------------
2022-04-28 21:33:51,025 epoch 3 - iter 10/107 - loss 0.16156156 - samples/sec: 97.63 - lr: 0.100000
2022-04-28 21:33:54,461 epoch 3 - iter 20/107 - loss 0.16223669 - samples/sec: 93.15 - lr: 0.100000
2022-04-28 21:33:57,903 epoch 3 - iter 30/107 - loss 0.16333681 - samples/sec: 93.01 - lr: 0.100000
2022-04-28 21:34:01,319 epoch 3 - iter 40/107 - loss 0.16590586 - samples/sec: 93.71 - lr: 0.100000
2022-04-28 21:34:04,864 epoch 3 - iter 50/107 - loss 0.16335982 - samples/sec: 90.30 - lr: 0.100000
2022-04-28 21:34:08,218 epoch 3 - iter 60/107 - loss 0.16126141 - samples/sec: 95.44 - lr: 0.100000
2022-04-28 21:34:11,750 epoch 3 - iter 70/107 - loss 0.16157013 - samples/sec: 90.61 - lr: 0.100000
2022-04-28 21:34:15,251 epoch 3 - iter 80/107 - loss 0.16770806 - samples/sec: 91.43 - lr: 0.100000
2022-04-28 21:34:18,808 epoch 3 - iter 90/107 - loss 0.16972577 - samples/sec: 89.99 - lr: 0.100000
2022-04-28 21:34:22,284 epoch 3 - iter 100/107 - loss 0.16841811 - samples/sec: 92.08 - lr: 0.100000
2022-04-28 21:34:24,266 ----------------------------------------------------------------------------------------------------
2022-04-28 21:34:24,267 EPOCH 3 done: loss 0.1654 - lr 0.100000
2022-04-28 21:34:33,787 Evaluating as a multi-label problem: False
2022-04-28 21:34:33,798 DEV : loss 0.26936089992523193 - f1-score (micro avg)  0.4634
2022-04-28 21:34:33,872 BAD EPOCHS (no improvement): 0
2022-04-28 21:34:33,874 saving best model
2022-04-28 21:35:25,610 ----------------------------------------------------------------------------------------------------
2022-04-28 21:35:28,275 epoch 4 - iter 10/107 - loss 0.15986469 - samples/sec: 120.16 - lr: 0.100000
2022-04-28 21:35:31,103 epoch 4 - iter 20/107 - loss 0.14728825 - samples/sec: 113.23 - lr: 0.100000
2022-04-28 21:35:33,923 epoch 4 - iter 30/107 - loss 0.15289474 - samples/sec: 113.53 - lr: 0.100000
2022-04-28 21:35:36,749 epoch 4 - iter 40/107 - loss 0.15319262 - samples/sec: 113.25 - lr: 0.100000
2022-04-28 21:35:39,467 epoch 4 - iter 50/107 - loss 0.15147225 - samples/sec: 117.80 - lr: 0.100000
2022-04-28 21:35:42,315 epoch 4 - iter 60/107 - loss 0.14409703 - samples/sec: 112.40 - lr: 0.100000
2022-04-28 21:35:45,177 epoch 4 - iter 70/107 - loss 0.14568602 - samples/sec: 111.87 - lr: 0.100000
2022-04-28 21:35:47,801 epoch 4 - iter 80/107 - loss 0.14386980 - samples/sec: 121.97 - lr: 0.100000
2022-04-28 21:35:53,150 epoch 4 - iter 90/107 - loss 0.14603802 - samples/sec: 59.84 - lr: 0.100000
2022-04-28 21:35:59,665 epoch 4 - iter 100/107 - loss 0.14594241 - samples/sec: 49.12 - lr: 0.100000
2022-04-28 21:36:03,049 ----------------------------------------------------------------------------------------------------
2022-04-28 21:36:03,050 EPOCH 4 done: loss 0.1447 - lr 0.100000
2022-04-28 21:36:13,271 Evaluating as a multi-label problem: False
2022-04-28 21:36:13,281 DEV : loss 0.309387743473053 - f1-score (micro avg)  0.3359
2022-04-28 21:36:13,356 BAD EPOCHS (no improvement): 1
2022-04-28 21:36:13,367 ----------------------------------------------------------------------------------------------------
2022-04-28 21:36:16,058 epoch 5 - iter 10/107 - loss 0.15234133 - samples/sec: 119.02 - lr: 0.100000
2022-04-28 21:36:18,700 epoch 5 - iter 20/107 - loss 0.13416541 - samples/sec: 121.15 - lr: 0.100000
2022-04-28 21:36:21,476 epoch 5 - iter 30/107 - loss 0.14317053 - samples/sec: 115.31 - lr: 0.100000
2022-04-28 21:36:24,156 epoch 5 - iter 40/107 - loss 0.14225015 - samples/sec: 119.43 - lr: 0.100000
2022-04-28 21:36:26,923 epoch 5 - iter 50/107 - loss 0.13881366 - samples/sec: 115.70 - lr: 0.100000
2022-04-28 21:36:29,669 epoch 5 - iter 60/107 - loss 0.13639407 - samples/sec: 116.57 - lr: 0.100000
2022-04-28 21:36:32,379 epoch 5 - iter 70/107 - loss 0.13699833 - samples/sec: 118.14 - lr: 0.100000
2022-04-28 21:36:35,050 epoch 5 - iter 80/107 - loss 0.13679356 - samples/sec: 119.84 - lr: 0.100000
2022-04-28 21:36:37,814 epoch 5 - iter 90/107 - loss 0.13447991 - samples/sec: 115.83 - lr: 0.100000
2022-04-28 21:36:40,554 epoch 5 - iter 100/107 - loss 0.13319584 - samples/sec: 116.83 - lr: 0.100000
2022-04-28 21:36:42,227 ----------------------------------------------------------------------------------------------------
2022-04-28 21:36:42,227 EPOCH 5 done: loss 0.1317 - lr 0.100000
2022-04-28 21:36:50,646 Evaluating as a multi-label problem: False
2022-04-28 21:36:50,656 DEV : loss 0.2908262610435486 - f1-score (micro avg)  0.3563
2022-04-28 21:36:50,732 BAD EPOCHS (no improvement): 2
2022-04-28 21:36:50,735 ----------------------------------------------------------------------------------------------------
2022-04-28 21:36:53,459 epoch 6 - iter 10/107 - loss 0.09710181 - samples/sec: 117.50 - lr: 0.100000
2022-04-28 21:36:56,193 epoch 6 - iter 20/107 - loss 0.10403180 - samples/sec: 117.10 - lr: 0.100000
2022-04-28 21:36:58,895 epoch 6 - iter 30/107 - loss 0.11446020 - samples/sec: 118.45 - lr: 0.100000
2022-04-28 21:37:01,643 epoch 6 - iter 40/107 - loss 0.11691759 - samples/sec: 116.49 - lr: 0.100000
2022-04-28 21:37:04,388 epoch 6 - iter 50/107 - loss 0.11922935 - samples/sec: 116.64 - lr: 0.100000
2022-04-28 21:37:07,128 epoch 6 - iter 60/107 - loss 0.12067700 - samples/sec: 116.80 - lr: 0.100000
2022-04-28 21:37:09,902 epoch 6 - iter 70/107 - loss 0.11778464 - samples/sec: 115.39 - lr: 0.100000
2022-04-28 21:37:12,638 epoch 6 - iter 80/107 - loss 0.11923999 - samples/sec: 117.03 - lr: 0.100000
2022-04-28 21:37:15,382 epoch 6 - iter 90/107 - loss 0.12026800 - samples/sec: 116.65 - lr: 0.100000
2022-04-28 21:37:18,152 epoch 6 - iter 100/107 - loss 0.12216711 - samples/sec: 115.55 - lr: 0.100000
2022-04-28 21:37:19,831 ----------------------------------------------------------------------------------------------------
2022-04-28 21:37:19,831 EPOCH 6 done: loss 0.1225 - lr 0.100000
2022-04-28 21:37:28,243 Evaluating as a multi-label problem: False
2022-04-28 21:37:28,254 DEV : loss 0.22498899698257446 - f1-score (micro avg)  0.4758
2022-04-28 21:37:28,327 BAD EPOCHS (no improvement): 0
2022-04-28 21:37:28,330 saving best model
2022-04-28 21:38:17,516 ----------------------------------------------------------------------------------------------------
2022-04-28 21:38:20,358 epoch 7 - iter 10/107 - loss 0.11102015 - samples/sec: 112.68 - lr: 0.100000
2022-04-28 21:38:23,167 epoch 7 - iter 20/107 - loss 0.11053446 - samples/sec: 113.94 - lr: 0.100000
2022-04-28 21:38:25,969 epoch 7 - iter 30/107 - loss 0.10958636 - samples/sec: 114.26 - lr: 0.100000
2022-04-28 21:38:28,722 epoch 7 - iter 40/107 - loss 0.10365621 - samples/sec: 116.29 - lr: 0.100000
2022-04-28 21:38:31,423 epoch 7 - iter 50/107 - loss 0.10426895 - samples/sec: 118.52 - lr: 0.100000
2022-04-28 21:38:34,146 epoch 7 - iter 60/107 - loss 0.10567123 - samples/sec: 117.53 - lr: 0.100000
2022-04-28 21:38:37,020 epoch 7 - iter 70/107 - loss 0.10574150 - samples/sec: 111.42 - lr: 0.100000
2022-04-28 21:38:39,628 epoch 7 - iter 80/107 - loss 0.10795313 - samples/sec: 122.71 - lr: 0.100000
2022-04-28 21:38:42,328 epoch 7 - iter 90/107 - loss 0.11133488 - samples/sec: 118.60 - lr: 0.100000
2022-04-28 21:38:45,020 epoch 7 - iter 100/107 - loss 0.11102709 - samples/sec: 118.89 - lr: 0.100000
2022-04-28 21:38:46,745 ----------------------------------------------------------------------------------------------------
2022-04-28 21:38:46,745 EPOCH 7 done: loss 0.1110 - lr 0.100000
2022-04-28 21:38:55,084 Evaluating as a multi-label problem: False
2022-04-28 21:38:55,095 DEV : loss 0.2284286767244339 - f1-score (micro avg)  0.4505
2022-04-28 21:38:55,167 BAD EPOCHS (no improvement): 1
2022-04-28 21:38:55,170 ----------------------------------------------------------------------------------------------------
2022-04-28 21:38:57,982 epoch 8 - iter 10/107 - loss 0.10177862 - samples/sec: 113.83 - lr: 0.100000
2022-04-28 21:39:00,750 epoch 8 - iter 20/107 - loss 0.10478351 - samples/sec: 115.67 - lr: 0.100000
2022-04-28 21:39:03,417 epoch 8 - iter 30/107 - loss 0.10498959 - samples/sec: 120.02 - lr: 0.100000
2022-04-28 21:39:06,213 epoch 8 - iter 40/107 - loss 0.10283549 - samples/sec: 114.47 - lr: 0.100000
2022-04-28 21:39:08,838 epoch 8 - iter 50/107 - loss 0.10398504 - samples/sec: 121.96 - lr: 0.100000
2022-04-28 21:39:11,585 epoch 8 - iter 60/107 - loss 0.10462611 - samples/sec: 116.52 - lr: 0.100000
2022-04-28 21:39:14,171 epoch 8 - iter 70/107 - loss 0.10514660 - samples/sec: 123.78 - lr: 0.100000
2022-04-28 21:39:16,782 epoch 8 - iter 80/107 - loss 0.10722366 - samples/sec: 122.61 - lr: 0.100000
2022-04-28 21:39:19,518 epoch 8 - iter 90/107 - loss 0.10508589 - samples/sec: 117.01 - lr: 0.100000
2022-04-28 21:39:22,193 epoch 8 - iter 100/107 - loss 0.10394566 - samples/sec: 119.66 - lr: 0.100000
2022-04-28 21:39:23,923 ----------------------------------------------------------------------------------------------------
2022-04-28 21:39:23,923 EPOCH 8 done: loss 0.1040 - lr 0.100000
2022-04-28 21:39:32,263 Evaluating as a multi-label problem: False
2022-04-28 21:39:32,273 DEV : loss 0.2481599748134613 - f1-score (micro avg)  0.4582
2022-04-28 21:39:32,351 BAD EPOCHS (no improvement): 2
2022-04-28 21:39:32,353 ----------------------------------------------------------------------------------------------------
2022-04-28 21:39:35,144 epoch 9 - iter 10/107 - loss 0.08744847 - samples/sec: 114.71 - lr: 0.100000
2022-04-28 21:39:37,914 epoch 9 - iter 20/107 - loss 0.10181205 - samples/sec: 115.57 - lr: 0.100000
2022-04-28 21:39:40,637 epoch 9 - iter 30/107 - loss 0.10986205 - samples/sec: 117.57 - lr: 0.100000
2022-04-28 21:39:43,358 epoch 9 - iter 40/107 - loss 0.10616071 - samples/sec: 117.63 - lr: 0.100000
2022-04-28 21:39:46,080 epoch 9 - iter 50/107 - loss 0.10619532 - samples/sec: 117.61 - lr: 0.100000
2022-04-28 21:39:48,749 epoch 9 - iter 60/107 - loss 0.10575040 - samples/sec: 119.95 - lr: 0.100000
2022-04-28 21:39:51,374 epoch 9 - iter 70/107 - loss 0.10310535 - samples/sec: 121.94 - lr: 0.100000
2022-04-28 21:39:54,099 epoch 9 - iter 80/107 - loss 0.10246450 - samples/sec: 117.48 - lr: 0.100000
2022-04-28 21:39:56,838 epoch 9 - iter 90/107 - loss 0.10263783 - samples/sec: 116.86 - lr: 0.100000
2022-04-28 21:39:59,657 epoch 9 - iter 100/107 - loss 0.10114997 - samples/sec: 113.54 - lr: 0.100000
2022-04-28 21:40:01,316 ----------------------------------------------------------------------------------------------------
2022-04-28 21:40:01,316 EPOCH 9 done: loss 0.1007 - lr 0.100000
2022-04-28 21:40:09,693 Evaluating as a multi-label problem: False
2022-04-28 21:40:09,704 DEV : loss 0.2105516791343689 - f1-score (micro avg)  0.4653
2022-04-28 21:40:09,776 BAD EPOCHS (no improvement): 3
2022-04-28 21:40:09,778 ----------------------------------------------------------------------------------------------------
2022-04-28 21:40:12,542 epoch 10 - iter 10/107 - loss 0.09260173 - samples/sec: 115.83 - lr: 0.100000
2022-04-28 21:40:15,188 epoch 10 - iter 20/107 - loss 0.08627157 - samples/sec: 120.97 - lr: 0.100000
2022-04-28 21:40:18,037 epoch 10 - iter 30/107 - loss 0.08727205 - samples/sec: 112.37 - lr: 0.100000
2022-04-28 21:40:20,832 epoch 10 - iter 40/107 - loss 0.09019081 - samples/sec: 114.51 - lr: 0.100000
2022-04-28 21:40:23,505 epoch 10 - iter 50/107 - loss 0.09142206 - samples/sec: 119.77 - lr: 0.100000
2022-04-28 21:40:26,162 epoch 10 - iter 60/107 - loss 0.09213514 - samples/sec: 120.49 - lr: 0.100000
2022-04-28 21:40:28,682 epoch 10 - iter 70/107 - loss 0.09140698 - samples/sec: 127.02 - lr: 0.100000
2022-04-28 21:40:31,278 epoch 10 - iter 80/107 - loss 0.09077364 - samples/sec: 123.32 - lr: 0.100000
2022-04-28 21:40:33,809 epoch 10 - iter 90/107 - loss 0.09191998 - samples/sec: 126.48 - lr: 0.100000
2022-04-28 21:40:36,415 epoch 10 - iter 100/107 - loss 0.09205519 - samples/sec: 122.85 - lr: 0.100000
2022-04-28 21:40:38,023 ----------------------------------------------------------------------------------------------------
2022-04-28 21:40:38,024 EPOCH 10 done: loss 0.0920 - lr 0.100000
2022-04-28 21:40:46,358 Evaluating as a multi-label problem: False
2022-04-28 21:40:46,369 DEV : loss 0.19909177720546722 - f1-score (micro avg)  0.4795
2022-04-28 21:40:46,440 BAD EPOCHS (no improvement): 0
2022-04-28 21:40:46,443 saving best model
2022-04-28 21:41:36,394 ----------------------------------------------------------------------------------------------------
2022-04-28 21:41:39,178 epoch 11 - iter 10/107 - loss 0.07573997 - samples/sec: 115.05 - lr: 0.100000
2022-04-28 21:41:41,852 epoch 11 - iter 20/107 - loss 0.08281066 - samples/sec: 119.72 - lr: 0.100000
2022-04-28 21:41:44,716 epoch 11 - iter 30/107 - loss 0.08500724 - samples/sec: 111.76 - lr: 0.100000
2022-04-28 21:41:47,394 epoch 11 - iter 40/107 - loss 0.08432318 - samples/sec: 119.54 - lr: 0.100000
2022-04-28 21:41:50,104 epoch 11 - iter 50/107 - loss 0.08866625 - samples/sec: 118.12 - lr: 0.100000
2022-04-28 21:41:52,926 epoch 11 - iter 60/107 - loss 0.08805586 - samples/sec: 113.45 - lr: 0.100000
2022-04-28 21:41:55,675 epoch 11 - iter 70/107 - loss 0.08636871 - samples/sec: 116.41 - lr: 0.100000
2022-04-28 21:41:58,435 epoch 11 - iter 80/107 - loss 0.08738783 - samples/sec: 115.98 - lr: 0.100000
2022-04-28 21:42:01,079 epoch 11 - iter 90/107 - loss 0.08780196 - samples/sec: 121.09 - lr: 0.100000
2022-04-28 21:42:03,771 epoch 11 - iter 100/107 - loss 0.08763655 - samples/sec: 118.89 - lr: 0.100000
2022-04-28 21:42:05,445 ----------------------------------------------------------------------------------------------------
2022-04-28 21:42:05,445 EPOCH 11 done: loss 0.0876 - lr 0.100000
2022-04-28 21:42:13,878 Evaluating as a multi-label problem: False
2022-04-28 21:42:13,889 DEV : loss 0.2111206203699112 - f1-score (micro avg)  0.4951
2022-04-28 21:42:13,960 BAD EPOCHS (no improvement): 0
2022-04-28 21:42:13,963 saving best model
2022-04-28 21:43:02,931 ----------------------------------------------------------------------------------------------------
2022-04-28 21:43:05,811 epoch 12 - iter 10/107 - loss 0.08423941 - samples/sec: 111.19 - lr: 0.100000
2022-04-28 21:43:08,489 epoch 12 - iter 20/107 - loss 0.08051299 - samples/sec: 119.56 - lr: 0.100000
2022-04-28 21:43:11,145 epoch 12 - iter 30/107 - loss 0.07894752 - samples/sec: 120.53 - lr: 0.100000
2022-04-28 21:43:13,946 epoch 12 - iter 40/107 - loss 0.08178524 - samples/sec: 114.28 - lr: 0.100000
2022-04-28 21:43:16,810 epoch 12 - iter 50/107 - loss 0.08199351 - samples/sec: 111.75 - lr: 0.100000
2022-04-28 21:43:19,448 epoch 12 - iter 60/107 - loss 0.08279886 - samples/sec: 121.35 - lr: 0.100000
2022-04-28 21:43:22,168 epoch 12 - iter 70/107 - loss 0.08279715 - samples/sec: 117.89 - lr: 0.100000
2022-04-28 21:43:24,894 epoch 12 - iter 80/107 - loss 0.08268204 - samples/sec: 117.42 - lr: 0.100000
2022-04-28 21:43:27,639 epoch 12 - iter 90/107 - loss 0.08388540 - samples/sec: 116.64 - lr: 0.100000
2022-04-28 21:43:30,285 epoch 12 - iter 100/107 - loss 0.08137892 - samples/sec: 120.98 - lr: 0.100000
2022-04-28 21:43:31,965 ----------------------------------------------------------------------------------------------------
2022-04-28 21:43:31,965 EPOCH 12 done: loss 0.0812 - lr 0.100000
2022-04-28 21:43:40,344 Evaluating as a multi-label problem: False
2022-04-28 21:43:40,355 DEV : loss 0.20245182514190674 - f1-score (micro avg)  0.4893
2022-04-28 21:43:40,427 BAD EPOCHS (no improvement): 1
2022-04-28 21:43:40,449 ----------------------------------------------------------------------------------------------------
2022-04-28 21:43:43,122 epoch 13 - iter 10/107 - loss 0.08707353 - samples/sec: 119.76 - lr: 0.100000
2022-04-28 21:43:45,744 epoch 13 - iter 20/107 - loss 0.07630972 - samples/sec: 122.11 - lr: 0.100000
2022-04-28 21:43:48,484 epoch 13 - iter 30/107 - loss 0.07793530 - samples/sec: 116.80 - lr: 0.100000
2022-04-28 21:43:51,254 epoch 13 - iter 40/107 - loss 0.07928320 - samples/sec: 115.56 - lr: 0.100000
2022-04-28 21:43:53,977 epoch 13 - iter 50/107 - loss 0.07701569 - samples/sec: 117.57 - lr: 0.100000
2022-04-28 21:43:56,651 epoch 13 - iter 60/107 - loss 0.07729947 - samples/sec: 119.70 - lr: 0.100000
2022-04-28 21:43:59,363 epoch 13 - iter 70/107 - loss 0.07932612 - samples/sec: 118.04 - lr: 0.100000
2022-04-28 21:44:02,121 epoch 13 - iter 80/107 - loss 0.07742812 - samples/sec: 116.08 - lr: 0.100000
2022-04-28 21:44:04,836 epoch 13 - iter 90/107 - loss 0.07630256 - samples/sec: 117.88 - lr: 0.100000
2022-04-28 21:44:07,718 epoch 13 - iter 100/107 - loss 0.07769706 - samples/sec: 111.06 - lr: 0.100000
2022-04-28 21:44:09,342 ----------------------------------------------------------------------------------------------------
2022-04-28 21:44:09,342 EPOCH 13 done: loss 0.0769 - lr 0.100000
2022-04-28 21:44:17,564 Evaluating as a multi-label problem: False
2022-04-28 21:44:17,574 DEV : loss 0.23056089878082275 - f1-score (micro avg)  0.4516
2022-04-28 21:44:17,649 BAD EPOCHS (no improvement): 2
2022-04-28 21:44:17,652 ----------------------------------------------------------------------------------------------------
2022-04-28 21:44:20,431 epoch 14 - iter 10/107 - loss 0.06946741 - samples/sec: 115.18 - lr: 0.100000
2022-04-28 21:44:23,050 epoch 14 - iter 20/107 - loss 0.07396078 - samples/sec: 122.26 - lr: 0.100000
2022-04-28 21:44:25,857 epoch 14 - iter 30/107 - loss 0.07046053 - samples/sec: 114.06 - lr: 0.100000
2022-04-28 21:44:28,458 epoch 14 - iter 40/107 - loss 0.07254311 - samples/sec: 123.06 - lr: 0.100000
2022-04-28 21:44:31,171 epoch 14 - iter 50/107 - loss 0.06940950 - samples/sec: 117.99 - lr: 0.100000
2022-04-28 21:44:33,883 epoch 14 - iter 60/107 - loss 0.06965636 - samples/sec: 118.05 - lr: 0.100000
2022-04-28 21:44:36,595 epoch 14 - iter 70/107 - loss 0.07041871 - samples/sec: 118.02 - lr: 0.100000
2022-04-28 21:44:39,343 epoch 14 - iter 80/107 - loss 0.07187881 - samples/sec: 116.50 - lr: 0.100000
2022-04-28 21:44:42,165 epoch 14 - iter 90/107 - loss 0.07372173 - samples/sec: 113.41 - lr: 0.100000
2022-04-28 21:44:44,846 epoch 14 - iter 100/107 - loss 0.07311269 - samples/sec: 119.39 - lr: 0.100000
2022-04-28 21:44:46,464 ----------------------------------------------------------------------------------------------------
2022-04-28 21:44:46,465 EPOCH 14 done: loss 0.0725 - lr 0.100000
2022-04-28 21:44:54,713 Evaluating as a multi-label problem: False
2022-04-28 21:44:54,724 DEV : loss 0.21394146978855133 - f1-score (micro avg)  0.4949
2022-04-28 21:44:54,796 BAD EPOCHS (no improvement): 3
2022-04-28 21:44:54,799 ----------------------------------------------------------------------------------------------------
2022-04-28 21:44:57,502 epoch 15 - iter 10/107 - loss 0.07000236 - samples/sec: 118.44 - lr: 0.100000
2022-04-28 21:45:00,160 epoch 15 - iter 20/107 - loss 0.07296828 - samples/sec: 120.43 - lr: 0.100000
2022-04-28 21:45:02,800 epoch 15 - iter 30/107 - loss 0.07516988 - samples/sec: 121.22 - lr: 0.100000
2022-04-28 21:45:05,509 epoch 15 - iter 40/107 - loss 0.07566359 - samples/sec: 118.19 - lr: 0.100000
2022-04-28 21:45:08,210 epoch 15 - iter 50/107 - loss 0.07531183 - samples/sec: 118.49 - lr: 0.100000
2022-04-28 21:45:10,897 epoch 15 - iter 60/107 - loss 0.07437905 - samples/sec: 119.14 - lr: 0.100000
2022-04-28 21:45:13,607 epoch 15 - iter 70/107 - loss 0.07486861 - samples/sec: 118.14 - lr: 0.100000
2022-04-28 21:45:16,435 epoch 15 - iter 80/107 - loss 0.07373662 - samples/sec: 113.21 - lr: 0.100000
2022-04-28 21:45:19,184 epoch 15 - iter 90/107 - loss 0.07463273 - samples/sec: 116.43 - lr: 0.100000
2022-04-28 21:45:21,851 epoch 15 - iter 100/107 - loss 0.07383105 - samples/sec: 120.05 - lr: 0.100000
2022-04-28 21:45:23,391 ----------------------------------------------------------------------------------------------------
2022-04-28 21:45:23,391 EPOCH 15 done: loss 0.0740 - lr 0.100000
2022-04-28 21:45:31,745 Evaluating as a multi-label problem: False
2022-04-28 21:45:31,756 DEV : loss 0.2191152125597 - f1-score (micro avg)  0.4647
2022-04-28 21:45:31,829 Epoch    15: reducing learning rate of group 0 to 5.0000e-02.
2022-04-28 21:45:31,829 BAD EPOCHS (no improvement): 4
2022-04-28 21:45:31,832 ----------------------------------------------------------------------------------------------------
2022-04-28 21:45:34,516 epoch 16 - iter 10/107 - loss 0.06142346 - samples/sec: 119.28 - lr: 0.050000
2022-04-28 21:45:37,246 epoch 16 - iter 20/107 - loss 0.06152838 - samples/sec: 117.26 - lr: 0.050000
2022-04-28 21:45:40,002 epoch 16 - iter 30/107 - loss 0.06501438 - samples/sec: 116.17 - lr: 0.050000
2022-04-28 21:45:42,595 epoch 16 - iter 40/107 - loss 0.06359386 - samples/sec: 123.43 - lr: 0.050000
2022-04-28 21:45:45,151 epoch 16 - iter 50/107 - loss 0.06364489 - samples/sec: 125.25 - lr: 0.050000
2022-04-28 21:45:47,606 epoch 16 - iter 60/107 - loss 0.06291420 - samples/sec: 130.38 - lr: 0.050000
2022-04-28 21:45:50,111 epoch 16 - iter 70/107 - loss 0.06189168 - samples/sec: 127.82 - lr: 0.050000
2022-04-28 21:45:52,859 epoch 16 - iter 80/107 - loss 0.06133645 - samples/sec: 116.46 - lr: 0.050000
2022-04-28 21:45:55,473 epoch 16 - iter 90/107 - loss 0.06135968 - samples/sec: 122.46 - lr: 0.050000
2022-04-28 21:45:57,972 epoch 16 - iter 100/107 - loss 0.06058874 - samples/sec: 128.09 - lr: 0.050000
2022-04-28 21:45:59,567 ----------------------------------------------------------------------------------------------------
2022-04-28 21:45:59,567 EPOCH 16 done: loss 0.0615 - lr 0.050000
2022-04-28 21:46:07,897 Evaluating as a multi-label problem: False
2022-04-28 21:46:07,907 DEV : loss 0.2000717967748642 - f1-score (micro avg)  0.513
2022-04-28 21:46:07,978 BAD EPOCHS (no improvement): 0
2022-04-28 21:46:07,981 saving best model
2022-04-28 21:46:57,784 ----------------------------------------------------------------------------------------------------
2022-04-28 21:47:00,439 epoch 17 - iter 10/107 - loss 0.05879657 - samples/sec: 120.61 - lr: 0.050000
2022-04-28 21:47:03,262 epoch 17 - iter 20/107 - loss 0.05779327 - samples/sec: 113.40 - lr: 0.050000
2022-04-28 21:47:06,006 epoch 17 - iter 30/107 - loss 0.05625821 - samples/sec: 116.65 - lr: 0.050000
2022-04-28 21:47:08,847 epoch 17 - iter 40/107 - loss 0.05737450 - samples/sec: 112.67 - lr: 0.050000
2022-04-28 21:47:11,583 epoch 17 - iter 50/107 - loss 0.05957417 - samples/sec: 117.02 - lr: 0.050000
2022-04-28 21:47:14,280 epoch 17 - iter 60/107 - loss 0.05980427 - samples/sec: 118.69 - lr: 0.050000
2022-04-28 21:47:16,940 epoch 17 - iter 70/107 - loss 0.06033180 - samples/sec: 120.36 - lr: 0.050000
2022-04-28 21:47:19,515 epoch 17 - iter 80/107 - loss 0.05911394 - samples/sec: 124.32 - lr: 0.050000
2022-04-28 21:47:22,202 epoch 17 - iter 90/107 - loss 0.05995492 - samples/sec: 119.12 - lr: 0.050000
2022-04-28 21:47:24,865 epoch 17 - iter 100/107 - loss 0.05996896 - samples/sec: 120.24 - lr: 0.050000
2022-04-28 21:47:26,546 ----------------------------------------------------------------------------------------------------
2022-04-28 21:47:26,547 EPOCH 17 done: loss 0.0589 - lr 0.050000
2022-04-28 21:47:34,794 Evaluating as a multi-label problem: False
2022-04-28 21:47:34,805 DEV : loss 0.23050329089164734 - f1-score (micro avg)  0.4855
2022-04-28 21:47:34,877 BAD EPOCHS (no improvement): 1
2022-04-28 21:47:34,889 ----------------------------------------------------------------------------------------------------
2022-04-28 21:47:37,564 epoch 18 - iter 10/107 - loss 0.05306947 - samples/sec: 119.65 - lr: 0.050000
2022-04-28 21:47:40,099 epoch 18 - iter 20/107 - loss 0.04915699 - samples/sec: 126.32 - lr: 0.050000
2022-04-28 21:47:42,775 epoch 18 - iter 30/107 - loss 0.05352193 - samples/sec: 119.59 - lr: 0.050000
2022-04-28 21:47:45,396 epoch 18 - iter 40/107 - loss 0.05761983 - samples/sec: 122.16 - lr: 0.050000
2022-04-28 21:47:48,145 epoch 18 - iter 50/107 - loss 0.05767754 - samples/sec: 116.44 - lr: 0.050000
2022-04-28 21:47:50,887 epoch 18 - iter 60/107 - loss 0.05763142 - samples/sec: 116.75 - lr: 0.050000
2022-04-28 21:47:53,586 epoch 18 - iter 70/107 - loss 0.05725189 - samples/sec: 118.60 - lr: 0.050000
2022-04-28 21:47:56,316 epoch 18 - iter 80/107 - loss 0.05528643 - samples/sec: 117.26 - lr: 0.050000
2022-04-28 21:47:59,050 epoch 18 - iter 90/107 - loss 0.05537070 - samples/sec: 117.06 - lr: 0.050000
2022-04-28 21:48:01,729 epoch 18 - iter 100/107 - loss 0.05640658 - samples/sec: 119.49 - lr: 0.050000
2022-04-28 21:48:03,486 ----------------------------------------------------------------------------------------------------
2022-04-28 21:48:03,486 EPOCH 18 done: loss 0.0564 - lr 0.050000
2022-04-28 21:48:11,832 Evaluating as a multi-label problem: False
2022-04-28 21:48:11,843 DEV : loss 0.18953147530555725 - f1-score (micro avg)  0.5332
2022-04-28 21:48:11,914 BAD EPOCHS (no improvement): 0
2022-04-28 21:48:11,916 saving best model
2022-04-28 21:49:01,159 ----------------------------------------------------------------------------------------------------
2022-04-28 21:49:03,956 epoch 19 - iter 10/107 - loss 0.05171010 - samples/sec: 114.49 - lr: 0.050000
2022-04-28 21:49:06,717 epoch 19 - iter 20/107 - loss 0.05136924 - samples/sec: 115.97 - lr: 0.050000
2022-04-28 21:49:09,533 epoch 19 - iter 30/107 - loss 0.05286829 - samples/sec: 113.69 - lr: 0.050000
2022-04-28 21:49:12,232 epoch 19 - iter 40/107 - loss 0.05442348 - samples/sec: 118.59 - lr: 0.050000
2022-04-28 21:49:14,750 epoch 19 - iter 50/107 - loss 0.05630742 - samples/sec: 127.17 - lr: 0.050000
2022-04-28 21:49:17,477 epoch 19 - iter 60/107 - loss 0.05542335 - samples/sec: 117.38 - lr: 0.050000
2022-04-28 21:49:20,154 epoch 19 - iter 70/107 - loss 0.05786500 - samples/sec: 119.60 - lr: 0.050000
2022-04-28 21:49:22,852 epoch 19 - iter 80/107 - loss 0.05635648 - samples/sec: 118.64 - lr: 0.050000
2022-04-28 21:49:25,660 epoch 19 - iter 90/107 - loss 0.05454349 - samples/sec: 114.01 - lr: 0.050000
2022-04-28 21:49:28,286 epoch 19 - iter 100/107 - loss 0.05406962 - samples/sec: 121.90 - lr: 0.050000
2022-04-28 21:49:29,961 ----------------------------------------------------------------------------------------------------
2022-04-28 21:49:29,961 EPOCH 19 done: loss 0.0542 - lr 0.050000
2022-04-28 21:49:38,340 Evaluating as a multi-label problem: False
2022-04-28 21:49:38,351 DEV : loss 0.21707847714424133 - f1-score (micro avg)  0.4917
2022-04-28 21:49:38,422 BAD EPOCHS (no improvement): 1
2022-04-28 21:49:38,455 ----------------------------------------------------------------------------------------------------
2022-04-28 21:49:41,199 epoch 20 - iter 10/107 - loss 0.04358625 - samples/sec: 116.69 - lr: 0.050000
2022-04-28 21:49:43,799 epoch 20 - iter 20/107 - loss 0.04818608 - samples/sec: 123.15 - lr: 0.050000
2022-04-28 21:49:46,505 epoch 20 - iter 30/107 - loss 0.04987217 - samples/sec: 118.26 - lr: 0.050000
2022-04-28 21:49:49,136 epoch 20 - iter 40/107 - loss 0.05072442 - samples/sec: 121.70 - lr: 0.050000
2022-04-28 21:49:51,739 epoch 20 - iter 50/107 - loss 0.05104695 - samples/sec: 122.99 - lr: 0.050000
2022-04-28 21:49:54,512 epoch 20 - iter 60/107 - loss 0.05277865 - samples/sec: 115.41 - lr: 0.050000
2022-04-28 21:49:57,228 epoch 20 - iter 70/107 - loss 0.05322681 - samples/sec: 117.86 - lr: 0.050000
2022-04-28 21:49:59,929 epoch 20 - iter 80/107 - loss 0.05340871 - samples/sec: 118.51 - lr: 0.050000
2022-04-28 21:50:02,524 epoch 20 - iter 90/107 - loss 0.05240584 - samples/sec: 123.36 - lr: 0.050000
2022-04-28 21:50:05,313 epoch 20 - iter 100/107 - loss 0.05220237 - samples/sec: 114.79 - lr: 0.050000
2022-04-28 21:50:07,074 ----------------------------------------------------------------------------------------------------
2022-04-28 21:50:07,074 EPOCH 20 done: loss 0.0531 - lr 0.050000
2022-04-28 21:50:15,357 Evaluating as a multi-label problem: False
2022-04-28 21:50:15,368 DEV : loss 0.20632192492485046 - f1-score (micro avg)  0.4981
2022-04-28 21:50:15,440 BAD EPOCHS (no improvement): 2
2022-04-28 21:50:15,442 ----------------------------------------------------------------------------------------------------
2022-04-28 21:50:18,155 epoch 21 - iter 10/107 - loss 0.04288892 - samples/sec: 118.03 - lr: 0.050000
2022-04-28 21:50:20,774 epoch 21 - iter 20/107 - loss 0.05096518 - samples/sec: 122.23 - lr: 0.050000
2022-04-28 21:50:23,544 epoch 21 - iter 30/107 - loss 0.05093391 - samples/sec: 115.55 - lr: 0.050000
2022-04-28 21:50:26,301 epoch 21 - iter 40/107 - loss 0.05208800 - samples/sec: 116.13 - lr: 0.050000
2022-04-28 21:50:29,082 epoch 21 - iter 50/107 - loss 0.05071524 - samples/sec: 115.09 - lr: 0.050000
2022-04-28 21:50:31,765 epoch 21 - iter 60/107 - loss 0.05125643 - samples/sec: 119.33 - lr: 0.050000
2022-04-28 21:50:34,407 epoch 21 - iter 70/107 - loss 0.04999420 - samples/sec: 121.13 - lr: 0.050000
2022-04-28 21:50:37,015 epoch 21 - iter 80/107 - loss 0.05159492 - samples/sec: 122.78 - lr: 0.050000
2022-04-28 21:50:39,658 epoch 21 - iter 90/107 - loss 0.05067007 - samples/sec: 121.11 - lr: 0.050000
2022-04-28 21:50:42,462 epoch 21 - iter 100/107 - loss 0.05068668 - samples/sec: 114.16 - lr: 0.050000
2022-04-28 21:50:44,058 ----------------------------------------------------------------------------------------------------
2022-04-28 21:50:44,058 EPOCH 21 done: loss 0.0508 - lr 0.050000
2022-04-28 21:50:52,158 Evaluating as a multi-label problem: False
2022-04-28 21:50:52,168 DEV : loss 0.23978957533836365 - f1-score (micro avg)  0.4539
2022-04-28 21:50:52,240 BAD EPOCHS (no improvement): 3
2022-04-28 21:50:52,263 ----------------------------------------------------------------------------------------------------
2022-04-28 21:50:54,885 epoch 22 - iter 10/107 - loss 0.04859617 - samples/sec: 122.08 - lr: 0.050000
2022-04-28 21:50:57,403 epoch 22 - iter 20/107 - loss 0.05345700 - samples/sec: 127.14 - lr: 0.050000
2022-04-28 21:50:59,879 epoch 22 - iter 30/107 - loss 0.05012901 - samples/sec: 129.28 - lr: 0.050000
2022-04-28 21:51:02,396 epoch 22 - iter 40/107 - loss 0.05006769 - samples/sec: 127.20 - lr: 0.050000
2022-04-28 21:51:05,013 epoch 22 - iter 50/107 - loss 0.04914352 - samples/sec: 122.36 - lr: 0.050000
2022-04-28 21:51:07,699 epoch 22 - iter 60/107 - loss 0.05097709 - samples/sec: 119.15 - lr: 0.050000
2022-04-28 21:51:10,523 epoch 22 - iter 70/107 - loss 0.05061405 - samples/sec: 113.37 - lr: 0.050000
2022-04-28 21:51:13,229 epoch 22 - iter 80/107 - loss 0.04978320 - samples/sec: 118.28 - lr: 0.050000
2022-04-28 21:51:15,945 epoch 22 - iter 90/107 - loss 0.04993532 - samples/sec: 117.87 - lr: 0.050000
2022-04-28 21:51:18,491 epoch 22 - iter 100/107 - loss 0.05001059 - samples/sec: 125.74 - lr: 0.050000
2022-04-28 21:51:20,245 ----------------------------------------------------------------------------------------------------
2022-04-28 21:51:20,245 EPOCH 22 done: loss 0.0491 - lr 0.050000
2022-04-28 21:51:28,556 Evaluating as a multi-label problem: False
2022-04-28 21:51:28,567 DEV : loss 0.2183036357164383 - f1-score (micro avg)  0.5048
2022-04-28 21:51:28,639 Epoch    22: reducing learning rate of group 0 to 2.5000e-02.
2022-04-28 21:51:28,639 BAD EPOCHS (no improvement): 4
2022-04-28 21:51:28,642 ----------------------------------------------------------------------------------------------------
2022-04-28 21:51:31,358 epoch 23 - iter 10/107 - loss 0.03645206 - samples/sec: 117.86 - lr: 0.025000
2022-04-28 21:51:34,043 epoch 23 - iter 20/107 - loss 0.04039657 - samples/sec: 119.22 - lr: 0.025000
2022-04-28 21:51:36,611 epoch 23 - iter 30/107 - loss 0.04543591 - samples/sec: 124.65 - lr: 0.025000
2022-04-28 21:51:39,339 epoch 23 - iter 40/107 - loss 0.04473846 - samples/sec: 117.32 - lr: 0.025000
2022-04-28 21:51:42,050 epoch 23 - iter 50/107 - loss 0.04593673 - samples/sec: 118.10 - lr: 0.025000
2022-04-28 21:51:44,820 epoch 23 - iter 60/107 - loss 0.04462147 - samples/sec: 115.57 - lr: 0.025000
2022-04-28 21:51:47,540 epoch 23 - iter 70/107 - loss 0.04527464 - samples/sec: 117.67 - lr: 0.025000
2022-04-28 21:51:50,259 epoch 23 - iter 80/107 - loss 0.04606680 - samples/sec: 117.73 - lr: 0.025000
2022-04-28 21:51:52,817 epoch 23 - iter 90/107 - loss 0.04560598 - samples/sec: 125.14 - lr: 0.025000
2022-04-28 21:51:55,513 epoch 23 - iter 100/107 - loss 0.04482595 - samples/sec: 118.75 - lr: 0.025000
2022-04-28 21:51:57,214 ----------------------------------------------------------------------------------------------------
2022-04-28 21:51:57,215 EPOCH 23 done: loss 0.0443 - lr 0.025000
2022-04-28 21:52:05,527 Evaluating as a multi-label problem: False
2022-04-28 21:52:05,538 DEV : loss 0.22253188490867615 - f1-score (micro avg)  0.4996
2022-04-28 21:52:05,609 BAD EPOCHS (no improvement): 1
2022-04-28 21:52:05,612 ----------------------------------------------------------------------------------------------------
2022-04-28 21:52:08,276 epoch 24 - iter 10/107 - loss 0.04220571 - samples/sec: 120.18 - lr: 0.025000
2022-04-28 21:52:10,996 epoch 24 - iter 20/107 - loss 0.03787593 - samples/sec: 117.69 - lr: 0.025000
2022-04-28 21:52:13,615 epoch 24 - iter 30/107 - loss 0.03936646 - samples/sec: 122.24 - lr: 0.025000
2022-04-28 21:52:16,181 epoch 24 - iter 40/107 - loss 0.04218763 - samples/sec: 124.72 - lr: 0.025000
2022-04-28 21:52:18,937 epoch 24 - iter 50/107 - loss 0.04346710 - samples/sec: 116.16 - lr: 0.025000
2022-04-28 21:52:21,634 epoch 24 - iter 60/107 - loss 0.04374381 - samples/sec: 118.68 - lr: 0.025000
2022-04-28 21:52:24,429 epoch 24 - iter 70/107 - loss 0.04332826 - samples/sec: 114.53 - lr: 0.025000
2022-04-28 21:52:27,028 epoch 24 - iter 80/107 - loss 0.04364412 - samples/sec: 123.18 - lr: 0.025000
2022-04-28 21:52:29,731 epoch 24 - iter 90/107 - loss 0.04424517 - samples/sec: 118.43 - lr: 0.025000
2022-04-28 21:52:32,487 epoch 24 - iter 100/107 - loss 0.04356930 - samples/sec: 116.15 - lr: 0.025000
2022-04-28 21:52:34,140 ----------------------------------------------------------------------------------------------------
2022-04-28 21:52:34,140 EPOCH 24 done: loss 0.0431 - lr 0.025000
2022-04-28 21:52:42,396 Evaluating as a multi-label problem: False
2022-04-28 21:52:42,407 DEV : loss 0.21014581620693207 - f1-score (micro avg)  0.4961
2022-04-28 21:52:42,477 BAD EPOCHS (no improvement): 2
2022-04-28 21:52:42,480 ----------------------------------------------------------------------------------------------------
2022-04-28 21:52:45,245 epoch 25 - iter 10/107 - loss 0.05005950 - samples/sec: 115.79 - lr: 0.025000
2022-04-28 21:52:47,929 epoch 25 - iter 20/107 - loss 0.04485804 - samples/sec: 119.26 - lr: 0.025000
2022-04-28 21:52:50,580 epoch 25 - iter 30/107 - loss 0.04442670 - samples/sec: 120.71 - lr: 0.025000
2022-04-28 21:52:53,240 epoch 25 - iter 40/107 - loss 0.04532938 - samples/sec: 120.39 - lr: 0.025000
2022-04-28 21:52:55,991 epoch 25 - iter 50/107 - loss 0.04461644 - samples/sec: 116.36 - lr: 0.025000
2022-04-28 21:52:58,661 epoch 25 - iter 60/107 - loss 0.04334605 - samples/sec: 119.90 - lr: 0.025000
2022-04-28 21:53:01,356 epoch 25 - iter 70/107 - loss 0.04367046 - samples/sec: 118.77 - lr: 0.025000
2022-04-28 21:53:04,042 epoch 25 - iter 80/107 - loss 0.04303259 - samples/sec: 119.17 - lr: 0.025000
2022-04-28 21:53:06,889 epoch 25 - iter 90/107 - loss 0.04256396 - samples/sec: 112.45 - lr: 0.025000
2022-04-28 21:53:09,403 epoch 25 - iter 100/107 - loss 0.04157249 - samples/sec: 127.34 - lr: 0.025000
2022-04-28 21:53:11,088 ----------------------------------------------------------------------------------------------------
2022-04-28 21:53:11,088 EPOCH 25 done: loss 0.0416 - lr 0.025000
2022-04-28 21:53:19,310 Evaluating as a multi-label problem: False
2022-04-28 21:53:19,321 DEV : loss 0.21934151649475098 - f1-score (micro avg)  0.5085
2022-04-28 21:53:19,393 BAD EPOCHS (no improvement): 3
2022-04-28 21:53:19,395 ----------------------------------------------------------------------------------------------------
2022-04-28 21:53:22,090 epoch 26 - iter 10/107 - loss 0.04633160 - samples/sec: 118.80 - lr: 0.025000
2022-04-28 21:53:24,822 epoch 26 - iter 20/107 - loss 0.04765217 - samples/sec: 117.17 - lr: 0.025000
2022-04-28 21:53:27,469 epoch 26 - iter 30/107 - loss 0.04339157 - samples/sec: 120.93 - lr: 0.025000
2022-04-28 21:53:30,284 epoch 26 - iter 40/107 - loss 0.04240630 - samples/sec: 113.73 - lr: 0.025000
2022-04-28 21:53:32,860 epoch 26 - iter 50/107 - loss 0.04190140 - samples/sec: 124.27 - lr: 0.025000
2022-04-28 21:53:35,539 epoch 26 - iter 60/107 - loss 0.04184095 - samples/sec: 119.49 - lr: 0.025000
2022-04-28 21:53:38,286 epoch 26 - iter 70/107 - loss 0.04178870 - samples/sec: 116.53 - lr: 0.025000
2022-04-28 21:53:41,012 epoch 26 - iter 80/107 - loss 0.04041345 - samples/sec: 117.43 - lr: 0.025000
2022-04-28 21:53:43,620 epoch 26 - iter 90/107 - loss 0.04128846 - samples/sec: 122.70 - lr: 0.025000
2022-04-28 21:53:46,414 epoch 26 - iter 100/107 - loss 0.04179606 - samples/sec: 114.59 - lr: 0.025000
2022-04-28 21:53:48,071 ----------------------------------------------------------------------------------------------------
2022-04-28 21:53:48,071 EPOCH 26 done: loss 0.0411 - lr 0.025000
2022-04-28 21:53:56,348 Evaluating as a multi-label problem: False
2022-04-28 21:53:56,359 DEV : loss 0.22544041275978088 - f1-score (micro avg)  0.4933
2022-04-28 21:53:56,431 Epoch    26: reducing learning rate of group 0 to 1.2500e-02.
2022-04-28 21:53:56,431 BAD EPOCHS (no improvement): 4
2022-04-28 21:53:56,433 ----------------------------------------------------------------------------------------------------
2022-04-28 21:53:59,081 epoch 27 - iter 10/107 - loss 0.03779106 - samples/sec: 120.93 - lr: 0.012500
2022-04-28 21:54:01,820 epoch 27 - iter 20/107 - loss 0.03624140 - samples/sec: 116.86 - lr: 0.012500
2022-04-28 21:54:04,547 epoch 27 - iter 30/107 - loss 0.03527556 - samples/sec: 117.38 - lr: 0.012500
2022-04-28 21:54:07,162 epoch 27 - iter 40/107 - loss 0.03602858 - samples/sec: 122.46 - lr: 0.012500
2022-04-28 21:54:09,912 epoch 27 - iter 50/107 - loss 0.03563623 - samples/sec: 116.39 - lr: 0.012500
2022-04-28 21:54:12,686 epoch 27 - iter 60/107 - loss 0.03622971 - samples/sec: 115.38 - lr: 0.012500
2022-04-28 21:54:15,276 epoch 27 - iter 70/107 - loss 0.03678221 - samples/sec: 123.60 - lr: 0.012500
2022-04-28 21:54:18,090 epoch 27 - iter 80/107 - loss 0.03732105 - samples/sec: 113.75 - lr: 0.012500
2022-04-28 21:54:20,613 epoch 27 - iter 90/107 - loss 0.03778469 - samples/sec: 126.91 - lr: 0.012500
2022-04-28 21:54:23,308 epoch 27 - iter 100/107 - loss 0.03797333 - samples/sec: 118.74 - lr: 0.012500
2022-04-28 21:54:24,953 ----------------------------------------------------------------------------------------------------
2022-04-28 21:54:24,954 EPOCH 27 done: loss 0.0387 - lr 0.012500
2022-04-28 21:54:33,217 Evaluating as a multi-label problem: False
2022-04-28 21:54:33,227 DEV : loss 0.2147592306137085 - f1-score (micro avg)  0.5105
2022-04-28 21:54:33,299 BAD EPOCHS (no improvement): 1
2022-04-28 21:54:33,301 ----------------------------------------------------------------------------------------------------
2022-04-28 21:54:36,136 epoch 28 - iter 10/107 - loss 0.03658533 - samples/sec: 112.92 - lr: 0.012500
2022-04-28 21:54:38,795 epoch 28 - iter 20/107 - loss 0.03785740 - samples/sec: 120.39 - lr: 0.012500
2022-04-28 21:54:41,470 epoch 28 - iter 30/107 - loss 0.03842343 - samples/sec: 119.65 - lr: 0.012500
2022-04-28 21:54:44,110 epoch 28 - iter 40/107 - loss 0.03715242 - samples/sec: 121.28 - lr: 0.012500
2022-04-28 21:54:46,842 epoch 28 - iter 50/107 - loss 0.03777146 - samples/sec: 117.13 - lr: 0.012500
2022-04-28 21:54:49,618 epoch 28 - iter 60/107 - loss 0.03633534 - samples/sec: 115.32 - lr: 0.012500
2022-04-28 21:54:57,554 epoch 28 - iter 70/107 - loss 0.03864293 - samples/sec: 40.33 - lr: 0.012500
2022-04-28 21:55:00,176 epoch 28 - iter 80/107 - loss 0.03906092 - samples/sec: 122.10 - lr: 0.012500
2022-04-28 21:55:02,904 epoch 28 - iter 90/107 - loss 0.03857128 - samples/sec: 117.35 - lr: 0.012500
2022-04-28 21:55:05,535 epoch 28 - iter 100/107 - loss 0.03906769 - samples/sec: 121.63 - lr: 0.012500
2022-04-28 21:55:07,135 ----------------------------------------------------------------------------------------------------
2022-04-28 21:55:07,135 EPOCH 28 done: loss 0.0387 - lr 0.012500
2022-04-28 21:55:15,294 Evaluating as a multi-label problem: False
2022-04-28 21:55:15,305 DEV : loss 0.21792884171009064 - f1-score (micro avg)  0.5023
2022-04-28 21:55:15,378 BAD EPOCHS (no improvement): 2
2022-04-28 21:55:15,381 ----------------------------------------------------------------------------------------------------
2022-04-28 21:55:18,009 epoch 29 - iter 10/107 - loss 0.04126762 - samples/sec: 121.80 - lr: 0.012500
2022-04-28 21:55:20,524 epoch 29 - iter 20/107 - loss 0.04104205 - samples/sec: 127.31 - lr: 0.012500
2022-04-28 21:55:23,140 epoch 29 - iter 30/107 - loss 0.04176086 - samples/sec: 122.36 - lr: 0.012500
2022-04-28 21:55:25,719 epoch 29 - iter 40/107 - loss 0.03974678 - samples/sec: 124.10 - lr: 0.012500
2022-04-28 21:55:28,389 epoch 29 - iter 50/107 - loss 0.03825470 - samples/sec: 119.88 - lr: 0.012500
2022-04-28 21:55:31,112 epoch 29 - iter 60/107 - loss 0.03819994 - samples/sec: 117.58 - lr: 0.012500
2022-04-28 21:55:33,910 epoch 29 - iter 70/107 - loss 0.04175886 - samples/sec: 114.40 - lr: 0.012500
2022-04-28 21:55:36,581 epoch 29 - iter 80/107 - loss 0.04103937 - samples/sec: 119.84 - lr: 0.012500
2022-04-28 21:55:39,276 epoch 29 - iter 90/107 - loss 0.04070417 - samples/sec: 118.77 - lr: 0.012500
2022-04-28 21:55:42,006 epoch 29 - iter 100/107 - loss 0.04045444 - samples/sec: 117.28 - lr: 0.012500
2022-04-28 21:55:43,630 ----------------------------------------------------------------------------------------------------
2022-04-28 21:55:43,630 EPOCH 29 done: loss 0.0398 - lr 0.012500
2022-04-28 21:55:51,997 Evaluating as a multi-label problem: False
2022-04-28 21:55:52,008 DEV : loss 0.22211462259292603 - f1-score (micro avg)  0.4996
2022-04-28 21:55:52,082 BAD EPOCHS (no improvement): 3
2022-04-28 21:55:52,085 ----------------------------------------------------------------------------------------------------
2022-04-28 21:55:54,889 epoch 30 - iter 10/107 - loss 0.04560882 - samples/sec: 114.17 - lr: 0.012500
2022-04-28 21:55:57,645 epoch 30 - iter 20/107 - loss 0.03733489 - samples/sec: 116.16 - lr: 0.012500
2022-04-28 21:56:00,321 epoch 30 - iter 30/107 - loss 0.03653244 - samples/sec: 119.63 - lr: 0.012500
2022-04-28 21:56:02,997 epoch 30 - iter 40/107 - loss 0.03518695 - samples/sec: 119.65 - lr: 0.012500
2022-04-28 21:56:05,683 epoch 30 - iter 50/107 - loss 0.03494419 - samples/sec: 119.17 - lr: 0.012500
2022-04-28 21:56:08,305 epoch 30 - iter 60/107 - loss 0.03494792 - samples/sec: 122.09 - lr: 0.012500
2022-04-28 21:56:10,835 epoch 30 - iter 70/107 - loss 0.03444389 - samples/sec: 126.51 - lr: 0.012500
2022-04-28 21:56:13,536 epoch 30 - iter 80/107 - loss 0.03555155 - samples/sec: 118.52 - lr: 0.012500
2022-04-28 21:56:16,185 epoch 30 - iter 90/107 - loss 0.03600141 - samples/sec: 120.81 - lr: 0.012500
2022-04-28 21:56:18,764 epoch 30 - iter 100/107 - loss 0.03707021 - samples/sec: 124.16 - lr: 0.012500
2022-04-28 21:56:20,397 ----------------------------------------------------------------------------------------------------
2022-04-28 21:56:20,398 EPOCH 30 done: loss 0.0375 - lr 0.012500
2022-04-28 21:56:28,629 Evaluating as a multi-label problem: False
2022-04-28 21:56:28,640 DEV : loss 0.2118627429008484 - f1-score (micro avg)  0.5125
2022-04-28 21:56:28,711 Epoch    30: reducing learning rate of group 0 to 6.2500e-03.
2022-04-28 21:56:28,712 BAD EPOCHS (no improvement): 4
2022-04-28 21:56:28,714 ----------------------------------------------------------------------------------------------------
2022-04-28 21:56:31,495 epoch 31 - iter 10/107 - loss 0.03934007 - samples/sec: 115.15 - lr: 0.006250
2022-04-28 21:56:34,152 epoch 31 - iter 20/107 - loss 0.03971254 - samples/sec: 120.44 - lr: 0.006250
2022-04-28 21:56:36,747 epoch 31 - iter 30/107 - loss 0.03601369 - samples/sec: 123.36 - lr: 0.006250
2022-04-28 21:56:39,490 epoch 31 - iter 40/107 - loss 0.03678585 - samples/sec: 116.72 - lr: 0.006250
2022-04-28 21:56:42,118 epoch 31 - iter 50/107 - loss 0.03639892 - samples/sec: 121.77 - lr: 0.006250
2022-04-28 21:56:44,798 epoch 31 - iter 60/107 - loss 0.03572637 - samples/sec: 119.46 - lr: 0.006250
2022-04-28 21:56:47,355 epoch 31 - iter 70/107 - loss 0.03456227 - samples/sec: 125.18 - lr: 0.006250
2022-04-28 21:56:50,034 epoch 31 - iter 80/107 - loss 0.03476870 - samples/sec: 119.48 - lr: 0.006250
2022-04-28 21:56:52,653 epoch 31 - iter 90/107 - loss 0.03566411 - samples/sec: 122.26 - lr: 0.006250
2022-04-28 21:56:55,391 epoch 31 - iter 100/107 - loss 0.03594115 - samples/sec: 116.92 - lr: 0.006250
2022-04-28 21:56:57,050 ----------------------------------------------------------------------------------------------------
2022-04-28 21:56:57,051 EPOCH 31 done: loss 0.0357 - lr 0.006250
2022-04-28 21:57:05,278 Evaluating as a multi-label problem: False
2022-04-28 21:57:05,289 DEV : loss 0.22546488046646118 - f1-score (micro avg)  0.4964
2022-04-28 21:57:05,359 BAD EPOCHS (no improvement): 1
2022-04-28 21:57:05,362 ----------------------------------------------------------------------------------------------------
2022-04-28 21:57:08,105 epoch 32 - iter 10/107 - loss 0.03194865 - samples/sec: 116.72 - lr: 0.006250
2022-04-28 21:57:10,733 epoch 32 - iter 20/107 - loss 0.03553731 - samples/sec: 121.79 - lr: 0.006250
2022-04-28 21:57:13,449 epoch 32 - iter 30/107 - loss 0.03558850 - samples/sec: 117.87 - lr: 0.006250
2022-04-28 21:57:16,080 epoch 32 - iter 40/107 - loss 0.03531534 - samples/sec: 121.64 - lr: 0.006250
2022-04-28 21:57:18,792 epoch 32 - iter 50/107 - loss 0.03624559 - samples/sec: 118.06 - lr: 0.006250
2022-04-28 21:57:21,358 epoch 32 - iter 60/107 - loss 0.03720505 - samples/sec: 124.73 - lr: 0.006250
2022-04-28 21:57:24,124 epoch 32 - iter 70/107 - loss 0.03708574 - samples/sec: 115.75 - lr: 0.006250
2022-04-28 21:57:26,718 epoch 32 - iter 80/107 - loss 0.03781433 - samples/sec: 123.38 - lr: 0.006250
2022-04-28 21:57:29,331 epoch 32 - iter 90/107 - loss 0.03786666 - samples/sec: 122.50 - lr: 0.006250
2022-04-28 21:57:32,065 epoch 32 - iter 100/107 - loss 0.03671780 - samples/sec: 117.09 - lr: 0.006250
2022-04-28 21:57:33,797 ----------------------------------------------------------------------------------------------------
2022-04-28 21:57:33,798 EPOCH 32 done: loss 0.0369 - lr 0.006250
2022-04-28 21:57:42,019 Evaluating as a multi-label problem: False
2022-04-28 21:57:42,029 DEV : loss 0.21729342639446259 - f1-score (micro avg)  0.5085
2022-04-28 21:57:42,100 BAD EPOCHS (no improvement): 2
2022-04-28 21:57:42,102 ----------------------------------------------------------------------------------------------------
2022-04-28 21:57:44,813 epoch 33 - iter 10/107 - loss 0.03246404 - samples/sec: 118.11 - lr: 0.006250
2022-04-28 21:57:47,499 epoch 33 - iter 20/107 - loss 0.03359816 - samples/sec: 119.17 - lr: 0.006250
2022-04-28 21:57:50,198 epoch 33 - iter 30/107 - loss 0.03527626 - samples/sec: 118.59 - lr: 0.006250
2022-04-28 21:57:52,957 epoch 33 - iter 40/107 - loss 0.03528095 - samples/sec: 116.07 - lr: 0.006250
2022-04-28 21:57:55,484 epoch 33 - iter 50/107 - loss 0.03529927 - samples/sec: 126.66 - lr: 0.006250
2022-04-28 21:57:58,263 epoch 33 - iter 60/107 - loss 0.03616737 - samples/sec: 115.19 - lr: 0.006250
2022-04-28 21:58:00,941 epoch 33 - iter 70/107 - loss 0.03651976 - samples/sec: 119.54 - lr: 0.006250
2022-04-28 21:58:03,584 epoch 33 - iter 80/107 - loss 0.03680876 - samples/sec: 121.12 - lr: 0.006250
2022-04-28 21:58:06,258 epoch 33 - iter 90/107 - loss 0.03716066 - samples/sec: 119.71 - lr: 0.006250
2022-04-28 21:58:08,853 epoch 33 - iter 100/107 - loss 0.03793177 - samples/sec: 123.33 - lr: 0.006250
2022-04-28 21:58:10,430 ----------------------------------------------------------------------------------------------------
2022-04-28 21:58:10,430 EPOCH 33 done: loss 0.0375 - lr 0.006250
2022-04-28 21:58:18,582 Evaluating as a multi-label problem: False
2022-04-28 21:58:18,593 DEV : loss 0.21544253826141357 - f1-score (micro avg)  0.5111
2022-04-28 21:58:18,664 BAD EPOCHS (no improvement): 3
2022-04-28 21:58:18,667 ----------------------------------------------------------------------------------------------------
2022-04-28 21:58:21,282 epoch 34 - iter 10/107 - loss 0.03163934 - samples/sec: 122.45 - lr: 0.006250
2022-04-28 21:58:23,964 epoch 34 - iter 20/107 - loss 0.03236849 - samples/sec: 119.35 - lr: 0.006250
2022-04-28 21:58:26,630 epoch 34 - iter 30/107 - loss 0.03592504 - samples/sec: 120.08 - lr: 0.006250
2022-04-28 21:58:29,290 epoch 34 - iter 40/107 - loss 0.03463754 - samples/sec: 120.31 - lr: 0.006250
2022-04-28 21:58:31,920 epoch 34 - iter 50/107 - loss 0.03620578 - samples/sec: 121.73 - lr: 0.006250
2022-04-28 21:58:34,495 epoch 34 - iter 60/107 - loss 0.03622101 - samples/sec: 124.32 - lr: 0.006250
2022-04-28 21:58:37,257 epoch 34 - iter 70/107 - loss 0.03557951 - samples/sec: 115.87 - lr: 0.006250
2022-04-28 21:58:40,020 epoch 34 - iter 80/107 - loss 0.03611325 - samples/sec: 115.85 - lr: 0.006250
2022-04-28 21:58:42,710 epoch 34 - iter 90/107 - loss 0.03576368 - samples/sec: 119.00 - lr: 0.006250
2022-04-28 21:58:45,315 epoch 34 - iter 100/107 - loss 0.03565174 - samples/sec: 122.90 - lr: 0.006250
2022-04-28 21:58:46,956 ----------------------------------------------------------------------------------------------------
2022-04-28 21:58:46,956 EPOCH 34 done: loss 0.0353 - lr 0.006250
2022-04-28 21:58:55,093 Evaluating as a multi-label problem: False
2022-04-28 21:58:55,105 DEV : loss 0.21855738759040833 - f1-score (micro avg)  0.5073
2022-04-28 21:58:55,175 Epoch    34: reducing learning rate of group 0 to 3.1250e-03.
2022-04-28 21:58:55,176 BAD EPOCHS (no improvement): 4
2022-04-28 21:58:55,178 ----------------------------------------------------------------------------------------------------
2022-04-28 21:58:57,809 epoch 35 - iter 10/107 - loss 0.04126529 - samples/sec: 121.67 - lr: 0.003125
2022-04-28 21:59:00,408 epoch 35 - iter 20/107 - loss 0.03889525 - samples/sec: 123.18 - lr: 0.003125
2022-04-28 21:59:03,066 epoch 35 - iter 30/107 - loss 0.03741645 - samples/sec: 120.47 - lr: 0.003125
2022-04-28 21:59:05,774 epoch 35 - iter 40/107 - loss 0.03711577 - samples/sec: 118.18 - lr: 0.003125
2022-04-28 21:59:08,417 epoch 35 - iter 50/107 - loss 0.03640871 - samples/sec: 121.15 - lr: 0.003125
2022-04-28 21:59:10,998 epoch 35 - iter 60/107 - loss 0.03631890 - samples/sec: 124.03 - lr: 0.003125
2022-04-28 21:59:13,622 epoch 35 - iter 70/107 - loss 0.03581915 - samples/sec: 121.96 - lr: 0.003125
2022-04-28 21:59:16,352 epoch 35 - iter 80/107 - loss 0.03640281 - samples/sec: 117.25 - lr: 0.003125
2022-04-28 21:59:18,944 epoch 35 - iter 90/107 - loss 0.03658856 - samples/sec: 123.52 - lr: 0.003125
2022-04-28 21:59:21,715 epoch 35 - iter 100/107 - loss 0.03633592 - samples/sec: 115.50 - lr: 0.003125
2022-04-28 21:59:23,346 ----------------------------------------------------------------------------------------------------
2022-04-28 21:59:23,346 EPOCH 35 done: loss 0.0359 - lr 0.003125
2022-04-28 21:59:31,539 Evaluating as a multi-label problem: False
2022-04-28 21:59:31,549 DEV : loss 0.21942663192749023 - f1-score (micro avg)  0.4992
2022-04-28 21:59:31,620 BAD EPOCHS (no improvement): 1
2022-04-28 21:59:31,623 ----------------------------------------------------------------------------------------------------
2022-04-28 21:59:34,312 epoch 36 - iter 10/107 - loss 0.03702704 - samples/sec: 119.07 - lr: 0.003125
2022-04-28 21:59:37,019 epoch 36 - iter 20/107 - loss 0.03691350 - samples/sec: 118.24 - lr: 0.003125
2022-04-28 21:59:39,660 epoch 36 - iter 30/107 - loss 0.03889583 - samples/sec: 121.23 - lr: 0.003125
2022-04-28 21:59:42,290 epoch 36 - iter 40/107 - loss 0.03835483 - samples/sec: 121.69 - lr: 0.003125
2022-04-28 21:59:44,951 epoch 36 - iter 50/107 - loss 0.03764220 - samples/sec: 120.31 - lr: 0.003125
2022-04-28 21:59:47,588 epoch 36 - iter 60/107 - loss 0.03824789 - samples/sec: 121.40 - lr: 0.003125
2022-04-28 21:59:50,251 epoch 36 - iter 70/107 - loss 0.03705419 - samples/sec: 120.19 - lr: 0.003125
2022-04-28 21:59:52,942 epoch 36 - iter 80/107 - loss 0.03684866 - samples/sec: 118.94 - lr: 0.003125
2022-04-28 21:59:55,595 epoch 36 - iter 90/107 - loss 0.03615415 - samples/sec: 120.68 - lr: 0.003125
2022-04-28 21:59:58,270 epoch 36 - iter 100/107 - loss 0.03562496 - samples/sec: 119.64 - lr: 0.003125
2022-04-28 21:59:59,818 ----------------------------------------------------------------------------------------------------
2022-04-28 21:59:59,819 EPOCH 36 done: loss 0.0352 - lr 0.003125
2022-04-28 22:00:08,008 Evaluating as a multi-label problem: False
2022-04-28 22:00:08,019 DEV : loss 0.2235012948513031 - f1-score (micro avg)  0.4992
2022-04-28 22:00:08,089 BAD EPOCHS (no improvement): 2
2022-04-28 22:00:08,092 ----------------------------------------------------------------------------------------------------
2022-04-28 22:00:10,814 epoch 37 - iter 10/107 - loss 0.03990971 - samples/sec: 117.60 - lr: 0.003125
2022-04-28 22:00:13,610 epoch 37 - iter 20/107 - loss 0.03721471 - samples/sec: 114.50 - lr: 0.003125
2022-04-28 22:00:16,230 epoch 37 - iter 30/107 - loss 0.03578885 - samples/sec: 122.16 - lr: 0.003125
2022-04-28 22:00:18,889 epoch 37 - iter 40/107 - loss 0.03430103 - samples/sec: 120.38 - lr: 0.003125
2022-04-28 22:00:21,464 epoch 37 - iter 50/107 - loss 0.03591899 - samples/sec: 124.31 - lr: 0.003125
2022-04-28 22:00:24,106 epoch 37 - iter 60/107 - loss 0.03604807 - samples/sec: 121.19 - lr: 0.003125
2022-04-28 22:00:26,847 epoch 37 - iter 70/107 - loss 0.03527379 - samples/sec: 116.77 - lr: 0.003125
2022-04-28 22:00:29,474 epoch 37 - iter 80/107 - loss 0.03612330 - samples/sec: 121.83 - lr: 0.003125
2022-04-28 22:00:32,115 epoch 37 - iter 90/107 - loss 0.03609592 - samples/sec: 121.22 - lr: 0.003125
2022-04-28 22:00:34,751 epoch 37 - iter 100/107 - loss 0.03617647 - samples/sec: 121.45 - lr: 0.003125
2022-04-28 22:00:36,345 ----------------------------------------------------------------------------------------------------
2022-04-28 22:00:36,345 EPOCH 37 done: loss 0.0359 - lr 0.003125
2022-04-28 22:00:44,577 Evaluating as a multi-label problem: False
2022-04-28 22:00:44,588 DEV : loss 0.21969780325889587 - f1-score (micro avg)  0.5077
2022-04-28 22:00:44,661 BAD EPOCHS (no improvement): 3
2022-04-28 22:00:44,663 ----------------------------------------------------------------------------------------------------
2022-04-28 22:00:47,130 epoch 38 - iter 10/107 - loss 0.03404370 - samples/sec: 129.83 - lr: 0.003125
2022-04-28 22:00:49,732 epoch 38 - iter 20/107 - loss 0.03540459 - samples/sec: 123.01 - lr: 0.003125
2022-04-28 22:00:52,295 epoch 38 - iter 30/107 - loss 0.03511738 - samples/sec: 124.91 - lr: 0.003125
2022-04-28 22:00:54,900 epoch 38 - iter 40/107 - loss 0.03439979 - samples/sec: 122.91 - lr: 0.003125
2022-04-28 22:00:57,517 epoch 38 - iter 50/107 - loss 0.03375584 - samples/sec: 122.32 - lr: 0.003125
2022-04-28 22:01:00,174 epoch 38 - iter 60/107 - loss 0.03391135 - samples/sec: 120.46 - lr: 0.003125
2022-04-28 22:01:02,716 epoch 38 - iter 70/107 - loss 0.03364305 - samples/sec: 125.93 - lr: 0.003125
2022-04-28 22:01:05,365 epoch 38 - iter 80/107 - loss 0.03355380 - samples/sec: 120.84 - lr: 0.003125
2022-04-28 22:01:08,044 epoch 38 - iter 90/107 - loss 0.03380050 - samples/sec: 119.49 - lr: 0.003125
2022-04-28 22:01:10,659 epoch 38 - iter 100/107 - loss 0.03515254 - samples/sec: 122.40 - lr: 0.003125
2022-04-28 22:01:12,294 ----------------------------------------------------------------------------------------------------
2022-04-28 22:01:12,294 EPOCH 38 done: loss 0.0350 - lr 0.003125
2022-04-28 22:01:20,513 Evaluating as a multi-label problem: False
2022-04-28 22:01:20,523 DEV : loss 0.22140969336032867 - f1-score (micro avg)  0.5027
2022-04-28 22:01:20,595 Epoch    38: reducing learning rate of group 0 to 1.5625e-03.
2022-04-28 22:01:20,595 BAD EPOCHS (no improvement): 4
2022-04-28 22:01:20,598 ----------------------------------------------------------------------------------------------------
2022-04-28 22:01:23,281 epoch 39 - iter 10/107 - loss 0.04115391 - samples/sec: 119.32 - lr: 0.001563
2022-04-28 22:01:25,946 epoch 39 - iter 20/107 - loss 0.03905460 - samples/sec: 120.14 - lr: 0.001563
2022-04-28 22:01:28,581 epoch 39 - iter 30/107 - loss 0.03780087 - samples/sec: 121.47 - lr: 0.001563
2022-04-28 22:01:31,306 epoch 39 - iter 40/107 - loss 0.03555782 - samples/sec: 117.48 - lr: 0.001563
2022-04-28 22:01:34,002 epoch 39 - iter 50/107 - loss 0.03554889 - samples/sec: 118.72 - lr: 0.001563
2022-04-28 22:01:36,699 epoch 39 - iter 60/107 - loss 0.03652545 - samples/sec: 118.67 - lr: 0.001563
2022-04-28 22:01:39,423 epoch 39 - iter 70/107 - loss 0.03555250 - samples/sec: 117.53 - lr: 0.001563
2022-04-28 22:01:42,062 epoch 39 - iter 80/107 - loss 0.03508610 - samples/sec: 121.28 - lr: 0.001563
2022-04-28 22:01:44,699 epoch 39 - iter 90/107 - loss 0.03514172 - samples/sec: 121.40 - lr: 0.001563
2022-04-28 22:01:47,341 epoch 39 - iter 100/107 - loss 0.03430423 - samples/sec: 121.20 - lr: 0.001563
2022-04-28 22:01:48,956 ----------------------------------------------------------------------------------------------------
2022-04-28 22:01:48,957 EPOCH 39 done: loss 0.0339 - lr 0.001563
2022-04-28 22:01:57,144 Evaluating as a multi-label problem: False
2022-04-28 22:01:57,155 DEV : loss 0.22287625074386597 - f1-score (micro avg)  0.5035
2022-04-28 22:01:57,227 BAD EPOCHS (no improvement): 1
2022-04-28 22:01:57,231 ----------------------------------------------------------------------------------------------------
2022-04-28 22:01:59,961 epoch 40 - iter 10/107 - loss 0.02607257 - samples/sec: 117.25 - lr: 0.001563
2022-04-28 22:02:02,660 epoch 40 - iter 20/107 - loss 0.02860241 - samples/sec: 118.62 - lr: 0.001563
2022-04-28 22:02:05,272 epoch 40 - iter 30/107 - loss 0.03077319 - samples/sec: 122.53 - lr: 0.001563
2022-04-28 22:02:07,924 epoch 40 - iter 40/107 - loss 0.03350104 - samples/sec: 120.71 - lr: 0.001563
2022-04-28 22:02:10,637 epoch 40 - iter 50/107 - loss 0.03497091 - samples/sec: 117.99 - lr: 0.001563
2022-04-28 22:02:13,266 epoch 40 - iter 60/107 - loss 0.03462862 - samples/sec: 121.73 - lr: 0.001563
2022-04-28 22:02:15,916 epoch 40 - iter 70/107 - loss 0.03321273 - samples/sec: 120.80 - lr: 0.001563
2022-04-28 22:02:18,543 epoch 40 - iter 80/107 - loss 0.03446798 - samples/sec: 121.84 - lr: 0.001563
2022-04-28 22:02:21,272 epoch 40 - iter 90/107 - loss 0.03405046 - samples/sec: 117.30 - lr: 0.001563
2022-04-28 22:02:23,999 epoch 40 - iter 100/107 - loss 0.03368277 - samples/sec: 117.39 - lr: 0.001563
2022-04-28 22:02:25,605 ----------------------------------------------------------------------------------------------------
2022-04-28 22:02:25,605 EPOCH 40 done: loss 0.0342 - lr 0.001563
2022-04-28 22:02:33,811 Evaluating as a multi-label problem: False
2022-04-28 22:02:33,822 DEV : loss 0.22178782522678375 - f1-score (micro avg)  0.5031
2022-04-28 22:02:33,892 BAD EPOCHS (no improvement): 2
2022-04-28 22:02:33,896 ----------------------------------------------------------------------------------------------------
2022-04-28 22:02:36,640 epoch 41 - iter 10/107 - loss 0.03266286 - samples/sec: 116.66 - lr: 0.001563
2022-04-28 22:02:39,266 epoch 41 - iter 20/107 - loss 0.03219810 - samples/sec: 121.90 - lr: 0.001563
2022-04-28 22:02:41,907 epoch 41 - iter 30/107 - loss 0.03335656 - samples/sec: 121.21 - lr: 0.001563
2022-04-28 22:02:44,645 epoch 41 - iter 40/107 - loss 0.03219189 - samples/sec: 116.93 - lr: 0.001563
2022-04-28 22:02:47,326 epoch 41 - iter 50/107 - loss 0.03345296 - samples/sec: 119.38 - lr: 0.001563
2022-04-28 22:02:49,926 epoch 41 - iter 60/107 - loss 0.03349507 - samples/sec: 123.15 - lr: 0.001563
2022-04-28 22:02:52,563 epoch 41 - iter 70/107 - loss 0.03333040 - samples/sec: 121.39 - lr: 0.001563
2022-04-28 22:02:55,246 epoch 41 - iter 80/107 - loss 0.03255805 - samples/sec: 119.31 - lr: 0.001563
2022-04-28 22:02:57,895 epoch 41 - iter 90/107 - loss 0.03239910 - samples/sec: 120.81 - lr: 0.001563
2022-04-28 22:03:00,624 epoch 41 - iter 100/107 - loss 0.03312487 - samples/sec: 117.31 - lr: 0.001563
2022-04-28 22:03:02,287 ----------------------------------------------------------------------------------------------------
2022-04-28 22:03:02,287 EPOCH 41 done: loss 0.0333 - lr 0.001563
2022-04-28 22:03:10,519 Evaluating as a multi-label problem: False
2022-04-28 22:03:10,530 DEV : loss 0.22185632586479187 - f1-score (micro avg)  0.5035
2022-04-28 22:03:10,602 BAD EPOCHS (no improvement): 3
2022-04-28 22:03:10,605 ----------------------------------------------------------------------------------------------------
2022-04-28 22:03:13,364 epoch 42 - iter 10/107 - loss 0.03107876 - samples/sec: 116.02 - lr: 0.001563
2022-04-28 22:03:16,030 epoch 42 - iter 20/107 - loss 0.03182622 - samples/sec: 120.07 - lr: 0.001563
2022-04-28 22:03:18,644 epoch 42 - iter 30/107 - loss 0.03610348 - samples/sec: 122.48 - lr: 0.001563
2022-04-28 22:03:21,359 epoch 42 - iter 40/107 - loss 0.03616047 - samples/sec: 117.87 - lr: 0.001563
2022-04-28 22:03:23,958 epoch 42 - iter 50/107 - loss 0.03427052 - samples/sec: 123.16 - lr: 0.001563
2022-04-28 22:03:26,566 epoch 42 - iter 60/107 - loss 0.03354083 - samples/sec: 122.77 - lr: 0.001563
2022-04-28 22:03:29,262 epoch 42 - iter 70/107 - loss 0.03367745 - samples/sec: 118.70 - lr: 0.001563
2022-04-28 22:03:31,950 epoch 42 - iter 80/107 - loss 0.03354091 - samples/sec: 119.10 - lr: 0.001563
2022-04-28 22:03:34,692 epoch 42 - iter 90/107 - loss 0.03281806 - samples/sec: 116.75 - lr: 0.001563
2022-04-28 22:03:37,295 epoch 42 - iter 100/107 - loss 0.03327263 - samples/sec: 122.97 - lr: 0.001563
2022-04-28 22:03:38,866 ----------------------------------------------------------------------------------------------------
2022-04-28 22:03:38,866 EPOCH 42 done: loss 0.0340 - lr 0.001563
2022-04-28 22:03:47,092 Evaluating as a multi-label problem: False
2022-04-28 22:03:47,103 DEV : loss 0.21850556135177612 - f1-score (micro avg)  0.5103
2022-04-28 22:03:47,173 Epoch    42: reducing learning rate of group 0 to 7.8125e-04.
2022-04-28 22:03:47,173 BAD EPOCHS (no improvement): 4
2022-04-28 22:03:47,176 ----------------------------------------------------------------------------------------------------
2022-04-28 22:03:49,844 epoch 43 - iter 10/107 - loss 0.03000783 - samples/sec: 119.97 - lr: 0.000781
2022-04-28 22:03:52,542 epoch 43 - iter 20/107 - loss 0.03308731 - samples/sec: 118.64 - lr: 0.000781
2022-04-28 22:03:55,177 epoch 43 - iter 30/107 - loss 0.03461247 - samples/sec: 121.48 - lr: 0.000781
2022-04-28 22:03:57,819 epoch 43 - iter 40/107 - loss 0.03294138 - samples/sec: 121.19 - lr: 0.000781
2022-04-28 22:04:00,480 epoch 43 - iter 50/107 - loss 0.03186087 - samples/sec: 120.28 - lr: 0.000781
2022-04-28 22:04:03,188 epoch 43 - iter 60/107 - loss 0.03309898 - samples/sec: 118.21 - lr: 0.000781
2022-04-28 22:04:05,816 epoch 43 - iter 70/107 - loss 0.03252893 - samples/sec: 121.80 - lr: 0.000781
2022-04-28 22:04:08,445 epoch 43 - iter 80/107 - loss 0.03326374 - samples/sec: 121.75 - lr: 0.000781
2022-04-28 22:04:11,150 epoch 43 - iter 90/107 - loss 0.03328222 - samples/sec: 118.35 - lr: 0.000781
2022-04-28 22:04:13,773 epoch 43 - iter 100/107 - loss 0.03374772 - samples/sec: 122.02 - lr: 0.000781
2022-04-28 22:04:15,392 ----------------------------------------------------------------------------------------------------
2022-04-28 22:04:15,392 EPOCH 43 done: loss 0.0338 - lr 0.000781
2022-04-28 22:04:23,610 Evaluating as a multi-label problem: False
2022-04-28 22:04:23,620 DEV : loss 0.2201974093914032 - f1-score (micro avg)  0.5054
2022-04-28 22:04:23,691 BAD EPOCHS (no improvement): 1
2022-04-28 22:04:23,694 ----------------------------------------------------------------------------------------------------
2022-04-28 22:04:26,306 epoch 44 - iter 10/107 - loss 0.04015304 - samples/sec: 122.53 - lr: 0.000781
2022-04-28 22:04:28,999 epoch 44 - iter 20/107 - loss 0.03690755 - samples/sec: 118.87 - lr: 0.000781
2022-04-28 22:04:31,680 epoch 44 - iter 30/107 - loss 0.03850236 - samples/sec: 119.43 - lr: 0.000781
2022-04-28 22:04:34,439 epoch 44 - iter 40/107 - loss 0.03719897 - samples/sec: 116.01 - lr: 0.000781
2022-04-28 22:04:37,195 epoch 44 - iter 50/107 - loss 0.03575830 - samples/sec: 116.15 - lr: 0.000781
2022-04-28 22:04:39,824 epoch 44 - iter 60/107 - loss 0.03627345 - samples/sec: 121.79 - lr: 0.000781
2022-04-28 22:04:42,502 epoch 44 - iter 70/107 - loss 0.03570888 - samples/sec: 119.51 - lr: 0.000781
2022-04-28 22:04:45,140 epoch 44 - iter 80/107 - loss 0.03488626 - samples/sec: 121.34 - lr: 0.000781
2022-04-28 22:04:47,771 epoch 44 - iter 90/107 - loss 0.03521555 - samples/sec: 121.70 - lr: 0.000781
2022-04-28 22:04:50,353 epoch 44 - iter 100/107 - loss 0.03498856 - samples/sec: 123.97 - lr: 0.000781
2022-04-28 22:04:51,993 ----------------------------------------------------------------------------------------------------
2022-04-28 22:04:51,993 EPOCH 44 done: loss 0.0353 - lr 0.000781
2022-04-28 22:05:00,209 Evaluating as a multi-label problem: False
2022-04-28 22:05:00,220 DEV : loss 0.22086414694786072 - f1-score (micro avg)  0.5043
2022-04-28 22:05:00,292 BAD EPOCHS (no improvement): 2
2022-04-28 22:05:00,294 ----------------------------------------------------------------------------------------------------
2022-04-28 22:05:03,026 epoch 45 - iter 10/107 - loss 0.03475630 - samples/sec: 117.17 - lr: 0.000781
2022-04-28 22:05:05,594 epoch 45 - iter 20/107 - loss 0.03201842 - samples/sec: 124.64 - lr: 0.000781
2022-04-28 22:05:08,319 epoch 45 - iter 30/107 - loss 0.03118260 - samples/sec: 117.47 - lr: 0.000781
2022-04-28 22:05:10,943 epoch 45 - iter 40/107 - loss 0.03136087 - samples/sec: 122.01 - lr: 0.000781
2022-04-28 22:05:13,647 epoch 45 - iter 50/107 - loss 0.03057039 - samples/sec: 118.37 - lr: 0.000781
2022-04-28 22:05:16,351 epoch 45 - iter 60/107 - loss 0.03097722 - samples/sec: 118.38 - lr: 0.000781
2022-04-28 22:05:19,051 epoch 45 - iter 70/107 - loss 0.03041927 - samples/sec: 118.55 - lr: 0.000781
2022-04-28 22:05:21,573 epoch 45 - iter 80/107 - loss 0.03139655 - samples/sec: 126.91 - lr: 0.000781
2022-04-28 22:05:24,195 epoch 45 - iter 90/107 - loss 0.03188939 - samples/sec: 122.12 - lr: 0.000781
2022-04-28 22:05:26,854 epoch 45 - iter 100/107 - loss 0.03203968 - samples/sec: 120.35 - lr: 0.000781
2022-04-28 22:05:28,547 ----------------------------------------------------------------------------------------------------
2022-04-28 22:05:28,547 EPOCH 45 done: loss 0.0327 - lr 0.000781
2022-04-28 22:05:36,751 Evaluating as a multi-label problem: False
2022-04-28 22:05:36,762 DEV : loss 0.2216682732105255 - f1-score (micro avg)  0.5016
2022-04-28 22:05:36,832 BAD EPOCHS (no improvement): 3
2022-04-28 22:05:36,836 ----------------------------------------------------------------------------------------------------
2022-04-28 22:05:39,447 epoch 46 - iter 10/107 - loss 0.03833995 - samples/sec: 122.61 - lr: 0.000781
2022-04-28 22:05:42,006 epoch 46 - iter 20/107 - loss 0.03490100 - samples/sec: 125.09 - lr: 0.000781
2022-04-28 22:05:44,721 epoch 46 - iter 30/107 - loss 0.03291701 - samples/sec: 117.91 - lr: 0.000781
2022-04-28 22:05:47,362 epoch 46 - iter 40/107 - loss 0.03476542 - samples/sec: 121.22 - lr: 0.000781
2022-04-28 22:05:50,119 epoch 46 - iter 50/107 - loss 0.03458056 - samples/sec: 116.09 - lr: 0.000781
2022-04-28 22:05:52,843 epoch 46 - iter 60/107 - loss 0.03537049 - samples/sec: 117.51 - lr: 0.000781
2022-04-28 22:05:55,439 epoch 46 - iter 70/107 - loss 0.03584371 - samples/sec: 123.34 - lr: 0.000781
2022-04-28 22:05:58,005 epoch 46 - iter 80/107 - loss 0.03474030 - samples/sec: 124.74 - lr: 0.000781
2022-04-28 22:06:00,640 epoch 46 - iter 90/107 - loss 0.03462105 - samples/sec: 121.50 - lr: 0.000781
2022-04-28 22:06:03,252 epoch 46 - iter 100/107 - loss 0.03441320 - samples/sec: 122.55 - lr: 0.000781
2022-04-28 22:06:04,841 ----------------------------------------------------------------------------------------------------
2022-04-28 22:06:04,841 EPOCH 46 done: loss 0.0346 - lr 0.000781
2022-04-28 22:06:12,904 Evaluating as a multi-label problem: False
2022-04-28 22:06:12,914 DEV : loss 0.22320255637168884 - f1-score (micro avg)  0.5004
2022-04-28 22:06:12,985 Epoch    46: reducing learning rate of group 0 to 3.9063e-04.
2022-04-28 22:06:12,985 BAD EPOCHS (no improvement): 4
2022-04-28 22:06:12,988 ----------------------------------------------------------------------------------------------------
2022-04-28 22:06:15,487 epoch 47 - iter 10/107 - loss 0.03340117 - samples/sec: 128.13 - lr: 0.000391
2022-04-28 22:06:18,038 epoch 47 - iter 20/107 - loss 0.03216746 - samples/sec: 125.52 - lr: 0.000391
2022-04-28 22:06:20,791 epoch 47 - iter 30/107 - loss 0.03262394 - samples/sec: 116.26 - lr: 0.000391
2022-04-28 22:06:23,432 epoch 47 - iter 40/107 - loss 0.03244532 - samples/sec: 121.19 - lr: 0.000391
2022-04-28 22:06:25,999 epoch 47 - iter 50/107 - loss 0.03465906 - samples/sec: 124.71 - lr: 0.000391
2022-04-28 22:06:28,580 epoch 47 - iter 60/107 - loss 0.03536824 - samples/sec: 124.02 - lr: 0.000391
2022-04-28 22:06:31,300 epoch 47 - iter 70/107 - loss 0.03520614 - samples/sec: 117.71 - lr: 0.000391
2022-04-28 22:06:33,981 epoch 47 - iter 80/107 - loss 0.03625440 - samples/sec: 119.41 - lr: 0.000391
2022-04-28 22:06:36,637 epoch 47 - iter 90/107 - loss 0.03657635 - samples/sec: 120.49 - lr: 0.000391
2022-04-28 22:06:39,360 epoch 47 - iter 100/107 - loss 0.03520774 - samples/sec: 117.58 - lr: 0.000391
2022-04-28 22:06:40,994 ----------------------------------------------------------------------------------------------------
2022-04-28 22:06:40,994 EPOCH 47 done: loss 0.0351 - lr 0.000391
2022-04-28 22:06:49,208 Evaluating as a multi-label problem: False
2022-04-28 22:06:49,219 DEV : loss 0.22261330485343933 - f1-score (micro avg)  0.5004
2022-04-28 22:06:49,290 BAD EPOCHS (no improvement): 1
2022-04-28 22:06:49,293 ----------------------------------------------------------------------------------------------------
2022-04-28 22:06:51,972 epoch 48 - iter 10/107 - loss 0.03263251 - samples/sec: 119.48 - lr: 0.000391
2022-04-28 22:06:54,815 epoch 48 - iter 20/107 - loss 0.03534620 - samples/sec: 112.58 - lr: 0.000391
2022-04-28 22:06:57,511 epoch 48 - iter 30/107 - loss 0.03612353 - samples/sec: 118.75 - lr: 0.000391
2022-04-28 22:07:00,078 epoch 48 - iter 40/107 - loss 0.03593845 - samples/sec: 124.72 - lr: 0.000391
2022-04-28 22:07:02,694 epoch 48 - iter 50/107 - loss 0.03598254 - samples/sec: 122.35 - lr: 0.000391
2022-04-28 22:07:05,353 epoch 48 - iter 60/107 - loss 0.03536878 - samples/sec: 120.40 - lr: 0.000391
2022-04-28 22:07:07,960 epoch 48 - iter 70/107 - loss 0.03498714 - samples/sec: 122.74 - lr: 0.000391
2022-04-28 22:07:10,567 epoch 48 - iter 80/107 - loss 0.03414073 - samples/sec: 122.79 - lr: 0.000391
2022-04-28 22:07:13,248 epoch 48 - iter 90/107 - loss 0.03463350 - samples/sec: 119.44 - lr: 0.000391
2022-04-28 22:07:15,933 epoch 48 - iter 100/107 - loss 0.03449369 - samples/sec: 119.19 - lr: 0.000391
2022-04-28 22:07:17,579 ----------------------------------------------------------------------------------------------------
2022-04-28 22:07:17,580 EPOCH 48 done: loss 0.0346 - lr 0.000391
2022-04-28 22:07:25,831 Evaluating as a multi-label problem: False
2022-04-28 22:07:25,842 DEV : loss 0.22271795570850372 - f1-score (micro avg)  0.5004
2022-04-28 22:07:25,914 BAD EPOCHS (no improvement): 2
2022-04-28 22:07:25,916 ----------------------------------------------------------------------------------------------------
2022-04-28 22:07:28,729 epoch 49 - iter 10/107 - loss 0.04183679 - samples/sec: 113.85 - lr: 0.000391
2022-04-28 22:07:31,394 epoch 49 - iter 20/107 - loss 0.03747613 - samples/sec: 120.14 - lr: 0.000391
2022-04-28 22:07:33,999 epoch 49 - iter 30/107 - loss 0.03500804 - samples/sec: 122.86 - lr: 0.000391
2022-04-28 22:07:36,735 epoch 49 - iter 40/107 - loss 0.03387251 - samples/sec: 116.99 - lr: 0.000391
2022-04-28 22:07:39,402 epoch 49 - iter 50/107 - loss 0.03308684 - samples/sec: 120.03 - lr: 0.000391
2022-04-28 22:07:42,018 epoch 49 - iter 60/107 - loss 0.03279776 - samples/sec: 122.35 - lr: 0.000391
2022-04-28 22:07:44,729 epoch 49 - iter 70/107 - loss 0.03237494 - samples/sec: 118.08 - lr: 0.000391
2022-04-28 22:07:47,237 epoch 49 - iter 80/107 - loss 0.03232883 - samples/sec: 127.66 - lr: 0.000391
2022-04-28 22:07:50,008 epoch 49 - iter 90/107 - loss 0.03330086 - samples/sec: 115.50 - lr: 0.000391
2022-04-28 22:07:52,685 epoch 49 - iter 100/107 - loss 0.03355459 - samples/sec: 119.59 - lr: 0.000391
2022-04-28 22:07:54,315 ----------------------------------------------------------------------------------------------------
2022-04-28 22:07:54,315 EPOCH 49 done: loss 0.0331 - lr 0.000391
2022-04-28 22:08:02,502 Evaluating as a multi-label problem: False
2022-04-28 22:08:02,513 DEV : loss 0.2228933423757553 - f1-score (micro avg)  0.5004
2022-04-28 22:08:02,584 BAD EPOCHS (no improvement): 3
2022-04-28 22:08:02,586 ----------------------------------------------------------------------------------------------------
2022-04-28 22:08:05,284 epoch 50 - iter 10/107 - loss 0.03102162 - samples/sec: 118.68 - lr: 0.000391
2022-04-28 22:08:07,933 epoch 50 - iter 20/107 - loss 0.02870799 - samples/sec: 120.83 - lr: 0.000391
2022-04-28 22:08:10,631 epoch 50 - iter 30/107 - loss 0.02889860 - samples/sec: 118.66 - lr: 0.000391
2022-04-28 22:08:13,292 epoch 50 - iter 40/107 - loss 0.03252413 - samples/sec: 120.30 - lr: 0.000391
2022-04-28 22:08:16,053 epoch 50 - iter 50/107 - loss 0.03285863 - samples/sec: 115.92 - lr: 0.000391
2022-04-28 22:08:18,648 epoch 50 - iter 60/107 - loss 0.03314227 - samples/sec: 123.33 - lr: 0.000391
2022-04-28 22:08:21,395 epoch 50 - iter 70/107 - loss 0.03306475 - samples/sec: 116.57 - lr: 0.000391
2022-04-28 22:08:24,111 epoch 50 - iter 80/107 - loss 0.03367034 - samples/sec: 117.85 - lr: 0.000391
2022-04-28 22:08:26,724 epoch 50 - iter 90/107 - loss 0.03394430 - samples/sec: 122.53 - lr: 0.000391
2022-04-28 22:08:29,479 epoch 50 - iter 100/107 - loss 0.03356798 - samples/sec: 116.18 - lr: 0.000391
2022-04-28 22:08:31,130 ----------------------------------------------------------------------------------------------------
2022-04-28 22:08:31,130 EPOCH 50 done: loss 0.0342 - lr 0.000391
2022-04-28 22:08:39,291 Evaluating as a multi-label problem: False
2022-04-28 22:08:39,302 DEV : loss 0.22279219329357147 - f1-score (micro avg)  0.5
2022-04-28 22:08:39,374 Epoch    50: reducing learning rate of group 0 to 1.9531e-04.
2022-04-28 22:08:39,374 BAD EPOCHS (no improvement): 4
2022-04-28 22:08:39,377 ----------------------------------------------------------------------------------------------------
2022-04-28 22:08:42,141 epoch 51 - iter 10/107 - loss 0.03927604 - samples/sec: 115.82 - lr: 0.000195
2022-04-28 22:08:44,796 epoch 51 - iter 20/107 - loss 0.03383205 - samples/sec: 120.56 - lr: 0.000195
2022-04-28 22:08:47,441 epoch 51 - iter 30/107 - loss 0.03601032 - samples/sec: 121.04 - lr: 0.000195
2022-04-28 22:08:50,102 epoch 51 - iter 40/107 - loss 0.03441942 - samples/sec: 120.26 - lr: 0.000195
2022-04-28 22:08:52,742 epoch 51 - iter 50/107 - loss 0.03451212 - samples/sec: 121.29 - lr: 0.000195
2022-04-28 22:08:55,391 epoch 51 - iter 60/107 - loss 0.03447687 - samples/sec: 120.83 - lr: 0.000195
2022-04-28 22:08:57,945 epoch 51 - iter 70/107 - loss 0.03365086 - samples/sec: 125.33 - lr: 0.000195
2022-04-28 22:09:00,681 epoch 51 - iter 80/107 - loss 0.03334148 - samples/sec: 116.98 - lr: 0.000195
2022-04-28 22:09:03,367 epoch 51 - iter 90/107 - loss 0.03255050 - samples/sec: 119.20 - lr: 0.000195
2022-04-28 22:09:06,109 epoch 51 - iter 100/107 - loss 0.03275940 - samples/sec: 116.73 - lr: 0.000195
2022-04-28 22:09:07,701 ----------------------------------------------------------------------------------------------------
2022-04-28 22:09:07,701 EPOCH 51 done: loss 0.0332 - lr 0.000195
2022-04-28 22:09:15,900 Evaluating as a multi-label problem: False
2022-04-28 22:09:15,910 DEV : loss 0.22309523820877075 - f1-score (micro avg)  0.5
2022-04-28 22:09:15,982 BAD EPOCHS (no improvement): 1
2022-04-28 22:09:15,985 ----------------------------------------------------------------------------------------------------
2022-04-28 22:09:18,629 epoch 52 - iter 10/107 - loss 0.03429595 - samples/sec: 121.10 - lr: 0.000195
2022-04-28 22:09:21,409 epoch 52 - iter 20/107 - loss 0.03357295 - samples/sec: 115.17 - lr: 0.000195
2022-04-28 22:09:24,002 epoch 52 - iter 30/107 - loss 0.03174740 - samples/sec: 123.46 - lr: 0.000195
2022-04-28 22:09:26,679 epoch 52 - iter 40/107 - loss 0.03309989 - samples/sec: 119.56 - lr: 0.000195
2022-04-28 22:09:29,299 epoch 52 - iter 50/107 - loss 0.03172122 - samples/sec: 122.22 - lr: 0.000195
2022-04-28 22:09:31,978 epoch 52 - iter 60/107 - loss 0.03270022 - samples/sec: 119.46 - lr: 0.000195
2022-04-28 22:09:34,706 epoch 52 - iter 70/107 - loss 0.03394935 - samples/sec: 117.36 - lr: 0.000195
2022-04-28 22:09:37,332 epoch 52 - iter 80/107 - loss 0.03384034 - samples/sec: 121.87 - lr: 0.000195
2022-04-28 22:09:39,905 epoch 52 - iter 90/107 - loss 0.03369714 - samples/sec: 124.43 - lr: 0.000195
2022-04-28 22:09:42,598 epoch 52 - iter 100/107 - loss 0.03380730 - samples/sec: 118.86 - lr: 0.000195
2022-04-28 22:09:44,311 ----------------------------------------------------------------------------------------------------
2022-04-28 22:09:44,311 EPOCH 52 done: loss 0.0344 - lr 0.000195
2022-04-28 22:09:52,505 Evaluating as a multi-label problem: False
2022-04-28 22:09:52,516 DEV : loss 0.22277399897575378 - f1-score (micro avg)  0.5019
2022-04-28 22:09:52,588 BAD EPOCHS (no improvement): 2
2022-04-28 22:09:52,591 ----------------------------------------------------------------------------------------------------
2022-04-28 22:09:55,218 epoch 53 - iter 10/107 - loss 0.02715851 - samples/sec: 121.87 - lr: 0.000195
2022-04-28 22:09:57,847 epoch 53 - iter 20/107 - loss 0.03677976 - samples/sec: 121.77 - lr: 0.000195
2022-04-28 22:10:00,511 epoch 53 - iter 30/107 - loss 0.03658405 - samples/sec: 120.13 - lr: 0.000195
2022-04-28 22:10:03,280 epoch 53 - iter 40/107 - loss 0.03498482 - samples/sec: 115.63 - lr: 0.000195
2022-04-28 22:10:05,952 epoch 53 - iter 50/107 - loss 0.03326477 - samples/sec: 119.80 - lr: 0.000195
2022-04-28 22:10:08,516 epoch 53 - iter 60/107 - loss 0.03427402 - samples/sec: 124.80 - lr: 0.000195
2022-04-28 22:10:11,327 epoch 53 - iter 70/107 - loss 0.03561600 - samples/sec: 113.87 - lr: 0.000195
2022-04-28 22:10:13,977 epoch 53 - iter 80/107 - loss 0.03559167 - samples/sec: 120.80 - lr: 0.000195
2022-04-28 22:10:16,668 epoch 53 - iter 90/107 - loss 0.03530408 - samples/sec: 118.99 - lr: 0.000195
2022-04-28 22:10:19,331 epoch 53 - iter 100/107 - loss 0.03534574 - samples/sec: 120.22 - lr: 0.000195
2022-04-28 22:10:20,952 ----------------------------------------------------------------------------------------------------
2022-04-28 22:10:20,952 EPOCH 53 done: loss 0.0357 - lr 0.000195
2022-04-28 22:10:29,194 Evaluating as a multi-label problem: False
2022-04-28 22:10:29,205 DEV : loss 0.2230755239725113 - f1-score (micro avg)  0.5
2022-04-28 22:10:29,277 BAD EPOCHS (no improvement): 3
2022-04-28 22:10:29,280 ----------------------------------------------------------------------------------------------------
2022-04-28 22:10:32,020 epoch 54 - iter 10/107 - loss 0.04149646 - samples/sec: 116.81 - lr: 0.000195
2022-04-28 22:10:34,704 epoch 54 - iter 20/107 - loss 0.04032062 - samples/sec: 119.29 - lr: 0.000195
2022-04-28 22:10:37,387 epoch 54 - iter 30/107 - loss 0.03547942 - samples/sec: 119.29 - lr: 0.000195
2022-04-28 22:10:40,005 epoch 54 - iter 40/107 - loss 0.03558083 - samples/sec: 122.28 - lr: 0.000195
2022-04-28 22:10:42,676 epoch 54 - iter 50/107 - loss 0.03581714 - samples/sec: 119.84 - lr: 0.000195
2022-04-28 22:10:45,350 epoch 54 - iter 60/107 - loss 0.03523639 - samples/sec: 119.69 - lr: 0.000195
2022-04-28 22:10:48,045 epoch 54 - iter 70/107 - loss 0.03549923 - samples/sec: 118.80 - lr: 0.000195
2022-04-28 22:10:50,635 epoch 54 - iter 80/107 - loss 0.03502675 - samples/sec: 123.56 - lr: 0.000195
2022-04-28 22:10:53,283 epoch 54 - iter 90/107 - loss 0.03531010 - samples/sec: 120.92 - lr: 0.000195
2022-04-28 22:10:55,888 epoch 54 - iter 100/107 - loss 0.03364717 - samples/sec: 122.85 - lr: 0.000195
2022-04-28 22:10:57,488 ----------------------------------------------------------------------------------------------------
2022-04-28 22:10:57,489 EPOCH 54 done: loss 0.0333 - lr 0.000195
2022-04-28 22:11:05,691 Evaluating as a multi-label problem: False
2022-04-28 22:11:05,702 DEV : loss 0.22314637899398804 - f1-score (micro avg)  0.5016
2022-04-28 22:11:05,773 Epoch    54: reducing learning rate of group 0 to 9.7656e-05.
2022-04-28 22:11:05,773 BAD EPOCHS (no improvement): 4
2022-04-28 22:11:05,776 ----------------------------------------------------------------------------------------------------
2022-04-28 22:11:05,776 ----------------------------------------------------------------------------------------------------
2022-04-28 22:11:05,776 learning rate too small - quitting training!
2022-04-28 22:11:05,777 ----------------------------------------------------------------------------------------------------
2022-04-28 22:11:54,310 ----------------------------------------------------------------------------------------------------
2022-04-28 22:11:54,311 loading file resources/taggers/model_03_r5_run_3/best-model.pt
2022-04-28 22:12:27,908 SequenceTagger predicts: Dictionary with 27 tags: O, S-person, B-person, E-person, I-person, S-location, B-location, E-location, I-location, S-group, B-group, E-group, I-group, S-corporation, B-corporation, E-corporation, I-corporation, S-product, B-product, E-product, I-product, S-creative-work, B-creative-work, E-creative-work, I-creative-work, <START>, <STOP>
2022-04-28 22:12:54,500 Evaluating as a multi-label problem: False
2022-04-28 22:12:54,513 0.6496	0.3299	0.4376	0.2957
2022-04-28 22:12:54,513 
Results:
- F-score (micro) 0.4376
- F-score (macro) 0.3373
- Accuracy 0.2957

By class:
               precision    recall  f1-score   support

       person     0.7402    0.4848    0.5859       429
     location     0.6949    0.5467    0.6119       150
        group     0.5000    0.1273    0.2029       165
creative-work     0.5946    0.1549    0.2458       142
      product     0.2222    0.0315    0.0552       127
  corporation     0.3654    0.2879    0.3220        66

    micro avg     0.6496    0.3299    0.4376      1079
    macro avg     0.5196    0.2722    0.3373      1079
 weighted avg     0.5941    0.3299    0.4076      1079

2022-04-28 22:12:54,513 ----------------------------------------------------------------------------------------------------
