2022-05-13 14:02:09,659 ----------------------------------------------------------------------------------------------------
2022-05-13 14:02:09,660 Model: "SequenceTagger(
  (embeddings): StackedEmbeddings(
    (list_embedding_0): GazetteerEmbeddings()
    (list_embedding_1): WordEmbeddings(
      'glove'
      (embedding): Embedding(400001, 100)
    )
    (list_embedding_2): FlairEmbeddings(
      (lm): LanguageModel(
        (drop): Dropout(p=0.05, inplace=False)
        (encoder): Embedding(300, 100)
        (rnn): LSTM(100, 2048)
        (decoder): Linear(in_features=2048, out_features=300, bias=True)
      )
    )
    (list_embedding_3): FlairEmbeddings(
      (lm): LanguageModel(
        (drop): Dropout(p=0.05, inplace=False)
        (encoder): Embedding(300, 100)
        (rnn): LSTM(100, 2048)
        (decoder): Linear(in_features=2048, out_features=300, bias=True)
      )
    )
  )
  (word_dropout): WordDropout(p=0.05)
  (locked_dropout): LockedDropout(p=0.5)
  (embedding2nn): Linear(in_features=4362, out_features=4362, bias=True)
  (rnn): LSTM(4362, 256, batch_first=True, bidirectional=True)
  (linear): Linear(in_features=512, out_features=27, bias=True)
  (loss_function): ViterbiLoss()
  (crf): CRF()
)"
2022-05-13 14:02:09,663 ----------------------------------------------------------------------------------------------------
2022-05-13 14:02:09,663 Corpus: "Corpus: 3394 train + 1009 dev + 1287 test sentences"
2022-05-13 14:02:09,663 ----------------------------------------------------------------------------------------------------
2022-05-13 14:02:09,667 Parameters:
2022-05-13 14:02:09,667  - learning_rate: "0.100000"
2022-05-13 14:02:09,667  - mini_batch_size: "32"
2022-05-13 14:02:09,667  - patience: "3"
2022-05-13 14:02:09,667  - anneal_factor: "0.5"
2022-05-13 14:02:09,667  - max_epochs: "150"
2022-05-13 14:02:09,667  - shuffle: "True"
2022-05-13 14:02:09,667  - train_with_dev: "False"
2022-05-13 14:02:09,667  - batch_growth_annealing: "False"
2022-05-13 14:02:09,667 ----------------------------------------------------------------------------------------------------
2022-05-13 14:02:09,669 Model training base path: "resources/taggers/model_07_r10_run_1"
2022-05-13 14:02:09,669 ----------------------------------------------------------------------------------------------------
2022-05-13 14:02:09,669 Device: cuda:2
2022-05-13 14:02:09,669 ----------------------------------------------------------------------------------------------------
2022-05-13 14:02:09,669 Embeddings storage mode: cpu
2022-05-13 14:02:09,669 ----------------------------------------------------------------------------------------------------
2022-05-13 14:02:12,686 epoch 1 - iter 10/107 - loss 0.75582427 - samples/sec: 106.13 - lr: 0.100000
2022-05-13 14:02:15,756 epoch 1 - iter 20/107 - loss 0.51753755 - samples/sec: 104.24 - lr: 0.100000
2022-05-13 14:02:18,825 epoch 1 - iter 30/107 - loss 0.42799235 - samples/sec: 104.32 - lr: 0.100000
2022-05-13 14:02:21,855 epoch 1 - iter 40/107 - loss 0.38314120 - samples/sec: 105.65 - lr: 0.100000
2022-05-13 14:02:24,906 epoch 1 - iter 50/107 - loss 0.34981267 - samples/sec: 104.92 - lr: 0.100000
2022-05-13 14:02:27,978 epoch 1 - iter 60/107 - loss 0.33796813 - samples/sec: 104.23 - lr: 0.100000
2022-05-13 14:02:31,075 epoch 1 - iter 70/107 - loss 0.32893349 - samples/sec: 103.35 - lr: 0.100000
2022-05-13 14:02:33,999 epoch 1 - iter 80/107 - loss 0.32454746 - samples/sec: 109.50 - lr: 0.100000
2022-05-13 14:02:36,723 epoch 1 - iter 90/107 - loss 0.32116800 - samples/sec: 117.53 - lr: 0.100000
2022-05-13 14:02:39,502 epoch 1 - iter 100/107 - loss 0.31612931 - samples/sec: 115.17 - lr: 0.100000
2022-05-13 14:02:41,235 ----------------------------------------------------------------------------------------------------
2022-05-13 14:02:41,235 EPOCH 1 done: loss 0.3102 - lr 0.100000
2022-05-13 14:02:52,148 Evaluating as a multi-label problem: False
2022-05-13 14:02:52,160 DEV : loss 0.3663657009601593 - f1-score (micro avg)  0.2962
2022-05-13 14:02:52,241 BAD EPOCHS (no improvement): 0
2022-05-13 14:02:52,244 saving best model
2022-05-13 14:03:15,191 ----------------------------------------------------------------------------------------------------
2022-05-13 14:03:21,307 epoch 2 - iter 10/107 - loss 0.20884236 - samples/sec: 52.33 - lr: 0.100000
2022-05-13 14:03:23,197 epoch 2 - iter 20/107 - loss 0.21616087 - samples/sec: 169.48 - lr: 0.100000
2022-05-13 14:03:25,008 epoch 2 - iter 30/107 - loss 0.20013999 - samples/sec: 176.76 - lr: 0.100000
2022-05-13 14:03:26,724 epoch 2 - iter 40/107 - loss 0.19589173 - samples/sec: 186.58 - lr: 0.100000
2022-05-13 14:03:28,778 epoch 2 - iter 50/107 - loss 0.19173458 - samples/sec: 155.90 - lr: 0.100000
2022-05-13 14:03:30,993 epoch 2 - iter 60/107 - loss 0.19956737 - samples/sec: 144.54 - lr: 0.100000
2022-05-13 14:03:33,186 epoch 2 - iter 70/107 - loss 0.19768066 - samples/sec: 145.96 - lr: 0.100000
2022-05-13 14:03:35,347 epoch 2 - iter 80/107 - loss 0.19278260 - samples/sec: 148.19 - lr: 0.100000
2022-05-13 14:03:37,575 epoch 2 - iter 90/107 - loss 0.19012754 - samples/sec: 143.66 - lr: 0.100000
2022-05-13 14:03:39,730 epoch 2 - iter 100/107 - loss 0.18540508 - samples/sec: 148.60 - lr: 0.100000
2022-05-13 14:03:41,070 ----------------------------------------------------------------------------------------------------
2022-05-13 14:03:41,070 EPOCH 2 done: loss 0.1849 - lr 0.100000
2022-05-13 14:03:48,190 Evaluating as a multi-label problem: False
2022-05-13 14:03:48,201 DEV : loss 0.24441473186016083 - f1-score (micro avg)  0.4834
2022-05-13 14:03:48,288 BAD EPOCHS (no improvement): 0
2022-05-13 14:03:48,300 saving best model
2022-05-13 14:04:11,576 ----------------------------------------------------------------------------------------------------
2022-05-13 14:04:15,357 epoch 3 - iter 10/107 - loss 0.18317713 - samples/sec: 84.69 - lr: 0.100000
2022-05-13 14:04:19,126 epoch 3 - iter 20/107 - loss 0.17503705 - samples/sec: 84.93 - lr: 0.100000
2022-05-13 14:04:22,858 epoch 3 - iter 30/107 - loss 0.17358925 - samples/sec: 85.78 - lr: 0.100000
2022-05-13 14:04:26,479 epoch 3 - iter 40/107 - loss 0.16473602 - samples/sec: 88.40 - lr: 0.100000
2022-05-13 14:04:30,352 epoch 3 - iter 50/107 - loss 0.15748934 - samples/sec: 82.65 - lr: 0.100000
2022-05-13 14:04:34,434 epoch 3 - iter 60/107 - loss 0.15819303 - samples/sec: 78.43 - lr: 0.100000
2022-05-13 14:04:38,424 epoch 3 - iter 70/107 - loss 0.15817718 - samples/sec: 80.21 - lr: 0.100000
2022-05-13 14:04:41,394 epoch 3 - iter 80/107 - loss 0.15514934 - samples/sec: 107.81 - lr: 0.100000
2022-05-13 14:04:43,139 epoch 3 - iter 90/107 - loss 0.15487121 - samples/sec: 183.48 - lr: 0.100000
2022-05-13 14:04:44,882 epoch 3 - iter 100/107 - loss 0.15420943 - samples/sec: 183.70 - lr: 0.100000
2022-05-13 14:04:45,928 ----------------------------------------------------------------------------------------------------
2022-05-13 14:04:45,928 EPOCH 3 done: loss 0.1545 - lr 0.100000
2022-05-13 14:04:52,058 Evaluating as a multi-label problem: False
2022-05-13 14:04:52,069 DEV : loss 0.2513865530490875 - f1-score (micro avg)  0.5174
2022-05-13 14:04:52,151 BAD EPOCHS (no improvement): 0
2022-05-13 14:04:52,154 saving best model
2022-05-13 14:05:16,082 ----------------------------------------------------------------------------------------------------
2022-05-13 14:05:19,308 epoch 4 - iter 10/107 - loss 0.14823119 - samples/sec: 99.26 - lr: 0.100000
2022-05-13 14:05:22,423 epoch 4 - iter 20/107 - loss 0.14609954 - samples/sec: 102.75 - lr: 0.100000
2022-05-13 14:05:25,710 epoch 4 - iter 30/107 - loss 0.14516526 - samples/sec: 97.42 - lr: 0.100000
2022-05-13 14:05:28,573 epoch 4 - iter 40/107 - loss 0.14518504 - samples/sec: 111.81 - lr: 0.100000
2022-05-13 14:05:31,521 epoch 4 - iter 50/107 - loss 0.14393258 - samples/sec: 108.58 - lr: 0.100000
2022-05-13 14:05:34,438 epoch 4 - iter 60/107 - loss 0.14094156 - samples/sec: 109.75 - lr: 0.100000
2022-05-13 14:05:37,504 epoch 4 - iter 70/107 - loss 0.13666138 - samples/sec: 104.41 - lr: 0.100000
2022-05-13 14:05:39,242 epoch 4 - iter 80/107 - loss 0.13686157 - samples/sec: 184.17 - lr: 0.100000
2022-05-13 14:05:41,026 epoch 4 - iter 90/107 - loss 0.13601577 - samples/sec: 179.54 - lr: 0.100000
2022-05-13 14:05:42,807 epoch 4 - iter 100/107 - loss 0.13912014 - samples/sec: 179.77 - lr: 0.100000
2022-05-13 14:05:43,923 ----------------------------------------------------------------------------------------------------
2022-05-13 14:05:43,923 EPOCH 4 done: loss 0.1378 - lr 0.100000
2022-05-13 14:05:50,177 Evaluating as a multi-label problem: False
2022-05-13 14:05:50,188 DEV : loss 0.24310380220413208 - f1-score (micro avg)  0.4634
2022-05-13 14:05:50,271 BAD EPOCHS (no improvement): 1
2022-05-13 14:05:50,513 ----------------------------------------------------------------------------------------------------
2022-05-13 14:05:52,549 epoch 5 - iter 10/107 - loss 0.09887364 - samples/sec: 157.27 - lr: 0.100000
2022-05-13 14:05:55,923 epoch 5 - iter 20/107 - loss 0.11226774 - samples/sec: 94.88 - lr: 0.100000
2022-05-13 14:05:59,222 epoch 5 - iter 30/107 - loss 0.11907846 - samples/sec: 97.04 - lr: 0.100000
2022-05-13 14:06:02,304 epoch 5 - iter 40/107 - loss 0.12053726 - samples/sec: 103.85 - lr: 0.100000
2022-05-13 14:06:05,477 epoch 5 - iter 50/107 - loss 0.12082138 - samples/sec: 100.89 - lr: 0.100000
2022-05-13 14:06:08,686 epoch 5 - iter 60/107 - loss 0.11872773 - samples/sec: 99.76 - lr: 0.100000
2022-05-13 14:06:11,703 epoch 5 - iter 70/107 - loss 0.11727358 - samples/sec: 106.11 - lr: 0.100000
2022-05-13 14:06:14,856 epoch 5 - iter 80/107 - loss 0.11987526 - samples/sec: 101.53 - lr: 0.100000
2022-05-13 14:06:18,380 epoch 5 - iter 90/107 - loss 0.12029987 - samples/sec: 90.85 - lr: 0.100000
2022-05-13 14:06:21,655 epoch 5 - iter 100/107 - loss 0.12225972 - samples/sec: 97.75 - lr: 0.100000
2022-05-13 14:06:23,701 ----------------------------------------------------------------------------------------------------
2022-05-13 14:06:23,701 EPOCH 5 done: loss 0.1232 - lr 0.100000
2022-05-13 14:06:35,190 Evaluating as a multi-label problem: False
2022-05-13 14:06:35,201 DEV : loss 0.23937612771987915 - f1-score (micro avg)  0.4705
2022-05-13 14:06:35,300 BAD EPOCHS (no improvement): 2
2022-05-13 14:06:35,303 ----------------------------------------------------------------------------------------------------
2022-05-13 14:06:37,873 epoch 6 - iter 10/107 - loss 0.13194008 - samples/sec: 124.63 - lr: 0.100000
2022-05-13 14:06:39,957 epoch 6 - iter 20/107 - loss 0.12312666 - samples/sec: 153.58 - lr: 0.100000
2022-05-13 14:06:42,145 epoch 6 - iter 30/107 - loss 0.10830522 - samples/sec: 146.35 - lr: 0.100000
2022-05-13 14:06:44,340 epoch 6 - iter 40/107 - loss 0.11053548 - samples/sec: 145.81 - lr: 0.100000
2022-05-13 14:06:46,555 epoch 6 - iter 50/107 - loss 0.11180891 - samples/sec: 144.54 - lr: 0.100000
2022-05-13 14:06:48,823 epoch 6 - iter 60/107 - loss 0.11458758 - samples/sec: 141.21 - lr: 0.100000
2022-05-13 14:06:51,178 epoch 6 - iter 70/107 - loss 0.11691738 - samples/sec: 135.94 - lr: 0.100000
2022-05-13 14:06:53,972 epoch 6 - iter 80/107 - loss 0.11663353 - samples/sec: 114.60 - lr: 0.100000
2022-05-13 14:06:57,062 epoch 6 - iter 90/107 - loss 0.11431937 - samples/sec: 103.58 - lr: 0.100000
2022-05-13 14:07:00,263 epoch 6 - iter 100/107 - loss 0.11476791 - samples/sec: 100.01 - lr: 0.100000
2022-05-13 14:07:02,241 ----------------------------------------------------------------------------------------------------
2022-05-13 14:07:02,242 EPOCH 6 done: loss 0.1155 - lr 0.100000
2022-05-13 14:07:13,051 Evaluating as a multi-label problem: False
2022-05-13 14:07:13,063 DEV : loss 0.22492414712905884 - f1-score (micro avg)  0.4716
2022-05-13 14:07:13,164 BAD EPOCHS (no improvement): 3
2022-05-13 14:07:13,167 ----------------------------------------------------------------------------------------------------
2022-05-13 14:07:16,331 epoch 7 - iter 10/107 - loss 0.10918337 - samples/sec: 101.17 - lr: 0.100000
2022-05-13 14:07:19,788 epoch 7 - iter 20/107 - loss 0.10409246 - samples/sec: 92.62 - lr: 0.100000
2022-05-13 14:07:22,859 epoch 7 - iter 30/107 - loss 0.09931539 - samples/sec: 104.20 - lr: 0.100000
2022-05-13 14:07:26,088 epoch 7 - iter 40/107 - loss 0.10113650 - samples/sec: 99.14 - lr: 0.100000
2022-05-13 14:07:28,851 epoch 7 - iter 50/107 - loss 0.10066093 - samples/sec: 115.86 - lr: 0.100000
2022-05-13 14:07:31,601 epoch 7 - iter 60/107 - loss 0.10424086 - samples/sec: 116.43 - lr: 0.100000
2022-05-13 14:07:34,685 epoch 7 - iter 70/107 - loss 0.10416194 - samples/sec: 103.80 - lr: 0.100000
2022-05-13 14:07:37,246 epoch 7 - iter 80/107 - loss 0.10682356 - samples/sec: 125.01 - lr: 0.100000
2022-05-13 14:07:38,972 epoch 7 - iter 90/107 - loss 0.10775115 - samples/sec: 185.53 - lr: 0.100000
2022-05-13 14:07:40,721 epoch 7 - iter 100/107 - loss 0.10840026 - samples/sec: 183.08 - lr: 0.100000
2022-05-13 14:07:41,834 ----------------------------------------------------------------------------------------------------
2022-05-13 14:07:41,834 EPOCH 7 done: loss 0.1083 - lr 0.100000
2022-05-13 14:07:47,973 Evaluating as a multi-label problem: False
2022-05-13 14:07:47,984 DEV : loss 0.24516038596630096 - f1-score (micro avg)  0.4479
2022-05-13 14:07:48,066 Epoch     7: reducing learning rate of group 0 to 5.0000e-02.
2022-05-13 14:07:48,066 BAD EPOCHS (no improvement): 4
2022-05-13 14:07:48,071 ----------------------------------------------------------------------------------------------------
2022-05-13 14:07:49,956 epoch 8 - iter 10/107 - loss 0.08144380 - samples/sec: 169.88 - lr: 0.050000
2022-05-13 14:07:52,259 epoch 8 - iter 20/107 - loss 0.08766841 - samples/sec: 138.99 - lr: 0.050000
2022-05-13 14:07:55,293 epoch 8 - iter 30/107 - loss 0.09506528 - samples/sec: 105.53 - lr: 0.050000
2022-05-13 14:07:58,533 epoch 8 - iter 40/107 - loss 0.09994712 - samples/sec: 98.78 - lr: 0.050000
2022-05-13 14:08:01,880 epoch 8 - iter 50/107 - loss 0.09603660 - samples/sec: 95.66 - lr: 0.050000
2022-05-13 14:08:05,151 epoch 8 - iter 60/107 - loss 0.09526426 - samples/sec: 97.84 - lr: 0.050000
2022-05-13 14:08:08,063 epoch 8 - iter 70/107 - loss 0.09672861 - samples/sec: 109.93 - lr: 0.050000
2022-05-13 14:08:11,359 epoch 8 - iter 80/107 - loss 0.09664043 - samples/sec: 97.11 - lr: 0.050000
2022-05-13 14:08:14,700 epoch 8 - iter 90/107 - loss 0.09772322 - samples/sec: 95.83 - lr: 0.050000
2022-05-13 14:08:18,097 epoch 8 - iter 100/107 - loss 0.09732414 - samples/sec: 94.21 - lr: 0.050000
2022-05-13 14:08:19,878 ----------------------------------------------------------------------------------------------------
2022-05-13 14:08:19,879 EPOCH 8 done: loss 0.0962 - lr 0.050000
2022-05-13 14:08:28,500 Evaluating as a multi-label problem: False
2022-05-13 14:08:28,511 DEV : loss 0.2013062983751297 - f1-score (micro avg)  0.4936
2022-05-13 14:08:28,594 BAD EPOCHS (no improvement): 1
2022-05-13 14:08:28,596 ----------------------------------------------------------------------------------------------------
2022-05-13 14:08:31,322 epoch 9 - iter 10/107 - loss 0.09869121 - samples/sec: 117.44 - lr: 0.050000
2022-05-13 14:08:34,370 epoch 9 - iter 20/107 - loss 0.09302377 - samples/sec: 105.01 - lr: 0.050000
2022-05-13 14:08:36,947 epoch 9 - iter 30/107 - loss 0.08790898 - samples/sec: 124.23 - lr: 0.050000
2022-05-13 14:08:40,056 epoch 9 - iter 40/107 - loss 0.08936043 - samples/sec: 102.96 - lr: 0.050000
2022-05-13 14:08:43,235 epoch 9 - iter 50/107 - loss 0.08929589 - samples/sec: 100.72 - lr: 0.050000
2022-05-13 14:08:46,700 epoch 9 - iter 60/107 - loss 0.09081953 - samples/sec: 92.37 - lr: 0.050000
2022-05-13 14:08:49,810 epoch 9 - iter 70/107 - loss 0.09077892 - samples/sec: 102.92 - lr: 0.050000
2022-05-13 14:08:53,304 epoch 9 - iter 80/107 - loss 0.08945438 - samples/sec: 91.62 - lr: 0.050000
2022-05-13 14:08:56,938 epoch 9 - iter 90/107 - loss 0.09014811 - samples/sec: 88.07 - lr: 0.050000
2022-05-13 14:08:59,975 epoch 9 - iter 100/107 - loss 0.09018427 - samples/sec: 105.41 - lr: 0.050000
2022-05-13 14:09:01,933 ----------------------------------------------------------------------------------------------------
2022-05-13 14:09:01,933 EPOCH 9 done: loss 0.0899 - lr 0.050000
2022-05-13 14:09:10,577 Evaluating as a multi-label problem: False
2022-05-13 14:09:10,590 DEV : loss 0.21371981501579285 - f1-score (micro avg)  0.4956
2022-05-13 14:09:10,675 BAD EPOCHS (no improvement): 2
2022-05-13 14:09:10,677 ----------------------------------------------------------------------------------------------------
2022-05-13 14:09:13,743 epoch 10 - iter 10/107 - loss 0.08168527 - samples/sec: 104.43 - lr: 0.050000
2022-05-13 14:09:16,565 epoch 10 - iter 20/107 - loss 0.08665278 - samples/sec: 113.45 - lr: 0.050000
2022-05-13 14:09:19,511 epoch 10 - iter 30/107 - loss 0.08968903 - samples/sec: 108.64 - lr: 0.050000
2022-05-13 14:09:22,302 epoch 10 - iter 40/107 - loss 0.09116370 - samples/sec: 114.70 - lr: 0.050000
2022-05-13 14:09:25,073 epoch 10 - iter 50/107 - loss 0.08790472 - samples/sec: 115.53 - lr: 0.050000
2022-05-13 14:09:28,408 epoch 10 - iter 60/107 - loss 0.09010836 - samples/sec: 95.97 - lr: 0.050000
2022-05-13 14:09:31,618 epoch 10 - iter 70/107 - loss 0.08950572 - samples/sec: 99.74 - lr: 0.050000
2022-05-13 14:09:34,913 epoch 10 - iter 80/107 - loss 0.08829985 - samples/sec: 97.13 - lr: 0.050000
2022-05-13 14:09:38,047 epoch 10 - iter 90/107 - loss 0.08736260 - samples/sec: 102.14 - lr: 0.050000
2022-05-13 14:09:41,255 epoch 10 - iter 100/107 - loss 0.08783257 - samples/sec: 99.78 - lr: 0.050000
2022-05-13 14:09:43,133 ----------------------------------------------------------------------------------------------------
2022-05-13 14:09:43,133 EPOCH 10 done: loss 0.0885 - lr 0.050000
2022-05-13 14:09:51,727 Evaluating as a multi-label problem: False
2022-05-13 14:09:51,738 DEV : loss 0.19300255179405212 - f1-score (micro avg)  0.511
2022-05-13 14:09:51,821 BAD EPOCHS (no improvement): 3
2022-05-13 14:09:51,823 ----------------------------------------------------------------------------------------------------
2022-05-13 14:09:54,853 epoch 11 - iter 10/107 - loss 0.07163142 - samples/sec: 105.66 - lr: 0.050000
2022-05-13 14:09:57,841 epoch 11 - iter 20/107 - loss 0.08170042 - samples/sec: 107.13 - lr: 0.050000
2022-05-13 14:10:00,813 epoch 11 - iter 30/107 - loss 0.08558883 - samples/sec: 107.72 - lr: 0.050000
2022-05-13 14:10:03,619 epoch 11 - iter 40/107 - loss 0.07982861 - samples/sec: 114.07 - lr: 0.050000
2022-05-13 14:10:06,444 epoch 11 - iter 50/107 - loss 0.08166963 - samples/sec: 113.32 - lr: 0.050000
2022-05-13 14:10:09,117 epoch 11 - iter 60/107 - loss 0.08183966 - samples/sec: 119.75 - lr: 0.050000
2022-05-13 14:10:12,268 epoch 11 - iter 70/107 - loss 0.08313260 - samples/sec: 101.58 - lr: 0.050000
2022-05-13 14:10:15,505 epoch 11 - iter 80/107 - loss 0.08307604 - samples/sec: 98.89 - lr: 0.050000
2022-05-13 14:10:18,550 epoch 11 - iter 90/107 - loss 0.08297234 - samples/sec: 105.13 - lr: 0.050000
2022-05-13 14:10:21,870 epoch 11 - iter 100/107 - loss 0.08382004 - samples/sec: 96.41 - lr: 0.050000
2022-05-13 14:10:23,847 ----------------------------------------------------------------------------------------------------
2022-05-13 14:10:23,847 EPOCH 11 done: loss 0.0837 - lr 0.050000
2022-05-13 14:10:32,378 Evaluating as a multi-label problem: False
2022-05-13 14:10:32,390 DEV : loss 0.20145095884799957 - f1-score (micro avg)  0.5069
2022-05-13 14:10:32,474 Epoch    11: reducing learning rate of group 0 to 2.5000e-02.
2022-05-13 14:10:32,474 BAD EPOCHS (no improvement): 4
2022-05-13 14:10:32,478 ----------------------------------------------------------------------------------------------------
2022-05-13 14:10:36,031 epoch 12 - iter 10/107 - loss 0.08687359 - samples/sec: 90.09 - lr: 0.025000
2022-05-13 14:10:39,115 epoch 12 - iter 20/107 - loss 0.08378275 - samples/sec: 103.77 - lr: 0.025000
2022-05-13 14:10:42,231 epoch 12 - iter 30/107 - loss 0.08062156 - samples/sec: 102.75 - lr: 0.025000
2022-05-13 14:10:45,492 epoch 12 - iter 40/107 - loss 0.08007242 - samples/sec: 98.17 - lr: 0.025000
2022-05-13 14:10:48,409 epoch 12 - iter 50/107 - loss 0.08100826 - samples/sec: 109.76 - lr: 0.025000
2022-05-13 14:10:51,244 epoch 12 - iter 60/107 - loss 0.08077753 - samples/sec: 112.90 - lr: 0.025000
2022-05-13 14:10:54,074 epoch 12 - iter 70/107 - loss 0.08077058 - samples/sec: 113.12 - lr: 0.025000
2022-05-13 14:10:56,478 epoch 12 - iter 80/107 - loss 0.07812768 - samples/sec: 133.19 - lr: 0.025000
2022-05-13 14:10:58,160 epoch 12 - iter 90/107 - loss 0.07704623 - samples/sec: 190.30 - lr: 0.025000
2022-05-13 14:11:00,021 epoch 12 - iter 100/107 - loss 0.07796737 - samples/sec: 172.03 - lr: 0.025000
2022-05-13 14:11:01,337 ----------------------------------------------------------------------------------------------------
2022-05-13 14:11:01,337 EPOCH 12 done: loss 0.0780 - lr 0.025000
2022-05-13 14:11:07,344 Evaluating as a multi-label problem: False
2022-05-13 14:11:07,355 DEV : loss 0.18383759260177612 - f1-score (micro avg)  0.5234
2022-05-13 14:11:07,439 BAD EPOCHS (no improvement): 0
2022-05-13 14:11:07,453 saving best model
2022-05-13 14:11:30,043 ----------------------------------------------------------------------------------------------------
2022-05-13 14:11:33,039 epoch 13 - iter 10/107 - loss 0.08728481 - samples/sec: 106.88 - lr: 0.025000
2022-05-13 14:11:36,110 epoch 13 - iter 20/107 - loss 0.08090044 - samples/sec: 104.23 - lr: 0.025000
2022-05-13 14:11:38,966 epoch 13 - iter 30/107 - loss 0.07457364 - samples/sec: 112.09 - lr: 0.025000
2022-05-13 14:11:40,792 epoch 13 - iter 40/107 - loss 0.07959377 - samples/sec: 175.30 - lr: 0.025000
2022-05-13 14:11:43,801 epoch 13 - iter 50/107 - loss 0.07764295 - samples/sec: 106.39 - lr: 0.025000
2022-05-13 14:11:46,633 epoch 13 - iter 60/107 - loss 0.07640921 - samples/sec: 113.03 - lr: 0.025000
2022-05-13 14:11:48,514 epoch 13 - iter 70/107 - loss 0.07657899 - samples/sec: 170.22 - lr: 0.025000
2022-05-13 14:11:50,236 epoch 13 - iter 80/107 - loss 0.07599543 - samples/sec: 186.00 - lr: 0.025000
2022-05-13 14:11:52,063 epoch 13 - iter 90/107 - loss 0.07590397 - samples/sec: 175.24 - lr: 0.025000
2022-05-13 14:11:53,963 epoch 13 - iter 100/107 - loss 0.07640816 - samples/sec: 168.49 - lr: 0.025000
2022-05-13 14:11:55,161 ----------------------------------------------------------------------------------------------------
2022-05-13 14:11:55,161 EPOCH 13 done: loss 0.0754 - lr 0.025000
2022-05-13 14:12:01,490 Evaluating as a multi-label problem: False
2022-05-13 14:12:01,501 DEV : loss 0.1994084119796753 - f1-score (micro avg)  0.5171
2022-05-13 14:12:01,584 BAD EPOCHS (no improvement): 1
2022-05-13 14:12:01,606 ----------------------------------------------------------------------------------------------------
2022-05-13 14:12:04,655 epoch 14 - iter 10/107 - loss 0.08964760 - samples/sec: 105.00 - lr: 0.025000
2022-05-13 14:12:07,810 epoch 14 - iter 20/107 - loss 0.08758321 - samples/sec: 101.43 - lr: 0.025000
2022-05-13 14:12:11,136 epoch 14 - iter 30/107 - loss 0.08188248 - samples/sec: 96.25 - lr: 0.025000
2022-05-13 14:12:14,431 epoch 14 - iter 40/107 - loss 0.07515969 - samples/sec: 97.17 - lr: 0.025000
2022-05-13 14:12:17,720 epoch 14 - iter 50/107 - loss 0.07625923 - samples/sec: 97.30 - lr: 0.025000
2022-05-13 14:12:20,781 epoch 14 - iter 60/107 - loss 0.07519121 - samples/sec: 104.59 - lr: 0.025000
2022-05-13 14:12:23,800 epoch 14 - iter 70/107 - loss 0.07438999 - samples/sec: 106.04 - lr: 0.025000
2022-05-13 14:12:27,183 epoch 14 - iter 80/107 - loss 0.07534660 - samples/sec: 94.61 - lr: 0.025000
2022-05-13 14:12:30,487 epoch 14 - iter 90/107 - loss 0.07553256 - samples/sec: 96.90 - lr: 0.025000
2022-05-13 14:12:33,510 epoch 14 - iter 100/107 - loss 0.07613084 - samples/sec: 105.86 - lr: 0.025000
2022-05-13 14:12:35,539 ----------------------------------------------------------------------------------------------------
2022-05-13 14:12:35,540 EPOCH 14 done: loss 0.0758 - lr 0.025000
2022-05-13 14:12:43,361 Evaluating as a multi-label problem: False
2022-05-13 14:12:43,372 DEV : loss 0.1875273734331131 - f1-score (micro avg)  0.5174
2022-05-13 14:12:43,457 BAD EPOCHS (no improvement): 2
2022-05-13 14:12:43,460 ----------------------------------------------------------------------------------------------------
2022-05-13 14:12:46,413 epoch 15 - iter 10/107 - loss 0.06461047 - samples/sec: 108.40 - lr: 0.025000
2022-05-13 14:12:48,253 epoch 15 - iter 20/107 - loss 0.07199791 - samples/sec: 174.01 - lr: 0.025000
2022-05-13 14:12:49,939 epoch 15 - iter 30/107 - loss 0.07281796 - samples/sec: 189.96 - lr: 0.025000
2022-05-13 14:12:51,715 epoch 15 - iter 40/107 - loss 0.07406536 - samples/sec: 180.25 - lr: 0.025000
2022-05-13 14:12:53,609 epoch 15 - iter 50/107 - loss 0.06965826 - samples/sec: 169.07 - lr: 0.025000
2022-05-13 14:12:55,438 epoch 15 - iter 60/107 - loss 0.07083200 - samples/sec: 175.00 - lr: 0.025000
2022-05-13 14:12:57,306 epoch 15 - iter 70/107 - loss 0.06982858 - samples/sec: 171.38 - lr: 0.025000
2022-05-13 14:12:59,222 epoch 15 - iter 80/107 - loss 0.06886958 - samples/sec: 167.10 - lr: 0.025000
2022-05-13 14:13:00,985 epoch 15 - iter 90/107 - loss 0.07067531 - samples/sec: 181.57 - lr: 0.025000
2022-05-13 14:13:03,775 epoch 15 - iter 100/107 - loss 0.07323954 - samples/sec: 114.75 - lr: 0.025000
2022-05-13 14:13:05,847 ----------------------------------------------------------------------------------------------------
2022-05-13 14:13:05,847 EPOCH 15 done: loss 0.0724 - lr 0.025000
2022-05-13 14:13:14,813 Evaluating as a multi-label problem: False
2022-05-13 14:13:14,825 DEV : loss 0.19857768714427948 - f1-score (micro avg)  0.5164
2022-05-13 14:13:14,909 BAD EPOCHS (no improvement): 3
2022-05-13 14:13:14,912 ----------------------------------------------------------------------------------------------------
2022-05-13 14:13:18,017 epoch 16 - iter 10/107 - loss 0.07192177 - samples/sec: 103.10 - lr: 0.025000
2022-05-13 14:13:21,437 epoch 16 - iter 20/107 - loss 0.07006586 - samples/sec: 93.63 - lr: 0.025000
2022-05-13 14:13:24,476 epoch 16 - iter 30/107 - loss 0.07090594 - samples/sec: 105.33 - lr: 0.025000
2022-05-13 14:13:27,776 epoch 16 - iter 40/107 - loss 0.07246245 - samples/sec: 96.98 - lr: 0.025000
2022-05-13 14:13:30,901 epoch 16 - iter 50/107 - loss 0.07015385 - samples/sec: 102.44 - lr: 0.025000
2022-05-13 14:13:34,112 epoch 16 - iter 60/107 - loss 0.07145628 - samples/sec: 99.67 - lr: 0.025000
2022-05-13 14:13:37,359 epoch 16 - iter 70/107 - loss 0.07138607 - samples/sec: 98.58 - lr: 0.025000
2022-05-13 14:13:40,105 epoch 16 - iter 80/107 - loss 0.07152001 - samples/sec: 116.61 - lr: 0.025000
2022-05-13 14:13:42,989 epoch 16 - iter 90/107 - loss 0.07136562 - samples/sec: 110.96 - lr: 0.025000
2022-05-13 14:13:45,819 epoch 16 - iter 100/107 - loss 0.07186800 - samples/sec: 113.12 - lr: 0.025000
2022-05-13 14:13:47,682 ----------------------------------------------------------------------------------------------------
2022-05-13 14:13:47,682 EPOCH 16 done: loss 0.0728 - lr 0.025000
2022-05-13 14:13:56,416 Evaluating as a multi-label problem: False
2022-05-13 14:13:56,428 DEV : loss 0.19147959351539612 - f1-score (micro avg)  0.5168
2022-05-13 14:13:56,513 Epoch    16: reducing learning rate of group 0 to 1.2500e-02.
2022-05-13 14:13:56,514 BAD EPOCHS (no improvement): 4
2022-05-13 14:13:56,518 ----------------------------------------------------------------------------------------------------
2022-05-13 14:13:59,617 epoch 17 - iter 10/107 - loss 0.06750748 - samples/sec: 103.31 - lr: 0.012500
2022-05-13 14:14:03,057 epoch 17 - iter 20/107 - loss 0.06766671 - samples/sec: 93.07 - lr: 0.012500
2022-05-13 14:14:06,356 epoch 17 - iter 30/107 - loss 0.06921016 - samples/sec: 97.01 - lr: 0.012500
2022-05-13 14:14:09,404 epoch 17 - iter 40/107 - loss 0.06882397 - samples/sec: 105.02 - lr: 0.012500
2022-05-13 14:14:12,380 epoch 17 - iter 50/107 - loss 0.07021507 - samples/sec: 107.57 - lr: 0.012500
2022-05-13 14:14:15,611 epoch 17 - iter 60/107 - loss 0.07061166 - samples/sec: 99.07 - lr: 0.012500
2022-05-13 14:14:18,679 epoch 17 - iter 70/107 - loss 0.07269470 - samples/sec: 104.33 - lr: 0.012500
2022-05-13 14:14:22,082 epoch 17 - iter 80/107 - loss 0.07241597 - samples/sec: 94.07 - lr: 0.012500
2022-05-13 14:14:25,261 epoch 17 - iter 90/107 - loss 0.07179901 - samples/sec: 100.69 - lr: 0.012500
2022-05-13 14:14:27,921 epoch 17 - iter 100/107 - loss 0.06993031 - samples/sec: 120.34 - lr: 0.012500
2022-05-13 14:14:29,566 ----------------------------------------------------------------------------------------------------
2022-05-13 14:14:29,566 EPOCH 17 done: loss 0.0696 - lr 0.012500
2022-05-13 14:14:37,845 Evaluating as a multi-label problem: False
2022-05-13 14:14:37,856 DEV : loss 0.19247515499591827 - f1-score (micro avg)  0.5123
2022-05-13 14:14:37,938 BAD EPOCHS (no improvement): 1
2022-05-13 14:14:37,940 ----------------------------------------------------------------------------------------------------
2022-05-13 14:14:41,246 epoch 18 - iter 10/107 - loss 0.07609224 - samples/sec: 96.83 - lr: 0.012500
2022-05-13 14:14:44,268 epoch 18 - iter 20/107 - loss 0.06789556 - samples/sec: 105.96 - lr: 0.012500
2022-05-13 14:14:47,312 epoch 18 - iter 30/107 - loss 0.06858372 - samples/sec: 105.17 - lr: 0.012500
2022-05-13 14:14:50,568 epoch 18 - iter 40/107 - loss 0.06863763 - samples/sec: 98.30 - lr: 0.012500
2022-05-13 14:14:53,778 epoch 18 - iter 50/107 - loss 0.06850144 - samples/sec: 99.73 - lr: 0.012500
2022-05-13 14:14:56,981 epoch 18 - iter 60/107 - loss 0.06629772 - samples/sec: 99.93 - lr: 0.012500
2022-05-13 14:14:59,988 epoch 18 - iter 70/107 - loss 0.06780703 - samples/sec: 106.47 - lr: 0.012500
2022-05-13 14:15:03,039 epoch 18 - iter 80/107 - loss 0.06797308 - samples/sec: 104.91 - lr: 0.012500
2022-05-13 14:15:06,125 epoch 18 - iter 90/107 - loss 0.06864762 - samples/sec: 103.72 - lr: 0.012500
2022-05-13 14:15:09,449 epoch 18 - iter 100/107 - loss 0.06883548 - samples/sec: 96.29 - lr: 0.012500
2022-05-13 14:15:11,504 ----------------------------------------------------------------------------------------------------
2022-05-13 14:15:11,504 EPOCH 18 done: loss 0.0688 - lr 0.012500
2022-05-13 14:15:21,516 Evaluating as a multi-label problem: False
2022-05-13 14:15:21,526 DEV : loss 0.19121789932250977 - f1-score (micro avg)  0.5155
2022-05-13 14:15:21,610 BAD EPOCHS (no improvement): 2
2022-05-13 14:15:21,612 ----------------------------------------------------------------------------------------------------
2022-05-13 14:15:24,791 epoch 19 - iter 10/107 - loss 0.08124366 - samples/sec: 100.70 - lr: 0.012500
2022-05-13 14:15:27,958 epoch 19 - iter 20/107 - loss 0.07258502 - samples/sec: 101.08 - lr: 0.012500
2022-05-13 14:15:31,490 epoch 19 - iter 30/107 - loss 0.07068148 - samples/sec: 90.65 - lr: 0.012500
2022-05-13 14:15:34,433 epoch 19 - iter 40/107 - loss 0.07003761 - samples/sec: 108.74 - lr: 0.012500
2022-05-13 14:15:37,439 epoch 19 - iter 50/107 - loss 0.06654854 - samples/sec: 106.52 - lr: 0.012500
2022-05-13 14:15:40,602 epoch 19 - iter 60/107 - loss 0.06647733 - samples/sec: 101.18 - lr: 0.012500
2022-05-13 14:15:43,872 epoch 19 - iter 70/107 - loss 0.06552881 - samples/sec: 97.90 - lr: 0.012500
2022-05-13 14:15:47,049 epoch 19 - iter 80/107 - loss 0.06633185 - samples/sec: 100.75 - lr: 0.012500
2022-05-13 14:15:50,221 epoch 19 - iter 90/107 - loss 0.06619718 - samples/sec: 100.92 - lr: 0.012500
2022-05-13 14:15:53,526 epoch 19 - iter 100/107 - loss 0.06811792 - samples/sec: 96.85 - lr: 0.012500
2022-05-13 14:15:55,500 ----------------------------------------------------------------------------------------------------
2022-05-13 14:15:55,500 EPOCH 19 done: loss 0.0681 - lr 0.012500
2022-05-13 14:16:03,179 Evaluating as a multi-label problem: False
2022-05-13 14:16:03,190 DEV : loss 0.1878538429737091 - f1-score (micro avg)  0.5165
2022-05-13 14:16:03,281 BAD EPOCHS (no improvement): 3
2022-05-13 14:16:03,283 ----------------------------------------------------------------------------------------------------
2022-05-13 14:16:06,144 epoch 20 - iter 10/107 - loss 0.07273533 - samples/sec: 111.89 - lr: 0.012500
2022-05-13 14:16:09,455 epoch 20 - iter 20/107 - loss 0.06567291 - samples/sec: 96.68 - lr: 0.012500
2022-05-13 14:16:12,369 epoch 20 - iter 30/107 - loss 0.06634654 - samples/sec: 109.85 - lr: 0.012500
2022-05-13 14:16:15,427 epoch 20 - iter 40/107 - loss 0.06661918 - samples/sec: 104.68 - lr: 0.012500
2022-05-13 14:16:18,536 epoch 20 - iter 50/107 - loss 0.06752772 - samples/sec: 102.98 - lr: 0.012500
2022-05-13 14:16:22,017 epoch 20 - iter 60/107 - loss 0.06625708 - samples/sec: 91.97 - lr: 0.012500
2022-05-13 14:16:25,334 epoch 20 - iter 70/107 - loss 0.06823651 - samples/sec: 96.49 - lr: 0.012500
2022-05-13 14:16:28,250 epoch 20 - iter 80/107 - loss 0.06711682 - samples/sec: 109.75 - lr: 0.012500
2022-05-13 14:16:30,421 epoch 20 - iter 90/107 - loss 0.06566043 - samples/sec: 147.48 - lr: 0.012500
2022-05-13 14:16:33,509 epoch 20 - iter 100/107 - loss 0.06547884 - samples/sec: 103.67 - lr: 0.012500
2022-05-13 14:16:35,658 ----------------------------------------------------------------------------------------------------
2022-05-13 14:16:35,658 EPOCH 20 done: loss 0.0661 - lr 0.012500
2022-05-13 14:16:43,908 Evaluating as a multi-label problem: False
2022-05-13 14:16:43,919 DEV : loss 0.18764138221740723 - f1-score (micro avg)  0.5308
2022-05-13 14:16:44,007 BAD EPOCHS (no improvement): 0
2022-05-13 14:16:44,009 saving best model
2022-05-13 14:17:06,322 ----------------------------------------------------------------------------------------------------
2022-05-13 14:17:09,682 epoch 21 - iter 10/107 - loss 0.08113691 - samples/sec: 95.29 - lr: 0.012500
2022-05-13 14:17:12,740 epoch 21 - iter 20/107 - loss 0.06930628 - samples/sec: 104.71 - lr: 0.012500
2022-05-13 14:17:15,902 epoch 21 - iter 30/107 - loss 0.06699258 - samples/sec: 101.24 - lr: 0.012500
2022-05-13 14:17:18,768 epoch 21 - iter 40/107 - loss 0.06612648 - samples/sec: 111.70 - lr: 0.012500
2022-05-13 14:17:21,871 epoch 21 - iter 50/107 - loss 0.06576000 - samples/sec: 103.13 - lr: 0.012500
2022-05-13 14:17:24,935 epoch 21 - iter 60/107 - loss 0.06704364 - samples/sec: 104.48 - lr: 0.012500
2022-05-13 14:17:27,371 epoch 21 - iter 70/107 - loss 0.06560219 - samples/sec: 131.45 - lr: 0.012500
2022-05-13 14:17:29,036 epoch 21 - iter 80/107 - loss 0.06558249 - samples/sec: 192.22 - lr: 0.012500
2022-05-13 14:17:30,889 epoch 21 - iter 90/107 - loss 0.06518480 - samples/sec: 172.86 - lr: 0.012500
2022-05-13 14:17:32,613 epoch 21 - iter 100/107 - loss 0.06430012 - samples/sec: 185.62 - lr: 0.012500
2022-05-13 14:17:33,720 ----------------------------------------------------------------------------------------------------
2022-05-13 14:17:33,720 EPOCH 21 done: loss 0.0646 - lr 0.012500
2022-05-13 14:17:40,199 Evaluating as a multi-label problem: False
2022-05-13 14:17:40,211 DEV : loss 0.18708400428295135 - f1-score (micro avg)  0.5165
2022-05-13 14:17:40,295 BAD EPOCHS (no improvement): 1
2022-05-13 14:17:40,320 ----------------------------------------------------------------------------------------------------
2022-05-13 14:17:42,872 epoch 22 - iter 10/107 - loss 0.06714681 - samples/sec: 125.43 - lr: 0.012500
2022-05-13 14:17:46,107 epoch 22 - iter 20/107 - loss 0.06707748 - samples/sec: 98.96 - lr: 0.012500
2022-05-13 14:17:49,103 epoch 22 - iter 30/107 - loss 0.06768452 - samples/sec: 106.84 - lr: 0.012500
2022-05-13 14:17:52,475 epoch 22 - iter 40/107 - loss 0.06628486 - samples/sec: 94.95 - lr: 0.012500
2022-05-13 14:17:55,420 epoch 22 - iter 50/107 - loss 0.06488851 - samples/sec: 108.71 - lr: 0.012500
2022-05-13 14:17:58,495 epoch 22 - iter 60/107 - loss 0.06465323 - samples/sec: 104.10 - lr: 0.012500
2022-05-13 14:18:01,764 epoch 22 - iter 70/107 - loss 0.06572838 - samples/sec: 97.90 - lr: 0.012500
2022-05-13 14:18:04,823 epoch 22 - iter 80/107 - loss 0.06605347 - samples/sec: 104.65 - lr: 0.012500
2022-05-13 14:18:07,953 epoch 22 - iter 90/107 - loss 0.06599759 - samples/sec: 102.27 - lr: 0.012500
2022-05-13 14:18:11,158 epoch 22 - iter 100/107 - loss 0.06555928 - samples/sec: 99.87 - lr: 0.012500
2022-05-13 14:18:13,092 ----------------------------------------------------------------------------------------------------
2022-05-13 14:18:13,092 EPOCH 22 done: loss 0.0647 - lr 0.012500
2022-05-13 14:18:21,210 Evaluating as a multi-label problem: False
2022-05-13 14:18:21,221 DEV : loss 0.19350720942020416 - f1-score (micro avg)  0.5162
2022-05-13 14:18:21,307 BAD EPOCHS (no improvement): 2
2022-05-13 14:18:21,310 ----------------------------------------------------------------------------------------------------
2022-05-13 14:18:24,004 epoch 23 - iter 10/107 - loss 0.05520320 - samples/sec: 118.84 - lr: 0.012500
2022-05-13 14:18:26,827 epoch 23 - iter 20/107 - loss 0.05886405 - samples/sec: 113.40 - lr: 0.012500
2022-05-13 14:18:29,462 epoch 23 - iter 30/107 - loss 0.06162102 - samples/sec: 121.48 - lr: 0.012500
2022-05-13 14:18:32,603 epoch 23 - iter 40/107 - loss 0.06142612 - samples/sec: 101.91 - lr: 0.012500
2022-05-13 14:18:35,751 epoch 23 - iter 50/107 - loss 0.06322816 - samples/sec: 101.69 - lr: 0.012500
2022-05-13 14:18:38,964 epoch 23 - iter 60/107 - loss 0.06436567 - samples/sec: 99.63 - lr: 0.012500
2022-05-13 14:18:42,281 epoch 23 - iter 70/107 - loss 0.06574291 - samples/sec: 96.49 - lr: 0.012500
2022-05-13 14:18:45,570 epoch 23 - iter 80/107 - loss 0.06593863 - samples/sec: 97.35 - lr: 0.012500
2022-05-13 14:18:48,748 epoch 23 - iter 90/107 - loss 0.06612554 - samples/sec: 100.71 - lr: 0.012500
2022-05-13 14:18:51,785 epoch 23 - iter 100/107 - loss 0.06417586 - samples/sec: 105.39 - lr: 0.012500
2022-05-13 14:18:53,991 ----------------------------------------------------------------------------------------------------
2022-05-13 14:18:53,991 EPOCH 23 done: loss 0.0640 - lr 0.012500
2022-05-13 14:19:02,684 Evaluating as a multi-label problem: False
2022-05-13 14:19:02,695 DEV : loss 0.18820282816886902 - f1-score (micro avg)  0.5135
2022-05-13 14:19:02,779 BAD EPOCHS (no improvement): 3
2022-05-13 14:19:02,789 ----------------------------------------------------------------------------------------------------
2022-05-13 14:19:05,807 epoch 24 - iter 10/107 - loss 0.06075064 - samples/sec: 106.08 - lr: 0.012500
2022-05-13 14:19:08,432 epoch 24 - iter 20/107 - loss 0.05883317 - samples/sec: 121.92 - lr: 0.012500
2022-05-13 14:19:11,305 epoch 24 - iter 30/107 - loss 0.05782772 - samples/sec: 111.45 - lr: 0.012500
2022-05-13 14:19:14,259 epoch 24 - iter 40/107 - loss 0.05621390 - samples/sec: 108.34 - lr: 0.012500
2022-05-13 14:19:16,994 epoch 24 - iter 50/107 - loss 0.05710343 - samples/sec: 117.03 - lr: 0.012500
2022-05-13 14:19:20,287 epoch 24 - iter 60/107 - loss 0.05969153 - samples/sec: 97.23 - lr: 0.012500
2022-05-13 14:19:23,514 epoch 24 - iter 70/107 - loss 0.06080567 - samples/sec: 99.21 - lr: 0.012500
2022-05-13 14:19:26,591 epoch 24 - iter 80/107 - loss 0.06110677 - samples/sec: 104.02 - lr: 0.012500
2022-05-13 14:19:29,625 epoch 24 - iter 90/107 - loss 0.06144305 - samples/sec: 105.50 - lr: 0.012500
2022-05-13 14:19:32,885 epoch 24 - iter 100/107 - loss 0.06254000 - samples/sec: 98.20 - lr: 0.012500
2022-05-13 14:19:35,020 ----------------------------------------------------------------------------------------------------
2022-05-13 14:19:35,021 EPOCH 24 done: loss 0.0626 - lr 0.012500
2022-05-13 14:19:43,763 Evaluating as a multi-label problem: False
2022-05-13 14:19:43,774 DEV : loss 0.18909978866577148 - f1-score (micro avg)  0.5205
2022-05-13 14:19:43,860 Epoch    24: reducing learning rate of group 0 to 6.2500e-03.
2022-05-13 14:19:43,861 BAD EPOCHS (no improvement): 4
2022-05-13 14:19:43,874 ----------------------------------------------------------------------------------------------------
2022-05-13 14:19:47,141 epoch 25 - iter 10/107 - loss 0.05833349 - samples/sec: 97.98 - lr: 0.006250
2022-05-13 14:19:50,272 epoch 25 - iter 20/107 - loss 0.06564318 - samples/sec: 102.25 - lr: 0.006250
2022-05-13 14:19:53,019 epoch 25 - iter 30/107 - loss 0.06471784 - samples/sec: 116.54 - lr: 0.006250
2022-05-13 14:19:55,632 epoch 25 - iter 40/107 - loss 0.06289817 - samples/sec: 122.50 - lr: 0.006250
2022-05-13 14:19:58,488 epoch 25 - iter 50/107 - loss 0.06141348 - samples/sec: 112.09 - lr: 0.006250
2022-05-13 14:20:01,608 epoch 25 - iter 60/107 - loss 0.05849258 - samples/sec: 102.59 - lr: 0.006250
2022-05-13 14:20:03,369 epoch 25 - iter 70/107 - loss 0.05803744 - samples/sec: 181.86 - lr: 0.006250
2022-05-13 14:20:05,109 epoch 25 - iter 80/107 - loss 0.05869536 - samples/sec: 184.02 - lr: 0.006250
2022-05-13 14:20:06,789 epoch 25 - iter 90/107 - loss 0.05880056 - samples/sec: 190.59 - lr: 0.006250
2022-05-13 14:20:08,505 epoch 25 - iter 100/107 - loss 0.06027098 - samples/sec: 186.54 - lr: 0.006250
2022-05-13 14:20:09,628 ----------------------------------------------------------------------------------------------------
2022-05-13 14:20:09,628 EPOCH 25 done: loss 0.0616 - lr 0.006250
2022-05-13 14:20:17,091 Evaluating as a multi-label problem: False
2022-05-13 14:20:17,104 DEV : loss 0.18551155924797058 - f1-score (micro avg)  0.5204
2022-05-13 14:20:17,213 BAD EPOCHS (no improvement): 1
2022-05-13 14:20:17,215 ----------------------------------------------------------------------------------------------------
2022-05-13 14:20:20,518 epoch 26 - iter 10/107 - loss 0.05753918 - samples/sec: 96.95 - lr: 0.006250
2022-05-13 14:20:23,674 epoch 26 - iter 20/107 - loss 0.05984754 - samples/sec: 101.43 - lr: 0.006250
2022-05-13 14:20:26,845 epoch 26 - iter 30/107 - loss 0.06203301 - samples/sec: 100.95 - lr: 0.006250
2022-05-13 14:20:30,154 epoch 26 - iter 40/107 - loss 0.06397552 - samples/sec: 96.76 - lr: 0.006250
2022-05-13 14:20:33,422 epoch 26 - iter 50/107 - loss 0.06233059 - samples/sec: 97.95 - lr: 0.006250
2022-05-13 14:20:36,538 epoch 26 - iter 60/107 - loss 0.06123230 - samples/sec: 102.74 - lr: 0.006250
2022-05-13 14:20:39,759 epoch 26 - iter 70/107 - loss 0.06307792 - samples/sec: 99.39 - lr: 0.006250
2022-05-13 14:20:42,911 epoch 26 - iter 80/107 - loss 0.06138460 - samples/sec: 101.59 - lr: 0.006250
2022-05-13 14:20:46,063 epoch 26 - iter 90/107 - loss 0.06090962 - samples/sec: 101.57 - lr: 0.006250
2022-05-13 14:20:49,332 epoch 26 - iter 100/107 - loss 0.06167462 - samples/sec: 97.92 - lr: 0.006250
2022-05-13 14:20:51,247 ----------------------------------------------------------------------------------------------------
2022-05-13 14:20:51,247 EPOCH 26 done: loss 0.0611 - lr 0.006250
2022-05-13 14:21:00,248 Evaluating as a multi-label problem: False
2022-05-13 14:21:00,259 DEV : loss 0.1929987221956253 - f1-score (micro avg)  0.5213
2022-05-13 14:21:00,362 BAD EPOCHS (no improvement): 2
2022-05-13 14:21:00,368 ----------------------------------------------------------------------------------------------------
2022-05-13 14:21:03,385 epoch 27 - iter 10/107 - loss 0.06699451 - samples/sec: 106.13 - lr: 0.006250
2022-05-13 14:21:06,348 epoch 27 - iter 20/107 - loss 0.06585461 - samples/sec: 108.05 - lr: 0.006250
2022-05-13 14:21:09,687 epoch 27 - iter 30/107 - loss 0.06756092 - samples/sec: 95.87 - lr: 0.006250
2022-05-13 14:21:12,822 epoch 27 - iter 40/107 - loss 0.06617778 - samples/sec: 102.09 - lr: 0.006250
2022-05-13 14:21:15,985 epoch 27 - iter 50/107 - loss 0.06727057 - samples/sec: 101.23 - lr: 0.006250
2022-05-13 14:21:18,991 epoch 27 - iter 60/107 - loss 0.06520232 - samples/sec: 106.48 - lr: 0.006250
2022-05-13 14:21:22,256 epoch 27 - iter 70/107 - loss 0.06705144 - samples/sec: 98.04 - lr: 0.006250
2022-05-13 14:21:25,443 epoch 27 - iter 80/107 - loss 0.06515197 - samples/sec: 100.47 - lr: 0.006250
2022-05-13 14:21:28,671 epoch 27 - iter 90/107 - loss 0.06460087 - samples/sec: 99.14 - lr: 0.006250
2022-05-13 14:21:31,892 epoch 27 - iter 100/107 - loss 0.06339816 - samples/sec: 99.40 - lr: 0.006250
2022-05-13 14:21:33,891 ----------------------------------------------------------------------------------------------------
2022-05-13 14:21:33,892 EPOCH 27 done: loss 0.0630 - lr 0.006250
2022-05-13 14:21:43,043 Evaluating as a multi-label problem: False
2022-05-13 14:21:43,055 DEV : loss 0.19224894046783447 - f1-score (micro avg)  0.5178
2022-05-13 14:21:43,157 BAD EPOCHS (no improvement): 3
2022-05-13 14:21:43,162 ----------------------------------------------------------------------------------------------------
2022-05-13 14:21:46,140 epoch 28 - iter 10/107 - loss 0.05968246 - samples/sec: 107.51 - lr: 0.006250
2022-05-13 14:21:49,634 epoch 28 - iter 20/107 - loss 0.05313604 - samples/sec: 91.63 - lr: 0.006250
2022-05-13 14:21:53,197 epoch 28 - iter 30/107 - loss 0.05521837 - samples/sec: 89.84 - lr: 0.006250
2022-05-13 14:21:56,407 epoch 28 - iter 40/107 - loss 0.05963163 - samples/sec: 99.72 - lr: 0.006250
2022-05-13 14:21:59,567 epoch 28 - iter 50/107 - loss 0.06166731 - samples/sec: 101.33 - lr: 0.006250
2022-05-13 14:22:02,721 epoch 28 - iter 60/107 - loss 0.06275546 - samples/sec: 101.49 - lr: 0.006250
2022-05-13 14:22:05,881 epoch 28 - iter 70/107 - loss 0.06360357 - samples/sec: 101.29 - lr: 0.006250
2022-05-13 14:22:09,134 epoch 28 - iter 80/107 - loss 0.06315838 - samples/sec: 98.39 - lr: 0.006250
2022-05-13 14:22:12,341 epoch 28 - iter 90/107 - loss 0.06261341 - samples/sec: 99.81 - lr: 0.006250
2022-05-13 14:22:15,660 epoch 28 - iter 100/107 - loss 0.06244672 - samples/sec: 96.45 - lr: 0.006250
2022-05-13 14:22:17,369 ----------------------------------------------------------------------------------------------------
2022-05-13 14:22:17,369 EPOCH 28 done: loss 0.0618 - lr 0.006250
2022-05-13 14:22:25,640 Evaluating as a multi-label problem: False
2022-05-13 14:22:25,651 DEV : loss 0.1892317831516266 - f1-score (micro avg)  0.5206
2022-05-13 14:22:25,736 Epoch    28: reducing learning rate of group 0 to 3.1250e-03.
2022-05-13 14:22:25,736 BAD EPOCHS (no improvement): 4
2022-05-13 14:22:25,738 ----------------------------------------------------------------------------------------------------
2022-05-13 14:22:28,355 epoch 29 - iter 10/107 - loss 0.06389420 - samples/sec: 122.33 - lr: 0.003125
2022-05-13 14:22:30,250 epoch 29 - iter 20/107 - loss 0.06231824 - samples/sec: 168.95 - lr: 0.003125
2022-05-13 14:22:31,960 epoch 29 - iter 30/107 - loss 0.06051013 - samples/sec: 187.25 - lr: 0.003125
2022-05-13 14:22:33,735 epoch 29 - iter 40/107 - loss 0.06223184 - samples/sec: 180.44 - lr: 0.003125
2022-05-13 14:22:35,464 epoch 29 - iter 50/107 - loss 0.06237457 - samples/sec: 185.18 - lr: 0.003125
2022-05-13 14:22:37,216 epoch 29 - iter 60/107 - loss 0.06234093 - samples/sec: 182.71 - lr: 0.003125
2022-05-13 14:22:39,094 epoch 29 - iter 70/107 - loss 0.05976165 - samples/sec: 170.47 - lr: 0.003125
2022-05-13 14:22:40,911 epoch 29 - iter 80/107 - loss 0.05898040 - samples/sec: 176.21 - lr: 0.003125
2022-05-13 14:22:42,788 epoch 29 - iter 90/107 - loss 0.05916496 - samples/sec: 170.58 - lr: 0.003125
2022-05-13 14:22:45,102 epoch 29 - iter 100/107 - loss 0.05911134 - samples/sec: 138.35 - lr: 0.003125
2022-05-13 14:22:47,029 ----------------------------------------------------------------------------------------------------
2022-05-13 14:22:47,029 EPOCH 29 done: loss 0.0598 - lr 0.003125
2022-05-13 14:22:55,620 Evaluating as a multi-label problem: False
2022-05-13 14:22:55,633 DEV : loss 0.1900126188993454 - f1-score (micro avg)  0.5223
2022-05-13 14:22:55,718 BAD EPOCHS (no improvement): 1
2022-05-13 14:22:55,721 ----------------------------------------------------------------------------------------------------
2022-05-13 14:22:58,876 epoch 30 - iter 10/107 - loss 0.05413838 - samples/sec: 101.47 - lr: 0.003125
2022-05-13 14:23:01,908 epoch 30 - iter 20/107 - loss 0.05762576 - samples/sec: 105.60 - lr: 0.003125
2022-05-13 14:23:05,073 epoch 30 - iter 30/107 - loss 0.05997336 - samples/sec: 101.13 - lr: 0.003125
2022-05-13 14:23:08,335 epoch 30 - iter 40/107 - loss 0.05808985 - samples/sec: 98.14 - lr: 0.003125
2022-05-13 14:23:11,505 epoch 30 - iter 50/107 - loss 0.05746952 - samples/sec: 100.98 - lr: 0.003125
2022-05-13 14:23:14,939 epoch 30 - iter 60/107 - loss 0.05682410 - samples/sec: 93.21 - lr: 0.003125
2022-05-13 14:23:17,969 epoch 30 - iter 70/107 - loss 0.05905786 - samples/sec: 105.63 - lr: 0.003125
2022-05-13 14:23:21,146 epoch 30 - iter 80/107 - loss 0.05957543 - samples/sec: 100.78 - lr: 0.003125
2022-05-13 14:23:24,136 epoch 30 - iter 90/107 - loss 0.05899048 - samples/sec: 107.07 - lr: 0.003125
2022-05-13 14:23:26,948 epoch 30 - iter 100/107 - loss 0.05947256 - samples/sec: 113.82 - lr: 0.003125
2022-05-13 14:23:28,696 ----------------------------------------------------------------------------------------------------
2022-05-13 14:23:28,696 EPOCH 30 done: loss 0.0588 - lr 0.003125
2022-05-13 14:23:36,765 Evaluating as a multi-label problem: False
2022-05-13 14:23:36,778 DEV : loss 0.19395901262760162 - f1-score (micro avg)  0.5178
2022-05-13 14:23:36,866 BAD EPOCHS (no improvement): 2
2022-05-13 14:23:36,868 ----------------------------------------------------------------------------------------------------
2022-05-13 14:23:40,119 epoch 31 - iter 10/107 - loss 0.05995477 - samples/sec: 98.49 - lr: 0.003125
2022-05-13 14:23:43,346 epoch 31 - iter 20/107 - loss 0.05566534 - samples/sec: 99.18 - lr: 0.003125
2022-05-13 14:23:46,422 epoch 31 - iter 30/107 - loss 0.05961284 - samples/sec: 104.08 - lr: 0.003125
2022-05-13 14:23:49,455 epoch 31 - iter 40/107 - loss 0.05627054 - samples/sec: 105.54 - lr: 0.003125
2022-05-13 14:23:52,727 epoch 31 - iter 50/107 - loss 0.05647237 - samples/sec: 97.81 - lr: 0.003125
2022-05-13 14:23:55,754 epoch 31 - iter 60/107 - loss 0.05784953 - samples/sec: 105.74 - lr: 0.003125
2022-05-13 14:23:58,830 epoch 31 - iter 70/107 - loss 0.05946096 - samples/sec: 104.10 - lr: 0.003125
2022-05-13 14:24:02,015 epoch 31 - iter 80/107 - loss 0.05912738 - samples/sec: 100.51 - lr: 0.003125
2022-05-13 14:24:05,289 epoch 31 - iter 90/107 - loss 0.05927220 - samples/sec: 97.78 - lr: 0.003125
2022-05-13 14:24:08,348 epoch 31 - iter 100/107 - loss 0.05909455 - samples/sec: 104.64 - lr: 0.003125
2022-05-13 14:24:09,888 ----------------------------------------------------------------------------------------------------
2022-05-13 14:24:09,888 EPOCH 31 done: loss 0.0586 - lr 0.003125
2022-05-13 14:24:19,922 Evaluating as a multi-label problem: False
2022-05-13 14:24:19,934 DEV : loss 0.1932675987482071 - f1-score (micro avg)  0.5193
2022-05-13 14:24:20,025 BAD EPOCHS (no improvement): 3
2022-05-13 14:24:20,028 ----------------------------------------------------------------------------------------------------
2022-05-13 14:24:23,149 epoch 32 - iter 10/107 - loss 0.05553100 - samples/sec: 102.57 - lr: 0.003125
2022-05-13 14:24:26,206 epoch 32 - iter 20/107 - loss 0.06003160 - samples/sec: 104.71 - lr: 0.003125
2022-05-13 14:24:29,537 epoch 32 - iter 30/107 - loss 0.06254862 - samples/sec: 96.10 - lr: 0.003125
2022-05-13 14:24:32,765 epoch 32 - iter 40/107 - loss 0.05910430 - samples/sec: 99.17 - lr: 0.003125
2022-05-13 14:24:36,037 epoch 32 - iter 50/107 - loss 0.05508274 - samples/sec: 97.82 - lr: 0.003125
2022-05-13 14:24:39,191 epoch 32 - iter 60/107 - loss 0.05670539 - samples/sec: 101.49 - lr: 0.003125
2022-05-13 14:24:42,275 epoch 32 - iter 70/107 - loss 0.05792974 - samples/sec: 103.81 - lr: 0.003125
2022-05-13 14:24:45,441 epoch 32 - iter 80/107 - loss 0.05805837 - samples/sec: 101.08 - lr: 0.003125
2022-05-13 14:24:48,529 epoch 32 - iter 90/107 - loss 0.05908957 - samples/sec: 103.68 - lr: 0.003125
2022-05-13 14:24:51,464 epoch 32 - iter 100/107 - loss 0.05830313 - samples/sec: 109.10 - lr: 0.003125
2022-05-13 14:24:53,237 ----------------------------------------------------------------------------------------------------
2022-05-13 14:24:53,237 EPOCH 32 done: loss 0.0591 - lr 0.003125
2022-05-13 14:25:00,752 Evaluating as a multi-label problem: False
2022-05-13 14:25:00,763 DEV : loss 0.1917341649532318 - f1-score (micro avg)  0.5195
2022-05-13 14:25:00,847 Epoch    32: reducing learning rate of group 0 to 1.5625e-03.
2022-05-13 14:25:00,847 BAD EPOCHS (no improvement): 4
2022-05-13 14:25:00,849 ----------------------------------------------------------------------------------------------------
2022-05-13 14:25:03,838 epoch 33 - iter 10/107 - loss 0.06074786 - samples/sec: 107.12 - lr: 0.001563
2022-05-13 14:25:06,988 epoch 33 - iter 20/107 - loss 0.06165564 - samples/sec: 101.61 - lr: 0.001563
2022-05-13 14:25:10,172 epoch 33 - iter 30/107 - loss 0.06404469 - samples/sec: 100.54 - lr: 0.001563
2022-05-13 14:25:13,281 epoch 33 - iter 40/107 - loss 0.06236388 - samples/sec: 102.97 - lr: 0.001563
2022-05-13 14:25:16,427 epoch 33 - iter 50/107 - loss 0.06236543 - samples/sec: 101.75 - lr: 0.001563
2022-05-13 14:25:19,593 epoch 33 - iter 60/107 - loss 0.06092373 - samples/sec: 101.09 - lr: 0.001563
2022-05-13 14:25:22,571 epoch 33 - iter 70/107 - loss 0.06014663 - samples/sec: 107.49 - lr: 0.001563
2022-05-13 14:25:25,712 epoch 33 - iter 80/107 - loss 0.05955156 - samples/sec: 101.92 - lr: 0.001563
2022-05-13 14:25:28,672 epoch 33 - iter 90/107 - loss 0.06093297 - samples/sec: 108.13 - lr: 0.001563
2022-05-13 14:25:31,892 epoch 33 - iter 100/107 - loss 0.05947745 - samples/sec: 99.43 - lr: 0.001563
2022-05-13 14:25:33,783 ----------------------------------------------------------------------------------------------------
2022-05-13 14:25:33,783 EPOCH 33 done: loss 0.0589 - lr 0.001563
2022-05-13 14:25:41,106 Evaluating as a multi-label problem: False
2022-05-13 14:25:41,117 DEV : loss 0.190134197473526 - f1-score (micro avg)  0.5195
2022-05-13 14:25:41,203 BAD EPOCHS (no improvement): 1
2022-05-13 14:25:41,207 ----------------------------------------------------------------------------------------------------
2022-05-13 14:25:43,935 epoch 34 - iter 10/107 - loss 0.06073229 - samples/sec: 117.37 - lr: 0.001563
2022-05-13 14:25:46,714 epoch 34 - iter 20/107 - loss 0.06430973 - samples/sec: 115.15 - lr: 0.001563
2022-05-13 14:25:49,129 epoch 34 - iter 30/107 - loss 0.06153219 - samples/sec: 132.60 - lr: 0.001563
2022-05-13 14:25:50,879 epoch 34 - iter 40/107 - loss 0.05915457 - samples/sec: 182.93 - lr: 0.001563
2022-05-13 14:25:52,666 epoch 34 - iter 50/107 - loss 0.05722888 - samples/sec: 179.15 - lr: 0.001563
2022-05-13 14:25:54,496 epoch 34 - iter 60/107 - loss 0.05752940 - samples/sec: 175.00 - lr: 0.001563
2022-05-13 14:25:56,272 epoch 34 - iter 70/107 - loss 0.05846100 - samples/sec: 180.27 - lr: 0.001563
2022-05-13 14:25:58,072 epoch 34 - iter 80/107 - loss 0.05798275 - samples/sec: 177.84 - lr: 0.001563
2022-05-13 14:25:59,893 epoch 34 - iter 90/107 - loss 0.05698254 - samples/sec: 175.81 - lr: 0.001563
2022-05-13 14:26:01,699 epoch 34 - iter 100/107 - loss 0.05626404 - samples/sec: 177.36 - lr: 0.001563
2022-05-13 14:26:02,844 ----------------------------------------------------------------------------------------------------
2022-05-13 14:26:02,844 EPOCH 34 done: loss 0.0574 - lr 0.001563
2022-05-13 14:26:11,583 Evaluating as a multi-label problem: False
2022-05-13 14:26:11,594 DEV : loss 0.19048233330249786 - f1-score (micro avg)  0.5219
2022-05-13 14:26:11,679 BAD EPOCHS (no improvement): 2
2022-05-13 14:26:11,681 ----------------------------------------------------------------------------------------------------
2022-05-13 14:26:14,550 epoch 35 - iter 10/107 - loss 0.05601184 - samples/sec: 111.58 - lr: 0.001563
2022-05-13 14:26:18,142 epoch 35 - iter 20/107 - loss 0.05530921 - samples/sec: 89.10 - lr: 0.001563
2022-05-13 14:26:21,294 epoch 35 - iter 30/107 - loss 0.05872365 - samples/sec: 101.58 - lr: 0.001563
2022-05-13 14:26:24,279 epoch 35 - iter 40/107 - loss 0.06084987 - samples/sec: 107.25 - lr: 0.001563
2022-05-13 14:26:27,485 epoch 35 - iter 50/107 - loss 0.06167665 - samples/sec: 99.84 - lr: 0.001563
2022-05-13 14:26:30,832 epoch 35 - iter 60/107 - loss 0.06059063 - samples/sec: 95.65 - lr: 0.001563
2022-05-13 14:26:33,854 epoch 35 - iter 70/107 - loss 0.06016652 - samples/sec: 105.91 - lr: 0.001563
2022-05-13 14:26:37,149 epoch 35 - iter 80/107 - loss 0.06053992 - samples/sec: 97.14 - lr: 0.001563
2022-05-13 14:26:40,460 epoch 35 - iter 90/107 - loss 0.06030777 - samples/sec: 96.68 - lr: 0.001563
2022-05-13 14:26:43,295 epoch 35 - iter 100/107 - loss 0.06009139 - samples/sec: 112.91 - lr: 0.001563
2022-05-13 14:26:44,909 ----------------------------------------------------------------------------------------------------
2022-05-13 14:26:44,909 EPOCH 35 done: loss 0.0597 - lr 0.001563
2022-05-13 14:26:53,041 Evaluating as a multi-label problem: False
2022-05-13 14:26:53,052 DEV : loss 0.19039218127727509 - f1-score (micro avg)  0.523
2022-05-13 14:26:53,139 BAD EPOCHS (no improvement): 3
2022-05-13 14:26:53,179 ----------------------------------------------------------------------------------------------------
2022-05-13 14:26:56,354 epoch 36 - iter 10/107 - loss 0.04991082 - samples/sec: 100.84 - lr: 0.001563
2022-05-13 14:26:59,449 epoch 36 - iter 20/107 - loss 0.05167723 - samples/sec: 103.41 - lr: 0.001563
2022-05-13 14:27:02,608 epoch 36 - iter 30/107 - loss 0.05234109 - samples/sec: 101.34 - lr: 0.001563
2022-05-13 14:27:05,636 epoch 36 - iter 40/107 - loss 0.05570717 - samples/sec: 105.70 - lr: 0.001563
2022-05-13 14:27:08,697 epoch 36 - iter 50/107 - loss 0.05667262 - samples/sec: 104.61 - lr: 0.001563
2022-05-13 14:27:11,891 epoch 36 - iter 60/107 - loss 0.05574360 - samples/sec: 100.20 - lr: 0.001563
2022-05-13 14:27:15,135 epoch 36 - iter 70/107 - loss 0.05502871 - samples/sec: 98.69 - lr: 0.001563
2022-05-13 14:27:18,141 epoch 36 - iter 80/107 - loss 0.05607737 - samples/sec: 106.47 - lr: 0.001563
2022-05-13 14:27:21,385 epoch 36 - iter 90/107 - loss 0.05710606 - samples/sec: 98.69 - lr: 0.001563
2022-05-13 14:27:24,562 epoch 36 - iter 100/107 - loss 0.05826280 - samples/sec: 100.74 - lr: 0.001563
2022-05-13 14:27:26,567 ----------------------------------------------------------------------------------------------------
2022-05-13 14:27:26,567 EPOCH 36 done: loss 0.0584 - lr 0.001563
2022-05-13 14:27:34,096 Evaluating as a multi-label problem: False
2022-05-13 14:27:34,107 DEV : loss 0.19051645696163177 - f1-score (micro avg)  0.523
2022-05-13 14:27:34,192 Epoch    36: reducing learning rate of group 0 to 7.8125e-04.
2022-05-13 14:27:34,192 BAD EPOCHS (no improvement): 4
2022-05-13 14:27:34,194 ----------------------------------------------------------------------------------------------------
2022-05-13 14:27:37,353 epoch 37 - iter 10/107 - loss 0.06118048 - samples/sec: 101.35 - lr: 0.000781
2022-05-13 14:27:40,681 epoch 37 - iter 20/107 - loss 0.05632236 - samples/sec: 96.20 - lr: 0.000781
2022-05-13 14:27:43,730 epoch 37 - iter 30/107 - loss 0.06040762 - samples/sec: 104.96 - lr: 0.000781
2022-05-13 14:27:46,683 epoch 37 - iter 40/107 - loss 0.06110931 - samples/sec: 108.42 - lr: 0.000781
2022-05-13 14:27:49,881 epoch 37 - iter 50/107 - loss 0.05955876 - samples/sec: 100.10 - lr: 0.000781
2022-05-13 14:27:52,904 epoch 37 - iter 60/107 - loss 0.05962276 - samples/sec: 105.90 - lr: 0.000781
2022-05-13 14:27:55,916 epoch 37 - iter 70/107 - loss 0.05905878 - samples/sec: 106.26 - lr: 0.000781
2022-05-13 14:27:59,190 epoch 37 - iter 80/107 - loss 0.06000830 - samples/sec: 97.80 - lr: 0.000781
2022-05-13 14:28:02,114 epoch 37 - iter 90/107 - loss 0.05911603 - samples/sec: 109.47 - lr: 0.000781
2022-05-13 14:28:05,311 epoch 37 - iter 100/107 - loss 0.05884746 - samples/sec: 100.12 - lr: 0.000781
2022-05-13 14:28:07,396 ----------------------------------------------------------------------------------------------------
2022-05-13 14:28:07,397 EPOCH 37 done: loss 0.0588 - lr 0.000781
2022-05-13 14:28:15,521 Evaluating as a multi-label problem: False
2022-05-13 14:28:15,532 DEV : loss 0.18966828286647797 - f1-score (micro avg)  0.5229
2022-05-13 14:28:15,620 BAD EPOCHS (no improvement): 1
2022-05-13 14:28:15,634 ----------------------------------------------------------------------------------------------------
2022-05-13 14:28:18,836 epoch 38 - iter 10/107 - loss 0.05602417 - samples/sec: 99.98 - lr: 0.000781
2022-05-13 14:28:21,529 epoch 38 - iter 20/107 - loss 0.05452377 - samples/sec: 118.87 - lr: 0.000781
2022-05-13 14:28:24,584 epoch 38 - iter 30/107 - loss 0.05798867 - samples/sec: 104.78 - lr: 0.000781
2022-05-13 14:28:27,791 epoch 38 - iter 40/107 - loss 0.05791460 - samples/sec: 99.81 - lr: 0.000781
2022-05-13 14:28:30,841 epoch 38 - iter 50/107 - loss 0.05803239 - samples/sec: 104.98 - lr: 0.000781
2022-05-13 14:28:33,771 epoch 38 - iter 60/107 - loss 0.05933066 - samples/sec: 109.22 - lr: 0.000781
2022-05-13 14:28:37,378 epoch 38 - iter 70/107 - loss 0.05836775 - samples/sec: 88.76 - lr: 0.000781
2022-05-13 14:28:40,752 epoch 38 - iter 80/107 - loss 0.05867450 - samples/sec: 94.86 - lr: 0.000781
2022-05-13 14:28:43,880 epoch 38 - iter 90/107 - loss 0.05762580 - samples/sec: 102.33 - lr: 0.000781
2022-05-13 14:28:46,946 epoch 38 - iter 100/107 - loss 0.05751053 - samples/sec: 104.42 - lr: 0.000781
2022-05-13 14:28:48,884 ----------------------------------------------------------------------------------------------------
2022-05-13 14:28:48,884 EPOCH 38 done: loss 0.0566 - lr 0.000781
2022-05-13 14:28:57,350 Evaluating as a multi-label problem: False
2022-05-13 14:28:57,361 DEV : loss 0.1913997083902359 - f1-score (micro avg)  0.5207
2022-05-13 14:28:57,446 BAD EPOCHS (no improvement): 2
2022-05-13 14:28:57,449 ----------------------------------------------------------------------------------------------------
2022-05-13 14:29:00,101 epoch 39 - iter 10/107 - loss 0.05359791 - samples/sec: 120.69 - lr: 0.000781
2022-05-13 14:29:02,995 epoch 39 - iter 20/107 - loss 0.05519857 - samples/sec: 110.61 - lr: 0.000781
2022-05-13 14:29:06,069 epoch 39 - iter 30/107 - loss 0.05980183 - samples/sec: 104.14 - lr: 0.000781
2022-05-13 14:29:08,863 epoch 39 - iter 40/107 - loss 0.05901206 - samples/sec: 114.58 - lr: 0.000781
2022-05-13 14:29:12,523 epoch 39 - iter 50/107 - loss 0.06050493 - samples/sec: 87.46 - lr: 0.000781
2022-05-13 14:29:15,753 epoch 39 - iter 60/107 - loss 0.06029728 - samples/sec: 99.10 - lr: 0.000781
2022-05-13 14:29:18,920 epoch 39 - iter 70/107 - loss 0.06075298 - samples/sec: 101.05 - lr: 0.000781
2022-05-13 14:29:21,984 epoch 39 - iter 80/107 - loss 0.05925398 - samples/sec: 104.47 - lr: 0.000781
2022-05-13 14:29:24,976 epoch 39 - iter 90/107 - loss 0.05814975 - samples/sec: 106.98 - lr: 0.000781
2022-05-13 14:29:28,217 epoch 39 - iter 100/107 - loss 0.05876820 - samples/sec: 98.78 - lr: 0.000781
2022-05-13 14:29:30,068 ----------------------------------------------------------------------------------------------------
2022-05-13 14:29:30,068 EPOCH 39 done: loss 0.0587 - lr 0.000781
2022-05-13 14:29:38,411 Evaluating as a multi-label problem: False
2022-05-13 14:29:38,422 DEV : loss 0.19116482138633728 - f1-score (micro avg)  0.5195
2022-05-13 14:29:38,506 BAD EPOCHS (no improvement): 3
2022-05-13 14:29:38,508 ----------------------------------------------------------------------------------------------------
2022-05-13 14:29:41,560 epoch 40 - iter 10/107 - loss 0.05892048 - samples/sec: 104.92 - lr: 0.000781
2022-05-13 14:29:44,600 epoch 40 - iter 20/107 - loss 0.06350785 - samples/sec: 105.28 - lr: 0.000781
2022-05-13 14:29:47,542 epoch 40 - iter 30/107 - loss 0.06470086 - samples/sec: 108.80 - lr: 0.000781
2022-05-13 14:29:50,475 epoch 40 - iter 40/107 - loss 0.06242826 - samples/sec: 109.13 - lr: 0.000781
2022-05-13 14:29:53,499 epoch 40 - iter 50/107 - loss 0.06128703 - samples/sec: 105.86 - lr: 0.000781
2022-05-13 14:29:56,077 epoch 40 - iter 60/107 - loss 0.06113194 - samples/sec: 124.21 - lr: 0.000781
2022-05-13 14:29:59,511 epoch 40 - iter 70/107 - loss 0.05931864 - samples/sec: 93.20 - lr: 0.000781
2022-05-13 14:30:02,759 epoch 40 - iter 80/107 - loss 0.06004391 - samples/sec: 98.54 - lr: 0.000781
2022-05-13 14:30:05,828 epoch 40 - iter 90/107 - loss 0.05924106 - samples/sec: 104.32 - lr: 0.000781
2022-05-13 14:30:08,922 epoch 40 - iter 100/107 - loss 0.06039614 - samples/sec: 103.46 - lr: 0.000781
2022-05-13 14:30:10,881 ----------------------------------------------------------------------------------------------------
2022-05-13 14:30:10,882 EPOCH 40 done: loss 0.0601 - lr 0.000781
2022-05-13 14:30:19,107 Evaluating as a multi-label problem: False
2022-05-13 14:30:19,118 DEV : loss 0.19103515148162842 - f1-score (micro avg)  0.52
2022-05-13 14:30:19,204 Epoch    40: reducing learning rate of group 0 to 3.9063e-04.
2022-05-13 14:30:19,204 BAD EPOCHS (no improvement): 4
2022-05-13 14:30:19,206 ----------------------------------------------------------------------------------------------------
2022-05-13 14:30:22,376 epoch 41 - iter 10/107 - loss 0.05354414 - samples/sec: 100.98 - lr: 0.000391
2022-05-13 14:30:25,721 epoch 41 - iter 20/107 - loss 0.05536983 - samples/sec: 95.71 - lr: 0.000391
2022-05-13 14:30:28,756 epoch 41 - iter 30/107 - loss 0.05385416 - samples/sec: 105.46 - lr: 0.000391
2022-05-13 14:30:31,593 epoch 41 - iter 40/107 - loss 0.05057410 - samples/sec: 112.84 - lr: 0.000391
2022-05-13 14:30:34,673 epoch 41 - iter 50/107 - loss 0.05467783 - samples/sec: 103.97 - lr: 0.000391
2022-05-13 14:30:37,489 epoch 41 - iter 60/107 - loss 0.06114782 - samples/sec: 113.69 - lr: 0.000391
2022-05-13 14:30:40,537 epoch 41 - iter 70/107 - loss 0.06090566 - samples/sec: 105.01 - lr: 0.000391
2022-05-13 14:30:43,248 epoch 41 - iter 80/107 - loss 0.06072837 - samples/sec: 118.10 - lr: 0.000391
2022-05-13 14:30:46,259 epoch 41 - iter 90/107 - loss 0.06076513 - samples/sec: 106.29 - lr: 0.000391
2022-05-13 14:30:49,467 epoch 41 - iter 100/107 - loss 0.05925530 - samples/sec: 99.78 - lr: 0.000391
2022-05-13 14:30:51,365 ----------------------------------------------------------------------------------------------------
2022-05-13 14:30:51,366 EPOCH 41 done: loss 0.0592 - lr 0.000391
2022-05-13 14:30:59,892 Evaluating as a multi-label problem: False
2022-05-13 14:30:59,903 DEV : loss 0.19115757942199707 - f1-score (micro avg)  0.5211
2022-05-13 14:30:59,988 BAD EPOCHS (no improvement): 1
2022-05-13 14:30:59,990 ----------------------------------------------------------------------------------------------------
2022-05-13 14:31:03,231 epoch 42 - iter 10/107 - loss 0.06365941 - samples/sec: 98.76 - lr: 0.000391
2022-05-13 14:31:06,522 epoch 42 - iter 20/107 - loss 0.05685177 - samples/sec: 97.28 - lr: 0.000391
2022-05-13 14:31:09,707 epoch 42 - iter 30/107 - loss 0.05225479 - samples/sec: 100.52 - lr: 0.000391
2022-05-13 14:31:12,799 epoch 42 - iter 40/107 - loss 0.05583474 - samples/sec: 103.52 - lr: 0.000391
2022-05-13 14:31:15,804 epoch 42 - iter 50/107 - loss 0.05769522 - samples/sec: 106.53 - lr: 0.000391
2022-05-13 14:31:19,194 epoch 42 - iter 60/107 - loss 0.05747049 - samples/sec: 94.41 - lr: 0.000391
2022-05-13 14:31:21,792 epoch 42 - iter 70/107 - loss 0.05809511 - samples/sec: 123.25 - lr: 0.000391
2022-05-13 14:31:24,686 epoch 42 - iter 80/107 - loss 0.05799177 - samples/sec: 110.61 - lr: 0.000391
2022-05-13 14:31:27,461 epoch 42 - iter 90/107 - loss 0.05797628 - samples/sec: 115.33 - lr: 0.000391
2022-05-13 14:31:30,217 epoch 42 - iter 100/107 - loss 0.05777282 - samples/sec: 116.17 - lr: 0.000391
2022-05-13 14:31:32,232 ----------------------------------------------------------------------------------------------------
2022-05-13 14:31:32,232 EPOCH 42 done: loss 0.0578 - lr 0.000391
2022-05-13 14:31:40,782 Evaluating as a multi-label problem: False
2022-05-13 14:31:40,793 DEV : loss 0.19121403992176056 - f1-score (micro avg)  0.5211
2022-05-13 14:31:40,878 BAD EPOCHS (no improvement): 2
2022-05-13 14:31:40,880 ----------------------------------------------------------------------------------------------------
2022-05-13 14:31:44,200 epoch 43 - iter 10/107 - loss 0.05693505 - samples/sec: 96.43 - lr: 0.000391
2022-05-13 14:31:47,335 epoch 43 - iter 20/107 - loss 0.05410194 - samples/sec: 102.11 - lr: 0.000391
2022-05-13 14:31:50,380 epoch 43 - iter 30/107 - loss 0.05982832 - samples/sec: 105.13 - lr: 0.000391
2022-05-13 14:31:53,344 epoch 43 - iter 40/107 - loss 0.05819933 - samples/sec: 107.99 - lr: 0.000391
2022-05-13 14:31:56,378 epoch 43 - iter 50/107 - loss 0.05809218 - samples/sec: 105.52 - lr: 0.000391
2022-05-13 14:31:59,617 epoch 43 - iter 60/107 - loss 0.05922247 - samples/sec: 98.83 - lr: 0.000391
2022-05-13 14:32:02,856 epoch 43 - iter 70/107 - loss 0.05854016 - samples/sec: 98.84 - lr: 0.000391
2022-05-13 14:32:05,911 epoch 43 - iter 80/107 - loss 0.05789169 - samples/sec: 104.78 - lr: 0.000391
2022-05-13 14:32:08,825 epoch 43 - iter 90/107 - loss 0.05705006 - samples/sec: 109.84 - lr: 0.000391
2022-05-13 14:32:11,767 epoch 43 - iter 100/107 - loss 0.05773883 - samples/sec: 108.78 - lr: 0.000391
2022-05-13 14:32:13,715 ----------------------------------------------------------------------------------------------------
2022-05-13 14:32:13,715 EPOCH 43 done: loss 0.0571 - lr 0.000391
2022-05-13 14:32:22,098 Evaluating as a multi-label problem: False
2022-05-13 14:32:22,109 DEV : loss 0.19163008034229279 - f1-score (micro avg)  0.52
2022-05-13 14:32:22,195 BAD EPOCHS (no improvement): 3
2022-05-13 14:32:22,197 ----------------------------------------------------------------------------------------------------
2022-05-13 14:32:25,281 epoch 44 - iter 10/107 - loss 0.05289922 - samples/sec: 103.81 - lr: 0.000391
2022-05-13 14:32:28,283 epoch 44 - iter 20/107 - loss 0.05868434 - samples/sec: 106.63 - lr: 0.000391
2022-05-13 14:32:31,560 epoch 44 - iter 30/107 - loss 0.05614590 - samples/sec: 97.71 - lr: 0.000391
2022-05-13 14:32:34,692 epoch 44 - iter 40/107 - loss 0.05558903 - samples/sec: 102.19 - lr: 0.000391
2022-05-13 14:32:37,562 epoch 44 - iter 50/107 - loss 0.05599923 - samples/sec: 111.57 - lr: 0.000391
2022-05-13 14:32:41,242 epoch 44 - iter 60/107 - loss 0.05647248 - samples/sec: 86.98 - lr: 0.000391
2022-05-13 14:32:44,416 epoch 44 - iter 70/107 - loss 0.05660343 - samples/sec: 100.83 - lr: 0.000391
2022-05-13 14:32:47,823 epoch 44 - iter 80/107 - loss 0.05596596 - samples/sec: 93.97 - lr: 0.000391
2022-05-13 14:32:50,903 epoch 44 - iter 90/107 - loss 0.05616357 - samples/sec: 103.91 - lr: 0.000391
2022-05-13 14:32:53,908 epoch 44 - iter 100/107 - loss 0.05663402 - samples/sec: 106.53 - lr: 0.000391
2022-05-13 14:32:55,659 ----------------------------------------------------------------------------------------------------
2022-05-13 14:32:55,659 EPOCH 44 done: loss 0.0571 - lr 0.000391
2022-05-13 14:33:05,604 Evaluating as a multi-label problem: False
2022-05-13 14:33:05,614 DEV : loss 0.19158707559108734 - f1-score (micro avg)  0.5207
2022-05-13 14:33:05,700 Epoch    44: reducing learning rate of group 0 to 1.9531e-04.
2022-05-13 14:33:05,700 BAD EPOCHS (no improvement): 4
2022-05-13 14:33:05,756 ----------------------------------------------------------------------------------------------------
2022-05-13 14:33:08,683 epoch 45 - iter 10/107 - loss 0.07069806 - samples/sec: 109.36 - lr: 0.000195
2022-05-13 14:33:11,902 epoch 45 - iter 20/107 - loss 0.06696550 - samples/sec: 99.44 - lr: 0.000195
2022-05-13 14:33:15,104 epoch 45 - iter 30/107 - loss 0.05844973 - samples/sec: 99.99 - lr: 0.000195
2022-05-13 14:33:18,219 epoch 45 - iter 40/107 - loss 0.06079915 - samples/sec: 102.76 - lr: 0.000195
2022-05-13 14:33:21,355 epoch 45 - iter 50/107 - loss 0.05880036 - samples/sec: 102.07 - lr: 0.000195
2022-05-13 14:33:24,405 epoch 45 - iter 60/107 - loss 0.05914119 - samples/sec: 104.96 - lr: 0.000195
2022-05-13 14:33:27,545 epoch 45 - iter 70/107 - loss 0.05974864 - samples/sec: 101.94 - lr: 0.000195
2022-05-13 14:33:30,494 epoch 45 - iter 80/107 - loss 0.05872635 - samples/sec: 108.53 - lr: 0.000195
2022-05-13 14:33:33,832 epoch 45 - iter 90/107 - loss 0.05911223 - samples/sec: 95.90 - lr: 0.000195
2022-05-13 14:33:37,061 epoch 45 - iter 100/107 - loss 0.05827750 - samples/sec: 99.15 - lr: 0.000195
2022-05-13 14:33:38,878 ----------------------------------------------------------------------------------------------------
2022-05-13 14:33:38,878 EPOCH 45 done: loss 0.0593 - lr 0.000195
2022-05-13 14:33:46,204 Evaluating as a multi-label problem: False
2022-05-13 14:33:46,215 DEV : loss 0.191621795296669 - f1-score (micro avg)  0.5207
2022-05-13 14:33:46,300 BAD EPOCHS (no improvement): 1
2022-05-13 14:33:46,302 ----------------------------------------------------------------------------------------------------
2022-05-13 14:33:49,503 epoch 46 - iter 10/107 - loss 0.05902155 - samples/sec: 100.00 - lr: 0.000195
2022-05-13 14:33:52,719 epoch 46 - iter 20/107 - loss 0.06288654 - samples/sec: 99.53 - lr: 0.000195
2022-05-13 14:33:55,825 epoch 46 - iter 30/107 - loss 0.06109503 - samples/sec: 103.06 - lr: 0.000195
2022-05-13 14:33:58,899 epoch 46 - iter 40/107 - loss 0.06355128 - samples/sec: 104.12 - lr: 0.000195
2022-05-13 14:34:01,987 epoch 46 - iter 50/107 - loss 0.06234263 - samples/sec: 103.67 - lr: 0.000195
2022-05-13 14:34:05,115 epoch 46 - iter 60/107 - loss 0.06044394 - samples/sec: 102.35 - lr: 0.000195
2022-05-13 14:34:08,463 epoch 46 - iter 70/107 - loss 0.05864735 - samples/sec: 95.61 - lr: 0.000195
2022-05-13 14:34:11,451 epoch 46 - iter 80/107 - loss 0.05982758 - samples/sec: 107.13 - lr: 0.000195
2022-05-13 14:34:14,558 epoch 46 - iter 90/107 - loss 0.05958700 - samples/sec: 103.01 - lr: 0.000195
2022-05-13 14:34:17,620 epoch 46 - iter 100/107 - loss 0.05999106 - samples/sec: 104.57 - lr: 0.000195
2022-05-13 14:34:19,530 ----------------------------------------------------------------------------------------------------
2022-05-13 14:34:19,530 EPOCH 46 done: loss 0.0597 - lr 0.000195
2022-05-13 14:34:27,512 Evaluating as a multi-label problem: False
2022-05-13 14:34:27,523 DEV : loss 0.1912912130355835 - f1-score (micro avg)  0.5207
2022-05-13 14:34:27,611 BAD EPOCHS (no improvement): 2
2022-05-13 14:34:27,656 ----------------------------------------------------------------------------------------------------
2022-05-13 14:34:30,392 epoch 47 - iter 10/107 - loss 0.06029743 - samples/sec: 117.02 - lr: 0.000195
2022-05-13 14:34:32,306 epoch 47 - iter 20/107 - loss 0.05393281 - samples/sec: 167.27 - lr: 0.000195
2022-05-13 14:34:34,738 epoch 47 - iter 30/107 - loss 0.05384499 - samples/sec: 131.65 - lr: 0.000195
2022-05-13 14:34:38,254 epoch 47 - iter 40/107 - loss 0.05187366 - samples/sec: 91.04 - lr: 0.000195
2022-05-13 14:34:41,384 epoch 47 - iter 50/107 - loss 0.05429698 - samples/sec: 102.27 - lr: 0.000195
2022-05-13 14:34:44,385 epoch 47 - iter 60/107 - loss 0.05456929 - samples/sec: 106.65 - lr: 0.000195
2022-05-13 14:34:47,628 epoch 47 - iter 70/107 - loss 0.05355736 - samples/sec: 98.70 - lr: 0.000195
2022-05-13 14:34:50,610 epoch 47 - iter 80/107 - loss 0.05549635 - samples/sec: 107.37 - lr: 0.000195
2022-05-13 14:34:53,774 epoch 47 - iter 90/107 - loss 0.05475076 - samples/sec: 101.17 - lr: 0.000195
2022-05-13 14:34:56,961 epoch 47 - iter 100/107 - loss 0.05608500 - samples/sec: 100.43 - lr: 0.000195
2022-05-13 14:34:58,803 ----------------------------------------------------------------------------------------------------
2022-05-13 14:34:58,804 EPOCH 47 done: loss 0.0575 - lr 0.000195
2022-05-13 14:35:07,362 Evaluating as a multi-label problem: False
2022-05-13 14:35:07,373 DEV : loss 0.19061502814292908 - f1-score (micro avg)  0.5211
2022-05-13 14:35:07,459 BAD EPOCHS (no improvement): 3
2022-05-13 14:35:07,460 ----------------------------------------------------------------------------------------------------
2022-05-13 14:35:10,696 epoch 48 - iter 10/107 - loss 0.06862707 - samples/sec: 98.95 - lr: 0.000195
2022-05-13 14:35:13,527 epoch 48 - iter 20/107 - loss 0.06530746 - samples/sec: 113.04 - lr: 0.000195
2022-05-13 14:35:16,377 epoch 48 - iter 30/107 - loss 0.06627474 - samples/sec: 112.33 - lr: 0.000195
2022-05-13 14:35:19,309 epoch 48 - iter 40/107 - loss 0.06648050 - samples/sec: 109.16 - lr: 0.000195
2022-05-13 14:35:21,971 epoch 48 - iter 50/107 - loss 0.06334509 - samples/sec: 120.26 - lr: 0.000195
2022-05-13 14:35:25,295 epoch 48 - iter 60/107 - loss 0.06228952 - samples/sec: 96.30 - lr: 0.000195
2022-05-13 14:35:28,261 epoch 48 - iter 70/107 - loss 0.06087231 - samples/sec: 107.93 - lr: 0.000195
2022-05-13 14:35:31,573 epoch 48 - iter 80/107 - loss 0.06013967 - samples/sec: 96.65 - lr: 0.000195
2022-05-13 14:35:34,501 epoch 48 - iter 90/107 - loss 0.05940928 - samples/sec: 109.35 - lr: 0.000195
2022-05-13 14:35:37,673 epoch 48 - iter 100/107 - loss 0.05882332 - samples/sec: 100.89 - lr: 0.000195
2022-05-13 14:35:39,674 ----------------------------------------------------------------------------------------------------
2022-05-13 14:35:39,674 EPOCH 48 done: loss 0.0590 - lr 0.000195
2022-05-13 14:35:48,411 Evaluating as a multi-label problem: False
2022-05-13 14:35:48,424 DEV : loss 0.19076573848724365 - f1-score (micro avg)  0.5211
2022-05-13 14:35:48,508 Epoch    48: reducing learning rate of group 0 to 9.7656e-05.
2022-05-13 14:35:48,508 BAD EPOCHS (no improvement): 4
2022-05-13 14:35:48,510 ----------------------------------------------------------------------------------------------------
2022-05-13 14:35:48,510 ----------------------------------------------------------------------------------------------------
2022-05-13 14:35:48,510 learning rate too small - quitting training!
2022-05-13 14:35:48,510 ----------------------------------------------------------------------------------------------------
2022-05-13 14:36:12,391 ----------------------------------------------------------------------------------------------------
2022-05-13 14:36:12,392 loading file resources/taggers/model_07_r10_run_1/best-model.pt
2022-05-13 14:36:33,229 SequenceTagger predicts: Dictionary with 27 tags: O, S-person, B-person, E-person, I-person, S-location, B-location, E-location, I-location, S-group, B-group, E-group, I-group, S-corporation, B-corporation, E-corporation, I-corporation, S-product, B-product, E-product, I-product, S-creative-work, B-creative-work, E-creative-work, I-creative-work, <START>, <STOP>
2022-05-13 14:36:54,406 Evaluating as a multi-label problem: False
2022-05-13 14:36:54,419 0.6885	0.3216	0.4384	0.2956
2022-05-13 14:36:54,419 
Results:
- F-score (micro) 0.4384
- F-score (macro) 0.3328
- Accuracy 0.2956

By class:
               precision    recall  f1-score   support

       person     0.7765    0.4779    0.5916       429
     location     0.7037    0.5067    0.5891       150
        group     0.5517    0.1939    0.2870       165
creative-work     0.5714    0.0845    0.1472       142
      product     0.5333    0.0630    0.1127       127
  corporation     0.3684    0.2121    0.2692        66

    micro avg     0.6885    0.3216    0.4384      1079
    macro avg     0.5842    0.2563    0.3328      1079
 weighted avg     0.6514    0.3216    0.4101      1079

2022-05-13 14:36:54,419 ----------------------------------------------------------------------------------------------------
