2022-04-28 17:04:14,069 ----------------------------------------------------------------------------------------------------
2022-04-28 17:04:14,069 Model: "SequenceTagger(
  (embeddings): StackedEmbeddings(
    (list_embedding_0): GazetteerEmbeddings()
    (list_embedding_1): WordEmbeddings(
      'glove'
      (embedding): Embedding(400001, 100)
    )
    (list_embedding_2): FlairEmbeddings(
      (lm): LanguageModel(
        (drop): Dropout(p=0.05, inplace=False)
        (encoder): Embedding(300, 100)
        (rnn): LSTM(100, 2048)
        (decoder): Linear(in_features=2048, out_features=300, bias=True)
      )
    )
    (list_embedding_3): FlairEmbeddings(
      (lm): LanguageModel(
        (drop): Dropout(p=0.05, inplace=False)
        (encoder): Embedding(300, 100)
        (rnn): LSTM(100, 2048)
        (decoder): Linear(in_features=2048, out_features=300, bias=True)
      )
    )
  )
  (word_dropout): WordDropout(p=0.05)
  (locked_dropout): LockedDropout(p=0.5)
  (embedding2nn): Linear(in_features=5072, out_features=5072, bias=True)
  (rnn): LSTM(5072, 256, batch_first=True, bidirectional=True)
  (linear): Linear(in_features=512, out_features=27, bias=True)
  (loss_function): ViterbiLoss()
  (crf): CRF()
)"
2022-04-28 17:04:14,069 ----------------------------------------------------------------------------------------------------
2022-04-28 17:04:14,070 Corpus: "Corpus: 3394 train + 1009 dev + 1287 test sentences"
2022-04-28 17:04:14,070 ----------------------------------------------------------------------------------------------------
2022-04-28 17:04:14,070 Parameters:
2022-04-28 17:04:14,070  - learning_rate: "0.100000"
2022-04-28 17:04:14,070  - mini_batch_size: "32"
2022-04-28 17:04:14,070  - patience: "3"
2022-04-28 17:04:14,070  - anneal_factor: "0.5"
2022-04-28 17:04:14,070  - max_epochs: "150"
2022-04-28 17:04:14,070  - shuffle: "True"
2022-04-28 17:04:14,070  - train_with_dev: "False"
2022-04-28 17:04:14,070  - batch_growth_annealing: "False"
2022-04-28 17:04:14,070 ----------------------------------------------------------------------------------------------------
2022-04-28 17:04:14,070 Model training base path: "resources/taggers/model_06_r5_run_3"
2022-04-28 17:04:14,070 ----------------------------------------------------------------------------------------------------
2022-04-28 17:04:14,070 Device: cuda:1
2022-04-28 17:04:14,070 ----------------------------------------------------------------------------------------------------
2022-04-28 17:04:14,070 Embeddings storage mode: cpu
2022-04-28 17:04:14,070 ----------------------------------------------------------------------------------------------------
2022-04-28 17:04:17,158 epoch 1 - iter 10/107 - loss 1.02686083 - samples/sec: 103.69 - lr: 0.100000
2022-04-28 17:04:20,398 epoch 1 - iter 20/107 - loss 0.67276251 - samples/sec: 98.78 - lr: 0.100000
2022-04-28 17:04:23,682 epoch 1 - iter 30/107 - loss 0.55056104 - samples/sec: 97.48 - lr: 0.100000
2022-04-28 17:04:26,888 epoch 1 - iter 40/107 - loss 0.48469531 - samples/sec: 99.83 - lr: 0.100000
2022-04-28 17:04:30,058 epoch 1 - iter 50/107 - loss 0.43465895 - samples/sec: 100.98 - lr: 0.100000
2022-04-28 17:04:33,256 epoch 1 - iter 60/107 - loss 0.41596131 - samples/sec: 100.11 - lr: 0.100000
2022-04-28 17:04:36,482 epoch 1 - iter 70/107 - loss 0.40130149 - samples/sec: 99.23 - lr: 0.100000
2022-04-28 17:04:39,419 epoch 1 - iter 80/107 - loss 0.39362548 - samples/sec: 108.98 - lr: 0.100000
2022-04-28 17:04:42,199 epoch 1 - iter 90/107 - loss 0.38774818 - samples/sec: 115.16 - lr: 0.100000
2022-04-28 17:04:45,032 epoch 1 - iter 100/107 - loss 0.38120014 - samples/sec: 113.02 - lr: 0.100000
2022-04-28 17:04:46,727 ----------------------------------------------------------------------------------------------------
2022-04-28 17:04:46,727 EPOCH 1 done: loss 0.3737 - lr 0.100000
2022-04-28 17:04:56,195 Evaluating as a multi-label problem: False
2022-04-28 17:04:56,205 DEV : loss 0.4668286144733429 - f1-score (micro avg)  0.1851
2022-04-28 17:04:56,291 BAD EPOCHS (no improvement): 0
2022-04-28 17:04:56,293 saving best model
2022-04-28 17:05:51,825 ----------------------------------------------------------------------------------------------------
2022-04-28 17:05:55,035 epoch 2 - iter 10/107 - loss 0.24460885 - samples/sec: 99.76 - lr: 0.100000
2022-04-28 17:05:58,075 epoch 2 - iter 20/107 - loss 0.24880255 - samples/sec: 105.32 - lr: 0.100000
2022-04-28 17:06:01,165 epoch 2 - iter 30/107 - loss 0.23960488 - samples/sec: 103.58 - lr: 0.100000
2022-04-28 17:06:04,174 epoch 2 - iter 40/107 - loss 0.23075531 - samples/sec: 106.38 - lr: 0.100000
2022-04-28 17:06:07,185 epoch 2 - iter 50/107 - loss 0.22197498 - samples/sec: 106.33 - lr: 0.100000
2022-04-28 17:06:10,207 epoch 2 - iter 60/107 - loss 0.22083182 - samples/sec: 105.94 - lr: 0.100000
2022-04-28 17:06:13,241 epoch 2 - iter 70/107 - loss 0.21785232 - samples/sec: 105.50 - lr: 0.100000
2022-04-28 17:06:16,417 epoch 2 - iter 80/107 - loss 0.21573725 - samples/sec: 100.82 - lr: 0.100000
2022-04-28 17:06:19,459 epoch 2 - iter 90/107 - loss 0.21624586 - samples/sec: 105.20 - lr: 0.100000
2022-04-28 17:06:22,537 epoch 2 - iter 100/107 - loss 0.21091867 - samples/sec: 104.02 - lr: 0.100000
2022-04-28 17:06:24,387 ----------------------------------------------------------------------------------------------------
2022-04-28 17:06:24,387 EPOCH 2 done: loss 0.2125 - lr 0.100000
2022-04-28 17:06:33,821 Evaluating as a multi-label problem: False
2022-04-28 17:06:33,832 DEV : loss 0.32257896661758423 - f1-score (micro avg)  0.376
2022-04-28 17:06:33,921 BAD EPOCHS (no improvement): 0
2022-04-28 17:06:33,923 saving best model
2022-04-28 17:07:29,396 ----------------------------------------------------------------------------------------------------
2022-04-28 17:07:32,652 epoch 3 - iter 10/107 - loss 0.16271353 - samples/sec: 98.36 - lr: 0.100000
2022-04-28 17:07:35,736 epoch 3 - iter 20/107 - loss 0.18377992 - samples/sec: 103.80 - lr: 0.100000
2022-04-28 17:07:38,858 epoch 3 - iter 30/107 - loss 0.18871786 - samples/sec: 102.51 - lr: 0.100000
2022-04-28 17:07:41,882 epoch 3 - iter 40/107 - loss 0.19405661 - samples/sec: 105.88 - lr: 0.100000
2022-04-28 17:07:44,947 epoch 3 - iter 50/107 - loss 0.19225571 - samples/sec: 104.45 - lr: 0.100000
2022-04-28 17:07:47,992 epoch 3 - iter 60/107 - loss 0.18718340 - samples/sec: 105.10 - lr: 0.100000
2022-04-28 17:07:51,052 epoch 3 - iter 70/107 - loss 0.18174824 - samples/sec: 104.63 - lr: 0.100000
2022-04-28 17:07:54,014 epoch 3 - iter 80/107 - loss 0.18158904 - samples/sec: 108.08 - lr: 0.100000
2022-04-28 17:07:57,080 epoch 3 - iter 90/107 - loss 0.17965562 - samples/sec: 104.40 - lr: 0.100000
2022-04-28 17:08:00,178 epoch 3 - iter 100/107 - loss 0.17731414 - samples/sec: 103.33 - lr: 0.100000
2022-04-28 17:08:02,083 ----------------------------------------------------------------------------------------------------
2022-04-28 17:08:02,083 EPOCH 3 done: loss 0.1756 - lr 0.100000
2022-04-28 17:08:11,579 Evaluating as a multi-label problem: False
2022-04-28 17:08:11,590 DEV : loss 0.3032059371471405 - f1-score (micro avg)  0.4493
2022-04-28 17:08:11,676 BAD EPOCHS (no improvement): 0
2022-04-28 17:08:11,678 saving best model
2022-04-28 17:09:07,838 ----------------------------------------------------------------------------------------------------
2022-04-28 17:09:11,055 epoch 4 - iter 10/107 - loss 0.14905248 - samples/sec: 99.56 - lr: 0.100000
2022-04-28 17:09:14,103 epoch 4 - iter 20/107 - loss 0.14879061 - samples/sec: 105.01 - lr: 0.100000
2022-04-28 17:09:17,008 epoch 4 - iter 30/107 - loss 0.15671928 - samples/sec: 110.21 - lr: 0.100000
2022-04-28 17:09:20,195 epoch 4 - iter 40/107 - loss 0.15508152 - samples/sec: 100.42 - lr: 0.100000
2022-04-28 17:09:23,307 epoch 4 - iter 50/107 - loss 0.15246774 - samples/sec: 102.88 - lr: 0.100000
2022-04-28 17:09:26,389 epoch 4 - iter 60/107 - loss 0.14997256 - samples/sec: 103.85 - lr: 0.100000
2022-04-28 17:09:29,335 epoch 4 - iter 70/107 - loss 0.15671743 - samples/sec: 108.69 - lr: 0.100000
2022-04-28 17:09:32,374 epoch 4 - iter 80/107 - loss 0.15430181 - samples/sec: 105.32 - lr: 0.100000
2022-04-28 17:09:35,520 epoch 4 - iter 90/107 - loss 0.15352169 - samples/sec: 101.76 - lr: 0.100000
2022-04-28 17:09:38,519 epoch 4 - iter 100/107 - loss 0.15498977 - samples/sec: 106.73 - lr: 0.100000
2022-04-28 17:09:40,433 ----------------------------------------------------------------------------------------------------
2022-04-28 17:09:40,433 EPOCH 4 done: loss 0.1530 - lr 0.100000
2022-04-28 17:09:49,836 Evaluating as a multi-label problem: False
2022-04-28 17:09:49,847 DEV : loss 0.2633157968521118 - f1-score (micro avg)  0.4448
2022-04-28 17:09:49,934 BAD EPOCHS (no improvement): 1
2022-04-28 17:09:49,955 ----------------------------------------------------------------------------------------------------
2022-04-28 17:09:53,055 epoch 5 - iter 10/107 - loss 0.16453280 - samples/sec: 103.28 - lr: 0.100000
2022-04-28 17:09:56,024 epoch 5 - iter 20/107 - loss 0.15283648 - samples/sec: 107.80 - lr: 0.100000
2022-04-28 17:09:59,083 epoch 5 - iter 30/107 - loss 0.15469042 - samples/sec: 104.66 - lr: 0.100000
2022-04-28 17:10:02,315 epoch 5 - iter 40/107 - loss 0.14388367 - samples/sec: 99.04 - lr: 0.100000
2022-04-28 17:10:05,351 epoch 5 - iter 50/107 - loss 0.14162714 - samples/sec: 105.44 - lr: 0.100000
2022-04-28 17:10:08,359 epoch 5 - iter 60/107 - loss 0.14157816 - samples/sec: 106.41 - lr: 0.100000
2022-04-28 17:10:11,249 epoch 5 - iter 70/107 - loss 0.14414893 - samples/sec: 110.80 - lr: 0.100000
2022-04-28 17:10:14,324 epoch 5 - iter 80/107 - loss 0.14618415 - samples/sec: 104.07 - lr: 0.100000
2022-04-28 17:10:17,323 epoch 5 - iter 90/107 - loss 0.14386319 - samples/sec: 106.74 - lr: 0.100000
2022-04-28 17:10:20,175 epoch 5 - iter 100/107 - loss 0.14113150 - samples/sec: 112.25 - lr: 0.100000
2022-04-28 17:10:21,933 ----------------------------------------------------------------------------------------------------
2022-04-28 17:10:21,933 EPOCH 5 done: loss 0.1388 - lr 0.100000
2022-04-28 17:10:31,238 Evaluating as a multi-label problem: False
2022-04-28 17:10:31,249 DEV : loss 0.2458464801311493 - f1-score (micro avg)  0.4863
2022-04-28 17:10:31,335 BAD EPOCHS (no improvement): 0
2022-04-28 17:10:31,337 saving best model
2022-04-28 17:11:26,677 ----------------------------------------------------------------------------------------------------
2022-04-28 17:11:29,871 epoch 6 - iter 10/107 - loss 0.12618887 - samples/sec: 100.27 - lr: 0.100000
2022-04-28 17:11:33,049 epoch 6 - iter 20/107 - loss 0.11607252 - samples/sec: 100.74 - lr: 0.100000
2022-04-28 17:11:36,182 epoch 6 - iter 30/107 - loss 0.12345475 - samples/sec: 102.17 - lr: 0.100000
2022-04-28 17:11:39,230 epoch 6 - iter 40/107 - loss 0.12437220 - samples/sec: 105.02 - lr: 0.100000
2022-04-28 17:11:42,196 epoch 6 - iter 50/107 - loss 0.12297479 - samples/sec: 107.91 - lr: 0.100000
2022-04-28 17:11:45,243 epoch 6 - iter 60/107 - loss 0.12479195 - samples/sec: 105.07 - lr: 0.100000
2022-04-28 17:11:48,414 epoch 6 - iter 70/107 - loss 0.12673135 - samples/sec: 100.95 - lr: 0.100000
2022-04-28 17:11:51,536 epoch 6 - iter 80/107 - loss 0.12897022 - samples/sec: 102.56 - lr: 0.100000
2022-04-28 17:11:54,531 epoch 6 - iter 90/107 - loss 0.12880696 - samples/sec: 106.86 - lr: 0.100000
2022-04-28 17:11:57,543 epoch 6 - iter 100/107 - loss 0.12832764 - samples/sec: 106.30 - lr: 0.100000
2022-04-28 17:11:59,322 ----------------------------------------------------------------------------------------------------
2022-04-28 17:11:59,322 EPOCH 6 done: loss 0.1283 - lr 0.100000
2022-04-28 17:12:08,803 Evaluating as a multi-label problem: False
2022-04-28 17:12:08,814 DEV : loss 0.20573921501636505 - f1-score (micro avg)  0.5033
2022-04-28 17:12:08,902 BAD EPOCHS (no improvement): 0
2022-04-28 17:12:08,939 saving best model
2022-04-28 17:13:04,964 ----------------------------------------------------------------------------------------------------
2022-04-28 17:13:08,086 epoch 7 - iter 10/107 - loss 0.13354686 - samples/sec: 102.56 - lr: 0.100000
2022-04-28 17:13:11,183 epoch 7 - iter 20/107 - loss 0.11753788 - samples/sec: 103.38 - lr: 0.100000
2022-04-28 17:13:14,228 epoch 7 - iter 30/107 - loss 0.12141462 - samples/sec: 105.14 - lr: 0.100000
2022-04-28 17:13:17,238 epoch 7 - iter 40/107 - loss 0.12489617 - samples/sec: 106.35 - lr: 0.100000
2022-04-28 17:13:20,318 epoch 7 - iter 50/107 - loss 0.12291436 - samples/sec: 103.91 - lr: 0.100000
2022-04-28 17:13:23,458 epoch 7 - iter 60/107 - loss 0.11951603 - samples/sec: 101.96 - lr: 0.100000
2022-04-28 17:13:26,550 epoch 7 - iter 70/107 - loss 0.11883843 - samples/sec: 103.52 - lr: 0.100000
2022-04-28 17:13:29,590 epoch 7 - iter 80/107 - loss 0.12229960 - samples/sec: 105.30 - lr: 0.100000
2022-04-28 17:13:32,707 epoch 7 - iter 90/107 - loss 0.12073754 - samples/sec: 102.70 - lr: 0.100000
2022-04-28 17:13:35,747 epoch 7 - iter 100/107 - loss 0.11749171 - samples/sec: 105.30 - lr: 0.100000
2022-04-28 17:13:37,503 ----------------------------------------------------------------------------------------------------
2022-04-28 17:13:37,504 EPOCH 7 done: loss 0.1168 - lr 0.100000
2022-04-28 17:13:46,902 Evaluating as a multi-label problem: False
2022-04-28 17:13:46,914 DEV : loss 0.239605113863945 - f1-score (micro avg)  0.4728
2022-04-28 17:13:46,999 BAD EPOCHS (no improvement): 1
2022-04-28 17:13:47,014 ----------------------------------------------------------------------------------------------------
2022-04-28 17:13:50,170 epoch 8 - iter 10/107 - loss 0.11205363 - samples/sec: 101.42 - lr: 0.100000
2022-04-28 17:13:53,370 epoch 8 - iter 20/107 - loss 0.10789569 - samples/sec: 100.05 - lr: 0.100000
2022-04-28 17:13:56,399 epoch 8 - iter 30/107 - loss 0.10840932 - samples/sec: 105.69 - lr: 0.100000
2022-04-28 17:13:59,508 epoch 8 - iter 40/107 - loss 0.10398692 - samples/sec: 102.95 - lr: 0.100000
2022-04-28 17:14:02,628 epoch 8 - iter 50/107 - loss 0.10983118 - samples/sec: 102.59 - lr: 0.100000
2022-04-28 17:14:05,766 epoch 8 - iter 60/107 - loss 0.10745292 - samples/sec: 102.01 - lr: 0.100000
2022-04-28 17:14:08,816 epoch 8 - iter 70/107 - loss 0.10792105 - samples/sec: 104.98 - lr: 0.100000
2022-04-28 17:14:11,800 epoch 8 - iter 80/107 - loss 0.10846453 - samples/sec: 107.28 - lr: 0.100000
2022-04-28 17:14:14,819 epoch 8 - iter 90/107 - loss 0.10871549 - samples/sec: 106.01 - lr: 0.100000
2022-04-28 17:14:17,830 epoch 8 - iter 100/107 - loss 0.10957682 - samples/sec: 106.33 - lr: 0.100000
2022-04-28 17:14:19,705 ----------------------------------------------------------------------------------------------------
2022-04-28 17:14:19,706 EPOCH 8 done: loss 0.1082 - lr 0.100000
2022-04-28 17:14:29,209 Evaluating as a multi-label problem: False
2022-04-28 17:14:29,221 DEV : loss 0.20473921298980713 - f1-score (micro avg)  0.5029
2022-04-28 17:14:29,309 BAD EPOCHS (no improvement): 2
2022-04-28 17:14:29,311 ----------------------------------------------------------------------------------------------------
2022-04-28 17:14:32,505 epoch 9 - iter 10/107 - loss 0.10144563 - samples/sec: 100.24 - lr: 0.100000
2022-04-28 17:14:35,595 epoch 9 - iter 20/107 - loss 0.09750077 - samples/sec: 103.63 - lr: 0.100000
2022-04-28 17:14:38,666 epoch 9 - iter 30/107 - loss 0.09862658 - samples/sec: 104.23 - lr: 0.100000
2022-04-28 17:14:41,775 epoch 9 - iter 40/107 - loss 0.09920321 - samples/sec: 102.96 - lr: 0.100000
2022-04-28 17:14:44,897 epoch 9 - iter 50/107 - loss 0.10413528 - samples/sec: 102.52 - lr: 0.100000
2022-04-28 17:14:48,063 epoch 9 - iter 60/107 - loss 0.10263808 - samples/sec: 101.10 - lr: 0.100000
2022-04-28 17:14:51,035 epoch 9 - iter 70/107 - loss 0.10224511 - samples/sec: 107.71 - lr: 0.100000
2022-04-28 17:14:54,097 epoch 9 - iter 80/107 - loss 0.10399036 - samples/sec: 104.55 - lr: 0.100000
2022-04-28 17:14:57,203 epoch 9 - iter 90/107 - loss 0.10261359 - samples/sec: 103.08 - lr: 0.100000
2022-04-28 17:15:00,260 epoch 9 - iter 100/107 - loss 0.10203226 - samples/sec: 104.72 - lr: 0.100000
2022-04-28 17:15:02,075 ----------------------------------------------------------------------------------------------------
2022-04-28 17:15:02,075 EPOCH 9 done: loss 0.1014 - lr 0.100000
2022-04-28 17:15:11,139 Evaluating as a multi-label problem: False
2022-04-28 17:15:11,150 DEV : loss 0.2086925208568573 - f1-score (micro avg)  0.5154
2022-04-28 17:15:11,236 BAD EPOCHS (no improvement): 0
2022-04-28 17:15:11,239 saving best model
2022-04-28 17:16:07,183 ----------------------------------------------------------------------------------------------------
2022-04-28 17:16:10,279 epoch 10 - iter 10/107 - loss 0.08290932 - samples/sec: 103.46 - lr: 0.100000
2022-04-28 17:16:13,460 epoch 10 - iter 20/107 - loss 0.09109491 - samples/sec: 100.64 - lr: 0.100000
2022-04-28 17:16:16,571 epoch 10 - iter 30/107 - loss 0.09408901 - samples/sec: 102.88 - lr: 0.100000
2022-04-28 17:16:19,700 epoch 10 - iter 40/107 - loss 0.09654493 - samples/sec: 102.30 - lr: 0.100000
2022-04-28 17:16:22,749 epoch 10 - iter 50/107 - loss 0.09804608 - samples/sec: 105.01 - lr: 0.100000
2022-04-28 17:16:25,894 epoch 10 - iter 60/107 - loss 0.09558972 - samples/sec: 101.78 - lr: 0.100000
2022-04-28 17:16:29,056 epoch 10 - iter 70/107 - loss 0.09233811 - samples/sec: 101.25 - lr: 0.100000
2022-04-28 17:16:32,154 epoch 10 - iter 80/107 - loss 0.09413540 - samples/sec: 103.31 - lr: 0.100000
2022-04-28 17:16:35,213 epoch 10 - iter 90/107 - loss 0.09492068 - samples/sec: 104.68 - lr: 0.100000
2022-04-28 17:16:38,282 epoch 10 - iter 100/107 - loss 0.09541071 - samples/sec: 104.30 - lr: 0.100000
2022-04-28 17:16:40,272 ----------------------------------------------------------------------------------------------------
2022-04-28 17:16:40,272 EPOCH 10 done: loss 0.0941 - lr 0.100000
2022-04-28 17:16:49,841 Evaluating as a multi-label problem: False
2022-04-28 17:16:49,853 DEV : loss 0.2013350874185562 - f1-score (micro avg)  0.5141
2022-04-28 17:16:49,944 BAD EPOCHS (no improvement): 1
2022-04-28 17:16:49,955 ----------------------------------------------------------------------------------------------------
2022-04-28 17:16:53,169 epoch 11 - iter 10/107 - loss 0.08310509 - samples/sec: 99.63 - lr: 0.100000
2022-04-28 17:16:56,233 epoch 11 - iter 20/107 - loss 0.08902425 - samples/sec: 104.48 - lr: 0.100000
2022-04-28 17:16:59,381 epoch 11 - iter 30/107 - loss 0.09215307 - samples/sec: 101.70 - lr: 0.100000
2022-04-28 17:17:02,573 epoch 11 - iter 40/107 - loss 0.09010851 - samples/sec: 100.29 - lr: 0.100000
2022-04-28 17:17:05,610 epoch 11 - iter 50/107 - loss 0.09304218 - samples/sec: 105.41 - lr: 0.100000
2022-04-28 17:17:08,823 epoch 11 - iter 60/107 - loss 0.09096903 - samples/sec: 99.63 - lr: 0.100000
2022-04-28 17:17:11,974 epoch 11 - iter 70/107 - loss 0.09147727 - samples/sec: 101.57 - lr: 0.100000
2022-04-28 17:17:15,010 epoch 11 - iter 80/107 - loss 0.09213727 - samples/sec: 105.47 - lr: 0.100000
2022-04-28 17:17:18,133 epoch 11 - iter 90/107 - loss 0.09041219 - samples/sec: 102.48 - lr: 0.100000
2022-04-28 17:17:21,202 epoch 11 - iter 100/107 - loss 0.09038181 - samples/sec: 104.31 - lr: 0.100000
2022-04-28 17:17:23,038 ----------------------------------------------------------------------------------------------------
2022-04-28 17:17:23,038 EPOCH 11 done: loss 0.0902 - lr 0.100000
2022-04-28 17:17:32,806 Evaluating as a multi-label problem: False
2022-04-28 17:17:32,817 DEV : loss 0.2360404133796692 - f1-score (micro avg)  0.4969
2022-04-28 17:17:32,904 BAD EPOCHS (no improvement): 2
2022-04-28 17:17:32,988 ----------------------------------------------------------------------------------------------------
2022-04-28 17:17:36,140 epoch 12 - iter 10/107 - loss 0.09129379 - samples/sec: 101.59 - lr: 0.100000
2022-04-28 17:17:39,113 epoch 12 - iter 20/107 - loss 0.08531629 - samples/sec: 107.69 - lr: 0.100000
2022-04-28 17:17:42,161 epoch 12 - iter 30/107 - loss 0.08244538 - samples/sec: 105.02 - lr: 0.100000
2022-04-28 17:17:45,251 epoch 12 - iter 40/107 - loss 0.08399932 - samples/sec: 103.60 - lr: 0.100000
2022-04-28 17:17:48,359 epoch 12 - iter 50/107 - loss 0.08468534 - samples/sec: 102.98 - lr: 0.100000
2022-04-28 17:17:51,503 epoch 12 - iter 60/107 - loss 0.08529412 - samples/sec: 101.81 - lr: 0.100000
2022-04-28 17:17:54,643 epoch 12 - iter 70/107 - loss 0.08360886 - samples/sec: 101.95 - lr: 0.100000
2022-04-28 17:17:57,936 epoch 12 - iter 80/107 - loss 0.08353669 - samples/sec: 97.21 - lr: 0.100000
2022-04-28 17:18:00,991 epoch 12 - iter 90/107 - loss 0.08407568 - samples/sec: 104.79 - lr: 0.100000
2022-04-28 17:18:04,187 epoch 12 - iter 100/107 - loss 0.08474120 - samples/sec: 100.17 - lr: 0.100000
2022-04-28 17:18:06,115 ----------------------------------------------------------------------------------------------------
2022-04-28 17:18:06,116 EPOCH 12 done: loss 0.0850 - lr 0.100000
2022-04-28 17:18:15,719 Evaluating as a multi-label problem: False
2022-04-28 17:18:15,731 DEV : loss 0.23435714840888977 - f1-score (micro avg)  0.4889
2022-04-28 17:18:15,818 BAD EPOCHS (no improvement): 3
2022-04-28 17:18:15,821 ----------------------------------------------------------------------------------------------------
2022-04-28 17:18:18,981 epoch 13 - iter 10/107 - loss 0.08129377 - samples/sec: 101.32 - lr: 0.100000
2022-04-28 17:18:21,967 epoch 13 - iter 20/107 - loss 0.07777127 - samples/sec: 107.20 - lr: 0.100000
2022-04-28 17:18:25,051 epoch 13 - iter 30/107 - loss 0.08497723 - samples/sec: 103.79 - lr: 0.100000
2022-04-28 17:18:28,084 epoch 13 - iter 40/107 - loss 0.08374651 - samples/sec: 105.56 - lr: 0.100000
2022-04-28 17:18:31,198 epoch 13 - iter 50/107 - loss 0.08419205 - samples/sec: 102.80 - lr: 0.100000
2022-04-28 17:18:34,302 epoch 13 - iter 60/107 - loss 0.08477184 - samples/sec: 103.13 - lr: 0.100000
2022-04-28 17:18:37,417 epoch 13 - iter 70/107 - loss 0.08347337 - samples/sec: 102.76 - lr: 0.100000
2022-04-28 17:18:40,405 epoch 13 - iter 80/107 - loss 0.08223663 - samples/sec: 107.15 - lr: 0.100000
2022-04-28 17:18:43,559 epoch 13 - iter 90/107 - loss 0.08206610 - samples/sec: 101.49 - lr: 0.100000
2022-04-28 17:18:46,644 epoch 13 - iter 100/107 - loss 0.08241991 - samples/sec: 103.75 - lr: 0.100000
2022-04-28 17:18:48,573 ----------------------------------------------------------------------------------------------------
2022-04-28 17:18:48,573 EPOCH 13 done: loss 0.0816 - lr 0.100000
2022-04-28 17:18:58,123 Evaluating as a multi-label problem: False
2022-04-28 17:18:58,134 DEV : loss 0.2422792762517929 - f1-score (micro avg)  0.4609
2022-04-28 17:18:58,221 Epoch    13: reducing learning rate of group 0 to 5.0000e-02.
2022-04-28 17:18:58,222 BAD EPOCHS (no improvement): 4
2022-04-28 17:18:58,224 ----------------------------------------------------------------------------------------------------
2022-04-28 17:19:01,279 epoch 14 - iter 10/107 - loss 0.08436651 - samples/sec: 104.82 - lr: 0.050000
2022-04-28 17:19:04,419 epoch 14 - iter 20/107 - loss 0.07761223 - samples/sec: 101.95 - lr: 0.050000
2022-04-28 17:19:07,583 epoch 14 - iter 30/107 - loss 0.07233836 - samples/sec: 101.17 - lr: 0.050000
2022-04-28 17:19:10,620 epoch 14 - iter 40/107 - loss 0.06947145 - samples/sec: 105.38 - lr: 0.050000
2022-04-28 17:19:13,836 epoch 14 - iter 50/107 - loss 0.07217231 - samples/sec: 99.53 - lr: 0.050000
2022-04-28 17:19:17,026 epoch 14 - iter 60/107 - loss 0.07158517 - samples/sec: 100.36 - lr: 0.050000
2022-04-28 17:19:20,083 epoch 14 - iter 70/107 - loss 0.07086299 - samples/sec: 104.72 - lr: 0.050000
2022-04-28 17:19:23,085 epoch 14 - iter 80/107 - loss 0.06983212 - samples/sec: 106.63 - lr: 0.050000
2022-04-28 17:19:26,093 epoch 14 - iter 90/107 - loss 0.06996133 - samples/sec: 106.40 - lr: 0.050000
2022-04-28 17:19:29,202 epoch 14 - iter 100/107 - loss 0.07089751 - samples/sec: 102.99 - lr: 0.050000
2022-04-28 17:19:31,092 ----------------------------------------------------------------------------------------------------
2022-04-28 17:19:31,093 EPOCH 14 done: loss 0.0712 - lr 0.050000
2022-04-28 17:19:40,550 Evaluating as a multi-label problem: False
2022-04-28 17:19:40,561 DEV : loss 0.21431325376033783 - f1-score (micro avg)  0.4957
2022-04-28 17:19:40,648 BAD EPOCHS (no improvement): 1
2022-04-28 17:19:40,651 ----------------------------------------------------------------------------------------------------
2022-04-28 17:19:43,855 epoch 15 - iter 10/107 - loss 0.05990925 - samples/sec: 99.94 - lr: 0.050000
2022-04-28 17:19:46,960 epoch 15 - iter 20/107 - loss 0.05742097 - samples/sec: 103.08 - lr: 0.050000
2022-04-28 17:19:50,052 epoch 15 - iter 30/107 - loss 0.06133900 - samples/sec: 103.52 - lr: 0.050000
2022-04-28 17:19:53,085 epoch 15 - iter 40/107 - loss 0.06273256 - samples/sec: 105.56 - lr: 0.050000
2022-04-28 17:19:56,275 epoch 15 - iter 50/107 - loss 0.06476252 - samples/sec: 100.33 - lr: 0.050000
2022-04-28 17:19:59,269 epoch 15 - iter 60/107 - loss 0.06631352 - samples/sec: 106.93 - lr: 0.050000
2022-04-28 17:20:02,223 epoch 15 - iter 70/107 - loss 0.06680476 - samples/sec: 108.37 - lr: 0.050000
2022-04-28 17:20:05,353 epoch 15 - iter 80/107 - loss 0.06643372 - samples/sec: 102.28 - lr: 0.050000
2022-04-28 17:20:08,486 epoch 15 - iter 90/107 - loss 0.06587265 - samples/sec: 102.18 - lr: 0.050000
2022-04-28 17:20:11,577 epoch 15 - iter 100/107 - loss 0.06630175 - samples/sec: 103.56 - lr: 0.050000
2022-04-28 17:20:13,593 ----------------------------------------------------------------------------------------------------
2022-04-28 17:20:13,594 EPOCH 15 done: loss 0.0654 - lr 0.050000
2022-04-28 17:20:23,111 Evaluating as a multi-label problem: False
2022-04-28 17:20:23,122 DEV : loss 0.20710179209709167 - f1-score (micro avg)  0.5331
2022-04-28 17:20:23,210 BAD EPOCHS (no improvement): 0
2022-04-28 17:20:23,213 saving best model
2022-04-28 17:21:19,801 ----------------------------------------------------------------------------------------------------
2022-04-28 17:21:22,706 epoch 16 - iter 10/107 - loss 0.05504095 - samples/sec: 110.24 - lr: 0.050000
2022-04-28 17:21:25,858 epoch 16 - iter 20/107 - loss 0.06592692 - samples/sec: 101.56 - lr: 0.050000
2022-04-28 17:21:28,868 epoch 16 - iter 30/107 - loss 0.06517741 - samples/sec: 106.34 - lr: 0.050000
2022-04-28 17:21:31,814 epoch 16 - iter 40/107 - loss 0.06113810 - samples/sec: 108.69 - lr: 0.050000
2022-04-28 17:21:34,971 epoch 16 - iter 50/107 - loss 0.06176745 - samples/sec: 101.39 - lr: 0.050000
2022-04-28 17:21:37,983 epoch 16 - iter 60/107 - loss 0.06180491 - samples/sec: 106.26 - lr: 0.050000
2022-04-28 17:21:41,101 epoch 16 - iter 70/107 - loss 0.06128156 - samples/sec: 102.68 - lr: 0.050000
2022-04-28 17:21:44,220 epoch 16 - iter 80/107 - loss 0.06254357 - samples/sec: 102.64 - lr: 0.050000
2022-04-28 17:21:47,305 epoch 16 - iter 90/107 - loss 0.06467656 - samples/sec: 103.76 - lr: 0.050000
2022-04-28 17:21:50,328 epoch 16 - iter 100/107 - loss 0.06363348 - samples/sec: 105.89 - lr: 0.050000
2022-04-28 17:21:52,294 ----------------------------------------------------------------------------------------------------
2022-04-28 17:21:52,294 EPOCH 16 done: loss 0.0637 - lr 0.050000
2022-04-28 17:22:01,702 Evaluating as a multi-label problem: False
2022-04-28 17:22:01,713 DEV : loss 0.19703342020511627 - f1-score (micro avg)  0.5479
2022-04-28 17:22:01,802 BAD EPOCHS (no improvement): 0
2022-04-28 17:22:01,819 saving best model
2022-04-28 17:22:57,160 ----------------------------------------------------------------------------------------------------
2022-04-28 17:23:00,300 epoch 17 - iter 10/107 - loss 0.05601173 - samples/sec: 101.96 - lr: 0.050000
2022-04-28 17:23:03,411 epoch 17 - iter 20/107 - loss 0.06260021 - samples/sec: 102.90 - lr: 0.050000
2022-04-28 17:23:06,470 epoch 17 - iter 30/107 - loss 0.06203660 - samples/sec: 104.67 - lr: 0.050000
2022-04-28 17:23:09,630 epoch 17 - iter 40/107 - loss 0.06192215 - samples/sec: 101.31 - lr: 0.050000
2022-04-28 17:23:12,712 epoch 17 - iter 50/107 - loss 0.06120296 - samples/sec: 103.84 - lr: 0.050000
2022-04-28 17:23:15,802 epoch 17 - iter 60/107 - loss 0.06148470 - samples/sec: 103.60 - lr: 0.050000
2022-04-28 17:23:18,732 epoch 17 - iter 70/107 - loss 0.06083731 - samples/sec: 109.27 - lr: 0.050000
2022-04-28 17:23:21,843 epoch 17 - iter 80/107 - loss 0.06081101 - samples/sec: 102.91 - lr: 0.050000
2022-04-28 17:23:25,029 epoch 17 - iter 90/107 - loss 0.06377558 - samples/sec: 100.49 - lr: 0.050000
2022-04-28 17:23:28,122 epoch 17 - iter 100/107 - loss 0.06319033 - samples/sec: 103.48 - lr: 0.050000
2022-04-28 17:23:29,958 ----------------------------------------------------------------------------------------------------
2022-04-28 17:23:29,958 EPOCH 17 done: loss 0.0630 - lr 0.050000
2022-04-28 17:23:39,476 Evaluating as a multi-label problem: False
2022-04-28 17:23:39,488 DEV : loss 0.19767896831035614 - f1-score (micro avg)  0.5138
2022-04-28 17:23:39,577 BAD EPOCHS (no improvement): 1
2022-04-28 17:23:39,580 ----------------------------------------------------------------------------------------------------
2022-04-28 17:23:42,676 epoch 18 - iter 10/107 - loss 0.05334439 - samples/sec: 103.42 - lr: 0.050000
2022-04-28 17:23:45,739 epoch 18 - iter 20/107 - loss 0.04992490 - samples/sec: 104.53 - lr: 0.050000
2022-04-28 17:23:48,660 epoch 18 - iter 30/107 - loss 0.05380839 - samples/sec: 109.59 - lr: 0.050000
2022-04-28 17:23:51,763 epoch 18 - iter 40/107 - loss 0.05477716 - samples/sec: 103.13 - lr: 0.050000
2022-04-28 17:23:54,882 epoch 18 - iter 50/107 - loss 0.05782677 - samples/sec: 102.63 - lr: 0.050000
2022-04-28 17:23:57,953 epoch 18 - iter 60/107 - loss 0.05647132 - samples/sec: 104.25 - lr: 0.050000
2022-04-28 17:24:01,071 epoch 18 - iter 70/107 - loss 0.05665217 - samples/sec: 102.65 - lr: 0.050000
2022-04-28 17:24:04,102 epoch 18 - iter 80/107 - loss 0.05646620 - samples/sec: 105.63 - lr: 0.050000
2022-04-28 17:24:07,230 epoch 18 - iter 90/107 - loss 0.05655220 - samples/sec: 102.33 - lr: 0.050000
2022-04-28 17:24:10,270 epoch 18 - iter 100/107 - loss 0.05639608 - samples/sec: 105.30 - lr: 0.050000
2022-04-28 17:24:12,182 ----------------------------------------------------------------------------------------------------
2022-04-28 17:24:12,182 EPOCH 18 done: loss 0.0573 - lr 0.050000
2022-04-28 17:24:21,603 Evaluating as a multi-label problem: False
2022-04-28 17:24:21,615 DEV : loss 0.2006373554468155 - f1-score (micro avg)  0.5385
2022-04-28 17:24:21,701 BAD EPOCHS (no improvement): 2
2022-04-28 17:24:21,715 ----------------------------------------------------------------------------------------------------
2022-04-28 17:24:24,783 epoch 19 - iter 10/107 - loss 0.06570585 - samples/sec: 104.35 - lr: 0.050000
2022-04-28 17:24:27,861 epoch 19 - iter 20/107 - loss 0.06351550 - samples/sec: 104.02 - lr: 0.050000
2022-04-28 17:24:30,873 epoch 19 - iter 30/107 - loss 0.06237651 - samples/sec: 106.28 - lr: 0.050000
2022-04-28 17:24:33,919 epoch 19 - iter 40/107 - loss 0.06013246 - samples/sec: 105.07 - lr: 0.050000
2022-04-28 17:24:36,924 epoch 19 - iter 50/107 - loss 0.05830951 - samples/sec: 106.54 - lr: 0.050000
2022-04-28 17:24:40,005 epoch 19 - iter 60/107 - loss 0.05942132 - samples/sec: 103.90 - lr: 0.050000
2022-04-28 17:24:43,039 epoch 19 - iter 70/107 - loss 0.05845797 - samples/sec: 105.49 - lr: 0.050000
2022-04-28 17:24:46,055 epoch 19 - iter 80/107 - loss 0.05864779 - samples/sec: 106.14 - lr: 0.050000
2022-04-28 17:24:49,276 epoch 19 - iter 90/107 - loss 0.05737039 - samples/sec: 99.39 - lr: 0.050000
2022-04-28 17:24:52,263 epoch 19 - iter 100/107 - loss 0.05797847 - samples/sec: 107.17 - lr: 0.050000
2022-04-28 17:24:54,243 ----------------------------------------------------------------------------------------------------
2022-04-28 17:24:54,243 EPOCH 19 done: loss 0.0586 - lr 0.050000
2022-04-28 17:25:03,664 Evaluating as a multi-label problem: False
2022-04-28 17:25:03,675 DEV : loss 0.20551623404026031 - f1-score (micro avg)  0.5357
2022-04-28 17:25:03,762 BAD EPOCHS (no improvement): 3
2022-04-28 17:25:03,765 ----------------------------------------------------------------------------------------------------
2022-04-28 17:25:06,895 epoch 20 - iter 10/107 - loss 0.04386586 - samples/sec: 102.30 - lr: 0.050000
2022-04-28 17:25:09,901 epoch 20 - iter 20/107 - loss 0.05150043 - samples/sec: 106.47 - lr: 0.050000
2022-04-28 17:25:12,967 epoch 20 - iter 30/107 - loss 0.04953634 - samples/sec: 104.43 - lr: 0.050000
2022-04-28 17:25:16,003 epoch 20 - iter 40/107 - loss 0.05200253 - samples/sec: 105.43 - lr: 0.050000
2022-04-28 17:25:19,039 epoch 20 - iter 50/107 - loss 0.05226542 - samples/sec: 105.44 - lr: 0.050000
2022-04-28 17:25:21,904 epoch 20 - iter 60/107 - loss 0.05280107 - samples/sec: 111.72 - lr: 0.050000
2022-04-28 17:25:24,803 epoch 20 - iter 70/107 - loss 0.05285586 - samples/sec: 110.43 - lr: 0.050000
2022-04-28 17:25:27,704 epoch 20 - iter 80/107 - loss 0.05441031 - samples/sec: 110.36 - lr: 0.050000
2022-04-28 17:25:30,749 epoch 20 - iter 90/107 - loss 0.05520089 - samples/sec: 105.10 - lr: 0.050000
2022-04-28 17:25:33,899 epoch 20 - iter 100/107 - loss 0.05553181 - samples/sec: 101.64 - lr: 0.050000
2022-04-28 17:25:35,746 ----------------------------------------------------------------------------------------------------
2022-04-28 17:25:35,746 EPOCH 20 done: loss 0.0554 - lr 0.050000
2022-04-28 17:25:45,221 Evaluating as a multi-label problem: False
2022-04-28 17:25:45,232 DEV : loss 0.2280682921409607 - f1-score (micro avg)  0.5126
2022-04-28 17:25:45,320 Epoch    20: reducing learning rate of group 0 to 2.5000e-02.
2022-04-28 17:25:45,320 BAD EPOCHS (no improvement): 4
2022-04-28 17:25:45,346 ----------------------------------------------------------------------------------------------------
2022-04-28 17:25:48,449 epoch 21 - iter 10/107 - loss 0.05411056 - samples/sec: 103.16 - lr: 0.025000
2022-04-28 17:25:51,438 epoch 21 - iter 20/107 - loss 0.05364714 - samples/sec: 107.09 - lr: 0.025000
2022-04-28 17:25:54,605 epoch 21 - iter 30/107 - loss 0.05322381 - samples/sec: 101.10 - lr: 0.025000
2022-04-28 17:25:57,599 epoch 21 - iter 40/107 - loss 0.05481521 - samples/sec: 106.89 - lr: 0.025000
2022-04-28 17:26:00,656 epoch 21 - iter 50/107 - loss 0.05281213 - samples/sec: 104.72 - lr: 0.025000
2022-04-28 17:26:03,792 epoch 21 - iter 60/107 - loss 0.05174410 - samples/sec: 102.09 - lr: 0.025000
2022-04-28 17:26:06,863 epoch 21 - iter 70/107 - loss 0.05265797 - samples/sec: 104.24 - lr: 0.025000
2022-04-28 17:26:09,948 epoch 21 - iter 80/107 - loss 0.05192304 - samples/sec: 103.77 - lr: 0.025000
2022-04-28 17:26:12,919 epoch 21 - iter 90/107 - loss 0.05115206 - samples/sec: 107.75 - lr: 0.025000
2022-04-28 17:26:15,965 epoch 21 - iter 100/107 - loss 0.05028082 - samples/sec: 105.10 - lr: 0.025000
2022-04-28 17:26:17,874 ----------------------------------------------------------------------------------------------------
2022-04-28 17:26:17,874 EPOCH 21 done: loss 0.0494 - lr 0.025000
2022-04-28 17:26:27,342 Evaluating as a multi-label problem: False
2022-04-28 17:26:27,353 DEV : loss 0.21448291838169098 - f1-score (micro avg)  0.5382
2022-04-28 17:26:27,440 BAD EPOCHS (no improvement): 1
2022-04-28 17:26:27,442 ----------------------------------------------------------------------------------------------------
2022-04-28 17:26:30,613 epoch 22 - iter 10/107 - loss 0.04408487 - samples/sec: 100.99 - lr: 0.025000
2022-04-28 17:26:33,805 epoch 22 - iter 20/107 - loss 0.04928895 - samples/sec: 100.26 - lr: 0.025000
2022-04-28 17:26:36,872 epoch 22 - iter 30/107 - loss 0.04672395 - samples/sec: 104.36 - lr: 0.025000
2022-04-28 17:26:39,921 epoch 22 - iter 40/107 - loss 0.04698258 - samples/sec: 104.99 - lr: 0.025000
2022-04-28 17:26:42,927 epoch 22 - iter 50/107 - loss 0.04669104 - samples/sec: 106.50 - lr: 0.025000
2022-04-28 17:26:45,988 epoch 22 - iter 60/107 - loss 0.04793341 - samples/sec: 104.57 - lr: 0.025000
2022-04-28 17:26:49,000 epoch 22 - iter 70/107 - loss 0.04818915 - samples/sec: 106.28 - lr: 0.025000
2022-04-28 17:26:52,150 epoch 22 - iter 80/107 - loss 0.04857442 - samples/sec: 101.61 - lr: 0.025000
2022-04-28 17:26:55,185 epoch 22 - iter 90/107 - loss 0.04926391 - samples/sec: 105.50 - lr: 0.025000
2022-04-28 17:26:58,255 epoch 22 - iter 100/107 - loss 0.04971351 - samples/sec: 104.26 - lr: 0.025000
2022-04-28 17:27:00,087 ----------------------------------------------------------------------------------------------------
2022-04-28 17:27:00,088 EPOCH 22 done: loss 0.0493 - lr 0.025000
2022-04-28 17:27:09,419 Evaluating as a multi-label problem: False
2022-04-28 17:27:09,430 DEV : loss 0.2234792858362198 - f1-score (micro avg)  0.5115
2022-04-28 17:27:09,516 BAD EPOCHS (no improvement): 2
2022-04-28 17:27:09,519 ----------------------------------------------------------------------------------------------------
2022-04-28 17:27:12,566 epoch 23 - iter 10/107 - loss 0.05165192 - samples/sec: 105.07 - lr: 0.025000
2022-04-28 17:27:15,859 epoch 23 - iter 20/107 - loss 0.05195972 - samples/sec: 97.20 - lr: 0.025000
2022-04-28 17:27:18,888 epoch 23 - iter 30/107 - loss 0.04923386 - samples/sec: 105.67 - lr: 0.025000
2022-04-28 17:27:22,037 epoch 23 - iter 40/107 - loss 0.05003912 - samples/sec: 101.67 - lr: 0.025000
2022-04-28 17:27:25,061 epoch 23 - iter 50/107 - loss 0.04969965 - samples/sec: 105.84 - lr: 0.025000
2022-04-28 17:27:28,171 epoch 23 - iter 60/107 - loss 0.04970114 - samples/sec: 102.93 - lr: 0.025000
2022-04-28 17:27:31,251 epoch 23 - iter 70/107 - loss 0.04905113 - samples/sec: 103.93 - lr: 0.025000
2022-04-28 17:27:34,345 epoch 23 - iter 80/107 - loss 0.04912675 - samples/sec: 103.48 - lr: 0.025000
2022-04-28 17:27:37,492 epoch 23 - iter 90/107 - loss 0.04840321 - samples/sec: 101.71 - lr: 0.025000
2022-04-28 17:27:40,689 epoch 23 - iter 100/107 - loss 0.04794597 - samples/sec: 100.12 - lr: 0.025000
2022-04-28 17:27:42,598 ----------------------------------------------------------------------------------------------------
2022-04-28 17:27:42,598 EPOCH 23 done: loss 0.0481 - lr 0.025000
2022-04-28 17:27:52,132 Evaluating as a multi-label problem: False
2022-04-28 17:27:52,143 DEV : loss 0.2197282761335373 - f1-score (micro avg)  0.4976
2022-04-28 17:27:52,233 BAD EPOCHS (no improvement): 3
2022-04-28 17:27:52,236 ----------------------------------------------------------------------------------------------------
2022-04-28 17:27:55,200 epoch 24 - iter 10/107 - loss 0.04415291 - samples/sec: 108.04 - lr: 0.025000
2022-04-28 17:27:58,296 epoch 24 - iter 20/107 - loss 0.04352061 - samples/sec: 103.39 - lr: 0.025000
2022-04-28 17:28:01,378 epoch 24 - iter 30/107 - loss 0.04449643 - samples/sec: 103.86 - lr: 0.025000
2022-04-28 17:28:04,395 epoch 24 - iter 40/107 - loss 0.04497838 - samples/sec: 106.10 - lr: 0.025000
2022-04-28 17:28:07,630 epoch 24 - iter 50/107 - loss 0.04288129 - samples/sec: 98.95 - lr: 0.025000
2022-04-28 17:28:10,856 epoch 24 - iter 60/107 - loss 0.04247895 - samples/sec: 99.22 - lr: 0.025000
2022-04-28 17:28:13,906 epoch 24 - iter 70/107 - loss 0.04287842 - samples/sec: 104.94 - lr: 0.025000
2022-04-28 17:28:16,979 epoch 24 - iter 80/107 - loss 0.04381379 - samples/sec: 104.19 - lr: 0.025000
2022-04-28 17:28:19,966 epoch 24 - iter 90/107 - loss 0.04427476 - samples/sec: 107.16 - lr: 0.025000
2022-04-28 17:28:23,163 epoch 24 - iter 100/107 - loss 0.04418254 - samples/sec: 100.12 - lr: 0.025000
2022-04-28 17:28:25,053 ----------------------------------------------------------------------------------------------------
2022-04-28 17:28:25,053 EPOCH 24 done: loss 0.0443 - lr 0.025000
2022-04-28 17:28:34,562 Evaluating as a multi-label problem: False
2022-04-28 17:28:34,573 DEV : loss 0.2225017249584198 - f1-score (micro avg)  0.507
2022-04-28 17:28:34,660 Epoch    24: reducing learning rate of group 0 to 1.2500e-02.
2022-04-28 17:28:34,660 BAD EPOCHS (no improvement): 4
2022-04-28 17:28:34,663 ----------------------------------------------------------------------------------------------------
2022-04-28 17:28:37,693 epoch 25 - iter 10/107 - loss 0.05546772 - samples/sec: 105.67 - lr: 0.012500
2022-04-28 17:28:40,724 epoch 25 - iter 20/107 - loss 0.04895404 - samples/sec: 105.58 - lr: 0.012500
2022-04-28 17:28:43,908 epoch 25 - iter 30/107 - loss 0.04705885 - samples/sec: 100.54 - lr: 0.012500
2022-04-28 17:28:47,032 epoch 25 - iter 40/107 - loss 0.04496126 - samples/sec: 102.50 - lr: 0.012500
2022-04-28 17:28:50,144 epoch 25 - iter 50/107 - loss 0.04336263 - samples/sec: 102.87 - lr: 0.012500
2022-04-28 17:28:53,110 epoch 25 - iter 60/107 - loss 0.04330679 - samples/sec: 107.91 - lr: 0.012500
2022-04-28 17:28:56,201 epoch 25 - iter 70/107 - loss 0.04369465 - samples/sec: 103.57 - lr: 0.012500
2022-04-28 17:28:59,297 epoch 25 - iter 80/107 - loss 0.04468701 - samples/sec: 103.39 - lr: 0.012500
2022-04-28 17:29:02,429 epoch 25 - iter 90/107 - loss 0.04526216 - samples/sec: 102.24 - lr: 0.012500
2022-04-28 17:29:05,572 epoch 25 - iter 100/107 - loss 0.04499997 - samples/sec: 101.86 - lr: 0.012500
2022-04-28 17:29:07,446 ----------------------------------------------------------------------------------------------------
2022-04-28 17:29:07,446 EPOCH 25 done: loss 0.0446 - lr 0.012500
2022-04-28 17:29:16,966 Evaluating as a multi-label problem: False
2022-04-28 17:29:16,977 DEV : loss 0.22228290140628815 - f1-score (micro avg)  0.5236
2022-04-28 17:29:17,064 BAD EPOCHS (no improvement): 1
2022-04-28 17:29:17,067 ----------------------------------------------------------------------------------------------------
2022-04-28 17:29:20,164 epoch 26 - iter 10/107 - loss 0.03853695 - samples/sec: 103.39 - lr: 0.012500
2022-04-28 17:29:23,230 epoch 26 - iter 20/107 - loss 0.04171910 - samples/sec: 104.42 - lr: 0.012500
2022-04-28 17:29:26,345 epoch 26 - iter 30/107 - loss 0.04398266 - samples/sec: 102.75 - lr: 0.012500
2022-04-28 17:29:29,442 epoch 26 - iter 40/107 - loss 0.04236833 - samples/sec: 103.36 - lr: 0.012500
2022-04-28 17:29:32,407 epoch 26 - iter 50/107 - loss 0.04126779 - samples/sec: 107.96 - lr: 0.012500
2022-04-28 17:29:35,497 epoch 26 - iter 60/107 - loss 0.04053868 - samples/sec: 103.59 - lr: 0.012500
2022-04-28 17:29:38,690 epoch 26 - iter 70/107 - loss 0.04211294 - samples/sec: 100.26 - lr: 0.012500
2022-04-28 17:29:41,712 epoch 26 - iter 80/107 - loss 0.04219232 - samples/sec: 105.94 - lr: 0.012500
2022-04-28 17:29:44,855 epoch 26 - iter 90/107 - loss 0.04196528 - samples/sec: 101.86 - lr: 0.012500
2022-04-28 17:29:47,869 epoch 26 - iter 100/107 - loss 0.04154591 - samples/sec: 106.19 - lr: 0.012500
2022-04-28 17:29:49,726 ----------------------------------------------------------------------------------------------------
2022-04-28 17:29:49,726 EPOCH 26 done: loss 0.0421 - lr 0.012500
2022-04-28 17:29:59,201 Evaluating as a multi-label problem: False
2022-04-28 17:29:59,212 DEV : loss 0.21650837361812592 - f1-score (micro avg)  0.5209
2022-04-28 17:29:59,302 BAD EPOCHS (no improvement): 2
2022-04-28 17:29:59,304 ----------------------------------------------------------------------------------------------------
2022-04-28 17:30:02,447 epoch 27 - iter 10/107 - loss 0.04051431 - samples/sec: 101.88 - lr: 0.012500
2022-04-28 17:30:05,497 epoch 27 - iter 20/107 - loss 0.04602539 - samples/sec: 104.97 - lr: 0.012500
2022-04-28 17:30:08,598 epoch 27 - iter 30/107 - loss 0.04246595 - samples/sec: 103.21 - lr: 0.012500
2022-04-28 17:30:11,723 epoch 27 - iter 40/107 - loss 0.04261186 - samples/sec: 102.43 - lr: 0.012500
2022-04-28 17:30:14,831 epoch 27 - iter 50/107 - loss 0.04345534 - samples/sec: 103.00 - lr: 0.012500
2022-04-28 17:30:17,906 epoch 27 - iter 60/107 - loss 0.04357878 - samples/sec: 104.08 - lr: 0.012500
2022-04-28 17:30:21,014 epoch 27 - iter 70/107 - loss 0.04318893 - samples/sec: 102.99 - lr: 0.012500
2022-04-28 17:30:24,269 epoch 27 - iter 80/107 - loss 0.04343223 - samples/sec: 98.35 - lr: 0.012500
2022-04-28 17:30:27,215 epoch 27 - iter 90/107 - loss 0.04317497 - samples/sec: 108.67 - lr: 0.012500
2022-04-28 17:30:30,244 epoch 27 - iter 100/107 - loss 0.04296772 - samples/sec: 105.66 - lr: 0.012500
2022-04-28 17:30:32,027 ----------------------------------------------------------------------------------------------------
2022-04-28 17:30:32,027 EPOCH 27 done: loss 0.0426 - lr 0.012500
2022-04-28 17:30:41,543 Evaluating as a multi-label problem: False
2022-04-28 17:30:41,555 DEV : loss 0.2223082184791565 - f1-score (micro avg)  0.5263
2022-04-28 17:30:41,643 BAD EPOCHS (no improvement): 3
2022-04-28 17:30:41,645 ----------------------------------------------------------------------------------------------------
2022-04-28 17:30:44,737 epoch 28 - iter 10/107 - loss 0.04316693 - samples/sec: 103.56 - lr: 0.012500
2022-04-28 17:30:47,837 epoch 28 - iter 20/107 - loss 0.04819761 - samples/sec: 103.25 - lr: 0.012500
2022-04-28 17:30:50,792 epoch 28 - iter 30/107 - loss 0.04766748 - samples/sec: 108.36 - lr: 0.012500
2022-04-28 17:30:53,904 epoch 28 - iter 40/107 - loss 0.04711125 - samples/sec: 102.84 - lr: 0.012500
2022-04-28 17:30:57,016 epoch 28 - iter 50/107 - loss 0.04352466 - samples/sec: 102.86 - lr: 0.012500
2022-04-28 17:31:00,077 epoch 28 - iter 60/107 - loss 0.04368264 - samples/sec: 104.60 - lr: 0.012500
2022-04-28 17:31:03,128 epoch 28 - iter 70/107 - loss 0.04335455 - samples/sec: 104.92 - lr: 0.012500
2022-04-28 17:31:06,237 epoch 28 - iter 80/107 - loss 0.04351170 - samples/sec: 102.96 - lr: 0.012500
2022-04-28 17:31:09,357 epoch 28 - iter 90/107 - loss 0.04378958 - samples/sec: 102.59 - lr: 0.012500
2022-04-28 17:31:12,509 epoch 28 - iter 100/107 - loss 0.04393517 - samples/sec: 101.58 - lr: 0.012500
2022-04-28 17:31:14,370 ----------------------------------------------------------------------------------------------------
2022-04-28 17:31:14,370 EPOCH 28 done: loss 0.0436 - lr 0.012500
2022-04-28 17:31:23,743 Evaluating as a multi-label problem: False
2022-04-28 17:31:23,754 DEV : loss 0.21775323152542114 - f1-score (micro avg)  0.5261
2022-04-28 17:31:23,840 Epoch    28: reducing learning rate of group 0 to 6.2500e-03.
2022-04-28 17:31:23,840 BAD EPOCHS (no improvement): 4
2022-04-28 17:31:23,842 ----------------------------------------------------------------------------------------------------
2022-04-28 17:31:26,878 epoch 29 - iter 10/107 - loss 0.04854826 - samples/sec: 105.48 - lr: 0.006250
2022-04-28 17:31:29,909 epoch 29 - iter 20/107 - loss 0.05750267 - samples/sec: 105.60 - lr: 0.006250
2022-04-28 17:31:32,905 epoch 29 - iter 30/107 - loss 0.05065621 - samples/sec: 106.87 - lr: 0.006250
2022-04-28 17:31:35,937 epoch 29 - iter 40/107 - loss 0.04800211 - samples/sec: 105.59 - lr: 0.006250
2022-04-28 17:31:39,081 epoch 29 - iter 50/107 - loss 0.04638642 - samples/sec: 101.81 - lr: 0.006250
2022-04-28 17:31:42,091 epoch 29 - iter 60/107 - loss 0.04571543 - samples/sec: 106.36 - lr: 0.006250
2022-04-28 17:31:44,986 epoch 29 - iter 70/107 - loss 0.04448066 - samples/sec: 110.58 - lr: 0.006250
2022-04-28 17:31:48,240 epoch 29 - iter 80/107 - loss 0.04363430 - samples/sec: 98.35 - lr: 0.006250
2022-04-28 17:31:51,228 epoch 29 - iter 90/107 - loss 0.04356194 - samples/sec: 107.13 - lr: 0.006250
2022-04-28 17:31:54,312 epoch 29 - iter 100/107 - loss 0.04386492 - samples/sec: 103.81 - lr: 0.006250
2022-04-28 17:31:56,115 ----------------------------------------------------------------------------------------------------
2022-04-28 17:31:56,115 EPOCH 29 done: loss 0.0443 - lr 0.006250
2022-04-28 17:32:05,507 Evaluating as a multi-label problem: False
2022-04-28 17:32:05,518 DEV : loss 0.21757987141609192 - f1-score (micro avg)  0.5258
2022-04-28 17:32:05,603 BAD EPOCHS (no improvement): 1
2022-04-28 17:32:05,605 ----------------------------------------------------------------------------------------------------
2022-04-28 17:32:08,705 epoch 30 - iter 10/107 - loss 0.04302749 - samples/sec: 103.28 - lr: 0.006250
2022-04-28 17:32:11,736 epoch 30 - iter 20/107 - loss 0.03816839 - samples/sec: 105.61 - lr: 0.006250
2022-04-28 17:32:14,740 epoch 30 - iter 30/107 - loss 0.03739592 - samples/sec: 106.56 - lr: 0.006250
2022-04-28 17:32:17,861 epoch 30 - iter 40/107 - loss 0.03638002 - samples/sec: 102.56 - lr: 0.006250
2022-04-28 17:32:20,915 epoch 30 - iter 50/107 - loss 0.03715216 - samples/sec: 104.85 - lr: 0.006250
2022-04-28 17:32:24,135 epoch 30 - iter 60/107 - loss 0.03976805 - samples/sec: 99.40 - lr: 0.006250
2022-04-28 17:32:27,103 epoch 30 - iter 70/107 - loss 0.03929616 - samples/sec: 107.87 - lr: 0.006250
2022-04-28 17:32:30,115 epoch 30 - iter 80/107 - loss 0.03981874 - samples/sec: 106.28 - lr: 0.006250
2022-04-28 17:32:33,190 epoch 30 - iter 90/107 - loss 0.03973836 - samples/sec: 104.10 - lr: 0.006250
2022-04-28 17:32:36,215 epoch 30 - iter 100/107 - loss 0.04020634 - samples/sec: 105.81 - lr: 0.006250
2022-04-28 17:32:38,086 ----------------------------------------------------------------------------------------------------
2022-04-28 17:32:38,087 EPOCH 30 done: loss 0.0405 - lr 0.006250
2022-04-28 17:32:47,530 Evaluating as a multi-label problem: False
2022-04-28 17:32:47,541 DEV : loss 0.21824544668197632 - f1-score (micro avg)  0.5251
2022-04-28 17:32:47,627 BAD EPOCHS (no improvement): 2
2022-04-28 17:32:47,630 ----------------------------------------------------------------------------------------------------
2022-04-28 17:32:50,619 epoch 31 - iter 10/107 - loss 0.04470397 - samples/sec: 107.10 - lr: 0.006250
2022-04-28 17:32:53,711 epoch 31 - iter 20/107 - loss 0.04107540 - samples/sec: 103.53 - lr: 0.006250
2022-04-28 17:32:56,882 epoch 31 - iter 30/107 - loss 0.04089859 - samples/sec: 100.95 - lr: 0.006250
2022-04-28 17:33:00,041 epoch 31 - iter 40/107 - loss 0.04104905 - samples/sec: 101.33 - lr: 0.006250
2022-04-28 17:33:03,037 epoch 31 - iter 50/107 - loss 0.04201153 - samples/sec: 106.87 - lr: 0.006250
2022-04-28 17:33:06,216 epoch 31 - iter 60/107 - loss 0.04092976 - samples/sec: 100.70 - lr: 0.006250
2022-04-28 17:33:09,209 epoch 31 - iter 70/107 - loss 0.04103528 - samples/sec: 106.95 - lr: 0.006250
2022-04-28 17:33:12,254 epoch 31 - iter 80/107 - loss 0.04003632 - samples/sec: 105.11 - lr: 0.006250
2022-04-28 17:33:15,294 epoch 31 - iter 90/107 - loss 0.04054282 - samples/sec: 105.31 - lr: 0.006250
2022-04-28 17:33:18,372 epoch 31 - iter 100/107 - loss 0.04005867 - samples/sec: 104.00 - lr: 0.006250
2022-04-28 17:33:20,211 ----------------------------------------------------------------------------------------------------
2022-04-28 17:33:20,211 EPOCH 31 done: loss 0.0404 - lr 0.006250
2022-04-28 17:33:29,592 Evaluating as a multi-label problem: False
2022-04-28 17:33:29,603 DEV : loss 0.2213630974292755 - f1-score (micro avg)  0.5204
2022-04-28 17:33:29,689 BAD EPOCHS (no improvement): 3
2022-04-28 17:33:29,692 ----------------------------------------------------------------------------------------------------
2022-04-28 17:33:32,808 epoch 32 - iter 10/107 - loss 0.03601135 - samples/sec: 102.76 - lr: 0.006250
2022-04-28 17:33:35,887 epoch 32 - iter 20/107 - loss 0.03727142 - samples/sec: 103.99 - lr: 0.006250
2022-04-28 17:33:39,043 epoch 32 - iter 30/107 - loss 0.03486877 - samples/sec: 101.41 - lr: 0.006250
2022-04-28 17:33:42,042 epoch 32 - iter 40/107 - loss 0.03775253 - samples/sec: 106.73 - lr: 0.006250
2022-04-28 17:33:45,162 epoch 32 - iter 50/107 - loss 0.03822879 - samples/sec: 102.60 - lr: 0.006250
2022-04-28 17:33:48,214 epoch 32 - iter 60/107 - loss 0.03903220 - samples/sec: 104.88 - lr: 0.006250
2022-04-28 17:33:51,236 epoch 32 - iter 70/107 - loss 0.03848731 - samples/sec: 105.93 - lr: 0.006250
2022-04-28 17:33:54,330 epoch 32 - iter 80/107 - loss 0.03784355 - samples/sec: 103.45 - lr: 0.006250
2022-04-28 17:33:57,327 epoch 32 - iter 90/107 - loss 0.03727846 - samples/sec: 106.82 - lr: 0.006250
2022-04-28 17:34:00,390 epoch 32 - iter 100/107 - loss 0.03786430 - samples/sec: 104.52 - lr: 0.006250
2022-04-28 17:34:02,292 ----------------------------------------------------------------------------------------------------
2022-04-28 17:34:02,292 EPOCH 32 done: loss 0.0388 - lr 0.006250
2022-04-28 17:34:11,710 Evaluating as a multi-label problem: False
2022-04-28 17:34:11,721 DEV : loss 0.22084279358386993 - f1-score (micro avg)  0.5278
2022-04-28 17:34:11,811 Epoch    32: reducing learning rate of group 0 to 3.1250e-03.
2022-04-28 17:34:11,811 BAD EPOCHS (no improvement): 4
2022-04-28 17:34:11,814 ----------------------------------------------------------------------------------------------------
2022-04-28 17:34:14,721 epoch 33 - iter 10/107 - loss 0.02843770 - samples/sec: 110.15 - lr: 0.003125
2022-04-28 17:34:17,934 epoch 33 - iter 20/107 - loss 0.03335895 - samples/sec: 99.64 - lr: 0.003125
2022-04-28 17:34:20,998 epoch 33 - iter 30/107 - loss 0.03394113 - samples/sec: 104.49 - lr: 0.003125
2022-04-28 17:34:23,995 epoch 33 - iter 40/107 - loss 0.03283538 - samples/sec: 106.80 - lr: 0.003125
2022-04-28 17:34:27,045 epoch 33 - iter 50/107 - loss 0.03454270 - samples/sec: 104.95 - lr: 0.003125
2022-04-28 17:34:30,133 epoch 33 - iter 60/107 - loss 0.03558196 - samples/sec: 103.65 - lr: 0.003125
2022-04-28 17:34:33,183 epoch 33 - iter 70/107 - loss 0.03646798 - samples/sec: 104.97 - lr: 0.003125
2022-04-28 17:34:36,216 epoch 33 - iter 80/107 - loss 0.03873205 - samples/sec: 105.56 - lr: 0.003125
2022-04-28 17:34:39,347 epoch 33 - iter 90/107 - loss 0.03885038 - samples/sec: 102.22 - lr: 0.003125
2022-04-28 17:34:42,361 epoch 33 - iter 100/107 - loss 0.03886491 - samples/sec: 106.21 - lr: 0.003125
2022-04-28 17:34:44,239 ----------------------------------------------------------------------------------------------------
2022-04-28 17:34:44,239 EPOCH 33 done: loss 0.0386 - lr 0.003125
2022-04-28 17:34:53,672 Evaluating as a multi-label problem: False
2022-04-28 17:34:53,683 DEV : loss 0.21974729001522064 - f1-score (micro avg)  0.5214
2022-04-28 17:34:53,768 BAD EPOCHS (no improvement): 1
2022-04-28 17:34:53,771 ----------------------------------------------------------------------------------------------------
2022-04-28 17:34:56,953 epoch 34 - iter 10/107 - loss 0.03878875 - samples/sec: 100.62 - lr: 0.003125
2022-04-28 17:34:59,930 epoch 34 - iter 20/107 - loss 0.03906205 - samples/sec: 107.52 - lr: 0.003125
2022-04-28 17:35:02,954 epoch 34 - iter 30/107 - loss 0.03633545 - samples/sec: 105.85 - lr: 0.003125
2022-04-28 17:35:06,007 epoch 34 - iter 40/107 - loss 0.03825274 - samples/sec: 104.85 - lr: 0.003125
2022-04-28 17:35:09,114 epoch 34 - iter 50/107 - loss 0.03825724 - samples/sec: 103.05 - lr: 0.003125
2022-04-28 17:35:12,111 epoch 34 - iter 60/107 - loss 0.03769018 - samples/sec: 106.80 - lr: 0.003125
2022-04-28 17:35:15,171 epoch 34 - iter 70/107 - loss 0.03927025 - samples/sec: 104.62 - lr: 0.003125
2022-04-28 17:35:18,164 epoch 34 - iter 80/107 - loss 0.03893349 - samples/sec: 106.95 - lr: 0.003125
2022-04-28 17:35:21,186 epoch 34 - iter 90/107 - loss 0.03914598 - samples/sec: 105.93 - lr: 0.003125
2022-04-28 17:35:24,222 epoch 34 - iter 100/107 - loss 0.03864330 - samples/sec: 105.44 - lr: 0.003125
2022-04-28 17:35:26,108 ----------------------------------------------------------------------------------------------------
2022-04-28 17:35:26,108 EPOCH 34 done: loss 0.0395 - lr 0.003125
2022-04-28 17:35:40,731 Evaluating as a multi-label problem: False
2022-04-28 17:35:40,741 DEV : loss 0.21681813895702362 - f1-score (micro avg)  0.5274
2022-04-28 17:35:40,827 BAD EPOCHS (no improvement): 2
2022-04-28 17:35:40,829 ----------------------------------------------------------------------------------------------------
2022-04-28 17:35:43,907 epoch 35 - iter 10/107 - loss 0.03731734 - samples/sec: 104.04 - lr: 0.003125
2022-04-28 17:35:46,957 epoch 35 - iter 20/107 - loss 0.04139436 - samples/sec: 104.95 - lr: 0.003125
2022-04-28 17:35:49,938 epoch 35 - iter 30/107 - loss 0.04356375 - samples/sec: 107.37 - lr: 0.003125
2022-04-28 17:35:52,959 epoch 35 - iter 40/107 - loss 0.04091655 - samples/sec: 105.96 - lr: 0.003125
2022-04-28 17:35:55,956 epoch 35 - iter 50/107 - loss 0.03972910 - samples/sec: 106.81 - lr: 0.003125
2022-04-28 17:35:59,117 epoch 35 - iter 60/107 - loss 0.03924376 - samples/sec: 101.26 - lr: 0.003125
2022-04-28 17:36:02,527 epoch 35 - iter 70/107 - loss 0.04004922 - samples/sec: 93.88 - lr: 0.003125
2022-04-28 17:36:06,103 epoch 35 - iter 80/107 - loss 0.03938714 - samples/sec: 89.53 - lr: 0.003125
2022-04-28 17:36:09,417 epoch 35 - iter 90/107 - loss 0.04019303 - samples/sec: 96.60 - lr: 0.003125
2022-04-28 17:36:12,744 epoch 35 - iter 100/107 - loss 0.03997944 - samples/sec: 96.24 - lr: 0.003125
2022-04-28 17:36:14,639 ----------------------------------------------------------------------------------------------------
2022-04-28 17:36:14,640 EPOCH 35 done: loss 0.0399 - lr 0.003125
2022-04-28 17:36:23,904 Evaluating as a multi-label problem: False
2022-04-28 17:36:23,915 DEV : loss 0.22278960049152374 - f1-score (micro avg)  0.5218
2022-04-28 17:36:24,005 BAD EPOCHS (no improvement): 3
2022-04-28 17:36:24,008 ----------------------------------------------------------------------------------------------------
2022-04-28 17:36:27,132 epoch 36 - iter 10/107 - loss 0.04343438 - samples/sec: 102.49 - lr: 0.003125
2022-04-28 17:36:30,240 epoch 36 - iter 20/107 - loss 0.04148551 - samples/sec: 102.97 - lr: 0.003125
2022-04-28 17:36:33,350 epoch 36 - iter 30/107 - loss 0.04031953 - samples/sec: 102.94 - lr: 0.003125
2022-04-28 17:36:36,437 epoch 36 - iter 40/107 - loss 0.03962461 - samples/sec: 103.71 - lr: 0.003125
2022-04-28 17:36:39,596 epoch 36 - iter 50/107 - loss 0.03993655 - samples/sec: 101.36 - lr: 0.003125
2022-04-28 17:36:42,626 epoch 36 - iter 60/107 - loss 0.03934746 - samples/sec: 105.66 - lr: 0.003125
2022-04-28 17:36:45,756 epoch 36 - iter 70/107 - loss 0.03872351 - samples/sec: 102.25 - lr: 0.003125
2022-04-28 17:36:48,855 epoch 36 - iter 80/107 - loss 0.03871032 - samples/sec: 103.30 - lr: 0.003125
2022-04-28 17:36:51,929 epoch 36 - iter 90/107 - loss 0.03903309 - samples/sec: 104.15 - lr: 0.003125
2022-04-28 17:36:55,011 epoch 36 - iter 100/107 - loss 0.03885868 - samples/sec: 103.84 - lr: 0.003125
2022-04-28 17:36:56,916 ----------------------------------------------------------------------------------------------------
2022-04-28 17:36:56,916 EPOCH 36 done: loss 0.0388 - lr 0.003125
2022-04-28 17:37:06,237 Evaluating as a multi-label problem: False
2022-04-28 17:37:06,249 DEV : loss 0.22260278463363647 - f1-score (micro avg)  0.5199
2022-04-28 17:37:06,336 Epoch    36: reducing learning rate of group 0 to 1.5625e-03.
2022-04-28 17:37:06,336 BAD EPOCHS (no improvement): 4
2022-04-28 17:37:06,338 ----------------------------------------------------------------------------------------------------
2022-04-28 17:37:09,442 epoch 37 - iter 10/107 - loss 0.03612568 - samples/sec: 103.17 - lr: 0.001563
2022-04-28 17:37:12,562 epoch 37 - iter 20/107 - loss 0.03744950 - samples/sec: 102.61 - lr: 0.001563
2022-04-28 17:37:15,508 epoch 37 - iter 30/107 - loss 0.03708856 - samples/sec: 108.67 - lr: 0.001563
2022-04-28 17:37:18,469 epoch 37 - iter 40/107 - loss 0.03615316 - samples/sec: 108.12 - lr: 0.001563
2022-04-28 17:37:21,529 epoch 37 - iter 50/107 - loss 0.03507496 - samples/sec: 104.61 - lr: 0.001563
2022-04-28 17:37:24,588 epoch 37 - iter 60/107 - loss 0.03609858 - samples/sec: 104.64 - lr: 0.001563
2022-04-28 17:37:27,628 epoch 37 - iter 70/107 - loss 0.03690663 - samples/sec: 105.29 - lr: 0.001563
2022-04-28 17:37:30,637 epoch 37 - iter 80/107 - loss 0.03759920 - samples/sec: 106.37 - lr: 0.001563
2022-04-28 17:37:33,763 epoch 37 - iter 90/107 - loss 0.03763369 - samples/sec: 102.41 - lr: 0.001563
2022-04-28 17:37:36,819 epoch 37 - iter 100/107 - loss 0.03783065 - samples/sec: 104.76 - lr: 0.001563
2022-04-28 17:37:38,806 ----------------------------------------------------------------------------------------------------
2022-04-28 17:37:38,807 EPOCH 37 done: loss 0.0381 - lr 0.001563
2022-04-28 17:37:48,193 Evaluating as a multi-label problem: False
2022-04-28 17:37:48,205 DEV : loss 0.21979732811450958 - f1-score (micro avg)  0.527
2022-04-28 17:37:48,291 BAD EPOCHS (no improvement): 1
2022-04-28 17:37:48,294 ----------------------------------------------------------------------------------------------------
2022-04-28 17:37:51,484 epoch 38 - iter 10/107 - loss 0.03529826 - samples/sec: 100.35 - lr: 0.001563
2022-04-28 17:37:54,535 epoch 38 - iter 20/107 - loss 0.03913896 - samples/sec: 104.94 - lr: 0.001563
2022-04-28 17:37:57,706 epoch 38 - iter 30/107 - loss 0.04165932 - samples/sec: 100.93 - lr: 0.001563
2022-04-28 17:38:00,769 epoch 38 - iter 40/107 - loss 0.03741122 - samples/sec: 104.52 - lr: 0.001563
2022-04-28 17:38:03,881 epoch 38 - iter 50/107 - loss 0.03691674 - samples/sec: 102.88 - lr: 0.001563
2022-04-28 17:38:06,907 epoch 38 - iter 60/107 - loss 0.03776809 - samples/sec: 105.77 - lr: 0.001563
2022-04-28 17:38:10,040 epoch 38 - iter 70/107 - loss 0.03739241 - samples/sec: 102.20 - lr: 0.001563
2022-04-28 17:38:13,098 epoch 38 - iter 80/107 - loss 0.03884839 - samples/sec: 104.66 - lr: 0.001563
2022-04-28 17:38:16,085 epoch 38 - iter 90/107 - loss 0.03889444 - samples/sec: 107.19 - lr: 0.001563
2022-04-28 17:38:19,041 epoch 38 - iter 100/107 - loss 0.03894861 - samples/sec: 108.29 - lr: 0.001563
2022-04-28 17:38:20,827 ----------------------------------------------------------------------------------------------------
2022-04-28 17:38:20,827 EPOCH 38 done: loss 0.0397 - lr 0.001563
2022-04-28 17:38:30,233 Evaluating as a multi-label problem: False
2022-04-28 17:38:30,245 DEV : loss 0.22060519456863403 - f1-score (micro avg)  0.521
2022-04-28 17:38:30,332 BAD EPOCHS (no improvement): 2
2022-04-28 17:38:30,335 ----------------------------------------------------------------------------------------------------
2022-04-28 17:38:33,462 epoch 39 - iter 10/107 - loss 0.04425457 - samples/sec: 102.37 - lr: 0.001563
2022-04-28 17:38:36,557 epoch 39 - iter 20/107 - loss 0.04108895 - samples/sec: 103.44 - lr: 0.001563
2022-04-28 17:38:39,606 epoch 39 - iter 30/107 - loss 0.04015821 - samples/sec: 104.95 - lr: 0.001563
2022-04-28 17:38:42,653 epoch 39 - iter 40/107 - loss 0.04091944 - samples/sec: 105.09 - lr: 0.001563
2022-04-28 17:38:45,679 epoch 39 - iter 50/107 - loss 0.03876237 - samples/sec: 105.77 - lr: 0.001563
2022-04-28 17:38:48,749 epoch 39 - iter 60/107 - loss 0.03979350 - samples/sec: 104.27 - lr: 0.001563
2022-04-28 17:38:51,850 epoch 39 - iter 70/107 - loss 0.04045993 - samples/sec: 103.22 - lr: 0.001563
2022-04-28 17:38:54,835 epoch 39 - iter 80/107 - loss 0.04041015 - samples/sec: 107.23 - lr: 0.001563
2022-04-28 17:38:57,891 epoch 39 - iter 90/107 - loss 0.03969495 - samples/sec: 104.78 - lr: 0.001563
2022-04-28 17:39:00,964 epoch 39 - iter 100/107 - loss 0.03966946 - samples/sec: 104.18 - lr: 0.001563
2022-04-28 17:39:02,832 ----------------------------------------------------------------------------------------------------
2022-04-28 17:39:02,833 EPOCH 39 done: loss 0.0396 - lr 0.001563
2022-04-28 17:39:12,158 Evaluating as a multi-label problem: False
2022-04-28 17:39:12,170 DEV : loss 0.22037696838378906 - f1-score (micro avg)  0.5225
2022-04-28 17:39:12,255 BAD EPOCHS (no improvement): 3
2022-04-28 17:39:12,258 ----------------------------------------------------------------------------------------------------
2022-04-28 17:39:15,186 epoch 40 - iter 10/107 - loss 0.03603545 - samples/sec: 109.33 - lr: 0.001563
2022-04-28 17:39:18,298 epoch 40 - iter 20/107 - loss 0.03998183 - samples/sec: 102.86 - lr: 0.001563
2022-04-28 17:39:21,376 epoch 40 - iter 30/107 - loss 0.03927104 - samples/sec: 104.02 - lr: 0.001563
2022-04-28 17:39:24,508 epoch 40 - iter 40/107 - loss 0.03903105 - samples/sec: 102.19 - lr: 0.001563
2022-04-28 17:39:27,550 epoch 40 - iter 50/107 - loss 0.03771965 - samples/sec: 105.26 - lr: 0.001563
2022-04-28 17:39:30,672 epoch 40 - iter 60/107 - loss 0.03794851 - samples/sec: 102.52 - lr: 0.001563
2022-04-28 17:39:33,757 epoch 40 - iter 70/107 - loss 0.03818215 - samples/sec: 103.75 - lr: 0.001563
2022-04-28 17:39:36,718 epoch 40 - iter 80/107 - loss 0.03812539 - samples/sec: 108.13 - lr: 0.001563
2022-04-28 17:39:39,764 epoch 40 - iter 90/107 - loss 0.03819371 - samples/sec: 105.07 - lr: 0.001563
2022-04-28 17:39:42,811 epoch 40 - iter 100/107 - loss 0.03817952 - samples/sec: 105.06 - lr: 0.001563
2022-04-28 17:39:44,622 ----------------------------------------------------------------------------------------------------
2022-04-28 17:39:44,622 EPOCH 40 done: loss 0.0385 - lr 0.001563
2022-04-28 17:39:54,007 Evaluating as a multi-label problem: False
2022-04-28 17:39:54,019 DEV : loss 0.21955996751785278 - f1-score (micro avg)  0.5221
2022-04-28 17:39:54,107 Epoch    40: reducing learning rate of group 0 to 7.8125e-04.
2022-04-28 17:39:54,107 BAD EPOCHS (no improvement): 4
2022-04-28 17:39:54,109 ----------------------------------------------------------------------------------------------------
2022-04-28 17:39:57,211 epoch 41 - iter 10/107 - loss 0.04481065 - samples/sec: 103.24 - lr: 0.000781
2022-04-28 17:40:00,243 epoch 41 - iter 20/107 - loss 0.04072595 - samples/sec: 105.57 - lr: 0.000781
2022-04-28 17:40:03,264 epoch 41 - iter 30/107 - loss 0.04057879 - samples/sec: 105.98 - lr: 0.000781
2022-04-28 17:40:06,404 epoch 41 - iter 40/107 - loss 0.03942608 - samples/sec: 101.93 - lr: 0.000781
2022-04-28 17:40:09,441 epoch 41 - iter 50/107 - loss 0.03867973 - samples/sec: 105.42 - lr: 0.000781
2022-04-28 17:40:12,553 epoch 41 - iter 60/107 - loss 0.03872561 - samples/sec: 102.84 - lr: 0.000781
2022-04-28 17:40:15,449 epoch 41 - iter 70/107 - loss 0.03867997 - samples/sec: 110.56 - lr: 0.000781
2022-04-28 17:40:18,534 epoch 41 - iter 80/107 - loss 0.03850533 - samples/sec: 103.76 - lr: 0.000781
2022-04-28 17:40:21,657 epoch 41 - iter 90/107 - loss 0.03851700 - samples/sec: 102.51 - lr: 0.000781
2022-04-28 17:40:24,733 epoch 41 - iter 100/107 - loss 0.03891518 - samples/sec: 104.04 - lr: 0.000781
2022-04-28 17:40:26,614 ----------------------------------------------------------------------------------------------------
2022-04-28 17:40:26,615 EPOCH 41 done: loss 0.0387 - lr 0.000781
2022-04-28 17:40:35,752 Evaluating as a multi-label problem: False
2022-04-28 17:40:35,763 DEV : loss 0.22019363939762115 - f1-score (micro avg)  0.5255
2022-04-28 17:40:35,849 BAD EPOCHS (no improvement): 1
2022-04-28 17:40:35,851 ----------------------------------------------------------------------------------------------------
2022-04-28 17:40:38,843 epoch 42 - iter 10/107 - loss 0.03386673 - samples/sec: 106.99 - lr: 0.000781
2022-04-28 17:40:41,726 epoch 42 - iter 20/107 - loss 0.03716652 - samples/sec: 111.06 - lr: 0.000781
2022-04-28 17:40:44,693 epoch 42 - iter 30/107 - loss 0.03557664 - samples/sec: 107.89 - lr: 0.000781
2022-04-28 17:40:47,678 epoch 42 - iter 40/107 - loss 0.03589891 - samples/sec: 107.25 - lr: 0.000781
2022-04-28 17:40:50,743 epoch 42 - iter 50/107 - loss 0.03773066 - samples/sec: 104.43 - lr: 0.000781
2022-04-28 17:40:53,835 epoch 42 - iter 60/107 - loss 0.03839014 - samples/sec: 103.55 - lr: 0.000781
2022-04-28 17:40:56,940 epoch 42 - iter 70/107 - loss 0.03919997 - samples/sec: 103.08 - lr: 0.000781
2022-04-28 17:41:00,038 epoch 42 - iter 80/107 - loss 0.03907992 - samples/sec: 103.34 - lr: 0.000781
2022-04-28 17:41:03,052 epoch 42 - iter 90/107 - loss 0.04006738 - samples/sec: 106.18 - lr: 0.000781
2022-04-28 17:41:06,150 epoch 42 - iter 100/107 - loss 0.04022341 - samples/sec: 103.33 - lr: 0.000781
2022-04-28 17:41:07,974 ----------------------------------------------------------------------------------------------------
2022-04-28 17:41:07,974 EPOCH 42 done: loss 0.0405 - lr 0.000781
2022-04-28 17:41:17,457 Evaluating as a multi-label problem: False
2022-04-28 17:41:17,469 DEV : loss 0.22166182100772858 - f1-score (micro avg)  0.5229
2022-04-28 17:41:17,556 BAD EPOCHS (no improvement): 2
2022-04-28 17:41:17,558 ----------------------------------------------------------------------------------------------------
2022-04-28 17:41:20,679 epoch 43 - iter 10/107 - loss 0.03472556 - samples/sec: 102.58 - lr: 0.000781
2022-04-28 17:41:23,912 epoch 43 - iter 20/107 - loss 0.03816484 - samples/sec: 99.01 - lr: 0.000781
2022-04-28 17:41:26,910 epoch 43 - iter 30/107 - loss 0.03817000 - samples/sec: 106.78 - lr: 0.000781
2022-04-28 17:41:29,935 epoch 43 - iter 40/107 - loss 0.03877469 - samples/sec: 105.81 - lr: 0.000781
2022-04-28 17:41:33,021 epoch 43 - iter 50/107 - loss 0.03825060 - samples/sec: 103.72 - lr: 0.000781
2022-04-28 17:41:36,010 epoch 43 - iter 60/107 - loss 0.03765280 - samples/sec: 107.11 - lr: 0.000781
2022-04-28 17:41:38,961 epoch 43 - iter 70/107 - loss 0.03902428 - samples/sec: 108.47 - lr: 0.000781
2022-04-28 17:41:41,906 epoch 43 - iter 80/107 - loss 0.03896756 - samples/sec: 108.70 - lr: 0.000781
2022-04-28 17:41:44,966 epoch 43 - iter 90/107 - loss 0.03904274 - samples/sec: 104.61 - lr: 0.000781
2022-04-28 17:41:48,044 epoch 43 - iter 100/107 - loss 0.03916393 - samples/sec: 104.03 - lr: 0.000781
2022-04-28 17:41:49,950 ----------------------------------------------------------------------------------------------------
2022-04-28 17:41:49,951 EPOCH 43 done: loss 0.0390 - lr 0.000781
2022-04-28 17:41:59,316 Evaluating as a multi-label problem: False
2022-04-28 17:41:59,328 DEV : loss 0.22124886512756348 - f1-score (micro avg)  0.5244
2022-04-28 17:41:59,414 BAD EPOCHS (no improvement): 3
2022-04-28 17:41:59,418 ----------------------------------------------------------------------------------------------------
2022-04-28 17:42:02,472 epoch 44 - iter 10/107 - loss 0.04629090 - samples/sec: 104.82 - lr: 0.000781
2022-04-28 17:42:05,567 epoch 44 - iter 20/107 - loss 0.03920756 - samples/sec: 103.43 - lr: 0.000781
2022-04-28 17:42:08,673 epoch 44 - iter 30/107 - loss 0.04148150 - samples/sec: 103.09 - lr: 0.000781
2022-04-28 17:42:11,696 epoch 44 - iter 40/107 - loss 0.03981044 - samples/sec: 105.89 - lr: 0.000781
2022-04-28 17:42:14,746 epoch 44 - iter 50/107 - loss 0.04026783 - samples/sec: 104.95 - lr: 0.000781
2022-04-28 17:42:17,766 epoch 44 - iter 60/107 - loss 0.04130246 - samples/sec: 106.00 - lr: 0.000781
2022-04-28 17:42:20,965 epoch 44 - iter 70/107 - loss 0.04075449 - samples/sec: 100.05 - lr: 0.000781
2022-04-28 17:42:24,022 epoch 44 - iter 80/107 - loss 0.04000854 - samples/sec: 104.74 - lr: 0.000781
2022-04-28 17:42:27,025 epoch 44 - iter 90/107 - loss 0.04039592 - samples/sec: 106.59 - lr: 0.000781
2022-04-28 17:42:30,031 epoch 44 - iter 100/107 - loss 0.04077570 - samples/sec: 106.48 - lr: 0.000781
2022-04-28 17:42:32,031 ----------------------------------------------------------------------------------------------------
2022-04-28 17:42:32,031 EPOCH 44 done: loss 0.0404 - lr 0.000781
2022-04-28 17:42:41,502 Evaluating as a multi-label problem: False
2022-04-28 17:42:41,513 DEV : loss 0.22072504460811615 - f1-score (micro avg)  0.5252
2022-04-28 17:42:41,605 Epoch    44: reducing learning rate of group 0 to 3.9063e-04.
2022-04-28 17:42:41,605 BAD EPOCHS (no improvement): 4
2022-04-28 17:42:41,608 ----------------------------------------------------------------------------------------------------
2022-04-28 17:42:44,751 epoch 45 - iter 10/107 - loss 0.03973025 - samples/sec: 101.88 - lr: 0.000391
2022-04-28 17:42:47,868 epoch 45 - iter 20/107 - loss 0.03707195 - samples/sec: 102.69 - lr: 0.000391
2022-04-28 17:42:50,970 epoch 45 - iter 30/107 - loss 0.03660074 - samples/sec: 103.22 - lr: 0.000391
2022-04-28 17:42:54,016 epoch 45 - iter 40/107 - loss 0.03994759 - samples/sec: 105.09 - lr: 0.000391
2022-04-28 17:42:57,151 epoch 45 - iter 50/107 - loss 0.04111392 - samples/sec: 102.15 - lr: 0.000391
2022-04-28 17:43:00,185 epoch 45 - iter 60/107 - loss 0.04075134 - samples/sec: 105.52 - lr: 0.000391
2022-04-28 17:43:03,198 epoch 45 - iter 70/107 - loss 0.04012332 - samples/sec: 106.22 - lr: 0.000391
2022-04-28 17:43:06,285 epoch 45 - iter 80/107 - loss 0.03915988 - samples/sec: 103.69 - lr: 0.000391
2022-04-28 17:43:09,434 epoch 45 - iter 90/107 - loss 0.03942799 - samples/sec: 101.68 - lr: 0.000391
2022-04-28 17:43:12,507 epoch 45 - iter 100/107 - loss 0.03963148 - samples/sec: 104.16 - lr: 0.000391
2022-04-28 17:43:14,381 ----------------------------------------------------------------------------------------------------
2022-04-28 17:43:14,381 EPOCH 45 done: loss 0.0397 - lr 0.000391
2022-04-28 17:43:23,879 Evaluating as a multi-label problem: False
2022-04-28 17:43:23,890 DEV : loss 0.22110237181186676 - f1-score (micro avg)  0.5263
2022-04-28 17:43:23,980 BAD EPOCHS (no improvement): 1
2022-04-28 17:43:23,982 ----------------------------------------------------------------------------------------------------
2022-04-28 17:43:27,099 epoch 46 - iter 10/107 - loss 0.04162132 - samples/sec: 102.71 - lr: 0.000391
2022-04-28 17:43:30,175 epoch 46 - iter 20/107 - loss 0.04060101 - samples/sec: 104.06 - lr: 0.000391
2022-04-28 17:43:33,198 epoch 46 - iter 30/107 - loss 0.03866483 - samples/sec: 105.90 - lr: 0.000391
2022-04-28 17:43:36,276 epoch 46 - iter 40/107 - loss 0.03747696 - samples/sec: 104.01 - lr: 0.000391
2022-04-28 17:43:39,664 epoch 46 - iter 50/107 - loss 0.03787470 - samples/sec: 94.48 - lr: 0.000391
2022-04-28 17:43:43,413 epoch 46 - iter 60/107 - loss 0.03800234 - samples/sec: 85.38 - lr: 0.000391
2022-04-28 17:43:47,022 epoch 46 - iter 70/107 - loss 0.03764982 - samples/sec: 88.71 - lr: 0.000391
2022-04-28 17:43:50,639 epoch 46 - iter 80/107 - loss 0.03632807 - samples/sec: 88.52 - lr: 0.000391
2022-04-28 17:43:54,206 epoch 46 - iter 90/107 - loss 0.03680809 - samples/sec: 89.76 - lr: 0.000391
2022-04-28 17:43:57,730 epoch 46 - iter 100/107 - loss 0.03853496 - samples/sec: 90.88 - lr: 0.000391
2022-04-28 17:43:59,837 ----------------------------------------------------------------------------------------------------
2022-04-28 17:43:59,837 EPOCH 46 done: loss 0.0382 - lr 0.000391
2022-04-28 17:44:10,585 Evaluating as a multi-label problem: False
2022-04-28 17:44:10,597 DEV : loss 0.2216472029685974 - f1-score (micro avg)  0.5248
2022-04-28 17:44:10,706 BAD EPOCHS (no improvement): 2
2022-04-28 17:44:10,728 ----------------------------------------------------------------------------------------------------
2022-04-28 17:44:14,104 epoch 47 - iter 10/107 - loss 0.03895266 - samples/sec: 94.84 - lr: 0.000391
2022-04-28 17:44:17,536 epoch 47 - iter 20/107 - loss 0.03908610 - samples/sec: 93.28 - lr: 0.000391
2022-04-28 17:44:20,983 epoch 47 - iter 30/107 - loss 0.03620166 - samples/sec: 92.88 - lr: 0.000391
2022-04-28 17:44:24,243 epoch 47 - iter 40/107 - loss 0.03695823 - samples/sec: 98.21 - lr: 0.000391
2022-04-28 17:44:27,278 epoch 47 - iter 50/107 - loss 0.03608280 - samples/sec: 105.45 - lr: 0.000391
2022-04-28 17:44:30,332 epoch 47 - iter 60/107 - loss 0.03696385 - samples/sec: 104.84 - lr: 0.000391
2022-04-28 17:44:33,413 epoch 47 - iter 70/107 - loss 0.03720458 - samples/sec: 103.88 - lr: 0.000391
2022-04-28 17:44:36,523 epoch 47 - iter 80/107 - loss 0.03752481 - samples/sec: 102.93 - lr: 0.000391
2022-04-28 17:44:39,514 epoch 47 - iter 90/107 - loss 0.03788643 - samples/sec: 107.02 - lr: 0.000391
2022-04-28 17:44:42,475 epoch 47 - iter 100/107 - loss 0.03720419 - samples/sec: 108.10 - lr: 0.000391
2022-04-28 17:44:44,415 ----------------------------------------------------------------------------------------------------
2022-04-28 17:44:44,415 EPOCH 47 done: loss 0.0371 - lr 0.000391
2022-04-28 17:44:53,661 Evaluating as a multi-label problem: False
2022-04-28 17:44:53,674 DEV : loss 0.22214917838573456 - f1-score (micro avg)  0.5252
2022-04-28 17:44:53,761 BAD EPOCHS (no improvement): 3
2022-04-28 17:44:53,764 ----------------------------------------------------------------------------------------------------
2022-04-28 17:44:56,745 epoch 48 - iter 10/107 - loss 0.04109365 - samples/sec: 107.40 - lr: 0.000391
2022-04-28 17:44:59,867 epoch 48 - iter 20/107 - loss 0.04284594 - samples/sec: 102.51 - lr: 0.000391
2022-04-28 17:45:02,849 epoch 48 - iter 30/107 - loss 0.04133357 - samples/sec: 107.36 - lr: 0.000391
2022-04-28 17:45:05,859 epoch 48 - iter 40/107 - loss 0.03990568 - samples/sec: 106.34 - lr: 0.000391
2022-04-28 17:45:08,912 epoch 48 - iter 50/107 - loss 0.04052700 - samples/sec: 104.87 - lr: 0.000391
2022-04-28 17:45:11,873 epoch 48 - iter 60/107 - loss 0.04091142 - samples/sec: 108.10 - lr: 0.000391
2022-04-28 17:45:14,886 epoch 48 - iter 70/107 - loss 0.04023915 - samples/sec: 106.23 - lr: 0.000391
2022-04-28 17:45:17,914 epoch 48 - iter 80/107 - loss 0.04056001 - samples/sec: 105.72 - lr: 0.000391
2022-04-28 17:45:21,046 epoch 48 - iter 90/107 - loss 0.04070589 - samples/sec: 102.21 - lr: 0.000391
2022-04-28 17:45:24,003 epoch 48 - iter 100/107 - loss 0.04048506 - samples/sec: 108.25 - lr: 0.000391
2022-04-28 17:45:25,771 ----------------------------------------------------------------------------------------------------
2022-04-28 17:45:25,771 EPOCH 48 done: loss 0.0401 - lr 0.000391
2022-04-28 17:45:34,823 Evaluating as a multi-label problem: False
2022-04-28 17:45:34,833 DEV : loss 0.22200344502925873 - f1-score (micro avg)  0.5252
2022-04-28 17:45:34,918 Epoch    48: reducing learning rate of group 0 to 1.9531e-04.
2022-04-28 17:45:34,918 BAD EPOCHS (no improvement): 4
2022-04-28 17:45:34,920 ----------------------------------------------------------------------------------------------------
2022-04-28 17:45:37,973 epoch 49 - iter 10/107 - loss 0.03790436 - samples/sec: 104.85 - lr: 0.000195
2022-04-28 17:45:40,939 epoch 49 - iter 20/107 - loss 0.03583462 - samples/sec: 107.94 - lr: 0.000195
2022-04-28 17:45:43,794 epoch 49 - iter 30/107 - loss 0.03544408 - samples/sec: 112.13 - lr: 0.000195
2022-04-28 17:45:46,655 epoch 49 - iter 40/107 - loss 0.03595288 - samples/sec: 111.88 - lr: 0.000195
2022-04-28 17:45:49,580 epoch 49 - iter 50/107 - loss 0.03529907 - samples/sec: 109.45 - lr: 0.000195
2022-04-28 17:45:52,485 epoch 49 - iter 60/107 - loss 0.03588394 - samples/sec: 110.20 - lr: 0.000195
2022-04-28 17:45:55,438 epoch 49 - iter 70/107 - loss 0.03657100 - samples/sec: 108.41 - lr: 0.000195
2022-04-28 17:45:58,309 epoch 49 - iter 80/107 - loss 0.03665937 - samples/sec: 111.48 - lr: 0.000195
2022-04-28 17:46:01,310 epoch 49 - iter 90/107 - loss 0.03737844 - samples/sec: 106.68 - lr: 0.000195
2022-04-28 17:46:04,353 epoch 49 - iter 100/107 - loss 0.03736617 - samples/sec: 105.17 - lr: 0.000195
2022-04-28 17:46:06,253 ----------------------------------------------------------------------------------------------------
2022-04-28 17:46:06,253 EPOCH 49 done: loss 0.0376 - lr 0.000195
2022-04-28 17:46:15,295 Evaluating as a multi-label problem: False
2022-04-28 17:46:15,305 DEV : loss 0.22205482423305511 - f1-score (micro avg)  0.5252
2022-04-28 17:46:15,390 BAD EPOCHS (no improvement): 1
2022-04-28 17:46:15,393 ----------------------------------------------------------------------------------------------------
2022-04-28 17:46:18,444 epoch 50 - iter 10/107 - loss 0.04737279 - samples/sec: 104.93 - lr: 0.000195
2022-04-28 17:46:21,441 epoch 50 - iter 20/107 - loss 0.04582119 - samples/sec: 106.80 - lr: 0.000195
2022-04-28 17:46:24,363 epoch 50 - iter 30/107 - loss 0.04430871 - samples/sec: 109.54 - lr: 0.000195
2022-04-28 17:46:27,392 epoch 50 - iter 40/107 - loss 0.04180778 - samples/sec: 105.67 - lr: 0.000195
2022-04-28 17:46:30,442 epoch 50 - iter 50/107 - loss 0.04077405 - samples/sec: 104.97 - lr: 0.000195
2022-04-28 17:46:33,352 epoch 50 - iter 60/107 - loss 0.03886340 - samples/sec: 109.97 - lr: 0.000195
2022-04-28 17:46:36,315 epoch 50 - iter 70/107 - loss 0.03867724 - samples/sec: 108.05 - lr: 0.000195
2022-04-28 17:46:39,275 epoch 50 - iter 80/107 - loss 0.03892975 - samples/sec: 108.14 - lr: 0.000195
2022-04-28 17:46:42,272 epoch 50 - iter 90/107 - loss 0.03856005 - samples/sec: 106.83 - lr: 0.000195
2022-04-28 17:46:45,151 epoch 50 - iter 100/107 - loss 0.03860544 - samples/sec: 111.19 - lr: 0.000195
2022-04-28 17:46:47,001 ----------------------------------------------------------------------------------------------------
2022-04-28 17:46:47,001 EPOCH 50 done: loss 0.0382 - lr 0.000195
2022-04-28 17:46:56,054 Evaluating as a multi-label problem: False
2022-04-28 17:46:56,065 DEV : loss 0.2221243679523468 - f1-score (micro avg)  0.5252
2022-04-28 17:46:56,154 BAD EPOCHS (no improvement): 2
2022-04-28 17:46:56,156 ----------------------------------------------------------------------------------------------------
2022-04-28 17:46:59,151 epoch 51 - iter 10/107 - loss 0.03658550 - samples/sec: 106.89 - lr: 0.000195
2022-04-28 17:47:02,196 epoch 51 - iter 20/107 - loss 0.03334267 - samples/sec: 105.14 - lr: 0.000195
2022-04-28 17:47:05,075 epoch 51 - iter 30/107 - loss 0.03291250 - samples/sec: 111.19 - lr: 0.000195
2022-04-28 17:47:08,036 epoch 51 - iter 40/107 - loss 0.03512634 - samples/sec: 108.08 - lr: 0.000195
2022-04-28 17:47:11,069 epoch 51 - iter 50/107 - loss 0.03531334 - samples/sec: 105.54 - lr: 0.000195
2022-04-28 17:47:14,076 epoch 51 - iter 60/107 - loss 0.03588761 - samples/sec: 106.47 - lr: 0.000195
2022-04-28 17:47:17,035 epoch 51 - iter 70/107 - loss 0.03657639 - samples/sec: 108.17 - lr: 0.000195
2022-04-28 17:47:20,047 epoch 51 - iter 80/107 - loss 0.03723353 - samples/sec: 106.26 - lr: 0.000195
2022-04-28 17:47:23,014 epoch 51 - iter 90/107 - loss 0.03757124 - samples/sec: 107.89 - lr: 0.000195
2022-04-28 17:47:25,947 epoch 51 - iter 100/107 - loss 0.03752939 - samples/sec: 109.15 - lr: 0.000195
2022-04-28 17:47:27,725 ----------------------------------------------------------------------------------------------------
2022-04-28 17:47:27,725 EPOCH 51 done: loss 0.0374 - lr 0.000195
2022-04-28 17:47:36,714 Evaluating as a multi-label problem: False
2022-04-28 17:47:36,725 DEV : loss 0.22193025052547455 - f1-score (micro avg)  0.5252
2022-04-28 17:47:36,810 BAD EPOCHS (no improvement): 3
2022-04-28 17:47:36,812 ----------------------------------------------------------------------------------------------------
2022-04-28 17:47:39,789 epoch 52 - iter 10/107 - loss 0.03455195 - samples/sec: 107.56 - lr: 0.000195
2022-04-28 17:47:42,691 epoch 52 - iter 20/107 - loss 0.03595484 - samples/sec: 110.31 - lr: 0.000195
2022-04-28 17:47:45,652 epoch 52 - iter 30/107 - loss 0.03551344 - samples/sec: 108.07 - lr: 0.000195
2022-04-28 17:47:48,669 epoch 52 - iter 40/107 - loss 0.03681528 - samples/sec: 106.13 - lr: 0.000195
2022-04-28 17:47:51,607 epoch 52 - iter 50/107 - loss 0.03658566 - samples/sec: 108.95 - lr: 0.000195
2022-04-28 17:47:54,674 epoch 52 - iter 60/107 - loss 0.03706246 - samples/sec: 104.37 - lr: 0.000195
2022-04-28 17:47:57,657 epoch 52 - iter 70/107 - loss 0.03674971 - samples/sec: 107.30 - lr: 0.000195
2022-04-28 17:48:00,638 epoch 52 - iter 80/107 - loss 0.03709759 - samples/sec: 107.36 - lr: 0.000195
2022-04-28 17:48:03,638 epoch 52 - iter 90/107 - loss 0.03796439 - samples/sec: 106.70 - lr: 0.000195
2022-04-28 17:48:06,681 epoch 52 - iter 100/107 - loss 0.03844701 - samples/sec: 105.21 - lr: 0.000195
2022-04-28 17:48:08,488 ----------------------------------------------------------------------------------------------------
2022-04-28 17:48:08,488 EPOCH 52 done: loss 0.0388 - lr 0.000195
2022-04-28 17:48:17,473 Evaluating as a multi-label problem: False
2022-04-28 17:48:17,483 DEV : loss 0.2219374030828476 - f1-score (micro avg)  0.5252
2022-04-28 17:48:17,567 Epoch    52: reducing learning rate of group 0 to 9.7656e-05.
2022-04-28 17:48:17,567 BAD EPOCHS (no improvement): 4
2022-04-28 17:48:17,569 ----------------------------------------------------------------------------------------------------
2022-04-28 17:48:17,569 ----------------------------------------------------------------------------------------------------
2022-04-28 17:48:17,570 learning rate too small - quitting training!
2022-04-28 17:48:17,570 ----------------------------------------------------------------------------------------------------
2022-04-28 17:49:12,491 ----------------------------------------------------------------------------------------------------
2022-04-28 17:49:12,492 loading file resources/taggers/model_06_r5_run_3/best-model.pt
2022-04-28 17:50:14,437 SequenceTagger predicts: Dictionary with 27 tags: O, S-person, B-person, E-person, I-person, S-location, B-location, E-location, I-location, S-group, B-group, E-group, I-group, S-corporation, B-corporation, E-corporation, I-corporation, S-product, B-product, E-product, I-product, S-creative-work, B-creative-work, E-creative-work, I-creative-work, <START>, <STOP>
2022-04-28 17:50:37,167 Evaluating as a multi-label problem: False
2022-04-28 17:50:37,179 0.6598	0.354	0.4608	0.3139
2022-04-28 17:50:37,180 
Results:
- F-score (micro) 0.4608
- F-score (macro) 0.3672
- Accuracy 0.3139

By class:
               precision    recall  f1-score   support

       person     0.7643    0.4988    0.6037       429
     location     0.6466    0.5733    0.6078       150
        group     0.5818    0.1939    0.2909       165
creative-work     0.4681    0.1549    0.2328       142
      product     0.4500    0.0709    0.1224       127
  corporation     0.4318    0.2879    0.3455        66

    micro avg     0.6598    0.3540    0.4608      1079
    macro avg     0.5571    0.2966    0.3672      1079
 weighted avg     0.6237    0.3540    0.4352      1079

2022-04-28 17:50:37,180 ----------------------------------------------------------------------------------------------------
