2022-04-28 16:53:56,800 ----------------------------------------------------------------------------------------------------
2022-04-28 16:53:56,801 Model: "SequenceTagger(
  (embeddings): StackedEmbeddings(
    (list_embedding_0): GazetteerEmbeddings()
    (list_embedding_1): WordEmbeddings(
      'glove'
      (embedding): Embedding(400001, 100)
    )
    (list_embedding_2): FlairEmbeddings(
      (lm): LanguageModel(
        (drop): Dropout(p=0.05, inplace=False)
        (encoder): Embedding(300, 100)
        (rnn): LSTM(100, 2048)
        (decoder): Linear(in_features=2048, out_features=300, bias=True)
      )
    )
    (list_embedding_3): FlairEmbeddings(
      (lm): LanguageModel(
        (drop): Dropout(p=0.05, inplace=False)
        (encoder): Embedding(300, 100)
        (rnn): LSTM(100, 2048)
        (decoder): Linear(in_features=2048, out_features=300, bias=True)
      )
    )
  )
  (word_dropout): WordDropout(p=0.05)
  (locked_dropout): LockedDropout(p=0.5)
  (embedding2nn): Linear(in_features=4897, out_features=4897, bias=True)
  (rnn): LSTM(4897, 256, batch_first=True, bidirectional=True)
  (linear): Linear(in_features=512, out_features=27, bias=True)
  (loss_function): ViterbiLoss()
  (crf): CRF()
)"
2022-04-28 16:53:56,801 ----------------------------------------------------------------------------------------------------
2022-04-28 16:53:56,801 Corpus: "Corpus: 3394 train + 1009 dev + 1287 test sentences"
2022-04-28 16:53:56,801 ----------------------------------------------------------------------------------------------------
2022-04-28 16:53:56,801 Parameters:
2022-04-28 16:53:56,801  - learning_rate: "0.100000"
2022-04-28 16:53:56,801  - mini_batch_size: "32"
2022-04-28 16:53:56,801  - patience: "3"
2022-04-28 16:53:56,801  - anneal_factor: "0.5"
2022-04-28 16:53:56,801  - max_epochs: "150"
2022-04-28 16:53:56,801  - shuffle: "True"
2022-04-28 16:53:56,801  - train_with_dev: "False"
2022-04-28 16:53:56,801  - batch_growth_annealing: "False"
2022-04-28 16:53:56,801 ----------------------------------------------------------------------------------------------------
2022-04-28 16:53:56,801 Model training base path: "resources/taggers/model_08_r5_run_3"
2022-04-28 16:53:56,801 ----------------------------------------------------------------------------------------------------
2022-04-28 16:53:56,801 Device: cuda:2
2022-04-28 16:53:56,801 ----------------------------------------------------------------------------------------------------
2022-04-28 16:53:56,801 Embeddings storage mode: cpu
2022-04-28 16:53:56,801 ----------------------------------------------------------------------------------------------------
2022-04-28 16:54:01,331 epoch 1 - iter 10/107 - loss 0.84776917 - samples/sec: 70.66 - lr: 0.100000
2022-04-28 16:54:05,335 epoch 1 - iter 20/107 - loss 0.55908588 - samples/sec: 79.96 - lr: 0.100000
2022-04-28 16:54:09,570 epoch 1 - iter 30/107 - loss 0.46825306 - samples/sec: 75.57 - lr: 0.100000
2022-04-28 16:54:13,740 epoch 1 - iter 40/107 - loss 0.41605506 - samples/sec: 76.76 - lr: 0.100000
2022-04-28 16:54:17,789 epoch 1 - iter 50/107 - loss 0.37625765 - samples/sec: 79.06 - lr: 0.100000
2022-04-28 16:54:22,178 epoch 1 - iter 60/107 - loss 0.36144730 - samples/sec: 72.93 - lr: 0.100000
2022-04-28 16:54:26,777 epoch 1 - iter 70/107 - loss 0.34974754 - samples/sec: 69.59 - lr: 0.100000
2022-04-28 16:54:31,203 epoch 1 - iter 80/107 - loss 0.34478083 - samples/sec: 72.32 - lr: 0.100000
2022-04-28 16:54:34,779 epoch 1 - iter 90/107 - loss 0.34089182 - samples/sec: 89.51 - lr: 0.100000
2022-04-28 16:54:38,668 epoch 1 - iter 100/107 - loss 0.33515389 - samples/sec: 82.30 - lr: 0.100000
2022-04-28 16:54:41,077 ----------------------------------------------------------------------------------------------------
2022-04-28 16:54:41,077 EPOCH 1 done: loss 0.3295 - lr 0.100000
2022-04-28 16:54:53,528 Evaluating as a multi-label problem: False
2022-04-28 16:54:53,539 DEV : loss 0.4107697606086731 - f1-score (micro avg)  0.023
2022-04-28 16:54:53,626 BAD EPOCHS (no improvement): 0
2022-04-28 16:54:53,629 saving best model
2022-04-28 16:55:13,360 ----------------------------------------------------------------------------------------------------
2022-04-28 16:55:17,708 epoch 2 - iter 10/107 - loss 0.22707938 - samples/sec: 73.63 - lr: 0.100000
2022-04-28 16:55:21,677 epoch 2 - iter 20/107 - loss 0.22082629 - samples/sec: 80.65 - lr: 0.100000
2022-04-28 16:55:25,703 epoch 2 - iter 30/107 - loss 0.22193806 - samples/sec: 79.49 - lr: 0.100000
2022-04-28 16:55:29,563 epoch 2 - iter 40/107 - loss 0.20825490 - samples/sec: 82.93 - lr: 0.100000
2022-04-28 16:55:33,667 epoch 2 - iter 50/107 - loss 0.20568211 - samples/sec: 77.99 - lr: 0.100000
2022-04-28 16:55:37,604 epoch 2 - iter 60/107 - loss 0.20043934 - samples/sec: 81.30 - lr: 0.100000
2022-04-28 16:55:41,625 epoch 2 - iter 70/107 - loss 0.19912241 - samples/sec: 79.61 - lr: 0.100000
2022-04-28 16:55:45,668 epoch 2 - iter 80/107 - loss 0.19655000 - samples/sec: 79.18 - lr: 0.100000
2022-04-28 16:55:49,723 epoch 2 - iter 90/107 - loss 0.19689302 - samples/sec: 78.92 - lr: 0.100000
2022-04-28 16:55:53,644 epoch 2 - iter 100/107 - loss 0.19381157 - samples/sec: 81.65 - lr: 0.100000
2022-04-28 16:55:56,246 ----------------------------------------------------------------------------------------------------
2022-04-28 16:55:56,246 EPOCH 2 done: loss 0.1926 - lr 0.100000
2022-04-28 16:56:08,815 Evaluating as a multi-label problem: False
2022-04-28 16:56:08,827 DEV : loss 0.3006180226802826 - f1-score (micro avg)  0.3592
2022-04-28 16:56:08,914 BAD EPOCHS (no improvement): 0
2022-04-28 16:56:08,917 saving best model
2022-04-28 16:56:28,880 ----------------------------------------------------------------------------------------------------
2022-04-28 16:56:32,947 epoch 3 - iter 10/107 - loss 0.18888991 - samples/sec: 78.72 - lr: 0.100000
2022-04-28 16:56:37,183 epoch 3 - iter 20/107 - loss 0.16428135 - samples/sec: 75.58 - lr: 0.100000
2022-04-28 16:56:41,480 epoch 3 - iter 30/107 - loss 0.16695268 - samples/sec: 74.49 - lr: 0.100000
2022-04-28 16:56:45,853 epoch 3 - iter 40/107 - loss 0.16193963 - samples/sec: 73.19 - lr: 0.100000
2022-04-28 16:56:50,146 epoch 3 - iter 50/107 - loss 0.16154813 - samples/sec: 74.56 - lr: 0.100000
2022-04-28 16:56:54,336 epoch 3 - iter 60/107 - loss 0.16754735 - samples/sec: 76.39 - lr: 0.100000
2022-04-28 16:56:58,778 epoch 3 - iter 70/107 - loss 0.16659123 - samples/sec: 72.06 - lr: 0.100000
2022-04-28 16:57:02,966 epoch 3 - iter 80/107 - loss 0.16232595 - samples/sec: 76.43 - lr: 0.100000
2022-04-28 16:57:07,067 epoch 3 - iter 90/107 - loss 0.16087421 - samples/sec: 78.04 - lr: 0.100000
2022-04-28 16:57:10,940 epoch 3 - iter 100/107 - loss 0.15892372 - samples/sec: 82.64 - lr: 0.100000
2022-04-28 16:57:13,457 ----------------------------------------------------------------------------------------------------
2022-04-28 16:57:13,457 EPOCH 3 done: loss 0.1582 - lr 0.100000
2022-04-28 16:57:27,465 Evaluating as a multi-label problem: False
2022-04-28 16:57:27,477 DEV : loss 0.2784635126590729 - f1-score (micro avg)  0.4595
2022-04-28 16:57:27,588 BAD EPOCHS (no improvement): 0
2022-04-28 16:57:27,591 saving best model
2022-04-28 16:57:47,876 ----------------------------------------------------------------------------------------------------
2022-04-28 16:57:51,869 epoch 4 - iter 10/107 - loss 0.18497349 - samples/sec: 80.19 - lr: 0.100000
2022-04-28 16:57:56,101 epoch 4 - iter 20/107 - loss 0.15649116 - samples/sec: 75.64 - lr: 0.100000
2022-04-28 16:58:00,284 epoch 4 - iter 30/107 - loss 0.14854220 - samples/sec: 76.53 - lr: 0.100000
2022-04-28 16:58:04,383 epoch 4 - iter 40/107 - loss 0.14655803 - samples/sec: 78.08 - lr: 0.100000
2022-04-28 16:58:08,225 epoch 4 - iter 50/107 - loss 0.14297727 - samples/sec: 83.33 - lr: 0.100000
2022-04-28 16:58:12,423 epoch 4 - iter 60/107 - loss 0.14716616 - samples/sec: 76.25 - lr: 0.100000
2022-04-28 16:58:16,648 epoch 4 - iter 70/107 - loss 0.14485198 - samples/sec: 75.76 - lr: 0.100000
2022-04-28 16:58:20,347 epoch 4 - iter 80/107 - loss 0.14180888 - samples/sec: 86.53 - lr: 0.100000
2022-04-28 16:58:24,344 epoch 4 - iter 90/107 - loss 0.13873872 - samples/sec: 80.09 - lr: 0.100000
2022-04-28 16:58:28,585 epoch 4 - iter 100/107 - loss 0.13921082 - samples/sec: 75.48 - lr: 0.100000
2022-04-28 16:58:31,117 ----------------------------------------------------------------------------------------------------
2022-04-28 16:58:31,118 EPOCH 4 done: loss 0.1393 - lr 0.100000
2022-04-28 16:58:44,075 Evaluating as a multi-label problem: False
2022-04-28 16:58:44,087 DEV : loss 0.21467161178588867 - f1-score (micro avg)  0.5052
2022-04-28 16:58:44,180 BAD EPOCHS (no improvement): 0
2022-04-28 16:58:44,193 saving best model
2022-04-28 16:59:03,822 ----------------------------------------------------------------------------------------------------
2022-04-28 16:59:08,044 epoch 5 - iter 10/107 - loss 0.13957957 - samples/sec: 75.84 - lr: 0.100000
2022-04-28 16:59:11,831 epoch 5 - iter 20/107 - loss 0.13380074 - samples/sec: 84.52 - lr: 0.100000
2022-04-28 16:59:16,052 epoch 5 - iter 30/107 - loss 0.12970717 - samples/sec: 75.83 - lr: 0.100000
2022-04-28 16:59:20,007 epoch 5 - iter 40/107 - loss 0.13083382 - samples/sec: 80.94 - lr: 0.100000
2022-04-28 16:59:24,008 epoch 5 - iter 50/107 - loss 0.13363576 - samples/sec: 79.98 - lr: 0.100000
2022-04-28 16:59:28,028 epoch 5 - iter 60/107 - loss 0.12950841 - samples/sec: 79.64 - lr: 0.100000
2022-04-28 16:59:32,207 epoch 5 - iter 70/107 - loss 0.12905678 - samples/sec: 76.58 - lr: 0.100000
2022-04-28 16:59:36,081 epoch 5 - iter 80/107 - loss 0.12956057 - samples/sec: 82.64 - lr: 0.100000
2022-04-28 16:59:40,154 epoch 5 - iter 90/107 - loss 0.13055583 - samples/sec: 78.59 - lr: 0.100000
2022-04-28 16:59:44,011 epoch 5 - iter 100/107 - loss 0.12811639 - samples/sec: 82.98 - lr: 0.100000
2022-04-28 16:59:46,228 ----------------------------------------------------------------------------------------------------
2022-04-28 16:59:46,228 EPOCH 5 done: loss 0.1274 - lr 0.100000
2022-04-28 16:59:59,158 Evaluating as a multi-label problem: False
2022-04-28 16:59:59,169 DEV : loss 0.21850857138633728 - f1-score (micro avg)  0.4928
2022-04-28 16:59:59,257 BAD EPOCHS (no improvement): 1
2022-04-28 16:59:59,260 ----------------------------------------------------------------------------------------------------
2022-04-28 17:00:03,445 epoch 6 - iter 10/107 - loss 0.11469073 - samples/sec: 76.49 - lr: 0.100000
2022-04-28 17:00:07,438 epoch 6 - iter 20/107 - loss 0.12446609 - samples/sec: 80.17 - lr: 0.100000
2022-04-28 17:00:11,426 epoch 6 - iter 30/107 - loss 0.13083680 - samples/sec: 80.26 - lr: 0.100000
2022-04-28 17:00:15,595 epoch 6 - iter 40/107 - loss 0.12651522 - samples/sec: 76.78 - lr: 0.100000
2022-04-28 17:00:19,431 epoch 6 - iter 50/107 - loss 0.12316675 - samples/sec: 83.45 - lr: 0.100000
2022-04-28 17:00:23,519 epoch 6 - iter 60/107 - loss 0.12252400 - samples/sec: 78.31 - lr: 0.100000
2022-04-28 17:00:27,441 epoch 6 - iter 70/107 - loss 0.12060583 - samples/sec: 81.61 - lr: 0.100000
2022-04-28 17:00:31,484 epoch 6 - iter 80/107 - loss 0.12023197 - samples/sec: 79.16 - lr: 0.100000
2022-04-28 17:00:35,451 epoch 6 - iter 90/107 - loss 0.11952280 - samples/sec: 80.69 - lr: 0.100000
2022-04-28 17:00:39,419 epoch 6 - iter 100/107 - loss 0.11783732 - samples/sec: 80.66 - lr: 0.100000
2022-04-28 17:00:42,028 ----------------------------------------------------------------------------------------------------
2022-04-28 17:00:42,029 EPOCH 6 done: loss 0.1174 - lr 0.100000
2022-04-28 17:00:54,281 Evaluating as a multi-label problem: False
2022-04-28 17:00:54,291 DEV : loss 0.22391676902770996 - f1-score (micro avg)  0.468
2022-04-28 17:00:54,380 BAD EPOCHS (no improvement): 2
2022-04-28 17:00:54,382 ----------------------------------------------------------------------------------------------------
2022-04-28 17:00:58,472 epoch 7 - iter 10/107 - loss 0.11423405 - samples/sec: 78.27 - lr: 0.100000
2022-04-28 17:01:02,369 epoch 7 - iter 20/107 - loss 0.10813826 - samples/sec: 82.13 - lr: 0.100000
2022-04-28 17:01:06,293 epoch 7 - iter 30/107 - loss 0.10832742 - samples/sec: 81.59 - lr: 0.100000
2022-04-28 17:01:10,391 epoch 7 - iter 40/107 - loss 0.11146980 - samples/sec: 78.10 - lr: 0.100000
2022-04-28 17:01:14,538 epoch 7 - iter 50/107 - loss 0.11101892 - samples/sec: 77.18 - lr: 0.100000
2022-04-28 17:01:18,402 epoch 7 - iter 60/107 - loss 0.10919684 - samples/sec: 82.85 - lr: 0.100000
2022-04-28 17:01:22,471 epoch 7 - iter 70/107 - loss 0.10796112 - samples/sec: 78.66 - lr: 0.100000
2022-04-28 17:01:26,394 epoch 7 - iter 80/107 - loss 0.10732240 - samples/sec: 81.58 - lr: 0.100000
2022-04-28 17:01:30,384 epoch 7 - iter 90/107 - loss 0.10733273 - samples/sec: 80.24 - lr: 0.100000
2022-04-28 17:01:34,470 epoch 7 - iter 100/107 - loss 0.10725897 - samples/sec: 78.33 - lr: 0.100000
2022-04-28 17:01:36,978 ----------------------------------------------------------------------------------------------------
2022-04-28 17:01:36,978 EPOCH 7 done: loss 0.1073 - lr 0.100000
2022-04-28 17:01:48,722 Evaluating as a multi-label problem: False
2022-04-28 17:01:48,734 DEV : loss 0.20466993749141693 - f1-score (micro avg)  0.5399
2022-04-28 17:01:48,822 BAD EPOCHS (no improvement): 0
2022-04-28 17:01:48,825 saving best model
2022-04-28 17:02:08,518 ----------------------------------------------------------------------------------------------------
2022-04-28 17:02:12,575 epoch 8 - iter 10/107 - loss 0.08410709 - samples/sec: 78.93 - lr: 0.100000
2022-04-28 17:02:16,338 epoch 8 - iter 20/107 - loss 0.09747862 - samples/sec: 85.07 - lr: 0.100000
2022-04-28 17:02:20,275 epoch 8 - iter 30/107 - loss 0.09948712 - samples/sec: 81.30 - lr: 0.100000
2022-04-28 17:02:23,943 epoch 8 - iter 40/107 - loss 0.10225337 - samples/sec: 87.28 - lr: 0.100000
2022-04-28 17:02:27,931 epoch 8 - iter 50/107 - loss 0.10388740 - samples/sec: 80.27 - lr: 0.100000
2022-04-28 17:02:31,826 epoch 8 - iter 60/107 - loss 0.10203863 - samples/sec: 82.17 - lr: 0.100000
2022-04-28 17:02:35,656 epoch 8 - iter 70/107 - loss 0.10129624 - samples/sec: 83.58 - lr: 0.100000
2022-04-28 17:02:39,382 epoch 8 - iter 80/107 - loss 0.10317618 - samples/sec: 85.91 - lr: 0.100000
2022-04-28 17:02:43,355 epoch 8 - iter 90/107 - loss 0.10372598 - samples/sec: 80.57 - lr: 0.100000
2022-04-28 17:02:47,359 epoch 8 - iter 100/107 - loss 0.10349454 - samples/sec: 79.94 - lr: 0.100000
2022-04-28 17:02:49,758 ----------------------------------------------------------------------------------------------------
2022-04-28 17:02:49,758 EPOCH 8 done: loss 0.1040 - lr 0.100000
2022-04-28 17:03:03,380 Evaluating as a multi-label problem: False
2022-04-28 17:03:03,394 DEV : loss 0.19425225257873535 - f1-score (micro avg)  0.5227
2022-04-28 17:03:03,493 BAD EPOCHS (no improvement): 1
2022-04-28 17:03:03,503 ----------------------------------------------------------------------------------------------------
2022-04-28 17:03:07,738 epoch 9 - iter 10/107 - loss 0.10498404 - samples/sec: 75.60 - lr: 0.100000
2022-04-28 17:03:11,859 epoch 9 - iter 20/107 - loss 0.10911667 - samples/sec: 77.68 - lr: 0.100000
2022-04-28 17:03:16,286 epoch 9 - iter 30/107 - loss 0.09905402 - samples/sec: 72.32 - lr: 0.100000
2022-04-28 17:03:20,509 epoch 9 - iter 40/107 - loss 0.09994685 - samples/sec: 75.79 - lr: 0.100000
2022-04-28 17:03:24,944 epoch 9 - iter 50/107 - loss 0.09888063 - samples/sec: 72.18 - lr: 0.100000
2022-04-28 17:03:29,051 epoch 9 - iter 60/107 - loss 0.09890164 - samples/sec: 77.93 - lr: 0.100000
2022-04-28 17:03:32,926 epoch 9 - iter 70/107 - loss 0.09919369 - samples/sec: 82.61 - lr: 0.100000
2022-04-28 17:03:36,790 epoch 9 - iter 80/107 - loss 0.09849171 - samples/sec: 82.85 - lr: 0.100000
2022-04-28 17:03:40,515 epoch 9 - iter 90/107 - loss 0.09761921 - samples/sec: 85.94 - lr: 0.100000
2022-04-28 17:03:44,149 epoch 9 - iter 100/107 - loss 0.09559563 - samples/sec: 88.09 - lr: 0.100000
2022-04-28 17:03:46,504 ----------------------------------------------------------------------------------------------------
2022-04-28 17:03:46,504 EPOCH 9 done: loss 0.0962 - lr 0.100000
2022-04-28 17:03:58,476 Evaluating as a multi-label problem: False
2022-04-28 17:03:58,487 DEV : loss 0.20518836379051208 - f1-score (micro avg)  0.4862
2022-04-28 17:03:58,575 BAD EPOCHS (no improvement): 2
2022-04-28 17:03:58,579 ----------------------------------------------------------------------------------------------------
2022-04-28 17:04:02,617 epoch 10 - iter 10/107 - loss 0.08710603 - samples/sec: 79.28 - lr: 0.100000
2022-04-28 17:04:06,566 epoch 10 - iter 20/107 - loss 0.08524687 - samples/sec: 81.06 - lr: 0.100000
2022-04-28 17:04:10,473 epoch 10 - iter 30/107 - loss 0.08425302 - samples/sec: 81.95 - lr: 0.100000
2022-04-28 17:04:14,613 epoch 10 - iter 40/107 - loss 0.08698809 - samples/sec: 77.31 - lr: 0.100000
2022-04-28 17:04:18,422 epoch 10 - iter 50/107 - loss 0.08788507 - samples/sec: 84.04 - lr: 0.100000
2022-04-28 17:04:22,319 epoch 10 - iter 60/107 - loss 0.09073753 - samples/sec: 82.12 - lr: 0.100000
2022-04-28 17:04:26,416 epoch 10 - iter 70/107 - loss 0.09284445 - samples/sec: 78.13 - lr: 0.100000
2022-04-28 17:04:30,579 epoch 10 - iter 80/107 - loss 0.09446032 - samples/sec: 76.89 - lr: 0.100000
2022-04-28 17:04:34,458 epoch 10 - iter 90/107 - loss 0.09447967 - samples/sec: 82.52 - lr: 0.100000
2022-04-28 17:04:38,508 epoch 10 - iter 100/107 - loss 0.09310133 - samples/sec: 79.04 - lr: 0.100000
2022-04-28 17:04:40,859 ----------------------------------------------------------------------------------------------------
2022-04-28 17:04:40,859 EPOCH 10 done: loss 0.0930 - lr 0.100000
2022-04-28 17:04:53,903 Evaluating as a multi-label problem: False
2022-04-28 17:04:53,914 DEV : loss 0.2027026265859604 - f1-score (micro avg)  0.5241
2022-04-28 17:04:54,002 BAD EPOCHS (no improvement): 3
2022-04-28 17:04:54,005 ----------------------------------------------------------------------------------------------------
2022-04-28 17:04:58,015 epoch 11 - iter 10/107 - loss 0.08911557 - samples/sec: 79.83 - lr: 0.100000
2022-04-28 17:05:02,363 epoch 11 - iter 20/107 - loss 0.08059221 - samples/sec: 73.62 - lr: 0.100000
2022-04-28 17:05:06,124 epoch 11 - iter 30/107 - loss 0.08279112 - samples/sec: 85.11 - lr: 0.100000
2022-04-28 17:05:10,094 epoch 11 - iter 40/107 - loss 0.08580618 - samples/sec: 80.62 - lr: 0.100000
2022-04-28 17:05:13,896 epoch 11 - iter 50/107 - loss 0.08605640 - samples/sec: 84.19 - lr: 0.100000
2022-04-28 17:05:17,694 epoch 11 - iter 60/107 - loss 0.08852410 - samples/sec: 84.29 - lr: 0.100000
2022-04-28 17:05:21,297 epoch 11 - iter 70/107 - loss 0.08895698 - samples/sec: 88.84 - lr: 0.100000
2022-04-28 17:05:24,978 epoch 11 - iter 80/107 - loss 0.08747948 - samples/sec: 86.95 - lr: 0.100000
2022-04-28 17:05:28,498 epoch 11 - iter 90/107 - loss 0.08591619 - samples/sec: 90.94 - lr: 0.100000
2022-04-28 17:05:32,196 epoch 11 - iter 100/107 - loss 0.08609821 - samples/sec: 86.56 - lr: 0.100000
2022-04-28 17:05:34,426 ----------------------------------------------------------------------------------------------------
2022-04-28 17:05:34,427 EPOCH 11 done: loss 0.0870 - lr 0.100000
2022-04-28 17:05:45,797 Evaluating as a multi-label problem: False
2022-04-28 17:05:45,810 DEV : loss 0.22962801158428192 - f1-score (micro avg)  0.4947
2022-04-28 17:05:45,899 Epoch    11: reducing learning rate of group 0 to 5.0000e-02.
2022-04-28 17:05:45,899 BAD EPOCHS (no improvement): 4
2022-04-28 17:05:45,902 ----------------------------------------------------------------------------------------------------
2022-04-28 17:05:49,743 epoch 12 - iter 10/107 - loss 0.07485270 - samples/sec: 83.35 - lr: 0.050000
2022-04-28 17:05:53,846 epoch 12 - iter 20/107 - loss 0.07931489 - samples/sec: 78.00 - lr: 0.050000
2022-04-28 17:05:58,015 epoch 12 - iter 30/107 - loss 0.07878712 - samples/sec: 76.78 - lr: 0.050000
2022-04-28 17:06:02,022 epoch 12 - iter 40/107 - loss 0.07737562 - samples/sec: 79.89 - lr: 0.050000
2022-04-28 17:06:05,871 epoch 12 - iter 50/107 - loss 0.07524757 - samples/sec: 83.16 - lr: 0.050000
2022-04-28 17:06:09,804 epoch 12 - iter 60/107 - loss 0.07346612 - samples/sec: 81.38 - lr: 0.050000
2022-04-28 17:06:13,758 epoch 12 - iter 70/107 - loss 0.07423732 - samples/sec: 80.96 - lr: 0.050000
2022-04-28 17:06:17,606 epoch 12 - iter 80/107 - loss 0.07563585 - samples/sec: 83.18 - lr: 0.050000
2022-04-28 17:06:21,496 epoch 12 - iter 90/107 - loss 0.07472735 - samples/sec: 82.28 - lr: 0.050000
2022-04-28 17:06:25,417 epoch 12 - iter 100/107 - loss 0.07641312 - samples/sec: 81.65 - lr: 0.050000
2022-04-28 17:06:27,886 ----------------------------------------------------------------------------------------------------
2022-04-28 17:06:27,887 EPOCH 12 done: loss 0.0764 - lr 0.050000
2022-04-28 17:06:39,257 Evaluating as a multi-label problem: False
2022-04-28 17:06:39,269 DEV : loss 0.21999967098236084 - f1-score (micro avg)  0.4971
2022-04-28 17:06:39,356 BAD EPOCHS (no improvement): 1
2022-04-28 17:06:39,358 ----------------------------------------------------------------------------------------------------
2022-04-28 17:06:42,988 epoch 13 - iter 10/107 - loss 0.07514336 - samples/sec: 88.19 - lr: 0.050000
2022-04-28 17:06:46,834 epoch 13 - iter 20/107 - loss 0.07285704 - samples/sec: 83.23 - lr: 0.050000
2022-04-28 17:06:50,532 epoch 13 - iter 30/107 - loss 0.07290201 - samples/sec: 86.57 - lr: 0.050000
2022-04-28 17:06:54,233 epoch 13 - iter 40/107 - loss 0.07218146 - samples/sec: 86.48 - lr: 0.050000
2022-04-28 17:06:58,140 epoch 13 - iter 50/107 - loss 0.07129767 - samples/sec: 81.92 - lr: 0.050000
2022-04-28 17:07:01,940 epoch 13 - iter 60/107 - loss 0.06979644 - samples/sec: 84.24 - lr: 0.050000
2022-04-28 17:07:05,822 epoch 13 - iter 70/107 - loss 0.07101882 - samples/sec: 82.44 - lr: 0.050000
2022-04-28 17:07:09,502 epoch 13 - iter 80/107 - loss 0.07199687 - samples/sec: 86.99 - lr: 0.050000
2022-04-28 17:07:13,233 epoch 13 - iter 90/107 - loss 0.07182462 - samples/sec: 85.80 - lr: 0.050000
2022-04-28 17:07:16,827 epoch 13 - iter 100/107 - loss 0.07120331 - samples/sec: 89.07 - lr: 0.050000
2022-04-28 17:07:19,110 ----------------------------------------------------------------------------------------------------
2022-04-28 17:07:19,110 EPOCH 13 done: loss 0.0721 - lr 0.050000
2022-04-28 17:07:30,636 Evaluating as a multi-label problem: False
2022-04-28 17:07:30,649 DEV : loss 0.1867285519838333 - f1-score (micro avg)  0.5375
2022-04-28 17:07:30,736 BAD EPOCHS (no improvement): 2
2022-04-28 17:07:30,749 ----------------------------------------------------------------------------------------------------
2022-04-28 17:07:34,872 epoch 14 - iter 10/107 - loss 0.07149587 - samples/sec: 77.64 - lr: 0.050000
2022-04-28 17:07:38,927 epoch 14 - iter 20/107 - loss 0.07478150 - samples/sec: 78.93 - lr: 0.050000
2022-04-28 17:07:43,077 epoch 14 - iter 30/107 - loss 0.07238156 - samples/sec: 77.14 - lr: 0.050000
2022-04-28 17:07:47,064 epoch 14 - iter 40/107 - loss 0.06982546 - samples/sec: 80.26 - lr: 0.050000
2022-04-28 17:07:50,908 epoch 14 - iter 50/107 - loss 0.06589320 - samples/sec: 83.27 - lr: 0.050000
2022-04-28 17:07:54,781 epoch 14 - iter 60/107 - loss 0.06642111 - samples/sec: 82.65 - lr: 0.050000
2022-04-28 17:07:58,727 epoch 14 - iter 70/107 - loss 0.06731710 - samples/sec: 81.12 - lr: 0.050000
2022-04-28 17:08:02,815 epoch 14 - iter 80/107 - loss 0.06791502 - samples/sec: 78.30 - lr: 0.050000
2022-04-28 17:08:06,582 epoch 14 - iter 90/107 - loss 0.06867756 - samples/sec: 84.98 - lr: 0.050000
2022-04-28 17:08:10,410 epoch 14 - iter 100/107 - loss 0.06846638 - samples/sec: 83.62 - lr: 0.050000
2022-04-28 17:08:12,756 ----------------------------------------------------------------------------------------------------
2022-04-28 17:08:12,756 EPOCH 14 done: loss 0.0683 - lr 0.050000
2022-04-28 17:08:23,062 Evaluating as a multi-label problem: False
2022-04-28 17:08:23,073 DEV : loss 0.20877580344676971 - f1-score (micro avg)  0.5104
2022-04-28 17:08:23,165 BAD EPOCHS (no improvement): 3
2022-04-28 17:08:23,168 ----------------------------------------------------------------------------------------------------
2022-04-28 17:08:27,171 epoch 15 - iter 10/107 - loss 0.06042794 - samples/sec: 79.98 - lr: 0.050000
2022-04-28 17:08:31,141 epoch 15 - iter 20/107 - loss 0.06321546 - samples/sec: 80.61 - lr: 0.050000
2022-04-28 17:08:34,947 epoch 15 - iter 30/107 - loss 0.06368604 - samples/sec: 84.11 - lr: 0.050000
2022-04-28 17:08:38,922 epoch 15 - iter 40/107 - loss 0.06568909 - samples/sec: 80.52 - lr: 0.050000
2022-04-28 17:08:42,815 epoch 15 - iter 50/107 - loss 0.06543725 - samples/sec: 82.23 - lr: 0.050000
2022-04-28 17:08:46,749 epoch 15 - iter 60/107 - loss 0.06633161 - samples/sec: 81.37 - lr: 0.050000
2022-04-28 17:08:50,538 epoch 15 - iter 70/107 - loss 0.06549223 - samples/sec: 84.47 - lr: 0.050000
2022-04-28 17:08:54,386 epoch 15 - iter 80/107 - loss 0.06593386 - samples/sec: 83.19 - lr: 0.050000
2022-04-28 17:08:58,499 epoch 15 - iter 90/107 - loss 0.06606024 - samples/sec: 77.83 - lr: 0.050000
2022-04-28 17:09:02,384 epoch 15 - iter 100/107 - loss 0.06539680 - samples/sec: 82.38 - lr: 0.050000
2022-04-28 17:09:04,799 ----------------------------------------------------------------------------------------------------
2022-04-28 17:09:04,800 EPOCH 15 done: loss 0.0654 - lr 0.050000
2022-04-28 17:09:16,991 Evaluating as a multi-label problem: False
2022-04-28 17:09:17,002 DEV : loss 0.19754743576049805 - f1-score (micro avg)  0.5278
2022-04-28 17:09:17,090 Epoch    15: reducing learning rate of group 0 to 2.5000e-02.
2022-04-28 17:09:17,091 BAD EPOCHS (no improvement): 4
2022-04-28 17:09:17,098 ----------------------------------------------------------------------------------------------------
2022-04-28 17:09:22,516 epoch 16 - iter 10/107 - loss 0.05365314 - samples/sec: 59.08 - lr: 0.025000
2022-04-28 17:09:26,300 epoch 16 - iter 20/107 - loss 0.06138027 - samples/sec: 84.59 - lr: 0.025000
2022-04-28 17:09:30,026 epoch 16 - iter 30/107 - loss 0.06113087 - samples/sec: 85.93 - lr: 0.025000
2022-04-28 17:09:33,867 epoch 16 - iter 40/107 - loss 0.06186229 - samples/sec: 83.32 - lr: 0.025000
2022-04-28 17:09:37,908 epoch 16 - iter 50/107 - loss 0.05997661 - samples/sec: 79.20 - lr: 0.025000
2022-04-28 17:09:41,871 epoch 16 - iter 60/107 - loss 0.05833968 - samples/sec: 80.77 - lr: 0.025000
2022-04-28 17:09:45,630 epoch 16 - iter 70/107 - loss 0.05871316 - samples/sec: 85.16 - lr: 0.025000
2022-04-28 17:09:49,499 epoch 16 - iter 80/107 - loss 0.05926096 - samples/sec: 82.73 - lr: 0.025000
2022-04-28 17:09:53,314 epoch 16 - iter 90/107 - loss 0.05937499 - samples/sec: 83.89 - lr: 0.025000
2022-04-28 17:09:57,424 epoch 16 - iter 100/107 - loss 0.06054195 - samples/sec: 77.88 - lr: 0.025000
2022-04-28 17:09:59,836 ----------------------------------------------------------------------------------------------------
2022-04-28 17:09:59,836 EPOCH 16 done: loss 0.0605 - lr 0.025000
2022-04-28 17:10:11,657 Evaluating as a multi-label problem: False
2022-04-28 17:10:11,669 DEV : loss 0.2016027569770813 - f1-score (micro avg)  0.53
2022-04-28 17:10:11,758 BAD EPOCHS (no improvement): 1
2022-04-28 17:10:11,760 ----------------------------------------------------------------------------------------------------
2022-04-28 17:10:15,696 epoch 17 - iter 10/107 - loss 0.06542475 - samples/sec: 81.33 - lr: 0.025000
2022-04-28 17:10:19,647 epoch 17 - iter 20/107 - loss 0.05674396 - samples/sec: 81.02 - lr: 0.025000
2022-04-28 17:10:23,279 epoch 17 - iter 30/107 - loss 0.05866863 - samples/sec: 88.12 - lr: 0.025000
2022-04-28 17:10:27,075 epoch 17 - iter 40/107 - loss 0.05940554 - samples/sec: 84.33 - lr: 0.025000
2022-04-28 17:10:30,857 epoch 17 - iter 50/107 - loss 0.05671378 - samples/sec: 84.62 - lr: 0.025000
2022-04-28 17:10:34,562 epoch 17 - iter 60/107 - loss 0.05841203 - samples/sec: 86.40 - lr: 0.025000
2022-04-28 17:10:38,511 epoch 17 - iter 70/107 - loss 0.05849873 - samples/sec: 81.06 - lr: 0.025000
2022-04-28 17:10:42,591 epoch 17 - iter 80/107 - loss 0.05948892 - samples/sec: 78.46 - lr: 0.025000
2022-04-28 17:10:46,676 epoch 17 - iter 90/107 - loss 0.05856103 - samples/sec: 78.35 - lr: 0.025000
2022-04-28 17:10:50,643 epoch 17 - iter 100/107 - loss 0.05952065 - samples/sec: 80.69 - lr: 0.025000
2022-04-28 17:10:52,946 ----------------------------------------------------------------------------------------------------
2022-04-28 17:10:52,946 EPOCH 17 done: loss 0.0592 - lr 0.025000
2022-04-28 17:11:05,276 Evaluating as a multi-label problem: False
2022-04-28 17:11:05,287 DEV : loss 0.20983195304870605 - f1-score (micro avg)  0.5224
2022-04-28 17:11:05,377 BAD EPOCHS (no improvement): 2
2022-04-28 17:11:05,379 ----------------------------------------------------------------------------------------------------
2022-04-28 17:11:09,266 epoch 18 - iter 10/107 - loss 0.05699335 - samples/sec: 82.37 - lr: 0.025000
2022-04-28 17:11:13,157 epoch 18 - iter 20/107 - loss 0.05735193 - samples/sec: 82.27 - lr: 0.025000
2022-04-28 17:11:17,083 epoch 18 - iter 30/107 - loss 0.05744851 - samples/sec: 81.53 - lr: 0.025000
2022-04-28 17:11:20,982 epoch 18 - iter 40/107 - loss 0.05888141 - samples/sec: 82.09 - lr: 0.025000
2022-04-28 17:11:25,075 epoch 18 - iter 50/107 - loss 0.05932807 - samples/sec: 78.20 - lr: 0.025000
2022-04-28 17:11:28,949 epoch 18 - iter 60/107 - loss 0.05954138 - samples/sec: 82.61 - lr: 0.025000
2022-04-28 17:11:32,925 epoch 18 - iter 70/107 - loss 0.05839188 - samples/sec: 80.52 - lr: 0.025000
2022-04-28 17:11:36,958 epoch 18 - iter 80/107 - loss 0.05822741 - samples/sec: 79.36 - lr: 0.025000
2022-04-28 17:11:40,983 epoch 18 - iter 90/107 - loss 0.05850874 - samples/sec: 79.52 - lr: 0.025000
2022-04-28 17:11:45,047 epoch 18 - iter 100/107 - loss 0.05837781 - samples/sec: 78.76 - lr: 0.025000
2022-04-28 17:11:47,313 ----------------------------------------------------------------------------------------------------
2022-04-28 17:11:47,313 EPOCH 18 done: loss 0.0582 - lr 0.025000
2022-04-28 17:11:59,690 Evaluating as a multi-label problem: False
2022-04-28 17:11:59,701 DEV : loss 0.20080241560935974 - f1-score (micro avg)  0.5176
2022-04-28 17:11:59,789 BAD EPOCHS (no improvement): 3
2022-04-28 17:11:59,793 ----------------------------------------------------------------------------------------------------
2022-04-28 17:12:03,670 epoch 19 - iter 10/107 - loss 0.06165250 - samples/sec: 82.56 - lr: 0.025000
2022-04-28 17:12:07,852 epoch 19 - iter 20/107 - loss 0.05760360 - samples/sec: 76.55 - lr: 0.025000
2022-04-28 17:12:11,667 epoch 19 - iter 30/107 - loss 0.05678282 - samples/sec: 83.90 - lr: 0.025000
2022-04-28 17:12:15,593 epoch 19 - iter 40/107 - loss 0.05754141 - samples/sec: 81.52 - lr: 0.025000
2022-04-28 17:12:19,628 epoch 19 - iter 50/107 - loss 0.05733420 - samples/sec: 79.34 - lr: 0.025000
2022-04-28 17:12:23,608 epoch 19 - iter 60/107 - loss 0.05675864 - samples/sec: 80.41 - lr: 0.025000
2022-04-28 17:12:27,444 epoch 19 - iter 70/107 - loss 0.05691597 - samples/sec: 83.45 - lr: 0.025000
2022-04-28 17:12:31,331 epoch 19 - iter 80/107 - loss 0.05672569 - samples/sec: 82.34 - lr: 0.025000
2022-04-28 17:12:35,161 epoch 19 - iter 90/107 - loss 0.05564476 - samples/sec: 83.57 - lr: 0.025000
2022-04-28 17:12:39,226 epoch 19 - iter 100/107 - loss 0.05550921 - samples/sec: 78.75 - lr: 0.025000
2022-04-28 17:12:41,571 ----------------------------------------------------------------------------------------------------
2022-04-28 17:12:41,572 EPOCH 19 done: loss 0.0561 - lr 0.025000
2022-04-28 17:12:53,842 Evaluating as a multi-label problem: False
2022-04-28 17:12:53,853 DEV : loss 0.19063517451286316 - f1-score (micro avg)  0.5405
2022-04-28 17:12:53,941 BAD EPOCHS (no improvement): 0
2022-04-28 17:12:53,944 saving best model
2022-04-28 17:13:14,038 ----------------------------------------------------------------------------------------------------
2022-04-28 17:13:18,436 epoch 20 - iter 10/107 - loss 0.04316498 - samples/sec: 72.80 - lr: 0.025000
2022-04-28 17:13:23,082 epoch 20 - iter 20/107 - loss 0.05018868 - samples/sec: 68.90 - lr: 0.025000
2022-04-28 17:13:27,684 epoch 20 - iter 30/107 - loss 0.05325473 - samples/sec: 69.56 - lr: 0.025000
2022-04-28 17:13:32,319 epoch 20 - iter 40/107 - loss 0.05387705 - samples/sec: 69.06 - lr: 0.025000
2022-04-28 17:13:36,727 epoch 20 - iter 50/107 - loss 0.05201903 - samples/sec: 72.61 - lr: 0.025000
2022-04-28 17:13:41,243 epoch 20 - iter 60/107 - loss 0.05233028 - samples/sec: 70.89 - lr: 0.025000
2022-04-28 17:13:45,360 epoch 20 - iter 70/107 - loss 0.05234118 - samples/sec: 77.76 - lr: 0.025000
2022-04-28 17:13:49,717 epoch 20 - iter 80/107 - loss 0.05339368 - samples/sec: 73.45 - lr: 0.025000
2022-04-28 17:13:53,983 epoch 20 - iter 90/107 - loss 0.05405881 - samples/sec: 75.03 - lr: 0.025000
2022-04-28 17:13:58,243 epoch 20 - iter 100/107 - loss 0.05423477 - samples/sec: 75.14 - lr: 0.025000
2022-04-28 17:14:00,880 ----------------------------------------------------------------------------------------------------
2022-04-28 17:14:00,880 EPOCH 20 done: loss 0.0547 - lr 0.025000
2022-04-28 17:14:14,975 Evaluating as a multi-label problem: False
2022-04-28 17:14:14,987 DEV : loss 0.19513311982154846 - f1-score (micro avg)  0.5448
2022-04-28 17:14:15,093 BAD EPOCHS (no improvement): 0
2022-04-28 17:14:15,111 saving best model
2022-04-28 17:14:35,622 ----------------------------------------------------------------------------------------------------
2022-04-28 17:14:39,823 epoch 21 - iter 10/107 - loss 0.05436769 - samples/sec: 76.22 - lr: 0.025000
2022-04-28 17:14:44,028 epoch 21 - iter 20/107 - loss 0.05146009 - samples/sec: 76.12 - lr: 0.025000
2022-04-28 17:14:47,972 epoch 21 - iter 30/107 - loss 0.05895567 - samples/sec: 81.15 - lr: 0.025000
2022-04-28 17:14:52,125 epoch 21 - iter 40/107 - loss 0.05529871 - samples/sec: 77.08 - lr: 0.025000
2022-04-28 17:14:56,162 epoch 21 - iter 50/107 - loss 0.05301977 - samples/sec: 79.30 - lr: 0.025000
2022-04-28 17:15:00,075 epoch 21 - iter 60/107 - loss 0.05455857 - samples/sec: 81.80 - lr: 0.025000
2022-04-28 17:15:04,267 epoch 21 - iter 70/107 - loss 0.05465701 - samples/sec: 76.36 - lr: 0.025000
2022-04-28 17:15:08,678 epoch 21 - iter 80/107 - loss 0.05412129 - samples/sec: 72.56 - lr: 0.025000
2022-04-28 17:15:12,709 epoch 21 - iter 90/107 - loss 0.05463145 - samples/sec: 79.41 - lr: 0.025000
2022-04-28 17:15:16,681 epoch 21 - iter 100/107 - loss 0.05425997 - samples/sec: 80.58 - lr: 0.025000
2022-04-28 17:15:19,184 ----------------------------------------------------------------------------------------------------
2022-04-28 17:15:19,184 EPOCH 21 done: loss 0.0536 - lr 0.025000
2022-04-28 17:15:31,594 Evaluating as a multi-label problem: False
2022-04-28 17:15:31,606 DEV : loss 0.21952305734157562 - f1-score (micro avg)  0.5155
2022-04-28 17:15:31,694 BAD EPOCHS (no improvement): 1
2022-04-28 17:15:31,697 ----------------------------------------------------------------------------------------------------
2022-04-28 17:15:35,682 epoch 22 - iter 10/107 - loss 0.04497463 - samples/sec: 80.32 - lr: 0.025000
2022-04-28 17:15:39,690 epoch 22 - iter 20/107 - loss 0.05345561 - samples/sec: 79.88 - lr: 0.025000
2022-04-28 17:15:43,482 epoch 22 - iter 30/107 - loss 0.05137624 - samples/sec: 84.40 - lr: 0.025000
2022-04-28 17:15:47,119 epoch 22 - iter 40/107 - loss 0.05255225 - samples/sec: 88.02 - lr: 0.025000
2022-04-28 17:15:50,902 epoch 22 - iter 50/107 - loss 0.05053872 - samples/sec: 84.60 - lr: 0.025000
2022-04-28 17:15:54,841 epoch 22 - iter 60/107 - loss 0.05014137 - samples/sec: 81.26 - lr: 0.025000
2022-04-28 17:15:58,785 epoch 22 - iter 70/107 - loss 0.05127627 - samples/sec: 81.17 - lr: 0.025000
2022-04-28 17:16:02,970 epoch 22 - iter 80/107 - loss 0.05052157 - samples/sec: 76.50 - lr: 0.025000
2022-04-28 17:16:07,011 epoch 22 - iter 90/107 - loss 0.05002710 - samples/sec: 79.21 - lr: 0.025000
2022-04-28 17:16:10,945 epoch 22 - iter 100/107 - loss 0.05091105 - samples/sec: 83.26 - lr: 0.025000
2022-04-28 17:16:13,275 ----------------------------------------------------------------------------------------------------
2022-04-28 17:16:13,275 EPOCH 22 done: loss 0.0514 - lr 0.025000
2022-04-28 17:16:25,716 Evaluating as a multi-label problem: False
2022-04-28 17:16:25,729 DEV : loss 0.2027166485786438 - f1-score (micro avg)  0.5307
2022-04-28 17:16:25,820 BAD EPOCHS (no improvement): 2
2022-04-28 17:16:25,835 ----------------------------------------------------------------------------------------------------
2022-04-28 17:16:30,069 epoch 23 - iter 10/107 - loss 0.04599238 - samples/sec: 75.60 - lr: 0.025000
2022-04-28 17:16:34,310 epoch 23 - iter 20/107 - loss 0.04804014 - samples/sec: 75.47 - lr: 0.025000
2022-04-28 17:16:38,564 epoch 23 - iter 30/107 - loss 0.05020535 - samples/sec: 75.25 - lr: 0.025000
2022-04-28 17:16:42,528 epoch 23 - iter 40/107 - loss 0.05088612 - samples/sec: 80.73 - lr: 0.025000
2022-04-28 17:16:46,390 epoch 23 - iter 50/107 - loss 0.05174328 - samples/sec: 82.89 - lr: 0.025000
2022-04-28 17:16:50,165 epoch 23 - iter 60/107 - loss 0.05140861 - samples/sec: 84.79 - lr: 0.025000
2022-04-28 17:16:54,226 epoch 23 - iter 70/107 - loss 0.05041647 - samples/sec: 78.84 - lr: 0.025000
2022-04-28 17:16:59,827 epoch 23 - iter 80/107 - loss 0.04979770 - samples/sec: 57.14 - lr: 0.025000
2022-04-28 17:17:03,799 epoch 23 - iter 90/107 - loss 0.05054337 - samples/sec: 80.58 - lr: 0.025000
2022-04-28 17:17:07,705 epoch 23 - iter 100/107 - loss 0.05037423 - samples/sec: 81.95 - lr: 0.025000
2022-04-28 17:17:10,193 ----------------------------------------------------------------------------------------------------
2022-04-28 17:17:10,193 EPOCH 23 done: loss 0.0502 - lr 0.025000
2022-04-28 17:17:22,359 Evaluating as a multi-label problem: False
2022-04-28 17:17:22,369 DEV : loss 0.21292437613010406 - f1-score (micro avg)  0.523
2022-04-28 17:17:22,457 BAD EPOCHS (no improvement): 3
2022-04-28 17:17:22,460 ----------------------------------------------------------------------------------------------------
2022-04-28 17:17:26,242 epoch 24 - iter 10/107 - loss 0.04814567 - samples/sec: 84.65 - lr: 0.025000
2022-04-28 17:17:30,222 epoch 24 - iter 20/107 - loss 0.04871783 - samples/sec: 80.42 - lr: 0.025000
2022-04-28 17:17:34,189 epoch 24 - iter 30/107 - loss 0.04835394 - samples/sec: 80.69 - lr: 0.025000
2022-04-28 17:17:37,992 epoch 24 - iter 40/107 - loss 0.04977457 - samples/sec: 84.15 - lr: 0.025000
2022-04-28 17:17:41,986 epoch 24 - iter 50/107 - loss 0.05249025 - samples/sec: 80.16 - lr: 0.025000
2022-04-28 17:17:45,895 epoch 24 - iter 60/107 - loss 0.05240879 - samples/sec: 81.89 - lr: 0.025000
2022-04-28 17:17:49,747 epoch 24 - iter 70/107 - loss 0.05107559 - samples/sec: 83.09 - lr: 0.025000
2022-04-28 17:17:53,788 epoch 24 - iter 80/107 - loss 0.05022216 - samples/sec: 79.21 - lr: 0.025000
2022-04-28 17:17:57,782 epoch 24 - iter 90/107 - loss 0.04951486 - samples/sec: 80.15 - lr: 0.025000
2022-04-28 17:18:01,954 epoch 24 - iter 100/107 - loss 0.04932999 - samples/sec: 76.71 - lr: 0.025000
2022-04-28 17:18:04,364 ----------------------------------------------------------------------------------------------------
2022-04-28 17:18:04,364 EPOCH 24 done: loss 0.0492 - lr 0.025000
2022-04-28 17:18:16,345 Evaluating as a multi-label problem: False
2022-04-28 17:18:16,358 DEV : loss 0.20283418893814087 - f1-score (micro avg)  0.5266
2022-04-28 17:18:16,447 Epoch    24: reducing learning rate of group 0 to 1.2500e-02.
2022-04-28 17:18:16,447 BAD EPOCHS (no improvement): 4
2022-04-28 17:18:16,450 ----------------------------------------------------------------------------------------------------
2022-04-28 17:18:20,221 epoch 25 - iter 10/107 - loss 0.04765360 - samples/sec: 84.87 - lr: 0.012500
2022-04-28 17:18:24,222 epoch 25 - iter 20/107 - loss 0.04971947 - samples/sec: 80.00 - lr: 0.012500
2022-04-28 17:18:28,312 epoch 25 - iter 30/107 - loss 0.04798296 - samples/sec: 78.26 - lr: 0.012500
2022-04-28 17:18:32,162 epoch 25 - iter 40/107 - loss 0.04830844 - samples/sec: 83.15 - lr: 0.012500
2022-04-28 17:18:36,268 epoch 25 - iter 50/107 - loss 0.04817029 - samples/sec: 77.95 - lr: 0.012500
2022-04-28 17:18:40,394 epoch 25 - iter 60/107 - loss 0.04962761 - samples/sec: 77.59 - lr: 0.012500
2022-04-28 17:18:44,517 epoch 25 - iter 70/107 - loss 0.04918393 - samples/sec: 77.63 - lr: 0.012500
2022-04-28 17:18:48,616 epoch 25 - iter 80/107 - loss 0.04814440 - samples/sec: 78.08 - lr: 0.012500
2022-04-28 17:18:52,834 epoch 25 - iter 90/107 - loss 0.04756448 - samples/sec: 75.88 - lr: 0.012500
2022-04-28 17:18:57,108 epoch 25 - iter 100/107 - loss 0.04749279 - samples/sec: 74.90 - lr: 0.012500
2022-04-28 17:18:59,822 ----------------------------------------------------------------------------------------------------
2022-04-28 17:18:59,822 EPOCH 25 done: loss 0.0485 - lr 0.012500
2022-04-28 17:19:12,285 Evaluating as a multi-label problem: False
2022-04-28 17:19:12,298 DEV : loss 0.19910381734371185 - f1-score (micro avg)  0.5271
2022-04-28 17:19:12,386 BAD EPOCHS (no improvement): 1
2022-04-28 17:19:12,389 ----------------------------------------------------------------------------------------------------
2022-04-28 17:19:16,354 epoch 26 - iter 10/107 - loss 0.04428149 - samples/sec: 80.74 - lr: 0.012500
2022-04-28 17:19:20,352 epoch 26 - iter 20/107 - loss 0.04503479 - samples/sec: 80.07 - lr: 0.012500
2022-04-28 17:19:24,262 epoch 26 - iter 30/107 - loss 0.04779390 - samples/sec: 81.86 - lr: 0.012500
2022-04-28 17:19:27,985 epoch 26 - iter 40/107 - loss 0.04909797 - samples/sec: 85.98 - lr: 0.012500
2022-04-28 17:19:31,661 epoch 26 - iter 50/107 - loss 0.04788163 - samples/sec: 87.08 - lr: 0.012500
2022-04-28 17:19:35,361 epoch 26 - iter 60/107 - loss 0.04734183 - samples/sec: 86.50 - lr: 0.012500
2022-04-28 17:19:39,393 epoch 26 - iter 70/107 - loss 0.04684575 - samples/sec: 79.38 - lr: 0.012500
2022-04-28 17:19:43,246 epoch 26 - iter 80/107 - loss 0.04651990 - samples/sec: 83.06 - lr: 0.012500
2022-04-28 17:19:47,339 epoch 26 - iter 90/107 - loss 0.04645505 - samples/sec: 78.21 - lr: 0.012500
2022-04-28 17:19:51,402 epoch 26 - iter 100/107 - loss 0.04692748 - samples/sec: 78.78 - lr: 0.012500
2022-04-28 17:19:53,757 ----------------------------------------------------------------------------------------------------
2022-04-28 17:19:53,758 EPOCH 26 done: loss 0.0468 - lr 0.012500
2022-04-28 17:20:05,573 Evaluating as a multi-label problem: False
2022-04-28 17:20:05,584 DEV : loss 0.21350061893463135 - f1-score (micro avg)  0.5194
2022-04-28 17:20:05,675 BAD EPOCHS (no improvement): 2
2022-04-28 17:20:05,678 ----------------------------------------------------------------------------------------------------
2022-04-28 17:20:09,425 epoch 27 - iter 10/107 - loss 0.04706751 - samples/sec: 85.44 - lr: 0.012500
2022-04-28 17:20:13,302 epoch 27 - iter 20/107 - loss 0.04499228 - samples/sec: 82.57 - lr: 0.012500
2022-04-28 17:20:17,087 epoch 27 - iter 30/107 - loss 0.04533802 - samples/sec: 84.57 - lr: 0.012500
2022-04-28 17:20:20,793 epoch 27 - iter 40/107 - loss 0.04560974 - samples/sec: 86.38 - lr: 0.012500
2022-04-28 17:20:24,580 epoch 27 - iter 50/107 - loss 0.04553318 - samples/sec: 84.51 - lr: 0.012500
2022-04-28 17:20:28,371 epoch 27 - iter 60/107 - loss 0.04600564 - samples/sec: 84.44 - lr: 0.012500
2022-04-28 17:20:32,025 epoch 27 - iter 70/107 - loss 0.04621588 - samples/sec: 87.61 - lr: 0.012500
2022-04-28 17:20:36,090 epoch 27 - iter 80/107 - loss 0.04654227 - samples/sec: 78.73 - lr: 0.012500
2022-04-28 17:20:40,059 epoch 27 - iter 90/107 - loss 0.04570780 - samples/sec: 80.65 - lr: 0.012500
2022-04-28 17:20:43,942 epoch 27 - iter 100/107 - loss 0.04562528 - samples/sec: 82.43 - lr: 0.012500
2022-04-28 17:20:46,409 ----------------------------------------------------------------------------------------------------
2022-04-28 17:20:46,410 EPOCH 27 done: loss 0.0464 - lr 0.012500
2022-04-28 17:20:58,476 Evaluating as a multi-label problem: False
2022-04-28 17:20:58,487 DEV : loss 0.2071605920791626 - f1-score (micro avg)  0.5245
2022-04-28 17:20:58,576 BAD EPOCHS (no improvement): 3
2022-04-28 17:20:58,578 ----------------------------------------------------------------------------------------------------
2022-04-28 17:21:02,239 epoch 28 - iter 10/107 - loss 0.04255377 - samples/sec: 87.44 - lr: 0.012500
2022-04-28 17:21:06,213 epoch 28 - iter 20/107 - loss 0.04599442 - samples/sec: 80.55 - lr: 0.012500
2022-04-28 17:21:09,691 epoch 28 - iter 30/107 - loss 0.04298100 - samples/sec: 92.04 - lr: 0.012500
2022-04-28 17:21:13,476 epoch 28 - iter 40/107 - loss 0.04389514 - samples/sec: 84.57 - lr: 0.012500
2022-04-28 17:21:17,381 epoch 28 - iter 50/107 - loss 0.04363097 - samples/sec: 81.96 - lr: 0.012500
2022-04-28 17:21:21,373 epoch 28 - iter 60/107 - loss 0.04283949 - samples/sec: 80.18 - lr: 0.012500
2022-04-28 17:21:25,124 epoch 28 - iter 70/107 - loss 0.04338268 - samples/sec: 85.33 - lr: 0.012500
2022-04-28 17:21:28,933 epoch 28 - iter 80/107 - loss 0.04327275 - samples/sec: 84.04 - lr: 0.012500
2022-04-28 17:21:32,751 epoch 28 - iter 90/107 - loss 0.04415664 - samples/sec: 83.84 - lr: 0.012500
2022-04-28 17:21:36,887 epoch 28 - iter 100/107 - loss 0.04420485 - samples/sec: 77.37 - lr: 0.012500
2022-04-28 17:21:39,330 ----------------------------------------------------------------------------------------------------
2022-04-28 17:21:39,330 EPOCH 28 done: loss 0.0447 - lr 0.012500
2022-04-28 17:21:51,090 Evaluating as a multi-label problem: False
2022-04-28 17:21:51,101 DEV : loss 0.20167270302772522 - f1-score (micro avg)  0.5331
2022-04-28 17:21:51,190 Epoch    28: reducing learning rate of group 0 to 6.2500e-03.
2022-04-28 17:21:51,191 BAD EPOCHS (no improvement): 4
2022-04-28 17:21:51,209 ----------------------------------------------------------------------------------------------------
2022-04-28 17:21:55,137 epoch 29 - iter 10/107 - loss 0.04252880 - samples/sec: 81.50 - lr: 0.006250
2022-04-28 17:21:58,970 epoch 29 - iter 20/107 - loss 0.04415652 - samples/sec: 83.49 - lr: 0.006250
2022-04-28 17:22:02,571 epoch 29 - iter 30/107 - loss 0.04514955 - samples/sec: 88.91 - lr: 0.006250
2022-04-28 17:22:06,091 epoch 29 - iter 40/107 - loss 0.04419163 - samples/sec: 90.94 - lr: 0.006250
2022-04-28 17:22:09,884 epoch 29 - iter 50/107 - loss 0.04397507 - samples/sec: 84.38 - lr: 0.006250
2022-04-28 17:22:13,674 epoch 29 - iter 60/107 - loss 0.04584200 - samples/sec: 84.44 - lr: 0.006250
2022-04-28 17:22:17,319 epoch 29 - iter 70/107 - loss 0.04578325 - samples/sec: 87.83 - lr: 0.006250
2022-04-28 17:22:21,333 epoch 29 - iter 80/107 - loss 0.04539694 - samples/sec: 79.73 - lr: 0.006250
2022-04-28 17:22:25,099 epoch 29 - iter 90/107 - loss 0.04595750 - samples/sec: 84.99 - lr: 0.006250
2022-04-28 17:22:28,853 epoch 29 - iter 100/107 - loss 0.04531393 - samples/sec: 85.27 - lr: 0.006250
2022-04-28 17:22:31,154 ----------------------------------------------------------------------------------------------------
2022-04-28 17:22:31,155 EPOCH 29 done: loss 0.0448 - lr 0.006250
2022-04-28 17:22:42,538 Evaluating as a multi-label problem: False
2022-04-28 17:22:42,550 DEV : loss 0.20577719807624817 - f1-score (micro avg)  0.5249
2022-04-28 17:22:42,638 BAD EPOCHS (no improvement): 1
2022-04-28 17:22:42,648 ----------------------------------------------------------------------------------------------------
2022-04-28 17:22:46,252 epoch 30 - iter 10/107 - loss 0.03690801 - samples/sec: 88.82 - lr: 0.006250
2022-04-28 17:22:50,047 epoch 30 - iter 20/107 - loss 0.03920319 - samples/sec: 84.36 - lr: 0.006250
2022-04-28 17:22:53,888 epoch 30 - iter 30/107 - loss 0.03937509 - samples/sec: 83.32 - lr: 0.006250
2022-04-28 17:22:58,021 epoch 30 - iter 40/107 - loss 0.04391825 - samples/sec: 77.45 - lr: 0.006250
2022-04-28 17:23:02,215 epoch 30 - iter 50/107 - loss 0.04445181 - samples/sec: 76.33 - lr: 0.006250
2022-04-28 17:23:06,245 epoch 30 - iter 60/107 - loss 0.04450174 - samples/sec: 79.42 - lr: 0.006250
2022-04-28 17:23:10,020 epoch 30 - iter 70/107 - loss 0.04415589 - samples/sec: 84.78 - lr: 0.006250
2022-04-28 17:23:13,691 epoch 30 - iter 80/107 - loss 0.04342917 - samples/sec: 87.20 - lr: 0.006250
2022-04-28 17:23:17,590 epoch 30 - iter 90/107 - loss 0.04346122 - samples/sec: 82.08 - lr: 0.006250
2022-04-28 17:23:21,221 epoch 30 - iter 100/107 - loss 0.04363215 - samples/sec: 88.17 - lr: 0.006250
2022-04-28 17:23:23,676 ----------------------------------------------------------------------------------------------------
2022-04-28 17:23:23,676 EPOCH 30 done: loss 0.0434 - lr 0.006250
2022-04-28 17:23:37,187 Evaluating as a multi-label problem: False
2022-04-28 17:23:37,197 DEV : loss 0.20721130073070526 - f1-score (micro avg)  0.5277
2022-04-28 17:23:37,285 BAD EPOCHS (no improvement): 2
2022-04-28 17:23:37,291 ----------------------------------------------------------------------------------------------------
2022-04-28 17:23:40,867 epoch 31 - iter 10/107 - loss 0.04243320 - samples/sec: 89.52 - lr: 0.006250
2022-04-28 17:23:44,584 epoch 31 - iter 20/107 - loss 0.03872750 - samples/sec: 86.12 - lr: 0.006250
2022-04-28 17:23:48,298 epoch 31 - iter 30/107 - loss 0.04012194 - samples/sec: 86.19 - lr: 0.006250
2022-04-28 17:23:52,106 epoch 31 - iter 40/107 - loss 0.04002844 - samples/sec: 84.04 - lr: 0.006250
2022-04-28 17:23:55,987 epoch 31 - iter 50/107 - loss 0.04094832 - samples/sec: 82.48 - lr: 0.006250
2022-04-28 17:23:59,845 epoch 31 - iter 60/107 - loss 0.04126544 - samples/sec: 82.96 - lr: 0.006250
2022-04-28 17:24:03,834 epoch 31 - iter 70/107 - loss 0.04174693 - samples/sec: 80.24 - lr: 0.006250
2022-04-28 17:24:07,949 epoch 31 - iter 80/107 - loss 0.04214868 - samples/sec: 77.78 - lr: 0.006250
2022-04-28 17:24:11,996 epoch 31 - iter 90/107 - loss 0.04313534 - samples/sec: 79.10 - lr: 0.006250
2022-04-28 17:24:15,960 epoch 31 - iter 100/107 - loss 0.04310721 - samples/sec: 80.76 - lr: 0.006250
2022-04-28 17:24:18,423 ----------------------------------------------------------------------------------------------------
2022-04-28 17:24:18,423 EPOCH 31 done: loss 0.0436 - lr 0.006250
2022-04-28 17:24:30,674 Evaluating as a multi-label problem: False
2022-04-28 17:24:30,685 DEV : loss 0.2055293172597885 - f1-score (micro avg)  0.53
2022-04-28 17:24:30,773 BAD EPOCHS (no improvement): 3
2022-04-28 17:24:30,791 ----------------------------------------------------------------------------------------------------
2022-04-28 17:24:34,851 epoch 32 - iter 10/107 - loss 0.03568563 - samples/sec: 78.86 - lr: 0.006250
2022-04-28 17:24:38,720 epoch 32 - iter 20/107 - loss 0.04329002 - samples/sec: 82.72 - lr: 0.006250
2022-04-28 17:24:42,490 epoch 32 - iter 30/107 - loss 0.04566160 - samples/sec: 84.91 - lr: 0.006250
2022-04-28 17:24:46,456 epoch 32 - iter 40/107 - loss 0.04496722 - samples/sec: 80.71 - lr: 0.006250
2022-04-28 17:24:50,368 epoch 32 - iter 50/107 - loss 0.04488509 - samples/sec: 81.82 - lr: 0.006250
2022-04-28 17:24:54,182 epoch 32 - iter 60/107 - loss 0.04419646 - samples/sec: 83.92 - lr: 0.006250
2022-04-28 17:24:57,913 epoch 32 - iter 70/107 - loss 0.04324476 - samples/sec: 85.79 - lr: 0.006250
2022-04-28 17:25:01,686 epoch 32 - iter 80/107 - loss 0.04344973 - samples/sec: 84.83 - lr: 0.006250
2022-04-28 17:25:05,812 epoch 32 - iter 90/107 - loss 0.04423600 - samples/sec: 77.57 - lr: 0.006250
2022-04-28 17:25:09,583 epoch 32 - iter 100/107 - loss 0.04443806 - samples/sec: 84.88 - lr: 0.006250
2022-04-28 17:25:12,092 ----------------------------------------------------------------------------------------------------
2022-04-28 17:25:12,092 EPOCH 32 done: loss 0.0442 - lr 0.006250
2022-04-28 17:25:23,601 Evaluating as a multi-label problem: False
2022-04-28 17:25:23,613 DEV : loss 0.20302800834178925 - f1-score (micro avg)  0.5303
2022-04-28 17:25:23,701 Epoch    32: reducing learning rate of group 0 to 3.1250e-03.
2022-04-28 17:25:23,701 BAD EPOCHS (no improvement): 4
2022-04-28 17:25:23,704 ----------------------------------------------------------------------------------------------------
2022-04-28 17:25:27,445 epoch 33 - iter 10/107 - loss 0.05076614 - samples/sec: 85.58 - lr: 0.003125
2022-04-28 17:25:31,099 epoch 33 - iter 20/107 - loss 0.04869767 - samples/sec: 87.59 - lr: 0.003125
2022-04-28 17:25:34,815 epoch 33 - iter 30/107 - loss 0.04745401 - samples/sec: 86.14 - lr: 0.003125
2022-04-28 17:25:38,689 epoch 33 - iter 40/107 - loss 0.04743296 - samples/sec: 82.63 - lr: 0.003125
2022-04-28 17:25:42,489 epoch 33 - iter 50/107 - loss 0.04472198 - samples/sec: 84.24 - lr: 0.003125
2022-04-28 17:25:46,479 epoch 33 - iter 60/107 - loss 0.04338236 - samples/sec: 80.21 - lr: 0.003125
2022-04-28 17:25:50,340 epoch 33 - iter 70/107 - loss 0.04427374 - samples/sec: 82.91 - lr: 0.003125
2022-04-28 17:25:54,490 epoch 33 - iter 80/107 - loss 0.04496456 - samples/sec: 77.11 - lr: 0.003125
2022-04-28 17:25:58,375 epoch 33 - iter 90/107 - loss 0.04440242 - samples/sec: 82.39 - lr: 0.003125
2022-04-28 17:26:02,409 epoch 33 - iter 100/107 - loss 0.04416877 - samples/sec: 79.35 - lr: 0.003125
2022-04-28 17:26:04,809 ----------------------------------------------------------------------------------------------------
2022-04-28 17:26:04,809 EPOCH 33 done: loss 0.0441 - lr 0.003125
2022-04-28 17:26:16,683 Evaluating as a multi-label problem: False
2022-04-28 17:26:16,697 DEV : loss 0.2049662321805954 - f1-score (micro avg)  0.5311
2022-04-28 17:26:16,784 BAD EPOCHS (no improvement): 1
2022-04-28 17:26:16,788 ----------------------------------------------------------------------------------------------------
2022-04-28 17:26:20,546 epoch 34 - iter 10/107 - loss 0.03423749 - samples/sec: 85.18 - lr: 0.003125
2022-04-28 17:26:24,502 epoch 34 - iter 20/107 - loss 0.04334872 - samples/sec: 80.91 - lr: 0.003125
2022-04-28 17:26:28,540 epoch 34 - iter 30/107 - loss 0.04382242 - samples/sec: 79.28 - lr: 0.003125
2022-04-28 17:26:32,354 epoch 34 - iter 40/107 - loss 0.04544078 - samples/sec: 83.92 - lr: 0.003125
2022-04-28 17:26:36,445 epoch 34 - iter 50/107 - loss 0.04459969 - samples/sec: 78.24 - lr: 0.003125
2022-04-28 17:26:40,283 epoch 34 - iter 60/107 - loss 0.04461926 - samples/sec: 83.39 - lr: 0.003125
2022-04-28 17:26:44,001 epoch 34 - iter 70/107 - loss 0.04348251 - samples/sec: 86.10 - lr: 0.003125
2022-04-28 17:26:47,705 epoch 34 - iter 80/107 - loss 0.04427327 - samples/sec: 86.41 - lr: 0.003125
2022-04-28 17:26:51,550 epoch 34 - iter 90/107 - loss 0.04305615 - samples/sec: 83.25 - lr: 0.003125
2022-04-28 17:26:55,083 epoch 34 - iter 100/107 - loss 0.04318801 - samples/sec: 90.60 - lr: 0.003125
2022-04-28 17:26:57,425 ----------------------------------------------------------------------------------------------------
2022-04-28 17:26:57,425 EPOCH 34 done: loss 0.0433 - lr 0.003125
2022-04-28 17:27:09,403 Evaluating as a multi-label problem: False
2022-04-28 17:27:09,414 DEV : loss 0.20655353367328644 - f1-score (micro avg)  0.5289
2022-04-28 17:27:09,502 BAD EPOCHS (no improvement): 2
2022-04-28 17:27:09,505 ----------------------------------------------------------------------------------------------------
2022-04-28 17:27:13,294 epoch 35 - iter 10/107 - loss 0.04710326 - samples/sec: 84.48 - lr: 0.003125
2022-04-28 17:27:17,367 epoch 35 - iter 20/107 - loss 0.04628745 - samples/sec: 78.60 - lr: 0.003125
2022-04-28 17:27:21,341 epoch 35 - iter 30/107 - loss 0.04366677 - samples/sec: 80.54 - lr: 0.003125
2022-04-28 17:27:25,408 epoch 35 - iter 40/107 - loss 0.04402783 - samples/sec: 78.69 - lr: 0.003125
2022-04-28 17:27:29,417 epoch 35 - iter 50/107 - loss 0.04416480 - samples/sec: 79.83 - lr: 0.003125
2022-04-28 17:27:33,544 epoch 35 - iter 60/107 - loss 0.04424265 - samples/sec: 77.57 - lr: 0.003125
2022-04-28 17:27:35,747 epoch 35 - iter 70/107 - loss 0.04420009 - samples/sec: 145.27 - lr: 0.003125
2022-04-28 17:27:38,989 epoch 35 - iter 80/107 - loss 0.04450988 - samples/sec: 98.75 - lr: 0.003125
2022-04-28 17:27:42,825 epoch 35 - iter 90/107 - loss 0.04360138 - samples/sec: 83.44 - lr: 0.003125
2022-04-28 17:27:46,789 epoch 35 - iter 100/107 - loss 0.04291436 - samples/sec: 80.76 - lr: 0.003125
2022-04-28 17:27:49,157 ----------------------------------------------------------------------------------------------------
2022-04-28 17:27:49,157 EPOCH 35 done: loss 0.0436 - lr 0.003125
2022-04-28 17:28:01,628 Evaluating as a multi-label problem: False
2022-04-28 17:28:01,642 DEV : loss 0.2038978636264801 - f1-score (micro avg)  0.5312
2022-04-28 17:28:01,738 BAD EPOCHS (no improvement): 3
2022-04-28 17:28:01,740 ----------------------------------------------------------------------------------------------------
2022-04-28 17:28:05,681 epoch 36 - iter 10/107 - loss 0.04767942 - samples/sec: 81.25 - lr: 0.003125
2022-04-28 17:28:09,505 epoch 36 - iter 20/107 - loss 0.04347682 - samples/sec: 83.70 - lr: 0.003125
2022-04-28 17:28:13,517 epoch 36 - iter 30/107 - loss 0.04040391 - samples/sec: 79.78 - lr: 0.003125
2022-04-28 17:28:17,452 epoch 36 - iter 40/107 - loss 0.04115033 - samples/sec: 81.35 - lr: 0.003125
2022-04-28 17:28:21,472 epoch 36 - iter 50/107 - loss 0.04267559 - samples/sec: 79.62 - lr: 0.003125
2022-04-28 17:28:25,507 epoch 36 - iter 60/107 - loss 0.04216692 - samples/sec: 79.33 - lr: 0.003125
2022-04-28 17:28:29,329 epoch 36 - iter 70/107 - loss 0.04211946 - samples/sec: 83.76 - lr: 0.003125
2022-04-28 17:28:33,189 epoch 36 - iter 80/107 - loss 0.04240056 - samples/sec: 82.93 - lr: 0.003125
2022-04-28 17:28:36,947 epoch 36 - iter 90/107 - loss 0.04146464 - samples/sec: 85.18 - lr: 0.003125
2022-04-28 17:28:41,030 epoch 36 - iter 100/107 - loss 0.04106289 - samples/sec: 78.39 - lr: 0.003125
2022-04-28 17:28:43,384 ----------------------------------------------------------------------------------------------------
2022-04-28 17:28:43,384 EPOCH 36 done: loss 0.0415 - lr 0.003125
2022-04-28 17:28:55,996 Evaluating as a multi-label problem: False
2022-04-28 17:28:56,007 DEV : loss 0.20759402215480804 - f1-score (micro avg)  0.5292
2022-04-28 17:28:56,097 Epoch    36: reducing learning rate of group 0 to 1.5625e-03.
2022-04-28 17:28:56,097 BAD EPOCHS (no improvement): 4
2022-04-28 17:28:56,100 ----------------------------------------------------------------------------------------------------
2022-04-28 17:28:59,767 epoch 37 - iter 10/107 - loss 0.03590378 - samples/sec: 87.31 - lr: 0.001563
2022-04-28 17:29:03,935 epoch 37 - iter 20/107 - loss 0.03809219 - samples/sec: 76.79 - lr: 0.001563
2022-04-28 17:29:07,959 epoch 37 - iter 30/107 - loss 0.03724516 - samples/sec: 79.53 - lr: 0.001563
2022-04-28 17:29:11,828 epoch 37 - iter 40/107 - loss 0.03735487 - samples/sec: 82.75 - lr: 0.001563
2022-04-28 17:29:15,744 epoch 37 - iter 50/107 - loss 0.04030352 - samples/sec: 81.74 - lr: 0.001563
2022-04-28 17:29:19,495 epoch 37 - iter 60/107 - loss 0.04025746 - samples/sec: 85.33 - lr: 0.001563
2022-04-28 17:29:23,412 epoch 37 - iter 70/107 - loss 0.04030754 - samples/sec: 81.73 - lr: 0.001563
2022-04-28 17:29:27,140 epoch 37 - iter 80/107 - loss 0.03969891 - samples/sec: 85.85 - lr: 0.001563
2022-04-28 17:29:30,976 epoch 37 - iter 90/107 - loss 0.03989792 - samples/sec: 83.45 - lr: 0.001563
2022-04-28 17:29:35,043 epoch 37 - iter 100/107 - loss 0.04085399 - samples/sec: 78.69 - lr: 0.001563
2022-04-28 17:29:37,532 ----------------------------------------------------------------------------------------------------
2022-04-28 17:29:37,533 EPOCH 37 done: loss 0.0415 - lr 0.001563
2022-04-28 17:29:49,497 Evaluating as a multi-label problem: False
2022-04-28 17:29:49,510 DEV : loss 0.20420478284358978 - f1-score (micro avg)  0.5295
2022-04-28 17:29:49,598 BAD EPOCHS (no improvement): 1
2022-04-28 17:29:49,610 ----------------------------------------------------------------------------------------------------
2022-04-28 17:29:55,249 epoch 38 - iter 10/107 - loss 0.03420609 - samples/sec: 56.75 - lr: 0.001563
2022-04-28 17:29:59,327 epoch 38 - iter 20/107 - loss 0.03757334 - samples/sec: 78.50 - lr: 0.001563
2022-04-28 17:30:03,078 epoch 38 - iter 30/107 - loss 0.03962782 - samples/sec: 85.34 - lr: 0.001563
2022-04-28 17:30:07,207 epoch 38 - iter 40/107 - loss 0.04067274 - samples/sec: 77.52 - lr: 0.001563
2022-04-28 17:30:11,059 epoch 38 - iter 50/107 - loss 0.04080475 - samples/sec: 83.10 - lr: 0.001563
2022-04-28 17:30:14,970 epoch 38 - iter 60/107 - loss 0.04186661 - samples/sec: 81.85 - lr: 0.001563
2022-04-28 17:30:18,516 epoch 38 - iter 70/107 - loss 0.04065237 - samples/sec: 90.26 - lr: 0.001563
2022-04-28 17:30:22,649 epoch 38 - iter 80/107 - loss 0.04207310 - samples/sec: 77.44 - lr: 0.001563
2022-04-28 17:30:26,757 epoch 38 - iter 90/107 - loss 0.04169607 - samples/sec: 77.92 - lr: 0.001563
2022-04-28 17:30:30,757 epoch 38 - iter 100/107 - loss 0.04171883 - samples/sec: 80.01 - lr: 0.001563
2022-04-28 17:30:33,183 ----------------------------------------------------------------------------------------------------
2022-04-28 17:30:33,183 EPOCH 38 done: loss 0.0416 - lr 0.001563
2022-04-28 17:30:45,373 Evaluating as a multi-label problem: False
2022-04-28 17:30:45,386 DEV : loss 0.20689606666564941 - f1-score (micro avg)  0.5292
2022-04-28 17:30:45,477 BAD EPOCHS (no improvement): 2
2022-04-28 17:30:45,480 ----------------------------------------------------------------------------------------------------
2022-04-28 17:30:49,208 epoch 39 - iter 10/107 - loss 0.04905230 - samples/sec: 85.87 - lr: 0.001563
2022-04-28 17:30:52,989 epoch 39 - iter 20/107 - loss 0.04754432 - samples/sec: 84.67 - lr: 0.001563
2022-04-28 17:30:56,824 epoch 39 - iter 30/107 - loss 0.04671423 - samples/sec: 83.47 - lr: 0.001563
2022-04-28 17:31:00,548 epoch 39 - iter 40/107 - loss 0.04445355 - samples/sec: 85.95 - lr: 0.001563
2022-04-28 17:31:04,364 epoch 39 - iter 50/107 - loss 0.04255410 - samples/sec: 83.87 - lr: 0.001563
2022-04-28 17:31:08,116 epoch 39 - iter 60/107 - loss 0.04152539 - samples/sec: 85.33 - lr: 0.001563
2022-04-28 17:31:12,027 epoch 39 - iter 70/107 - loss 0.04139894 - samples/sec: 81.82 - lr: 0.001563
2022-04-28 17:31:16,006 epoch 39 - iter 80/107 - loss 0.04277523 - samples/sec: 80.46 - lr: 0.001563
2022-04-28 17:31:19,826 epoch 39 - iter 90/107 - loss 0.04202649 - samples/sec: 83.80 - lr: 0.001563
2022-04-28 17:31:23,940 epoch 39 - iter 100/107 - loss 0.04189599 - samples/sec: 77.79 - lr: 0.001563
2022-04-28 17:31:26,375 ----------------------------------------------------------------------------------------------------
2022-04-28 17:31:26,376 EPOCH 39 done: loss 0.0416 - lr 0.001563
2022-04-28 17:31:38,590 Evaluating as a multi-label problem: False
2022-04-28 17:31:38,602 DEV : loss 0.20856384932994843 - f1-score (micro avg)  0.53
2022-04-28 17:31:38,692 BAD EPOCHS (no improvement): 3
2022-04-28 17:31:38,695 ----------------------------------------------------------------------------------------------------
2022-04-28 17:31:42,486 epoch 40 - iter 10/107 - loss 0.04644702 - samples/sec: 84.45 - lr: 0.001563
2022-04-28 17:31:46,495 epoch 40 - iter 20/107 - loss 0.04360212 - samples/sec: 79.84 - lr: 0.001563
2022-04-28 17:31:50,419 epoch 40 - iter 30/107 - loss 0.04313384 - samples/sec: 81.58 - lr: 0.001563
2022-04-28 17:31:54,094 epoch 40 - iter 40/107 - loss 0.04801374 - samples/sec: 87.10 - lr: 0.001563
2022-04-28 17:31:57,894 epoch 40 - iter 50/107 - loss 0.04481921 - samples/sec: 84.24 - lr: 0.001563
2022-04-28 17:32:01,793 epoch 40 - iter 60/107 - loss 0.04311651 - samples/sec: 82.08 - lr: 0.001563
2022-04-28 17:32:05,917 epoch 40 - iter 70/107 - loss 0.04331666 - samples/sec: 77.62 - lr: 0.001563
2022-04-28 17:32:09,938 epoch 40 - iter 80/107 - loss 0.04345910 - samples/sec: 79.59 - lr: 0.001563
2022-04-28 17:32:13,688 epoch 40 - iter 90/107 - loss 0.04317980 - samples/sec: 85.36 - lr: 0.001563
2022-04-28 17:32:17,556 epoch 40 - iter 100/107 - loss 0.04291767 - samples/sec: 82.75 - lr: 0.001563
2022-04-28 17:32:19,990 ----------------------------------------------------------------------------------------------------
2022-04-28 17:32:19,990 EPOCH 40 done: loss 0.0426 - lr 0.001563
2022-04-28 17:32:31,980 Evaluating as a multi-label problem: False
2022-04-28 17:32:31,993 DEV : loss 0.20862385630607605 - f1-score (micro avg)  0.53
2022-04-28 17:32:32,081 Epoch    40: reducing learning rate of group 0 to 7.8125e-04.
2022-04-28 17:32:32,081 BAD EPOCHS (no improvement): 4
2022-04-28 17:32:32,084 ----------------------------------------------------------------------------------------------------
2022-04-28 17:32:35,843 epoch 41 - iter 10/107 - loss 0.06127158 - samples/sec: 85.18 - lr: 0.000781
2022-04-28 17:32:39,683 epoch 41 - iter 20/107 - loss 0.05257619 - samples/sec: 83.34 - lr: 0.000781
2022-04-28 17:32:43,424 epoch 41 - iter 30/107 - loss 0.04821653 - samples/sec: 85.57 - lr: 0.000781
2022-04-28 17:32:47,030 epoch 41 - iter 40/107 - loss 0.04640988 - samples/sec: 88.76 - lr: 0.000781
2022-04-28 17:32:51,032 epoch 41 - iter 50/107 - loss 0.04615663 - samples/sec: 79.99 - lr: 0.000781
2022-04-28 17:32:54,876 epoch 41 - iter 60/107 - loss 0.04393970 - samples/sec: 83.27 - lr: 0.000781
2022-04-28 17:32:58,619 epoch 41 - iter 70/107 - loss 0.04397699 - samples/sec: 85.52 - lr: 0.000781
2022-04-28 17:33:02,695 epoch 41 - iter 80/107 - loss 0.04291689 - samples/sec: 78.51 - lr: 0.000781
2022-04-28 17:33:06,750 epoch 41 - iter 90/107 - loss 0.04189484 - samples/sec: 78.94 - lr: 0.000781
2022-04-28 17:33:10,666 epoch 41 - iter 100/107 - loss 0.04189462 - samples/sec: 81.74 - lr: 0.000781
2022-04-28 17:33:13,084 ----------------------------------------------------------------------------------------------------
2022-04-28 17:33:13,084 EPOCH 41 done: loss 0.0418 - lr 0.000781
2022-04-28 17:33:25,259 Evaluating as a multi-label problem: False
2022-04-28 17:33:25,270 DEV : loss 0.2079908847808838 - f1-score (micro avg)  0.5273
2022-04-28 17:33:25,359 BAD EPOCHS (no improvement): 1
2022-04-28 17:33:25,362 ----------------------------------------------------------------------------------------------------
2022-04-28 17:33:29,100 epoch 42 - iter 10/107 - loss 0.04853579 - samples/sec: 85.63 - lr: 0.000781
2022-04-28 17:33:32,887 epoch 42 - iter 20/107 - loss 0.04553784 - samples/sec: 84.52 - lr: 0.000781
2022-04-28 17:33:36,617 epoch 42 - iter 30/107 - loss 0.04414088 - samples/sec: 85.81 - lr: 0.000781
2022-04-28 17:33:40,577 epoch 42 - iter 40/107 - loss 0.04136929 - samples/sec: 80.84 - lr: 0.000781
2022-04-28 17:33:44,494 epoch 42 - iter 50/107 - loss 0.04107731 - samples/sec: 81.72 - lr: 0.000781
2022-04-28 17:33:48,300 epoch 42 - iter 60/107 - loss 0.04045233 - samples/sec: 84.10 - lr: 0.000781
2022-04-28 17:33:52,094 epoch 42 - iter 70/107 - loss 0.04178550 - samples/sec: 84.37 - lr: 0.000781
2022-04-28 17:33:55,983 epoch 42 - iter 80/107 - loss 0.04210256 - samples/sec: 82.29 - lr: 0.000781
2022-04-28 17:33:59,884 epoch 42 - iter 90/107 - loss 0.04170917 - samples/sec: 82.05 - lr: 0.000781
2022-04-28 17:34:03,825 epoch 42 - iter 100/107 - loss 0.04078055 - samples/sec: 81.22 - lr: 0.000781
2022-04-28 17:34:06,324 ----------------------------------------------------------------------------------------------------
2022-04-28 17:34:06,324 EPOCH 42 done: loss 0.0408 - lr 0.000781
2022-04-28 17:34:18,405 Evaluating as a multi-label problem: False
2022-04-28 17:34:18,417 DEV : loss 0.20681370794773102 - f1-score (micro avg)  0.5288
2022-04-28 17:34:18,506 BAD EPOCHS (no improvement): 2
2022-04-28 17:34:18,509 ----------------------------------------------------------------------------------------------------
2022-04-28 17:34:22,486 epoch 43 - iter 10/107 - loss 0.04595919 - samples/sec: 80.50 - lr: 0.000781
2022-04-28 17:34:26,235 epoch 43 - iter 20/107 - loss 0.04244008 - samples/sec: 85.39 - lr: 0.000781
2022-04-28 17:34:29,998 epoch 43 - iter 30/107 - loss 0.04388103 - samples/sec: 85.05 - lr: 0.000781
2022-04-28 17:34:34,023 epoch 43 - iter 40/107 - loss 0.04429392 - samples/sec: 79.53 - lr: 0.000781
2022-04-28 17:34:37,945 epoch 43 - iter 50/107 - loss 0.04418241 - samples/sec: 81.61 - lr: 0.000781
2022-04-28 17:34:41,973 epoch 43 - iter 60/107 - loss 0.04345822 - samples/sec: 79.46 - lr: 0.000781
2022-04-28 17:34:45,553 epoch 43 - iter 70/107 - loss 0.04289089 - samples/sec: 89.40 - lr: 0.000781
2022-04-28 17:34:49,454 epoch 43 - iter 80/107 - loss 0.04234974 - samples/sec: 82.05 - lr: 0.000781
2022-04-28 17:34:53,262 epoch 43 - iter 90/107 - loss 0.04190087 - samples/sec: 84.06 - lr: 0.000781
2022-04-28 17:34:56,973 epoch 43 - iter 100/107 - loss 0.04251047 - samples/sec: 86.25 - lr: 0.000781
2022-04-28 17:34:59,417 ----------------------------------------------------------------------------------------------------
2022-04-28 17:34:59,417 EPOCH 43 done: loss 0.0425 - lr 0.000781
2022-04-28 17:35:11,655 Evaluating as a multi-label problem: False
2022-04-28 17:35:11,666 DEV : loss 0.20669780671596527 - f1-score (micro avg)  0.5291
2022-04-28 17:35:11,755 BAD EPOCHS (no improvement): 3
2022-04-28 17:35:11,757 ----------------------------------------------------------------------------------------------------
2022-04-28 17:35:15,493 epoch 44 - iter 10/107 - loss 0.05774358 - samples/sec: 85.70 - lr: 0.000781
2022-04-28 17:35:19,358 epoch 44 - iter 20/107 - loss 0.05042409 - samples/sec: 82.81 - lr: 0.000781
2022-04-28 17:35:23,336 epoch 44 - iter 30/107 - loss 0.04858143 - samples/sec: 80.47 - lr: 0.000781
2022-04-28 17:35:27,219 epoch 44 - iter 40/107 - loss 0.04730026 - samples/sec: 82.42 - lr: 0.000781
2022-04-28 17:35:31,234 epoch 44 - iter 50/107 - loss 0.04411287 - samples/sec: 79.72 - lr: 0.000781
2022-04-28 17:35:35,212 epoch 44 - iter 60/107 - loss 0.04355952 - samples/sec: 80.48 - lr: 0.000781
2022-04-28 17:35:39,113 epoch 44 - iter 70/107 - loss 0.04161250 - samples/sec: 82.05 - lr: 0.000781
2022-04-28 17:35:43,061 epoch 44 - iter 80/107 - loss 0.04128016 - samples/sec: 81.07 - lr: 0.000781
2022-04-28 17:35:46,912 epoch 44 - iter 90/107 - loss 0.04092665 - samples/sec: 83.11 - lr: 0.000781
2022-04-28 17:35:50,921 epoch 44 - iter 100/107 - loss 0.04087220 - samples/sec: 79.84 - lr: 0.000781
2022-04-28 17:35:53,356 ----------------------------------------------------------------------------------------------------
2022-04-28 17:35:53,356 EPOCH 44 done: loss 0.0416 - lr 0.000781
2022-04-28 17:36:05,575 Evaluating as a multi-label problem: False
2022-04-28 17:36:05,587 DEV : loss 0.206989586353302 - f1-score (micro avg)  0.5304
2022-04-28 17:36:05,675 Epoch    44: reducing learning rate of group 0 to 3.9063e-04.
2022-04-28 17:36:05,675 BAD EPOCHS (no improvement): 4
2022-04-28 17:36:05,678 ----------------------------------------------------------------------------------------------------
2022-04-28 17:36:09,497 epoch 45 - iter 10/107 - loss 0.04462681 - samples/sec: 83.83 - lr: 0.000391
2022-04-28 17:36:13,391 epoch 45 - iter 20/107 - loss 0.04006098 - samples/sec: 82.20 - lr: 0.000391
2022-04-28 17:36:17,156 epoch 45 - iter 30/107 - loss 0.04118325 - samples/sec: 85.00 - lr: 0.000391
2022-04-28 17:36:21,973 epoch 45 - iter 40/107 - loss 0.04106969 - samples/sec: 66.45 - lr: 0.000391
2022-04-28 17:36:26,824 epoch 45 - iter 50/107 - loss 0.03997887 - samples/sec: 65.98 - lr: 0.000391
2022-04-28 17:36:31,685 epoch 45 - iter 60/107 - loss 0.04146727 - samples/sec: 65.84 - lr: 0.000391
2022-04-28 17:36:35,495 epoch 45 - iter 70/107 - loss 0.04147292 - samples/sec: 84.01 - lr: 0.000391
2022-04-28 17:36:41,405 epoch 45 - iter 80/107 - loss 0.04171719 - samples/sec: 54.15 - lr: 0.000391
2022-04-28 17:36:45,175 epoch 45 - iter 90/107 - loss 0.04151884 - samples/sec: 84.92 - lr: 0.000391
2022-04-28 17:36:48,960 epoch 45 - iter 100/107 - loss 0.04069093 - samples/sec: 84.56 - lr: 0.000391
2022-04-28 17:36:51,103 ----------------------------------------------------------------------------------------------------
2022-04-28 17:36:51,104 EPOCH 45 done: loss 0.0406 - lr 0.000391
2022-04-28 17:37:04,470 Evaluating as a multi-label problem: False
2022-04-28 17:37:04,482 DEV : loss 0.2071928083896637 - f1-score (micro avg)  0.53
2022-04-28 17:37:04,569 BAD EPOCHS (no improvement): 1
2022-04-28 17:37:04,572 ----------------------------------------------------------------------------------------------------
2022-04-28 17:37:08,467 epoch 46 - iter 10/107 - loss 0.04197134 - samples/sec: 82.18 - lr: 0.000391
2022-04-28 17:37:12,591 epoch 46 - iter 20/107 - loss 0.04526310 - samples/sec: 77.62 - lr: 0.000391
2022-04-28 17:37:16,278 epoch 46 - iter 30/107 - loss 0.04421817 - samples/sec: 86.81 - lr: 0.000391
2022-04-28 17:37:20,116 epoch 46 - iter 40/107 - loss 0.04162594 - samples/sec: 83.41 - lr: 0.000391
2022-04-28 17:37:24,092 epoch 46 - iter 50/107 - loss 0.04235916 - samples/sec: 80.51 - lr: 0.000391
2022-04-28 17:37:27,819 epoch 46 - iter 60/107 - loss 0.04176826 - samples/sec: 85.86 - lr: 0.000391
2022-04-28 17:37:31,602 epoch 46 - iter 70/107 - loss 0.04228381 - samples/sec: 84.61 - lr: 0.000391
2022-04-28 17:37:35,478 epoch 46 - iter 80/107 - loss 0.04161533 - samples/sec: 82.59 - lr: 0.000391
2022-04-28 17:37:39,348 epoch 46 - iter 90/107 - loss 0.04197813 - samples/sec: 82.72 - lr: 0.000391
2022-04-28 17:37:43,148 epoch 46 - iter 100/107 - loss 0.04136606 - samples/sec: 84.23 - lr: 0.000391
2022-04-28 17:37:45,410 ----------------------------------------------------------------------------------------------------
2022-04-28 17:37:45,410 EPOCH 46 done: loss 0.0415 - lr 0.000391
2022-04-28 17:37:57,635 Evaluating as a multi-label problem: False
2022-04-28 17:37:57,646 DEV : loss 0.20673181116580963 - f1-score (micro avg)  0.5288
2022-04-28 17:37:57,736 BAD EPOCHS (no improvement): 2
2022-04-28 17:37:57,738 ----------------------------------------------------------------------------------------------------
2022-04-28 17:38:01,393 epoch 47 - iter 10/107 - loss 0.04132973 - samples/sec: 87.58 - lr: 0.000391
2022-04-28 17:38:05,441 epoch 47 - iter 20/107 - loss 0.03976053 - samples/sec: 79.08 - lr: 0.000391
2022-04-28 17:38:09,450 epoch 47 - iter 30/107 - loss 0.03893051 - samples/sec: 79.85 - lr: 0.000391
2022-04-28 17:38:13,329 epoch 47 - iter 40/107 - loss 0.04081894 - samples/sec: 82.51 - lr: 0.000391
2022-04-28 17:38:17,023 epoch 47 - iter 50/107 - loss 0.04223211 - samples/sec: 86.65 - lr: 0.000391
2022-04-28 17:38:20,954 epoch 47 - iter 60/107 - loss 0.04190254 - samples/sec: 81.44 - lr: 0.000391
2022-04-28 17:38:24,797 epoch 47 - iter 70/107 - loss 0.04129701 - samples/sec: 83.29 - lr: 0.000391
2022-04-28 17:38:28,410 epoch 47 - iter 80/107 - loss 0.04147594 - samples/sec: 88.59 - lr: 0.000391
2022-04-28 17:38:32,243 epoch 47 - iter 90/107 - loss 0.04130548 - samples/sec: 83.52 - lr: 0.000391
2022-04-28 17:38:36,166 epoch 47 - iter 100/107 - loss 0.04083989 - samples/sec: 81.59 - lr: 0.000391
2022-04-28 17:38:38,880 ----------------------------------------------------------------------------------------------------
2022-04-28 17:38:38,880 EPOCH 47 done: loss 0.0409 - lr 0.000391
2022-04-28 17:38:51,064 Evaluating as a multi-label problem: False
2022-04-28 17:38:51,075 DEV : loss 0.2066415399312973 - f1-score (micro avg)  0.5319
2022-04-28 17:38:51,163 BAD EPOCHS (no improvement): 3
2022-04-28 17:38:51,166 ----------------------------------------------------------------------------------------------------
2022-04-28 17:38:55,047 epoch 48 - iter 10/107 - loss 0.04845048 - samples/sec: 82.47 - lr: 0.000391
2022-04-28 17:38:58,992 epoch 48 - iter 20/107 - loss 0.04908915 - samples/sec: 81.14 - lr: 0.000391
2022-04-28 17:39:02,887 epoch 48 - iter 30/107 - loss 0.04651120 - samples/sec: 82.17 - lr: 0.000391
2022-04-28 17:39:06,787 epoch 48 - iter 40/107 - loss 0.04479360 - samples/sec: 82.09 - lr: 0.000391
2022-04-28 17:39:10,617 epoch 48 - iter 50/107 - loss 0.04451027 - samples/sec: 83.57 - lr: 0.000391
2022-04-28 17:39:14,539 epoch 48 - iter 60/107 - loss 0.04302895 - samples/sec: 81.61 - lr: 0.000391
2022-04-28 17:39:18,530 epoch 48 - iter 70/107 - loss 0.04159129 - samples/sec: 80.19 - lr: 0.000391
2022-04-28 17:39:22,259 epoch 48 - iter 80/107 - loss 0.04212435 - samples/sec: 85.85 - lr: 0.000391
2022-04-28 17:39:26,112 epoch 48 - iter 90/107 - loss 0.04220815 - samples/sec: 83.08 - lr: 0.000391
2022-04-28 17:39:29,962 epoch 48 - iter 100/107 - loss 0.04104272 - samples/sec: 83.13 - lr: 0.000391
2022-04-28 17:39:32,303 ----------------------------------------------------------------------------------------------------
2022-04-28 17:39:32,303 EPOCH 48 done: loss 0.0413 - lr 0.000391
2022-04-28 17:39:43,735 Evaluating as a multi-label problem: False
2022-04-28 17:39:43,748 DEV : loss 0.2072238177061081 - f1-score (micro avg)  0.5308
2022-04-28 17:39:43,835 Epoch    48: reducing learning rate of group 0 to 1.9531e-04.
2022-04-28 17:39:43,835 BAD EPOCHS (no improvement): 4
2022-04-28 17:39:43,838 ----------------------------------------------------------------------------------------------------
2022-04-28 17:39:47,375 epoch 49 - iter 10/107 - loss 0.05381461 - samples/sec: 90.50 - lr: 0.000195
2022-04-28 17:39:51,391 epoch 49 - iter 20/107 - loss 0.04801334 - samples/sec: 79.69 - lr: 0.000195
2022-04-28 17:39:55,237 epoch 49 - iter 30/107 - loss 0.04694111 - samples/sec: 83.24 - lr: 0.000195
2022-04-28 17:39:58,847 epoch 49 - iter 40/107 - loss 0.04569611 - samples/sec: 88.66 - lr: 0.000195
2022-04-28 17:40:02,730 epoch 49 - iter 50/107 - loss 0.04269046 - samples/sec: 82.43 - lr: 0.000195
2022-04-28 17:40:06,586 epoch 49 - iter 60/107 - loss 0.04258061 - samples/sec: 83.02 - lr: 0.000195
2022-04-28 17:40:10,451 epoch 49 - iter 70/107 - loss 0.04345020 - samples/sec: 82.82 - lr: 0.000195
2022-04-28 17:40:14,239 epoch 49 - iter 80/107 - loss 0.04264256 - samples/sec: 84.49 - lr: 0.000195
2022-04-28 17:40:18,285 epoch 49 - iter 90/107 - loss 0.04276554 - samples/sec: 79.11 - lr: 0.000195
2022-04-28 17:40:21,995 epoch 49 - iter 100/107 - loss 0.04264818 - samples/sec: 86.28 - lr: 0.000195
2022-04-28 17:40:24,452 ----------------------------------------------------------------------------------------------------
2022-04-28 17:40:24,452 EPOCH 49 done: loss 0.0423 - lr 0.000195
2022-04-28 17:40:36,070 Evaluating as a multi-label problem: False
2022-04-28 17:40:36,081 DEV : loss 0.20713777840137482 - f1-score (micro avg)  0.5308
2022-04-28 17:40:36,169 BAD EPOCHS (no improvement): 1
2022-04-28 17:40:36,171 ----------------------------------------------------------------------------------------------------
2022-04-28 17:40:40,242 epoch 50 - iter 10/107 - loss 0.04998228 - samples/sec: 78.62 - lr: 0.000195
2022-04-28 17:40:44,067 epoch 50 - iter 20/107 - loss 0.04514361 - samples/sec: 83.68 - lr: 0.000195
2022-04-28 17:40:47,687 epoch 50 - iter 30/107 - loss 0.04553459 - samples/sec: 88.44 - lr: 0.000195
2022-04-28 17:40:51,540 epoch 50 - iter 40/107 - loss 0.04586480 - samples/sec: 83.07 - lr: 0.000195
2022-04-28 17:40:55,214 epoch 50 - iter 50/107 - loss 0.04470672 - samples/sec: 87.13 - lr: 0.000195
2022-04-28 17:40:58,820 epoch 50 - iter 60/107 - loss 0.04273440 - samples/sec: 88.77 - lr: 0.000195
2022-04-28 17:41:02,552 epoch 50 - iter 70/107 - loss 0.04310776 - samples/sec: 85.77 - lr: 0.000195
2022-04-28 17:41:06,196 epoch 50 - iter 80/107 - loss 0.04389135 - samples/sec: 87.84 - lr: 0.000195
2022-04-28 17:41:09,890 epoch 50 - iter 90/107 - loss 0.04412803 - samples/sec: 86.65 - lr: 0.000195
2022-04-28 17:41:13,509 epoch 50 - iter 100/107 - loss 0.04394047 - samples/sec: 88.45 - lr: 0.000195
2022-04-28 17:41:15,723 ----------------------------------------------------------------------------------------------------
2022-04-28 17:41:15,723 EPOCH 50 done: loss 0.0434 - lr 0.000195
2022-04-28 17:41:27,581 Evaluating as a multi-label problem: False
2022-04-28 17:41:27,593 DEV : loss 0.20703847706317902 - f1-score (micro avg)  0.5308
2022-04-28 17:41:27,681 BAD EPOCHS (no improvement): 2
2022-04-28 17:41:27,683 ----------------------------------------------------------------------------------------------------
2022-04-28 17:41:31,310 epoch 51 - iter 10/107 - loss 0.04647960 - samples/sec: 88.26 - lr: 0.000195
2022-04-28 17:41:35,150 epoch 51 - iter 20/107 - loss 0.04252518 - samples/sec: 83.36 - lr: 0.000195
2022-04-28 17:41:39,021 epoch 51 - iter 30/107 - loss 0.04182534 - samples/sec: 82.68 - lr: 0.000195
2022-04-28 17:41:42,957 epoch 51 - iter 40/107 - loss 0.04264202 - samples/sec: 81.33 - lr: 0.000195
2022-04-28 17:41:46,824 epoch 51 - iter 50/107 - loss 0.04374976 - samples/sec: 82.77 - lr: 0.000195
2022-04-28 17:41:50,459 epoch 51 - iter 60/107 - loss 0.04295036 - samples/sec: 88.07 - lr: 0.000195
2022-04-28 17:41:54,254 epoch 51 - iter 70/107 - loss 0.04378270 - samples/sec: 84.34 - lr: 0.000195
2022-04-28 17:41:58,016 epoch 51 - iter 80/107 - loss 0.04363945 - samples/sec: 85.07 - lr: 0.000195
2022-04-28 17:42:01,944 epoch 51 - iter 90/107 - loss 0.04354405 - samples/sec: 81.48 - lr: 0.000195
2022-04-28 17:42:05,553 epoch 51 - iter 100/107 - loss 0.04292598 - samples/sec: 88.70 - lr: 0.000195
2022-04-28 17:42:07,771 ----------------------------------------------------------------------------------------------------
2022-04-28 17:42:07,771 EPOCH 51 done: loss 0.0432 - lr 0.000195
2022-04-28 17:42:19,498 Evaluating as a multi-label problem: False
2022-04-28 17:42:19,509 DEV : loss 0.20691843330860138 - f1-score (micro avg)  0.5308
2022-04-28 17:42:19,597 BAD EPOCHS (no improvement): 3
2022-04-28 17:42:19,600 ----------------------------------------------------------------------------------------------------
2022-04-28 17:42:23,637 epoch 52 - iter 10/107 - loss 0.03999634 - samples/sec: 79.29 - lr: 0.000195
2022-04-28 17:42:27,414 epoch 52 - iter 20/107 - loss 0.04514764 - samples/sec: 84.77 - lr: 0.000195
2022-04-28 17:42:31,337 epoch 52 - iter 30/107 - loss 0.04351390 - samples/sec: 81.58 - lr: 0.000195
2022-04-28 17:42:35,228 epoch 52 - iter 40/107 - loss 0.04299369 - samples/sec: 82.27 - lr: 0.000195
2022-04-28 17:42:39,125 epoch 52 - iter 50/107 - loss 0.04376785 - samples/sec: 82.13 - lr: 0.000195
2022-04-28 17:42:42,846 epoch 52 - iter 60/107 - loss 0.04318728 - samples/sec: 86.02 - lr: 0.000195
2022-04-28 17:42:46,650 epoch 52 - iter 70/107 - loss 0.04421501 - samples/sec: 84.16 - lr: 0.000195
2022-04-28 17:42:50,489 epoch 52 - iter 80/107 - loss 0.04223125 - samples/sec: 83.36 - lr: 0.000195
2022-04-28 17:42:54,483 epoch 52 - iter 90/107 - loss 0.04262589 - samples/sec: 80.14 - lr: 0.000195
2022-04-28 17:42:58,329 epoch 52 - iter 100/107 - loss 0.04263184 - samples/sec: 83.23 - lr: 0.000195
2022-04-28 17:43:00,720 ----------------------------------------------------------------------------------------------------
2022-04-28 17:43:00,720 EPOCH 52 done: loss 0.0425 - lr 0.000195
2022-04-28 17:43:14,027 Evaluating as a multi-label problem: False
2022-04-28 17:43:14,040 DEV : loss 0.20697471499443054 - f1-score (micro avg)  0.5308
2022-04-28 17:43:14,129 Epoch    52: reducing learning rate of group 0 to 9.7656e-05.
2022-04-28 17:43:14,130 BAD EPOCHS (no improvement): 4
2022-04-28 17:43:14,132 ----------------------------------------------------------------------------------------------------
2022-04-28 17:43:14,132 ----------------------------------------------------------------------------------------------------
2022-04-28 17:43:14,132 learning rate too small - quitting training!
2022-04-28 17:43:14,132 ----------------------------------------------------------------------------------------------------
2022-04-28 17:43:33,646 ----------------------------------------------------------------------------------------------------
2022-04-28 17:43:33,647 loading file resources/taggers/model_08_r5_run_3/best-model.pt
2022-04-28 17:43:43,637 SequenceTagger predicts: Dictionary with 27 tags: O, S-person, B-person, E-person, I-person, S-location, B-location, E-location, I-location, S-group, B-group, E-group, I-group, S-corporation, B-corporation, E-corporation, I-corporation, S-product, B-product, E-product, I-product, S-creative-work, B-creative-work, E-creative-work, I-creative-work, <START>, <STOP>
2022-04-28 17:44:14,431 Evaluating as a multi-label problem: False
2022-04-28 17:44:14,445 0.6891	0.3327	0.4487	0.3027
2022-04-28 17:44:14,446 
Results:
- F-score (micro) 0.4487
- F-score (macro) 0.3484
- Accuracy 0.3027

By class:
               precision    recall  f1-score   support

       person     0.7849    0.4848    0.5994       429
     location     0.6860    0.5533    0.6125       150
        group     0.5490    0.1697    0.2593       165
creative-work     0.6364    0.0986    0.1707       142
      product     0.3600    0.0709    0.1184       127
  corporation     0.4595    0.2576    0.3301        66

    micro avg     0.6891    0.3327    0.4487      1079
    macro avg     0.5793    0.2725    0.3484      1079
 weighted avg     0.6456    0.3327    0.4197      1079

2022-04-28 17:44:14,446 ----------------------------------------------------------------------------------------------------
