2022-05-20 19:27:58,799 ----------------------------------------------------------------------------------------------------
2022-05-20 19:27:58,800 Model: "SequenceTagger(
  (embeddings): StackedEmbeddings(
    (list_embedding_0): GazetteerEmbeddings()
    (list_embedding_1): FlairEmbeddings(
      (lm): LanguageModel(
        (drop): Dropout(p=0.05, inplace=False)
        (encoder): Embedding(300, 100)
        (rnn): LSTM(100, 2048)
        (decoder): Linear(in_features=2048, out_features=300, bias=True)
      )
    )
    (list_embedding_2): FlairEmbeddings(
      (lm): LanguageModel(
        (drop): Dropout(p=0.05, inplace=False)
        (encoder): Embedding(300, 100)
        (rnn): LSTM(100, 2048)
        (decoder): Linear(in_features=2048, out_features=300, bias=True)
      )
    )
  )
  (word_dropout): WordDropout(p=0.05)
  (locked_dropout): LockedDropout(p=0.5)
  (embedding2nn): Linear(in_features=4127, out_features=4127, bias=True)
  (rnn): LSTM(4127, 256, batch_first=True, bidirectional=True)
  (linear): Linear(in_features=512, out_features=27, bias=True)
  (loss_function): ViterbiLoss()
  (crf): CRF()
)"
2022-05-20 19:27:58,801 ----------------------------------------------------------------------------------------------------
2022-05-20 19:27:58,801 Corpus: "Corpus: 3394 train + 1009 dev + 1287 test sentences"
2022-05-20 19:27:58,802 ----------------------------------------------------------------------------------------------------
2022-05-20 19:27:58,803 Parameters:
2022-05-20 19:27:58,803  - learning_rate: "0.100000"
2022-05-20 19:27:58,804  - mini_batch_size: "32"
2022-05-20 19:27:58,804  - patience: "3"
2022-05-20 19:27:58,804  - anneal_factor: "0.5"
2022-05-20 19:27:58,806  - max_epochs: "150"
2022-05-20 19:27:58,806  - shuffle: "True"
2022-05-20 19:27:58,806  - train_with_dev: "False"
2022-05-20 19:27:58,807  - batch_growth_annealing: "False"
2022-05-20 19:27:58,807 ----------------------------------------------------------------------------------------------------
2022-05-20 19:27:58,807 Model training base path: "resources/taggers/model_03_r12_run_1"
2022-05-20 19:27:58,808 ----------------------------------------------------------------------------------------------------
2022-05-20 19:27:58,808 Device: cuda:0
2022-05-20 19:27:58,809 ----------------------------------------------------------------------------------------------------
2022-05-20 19:27:58,809 Embeddings storage mode: cpu
2022-05-20 19:27:58,809 ----------------------------------------------------------------------------------------------------
2022-05-20 19:28:01,598 epoch 1 - iter 10/107 - loss 1.02341967 - samples/sec: 114.77 - lr: 0.100000
2022-05-20 19:28:04,412 epoch 1 - iter 20/107 - loss 0.66369232 - samples/sec: 113.77 - lr: 0.100000
2022-05-20 19:28:07,224 epoch 1 - iter 30/107 - loss 0.53935935 - samples/sec: 113.85 - lr: 0.100000
2022-05-20 19:28:10,008 epoch 1 - iter 40/107 - loss 0.47127004 - samples/sec: 114.97 - lr: 0.100000
2022-05-20 19:28:12,865 epoch 1 - iter 50/107 - loss 0.41951011 - samples/sec: 112.05 - lr: 0.100000
2022-05-20 19:28:15,682 epoch 1 - iter 60/107 - loss 0.39990176 - samples/sec: 113.62 - lr: 0.100000
2022-05-20 19:28:18,513 epoch 1 - iter 70/107 - loss 0.38406918 - samples/sec: 113.07 - lr: 0.100000
2022-05-20 19:28:21,248 epoch 1 - iter 80/107 - loss 0.37673128 - samples/sec: 117.06 - lr: 0.100000
2022-05-20 19:28:23,825 epoch 1 - iter 90/107 - loss 0.37027353 - samples/sec: 124.23 - lr: 0.100000
2022-05-20 19:28:26,573 epoch 1 - iter 100/107 - loss 0.36346159 - samples/sec: 116.53 - lr: 0.100000
2022-05-20 19:28:28,266 ----------------------------------------------------------------------------------------------------
2022-05-20 19:28:28,266 EPOCH 1 done: loss 0.3564 - lr 0.100000
2022-05-20 19:28:42,457 Evaluating as a multi-label problem: False
2022-05-20 19:28:42,470 DEV : loss 0.4286693036556244 - f1-score (micro avg)  0.1402
2022-05-20 19:28:42,545 BAD EPOCHS (no improvement): 0
2022-05-20 19:28:42,548 saving best model
2022-05-20 19:28:52,402 ----------------------------------------------------------------------------------------------------
2022-05-20 19:28:55,901 epoch 2 - iter 10/107 - loss 0.26921219 - samples/sec: 91.51 - lr: 0.100000
2022-05-20 19:28:59,580 epoch 2 - iter 20/107 - loss 0.26329562 - samples/sec: 87.02 - lr: 0.100000
2022-05-20 19:29:03,468 epoch 2 - iter 30/107 - loss 0.25386070 - samples/sec: 82.33 - lr: 0.100000
2022-05-20 19:29:07,413 epoch 2 - iter 40/107 - loss 0.23780463 - samples/sec: 81.13 - lr: 0.100000
2022-05-20 19:29:10,651 epoch 2 - iter 50/107 - loss 0.22741497 - samples/sec: 98.89 - lr: 0.100000
2022-05-20 19:29:13,793 epoch 2 - iter 60/107 - loss 0.21869890 - samples/sec: 101.88 - lr: 0.100000
2022-05-20 19:29:17,694 epoch 2 - iter 70/107 - loss 0.21446365 - samples/sec: 82.05 - lr: 0.100000
2022-05-20 19:29:20,898 epoch 2 - iter 80/107 - loss 0.21160585 - samples/sec: 99.91 - lr: 0.100000
2022-05-20 19:29:22,434 epoch 2 - iter 90/107 - loss 0.20992058 - samples/sec: 208.47 - lr: 0.100000
2022-05-20 19:29:24,100 epoch 2 - iter 100/107 - loss 0.20669866 - samples/sec: 192.19 - lr: 0.100000
2022-05-20 19:29:25,046 ----------------------------------------------------------------------------------------------------
2022-05-20 19:29:25,047 EPOCH 2 done: loss 0.2052 - lr 0.100000
2022-05-20 19:29:32,480 Evaluating as a multi-label problem: False
2022-05-20 19:29:32,490 DEV : loss 0.3398536741733551 - f1-score (micro avg)  0.3003
2022-05-20 19:29:32,558 BAD EPOCHS (no improvement): 0
2022-05-20 19:29:32,560 saving best model
2022-05-20 19:29:42,558 ----------------------------------------------------------------------------------------------------
2022-05-20 19:29:45,407 epoch 3 - iter 10/107 - loss 0.18524796 - samples/sec: 112.38 - lr: 0.100000
2022-05-20 19:29:47,868 epoch 3 - iter 20/107 - loss 0.18036233 - samples/sec: 130.06 - lr: 0.100000
2022-05-20 19:29:50,107 epoch 3 - iter 30/107 - loss 0.17122149 - samples/sec: 143.01 - lr: 0.100000
2022-05-20 19:29:52,637 epoch 3 - iter 40/107 - loss 0.16602741 - samples/sec: 126.54 - lr: 0.100000
2022-05-20 19:29:54,697 epoch 3 - iter 50/107 - loss 0.16468010 - samples/sec: 155.43 - lr: 0.100000
2022-05-20 19:29:56,228 epoch 3 - iter 60/107 - loss 0.16733329 - samples/sec: 209.15 - lr: 0.100000
2022-05-20 19:29:57,826 epoch 3 - iter 70/107 - loss 0.16616238 - samples/sec: 200.37 - lr: 0.100000
2022-05-20 19:29:59,435 epoch 3 - iter 80/107 - loss 0.17097962 - samples/sec: 198.99 - lr: 0.100000
2022-05-20 19:30:01,534 epoch 3 - iter 90/107 - loss 0.17017381 - samples/sec: 152.52 - lr: 0.100000
2022-05-20 19:30:04,103 epoch 3 - iter 100/107 - loss 0.16833264 - samples/sec: 124.63 - lr: 0.100000
2022-05-20 19:30:05,615 ----------------------------------------------------------------------------------------------------
2022-05-20 19:30:05,615 EPOCH 3 done: loss 0.1696 - lr 0.100000
2022-05-20 19:30:13,902 Evaluating as a multi-label problem: False
2022-05-20 19:30:13,913 DEV : loss 0.25342506170272827 - f1-score (micro avg)  0.5012
2022-05-20 19:30:13,983 BAD EPOCHS (no improvement): 0
2022-05-20 19:30:13,985 saving best model
2022-05-20 19:30:24,333 ----------------------------------------------------------------------------------------------------
2022-05-20 19:30:26,840 epoch 4 - iter 10/107 - loss 0.15210402 - samples/sec: 127.73 - lr: 0.100000
2022-05-20 19:30:28,563 epoch 4 - iter 20/107 - loss 0.16096311 - samples/sec: 185.86 - lr: 0.100000
2022-05-20 19:30:30,139 epoch 4 - iter 30/107 - loss 0.15304641 - samples/sec: 203.16 - lr: 0.100000
2022-05-20 19:30:31,770 epoch 4 - iter 40/107 - loss 0.15400598 - samples/sec: 196.43 - lr: 0.100000
2022-05-20 19:30:33,267 epoch 4 - iter 50/107 - loss 0.14985199 - samples/sec: 213.84 - lr: 0.100000
2022-05-20 19:30:35,325 epoch 4 - iter 60/107 - loss 0.14964399 - samples/sec: 155.61 - lr: 0.100000
2022-05-20 19:30:37,878 epoch 4 - iter 70/107 - loss 0.15026039 - samples/sec: 125.39 - lr: 0.100000
2022-05-20 19:30:40,521 epoch 4 - iter 80/107 - loss 0.15048261 - samples/sec: 121.14 - lr: 0.100000
2022-05-20 19:30:43,295 epoch 4 - iter 90/107 - loss 0.14875230 - samples/sec: 115.39 - lr: 0.100000
2022-05-20 19:30:45,875 epoch 4 - iter 100/107 - loss 0.14812283 - samples/sec: 124.07 - lr: 0.100000
2022-05-20 19:30:47,448 ----------------------------------------------------------------------------------------------------
2022-05-20 19:30:47,448 EPOCH 4 done: loss 0.1471 - lr 0.100000
2022-05-20 19:30:55,566 Evaluating as a multi-label problem: False
2022-05-20 19:30:55,576 DEV : loss 0.24180370569229126 - f1-score (micro avg)  0.4437
2022-05-20 19:30:55,647 BAD EPOCHS (no improvement): 1
2022-05-20 19:30:55,649 ----------------------------------------------------------------------------------------------------
2022-05-20 19:30:58,359 epoch 5 - iter 10/107 - loss 0.13847555 - samples/sec: 118.15 - lr: 0.100000
2022-05-20 19:31:00,800 epoch 5 - iter 20/107 - loss 0.13503602 - samples/sec: 131.14 - lr: 0.100000
2022-05-20 19:31:02,932 epoch 5 - iter 30/107 - loss 0.14924237 - samples/sec: 150.12 - lr: 0.100000
2022-05-20 19:31:05,345 epoch 5 - iter 40/107 - loss 0.14317029 - samples/sec: 132.67 - lr: 0.100000
2022-05-20 19:31:07,606 epoch 5 - iter 50/107 - loss 0.14190388 - samples/sec: 141.65 - lr: 0.100000
2022-05-20 19:31:09,225 epoch 5 - iter 60/107 - loss 0.14158186 - samples/sec: 197.77 - lr: 0.100000
2022-05-20 19:31:10,715 epoch 5 - iter 70/107 - loss 0.14240539 - samples/sec: 214.95 - lr: 0.100000
2022-05-20 19:31:12,345 epoch 5 - iter 80/107 - loss 0.13925319 - samples/sec: 196.41 - lr: 0.100000
2022-05-20 19:31:13,944 epoch 5 - iter 90/107 - loss 0.13658489 - samples/sec: 200.29 - lr: 0.100000
2022-05-20 19:31:16,308 epoch 5 - iter 100/107 - loss 0.13356116 - samples/sec: 135.42 - lr: 0.100000
2022-05-20 19:31:17,936 ----------------------------------------------------------------------------------------------------
2022-05-20 19:31:17,936 EPOCH 5 done: loss 0.1333 - lr 0.100000
2022-05-20 19:31:25,868 Evaluating as a multi-label problem: False
2022-05-20 19:31:25,879 DEV : loss 0.26847562193870544 - f1-score (micro avg)  0.4114
2022-05-20 19:31:25,946 BAD EPOCHS (no improvement): 2
2022-05-20 19:31:25,949 ----------------------------------------------------------------------------------------------------
2022-05-20 19:31:30,109 epoch 6 - iter 10/107 - loss 0.13595598 - samples/sec: 76.94 - lr: 0.100000
2022-05-20 19:31:32,682 epoch 6 - iter 20/107 - loss 0.12814407 - samples/sec: 124.40 - lr: 0.100000
2022-05-20 19:31:35,293 epoch 6 - iter 30/107 - loss 0.12757356 - samples/sec: 122.59 - lr: 0.100000
2022-05-20 19:31:37,939 epoch 6 - iter 40/107 - loss 0.12199699 - samples/sec: 120.99 - lr: 0.100000
2022-05-20 19:31:40,212 epoch 6 - iter 50/107 - loss 0.12394074 - samples/sec: 140.86 - lr: 0.100000
2022-05-20 19:31:42,550 epoch 6 - iter 60/107 - loss 0.12442830 - samples/sec: 136.95 - lr: 0.100000
2022-05-20 19:31:44,855 epoch 6 - iter 70/107 - loss 0.12458868 - samples/sec: 138.92 - lr: 0.100000
2022-05-20 19:31:47,159 epoch 6 - iter 80/107 - loss 0.12609362 - samples/sec: 138.90 - lr: 0.100000
2022-05-20 19:31:48,691 epoch 6 - iter 90/107 - loss 0.12518321 - samples/sec: 209.11 - lr: 0.100000
2022-05-20 19:31:50,227 epoch 6 - iter 100/107 - loss 0.12323616 - samples/sec: 208.47 - lr: 0.100000
2022-05-20 19:31:51,188 ----------------------------------------------------------------------------------------------------
2022-05-20 19:31:51,188 EPOCH 6 done: loss 0.1231 - lr 0.100000
2022-05-20 19:31:58,165 Evaluating as a multi-label problem: False
2022-05-20 19:31:58,175 DEV : loss 0.2878194749355316 - f1-score (micro avg)  0.3648
2022-05-20 19:31:58,246 BAD EPOCHS (no improvement): 3
2022-05-20 19:31:58,248 ----------------------------------------------------------------------------------------------------
2022-05-20 19:32:00,849 epoch 7 - iter 10/107 - loss 0.10470493 - samples/sec: 123.06 - lr: 0.100000
2022-05-20 19:32:03,290 epoch 7 - iter 20/107 - loss 0.10582810 - samples/sec: 131.19 - lr: 0.100000
2022-05-20 19:32:05,843 epoch 7 - iter 30/107 - loss 0.11158311 - samples/sec: 125.37 - lr: 0.100000
2022-05-20 19:32:08,988 epoch 7 - iter 40/107 - loss 0.11581756 - samples/sec: 101.79 - lr: 0.100000
2022-05-20 19:32:11,729 epoch 7 - iter 50/107 - loss 0.11510757 - samples/sec: 116.79 - lr: 0.100000
2022-05-20 19:32:14,688 epoch 7 - iter 60/107 - loss 0.11363723 - samples/sec: 108.21 - lr: 0.100000
2022-05-20 19:32:16,894 epoch 7 - iter 70/107 - loss 0.11294279 - samples/sec: 145.08 - lr: 0.100000
2022-05-20 19:32:19,606 epoch 7 - iter 80/107 - loss 0.11436037 - samples/sec: 118.05 - lr: 0.100000
2022-05-20 19:32:22,007 epoch 7 - iter 90/107 - loss 0.11540667 - samples/sec: 133.35 - lr: 0.100000
2022-05-20 19:32:24,244 epoch 7 - iter 100/107 - loss 0.11767235 - samples/sec: 143.11 - lr: 0.100000
2022-05-20 19:32:25,697 ----------------------------------------------------------------------------------------------------
2022-05-20 19:32:25,698 EPOCH 7 done: loss 0.1173 - lr 0.100000
2022-05-20 19:32:31,782 Evaluating as a multi-label problem: False
2022-05-20 19:32:31,793 DEV : loss 0.21194833517074585 - f1-score (micro avg)  0.5074
2022-05-20 19:32:31,861 BAD EPOCHS (no improvement): 0
2022-05-20 19:32:31,864 saving best model
2022-05-20 19:32:42,639 ----------------------------------------------------------------------------------------------------
2022-05-20 19:32:45,442 epoch 8 - iter 10/107 - loss 0.12435481 - samples/sec: 114.21 - lr: 0.100000
2022-05-20 19:32:47,958 epoch 8 - iter 20/107 - loss 0.11503047 - samples/sec: 127.28 - lr: 0.100000
2022-05-20 19:32:50,436 epoch 8 - iter 30/107 - loss 0.11757756 - samples/sec: 129.18 - lr: 0.100000
2022-05-20 19:32:53,327 epoch 8 - iter 40/107 - loss 0.10965162 - samples/sec: 110.72 - lr: 0.100000
2022-05-20 19:32:55,747 epoch 8 - iter 50/107 - loss 0.11198475 - samples/sec: 132.28 - lr: 0.100000
2022-05-20 19:32:58,629 epoch 8 - iter 60/107 - loss 0.10808751 - samples/sec: 111.08 - lr: 0.100000
2022-05-20 19:33:00,725 epoch 8 - iter 70/107 - loss 0.11072340 - samples/sec: 152.77 - lr: 0.100000
2022-05-20 19:33:03,127 epoch 8 - iter 80/107 - loss 0.10836551 - samples/sec: 133.27 - lr: 0.100000
2022-05-20 19:33:05,462 epoch 8 - iter 90/107 - loss 0.10897052 - samples/sec: 137.09 - lr: 0.100000
2022-05-20 19:33:07,929 epoch 8 - iter 100/107 - loss 0.10708622 - samples/sec: 129.77 - lr: 0.100000
2022-05-20 19:33:09,645 ----------------------------------------------------------------------------------------------------
2022-05-20 19:33:09,645 EPOCH 8 done: loss 0.1060 - lr 0.100000
2022-05-20 19:33:17,758 Evaluating as a multi-label problem: False
2022-05-20 19:33:17,769 DEV : loss 0.20243753492832184 - f1-score (micro avg)  0.4612
2022-05-20 19:33:17,839 BAD EPOCHS (no improvement): 1
2022-05-20 19:33:17,853 ----------------------------------------------------------------------------------------------------
2022-05-20 19:33:20,741 epoch 9 - iter 10/107 - loss 0.09841544 - samples/sec: 110.86 - lr: 0.100000
2022-05-20 19:33:23,158 epoch 9 - iter 20/107 - loss 0.09615209 - samples/sec: 132.48 - lr: 0.100000
2022-05-20 19:33:25,984 epoch 9 - iter 30/107 - loss 0.10014865 - samples/sec: 113.28 - lr: 0.100000
2022-05-20 19:33:28,466 epoch 9 - iter 40/107 - loss 0.10231267 - samples/sec: 128.95 - lr: 0.100000
2022-05-20 19:33:31,146 epoch 9 - iter 50/107 - loss 0.10544997 - samples/sec: 119.46 - lr: 0.100000
2022-05-20 19:33:34,015 epoch 9 - iter 60/107 - loss 0.10383632 - samples/sec: 111.58 - lr: 0.100000
2022-05-20 19:33:36,245 epoch 9 - iter 70/107 - loss 0.10353649 - samples/sec: 143.57 - lr: 0.100000
2022-05-20 19:33:38,591 epoch 9 - iter 80/107 - loss 0.10412281 - samples/sec: 136.44 - lr: 0.100000
2022-05-20 19:33:40,842 epoch 9 - iter 90/107 - loss 0.10473792 - samples/sec: 142.23 - lr: 0.100000
2022-05-20 19:33:43,352 epoch 9 - iter 100/107 - loss 0.10236064 - samples/sec: 127.54 - lr: 0.100000
2022-05-20 19:33:45,076 ----------------------------------------------------------------------------------------------------
2022-05-20 19:33:45,076 EPOCH 9 done: loss 0.1017 - lr 0.100000
2022-05-20 19:33:53,193 Evaluating as a multi-label problem: False
2022-05-20 19:33:53,204 DEV : loss 0.22920355200767517 - f1-score (micro avg)  0.4549
2022-05-20 19:33:53,273 BAD EPOCHS (no improvement): 2
2022-05-20 19:33:53,276 ----------------------------------------------------------------------------------------------------
2022-05-20 19:33:55,972 epoch 10 - iter 10/107 - loss 0.09296517 - samples/sec: 118.72 - lr: 0.100000
2022-05-20 19:33:58,438 epoch 10 - iter 20/107 - loss 0.09268650 - samples/sec: 129.83 - lr: 0.100000
2022-05-20 19:34:01,262 epoch 10 - iter 30/107 - loss 0.09086814 - samples/sec: 113.33 - lr: 0.100000
2022-05-20 19:34:03,986 epoch 10 - iter 40/107 - loss 0.09265503 - samples/sec: 117.56 - lr: 0.100000
2022-05-20 19:34:06,464 epoch 10 - iter 50/107 - loss 0.08932777 - samples/sec: 129.15 - lr: 0.100000
2022-05-20 19:34:08,812 epoch 10 - iter 60/107 - loss 0.09100791 - samples/sec: 136.36 - lr: 0.100000
2022-05-20 19:34:11,053 epoch 10 - iter 70/107 - loss 0.09299329 - samples/sec: 142.89 - lr: 0.100000
2022-05-20 19:34:13,183 epoch 10 - iter 80/107 - loss 0.09557303 - samples/sec: 150.28 - lr: 0.100000
2022-05-20 19:34:15,709 epoch 10 - iter 90/107 - loss 0.09461335 - samples/sec: 126.77 - lr: 0.100000
2022-05-20 19:34:18,574 epoch 10 - iter 100/107 - loss 0.09489900 - samples/sec: 111.70 - lr: 0.100000
2022-05-20 19:34:20,139 ----------------------------------------------------------------------------------------------------
2022-05-20 19:34:20,139 EPOCH 10 done: loss 0.0959 - lr 0.100000
2022-05-20 19:34:28,357 Evaluating as a multi-label problem: False
2022-05-20 19:34:28,368 DEV : loss 0.18660710752010345 - f1-score (micro avg)  0.5325
2022-05-20 19:34:28,437 BAD EPOCHS (no improvement): 0
2022-05-20 19:34:28,439 saving best model
2022-05-20 19:34:38,888 ----------------------------------------------------------------------------------------------------
2022-05-20 19:34:41,403 epoch 11 - iter 10/107 - loss 0.09240773 - samples/sec: 127.32 - lr: 0.100000
2022-05-20 19:34:43,904 epoch 11 - iter 20/107 - loss 0.09132473 - samples/sec: 127.96 - lr: 0.100000
2022-05-20 19:34:46,425 epoch 11 - iter 30/107 - loss 0.09277051 - samples/sec: 127.00 - lr: 0.100000
2022-05-20 19:34:48,838 epoch 11 - iter 40/107 - loss 0.09160474 - samples/sec: 132.65 - lr: 0.100000
2022-05-20 19:34:51,880 epoch 11 - iter 50/107 - loss 0.09078410 - samples/sec: 105.24 - lr: 0.100000
2022-05-20 19:34:54,381 epoch 11 - iter 60/107 - loss 0.09038472 - samples/sec: 127.99 - lr: 0.100000
2022-05-20 19:34:56,920 epoch 11 - iter 70/107 - loss 0.09227320 - samples/sec: 126.10 - lr: 0.100000
2022-05-20 19:34:59,564 epoch 11 - iter 80/107 - loss 0.09241289 - samples/sec: 121.09 - lr: 0.100000
2022-05-20 19:35:01,991 epoch 11 - iter 90/107 - loss 0.09202028 - samples/sec: 131.92 - lr: 0.100000
2022-05-20 19:35:04,731 epoch 11 - iter 100/107 - loss 0.09242010 - samples/sec: 116.83 - lr: 0.100000
2022-05-20 19:35:06,505 ----------------------------------------------------------------------------------------------------
2022-05-20 19:35:06,505 EPOCH 11 done: loss 0.0929 - lr 0.100000
2022-05-20 19:35:12,584 Evaluating as a multi-label problem: False
2022-05-20 19:35:12,595 DEV : loss 0.17730742692947388 - f1-score (micro avg)  0.5114
2022-05-20 19:35:12,665 BAD EPOCHS (no improvement): 1
2022-05-20 19:35:12,680 ----------------------------------------------------------------------------------------------------
2022-05-20 19:35:15,057 epoch 12 - iter 10/107 - loss 0.09274293 - samples/sec: 134.74 - lr: 0.100000
2022-05-20 19:35:17,502 epoch 12 - iter 20/107 - loss 0.08895427 - samples/sec: 130.89 - lr: 0.100000
2022-05-20 19:35:19,995 epoch 12 - iter 30/107 - loss 0.09017499 - samples/sec: 128.41 - lr: 0.100000
2022-05-20 19:35:22,711 epoch 12 - iter 40/107 - loss 0.09023864 - samples/sec: 117.86 - lr: 0.100000
2022-05-20 19:35:25,474 epoch 12 - iter 50/107 - loss 0.08917103 - samples/sec: 115.88 - lr: 0.100000
2022-05-20 19:35:28,016 epoch 12 - iter 60/107 - loss 0.08977930 - samples/sec: 125.94 - lr: 0.100000
2022-05-20 19:35:30,766 epoch 12 - iter 70/107 - loss 0.08951004 - samples/sec: 116.38 - lr: 0.100000
2022-05-20 19:35:33,498 epoch 12 - iter 80/107 - loss 0.08777903 - samples/sec: 117.18 - lr: 0.100000
2022-05-20 19:35:36,147 epoch 12 - iter 90/107 - loss 0.09062375 - samples/sec: 120.84 - lr: 0.100000
2022-05-20 19:35:38,612 epoch 12 - iter 100/107 - loss 0.09076482 - samples/sec: 129.89 - lr: 0.100000
2022-05-20 19:35:40,130 ----------------------------------------------------------------------------------------------------
2022-05-20 19:35:40,130 EPOCH 12 done: loss 0.0897 - lr 0.100000
2022-05-20 19:35:47,985 Evaluating as a multi-label problem: False
2022-05-20 19:35:47,996 DEV : loss 0.18737712502479553 - f1-score (micro avg)  0.5073
2022-05-20 19:35:48,064 BAD EPOCHS (no improvement): 2
2022-05-20 19:35:48,067 ----------------------------------------------------------------------------------------------------
2022-05-20 19:35:50,802 epoch 13 - iter 10/107 - loss 0.07929605 - samples/sec: 117.01 - lr: 0.100000
2022-05-20 19:35:53,282 epoch 13 - iter 20/107 - loss 0.07998899 - samples/sec: 129.11 - lr: 0.100000
2022-05-20 19:35:55,904 epoch 13 - iter 30/107 - loss 0.08289679 - samples/sec: 122.07 - lr: 0.100000
2022-05-20 19:35:58,307 epoch 13 - iter 40/107 - loss 0.08560323 - samples/sec: 133.22 - lr: 0.100000
2022-05-20 19:36:01,115 epoch 13 - iter 50/107 - loss 0.08849133 - samples/sec: 114.01 - lr: 0.100000
2022-05-20 19:36:03,533 epoch 13 - iter 60/107 - loss 0.08711853 - samples/sec: 132.40 - lr: 0.100000
2022-05-20 19:36:06,022 epoch 13 - iter 70/107 - loss 0.08651427 - samples/sec: 128.60 - lr: 0.100000
2022-05-20 19:36:08,535 epoch 13 - iter 80/107 - loss 0.08682885 - samples/sec: 127.37 - lr: 0.100000
2022-05-20 19:36:11,086 epoch 13 - iter 90/107 - loss 0.08521531 - samples/sec: 125.50 - lr: 0.100000
2022-05-20 19:36:13,586 epoch 13 - iter 100/107 - loss 0.08443916 - samples/sec: 128.04 - lr: 0.100000
2022-05-20 19:36:14,827 ----------------------------------------------------------------------------------------------------
2022-05-20 19:36:14,827 EPOCH 13 done: loss 0.0855 - lr 0.100000
2022-05-20 19:36:21,581 Evaluating as a multi-label problem: False
2022-05-20 19:36:21,592 DEV : loss 0.20339766144752502 - f1-score (micro avg)  0.5214
2022-05-20 19:36:21,662 BAD EPOCHS (no improvement): 3
2022-05-20 19:36:21,664 ----------------------------------------------------------------------------------------------------
2022-05-20 19:36:24,238 epoch 14 - iter 10/107 - loss 0.07400774 - samples/sec: 124.40 - lr: 0.100000
2022-05-20 19:36:26,764 epoch 14 - iter 20/107 - loss 0.07811862 - samples/sec: 126.76 - lr: 0.100000
2022-05-20 19:36:29,401 epoch 14 - iter 30/107 - loss 0.07780537 - samples/sec: 121.39 - lr: 0.100000
2022-05-20 19:36:31,774 epoch 14 - iter 40/107 - loss 0.07778441 - samples/sec: 134.86 - lr: 0.100000
2022-05-20 19:36:34,276 epoch 14 - iter 50/107 - loss 0.08119062 - samples/sec: 127.99 - lr: 0.100000
2022-05-20 19:36:36,872 epoch 14 - iter 60/107 - loss 0.07988548 - samples/sec: 123.27 - lr: 0.100000
2022-05-20 19:36:39,472 epoch 14 - iter 70/107 - loss 0.07901609 - samples/sec: 123.13 - lr: 0.100000
2022-05-20 19:36:41,933 epoch 14 - iter 80/107 - loss 0.07907352 - samples/sec: 130.08 - lr: 0.100000
2022-05-20 19:36:44,580 epoch 14 - iter 90/107 - loss 0.07986940 - samples/sec: 120.93 - lr: 0.100000
2022-05-20 19:36:47,030 epoch 14 - iter 100/107 - loss 0.08084367 - samples/sec: 130.69 - lr: 0.100000
2022-05-20 19:36:48,268 ----------------------------------------------------------------------------------------------------
2022-05-20 19:36:48,269 EPOCH 14 done: loss 0.0810 - lr 0.100000
2022-05-20 19:36:55,424 Evaluating as a multi-label problem: False
2022-05-20 19:36:55,435 DEV : loss 0.18005993962287903 - f1-score (micro avg)  0.5374
2022-05-20 19:36:55,504 BAD EPOCHS (no improvement): 0
2022-05-20 19:36:55,507 saving best model
2022-05-20 19:37:05,916 ----------------------------------------------------------------------------------------------------
2022-05-20 19:37:08,430 epoch 15 - iter 10/107 - loss 0.07670798 - samples/sec: 127.40 - lr: 0.100000
2022-05-20 19:37:10,847 epoch 15 - iter 20/107 - loss 0.07853319 - samples/sec: 132.46 - lr: 0.100000
2022-05-20 19:37:13,080 epoch 15 - iter 30/107 - loss 0.08149423 - samples/sec: 143.38 - lr: 0.100000
2022-05-20 19:37:15,235 epoch 15 - iter 40/107 - loss 0.07994186 - samples/sec: 148.55 - lr: 0.100000
2022-05-20 19:37:17,484 epoch 15 - iter 50/107 - loss 0.07460648 - samples/sec: 142.33 - lr: 0.100000
2022-05-20 19:37:19,821 epoch 15 - iter 60/107 - loss 0.07705524 - samples/sec: 137.00 - lr: 0.100000
2022-05-20 19:37:22,324 epoch 15 - iter 70/107 - loss 0.07709335 - samples/sec: 127.92 - lr: 0.100000
2022-05-20 19:37:25,037 epoch 15 - iter 80/107 - loss 0.07471598 - samples/sec: 117.98 - lr: 0.100000
2022-05-20 19:37:27,497 epoch 15 - iter 90/107 - loss 0.07509025 - samples/sec: 130.10 - lr: 0.100000
2022-05-20 19:37:30,129 epoch 15 - iter 100/107 - loss 0.07540032 - samples/sec: 121.65 - lr: 0.100000
2022-05-20 19:37:31,666 ----------------------------------------------------------------------------------------------------
2022-05-20 19:37:31,666 EPOCH 15 done: loss 0.0760 - lr 0.100000
2022-05-20 19:37:39,702 Evaluating as a multi-label problem: False
2022-05-20 19:37:39,713 DEV : loss 0.17915649712085724 - f1-score (micro avg)  0.5146
2022-05-20 19:37:39,783 BAD EPOCHS (no improvement): 1
2022-05-20 19:37:39,786 ----------------------------------------------------------------------------------------------------
2022-05-20 19:37:42,725 epoch 16 - iter 10/107 - loss 0.07912324 - samples/sec: 108.92 - lr: 0.100000
2022-05-20 19:37:45,208 epoch 16 - iter 20/107 - loss 0.07187424 - samples/sec: 128.94 - lr: 0.100000
2022-05-20 19:37:47,270 epoch 16 - iter 30/107 - loss 0.06912887 - samples/sec: 155.28 - lr: 0.100000
2022-05-20 19:37:49,539 epoch 16 - iter 40/107 - loss 0.07347560 - samples/sec: 141.04 - lr: 0.100000
2022-05-20 19:37:51,599 epoch 16 - iter 50/107 - loss 0.07474862 - samples/sec: 155.47 - lr: 0.100000
2022-05-20 19:37:53,830 epoch 16 - iter 60/107 - loss 0.07339999 - samples/sec: 143.47 - lr: 0.100000
2022-05-20 19:37:56,241 epoch 16 - iter 70/107 - loss 0.07383643 - samples/sec: 132.78 - lr: 0.100000
2022-05-20 19:37:58,794 epoch 16 - iter 80/107 - loss 0.07489885 - samples/sec: 125.37 - lr: 0.100000
2022-05-20 19:38:01,351 epoch 16 - iter 90/107 - loss 0.07518929 - samples/sec: 125.20 - lr: 0.100000
2022-05-20 19:38:04,215 epoch 16 - iter 100/107 - loss 0.07628565 - samples/sec: 111.75 - lr: 0.100000
2022-05-20 19:38:05,902 ----------------------------------------------------------------------------------------------------
2022-05-20 19:38:05,902 EPOCH 16 done: loss 0.0752 - lr 0.100000
2022-05-20 19:38:13,953 Evaluating as a multi-label problem: False
2022-05-20 19:38:13,963 DEV : loss 0.2054312825202942 - f1-score (micro avg)  0.4759
2022-05-20 19:38:14,036 BAD EPOCHS (no improvement): 2
2022-05-20 19:38:14,043 ----------------------------------------------------------------------------------------------------
2022-05-20 19:38:16,897 epoch 17 - iter 10/107 - loss 0.06826124 - samples/sec: 112.17 - lr: 0.100000
2022-05-20 19:38:19,341 epoch 17 - iter 20/107 - loss 0.06195516 - samples/sec: 131.00 - lr: 0.100000
2022-05-20 19:38:21,467 epoch 17 - iter 30/107 - loss 0.06239763 - samples/sec: 150.60 - lr: 0.100000
2022-05-20 19:38:23,791 epoch 17 - iter 40/107 - loss 0.06257951 - samples/sec: 137.76 - lr: 0.100000
2022-05-20 19:38:26,091 epoch 17 - iter 50/107 - loss 0.06484535 - samples/sec: 139.19 - lr: 0.100000
2022-05-20 19:38:28,509 epoch 17 - iter 60/107 - loss 0.06668090 - samples/sec: 132.39 - lr: 0.100000
2022-05-20 19:38:31,108 epoch 17 - iter 70/107 - loss 0.06833129 - samples/sec: 123.14 - lr: 0.100000
2022-05-20 19:38:33,862 epoch 17 - iter 80/107 - loss 0.06964315 - samples/sec: 116.25 - lr: 0.100000
2022-05-20 19:38:36,544 epoch 17 - iter 90/107 - loss 0.06980186 - samples/sec: 119.35 - lr: 0.100000
2022-05-20 19:38:39,328 epoch 17 - iter 100/107 - loss 0.07046433 - samples/sec: 114.98 - lr: 0.100000
2022-05-20 19:38:40,830 ----------------------------------------------------------------------------------------------------
2022-05-20 19:38:40,831 EPOCH 17 done: loss 0.0708 - lr 0.100000
2022-05-20 19:38:49,204 Evaluating as a multi-label problem: False
2022-05-20 19:38:49,215 DEV : loss 0.17624695599079132 - f1-score (micro avg)  0.546
2022-05-20 19:38:49,285 BAD EPOCHS (no improvement): 0
2022-05-20 19:38:49,288 saving best model
2022-05-20 19:38:59,873 ----------------------------------------------------------------------------------------------------
2022-05-20 19:39:02,573 epoch 18 - iter 10/107 - loss 0.07524856 - samples/sec: 118.61 - lr: 0.100000
2022-05-20 19:39:05,215 epoch 18 - iter 20/107 - loss 0.07497465 - samples/sec: 121.18 - lr: 0.100000
2022-05-20 19:39:07,809 epoch 18 - iter 30/107 - loss 0.06732589 - samples/sec: 123.42 - lr: 0.100000
2022-05-20 19:39:10,468 epoch 18 - iter 40/107 - loss 0.06777602 - samples/sec: 120.39 - lr: 0.100000
2022-05-20 19:39:12,953 epoch 18 - iter 50/107 - loss 0.06740645 - samples/sec: 128.84 - lr: 0.100000
2022-05-20 19:39:15,553 epoch 18 - iter 60/107 - loss 0.06757410 - samples/sec: 123.13 - lr: 0.100000
2022-05-20 19:39:17,909 epoch 18 - iter 70/107 - loss 0.07077286 - samples/sec: 135.85 - lr: 0.100000
2022-05-20 19:39:20,377 epoch 18 - iter 80/107 - loss 0.07107976 - samples/sec: 129.75 - lr: 0.100000
2022-05-20 19:39:22,581 epoch 18 - iter 90/107 - loss 0.07175466 - samples/sec: 145.22 - lr: 0.100000
2022-05-20 19:39:24,923 epoch 18 - iter 100/107 - loss 0.07107370 - samples/sec: 136.68 - lr: 0.100000
2022-05-20 19:39:26,231 ----------------------------------------------------------------------------------------------------
2022-05-20 19:39:26,231 EPOCH 18 done: loss 0.0710 - lr 0.100000
2022-05-20 19:39:34,039 Evaluating as a multi-label problem: False
2022-05-20 19:39:34,050 DEV : loss 0.21808695793151855 - f1-score (micro avg)  0.4641
2022-05-20 19:39:34,120 BAD EPOCHS (no improvement): 1
2022-05-20 19:39:34,122 ----------------------------------------------------------------------------------------------------
2022-05-20 19:39:36,953 epoch 19 - iter 10/107 - loss 0.06226639 - samples/sec: 113.08 - lr: 0.100000
2022-05-20 19:39:39,387 epoch 19 - iter 20/107 - loss 0.06456102 - samples/sec: 131.53 - lr: 0.100000
2022-05-20 19:39:41,804 epoch 19 - iter 30/107 - loss 0.06403572 - samples/sec: 132.46 - lr: 0.100000
2022-05-20 19:39:44,183 epoch 19 - iter 40/107 - loss 0.06392870 - samples/sec: 134.54 - lr: 0.100000
2022-05-20 19:39:46,673 epoch 19 - iter 50/107 - loss 0.06542198 - samples/sec: 128.58 - lr: 0.100000
2022-05-20 19:39:49,280 epoch 19 - iter 60/107 - loss 0.06351984 - samples/sec: 122.82 - lr: 0.100000
2022-05-20 19:39:51,711 epoch 19 - iter 70/107 - loss 0.06451942 - samples/sec: 131.67 - lr: 0.100000
2022-05-20 19:39:54,085 epoch 19 - iter 80/107 - loss 0.06374373 - samples/sec: 134.87 - lr: 0.100000
2022-05-20 19:39:56,211 epoch 19 - iter 90/107 - loss 0.06414679 - samples/sec: 150.59 - lr: 0.100000
2022-05-20 19:39:58,550 epoch 19 - iter 100/107 - loss 0.06513767 - samples/sec: 136.86 - lr: 0.100000
2022-05-20 19:39:59,966 ----------------------------------------------------------------------------------------------------
2022-05-20 19:39:59,966 EPOCH 19 done: loss 0.0661 - lr 0.100000
2022-05-20 19:40:09,081 Evaluating as a multi-label problem: False
2022-05-20 19:40:09,091 DEV : loss 0.2293611317873001 - f1-score (micro avg)  0.4589
2022-05-20 19:40:09,163 BAD EPOCHS (no improvement): 2
2022-05-20 19:40:09,165 ----------------------------------------------------------------------------------------------------
2022-05-20 19:40:11,953 epoch 20 - iter 10/107 - loss 0.06655676 - samples/sec: 114.82 - lr: 0.100000
2022-05-20 19:40:14,307 epoch 20 - iter 20/107 - loss 0.06401368 - samples/sec: 136.02 - lr: 0.100000
2022-05-20 19:40:16,762 epoch 20 - iter 30/107 - loss 0.06109944 - samples/sec: 130.40 - lr: 0.100000
2022-05-20 19:40:19,212 epoch 20 - iter 40/107 - loss 0.06198229 - samples/sec: 130.66 - lr: 0.100000
2022-05-20 19:40:21,689 epoch 20 - iter 50/107 - loss 0.06088738 - samples/sec: 129.23 - lr: 0.100000
2022-05-20 19:40:24,197 epoch 20 - iter 60/107 - loss 0.06297683 - samples/sec: 127.63 - lr: 0.100000
2022-05-20 19:40:26,496 epoch 20 - iter 70/107 - loss 0.06179870 - samples/sec: 139.23 - lr: 0.100000
2022-05-20 19:40:28,627 epoch 20 - iter 80/107 - loss 0.06396361 - samples/sec: 150.24 - lr: 0.100000
2022-05-20 19:40:30,884 epoch 20 - iter 90/107 - loss 0.06361311 - samples/sec: 141.87 - lr: 0.100000
2022-05-20 19:40:33,115 epoch 20 - iter 100/107 - loss 0.06339369 - samples/sec: 143.52 - lr: 0.100000
2022-05-20 19:40:34,634 ----------------------------------------------------------------------------------------------------
2022-05-20 19:40:34,634 EPOCH 20 done: loss 0.0632 - lr 0.100000
2022-05-20 19:40:42,553 Evaluating as a multi-label problem: False
2022-05-20 19:40:42,564 DEV : loss 0.18329322338104248 - f1-score (micro avg)  0.5269
2022-05-20 19:40:42,634 BAD EPOCHS (no improvement): 3
2022-05-20 19:40:42,636 ----------------------------------------------------------------------------------------------------
2022-05-20 19:40:45,177 epoch 21 - iter 10/107 - loss 0.05552996 - samples/sec: 126.02 - lr: 0.100000
2022-05-20 19:40:47,713 epoch 21 - iter 20/107 - loss 0.05830860 - samples/sec: 126.23 - lr: 0.100000
2022-05-20 19:40:50,485 epoch 21 - iter 30/107 - loss 0.06211576 - samples/sec: 115.46 - lr: 0.100000
2022-05-20 19:40:52,900 epoch 21 - iter 40/107 - loss 0.06374715 - samples/sec: 132.58 - lr: 0.100000
2022-05-20 19:40:55,646 epoch 21 - iter 50/107 - loss 0.05917762 - samples/sec: 116.56 - lr: 0.100000
2022-05-20 19:40:58,109 epoch 21 - iter 60/107 - loss 0.06004256 - samples/sec: 129.97 - lr: 0.100000
2022-05-20 19:41:00,549 epoch 21 - iter 70/107 - loss 0.05845790 - samples/sec: 131.20 - lr: 0.100000
2022-05-20 19:41:02,765 epoch 21 - iter 80/107 - loss 0.05701869 - samples/sec: 144.46 - lr: 0.100000
2022-05-20 19:41:05,029 epoch 21 - iter 90/107 - loss 0.06023505 - samples/sec: 141.38 - lr: 0.100000
2022-05-20 19:41:07,241 epoch 21 - iter 100/107 - loss 0.06051866 - samples/sec: 144.74 - lr: 0.100000
2022-05-20 19:41:08,801 ----------------------------------------------------------------------------------------------------
2022-05-20 19:41:08,801 EPOCH 21 done: loss 0.0611 - lr 0.100000
2022-05-20 19:41:16,754 Evaluating as a multi-label problem: False
2022-05-20 19:41:16,765 DEV : loss 0.22362524271011353 - f1-score (micro avg)  0.4536
2022-05-20 19:41:16,835 Epoch    21: reducing learning rate of group 0 to 5.0000e-02.
2022-05-20 19:41:16,835 BAD EPOCHS (no improvement): 4
2022-05-20 19:41:16,837 ----------------------------------------------------------------------------------------------------
2022-05-20 19:41:19,418 epoch 22 - iter 10/107 - loss 0.05099943 - samples/sec: 124.04 - lr: 0.050000
2022-05-20 19:41:22,242 epoch 22 - iter 20/107 - loss 0.05865493 - samples/sec: 113.35 - lr: 0.050000
2022-05-20 19:41:24,965 epoch 22 - iter 30/107 - loss 0.05776898 - samples/sec: 117.55 - lr: 0.050000
2022-05-20 19:41:27,458 epoch 22 - iter 40/107 - loss 0.05678788 - samples/sec: 128.41 - lr: 0.050000
2022-05-20 19:41:29,826 epoch 22 - iter 50/107 - loss 0.05702792 - samples/sec: 135.21 - lr: 0.050000
2022-05-20 19:41:32,802 epoch 22 - iter 60/107 - loss 0.05640647 - samples/sec: 107.57 - lr: 0.050000
2022-05-20 19:41:34,921 epoch 22 - iter 70/107 - loss 0.05429694 - samples/sec: 151.05 - lr: 0.050000
2022-05-20 19:41:37,332 epoch 22 - iter 80/107 - loss 0.05373042 - samples/sec: 132.78 - lr: 0.050000
2022-05-20 19:41:39,621 epoch 22 - iter 90/107 - loss 0.05449467 - samples/sec: 139.84 - lr: 0.050000
2022-05-20 19:41:41,915 epoch 22 - iter 100/107 - loss 0.05459734 - samples/sec: 139.58 - lr: 0.050000
2022-05-20 19:41:43,440 ----------------------------------------------------------------------------------------------------
2022-05-20 19:41:43,440 EPOCH 22 done: loss 0.0547 - lr 0.050000
2022-05-20 19:41:51,548 Evaluating as a multi-label problem: False
2022-05-20 19:41:51,559 DEV : loss 0.1954873651266098 - f1-score (micro avg)  0.5115
2022-05-20 19:41:51,630 BAD EPOCHS (no improvement): 1
2022-05-20 19:41:51,632 ----------------------------------------------------------------------------------------------------
2022-05-20 19:41:54,112 epoch 23 - iter 10/107 - loss 0.05949350 - samples/sec: 129.07 - lr: 0.050000
2022-05-20 19:41:56,593 epoch 23 - iter 20/107 - loss 0.04993542 - samples/sec: 129.04 - lr: 0.050000
2022-05-20 19:41:59,026 epoch 23 - iter 30/107 - loss 0.05248461 - samples/sec: 131.61 - lr: 0.050000
2022-05-20 19:42:01,876 epoch 23 - iter 40/107 - loss 0.05018513 - samples/sec: 112.32 - lr: 0.050000
2022-05-20 19:42:04,593 epoch 23 - iter 50/107 - loss 0.04981358 - samples/sec: 117.82 - lr: 0.050000
2022-05-20 19:42:07,022 epoch 23 - iter 60/107 - loss 0.05097552 - samples/sec: 131.79 - lr: 0.050000
2022-05-20 19:42:09,099 epoch 23 - iter 70/107 - loss 0.05090179 - samples/sec: 154.14 - lr: 0.050000
2022-05-20 19:42:11,366 epoch 23 - iter 80/107 - loss 0.05145788 - samples/sec: 141.22 - lr: 0.050000
2022-05-20 19:42:13,577 epoch 23 - iter 90/107 - loss 0.05255194 - samples/sec: 144.81 - lr: 0.050000
2022-05-20 19:42:16,009 epoch 23 - iter 100/107 - loss 0.05323706 - samples/sec: 131.63 - lr: 0.050000
2022-05-20 19:42:17,809 ----------------------------------------------------------------------------------------------------
2022-05-20 19:42:17,809 EPOCH 23 done: loss 0.0530 - lr 0.050000
2022-05-20 19:42:25,771 Evaluating as a multi-label problem: False
2022-05-20 19:42:25,781 DEV : loss 0.19469855725765228 - f1-score (micro avg)  0.5039
2022-05-20 19:42:25,851 BAD EPOCHS (no improvement): 2
2022-05-20 19:42:25,853 ----------------------------------------------------------------------------------------------------
2022-05-20 19:42:28,412 epoch 24 - iter 10/107 - loss 0.04677731 - samples/sec: 125.10 - lr: 0.050000
2022-05-20 19:42:30,928 epoch 24 - iter 20/107 - loss 0.04740311 - samples/sec: 127.26 - lr: 0.050000
2022-05-20 19:42:33,473 epoch 24 - iter 30/107 - loss 0.04880149 - samples/sec: 125.80 - lr: 0.050000
2022-05-20 19:42:35,905 epoch 24 - iter 40/107 - loss 0.05211766 - samples/sec: 131.65 - lr: 0.050000
2022-05-20 19:42:38,690 epoch 24 - iter 50/107 - loss 0.04973315 - samples/sec: 114.93 - lr: 0.050000
2022-05-20 19:42:40,809 epoch 24 - iter 60/107 - loss 0.04788014 - samples/sec: 151.11 - lr: 0.050000
2022-05-20 19:42:43,151 epoch 24 - iter 70/107 - loss 0.04747458 - samples/sec: 136.68 - lr: 0.050000
2022-05-20 19:42:45,389 epoch 24 - iter 80/107 - loss 0.04811915 - samples/sec: 143.02 - lr: 0.050000
2022-05-20 19:42:47,787 epoch 24 - iter 90/107 - loss 0.04817264 - samples/sec: 133.53 - lr: 0.050000
2022-05-20 19:42:50,240 epoch 24 - iter 100/107 - loss 0.04887734 - samples/sec: 130.46 - lr: 0.050000
2022-05-20 19:42:51,789 ----------------------------------------------------------------------------------------------------
2022-05-20 19:42:51,790 EPOCH 24 done: loss 0.0487 - lr 0.050000
2022-05-20 19:42:59,654 Evaluating as a multi-label problem: False
2022-05-20 19:42:59,665 DEV : loss 0.19588550925254822 - f1-score (micro avg)  0.5324
2022-05-20 19:42:59,737 BAD EPOCHS (no improvement): 3
2022-05-20 19:42:59,738 ----------------------------------------------------------------------------------------------------
2022-05-20 19:43:02,279 epoch 25 - iter 10/107 - loss 0.04874054 - samples/sec: 126.02 - lr: 0.050000
2022-05-20 19:43:04,813 epoch 25 - iter 20/107 - loss 0.04943332 - samples/sec: 126.35 - lr: 0.050000
2022-05-20 19:43:07,370 epoch 25 - iter 30/107 - loss 0.04775867 - samples/sec: 125.15 - lr: 0.050000
2022-05-20 19:43:10,039 epoch 25 - iter 40/107 - loss 0.04972901 - samples/sec: 119.94 - lr: 0.050000
2022-05-20 19:43:12,665 epoch 25 - iter 50/107 - loss 0.04907616 - samples/sec: 121.94 - lr: 0.050000
2022-05-20 19:43:14,775 epoch 25 - iter 60/107 - loss 0.04825460 - samples/sec: 151.71 - lr: 0.050000
2022-05-20 19:43:17,002 epoch 25 - iter 70/107 - loss 0.04781014 - samples/sec: 143.79 - lr: 0.050000
2022-05-20 19:43:19,309 epoch 25 - iter 80/107 - loss 0.04724220 - samples/sec: 138.74 - lr: 0.050000
2022-05-20 19:43:21,769 epoch 25 - iter 90/107 - loss 0.04675316 - samples/sec: 130.15 - lr: 0.050000
2022-05-20 19:43:24,199 epoch 25 - iter 100/107 - loss 0.04662460 - samples/sec: 131.76 - lr: 0.050000
2022-05-20 19:43:25,700 ----------------------------------------------------------------------------------------------------
2022-05-20 19:43:25,701 EPOCH 25 done: loss 0.0468 - lr 0.050000
2022-05-20 19:43:33,622 Evaluating as a multi-label problem: False
2022-05-20 19:43:33,633 DEV : loss 0.2125169336795807 - f1-score (micro avg)  0.5208
2022-05-20 19:43:33,703 Epoch    25: reducing learning rate of group 0 to 2.5000e-02.
2022-05-20 19:43:33,703 BAD EPOCHS (no improvement): 4
2022-05-20 19:43:33,706 ----------------------------------------------------------------------------------------------------
2022-05-20 19:43:36,245 epoch 26 - iter 10/107 - loss 0.04288451 - samples/sec: 126.09 - lr: 0.025000
2022-05-20 19:43:38,670 epoch 26 - iter 20/107 - loss 0.04177848 - samples/sec: 132.03 - lr: 0.025000
2022-05-20 19:43:40,710 epoch 26 - iter 30/107 - loss 0.04283221 - samples/sec: 156.90 - lr: 0.025000
2022-05-20 19:43:43,144 epoch 26 - iter 40/107 - loss 0.04402358 - samples/sec: 131.55 - lr: 0.025000
2022-05-20 19:43:45,507 epoch 26 - iter 50/107 - loss 0.04445766 - samples/sec: 135.44 - lr: 0.025000
2022-05-20 19:43:47,557 epoch 26 - iter 60/107 - loss 0.04401856 - samples/sec: 156.22 - lr: 0.025000
2022-05-20 19:43:49,829 epoch 26 - iter 70/107 - loss 0.04515215 - samples/sec: 140.86 - lr: 0.025000
2022-05-20 19:43:52,178 epoch 26 - iter 80/107 - loss 0.04451589 - samples/sec: 136.28 - lr: 0.025000
2022-05-20 19:43:54,559 epoch 26 - iter 90/107 - loss 0.04513982 - samples/sec: 134.49 - lr: 0.025000
2022-05-20 19:43:57,061 epoch 26 - iter 100/107 - loss 0.04527819 - samples/sec: 127.95 - lr: 0.025000
2022-05-20 19:43:58,554 ----------------------------------------------------------------------------------------------------
2022-05-20 19:43:58,554 EPOCH 26 done: loss 0.0454 - lr 0.025000
2022-05-20 19:44:08,222 Evaluating as a multi-label problem: False
2022-05-20 19:44:08,232 DEV : loss 0.20623348653316498 - f1-score (micro avg)  0.5027
2022-05-20 19:44:08,302 BAD EPOCHS (no improvement): 1
2022-05-20 19:44:08,304 ----------------------------------------------------------------------------------------------------
2022-05-20 19:44:10,896 epoch 27 - iter 10/107 - loss 0.05191913 - samples/sec: 123.54 - lr: 0.025000
2022-05-20 19:44:13,333 epoch 27 - iter 20/107 - loss 0.05009163 - samples/sec: 131.36 - lr: 0.025000
2022-05-20 19:44:15,795 epoch 27 - iter 30/107 - loss 0.04818709 - samples/sec: 130.04 - lr: 0.025000
2022-05-20 19:44:18,093 epoch 27 - iter 40/107 - loss 0.04711836 - samples/sec: 139.30 - lr: 0.025000
2022-05-20 19:44:20,329 epoch 27 - iter 50/107 - loss 0.04450043 - samples/sec: 143.12 - lr: 0.025000
2022-05-20 19:44:22,688 epoch 27 - iter 60/107 - loss 0.04403805 - samples/sec: 135.71 - lr: 0.025000
2022-05-20 19:44:25,196 epoch 27 - iter 70/107 - loss 0.04378150 - samples/sec: 127.66 - lr: 0.025000
2022-05-20 19:44:27,859 epoch 27 - iter 80/107 - loss 0.04318972 - samples/sec: 120.23 - lr: 0.025000
2022-05-20 19:44:30,580 epoch 27 - iter 90/107 - loss 0.04273698 - samples/sec: 117.61 - lr: 0.025000
2022-05-20 19:44:33,263 epoch 27 - iter 100/107 - loss 0.04277162 - samples/sec: 119.34 - lr: 0.025000
2022-05-20 19:44:35,056 ----------------------------------------------------------------------------------------------------
2022-05-20 19:44:35,056 EPOCH 27 done: loss 0.0435 - lr 0.025000
2022-05-20 19:44:42,957 Evaluating as a multi-label problem: False
2022-05-20 19:44:42,968 DEV : loss 0.20864343643188477 - f1-score (micro avg)  0.515
2022-05-20 19:44:43,038 BAD EPOCHS (no improvement): 2
2022-05-20 19:44:43,041 ----------------------------------------------------------------------------------------------------
2022-05-20 19:44:45,600 epoch 28 - iter 10/107 - loss 0.04353374 - samples/sec: 125.10 - lr: 0.025000
2022-05-20 19:44:48,113 epoch 28 - iter 20/107 - loss 0.04007269 - samples/sec: 127.41 - lr: 0.025000
2022-05-20 19:44:50,508 epoch 28 - iter 30/107 - loss 0.04076722 - samples/sec: 133.68 - lr: 0.025000
2022-05-20 19:44:52,688 epoch 28 - iter 40/107 - loss 0.04158511 - samples/sec: 146.83 - lr: 0.025000
2022-05-20 19:44:54,998 epoch 28 - iter 50/107 - loss 0.04210666 - samples/sec: 138.62 - lr: 0.025000
2022-05-20 19:44:57,337 epoch 28 - iter 60/107 - loss 0.04191590 - samples/sec: 136.86 - lr: 0.025000
2022-05-20 19:44:59,873 epoch 28 - iter 70/107 - loss 0.04318931 - samples/sec: 126.20 - lr: 0.025000
2022-05-20 19:45:02,604 epoch 28 - iter 80/107 - loss 0.04289875 - samples/sec: 117.21 - lr: 0.025000
2022-05-20 19:45:05,218 epoch 28 - iter 90/107 - loss 0.04321212 - samples/sec: 122.49 - lr: 0.025000
2022-05-20 19:45:07,710 epoch 28 - iter 100/107 - loss 0.04224610 - samples/sec: 128.46 - lr: 0.025000
2022-05-20 19:45:09,178 ----------------------------------------------------------------------------------------------------
2022-05-20 19:45:09,178 EPOCH 28 done: loss 0.0421 - lr 0.025000
2022-05-20 19:45:17,333 Evaluating as a multi-label problem: False
2022-05-20 19:45:17,343 DEV : loss 0.20472365617752075 - f1-score (micro avg)  0.5178
2022-05-20 19:45:17,415 BAD EPOCHS (no improvement): 3
2022-05-20 19:45:17,418 ----------------------------------------------------------------------------------------------------
2022-05-20 19:45:20,207 epoch 29 - iter 10/107 - loss 0.03926704 - samples/sec: 114.79 - lr: 0.025000
2022-05-20 19:45:23,203 epoch 29 - iter 20/107 - loss 0.04143996 - samples/sec: 106.86 - lr: 0.025000
2022-05-20 19:45:25,340 epoch 29 - iter 30/107 - loss 0.04080299 - samples/sec: 149.83 - lr: 0.025000
2022-05-20 19:45:27,507 epoch 29 - iter 40/107 - loss 0.04185284 - samples/sec: 147.72 - lr: 0.025000
2022-05-20 19:45:29,830 epoch 29 - iter 50/107 - loss 0.04069071 - samples/sec: 137.81 - lr: 0.025000
2022-05-20 19:45:32,162 epoch 29 - iter 60/107 - loss 0.04024353 - samples/sec: 137.26 - lr: 0.025000
2022-05-20 19:45:34,562 epoch 29 - iter 70/107 - loss 0.04212054 - samples/sec: 133.40 - lr: 0.025000
2022-05-20 19:45:37,162 epoch 29 - iter 80/107 - loss 0.04172632 - samples/sec: 123.10 - lr: 0.025000
2022-05-20 19:45:39,532 epoch 29 - iter 90/107 - loss 0.04173949 - samples/sec: 135.12 - lr: 0.025000
2022-05-20 19:45:42,180 epoch 29 - iter 100/107 - loss 0.04149915 - samples/sec: 120.84 - lr: 0.025000
2022-05-20 19:45:44,066 ----------------------------------------------------------------------------------------------------
2022-05-20 19:45:44,066 EPOCH 29 done: loss 0.0409 - lr 0.025000
2022-05-20 19:45:52,293 Evaluating as a multi-label problem: False
2022-05-20 19:45:52,304 DEV : loss 0.2115602046251297 - f1-score (micro avg)  0.5156
2022-05-20 19:45:52,375 Epoch    29: reducing learning rate of group 0 to 1.2500e-02.
2022-05-20 19:45:52,375 BAD EPOCHS (no improvement): 4
2022-05-20 19:45:52,377 ----------------------------------------------------------------------------------------------------
2022-05-20 19:45:55,042 epoch 30 - iter 10/107 - loss 0.04070304 - samples/sec: 120.14 - lr: 0.012500
2022-05-20 19:45:57,492 epoch 30 - iter 20/107 - loss 0.04065692 - samples/sec: 130.64 - lr: 0.012500
2022-05-20 19:45:59,688 epoch 30 - iter 30/107 - loss 0.03967491 - samples/sec: 145.79 - lr: 0.012500
2022-05-20 19:46:01,956 epoch 30 - iter 40/107 - loss 0.03880685 - samples/sec: 141.19 - lr: 0.012500
2022-05-20 19:46:04,212 epoch 30 - iter 50/107 - loss 0.03795097 - samples/sec: 141.90 - lr: 0.012500
2022-05-20 19:46:06,675 epoch 30 - iter 60/107 - loss 0.03798565 - samples/sec: 129.99 - lr: 0.012500
2022-05-20 19:46:09,353 epoch 30 - iter 70/107 - loss 0.03760599 - samples/sec: 119.54 - lr: 0.012500
2022-05-20 19:46:11,752 epoch 30 - iter 80/107 - loss 0.03864791 - samples/sec: 133.45 - lr: 0.012500
2022-05-20 19:46:14,199 epoch 30 - iter 90/107 - loss 0.03930350 - samples/sec: 130.82 - lr: 0.012500
2022-05-20 19:46:16,616 epoch 30 - iter 100/107 - loss 0.03866050 - samples/sec: 132.44 - lr: 0.012500
2022-05-20 19:46:18,113 ----------------------------------------------------------------------------------------------------
2022-05-20 19:46:18,113 EPOCH 30 done: loss 0.0394 - lr 0.012500
2022-05-20 19:46:26,136 Evaluating as a multi-label problem: False
2022-05-20 19:46:26,147 DEV : loss 0.19733799993991852 - f1-score (micro avg)  0.5231
2022-05-20 19:46:26,217 BAD EPOCHS (no improvement): 1
2022-05-20 19:46:26,220 ----------------------------------------------------------------------------------------------------
2022-05-20 19:46:29,032 epoch 31 - iter 10/107 - loss 0.04544254 - samples/sec: 113.83 - lr: 0.012500
2022-05-20 19:46:31,460 epoch 31 - iter 20/107 - loss 0.03877695 - samples/sec: 131.86 - lr: 0.012500
2022-05-20 19:46:33,269 epoch 31 - iter 30/107 - loss 0.03742259 - samples/sec: 176.95 - lr: 0.012500
2022-05-20 19:46:35,637 epoch 31 - iter 40/107 - loss 0.03827432 - samples/sec: 135.19 - lr: 0.012500
2022-05-20 19:46:37,902 epoch 31 - iter 50/107 - loss 0.04051847 - samples/sec: 141.35 - lr: 0.012500
2022-05-20 19:46:40,524 epoch 31 - iter 60/107 - loss 0.04060965 - samples/sec: 122.07 - lr: 0.012500
2022-05-20 19:46:42,956 epoch 31 - iter 70/107 - loss 0.04036292 - samples/sec: 131.65 - lr: 0.012500
2022-05-20 19:46:45,695 epoch 31 - iter 80/107 - loss 0.03990049 - samples/sec: 116.87 - lr: 0.012500
2022-05-20 19:46:48,058 epoch 31 - iter 90/107 - loss 0.03959937 - samples/sec: 135.50 - lr: 0.012500
2022-05-20 19:46:50,493 epoch 31 - iter 100/107 - loss 0.03898042 - samples/sec: 131.49 - lr: 0.012500
2022-05-20 19:46:51,983 ----------------------------------------------------------------------------------------------------
2022-05-20 19:46:51,983 EPOCH 31 done: loss 0.0390 - lr 0.012500
2022-05-20 19:47:00,132 Evaluating as a multi-label problem: False
2022-05-20 19:47:00,142 DEV : loss 0.20969393849372864 - f1-score (micro avg)  0.5182
2022-05-20 19:47:00,213 BAD EPOCHS (no improvement): 2
2022-05-20 19:47:00,215 ----------------------------------------------------------------------------------------------------
2022-05-20 19:47:03,130 epoch 32 - iter 10/107 - loss 0.03487389 - samples/sec: 109.82 - lr: 0.012500
2022-05-20 19:47:05,552 epoch 32 - iter 20/107 - loss 0.04114640 - samples/sec: 132.20 - lr: 0.012500
2022-05-20 19:47:07,737 epoch 32 - iter 30/107 - loss 0.04037340 - samples/sec: 146.49 - lr: 0.012500
2022-05-20 19:47:09,992 epoch 32 - iter 40/107 - loss 0.04043721 - samples/sec: 141.94 - lr: 0.012500
2022-05-20 19:47:12,337 epoch 32 - iter 50/107 - loss 0.03909733 - samples/sec: 136.55 - lr: 0.012500
2022-05-20 19:47:15,016 epoch 32 - iter 60/107 - loss 0.03883175 - samples/sec: 119.48 - lr: 0.012500
2022-05-20 19:47:17,509 epoch 32 - iter 70/107 - loss 0.03895335 - samples/sec: 128.39 - lr: 0.012500
2022-05-20 19:47:19,986 epoch 32 - iter 80/107 - loss 0.03833067 - samples/sec: 129.26 - lr: 0.012500
2022-05-20 19:47:22,478 epoch 32 - iter 90/107 - loss 0.03838223 - samples/sec: 128.44 - lr: 0.012500
2022-05-20 19:47:24,947 epoch 32 - iter 100/107 - loss 0.03885991 - samples/sec: 129.66 - lr: 0.012500
2022-05-20 19:47:26,440 ----------------------------------------------------------------------------------------------------
2022-05-20 19:47:26,441 EPOCH 32 done: loss 0.0388 - lr 0.012500
2022-05-20 19:47:34,325 Evaluating as a multi-label problem: False
2022-05-20 19:47:34,336 DEV : loss 0.2146489918231964 - f1-score (micro avg)  0.4972
2022-05-20 19:47:34,406 BAD EPOCHS (no improvement): 3
2022-05-20 19:47:34,409 ----------------------------------------------------------------------------------------------------
2022-05-20 19:47:37,026 epoch 33 - iter 10/107 - loss 0.03608626 - samples/sec: 122.35 - lr: 0.012500
2022-05-20 19:47:39,140 epoch 33 - iter 20/107 - loss 0.03342732 - samples/sec: 151.40 - lr: 0.012500
2022-05-20 19:47:41,396 epoch 33 - iter 30/107 - loss 0.03498399 - samples/sec: 141.91 - lr: 0.012500
2022-05-20 19:47:43,736 epoch 33 - iter 40/107 - loss 0.03471533 - samples/sec: 136.83 - lr: 0.012500
2022-05-20 19:47:46,082 epoch 33 - iter 50/107 - loss 0.03524913 - samples/sec: 136.43 - lr: 0.012500
2022-05-20 19:47:48,785 epoch 33 - iter 60/107 - loss 0.03548589 - samples/sec: 118.45 - lr: 0.012500
2022-05-20 19:47:51,255 epoch 33 - iter 70/107 - loss 0.03580949 - samples/sec: 129.59 - lr: 0.012500
2022-05-20 19:47:53,687 epoch 33 - iter 80/107 - loss 0.03563246 - samples/sec: 131.67 - lr: 0.012500
2022-05-20 19:47:56,172 epoch 33 - iter 90/107 - loss 0.03575910 - samples/sec: 128.80 - lr: 0.012500
2022-05-20 19:47:58,534 epoch 33 - iter 100/107 - loss 0.03605589 - samples/sec: 135.55 - lr: 0.012500
2022-05-20 19:48:00,073 ----------------------------------------------------------------------------------------------------
2022-05-20 19:48:00,073 EPOCH 33 done: loss 0.0368 - lr 0.012500
2022-05-20 19:48:09,324 Evaluating as a multi-label problem: False
2022-05-20 19:48:09,335 DEV : loss 0.20921599864959717 - f1-score (micro avg)  0.5234
2022-05-20 19:48:09,406 Epoch    33: reducing learning rate of group 0 to 6.2500e-03.
2022-05-20 19:48:09,406 BAD EPOCHS (no improvement): 4
2022-05-20 19:48:09,409 ----------------------------------------------------------------------------------------------------
2022-05-20 19:48:11,622 epoch 34 - iter 10/107 - loss 0.02963218 - samples/sec: 144.67 - lr: 0.006250
2022-05-20 19:48:13,918 epoch 34 - iter 20/107 - loss 0.03357686 - samples/sec: 139.47 - lr: 0.006250
2022-05-20 19:48:16,120 epoch 34 - iter 30/107 - loss 0.03490919 - samples/sec: 145.38 - lr: 0.006250
2022-05-20 19:48:18,504 epoch 34 - iter 40/107 - loss 0.03508233 - samples/sec: 134.26 - lr: 0.006250
2022-05-20 19:48:20,980 epoch 34 - iter 50/107 - loss 0.03648531 - samples/sec: 129.29 - lr: 0.006250
2022-05-20 19:48:23,465 epoch 34 - iter 60/107 - loss 0.03693877 - samples/sec: 128.81 - lr: 0.006250
2022-05-20 19:48:25,922 epoch 34 - iter 70/107 - loss 0.03751978 - samples/sec: 130.33 - lr: 0.006250
2022-05-20 19:48:28,603 epoch 34 - iter 80/107 - loss 0.03734151 - samples/sec: 119.39 - lr: 0.006250
2022-05-20 19:48:31,027 epoch 34 - iter 90/107 - loss 0.03724017 - samples/sec: 132.09 - lr: 0.006250
2022-05-20 19:48:33,480 epoch 34 - iter 100/107 - loss 0.03682970 - samples/sec: 130.46 - lr: 0.006250
2022-05-20 19:48:35,080 ----------------------------------------------------------------------------------------------------
2022-05-20 19:48:35,080 EPOCH 34 done: loss 0.0373 - lr 0.006250
2022-05-20 19:48:42,875 Evaluating as a multi-label problem: False
2022-05-20 19:48:42,885 DEV : loss 0.21114717423915863 - f1-score (micro avg)  0.5127
2022-05-20 19:48:42,956 BAD EPOCHS (no improvement): 1
2022-05-20 19:48:42,958 ----------------------------------------------------------------------------------------------------
2022-05-20 19:48:45,289 epoch 35 - iter 10/107 - loss 0.03646266 - samples/sec: 137.35 - lr: 0.006250
2022-05-20 19:48:47,652 epoch 35 - iter 20/107 - loss 0.04095316 - samples/sec: 135.49 - lr: 0.006250
2022-05-20 19:48:49,845 epoch 35 - iter 30/107 - loss 0.04082283 - samples/sec: 145.96 - lr: 0.006250
2022-05-20 19:48:52,638 epoch 35 - iter 40/107 - loss 0.04031456 - samples/sec: 114.63 - lr: 0.006250
2022-05-20 19:48:55,253 epoch 35 - iter 50/107 - loss 0.03895765 - samples/sec: 122.42 - lr: 0.006250
2022-05-20 19:48:57,621 epoch 35 - iter 60/107 - loss 0.03863034 - samples/sec: 135.23 - lr: 0.006250
2022-05-20 19:49:00,153 epoch 35 - iter 70/107 - loss 0.03862095 - samples/sec: 126.39 - lr: 0.006250
2022-05-20 19:49:02,546 epoch 35 - iter 80/107 - loss 0.03792008 - samples/sec: 133.82 - lr: 0.006250
2022-05-20 19:49:04,937 epoch 35 - iter 90/107 - loss 0.03790367 - samples/sec: 133.88 - lr: 0.006250
2022-05-20 19:49:07,601 epoch 35 - iter 100/107 - loss 0.03687808 - samples/sec: 120.17 - lr: 0.006250
2022-05-20 19:49:09,433 ----------------------------------------------------------------------------------------------------
2022-05-20 19:49:09,433 EPOCH 35 done: loss 0.0372 - lr 0.006250
2022-05-20 19:49:17,177 Evaluating as a multi-label problem: False
2022-05-20 19:49:17,188 DEV : loss 0.21529127657413483 - f1-score (micro avg)  0.5128
2022-05-20 19:49:17,258 BAD EPOCHS (no improvement): 2
2022-05-20 19:49:17,260 ----------------------------------------------------------------------------------------------------
2022-05-20 19:49:19,534 epoch 36 - iter 10/107 - loss 0.03716512 - samples/sec: 140.80 - lr: 0.006250
2022-05-20 19:49:21,513 epoch 36 - iter 20/107 - loss 0.03172010 - samples/sec: 161.78 - lr: 0.006250
2022-05-20 19:49:23,636 epoch 36 - iter 30/107 - loss 0.03326505 - samples/sec: 150.77 - lr: 0.006250
2022-05-20 19:49:26,085 epoch 36 - iter 40/107 - loss 0.03385035 - samples/sec: 130.74 - lr: 0.006250
2022-05-20 19:49:28,596 epoch 36 - iter 50/107 - loss 0.03481872 - samples/sec: 127.46 - lr: 0.006250
2022-05-20 19:49:30,963 epoch 36 - iter 60/107 - loss 0.03496231 - samples/sec: 135.26 - lr: 0.006250
2022-05-20 19:49:33,545 epoch 36 - iter 70/107 - loss 0.03602031 - samples/sec: 124.02 - lr: 0.006250
2022-05-20 19:49:36,037 epoch 36 - iter 80/107 - loss 0.03625503 - samples/sec: 128.43 - lr: 0.006250
2022-05-20 19:49:38,480 epoch 36 - iter 90/107 - loss 0.03624722 - samples/sec: 131.08 - lr: 0.006250
2022-05-20 19:49:41,057 epoch 36 - iter 100/107 - loss 0.03673038 - samples/sec: 124.22 - lr: 0.006250
2022-05-20 19:49:42,517 ----------------------------------------------------------------------------------------------------
2022-05-20 19:49:42,517 EPOCH 36 done: loss 0.0365 - lr 0.006250
2022-05-20 19:49:49,946 Evaluating as a multi-label problem: False
2022-05-20 19:49:49,957 DEV : loss 0.20891575515270233 - f1-score (micro avg)  0.5154
2022-05-20 19:49:50,027 BAD EPOCHS (no improvement): 3
2022-05-20 19:49:50,030 ----------------------------------------------------------------------------------------------------
2022-05-20 19:49:52,297 epoch 37 - iter 10/107 - loss 0.03057478 - samples/sec: 141.20 - lr: 0.006250
2022-05-20 19:49:54,550 epoch 37 - iter 20/107 - loss 0.03327678 - samples/sec: 142.12 - lr: 0.006250
2022-05-20 19:49:56,870 epoch 37 - iter 30/107 - loss 0.03442826 - samples/sec: 137.99 - lr: 0.006250
2022-05-20 19:49:59,502 epoch 37 - iter 40/107 - loss 0.03670474 - samples/sec: 121.62 - lr: 0.006250
2022-05-20 19:50:01,926 epoch 37 - iter 50/107 - loss 0.03574652 - samples/sec: 132.04 - lr: 0.006250
2022-05-20 19:50:04,390 epoch 37 - iter 60/107 - loss 0.03612314 - samples/sec: 129.92 - lr: 0.006250
2022-05-20 19:50:06,849 epoch 37 - iter 70/107 - loss 0.03720555 - samples/sec: 130.19 - lr: 0.006250
2022-05-20 19:50:09,305 epoch 37 - iter 80/107 - loss 0.03630733 - samples/sec: 130.33 - lr: 0.006250
2022-05-20 19:50:11,761 epoch 37 - iter 90/107 - loss 0.03642923 - samples/sec: 130.34 - lr: 0.006250
2022-05-20 19:50:14,451 epoch 37 - iter 100/107 - loss 0.03753095 - samples/sec: 119.01 - lr: 0.006250
2022-05-20 19:50:15,946 ----------------------------------------------------------------------------------------------------
2022-05-20 19:50:15,946 EPOCH 37 done: loss 0.0373 - lr 0.006250
2022-05-20 19:50:23,623 Evaluating as a multi-label problem: False
2022-05-20 19:50:23,634 DEV : loss 0.20907099545001984 - f1-score (micro avg)  0.5122
2022-05-20 19:50:23,705 Epoch    37: reducing learning rate of group 0 to 3.1250e-03.
2022-05-20 19:50:23,705 BAD EPOCHS (no improvement): 4
2022-05-20 19:50:23,707 ----------------------------------------------------------------------------------------------------
2022-05-20 19:50:25,889 epoch 38 - iter 10/107 - loss 0.04073930 - samples/sec: 146.79 - lr: 0.003125
2022-05-20 19:50:28,204 epoch 38 - iter 20/107 - loss 0.03459239 - samples/sec: 138.25 - lr: 0.003125
2022-05-20 19:50:30,376 epoch 38 - iter 30/107 - loss 0.03525591 - samples/sec: 147.40 - lr: 0.003125
2022-05-20 19:50:32,914 epoch 38 - iter 40/107 - loss 0.03517707 - samples/sec: 126.17 - lr: 0.003125
2022-05-20 19:50:35,796 epoch 38 - iter 50/107 - loss 0.03428630 - samples/sec: 111.05 - lr: 0.003125
2022-05-20 19:50:38,332 epoch 38 - iter 60/107 - loss 0.03324639 - samples/sec: 126.22 - lr: 0.003125
2022-05-20 19:50:41,120 epoch 38 - iter 70/107 - loss 0.03382995 - samples/sec: 114.85 - lr: 0.003125
2022-05-20 19:50:43,759 epoch 38 - iter 80/107 - loss 0.03329228 - samples/sec: 121.31 - lr: 0.003125
2022-05-20 19:50:46,469 epoch 38 - iter 90/107 - loss 0.03349245 - samples/sec: 118.08 - lr: 0.003125
2022-05-20 19:50:48,959 epoch 38 - iter 100/107 - loss 0.03348385 - samples/sec: 128.60 - lr: 0.003125
2022-05-20 19:50:50,612 ----------------------------------------------------------------------------------------------------
2022-05-20 19:50:50,612 EPOCH 38 done: loss 0.0337 - lr 0.003125
2022-05-20 19:50:58,099 Evaluating as a multi-label problem: False
2022-05-20 19:50:58,111 DEV : loss 0.21283045411109924 - f1-score (micro avg)  0.5134
2022-05-20 19:50:58,184 BAD EPOCHS (no improvement): 1
2022-05-20 19:50:58,186 ----------------------------------------------------------------------------------------------------
2022-05-20 19:51:00,692 epoch 39 - iter 10/107 - loss 0.03994271 - samples/sec: 127.78 - lr: 0.003125
2022-05-20 19:51:02,918 epoch 39 - iter 20/107 - loss 0.03998203 - samples/sec: 143.81 - lr: 0.003125
2022-05-20 19:51:05,385 epoch 39 - iter 30/107 - loss 0.03772141 - samples/sec: 129.77 - lr: 0.003125
2022-05-20 19:51:07,853 epoch 39 - iter 40/107 - loss 0.03877933 - samples/sec: 129.69 - lr: 0.003125
2022-05-20 19:51:10,406 epoch 39 - iter 50/107 - loss 0.03659354 - samples/sec: 125.40 - lr: 0.003125
2022-05-20 19:51:12,903 epoch 39 - iter 60/107 - loss 0.03599452 - samples/sec: 128.19 - lr: 0.003125
2022-05-20 19:51:15,406 epoch 39 - iter 70/107 - loss 0.03705723 - samples/sec: 127.94 - lr: 0.003125
2022-05-20 19:51:18,247 epoch 39 - iter 80/107 - loss 0.03686374 - samples/sec: 112.65 - lr: 0.003125
2022-05-20 19:51:20,886 epoch 39 - iter 90/107 - loss 0.03684872 - samples/sec: 121.29 - lr: 0.003125
2022-05-20 19:51:23,539 epoch 39 - iter 100/107 - loss 0.03664790 - samples/sec: 120.66 - lr: 0.003125
2022-05-20 19:51:25,102 ----------------------------------------------------------------------------------------------------
2022-05-20 19:51:25,102 EPOCH 39 done: loss 0.0369 - lr 0.003125
2022-05-20 19:51:32,732 Evaluating as a multi-label problem: False
2022-05-20 19:51:32,743 DEV : loss 0.20756253600120544 - f1-score (micro avg)  0.523
2022-05-20 19:51:32,814 BAD EPOCHS (no improvement): 2
2022-05-20 19:51:32,816 ----------------------------------------------------------------------------------------------------
2022-05-20 19:51:35,135 epoch 40 - iter 10/107 - loss 0.03752409 - samples/sec: 138.07 - lr: 0.003125
2022-05-20 19:51:37,393 epoch 40 - iter 20/107 - loss 0.03896907 - samples/sec: 141.75 - lr: 0.003125
2022-05-20 19:51:39,881 epoch 40 - iter 30/107 - loss 0.03908298 - samples/sec: 128.67 - lr: 0.003125
2022-05-20 19:51:42,285 epoch 40 - iter 40/107 - loss 0.03690701 - samples/sec: 133.19 - lr: 0.003125
2022-05-20 19:51:45,025 epoch 40 - iter 50/107 - loss 0.03605082 - samples/sec: 116.83 - lr: 0.003125
2022-05-20 19:51:48,015 epoch 40 - iter 60/107 - loss 0.03538212 - samples/sec: 107.05 - lr: 0.003125
2022-05-20 19:51:50,491 epoch 40 - iter 70/107 - loss 0.03582553 - samples/sec: 129.32 - lr: 0.003125
2022-05-20 19:51:52,983 epoch 40 - iter 80/107 - loss 0.03557002 - samples/sec: 128.45 - lr: 0.003125
2022-05-20 19:51:55,510 epoch 40 - iter 90/107 - loss 0.03562328 - samples/sec: 126.67 - lr: 0.003125
2022-05-20 19:51:58,041 epoch 40 - iter 100/107 - loss 0.03670961 - samples/sec: 126.47 - lr: 0.003125
2022-05-20 19:51:59,558 ----------------------------------------------------------------------------------------------------
2022-05-20 19:51:59,558 EPOCH 40 done: loss 0.0362 - lr 0.003125
2022-05-20 19:52:08,230 Evaluating as a multi-label problem: False
2022-05-20 19:52:08,240 DEV : loss 0.20979705452919006 - f1-score (micro avg)  0.5171
2022-05-20 19:52:08,312 BAD EPOCHS (no improvement): 3
2022-05-20 19:52:08,314 ----------------------------------------------------------------------------------------------------
2022-05-20 19:52:10,457 epoch 41 - iter 10/107 - loss 0.03181939 - samples/sec: 149.38 - lr: 0.003125
2022-05-20 19:52:12,613 epoch 41 - iter 20/107 - loss 0.03529969 - samples/sec: 148.48 - lr: 0.003125
2022-05-20 19:52:15,108 epoch 41 - iter 30/107 - loss 0.03504878 - samples/sec: 128.32 - lr: 0.003125
2022-05-20 19:52:17,851 epoch 41 - iter 40/107 - loss 0.03468824 - samples/sec: 116.71 - lr: 0.003125
2022-05-20 19:52:20,511 epoch 41 - iter 50/107 - loss 0.03516477 - samples/sec: 120.31 - lr: 0.003125
2022-05-20 19:52:22,958 epoch 41 - iter 60/107 - loss 0.03499428 - samples/sec: 130.84 - lr: 0.003125
2022-05-20 19:52:25,409 epoch 41 - iter 70/107 - loss 0.03456560 - samples/sec: 130.63 - lr: 0.003125
2022-05-20 19:52:27,861 epoch 41 - iter 80/107 - loss 0.03415818 - samples/sec: 130.56 - lr: 0.003125
2022-05-20 19:52:30,824 epoch 41 - iter 90/107 - loss 0.03423394 - samples/sec: 108.03 - lr: 0.003125
2022-05-20 19:52:33,302 epoch 41 - iter 100/107 - loss 0.03461578 - samples/sec: 129.24 - lr: 0.003125
2022-05-20 19:52:34,789 ----------------------------------------------------------------------------------------------------
2022-05-20 19:52:34,789 EPOCH 41 done: loss 0.0346 - lr 0.003125
2022-05-20 19:52:41,238 Evaluating as a multi-label problem: False
2022-05-20 19:52:41,249 DEV : loss 0.21008624136447906 - f1-score (micro avg)  0.5149
2022-05-20 19:52:41,321 Epoch    41: reducing learning rate of group 0 to 1.5625e-03.
2022-05-20 19:52:41,321 BAD EPOCHS (no improvement): 4
2022-05-20 19:52:41,324 ----------------------------------------------------------------------------------------------------
2022-05-20 19:52:43,543 epoch 42 - iter 10/107 - loss 0.03314256 - samples/sec: 144.29 - lr: 0.001563
2022-05-20 19:52:46,274 epoch 42 - iter 20/107 - loss 0.03250788 - samples/sec: 117.20 - lr: 0.001563
2022-05-20 19:52:48,697 epoch 42 - iter 30/107 - loss 0.03454652 - samples/sec: 132.10 - lr: 0.001563
2022-05-20 19:52:51,164 epoch 42 - iter 40/107 - loss 0.03553678 - samples/sec: 129.78 - lr: 0.001563
2022-05-20 19:52:53,586 epoch 42 - iter 50/107 - loss 0.03546059 - samples/sec: 132.17 - lr: 0.001563
2022-05-20 19:52:55,995 epoch 42 - iter 60/107 - loss 0.03586283 - samples/sec: 132.87 - lr: 0.001563
2022-05-20 19:52:58,530 epoch 42 - iter 70/107 - loss 0.03517214 - samples/sec: 126.27 - lr: 0.001563
2022-05-20 19:53:00,981 epoch 42 - iter 80/107 - loss 0.03478928 - samples/sec: 130.61 - lr: 0.001563
2022-05-20 19:53:03,537 epoch 42 - iter 90/107 - loss 0.03507516 - samples/sec: 125.27 - lr: 0.001563
2022-05-20 19:53:06,251 epoch 42 - iter 100/107 - loss 0.03496446 - samples/sec: 117.92 - lr: 0.001563
2022-05-20 19:53:07,829 ----------------------------------------------------------------------------------------------------
2022-05-20 19:53:07,829 EPOCH 42 done: loss 0.0350 - lr 0.001563
2022-05-20 19:53:14,558 Evaluating as a multi-label problem: False
2022-05-20 19:53:14,570 DEV : loss 0.21313388645648956 - f1-score (micro avg)  0.5092
2022-05-20 19:53:14,642 BAD EPOCHS (no improvement): 1
2022-05-20 19:53:14,645 ----------------------------------------------------------------------------------------------------
2022-05-20 19:53:16,984 epoch 43 - iter 10/107 - loss 0.03058405 - samples/sec: 136.85 - lr: 0.001563
2022-05-20 19:53:19,456 epoch 43 - iter 20/107 - loss 0.02999953 - samples/sec: 129.53 - lr: 0.001563
2022-05-20 19:53:22,336 epoch 43 - iter 30/107 - loss 0.03152154 - samples/sec: 111.14 - lr: 0.001563
2022-05-20 19:53:24,869 epoch 43 - iter 40/107 - loss 0.03093019 - samples/sec: 126.38 - lr: 0.001563
2022-05-20 19:53:27,322 epoch 43 - iter 50/107 - loss 0.03180284 - samples/sec: 130.50 - lr: 0.001563
2022-05-20 19:53:29,706 epoch 43 - iter 60/107 - loss 0.03080329 - samples/sec: 134.29 - lr: 0.001563
2022-05-20 19:53:32,278 epoch 43 - iter 70/107 - loss 0.03104934 - samples/sec: 124.47 - lr: 0.001563
2022-05-20 19:53:35,136 epoch 43 - iter 80/107 - loss 0.03255580 - samples/sec: 112.00 - lr: 0.001563
2022-05-20 19:53:37,664 epoch 43 - iter 90/107 - loss 0.03285215 - samples/sec: 126.63 - lr: 0.001563
2022-05-20 19:53:40,413 epoch 43 - iter 100/107 - loss 0.03312384 - samples/sec: 116.46 - lr: 0.001563
2022-05-20 19:53:41,995 ----------------------------------------------------------------------------------------------------
2022-05-20 19:53:41,995 EPOCH 43 done: loss 0.0337 - lr 0.001563
2022-05-20 19:53:47,845 Evaluating as a multi-label problem: False
2022-05-20 19:53:47,856 DEV : loss 0.2131185382604599 - f1-score (micro avg)  0.5188
2022-05-20 19:53:47,927 BAD EPOCHS (no improvement): 2
2022-05-20 19:53:47,929 ----------------------------------------------------------------------------------------------------
2022-05-20 19:53:50,398 epoch 44 - iter 10/107 - loss 0.03439391 - samples/sec: 129.69 - lr: 0.001563
2022-05-20 19:53:53,119 epoch 44 - iter 20/107 - loss 0.03794061 - samples/sec: 117.66 - lr: 0.001563
2022-05-20 19:53:55,585 epoch 44 - iter 30/107 - loss 0.03943840 - samples/sec: 129.80 - lr: 0.001563
2022-05-20 19:53:58,042 epoch 44 - iter 40/107 - loss 0.03767196 - samples/sec: 130.31 - lr: 0.001563
2022-05-20 19:54:00,556 epoch 44 - iter 50/107 - loss 0.03768614 - samples/sec: 127.33 - lr: 0.001563
2022-05-20 19:54:02,928 epoch 44 - iter 60/107 - loss 0.03661140 - samples/sec: 134.98 - lr: 0.001563
2022-05-20 19:54:05,364 epoch 44 - iter 70/107 - loss 0.03606378 - samples/sec: 131.42 - lr: 0.001563
2022-05-20 19:54:07,882 epoch 44 - iter 80/107 - loss 0.03613990 - samples/sec: 127.12 - lr: 0.001563
2022-05-20 19:54:10,309 epoch 44 - iter 90/107 - loss 0.03597943 - samples/sec: 131.92 - lr: 0.001563
2022-05-20 19:54:13,354 epoch 44 - iter 100/107 - loss 0.03575152 - samples/sec: 105.12 - lr: 0.001563
2022-05-20 19:54:14,843 ----------------------------------------------------------------------------------------------------
2022-05-20 19:54:14,843 EPOCH 44 done: loss 0.0357 - lr 0.001563
2022-05-20 19:54:20,838 Evaluating as a multi-label problem: False
2022-05-20 19:54:20,849 DEV : loss 0.21142064034938812 - f1-score (micro avg)  0.518
2022-05-20 19:54:20,920 BAD EPOCHS (no improvement): 3
2022-05-20 19:54:20,923 ----------------------------------------------------------------------------------------------------
2022-05-20 19:54:22,403 epoch 45 - iter 10/107 - loss 0.03614293 - samples/sec: 216.38 - lr: 0.001563
2022-05-20 19:54:24,001 epoch 45 - iter 20/107 - loss 0.03387718 - samples/sec: 200.40 - lr: 0.001563
2022-05-20 19:54:25,662 epoch 45 - iter 30/107 - loss 0.03609439 - samples/sec: 192.69 - lr: 0.001563
2022-05-20 19:54:27,337 epoch 45 - iter 40/107 - loss 0.03671609 - samples/sec: 191.25 - lr: 0.001563
2022-05-20 19:54:28,982 epoch 45 - iter 50/107 - loss 0.03723829 - samples/sec: 194.63 - lr: 0.001563
2022-05-20 19:54:30,649 epoch 45 - iter 60/107 - loss 0.03663533 - samples/sec: 192.05 - lr: 0.001563
2022-05-20 19:54:32,254 epoch 45 - iter 70/107 - loss 0.03484987 - samples/sec: 199.57 - lr: 0.001563
2022-05-20 19:54:33,841 epoch 45 - iter 80/107 - loss 0.03481388 - samples/sec: 201.76 - lr: 0.001563
2022-05-20 19:54:35,467 epoch 45 - iter 90/107 - loss 0.03487271 - samples/sec: 196.90 - lr: 0.001563
2022-05-20 19:54:39,301 epoch 45 - iter 100/107 - loss 0.03464046 - samples/sec: 83.48 - lr: 0.001563
2022-05-20 19:54:41,487 ----------------------------------------------------------------------------------------------------
2022-05-20 19:54:41,487 EPOCH 45 done: loss 0.0342 - lr 0.001563
2022-05-20 19:54:53,110 Evaluating as a multi-label problem: False
2022-05-20 19:54:53,122 DEV : loss 0.21182794868946075 - f1-score (micro avg)  0.5169
2022-05-20 19:54:53,192 Epoch    45: reducing learning rate of group 0 to 7.8125e-04.
2022-05-20 19:54:53,192 BAD EPOCHS (no improvement): 4
2022-05-20 19:54:53,194 ----------------------------------------------------------------------------------------------------
2022-05-20 19:54:56,127 epoch 46 - iter 10/107 - loss 0.03404015 - samples/sec: 109.15 - lr: 0.000781
2022-05-20 19:54:58,616 epoch 46 - iter 20/107 - loss 0.03162345 - samples/sec: 128.63 - lr: 0.000781
2022-05-20 19:55:01,147 epoch 46 - iter 30/107 - loss 0.03204171 - samples/sec: 126.49 - lr: 0.000781
2022-05-20 19:55:03,652 epoch 46 - iter 40/107 - loss 0.03152621 - samples/sec: 127.76 - lr: 0.000781
2022-05-20 19:55:06,188 epoch 46 - iter 50/107 - loss 0.03190477 - samples/sec: 126.27 - lr: 0.000781
2022-05-20 19:55:08,741 epoch 46 - iter 60/107 - loss 0.03188038 - samples/sec: 125.39 - lr: 0.000781
2022-05-20 19:55:11,165 epoch 46 - iter 70/107 - loss 0.03285229 - samples/sec: 132.05 - lr: 0.000781
2022-05-20 19:55:13,638 epoch 46 - iter 80/107 - loss 0.03262894 - samples/sec: 129.44 - lr: 0.000781
2022-05-20 19:55:16,314 epoch 46 - iter 90/107 - loss 0.03337368 - samples/sec: 119.67 - lr: 0.000781
2022-05-20 19:55:19,055 epoch 46 - iter 100/107 - loss 0.03381278 - samples/sec: 116.77 - lr: 0.000781
2022-05-20 19:55:20,736 ----------------------------------------------------------------------------------------------------
2022-05-20 19:55:20,736 EPOCH 46 done: loss 0.0340 - lr 0.000781
2022-05-20 19:55:26,541 Evaluating as a multi-label problem: False
2022-05-20 19:55:26,552 DEV : loss 0.21183665096759796 - f1-score (micro avg)  0.5173
2022-05-20 19:55:26,622 BAD EPOCHS (no improvement): 1
2022-05-20 19:55:26,624 ----------------------------------------------------------------------------------------------------
2022-05-20 19:55:28,129 epoch 47 - iter 10/107 - loss 0.03809324 - samples/sec: 212.86 - lr: 0.000781
2022-05-20 19:55:29,692 epoch 47 - iter 20/107 - loss 0.03417969 - samples/sec: 204.87 - lr: 0.000781
2022-05-20 19:55:31,220 epoch 47 - iter 30/107 - loss 0.03373621 - samples/sec: 209.48 - lr: 0.000781
2022-05-20 19:55:32,850 epoch 47 - iter 40/107 - loss 0.03256700 - samples/sec: 196.52 - lr: 0.000781
2022-05-20 19:55:34,782 epoch 47 - iter 50/107 - loss 0.03440292 - samples/sec: 165.71 - lr: 0.000781
2022-05-20 19:55:37,300 epoch 47 - iter 60/107 - loss 0.03418503 - samples/sec: 127.11 - lr: 0.000781
2022-05-20 19:55:39,664 epoch 47 - iter 70/107 - loss 0.03419221 - samples/sec: 135.41 - lr: 0.000781
2022-05-20 19:55:42,201 epoch 47 - iter 80/107 - loss 0.03473802 - samples/sec: 126.18 - lr: 0.000781
2022-05-20 19:55:44,730 epoch 47 - iter 90/107 - loss 0.03441579 - samples/sec: 126.60 - lr: 0.000781
2022-05-20 19:55:47,353 epoch 47 - iter 100/107 - loss 0.03473112 - samples/sec: 122.04 - lr: 0.000781
2022-05-20 19:55:48,895 ----------------------------------------------------------------------------------------------------
2022-05-20 19:55:48,895 EPOCH 47 done: loss 0.0348 - lr 0.000781
2022-05-20 19:55:58,709 Evaluating as a multi-label problem: False
2022-05-20 19:55:58,720 DEV : loss 0.21050015091896057 - f1-score (micro avg)  0.5145
2022-05-20 19:55:58,791 BAD EPOCHS (no improvement): 2
2022-05-20 19:55:58,793 ----------------------------------------------------------------------------------------------------
2022-05-20 19:56:00,950 epoch 48 - iter 10/107 - loss 0.03569360 - samples/sec: 148.42 - lr: 0.000781
2022-05-20 19:56:03,196 epoch 48 - iter 20/107 - loss 0.03426573 - samples/sec: 142.54 - lr: 0.000781
2022-05-20 19:56:05,455 epoch 48 - iter 30/107 - loss 0.03344736 - samples/sec: 141.78 - lr: 0.000781
2022-05-20 19:56:06,946 epoch 48 - iter 40/107 - loss 0.03255215 - samples/sec: 214.74 - lr: 0.000781
2022-05-20 19:56:08,506 epoch 48 - iter 50/107 - loss 0.03252422 - samples/sec: 205.21 - lr: 0.000781
2022-05-20 19:56:10,085 epoch 48 - iter 60/107 - loss 0.03401248 - samples/sec: 202.78 - lr: 0.000781
2022-05-20 19:56:11,701 epoch 48 - iter 70/107 - loss 0.03344095 - samples/sec: 198.22 - lr: 0.000781
2022-05-20 19:56:13,670 epoch 48 - iter 80/107 - loss 0.03487885 - samples/sec: 162.54 - lr: 0.000781
2022-05-20 19:56:16,300 epoch 48 - iter 90/107 - loss 0.03565465 - samples/sec: 121.74 - lr: 0.000781
2022-05-20 19:56:18,947 epoch 48 - iter 100/107 - loss 0.03538954 - samples/sec: 120.94 - lr: 0.000781
2022-05-20 19:56:20,489 ----------------------------------------------------------------------------------------------------
2022-05-20 19:56:20,489 EPOCH 48 done: loss 0.0357 - lr 0.000781
2022-05-20 19:56:28,637 Evaluating as a multi-label problem: False
2022-05-20 19:56:28,648 DEV : loss 0.21050767600536346 - f1-score (micro avg)  0.5153
2022-05-20 19:56:28,720 BAD EPOCHS (no improvement): 3
2022-05-20 19:56:28,722 ----------------------------------------------------------------------------------------------------
2022-05-20 19:56:31,560 epoch 49 - iter 10/107 - loss 0.03158510 - samples/sec: 112.80 - lr: 0.000781
2022-05-20 19:56:34,111 epoch 49 - iter 20/107 - loss 0.03211329 - samples/sec: 125.51 - lr: 0.000781
2022-05-20 19:56:36,424 epoch 49 - iter 30/107 - loss 0.03527064 - samples/sec: 138.36 - lr: 0.000781
2022-05-20 19:56:38,868 epoch 49 - iter 40/107 - loss 0.03611416 - samples/sec: 131.01 - lr: 0.000781
2022-05-20 19:56:41,032 epoch 49 - iter 50/107 - loss 0.03628752 - samples/sec: 147.97 - lr: 0.000781
2022-05-20 19:56:43,326 epoch 49 - iter 60/107 - loss 0.03496432 - samples/sec: 139.53 - lr: 0.000781
2022-05-20 19:56:45,515 epoch 49 - iter 70/107 - loss 0.03536124 - samples/sec: 146.25 - lr: 0.000781
2022-05-20 19:56:47,041 epoch 49 - iter 80/107 - loss 0.03497589 - samples/sec: 209.92 - lr: 0.000781
2022-05-20 19:56:48,558 epoch 49 - iter 90/107 - loss 0.03489453 - samples/sec: 211.01 - lr: 0.000781
2022-05-20 19:56:50,096 epoch 49 - iter 100/107 - loss 0.03458112 - samples/sec: 208.16 - lr: 0.000781
2022-05-20 19:56:51,079 ----------------------------------------------------------------------------------------------------
2022-05-20 19:56:51,079 EPOCH 49 done: loss 0.0348 - lr 0.000781
2022-05-20 19:56:58,442 Evaluating as a multi-label problem: False
2022-05-20 19:56:58,452 DEV : loss 0.2104584276676178 - f1-score (micro avg)  0.5129
2022-05-20 19:56:58,523 Epoch    49: reducing learning rate of group 0 to 3.9063e-04.
2022-05-20 19:56:58,523 BAD EPOCHS (no improvement): 4
2022-05-20 19:56:58,526 ----------------------------------------------------------------------------------------------------
2022-05-20 19:57:01,124 epoch 50 - iter 10/107 - loss 0.03844884 - samples/sec: 123.23 - lr: 0.000391
2022-05-20 19:57:03,425 epoch 50 - iter 20/107 - loss 0.04699662 - samples/sec: 139.08 - lr: 0.000391
2022-05-20 19:57:05,902 epoch 50 - iter 30/107 - loss 0.04463109 - samples/sec: 129.26 - lr: 0.000391
2022-05-20 19:57:08,542 epoch 50 - iter 40/107 - loss 0.04238367 - samples/sec: 121.27 - lr: 0.000391
2022-05-20 19:57:11,209 epoch 50 - iter 50/107 - loss 0.04026984 - samples/sec: 120.00 - lr: 0.000391
2022-05-20 19:57:13,854 epoch 50 - iter 60/107 - loss 0.03943883 - samples/sec: 121.03 - lr: 0.000391
2022-05-20 19:57:16,267 epoch 50 - iter 70/107 - loss 0.03800896 - samples/sec: 132.67 - lr: 0.000391
2022-05-20 19:57:18,724 epoch 50 - iter 80/107 - loss 0.03640634 - samples/sec: 130.31 - lr: 0.000391
2022-05-20 19:57:20,890 epoch 50 - iter 90/107 - loss 0.03550676 - samples/sec: 147.77 - lr: 0.000391
2022-05-20 19:57:23,252 epoch 50 - iter 100/107 - loss 0.03490121 - samples/sec: 135.57 - lr: 0.000391
2022-05-20 19:57:24,692 ----------------------------------------------------------------------------------------------------
2022-05-20 19:57:24,692 EPOCH 50 done: loss 0.0352 - lr 0.000391
2022-05-20 19:57:32,443 Evaluating as a multi-label problem: False
2022-05-20 19:57:32,454 DEV : loss 0.21088209748268127 - f1-score (micro avg)  0.5156
2022-05-20 19:57:32,523 BAD EPOCHS (no improvement): 1
2022-05-20 19:57:32,526 ----------------------------------------------------------------------------------------------------
2022-05-20 19:57:34,985 epoch 51 - iter 10/107 - loss 0.03784245 - samples/sec: 130.22 - lr: 0.000391
2022-05-20 19:57:37,409 epoch 51 - iter 20/107 - loss 0.03719552 - samples/sec: 132.08 - lr: 0.000391
2022-05-20 19:57:39,852 epoch 51 - iter 30/107 - loss 0.03621544 - samples/sec: 131.04 - lr: 0.000391
2022-05-20 19:57:42,320 epoch 51 - iter 40/107 - loss 0.03474648 - samples/sec: 129.69 - lr: 0.000391
2022-05-20 19:57:44,715 epoch 51 - iter 50/107 - loss 0.03487385 - samples/sec: 133.67 - lr: 0.000391
2022-05-20 19:57:47,082 epoch 51 - iter 60/107 - loss 0.03533984 - samples/sec: 135.25 - lr: 0.000391
2022-05-20 19:57:49,646 epoch 51 - iter 70/107 - loss 0.03578489 - samples/sec: 124.85 - lr: 0.000391
2022-05-20 19:57:51,682 epoch 51 - iter 80/107 - loss 0.03493344 - samples/sec: 157.25 - lr: 0.000391
2022-05-20 19:57:53,670 epoch 51 - iter 90/107 - loss 0.03519487 - samples/sec: 161.00 - lr: 0.000391
2022-05-20 19:57:55,977 epoch 51 - iter 100/107 - loss 0.03579385 - samples/sec: 138.80 - lr: 0.000391
2022-05-20 19:57:57,422 ----------------------------------------------------------------------------------------------------
2022-05-20 19:57:57,423 EPOCH 51 done: loss 0.0359 - lr 0.000391
2022-05-20 19:58:03,053 Evaluating as a multi-label problem: False
2022-05-20 19:58:03,064 DEV : loss 0.2106034904718399 - f1-score (micro avg)  0.5138
2022-05-20 19:58:03,136 BAD EPOCHS (no improvement): 2
2022-05-20 19:58:03,138 ----------------------------------------------------------------------------------------------------
2022-05-20 19:58:04,896 epoch 52 - iter 10/107 - loss 0.03056514 - samples/sec: 182.18 - lr: 0.000391
2022-05-20 19:58:07,123 epoch 52 - iter 20/107 - loss 0.03570472 - samples/sec: 143.79 - lr: 0.000391
2022-05-20 19:58:09,510 epoch 52 - iter 30/107 - loss 0.03712913 - samples/sec: 134.11 - lr: 0.000391
2022-05-20 19:58:11,944 epoch 52 - iter 40/107 - loss 0.03658070 - samples/sec: 131.51 - lr: 0.000391
2022-05-20 19:58:14,414 epoch 52 - iter 50/107 - loss 0.03859462 - samples/sec: 129.63 - lr: 0.000391
2022-05-20 19:58:16,863 epoch 52 - iter 60/107 - loss 0.03698834 - samples/sec: 130.67 - lr: 0.000391
2022-05-20 19:58:19,378 epoch 52 - iter 70/107 - loss 0.03620179 - samples/sec: 127.29 - lr: 0.000391
2022-05-20 19:58:21,819 epoch 52 - iter 80/107 - loss 0.03546757 - samples/sec: 131.13 - lr: 0.000391
2022-05-20 19:58:24,295 epoch 52 - iter 90/107 - loss 0.03524754 - samples/sec: 129.33 - lr: 0.000391
2022-05-20 19:58:26,761 epoch 52 - iter 100/107 - loss 0.03514451 - samples/sec: 129.79 - lr: 0.000391
2022-05-20 19:58:28,260 ----------------------------------------------------------------------------------------------------
2022-05-20 19:58:28,260 EPOCH 52 done: loss 0.0349 - lr 0.000391
2022-05-20 19:58:35,307 Evaluating as a multi-label problem: False
2022-05-20 19:58:35,318 DEV : loss 0.21139554679393768 - f1-score (micro avg)  0.5134
2022-05-20 19:58:35,389 BAD EPOCHS (no improvement): 3
2022-05-20 19:58:35,391 ----------------------------------------------------------------------------------------------------
2022-05-20 19:58:37,600 epoch 53 - iter 10/107 - loss 0.03194723 - samples/sec: 144.93 - lr: 0.000391
2022-05-20 19:58:40,015 epoch 53 - iter 20/107 - loss 0.03140561 - samples/sec: 132.58 - lr: 0.000391
2022-05-20 19:58:42,391 epoch 53 - iter 30/107 - loss 0.03260534 - samples/sec: 134.74 - lr: 0.000391
2022-05-20 19:58:44,856 epoch 53 - iter 40/107 - loss 0.03475743 - samples/sec: 129.87 - lr: 0.000391
2022-05-20 19:58:47,326 epoch 53 - iter 50/107 - loss 0.03464161 - samples/sec: 129.63 - lr: 0.000391
2022-05-20 19:58:50,032 epoch 53 - iter 60/107 - loss 0.03423254 - samples/sec: 118.28 - lr: 0.000391
2022-05-20 19:58:52,516 epoch 53 - iter 70/107 - loss 0.03466167 - samples/sec: 128.89 - lr: 0.000391
2022-05-20 19:58:54,920 epoch 53 - iter 80/107 - loss 0.03489714 - samples/sec: 133.12 - lr: 0.000391
2022-05-20 19:58:57,428 epoch 53 - iter 90/107 - loss 0.03445407 - samples/sec: 127.64 - lr: 0.000391
2022-05-20 19:59:00,075 epoch 53 - iter 100/107 - loss 0.03349350 - samples/sec: 120.95 - lr: 0.000391
2022-05-20 19:59:01,615 ----------------------------------------------------------------------------------------------------
2022-05-20 19:59:01,616 EPOCH 53 done: loss 0.0339 - lr 0.000391
2022-05-20 19:59:08,370 Evaluating as a multi-label problem: False
2022-05-20 19:59:08,381 DEV : loss 0.21112903952598572 - f1-score (micro avg)  0.5142
2022-05-20 19:59:08,451 Epoch    53: reducing learning rate of group 0 to 1.9531e-04.
2022-05-20 19:59:08,451 BAD EPOCHS (no improvement): 4
2022-05-20 19:59:08,453 ----------------------------------------------------------------------------------------------------
2022-05-20 19:59:10,746 epoch 54 - iter 10/107 - loss 0.02341727 - samples/sec: 139.61 - lr: 0.000195
2022-05-20 19:59:12,246 epoch 54 - iter 20/107 - loss 0.02604360 - samples/sec: 213.50 - lr: 0.000195
2022-05-20 19:59:13,809 epoch 54 - iter 30/107 - loss 0.02643917 - samples/sec: 204.85 - lr: 0.000195
2022-05-20 19:59:15,399 epoch 54 - iter 40/107 - loss 0.02801736 - samples/sec: 201.37 - lr: 0.000195
2022-05-20 19:59:16,945 epoch 54 - iter 50/107 - loss 0.02955292 - samples/sec: 207.13 - lr: 0.000195
2022-05-20 19:59:18,986 epoch 54 - iter 60/107 - loss 0.03205924 - samples/sec: 156.86 - lr: 0.000195
2022-05-20 19:59:21,513 epoch 54 - iter 70/107 - loss 0.03406145 - samples/sec: 126.71 - lr: 0.000195
2022-05-20 19:59:23,953 epoch 54 - iter 80/107 - loss 0.03425088 - samples/sec: 131.18 - lr: 0.000195
2022-05-20 19:59:26,331 epoch 54 - iter 90/107 - loss 0.03375503 - samples/sec: 134.63 - lr: 0.000195
2022-05-20 19:59:28,881 epoch 54 - iter 100/107 - loss 0.03404577 - samples/sec: 125.56 - lr: 0.000195
2022-05-20 19:59:30,396 ----------------------------------------------------------------------------------------------------
2022-05-20 19:59:30,396 EPOCH 54 done: loss 0.0335 - lr 0.000195
2022-05-20 19:59:40,115 Evaluating as a multi-label problem: False
2022-05-20 19:59:40,126 DEV : loss 0.21126531064510345 - f1-score (micro avg)  0.5142
2022-05-20 19:59:40,197 BAD EPOCHS (no improvement): 1
2022-05-20 19:59:40,203 ----------------------------------------------------------------------------------------------------
2022-05-20 19:59:42,525 epoch 55 - iter 10/107 - loss 0.03415868 - samples/sec: 137.90 - lr: 0.000195
2022-05-20 19:59:44,649 epoch 55 - iter 20/107 - loss 0.03220316 - samples/sec: 150.74 - lr: 0.000195
2022-05-20 19:59:46,905 epoch 55 - iter 30/107 - loss 0.03317661 - samples/sec: 141.90 - lr: 0.000195
2022-05-20 19:59:49,250 epoch 55 - iter 40/107 - loss 0.03343912 - samples/sec: 136.52 - lr: 0.000195
2022-05-20 19:59:51,816 epoch 55 - iter 50/107 - loss 0.03480168 - samples/sec: 124.76 - lr: 0.000195
2022-05-20 19:59:54,327 epoch 55 - iter 60/107 - loss 0.03435622 - samples/sec: 127.47 - lr: 0.000195
2022-05-20 19:59:56,688 epoch 55 - iter 70/107 - loss 0.03388325 - samples/sec: 135.61 - lr: 0.000195
2022-05-20 19:59:59,342 epoch 55 - iter 80/107 - loss 0.03386734 - samples/sec: 120.62 - lr: 0.000195
2022-05-20 20:00:01,774 epoch 55 - iter 90/107 - loss 0.03472388 - samples/sec: 131.64 - lr: 0.000195
2022-05-20 20:00:04,179 epoch 55 - iter 100/107 - loss 0.03474053 - samples/sec: 133.09 - lr: 0.000195
2022-05-20 20:00:05,749 ----------------------------------------------------------------------------------------------------
2022-05-20 20:00:05,750 EPOCH 55 done: loss 0.0350 - lr 0.000195
2022-05-20 20:00:13,618 Evaluating as a multi-label problem: False
2022-05-20 20:00:13,629 DEV : loss 0.2112811952829361 - f1-score (micro avg)  0.5142
2022-05-20 20:00:13,698 BAD EPOCHS (no improvement): 2
2022-05-20 20:00:13,701 ----------------------------------------------------------------------------------------------------
2022-05-20 20:00:15,990 epoch 56 - iter 10/107 - loss 0.02887145 - samples/sec: 139.86 - lr: 0.000195
2022-05-20 20:00:18,206 epoch 56 - iter 20/107 - loss 0.02988567 - samples/sec: 144.46 - lr: 0.000195
2022-05-20 20:00:20,344 epoch 56 - iter 30/107 - loss 0.03137750 - samples/sec: 149.75 - lr: 0.000195
2022-05-20 20:00:22,605 epoch 56 - iter 40/107 - loss 0.03373707 - samples/sec: 141.61 - lr: 0.000195
2022-05-20 20:00:25,301 epoch 56 - iter 50/107 - loss 0.03283569 - samples/sec: 118.73 - lr: 0.000195
2022-05-20 20:00:27,829 epoch 56 - iter 60/107 - loss 0.03272167 - samples/sec: 126.63 - lr: 0.000195
2022-05-20 20:00:30,312 epoch 56 - iter 70/107 - loss 0.03292308 - samples/sec: 128.91 - lr: 0.000195
2022-05-20 20:00:32,796 epoch 56 - iter 80/107 - loss 0.03409729 - samples/sec: 128.90 - lr: 0.000195
2022-05-20 20:00:35,280 epoch 56 - iter 90/107 - loss 0.03415042 - samples/sec: 128.86 - lr: 0.000195
2022-05-20 20:00:37,657 epoch 56 - iter 100/107 - loss 0.03373527 - samples/sec: 134.69 - lr: 0.000195
2022-05-20 20:00:39,170 ----------------------------------------------------------------------------------------------------
2022-05-20 20:00:39,170 EPOCH 56 done: loss 0.0330 - lr 0.000195
2022-05-20 20:00:47,170 Evaluating as a multi-label problem: False
2022-05-20 20:00:47,181 DEV : loss 0.2118881195783615 - f1-score (micro avg)  0.513
2022-05-20 20:00:47,252 BAD EPOCHS (no improvement): 3
2022-05-20 20:00:47,255 ----------------------------------------------------------------------------------------------------
2022-05-20 20:00:49,390 epoch 57 - iter 10/107 - loss 0.03268188 - samples/sec: 149.98 - lr: 0.000195
2022-05-20 20:00:51,589 epoch 57 - iter 20/107 - loss 0.03469869 - samples/sec: 145.62 - lr: 0.000195
2022-05-20 20:00:53,768 epoch 57 - iter 30/107 - loss 0.03431636 - samples/sec: 146.94 - lr: 0.000195
2022-05-20 20:00:55,739 epoch 57 - iter 40/107 - loss 0.03573529 - samples/sec: 162.43 - lr: 0.000195
2022-05-20 20:00:58,219 epoch 57 - iter 50/107 - loss 0.03483081 - samples/sec: 129.09 - lr: 0.000195
2022-05-20 20:01:00,644 epoch 57 - iter 60/107 - loss 0.03594634 - samples/sec: 132.01 - lr: 0.000195
2022-05-20 20:01:03,067 epoch 57 - iter 70/107 - loss 0.03621158 - samples/sec: 132.08 - lr: 0.000195
2022-05-20 20:01:05,532 epoch 57 - iter 80/107 - loss 0.03533796 - samples/sec: 129.88 - lr: 0.000195
2022-05-20 20:01:07,959 epoch 57 - iter 90/107 - loss 0.03543538 - samples/sec: 131.92 - lr: 0.000195
2022-05-20 20:01:10,424 epoch 57 - iter 100/107 - loss 0.03501585 - samples/sec: 129.87 - lr: 0.000195
2022-05-20 20:01:12,005 ----------------------------------------------------------------------------------------------------
2022-05-20 20:01:12,005 EPOCH 57 done: loss 0.0351 - lr 0.000195
2022-05-20 20:01:19,997 Evaluating as a multi-label problem: False
2022-05-20 20:01:20,007 DEV : loss 0.21208994090557098 - f1-score (micro avg)  0.513
2022-05-20 20:01:20,077 Epoch    57: reducing learning rate of group 0 to 9.7656e-05.
2022-05-20 20:01:20,077 BAD EPOCHS (no improvement): 4
2022-05-20 20:01:20,079 ----------------------------------------------------------------------------------------------------
2022-05-20 20:01:20,079 ----------------------------------------------------------------------------------------------------
2022-05-20 20:01:20,080 learning rate too small - quitting training!
2022-05-20 20:01:20,080 ----------------------------------------------------------------------------------------------------
2022-05-20 20:01:30,515 ----------------------------------------------------------------------------------------------------
2022-05-20 20:01:30,516 loading file resources/taggers/model_03_r12_run_1/best-model.pt
2022-05-20 20:01:39,056 SequenceTagger predicts: Dictionary with 27 tags: O, S-person, B-person, E-person, I-person, S-location, B-location, E-location, I-location, S-group, B-group, E-group, I-group, S-corporation, B-corporation, E-corporation, I-corporation, S-product, B-product, E-product, I-product, S-creative-work, B-creative-work, E-creative-work, I-creative-work, <START>, <STOP>
2022-05-20 20:01:58,643 Evaluating as a multi-label problem: False
2022-05-20 20:01:58,655 0.6205	0.3364	0.4363	0.3022
2022-05-20 20:01:58,655 
Results:
- F-score (micro) 0.4363
- F-score (macro) 0.32
- Accuracy 0.3022

By class:
               precision    recall  f1-score   support

       person     0.7561    0.5058    0.6061       429
     location     0.5793    0.5600    0.5695       150
        group     0.5532    0.1576    0.2453       165
creative-work     0.4390    0.1268    0.1967       142
      product     0.2500    0.0394    0.0680       127
  corporation     0.2889    0.1970    0.2342        66

    micro avg     0.6205    0.3364    0.4363      1079
    macro avg     0.4778    0.2644    0.3200      1079
 weighted avg     0.5706    0.3364    0.4059      1079

2022-05-20 20:01:58,655 ----------------------------------------------------------------------------------------------------
