2022-05-20 23:50:06,314 ----------------------------------------------------------------------------------------------------
2022-05-20 23:50:06,314 Model: "SequenceTagger(
  (embeddings): StackedEmbeddings(
    (list_embedding_0): GazetteerEmbeddings()
    (list_embedding_1): FlairEmbeddings(
      (lm): LanguageModel(
        (drop): Dropout(p=0.05, inplace=False)
        (encoder): Embedding(300, 100)
        (rnn): LSTM(100, 2048)
        (decoder): Linear(in_features=2048, out_features=300, bias=True)
      )
    )
    (list_embedding_2): FlairEmbeddings(
      (lm): LanguageModel(
        (drop): Dropout(p=0.05, inplace=False)
        (encoder): Embedding(300, 100)
        (rnn): LSTM(100, 2048)
        (decoder): Linear(in_features=2048, out_features=300, bias=True)
      )
    )
  )
  (word_dropout): WordDropout(p=0.05)
  (locked_dropout): LockedDropout(p=0.5)
  (embedding2nn): Linear(in_features=4117, out_features=4117, bias=True)
  (rnn): LSTM(4117, 256, batch_first=True, bidirectional=True)
  (linear): Linear(in_features=512, out_features=27, bias=True)
  (loss_function): ViterbiLoss()
  (crf): CRF()
)"
2022-05-20 23:50:06,314 ----------------------------------------------------------------------------------------------------
2022-05-20 23:50:06,315 Corpus: "Corpus: 3394 train + 1009 dev + 1287 test sentences"
2022-05-20 23:50:06,315 ----------------------------------------------------------------------------------------------------
2022-05-20 23:50:06,315 Parameters:
2022-05-20 23:50:06,315  - learning_rate: "0.100000"
2022-05-20 23:50:06,315  - mini_batch_size: "32"
2022-05-20 23:50:06,315  - patience: "3"
2022-05-20 23:50:06,315  - anneal_factor: "0.5"
2022-05-20 23:50:06,315  - max_epochs: "150"
2022-05-20 23:50:06,315  - shuffle: "True"
2022-05-20 23:50:06,315  - train_with_dev: "False"
2022-05-20 23:50:06,315  - batch_growth_annealing: "False"
2022-05-20 23:50:06,315 ----------------------------------------------------------------------------------------------------
2022-05-20 23:50:06,315 Model training base path: "resources/taggers/model_03_r13_run_3"
2022-05-20 23:50:06,315 ----------------------------------------------------------------------------------------------------
2022-05-20 23:50:06,315 Device: cuda:0
2022-05-20 23:50:06,315 ----------------------------------------------------------------------------------------------------
2022-05-20 23:50:06,315 Embeddings storage mode: cpu
2022-05-20 23:50:06,315 ----------------------------------------------------------------------------------------------------
2022-05-20 23:50:09,292 epoch 1 - iter 10/107 - loss 1.66145599 - samples/sec: 107.56 - lr: 0.100000
2022-05-20 23:50:11,630 epoch 1 - iter 20/107 - loss 0.98408239 - samples/sec: 136.94 - lr: 0.100000
2022-05-20 23:50:14,286 epoch 1 - iter 30/107 - loss 0.76033375 - samples/sec: 120.54 - lr: 0.100000
2022-05-20 23:50:16,851 epoch 1 - iter 40/107 - loss 0.64506025 - samples/sec: 124.82 - lr: 0.100000
2022-05-20 23:50:19,404 epoch 1 - iter 50/107 - loss 0.56340003 - samples/sec: 125.41 - lr: 0.100000
2022-05-20 23:50:22,215 epoch 1 - iter 60/107 - loss 0.52046670 - samples/sec: 113.89 - lr: 0.100000
2022-05-20 23:50:25,077 epoch 1 - iter 70/107 - loss 0.49045060 - samples/sec: 111.86 - lr: 0.100000
2022-05-20 23:50:27,984 epoch 1 - iter 80/107 - loss 0.47236235 - samples/sec: 110.14 - lr: 0.100000
2022-05-20 23:50:30,441 epoch 1 - iter 90/107 - loss 0.45828982 - samples/sec: 130.27 - lr: 0.100000
2022-05-20 23:50:33,082 epoch 1 - iter 100/107 - loss 0.44417018 - samples/sec: 121.24 - lr: 0.100000
2022-05-20 23:50:34,614 ----------------------------------------------------------------------------------------------------
2022-05-20 23:50:34,614 EPOCH 1 done: loss 0.4337 - lr 0.100000
2022-05-20 23:50:43,224 Evaluating as a multi-label problem: False
2022-05-20 23:50:43,235 DEV : loss 0.5111040472984314 - f1-score (micro avg)  0.0166
2022-05-20 23:50:43,311 BAD EPOCHS (no improvement): 0
2022-05-20 23:50:43,313 saving best model
2022-05-20 23:51:43,125 ----------------------------------------------------------------------------------------------------
2022-05-20 23:51:45,201 epoch 2 - iter 10/107 - loss 0.20982129 - samples/sec: 154.30 - lr: 0.100000
2022-05-20 23:51:47,156 epoch 2 - iter 20/107 - loss 0.22874555 - samples/sec: 163.82 - lr: 0.100000
2022-05-20 23:51:48,992 epoch 2 - iter 30/107 - loss 0.23357936 - samples/sec: 174.44 - lr: 0.100000
2022-05-20 23:51:50,945 epoch 2 - iter 40/107 - loss 0.22953443 - samples/sec: 163.94 - lr: 0.100000
2022-05-20 23:51:52,930 epoch 2 - iter 50/107 - loss 0.22907795 - samples/sec: 161.27 - lr: 0.100000
2022-05-20 23:51:54,788 epoch 2 - iter 60/107 - loss 0.22009439 - samples/sec: 172.40 - lr: 0.100000
2022-05-20 23:51:56,693 epoch 2 - iter 70/107 - loss 0.22055040 - samples/sec: 168.04 - lr: 0.100000
2022-05-20 23:51:58,588 epoch 2 - iter 80/107 - loss 0.22059953 - samples/sec: 168.95 - lr: 0.100000
2022-05-20 23:52:00,485 epoch 2 - iter 90/107 - loss 0.21926892 - samples/sec: 168.86 - lr: 0.100000
2022-05-20 23:52:03,328 epoch 2 - iter 100/107 - loss 0.21887633 - samples/sec: 112.60 - lr: 0.100000
2022-05-20 23:52:04,899 ----------------------------------------------------------------------------------------------------
2022-05-20 23:52:04,899 EPOCH 2 done: loss 0.2155 - lr 0.100000
2022-05-20 23:52:13,647 Evaluating as a multi-label problem: False
2022-05-20 23:52:13,659 DEV : loss 0.33660250902175903 - f1-score (micro avg)  0.2011
2022-05-20 23:52:13,736 BAD EPOCHS (no improvement): 0
2022-05-20 23:52:13,751 saving best model
2022-05-20 23:53:14,659 ----------------------------------------------------------------------------------------------------
2022-05-20 23:53:17,449 epoch 3 - iter 10/107 - loss 0.19435870 - samples/sec: 114.77 - lr: 0.100000
2022-05-20 23:53:20,055 epoch 3 - iter 20/107 - loss 0.20213469 - samples/sec: 122.90 - lr: 0.100000
2022-05-20 23:53:22,566 epoch 3 - iter 30/107 - loss 0.19238170 - samples/sec: 127.51 - lr: 0.100000
2022-05-20 23:53:25,197 epoch 3 - iter 40/107 - loss 0.18903217 - samples/sec: 121.67 - lr: 0.100000
2022-05-20 23:53:27,980 epoch 3 - iter 50/107 - loss 0.18671110 - samples/sec: 115.05 - lr: 0.100000
2022-05-20 23:53:30,780 epoch 3 - iter 60/107 - loss 0.18355974 - samples/sec: 114.33 - lr: 0.100000
2022-05-20 23:53:33,588 epoch 3 - iter 70/107 - loss 0.17990885 - samples/sec: 114.03 - lr: 0.100000
2022-05-20 23:53:36,237 epoch 3 - iter 80/107 - loss 0.17694755 - samples/sec: 120.87 - lr: 0.100000
2022-05-20 23:53:38,903 epoch 3 - iter 90/107 - loss 0.17764831 - samples/sec: 120.07 - lr: 0.100000
2022-05-20 23:53:41,697 epoch 3 - iter 100/107 - loss 0.17727243 - samples/sec: 114.57 - lr: 0.100000
2022-05-20 23:53:43,432 ----------------------------------------------------------------------------------------------------
2022-05-20 23:53:43,432 EPOCH 3 done: loss 0.1768 - lr 0.100000
2022-05-20 23:53:51,443 Evaluating as a multi-label problem: False
2022-05-20 23:53:51,455 DEV : loss 0.2603282928466797 - f1-score (micro avg)  0.4563
2022-05-20 23:53:51,531 BAD EPOCHS (no improvement): 0
2022-05-20 23:53:51,561 saving best model
2022-05-20 23:54:52,559 ----------------------------------------------------------------------------------------------------
2022-05-20 23:54:55,315 epoch 4 - iter 10/107 - loss 0.12629324 - samples/sec: 116.23 - lr: 0.100000
2022-05-20 23:54:57,915 epoch 4 - iter 20/107 - loss 0.14823108 - samples/sec: 123.15 - lr: 0.100000
2022-05-20 23:55:00,271 epoch 4 - iter 30/107 - loss 0.15475401 - samples/sec: 135.87 - lr: 0.100000
2022-05-20 23:55:02,895 epoch 4 - iter 40/107 - loss 0.15419960 - samples/sec: 122.02 - lr: 0.100000
2022-05-20 23:55:05,459 epoch 4 - iter 50/107 - loss 0.15067266 - samples/sec: 124.87 - lr: 0.100000
2022-05-20 23:55:08,228 epoch 4 - iter 60/107 - loss 0.15262293 - samples/sec: 115.60 - lr: 0.100000
2022-05-20 23:55:10,863 epoch 4 - iter 70/107 - loss 0.15085724 - samples/sec: 121.50 - lr: 0.100000
2022-05-20 23:55:13,445 epoch 4 - iter 80/107 - loss 0.15615466 - samples/sec: 123.97 - lr: 0.100000
2022-05-20 23:55:16,140 epoch 4 - iter 90/107 - loss 0.15644802 - samples/sec: 118.80 - lr: 0.100000
2022-05-20 23:55:18,955 epoch 4 - iter 100/107 - loss 0.15495062 - samples/sec: 113.77 - lr: 0.100000
2022-05-20 23:55:20,557 ----------------------------------------------------------------------------------------------------
2022-05-20 23:55:20,557 EPOCH 4 done: loss 0.1540 - lr 0.100000
2022-05-20 23:55:28,853 Evaluating as a multi-label problem: False
2022-05-20 23:55:28,864 DEV : loss 0.2584213316440582 - f1-score (micro avg)  0.3996
2022-05-20 23:55:28,938 BAD EPOCHS (no improvement): 1
2022-05-20 23:55:28,941 ----------------------------------------------------------------------------------------------------
2022-05-20 23:55:31,191 epoch 5 - iter 10/107 - loss 0.12431835 - samples/sec: 142.30 - lr: 0.100000
2022-05-20 23:55:33,668 epoch 5 - iter 20/107 - loss 0.12774872 - samples/sec: 129.25 - lr: 0.100000
2022-05-20 23:55:36,006 epoch 5 - iter 30/107 - loss 0.13451938 - samples/sec: 136.94 - lr: 0.100000
2022-05-20 23:55:38,620 epoch 5 - iter 40/107 - loss 0.14101020 - samples/sec: 122.49 - lr: 0.100000
2022-05-20 23:55:41,473 epoch 5 - iter 50/107 - loss 0.14187888 - samples/sec: 112.20 - lr: 0.100000
2022-05-20 23:55:44,227 epoch 5 - iter 60/107 - loss 0.14291359 - samples/sec: 116.21 - lr: 0.100000
2022-05-20 23:55:47,068 epoch 5 - iter 70/107 - loss 0.14456870 - samples/sec: 112.70 - lr: 0.100000
2022-05-20 23:55:49,619 epoch 5 - iter 80/107 - loss 0.14722089 - samples/sec: 125.47 - lr: 0.100000
2022-05-20 23:55:52,284 epoch 5 - iter 90/107 - loss 0.14389091 - samples/sec: 120.13 - lr: 0.100000
2022-05-20 23:55:54,845 epoch 5 - iter 100/107 - loss 0.14060131 - samples/sec: 125.00 - lr: 0.100000
2022-05-20 23:55:56,403 ----------------------------------------------------------------------------------------------------
2022-05-20 23:55:56,404 EPOCH 5 done: loss 0.1410 - lr 0.100000
2022-05-20 23:56:04,607 Evaluating as a multi-label problem: False
2022-05-20 23:56:04,618 DEV : loss 0.26726067066192627 - f1-score (micro avg)  0.3939
2022-05-20 23:56:04,694 BAD EPOCHS (no improvement): 2
2022-05-20 23:56:04,696 ----------------------------------------------------------------------------------------------------
2022-05-20 23:56:07,096 epoch 6 - iter 10/107 - loss 0.14258283 - samples/sec: 133.41 - lr: 0.100000
2022-05-20 23:56:09,550 epoch 6 - iter 20/107 - loss 0.12562981 - samples/sec: 130.43 - lr: 0.100000
2022-05-20 23:56:12,016 epoch 6 - iter 30/107 - loss 0.12808854 - samples/sec: 129.84 - lr: 0.100000
2022-05-20 23:56:14,614 epoch 6 - iter 40/107 - loss 0.13246584 - samples/sec: 123.23 - lr: 0.100000
2022-05-20 23:56:17,256 epoch 6 - iter 50/107 - loss 0.13427657 - samples/sec: 121.21 - lr: 0.100000
2022-05-20 23:56:19,888 epoch 6 - iter 60/107 - loss 0.13259193 - samples/sec: 121.62 - lr: 0.100000
2022-05-20 23:56:22,465 epoch 6 - iter 70/107 - loss 0.13042177 - samples/sec: 124.25 - lr: 0.100000
2022-05-20 23:56:25,215 epoch 6 - iter 80/107 - loss 0.12964041 - samples/sec: 116.39 - lr: 0.100000
2022-05-20 23:56:27,821 epoch 6 - iter 90/107 - loss 0.12775786 - samples/sec: 122.85 - lr: 0.100000
2022-05-20 23:56:30,773 epoch 6 - iter 100/107 - loss 0.12808191 - samples/sec: 108.45 - lr: 0.100000
2022-05-20 23:56:32,420 ----------------------------------------------------------------------------------------------------
2022-05-20 23:56:32,420 EPOCH 6 done: loss 0.1287 - lr 0.100000
2022-05-20 23:56:40,532 Evaluating as a multi-label problem: False
2022-05-20 23:56:40,544 DEV : loss 0.2326010912656784 - f1-score (micro avg)  0.4694
2022-05-20 23:56:40,620 BAD EPOCHS (no improvement): 0
2022-05-20 23:56:40,622 saving best model
2022-05-20 23:57:40,554 ----------------------------------------------------------------------------------------------------
2022-05-20 23:57:43,557 epoch 7 - iter 10/107 - loss 0.10321917 - samples/sec: 106.65 - lr: 0.100000
2022-05-20 23:57:46,472 epoch 7 - iter 20/107 - loss 0.12311712 - samples/sec: 109.83 - lr: 0.100000
2022-05-20 23:57:49,169 epoch 7 - iter 30/107 - loss 0.12362644 - samples/sec: 118.69 - lr: 0.100000
2022-05-20 23:57:51,976 epoch 7 - iter 40/107 - loss 0.12213091 - samples/sec: 114.04 - lr: 0.100000
2022-05-20 23:57:54,540 epoch 7 - iter 50/107 - loss 0.12390040 - samples/sec: 124.88 - lr: 0.100000
2022-05-20 23:57:57,256 epoch 7 - iter 60/107 - loss 0.12455547 - samples/sec: 117.85 - lr: 0.100000
2022-05-20 23:57:59,813 epoch 7 - iter 70/107 - loss 0.12396260 - samples/sec: 125.23 - lr: 0.100000
2022-05-20 23:58:02,490 epoch 7 - iter 80/107 - loss 0.12160655 - samples/sec: 119.59 - lr: 0.100000
2022-05-20 23:58:05,035 epoch 7 - iter 90/107 - loss 0.11877693 - samples/sec: 125.76 - lr: 0.100000
2022-05-20 23:58:07,380 epoch 7 - iter 100/107 - loss 0.12070018 - samples/sec: 136.56 - lr: 0.100000
2022-05-20 23:58:08,842 ----------------------------------------------------------------------------------------------------
2022-05-20 23:58:08,842 EPOCH 7 done: loss 0.1208 - lr 0.100000
2022-05-20 23:58:16,959 Evaluating as a multi-label problem: False
2022-05-20 23:58:16,971 DEV : loss 0.2419482320547104 - f1-score (micro avg)  0.4427
2022-05-20 23:58:17,047 BAD EPOCHS (no improvement): 1
2022-05-20 23:58:17,049 ----------------------------------------------------------------------------------------------------
2022-05-20 23:58:19,570 epoch 8 - iter 10/107 - loss 0.10641191 - samples/sec: 127.03 - lr: 0.100000
2022-05-20 23:58:22,157 epoch 8 - iter 20/107 - loss 0.11218430 - samples/sec: 123.74 - lr: 0.100000
2022-05-20 23:58:24,837 epoch 8 - iter 30/107 - loss 0.11441055 - samples/sec: 119.46 - lr: 0.100000
2022-05-20 23:58:27,498 epoch 8 - iter 40/107 - loss 0.11419546 - samples/sec: 120.34 - lr: 0.100000
2022-05-20 23:58:30,260 epoch 8 - iter 50/107 - loss 0.11700999 - samples/sec: 115.88 - lr: 0.100000
2022-05-20 23:58:33,107 epoch 8 - iter 60/107 - loss 0.11478899 - samples/sec: 112.44 - lr: 0.100000
2022-05-20 23:58:35,975 epoch 8 - iter 70/107 - loss 0.11346341 - samples/sec: 111.62 - lr: 0.100000
2022-05-20 23:58:38,696 epoch 8 - iter 80/107 - loss 0.11288762 - samples/sec: 117.68 - lr: 0.100000
2022-05-20 23:58:40,994 epoch 8 - iter 90/107 - loss 0.11417374 - samples/sec: 139.30 - lr: 0.100000
2022-05-20 23:58:43,378 epoch 8 - iter 100/107 - loss 0.11300580 - samples/sec: 134.28 - lr: 0.100000
2022-05-20 23:58:44,993 ----------------------------------------------------------------------------------------------------
2022-05-20 23:58:44,993 EPOCH 8 done: loss 0.1121 - lr 0.100000
2022-05-20 23:58:53,604 Evaluating as a multi-label problem: False
2022-05-20 23:58:53,615 DEV : loss 0.21310067176818848 - f1-score (micro avg)  0.4677
2022-05-20 23:58:53,691 BAD EPOCHS (no improvement): 2
2022-05-20 23:58:53,693 ----------------------------------------------------------------------------------------------------
2022-05-20 23:58:56,350 epoch 9 - iter 10/107 - loss 0.10826330 - samples/sec: 120.50 - lr: 0.100000
2022-05-20 23:58:59,030 epoch 9 - iter 20/107 - loss 0.11108799 - samples/sec: 119.45 - lr: 0.100000
2022-05-20 23:59:01,773 epoch 9 - iter 30/107 - loss 0.11382996 - samples/sec: 116.68 - lr: 0.100000
2022-05-20 23:59:04,433 epoch 9 - iter 40/107 - loss 0.10987142 - samples/sec: 120.39 - lr: 0.100000
2022-05-20 23:59:07,030 epoch 9 - iter 50/107 - loss 0.10964385 - samples/sec: 123.25 - lr: 0.100000
2022-05-20 23:59:09,643 epoch 9 - iter 60/107 - loss 0.10793757 - samples/sec: 122.57 - lr: 0.100000
2022-05-20 23:59:12,577 epoch 9 - iter 70/107 - loss 0.10781793 - samples/sec: 109.11 - lr: 0.100000
2022-05-20 23:59:15,163 epoch 9 - iter 80/107 - loss 0.10955236 - samples/sec: 123.79 - lr: 0.100000
2022-05-20 23:59:17,550 epoch 9 - iter 90/107 - loss 0.10831058 - samples/sec: 134.10 - lr: 0.100000
2022-05-20 23:59:19,939 epoch 9 - iter 100/107 - loss 0.10704784 - samples/sec: 134.02 - lr: 0.100000
2022-05-20 23:59:21,545 ----------------------------------------------------------------------------------------------------
2022-05-20 23:59:21,545 EPOCH 9 done: loss 0.1061 - lr 0.100000
2022-05-20 23:59:30,052 Evaluating as a multi-label problem: False
2022-05-20 23:59:30,063 DEV : loss 0.22066344320774078 - f1-score (micro avg)  0.4656
2022-05-20 23:59:30,139 BAD EPOCHS (no improvement): 3
2022-05-20 23:59:30,141 ----------------------------------------------------------------------------------------------------
2022-05-20 23:59:33,121 epoch 10 - iter 10/107 - loss 0.10688500 - samples/sec: 107.45 - lr: 0.100000
2022-05-20 23:59:35,710 epoch 10 - iter 20/107 - loss 0.10394946 - samples/sec: 123.62 - lr: 0.100000
2022-05-20 23:59:38,384 epoch 10 - iter 30/107 - loss 0.10973464 - samples/sec: 119.72 - lr: 0.100000
2022-05-20 23:59:41,072 epoch 10 - iter 40/107 - loss 0.10575435 - samples/sec: 119.09 - lr: 0.100000
2022-05-20 23:59:44,164 epoch 10 - iter 50/107 - loss 0.10569340 - samples/sec: 103.53 - lr: 0.100000
2022-05-20 23:59:46,906 epoch 10 - iter 60/107 - loss 0.10375893 - samples/sec: 116.77 - lr: 0.100000
2022-05-20 23:59:49,751 epoch 10 - iter 70/107 - loss 0.10477924 - samples/sec: 112.53 - lr: 0.100000
2022-05-20 23:59:52,093 epoch 10 - iter 80/107 - loss 0.10449220 - samples/sec: 136.68 - lr: 0.100000
2022-05-20 23:59:54,472 epoch 10 - iter 90/107 - loss 0.10259741 - samples/sec: 134.57 - lr: 0.100000
2022-05-20 23:59:57,031 epoch 10 - iter 100/107 - loss 0.10283955 - samples/sec: 125.12 - lr: 0.100000
2022-05-20 23:59:58,440 ----------------------------------------------------------------------------------------------------
2022-05-20 23:59:58,440 EPOCH 10 done: loss 0.1033 - lr 0.100000
2022-05-21 00:00:07,156 Evaluating as a multi-label problem: False
2022-05-21 00:00:07,168 DEV : loss 0.24039877951145172 - f1-score (micro avg)  0.4138
2022-05-21 00:00:07,244 Epoch    10: reducing learning rate of group 0 to 5.0000e-02.
2022-05-21 00:00:07,245 BAD EPOCHS (no improvement): 4
2022-05-21 00:00:07,246 ----------------------------------------------------------------------------------------------------
2022-05-21 00:00:09,903 epoch 11 - iter 10/107 - loss 0.10175055 - samples/sec: 120.52 - lr: 0.050000
2022-05-21 00:00:12,850 epoch 11 - iter 20/107 - loss 0.09898881 - samples/sec: 108.66 - lr: 0.050000
2022-05-21 00:00:15,590 epoch 11 - iter 30/107 - loss 0.09643906 - samples/sec: 116.83 - lr: 0.050000
2022-05-21 00:00:18,211 epoch 11 - iter 40/107 - loss 0.09506308 - samples/sec: 122.16 - lr: 0.050000
2022-05-21 00:00:20,992 epoch 11 - iter 50/107 - loss 0.09500494 - samples/sec: 115.08 - lr: 0.050000
2022-05-21 00:00:23,550 epoch 11 - iter 60/107 - loss 0.09454202 - samples/sec: 125.15 - lr: 0.050000
2022-05-21 00:00:25,971 epoch 11 - iter 70/107 - loss 0.09291806 - samples/sec: 132.26 - lr: 0.050000
2022-05-21 00:00:28,203 epoch 11 - iter 80/107 - loss 0.09333272 - samples/sec: 143.40 - lr: 0.050000
2022-05-21 00:00:30,521 epoch 11 - iter 90/107 - loss 0.09226482 - samples/sec: 138.16 - lr: 0.050000
2022-05-21 00:00:32,988 epoch 11 - iter 100/107 - loss 0.09256519 - samples/sec: 129.73 - lr: 0.050000
2022-05-21 00:00:34,552 ----------------------------------------------------------------------------------------------------
2022-05-21 00:00:34,552 EPOCH 11 done: loss 0.0926 - lr 0.050000
2022-05-21 00:00:43,289 Evaluating as a multi-label problem: False
2022-05-21 00:00:43,301 DEV : loss 0.18730932474136353 - f1-score (micro avg)  0.5078
2022-05-21 00:00:43,378 BAD EPOCHS (no improvement): 0
2022-05-21 00:00:43,380 saving best model
2022-05-21 00:01:44,430 ----------------------------------------------------------------------------------------------------
2022-05-21 00:01:47,375 epoch 12 - iter 10/107 - loss 0.06874992 - samples/sec: 108.76 - lr: 0.050000
2022-05-21 00:01:50,137 epoch 12 - iter 20/107 - loss 0.08175744 - samples/sec: 115.97 - lr: 0.050000
2022-05-21 00:01:52,914 epoch 12 - iter 30/107 - loss 0.08934023 - samples/sec: 115.31 - lr: 0.050000
2022-05-21 00:01:55,625 epoch 12 - iter 40/107 - loss 0.09318959 - samples/sec: 118.10 - lr: 0.050000
2022-05-21 00:01:58,051 epoch 12 - iter 50/107 - loss 0.09438782 - samples/sec: 131.97 - lr: 0.050000
2022-05-21 00:02:00,533 epoch 12 - iter 60/107 - loss 0.09171053 - samples/sec: 129.04 - lr: 0.050000
2022-05-21 00:02:03,157 epoch 12 - iter 70/107 - loss 0.08981982 - samples/sec: 122.04 - lr: 0.050000
2022-05-21 00:02:06,013 epoch 12 - iter 80/107 - loss 0.09020495 - samples/sec: 112.12 - lr: 0.050000
2022-05-21 00:02:08,571 epoch 12 - iter 90/107 - loss 0.08931130 - samples/sec: 125.14 - lr: 0.050000
2022-05-21 00:02:11,220 epoch 12 - iter 100/107 - loss 0.08873135 - samples/sec: 120.85 - lr: 0.050000
2022-05-21 00:02:12,987 ----------------------------------------------------------------------------------------------------
2022-05-21 00:02:12,987 EPOCH 12 done: loss 0.0878 - lr 0.050000
2022-05-21 00:02:20,985 Evaluating as a multi-label problem: False
2022-05-21 00:02:20,997 DEV : loss 0.20277097821235657 - f1-score (micro avg)  0.4881
2022-05-21 00:02:21,082 BAD EPOCHS (no improvement): 1
2022-05-21 00:02:21,086 ----------------------------------------------------------------------------------------------------
2022-05-21 00:02:23,731 epoch 13 - iter 10/107 - loss 0.07963550 - samples/sec: 121.06 - lr: 0.050000
2022-05-21 00:02:26,718 epoch 13 - iter 20/107 - loss 0.07993043 - samples/sec: 107.16 - lr: 0.050000
2022-05-21 00:02:29,477 epoch 13 - iter 30/107 - loss 0.08965302 - samples/sec: 116.05 - lr: 0.050000
2022-05-21 00:02:32,535 epoch 13 - iter 40/107 - loss 0.08707371 - samples/sec: 104.69 - lr: 0.050000
2022-05-21 00:02:35,115 epoch 13 - iter 50/107 - loss 0.08555705 - samples/sec: 124.15 - lr: 0.050000
2022-05-21 00:02:37,523 epoch 13 - iter 60/107 - loss 0.08653058 - samples/sec: 132.94 - lr: 0.050000
2022-05-21 00:02:40,023 epoch 13 - iter 70/107 - loss 0.08446539 - samples/sec: 128.10 - lr: 0.050000
2022-05-21 00:02:42,525 epoch 13 - iter 80/107 - loss 0.08372076 - samples/sec: 127.94 - lr: 0.050000
2022-05-21 00:02:45,183 epoch 13 - iter 90/107 - loss 0.08316396 - samples/sec: 120.48 - lr: 0.050000
2022-05-21 00:02:47,905 epoch 13 - iter 100/107 - loss 0.08253817 - samples/sec: 117.59 - lr: 0.050000
2022-05-21 00:02:48,999 ----------------------------------------------------------------------------------------------------
2022-05-21 00:02:49,000 EPOCH 13 done: loss 0.0828 - lr 0.050000
2022-05-21 00:02:56,443 Evaluating as a multi-label problem: False
2022-05-21 00:02:56,457 DEV : loss 0.18962551653385162 - f1-score (micro avg)  0.5077
2022-05-21 00:02:56,532 BAD EPOCHS (no improvement): 2
2022-05-21 00:02:56,534 ----------------------------------------------------------------------------------------------------
2022-05-21 00:02:59,279 epoch 14 - iter 10/107 - loss 0.10031770 - samples/sec: 116.67 - lr: 0.050000
2022-05-21 00:03:01,856 epoch 14 - iter 20/107 - loss 0.08305456 - samples/sec: 124.22 - lr: 0.050000
2022-05-21 00:03:04,412 epoch 14 - iter 30/107 - loss 0.08403548 - samples/sec: 125.26 - lr: 0.050000
2022-05-21 00:03:07,046 epoch 14 - iter 40/107 - loss 0.08095056 - samples/sec: 121.54 - lr: 0.050000
2022-05-21 00:03:09,609 epoch 14 - iter 50/107 - loss 0.08127158 - samples/sec: 124.91 - lr: 0.050000
2022-05-21 00:03:12,196 epoch 14 - iter 60/107 - loss 0.07893726 - samples/sec: 123.77 - lr: 0.050000
2022-05-21 00:03:14,450 epoch 14 - iter 70/107 - loss 0.08164513 - samples/sec: 142.08 - lr: 0.050000
2022-05-21 00:03:16,737 epoch 14 - iter 80/107 - loss 0.08229909 - samples/sec: 140.02 - lr: 0.050000
2022-05-21 00:03:19,149 epoch 14 - iter 90/107 - loss 0.08226914 - samples/sec: 132.73 - lr: 0.050000
2022-05-21 00:03:21,599 epoch 14 - iter 100/107 - loss 0.08143188 - samples/sec: 130.64 - lr: 0.050000
2022-05-21 00:03:23,294 ----------------------------------------------------------------------------------------------------
2022-05-21 00:03:23,295 EPOCH 14 done: loss 0.0808 - lr 0.050000
2022-05-21 00:03:31,315 Evaluating as a multi-label problem: False
2022-05-21 00:03:31,327 DEV : loss 0.18937188386917114 - f1-score (micro avg)  0.5039
2022-05-21 00:03:31,402 BAD EPOCHS (no improvement): 3
2022-05-21 00:03:31,404 ----------------------------------------------------------------------------------------------------
2022-05-21 00:03:34,204 epoch 15 - iter 10/107 - loss 0.07720236 - samples/sec: 114.34 - lr: 0.050000
2022-05-21 00:03:36,740 epoch 15 - iter 20/107 - loss 0.07160002 - samples/sec: 126.27 - lr: 0.050000
2022-05-21 00:03:39,333 epoch 15 - iter 30/107 - loss 0.08098131 - samples/sec: 123.45 - lr: 0.050000
2022-05-21 00:03:41,979 epoch 15 - iter 40/107 - loss 0.08104701 - samples/sec: 120.97 - lr: 0.050000
2022-05-21 00:03:44,513 epoch 15 - iter 50/107 - loss 0.07929635 - samples/sec: 126.32 - lr: 0.050000
2022-05-21 00:03:47,084 epoch 15 - iter 60/107 - loss 0.07807603 - samples/sec: 124.54 - lr: 0.050000
2022-05-21 00:03:49,568 epoch 15 - iter 70/107 - loss 0.07719927 - samples/sec: 128.90 - lr: 0.050000
2022-05-21 00:03:51,858 epoch 15 - iter 80/107 - loss 0.07777494 - samples/sec: 139.80 - lr: 0.050000
2022-05-21 00:03:54,298 epoch 15 - iter 90/107 - loss 0.07923339 - samples/sec: 131.20 - lr: 0.050000
2022-05-21 00:03:56,654 epoch 15 - iter 100/107 - loss 0.07908024 - samples/sec: 135.90 - lr: 0.050000
2022-05-21 00:03:58,256 ----------------------------------------------------------------------------------------------------
2022-05-21 00:03:58,257 EPOCH 15 done: loss 0.0795 - lr 0.050000
2022-05-21 00:04:06,340 Evaluating as a multi-label problem: False
2022-05-21 00:04:06,352 DEV : loss 0.1805785894393921 - f1-score (micro avg)  0.5097
2022-05-21 00:04:06,427 BAD EPOCHS (no improvement): 0
2022-05-21 00:04:06,429 saving best model
2022-05-21 00:05:10,023 ----------------------------------------------------------------------------------------------------
2022-05-21 00:05:12,407 epoch 16 - iter 10/107 - loss 0.07837056 - samples/sec: 134.34 - lr: 0.050000
2022-05-21 00:05:14,726 epoch 16 - iter 20/107 - loss 0.07332025 - samples/sec: 138.06 - lr: 0.050000
2022-05-21 00:05:17,046 epoch 16 - iter 30/107 - loss 0.07291388 - samples/sec: 138.00 - lr: 0.050000
2022-05-21 00:05:19,188 epoch 16 - iter 40/107 - loss 0.07642944 - samples/sec: 149.50 - lr: 0.050000
2022-05-21 00:05:22,049 epoch 16 - iter 50/107 - loss 0.07402088 - samples/sec: 111.88 - lr: 0.050000
2022-05-21 00:05:25,197 epoch 16 - iter 60/107 - loss 0.07465647 - samples/sec: 101.71 - lr: 0.050000
2022-05-21 00:05:28,313 epoch 16 - iter 70/107 - loss 0.07542700 - samples/sec: 102.78 - lr: 0.050000
2022-05-21 00:05:31,407 epoch 16 - iter 80/107 - loss 0.07834728 - samples/sec: 103.51 - lr: 0.050000
2022-05-21 00:05:35,060 epoch 16 - iter 90/107 - loss 0.07797074 - samples/sec: 87.65 - lr: 0.050000
2022-05-21 00:05:38,057 epoch 16 - iter 100/107 - loss 0.07908262 - samples/sec: 106.82 - lr: 0.050000
2022-05-21 00:05:39,883 ----------------------------------------------------------------------------------------------------
2022-05-21 00:05:39,883 EPOCH 16 done: loss 0.0794 - lr 0.050000
2022-05-21 00:05:48,457 Evaluating as a multi-label problem: False
2022-05-21 00:05:48,469 DEV : loss 0.18266968429088593 - f1-score (micro avg)  0.5259
2022-05-21 00:05:48,551 BAD EPOCHS (no improvement): 0
2022-05-21 00:05:48,576 saving best model
2022-05-21 00:06:50,251 ----------------------------------------------------------------------------------------------------
2022-05-21 00:06:53,593 epoch 17 - iter 10/107 - loss 0.07595804 - samples/sec: 95.86 - lr: 0.050000
2022-05-21 00:06:56,124 epoch 17 - iter 20/107 - loss 0.07117754 - samples/sec: 126.47 - lr: 0.050000
2022-05-21 00:06:58,701 epoch 17 - iter 30/107 - loss 0.06800558 - samples/sec: 124.24 - lr: 0.050000
2022-05-21 00:07:01,315 epoch 17 - iter 40/107 - loss 0.07130245 - samples/sec: 122.48 - lr: 0.050000
2022-05-21 00:07:03,814 epoch 17 - iter 50/107 - loss 0.07037031 - samples/sec: 128.11 - lr: 0.050000
2022-05-21 00:07:06,462 epoch 17 - iter 60/107 - loss 0.07199445 - samples/sec: 120.93 - lr: 0.050000
2022-05-21 00:07:08,867 epoch 17 - iter 70/107 - loss 0.07286015 - samples/sec: 133.08 - lr: 0.050000
2022-05-21 00:07:11,184 epoch 17 - iter 80/107 - loss 0.07515225 - samples/sec: 138.18 - lr: 0.050000
2022-05-21 00:07:13,518 epoch 17 - iter 90/107 - loss 0.07613313 - samples/sec: 137.19 - lr: 0.050000
2022-05-21 00:07:15,727 epoch 17 - iter 100/107 - loss 0.07532542 - samples/sec: 144.89 - lr: 0.050000
2022-05-21 00:07:17,275 ----------------------------------------------------------------------------------------------------
2022-05-21 00:07:17,275 EPOCH 17 done: loss 0.0752 - lr 0.050000
2022-05-21 00:07:25,412 Evaluating as a multi-label problem: False
2022-05-21 00:07:25,424 DEV : loss 0.1836276352405548 - f1-score (micro avg)  0.5326
2022-05-21 00:07:25,499 BAD EPOCHS (no improvement): 0
2022-05-21 00:07:25,536 saving best model
2022-05-21 00:08:25,135 ----------------------------------------------------------------------------------------------------
2022-05-21 00:08:27,894 epoch 18 - iter 10/107 - loss 0.07296649 - samples/sec: 116.07 - lr: 0.050000
2022-05-21 00:08:30,202 epoch 18 - iter 20/107 - loss 0.07328193 - samples/sec: 138.78 - lr: 0.050000
2022-05-21 00:08:32,550 epoch 18 - iter 30/107 - loss 0.07308892 - samples/sec: 136.33 - lr: 0.050000
2022-05-21 00:08:35,015 epoch 18 - iter 40/107 - loss 0.07320575 - samples/sec: 129.92 - lr: 0.050000
2022-05-21 00:08:37,491 epoch 18 - iter 50/107 - loss 0.07311907 - samples/sec: 129.28 - lr: 0.050000
2022-05-21 00:08:40,216 epoch 18 - iter 60/107 - loss 0.07380141 - samples/sec: 117.51 - lr: 0.050000
2022-05-21 00:08:42,799 epoch 18 - iter 70/107 - loss 0.07369842 - samples/sec: 123.92 - lr: 0.050000
2022-05-21 00:08:45,325 epoch 18 - iter 80/107 - loss 0.07336690 - samples/sec: 126.75 - lr: 0.050000
2022-05-21 00:08:47,869 epoch 18 - iter 90/107 - loss 0.07425188 - samples/sec: 125.84 - lr: 0.050000
2022-05-21 00:08:50,462 epoch 18 - iter 100/107 - loss 0.07343378 - samples/sec: 123.46 - lr: 0.050000
2022-05-21 00:08:51,980 ----------------------------------------------------------------------------------------------------
2022-05-21 00:08:51,980 EPOCH 18 done: loss 0.0734 - lr 0.050000
2022-05-21 00:09:00,355 Evaluating as a multi-label problem: False
2022-05-21 00:09:00,367 DEV : loss 0.19583649933338165 - f1-score (micro avg)  0.5076
2022-05-21 00:09:00,443 BAD EPOCHS (no improvement): 1
2022-05-21 00:09:00,452 ----------------------------------------------------------------------------------------------------
2022-05-21 00:09:03,235 epoch 19 - iter 10/107 - loss 0.07606732 - samples/sec: 115.04 - lr: 0.050000
2022-05-21 00:09:05,487 epoch 19 - iter 20/107 - loss 0.07462536 - samples/sec: 142.21 - lr: 0.050000
2022-05-21 00:09:07,734 epoch 19 - iter 30/107 - loss 0.07608768 - samples/sec: 142.47 - lr: 0.050000
2022-05-21 00:09:10,163 epoch 19 - iter 40/107 - loss 0.07388976 - samples/sec: 131.80 - lr: 0.050000
2022-05-21 00:09:12,640 epoch 19 - iter 50/107 - loss 0.07273864 - samples/sec: 129.28 - lr: 0.050000
2022-05-21 00:09:15,550 epoch 19 - iter 60/107 - loss 0.07366667 - samples/sec: 110.03 - lr: 0.050000
2022-05-21 00:09:18,419 epoch 19 - iter 70/107 - loss 0.07224875 - samples/sec: 111.58 - lr: 0.050000
2022-05-21 00:09:20,991 epoch 19 - iter 80/107 - loss 0.07133185 - samples/sec: 124.52 - lr: 0.050000
2022-05-21 00:09:23,790 epoch 19 - iter 90/107 - loss 0.07109734 - samples/sec: 114.36 - lr: 0.050000
2022-05-21 00:09:26,397 epoch 19 - iter 100/107 - loss 0.07118153 - samples/sec: 122.83 - lr: 0.050000
2022-05-21 00:09:27,963 ----------------------------------------------------------------------------------------------------
2022-05-21 00:09:27,963 EPOCH 19 done: loss 0.0713 - lr 0.050000
2022-05-21 00:09:36,237 Evaluating as a multi-label problem: False
2022-05-21 00:09:36,249 DEV : loss 0.18948115408420563 - f1-score (micro avg)  0.5208
2022-05-21 00:09:36,326 BAD EPOCHS (no improvement): 2
2022-05-21 00:09:36,329 ----------------------------------------------------------------------------------------------------
2022-05-21 00:09:39,066 epoch 20 - iter 10/107 - loss 0.06807221 - samples/sec: 117.00 - lr: 0.050000
2022-05-21 00:09:41,384 epoch 20 - iter 20/107 - loss 0.06788697 - samples/sec: 138.11 - lr: 0.050000
2022-05-21 00:09:43,818 epoch 20 - iter 30/107 - loss 0.07126584 - samples/sec: 131.56 - lr: 0.050000
2022-05-21 00:09:46,222 epoch 20 - iter 40/107 - loss 0.07358126 - samples/sec: 133.16 - lr: 0.050000
2022-05-21 00:09:48,694 epoch 20 - iter 50/107 - loss 0.07234600 - samples/sec: 129.51 - lr: 0.050000
2022-05-21 00:09:51,341 epoch 20 - iter 60/107 - loss 0.07226572 - samples/sec: 120.94 - lr: 0.050000
2022-05-21 00:09:53,903 epoch 20 - iter 70/107 - loss 0.07124173 - samples/sec: 125.00 - lr: 0.050000
2022-05-21 00:09:56,544 epoch 20 - iter 80/107 - loss 0.07318007 - samples/sec: 121.23 - lr: 0.050000
2022-05-21 00:09:59,267 epoch 20 - iter 90/107 - loss 0.07201643 - samples/sec: 117.55 - lr: 0.050000
2022-05-21 00:10:01,947 epoch 20 - iter 100/107 - loss 0.07213483 - samples/sec: 119.45 - lr: 0.050000
2022-05-21 00:10:03,533 ----------------------------------------------------------------------------------------------------
2022-05-21 00:10:03,534 EPOCH 20 done: loss 0.0716 - lr 0.050000
2022-05-21 00:10:11,950 Evaluating as a multi-label problem: False
2022-05-21 00:10:11,961 DEV : loss 0.19563040137290955 - f1-score (micro avg)  0.4829
2022-05-21 00:10:12,037 BAD EPOCHS (no improvement): 3
2022-05-21 00:10:12,056 ----------------------------------------------------------------------------------------------------
2022-05-21 00:10:14,772 epoch 21 - iter 10/107 - loss 0.05893295 - samples/sec: 117.87 - lr: 0.050000
2022-05-21 00:10:17,019 epoch 21 - iter 20/107 - loss 0.05692481 - samples/sec: 142.52 - lr: 0.050000
2022-05-21 00:10:19,458 epoch 21 - iter 30/107 - loss 0.06326420 - samples/sec: 131.22 - lr: 0.050000
2022-05-21 00:10:21,899 epoch 21 - iter 40/107 - loss 0.06242348 - samples/sec: 131.19 - lr: 0.050000
2022-05-21 00:10:24,431 epoch 21 - iter 50/107 - loss 0.06430387 - samples/sec: 126.43 - lr: 0.050000
2022-05-21 00:10:26,929 epoch 21 - iter 60/107 - loss 0.06521466 - samples/sec: 128.18 - lr: 0.050000
2022-05-21 00:10:30,429 epoch 21 - iter 70/107 - loss 0.06716506 - samples/sec: 91.46 - lr: 0.050000
2022-05-21 00:10:33,606 epoch 21 - iter 80/107 - loss 0.06588165 - samples/sec: 100.77 - lr: 0.050000
2022-05-21 00:10:36,321 epoch 21 - iter 90/107 - loss 0.06597585 - samples/sec: 117.95 - lr: 0.050000
2022-05-21 00:10:38,827 epoch 21 - iter 100/107 - loss 0.06720283 - samples/sec: 127.74 - lr: 0.050000
2022-05-21 00:10:40,433 ----------------------------------------------------------------------------------------------------
2022-05-21 00:10:40,433 EPOCH 21 done: loss 0.0678 - lr 0.050000
2022-05-21 00:10:48,756 Evaluating as a multi-label problem: False
2022-05-21 00:10:48,768 DEV : loss 0.1749292016029358 - f1-score (micro avg)  0.5345
2022-05-21 00:10:48,845 BAD EPOCHS (no improvement): 0
2022-05-21 00:10:48,888 saving best model
2022-05-21 00:11:49,770 ----------------------------------------------------------------------------------------------------
2022-05-21 00:11:51,664 epoch 22 - iter 10/107 - loss 0.05633083 - samples/sec: 169.18 - lr: 0.050000
2022-05-21 00:11:53,555 epoch 22 - iter 20/107 - loss 0.06222476 - samples/sec: 169.26 - lr: 0.050000
2022-05-21 00:11:55,299 epoch 22 - iter 30/107 - loss 0.06004680 - samples/sec: 183.64 - lr: 0.050000
2022-05-21 00:11:57,022 epoch 22 - iter 40/107 - loss 0.06423201 - samples/sec: 185.90 - lr: 0.050000
2022-05-21 00:11:58,758 epoch 22 - iter 50/107 - loss 0.06720314 - samples/sec: 184.39 - lr: 0.050000
2022-05-21 00:12:00,528 epoch 22 - iter 60/107 - loss 0.06609707 - samples/sec: 180.94 - lr: 0.050000
2022-05-21 00:12:02,334 epoch 22 - iter 70/107 - loss 0.06641897 - samples/sec: 177.26 - lr: 0.050000
2022-05-21 00:12:04,047 epoch 22 - iter 80/107 - loss 0.06605286 - samples/sec: 186.90 - lr: 0.050000
2022-05-21 00:12:05,818 epoch 22 - iter 90/107 - loss 0.06726012 - samples/sec: 180.83 - lr: 0.050000
2022-05-21 00:12:07,625 epoch 22 - iter 100/107 - loss 0.06683539 - samples/sec: 177.19 - lr: 0.050000
2022-05-21 00:12:08,714 ----------------------------------------------------------------------------------------------------
2022-05-21 00:12:08,714 EPOCH 22 done: loss 0.0664 - lr 0.050000
2022-05-21 00:12:15,949 Evaluating as a multi-label problem: False
2022-05-21 00:12:15,963 DEV : loss 0.20616689324378967 - f1-score (micro avg)  0.4879
2022-05-21 00:12:16,037 BAD EPOCHS (no improvement): 1
2022-05-21 00:12:16,039 ----------------------------------------------------------------------------------------------------
2022-05-21 00:12:19,518 epoch 23 - iter 10/107 - loss 0.06645351 - samples/sec: 92.00 - lr: 0.050000
2022-05-21 00:12:23,421 epoch 23 - iter 20/107 - loss 0.06629161 - samples/sec: 82.02 - lr: 0.050000
2022-05-21 00:12:26,487 epoch 23 - iter 30/107 - loss 0.06626230 - samples/sec: 104.44 - lr: 0.050000
2022-05-21 00:12:30,139 epoch 23 - iter 40/107 - loss 0.06386020 - samples/sec: 87.64 - lr: 0.050000
2022-05-21 00:12:33,408 epoch 23 - iter 50/107 - loss 0.06674260 - samples/sec: 97.94 - lr: 0.050000
2022-05-21 00:12:36,186 epoch 23 - iter 60/107 - loss 0.06563175 - samples/sec: 115.22 - lr: 0.050000
2022-05-21 00:12:38,800 epoch 23 - iter 70/107 - loss 0.06471294 - samples/sec: 122.49 - lr: 0.050000
2022-05-21 00:12:41,446 epoch 23 - iter 80/107 - loss 0.06480928 - samples/sec: 120.98 - lr: 0.050000
2022-05-21 00:12:43,989 epoch 23 - iter 90/107 - loss 0.06453732 - samples/sec: 125.90 - lr: 0.050000
2022-05-21 00:12:46,780 epoch 23 - iter 100/107 - loss 0.06442166 - samples/sec: 114.70 - lr: 0.050000
2022-05-21 00:12:48,618 ----------------------------------------------------------------------------------------------------
2022-05-21 00:12:48,619 EPOCH 23 done: loss 0.0644 - lr 0.050000
2022-05-21 00:12:56,863 Evaluating as a multi-label problem: False
2022-05-21 00:12:56,875 DEV : loss 0.20391038060188293 - f1-score (micro avg)  0.5142
2022-05-21 00:12:56,950 BAD EPOCHS (no improvement): 2
2022-05-21 00:12:56,952 ----------------------------------------------------------------------------------------------------
2022-05-21 00:12:59,562 epoch 24 - iter 10/107 - loss 0.05470288 - samples/sec: 122.67 - lr: 0.050000
2022-05-21 00:13:02,075 epoch 24 - iter 20/107 - loss 0.05812416 - samples/sec: 127.40 - lr: 0.050000
2022-05-21 00:13:04,372 epoch 24 - iter 30/107 - loss 0.06311788 - samples/sec: 139.33 - lr: 0.050000
2022-05-21 00:13:06,789 epoch 24 - iter 40/107 - loss 0.05997697 - samples/sec: 132.48 - lr: 0.050000
2022-05-21 00:13:09,012 epoch 24 - iter 50/107 - loss 0.05990334 - samples/sec: 144.02 - lr: 0.050000
2022-05-21 00:13:10,706 epoch 24 - iter 60/107 - loss 0.05985790 - samples/sec: 189.02 - lr: 0.050000
2022-05-21 00:13:12,483 epoch 24 - iter 70/107 - loss 0.06113857 - samples/sec: 180.22 - lr: 0.050000
2022-05-21 00:13:14,158 epoch 24 - iter 80/107 - loss 0.06165879 - samples/sec: 191.23 - lr: 0.050000
2022-05-21 00:13:15,853 epoch 24 - iter 90/107 - loss 0.06206073 - samples/sec: 188.88 - lr: 0.050000
2022-05-21 00:13:17,601 epoch 24 - iter 100/107 - loss 0.06255239 - samples/sec: 183.21 - lr: 0.050000
2022-05-21 00:13:18,646 ----------------------------------------------------------------------------------------------------
2022-05-21 00:13:18,646 EPOCH 24 done: loss 0.0626 - lr 0.050000
2022-05-21 00:13:24,562 Evaluating as a multi-label problem: False
2022-05-21 00:13:24,574 DEV : loss 0.1953405886888504 - f1-score (micro avg)  0.5234
2022-05-21 00:13:24,652 BAD EPOCHS (no improvement): 3
2022-05-21 00:13:24,654 ----------------------------------------------------------------------------------------------------
2022-05-21 00:13:26,468 epoch 25 - iter 10/107 - loss 0.06097345 - samples/sec: 176.56 - lr: 0.050000
2022-05-21 00:13:28,250 epoch 25 - iter 20/107 - loss 0.06004135 - samples/sec: 179.70 - lr: 0.050000
2022-05-21 00:13:30,042 epoch 25 - iter 30/107 - loss 0.06269709 - samples/sec: 178.69 - lr: 0.050000
2022-05-21 00:13:31,847 epoch 25 - iter 40/107 - loss 0.06417656 - samples/sec: 177.40 - lr: 0.050000
2022-05-21 00:13:33,675 epoch 25 - iter 50/107 - loss 0.06257334 - samples/sec: 175.14 - lr: 0.050000
2022-05-21 00:13:35,506 epoch 25 - iter 60/107 - loss 0.06222295 - samples/sec: 174.85 - lr: 0.050000
2022-05-21 00:13:37,370 epoch 25 - iter 70/107 - loss 0.06348946 - samples/sec: 171.83 - lr: 0.050000
2022-05-21 00:13:39,154 epoch 25 - iter 80/107 - loss 0.06380762 - samples/sec: 179.43 - lr: 0.050000
2022-05-21 00:13:40,932 epoch 25 - iter 90/107 - loss 0.06379366 - samples/sec: 180.06 - lr: 0.050000
2022-05-21 00:13:42,618 epoch 25 - iter 100/107 - loss 0.06420952 - samples/sec: 189.94 - lr: 0.050000
2022-05-21 00:13:43,659 ----------------------------------------------------------------------------------------------------
2022-05-21 00:13:43,659 EPOCH 25 done: loss 0.0634 - lr 0.050000
2022-05-21 00:13:49,522 Evaluating as a multi-label problem: False
2022-05-21 00:13:49,533 DEV : loss 0.21513395011425018 - f1-score (micro avg)  0.489
2022-05-21 00:13:49,609 Epoch    25: reducing learning rate of group 0 to 2.5000e-02.
2022-05-21 00:13:49,609 BAD EPOCHS (no improvement): 4
2022-05-21 00:13:49,611 ----------------------------------------------------------------------------------------------------
2022-05-21 00:13:51,389 epoch 26 - iter 10/107 - loss 0.05645611 - samples/sec: 180.10 - lr: 0.025000
2022-05-21 00:13:53,045 epoch 26 - iter 20/107 - loss 0.05612149 - samples/sec: 193.39 - lr: 0.025000
2022-05-21 00:13:55,285 epoch 26 - iter 30/107 - loss 0.05564729 - samples/sec: 142.96 - lr: 0.025000
2022-05-21 00:13:57,961 epoch 26 - iter 40/107 - loss 0.05521423 - samples/sec: 119.62 - lr: 0.025000
2022-05-21 00:14:00,480 epoch 26 - iter 50/107 - loss 0.05440341 - samples/sec: 127.06 - lr: 0.025000
2022-05-21 00:14:03,038 epoch 26 - iter 60/107 - loss 0.05493866 - samples/sec: 125.18 - lr: 0.025000
2022-05-21 00:14:05,578 epoch 26 - iter 70/107 - loss 0.05452201 - samples/sec: 126.01 - lr: 0.025000
2022-05-21 00:14:08,463 epoch 26 - iter 80/107 - loss 0.05442918 - samples/sec: 111.00 - lr: 0.025000
2022-05-21 00:14:11,017 epoch 26 - iter 90/107 - loss 0.05419941 - samples/sec: 125.35 - lr: 0.025000
2022-05-21 00:14:13,507 epoch 26 - iter 100/107 - loss 0.05567303 - samples/sec: 128.60 - lr: 0.025000
2022-05-21 00:14:15,134 ----------------------------------------------------------------------------------------------------
2022-05-21 00:14:15,135 EPOCH 26 done: loss 0.0557 - lr 0.025000
2022-05-21 00:14:22,578 Evaluating as a multi-label problem: False
2022-05-21 00:14:22,590 DEV : loss 0.19597887992858887 - f1-score (micro avg)  0.5145
2022-05-21 00:14:22,665 BAD EPOCHS (no improvement): 1
2022-05-21 00:14:22,667 ----------------------------------------------------------------------------------------------------
2022-05-21 00:14:24,920 epoch 27 - iter 10/107 - loss 0.06302950 - samples/sec: 142.09 - lr: 0.025000
2022-05-21 00:14:27,163 epoch 27 - iter 20/107 - loss 0.06147963 - samples/sec: 142.74 - lr: 0.025000
2022-05-21 00:14:29,479 epoch 27 - iter 30/107 - loss 0.05571914 - samples/sec: 138.26 - lr: 0.025000
2022-05-21 00:14:31,206 epoch 27 - iter 40/107 - loss 0.05573930 - samples/sec: 185.44 - lr: 0.025000
2022-05-21 00:14:32,867 epoch 27 - iter 50/107 - loss 0.05720544 - samples/sec: 192.76 - lr: 0.025000
2022-05-21 00:14:34,514 epoch 27 - iter 60/107 - loss 0.05636744 - samples/sec: 194.38 - lr: 0.025000
2022-05-21 00:14:36,285 epoch 27 - iter 70/107 - loss 0.05593138 - samples/sec: 180.78 - lr: 0.025000
2022-05-21 00:14:38,099 epoch 27 - iter 80/107 - loss 0.05489465 - samples/sec: 176.52 - lr: 0.025000
2022-05-21 00:14:39,855 epoch 27 - iter 90/107 - loss 0.05497000 - samples/sec: 182.32 - lr: 0.025000
2022-05-21 00:14:41,562 epoch 27 - iter 100/107 - loss 0.05527777 - samples/sec: 187.59 - lr: 0.025000
2022-05-21 00:14:42,629 ----------------------------------------------------------------------------------------------------
2022-05-21 00:14:42,629 EPOCH 27 done: loss 0.0553 - lr 0.025000
2022-05-21 00:14:48,678 Evaluating as a multi-label problem: False
2022-05-21 00:14:48,689 DEV : loss 0.20644837617874146 - f1-score (micro avg)  0.4941
2022-05-21 00:14:48,765 BAD EPOCHS (no improvement): 2
2022-05-21 00:14:48,767 ----------------------------------------------------------------------------------------------------
2022-05-21 00:14:50,561 epoch 28 - iter 10/107 - loss 0.05258041 - samples/sec: 178.46 - lr: 0.025000
2022-05-21 00:14:52,463 epoch 28 - iter 20/107 - loss 0.05190695 - samples/sec: 168.36 - lr: 0.025000
2022-05-21 00:14:54,355 epoch 28 - iter 30/107 - loss 0.05634110 - samples/sec: 169.18 - lr: 0.025000
2022-05-21 00:14:56,115 epoch 28 - iter 40/107 - loss 0.05801035 - samples/sec: 181.99 - lr: 0.025000
2022-05-21 00:14:57,833 epoch 28 - iter 50/107 - loss 0.05949975 - samples/sec: 186.38 - lr: 0.025000
2022-05-21 00:14:59,518 epoch 28 - iter 60/107 - loss 0.05882026 - samples/sec: 190.01 - lr: 0.025000
2022-05-21 00:15:01,284 epoch 28 - iter 70/107 - loss 0.05881712 - samples/sec: 181.33 - lr: 0.025000
2022-05-21 00:15:03,035 epoch 28 - iter 80/107 - loss 0.05751344 - samples/sec: 182.80 - lr: 0.025000
2022-05-21 00:15:04,720 epoch 28 - iter 90/107 - loss 0.05672916 - samples/sec: 190.13 - lr: 0.025000
2022-05-21 00:15:06,380 epoch 28 - iter 100/107 - loss 0.05605175 - samples/sec: 192.89 - lr: 0.025000
2022-05-21 00:15:07,382 ----------------------------------------------------------------------------------------------------
2022-05-21 00:15:07,382 EPOCH 28 done: loss 0.0552 - lr 0.025000
2022-05-21 00:15:13,330 Evaluating as a multi-label problem: False
2022-05-21 00:15:13,342 DEV : loss 0.2004910558462143 - f1-score (micro avg)  0.5181
2022-05-21 00:15:13,415 BAD EPOCHS (no improvement): 3
2022-05-21 00:15:13,503 ----------------------------------------------------------------------------------------------------
2022-05-21 00:15:15,511 epoch 29 - iter 10/107 - loss 0.04510032 - samples/sec: 159.49 - lr: 0.025000
2022-05-21 00:15:17,934 epoch 29 - iter 20/107 - loss 0.04720558 - samples/sec: 132.10 - lr: 0.025000
2022-05-21 00:15:20,494 epoch 29 - iter 30/107 - loss 0.04713652 - samples/sec: 125.04 - lr: 0.025000
2022-05-21 00:15:23,046 epoch 29 - iter 40/107 - loss 0.04973809 - samples/sec: 125.49 - lr: 0.025000
2022-05-21 00:15:25,570 epoch 29 - iter 50/107 - loss 0.05117973 - samples/sec: 126.81 - lr: 0.025000
2022-05-21 00:15:28,207 epoch 29 - iter 60/107 - loss 0.05094514 - samples/sec: 121.39 - lr: 0.025000
2022-05-21 00:15:30,881 epoch 29 - iter 70/107 - loss 0.05229065 - samples/sec: 119.74 - lr: 0.025000
2022-05-21 00:15:33,395 epoch 29 - iter 80/107 - loss 0.05232323 - samples/sec: 127.35 - lr: 0.025000
2022-05-21 00:15:36,129 epoch 29 - iter 90/107 - loss 0.05225006 - samples/sec: 117.07 - lr: 0.025000
2022-05-21 00:15:38,696 epoch 29 - iter 100/107 - loss 0.05294923 - samples/sec: 124.71 - lr: 0.025000
2022-05-21 00:15:40,233 ----------------------------------------------------------------------------------------------------
2022-05-21 00:15:40,233 EPOCH 29 done: loss 0.0531 - lr 0.025000
2022-05-21 00:15:47,230 Evaluating as a multi-label problem: False
2022-05-21 00:15:47,242 DEV : loss 0.19523592293262482 - f1-score (micro avg)  0.5201
2022-05-21 00:15:47,316 Epoch    29: reducing learning rate of group 0 to 1.2500e-02.
2022-05-21 00:15:47,316 BAD EPOCHS (no improvement): 4
2022-05-21 00:15:47,319 ----------------------------------------------------------------------------------------------------
2022-05-21 00:15:49,531 epoch 30 - iter 10/107 - loss 0.05267669 - samples/sec: 144.74 - lr: 0.012500
2022-05-21 00:15:51,580 epoch 30 - iter 20/107 - loss 0.05663362 - samples/sec: 156.25 - lr: 0.012500
2022-05-21 00:15:53,234 epoch 30 - iter 30/107 - loss 0.05427941 - samples/sec: 193.59 - lr: 0.012500
2022-05-21 00:15:54,860 epoch 30 - iter 40/107 - loss 0.05453914 - samples/sec: 196.95 - lr: 0.012500
2022-05-21 00:15:56,433 epoch 30 - iter 50/107 - loss 0.05376292 - samples/sec: 203.58 - lr: 0.012500
2022-05-21 00:15:58,153 epoch 30 - iter 60/107 - loss 0.05476770 - samples/sec: 186.14 - lr: 0.012500
2022-05-21 00:15:59,855 epoch 30 - iter 70/107 - loss 0.05228399 - samples/sec: 188.18 - lr: 0.012500
2022-05-21 00:16:01,481 epoch 30 - iter 80/107 - loss 0.05435348 - samples/sec: 196.98 - lr: 0.012500
2022-05-21 00:16:03,122 epoch 30 - iter 90/107 - loss 0.05348935 - samples/sec: 195.17 - lr: 0.012500
2022-05-21 00:16:04,844 epoch 30 - iter 100/107 - loss 0.05384441 - samples/sec: 185.97 - lr: 0.012500
2022-05-21 00:16:05,918 ----------------------------------------------------------------------------------------------------
2022-05-21 00:16:05,918 EPOCH 30 done: loss 0.0539 - lr 0.012500
2022-05-21 00:16:12,083 Evaluating as a multi-label problem: False
2022-05-21 00:16:12,094 DEV : loss 0.20290765166282654 - f1-score (micro avg)  0.4944
2022-05-21 00:16:12,168 BAD EPOCHS (no improvement): 1
2022-05-21 00:16:12,170 ----------------------------------------------------------------------------------------------------
2022-05-21 00:16:13,971 epoch 31 - iter 10/107 - loss 0.06473773 - samples/sec: 177.86 - lr: 0.012500
2022-05-21 00:16:15,912 epoch 31 - iter 20/107 - loss 0.05583757 - samples/sec: 164.96 - lr: 0.012500
2022-05-21 00:16:17,728 epoch 31 - iter 30/107 - loss 0.05416960 - samples/sec: 176.22 - lr: 0.012500
2022-05-21 00:16:19,502 epoch 31 - iter 40/107 - loss 0.05279883 - samples/sec: 180.50 - lr: 0.012500
2022-05-21 00:16:21,244 epoch 31 - iter 50/107 - loss 0.05259801 - samples/sec: 183.89 - lr: 0.012500
2022-05-21 00:16:23,001 epoch 31 - iter 60/107 - loss 0.05296858 - samples/sec: 182.25 - lr: 0.012500
2022-05-21 00:16:24,656 epoch 31 - iter 70/107 - loss 0.05315001 - samples/sec: 193.48 - lr: 0.012500
2022-05-21 00:16:26,298 epoch 31 - iter 80/107 - loss 0.05309230 - samples/sec: 195.00 - lr: 0.012500
2022-05-21 00:16:27,931 epoch 31 - iter 90/107 - loss 0.05273242 - samples/sec: 195.99 - lr: 0.012500
2022-05-21 00:16:29,567 epoch 31 - iter 100/107 - loss 0.05183805 - samples/sec: 195.79 - lr: 0.012500
2022-05-21 00:16:30,606 ----------------------------------------------------------------------------------------------------
2022-05-21 00:16:30,606 EPOCH 31 done: loss 0.0517 - lr 0.012500
2022-05-21 00:16:36,808 Evaluating as a multi-label problem: False
2022-05-21 00:16:36,819 DEV : loss 0.19066455960273743 - f1-score (micro avg)  0.527
2022-05-21 00:16:36,894 BAD EPOCHS (no improvement): 2
2022-05-21 00:16:36,898 ----------------------------------------------------------------------------------------------------
2022-05-21 00:16:39,505 epoch 32 - iter 10/107 - loss 0.06869990 - samples/sec: 122.79 - lr: 0.012500
2022-05-21 00:16:42,048 epoch 32 - iter 20/107 - loss 0.06148842 - samples/sec: 125.91 - lr: 0.012500
2022-05-21 00:16:44,608 epoch 32 - iter 30/107 - loss 0.05762544 - samples/sec: 125.02 - lr: 0.012500
2022-05-21 00:16:47,290 epoch 32 - iter 40/107 - loss 0.05509729 - samples/sec: 119.37 - lr: 0.012500
2022-05-21 00:16:49,820 epoch 32 - iter 50/107 - loss 0.05416377 - samples/sec: 126.53 - lr: 0.012500
2022-05-21 00:16:52,388 epoch 32 - iter 60/107 - loss 0.05349197 - samples/sec: 124.67 - lr: 0.012500
2022-05-21 00:16:55,077 epoch 32 - iter 70/107 - loss 0.05168968 - samples/sec: 119.05 - lr: 0.012500
2022-05-21 00:16:57,680 epoch 32 - iter 80/107 - loss 0.05204616 - samples/sec: 123.04 - lr: 0.012500
2022-05-21 00:17:00,252 epoch 32 - iter 90/107 - loss 0.05093415 - samples/sec: 124.44 - lr: 0.012500
2022-05-21 00:17:02,784 epoch 32 - iter 100/107 - loss 0.05109037 - samples/sec: 126.45 - lr: 0.012500
2022-05-21 00:17:04,359 ----------------------------------------------------------------------------------------------------
2022-05-21 00:17:04,359 EPOCH 32 done: loss 0.0510 - lr 0.012500
2022-05-21 00:17:10,995 Evaluating as a multi-label problem: False
2022-05-21 00:17:11,007 DEV : loss 0.19080255925655365 - f1-score (micro avg)  0.5237
2022-05-21 00:17:11,082 BAD EPOCHS (no improvement): 3
2022-05-21 00:17:11,142 ----------------------------------------------------------------------------------------------------
2022-05-21 00:17:13,621 epoch 33 - iter 10/107 - loss 0.04668841 - samples/sec: 129.13 - lr: 0.012500
2022-05-21 00:17:16,180 epoch 33 - iter 20/107 - loss 0.04674120 - samples/sec: 125.11 - lr: 0.012500
2022-05-21 00:17:18,792 epoch 33 - iter 30/107 - loss 0.04687422 - samples/sec: 122.58 - lr: 0.012500
2022-05-21 00:17:21,546 epoch 33 - iter 40/107 - loss 0.04435350 - samples/sec: 116.22 - lr: 0.012500
2022-05-21 00:17:24,088 epoch 33 - iter 50/107 - loss 0.04445782 - samples/sec: 125.96 - lr: 0.012500
2022-05-21 00:17:26,664 epoch 33 - iter 60/107 - loss 0.04582974 - samples/sec: 124.27 - lr: 0.012500
2022-05-21 00:17:29,258 epoch 33 - iter 70/107 - loss 0.04824352 - samples/sec: 123.38 - lr: 0.012500
2022-05-21 00:17:31,728 epoch 33 - iter 80/107 - loss 0.04874858 - samples/sec: 129.65 - lr: 0.012500
2022-05-21 00:17:34,289 epoch 33 - iter 90/107 - loss 0.04849287 - samples/sec: 124.99 - lr: 0.012500
2022-05-21 00:17:36,797 epoch 33 - iter 100/107 - loss 0.04887731 - samples/sec: 127.66 - lr: 0.012500
2022-05-21 00:17:38,305 ----------------------------------------------------------------------------------------------------
2022-05-21 00:17:38,305 EPOCH 33 done: loss 0.0490 - lr 0.012500
2022-05-21 00:17:44,950 Evaluating as a multi-label problem: False
2022-05-21 00:17:44,961 DEV : loss 0.2032603770494461 - f1-score (micro avg)  0.5094
2022-05-21 00:17:45,036 Epoch    33: reducing learning rate of group 0 to 6.2500e-03.
2022-05-21 00:17:45,037 BAD EPOCHS (no improvement): 4
2022-05-21 00:17:45,038 ----------------------------------------------------------------------------------------------------
2022-05-21 00:17:47,494 epoch 34 - iter 10/107 - loss 0.05945806 - samples/sec: 130.38 - lr: 0.006250
2022-05-21 00:17:50,247 epoch 34 - iter 20/107 - loss 0.05288096 - samples/sec: 116.30 - lr: 0.006250
2022-05-21 00:17:52,870 epoch 34 - iter 30/107 - loss 0.05068616 - samples/sec: 122.07 - lr: 0.006250
2022-05-21 00:17:55,388 epoch 34 - iter 40/107 - loss 0.04949032 - samples/sec: 127.15 - lr: 0.006250
2022-05-21 00:17:58,105 epoch 34 - iter 50/107 - loss 0.04890095 - samples/sec: 117.82 - lr: 0.006250
2022-05-21 00:18:00,606 epoch 34 - iter 60/107 - loss 0.04989796 - samples/sec: 127.99 - lr: 0.006250
2022-05-21 00:18:03,121 epoch 34 - iter 70/107 - loss 0.05025089 - samples/sec: 127.31 - lr: 0.006250
2022-05-21 00:18:05,681 epoch 34 - iter 80/107 - loss 0.04919524 - samples/sec: 125.05 - lr: 0.006250
2022-05-21 00:18:08,358 epoch 34 - iter 90/107 - loss 0.04801810 - samples/sec: 119.57 - lr: 0.006250
2022-05-21 00:18:10,850 epoch 34 - iter 100/107 - loss 0.04828847 - samples/sec: 128.49 - lr: 0.006250
2022-05-21 00:18:12,497 ----------------------------------------------------------------------------------------------------
2022-05-21 00:18:12,497 EPOCH 34 done: loss 0.0483 - lr 0.006250
2022-05-21 00:18:19,133 Evaluating as a multi-label problem: False
2022-05-21 00:18:19,145 DEV : loss 0.20117974281311035 - f1-score (micro avg)  0.5201
2022-05-21 00:18:19,221 BAD EPOCHS (no improvement): 1
2022-05-21 00:18:19,223 ----------------------------------------------------------------------------------------------------
2022-05-21 00:18:21,021 epoch 35 - iter 10/107 - loss 0.04266180 - samples/sec: 178.18 - lr: 0.006250
2022-05-21 00:18:22,597 epoch 35 - iter 20/107 - loss 0.04071502 - samples/sec: 203.07 - lr: 0.006250
2022-05-21 00:18:24,371 epoch 35 - iter 30/107 - loss 0.04465155 - samples/sec: 180.58 - lr: 0.006250
2022-05-21 00:18:26,134 epoch 35 - iter 40/107 - loss 0.04618940 - samples/sec: 181.56 - lr: 0.006250
2022-05-21 00:18:27,911 epoch 35 - iter 50/107 - loss 0.04734527 - samples/sec: 180.19 - lr: 0.006250
2022-05-21 00:18:29,679 epoch 35 - iter 60/107 - loss 0.04641068 - samples/sec: 181.12 - lr: 0.006250
2022-05-21 00:18:31,387 epoch 35 - iter 70/107 - loss 0.04627552 - samples/sec: 187.46 - lr: 0.006250
2022-05-21 00:18:33,124 epoch 35 - iter 80/107 - loss 0.04636969 - samples/sec: 184.42 - lr: 0.006250
2022-05-21 00:18:34,888 epoch 35 - iter 90/107 - loss 0.04639695 - samples/sec: 181.49 - lr: 0.006250
2022-05-21 00:18:36,539 epoch 35 - iter 100/107 - loss 0.04658172 - samples/sec: 193.93 - lr: 0.006250
2022-05-21 00:18:37,551 ----------------------------------------------------------------------------------------------------
2022-05-21 00:18:37,552 EPOCH 35 done: loss 0.0470 - lr 0.006250
2022-05-21 00:18:43,657 Evaluating as a multi-label problem: False
2022-05-21 00:18:43,669 DEV : loss 0.19337284564971924 - f1-score (micro avg)  0.5281
2022-05-21 00:18:43,748 BAD EPOCHS (no improvement): 2
2022-05-21 00:18:44,046 ----------------------------------------------------------------------------------------------------
2022-05-21 00:18:45,945 epoch 36 - iter 10/107 - loss 0.05242800 - samples/sec: 168.71 - lr: 0.006250
2022-05-21 00:18:47,870 epoch 36 - iter 20/107 - loss 0.05285430 - samples/sec: 166.35 - lr: 0.006250
2022-05-21 00:18:49,653 epoch 36 - iter 30/107 - loss 0.05079189 - samples/sec: 179.54 - lr: 0.006250
2022-05-21 00:18:51,469 epoch 36 - iter 40/107 - loss 0.05064697 - samples/sec: 176.40 - lr: 0.006250
2022-05-21 00:18:53,318 epoch 36 - iter 50/107 - loss 0.04920147 - samples/sec: 173.20 - lr: 0.006250
2022-05-21 00:18:55,101 epoch 36 - iter 60/107 - loss 0.04828884 - samples/sec: 179.51 - lr: 0.006250
2022-05-21 00:18:56,896 epoch 36 - iter 70/107 - loss 0.04768298 - samples/sec: 178.42 - lr: 0.006250
2022-05-21 00:18:58,612 epoch 36 - iter 80/107 - loss 0.04820572 - samples/sec: 186.62 - lr: 0.006250
2022-05-21 00:19:00,308 epoch 36 - iter 90/107 - loss 0.04780831 - samples/sec: 188.77 - lr: 0.006250
2022-05-21 00:19:01,954 epoch 36 - iter 100/107 - loss 0.04787029 - samples/sec: 194.46 - lr: 0.006250
2022-05-21 00:19:03,035 ----------------------------------------------------------------------------------------------------
2022-05-21 00:19:03,035 EPOCH 36 done: loss 0.0473 - lr 0.006250
2022-05-21 00:19:09,980 Evaluating as a multi-label problem: False
2022-05-21 00:19:09,992 DEV : loss 0.20085948705673218 - f1-score (micro avg)  0.5129
2022-05-21 00:19:10,066 BAD EPOCHS (no improvement): 3
2022-05-21 00:19:10,068 ----------------------------------------------------------------------------------------------------
2022-05-21 00:19:12,521 epoch 37 - iter 10/107 - loss 0.04922717 - samples/sec: 130.51 - lr: 0.006250
2022-05-21 00:19:15,119 epoch 37 - iter 20/107 - loss 0.04875552 - samples/sec: 123.23 - lr: 0.006250
2022-05-21 00:19:17,651 epoch 37 - iter 30/107 - loss 0.05028290 - samples/sec: 126.45 - lr: 0.006250
2022-05-21 00:19:20,220 epoch 37 - iter 40/107 - loss 0.04902444 - samples/sec: 124.60 - lr: 0.006250
2022-05-21 00:19:22,953 epoch 37 - iter 50/107 - loss 0.04717055 - samples/sec: 117.13 - lr: 0.006250
2022-05-21 00:19:25,537 epoch 37 - iter 60/107 - loss 0.04753831 - samples/sec: 123.89 - lr: 0.006250
2022-05-21 00:19:28,302 epoch 37 - iter 70/107 - loss 0.04739174 - samples/sec: 115.76 - lr: 0.006250
2022-05-21 00:19:30,814 epoch 37 - iter 80/107 - loss 0.04817234 - samples/sec: 127.45 - lr: 0.006250
2022-05-21 00:19:33,387 epoch 37 - iter 90/107 - loss 0.04879421 - samples/sec: 124.41 - lr: 0.006250
2022-05-21 00:19:35,694 epoch 37 - iter 100/107 - loss 0.04763030 - samples/sec: 138.77 - lr: 0.006250
2022-05-21 00:19:37,180 ----------------------------------------------------------------------------------------------------
2022-05-21 00:19:37,181 EPOCH 37 done: loss 0.0476 - lr 0.006250
2022-05-21 00:19:44,868 Evaluating as a multi-label problem: False
2022-05-21 00:19:44,880 DEV : loss 0.2027498185634613 - f1-score (micro avg)  0.5074
2022-05-21 00:19:44,955 Epoch    37: reducing learning rate of group 0 to 3.1250e-03.
2022-05-21 00:19:44,955 BAD EPOCHS (no improvement): 4
2022-05-21 00:19:45,286 ----------------------------------------------------------------------------------------------------
2022-05-21 00:19:47,854 epoch 38 - iter 10/107 - loss 0.04178824 - samples/sec: 124.69 - lr: 0.003125
2022-05-21 00:19:50,386 epoch 38 - iter 20/107 - loss 0.04449988 - samples/sec: 126.43 - lr: 0.003125
2022-05-21 00:19:52,988 epoch 38 - iter 30/107 - loss 0.04458935 - samples/sec: 123.05 - lr: 0.003125
2022-05-21 00:19:55,600 epoch 38 - iter 40/107 - loss 0.04424033 - samples/sec: 122.58 - lr: 0.003125
2022-05-21 00:19:58,097 epoch 38 - iter 50/107 - loss 0.04481682 - samples/sec: 128.19 - lr: 0.003125
2022-05-21 00:20:00,571 epoch 38 - iter 60/107 - loss 0.04418554 - samples/sec: 129.44 - lr: 0.003125
2022-05-21 00:20:03,174 epoch 38 - iter 70/107 - loss 0.04509831 - samples/sec: 122.95 - lr: 0.003125
2022-05-21 00:20:05,752 epoch 38 - iter 80/107 - loss 0.04650166 - samples/sec: 124.20 - lr: 0.003125
2022-05-21 00:20:08,285 epoch 38 - iter 90/107 - loss 0.04623049 - samples/sec: 126.40 - lr: 0.003125
2022-05-21 00:20:10,606 epoch 38 - iter 100/107 - loss 0.04599145 - samples/sec: 137.93 - lr: 0.003125
2022-05-21 00:20:12,067 ----------------------------------------------------------------------------------------------------
2022-05-21 00:20:12,067 EPOCH 38 done: loss 0.0458 - lr 0.003125
2022-05-21 00:20:19,096 Evaluating as a multi-label problem: False
2022-05-21 00:20:19,107 DEV : loss 0.19529598951339722 - f1-score (micro avg)  0.5195
2022-05-21 00:20:19,181 BAD EPOCHS (no improvement): 1
2022-05-21 00:20:19,256 ----------------------------------------------------------------------------------------------------
2022-05-21 00:20:21,843 epoch 39 - iter 10/107 - loss 0.04304034 - samples/sec: 123.76 - lr: 0.003125
2022-05-21 00:20:24,416 epoch 39 - iter 20/107 - loss 0.04750916 - samples/sec: 124.42 - lr: 0.003125
2022-05-21 00:20:26,920 epoch 39 - iter 30/107 - loss 0.04843520 - samples/sec: 127.87 - lr: 0.003125
2022-05-21 00:20:29,396 epoch 39 - iter 40/107 - loss 0.04579968 - samples/sec: 129.27 - lr: 0.003125
2022-05-21 00:20:31,931 epoch 39 - iter 50/107 - loss 0.04694784 - samples/sec: 126.29 - lr: 0.003125
2022-05-21 00:20:34,498 epoch 39 - iter 60/107 - loss 0.04694585 - samples/sec: 124.75 - lr: 0.003125
2022-05-21 00:20:37,269 epoch 39 - iter 70/107 - loss 0.04692427 - samples/sec: 115.51 - lr: 0.003125
2022-05-21 00:20:39,817 epoch 39 - iter 80/107 - loss 0.04636562 - samples/sec: 125.69 - lr: 0.003125
2022-05-21 00:20:42,553 epoch 39 - iter 90/107 - loss 0.04697770 - samples/sec: 117.00 - lr: 0.003125
2022-05-21 00:20:45,089 epoch 39 - iter 100/107 - loss 0.04710333 - samples/sec: 126.24 - lr: 0.003125
2022-05-21 00:20:46,435 ----------------------------------------------------------------------------------------------------
2022-05-21 00:20:46,435 EPOCH 39 done: loss 0.0470 - lr 0.003125
2022-05-21 00:21:01,539 Evaluating as a multi-label problem: False
2022-05-21 00:21:01,550 DEV : loss 0.197853222489357 - f1-score (micro avg)  0.5187
2022-05-21 00:21:01,624 BAD EPOCHS (no improvement): 2
2022-05-21 00:21:01,627 ----------------------------------------------------------------------------------------------------
2022-05-21 00:21:04,353 epoch 40 - iter 10/107 - loss 0.05250312 - samples/sec: 117.48 - lr: 0.003125
2022-05-21 00:21:06,939 epoch 40 - iter 20/107 - loss 0.04775186 - samples/sec: 123.75 - lr: 0.003125
2022-05-21 00:21:09,394 epoch 40 - iter 30/107 - loss 0.04893715 - samples/sec: 130.44 - lr: 0.003125
2022-05-21 00:21:11,915 epoch 40 - iter 40/107 - loss 0.04761347 - samples/sec: 126.98 - lr: 0.003125
2022-05-21 00:21:14,550 epoch 40 - iter 50/107 - loss 0.04679403 - samples/sec: 121.47 - lr: 0.003125
2022-05-21 00:21:16,953 epoch 40 - iter 60/107 - loss 0.04581027 - samples/sec: 133.25 - lr: 0.003125
2022-05-21 00:21:19,285 epoch 40 - iter 70/107 - loss 0.04603797 - samples/sec: 137.26 - lr: 0.003125
2022-05-21 00:21:21,446 epoch 40 - iter 80/107 - loss 0.04611092 - samples/sec: 148.18 - lr: 0.003125
2022-05-21 00:21:23,977 epoch 40 - iter 90/107 - loss 0.04629872 - samples/sec: 126.47 - lr: 0.003125
2022-05-21 00:21:26,107 epoch 40 - iter 100/107 - loss 0.04623655 - samples/sec: 150.35 - lr: 0.003125
2022-05-21 00:21:27,714 ----------------------------------------------------------------------------------------------------
2022-05-21 00:21:27,714 EPOCH 40 done: loss 0.0459 - lr 0.003125
2022-05-21 00:21:35,971 Evaluating as a multi-label problem: False
2022-05-21 00:21:35,983 DEV : loss 0.20203739404678345 - f1-score (micro avg)  0.52
2022-05-21 00:21:36,057 BAD EPOCHS (no improvement): 3
2022-05-21 00:21:36,059 ----------------------------------------------------------------------------------------------------
2022-05-21 00:21:38,530 epoch 41 - iter 10/107 - loss 0.04540478 - samples/sec: 129.62 - lr: 0.003125
2022-05-21 00:21:41,113 epoch 41 - iter 20/107 - loss 0.05034406 - samples/sec: 123.95 - lr: 0.003125
2022-05-21 00:21:43,691 epoch 41 - iter 30/107 - loss 0.04694433 - samples/sec: 124.19 - lr: 0.003125
2022-05-21 00:21:46,324 epoch 41 - iter 40/107 - loss 0.04657066 - samples/sec: 121.58 - lr: 0.003125
2022-05-21 00:21:48,827 epoch 41 - iter 50/107 - loss 0.04352175 - samples/sec: 127.90 - lr: 0.003125
2022-05-21 00:21:51,497 epoch 41 - iter 60/107 - loss 0.04295694 - samples/sec: 119.91 - lr: 0.003125
2022-05-21 00:21:53,969 epoch 41 - iter 70/107 - loss 0.04344417 - samples/sec: 129.49 - lr: 0.003125
2022-05-21 00:21:56,368 epoch 41 - iter 80/107 - loss 0.04389375 - samples/sec: 133.45 - lr: 0.003125
2022-05-21 00:21:58,716 epoch 41 - iter 90/107 - loss 0.04466901 - samples/sec: 136.34 - lr: 0.003125
2022-05-21 00:22:01,266 epoch 41 - iter 100/107 - loss 0.04489068 - samples/sec: 125.56 - lr: 0.003125
2022-05-21 00:22:02,764 ----------------------------------------------------------------------------------------------------
2022-05-21 00:22:02,765 EPOCH 41 done: loss 0.0453 - lr 0.003125
2022-05-21 00:22:10,622 Evaluating as a multi-label problem: False
2022-05-21 00:22:10,633 DEV : loss 0.20194372534751892 - f1-score (micro avg)  0.5177
2022-05-21 00:22:10,707 Epoch    41: reducing learning rate of group 0 to 1.5625e-03.
2022-05-21 00:22:10,707 BAD EPOCHS (no improvement): 4
2022-05-21 00:22:10,710 ----------------------------------------------------------------------------------------------------
2022-05-21 00:22:13,287 epoch 42 - iter 10/107 - loss 0.06459660 - samples/sec: 124.22 - lr: 0.001563
2022-05-21 00:22:15,948 epoch 42 - iter 20/107 - loss 0.05636458 - samples/sec: 120.30 - lr: 0.001563
2022-05-21 00:22:18,594 epoch 42 - iter 30/107 - loss 0.05114400 - samples/sec: 120.98 - lr: 0.001563
2022-05-21 00:22:21,153 epoch 42 - iter 40/107 - loss 0.04909299 - samples/sec: 125.12 - lr: 0.001563
2022-05-21 00:22:23,694 epoch 42 - iter 50/107 - loss 0.04970591 - samples/sec: 126.01 - lr: 0.001563
2022-05-21 00:22:26,199 epoch 42 - iter 60/107 - loss 0.04863396 - samples/sec: 127.79 - lr: 0.001563
2022-05-21 00:22:28,628 epoch 42 - iter 70/107 - loss 0.04659916 - samples/sec: 131.81 - lr: 0.001563
2022-05-21 00:22:30,891 epoch 42 - iter 80/107 - loss 0.04696455 - samples/sec: 141.50 - lr: 0.001563
2022-05-21 00:22:33,038 epoch 42 - iter 90/107 - loss 0.04721908 - samples/sec: 149.12 - lr: 0.001563
2022-05-21 00:22:35,331 epoch 42 - iter 100/107 - loss 0.04653098 - samples/sec: 139.59 - lr: 0.001563
2022-05-21 00:22:36,681 ----------------------------------------------------------------------------------------------------
2022-05-21 00:22:36,681 EPOCH 42 done: loss 0.0468 - lr 0.001563
2022-05-21 00:22:44,802 Evaluating as a multi-label problem: False
2022-05-21 00:22:44,814 DEV : loss 0.19770227372646332 - f1-score (micro avg)  0.5255
2022-05-21 00:22:44,888 BAD EPOCHS (no improvement): 1
2022-05-21 00:22:44,889 ----------------------------------------------------------------------------------------------------
2022-05-21 00:22:47,438 epoch 43 - iter 10/107 - loss 0.05250767 - samples/sec: 125.63 - lr: 0.001563
2022-05-21 00:22:49,987 epoch 43 - iter 20/107 - loss 0.04882134 - samples/sec: 125.59 - lr: 0.001563
2022-05-21 00:22:52,588 epoch 43 - iter 30/107 - loss 0.04827710 - samples/sec: 123.06 - lr: 0.001563
2022-05-21 00:22:55,156 epoch 43 - iter 40/107 - loss 0.05036375 - samples/sec: 124.69 - lr: 0.001563
2022-05-21 00:22:57,777 epoch 43 - iter 50/107 - loss 0.05013438 - samples/sec: 122.11 - lr: 0.001563
2022-05-21 00:23:00,293 epoch 43 - iter 60/107 - loss 0.04734724 - samples/sec: 127.25 - lr: 0.001563
2022-05-21 00:23:03,342 epoch 43 - iter 70/107 - loss 0.04775514 - samples/sec: 104.99 - lr: 0.001563
2022-05-21 00:23:05,645 epoch 43 - iter 80/107 - loss 0.04752746 - samples/sec: 139.05 - lr: 0.001563
2022-05-21 00:23:07,925 epoch 43 - iter 90/107 - loss 0.04637642 - samples/sec: 140.40 - lr: 0.001563
2022-05-21 00:23:10,246 epoch 43 - iter 100/107 - loss 0.04608688 - samples/sec: 137.92 - lr: 0.001563
2022-05-21 00:23:11,760 ----------------------------------------------------------------------------------------------------
2022-05-21 00:23:11,760 EPOCH 43 done: loss 0.0460 - lr 0.001563
2022-05-21 00:23:19,827 Evaluating as a multi-label problem: False
2022-05-21 00:23:19,839 DEV : loss 0.19792844355106354 - f1-score (micro avg)  0.5221
2022-05-21 00:23:19,912 BAD EPOCHS (no improvement): 2
2022-05-21 00:23:19,916 ----------------------------------------------------------------------------------------------------
2022-05-21 00:23:22,677 epoch 44 - iter 10/107 - loss 0.04838903 - samples/sec: 115.99 - lr: 0.001563
2022-05-21 00:23:25,322 epoch 44 - iter 20/107 - loss 0.04969044 - samples/sec: 121.05 - lr: 0.001563
2022-05-21 00:23:27,863 epoch 44 - iter 30/107 - loss 0.04618731 - samples/sec: 125.97 - lr: 0.001563
2022-05-21 00:23:30,484 epoch 44 - iter 40/107 - loss 0.04416559 - samples/sec: 122.13 - lr: 0.001563
2022-05-21 00:23:33,067 epoch 44 - iter 50/107 - loss 0.04417653 - samples/sec: 123.95 - lr: 0.001563
2022-05-21 00:23:35,948 epoch 44 - iter 60/107 - loss 0.04585176 - samples/sec: 111.12 - lr: 0.001563
2022-05-21 00:23:38,462 epoch 44 - iter 70/107 - loss 0.04615034 - samples/sec: 127.36 - lr: 0.001563
2022-05-21 00:23:40,924 epoch 44 - iter 80/107 - loss 0.04561917 - samples/sec: 129.99 - lr: 0.001563
2022-05-21 00:23:43,237 epoch 44 - iter 90/107 - loss 0.04607726 - samples/sec: 138.41 - lr: 0.001563
2022-05-21 00:23:45,559 epoch 44 - iter 100/107 - loss 0.04533963 - samples/sec: 137.86 - lr: 0.001563
2022-05-21 00:23:46,858 ----------------------------------------------------------------------------------------------------
2022-05-21 00:23:46,859 EPOCH 44 done: loss 0.0450 - lr 0.001563
2022-05-21 00:23:54,729 Evaluating as a multi-label problem: False
2022-05-21 00:23:54,740 DEV : loss 0.19998754560947418 - f1-score (micro avg)  0.5203
2022-05-21 00:23:54,816 BAD EPOCHS (no improvement): 3
2022-05-21 00:23:54,819 ----------------------------------------------------------------------------------------------------
2022-05-21 00:23:57,491 epoch 45 - iter 10/107 - loss 0.05244228 - samples/sec: 119.79 - lr: 0.001563
2022-05-21 00:24:00,019 epoch 45 - iter 20/107 - loss 0.04672786 - samples/sec: 126.67 - lr: 0.001563
2022-05-21 00:24:02,583 epoch 45 - iter 30/107 - loss 0.04439847 - samples/sec: 124.83 - lr: 0.001563
2022-05-21 00:24:05,168 epoch 45 - iter 40/107 - loss 0.04601138 - samples/sec: 123.86 - lr: 0.001563
2022-05-21 00:24:07,837 epoch 45 - iter 50/107 - loss 0.04564274 - samples/sec: 119.94 - lr: 0.001563
2022-05-21 00:24:10,729 epoch 45 - iter 60/107 - loss 0.04690933 - samples/sec: 110.71 - lr: 0.001563
2022-05-21 00:24:13,288 epoch 45 - iter 70/107 - loss 0.04583894 - samples/sec: 125.11 - lr: 0.001563
2022-05-21 00:24:15,792 epoch 45 - iter 80/107 - loss 0.04426205 - samples/sec: 127.83 - lr: 0.001563
2022-05-21 00:24:18,253 epoch 45 - iter 90/107 - loss 0.04393780 - samples/sec: 130.09 - lr: 0.001563
2022-05-21 00:24:20,597 epoch 45 - iter 100/107 - loss 0.04305132 - samples/sec: 136.56 - lr: 0.001563
2022-05-21 00:24:21,840 ----------------------------------------------------------------------------------------------------
2022-05-21 00:24:21,840 EPOCH 45 done: loss 0.0436 - lr 0.001563
2022-05-21 00:24:29,213 Evaluating as a multi-label problem: False
2022-05-21 00:24:29,225 DEV : loss 0.20090511441230774 - f1-score (micro avg)  0.5177
2022-05-21 00:24:29,299 Epoch    45: reducing learning rate of group 0 to 7.8125e-04.
2022-05-21 00:24:29,299 BAD EPOCHS (no improvement): 4
2022-05-21 00:24:29,301 ----------------------------------------------------------------------------------------------------
2022-05-21 00:24:31,812 epoch 46 - iter 10/107 - loss 0.05090171 - samples/sec: 127.52 - lr: 0.000781
2022-05-21 00:24:34,432 epoch 46 - iter 20/107 - loss 0.04442996 - samples/sec: 122.18 - lr: 0.000781
2022-05-21 00:24:37,028 epoch 46 - iter 30/107 - loss 0.04478881 - samples/sec: 123.30 - lr: 0.000781
2022-05-21 00:24:39,544 epoch 46 - iter 40/107 - loss 0.04809118 - samples/sec: 127.25 - lr: 0.000781
2022-05-21 00:24:42,115 epoch 46 - iter 50/107 - loss 0.04705357 - samples/sec: 124.52 - lr: 0.000781
2022-05-21 00:24:44,681 epoch 46 - iter 60/107 - loss 0.04588779 - samples/sec: 124.73 - lr: 0.000781
2022-05-21 00:24:47,491 epoch 46 - iter 70/107 - loss 0.04526771 - samples/sec: 113.94 - lr: 0.000781
2022-05-21 00:24:50,084 epoch 46 - iter 80/107 - loss 0.04509554 - samples/sec: 123.47 - lr: 0.000781
2022-05-21 00:24:52,643 epoch 46 - iter 90/107 - loss 0.04561473 - samples/sec: 125.09 - lr: 0.000781
2022-05-21 00:24:54,885 epoch 46 - iter 100/107 - loss 0.04548900 - samples/sec: 142.80 - lr: 0.000781
2022-05-21 00:24:56,258 ----------------------------------------------------------------------------------------------------
2022-05-21 00:24:56,258 EPOCH 46 done: loss 0.0454 - lr 0.000781
2022-05-21 00:25:03,357 Evaluating as a multi-label problem: False
2022-05-21 00:25:03,369 DEV : loss 0.200607568025589 - f1-score (micro avg)  0.5183
2022-05-21 00:25:03,444 BAD EPOCHS (no improvement): 1
2022-05-21 00:25:03,447 ----------------------------------------------------------------------------------------------------
2022-05-21 00:25:05,951 epoch 47 - iter 10/107 - loss 0.04820002 - samples/sec: 127.88 - lr: 0.000781
2022-05-21 00:25:08,440 epoch 47 - iter 20/107 - loss 0.04793411 - samples/sec: 128.60 - lr: 0.000781
2022-05-21 00:25:10,970 epoch 47 - iter 30/107 - loss 0.04797111 - samples/sec: 126.54 - lr: 0.000781
2022-05-21 00:25:13,437 epoch 47 - iter 40/107 - loss 0.04655535 - samples/sec: 129.78 - lr: 0.000781
2022-05-21 00:25:15,899 epoch 47 - iter 50/107 - loss 0.04611983 - samples/sec: 130.04 - lr: 0.000781
2022-05-21 00:25:18,417 epoch 47 - iter 60/107 - loss 0.04504529 - samples/sec: 127.16 - lr: 0.000781
2022-05-21 00:25:21,020 epoch 47 - iter 70/107 - loss 0.04535797 - samples/sec: 122.98 - lr: 0.000781
2022-05-21 00:25:23,655 epoch 47 - iter 80/107 - loss 0.04553308 - samples/sec: 121.50 - lr: 0.000781
2022-05-21 00:25:26,229 epoch 47 - iter 90/107 - loss 0.04449804 - samples/sec: 124.37 - lr: 0.000781
2022-05-21 00:25:28,555 epoch 47 - iter 100/107 - loss 0.04573379 - samples/sec: 137.60 - lr: 0.000781
2022-05-21 00:25:30,112 ----------------------------------------------------------------------------------------------------
2022-05-21 00:25:30,112 EPOCH 47 done: loss 0.0452 - lr 0.000781
2022-05-21 00:25:37,100 Evaluating as a multi-label problem: False
2022-05-21 00:25:37,111 DEV : loss 0.1997356116771698 - f1-score (micro avg)  0.5191
2022-05-21 00:25:37,193 BAD EPOCHS (no improvement): 2
2022-05-21 00:25:37,195 ----------------------------------------------------------------------------------------------------
2022-05-21 00:25:40,022 epoch 48 - iter 10/107 - loss 0.04117149 - samples/sec: 113.24 - lr: 0.000781
2022-05-21 00:25:42,572 epoch 48 - iter 20/107 - loss 0.04551285 - samples/sec: 125.56 - lr: 0.000781
2022-05-21 00:25:45,249 epoch 48 - iter 30/107 - loss 0.04514728 - samples/sec: 119.56 - lr: 0.000781
2022-05-21 00:25:47,828 epoch 48 - iter 40/107 - loss 0.04615942 - samples/sec: 124.14 - lr: 0.000781
2022-05-21 00:25:50,468 epoch 48 - iter 50/107 - loss 0.04447368 - samples/sec: 121.29 - lr: 0.000781
2022-05-21 00:25:52,993 epoch 48 - iter 60/107 - loss 0.04706930 - samples/sec: 126.75 - lr: 0.000781
2022-05-21 00:25:55,605 epoch 48 - iter 70/107 - loss 0.04633443 - samples/sec: 122.58 - lr: 0.000781
2022-05-21 00:25:58,254 epoch 48 - iter 80/107 - loss 0.04630347 - samples/sec: 120.86 - lr: 0.000781
2022-05-21 00:26:01,043 epoch 48 - iter 90/107 - loss 0.04580788 - samples/sec: 114.79 - lr: 0.000781
2022-05-21 00:26:03,389 epoch 48 - iter 100/107 - loss 0.04582128 - samples/sec: 136.49 - lr: 0.000781
2022-05-21 00:26:04,634 ----------------------------------------------------------------------------------------------------
2022-05-21 00:26:04,634 EPOCH 48 done: loss 0.0463 - lr 0.000781
2022-05-21 00:26:11,982 Evaluating as a multi-label problem: False
2022-05-21 00:26:11,994 DEV : loss 0.19999632239341736 - f1-score (micro avg)  0.5172
2022-05-21 00:26:12,067 BAD EPOCHS (no improvement): 3
2022-05-21 00:26:12,069 ----------------------------------------------------------------------------------------------------
2022-05-21 00:26:14,595 epoch 49 - iter 10/107 - loss 0.03988760 - samples/sec: 126.77 - lr: 0.000781
2022-05-21 00:26:17,164 epoch 49 - iter 20/107 - loss 0.04431746 - samples/sec: 124.62 - lr: 0.000781
2022-05-21 00:26:19,723 epoch 49 - iter 30/107 - loss 0.04231612 - samples/sec: 125.12 - lr: 0.000781
2022-05-21 00:26:22,417 epoch 49 - iter 40/107 - loss 0.04253839 - samples/sec: 118.81 - lr: 0.000781
2022-05-21 00:26:24,882 epoch 49 - iter 50/107 - loss 0.04209254 - samples/sec: 129.86 - lr: 0.000781
2022-05-21 00:26:27,400 epoch 49 - iter 60/107 - loss 0.04288760 - samples/sec: 127.15 - lr: 0.000781
2022-05-21 00:26:29,909 epoch 49 - iter 70/107 - loss 0.04295202 - samples/sec: 127.61 - lr: 0.000781
2022-05-21 00:26:32,567 epoch 49 - iter 80/107 - loss 0.04333005 - samples/sec: 120.44 - lr: 0.000781
2022-05-21 00:26:35,037 epoch 49 - iter 90/107 - loss 0.04305239 - samples/sec: 129.57 - lr: 0.000781
2022-05-21 00:26:37,550 epoch 49 - iter 100/107 - loss 0.04308986 - samples/sec: 127.39 - lr: 0.000781
2022-05-21 00:26:39,006 ----------------------------------------------------------------------------------------------------
2022-05-21 00:26:39,006 EPOCH 49 done: loss 0.0429 - lr 0.000781
2022-05-21 00:26:46,142 Evaluating as a multi-label problem: False
2022-05-21 00:26:46,153 DEV : loss 0.20124448835849762 - f1-score (micro avg)  0.5165
2022-05-21 00:26:46,227 Epoch    49: reducing learning rate of group 0 to 3.9063e-04.
2022-05-21 00:26:46,227 BAD EPOCHS (no improvement): 4
2022-05-21 00:26:46,229 ----------------------------------------------------------------------------------------------------
2022-05-21 00:26:49,077 epoch 50 - iter 10/107 - loss 0.05626140 - samples/sec: 112.42 - lr: 0.000391
2022-05-21 00:26:51,645 epoch 50 - iter 20/107 - loss 0.04648294 - samples/sec: 124.70 - lr: 0.000391
2022-05-21 00:26:54,255 epoch 50 - iter 30/107 - loss 0.04798532 - samples/sec: 122.65 - lr: 0.000391
2022-05-21 00:26:56,732 epoch 50 - iter 40/107 - loss 0.04727459 - samples/sec: 129.24 - lr: 0.000391
2022-05-21 00:26:59,316 epoch 50 - iter 50/107 - loss 0.04774224 - samples/sec: 123.91 - lr: 0.000391
2022-05-21 00:27:01,970 epoch 50 - iter 60/107 - loss 0.04706664 - samples/sec: 120.62 - lr: 0.000391
2022-05-21 00:27:04,492 epoch 50 - iter 70/107 - loss 0.04726741 - samples/sec: 126.91 - lr: 0.000391
2022-05-21 00:27:07,037 epoch 50 - iter 80/107 - loss 0.04601570 - samples/sec: 125.81 - lr: 0.000391
2022-05-21 00:27:09,630 epoch 50 - iter 90/107 - loss 0.04823882 - samples/sec: 123.47 - lr: 0.000391
2022-05-21 00:27:12,134 epoch 50 - iter 100/107 - loss 0.04782474 - samples/sec: 127.82 - lr: 0.000391
2022-05-21 00:27:13,520 ----------------------------------------------------------------------------------------------------
2022-05-21 00:27:13,520 EPOCH 50 done: loss 0.0469 - lr 0.000391
2022-05-21 00:27:20,381 Evaluating as a multi-label problem: False
2022-05-21 00:27:20,392 DEV : loss 0.19995476305484772 - f1-score (micro avg)  0.5184
2022-05-21 00:27:20,466 BAD EPOCHS (no improvement): 1
2022-05-21 00:27:21,444 ----------------------------------------------------------------------------------------------------
2022-05-21 00:27:24,420 epoch 51 - iter 10/107 - loss 0.04416177 - samples/sec: 107.56 - lr: 0.000391
2022-05-21 00:27:26,881 epoch 51 - iter 20/107 - loss 0.04421671 - samples/sec: 130.10 - lr: 0.000391
2022-05-21 00:27:29,443 epoch 51 - iter 30/107 - loss 0.04294286 - samples/sec: 124.95 - lr: 0.000391
2022-05-21 00:27:32,084 epoch 51 - iter 40/107 - loss 0.04647581 - samples/sec: 121.25 - lr: 0.000391
2022-05-21 00:27:34,566 epoch 51 - iter 50/107 - loss 0.04667794 - samples/sec: 128.95 - lr: 0.000391
2022-05-21 00:27:37,202 epoch 51 - iter 60/107 - loss 0.04541408 - samples/sec: 121.43 - lr: 0.000391
2022-05-21 00:27:39,773 epoch 51 - iter 70/107 - loss 0.04483115 - samples/sec: 124.54 - lr: 0.000391
2022-05-21 00:27:42,480 epoch 51 - iter 80/107 - loss 0.04531811 - samples/sec: 118.25 - lr: 0.000391
2022-05-21 00:27:45,157 epoch 51 - iter 90/107 - loss 0.04600274 - samples/sec: 119.57 - lr: 0.000391
2022-05-21 00:27:47,588 epoch 51 - iter 100/107 - loss 0.04564422 - samples/sec: 131.71 - lr: 0.000391
2022-05-21 00:27:49,030 ----------------------------------------------------------------------------------------------------
2022-05-21 00:27:49,031 EPOCH 51 done: loss 0.0454 - lr 0.000391
2022-05-21 00:27:55,922 Evaluating as a multi-label problem: False
2022-05-21 00:27:55,934 DEV : loss 0.19930365681648254 - f1-score (micro avg)  0.5187
2022-05-21 00:27:56,007 BAD EPOCHS (no improvement): 2
2022-05-21 00:27:56,009 ----------------------------------------------------------------------------------------------------
2022-05-21 00:27:58,730 epoch 52 - iter 10/107 - loss 0.04271145 - samples/sec: 117.67 - lr: 0.000391
2022-05-21 00:28:01,377 epoch 52 - iter 20/107 - loss 0.04595099 - samples/sec: 120.97 - lr: 0.000391
2022-05-21 00:28:03,981 epoch 52 - iter 30/107 - loss 0.05019573 - samples/sec: 122.91 - lr: 0.000391
2022-05-21 00:28:06,738 epoch 52 - iter 40/107 - loss 0.04825934 - samples/sec: 116.14 - lr: 0.000391
2022-05-21 00:28:09,780 epoch 52 - iter 50/107 - loss 0.04819185 - samples/sec: 105.22 - lr: 0.000391
2022-05-21 00:28:12,459 epoch 52 - iter 60/107 - loss 0.04923697 - samples/sec: 119.48 - lr: 0.000391
2022-05-21 00:28:14,924 epoch 52 - iter 70/107 - loss 0.04626321 - samples/sec: 129.91 - lr: 0.000391
2022-05-21 00:28:17,478 epoch 52 - iter 80/107 - loss 0.04563987 - samples/sec: 125.34 - lr: 0.000391
2022-05-21 00:28:20,059 epoch 52 - iter 90/107 - loss 0.04511689 - samples/sec: 124.00 - lr: 0.000391
2022-05-21 00:28:22,619 epoch 52 - iter 100/107 - loss 0.04431791 - samples/sec: 125.09 - lr: 0.000391
2022-05-21 00:28:24,149 ----------------------------------------------------------------------------------------------------
2022-05-21 00:28:24,149 EPOCH 52 done: loss 0.0442 - lr 0.000391
2022-05-21 00:28:31,251 Evaluating as a multi-label problem: False
2022-05-21 00:28:31,262 DEV : loss 0.1997864544391632 - f1-score (micro avg)  0.518
2022-05-21 00:28:31,335 BAD EPOCHS (no improvement): 3
2022-05-21 00:28:31,341 ----------------------------------------------------------------------------------------------------
2022-05-21 00:28:33,921 epoch 53 - iter 10/107 - loss 0.05079795 - samples/sec: 124.09 - lr: 0.000391
2022-05-21 00:28:36,443 epoch 53 - iter 20/107 - loss 0.04755128 - samples/sec: 126.95 - lr: 0.000391
2022-05-21 00:28:38,914 epoch 53 - iter 30/107 - loss 0.04696495 - samples/sec: 129.55 - lr: 0.000391
2022-05-21 00:28:41,473 epoch 53 - iter 40/107 - loss 0.04743586 - samples/sec: 125.08 - lr: 0.000391
2022-05-21 00:28:43,937 epoch 53 - iter 50/107 - loss 0.04798590 - samples/sec: 129.95 - lr: 0.000391
2022-05-21 00:28:46,484 epoch 53 - iter 60/107 - loss 0.04765976 - samples/sec: 125.67 - lr: 0.000391
2022-05-21 00:28:49,075 epoch 53 - iter 70/107 - loss 0.04681531 - samples/sec: 123.59 - lr: 0.000391
2022-05-21 00:28:51,840 epoch 53 - iter 80/107 - loss 0.04643856 - samples/sec: 115.79 - lr: 0.000391
2022-05-21 00:28:54,480 epoch 53 - iter 90/107 - loss 0.04622384 - samples/sec: 121.27 - lr: 0.000391
2022-05-21 00:28:57,044 epoch 53 - iter 100/107 - loss 0.04577739 - samples/sec: 124.86 - lr: 0.000391
2022-05-21 00:28:58,590 ----------------------------------------------------------------------------------------------------
2022-05-21 00:28:58,590 EPOCH 53 done: loss 0.0458 - lr 0.000391
2022-05-21 00:29:05,127 Evaluating as a multi-label problem: False
2022-05-21 00:29:05,138 DEV : loss 0.1996271163225174 - f1-score (micro avg)  0.5195
2022-05-21 00:29:05,212 Epoch    53: reducing learning rate of group 0 to 1.9531e-04.
2022-05-21 00:29:05,212 BAD EPOCHS (no improvement): 4
2022-05-21 00:29:05,214 ----------------------------------------------------------------------------------------------------
2022-05-21 00:29:07,773 epoch 54 - iter 10/107 - loss 0.04713565 - samples/sec: 125.11 - lr: 0.000195
2022-05-21 00:29:10,286 epoch 54 - iter 20/107 - loss 0.04330920 - samples/sec: 127.42 - lr: 0.000195
2022-05-21 00:29:12,852 epoch 54 - iter 30/107 - loss 0.04221297 - samples/sec: 124.72 - lr: 0.000195
2022-05-21 00:29:15,404 epoch 54 - iter 40/107 - loss 0.04269348 - samples/sec: 125.47 - lr: 0.000195
2022-05-21 00:29:17,950 epoch 54 - iter 50/107 - loss 0.04344187 - samples/sec: 125.73 - lr: 0.000195
2022-05-21 00:29:20,672 epoch 54 - iter 60/107 - loss 0.04267744 - samples/sec: 117.62 - lr: 0.000195
2022-05-21 00:29:23,176 epoch 54 - iter 70/107 - loss 0.04333825 - samples/sec: 127.84 - lr: 0.000195
2022-05-21 00:29:25,744 epoch 54 - iter 80/107 - loss 0.04404276 - samples/sec: 124.65 - lr: 0.000195
2022-05-21 00:29:28,144 epoch 54 - iter 90/107 - loss 0.04506607 - samples/sec: 133.37 - lr: 0.000195
2022-05-21 00:29:30,693 epoch 54 - iter 100/107 - loss 0.04538331 - samples/sec: 125.62 - lr: 0.000195
2022-05-21 00:29:32,294 ----------------------------------------------------------------------------------------------------
2022-05-21 00:29:32,294 EPOCH 54 done: loss 0.0456 - lr 0.000195
2022-05-21 00:29:38,576 Evaluating as a multi-label problem: False
2022-05-21 00:29:38,587 DEV : loss 0.19919347763061523 - f1-score (micro avg)  0.5195
2022-05-21 00:29:38,665 BAD EPOCHS (no improvement): 1
2022-05-21 00:29:38,667 ----------------------------------------------------------------------------------------------------
2022-05-21 00:29:41,173 epoch 55 - iter 10/107 - loss 0.05481892 - samples/sec: 127.80 - lr: 0.000195
2022-05-21 00:29:43,740 epoch 55 - iter 20/107 - loss 0.04695898 - samples/sec: 124.69 - lr: 0.000195
2022-05-21 00:29:46,229 epoch 55 - iter 30/107 - loss 0.04531311 - samples/sec: 128.64 - lr: 0.000195
2022-05-21 00:29:48,775 epoch 55 - iter 40/107 - loss 0.04335036 - samples/sec: 125.76 - lr: 0.000195
2022-05-21 00:29:51,324 epoch 55 - iter 50/107 - loss 0.04223695 - samples/sec: 125.60 - lr: 0.000195
2022-05-21 00:29:53,867 epoch 55 - iter 60/107 - loss 0.04363211 - samples/sec: 125.87 - lr: 0.000195
2022-05-21 00:29:56,394 epoch 55 - iter 70/107 - loss 0.04278647 - samples/sec: 126.70 - lr: 0.000195
2022-05-21 00:29:59,012 epoch 55 - iter 80/107 - loss 0.04406048 - samples/sec: 122.28 - lr: 0.000195
2022-05-21 00:30:01,587 epoch 55 - iter 90/107 - loss 0.04302637 - samples/sec: 124.30 - lr: 0.000195
2022-05-21 00:30:04,143 epoch 55 - iter 100/107 - loss 0.04365925 - samples/sec: 125.28 - lr: 0.000195
2022-05-21 00:30:05,772 ----------------------------------------------------------------------------------------------------
2022-05-21 00:30:05,772 EPOCH 55 done: loss 0.0438 - lr 0.000195
2022-05-21 00:30:12,270 Evaluating as a multi-label problem: False
2022-05-21 00:30:12,281 DEV : loss 0.19911183416843414 - f1-score (micro avg)  0.5195
2022-05-21 00:30:12,356 BAD EPOCHS (no improvement): 2
2022-05-21 00:30:12,359 ----------------------------------------------------------------------------------------------------
2022-05-21 00:30:14,905 epoch 56 - iter 10/107 - loss 0.04624999 - samples/sec: 125.75 - lr: 0.000195
2022-05-21 00:30:17,682 epoch 56 - iter 20/107 - loss 0.04461416 - samples/sec: 115.29 - lr: 0.000195
2022-05-21 00:30:20,245 epoch 56 - iter 30/107 - loss 0.04550540 - samples/sec: 124.91 - lr: 0.000195
2022-05-21 00:30:23,173 epoch 56 - iter 40/107 - loss 0.04444857 - samples/sec: 109.33 - lr: 0.000195
2022-05-21 00:30:25,710 epoch 56 - iter 50/107 - loss 0.04453395 - samples/sec: 126.14 - lr: 0.000195
2022-05-21 00:30:28,233 epoch 56 - iter 60/107 - loss 0.04355124 - samples/sec: 126.90 - lr: 0.000195
2022-05-21 00:30:30,847 epoch 56 - iter 70/107 - loss 0.04494021 - samples/sec: 122.48 - lr: 0.000195
2022-05-21 00:30:33,461 epoch 56 - iter 80/107 - loss 0.04596431 - samples/sec: 122.46 - lr: 0.000195
2022-05-21 00:30:36,119 epoch 56 - iter 90/107 - loss 0.04624621 - samples/sec: 120.42 - lr: 0.000195
2022-05-21 00:30:39,078 epoch 56 - iter 100/107 - loss 0.04616523 - samples/sec: 108.22 - lr: 0.000195
2022-05-21 00:30:40,964 ----------------------------------------------------------------------------------------------------
2022-05-21 00:30:40,964 EPOCH 56 done: loss 0.0457 - lr 0.000195
2022-05-21 00:30:47,597 Evaluating as a multi-label problem: False
2022-05-21 00:30:47,609 DEV : loss 0.19960913062095642 - f1-score (micro avg)  0.5199
2022-05-21 00:30:47,683 BAD EPOCHS (no improvement): 3
2022-05-21 00:30:47,685 ----------------------------------------------------------------------------------------------------
2022-05-21 00:30:49,977 epoch 57 - iter 10/107 - loss 0.04267795 - samples/sec: 139.68 - lr: 0.000195
2022-05-21 00:30:52,484 epoch 57 - iter 20/107 - loss 0.04206272 - samples/sec: 127.69 - lr: 0.000195
2022-05-21 00:30:55,192 epoch 57 - iter 30/107 - loss 0.04024839 - samples/sec: 118.22 - lr: 0.000195
2022-05-21 00:30:57,726 epoch 57 - iter 40/107 - loss 0.04500757 - samples/sec: 126.33 - lr: 0.000195
2022-05-21 00:31:00,202 epoch 57 - iter 50/107 - loss 0.04411611 - samples/sec: 129.33 - lr: 0.000195
2022-05-21 00:31:02,722 epoch 57 - iter 60/107 - loss 0.04419782 - samples/sec: 127.03 - lr: 0.000195
2022-05-21 00:31:05,248 epoch 57 - iter 70/107 - loss 0.04330293 - samples/sec: 126.72 - lr: 0.000195
2022-05-21 00:31:08,021 epoch 57 - iter 80/107 - loss 0.04285833 - samples/sec: 115.46 - lr: 0.000195
2022-05-21 00:31:10,565 epoch 57 - iter 90/107 - loss 0.04467971 - samples/sec: 125.81 - lr: 0.000195
2022-05-21 00:31:13,124 epoch 57 - iter 100/107 - loss 0.04404430 - samples/sec: 125.09 - lr: 0.000195
2022-05-21 00:31:14,746 ----------------------------------------------------------------------------------------------------
2022-05-21 00:31:14,747 EPOCH 57 done: loss 0.0449 - lr 0.000195
2022-05-21 00:31:21,644 Evaluating as a multi-label problem: False
2022-05-21 00:31:21,655 DEV : loss 0.1996980607509613 - f1-score (micro avg)  0.5195
2022-05-21 00:31:21,728 Epoch    57: reducing learning rate of group 0 to 9.7656e-05.
2022-05-21 00:31:21,728 BAD EPOCHS (no improvement): 4
2022-05-21 00:31:21,778 ----------------------------------------------------------------------------------------------------
2022-05-21 00:31:21,778 ----------------------------------------------------------------------------------------------------
2022-05-21 00:31:21,778 learning rate too small - quitting training!
2022-05-21 00:31:21,778 ----------------------------------------------------------------------------------------------------
2022-05-21 00:32:20,525 ----------------------------------------------------------------------------------------------------
2022-05-21 00:32:20,526 loading file resources/taggers/model_03_r13_run_3/best-model.pt
2022-05-21 00:33:08,117 SequenceTagger predicts: Dictionary with 27 tags: O, S-person, B-person, E-person, I-person, S-location, B-location, E-location, I-location, S-group, B-group, E-group, I-group, S-corporation, B-corporation, E-corporation, I-corporation, S-product, B-product, E-product, I-product, S-creative-work, B-creative-work, E-creative-work, I-creative-work, <START>, <STOP>
2022-05-21 00:33:30,229 Evaluating as a multi-label problem: False
2022-05-21 00:33:30,242 0.5966	0.3262	0.4218	0.2855
2022-05-21 00:33:30,243 
Results:
- F-score (micro) 0.4218
- F-score (macro) 0.2956
- Accuracy 0.2855

By class:
               precision    recall  f1-score   support

       person     0.7387    0.4942    0.5922       429
     location     0.6090    0.5400    0.5724       150
        group     0.4127    0.1576    0.2281       165
creative-work     0.3472    0.1761    0.2336       142
      product     0.3333    0.0315    0.0576       127
  corporation     0.1739    0.0606    0.0899        66

    micro avg     0.5966    0.3262    0.4218      1079
    macro avg     0.4358    0.2433    0.2956      1079
 weighted avg     0.5370    0.3262    0.3929      1079

2022-05-21 00:33:30,243 ----------------------------------------------------------------------------------------------------
