2022-03-25 02:13:42,731 ----------------------------------------------------------------------------------------------------
2022-03-25 02:13:42,732 Model: "SequenceTagger(
  (embeddings): StackedEmbeddings(
    (list_embedding_0): GazetteerEmbeddings()
    (list_embedding_1): WordEmbeddings(
      'glove'
      (embedding): Embedding(400001, 100)
    )
    (list_embedding_2): FlairEmbeddings(
      (lm): LanguageModel(
        (drop): Dropout(p=0.05, inplace=False)
        (encoder): Embedding(300, 100)
        (rnn): LSTM(100, 2048)
        (decoder): Linear(in_features=2048, out_features=300, bias=True)
      )
    )
    (list_embedding_3): FlairEmbeddings(
      (lm): LanguageModel(
        (drop): Dropout(p=0.05, inplace=False)
        (encoder): Embedding(300, 100)
        (rnn): LSTM(100, 2048)
        (decoder): Linear(in_features=2048, out_features=300, bias=True)
      )
    )
  )
  (word_dropout): WordDropout(p=0.05)
  (locked_dropout): LockedDropout(p=0.5)
  (embedding2nn): Linear(in_features=5027, out_features=5027, bias=True)
  (rnn): LSTM(5027, 256, batch_first=True, bidirectional=True)
  (linear): Linear(in_features=512, out_features=19, bias=True)
  (loss_function): ViterbiLoss()
  (crf): CRF()
)"
2022-03-25 02:13:42,732 ----------------------------------------------------------------------------------------------------
2022-03-25 02:13:42,732 Corpus: "Corpus: 14987 train + 3466 dev + 3684 test sentences"
2022-03-25 02:13:42,732 ----------------------------------------------------------------------------------------------------
2022-03-25 02:13:42,732 Parameters:
2022-03-25 02:13:42,732  - learning_rate: "0.100000"
2022-03-25 02:13:42,732  - mini_batch_size: "32"
2022-03-25 02:13:42,732  - patience: "3"
2022-03-25 02:13:42,732  - anneal_factor: "0.5"
2022-03-25 02:13:42,732  - max_epochs: "150"
2022-03-25 02:13:42,732  - shuffle: "True"
2022-03-25 02:13:42,732  - train_with_dev: "False"
2022-03-25 02:13:42,732  - batch_growth_annealing: "False"
2022-03-25 02:13:42,732 ----------------------------------------------------------------------------------------------------
2022-03-25 02:13:42,732 Model training base path: "resources/taggers/model_06_r3_run_3"
2022-03-25 02:13:42,732 ----------------------------------------------------------------------------------------------------
2022-03-25 02:13:42,732 Device: cuda:0
2022-03-25 02:13:42,732 ----------------------------------------------------------------------------------------------------
2022-03-25 02:13:42,732 Embeddings storage mode: cpu
2022-03-25 02:13:42,733 ----------------------------------------------------------------------------------------------------
2022-03-25 02:13:52,001 epoch 1 - iter 46/469 - loss 0.76183306 - samples/sec: 158.87 - lr: 0.100000
2022-03-25 02:14:01,774 epoch 1 - iter 92/469 - loss 0.52885962 - samples/sec: 150.68 - lr: 0.100000
2022-03-25 02:14:10,441 epoch 1 - iter 138/469 - loss 0.43405909 - samples/sec: 169.92 - lr: 0.100000
2022-03-25 02:14:18,440 epoch 1 - iter 184/469 - loss 0.37974665 - samples/sec: 184.11 - lr: 0.100000
2022-03-25 02:14:26,687 epoch 1 - iter 230/469 - loss 0.33800089 - samples/sec: 178.58 - lr: 0.100000
2022-03-25 02:14:37,192 epoch 1 - iter 276/469 - loss 0.30147125 - samples/sec: 140.17 - lr: 0.100000
2022-03-25 02:14:47,907 epoch 1 - iter 322/469 - loss 0.27743951 - samples/sec: 137.44 - lr: 0.100000
2022-03-25 02:14:57,310 epoch 1 - iter 368/469 - loss 0.26295725 - samples/sec: 156.60 - lr: 0.100000
2022-03-25 02:15:09,362 epoch 1 - iter 414/469 - loss 0.24352750 - samples/sec: 122.19 - lr: 0.100000
2022-03-25 02:15:21,548 epoch 1 - iter 460/469 - loss 0.22704256 - samples/sec: 120.83 - lr: 0.100000
2022-03-25 02:15:23,186 ----------------------------------------------------------------------------------------------------
2022-03-25 02:15:23,186 EPOCH 1 done: loss 0.2260 - lr 0.100000
2022-03-25 02:15:50,259 Evaluating as a multi-label problem: False
2022-03-25 02:15:50,301 DEV : loss 0.07597799599170685 - f1-score (micro avg)  0.8827
2022-03-25 02:15:50,602 BAD EPOCHS (no improvement): 0
2022-03-25 02:15:50,605 saving best model
2022-03-25 02:16:31,076 ----------------------------------------------------------------------------------------------------
2022-03-25 02:16:41,740 epoch 2 - iter 46/469 - loss 0.11142806 - samples/sec: 138.12 - lr: 0.100000
2022-03-25 02:16:53,309 epoch 2 - iter 92/469 - loss 0.10694801 - samples/sec: 127.29 - lr: 0.100000
2022-03-25 02:17:04,249 epoch 2 - iter 138/469 - loss 0.10748682 - samples/sec: 134.62 - lr: 0.100000
2022-03-25 02:17:14,791 epoch 2 - iter 184/469 - loss 0.10531275 - samples/sec: 139.69 - lr: 0.100000
2022-03-25 02:17:25,982 epoch 2 - iter 230/469 - loss 0.10217206 - samples/sec: 131.59 - lr: 0.100000
2022-03-25 02:17:36,976 epoch 2 - iter 276/469 - loss 0.09922400 - samples/sec: 133.96 - lr: 0.100000
2022-03-25 02:17:47,803 epoch 2 - iter 322/469 - loss 0.09850732 - samples/sec: 136.02 - lr: 0.100000
2022-03-25 02:17:58,344 epoch 2 - iter 368/469 - loss 0.09685502 - samples/sec: 139.70 - lr: 0.100000
2022-03-25 02:18:08,746 epoch 2 - iter 414/469 - loss 0.09597590 - samples/sec: 141.58 - lr: 0.100000
2022-03-25 02:18:19,110 epoch 2 - iter 460/469 - loss 0.09488966 - samples/sec: 142.10 - lr: 0.100000
2022-03-25 02:18:21,128 ----------------------------------------------------------------------------------------------------
2022-03-25 02:18:21,128 EPOCH 2 done: loss 0.0943 - lr 0.100000
2022-03-25 02:18:48,655 Evaluating as a multi-label problem: False
2022-03-25 02:18:48,694 DEV : loss 0.04997744783759117 - f1-score (micro avg)  0.9234
2022-03-25 02:18:48,996 BAD EPOCHS (no improvement): 0
2022-03-25 02:18:48,999 saving best model
2022-03-25 02:19:28,523 ----------------------------------------------------------------------------------------------------
2022-03-25 02:19:38,911 epoch 3 - iter 46/469 - loss 0.07338340 - samples/sec: 141.78 - lr: 0.100000
2022-03-25 02:19:49,868 epoch 3 - iter 92/469 - loss 0.07712874 - samples/sec: 134.40 - lr: 0.100000
2022-03-25 02:20:00,386 epoch 3 - iter 138/469 - loss 0.07830297 - samples/sec: 140.01 - lr: 0.100000
2022-03-25 02:20:10,882 epoch 3 - iter 184/469 - loss 0.07722835 - samples/sec: 140.31 - lr: 0.100000
2022-03-25 02:20:21,718 epoch 3 - iter 230/469 - loss 0.07497063 - samples/sec: 135.90 - lr: 0.100000
2022-03-25 02:20:32,428 epoch 3 - iter 276/469 - loss 0.07460252 - samples/sec: 137.50 - lr: 0.100000
2022-03-25 02:20:43,346 epoch 3 - iter 322/469 - loss 0.07310284 - samples/sec: 134.87 - lr: 0.100000
2022-03-25 02:20:53,860 epoch 3 - iter 368/469 - loss 0.07247561 - samples/sec: 140.06 - lr: 0.100000
2022-03-25 02:21:04,461 epoch 3 - iter 414/469 - loss 0.07202147 - samples/sec: 138.92 - lr: 0.100000
2022-03-25 02:21:15,243 epoch 3 - iter 460/469 - loss 0.07111497 - samples/sec: 136.59 - lr: 0.100000
2022-03-25 02:21:17,216 ----------------------------------------------------------------------------------------------------
2022-03-25 02:21:17,216 EPOCH 3 done: loss 0.0714 - lr 0.100000
2022-03-25 02:21:45,059 Evaluating as a multi-label problem: False
2022-03-25 02:21:45,099 DEV : loss 0.041744813323020935 - f1-score (micro avg)  0.9333
2022-03-25 02:21:45,398 BAD EPOCHS (no improvement): 0
2022-03-25 02:21:45,401 saving best model
2022-03-25 02:22:25,693 ----------------------------------------------------------------------------------------------------
2022-03-25 02:22:36,815 epoch 4 - iter 46/469 - loss 0.05953336 - samples/sec: 132.43 - lr: 0.100000
2022-03-25 02:22:47,923 epoch 4 - iter 92/469 - loss 0.06388033 - samples/sec: 132.57 - lr: 0.100000
2022-03-25 02:22:58,375 epoch 4 - iter 138/469 - loss 0.06313176 - samples/sec: 140.90 - lr: 0.100000
2022-03-25 02:23:08,760 epoch 4 - iter 184/469 - loss 0.06211217 - samples/sec: 141.80 - lr: 0.100000
2022-03-25 02:23:19,614 epoch 4 - iter 230/469 - loss 0.06128704 - samples/sec: 135.67 - lr: 0.100000
2022-03-25 02:23:30,062 epoch 4 - iter 276/469 - loss 0.06078719 - samples/sec: 140.96 - lr: 0.100000
2022-03-25 02:23:40,627 epoch 4 - iter 322/469 - loss 0.06108048 - samples/sec: 139.39 - lr: 0.100000
2022-03-25 02:23:51,204 epoch 4 - iter 368/469 - loss 0.06106008 - samples/sec: 139.22 - lr: 0.100000
2022-03-25 02:24:01,489 epoch 4 - iter 414/469 - loss 0.06061976 - samples/sec: 143.19 - lr: 0.100000
2022-03-25 02:24:12,215 epoch 4 - iter 460/469 - loss 0.05996118 - samples/sec: 137.29 - lr: 0.100000
2022-03-25 02:24:14,128 ----------------------------------------------------------------------------------------------------
2022-03-25 02:24:14,128 EPOCH 4 done: loss 0.0601 - lr 0.100000
2022-03-25 02:24:41,833 Evaluating as a multi-label problem: False
2022-03-25 02:24:41,872 DEV : loss 0.03861464560031891 - f1-score (micro avg)  0.9357
2022-03-25 02:24:42,181 BAD EPOCHS (no improvement): 0
2022-03-25 02:24:42,184 saving best model
2022-03-25 02:25:22,940 ----------------------------------------------------------------------------------------------------
2022-03-25 02:25:33,745 epoch 5 - iter 46/469 - loss 0.05054494 - samples/sec: 136.32 - lr: 0.100000
2022-03-25 02:25:44,426 epoch 5 - iter 92/469 - loss 0.05380149 - samples/sec: 137.88 - lr: 0.100000
2022-03-25 02:25:55,571 epoch 5 - iter 138/469 - loss 0.05364401 - samples/sec: 132.12 - lr: 0.100000
2022-03-25 02:26:05,759 epoch 5 - iter 184/469 - loss 0.05467188 - samples/sec: 144.57 - lr: 0.100000
2022-03-25 02:26:16,524 epoch 5 - iter 230/469 - loss 0.05458128 - samples/sec: 136.80 - lr: 0.100000
2022-03-25 02:26:27,420 epoch 5 - iter 276/469 - loss 0.05274591 - samples/sec: 135.15 - lr: 0.100000
2022-03-25 02:26:37,923 epoch 5 - iter 322/469 - loss 0.05355822 - samples/sec: 140.21 - lr: 0.100000
2022-03-25 02:26:48,613 epoch 5 - iter 368/469 - loss 0.05393014 - samples/sec: 137.77 - lr: 0.100000
2022-03-25 02:26:59,226 epoch 5 - iter 414/469 - loss 0.05450203 - samples/sec: 138.76 - lr: 0.100000
2022-03-25 02:27:10,252 epoch 5 - iter 460/469 - loss 0.05402281 - samples/sec: 133.55 - lr: 0.100000
2022-03-25 02:27:12,269 ----------------------------------------------------------------------------------------------------
2022-03-25 02:27:12,269 EPOCH 5 done: loss 0.0540 - lr 0.100000
2022-03-25 02:27:40,123 Evaluating as a multi-label problem: False
2022-03-25 02:27:40,162 DEV : loss 0.034646254032850266 - f1-score (micro avg)  0.9412
2022-03-25 02:27:40,465 BAD EPOCHS (no improvement): 0
2022-03-25 02:27:40,469 saving best model
2022-03-25 02:28:20,328 ----------------------------------------------------------------------------------------------------
2022-03-25 02:28:31,607 epoch 6 - iter 46/469 - loss 0.05496922 - samples/sec: 130.58 - lr: 0.100000
2022-03-25 02:28:42,667 epoch 6 - iter 92/469 - loss 0.05063225 - samples/sec: 133.15 - lr: 0.100000
2022-03-25 02:28:53,156 epoch 6 - iter 138/469 - loss 0.05043516 - samples/sec: 140.40 - lr: 0.100000
2022-03-25 02:29:03,846 epoch 6 - iter 184/469 - loss 0.05028723 - samples/sec: 137.76 - lr: 0.100000
2022-03-25 02:29:14,542 epoch 6 - iter 230/469 - loss 0.04846051 - samples/sec: 137.68 - lr: 0.100000
2022-03-25 02:29:24,961 epoch 6 - iter 276/469 - loss 0.04802049 - samples/sec: 141.34 - lr: 0.100000
2022-03-25 02:29:35,409 epoch 6 - iter 322/469 - loss 0.04815457 - samples/sec: 140.96 - lr: 0.100000
2022-03-25 02:29:46,082 epoch 6 - iter 368/469 - loss 0.04745409 - samples/sec: 137.98 - lr: 0.100000
2022-03-25 02:29:56,491 epoch 6 - iter 414/469 - loss 0.04795433 - samples/sec: 141.46 - lr: 0.100000
2022-03-25 02:30:06,991 epoch 6 - iter 460/469 - loss 0.04806761 - samples/sec: 140.26 - lr: 0.100000
2022-03-25 02:30:08,953 ----------------------------------------------------------------------------------------------------
2022-03-25 02:30:08,953 EPOCH 6 done: loss 0.0478 - lr 0.100000
2022-03-25 02:30:37,201 Evaluating as a multi-label problem: False
2022-03-25 02:30:37,241 DEV : loss 0.03292779251933098 - f1-score (micro avg)  0.9452
2022-03-25 02:30:37,553 BAD EPOCHS (no improvement): 0
2022-03-25 02:30:37,570 saving best model
2022-03-25 02:31:17,526 ----------------------------------------------------------------------------------------------------
2022-03-25 02:31:33,672 epoch 7 - iter 46/469 - loss 0.04413178 - samples/sec: 91.20 - lr: 0.100000
2022-03-25 02:31:43,972 epoch 7 - iter 92/469 - loss 0.04434365 - samples/sec: 142.96 - lr: 0.100000
2022-03-25 02:31:54,430 epoch 7 - iter 138/469 - loss 0.04386694 - samples/sec: 140.80 - lr: 0.100000
2022-03-25 02:32:05,092 epoch 7 - iter 184/469 - loss 0.04437836 - samples/sec: 138.11 - lr: 0.100000
2022-03-25 02:32:15,744 epoch 7 - iter 230/469 - loss 0.04444947 - samples/sec: 138.25 - lr: 0.100000
2022-03-25 02:32:26,112 epoch 7 - iter 276/469 - loss 0.04367013 - samples/sec: 142.04 - lr: 0.100000
2022-03-25 02:32:36,811 epoch 7 - iter 322/469 - loss 0.04386393 - samples/sec: 137.64 - lr: 0.100000
2022-03-25 02:32:47,780 epoch 7 - iter 368/469 - loss 0.04373893 - samples/sec: 134.24 - lr: 0.100000
2022-03-25 02:32:58,224 epoch 7 - iter 414/469 - loss 0.04342583 - samples/sec: 141.01 - lr: 0.100000
2022-03-25 02:33:09,219 epoch 7 - iter 460/469 - loss 0.04336723 - samples/sec: 133.94 - lr: 0.100000
2022-03-25 02:33:11,071 ----------------------------------------------------------------------------------------------------
2022-03-25 02:33:11,071 EPOCH 7 done: loss 0.0433 - lr 0.100000
2022-03-25 02:33:38,626 Evaluating as a multi-label problem: False
2022-03-25 02:33:38,665 DEV : loss 0.0333857424557209 - f1-score (micro avg)  0.9451
2022-03-25 02:33:38,970 BAD EPOCHS (no improvement): 1
2022-03-25 02:33:38,989 ----------------------------------------------------------------------------------------------------
2022-03-25 02:33:49,819 epoch 8 - iter 46/469 - loss 0.03902824 - samples/sec: 135.99 - lr: 0.100000
2022-03-25 02:34:00,375 epoch 8 - iter 92/469 - loss 0.04058835 - samples/sec: 139.51 - lr: 0.100000
2022-03-25 02:34:10,901 epoch 8 - iter 138/469 - loss 0.04101772 - samples/sec: 139.91 - lr: 0.100000
2022-03-25 02:34:21,269 epoch 8 - iter 184/469 - loss 0.04063395 - samples/sec: 142.03 - lr: 0.100000
2022-03-25 02:34:32,251 epoch 8 - iter 230/469 - loss 0.03970340 - samples/sec: 134.09 - lr: 0.100000
2022-03-25 02:34:42,604 epoch 8 - iter 276/469 - loss 0.04055776 - samples/sec: 142.25 - lr: 0.100000
2022-03-25 02:34:53,624 epoch 8 - iter 322/469 - loss 0.04093822 - samples/sec: 133.64 - lr: 0.100000
2022-03-25 02:35:04,237 epoch 8 - iter 368/469 - loss 0.04076974 - samples/sec: 138.76 - lr: 0.100000
2022-03-25 02:35:15,160 epoch 8 - iter 414/469 - loss 0.04056734 - samples/sec: 134.83 - lr: 0.100000
2022-03-25 02:35:26,104 epoch 8 - iter 460/469 - loss 0.04040701 - samples/sec: 134.55 - lr: 0.100000
2022-03-25 02:35:28,101 ----------------------------------------------------------------------------------------------------
2022-03-25 02:35:28,101 EPOCH 8 done: loss 0.0405 - lr 0.100000
2022-03-25 02:35:55,666 Evaluating as a multi-label problem: False
2022-03-25 02:35:55,705 DEV : loss 0.0320187546312809 - f1-score (micro avg)  0.9476
2022-03-25 02:35:56,007 BAD EPOCHS (no improvement): 0
2022-03-25 02:35:56,011 saving best model
2022-03-25 02:36:36,901 ----------------------------------------------------------------------------------------------------
2022-03-25 02:36:47,754 epoch 9 - iter 46/469 - loss 0.03865038 - samples/sec: 135.71 - lr: 0.100000
2022-03-25 02:36:58,307 epoch 9 - iter 92/469 - loss 0.04044901 - samples/sec: 139.55 - lr: 0.100000
2022-03-25 02:37:08,705 epoch 9 - iter 138/469 - loss 0.03923443 - samples/sec: 141.62 - lr: 0.100000
2022-03-25 02:37:18,992 epoch 9 - iter 184/469 - loss 0.03853661 - samples/sec: 143.16 - lr: 0.100000
2022-03-25 02:37:29,497 epoch 9 - iter 230/469 - loss 0.03863102 - samples/sec: 140.17 - lr: 0.100000
2022-03-25 02:37:40,298 epoch 9 - iter 276/469 - loss 0.03911909 - samples/sec: 136.35 - lr: 0.100000
2022-03-25 02:37:51,299 epoch 9 - iter 322/469 - loss 0.03884007 - samples/sec: 133.86 - lr: 0.100000
2022-03-25 02:38:01,919 epoch 9 - iter 368/469 - loss 0.03839517 - samples/sec: 138.66 - lr: 0.100000
2022-03-25 02:38:12,561 epoch 9 - iter 414/469 - loss 0.03874902 - samples/sec: 138.38 - lr: 0.100000
2022-03-25 02:38:23,129 epoch 9 - iter 460/469 - loss 0.03871498 - samples/sec: 139.35 - lr: 0.100000
2022-03-25 02:38:25,005 ----------------------------------------------------------------------------------------------------
2022-03-25 02:38:25,005 EPOCH 9 done: loss 0.0387 - lr 0.100000
2022-03-25 02:38:52,590 Evaluating as a multi-label problem: False
2022-03-25 02:38:52,629 DEV : loss 0.030598988756537437 - f1-score (micro avg)  0.9494
2022-03-25 02:38:52,936 BAD EPOCHS (no improvement): 0
2022-03-25 02:38:52,950 saving best model
2022-03-25 02:39:35,592 ----------------------------------------------------------------------------------------------------
2022-03-25 02:39:46,109 epoch 10 - iter 46/469 - loss 0.03586583 - samples/sec: 140.04 - lr: 0.100000
2022-03-25 02:39:57,359 epoch 10 - iter 92/469 - loss 0.03528765 - samples/sec: 130.91 - lr: 0.100000
2022-03-25 02:40:07,845 epoch 10 - iter 138/469 - loss 0.03522738 - samples/sec: 140.44 - lr: 0.100000
2022-03-25 02:40:18,486 epoch 10 - iter 184/469 - loss 0.03523508 - samples/sec: 138.40 - lr: 0.100000
2022-03-25 02:40:29,648 epoch 10 - iter 230/469 - loss 0.03524476 - samples/sec: 131.93 - lr: 0.100000
2022-03-25 02:40:40,093 epoch 10 - iter 276/469 - loss 0.03635844 - samples/sec: 141.00 - lr: 0.100000
2022-03-25 02:40:51,209 epoch 10 - iter 322/469 - loss 0.03672499 - samples/sec: 132.48 - lr: 0.100000
2022-03-25 02:41:01,969 epoch 10 - iter 368/469 - loss 0.03662919 - samples/sec: 136.86 - lr: 0.100000
2022-03-25 02:41:12,350 epoch 10 - iter 414/469 - loss 0.03719314 - samples/sec: 141.86 - lr: 0.100000
2022-03-25 02:41:22,821 epoch 10 - iter 460/469 - loss 0.03696344 - samples/sec: 140.65 - lr: 0.100000
2022-03-25 02:41:24,747 ----------------------------------------------------------------------------------------------------
2022-03-25 02:41:24,747 EPOCH 10 done: loss 0.0370 - lr 0.100000
2022-03-25 02:41:52,244 Evaluating as a multi-label problem: False
2022-03-25 02:41:52,283 DEV : loss 0.029829850420355797 - f1-score (micro avg)  0.9508
2022-03-25 02:41:52,582 BAD EPOCHS (no improvement): 0
2022-03-25 02:41:52,591 saving best model
2022-03-25 02:42:39,081 ----------------------------------------------------------------------------------------------------
2022-03-25 02:42:49,301 epoch 11 - iter 46/469 - loss 0.03474092 - samples/sec: 144.12 - lr: 0.100000
2022-03-25 02:42:59,792 epoch 11 - iter 92/469 - loss 0.03467148 - samples/sec: 140.36 - lr: 0.100000
2022-03-25 02:43:10,411 epoch 11 - iter 138/469 - loss 0.03443446 - samples/sec: 138.69 - lr: 0.100000
2022-03-25 02:43:21,329 epoch 11 - iter 184/469 - loss 0.03446283 - samples/sec: 134.87 - lr: 0.100000
2022-03-25 02:43:31,889 epoch 11 - iter 230/469 - loss 0.03436051 - samples/sec: 139.46 - lr: 0.100000
2022-03-25 02:43:42,012 epoch 11 - iter 276/469 - loss 0.03471452 - samples/sec: 145.48 - lr: 0.100000
2022-03-25 02:43:52,548 epoch 11 - iter 322/469 - loss 0.03500569 - samples/sec: 139.76 - lr: 0.100000
2022-03-25 02:44:03,186 epoch 11 - iter 368/469 - loss 0.03483470 - samples/sec: 138.42 - lr: 0.100000
2022-03-25 02:44:14,120 epoch 11 - iter 414/469 - loss 0.03532279 - samples/sec: 134.69 - lr: 0.100000
2022-03-25 02:44:24,975 epoch 11 - iter 460/469 - loss 0.03483938 - samples/sec: 135.66 - lr: 0.100000
2022-03-25 02:44:27,035 ----------------------------------------------------------------------------------------------------
2022-03-25 02:44:27,035 EPOCH 11 done: loss 0.0346 - lr 0.100000
2022-03-25 02:44:55,112 Evaluating as a multi-label problem: False
2022-03-25 02:44:55,152 DEV : loss 0.030525630339980125 - f1-score (micro avg)  0.9518
2022-03-25 02:44:55,457 BAD EPOCHS (no improvement): 0
2022-03-25 02:44:55,460 saving best model
2022-03-25 02:45:35,856 ----------------------------------------------------------------------------------------------------
2022-03-25 02:45:46,833 epoch 12 - iter 46/469 - loss 0.02951812 - samples/sec: 134.18 - lr: 0.100000
2022-03-25 02:45:57,487 epoch 12 - iter 92/469 - loss 0.03199659 - samples/sec: 138.22 - lr: 0.100000
2022-03-25 02:46:08,374 epoch 12 - iter 138/469 - loss 0.03369899 - samples/sec: 135.27 - lr: 0.100000
2022-03-25 02:46:19,292 epoch 12 - iter 184/469 - loss 0.03286312 - samples/sec: 134.89 - lr: 0.100000
2022-03-25 02:46:30,018 epoch 12 - iter 230/469 - loss 0.03319917 - samples/sec: 137.29 - lr: 0.100000
2022-03-25 02:46:40,687 epoch 12 - iter 276/469 - loss 0.03336224 - samples/sec: 138.04 - lr: 0.100000
2022-03-25 02:46:50,951 epoch 12 - iter 322/469 - loss 0.03275683 - samples/sec: 143.48 - lr: 0.100000
2022-03-25 02:47:01,274 epoch 12 - iter 368/469 - loss 0.03327615 - samples/sec: 142.65 - lr: 0.100000
2022-03-25 02:47:11,908 epoch 12 - iter 414/469 - loss 0.03323901 - samples/sec: 138.48 - lr: 0.100000
2022-03-25 02:47:22,498 epoch 12 - iter 460/469 - loss 0.03325295 - samples/sec: 139.06 - lr: 0.100000
2022-03-25 02:47:24,405 ----------------------------------------------------------------------------------------------------
2022-03-25 02:47:24,406 EPOCH 12 done: loss 0.0334 - lr 0.100000
2022-03-25 02:47:51,875 Evaluating as a multi-label problem: False
2022-03-25 02:47:51,914 DEV : loss 0.03042815625667572 - f1-score (micro avg)  0.9462
2022-03-25 02:47:52,215 BAD EPOCHS (no improvement): 1
2022-03-25 02:47:52,218 ----------------------------------------------------------------------------------------------------
2022-03-25 02:48:02,876 epoch 13 - iter 46/469 - loss 0.03194447 - samples/sec: 138.18 - lr: 0.100000
2022-03-25 02:48:13,490 epoch 13 - iter 92/469 - loss 0.03231291 - samples/sec: 138.75 - lr: 0.100000
2022-03-25 02:48:24,285 epoch 13 - iter 138/469 - loss 0.03162927 - samples/sec: 136.41 - lr: 0.100000
2022-03-25 02:48:34,921 epoch 13 - iter 184/469 - loss 0.03125776 - samples/sec: 138.45 - lr: 0.100000
2022-03-25 02:48:45,829 epoch 13 - iter 230/469 - loss 0.03182945 - samples/sec: 135.02 - lr: 0.100000
2022-03-25 02:48:56,324 epoch 13 - iter 276/469 - loss 0.03209899 - samples/sec: 140.32 - lr: 0.100000
2022-03-25 02:49:06,738 epoch 13 - iter 322/469 - loss 0.03200609 - samples/sec: 141.41 - lr: 0.100000
2022-03-25 02:49:17,428 epoch 13 - iter 368/469 - loss 0.03197868 - samples/sec: 137.75 - lr: 0.100000
2022-03-25 02:49:27,783 epoch 13 - iter 414/469 - loss 0.03200424 - samples/sec: 142.22 - lr: 0.100000
2022-03-25 02:49:38,322 epoch 13 - iter 460/469 - loss 0.03178722 - samples/sec: 139.73 - lr: 0.100000
2022-03-25 02:49:40,434 ----------------------------------------------------------------------------------------------------
2022-03-25 02:49:40,435 EPOCH 13 done: loss 0.0318 - lr 0.100000
2022-03-25 02:50:13,805 Evaluating as a multi-label problem: False
2022-03-25 02:50:13,844 DEV : loss 0.029320180416107178 - f1-score (micro avg)  0.9519
2022-03-25 02:50:14,151 BAD EPOCHS (no improvement): 0
2022-03-25 02:50:14,154 saving best model
2022-03-25 02:50:55,071 ----------------------------------------------------------------------------------------------------
2022-03-25 02:51:05,892 epoch 14 - iter 46/469 - loss 0.02965847 - samples/sec: 136.12 - lr: 0.100000
2022-03-25 02:51:16,725 epoch 14 - iter 92/469 - loss 0.03084615 - samples/sec: 135.94 - lr: 0.100000
2022-03-25 02:51:27,391 epoch 14 - iter 138/469 - loss 0.03104828 - samples/sec: 138.07 - lr: 0.100000
2022-03-25 02:51:38,500 epoch 14 - iter 184/469 - loss 0.03003774 - samples/sec: 132.56 - lr: 0.100000
2022-03-25 02:51:49,252 epoch 14 - iter 230/469 - loss 0.03014638 - samples/sec: 136.97 - lr: 0.100000
2022-03-25 02:51:59,658 epoch 14 - iter 276/469 - loss 0.03092335 - samples/sec: 141.51 - lr: 0.100000
2022-03-25 02:52:10,488 epoch 14 - iter 322/469 - loss 0.03014105 - samples/sec: 135.98 - lr: 0.100000
2022-03-25 02:52:21,011 epoch 14 - iter 368/469 - loss 0.03053130 - samples/sec: 139.94 - lr: 0.100000
2022-03-25 02:52:31,523 epoch 14 - iter 414/469 - loss 0.03038810 - samples/sec: 140.10 - lr: 0.100000
2022-03-25 02:52:42,210 epoch 14 - iter 460/469 - loss 0.03055030 - samples/sec: 137.79 - lr: 0.100000
2022-03-25 02:52:44,178 ----------------------------------------------------------------------------------------------------
2022-03-25 02:52:44,178 EPOCH 14 done: loss 0.0306 - lr 0.100000
2022-03-25 02:53:11,868 Evaluating as a multi-label problem: False
2022-03-25 02:53:11,907 DEV : loss 0.02942238375544548 - f1-score (micro avg)  0.9506
2022-03-25 02:53:12,208 BAD EPOCHS (no improvement): 1
2022-03-25 02:53:12,221 ----------------------------------------------------------------------------------------------------
2022-03-25 02:53:22,644 epoch 15 - iter 46/469 - loss 0.02889717 - samples/sec: 141.30 - lr: 0.100000
2022-03-25 02:53:33,424 epoch 15 - iter 92/469 - loss 0.02689316 - samples/sec: 136.62 - lr: 0.100000
2022-03-25 02:53:43,967 epoch 15 - iter 138/469 - loss 0.02608347 - samples/sec: 139.68 - lr: 0.100000
2022-03-25 02:53:54,533 epoch 15 - iter 184/469 - loss 0.02707616 - samples/sec: 139.38 - lr: 0.100000
2022-03-25 02:54:05,352 epoch 15 - iter 230/469 - loss 0.02750410 - samples/sec: 136.11 - lr: 0.100000
2022-03-25 02:54:15,816 epoch 15 - iter 276/469 - loss 0.02802594 - samples/sec: 140.74 - lr: 0.100000
2022-03-25 02:54:26,151 epoch 15 - iter 322/469 - loss 0.02770589 - samples/sec: 142.49 - lr: 0.100000
2022-03-25 02:54:36,789 epoch 15 - iter 368/469 - loss 0.02826275 - samples/sec: 138.44 - lr: 0.100000
2022-03-25 02:54:47,697 epoch 15 - iter 414/469 - loss 0.02885722 - samples/sec: 135.00 - lr: 0.100000
2022-03-25 02:54:58,345 epoch 15 - iter 460/469 - loss 0.02899846 - samples/sec: 138.31 - lr: 0.100000
2022-03-25 02:55:00,447 ----------------------------------------------------------------------------------------------------
2022-03-25 02:55:00,447 EPOCH 15 done: loss 0.0292 - lr 0.100000
2022-03-25 02:55:28,260 Evaluating as a multi-label problem: False
2022-03-25 02:55:28,299 DEV : loss 0.02879876270890236 - f1-score (micro avg)  0.9512
2022-03-25 02:55:28,595 BAD EPOCHS (no improvement): 2
2022-03-25 02:55:28,598 ----------------------------------------------------------------------------------------------------
2022-03-25 02:55:39,402 epoch 16 - iter 46/469 - loss 0.02786404 - samples/sec: 136.32 - lr: 0.100000
2022-03-25 02:55:50,330 epoch 16 - iter 92/469 - loss 0.02773892 - samples/sec: 134.76 - lr: 0.100000
2022-03-25 02:56:00,943 epoch 16 - iter 138/469 - loss 0.02713289 - samples/sec: 138.75 - lr: 0.100000
2022-03-25 02:56:11,765 epoch 16 - iter 184/469 - loss 0.02714944 - samples/sec: 136.07 - lr: 0.100000
2022-03-25 02:56:22,528 epoch 16 - iter 230/469 - loss 0.02744962 - samples/sec: 136.83 - lr: 0.100000
2022-03-25 02:56:32,716 epoch 16 - iter 276/469 - loss 0.02818624 - samples/sec: 144.55 - lr: 0.100000
2022-03-25 02:56:43,538 epoch 16 - iter 322/469 - loss 0.02843948 - samples/sec: 136.08 - lr: 0.100000
2022-03-25 02:56:53,830 epoch 16 - iter 368/469 - loss 0.02828240 - samples/sec: 143.08 - lr: 0.100000
2022-03-25 02:57:04,571 epoch 16 - iter 414/469 - loss 0.02854654 - samples/sec: 137.11 - lr: 0.100000
2022-03-25 02:57:15,393 epoch 16 - iter 460/469 - loss 0.02865857 - samples/sec: 136.07 - lr: 0.100000
2022-03-25 02:57:17,210 ----------------------------------------------------------------------------------------------------
2022-03-25 02:57:17,210 EPOCH 16 done: loss 0.0288 - lr 0.100000
2022-03-25 02:57:44,821 Evaluating as a multi-label problem: False
2022-03-25 02:57:44,860 DEV : loss 0.03015056438744068 - f1-score (micro avg)  0.9506
2022-03-25 02:57:45,160 BAD EPOCHS (no improvement): 3
2022-03-25 02:57:45,163 ----------------------------------------------------------------------------------------------------
2022-03-25 02:57:55,691 epoch 17 - iter 46/469 - loss 0.02361423 - samples/sec: 139.89 - lr: 0.100000
2022-03-25 02:58:06,305 epoch 17 - iter 92/469 - loss 0.02569751 - samples/sec: 138.74 - lr: 0.100000
2022-03-25 02:58:17,230 epoch 17 - iter 138/469 - loss 0.02665671 - samples/sec: 134.81 - lr: 0.100000
2022-03-25 02:58:27,527 epoch 17 - iter 184/469 - loss 0.02659650 - samples/sec: 143.02 - lr: 0.100000
2022-03-25 02:58:37,972 epoch 17 - iter 230/469 - loss 0.02690924 - samples/sec: 140.98 - lr: 0.100000
2022-03-25 02:58:48,913 epoch 17 - iter 276/469 - loss 0.02697495 - samples/sec: 134.60 - lr: 0.100000
2022-03-25 02:58:59,407 epoch 17 - iter 322/469 - loss 0.02732080 - samples/sec: 140.34 - lr: 0.100000
2022-03-25 02:59:10,013 epoch 17 - iter 368/469 - loss 0.02699704 - samples/sec: 138.85 - lr: 0.100000
2022-03-25 02:59:20,551 epoch 17 - iter 414/469 - loss 0.02732782 - samples/sec: 139.74 - lr: 0.100000
2022-03-25 02:59:31,312 epoch 17 - iter 460/469 - loss 0.02764409 - samples/sec: 136.85 - lr: 0.100000
2022-03-25 02:59:33,238 ----------------------------------------------------------------------------------------------------
2022-03-25 02:59:33,239 EPOCH 17 done: loss 0.0276 - lr 0.100000
2022-03-25 03:00:01,052 Evaluating as a multi-label problem: False
2022-03-25 03:00:01,091 DEV : loss 0.029149925336241722 - f1-score (micro avg)  0.952
2022-03-25 03:00:01,392 BAD EPOCHS (no improvement): 0
2022-03-25 03:00:01,396 saving best model
2022-03-25 03:00:43,204 ----------------------------------------------------------------------------------------------------
2022-03-25 03:00:54,364 epoch 18 - iter 46/469 - loss 0.02563153 - samples/sec: 131.98 - lr: 0.100000
2022-03-25 03:01:05,142 epoch 18 - iter 92/469 - loss 0.02523794 - samples/sec: 136.64 - lr: 0.100000
2022-03-25 03:01:16,041 epoch 18 - iter 138/469 - loss 0.02610032 - samples/sec: 135.12 - lr: 0.100000
2022-03-25 03:01:26,325 epoch 18 - iter 184/469 - loss 0.02553526 - samples/sec: 143.20 - lr: 0.100000
2022-03-25 03:01:36,762 epoch 18 - iter 230/469 - loss 0.02578208 - samples/sec: 141.10 - lr: 0.100000
2022-03-25 03:01:47,447 epoch 18 - iter 276/469 - loss 0.02562546 - samples/sec: 137.84 - lr: 0.100000
2022-03-25 03:01:58,275 epoch 18 - iter 322/469 - loss 0.02604233 - samples/sec: 136.00 - lr: 0.100000
2022-03-25 03:02:08,949 epoch 18 - iter 368/469 - loss 0.02597491 - samples/sec: 137.95 - lr: 0.100000
2022-03-25 03:02:19,610 epoch 18 - iter 414/469 - loss 0.02652819 - samples/sec: 138.14 - lr: 0.100000
2022-03-25 03:02:30,332 epoch 18 - iter 460/469 - loss 0.02657426 - samples/sec: 137.35 - lr: 0.100000
2022-03-25 03:02:32,422 ----------------------------------------------------------------------------------------------------
2022-03-25 03:02:32,422 EPOCH 18 done: loss 0.0265 - lr 0.100000
2022-03-25 03:02:59,946 Evaluating as a multi-label problem: False
2022-03-25 03:02:59,984 DEV : loss 0.03013552911579609 - f1-score (micro avg)  0.9507
2022-03-25 03:03:00,289 BAD EPOCHS (no improvement): 1
2022-03-25 03:03:00,302 ----------------------------------------------------------------------------------------------------
2022-03-25 03:03:10,891 epoch 19 - iter 46/469 - loss 0.02451256 - samples/sec: 139.08 - lr: 0.100000
2022-03-25 03:03:21,309 epoch 19 - iter 92/469 - loss 0.02336092 - samples/sec: 141.35 - lr: 0.100000
2022-03-25 03:03:31,818 epoch 19 - iter 138/469 - loss 0.02418652 - samples/sec: 140.13 - lr: 0.100000
2022-03-25 03:03:42,380 epoch 19 - iter 184/469 - loss 0.02417355 - samples/sec: 139.43 - lr: 0.100000
2022-03-25 03:03:52,640 epoch 19 - iter 230/469 - loss 0.02480342 - samples/sec: 143.54 - lr: 0.100000
2022-03-25 03:04:02,822 epoch 19 - iter 276/469 - loss 0.02477800 - samples/sec: 144.62 - lr: 0.100000
2022-03-25 03:04:13,664 epoch 19 - iter 322/469 - loss 0.02568819 - samples/sec: 135.83 - lr: 0.100000
2022-03-25 03:04:24,330 epoch 19 - iter 368/469 - loss 0.02549411 - samples/sec: 138.07 - lr: 0.100000
2022-03-25 03:04:35,601 epoch 19 - iter 414/469 - loss 0.02519531 - samples/sec: 130.64 - lr: 0.100000
2022-03-25 03:04:46,145 epoch 19 - iter 460/469 - loss 0.02550177 - samples/sec: 139.66 - lr: 0.100000
2022-03-25 03:04:47,905 ----------------------------------------------------------------------------------------------------
2022-03-25 03:04:47,905 EPOCH 19 done: loss 0.0257 - lr 0.100000
2022-03-25 03:05:15,574 Evaluating as a multi-label problem: False
2022-03-25 03:05:15,614 DEV : loss 0.027529248967766762 - f1-score (micro avg)  0.9562
2022-03-25 03:05:15,918 BAD EPOCHS (no improvement): 0
2022-03-25 03:05:15,922 saving best model
2022-03-25 03:05:58,099 ----------------------------------------------------------------------------------------------------
2022-03-25 03:06:09,128 epoch 20 - iter 46/469 - loss 0.02399335 - samples/sec: 133.55 - lr: 0.100000
2022-03-25 03:06:19,952 epoch 20 - iter 92/469 - loss 0.02543485 - samples/sec: 136.05 - lr: 0.100000
2022-03-25 03:06:30,451 epoch 20 - iter 138/469 - loss 0.02475466 - samples/sec: 140.27 - lr: 0.100000
2022-03-25 03:06:41,162 epoch 20 - iter 184/469 - loss 0.02476079 - samples/sec: 137.48 - lr: 0.100000
2022-03-25 03:06:52,174 epoch 20 - iter 230/469 - loss 0.02519267 - samples/sec: 133.72 - lr: 0.100000
2022-03-25 03:07:07,982 epoch 20 - iter 276/469 - loss 0.02527669 - samples/sec: 93.15 - lr: 0.100000
2022-03-25 03:07:18,701 epoch 20 - iter 322/469 - loss 0.02544691 - samples/sec: 137.38 - lr: 0.100000
2022-03-25 03:07:29,472 epoch 20 - iter 368/469 - loss 0.02535145 - samples/sec: 136.71 - lr: 0.100000
2022-03-25 03:07:40,271 epoch 20 - iter 414/469 - loss 0.02508868 - samples/sec: 136.37 - lr: 0.100000
2022-03-25 03:07:50,465 epoch 20 - iter 460/469 - loss 0.02529917 - samples/sec: 144.46 - lr: 0.100000
2022-03-25 03:07:52,528 ----------------------------------------------------------------------------------------------------
2022-03-25 03:07:52,528 EPOCH 20 done: loss 0.0252 - lr 0.100000
2022-03-25 03:08:19,945 Evaluating as a multi-label problem: False
2022-03-25 03:08:19,984 DEV : loss 0.03005310706794262 - f1-score (micro avg)  0.9501
2022-03-25 03:08:20,287 BAD EPOCHS (no improvement): 1
2022-03-25 03:08:20,290 ----------------------------------------------------------------------------------------------------
2022-03-25 03:08:31,058 epoch 21 - iter 46/469 - loss 0.02358636 - samples/sec: 136.78 - lr: 0.100000
2022-03-25 03:08:41,437 epoch 21 - iter 92/469 - loss 0.02293657 - samples/sec: 141.88 - lr: 0.100000
2022-03-25 03:08:51,909 epoch 21 - iter 138/469 - loss 0.02383218 - samples/sec: 140.63 - lr: 0.100000
2022-03-25 03:09:02,431 epoch 21 - iter 184/469 - loss 0.02456977 - samples/sec: 139.96 - lr: 0.100000
2022-03-25 03:09:12,893 epoch 21 - iter 230/469 - loss 0.02514581 - samples/sec: 140.77 - lr: 0.100000
2022-03-25 03:09:23,440 epoch 21 - iter 276/469 - loss 0.02521699 - samples/sec: 139.62 - lr: 0.100000
2022-03-25 03:09:34,245 epoch 21 - iter 322/469 - loss 0.02515253 - samples/sec: 136.28 - lr: 0.100000
2022-03-25 03:09:44,747 epoch 21 - iter 368/469 - loss 0.02516118 - samples/sec: 140.23 - lr: 0.100000
2022-03-25 03:09:55,580 epoch 21 - iter 414/469 - loss 0.02504432 - samples/sec: 135.94 - lr: 0.100000
2022-03-25 03:10:06,204 epoch 21 - iter 460/469 - loss 0.02485872 - samples/sec: 138.61 - lr: 0.100000
2022-03-25 03:10:08,070 ----------------------------------------------------------------------------------------------------
2022-03-25 03:10:08,070 EPOCH 21 done: loss 0.0249 - lr 0.100000
2022-03-25 03:10:35,335 Evaluating as a multi-label problem: False
2022-03-25 03:10:35,375 DEV : loss 0.03180312365293503 - f1-score (micro avg)  0.9502
2022-03-25 03:10:35,678 BAD EPOCHS (no improvement): 2
2022-03-25 03:10:35,681 ----------------------------------------------------------------------------------------------------
2022-03-25 03:10:46,804 epoch 22 - iter 46/469 - loss 0.02337549 - samples/sec: 132.41 - lr: 0.100000
2022-03-25 03:10:57,491 epoch 22 - iter 92/469 - loss 0.02212594 - samples/sec: 137.81 - lr: 0.100000
2022-03-25 03:11:07,893 epoch 22 - iter 138/469 - loss 0.02148427 - samples/sec: 141.57 - lr: 0.100000
2022-03-25 03:11:18,391 epoch 22 - iter 184/469 - loss 0.02208800 - samples/sec: 140.28 - lr: 0.100000
2022-03-25 03:11:29,419 epoch 22 - iter 230/469 - loss 0.02241591 - samples/sec: 133.54 - lr: 0.100000
2022-03-25 03:11:40,259 epoch 22 - iter 276/469 - loss 0.02308338 - samples/sec: 135.86 - lr: 0.100000
2022-03-25 03:11:51,075 epoch 22 - iter 322/469 - loss 0.02387522 - samples/sec: 136.16 - lr: 0.100000
2022-03-25 03:12:02,022 epoch 22 - iter 368/469 - loss 0.02398571 - samples/sec: 134.52 - lr: 0.100000
2022-03-25 03:12:12,828 epoch 22 - iter 414/469 - loss 0.02392220 - samples/sec: 136.28 - lr: 0.100000
2022-03-25 03:12:23,611 epoch 22 - iter 460/469 - loss 0.02404983 - samples/sec: 136.58 - lr: 0.100000
2022-03-25 03:12:25,410 ----------------------------------------------------------------------------------------------------
2022-03-25 03:12:25,411 EPOCH 22 done: loss 0.0241 - lr 0.100000
2022-03-25 03:12:53,075 Evaluating as a multi-label problem: False
2022-03-25 03:12:53,115 DEV : loss 0.029413234442472458 - f1-score (micro avg)  0.9531
2022-03-25 03:12:53,422 BAD EPOCHS (no improvement): 3
2022-03-25 03:12:53,447 ----------------------------------------------------------------------------------------------------
2022-03-25 03:13:04,202 epoch 23 - iter 46/469 - loss 0.02315839 - samples/sec: 136.93 - lr: 0.100000
2022-03-25 03:13:14,770 epoch 23 - iter 92/469 - loss 0.02310408 - samples/sec: 139.35 - lr: 0.100000
2022-03-25 03:13:25,005 epoch 23 - iter 138/469 - loss 0.02251856 - samples/sec: 143.88 - lr: 0.100000
2022-03-25 03:13:35,979 epoch 23 - iter 184/469 - loss 0.02295138 - samples/sec: 134.19 - lr: 0.100000
2022-03-25 03:13:46,689 epoch 23 - iter 230/469 - loss 0.02337361 - samples/sec: 137.50 - lr: 0.100000
2022-03-25 03:13:56,860 epoch 23 - iter 276/469 - loss 0.02361086 - samples/sec: 144.79 - lr: 0.100000
2022-03-25 03:14:07,421 epoch 23 - iter 322/469 - loss 0.02345817 - samples/sec: 139.43 - lr: 0.100000
2022-03-25 03:14:17,728 epoch 23 - iter 368/469 - loss 0.02350760 - samples/sec: 142.89 - lr: 0.100000
2022-03-25 03:14:28,837 epoch 23 - iter 414/469 - loss 0.02351085 - samples/sec: 132.56 - lr: 0.100000
2022-03-25 03:14:39,029 epoch 23 - iter 460/469 - loss 0.02349682 - samples/sec: 144.49 - lr: 0.100000
2022-03-25 03:14:41,117 ----------------------------------------------------------------------------------------------------
2022-03-25 03:14:41,117 EPOCH 23 done: loss 0.0235 - lr 0.100000
2022-03-25 03:15:08,705 Evaluating as a multi-label problem: False
2022-03-25 03:15:08,745 DEV : loss 0.031480543315410614 - f1-score (micro avg)  0.9495
2022-03-25 03:15:09,046 Epoch    23: reducing learning rate of group 0 to 5.0000e-02.
2022-03-25 03:15:09,046 BAD EPOCHS (no improvement): 4
2022-03-25 03:15:09,049 ----------------------------------------------------------------------------------------------------
2022-03-25 03:15:19,869 epoch 24 - iter 46/469 - loss 0.02052575 - samples/sec: 136.12 - lr: 0.050000
2022-03-25 03:15:30,786 epoch 24 - iter 92/469 - loss 0.02012979 - samples/sec: 134.89 - lr: 0.050000
2022-03-25 03:15:41,025 epoch 24 - iter 138/469 - loss 0.02081660 - samples/sec: 143.84 - lr: 0.050000
2022-03-25 03:15:51,498 epoch 24 - iter 184/469 - loss 0.02121814 - samples/sec: 140.61 - lr: 0.050000
2022-03-25 03:16:02,226 epoch 24 - iter 230/469 - loss 0.02073854 - samples/sec: 137.28 - lr: 0.050000
2022-03-25 03:16:12,757 epoch 24 - iter 276/469 - loss 0.02128599 - samples/sec: 139.84 - lr: 0.050000
2022-03-25 03:16:23,966 epoch 24 - iter 322/469 - loss 0.02104047 - samples/sec: 131.38 - lr: 0.050000
2022-03-25 03:16:34,235 epoch 24 - iter 368/469 - loss 0.02085284 - samples/sec: 143.41 - lr: 0.050000
2022-03-25 03:16:44,935 epoch 24 - iter 414/469 - loss 0.02060080 - samples/sec: 137.64 - lr: 0.050000
2022-03-25 03:16:55,984 epoch 24 - iter 460/469 - loss 0.02065711 - samples/sec: 133.28 - lr: 0.050000
2022-03-25 03:16:58,051 ----------------------------------------------------------------------------------------------------
2022-03-25 03:16:58,052 EPOCH 24 done: loss 0.0206 - lr 0.050000
2022-03-25 03:17:26,002 Evaluating as a multi-label problem: False
2022-03-25 03:17:26,041 DEV : loss 0.030879808589816093 - f1-score (micro avg)  0.9545
2022-03-25 03:17:26,348 BAD EPOCHS (no improvement): 1
2022-03-25 03:17:26,351 ----------------------------------------------------------------------------------------------------
2022-03-25 03:17:37,048 epoch 25 - iter 46/469 - loss 0.01957941 - samples/sec: 137.68 - lr: 0.050000
2022-03-25 03:17:47,459 epoch 25 - iter 92/469 - loss 0.01792717 - samples/sec: 141.45 - lr: 0.050000
2022-03-25 03:17:58,256 epoch 25 - iter 138/469 - loss 0.01761153 - samples/sec: 136.39 - lr: 0.050000
2022-03-25 03:18:08,916 epoch 25 - iter 184/469 - loss 0.01749483 - samples/sec: 138.15 - lr: 0.050000
2022-03-25 03:18:19,192 epoch 25 - iter 230/469 - loss 0.01854542 - samples/sec: 143.31 - lr: 0.050000
2022-03-25 03:18:29,578 epoch 25 - iter 276/469 - loss 0.01893277 - samples/sec: 141.79 - lr: 0.050000
2022-03-25 03:18:40,009 epoch 25 - iter 322/469 - loss 0.01907943 - samples/sec: 141.17 - lr: 0.050000
2022-03-25 03:18:50,553 epoch 25 - iter 368/469 - loss 0.01913301 - samples/sec: 139.67 - lr: 0.050000
2022-03-25 03:19:01,315 epoch 25 - iter 414/469 - loss 0.01904926 - samples/sec: 136.84 - lr: 0.050000
2022-03-25 03:19:12,134 epoch 25 - iter 460/469 - loss 0.01926687 - samples/sec: 136.10 - lr: 0.050000
2022-03-25 03:19:13,896 ----------------------------------------------------------------------------------------------------
2022-03-25 03:19:13,896 EPOCH 25 done: loss 0.0193 - lr 0.050000
2022-03-25 03:19:41,493 Evaluating as a multi-label problem: False
2022-03-25 03:19:41,532 DEV : loss 0.02948613651096821 - f1-score (micro avg)  0.9544
2022-03-25 03:19:41,834 BAD EPOCHS (no improvement): 2
2022-03-25 03:19:41,837 ----------------------------------------------------------------------------------------------------
2022-03-25 03:19:52,571 epoch 26 - iter 46/469 - loss 0.01775089 - samples/sec: 137.22 - lr: 0.050000
2022-03-25 03:20:03,445 epoch 26 - iter 92/469 - loss 0.01828735 - samples/sec: 135.43 - lr: 0.050000
2022-03-25 03:20:14,010 epoch 26 - iter 138/469 - loss 0.01791833 - samples/sec: 139.38 - lr: 0.050000
2022-03-25 03:20:23,868 epoch 26 - iter 184/469 - loss 0.01890217 - samples/sec: 149.39 - lr: 0.050000
2022-03-25 03:20:33,675 epoch 26 - iter 230/469 - loss 0.01852344 - samples/sec: 150.18 - lr: 0.050000
2022-03-25 03:20:44,838 epoch 26 - iter 276/469 - loss 0.01830546 - samples/sec: 131.91 - lr: 0.050000
2022-03-25 03:20:55,775 epoch 26 - iter 322/469 - loss 0.01800349 - samples/sec: 134.66 - lr: 0.050000
2022-03-25 03:21:06,769 epoch 26 - iter 368/469 - loss 0.01825045 - samples/sec: 133.94 - lr: 0.050000
2022-03-25 03:21:17,223 epoch 26 - iter 414/469 - loss 0.01825530 - samples/sec: 140.87 - lr: 0.050000
2022-03-25 03:21:28,173 epoch 26 - iter 460/469 - loss 0.01829285 - samples/sec: 134.49 - lr: 0.050000
2022-03-25 03:21:30,116 ----------------------------------------------------------------------------------------------------
2022-03-25 03:21:30,116 EPOCH 26 done: loss 0.0183 - lr 0.050000
2022-03-25 03:22:03,187 Evaluating as a multi-label problem: False
2022-03-25 03:22:03,226 DEV : loss 0.03067433461546898 - f1-score (micro avg)  0.9538
2022-03-25 03:22:03,533 BAD EPOCHS (no improvement): 3
2022-03-25 03:22:03,536 ----------------------------------------------------------------------------------------------------
2022-03-25 03:22:14,417 epoch 27 - iter 46/469 - loss 0.01604054 - samples/sec: 135.36 - lr: 0.050000
2022-03-25 03:22:24,803 epoch 27 - iter 92/469 - loss 0.01620652 - samples/sec: 141.79 - lr: 0.050000
2022-03-25 03:22:35,865 epoch 27 - iter 138/469 - loss 0.01671045 - samples/sec: 133.13 - lr: 0.050000
2022-03-25 03:22:46,554 epoch 27 - iter 184/469 - loss 0.01691416 - samples/sec: 137.77 - lr: 0.050000
2022-03-25 03:22:57,497 epoch 27 - iter 230/469 - loss 0.01678540 - samples/sec: 134.57 - lr: 0.050000
2022-03-25 03:23:07,930 epoch 27 - iter 276/469 - loss 0.01710753 - samples/sec: 141.14 - lr: 0.050000
2022-03-25 03:23:18,744 epoch 27 - iter 322/469 - loss 0.01733633 - samples/sec: 136.18 - lr: 0.050000
2022-03-25 03:23:29,129 epoch 27 - iter 368/469 - loss 0.01740408 - samples/sec: 141.81 - lr: 0.050000
2022-03-25 03:23:39,389 epoch 27 - iter 414/469 - loss 0.01732983 - samples/sec: 143.53 - lr: 0.050000
2022-03-25 03:23:50,332 epoch 27 - iter 460/469 - loss 0.01769940 - samples/sec: 134.57 - lr: 0.050000
2022-03-25 03:23:52,344 ----------------------------------------------------------------------------------------------------
2022-03-25 03:23:52,345 EPOCH 27 done: loss 0.0178 - lr 0.050000
2022-03-25 03:24:19,870 Evaluating as a multi-label problem: False
2022-03-25 03:24:19,908 DEV : loss 0.030665317550301552 - f1-score (micro avg)  0.9545
2022-03-25 03:24:20,211 Epoch    27: reducing learning rate of group 0 to 2.5000e-02.
2022-03-25 03:24:20,212 BAD EPOCHS (no improvement): 4
2022-03-25 03:24:20,214 ----------------------------------------------------------------------------------------------------
2022-03-25 03:24:30,825 epoch 28 - iter 46/469 - loss 0.01620715 - samples/sec: 138.81 - lr: 0.025000
2022-03-25 03:24:41,412 epoch 28 - iter 92/469 - loss 0.01631514 - samples/sec: 139.09 - lr: 0.025000
2022-03-25 03:24:52,150 epoch 28 - iter 138/469 - loss 0.01633991 - samples/sec: 137.15 - lr: 0.025000
2022-03-25 03:25:02,566 epoch 28 - iter 184/469 - loss 0.01628101 - samples/sec: 141.38 - lr: 0.025000
2022-03-25 03:25:12,925 epoch 28 - iter 230/469 - loss 0.01622981 - samples/sec: 142.15 - lr: 0.025000
2022-03-25 03:25:23,290 epoch 28 - iter 276/469 - loss 0.01618584 - samples/sec: 142.08 - lr: 0.025000
2022-03-25 03:25:33,906 epoch 28 - iter 322/469 - loss 0.01599426 - samples/sec: 138.73 - lr: 0.025000
2022-03-25 03:25:44,797 epoch 28 - iter 368/469 - loss 0.01623902 - samples/sec: 135.22 - lr: 0.025000
2022-03-25 03:25:55,315 epoch 28 - iter 414/469 - loss 0.01612776 - samples/sec: 140.00 - lr: 0.025000
2022-03-25 03:26:06,943 epoch 28 - iter 460/469 - loss 0.01614385 - samples/sec: 126.65 - lr: 0.025000
2022-03-25 03:26:08,891 ----------------------------------------------------------------------------------------------------
2022-03-25 03:26:08,891 EPOCH 28 done: loss 0.0160 - lr 0.025000
2022-03-25 03:26:36,917 Evaluating as a multi-label problem: False
2022-03-25 03:26:36,957 DEV : loss 0.030776316300034523 - f1-score (micro avg)  0.9544
2022-03-25 03:26:37,271 BAD EPOCHS (no improvement): 1
2022-03-25 03:26:37,274 ----------------------------------------------------------------------------------------------------
2022-03-25 03:26:48,104 epoch 29 - iter 46/469 - loss 0.01548739 - samples/sec: 135.99 - lr: 0.025000
2022-03-25 03:26:58,835 epoch 29 - iter 92/469 - loss 0.01434931 - samples/sec: 137.24 - lr: 0.025000
2022-03-25 03:27:10,187 epoch 29 - iter 138/469 - loss 0.01408557 - samples/sec: 129.72 - lr: 0.025000
2022-03-25 03:27:20,935 epoch 29 - iter 184/469 - loss 0.01436068 - samples/sec: 137.01 - lr: 0.025000
2022-03-25 03:27:31,369 epoch 29 - iter 230/469 - loss 0.01454227 - samples/sec: 141.15 - lr: 0.025000
2022-03-25 03:27:42,112 epoch 29 - iter 276/469 - loss 0.01494716 - samples/sec: 137.07 - lr: 0.025000
2022-03-25 03:27:52,627 epoch 29 - iter 322/469 - loss 0.01535055 - samples/sec: 140.06 - lr: 0.025000
2022-03-25 03:28:03,446 epoch 29 - iter 368/469 - loss 0.01522550 - samples/sec: 136.11 - lr: 0.025000
2022-03-25 03:28:13,939 epoch 29 - iter 414/469 - loss 0.01523271 - samples/sec: 140.35 - lr: 0.025000
2022-03-25 03:28:24,154 epoch 29 - iter 460/469 - loss 0.01551532 - samples/sec: 144.17 - lr: 0.025000
2022-03-25 03:28:25,861 ----------------------------------------------------------------------------------------------------
2022-03-25 03:28:25,861 EPOCH 29 done: loss 0.0155 - lr 0.025000
2022-03-25 03:28:53,374 Evaluating as a multi-label problem: False
2022-03-25 03:28:53,412 DEV : loss 0.030641162768006325 - f1-score (micro avg)  0.9543
2022-03-25 03:28:53,710 BAD EPOCHS (no improvement): 2
2022-03-25 03:28:53,713 ----------------------------------------------------------------------------------------------------
2022-03-25 03:29:04,038 epoch 30 - iter 46/469 - loss 0.01638765 - samples/sec: 142.64 - lr: 0.025000
2022-03-25 03:29:14,548 epoch 30 - iter 92/469 - loss 0.01589905 - samples/sec: 140.12 - lr: 0.025000
2022-03-25 03:29:25,294 epoch 30 - iter 138/469 - loss 0.01583633 - samples/sec: 137.05 - lr: 0.025000
2022-03-25 03:29:35,934 epoch 30 - iter 184/469 - loss 0.01584896 - samples/sec: 138.41 - lr: 0.025000
2022-03-25 03:29:46,420 epoch 30 - iter 230/469 - loss 0.01537980 - samples/sec: 140.43 - lr: 0.025000
2022-03-25 03:29:56,340 epoch 30 - iter 276/469 - loss 0.01578927 - samples/sec: 148.44 - lr: 0.025000
2022-03-25 03:30:06,825 epoch 30 - iter 322/469 - loss 0.01578461 - samples/sec: 140.46 - lr: 0.025000
2022-03-25 03:30:17,765 epoch 30 - iter 368/469 - loss 0.01550328 - samples/sec: 134.61 - lr: 0.025000
2022-03-25 03:30:28,346 epoch 30 - iter 414/469 - loss 0.01545366 - samples/sec: 139.17 - lr: 0.025000
2022-03-25 03:30:38,869 epoch 30 - iter 460/469 - loss 0.01535434 - samples/sec: 139.94 - lr: 0.025000
2022-03-25 03:30:41,107 ----------------------------------------------------------------------------------------------------
2022-03-25 03:30:41,107 EPOCH 30 done: loss 0.0154 - lr 0.025000
2022-03-25 03:31:08,938 Evaluating as a multi-label problem: False
2022-03-25 03:31:08,978 DEV : loss 0.030789973214268684 - f1-score (micro avg)  0.9541
2022-03-25 03:31:09,280 BAD EPOCHS (no improvement): 3
2022-03-25 03:31:09,283 ----------------------------------------------------------------------------------------------------
2022-03-25 03:31:20,080 epoch 31 - iter 46/469 - loss 0.01459579 - samples/sec: 136.41 - lr: 0.025000
2022-03-25 03:31:30,886 epoch 31 - iter 92/469 - loss 0.01491893 - samples/sec: 136.29 - lr: 0.025000
2022-03-25 03:31:41,609 epoch 31 - iter 138/469 - loss 0.01471653 - samples/sec: 137.33 - lr: 0.025000
2022-03-25 03:31:52,116 epoch 31 - iter 184/469 - loss 0.01530131 - samples/sec: 140.16 - lr: 0.025000
2022-03-25 03:32:02,790 epoch 31 - iter 230/469 - loss 0.01527468 - samples/sec: 137.97 - lr: 0.025000
2022-03-25 03:32:13,871 epoch 31 - iter 276/469 - loss 0.01505528 - samples/sec: 132.89 - lr: 0.025000
2022-03-25 03:32:25,116 epoch 31 - iter 322/469 - loss 0.01479536 - samples/sec: 130.96 - lr: 0.025000
2022-03-25 03:32:35,527 epoch 31 - iter 368/469 - loss 0.01466409 - samples/sec: 141.45 - lr: 0.025000
2022-03-25 03:32:46,333 epoch 31 - iter 414/469 - loss 0.01487160 - samples/sec: 136.29 - lr: 0.025000
2022-03-25 03:32:57,542 epoch 31 - iter 460/469 - loss 0.01470912 - samples/sec: 131.38 - lr: 0.025000
2022-03-25 03:32:59,495 ----------------------------------------------------------------------------------------------------
2022-03-25 03:32:59,495 EPOCH 31 done: loss 0.0148 - lr 0.025000
2022-03-25 03:33:26,880 Evaluating as a multi-label problem: False
2022-03-25 03:33:26,918 DEV : loss 0.031648870557546616 - f1-score (micro avg)  0.9551
2022-03-25 03:33:27,220 Epoch    31: reducing learning rate of group 0 to 1.2500e-02.
2022-03-25 03:33:27,221 BAD EPOCHS (no improvement): 4
2022-03-25 03:33:27,223 ----------------------------------------------------------------------------------------------------
2022-03-25 03:33:37,741 epoch 32 - iter 46/469 - loss 0.01531993 - samples/sec: 140.02 - lr: 0.012500
2022-03-25 03:33:47,909 epoch 32 - iter 92/469 - loss 0.01477022 - samples/sec: 144.83 - lr: 0.012500
2022-03-25 03:33:58,536 epoch 32 - iter 138/469 - loss 0.01539146 - samples/sec: 138.58 - lr: 0.012500
2022-03-25 03:34:09,067 epoch 32 - iter 184/469 - loss 0.01537637 - samples/sec: 139.84 - lr: 0.012500
2022-03-25 03:34:19,627 epoch 32 - iter 230/469 - loss 0.01529269 - samples/sec: 139.45 - lr: 0.012500
2022-03-25 03:34:30,510 epoch 32 - iter 276/469 - loss 0.01529552 - samples/sec: 135.31 - lr: 0.012500
2022-03-25 03:34:40,820 epoch 32 - iter 322/469 - loss 0.01533588 - samples/sec: 142.84 - lr: 0.012500
2022-03-25 03:34:51,231 epoch 32 - iter 368/469 - loss 0.01521005 - samples/sec: 141.46 - lr: 0.012500
2022-03-25 03:35:01,988 epoch 32 - iter 414/469 - loss 0.01538791 - samples/sec: 136.90 - lr: 0.012500
2022-03-25 03:35:12,703 epoch 32 - iter 460/469 - loss 0.01527157 - samples/sec: 137.43 - lr: 0.012500
2022-03-25 03:35:14,401 ----------------------------------------------------------------------------------------------------
2022-03-25 03:35:14,401 EPOCH 32 done: loss 0.0152 - lr 0.012500
2022-03-25 03:35:41,447 Evaluating as a multi-label problem: False
2022-03-25 03:35:41,486 DEV : loss 0.031026635318994522 - f1-score (micro avg)  0.9548
2022-03-25 03:35:41,785 BAD EPOCHS (no improvement): 1
2022-03-25 03:35:41,789 ----------------------------------------------------------------------------------------------------
2022-03-25 03:35:52,780 epoch 33 - iter 46/469 - loss 0.01333050 - samples/sec: 134.00 - lr: 0.012500
2022-03-25 03:36:03,494 epoch 33 - iter 92/469 - loss 0.01458969 - samples/sec: 137.45 - lr: 0.012500
2022-03-25 03:36:14,764 epoch 33 - iter 138/469 - loss 0.01477839 - samples/sec: 130.67 - lr: 0.012500
2022-03-25 03:36:25,869 epoch 33 - iter 184/469 - loss 0.01491127 - samples/sec: 132.62 - lr: 0.012500
2022-03-25 03:36:36,284 epoch 33 - iter 230/469 - loss 0.01515283 - samples/sec: 141.39 - lr: 0.012500
2022-03-25 03:36:47,341 epoch 33 - iter 276/469 - loss 0.01526177 - samples/sec: 133.19 - lr: 0.012500
2022-03-25 03:36:58,288 epoch 33 - iter 322/469 - loss 0.01502635 - samples/sec: 134.53 - lr: 0.012500
2022-03-25 03:37:09,185 epoch 33 - iter 368/469 - loss 0.01501806 - samples/sec: 135.14 - lr: 0.012500
2022-03-25 03:37:19,919 epoch 33 - iter 414/469 - loss 0.01520952 - samples/sec: 137.19 - lr: 0.012500
2022-03-25 03:37:30,690 epoch 33 - iter 460/469 - loss 0.01520154 - samples/sec: 136.74 - lr: 0.012500
2022-03-25 03:37:32,580 ----------------------------------------------------------------------------------------------------
2022-03-25 03:37:32,580 EPOCH 33 done: loss 0.0153 - lr 0.012500
2022-03-25 03:38:05,289 Evaluating as a multi-label problem: False
2022-03-25 03:38:05,328 DEV : loss 0.030928658321499825 - f1-score (micro avg)  0.9549
2022-03-25 03:38:05,629 BAD EPOCHS (no improvement): 2
2022-03-25 03:38:05,632 ----------------------------------------------------------------------------------------------------
2022-03-25 03:38:16,153 epoch 34 - iter 46/469 - loss 0.01494623 - samples/sec: 139.98 - lr: 0.012500
2022-03-25 03:38:26,459 epoch 34 - iter 92/469 - loss 0.01489998 - samples/sec: 142.89 - lr: 0.012500
2022-03-25 03:38:37,255 epoch 34 - iter 138/469 - loss 0.01450283 - samples/sec: 136.41 - lr: 0.012500
2022-03-25 03:38:48,033 epoch 34 - iter 184/469 - loss 0.01389845 - samples/sec: 136.64 - lr: 0.012500
2022-03-25 03:38:58,569 epoch 34 - iter 230/469 - loss 0.01388201 - samples/sec: 139.77 - lr: 0.012500
2022-03-25 03:39:09,060 epoch 34 - iter 276/469 - loss 0.01382640 - samples/sec: 140.37 - lr: 0.012500
2022-03-25 03:39:19,498 epoch 34 - iter 322/469 - loss 0.01410278 - samples/sec: 141.09 - lr: 0.012500
2022-03-25 03:39:30,202 epoch 34 - iter 368/469 - loss 0.01411004 - samples/sec: 137.59 - lr: 0.012500
2022-03-25 03:39:40,382 epoch 34 - iter 414/469 - loss 0.01422694 - samples/sec: 144.66 - lr: 0.012500
2022-03-25 03:39:51,189 epoch 34 - iter 460/469 - loss 0.01397305 - samples/sec: 136.26 - lr: 0.012500
2022-03-25 03:39:53,029 ----------------------------------------------------------------------------------------------------
2022-03-25 03:39:53,029 EPOCH 34 done: loss 0.0139 - lr 0.012500
2022-03-25 03:40:20,670 Evaluating as a multi-label problem: False
2022-03-25 03:40:20,710 DEV : loss 0.03110482171177864 - f1-score (micro avg)  0.9551
2022-03-25 03:40:21,010 BAD EPOCHS (no improvement): 3
2022-03-25 03:40:21,013 ----------------------------------------------------------------------------------------------------
2022-03-25 03:40:31,953 epoch 35 - iter 46/469 - loss 0.01282541 - samples/sec: 134.62 - lr: 0.012500
2022-03-25 03:40:43,071 epoch 35 - iter 92/469 - loss 0.01401563 - samples/sec: 132.46 - lr: 0.012500
2022-03-25 03:40:53,687 epoch 35 - iter 138/469 - loss 0.01409352 - samples/sec: 138.73 - lr: 0.012500
2022-03-25 03:41:04,426 epoch 35 - iter 184/469 - loss 0.01500948 - samples/sec: 137.14 - lr: 0.012500
2022-03-25 03:41:14,702 epoch 35 - iter 230/469 - loss 0.01513286 - samples/sec: 143.30 - lr: 0.012500
2022-03-25 03:41:25,865 epoch 35 - iter 276/469 - loss 0.01495108 - samples/sec: 131.94 - lr: 0.012500
2022-03-25 03:41:36,699 epoch 35 - iter 322/469 - loss 0.01504815 - samples/sec: 135.92 - lr: 0.012500
2022-03-25 03:41:47,475 epoch 35 - iter 368/469 - loss 0.01513771 - samples/sec: 136.66 - lr: 0.012500
2022-03-25 03:41:58,082 epoch 35 - iter 414/469 - loss 0.01489836 - samples/sec: 138.84 - lr: 0.012500
2022-03-25 03:42:08,610 epoch 35 - iter 460/469 - loss 0.01451010 - samples/sec: 139.88 - lr: 0.012500
2022-03-25 03:42:10,681 ----------------------------------------------------------------------------------------------------
2022-03-25 03:42:10,681 EPOCH 35 done: loss 0.0145 - lr 0.012500
2022-03-25 03:42:38,547 Evaluating as a multi-label problem: False
2022-03-25 03:42:38,586 DEV : loss 0.03094465099275112 - f1-score (micro avg)  0.9546
2022-03-25 03:42:38,896 Epoch    35: reducing learning rate of group 0 to 6.2500e-03.
2022-03-25 03:42:38,896 BAD EPOCHS (no improvement): 4
2022-03-25 03:42:38,899 ----------------------------------------------------------------------------------------------------
2022-03-25 03:42:49,604 epoch 36 - iter 46/469 - loss 0.01300202 - samples/sec: 137.58 - lr: 0.006250
2022-03-25 03:42:59,886 epoch 36 - iter 92/469 - loss 0.01455945 - samples/sec: 143.22 - lr: 0.006250
2022-03-25 03:43:10,377 epoch 36 - iter 138/469 - loss 0.01447944 - samples/sec: 140.37 - lr: 0.006250
2022-03-25 03:43:20,819 epoch 36 - iter 184/469 - loss 0.01402572 - samples/sec: 141.03 - lr: 0.006250
2022-03-25 03:43:31,625 epoch 36 - iter 230/469 - loss 0.01387389 - samples/sec: 136.28 - lr: 0.006250
2022-03-25 03:43:42,092 epoch 36 - iter 276/469 - loss 0.01373685 - samples/sec: 140.70 - lr: 0.006250
2022-03-25 03:43:52,461 epoch 36 - iter 322/469 - loss 0.01374229 - samples/sec: 142.01 - lr: 0.006250
2022-03-25 03:44:03,199 epoch 36 - iter 368/469 - loss 0.01394653 - samples/sec: 137.14 - lr: 0.006250
2022-03-25 03:44:14,041 epoch 36 - iter 414/469 - loss 0.01420576 - samples/sec: 135.83 - lr: 0.006250
2022-03-25 03:44:24,832 epoch 36 - iter 460/469 - loss 0.01418547 - samples/sec: 136.47 - lr: 0.006250
2022-03-25 03:44:26,742 ----------------------------------------------------------------------------------------------------
2022-03-25 03:44:26,742 EPOCH 36 done: loss 0.0141 - lr 0.006250
2022-03-25 03:44:54,370 Evaluating as a multi-label problem: False
2022-03-25 03:44:54,408 DEV : loss 0.031119363382458687 - f1-score (micro avg)  0.9549
2022-03-25 03:44:54,708 BAD EPOCHS (no improvement): 1
2022-03-25 03:44:54,711 ----------------------------------------------------------------------------------------------------
2022-03-25 03:45:05,397 epoch 37 - iter 46/469 - loss 0.01434201 - samples/sec: 137.83 - lr: 0.006250
2022-03-25 03:45:16,219 epoch 37 - iter 92/469 - loss 0.01361566 - samples/sec: 136.07 - lr: 0.006250
2022-03-25 03:45:26,884 epoch 37 - iter 138/469 - loss 0.01455609 - samples/sec: 138.09 - lr: 0.006250
2022-03-25 03:45:37,455 epoch 37 - iter 184/469 - loss 0.01456356 - samples/sec: 139.31 - lr: 0.006250
2022-03-25 03:45:48,348 epoch 37 - iter 230/469 - loss 0.01409347 - samples/sec: 135.19 - lr: 0.006250
2022-03-25 03:45:59,632 epoch 37 - iter 276/469 - loss 0.01416109 - samples/sec: 130.51 - lr: 0.006250
2022-03-25 03:46:09,951 epoch 37 - iter 322/469 - loss 0.01405988 - samples/sec: 142.72 - lr: 0.006250
2022-03-25 03:46:19,959 epoch 37 - iter 368/469 - loss 0.01384830 - samples/sec: 147.16 - lr: 0.006250
2022-03-25 03:46:30,638 epoch 37 - iter 414/469 - loss 0.01357805 - samples/sec: 137.90 - lr: 0.006250
2022-03-25 03:46:41,072 epoch 37 - iter 460/469 - loss 0.01370954 - samples/sec: 141.13 - lr: 0.006250
2022-03-25 03:46:43,088 ----------------------------------------------------------------------------------------------------
2022-03-25 03:46:43,088 EPOCH 37 done: loss 0.0136 - lr 0.006250
2022-03-25 03:47:10,855 Evaluating as a multi-label problem: False
2022-03-25 03:47:10,895 DEV : loss 0.031209416687488556 - f1-score (micro avg)  0.9556
2022-03-25 03:47:11,195 BAD EPOCHS (no improvement): 2
2022-03-25 03:47:11,199 ----------------------------------------------------------------------------------------------------
2022-03-25 03:47:21,924 epoch 38 - iter 46/469 - loss 0.01691468 - samples/sec: 137.33 - lr: 0.006250
2022-03-25 03:47:32,706 epoch 38 - iter 92/469 - loss 0.01552682 - samples/sec: 136.59 - lr: 0.006250
2022-03-25 03:47:43,549 epoch 38 - iter 138/469 - loss 0.01477895 - samples/sec: 135.82 - lr: 0.006250
2022-03-25 03:47:54,506 epoch 38 - iter 184/469 - loss 0.01448036 - samples/sec: 134.40 - lr: 0.006250
2022-03-25 03:48:05,382 epoch 38 - iter 230/469 - loss 0.01419890 - samples/sec: 135.40 - lr: 0.006250
2022-03-25 03:48:16,085 epoch 38 - iter 276/469 - loss 0.01400702 - samples/sec: 137.60 - lr: 0.006250
2022-03-25 03:48:26,810 epoch 38 - iter 322/469 - loss 0.01382539 - samples/sec: 137.31 - lr: 0.006250
2022-03-25 03:48:37,471 epoch 38 - iter 368/469 - loss 0.01396569 - samples/sec: 138.12 - lr: 0.006250
2022-03-25 03:48:48,604 epoch 38 - iter 414/469 - loss 0.01384313 - samples/sec: 132.29 - lr: 0.006250
2022-03-25 03:48:59,141 epoch 38 - iter 460/469 - loss 0.01383210 - samples/sec: 139.76 - lr: 0.006250
2022-03-25 03:49:00,882 ----------------------------------------------------------------------------------------------------
2022-03-25 03:49:00,882 EPOCH 38 done: loss 0.0139 - lr 0.006250
2022-03-25 03:49:28,570 Evaluating as a multi-label problem: False
2022-03-25 03:49:28,609 DEV : loss 0.031049009412527084 - f1-score (micro avg)  0.9553
2022-03-25 03:49:28,917 BAD EPOCHS (no improvement): 3
2022-03-25 03:49:28,920 ----------------------------------------------------------------------------------------------------
2022-03-25 03:49:39,159 epoch 39 - iter 46/469 - loss 0.01268212 - samples/sec: 143.84 - lr: 0.006250
2022-03-25 03:49:49,981 epoch 39 - iter 92/469 - loss 0.01279537 - samples/sec: 136.07 - lr: 0.006250
2022-03-25 03:50:01,369 epoch 39 - iter 138/469 - loss 0.01374722 - samples/sec: 129.30 - lr: 0.006250
2022-03-25 03:50:11,608 epoch 39 - iter 184/469 - loss 0.01380527 - samples/sec: 143.84 - lr: 0.006250
2022-03-25 03:50:21,380 epoch 39 - iter 230/469 - loss 0.01394408 - samples/sec: 150.70 - lr: 0.006250
2022-03-25 03:50:31,750 epoch 39 - iter 276/469 - loss 0.01402140 - samples/sec: 142.01 - lr: 0.006250
2022-03-25 03:50:41,765 epoch 39 - iter 322/469 - loss 0.01377316 - samples/sec: 147.03 - lr: 0.006250
2022-03-25 03:50:52,631 epoch 39 - iter 368/469 - loss 0.01352726 - samples/sec: 135.54 - lr: 0.006250
2022-03-25 03:51:03,196 epoch 39 - iter 414/469 - loss 0.01362062 - samples/sec: 139.39 - lr: 0.006250
2022-03-25 03:51:14,092 epoch 39 - iter 460/469 - loss 0.01337156 - samples/sec: 135.15 - lr: 0.006250
2022-03-25 03:51:15,855 ----------------------------------------------------------------------------------------------------
2022-03-25 03:51:15,855 EPOCH 39 done: loss 0.0134 - lr 0.006250
2022-03-25 03:51:43,436 Evaluating as a multi-label problem: False
2022-03-25 03:51:43,475 DEV : loss 0.0307852104306221 - f1-score (micro avg)  0.9553
2022-03-25 03:51:43,776 Epoch    39: reducing learning rate of group 0 to 3.1250e-03.
2022-03-25 03:51:43,776 BAD EPOCHS (no improvement): 4
2022-03-25 03:51:43,779 ----------------------------------------------------------------------------------------------------
2022-03-25 03:51:54,256 epoch 40 - iter 46/469 - loss 0.01350010 - samples/sec: 140.58 - lr: 0.003125
2022-03-25 03:52:09,712 epoch 40 - iter 92/469 - loss 0.01400632 - samples/sec: 95.27 - lr: 0.003125
2022-03-25 03:52:20,540 epoch 40 - iter 138/469 - loss 0.01348144 - samples/sec: 135.98 - lr: 0.003125
2022-03-25 03:52:31,642 epoch 40 - iter 184/469 - loss 0.01348012 - samples/sec: 132.64 - lr: 0.003125
2022-03-25 03:52:42,474 epoch 40 - iter 230/469 - loss 0.01351667 - samples/sec: 135.94 - lr: 0.003125
2022-03-25 03:52:53,561 epoch 40 - iter 276/469 - loss 0.01380530 - samples/sec: 132.83 - lr: 0.003125
2022-03-25 03:53:04,399 epoch 40 - iter 322/469 - loss 0.01403934 - samples/sec: 135.88 - lr: 0.003125
2022-03-25 03:53:15,215 epoch 40 - iter 368/469 - loss 0.01350413 - samples/sec: 136.15 - lr: 0.003125
2022-03-25 03:53:25,468 epoch 40 - iter 414/469 - loss 0.01360065 - samples/sec: 143.63 - lr: 0.003125
2022-03-25 03:53:35,979 epoch 40 - iter 460/469 - loss 0.01346698 - samples/sec: 140.10 - lr: 0.003125
2022-03-25 03:53:37,949 ----------------------------------------------------------------------------------------------------
2022-03-25 03:53:37,949 EPOCH 40 done: loss 0.0134 - lr 0.003125
2022-03-25 03:54:05,915 Evaluating as a multi-label problem: False
2022-03-25 03:54:05,954 DEV : loss 0.031227147206664085 - f1-score (micro avg)  0.9551
2022-03-25 03:54:06,264 BAD EPOCHS (no improvement): 1
2022-03-25 03:54:06,267 ----------------------------------------------------------------------------------------------------
2022-03-25 03:54:16,899 epoch 41 - iter 46/469 - loss 0.01453547 - samples/sec: 138.54 - lr: 0.003125
2022-03-25 03:54:27,752 epoch 41 - iter 92/469 - loss 0.01484680 - samples/sec: 135.69 - lr: 0.003125
2022-03-25 03:54:38,149 epoch 41 - iter 138/469 - loss 0.01414307 - samples/sec: 141.63 - lr: 0.003125
2022-03-25 03:54:49,246 epoch 41 - iter 184/469 - loss 0.01416121 - samples/sec: 132.70 - lr: 0.003125
2022-03-25 03:54:59,729 epoch 41 - iter 230/469 - loss 0.01433258 - samples/sec: 140.48 - lr: 0.003125
2022-03-25 03:55:10,791 epoch 41 - iter 276/469 - loss 0.01428563 - samples/sec: 133.12 - lr: 0.003125
2022-03-25 03:55:20,864 epoch 41 - iter 322/469 - loss 0.01419087 - samples/sec: 146.19 - lr: 0.003125
2022-03-25 03:55:30,886 epoch 41 - iter 368/469 - loss 0.01396631 - samples/sec: 146.94 - lr: 0.003125
2022-03-25 03:55:41,403 epoch 41 - iter 414/469 - loss 0.01402809 - samples/sec: 140.02 - lr: 0.003125
2022-03-25 03:55:52,000 epoch 41 - iter 460/469 - loss 0.01377359 - samples/sec: 138.97 - lr: 0.003125
2022-03-25 03:55:53,919 ----------------------------------------------------------------------------------------------------
2022-03-25 03:55:53,919 EPOCH 41 done: loss 0.0137 - lr 0.003125
2022-03-25 03:56:21,487 Evaluating as a multi-label problem: False
2022-03-25 03:56:21,525 DEV : loss 0.03114343248307705 - f1-score (micro avg)  0.9549
2022-03-25 03:56:21,826 BAD EPOCHS (no improvement): 2
2022-03-25 03:56:21,829 ----------------------------------------------------------------------------------------------------
2022-03-25 03:56:32,530 epoch 42 - iter 46/469 - loss 0.01321858 - samples/sec: 137.63 - lr: 0.003125
2022-03-25 03:56:42,870 epoch 42 - iter 92/469 - loss 0.01285761 - samples/sec: 142.43 - lr: 0.003125
2022-03-25 03:56:53,698 epoch 42 - iter 138/469 - loss 0.01240110 - samples/sec: 136.00 - lr: 0.003125
2022-03-25 03:57:04,417 epoch 42 - iter 184/469 - loss 0.01279350 - samples/sec: 137.39 - lr: 0.003125
2022-03-25 03:57:14,606 epoch 42 - iter 230/469 - loss 0.01240820 - samples/sec: 144.54 - lr: 0.003125
2022-03-25 03:57:25,726 epoch 42 - iter 276/469 - loss 0.01243307 - samples/sec: 132.42 - lr: 0.003125
2022-03-25 03:57:36,498 epoch 42 - iter 322/469 - loss 0.01245365 - samples/sec: 136.71 - lr: 0.003125
2022-03-25 03:57:46,521 epoch 42 - iter 368/469 - loss 0.01264003 - samples/sec: 146.93 - lr: 0.003125
2022-03-25 03:57:57,351 epoch 42 - iter 414/469 - loss 0.01267361 - samples/sec: 135.98 - lr: 0.003125
2022-03-25 03:58:08,233 epoch 42 - iter 460/469 - loss 0.01285009 - samples/sec: 135.33 - lr: 0.003125
2022-03-25 03:58:10,319 ----------------------------------------------------------------------------------------------------
2022-03-25 03:58:10,320 EPOCH 42 done: loss 0.0128 - lr 0.003125
2022-03-25 03:58:38,208 Evaluating as a multi-label problem: False
2022-03-25 03:58:38,247 DEV : loss 0.031363703310489655 - f1-score (micro avg)  0.9543
2022-03-25 03:58:38,548 BAD EPOCHS (no improvement): 3
2022-03-25 03:58:38,551 ----------------------------------------------------------------------------------------------------
2022-03-25 03:58:50,067 epoch 43 - iter 46/469 - loss 0.01097778 - samples/sec: 127.90 - lr: 0.003125
2022-03-25 03:59:00,675 epoch 43 - iter 92/469 - loss 0.01135118 - samples/sec: 138.83 - lr: 0.003125
2022-03-25 03:59:11,492 epoch 43 - iter 138/469 - loss 0.01293602 - samples/sec: 136.14 - lr: 0.003125
2022-03-25 03:59:21,365 epoch 43 - iter 184/469 - loss 0.01316882 - samples/sec: 149.16 - lr: 0.003125
2022-03-25 03:59:31,881 epoch 43 - iter 230/469 - loss 0.01342426 - samples/sec: 140.03 - lr: 0.003125
2022-03-25 03:59:42,748 epoch 43 - iter 276/469 - loss 0.01383120 - samples/sec: 135.51 - lr: 0.003125
2022-03-25 03:59:53,470 epoch 43 - iter 322/469 - loss 0.01399979 - samples/sec: 137.35 - lr: 0.003125
2022-03-25 04:00:03,916 epoch 43 - iter 368/469 - loss 0.01379628 - samples/sec: 140.98 - lr: 0.003125
2022-03-25 04:00:14,385 epoch 43 - iter 414/469 - loss 0.01359412 - samples/sec: 140.66 - lr: 0.003125
2022-03-25 04:00:25,300 epoch 43 - iter 460/469 - loss 0.01343935 - samples/sec: 134.91 - lr: 0.003125
2022-03-25 04:00:27,227 ----------------------------------------------------------------------------------------------------
2022-03-25 04:00:27,227 EPOCH 43 done: loss 0.0135 - lr 0.003125
2022-03-25 04:00:54,016 Evaluating as a multi-label problem: False
2022-03-25 04:00:54,055 DEV : loss 0.03121555596590042 - f1-score (micro avg)  0.9555
2022-03-25 04:00:54,352 Epoch    43: reducing learning rate of group 0 to 1.5625e-03.
2022-03-25 04:00:54,352 BAD EPOCHS (no improvement): 4
2022-03-25 04:00:54,355 ----------------------------------------------------------------------------------------------------
2022-03-25 04:01:04,829 epoch 44 - iter 46/469 - loss 0.01200536 - samples/sec: 140.59 - lr: 0.001563
2022-03-25 04:01:15,374 epoch 44 - iter 92/469 - loss 0.01347777 - samples/sec: 139.64 - lr: 0.001563
2022-03-25 04:01:25,777 epoch 44 - iter 138/469 - loss 0.01347955 - samples/sec: 141.56 - lr: 0.001563
2022-03-25 04:01:36,256 epoch 44 - iter 184/469 - loss 0.01288596 - samples/sec: 140.54 - lr: 0.001563
2022-03-25 04:01:47,218 epoch 44 - iter 230/469 - loss 0.01310984 - samples/sec: 134.33 - lr: 0.001563
2022-03-25 04:01:58,238 epoch 44 - iter 276/469 - loss 0.01353212 - samples/sec: 133.62 - lr: 0.001563
2022-03-25 04:02:08,213 epoch 44 - iter 322/469 - loss 0.01352673 - samples/sec: 147.62 - lr: 0.001563
2022-03-25 04:02:19,076 epoch 44 - iter 368/469 - loss 0.01344003 - samples/sec: 135.57 - lr: 0.001563
2022-03-25 04:02:29,642 epoch 44 - iter 414/469 - loss 0.01317793 - samples/sec: 139.37 - lr: 0.001563
2022-03-25 04:02:40,080 epoch 44 - iter 460/469 - loss 0.01317748 - samples/sec: 141.09 - lr: 0.001563
2022-03-25 04:02:41,868 ----------------------------------------------------------------------------------------------------
2022-03-25 04:02:41,868 EPOCH 44 done: loss 0.0132 - lr 0.001563
2022-03-25 04:03:10,055 Evaluating as a multi-label problem: False
2022-03-25 04:03:10,094 DEV : loss 0.031237078830599785 - f1-score (micro avg)  0.9551
2022-03-25 04:03:10,397 BAD EPOCHS (no improvement): 1
2022-03-25 04:03:10,401 ----------------------------------------------------------------------------------------------------
2022-03-25 04:03:21,296 epoch 45 - iter 46/469 - loss 0.01498918 - samples/sec: 135.19 - lr: 0.001563
2022-03-25 04:03:32,077 epoch 45 - iter 92/469 - loss 0.01387607 - samples/sec: 136.60 - lr: 0.001563
2022-03-25 04:03:43,049 epoch 45 - iter 138/469 - loss 0.01367752 - samples/sec: 134.22 - lr: 0.001563
2022-03-25 04:03:54,243 epoch 45 - iter 184/469 - loss 0.01307772 - samples/sec: 131.55 - lr: 0.001563
2022-03-25 04:04:04,926 epoch 45 - iter 230/469 - loss 0.01337928 - samples/sec: 137.85 - lr: 0.001563
2022-03-25 04:04:15,710 epoch 45 - iter 276/469 - loss 0.01321386 - samples/sec: 136.56 - lr: 0.001563
2022-03-25 04:04:26,599 epoch 45 - iter 322/469 - loss 0.01322158 - samples/sec: 135.25 - lr: 0.001563
2022-03-25 04:04:36,995 epoch 45 - iter 368/469 - loss 0.01351992 - samples/sec: 141.65 - lr: 0.001563
2022-03-25 04:04:47,397 epoch 45 - iter 414/469 - loss 0.01359336 - samples/sec: 141.56 - lr: 0.001563
2022-03-25 04:04:58,248 epoch 45 - iter 460/469 - loss 0.01335894 - samples/sec: 135.72 - lr: 0.001563
2022-03-25 04:05:00,189 ----------------------------------------------------------------------------------------------------
2022-03-25 04:05:00,189 EPOCH 45 done: loss 0.0133 - lr 0.001563
2022-03-25 04:05:26,940 Evaluating as a multi-label problem: False
2022-03-25 04:05:26,979 DEV : loss 0.0311424620449543 - f1-score (micro avg)  0.955
2022-03-25 04:05:27,290 BAD EPOCHS (no improvement): 2
2022-03-25 04:05:27,294 ----------------------------------------------------------------------------------------------------
2022-03-25 04:05:37,712 epoch 46 - iter 46/469 - loss 0.01443862 - samples/sec: 141.36 - lr: 0.001563
2022-03-25 04:05:48,240 epoch 46 - iter 92/469 - loss 0.01394785 - samples/sec: 139.88 - lr: 0.001563
2022-03-25 04:05:58,915 epoch 46 - iter 138/469 - loss 0.01465876 - samples/sec: 137.95 - lr: 0.001563
2022-03-25 04:06:09,823 epoch 46 - iter 184/469 - loss 0.01427258 - samples/sec: 135.00 - lr: 0.001563
2022-03-25 04:06:20,106 epoch 46 - iter 230/469 - loss 0.01377396 - samples/sec: 143.22 - lr: 0.001563
2022-03-25 04:06:30,589 epoch 46 - iter 276/469 - loss 0.01357842 - samples/sec: 140.47 - lr: 0.001563
2022-03-25 04:06:41,211 epoch 46 - iter 322/469 - loss 0.01387837 - samples/sec: 138.64 - lr: 0.001563
2022-03-25 04:06:52,155 epoch 46 - iter 368/469 - loss 0.01377782 - samples/sec: 134.56 - lr: 0.001563
2022-03-25 04:07:02,511 epoch 46 - iter 414/469 - loss 0.01397850 - samples/sec: 142.21 - lr: 0.001563
2022-03-25 04:07:12,829 epoch 46 - iter 460/469 - loss 0.01384178 - samples/sec: 142.72 - lr: 0.001563
2022-03-25 04:07:14,752 ----------------------------------------------------------------------------------------------------
2022-03-25 04:07:14,752 EPOCH 46 done: loss 0.0138 - lr 0.001563
2022-03-25 04:07:47,351 Evaluating as a multi-label problem: False
2022-03-25 04:07:47,389 DEV : loss 0.03121688961982727 - f1-score (micro avg)  0.9555
2022-03-25 04:07:47,691 BAD EPOCHS (no improvement): 3
2022-03-25 04:07:47,694 ----------------------------------------------------------------------------------------------------
2022-03-25 04:07:58,386 epoch 47 - iter 46/469 - loss 0.01042852 - samples/sec: 137.73 - lr: 0.001563
2022-03-25 04:08:08,994 epoch 47 - iter 92/469 - loss 0.01198662 - samples/sec: 138.81 - lr: 0.001563
2022-03-25 04:08:19,548 epoch 47 - iter 138/469 - loss 0.01299223 - samples/sec: 139.53 - lr: 0.001563
2022-03-25 04:08:30,425 epoch 47 - iter 184/469 - loss 0.01310157 - samples/sec: 135.39 - lr: 0.001563
2022-03-25 04:08:41,289 epoch 47 - iter 230/469 - loss 0.01297157 - samples/sec: 135.55 - lr: 0.001563
2022-03-25 04:08:52,171 epoch 47 - iter 276/469 - loss 0.01300736 - samples/sec: 135.34 - lr: 0.001563
2022-03-25 04:09:02,994 epoch 47 - iter 322/469 - loss 0.01291356 - samples/sec: 136.06 - lr: 0.001563
2022-03-25 04:09:13,868 epoch 47 - iter 368/469 - loss 0.01289064 - samples/sec: 135.43 - lr: 0.001563
2022-03-25 04:09:24,520 epoch 47 - iter 414/469 - loss 0.01319452 - samples/sec: 138.24 - lr: 0.001563
2022-03-25 04:09:35,363 epoch 47 - iter 460/469 - loss 0.01308583 - samples/sec: 135.82 - lr: 0.001563
2022-03-25 04:09:37,250 ----------------------------------------------------------------------------------------------------
2022-03-25 04:09:37,251 EPOCH 47 done: loss 0.0131 - lr 0.001563
2022-03-25 04:10:05,274 Evaluating as a multi-label problem: False
2022-03-25 04:10:05,313 DEV : loss 0.03123936429619789 - f1-score (micro avg)  0.9555
2022-03-25 04:10:05,625 Epoch    47: reducing learning rate of group 0 to 7.8125e-04.
2022-03-25 04:10:05,626 BAD EPOCHS (no improvement): 4
2022-03-25 04:10:05,629 ----------------------------------------------------------------------------------------------------
2022-03-25 04:10:16,808 epoch 48 - iter 46/469 - loss 0.01214026 - samples/sec: 131.74 - lr: 0.000781
2022-03-25 04:10:27,592 epoch 48 - iter 92/469 - loss 0.01271372 - samples/sec: 136.56 - lr: 0.000781
2022-03-25 04:10:38,037 epoch 48 - iter 138/469 - loss 0.01243014 - samples/sec: 141.00 - lr: 0.000781
2022-03-25 04:10:48,253 epoch 48 - iter 184/469 - loss 0.01275050 - samples/sec: 144.14 - lr: 0.000781
2022-03-25 04:10:58,965 epoch 48 - iter 230/469 - loss 0.01266360 - samples/sec: 137.48 - lr: 0.000781
2022-03-25 04:11:09,676 epoch 48 - iter 276/469 - loss 0.01309045 - samples/sec: 137.48 - lr: 0.000781
2022-03-25 04:11:20,197 epoch 48 - iter 322/469 - loss 0.01292711 - samples/sec: 139.97 - lr: 0.000781
2022-03-25 04:11:30,892 epoch 48 - iter 368/469 - loss 0.01322462 - samples/sec: 137.69 - lr: 0.000781
2022-03-25 04:11:41,401 epoch 48 - iter 414/469 - loss 0.01306645 - samples/sec: 140.14 - lr: 0.000781
2022-03-25 04:11:51,706 epoch 48 - iter 460/469 - loss 0.01306280 - samples/sec: 142.90 - lr: 0.000781
2022-03-25 04:11:53,549 ----------------------------------------------------------------------------------------------------
2022-03-25 04:11:53,549 EPOCH 48 done: loss 0.0131 - lr 0.000781
2022-03-25 04:12:21,019 Evaluating as a multi-label problem: False
2022-03-25 04:12:21,059 DEV : loss 0.0312989167869091 - f1-score (micro avg)  0.9552
2022-03-25 04:12:21,359 BAD EPOCHS (no improvement): 1
2022-03-25 04:12:21,363 ----------------------------------------------------------------------------------------------------
2022-03-25 04:12:31,986 epoch 49 - iter 46/469 - loss 0.01479078 - samples/sec: 138.64 - lr: 0.000781
2022-03-25 04:12:42,330 epoch 49 - iter 92/469 - loss 0.01562546 - samples/sec: 142.36 - lr: 0.000781
2022-03-25 04:12:52,986 epoch 49 - iter 138/469 - loss 0.01471723 - samples/sec: 138.20 - lr: 0.000781
2022-03-25 04:13:03,828 epoch 49 - iter 184/469 - loss 0.01438309 - samples/sec: 135.82 - lr: 0.000781
2022-03-25 04:13:14,458 epoch 49 - iter 230/469 - loss 0.01411782 - samples/sec: 138.54 - lr: 0.000781
2022-03-25 04:13:25,179 epoch 49 - iter 276/469 - loss 0.01356077 - samples/sec: 137.35 - lr: 0.000781
2022-03-25 04:13:35,614 epoch 49 - iter 322/469 - loss 0.01346723 - samples/sec: 141.13 - lr: 0.000781
2022-03-25 04:13:46,098 epoch 49 - iter 368/469 - loss 0.01331120 - samples/sec: 140.47 - lr: 0.000781
2022-03-25 04:13:56,820 epoch 49 - iter 414/469 - loss 0.01313787 - samples/sec: 137.35 - lr: 0.000781
2022-03-25 04:14:07,768 epoch 49 - iter 460/469 - loss 0.01311415 - samples/sec: 134.51 - lr: 0.000781
2022-03-25 04:14:09,780 ----------------------------------------------------------------------------------------------------
2022-03-25 04:14:09,781 EPOCH 49 done: loss 0.0131 - lr 0.000781
2022-03-25 04:14:37,690 Evaluating as a multi-label problem: False
2022-03-25 04:14:37,729 DEV : loss 0.03127789497375488 - f1-score (micro avg)  0.9551
2022-03-25 04:14:38,031 BAD EPOCHS (no improvement): 2
2022-03-25 04:14:38,034 ----------------------------------------------------------------------------------------------------
2022-03-25 04:14:49,207 epoch 50 - iter 46/469 - loss 0.01334992 - samples/sec: 131.81 - lr: 0.000781
2022-03-25 04:14:59,853 epoch 50 - iter 92/469 - loss 0.01462743 - samples/sec: 138.34 - lr: 0.000781
2022-03-25 04:15:10,485 epoch 50 - iter 138/469 - loss 0.01404726 - samples/sec: 138.51 - lr: 0.000781
2022-03-25 04:15:21,099 epoch 50 - iter 184/469 - loss 0.01391403 - samples/sec: 138.74 - lr: 0.000781
2022-03-25 04:15:31,725 epoch 50 - iter 230/469 - loss 0.01378760 - samples/sec: 138.59 - lr: 0.000781
2022-03-25 04:15:42,010 epoch 50 - iter 276/469 - loss 0.01378338 - samples/sec: 143.18 - lr: 0.000781
2022-03-25 04:15:53,307 epoch 50 - iter 322/469 - loss 0.01397090 - samples/sec: 130.35 - lr: 0.000781
2022-03-25 04:16:03,359 epoch 50 - iter 368/469 - loss 0.01368763 - samples/sec: 146.49 - lr: 0.000781
2022-03-25 04:16:14,012 epoch 50 - iter 414/469 - loss 0.01359157 - samples/sec: 138.25 - lr: 0.000781
2022-03-25 04:16:24,020 epoch 50 - iter 460/469 - loss 0.01350296 - samples/sec: 147.15 - lr: 0.000781
2022-03-25 04:16:25,947 ----------------------------------------------------------------------------------------------------
2022-03-25 04:16:25,947 EPOCH 50 done: loss 0.0134 - lr 0.000781
2022-03-25 04:16:53,834 Evaluating as a multi-label problem: False
2022-03-25 04:16:53,874 DEV : loss 0.031340669840574265 - f1-score (micro avg)  0.955
2022-03-25 04:16:54,182 BAD EPOCHS (no improvement): 3
2022-03-25 04:16:54,185 ----------------------------------------------------------------------------------------------------
2022-03-25 04:17:05,353 epoch 51 - iter 46/469 - loss 0.01359566 - samples/sec: 131.88 - lr: 0.000781
2022-03-25 04:17:16,058 epoch 51 - iter 92/469 - loss 0.01332906 - samples/sec: 137.56 - lr: 0.000781
2022-03-25 04:17:26,914 epoch 51 - iter 138/469 - loss 0.01251228 - samples/sec: 135.65 - lr: 0.000781
2022-03-25 04:17:38,034 epoch 51 - iter 184/469 - loss 0.01234792 - samples/sec: 132.44 - lr: 0.000781
2022-03-25 04:17:48,554 epoch 51 - iter 230/469 - loss 0.01245035 - samples/sec: 139.99 - lr: 0.000781
2022-03-25 04:17:59,096 epoch 51 - iter 276/469 - loss 0.01270738 - samples/sec: 139.69 - lr: 0.000781
2022-03-25 04:18:09,516 epoch 51 - iter 322/469 - loss 0.01292831 - samples/sec: 141.33 - lr: 0.000781
2022-03-25 04:18:20,251 epoch 51 - iter 368/469 - loss 0.01306965 - samples/sec: 137.19 - lr: 0.000781
2022-03-25 04:18:30,983 epoch 51 - iter 414/469 - loss 0.01307677 - samples/sec: 137.22 - lr: 0.000781
2022-03-25 04:18:41,458 epoch 51 - iter 460/469 - loss 0.01306645 - samples/sec: 140.58 - lr: 0.000781
2022-03-25 04:18:43,450 ----------------------------------------------------------------------------------------------------
2022-03-25 04:18:43,450 EPOCH 51 done: loss 0.0131 - lr 0.000781
2022-03-25 04:19:10,861 Evaluating as a multi-label problem: False
2022-03-25 04:19:10,900 DEV : loss 0.031269051134586334 - f1-score (micro avg)  0.9554
2022-03-25 04:19:11,203 Epoch    51: reducing learning rate of group 0 to 3.9063e-04.
2022-03-25 04:19:11,204 BAD EPOCHS (no improvement): 4
2022-03-25 04:19:11,207 ----------------------------------------------------------------------------------------------------
2022-03-25 04:19:21,867 epoch 52 - iter 46/469 - loss 0.01591540 - samples/sec: 138.15 - lr: 0.000391
2022-03-25 04:19:32,065 epoch 52 - iter 92/469 - loss 0.01577018 - samples/sec: 144.41 - lr: 0.000391
2022-03-25 04:19:42,552 epoch 52 - iter 138/469 - loss 0.01467411 - samples/sec: 140.42 - lr: 0.000391
2022-03-25 04:19:53,096 epoch 52 - iter 184/469 - loss 0.01465524 - samples/sec: 139.67 - lr: 0.000391
2022-03-25 04:20:03,788 epoch 52 - iter 230/469 - loss 0.01451642 - samples/sec: 137.72 - lr: 0.000391
2022-03-25 04:20:14,505 epoch 52 - iter 276/469 - loss 0.01411723 - samples/sec: 137.42 - lr: 0.000391
2022-03-25 04:20:25,220 epoch 52 - iter 322/469 - loss 0.01385041 - samples/sec: 137.44 - lr: 0.000391
2022-03-25 04:20:35,868 epoch 52 - iter 368/469 - loss 0.01386615 - samples/sec: 138.30 - lr: 0.000391
2022-03-25 04:20:46,286 epoch 52 - iter 414/469 - loss 0.01389706 - samples/sec: 141.35 - lr: 0.000391
2022-03-25 04:20:56,733 epoch 52 - iter 460/469 - loss 0.01383206 - samples/sec: 140.97 - lr: 0.000391
2022-03-25 04:20:58,506 ----------------------------------------------------------------------------------------------------
2022-03-25 04:20:58,506 EPOCH 52 done: loss 0.0139 - lr 0.000391
2022-03-25 04:21:25,845 Evaluating as a multi-label problem: False
2022-03-25 04:21:25,884 DEV : loss 0.031276360154151917 - f1-score (micro avg)  0.9554
2022-03-25 04:21:26,195 BAD EPOCHS (no improvement): 1
2022-03-25 04:21:26,199 ----------------------------------------------------------------------------------------------------
2022-03-25 04:21:36,524 epoch 53 - iter 46/469 - loss 0.01215147 - samples/sec: 142.63 - lr: 0.000391
2022-03-25 04:21:47,095 epoch 53 - iter 92/469 - loss 0.01378967 - samples/sec: 139.32 - lr: 0.000391
2022-03-25 04:21:57,911 epoch 53 - iter 138/469 - loss 0.01354111 - samples/sec: 136.15 - lr: 0.000391
2022-03-25 04:22:08,750 epoch 53 - iter 184/469 - loss 0.01298466 - samples/sec: 135.86 - lr: 0.000391
2022-03-25 04:22:19,880 epoch 53 - iter 230/469 - loss 0.01304313 - samples/sec: 132.32 - lr: 0.000391
2022-03-25 04:22:30,990 epoch 53 - iter 276/469 - loss 0.01289298 - samples/sec: 132.56 - lr: 0.000391
2022-03-25 04:22:41,673 epoch 53 - iter 322/469 - loss 0.01304577 - samples/sec: 137.84 - lr: 0.000391
2022-03-25 04:22:52,445 epoch 53 - iter 368/469 - loss 0.01305409 - samples/sec: 136.70 - lr: 0.000391
2022-03-25 04:23:03,534 epoch 53 - iter 414/469 - loss 0.01310912 - samples/sec: 132.80 - lr: 0.000391
2022-03-25 04:23:19,425 epoch 53 - iter 460/469 - loss 0.01299099 - samples/sec: 92.65 - lr: 0.000391
2022-03-25 04:23:21,371 ----------------------------------------------------------------------------------------------------
2022-03-25 04:23:21,371 EPOCH 53 done: loss 0.0130 - lr 0.000391
2022-03-25 04:23:49,327 Evaluating as a multi-label problem: False
2022-03-25 04:23:49,366 DEV : loss 0.03127788379788399 - f1-score (micro avg)  0.9554
2022-03-25 04:23:49,669 BAD EPOCHS (no improvement): 2
2022-03-25 04:23:49,672 ----------------------------------------------------------------------------------------------------
2022-03-25 04:24:00,200 epoch 54 - iter 46/469 - loss 0.01481333 - samples/sec: 139.88 - lr: 0.000391
2022-03-25 04:24:10,841 epoch 54 - iter 92/469 - loss 0.01479080 - samples/sec: 138.38 - lr: 0.000391
2022-03-25 04:24:21,125 epoch 54 - iter 138/469 - loss 0.01388811 - samples/sec: 143.20 - lr: 0.000391
2022-03-25 04:24:31,628 epoch 54 - iter 184/469 - loss 0.01342148 - samples/sec: 140.21 - lr: 0.000391
2022-03-25 04:24:42,100 epoch 54 - iter 230/469 - loss 0.01309159 - samples/sec: 140.62 - lr: 0.000391
2022-03-25 04:24:52,828 epoch 54 - iter 276/469 - loss 0.01294807 - samples/sec: 137.27 - lr: 0.000391
2022-03-25 04:25:03,463 epoch 54 - iter 322/469 - loss 0.01276345 - samples/sec: 138.46 - lr: 0.000391
2022-03-25 04:25:13,961 epoch 54 - iter 368/469 - loss 0.01276494 - samples/sec: 140.27 - lr: 0.000391
2022-03-25 04:25:24,721 epoch 54 - iter 414/469 - loss 0.01285628 - samples/sec: 136.85 - lr: 0.000391
2022-03-25 04:25:35,302 epoch 54 - iter 460/469 - loss 0.01285617 - samples/sec: 139.17 - lr: 0.000391
2022-03-25 04:25:37,243 ----------------------------------------------------------------------------------------------------
2022-03-25 04:25:37,243 EPOCH 54 done: loss 0.0129 - lr 0.000391
2022-03-25 04:26:04,447 Evaluating as a multi-label problem: False
2022-03-25 04:26:04,485 DEV : loss 0.031264860183000565 - f1-score (micro avg)  0.9552
2022-03-25 04:26:04,783 BAD EPOCHS (no improvement): 3
2022-03-25 04:26:04,786 ----------------------------------------------------------------------------------------------------
2022-03-25 04:26:15,029 epoch 55 - iter 46/469 - loss 0.01370716 - samples/sec: 143.77 - lr: 0.000391
2022-03-25 04:26:25,837 epoch 55 - iter 92/469 - loss 0.01188742 - samples/sec: 136.26 - lr: 0.000391
2022-03-25 04:26:36,149 epoch 55 - iter 138/469 - loss 0.01248645 - samples/sec: 142.81 - lr: 0.000391
2022-03-25 04:26:46,924 epoch 55 - iter 184/469 - loss 0.01226650 - samples/sec: 136.67 - lr: 0.000391
2022-03-25 04:26:57,258 epoch 55 - iter 230/469 - loss 0.01270274 - samples/sec: 142.51 - lr: 0.000391
2022-03-25 04:27:08,312 epoch 55 - iter 276/469 - loss 0.01256680 - samples/sec: 133.23 - lr: 0.000391
2022-03-25 04:27:19,408 epoch 55 - iter 322/469 - loss 0.01293921 - samples/sec: 132.71 - lr: 0.000391
2022-03-25 04:27:30,183 epoch 55 - iter 368/469 - loss 0.01291621 - samples/sec: 136.68 - lr: 0.000391
2022-03-25 04:27:41,081 epoch 55 - iter 414/469 - loss 0.01280499 - samples/sec: 135.13 - lr: 0.000391
2022-03-25 04:27:51,729 epoch 55 - iter 460/469 - loss 0.01296961 - samples/sec: 138.31 - lr: 0.000391
2022-03-25 04:27:53,617 ----------------------------------------------------------------------------------------------------
2022-03-25 04:27:53,617 EPOCH 55 done: loss 0.0130 - lr 0.000391
2022-03-25 04:28:21,368 Evaluating as a multi-label problem: False
2022-03-25 04:28:21,407 DEV : loss 0.03123030997812748 - f1-score (micro avg)  0.9555
2022-03-25 04:28:21,708 Epoch    55: reducing learning rate of group 0 to 1.9531e-04.
2022-03-25 04:28:21,709 BAD EPOCHS (no improvement): 4
2022-03-25 04:28:21,712 ----------------------------------------------------------------------------------------------------
2022-03-25 04:28:32,439 epoch 56 - iter 46/469 - loss 0.01254373 - samples/sec: 137.29 - lr: 0.000195
2022-03-25 04:28:42,833 epoch 56 - iter 92/469 - loss 0.01365189 - samples/sec: 141.70 - lr: 0.000195
2022-03-25 04:28:54,141 epoch 56 - iter 138/469 - loss 0.01363470 - samples/sec: 130.22 - lr: 0.000195
2022-03-25 04:29:05,048 epoch 56 - iter 184/469 - loss 0.01349782 - samples/sec: 135.03 - lr: 0.000195
2022-03-25 04:29:15,381 epoch 56 - iter 230/469 - loss 0.01337169 - samples/sec: 142.51 - lr: 0.000195
2022-03-25 04:29:25,917 epoch 56 - iter 276/469 - loss 0.01322930 - samples/sec: 139.77 - lr: 0.000195
2022-03-25 04:29:36,766 epoch 56 - iter 322/469 - loss 0.01314168 - samples/sec: 135.74 - lr: 0.000195
2022-03-25 04:29:47,275 epoch 56 - iter 368/469 - loss 0.01299533 - samples/sec: 140.13 - lr: 0.000195
2022-03-25 04:29:57,773 epoch 56 - iter 414/469 - loss 0.01282372 - samples/sec: 140.28 - lr: 0.000195
2022-03-25 04:30:08,383 epoch 56 - iter 460/469 - loss 0.01294248 - samples/sec: 138.78 - lr: 0.000195
2022-03-25 04:30:10,256 ----------------------------------------------------------------------------------------------------
2022-03-25 04:30:10,256 EPOCH 56 done: loss 0.0129 - lr 0.000195
2022-03-25 04:30:37,742 Evaluating as a multi-label problem: False
2022-03-25 04:30:37,781 DEV : loss 0.031246919184923172 - f1-score (micro avg)  0.9555
2022-03-25 04:30:38,082 BAD EPOCHS (no improvement): 1
2022-03-25 04:30:38,085 ----------------------------------------------------------------------------------------------------
2022-03-25 04:30:49,184 epoch 57 - iter 46/469 - loss 0.01255926 - samples/sec: 132.69 - lr: 0.000195
2022-03-25 04:30:59,984 epoch 57 - iter 92/469 - loss 0.01316706 - samples/sec: 136.35 - lr: 0.000195
2022-03-25 04:31:10,186 epoch 57 - iter 138/469 - loss 0.01332333 - samples/sec: 144.35 - lr: 0.000195
2022-03-25 04:31:20,173 epoch 57 - iter 184/469 - loss 0.01303955 - samples/sec: 147.46 - lr: 0.000195
2022-03-25 04:31:30,370 epoch 57 - iter 230/469 - loss 0.01296917 - samples/sec: 144.41 - lr: 0.000195
2022-03-25 04:31:40,523 epoch 57 - iter 276/469 - loss 0.01282682 - samples/sec: 145.05 - lr: 0.000195
2022-03-25 04:31:51,284 epoch 57 - iter 322/469 - loss 0.01261713 - samples/sec: 136.85 - lr: 0.000195
2022-03-25 04:32:01,902 epoch 57 - iter 368/469 - loss 0.01256153 - samples/sec: 138.68 - lr: 0.000195
2022-03-25 04:32:13,018 epoch 57 - iter 414/469 - loss 0.01274798 - samples/sec: 132.47 - lr: 0.000195
2022-03-25 04:32:23,552 epoch 57 - iter 460/469 - loss 0.01302639 - samples/sec: 139.81 - lr: 0.000195
2022-03-25 04:32:25,632 ----------------------------------------------------------------------------------------------------
2022-03-25 04:32:25,632 EPOCH 57 done: loss 0.0130 - lr 0.000195
2022-03-25 04:32:53,640 Evaluating as a multi-label problem: False
2022-03-25 04:32:53,679 DEV : loss 0.03124081715941429 - f1-score (micro avg)  0.9555
2022-03-25 04:32:53,979 BAD EPOCHS (no improvement): 2
2022-03-25 04:32:53,982 ----------------------------------------------------------------------------------------------------
2022-03-25 04:33:04,505 epoch 58 - iter 46/469 - loss 0.01417478 - samples/sec: 139.96 - lr: 0.000195
2022-03-25 04:33:15,457 epoch 58 - iter 92/469 - loss 0.01372153 - samples/sec: 134.46 - lr: 0.000195
2022-03-25 04:33:25,526 epoch 58 - iter 138/469 - loss 0.01288594 - samples/sec: 146.26 - lr: 0.000195
2022-03-25 04:33:36,817 epoch 58 - iter 184/469 - loss 0.01330101 - samples/sec: 130.42 - lr: 0.000195
2022-03-25 04:33:47,574 epoch 58 - iter 230/469 - loss 0.01302915 - samples/sec: 136.90 - lr: 0.000195
2022-03-25 04:33:58,694 epoch 58 - iter 276/469 - loss 0.01288378 - samples/sec: 132.43 - lr: 0.000195
2022-03-25 04:34:09,058 epoch 58 - iter 322/469 - loss 0.01282130 - samples/sec: 142.09 - lr: 0.000195
2022-03-25 04:34:19,426 epoch 58 - iter 368/469 - loss 0.01280510 - samples/sec: 142.03 - lr: 0.000195
2022-03-25 04:34:29,901 epoch 58 - iter 414/469 - loss 0.01279019 - samples/sec: 140.57 - lr: 0.000195
2022-03-25 04:34:40,416 epoch 58 - iter 460/469 - loss 0.01287476 - samples/sec: 140.04 - lr: 0.000195
2022-03-25 04:34:42,439 ----------------------------------------------------------------------------------------------------
2022-03-25 04:34:42,439 EPOCH 58 done: loss 0.0128 - lr 0.000195
2022-03-25 04:35:09,907 Evaluating as a multi-label problem: False
2022-03-25 04:35:09,946 DEV : loss 0.03123173862695694 - f1-score (micro avg)  0.9555
2022-03-25 04:35:10,238 BAD EPOCHS (no improvement): 3
2022-03-25 04:35:10,241 ----------------------------------------------------------------------------------------------------
2022-03-25 04:35:21,265 epoch 59 - iter 46/469 - loss 0.01524164 - samples/sec: 133.60 - lr: 0.000195
2022-03-25 04:35:31,581 epoch 59 - iter 92/469 - loss 0.01387863 - samples/sec: 142.75 - lr: 0.000195
2022-03-25 04:35:41,767 epoch 59 - iter 138/469 - loss 0.01316034 - samples/sec: 144.57 - lr: 0.000195
2022-03-25 04:35:52,578 epoch 59 - iter 184/469 - loss 0.01293387 - samples/sec: 136.22 - lr: 0.000195
2022-03-25 04:36:03,181 epoch 59 - iter 230/469 - loss 0.01330664 - samples/sec: 138.88 - lr: 0.000195
2022-03-25 04:36:13,506 epoch 59 - iter 276/469 - loss 0.01319165 - samples/sec: 142.63 - lr: 0.000195
2022-03-25 04:36:23,939 epoch 59 - iter 322/469 - loss 0.01348187 - samples/sec: 141.16 - lr: 0.000195
2022-03-25 04:36:34,478 epoch 59 - iter 368/469 - loss 0.01380659 - samples/sec: 139.73 - lr: 0.000195
2022-03-25 04:36:45,228 epoch 59 - iter 414/469 - loss 0.01380115 - samples/sec: 136.98 - lr: 0.000195
2022-03-25 04:36:56,010 epoch 59 - iter 460/469 - loss 0.01383741 - samples/sec: 136.58 - lr: 0.000195
2022-03-25 04:36:57,970 ----------------------------------------------------------------------------------------------------
2022-03-25 04:36:57,970 EPOCH 59 done: loss 0.0138 - lr 0.000195
2022-03-25 04:37:31,197 Evaluating as a multi-label problem: False
2022-03-25 04:37:31,236 DEV : loss 0.031233301386237144 - f1-score (micro avg)  0.9554
2022-03-25 04:37:31,532 Epoch    59: reducing learning rate of group 0 to 9.7656e-05.
2022-03-25 04:37:31,533 BAD EPOCHS (no improvement): 4
2022-03-25 04:37:31,536 ----------------------------------------------------------------------------------------------------
2022-03-25 04:37:31,536 ----------------------------------------------------------------------------------------------------
2022-03-25 04:37:31,536 learning rate too small - quitting training!
2022-03-25 04:37:31,536 ----------------------------------------------------------------------------------------------------
2022-03-25 04:38:13,338 ----------------------------------------------------------------------------------------------------
2022-03-25 04:38:13,339 loading file resources/taggers/model_06_r3_run_3/best-model.pt
2022-03-25 04:38:43,653 SequenceTagger predicts: Dictionary with 19 tags: O, S-LOC, B-LOC, E-LOC, I-LOC, S-PER, B-PER, E-PER, I-PER, S-ORG, B-ORG, E-ORG, I-ORG, S-MISC, B-MISC, E-MISC, I-MISC, <START>, <STOP>
2022-03-25 04:39:24,359 Evaluating as a multi-label problem: False
2022-03-25 04:39:24,396 0.9206	0.9252	0.9229	0.8869
2022-03-25 04:39:24,396 
Results:
- F-score (micro) 0.9229
- F-score (macro) 0.9113
- Accuracy 0.8869

By class:
              precision    recall  f1-score   support

         ORG     0.8857    0.9162    0.9007      1658
         LOC     0.9367    0.9351    0.9359      1663
         PER     0.9748    0.9603    0.9675      1612
        MISC     0.8422    0.8397    0.8409       680

   micro avg     0.9206    0.9252    0.9229      5613
   macro avg     0.9099    0.9128    0.9113      5613
weighted avg     0.9211    0.9252    0.9231      5613

2022-03-25 04:39:24,396 ----------------------------------------------------------------------------------------------------
