2022-03-27 22:51:56,831 ----------------------------------------------------------------------------------------------------
2022-03-27 22:51:56,831 Model: "SequenceTagger(
  (embeddings): StackedEmbeddings(
    (list_embedding_0): FlairEmbeddings(
      (lm): LanguageModel(
        (drop): Dropout(p=0.05, inplace=False)
        (encoder): Embedding(300, 100)
        (rnn): LSTM(100, 2048)
        (decoder): Linear(in_features=2048, out_features=300, bias=True)
      )
    )
    (list_embedding_1): FlairEmbeddings(
      (lm): LanguageModel(
        (drop): Dropout(p=0.05, inplace=False)
        (encoder): Embedding(300, 100)
        (rnn): LSTM(100, 2048)
        (decoder): Linear(in_features=2048, out_features=300, bias=True)
      )
    )
  )
  (word_dropout): WordDropout(p=0.05)
  (locked_dropout): LockedDropout(p=0.5)
  (embedding2nn): Linear(in_features=4096, out_features=4096, bias=True)
  (rnn): LSTM(4096, 256, batch_first=True, bidirectional=True)
  (linear): Linear(in_features=512, out_features=27, bias=True)
  (loss_function): ViterbiLoss()
  (crf): CRF()
)"
2022-03-27 22:51:56,832 ----------------------------------------------------------------------------------------------------
2022-03-27 22:51:56,833 Corpus: "Corpus: 3394 train + 1009 dev + 1287 test sentences"
2022-03-27 22:51:56,834 ----------------------------------------------------------------------------------------------------
2022-03-27 22:51:56,834 Parameters:
2022-03-27 22:51:56,835  - learning_rate: "0.100000"
2022-03-27 22:51:56,835  - mini_batch_size: "32"
2022-03-27 22:51:56,836  - patience: "3"
2022-03-27 22:51:56,836  - anneal_factor: "0.5"
2022-03-27 22:51:56,837  - max_epochs: "150"
2022-03-27 22:51:56,838  - shuffle: "True"
2022-03-27 22:51:56,838  - train_with_dev: "False"
2022-03-27 22:51:56,838  - batch_growth_annealing: "False"
2022-03-27 22:51:56,839 ----------------------------------------------------------------------------------------------------
2022-03-27 22:51:56,839 Model training base path: "resources/taggers/model_02_r5_run_1"
2022-03-27 22:51:56,841 ----------------------------------------------------------------------------------------------------
2022-03-27 22:51:56,841 Device: cuda:0
2022-03-27 22:51:56,841 ----------------------------------------------------------------------------------------------------
2022-03-27 22:51:56,841 Embeddings storage mode: cpu
2022-03-27 22:51:56,841 ----------------------------------------------------------------------------------------------------
2022-03-27 22:52:00,282 epoch 1 - iter 10/107 - loss 1.11299681 - samples/sec: 93.02 - lr: 0.100000
2022-03-27 22:52:03,952 epoch 1 - iter 20/107 - loss 0.68598681 - samples/sec: 87.23 - lr: 0.100000
2022-03-27 22:52:07,576 epoch 1 - iter 30/107 - loss 0.54361053 - samples/sec: 88.32 - lr: 0.100000
2022-03-27 22:52:11,166 epoch 1 - iter 40/107 - loss 0.46576794 - samples/sec: 89.16 - lr: 0.100000
2022-03-27 22:52:14,664 epoch 1 - iter 50/107 - loss 0.41350035 - samples/sec: 91.50 - lr: 0.100000
2022-03-27 22:52:17,906 epoch 1 - iter 60/107 - loss 0.38935356 - samples/sec: 98.74 - lr: 0.100000
2022-03-27 22:52:21,374 epoch 1 - iter 70/107 - loss 0.37076593 - samples/sec: 92.30 - lr: 0.100000
2022-03-27 22:52:24,645 epoch 1 - iter 80/107 - loss 0.36159013 - samples/sec: 97.86 - lr: 0.100000
2022-03-27 22:52:27,776 epoch 1 - iter 90/107 - loss 0.35348442 - samples/sec: 102.25 - lr: 0.100000
2022-03-27 22:52:30,866 epoch 1 - iter 100/107 - loss 0.34478480 - samples/sec: 103.59 - lr: 0.100000
2022-03-27 22:52:32,518 ----------------------------------------------------------------------------------------------------
2022-03-27 22:52:32,518 EPOCH 1 done: loss 0.3377 - lr 0.100000
2022-03-27 22:52:41,997 Evaluating as a multi-label problem: False
2022-03-27 22:52:42,009 DEV : loss 0.4461701512336731 - f1-score (micro avg)  0.0602
2022-03-27 22:52:42,065 BAD EPOCHS (no improvement): 0
2022-03-27 22:52:42,068 saving best model
2022-03-27 22:52:43,117 ----------------------------------------------------------------------------------------------------
2022-03-27 22:52:45,282 epoch 2 - iter 10/107 - loss 0.19951075 - samples/sec: 147.88 - lr: 0.100000
2022-03-27 22:52:47,371 epoch 2 - iter 20/107 - loss 0.20160141 - samples/sec: 153.30 - lr: 0.100000
2022-03-27 22:52:49,528 epoch 2 - iter 30/107 - loss 0.19758432 - samples/sec: 148.41 - lr: 0.100000
2022-03-27 22:52:51,692 epoch 2 - iter 40/107 - loss 0.19998066 - samples/sec: 147.94 - lr: 0.100000
2022-03-27 22:52:53,843 epoch 2 - iter 50/107 - loss 0.20817795 - samples/sec: 148.85 - lr: 0.100000
2022-03-27 22:52:55,879 epoch 2 - iter 60/107 - loss 0.20352328 - samples/sec: 157.26 - lr: 0.100000
2022-03-27 22:52:57,996 epoch 2 - iter 70/107 - loss 0.19880743 - samples/sec: 151.23 - lr: 0.100000
2022-03-27 22:53:00,092 epoch 2 - iter 80/107 - loss 0.19415295 - samples/sec: 152.69 - lr: 0.100000
2022-03-27 22:53:02,011 epoch 2 - iter 90/107 - loss 0.19199829 - samples/sec: 166.88 - lr: 0.100000
2022-03-27 22:53:03,659 epoch 2 - iter 100/107 - loss 0.19187795 - samples/sec: 194.26 - lr: 0.100000
2022-03-27 22:53:04,521 ----------------------------------------------------------------------------------------------------
2022-03-27 22:53:04,522 EPOCH 2 done: loss 0.1892 - lr 0.100000
2022-03-27 22:53:08,420 Evaluating as a multi-label problem: False
2022-03-27 22:53:08,431 DEV : loss 0.2656029462814331 - f1-score (micro avg)  0.4858
2022-03-27 22:53:08,484 BAD EPOCHS (no improvement): 0
2022-03-27 22:53:08,558 saving best model
2022-03-27 22:53:10,234 ----------------------------------------------------------------------------------------------------
2022-03-27 22:53:12,494 epoch 3 - iter 10/107 - loss 0.17388460 - samples/sec: 141.67 - lr: 0.100000
2022-03-27 22:53:14,547 epoch 3 - iter 20/107 - loss 0.16402353 - samples/sec: 155.93 - lr: 0.100000
2022-03-27 22:53:16,678 epoch 3 - iter 30/107 - loss 0.16536716 - samples/sec: 150.20 - lr: 0.100000
2022-03-27 22:53:18,706 epoch 3 - iter 40/107 - loss 0.16440381 - samples/sec: 157.92 - lr: 0.100000
2022-03-27 22:53:20,737 epoch 3 - iter 50/107 - loss 0.16104140 - samples/sec: 157.61 - lr: 0.100000
2022-03-27 22:53:22,764 epoch 3 - iter 60/107 - loss 0.15622992 - samples/sec: 157.91 - lr: 0.100000
2022-03-27 22:53:24,955 epoch 3 - iter 70/107 - loss 0.15555229 - samples/sec: 146.12 - lr: 0.100000
2022-03-27 22:53:27,112 epoch 3 - iter 80/107 - loss 0.15940580 - samples/sec: 148.47 - lr: 0.100000
2022-03-27 22:53:29,299 epoch 3 - iter 90/107 - loss 0.15998113 - samples/sec: 146.35 - lr: 0.100000
2022-03-27 22:53:31,380 epoch 3 - iter 100/107 - loss 0.15915214 - samples/sec: 153.85 - lr: 0.100000
2022-03-27 22:53:32,643 ----------------------------------------------------------------------------------------------------
2022-03-27 22:53:32,643 EPOCH 3 done: loss 0.1590 - lr 0.100000
2022-03-27 22:53:37,650 Evaluating as a multi-label problem: False
2022-03-27 22:53:37,660 DEV : loss 0.2799159586429596 - f1-score (micro avg)  0.4314
2022-03-27 22:53:37,713 BAD EPOCHS (no improvement): 1
2022-03-27 22:53:37,715 ----------------------------------------------------------------------------------------------------
2022-03-27 22:53:38,933 epoch 4 - iter 10/107 - loss 0.16377101 - samples/sec: 263.01 - lr: 0.100000
2022-03-27 22:53:40,406 epoch 4 - iter 20/107 - loss 0.14643788 - samples/sec: 217.33 - lr: 0.100000
2022-03-27 22:53:41,795 epoch 4 - iter 30/107 - loss 0.13887009 - samples/sec: 230.57 - lr: 0.100000
2022-03-27 22:53:42,530 epoch 4 - iter 40/107 - loss 0.13716436 - samples/sec: 436.35 - lr: 0.100000
2022-03-27 22:53:43,256 epoch 4 - iter 50/107 - loss 0.13766872 - samples/sec: 441.18 - lr: 0.100000
2022-03-27 22:53:44,145 epoch 4 - iter 60/107 - loss 0.14186898 - samples/sec: 360.48 - lr: 0.100000
2022-03-27 22:53:46,301 epoch 4 - iter 70/107 - loss 0.14396750 - samples/sec: 148.45 - lr: 0.100000
2022-03-27 22:53:48,435 epoch 4 - iter 80/107 - loss 0.14316136 - samples/sec: 150.08 - lr: 0.100000
2022-03-27 22:53:50,619 epoch 4 - iter 90/107 - loss 0.14245987 - samples/sec: 146.64 - lr: 0.100000
2022-03-27 22:53:52,918 epoch 4 - iter 100/107 - loss 0.14314340 - samples/sec: 139.36 - lr: 0.100000
2022-03-27 22:53:54,278 ----------------------------------------------------------------------------------------------------
2022-03-27 22:53:54,278 EPOCH 4 done: loss 0.1406 - lr 0.100000
2022-03-27 22:54:01,461 Evaluating as a multi-label problem: False
2022-03-27 22:54:01,472 DEV : loss 0.2644583582878113 - f1-score (micro avg)  0.4065
2022-03-27 22:54:01,527 BAD EPOCHS (no improvement): 2
2022-03-27 22:54:01,529 ----------------------------------------------------------------------------------------------------
2022-03-27 22:54:03,734 epoch 5 - iter 10/107 - loss 0.14388672 - samples/sec: 145.25 - lr: 0.100000
2022-03-27 22:54:05,868 epoch 5 - iter 20/107 - loss 0.14109648 - samples/sec: 150.09 - lr: 0.100000
2022-03-27 22:54:08,117 epoch 5 - iter 30/107 - loss 0.13606966 - samples/sec: 142.37 - lr: 0.100000
2022-03-27 22:54:10,043 epoch 5 - iter 40/107 - loss 0.13874474 - samples/sec: 166.26 - lr: 0.100000
2022-03-27 22:54:11,771 epoch 5 - iter 50/107 - loss 0.13574988 - samples/sec: 185.34 - lr: 0.100000
2022-03-27 22:54:13,368 epoch 5 - iter 60/107 - loss 0.13394315 - samples/sec: 200.51 - lr: 0.100000
2022-03-27 22:54:14,976 epoch 5 - iter 70/107 - loss 0.13014402 - samples/sec: 199.14 - lr: 0.100000
2022-03-27 22:54:16,504 epoch 5 - iter 80/107 - loss 0.12757317 - samples/sec: 209.59 - lr: 0.100000
2022-03-27 22:54:18,084 epoch 5 - iter 90/107 - loss 0.12602143 - samples/sec: 202.77 - lr: 0.100000
2022-03-27 22:54:20,244 epoch 5 - iter 100/107 - loss 0.12823282 - samples/sec: 148.22 - lr: 0.100000
2022-03-27 22:54:21,535 ----------------------------------------------------------------------------------------------------
2022-03-27 22:54:21,535 EPOCH 5 done: loss 0.1276 - lr 0.100000
2022-03-27 22:54:28,098 Evaluating as a multi-label problem: False
2022-03-27 22:54:28,111 DEV : loss 0.21784767508506775 - f1-score (micro avg)  0.4758
2022-03-27 22:54:28,164 BAD EPOCHS (no improvement): 3
2022-03-27 22:54:28,167 ----------------------------------------------------------------------------------------------------
2022-03-27 22:54:30,333 epoch 6 - iter 10/107 - loss 0.12309172 - samples/sec: 147.80 - lr: 0.100000
2022-03-27 22:54:32,531 epoch 6 - iter 20/107 - loss 0.12095807 - samples/sec: 145.69 - lr: 0.100000
2022-03-27 22:54:34,677 epoch 6 - iter 30/107 - loss 0.11723592 - samples/sec: 149.22 - lr: 0.100000
2022-03-27 22:54:36,725 epoch 6 - iter 40/107 - loss 0.11237242 - samples/sec: 156.33 - lr: 0.100000
2022-03-27 22:54:38,828 epoch 6 - iter 50/107 - loss 0.11184543 - samples/sec: 152.18 - lr: 0.100000
2022-03-27 22:54:40,992 epoch 6 - iter 60/107 - loss 0.11601876 - samples/sec: 148.00 - lr: 0.100000
2022-03-27 22:54:43,137 epoch 6 - iter 70/107 - loss 0.11549213 - samples/sec: 149.21 - lr: 0.100000
2022-03-27 22:54:45,016 epoch 6 - iter 80/107 - loss 0.11606203 - samples/sec: 170.40 - lr: 0.100000
2022-03-27 22:54:46,587 epoch 6 - iter 90/107 - loss 0.11534498 - samples/sec: 203.89 - lr: 0.100000
2022-03-27 22:54:47,905 epoch 6 - iter 100/107 - loss 0.11565654 - samples/sec: 242.92 - lr: 0.100000
2022-03-27 22:54:48,955 ----------------------------------------------------------------------------------------------------
2022-03-27 22:54:48,955 EPOCH 6 done: loss 0.1174 - lr 0.100000
2022-03-27 22:54:53,382 Evaluating as a multi-label problem: False
2022-03-27 22:54:53,393 DEV : loss 0.2194976806640625 - f1-score (micro avg)  0.4816
2022-03-27 22:54:53,449 Epoch     6: reducing learning rate of group 0 to 5.0000e-02.
2022-03-27 22:54:53,449 BAD EPOCHS (no improvement): 4
2022-03-27 22:54:53,452 ----------------------------------------------------------------------------------------------------
2022-03-27 22:54:55,758 epoch 7 - iter 10/107 - loss 0.11396283 - samples/sec: 138.86 - lr: 0.050000
2022-03-27 22:54:58,004 epoch 7 - iter 20/107 - loss 0.10426259 - samples/sec: 142.57 - lr: 0.050000
2022-03-27 22:55:00,248 epoch 7 - iter 30/107 - loss 0.10761832 - samples/sec: 142.71 - lr: 0.050000
2022-03-27 22:55:02,312 epoch 7 - iter 40/107 - loss 0.10213934 - samples/sec: 155.15 - lr: 0.050000
2022-03-27 22:55:04,453 epoch 7 - iter 50/107 - loss 0.10225593 - samples/sec: 149.54 - lr: 0.050000
2022-03-27 22:55:06,571 epoch 7 - iter 60/107 - loss 0.10445196 - samples/sec: 151.18 - lr: 0.050000
2022-03-27 22:55:08,717 epoch 7 - iter 70/107 - loss 0.10589629 - samples/sec: 149.18 - lr: 0.050000
2022-03-27 22:55:10,874 epoch 7 - iter 80/107 - loss 0.10768261 - samples/sec: 148.44 - lr: 0.050000
2022-03-27 22:55:13,088 epoch 7 - iter 90/107 - loss 0.10374200 - samples/sec: 144.65 - lr: 0.050000
2022-03-27 22:55:15,190 epoch 7 - iter 100/107 - loss 0.10589726 - samples/sec: 152.28 - lr: 0.050000
2022-03-27 22:55:16,546 ----------------------------------------------------------------------------------------------------
2022-03-27 22:55:16,547 EPOCH 7 done: loss 0.1056 - lr 0.050000
2022-03-27 22:55:22,409 Evaluating as a multi-label problem: False
2022-03-27 22:55:22,420 DEV : loss 0.25147974491119385 - f1-score (micro avg)  0.3971
2022-03-27 22:55:22,473 BAD EPOCHS (no improvement): 1
2022-03-27 22:55:22,475 ----------------------------------------------------------------------------------------------------
2022-03-27 22:55:24,125 epoch 8 - iter 10/107 - loss 0.09534822 - samples/sec: 194.12 - lr: 0.050000
2022-03-27 22:55:25,758 epoch 8 - iter 20/107 - loss 0.09686272 - samples/sec: 196.10 - lr: 0.050000
2022-03-27 22:55:27,272 epoch 8 - iter 30/107 - loss 0.09771093 - samples/sec: 211.52 - lr: 0.050000
2022-03-27 22:55:29,033 epoch 8 - iter 40/107 - loss 0.10194463 - samples/sec: 181.83 - lr: 0.050000
2022-03-27 22:55:31,142 epoch 8 - iter 50/107 - loss 0.10007561 - samples/sec: 151.82 - lr: 0.050000
2022-03-27 22:55:33,251 epoch 8 - iter 60/107 - loss 0.10026827 - samples/sec: 151.82 - lr: 0.050000
2022-03-27 22:55:35,445 epoch 8 - iter 70/107 - loss 0.10048221 - samples/sec: 145.88 - lr: 0.050000
2022-03-27 22:55:37,139 epoch 8 - iter 80/107 - loss 0.09957869 - samples/sec: 189.06 - lr: 0.050000
2022-03-27 22:55:39,321 epoch 8 - iter 90/107 - loss 0.10033065 - samples/sec: 146.73 - lr: 0.050000
2022-03-27 22:55:41,480 epoch 8 - iter 100/107 - loss 0.10008985 - samples/sec: 148.30 - lr: 0.050000
2022-03-27 22:55:42,834 ----------------------------------------------------------------------------------------------------
2022-03-27 22:55:42,834 EPOCH 8 done: loss 0.0982 - lr 0.050000
2022-03-27 22:55:49,890 Evaluating as a multi-label problem: False
2022-03-27 22:55:49,900 DEV : loss 0.21070125699043274 - f1-score (micro avg)  0.4722
2022-03-27 22:55:49,954 BAD EPOCHS (no improvement): 2
2022-03-27 22:55:49,957 ----------------------------------------------------------------------------------------------------
2022-03-27 22:55:52,040 epoch 9 - iter 10/107 - loss 0.11093453 - samples/sec: 153.76 - lr: 0.050000
2022-03-27 22:55:54,117 epoch 9 - iter 20/107 - loss 0.09836084 - samples/sec: 154.08 - lr: 0.050000
2022-03-27 22:55:56,025 epoch 9 - iter 30/107 - loss 0.10074353 - samples/sec: 167.84 - lr: 0.050000
2022-03-27 22:55:57,726 epoch 9 - iter 40/107 - loss 0.09899027 - samples/sec: 188.25 - lr: 0.050000
2022-03-27 22:55:59,237 epoch 9 - iter 50/107 - loss 0.10085855 - samples/sec: 211.86 - lr: 0.050000
2022-03-27 22:56:00,654 epoch 9 - iter 60/107 - loss 0.09939966 - samples/sec: 226.07 - lr: 0.050000
2022-03-27 22:56:02,387 epoch 9 - iter 70/107 - loss 0.09824620 - samples/sec: 184.69 - lr: 0.050000
2022-03-27 22:56:03,881 epoch 9 - iter 80/107 - loss 0.09740495 - samples/sec: 214.38 - lr: 0.050000
2022-03-27 22:56:05,953 epoch 9 - iter 90/107 - loss 0.09812533 - samples/sec: 154.48 - lr: 0.050000
2022-03-27 22:56:08,039 epoch 9 - iter 100/107 - loss 0.09591747 - samples/sec: 153.49 - lr: 0.050000
2022-03-27 22:56:09,381 ----------------------------------------------------------------------------------------------------
2022-03-27 22:56:09,381 EPOCH 9 done: loss 0.0962 - lr 0.050000
2022-03-27 22:56:15,940 Evaluating as a multi-label problem: False
2022-03-27 22:56:15,951 DEV : loss 0.227681964635849 - f1-score (micro avg)  0.4392
2022-03-27 22:56:16,004 BAD EPOCHS (no improvement): 3
2022-03-27 22:56:16,008 ----------------------------------------------------------------------------------------------------
2022-03-27 22:56:18,148 epoch 10 - iter 10/107 - loss 0.11122673 - samples/sec: 149.61 - lr: 0.050000
2022-03-27 22:56:20,252 epoch 10 - iter 20/107 - loss 0.09506200 - samples/sec: 152.19 - lr: 0.050000
2022-03-27 22:56:22,414 epoch 10 - iter 30/107 - loss 0.09708610 - samples/sec: 148.09 - lr: 0.050000
2022-03-27 22:56:24,456 epoch 10 - iter 40/107 - loss 0.09490447 - samples/sec: 156.77 - lr: 0.050000
2022-03-27 22:56:26,614 epoch 10 - iter 50/107 - loss 0.09522529 - samples/sec: 148.41 - lr: 0.050000
2022-03-27 22:56:28,753 epoch 10 - iter 60/107 - loss 0.09389624 - samples/sec: 149.64 - lr: 0.050000
2022-03-27 22:56:30,857 epoch 10 - iter 70/107 - loss 0.09238248 - samples/sec: 152.14 - lr: 0.050000
2022-03-27 22:56:32,459 epoch 10 - iter 80/107 - loss 0.09335998 - samples/sec: 199.93 - lr: 0.050000
2022-03-27 22:56:33,891 epoch 10 - iter 90/107 - loss 0.09306090 - samples/sec: 223.61 - lr: 0.050000
2022-03-27 22:56:35,467 epoch 10 - iter 100/107 - loss 0.09158163 - samples/sec: 203.10 - lr: 0.050000
2022-03-27 22:56:36,406 ----------------------------------------------------------------------------------------------------
2022-03-27 22:56:36,406 EPOCH 10 done: loss 0.0915 - lr 0.050000
2022-03-27 22:56:42,042 Evaluating as a multi-label problem: False
2022-03-27 22:56:42,052 DEV : loss 0.21055838465690613 - f1-score (micro avg)  0.4683
2022-03-27 22:56:42,107 Epoch    10: reducing learning rate of group 0 to 2.5000e-02.
2022-03-27 22:56:42,107 BAD EPOCHS (no improvement): 4
2022-03-27 22:56:42,112 ----------------------------------------------------------------------------------------------------
2022-03-27 22:56:44,242 epoch 11 - iter 10/107 - loss 0.09181586 - samples/sec: 150.34 - lr: 0.025000
2022-03-27 22:56:46,332 epoch 11 - iter 20/107 - loss 0.08745871 - samples/sec: 153.23 - lr: 0.025000
2022-03-27 22:56:48,460 epoch 11 - iter 30/107 - loss 0.09408550 - samples/sec: 150.45 - lr: 0.025000
2022-03-27 22:56:50,615 epoch 11 - iter 40/107 - loss 0.08834898 - samples/sec: 148.52 - lr: 0.025000
2022-03-27 22:56:52,738 epoch 11 - iter 50/107 - loss 0.08653222 - samples/sec: 150.85 - lr: 0.025000
2022-03-27 22:56:54,927 epoch 11 - iter 60/107 - loss 0.08577399 - samples/sec: 146.22 - lr: 0.025000
2022-03-27 22:56:57,075 epoch 11 - iter 70/107 - loss 0.08724568 - samples/sec: 149.03 - lr: 0.025000
2022-03-27 22:56:59,166 epoch 11 - iter 80/107 - loss 0.08637254 - samples/sec: 153.11 - lr: 0.025000
2022-03-27 22:57:01,350 epoch 11 - iter 90/107 - loss 0.08674585 - samples/sec: 146.57 - lr: 0.025000
2022-03-27 22:57:03,494 epoch 11 - iter 100/107 - loss 0.08683653 - samples/sec: 149.34 - lr: 0.025000
2022-03-27 22:57:04,755 ----------------------------------------------------------------------------------------------------
2022-03-27 22:57:04,755 EPOCH 11 done: loss 0.0865 - lr 0.025000
2022-03-27 22:57:09,725 Evaluating as a multi-label problem: False
2022-03-27 22:57:09,735 DEV : loss 0.20150983333587646 - f1-score (micro avg)  0.4761
2022-03-27 22:57:09,788 BAD EPOCHS (no improvement): 1
2022-03-27 22:57:09,793 ----------------------------------------------------------------------------------------------------
2022-03-27 22:57:11,308 epoch 12 - iter 10/107 - loss 0.08454009 - samples/sec: 211.33 - lr: 0.025000
2022-03-27 22:57:12,042 epoch 12 - iter 20/107 - loss 0.08574617 - samples/sec: 436.68 - lr: 0.025000
2022-03-27 22:57:14,047 epoch 12 - iter 30/107 - loss 0.08685362 - samples/sec: 159.71 - lr: 0.025000
2022-03-27 22:57:16,197 epoch 12 - iter 40/107 - loss 0.08767127 - samples/sec: 148.91 - lr: 0.025000
2022-03-27 22:57:18,228 epoch 12 - iter 50/107 - loss 0.08796190 - samples/sec: 157.59 - lr: 0.025000
2022-03-27 22:57:20,542 epoch 12 - iter 60/107 - loss 0.08783065 - samples/sec: 138.38 - lr: 0.025000
2022-03-27 22:57:22,725 epoch 12 - iter 70/107 - loss 0.08764718 - samples/sec: 146.66 - lr: 0.025000
2022-03-27 22:57:24,816 epoch 12 - iter 80/107 - loss 0.08563911 - samples/sec: 153.17 - lr: 0.025000
2022-03-27 22:57:26,947 epoch 12 - iter 90/107 - loss 0.08581821 - samples/sec: 150.24 - lr: 0.025000
2022-03-27 22:57:29,090 epoch 12 - iter 100/107 - loss 0.08409059 - samples/sec: 149.37 - lr: 0.025000
2022-03-27 22:57:30,328 ----------------------------------------------------------------------------------------------------
2022-03-27 22:57:30,328 EPOCH 12 done: loss 0.0831 - lr 0.025000
2022-03-27 22:57:37,082 Evaluating as a multi-label problem: False
2022-03-27 22:57:37,093 DEV : loss 0.2078452706336975 - f1-score (micro avg)  0.4756
2022-03-27 22:57:37,146 BAD EPOCHS (no improvement): 2
2022-03-27 22:57:37,149 ----------------------------------------------------------------------------------------------------
2022-03-27 22:57:39,287 epoch 13 - iter 10/107 - loss 0.08238146 - samples/sec: 149.81 - lr: 0.025000
2022-03-27 22:57:40,976 epoch 13 - iter 20/107 - loss 0.07985018 - samples/sec: 189.51 - lr: 0.025000
2022-03-27 22:57:42,561 epoch 13 - iter 30/107 - loss 0.08136116 - samples/sec: 201.99 - lr: 0.025000
2022-03-27 22:57:44,105 epoch 13 - iter 40/107 - loss 0.07859591 - samples/sec: 207.49 - lr: 0.025000
2022-03-27 22:57:45,328 epoch 13 - iter 50/107 - loss 0.07996825 - samples/sec: 261.77 - lr: 0.025000
2022-03-27 22:57:46,968 epoch 13 - iter 60/107 - loss 0.08167213 - samples/sec: 195.25 - lr: 0.025000
2022-03-27 22:57:48,214 epoch 13 - iter 70/107 - loss 0.08189859 - samples/sec: 257.06 - lr: 0.025000
2022-03-27 22:57:48,950 epoch 13 - iter 80/107 - loss 0.08259108 - samples/sec: 435.30 - lr: 0.025000
2022-03-27 22:57:49,668 epoch 13 - iter 90/107 - loss 0.08094149 - samples/sec: 446.05 - lr: 0.025000
2022-03-27 22:57:51,856 epoch 13 - iter 100/107 - loss 0.08073082 - samples/sec: 146.33 - lr: 0.025000
2022-03-27 22:57:53,144 ----------------------------------------------------------------------------------------------------
2022-03-27 22:57:53,144 EPOCH 13 done: loss 0.0814 - lr 0.025000
2022-03-27 22:58:00,223 Evaluating as a multi-label problem: False
2022-03-27 22:58:00,233 DEV : loss 0.1986268162727356 - f1-score (micro avg)  0.4786
2022-03-27 22:58:00,286 BAD EPOCHS (no improvement): 3
2022-03-27 22:58:00,289 ----------------------------------------------------------------------------------------------------
2022-03-27 22:58:02,353 epoch 14 - iter 10/107 - loss 0.05987745 - samples/sec: 155.11 - lr: 0.025000
2022-03-27 22:58:04,563 epoch 14 - iter 20/107 - loss 0.07559090 - samples/sec: 144.86 - lr: 0.025000
2022-03-27 22:58:06,664 epoch 14 - iter 30/107 - loss 0.07681995 - samples/sec: 152.41 - lr: 0.025000
2022-03-27 22:58:08,825 epoch 14 - iter 40/107 - loss 0.08033712 - samples/sec: 148.15 - lr: 0.025000
2022-03-27 22:58:10,937 epoch 14 - iter 50/107 - loss 0.08010429 - samples/sec: 151.53 - lr: 0.025000
2022-03-27 22:58:13,040 epoch 14 - iter 60/107 - loss 0.07995406 - samples/sec: 152.27 - lr: 0.025000
2022-03-27 22:58:15,129 epoch 14 - iter 70/107 - loss 0.08065920 - samples/sec: 153.25 - lr: 0.025000
2022-03-27 22:58:16,934 epoch 14 - iter 80/107 - loss 0.08086998 - samples/sec: 177.37 - lr: 0.025000
2022-03-27 22:58:18,546 epoch 14 - iter 90/107 - loss 0.08200751 - samples/sec: 198.61 - lr: 0.025000
2022-03-27 22:58:20,011 epoch 14 - iter 100/107 - loss 0.07990101 - samples/sec: 218.53 - lr: 0.025000
2022-03-27 22:58:21,075 ----------------------------------------------------------------------------------------------------
2022-03-27 22:58:21,075 EPOCH 14 done: loss 0.0792 - lr 0.025000
2022-03-27 22:58:24,482 Evaluating as a multi-label problem: False
2022-03-27 22:58:24,492 DEV : loss 0.21936601400375366 - f1-score (micro avg)  0.4505
2022-03-27 22:58:24,563 Epoch    14: reducing learning rate of group 0 to 1.2500e-02.
2022-03-27 22:58:24,563 BAD EPOCHS (no improvement): 4
2022-03-27 22:58:24,566 ----------------------------------------------------------------------------------------------------
2022-03-27 22:58:26,793 epoch 15 - iter 10/107 - loss 0.08068663 - samples/sec: 143.79 - lr: 0.012500
2022-03-27 22:58:28,930 epoch 15 - iter 20/107 - loss 0.07573587 - samples/sec: 149.82 - lr: 0.012500
2022-03-27 22:58:30,964 epoch 15 - iter 30/107 - loss 0.07515359 - samples/sec: 157.41 - lr: 0.012500
2022-03-27 22:58:33,172 epoch 15 - iter 40/107 - loss 0.07901496 - samples/sec: 145.00 - lr: 0.012500
2022-03-27 22:58:35,348 epoch 15 - iter 50/107 - loss 0.07636597 - samples/sec: 147.13 - lr: 0.012500
2022-03-27 22:58:37,439 epoch 15 - iter 60/107 - loss 0.07772363 - samples/sec: 153.13 - lr: 0.012500
2022-03-27 22:58:39,474 epoch 15 - iter 70/107 - loss 0.07564633 - samples/sec: 157.32 - lr: 0.012500
2022-03-27 22:58:41,584 epoch 15 - iter 80/107 - loss 0.07394999 - samples/sec: 151.76 - lr: 0.012500
2022-03-27 22:58:43,657 epoch 15 - iter 90/107 - loss 0.07421579 - samples/sec: 154.44 - lr: 0.012500
2022-03-27 22:58:45,815 epoch 15 - iter 100/107 - loss 0.07640262 - samples/sec: 148.37 - lr: 0.012500
2022-03-27 22:58:47,175 ----------------------------------------------------------------------------------------------------
2022-03-27 22:58:47,175 EPOCH 15 done: loss 0.0767 - lr 0.012500
2022-03-27 22:58:53,400 Evaluating as a multi-label problem: False
2022-03-27 22:58:53,411 DEV : loss 0.20198623836040497 - f1-score (micro avg)  0.4825
2022-03-27 22:58:53,464 BAD EPOCHS (no improvement): 1
2022-03-27 22:58:53,468 ----------------------------------------------------------------------------------------------------
2022-03-27 22:58:54,979 epoch 16 - iter 10/107 - loss 0.07458736 - samples/sec: 211.91 - lr: 0.012500
2022-03-27 22:58:56,472 epoch 16 - iter 20/107 - loss 0.07534692 - samples/sec: 214.48 - lr: 0.012500
2022-03-27 22:58:58,051 epoch 16 - iter 30/107 - loss 0.07477058 - samples/sec: 202.80 - lr: 0.012500
2022-03-27 22:58:59,493 epoch 16 - iter 40/107 - loss 0.07540168 - samples/sec: 222.07 - lr: 0.012500
2022-03-27 22:59:00,464 epoch 16 - iter 50/107 - loss 0.07790525 - samples/sec: 329.84 - lr: 0.012500
2022-03-27 22:59:01,188 epoch 16 - iter 60/107 - loss 0.07853503 - samples/sec: 442.38 - lr: 0.012500
2022-03-27 22:59:01,912 epoch 16 - iter 70/107 - loss 0.07773058 - samples/sec: 442.94 - lr: 0.012500
2022-03-27 22:59:04,132 epoch 16 - iter 80/107 - loss 0.07764581 - samples/sec: 144.18 - lr: 0.012500
2022-03-27 22:59:06,309 epoch 16 - iter 90/107 - loss 0.07670784 - samples/sec: 147.09 - lr: 0.012500
2022-03-27 22:59:08,500 epoch 16 - iter 100/107 - loss 0.07567612 - samples/sec: 146.19 - lr: 0.012500
2022-03-27 22:59:09,810 ----------------------------------------------------------------------------------------------------
2022-03-27 22:59:09,810 EPOCH 16 done: loss 0.0752 - lr 0.012500
2022-03-27 22:59:16,906 Evaluating as a multi-label problem: False
2022-03-27 22:59:16,918 DEV : loss 0.20342634618282318 - f1-score (micro avg)  0.4806
2022-03-27 22:59:16,977 BAD EPOCHS (no improvement): 2
2022-03-27 22:59:17,962 ----------------------------------------------------------------------------------------------------
2022-03-27 22:59:20,097 epoch 17 - iter 10/107 - loss 0.07262967 - samples/sec: 150.04 - lr: 0.012500
2022-03-27 22:59:22,247 epoch 17 - iter 20/107 - loss 0.06885855 - samples/sec: 148.88 - lr: 0.012500
2022-03-27 22:59:24,478 epoch 17 - iter 30/107 - loss 0.07159348 - samples/sec: 143.51 - lr: 0.012500
2022-03-27 22:59:26,094 epoch 17 - iter 40/107 - loss 0.07508914 - samples/sec: 198.13 - lr: 0.012500
2022-03-27 22:59:27,760 epoch 17 - iter 50/107 - loss 0.07342701 - samples/sec: 192.18 - lr: 0.012500
2022-03-27 22:59:29,269 epoch 17 - iter 60/107 - loss 0.07300246 - samples/sec: 212.33 - lr: 0.012500
2022-03-27 22:59:30,860 epoch 17 - iter 70/107 - loss 0.07298066 - samples/sec: 201.23 - lr: 0.012500
2022-03-27 22:59:32,573 epoch 17 - iter 80/107 - loss 0.07241733 - samples/sec: 186.96 - lr: 0.012500
2022-03-27 22:59:34,448 epoch 17 - iter 90/107 - loss 0.07329885 - samples/sec: 170.73 - lr: 0.012500
2022-03-27 22:59:36,487 epoch 17 - iter 100/107 - loss 0.07492531 - samples/sec: 157.02 - lr: 0.012500
2022-03-27 22:59:37,804 ----------------------------------------------------------------------------------------------------
2022-03-27 22:59:37,804 EPOCH 17 done: loss 0.0747 - lr 0.012500
2022-03-27 22:59:44,416 Evaluating as a multi-label problem: False
2022-03-27 22:59:44,426 DEV : loss 0.19482560455799103 - f1-score (micro avg)  0.4965
2022-03-27 22:59:44,479 BAD EPOCHS (no improvement): 0
2022-03-27 22:59:44,483 saving best model
2022-03-27 22:59:45,678 ----------------------------------------------------------------------------------------------------
2022-03-27 22:59:47,852 epoch 18 - iter 10/107 - loss 0.07063300 - samples/sec: 147.24 - lr: 0.012500
2022-03-27 22:59:49,959 epoch 18 - iter 20/107 - loss 0.06761057 - samples/sec: 151.98 - lr: 0.012500
2022-03-27 22:59:52,073 epoch 18 - iter 30/107 - loss 0.06845835 - samples/sec: 151.45 - lr: 0.012500
2022-03-27 22:59:54,252 epoch 18 - iter 40/107 - loss 0.06991629 - samples/sec: 146.91 - lr: 0.012500
2022-03-27 22:59:56,483 epoch 18 - iter 50/107 - loss 0.07151508 - samples/sec: 143.54 - lr: 0.012500
2022-03-27 22:59:58,277 epoch 18 - iter 60/107 - loss 0.07468274 - samples/sec: 178.48 - lr: 0.012500
2022-03-27 22:59:59,830 epoch 18 - iter 70/107 - loss 0.07373569 - samples/sec: 206.23 - lr: 0.012500
2022-03-27 23:00:01,488 epoch 18 - iter 80/107 - loss 0.07426669 - samples/sec: 193.14 - lr: 0.012500
2022-03-27 23:00:03,164 epoch 18 - iter 90/107 - loss 0.07484641 - samples/sec: 190.99 - lr: 0.012500
2022-03-27 23:00:04,616 epoch 18 - iter 100/107 - loss 0.07332646 - samples/sec: 220.58 - lr: 0.012500
2022-03-27 23:00:05,585 ----------------------------------------------------------------------------------------------------
2022-03-27 23:00:05,585 EPOCH 18 done: loss 0.0734 - lr 0.012500
2022-03-27 23:00:12,122 Evaluating as a multi-label problem: False
2022-03-27 23:00:12,134 DEV : loss 0.207603320479393 - f1-score (micro avg)  0.4767
2022-03-27 23:00:12,187 BAD EPOCHS (no improvement): 1
2022-03-27 23:00:12,190 ----------------------------------------------------------------------------------------------------
2022-03-27 23:00:14,328 epoch 19 - iter 10/107 - loss 0.06410247 - samples/sec: 149.77 - lr: 0.012500
2022-03-27 23:00:16,456 epoch 19 - iter 20/107 - loss 0.06441977 - samples/sec: 150.48 - lr: 0.012500
2022-03-27 23:00:18,518 epoch 19 - iter 30/107 - loss 0.06401784 - samples/sec: 155.26 - lr: 0.012500
2022-03-27 23:00:20,713 epoch 19 - iter 40/107 - loss 0.06611027 - samples/sec: 145.81 - lr: 0.012500
2022-03-27 23:00:22,837 epoch 19 - iter 50/107 - loss 0.07155347 - samples/sec: 150.73 - lr: 0.012500
2022-03-27 23:00:25,003 epoch 19 - iter 60/107 - loss 0.07301779 - samples/sec: 147.83 - lr: 0.012500
2022-03-27 23:00:27,125 epoch 19 - iter 70/107 - loss 0.07234587 - samples/sec: 150.84 - lr: 0.012500
2022-03-27 23:00:29,233 epoch 19 - iter 80/107 - loss 0.07312551 - samples/sec: 151.87 - lr: 0.012500
2022-03-27 23:00:31,373 epoch 19 - iter 90/107 - loss 0.07275763 - samples/sec: 149.64 - lr: 0.012500
2022-03-27 23:00:33,375 epoch 19 - iter 100/107 - loss 0.07138560 - samples/sec: 159.91 - lr: 0.012500
2022-03-27 23:00:34,336 ----------------------------------------------------------------------------------------------------
2022-03-27 23:00:34,336 EPOCH 19 done: loss 0.0721 - lr 0.012500
2022-03-27 23:00:38,452 Evaluating as a multi-label problem: False
2022-03-27 23:00:38,464 DEV : loss 0.19995857775211334 - f1-score (micro avg)  0.4826
2022-03-27 23:00:38,517 BAD EPOCHS (no improvement): 2
2022-03-27 23:00:38,520 ----------------------------------------------------------------------------------------------------
2022-03-27 23:00:40,697 epoch 20 - iter 10/107 - loss 0.06638031 - samples/sec: 147.11 - lr: 0.012500
2022-03-27 23:00:42,719 epoch 20 - iter 20/107 - loss 0.07114788 - samples/sec: 158.34 - lr: 0.012500
2022-03-27 23:00:44,833 epoch 20 - iter 30/107 - loss 0.07081434 - samples/sec: 151.43 - lr: 0.012500
2022-03-27 23:00:46,986 epoch 20 - iter 40/107 - loss 0.07110129 - samples/sec: 148.70 - lr: 0.012500
2022-03-27 23:00:49,070 epoch 20 - iter 50/107 - loss 0.07093684 - samples/sec: 153.64 - lr: 0.012500
2022-03-27 23:00:51,182 epoch 20 - iter 60/107 - loss 0.07253136 - samples/sec: 151.58 - lr: 0.012500
2022-03-27 23:00:53,262 epoch 20 - iter 70/107 - loss 0.07153524 - samples/sec: 153.89 - lr: 0.012500
2022-03-27 23:00:55,383 epoch 20 - iter 80/107 - loss 0.07045070 - samples/sec: 150.93 - lr: 0.012500
2022-03-27 23:00:57,514 epoch 20 - iter 90/107 - loss 0.06955344 - samples/sec: 150.25 - lr: 0.012500
2022-03-27 23:00:59,786 epoch 20 - iter 100/107 - loss 0.06957649 - samples/sec: 140.90 - lr: 0.012500
2022-03-27 23:01:01,090 ----------------------------------------------------------------------------------------------------
2022-03-27 23:01:01,090 EPOCH 20 done: loss 0.0704 - lr 0.012500
2022-03-27 23:01:07,084 Evaluating as a multi-label problem: False
2022-03-27 23:01:07,095 DEV : loss 0.19560907781124115 - f1-score (micro avg)  0.4933
2022-03-27 23:01:07,149 BAD EPOCHS (no improvement): 3
2022-03-27 23:01:07,152 ----------------------------------------------------------------------------------------------------
2022-03-27 23:01:08,819 epoch 21 - iter 10/107 - loss 0.07835988 - samples/sec: 192.14 - lr: 0.012500
2022-03-27 23:01:10,367 epoch 21 - iter 20/107 - loss 0.07368340 - samples/sec: 206.75 - lr: 0.012500
2022-03-27 23:01:12,072 epoch 21 - iter 30/107 - loss 0.06844767 - samples/sec: 187.80 - lr: 0.012500
2022-03-27 23:01:13,680 epoch 21 - iter 40/107 - loss 0.06724211 - samples/sec: 199.16 - lr: 0.012500
2022-03-27 23:01:15,832 epoch 21 - iter 50/107 - loss 0.06807995 - samples/sec: 148.76 - lr: 0.012500
2022-03-27 23:01:18,010 epoch 21 - iter 60/107 - loss 0.06691416 - samples/sec: 147.04 - lr: 0.012500
2022-03-27 23:01:20,244 epoch 21 - iter 70/107 - loss 0.06836647 - samples/sec: 143.28 - lr: 0.012500
2022-03-27 23:01:22,363 epoch 21 - iter 80/107 - loss 0.07114157 - samples/sec: 151.12 - lr: 0.012500
2022-03-27 23:01:24,527 epoch 21 - iter 90/107 - loss 0.07294001 - samples/sec: 147.91 - lr: 0.012500
2022-03-27 23:01:26,631 epoch 21 - iter 100/107 - loss 0.07182227 - samples/sec: 152.19 - lr: 0.012500
2022-03-27 23:01:27,882 ----------------------------------------------------------------------------------------------------
2022-03-27 23:01:27,882 EPOCH 21 done: loss 0.0713 - lr 0.012500
2022-03-27 23:01:34,614 Evaluating as a multi-label problem: False
2022-03-27 23:01:34,625 DEV : loss 0.19950850307941437 - f1-score (micro avg)  0.4792
2022-03-27 23:01:34,678 Epoch    21: reducing learning rate of group 0 to 6.2500e-03.
2022-03-27 23:01:34,678 BAD EPOCHS (no improvement): 4
2022-03-27 23:01:34,681 ----------------------------------------------------------------------------------------------------
2022-03-27 23:01:36,759 epoch 22 - iter 10/107 - loss 0.07133869 - samples/sec: 154.05 - lr: 0.006250
2022-03-27 23:01:38,921 epoch 22 - iter 20/107 - loss 0.06750989 - samples/sec: 148.09 - lr: 0.006250
2022-03-27 23:01:40,866 epoch 22 - iter 30/107 - loss 0.07061240 - samples/sec: 164.63 - lr: 0.006250
2022-03-27 23:01:42,438 epoch 22 - iter 40/107 - loss 0.07125244 - samples/sec: 203.60 - lr: 0.006250
2022-03-27 23:01:43,980 epoch 22 - iter 50/107 - loss 0.07003273 - samples/sec: 207.76 - lr: 0.006250
2022-03-27 23:01:45,193 epoch 22 - iter 60/107 - loss 0.06877667 - samples/sec: 264.02 - lr: 0.006250
2022-03-27 23:01:46,780 epoch 22 - iter 70/107 - loss 0.06872988 - samples/sec: 201.76 - lr: 0.006250
2022-03-27 23:01:48,453 epoch 22 - iter 80/107 - loss 0.06894866 - samples/sec: 191.40 - lr: 0.006250
2022-03-27 23:01:50,085 epoch 22 - iter 90/107 - loss 0.06939398 - samples/sec: 196.24 - lr: 0.006250
2022-03-27 23:01:52,234 epoch 22 - iter 100/107 - loss 0.06924894 - samples/sec: 148.98 - lr: 0.006250
2022-03-27 23:01:53,524 ----------------------------------------------------------------------------------------------------
2022-03-27 23:01:53,524 EPOCH 22 done: loss 0.0692 - lr 0.006250
2022-03-27 23:02:00,685 Evaluating as a multi-label problem: False
2022-03-27 23:02:00,696 DEV : loss 0.20188389718532562 - f1-score (micro avg)  0.488
2022-03-27 23:02:00,749 BAD EPOCHS (no improvement): 1
2022-03-27 23:02:00,751 ----------------------------------------------------------------------------------------------------
2022-03-27 23:02:02,868 epoch 23 - iter 10/107 - loss 0.08747853 - samples/sec: 151.23 - lr: 0.006250
2022-03-27 23:02:05,086 epoch 23 - iter 20/107 - loss 0.07788749 - samples/sec: 144.38 - lr: 0.006250
2022-03-27 23:02:07,191 epoch 23 - iter 30/107 - loss 0.07116965 - samples/sec: 152.05 - lr: 0.006250
2022-03-27 23:02:09,362 epoch 23 - iter 40/107 - loss 0.07294903 - samples/sec: 147.49 - lr: 0.006250
2022-03-27 23:02:11,429 epoch 23 - iter 50/107 - loss 0.07404287 - samples/sec: 154.90 - lr: 0.006250
2022-03-27 23:02:13,481 epoch 23 - iter 60/107 - loss 0.07443939 - samples/sec: 155.95 - lr: 0.006250
2022-03-27 23:02:15,595 epoch 23 - iter 70/107 - loss 0.07261626 - samples/sec: 151.49 - lr: 0.006250
2022-03-27 23:02:17,305 epoch 23 - iter 80/107 - loss 0.07227986 - samples/sec: 187.24 - lr: 0.006250
2022-03-27 23:02:18,909 epoch 23 - iter 90/107 - loss 0.07191167 - samples/sec: 199.56 - lr: 0.006250
2022-03-27 23:02:20,531 epoch 23 - iter 100/107 - loss 0.07038312 - samples/sec: 197.46 - lr: 0.006250
2022-03-27 23:02:21,474 ----------------------------------------------------------------------------------------------------
2022-03-27 23:02:21,474 EPOCH 23 done: loss 0.0698 - lr 0.006250
2022-03-27 23:02:27,174 Evaluating as a multi-label problem: False
2022-03-27 23:02:27,185 DEV : loss 0.20176517963409424 - f1-score (micro avg)  0.4925
2022-03-27 23:02:27,241 BAD EPOCHS (no improvement): 2
2022-03-27 23:02:27,243 ----------------------------------------------------------------------------------------------------
2022-03-27 23:02:29,373 epoch 24 - iter 10/107 - loss 0.06690816 - samples/sec: 150.37 - lr: 0.006250
2022-03-27 23:02:31,538 epoch 24 - iter 20/107 - loss 0.06517078 - samples/sec: 147.86 - lr: 0.006250
2022-03-27 23:02:33,662 epoch 24 - iter 30/107 - loss 0.06468466 - samples/sec: 150.76 - lr: 0.006250
2022-03-27 23:02:35,661 epoch 24 - iter 40/107 - loss 0.06452012 - samples/sec: 160.14 - lr: 0.006250
2022-03-27 23:02:37,667 epoch 24 - iter 50/107 - loss 0.06403443 - samples/sec: 159.63 - lr: 0.006250
2022-03-27 23:02:39,775 epoch 24 - iter 60/107 - loss 0.06373000 - samples/sec: 151.91 - lr: 0.006250
2022-03-27 23:02:41,895 epoch 24 - iter 70/107 - loss 0.06385269 - samples/sec: 150.99 - lr: 0.006250
2022-03-27 23:02:44,042 epoch 24 - iter 80/107 - loss 0.06676517 - samples/sec: 149.11 - lr: 0.006250
2022-03-27 23:02:46,221 epoch 24 - iter 90/107 - loss 0.06776887 - samples/sec: 146.95 - lr: 0.006250
2022-03-27 23:02:48,311 epoch 24 - iter 100/107 - loss 0.06776068 - samples/sec: 153.17 - lr: 0.006250
2022-03-27 23:02:49,173 ----------------------------------------------------------------------------------------------------
2022-03-27 23:02:49,173 EPOCH 24 done: loss 0.0674 - lr 0.006250
2022-03-27 23:02:54,144 Evaluating as a multi-label problem: False
2022-03-27 23:02:54,154 DEV : loss 0.20482635498046875 - f1-score (micro avg)  0.4909
2022-03-27 23:02:54,209 BAD EPOCHS (no improvement): 3
2022-03-27 23:02:54,211 ----------------------------------------------------------------------------------------------------
2022-03-27 23:02:55,777 epoch 25 - iter 10/107 - loss 0.06550005 - samples/sec: 204.61 - lr: 0.006250
2022-03-27 23:02:57,536 epoch 25 - iter 20/107 - loss 0.06772980 - samples/sec: 182.02 - lr: 0.006250
2022-03-27 23:02:59,700 epoch 25 - iter 30/107 - loss 0.06715825 - samples/sec: 147.91 - lr: 0.006250
2022-03-27 23:03:01,801 epoch 25 - iter 40/107 - loss 0.06742325 - samples/sec: 152.41 - lr: 0.006250
2022-03-27 23:03:03,963 epoch 25 - iter 50/107 - loss 0.06605492 - samples/sec: 148.07 - lr: 0.006250
2022-03-27 23:03:06,053 epoch 25 - iter 60/107 - loss 0.06535155 - samples/sec: 153.20 - lr: 0.006250
2022-03-27 23:03:08,260 epoch 25 - iter 70/107 - loss 0.06628036 - samples/sec: 145.04 - lr: 0.006250
2022-03-27 23:03:10,345 epoch 25 - iter 80/107 - loss 0.06703523 - samples/sec: 153.60 - lr: 0.006250
2022-03-27 23:03:12,457 epoch 25 - iter 90/107 - loss 0.06825466 - samples/sec: 151.60 - lr: 0.006250
2022-03-27 23:03:14,483 epoch 25 - iter 100/107 - loss 0.06932321 - samples/sec: 158.00 - lr: 0.006250
2022-03-27 23:03:15,866 ----------------------------------------------------------------------------------------------------
2022-03-27 23:03:15,866 EPOCH 25 done: loss 0.0690 - lr 0.006250
2022-03-27 23:03:22,608 Evaluating as a multi-label problem: False
2022-03-27 23:03:22,620 DEV : loss 0.19763365387916565 - f1-score (micro avg)  0.4941
2022-03-27 23:03:22,678 Epoch    25: reducing learning rate of group 0 to 3.1250e-03.
2022-03-27 23:03:22,678 BAD EPOCHS (no improvement): 4
2022-03-27 23:03:22,681 ----------------------------------------------------------------------------------------------------
2022-03-27 23:03:24,693 epoch 26 - iter 10/107 - loss 0.06174767 - samples/sec: 159.21 - lr: 0.003125
2022-03-27 23:03:26,163 epoch 26 - iter 20/107 - loss 0.06264263 - samples/sec: 217.77 - lr: 0.003125
2022-03-27 23:03:27,781 epoch 26 - iter 30/107 - loss 0.06644774 - samples/sec: 197.93 - lr: 0.003125
2022-03-27 23:03:29,287 epoch 26 - iter 40/107 - loss 0.06615713 - samples/sec: 212.52 - lr: 0.003125
2022-03-27 23:03:30,663 epoch 26 - iter 50/107 - loss 0.06629133 - samples/sec: 232.85 - lr: 0.003125
2022-03-27 23:03:32,371 epoch 26 - iter 60/107 - loss 0.06438086 - samples/sec: 187.44 - lr: 0.003125
2022-03-27 23:03:34,494 epoch 26 - iter 70/107 - loss 0.06675946 - samples/sec: 150.81 - lr: 0.003125
2022-03-27 23:03:36,592 epoch 26 - iter 80/107 - loss 0.06911249 - samples/sec: 152.60 - lr: 0.003125
2022-03-27 23:03:38,678 epoch 26 - iter 90/107 - loss 0.06942639 - samples/sec: 153.52 - lr: 0.003125
2022-03-27 23:03:40,841 epoch 26 - iter 100/107 - loss 0.06858782 - samples/sec: 148.04 - lr: 0.003125
2022-03-27 23:03:42,100 ----------------------------------------------------------------------------------------------------
2022-03-27 23:03:42,100 EPOCH 26 done: loss 0.0684 - lr 0.003125
2022-03-27 23:03:48,767 Evaluating as a multi-label problem: False
2022-03-27 23:03:48,778 DEV : loss 0.20129665732383728 - f1-score (micro avg)  0.4893
2022-03-27 23:03:48,831 BAD EPOCHS (no improvement): 1
2022-03-27 23:03:48,835 ----------------------------------------------------------------------------------------------------
2022-03-27 23:03:51,001 epoch 27 - iter 10/107 - loss 0.06586520 - samples/sec: 147.82 - lr: 0.003125
2022-03-27 23:03:53,287 epoch 27 - iter 20/107 - loss 0.07204951 - samples/sec: 140.06 - lr: 0.003125
2022-03-27 23:03:55,347 epoch 27 - iter 30/107 - loss 0.07216141 - samples/sec: 155.40 - lr: 0.003125
2022-03-27 23:03:57,465 epoch 27 - iter 40/107 - loss 0.07302619 - samples/sec: 151.18 - lr: 0.003125
2022-03-27 23:03:59,309 epoch 27 - iter 50/107 - loss 0.07158168 - samples/sec: 173.61 - lr: 0.003125
2022-03-27 23:04:00,830 epoch 27 - iter 60/107 - loss 0.07117931 - samples/sec: 210.50 - lr: 0.003125
2022-03-27 23:04:02,383 epoch 27 - iter 70/107 - loss 0.07033064 - samples/sec: 206.17 - lr: 0.003125
2022-03-27 23:04:03,998 epoch 27 - iter 80/107 - loss 0.06890135 - samples/sec: 198.34 - lr: 0.003125
2022-03-27 23:04:05,469 epoch 27 - iter 90/107 - loss 0.06847313 - samples/sec: 217.71 - lr: 0.003125
2022-03-27 23:04:06,919 epoch 27 - iter 100/107 - loss 0.06740721 - samples/sec: 220.83 - lr: 0.003125
2022-03-27 23:04:08,066 ----------------------------------------------------------------------------------------------------
2022-03-27 23:04:08,066 EPOCH 27 done: loss 0.0673 - lr 0.003125
2022-03-27 23:04:15,026 Evaluating as a multi-label problem: False
2022-03-27 23:04:15,036 DEV : loss 0.2038310319185257 - f1-score (micro avg)  0.4852
2022-03-27 23:04:15,089 BAD EPOCHS (no improvement): 2
2022-03-27 23:04:15,092 ----------------------------------------------------------------------------------------------------
2022-03-27 23:04:17,240 epoch 28 - iter 10/107 - loss 0.06571293 - samples/sec: 149.06 - lr: 0.003125
2022-03-27 23:04:19,389 epoch 28 - iter 20/107 - loss 0.06506073 - samples/sec: 149.00 - lr: 0.003125
2022-03-27 23:04:21,553 epoch 28 - iter 30/107 - loss 0.06633364 - samples/sec: 147.92 - lr: 0.003125
2022-03-27 23:04:23,584 epoch 28 - iter 40/107 - loss 0.06681658 - samples/sec: 157.66 - lr: 0.003125
2022-03-27 23:04:25,753 epoch 28 - iter 50/107 - loss 0.06676056 - samples/sec: 147.56 - lr: 0.003125
2022-03-27 23:04:27,872 epoch 28 - iter 60/107 - loss 0.06709309 - samples/sec: 151.08 - lr: 0.003125
2022-03-27 23:04:30,010 epoch 28 - iter 70/107 - loss 0.06598809 - samples/sec: 149.80 - lr: 0.003125
2022-03-27 23:04:32,071 epoch 28 - iter 80/107 - loss 0.06705263 - samples/sec: 155.27 - lr: 0.003125
2022-03-27 23:04:34,055 epoch 28 - iter 90/107 - loss 0.06701996 - samples/sec: 161.36 - lr: 0.003125
2022-03-27 23:04:35,743 epoch 28 - iter 100/107 - loss 0.06623500 - samples/sec: 189.78 - lr: 0.003125
2022-03-27 23:04:36,688 ----------------------------------------------------------------------------------------------------
2022-03-27 23:04:36,688 EPOCH 28 done: loss 0.0662 - lr 0.003125
2022-03-27 23:04:41,440 Evaluating as a multi-label problem: False
2022-03-27 23:04:41,450 DEV : loss 0.20235924422740936 - f1-score (micro avg)  0.4933
2022-03-27 23:04:41,507 BAD EPOCHS (no improvement): 3
2022-03-27 23:04:41,509 ----------------------------------------------------------------------------------------------------
2022-03-27 23:04:43,601 epoch 29 - iter 10/107 - loss 0.06381141 - samples/sec: 153.12 - lr: 0.003125
2022-03-27 23:04:45,629 epoch 29 - iter 20/107 - loss 0.06583906 - samples/sec: 157.85 - lr: 0.003125
2022-03-27 23:04:47,741 epoch 29 - iter 30/107 - loss 0.06263984 - samples/sec: 151.56 - lr: 0.003125
2022-03-27 23:04:49,822 epoch 29 - iter 40/107 - loss 0.06304076 - samples/sec: 153.88 - lr: 0.003125
2022-03-27 23:04:51,958 epoch 29 - iter 50/107 - loss 0.06614617 - samples/sec: 149.89 - lr: 0.003125
2022-03-27 23:04:54,064 epoch 29 - iter 60/107 - loss 0.06652177 - samples/sec: 152.01 - lr: 0.003125
2022-03-27 23:04:56,182 epoch 29 - iter 70/107 - loss 0.06465360 - samples/sec: 151.19 - lr: 0.003125
2022-03-27 23:04:58,344 epoch 29 - iter 80/107 - loss 0.06585109 - samples/sec: 148.07 - lr: 0.003125
2022-03-27 23:05:00,432 epoch 29 - iter 90/107 - loss 0.06556121 - samples/sec: 153.34 - lr: 0.003125
2022-03-27 23:05:02,626 epoch 29 - iter 100/107 - loss 0.06631091 - samples/sec: 145.90 - lr: 0.003125
2022-03-27 23:05:03,952 ----------------------------------------------------------------------------------------------------
2022-03-27 23:05:03,952 EPOCH 29 done: loss 0.0662 - lr 0.003125
2022-03-27 23:05:09,443 Evaluating as a multi-label problem: False
2022-03-27 23:05:09,454 DEV : loss 0.20147645473480225 - f1-score (micro avg)  0.4901
2022-03-27 23:05:09,508 Epoch    29: reducing learning rate of group 0 to 1.5625e-03.
2022-03-27 23:05:09,508 BAD EPOCHS (no improvement): 4
2022-03-27 23:05:09,510 ----------------------------------------------------------------------------------------------------
2022-03-27 23:05:10,989 epoch 30 - iter 10/107 - loss 0.07333101 - samples/sec: 216.50 - lr: 0.001563
2022-03-27 23:05:12,580 epoch 30 - iter 20/107 - loss 0.07410987 - samples/sec: 201.37 - lr: 0.001563
2022-03-27 23:05:14,019 epoch 30 - iter 30/107 - loss 0.06886595 - samples/sec: 222.41 - lr: 0.001563
2022-03-27 23:05:15,891 epoch 30 - iter 40/107 - loss 0.06747132 - samples/sec: 171.01 - lr: 0.001563
2022-03-27 23:05:18,022 epoch 30 - iter 50/107 - loss 0.06900771 - samples/sec: 150.28 - lr: 0.001563
2022-03-27 23:05:20,205 epoch 30 - iter 60/107 - loss 0.06888287 - samples/sec: 146.68 - lr: 0.001563
2022-03-27 23:05:22,417 epoch 30 - iter 70/107 - loss 0.06914204 - samples/sec: 144.75 - lr: 0.001563
2022-03-27 23:05:24,616 epoch 30 - iter 80/107 - loss 0.06817463 - samples/sec: 145.58 - lr: 0.001563
2022-03-27 23:05:26,665 epoch 30 - iter 90/107 - loss 0.06716532 - samples/sec: 156.24 - lr: 0.001563
2022-03-27 23:05:28,761 epoch 30 - iter 100/107 - loss 0.06610588 - samples/sec: 152.73 - lr: 0.001563
2022-03-27 23:05:30,018 ----------------------------------------------------------------------------------------------------
2022-03-27 23:05:30,018 EPOCH 30 done: loss 0.0655 - lr 0.001563
2022-03-27 23:05:36,776 Evaluating as a multi-label problem: False
2022-03-27 23:05:36,787 DEV : loss 0.20344729721546173 - f1-score (micro avg)  0.4913
2022-03-27 23:05:36,840 BAD EPOCHS (no improvement): 1
2022-03-27 23:05:36,844 ----------------------------------------------------------------------------------------------------
2022-03-27 23:05:39,008 epoch 31 - iter 10/107 - loss 0.06739429 - samples/sec: 147.99 - lr: 0.001563
2022-03-27 23:05:41,163 epoch 31 - iter 20/107 - loss 0.06036565 - samples/sec: 148.50 - lr: 0.001563
2022-03-27 23:05:42,678 epoch 31 - iter 30/107 - loss 0.05943226 - samples/sec: 211.40 - lr: 0.001563
2022-03-27 23:05:43,995 epoch 31 - iter 40/107 - loss 0.06393518 - samples/sec: 243.15 - lr: 0.001563
2022-03-27 23:05:45,697 epoch 31 - iter 50/107 - loss 0.06280213 - samples/sec: 188.09 - lr: 0.001563
2022-03-27 23:05:47,187 epoch 31 - iter 60/107 - loss 0.06244421 - samples/sec: 214.92 - lr: 0.001563
2022-03-27 23:05:48,768 epoch 31 - iter 70/107 - loss 0.06310647 - samples/sec: 202.58 - lr: 0.001563
2022-03-27 23:05:50,107 epoch 31 - iter 80/107 - loss 0.06249673 - samples/sec: 239.12 - lr: 0.001563
2022-03-27 23:05:52,179 epoch 31 - iter 90/107 - loss 0.06402743 - samples/sec: 154.54 - lr: 0.001563
2022-03-27 23:05:54,282 epoch 31 - iter 100/107 - loss 0.06447432 - samples/sec: 152.23 - lr: 0.001563
2022-03-27 23:05:55,574 ----------------------------------------------------------------------------------------------------
2022-03-27 23:05:55,574 EPOCH 31 done: loss 0.0642 - lr 0.001563
2022-03-27 23:06:02,592 Evaluating as a multi-label problem: False
2022-03-27 23:06:02,603 DEV : loss 0.20050658285617828 - f1-score (micro avg)  0.4877
2022-03-27 23:06:02,657 BAD EPOCHS (no improvement): 2
2022-03-27 23:06:02,662 ----------------------------------------------------------------------------------------------------
2022-03-27 23:06:04,718 epoch 32 - iter 10/107 - loss 0.06740717 - samples/sec: 155.72 - lr: 0.001563
2022-03-27 23:06:06,800 epoch 32 - iter 20/107 - loss 0.06433176 - samples/sec: 153.77 - lr: 0.001563
2022-03-27 23:06:08,825 epoch 32 - iter 30/107 - loss 0.06622200 - samples/sec: 158.10 - lr: 0.001563
2022-03-27 23:06:11,011 epoch 32 - iter 40/107 - loss 0.06313970 - samples/sec: 146.50 - lr: 0.001563
2022-03-27 23:06:13,091 epoch 32 - iter 50/107 - loss 0.06452181 - samples/sec: 153.91 - lr: 0.001563
2022-03-27 23:06:15,201 epoch 32 - iter 60/107 - loss 0.06438471 - samples/sec: 151.73 - lr: 0.001563
2022-03-27 23:06:17,160 epoch 32 - iter 70/107 - loss 0.06652220 - samples/sec: 163.40 - lr: 0.001563
2022-03-27 23:06:18,807 epoch 32 - iter 80/107 - loss 0.06674384 - samples/sec: 194.45 - lr: 0.001563
2022-03-27 23:06:20,399 epoch 32 - iter 90/107 - loss 0.06796655 - samples/sec: 201.13 - lr: 0.001563
2022-03-27 23:06:21,905 epoch 32 - iter 100/107 - loss 0.06793929 - samples/sec: 212.55 - lr: 0.001563
2022-03-27 23:06:22,834 ----------------------------------------------------------------------------------------------------
2022-03-27 23:06:22,834 EPOCH 32 done: loss 0.0679 - lr 0.001563
2022-03-27 23:06:28,730 Evaluating as a multi-label problem: False
2022-03-27 23:06:28,741 DEV : loss 0.20051734149456024 - f1-score (micro avg)  0.4969
2022-03-27 23:06:28,797 BAD EPOCHS (no improvement): 0
2022-03-27 23:06:28,800 saving best model
2022-03-27 23:06:30,003 ----------------------------------------------------------------------------------------------------
2022-03-27 23:06:32,143 epoch 33 - iter 10/107 - loss 0.07469872 - samples/sec: 149.62 - lr: 0.001563
2022-03-27 23:06:34,253 epoch 33 - iter 20/107 - loss 0.07371813 - samples/sec: 151.71 - lr: 0.001563
2022-03-27 23:06:36,449 epoch 33 - iter 30/107 - loss 0.06981435 - samples/sec: 145.81 - lr: 0.001563
2022-03-27 23:06:38,533 epoch 33 - iter 40/107 - loss 0.06990199 - samples/sec: 153.60 - lr: 0.001563
2022-03-27 23:06:40,688 epoch 33 - iter 50/107 - loss 0.07050671 - samples/sec: 148.64 - lr: 0.001563
2022-03-27 23:06:42,832 epoch 33 - iter 60/107 - loss 0.06689963 - samples/sec: 149.32 - lr: 0.001563
2022-03-27 23:06:44,930 epoch 33 - iter 70/107 - loss 0.06484330 - samples/sec: 152.57 - lr: 0.001563
2022-03-27 23:06:47,072 epoch 33 - iter 80/107 - loss 0.06515918 - samples/sec: 149.48 - lr: 0.001563
2022-03-27 23:06:49,169 epoch 33 - iter 90/107 - loss 0.06396455 - samples/sec: 152.68 - lr: 0.001563
2022-03-27 23:06:50,888 epoch 33 - iter 100/107 - loss 0.06480197 - samples/sec: 186.21 - lr: 0.001563
2022-03-27 23:06:51,862 ----------------------------------------------------------------------------------------------------
2022-03-27 23:06:51,862 EPOCH 33 done: loss 0.0644 - lr 0.001563
2022-03-27 23:06:56,559 Evaluating as a multi-label problem: False
2022-03-27 23:06:56,571 DEV : loss 0.20203377306461334 - f1-score (micro avg)  0.4885
2022-03-27 23:06:56,625 BAD EPOCHS (no improvement): 1
2022-03-27 23:06:56,627 ----------------------------------------------------------------------------------------------------
2022-03-27 23:06:58,877 epoch 34 - iter 10/107 - loss 0.06841355 - samples/sec: 142.28 - lr: 0.001563
2022-03-27 23:07:01,028 epoch 34 - iter 20/107 - loss 0.07170231 - samples/sec: 148.86 - lr: 0.001563
2022-03-27 23:07:03,115 epoch 34 - iter 30/107 - loss 0.06912527 - samples/sec: 153.35 - lr: 0.001563
2022-03-27 23:07:05,207 epoch 34 - iter 40/107 - loss 0.06803886 - samples/sec: 153.08 - lr: 0.001563
2022-03-27 23:07:07,315 epoch 34 - iter 50/107 - loss 0.06762692 - samples/sec: 151.87 - lr: 0.001563
2022-03-27 23:07:09,428 epoch 34 - iter 60/107 - loss 0.06725658 - samples/sec: 151.52 - lr: 0.001563
2022-03-27 23:07:11,539 epoch 34 - iter 70/107 - loss 0.06674402 - samples/sec: 151.63 - lr: 0.001563
2022-03-27 23:07:13,620 epoch 34 - iter 80/107 - loss 0.06634211 - samples/sec: 153.87 - lr: 0.001563
2022-03-27 23:07:15,803 epoch 34 - iter 90/107 - loss 0.06554496 - samples/sec: 146.69 - lr: 0.001563
2022-03-27 23:07:17,840 epoch 34 - iter 100/107 - loss 0.06576413 - samples/sec: 157.14 - lr: 0.001563
2022-03-27 23:07:19,183 ----------------------------------------------------------------------------------------------------
2022-03-27 23:07:19,184 EPOCH 34 done: loss 0.0655 - lr 0.001563
2022-03-27 23:07:24,920 Evaluating as a multi-label problem: False
2022-03-27 23:07:24,933 DEV : loss 0.20130933821201324 - f1-score (micro avg)  0.4882
2022-03-27 23:07:24,988 BAD EPOCHS (no improvement): 2
2022-03-27 23:07:24,991 ----------------------------------------------------------------------------------------------------
2022-03-27 23:07:26,497 epoch 35 - iter 10/107 - loss 0.05870900 - samples/sec: 212.74 - lr: 0.001563
2022-03-27 23:07:28,018 epoch 35 - iter 20/107 - loss 0.05991937 - samples/sec: 210.40 - lr: 0.001563
2022-03-27 23:07:29,402 epoch 35 - iter 30/107 - loss 0.06215986 - samples/sec: 231.40 - lr: 0.001563
2022-03-27 23:07:30,902 epoch 35 - iter 40/107 - loss 0.06561135 - samples/sec: 213.55 - lr: 0.001563
2022-03-27 23:07:33,004 epoch 35 - iter 50/107 - loss 0.06462925 - samples/sec: 152.26 - lr: 0.001563
2022-03-27 23:07:35,039 epoch 35 - iter 60/107 - loss 0.06759711 - samples/sec: 157.34 - lr: 0.001563
2022-03-27 23:07:37,093 epoch 35 - iter 70/107 - loss 0.06729280 - samples/sec: 155.86 - lr: 0.001563
2022-03-27 23:07:39,224 epoch 35 - iter 80/107 - loss 0.06589091 - samples/sec: 150.24 - lr: 0.001563
2022-03-27 23:07:41,445 epoch 35 - iter 90/107 - loss 0.06654171 - samples/sec: 144.13 - lr: 0.001563
2022-03-27 23:07:43,403 epoch 35 - iter 100/107 - loss 0.06669408 - samples/sec: 163.49 - lr: 0.001563
2022-03-27 23:07:44,739 ----------------------------------------------------------------------------------------------------
2022-03-27 23:07:44,739 EPOCH 35 done: loss 0.0655 - lr 0.001563
2022-03-27 23:07:51,393 Evaluating as a multi-label problem: False
2022-03-27 23:07:51,405 DEV : loss 0.2023107409477234 - f1-score (micro avg)  0.4849
2022-03-27 23:07:51,461 BAD EPOCHS (no improvement): 3
2022-03-27 23:07:51,464 ----------------------------------------------------------------------------------------------------
2022-03-27 23:07:53,630 epoch 36 - iter 10/107 - loss 0.06249115 - samples/sec: 147.79 - lr: 0.001563
2022-03-27 23:07:55,855 epoch 36 - iter 20/107 - loss 0.06123076 - samples/sec: 143.93 - lr: 0.001563
2022-03-27 23:07:57,742 epoch 36 - iter 30/107 - loss 0.06173091 - samples/sec: 169.68 - lr: 0.001563
2022-03-27 23:07:59,405 epoch 36 - iter 40/107 - loss 0.06362975 - samples/sec: 192.57 - lr: 0.001563
2022-03-27 23:08:00,857 epoch 36 - iter 50/107 - loss 0.06197715 - samples/sec: 220.54 - lr: 0.001563
2022-03-27 23:08:02,470 epoch 36 - iter 60/107 - loss 0.06668626 - samples/sec: 198.50 - lr: 0.001563
2022-03-27 23:08:03,983 epoch 36 - iter 70/107 - loss 0.06641296 - samples/sec: 211.61 - lr: 0.001563
2022-03-27 23:08:05,514 epoch 36 - iter 80/107 - loss 0.06641668 - samples/sec: 209.08 - lr: 0.001563
2022-03-27 23:08:07,299 epoch 36 - iter 90/107 - loss 0.06735045 - samples/sec: 179.42 - lr: 0.001563
2022-03-27 23:08:09,404 epoch 36 - iter 100/107 - loss 0.06655702 - samples/sec: 152.04 - lr: 0.001563
2022-03-27 23:08:10,653 ----------------------------------------------------------------------------------------------------
2022-03-27 23:08:10,658 EPOCH 36 done: loss 0.0657 - lr 0.001563
2022-03-27 23:08:17,321 Evaluating as a multi-label problem: False
2022-03-27 23:08:17,331 DEV : loss 0.2042527049779892 - f1-score (micro avg)  0.4845
2022-03-27 23:08:17,384 Epoch    36: reducing learning rate of group 0 to 7.8125e-04.
2022-03-27 23:08:17,384 BAD EPOCHS (no improvement): 4
2022-03-27 23:08:17,387 ----------------------------------------------------------------------------------------------------
2022-03-27 23:08:19,431 epoch 37 - iter 10/107 - loss 0.05857591 - samples/sec: 156.70 - lr: 0.000781
2022-03-27 23:08:21,498 epoch 37 - iter 20/107 - loss 0.06499370 - samples/sec: 154.87 - lr: 0.000781
2022-03-27 23:08:23,614 epoch 37 - iter 30/107 - loss 0.06428506 - samples/sec: 151.25 - lr: 0.000781
2022-03-27 23:08:25,766 epoch 37 - iter 40/107 - loss 0.06070977 - samples/sec: 148.80 - lr: 0.000781
2022-03-27 23:08:27,875 epoch 37 - iter 50/107 - loss 0.06288650 - samples/sec: 151.80 - lr: 0.000781
2022-03-27 23:08:29,967 epoch 37 - iter 60/107 - loss 0.06254296 - samples/sec: 153.01 - lr: 0.000781
2022-03-27 23:08:31,868 epoch 37 - iter 70/107 - loss 0.06480459 - samples/sec: 168.46 - lr: 0.000781
2022-03-27 23:08:33,556 epoch 37 - iter 80/107 - loss 0.06499891 - samples/sec: 189.68 - lr: 0.000781
2022-03-27 23:08:34,859 epoch 37 - iter 90/107 - loss 0.06480046 - samples/sec: 245.96 - lr: 0.000781
2022-03-27 23:08:36,323 epoch 37 - iter 100/107 - loss 0.06497582 - samples/sec: 218.63 - lr: 0.000781
2022-03-27 23:08:37,283 ----------------------------------------------------------------------------------------------------
2022-03-27 23:08:37,284 EPOCH 37 done: loss 0.0657 - lr 0.000781
2022-03-27 23:08:43,353 Evaluating as a multi-label problem: False
2022-03-27 23:08:43,364 DEV : loss 0.20318768918514252 - f1-score (micro avg)  0.4837
2022-03-27 23:08:43,417 BAD EPOCHS (no improvement): 1
2022-03-27 23:08:43,420 ----------------------------------------------------------------------------------------------------
2022-03-27 23:08:45,607 epoch 38 - iter 10/107 - loss 0.06399823 - samples/sec: 146.43 - lr: 0.000781
2022-03-27 23:08:47,696 epoch 38 - iter 20/107 - loss 0.06362202 - samples/sec: 153.23 - lr: 0.000781
2022-03-27 23:08:49,812 epoch 38 - iter 30/107 - loss 0.05953014 - samples/sec: 151.27 - lr: 0.000781
2022-03-27 23:08:51,891 epoch 38 - iter 40/107 - loss 0.06178249 - samples/sec: 154.01 - lr: 0.000781
2022-03-27 23:08:54,079 epoch 38 - iter 50/107 - loss 0.06357358 - samples/sec: 146.36 - lr: 0.000781
2022-03-27 23:08:56,211 epoch 38 - iter 60/107 - loss 0.06211114 - samples/sec: 150.15 - lr: 0.000781
2022-03-27 23:08:58,307 epoch 38 - iter 70/107 - loss 0.06265008 - samples/sec: 152.69 - lr: 0.000781
2022-03-27 23:09:00,317 epoch 38 - iter 80/107 - loss 0.06279176 - samples/sec: 159.29 - lr: 0.000781
2022-03-27 23:09:02,523 epoch 38 - iter 90/107 - loss 0.06502525 - samples/sec: 145.12 - lr: 0.000781
2022-03-27 23:09:04,534 epoch 38 - iter 100/107 - loss 0.06473326 - samples/sec: 159.23 - lr: 0.000781
2022-03-27 23:09:05,846 ----------------------------------------------------------------------------------------------------
2022-03-27 23:09:05,846 EPOCH 38 done: loss 0.0641 - lr 0.000781
2022-03-27 23:09:10,372 Evaluating as a multi-label problem: False
2022-03-27 23:09:10,385 DEV : loss 0.2015451192855835 - f1-score (micro avg)  0.4889
2022-03-27 23:09:10,441 BAD EPOCHS (no improvement): 2
2022-03-27 23:09:10,444 ----------------------------------------------------------------------------------------------------
2022-03-27 23:09:12,379 epoch 39 - iter 10/107 - loss 0.07189453 - samples/sec: 165.55 - lr: 0.000781
2022-03-27 23:09:14,532 epoch 39 - iter 20/107 - loss 0.06611331 - samples/sec: 148.73 - lr: 0.000781
2022-03-27 23:09:16,610 epoch 39 - iter 30/107 - loss 0.06334371 - samples/sec: 154.11 - lr: 0.000781
2022-03-27 23:09:18,692 epoch 39 - iter 40/107 - loss 0.06676569 - samples/sec: 153.75 - lr: 0.000781
2022-03-27 23:09:20,797 epoch 39 - iter 50/107 - loss 0.06490420 - samples/sec: 152.06 - lr: 0.000781
2022-03-27 23:09:22,939 epoch 39 - iter 60/107 - loss 0.06517910 - samples/sec: 149.48 - lr: 0.000781
2022-03-27 23:09:25,104 epoch 39 - iter 70/107 - loss 0.06512550 - samples/sec: 147.84 - lr: 0.000781
2022-03-27 23:09:27,147 epoch 39 - iter 80/107 - loss 0.06475536 - samples/sec: 156.78 - lr: 0.000781
2022-03-27 23:09:29,248 epoch 39 - iter 90/107 - loss 0.06638919 - samples/sec: 152.36 - lr: 0.000781
2022-03-27 23:09:31,290 epoch 39 - iter 100/107 - loss 0.06490611 - samples/sec: 156.80 - lr: 0.000781
2022-03-27 23:09:32,585 ----------------------------------------------------------------------------------------------------
2022-03-27 23:09:32,585 EPOCH 39 done: loss 0.0644 - lr 0.000781
2022-03-27 23:09:39,044 Evaluating as a multi-label problem: False
2022-03-27 23:09:39,054 DEV : loss 0.20318637788295746 - f1-score (micro avg)  0.4849
2022-03-27 23:09:39,107 BAD EPOCHS (no improvement): 3
2022-03-27 23:09:39,110 ----------------------------------------------------------------------------------------------------
2022-03-27 23:09:40,645 epoch 40 - iter 10/107 - loss 0.05967866 - samples/sec: 208.71 - lr: 0.000781
2022-03-27 23:09:42,276 epoch 40 - iter 20/107 - loss 0.05915953 - samples/sec: 196.23 - lr: 0.000781
2022-03-27 23:09:43,773 epoch 40 - iter 30/107 - loss 0.06460045 - samples/sec: 213.92 - lr: 0.000781
2022-03-27 23:09:45,401 epoch 40 - iter 40/107 - loss 0.06623727 - samples/sec: 196.71 - lr: 0.000781
2022-03-27 23:09:46,871 epoch 40 - iter 50/107 - loss 0.06586163 - samples/sec: 217.81 - lr: 0.000781
2022-03-27 23:09:48,995 epoch 40 - iter 60/107 - loss 0.06536211 - samples/sec: 150.72 - lr: 0.000781
2022-03-27 23:09:51,026 epoch 40 - iter 70/107 - loss 0.06538453 - samples/sec: 157.66 - lr: 0.000781
2022-03-27 23:09:53,113 epoch 40 - iter 80/107 - loss 0.06557464 - samples/sec: 153.45 - lr: 0.000781
2022-03-27 23:09:55,232 epoch 40 - iter 90/107 - loss 0.06670876 - samples/sec: 151.08 - lr: 0.000781
2022-03-27 23:09:57,338 epoch 40 - iter 100/107 - loss 0.06634068 - samples/sec: 152.02 - lr: 0.000781
2022-03-27 23:09:58,644 ----------------------------------------------------------------------------------------------------
2022-03-27 23:09:58,644 EPOCH 40 done: loss 0.0656 - lr 0.000781
2022-03-27 23:10:05,285 Evaluating as a multi-label problem: False
2022-03-27 23:10:05,295 DEV : loss 0.2022475153207779 - f1-score (micro avg)  0.4905
2022-03-27 23:10:05,348 Epoch    40: reducing learning rate of group 0 to 3.9063e-04.
2022-03-27 23:10:05,348 BAD EPOCHS (no improvement): 4
2022-03-27 23:10:05,351 ----------------------------------------------------------------------------------------------------
2022-03-27 23:10:07,522 epoch 41 - iter 10/107 - loss 0.05494759 - samples/sec: 147.45 - lr: 0.000391
2022-03-27 23:10:09,547 epoch 41 - iter 20/107 - loss 0.05998923 - samples/sec: 158.10 - lr: 0.000391
2022-03-27 23:10:11,637 epoch 41 - iter 30/107 - loss 0.06114341 - samples/sec: 153.18 - lr: 0.000391
2022-03-27 23:10:13,708 epoch 41 - iter 40/107 - loss 0.06231294 - samples/sec: 154.59 - lr: 0.000391
2022-03-27 23:10:15,400 epoch 41 - iter 50/107 - loss 0.06281243 - samples/sec: 189.28 - lr: 0.000391
2022-03-27 23:10:16,910 epoch 41 - iter 60/107 - loss 0.06161513 - samples/sec: 212.02 - lr: 0.000391
2022-03-27 23:10:18,514 epoch 41 - iter 70/107 - loss 0.06381181 - samples/sec: 199.60 - lr: 0.000391
2022-03-27 23:10:19,980 epoch 41 - iter 80/107 - loss 0.06347842 - samples/sec: 218.43 - lr: 0.000391
2022-03-27 23:10:21,431 epoch 41 - iter 90/107 - loss 0.06186685 - samples/sec: 220.62 - lr: 0.000391
2022-03-27 23:10:22,990 epoch 41 - iter 100/107 - loss 0.06206122 - samples/sec: 205.45 - lr: 0.000391
2022-03-27 23:10:24,307 ----------------------------------------------------------------------------------------------------
2022-03-27 23:10:24,307 EPOCH 41 done: loss 0.0639 - lr 0.000391
2022-03-27 23:10:31,074 Evaluating as a multi-label problem: False
2022-03-27 23:10:31,086 DEV : loss 0.20239613950252533 - f1-score (micro avg)  0.4873
2022-03-27 23:10:31,140 BAD EPOCHS (no improvement): 1
2022-03-27 23:10:31,144 ----------------------------------------------------------------------------------------------------
2022-03-27 23:10:33,210 epoch 42 - iter 10/107 - loss 0.06688623 - samples/sec: 154.98 - lr: 0.000391
2022-03-27 23:10:35,364 epoch 42 - iter 20/107 - loss 0.06607233 - samples/sec: 148.67 - lr: 0.000391
2022-03-27 23:10:37,452 epoch 42 - iter 30/107 - loss 0.06187236 - samples/sec: 153.33 - lr: 0.000391
2022-03-27 23:10:39,562 epoch 42 - iter 40/107 - loss 0.06364259 - samples/sec: 151.69 - lr: 0.000391
2022-03-27 23:10:41,620 epoch 42 - iter 50/107 - loss 0.06387265 - samples/sec: 155.59 - lr: 0.000391
2022-03-27 23:10:43,718 epoch 42 - iter 60/107 - loss 0.06446924 - samples/sec: 152.59 - lr: 0.000391
2022-03-27 23:10:45,813 epoch 42 - iter 70/107 - loss 0.06450862 - samples/sec: 152.78 - lr: 0.000391
2022-03-27 23:10:47,886 epoch 42 - iter 80/107 - loss 0.06427584 - samples/sec: 154.48 - lr: 0.000391
2022-03-27 23:10:49,513 epoch 42 - iter 90/107 - loss 0.06435639 - samples/sec: 196.77 - lr: 0.000391
2022-03-27 23:10:51,039 epoch 42 - iter 100/107 - loss 0.06497667 - samples/sec: 209.79 - lr: 0.000391
2022-03-27 23:10:51,972 ----------------------------------------------------------------------------------------------------
2022-03-27 23:10:51,972 EPOCH 42 done: loss 0.0646 - lr 0.000391
2022-03-27 23:10:56,968 Evaluating as a multi-label problem: False
2022-03-27 23:10:56,978 DEV : loss 0.20283465087413788 - f1-score (micro avg)  0.4849
2022-03-27 23:10:57,032 BAD EPOCHS (no improvement): 2
2022-03-27 23:10:57,035 ----------------------------------------------------------------------------------------------------
2022-03-27 23:10:59,366 epoch 43 - iter 10/107 - loss 0.06319830 - samples/sec: 137.32 - lr: 0.000391
2022-03-27 23:11:01,439 epoch 43 - iter 20/107 - loss 0.05787876 - samples/sec: 154.49 - lr: 0.000391
2022-03-27 23:11:03,581 epoch 43 - iter 30/107 - loss 0.06402750 - samples/sec: 149.41 - lr: 0.000391
2022-03-27 23:11:05,799 epoch 43 - iter 40/107 - loss 0.06425074 - samples/sec: 144.35 - lr: 0.000391
2022-03-27 23:11:07,992 epoch 43 - iter 50/107 - loss 0.06611149 - samples/sec: 146.03 - lr: 0.000391
2022-03-27 23:11:10,122 epoch 43 - iter 60/107 - loss 0.06652406 - samples/sec: 150.29 - lr: 0.000391
2022-03-27 23:11:12,186 epoch 43 - iter 70/107 - loss 0.06728468 - samples/sec: 155.19 - lr: 0.000391
2022-03-27 23:11:14,295 epoch 43 - iter 80/107 - loss 0.06607202 - samples/sec: 151.78 - lr: 0.000391
2022-03-27 23:11:16,461 epoch 43 - iter 90/107 - loss 0.06470007 - samples/sec: 147.79 - lr: 0.000391
2022-03-27 23:11:18,552 epoch 43 - iter 100/107 - loss 0.06315299 - samples/sec: 153.10 - lr: 0.000391
2022-03-27 23:11:19,770 ----------------------------------------------------------------------------------------------------
2022-03-27 23:11:19,770 EPOCH 43 done: loss 0.0644 - lr 0.000391
2022-03-27 23:11:24,590 Evaluating as a multi-label problem: False
2022-03-27 23:11:24,600 DEV : loss 0.2023220956325531 - f1-score (micro avg)  0.4917
2022-03-27 23:11:24,655 BAD EPOCHS (no improvement): 3
2022-03-27 23:11:24,658 ----------------------------------------------------------------------------------------------------
2022-03-27 23:11:26,105 epoch 44 - iter 10/107 - loss 0.06271793 - samples/sec: 221.25 - lr: 0.000391
2022-03-27 23:11:27,610 epoch 44 - iter 20/107 - loss 0.06578315 - samples/sec: 212.80 - lr: 0.000391
2022-03-27 23:11:29,313 epoch 44 - iter 30/107 - loss 0.06560466 - samples/sec: 188.05 - lr: 0.000391
2022-03-27 23:11:31,365 epoch 44 - iter 40/107 - loss 0.06756037 - samples/sec: 155.97 - lr: 0.000391
2022-03-27 23:11:33,594 epoch 44 - iter 50/107 - loss 0.06517087 - samples/sec: 143.64 - lr: 0.000391
2022-03-27 23:11:35,669 epoch 44 - iter 60/107 - loss 0.06710940 - samples/sec: 154.30 - lr: 0.000391
2022-03-27 23:11:37,767 epoch 44 - iter 70/107 - loss 0.06507940 - samples/sec: 152.59 - lr: 0.000391
2022-03-27 23:11:39,890 epoch 44 - iter 80/107 - loss 0.06328241 - samples/sec: 150.82 - lr: 0.000391
2022-03-27 23:11:42,024 epoch 44 - iter 90/107 - loss 0.06363182 - samples/sec: 150.01 - lr: 0.000391
2022-03-27 23:11:44,156 epoch 44 - iter 100/107 - loss 0.06379995 - samples/sec: 150.18 - lr: 0.000391
2022-03-27 23:11:45,471 ----------------------------------------------------------------------------------------------------
2022-03-27 23:11:45,471 EPOCH 44 done: loss 0.0634 - lr 0.000391
2022-03-27 23:11:52,388 Evaluating as a multi-label problem: False
2022-03-27 23:11:52,399 DEV : loss 0.2024456411600113 - f1-score (micro avg)  0.4865
2022-03-27 23:11:52,452 Epoch    44: reducing learning rate of group 0 to 1.9531e-04.
2022-03-27 23:11:52,453 BAD EPOCHS (no improvement): 4
2022-03-27 23:11:52,457 ----------------------------------------------------------------------------------------------------
2022-03-27 23:11:54,497 epoch 45 - iter 10/107 - loss 0.08187955 - samples/sec: 156.91 - lr: 0.000195
2022-03-27 23:11:56,340 epoch 45 - iter 20/107 - loss 0.06941144 - samples/sec: 173.73 - lr: 0.000195
2022-03-27 23:11:57,923 epoch 45 - iter 30/107 - loss 0.06835675 - samples/sec: 202.22 - lr: 0.000195
2022-03-27 23:11:59,586 epoch 45 - iter 40/107 - loss 0.06639750 - samples/sec: 192.63 - lr: 0.000195
2022-03-27 23:12:01,057 epoch 45 - iter 50/107 - loss 0.06391855 - samples/sec: 217.62 - lr: 0.000195
2022-03-27 23:12:02,686 epoch 45 - iter 60/107 - loss 0.06589058 - samples/sec: 196.51 - lr: 0.000195
2022-03-27 23:12:04,131 epoch 45 - iter 70/107 - loss 0.06650605 - samples/sec: 221.57 - lr: 0.000195
2022-03-27 23:12:06,215 epoch 45 - iter 80/107 - loss 0.06755280 - samples/sec: 153.65 - lr: 0.000195
2022-03-27 23:12:08,282 epoch 45 - iter 90/107 - loss 0.06854674 - samples/sec: 154.88 - lr: 0.000195
2022-03-27 23:12:10,350 epoch 45 - iter 100/107 - loss 0.06693211 - samples/sec: 154.79 - lr: 0.000195
2022-03-27 23:12:11,631 ----------------------------------------------------------------------------------------------------
2022-03-27 23:12:11,631 EPOCH 45 done: loss 0.0659 - lr 0.000195
2022-03-27 23:12:18,375 Evaluating as a multi-label problem: False
2022-03-27 23:12:18,386 DEV : loss 0.20230261981487274 - f1-score (micro avg)  0.4877
2022-03-27 23:12:18,442 BAD EPOCHS (no improvement): 1
2022-03-27 23:12:18,445 ----------------------------------------------------------------------------------------------------
2022-03-27 23:12:20,540 epoch 46 - iter 10/107 - loss 0.07103852 - samples/sec: 152.86 - lr: 0.000195
2022-03-27 23:12:22,636 epoch 46 - iter 20/107 - loss 0.06824807 - samples/sec: 152.77 - lr: 0.000195
2022-03-27 23:12:24,699 epoch 46 - iter 30/107 - loss 0.06322130 - samples/sec: 155.16 - lr: 0.000195
2022-03-27 23:12:26,924 epoch 46 - iter 40/107 - loss 0.06361846 - samples/sec: 143.88 - lr: 0.000195
2022-03-27 23:12:28,623 epoch 46 - iter 50/107 - loss 0.06306443 - samples/sec: 188.52 - lr: 0.000195
2022-03-27 23:12:30,565 epoch 46 - iter 60/107 - loss 0.06376468 - samples/sec: 164.84 - lr: 0.000195
2022-03-27 23:12:32,225 epoch 46 - iter 70/107 - loss 0.06381213 - samples/sec: 192.98 - lr: 0.000195
2022-03-27 23:12:33,742 epoch 46 - iter 80/107 - loss 0.06323030 - samples/sec: 211.07 - lr: 0.000195
2022-03-27 23:12:35,249 epoch 46 - iter 90/107 - loss 0.06302045 - samples/sec: 212.42 - lr: 0.000195
2022-03-27 23:12:36,885 epoch 46 - iter 100/107 - loss 0.06345145 - samples/sec: 195.75 - lr: 0.000195
2022-03-27 23:12:37,918 ----------------------------------------------------------------------------------------------------
2022-03-27 23:12:37,918 EPOCH 46 done: loss 0.0640 - lr 0.000195
2022-03-27 23:12:44,159 Evaluating as a multi-label problem: False
2022-03-27 23:12:44,170 DEV : loss 0.2024017870426178 - f1-score (micro avg)  0.4869
2022-03-27 23:12:44,223 BAD EPOCHS (no improvement): 2
2022-03-27 23:12:44,226 ----------------------------------------------------------------------------------------------------
2022-03-27 23:12:46,260 epoch 47 - iter 10/107 - loss 0.06690103 - samples/sec: 157.38 - lr: 0.000195
2022-03-27 23:12:48,426 epoch 47 - iter 20/107 - loss 0.06333449 - samples/sec: 147.85 - lr: 0.000195
2022-03-27 23:12:50,410 epoch 47 - iter 30/107 - loss 0.06018247 - samples/sec: 161.35 - lr: 0.000195
2022-03-27 23:12:52,501 epoch 47 - iter 40/107 - loss 0.05999864 - samples/sec: 153.09 - lr: 0.000195
2022-03-27 23:12:54,622 epoch 47 - iter 50/107 - loss 0.06046824 - samples/sec: 150.96 - lr: 0.000195
2022-03-27 23:12:56,692 epoch 47 - iter 60/107 - loss 0.06052060 - samples/sec: 154.66 - lr: 0.000195
2022-03-27 23:12:58,882 epoch 47 - iter 70/107 - loss 0.06000282 - samples/sec: 146.17 - lr: 0.000195
2022-03-27 23:13:01,011 epoch 47 - iter 80/107 - loss 0.06123168 - samples/sec: 150.36 - lr: 0.000195
2022-03-27 23:13:03,175 epoch 47 - iter 90/107 - loss 0.06119915 - samples/sec: 147.96 - lr: 0.000195
2022-03-27 23:13:05,229 epoch 47 - iter 100/107 - loss 0.06266224 - samples/sec: 155.93 - lr: 0.000195
2022-03-27 23:13:06,435 ----------------------------------------------------------------------------------------------------
2022-03-27 23:13:06,436 EPOCH 47 done: loss 0.0635 - lr 0.000195
2022-03-27 23:13:10,801 Evaluating as a multi-label problem: False
2022-03-27 23:13:10,812 DEV : loss 0.20263920724391937 - f1-score (micro avg)  0.4869
2022-03-27 23:13:10,866 BAD EPOCHS (no improvement): 3
2022-03-27 23:13:10,869 ----------------------------------------------------------------------------------------------------
2022-03-27 23:13:12,789 epoch 48 - iter 10/107 - loss 0.06035524 - samples/sec: 166.79 - lr: 0.000195
2022-03-27 23:13:14,982 epoch 48 - iter 20/107 - loss 0.06005112 - samples/sec: 145.98 - lr: 0.000195
2022-03-27 23:13:17,026 epoch 48 - iter 30/107 - loss 0.06178576 - samples/sec: 156.59 - lr: 0.000195
2022-03-27 23:13:19,156 epoch 48 - iter 40/107 - loss 0.06002456 - samples/sec: 150.33 - lr: 0.000195
2022-03-27 23:13:21,262 epoch 48 - iter 50/107 - loss 0.06012742 - samples/sec: 151.97 - lr: 0.000195
2022-03-27 23:13:23,296 epoch 48 - iter 60/107 - loss 0.06149221 - samples/sec: 157.41 - lr: 0.000195
2022-03-27 23:13:25,453 epoch 48 - iter 70/107 - loss 0.06095432 - samples/sec: 148.44 - lr: 0.000195
2022-03-27 23:13:27,548 epoch 48 - iter 80/107 - loss 0.06114436 - samples/sec: 152.85 - lr: 0.000195
2022-03-27 23:13:29,611 epoch 48 - iter 90/107 - loss 0.06273672 - samples/sec: 155.12 - lr: 0.000195
2022-03-27 23:13:31,601 epoch 48 - iter 100/107 - loss 0.06258650 - samples/sec: 160.95 - lr: 0.000195
2022-03-27 23:13:32,906 ----------------------------------------------------------------------------------------------------
2022-03-27 23:13:32,906 EPOCH 48 done: loss 0.0630 - lr 0.000195
2022-03-27 23:13:39,377 Evaluating as a multi-label problem: False
2022-03-27 23:13:39,388 DEV : loss 0.20263734459877014 - f1-score (micro avg)  0.4869
2022-03-27 23:13:39,443 Epoch    48: reducing learning rate of group 0 to 9.7656e-05.
2022-03-27 23:13:39,443 BAD EPOCHS (no improvement): 4
2022-03-27 23:13:39,447 ----------------------------------------------------------------------------------------------------
2022-03-27 23:13:39,447 ----------------------------------------------------------------------------------------------------
2022-03-27 23:13:39,447 learning rate too small - quitting training!
2022-03-27 23:13:39,447 ----------------------------------------------------------------------------------------------------
2022-03-27 23:13:40,993 ----------------------------------------------------------------------------------------------------
2022-03-27 23:13:40,994 loading file resources/taggers/model_02_r5_run_1/best-model.pt
2022-03-27 23:13:41,503 SequenceTagger predicts: Dictionary with 27 tags: O, S-person, B-person, E-person, I-person, S-location, B-location, E-location, I-location, S-group, B-group, E-group, I-group, S-corporation, B-corporation, E-corporation, I-corporation, S-product, B-product, E-product, I-product, S-creative-work, B-creative-work, E-creative-work, I-creative-work, <START>, <STOP>
2022-03-27 23:13:57,099 Evaluating as a multi-label problem: False
2022-03-27 23:13:57,111 0.6751	0.2984	0.4139	0.2776
2022-03-27 23:13:57,111 
Results:
- F-score (micro) 0.4139
- F-score (macro) 0.2844
- Accuracy 0.2776

By class:
               precision    recall  f1-score   support

       person     0.7992    0.4639    0.5870       429
     location     0.6016    0.4933    0.5421       150
        group     0.5510    0.1636    0.2523       165
creative-work     0.5833    0.0986    0.1687       142
      product     0.3333    0.0236    0.0441       127
  corporation     0.2174    0.0758    0.1124        66

    micro avg     0.6751    0.2984    0.4139      1079
    macro avg     0.5143    0.2198    0.2844      1079
 weighted avg     0.6150    0.2984    0.3816      1079

2022-03-27 23:13:57,111 ----------------------------------------------------------------------------------------------------
