2022-05-23 14:56:18,955 ----------------------------------------------------------------------------------------------------
2022-05-23 14:56:18,955 Model: "SequenceTagger(
  (embeddings): StackedEmbeddings(
    (list_embedding_0): GazetteerEmbeddings()
    (list_embedding_1): WordEmbeddings(
      'glove'
      (embedding): Embedding(400001, 100)
    )
    (list_embedding_2): FlairEmbeddings(
      (lm): LanguageModel(
        (drop): Dropout(p=0.05, inplace=False)
        (encoder): Embedding(300, 100)
        (rnn): LSTM(100, 2048)
        (decoder): Linear(in_features=2048, out_features=300, bias=True)
      )
    )
    (list_embedding_3): FlairEmbeddings(
      (lm): LanguageModel(
        (drop): Dropout(p=0.05, inplace=False)
        (encoder): Embedding(300, 100)
        (rnn): LSTM(100, 2048)
        (decoder): Linear(in_features=2048, out_features=300, bias=True)
      )
    )
  )
  (word_dropout): WordDropout(p=0.05)
  (locked_dropout): LockedDropout(p=0.5)
  (embedding2nn): Linear(in_features=5072, out_features=5072, bias=True)
  (rnn): LSTM(5072, 256, batch_first=True, bidirectional=True)
  (linear): Linear(in_features=512, out_features=27, bias=True)
  (loss_function): ViterbiLoss()
  (crf): CRF()
)"
2022-05-23 14:56:18,956 ----------------------------------------------------------------------------------------------------
2022-05-23 14:56:18,957 Corpus: "Corpus: 3394 train + 1009 dev + 1287 test sentences"
2022-05-23 14:56:18,957 ----------------------------------------------------------------------------------------------------
2022-05-23 14:56:18,957 Parameters:
2022-05-23 14:56:18,958  - learning_rate: "0.100000"
2022-05-23 14:56:18,958  - mini_batch_size: "32"
2022-05-23 14:56:18,958  - patience: "3"
2022-05-23 14:56:18,958  - anneal_factor: "0.5"
2022-05-23 14:56:18,958  - max_epochs: "150"
2022-05-23 14:56:18,958  - shuffle: "True"
2022-05-23 14:56:18,958  - train_with_dev: "False"
2022-05-23 14:56:18,958  - batch_growth_annealing: "False"
2022-05-23 14:56:18,958 ----------------------------------------------------------------------------------------------------
2022-05-23 14:56:18,960 Model training base path: "resources/taggers/model_06_r15_run_1"
2022-05-23 14:56:18,960 ----------------------------------------------------------------------------------------------------
2022-05-23 14:56:18,960 Device: cuda:1
2022-05-23 14:56:18,960 ----------------------------------------------------------------------------------------------------
2022-05-23 14:56:18,960 Embeddings storage mode: cpu
2022-05-23 14:56:18,960 ----------------------------------------------------------------------------------------------------
2022-05-23 14:56:23,069 epoch 1 - iter 10/107 - loss 0.71283530 - samples/sec: 77.91 - lr: 0.100000
2022-05-23 14:56:27,278 epoch 1 - iter 20/107 - loss 0.49434839 - samples/sec: 76.04 - lr: 0.100000
2022-05-23 14:56:31,453 epoch 1 - iter 30/107 - loss 0.42510987 - samples/sec: 76.66 - lr: 0.100000
2022-05-23 14:56:35,606 epoch 1 - iter 40/107 - loss 0.38221394 - samples/sec: 77.08 - lr: 0.100000
2022-05-23 14:56:39,739 epoch 1 - iter 50/107 - loss 0.34568417 - samples/sec: 77.44 - lr: 0.100000
2022-05-23 14:56:43,907 epoch 1 - iter 60/107 - loss 0.33470793 - samples/sec: 76.81 - lr: 0.100000
2022-05-23 14:56:48,097 epoch 1 - iter 70/107 - loss 0.32572996 - samples/sec: 76.38 - lr: 0.100000
2022-05-23 14:56:52,703 epoch 1 - iter 80/107 - loss 0.32124997 - samples/sec: 69.49 - lr: 0.100000
2022-05-23 14:56:57,050 epoch 1 - iter 90/107 - loss 0.31746665 - samples/sec: 73.64 - lr: 0.100000
2022-05-23 14:57:01,649 epoch 1 - iter 100/107 - loss 0.31265532 - samples/sec: 69.59 - lr: 0.100000
2022-05-23 14:57:04,474 ----------------------------------------------------------------------------------------------------
2022-05-23 14:57:04,474 EPOCH 1 done: loss 0.3073 - lr 0.100000
2022-05-23 14:57:20,354 Evaluating as a multi-label problem: False
2022-05-23 14:57:20,366 DEV : loss 0.40907132625579834 - f1-score (micro avg)  0.1814
2022-05-23 14:57:20,448 BAD EPOCHS (no improvement): 0
2022-05-23 14:57:20,451 saving best model
2022-05-23 14:59:00,032 ----------------------------------------------------------------------------------------------------
2022-05-23 14:59:08,731 epoch 2 - iter 10/107 - loss 0.23565983 - samples/sec: 36.79 - lr: 0.100000
2022-05-23 14:59:13,208 epoch 2 - iter 20/107 - loss 0.20343484 - samples/sec: 71.50 - lr: 0.100000
2022-05-23 14:59:17,405 epoch 2 - iter 30/107 - loss 0.20593020 - samples/sec: 76.27 - lr: 0.100000
2022-05-23 14:59:21,875 epoch 2 - iter 40/107 - loss 0.20414472 - samples/sec: 71.61 - lr: 0.100000
2022-05-23 14:59:25,815 epoch 2 - iter 50/107 - loss 0.20235475 - samples/sec: 81.25 - lr: 0.100000
2022-05-23 14:59:30,012 epoch 2 - iter 60/107 - loss 0.20175241 - samples/sec: 76.25 - lr: 0.100000
2022-05-23 14:59:34,126 epoch 2 - iter 70/107 - loss 0.19773566 - samples/sec: 77.81 - lr: 0.100000
2022-05-23 14:59:38,585 epoch 2 - iter 80/107 - loss 0.19628012 - samples/sec: 71.78 - lr: 0.100000
2022-05-23 14:59:42,720 epoch 2 - iter 90/107 - loss 0.19392713 - samples/sec: 77.42 - lr: 0.100000
2022-05-23 14:59:47,057 epoch 2 - iter 100/107 - loss 0.19147677 - samples/sec: 73.81 - lr: 0.100000
2022-05-23 14:59:49,781 ----------------------------------------------------------------------------------------------------
2022-05-23 14:59:49,781 EPOCH 2 done: loss 0.1890 - lr 0.100000
2022-05-23 15:00:03,581 Evaluating as a multi-label problem: False
2022-05-23 15:00:03,592 DEV : loss 0.32054030895233154 - f1-score (micro avg)  0.338
2022-05-23 15:00:03,689 BAD EPOCHS (no improvement): 0
2022-05-23 15:00:03,705 saving best model
2022-05-23 15:01:52,300 ----------------------------------------------------------------------------------------------------
2022-05-23 15:01:56,066 epoch 3 - iter 10/107 - loss 0.17580561 - samples/sec: 85.03 - lr: 0.100000
2022-05-23 15:02:00,677 epoch 3 - iter 20/107 - loss 0.17314673 - samples/sec: 69.41 - lr: 0.100000
2022-05-23 15:02:05,132 epoch 3 - iter 30/107 - loss 0.16436113 - samples/sec: 71.85 - lr: 0.100000
2022-05-23 15:02:09,413 epoch 3 - iter 40/107 - loss 0.16367566 - samples/sec: 74.77 - lr: 0.100000
2022-05-23 15:02:13,634 epoch 3 - iter 50/107 - loss 0.16337589 - samples/sec: 75.83 - lr: 0.100000
2022-05-23 15:02:18,001 epoch 3 - iter 60/107 - loss 0.15882858 - samples/sec: 73.28 - lr: 0.100000
2022-05-23 15:02:22,523 epoch 3 - iter 70/107 - loss 0.15770503 - samples/sec: 70.79 - lr: 0.100000
2022-05-23 15:02:26,960 epoch 3 - iter 80/107 - loss 0.15800955 - samples/sec: 72.15 - lr: 0.100000
2022-05-23 15:02:30,972 epoch 3 - iter 90/107 - loss 0.15753341 - samples/sec: 79.79 - lr: 0.100000
2022-05-23 15:02:34,830 epoch 3 - iter 100/107 - loss 0.15782248 - samples/sec: 82.95 - lr: 0.100000
2022-05-23 15:02:36,686 ----------------------------------------------------------------------------------------------------
2022-05-23 15:02:36,686 EPOCH 3 done: loss 0.1566 - lr 0.100000
2022-05-23 15:02:47,055 Evaluating as a multi-label problem: False
2022-05-23 15:02:47,066 DEV : loss 0.27853626012802124 - f1-score (micro avg)  0.4793
2022-05-23 15:02:47,162 BAD EPOCHS (no improvement): 0
2022-05-23 15:02:47,166 saving best model
2022-05-23 15:04:26,916 ----------------------------------------------------------------------------------------------------
2022-05-23 15:04:31,130 epoch 4 - iter 10/107 - loss 0.16922650 - samples/sec: 75.97 - lr: 0.100000
2022-05-23 15:04:35,101 epoch 4 - iter 20/107 - loss 0.15773055 - samples/sec: 80.61 - lr: 0.100000
2022-05-23 15:04:39,247 epoch 4 - iter 30/107 - loss 0.14911331 - samples/sec: 77.20 - lr: 0.100000
2022-05-23 15:04:43,123 epoch 4 - iter 40/107 - loss 0.15185627 - samples/sec: 82.58 - lr: 0.100000
2022-05-23 15:04:47,016 epoch 4 - iter 50/107 - loss 0.14716506 - samples/sec: 82.22 - lr: 0.100000
2022-05-23 15:04:50,786 epoch 4 - iter 60/107 - loss 0.14655808 - samples/sec: 84.91 - lr: 0.100000
2022-05-23 15:04:54,810 epoch 4 - iter 70/107 - loss 0.14350230 - samples/sec: 79.54 - lr: 0.100000
2022-05-23 15:04:58,549 epoch 4 - iter 80/107 - loss 0.13954492 - samples/sec: 85.63 - lr: 0.100000
2022-05-23 15:05:02,236 epoch 4 - iter 90/107 - loss 0.13816443 - samples/sec: 86.81 - lr: 0.100000
2022-05-23 15:05:05,905 epoch 4 - iter 100/107 - loss 0.13750814 - samples/sec: 87.24 - lr: 0.100000
2022-05-23 15:05:08,355 ----------------------------------------------------------------------------------------------------
2022-05-23 15:05:08,355 EPOCH 4 done: loss 0.1389 - lr 0.100000
2022-05-23 15:05:19,971 Evaluating as a multi-label problem: False
2022-05-23 15:05:19,982 DEV : loss 0.2706540524959564 - f1-score (micro avg)  0.4679
2022-05-23 15:05:20,065 BAD EPOCHS (no improvement): 1
2022-05-23 15:05:20,086 ----------------------------------------------------------------------------------------------------
2022-05-23 15:05:24,215 epoch 5 - iter 10/107 - loss 0.13472311 - samples/sec: 77.53 - lr: 0.100000
2022-05-23 15:05:27,976 epoch 5 - iter 20/107 - loss 0.12981299 - samples/sec: 85.09 - lr: 0.100000
2022-05-23 15:05:32,002 epoch 5 - iter 30/107 - loss 0.12908088 - samples/sec: 79.50 - lr: 0.100000
2022-05-23 15:05:35,819 epoch 5 - iter 40/107 - loss 0.13508510 - samples/sec: 83.87 - lr: 0.100000
2022-05-23 15:05:39,431 epoch 5 - iter 50/107 - loss 0.13321372 - samples/sec: 88.62 - lr: 0.100000
2022-05-23 15:05:42,881 epoch 5 - iter 60/107 - loss 0.13111606 - samples/sec: 92.76 - lr: 0.100000
2022-05-23 15:05:46,012 epoch 5 - iter 70/107 - loss 0.13188164 - samples/sec: 102.26 - lr: 0.100000
2022-05-23 15:05:48,969 epoch 5 - iter 80/107 - loss 0.12993570 - samples/sec: 108.23 - lr: 0.100000
2022-05-23 15:05:51,905 epoch 5 - iter 90/107 - loss 0.12970992 - samples/sec: 109.04 - lr: 0.100000
2022-05-23 15:05:54,803 epoch 5 - iter 100/107 - loss 0.12915386 - samples/sec: 110.49 - lr: 0.100000
2022-05-23 15:05:56,579 ----------------------------------------------------------------------------------------------------
2022-05-23 15:05:56,579 EPOCH 5 done: loss 0.1282 - lr 0.100000
2022-05-23 15:06:05,649 Evaluating as a multi-label problem: False
2022-05-23 15:06:05,660 DEV : loss 0.22090698778629303 - f1-score (micro avg)  0.4774
2022-05-23 15:06:05,746 BAD EPOCHS (no improvement): 2
2022-05-23 15:06:05,749 ----------------------------------------------------------------------------------------------------
2022-05-23 15:06:08,714 epoch 6 - iter 10/107 - loss 0.10869834 - samples/sec: 107.96 - lr: 0.100000
2022-05-23 15:06:11,635 epoch 6 - iter 20/107 - loss 0.12253656 - samples/sec: 109.59 - lr: 0.100000
2022-05-23 15:06:14,614 epoch 6 - iter 30/107 - loss 0.12272719 - samples/sec: 107.45 - lr: 0.100000
2022-05-23 15:06:17,910 epoch 6 - iter 40/107 - loss 0.11951778 - samples/sec: 97.12 - lr: 0.100000
2022-05-23 15:06:21,877 epoch 6 - iter 50/107 - loss 0.12003904 - samples/sec: 80.68 - lr: 0.100000
2022-05-23 15:06:25,865 epoch 6 - iter 60/107 - loss 0.11979295 - samples/sec: 80.27 - lr: 0.100000
2022-05-23 15:06:29,917 epoch 6 - iter 70/107 - loss 0.11855088 - samples/sec: 78.99 - lr: 0.100000
2022-05-23 15:06:33,877 epoch 6 - iter 80/107 - loss 0.12004561 - samples/sec: 80.82 - lr: 0.100000
2022-05-23 15:06:38,111 epoch 6 - iter 90/107 - loss 0.11999167 - samples/sec: 75.60 - lr: 0.100000
2022-05-23 15:06:42,124 epoch 6 - iter 100/107 - loss 0.11712545 - samples/sec: 79.77 - lr: 0.100000
2022-05-23 15:06:44,529 ----------------------------------------------------------------------------------------------------
2022-05-23 15:06:44,529 EPOCH 6 done: loss 0.1163 - lr 0.100000
2022-05-23 15:06:55,518 Evaluating as a multi-label problem: False
2022-05-23 15:06:55,530 DEV : loss 0.22458221018314362 - f1-score (micro avg)  0.5317
2022-05-23 15:06:55,617 BAD EPOCHS (no improvement): 0
2022-05-23 15:06:55,620 saving best model
2022-05-23 15:08:34,685 ----------------------------------------------------------------------------------------------------
2022-05-23 15:08:38,677 epoch 7 - iter 10/107 - loss 0.07981158 - samples/sec: 80.21 - lr: 0.100000
2022-05-23 15:08:42,723 epoch 7 - iter 20/107 - loss 0.09409432 - samples/sec: 79.11 - lr: 0.100000
2022-05-23 15:08:46,927 epoch 7 - iter 30/107 - loss 0.10199686 - samples/sec: 76.14 - lr: 0.100000
2022-05-23 15:08:50,937 epoch 7 - iter 40/107 - loss 0.09861550 - samples/sec: 79.81 - lr: 0.100000
2022-05-23 15:08:54,975 epoch 7 - iter 50/107 - loss 0.10409615 - samples/sec: 79.28 - lr: 0.100000
2022-05-23 15:08:59,028 epoch 7 - iter 60/107 - loss 0.10729310 - samples/sec: 78.98 - lr: 0.100000
2022-05-23 15:09:02,618 epoch 7 - iter 70/107 - loss 0.10849813 - samples/sec: 89.15 - lr: 0.100000
2022-05-23 15:09:06,261 epoch 7 - iter 80/107 - loss 0.10885215 - samples/sec: 87.87 - lr: 0.100000
2022-05-23 15:09:09,909 epoch 7 - iter 90/107 - loss 0.10596760 - samples/sec: 87.73 - lr: 0.100000
2022-05-23 15:09:14,056 epoch 7 - iter 100/107 - loss 0.10632595 - samples/sec: 77.19 - lr: 0.100000
2022-05-23 15:09:16,449 ----------------------------------------------------------------------------------------------------
2022-05-23 15:09:16,449 EPOCH 7 done: loss 0.1085 - lr 0.100000
2022-05-23 15:09:28,004 Evaluating as a multi-label problem: False
2022-05-23 15:09:28,015 DEV : loss 0.2306637018918991 - f1-score (micro avg)  0.481
2022-05-23 15:09:28,101 BAD EPOCHS (no improvement): 1
2022-05-23 15:09:28,104 ----------------------------------------------------------------------------------------------------
2022-05-23 15:09:32,034 epoch 8 - iter 10/107 - loss 0.09786848 - samples/sec: 81.45 - lr: 0.100000
2022-05-23 15:09:36,255 epoch 8 - iter 20/107 - loss 0.10119319 - samples/sec: 75.83 - lr: 0.100000
2022-05-23 15:09:40,224 epoch 8 - iter 30/107 - loss 0.09830140 - samples/sec: 80.64 - lr: 0.100000
2022-05-23 15:09:43,955 epoch 8 - iter 40/107 - loss 0.09637382 - samples/sec: 85.81 - lr: 0.100000
2022-05-23 15:09:47,661 epoch 8 - iter 50/107 - loss 0.10227505 - samples/sec: 86.36 - lr: 0.100000
2022-05-23 15:09:51,819 epoch 8 - iter 60/107 - loss 0.10279414 - samples/sec: 76.98 - lr: 0.100000
2022-05-23 15:09:55,651 epoch 8 - iter 70/107 - loss 0.10201868 - samples/sec: 83.54 - lr: 0.100000
2022-05-23 15:09:59,286 epoch 8 - iter 80/107 - loss 0.09956290 - samples/sec: 88.05 - lr: 0.100000
2022-05-23 15:10:03,398 epoch 8 - iter 90/107 - loss 0.10044980 - samples/sec: 77.83 - lr: 0.100000
2022-05-23 15:10:07,402 epoch 8 - iter 100/107 - loss 0.09986371 - samples/sec: 79.94 - lr: 0.100000
2022-05-23 15:10:09,809 ----------------------------------------------------------------------------------------------------
2022-05-23 15:10:09,809 EPOCH 8 done: loss 0.1005 - lr 0.100000
2022-05-23 15:10:20,950 Evaluating as a multi-label problem: False
2022-05-23 15:10:20,961 DEV : loss 0.21112969517707825 - f1-score (micro avg)  0.4829
2022-05-23 15:10:21,050 BAD EPOCHS (no improvement): 2
2022-05-23 15:10:21,053 ----------------------------------------------------------------------------------------------------
2022-05-23 15:10:24,568 epoch 9 - iter 10/107 - loss 0.12300444 - samples/sec: 91.08 - lr: 0.100000
2022-05-23 15:10:28,349 epoch 9 - iter 20/107 - loss 0.10983315 - samples/sec: 84.66 - lr: 0.100000
2022-05-23 15:10:32,136 epoch 9 - iter 30/107 - loss 0.10732243 - samples/sec: 84.53 - lr: 0.100000
2022-05-23 15:10:36,545 epoch 9 - iter 40/107 - loss 0.10091886 - samples/sec: 72.59 - lr: 0.100000
2022-05-23 15:10:40,529 epoch 9 - iter 50/107 - loss 0.09880941 - samples/sec: 80.34 - lr: 0.100000
2022-05-23 15:10:44,399 epoch 9 - iter 60/107 - loss 0.10001597 - samples/sec: 82.71 - lr: 0.100000
2022-05-23 15:10:48,416 epoch 9 - iter 70/107 - loss 0.09843216 - samples/sec: 79.68 - lr: 0.100000
2022-05-23 15:10:52,492 epoch 9 - iter 80/107 - loss 0.09561970 - samples/sec: 78.53 - lr: 0.100000
2022-05-23 15:10:56,462 epoch 9 - iter 90/107 - loss 0.09344969 - samples/sec: 80.61 - lr: 0.100000
2022-05-23 15:11:00,230 epoch 9 - iter 100/107 - loss 0.09342172 - samples/sec: 84.96 - lr: 0.100000
2022-05-23 15:11:02,519 ----------------------------------------------------------------------------------------------------
2022-05-23 15:11:02,519 EPOCH 9 done: loss 0.0926 - lr 0.100000
2022-05-23 15:11:25,180 Evaluating as a multi-label problem: False
2022-05-23 15:11:25,191 DEV : loss 0.18481186032295227 - f1-score (micro avg)  0.5379
2022-05-23 15:11:25,275 BAD EPOCHS (no improvement): 0
2022-05-23 15:11:25,277 saving best model
2022-05-23 15:13:02,886 ----------------------------------------------------------------------------------------------------
2022-05-23 15:13:07,224 epoch 10 - iter 10/107 - loss 0.07577452 - samples/sec: 73.80 - lr: 0.100000
2022-05-23 15:13:10,978 epoch 10 - iter 20/107 - loss 0.08857605 - samples/sec: 85.28 - lr: 0.100000
2022-05-23 15:13:14,267 epoch 10 - iter 30/107 - loss 0.09179213 - samples/sec: 97.33 - lr: 0.100000
2022-05-23 15:13:17,889 epoch 10 - iter 40/107 - loss 0.08996348 - samples/sec: 88.36 - lr: 0.100000
2022-05-23 15:13:21,827 epoch 10 - iter 50/107 - loss 0.08873683 - samples/sec: 81.30 - lr: 0.100000
2022-05-23 15:13:25,783 epoch 10 - iter 60/107 - loss 0.09044721 - samples/sec: 80.91 - lr: 0.100000
2022-05-23 15:13:29,790 epoch 10 - iter 70/107 - loss 0.09125412 - samples/sec: 79.88 - lr: 0.100000
2022-05-23 15:13:33,874 epoch 10 - iter 80/107 - loss 0.08977096 - samples/sec: 78.38 - lr: 0.100000
2022-05-23 15:13:37,970 epoch 10 - iter 90/107 - loss 0.09216746 - samples/sec: 78.15 - lr: 0.100000
2022-05-23 15:13:42,308 epoch 10 - iter 100/107 - loss 0.09004960 - samples/sec: 73.78 - lr: 0.100000
2022-05-23 15:13:44,900 ----------------------------------------------------------------------------------------------------
2022-05-23 15:13:44,900 EPOCH 10 done: loss 0.0897 - lr 0.100000
2022-05-23 15:13:55,865 Evaluating as a multi-label problem: False
2022-05-23 15:13:55,876 DEV : loss 0.23675671219825745 - f1-score (micro avg)  0.4682
2022-05-23 15:13:55,960 BAD EPOCHS (no improvement): 1
2022-05-23 15:13:55,963 ----------------------------------------------------------------------------------------------------
2022-05-23 15:13:59,791 epoch 11 - iter 10/107 - loss 0.07346590 - samples/sec: 83.61 - lr: 0.100000
2022-05-23 15:14:03,897 epoch 11 - iter 20/107 - loss 0.07927906 - samples/sec: 77.97 - lr: 0.100000
2022-05-23 15:14:07,785 epoch 11 - iter 30/107 - loss 0.08170766 - samples/sec: 82.32 - lr: 0.100000
2022-05-23 15:14:11,789 epoch 11 - iter 40/107 - loss 0.08068447 - samples/sec: 79.95 - lr: 0.100000
2022-05-23 15:14:15,934 epoch 11 - iter 50/107 - loss 0.08220018 - samples/sec: 77.21 - lr: 0.100000
2022-05-23 15:14:20,122 epoch 11 - iter 60/107 - loss 0.08524574 - samples/sec: 76.42 - lr: 0.100000
2022-05-23 15:14:24,194 epoch 11 - iter 70/107 - loss 0.08413588 - samples/sec: 78.60 - lr: 0.100000
2022-05-23 15:14:28,163 epoch 11 - iter 80/107 - loss 0.08351419 - samples/sec: 80.66 - lr: 0.100000
2022-05-23 15:14:31,811 epoch 11 - iter 90/107 - loss 0.08411349 - samples/sec: 87.75 - lr: 0.100000
2022-05-23 15:14:35,449 epoch 11 - iter 100/107 - loss 0.08500211 - samples/sec: 87.97 - lr: 0.100000
2022-05-23 15:14:37,750 ----------------------------------------------------------------------------------------------------
2022-05-23 15:14:37,750 EPOCH 11 done: loss 0.0844 - lr 0.100000
2022-05-23 15:14:48,522 Evaluating as a multi-label problem: False
2022-05-23 15:14:48,533 DEV : loss 0.2269829660654068 - f1-score (micro avg)  0.4761
2022-05-23 15:14:48,616 BAD EPOCHS (no improvement): 2
2022-05-23 15:14:48,619 ----------------------------------------------------------------------------------------------------
2022-05-23 15:14:52,701 epoch 12 - iter 10/107 - loss 0.07391028 - samples/sec: 78.42 - lr: 0.100000
2022-05-23 15:14:56,560 epoch 12 - iter 20/107 - loss 0.08405087 - samples/sec: 82.96 - lr: 0.100000
2022-05-23 15:15:00,747 epoch 12 - iter 30/107 - loss 0.07964559 - samples/sec: 76.45 - lr: 0.100000
2022-05-23 15:15:04,641 epoch 12 - iter 40/107 - loss 0.08404085 - samples/sec: 82.19 - lr: 0.100000
2022-05-23 15:15:08,686 epoch 12 - iter 50/107 - loss 0.08292211 - samples/sec: 79.12 - lr: 0.100000
2022-05-23 15:15:12,524 epoch 12 - iter 60/107 - loss 0.08185516 - samples/sec: 83.40 - lr: 0.100000
2022-05-23 15:15:16,450 epoch 12 - iter 70/107 - loss 0.08261338 - samples/sec: 81.53 - lr: 0.100000
2022-05-23 15:15:20,233 epoch 12 - iter 80/107 - loss 0.08118710 - samples/sec: 84.62 - lr: 0.100000
2022-05-23 15:15:24,133 epoch 12 - iter 90/107 - loss 0.08145777 - samples/sec: 82.08 - lr: 0.100000
2022-05-23 15:15:28,154 epoch 12 - iter 100/107 - loss 0.08063182 - samples/sec: 79.59 - lr: 0.100000
2022-05-23 15:15:30,664 ----------------------------------------------------------------------------------------------------
2022-05-23 15:15:30,664 EPOCH 12 done: loss 0.0806 - lr 0.100000
2022-05-23 15:15:42,474 Evaluating as a multi-label problem: False
2022-05-23 15:15:42,485 DEV : loss 0.2148638218641281 - f1-score (micro avg)  0.4935
2022-05-23 15:15:42,570 BAD EPOCHS (no improvement): 3
2022-05-23 15:15:42,572 ----------------------------------------------------------------------------------------------------
2022-05-23 15:15:46,700 epoch 13 - iter 10/107 - loss 0.06913141 - samples/sec: 77.53 - lr: 0.100000
2022-05-23 15:15:50,694 epoch 13 - iter 20/107 - loss 0.08204934 - samples/sec: 80.15 - lr: 0.100000
2022-05-23 15:15:54,429 epoch 13 - iter 30/107 - loss 0.08003777 - samples/sec: 85.70 - lr: 0.100000
2022-05-23 15:15:58,008 epoch 13 - iter 40/107 - loss 0.07619935 - samples/sec: 89.42 - lr: 0.100000
2022-05-23 15:16:01,693 epoch 13 - iter 50/107 - loss 0.07715193 - samples/sec: 86.86 - lr: 0.100000
2022-05-23 15:16:05,581 epoch 13 - iter 60/107 - loss 0.07727855 - samples/sec: 82.32 - lr: 0.100000
2022-05-23 15:16:09,481 epoch 13 - iter 70/107 - loss 0.07704287 - samples/sec: 82.08 - lr: 0.100000
2022-05-23 15:16:13,639 epoch 13 - iter 80/107 - loss 0.07541429 - samples/sec: 76.97 - lr: 0.100000
2022-05-23 15:16:17,746 epoch 13 - iter 90/107 - loss 0.07489486 - samples/sec: 77.94 - lr: 0.100000
2022-05-23 15:16:21,962 epoch 13 - iter 100/107 - loss 0.07572013 - samples/sec: 75.92 - lr: 0.100000
2022-05-23 15:16:24,430 ----------------------------------------------------------------------------------------------------
2022-05-23 15:16:24,430 EPOCH 13 done: loss 0.0758 - lr 0.100000
2022-05-23 15:16:35,582 Evaluating as a multi-label problem: False
2022-05-23 15:16:35,593 DEV : loss 0.1920701563358307 - f1-score (micro avg)  0.493
2022-05-23 15:16:35,678 Epoch    13: reducing learning rate of group 0 to 5.0000e-02.
2022-05-23 15:16:35,678 BAD EPOCHS (no improvement): 4
2022-05-23 15:16:35,680 ----------------------------------------------------------------------------------------------------
2022-05-23 15:16:39,424 epoch 14 - iter 10/107 - loss 0.07785430 - samples/sec: 85.50 - lr: 0.050000
2022-05-23 15:16:43,325 epoch 14 - iter 20/107 - loss 0.07114698 - samples/sec: 82.05 - lr: 0.050000
2022-05-23 15:16:47,321 epoch 14 - iter 30/107 - loss 0.06535766 - samples/sec: 80.11 - lr: 0.050000
2022-05-23 15:16:51,341 epoch 14 - iter 40/107 - loss 0.06821269 - samples/sec: 79.61 - lr: 0.050000
2022-05-23 15:16:55,303 epoch 14 - iter 50/107 - loss 0.06735271 - samples/sec: 80.80 - lr: 0.050000
2022-05-23 15:16:59,308 epoch 14 - iter 60/107 - loss 0.06598238 - samples/sec: 79.92 - lr: 0.050000
2022-05-23 15:17:03,355 epoch 14 - iter 70/107 - loss 0.06544917 - samples/sec: 79.09 - lr: 0.050000
2022-05-23 15:17:07,473 epoch 14 - iter 80/107 - loss 0.06549952 - samples/sec: 77.73 - lr: 0.050000
2022-05-23 15:17:11,429 epoch 14 - iter 90/107 - loss 0.06699571 - samples/sec: 80.90 - lr: 0.050000
2022-05-23 15:17:15,097 epoch 14 - iter 100/107 - loss 0.06671291 - samples/sec: 87.28 - lr: 0.050000
2022-05-23 15:17:17,408 ----------------------------------------------------------------------------------------------------
2022-05-23 15:17:17,409 EPOCH 14 done: loss 0.0681 - lr 0.050000
2022-05-23 15:17:29,117 Evaluating as a multi-label problem: False
2022-05-23 15:17:29,128 DEV : loss 0.19606420397758484 - f1-score (micro avg)  0.5211
2022-05-23 15:17:29,212 BAD EPOCHS (no improvement): 1
2022-05-23 15:17:29,215 ----------------------------------------------------------------------------------------------------
2022-05-23 15:17:33,224 epoch 15 - iter 10/107 - loss 0.06923634 - samples/sec: 79.84 - lr: 0.050000
2022-05-23 15:17:37,262 epoch 15 - iter 20/107 - loss 0.06398523 - samples/sec: 79.28 - lr: 0.050000
2022-05-23 15:17:41,547 epoch 15 - iter 30/107 - loss 0.05968817 - samples/sec: 74.69 - lr: 0.050000
2022-05-23 15:17:45,583 epoch 15 - iter 40/107 - loss 0.06053898 - samples/sec: 79.30 - lr: 0.050000
2022-05-23 15:17:49,586 epoch 15 - iter 50/107 - loss 0.06352084 - samples/sec: 79.97 - lr: 0.050000
2022-05-23 15:17:53,225 epoch 15 - iter 60/107 - loss 0.06137541 - samples/sec: 87.97 - lr: 0.050000
2022-05-23 15:17:56,956 epoch 15 - iter 70/107 - loss 0.06309463 - samples/sec: 85.79 - lr: 0.050000
2022-05-23 15:18:00,462 epoch 15 - iter 80/107 - loss 0.06264355 - samples/sec: 91.30 - lr: 0.050000
2022-05-23 15:18:04,457 epoch 15 - iter 90/107 - loss 0.06221234 - samples/sec: 80.12 - lr: 0.050000
2022-05-23 15:18:08,365 epoch 15 - iter 100/107 - loss 0.06173356 - samples/sec: 81.90 - lr: 0.050000
2022-05-23 15:18:10,921 ----------------------------------------------------------------------------------------------------
2022-05-23 15:18:10,921 EPOCH 15 done: loss 0.0616 - lr 0.050000
2022-05-23 15:18:22,800 Evaluating as a multi-label problem: False
2022-05-23 15:18:22,811 DEV : loss 0.1933760941028595 - f1-score (micro avg)  0.524
2022-05-23 15:18:22,895 BAD EPOCHS (no improvement): 2
2022-05-23 15:18:23,018 ----------------------------------------------------------------------------------------------------
2022-05-23 15:18:26,879 epoch 16 - iter 10/107 - loss 0.05683036 - samples/sec: 82.92 - lr: 0.050000
2022-05-23 15:18:30,860 epoch 16 - iter 20/107 - loss 0.05733490 - samples/sec: 80.40 - lr: 0.050000
2022-05-23 15:18:34,478 epoch 16 - iter 30/107 - loss 0.05854749 - samples/sec: 88.47 - lr: 0.050000
2022-05-23 15:18:38,157 epoch 16 - iter 40/107 - loss 0.06271989 - samples/sec: 87.00 - lr: 0.050000
2022-05-23 15:18:41,942 epoch 16 - iter 50/107 - loss 0.06125286 - samples/sec: 84.56 - lr: 0.050000
2022-05-23 15:18:45,860 epoch 16 - iter 60/107 - loss 0.06213186 - samples/sec: 81.71 - lr: 0.050000
2022-05-23 15:18:50,031 epoch 16 - iter 70/107 - loss 0.06113447 - samples/sec: 76.74 - lr: 0.050000
2022-05-23 15:18:54,141 epoch 16 - iter 80/107 - loss 0.06197831 - samples/sec: 77.87 - lr: 0.050000
2022-05-23 15:18:58,057 epoch 16 - iter 90/107 - loss 0.06289905 - samples/sec: 81.75 - lr: 0.050000
2022-05-23 15:19:02,264 epoch 16 - iter 100/107 - loss 0.06097819 - samples/sec: 76.08 - lr: 0.050000
2022-05-23 15:19:04,847 ----------------------------------------------------------------------------------------------------
2022-05-23 15:19:04,847 EPOCH 16 done: loss 0.0604 - lr 0.050000
2022-05-23 15:19:15,965 Evaluating as a multi-label problem: False
2022-05-23 15:19:15,976 DEV : loss 0.2055799514055252 - f1-score (micro avg)  0.515
2022-05-23 15:19:16,062 BAD EPOCHS (no improvement): 3
2022-05-23 15:19:16,065 ----------------------------------------------------------------------------------------------------
2022-05-23 15:19:19,649 epoch 17 - iter 10/107 - loss 0.05408783 - samples/sec: 89.32 - lr: 0.050000
2022-05-23 15:19:23,678 epoch 17 - iter 20/107 - loss 0.05613574 - samples/sec: 79.43 - lr: 0.050000
2022-05-23 15:19:27,704 epoch 17 - iter 30/107 - loss 0.05656410 - samples/sec: 79.51 - lr: 0.050000
2022-05-23 15:19:31,783 epoch 17 - iter 40/107 - loss 0.05615097 - samples/sec: 78.47 - lr: 0.050000
2022-05-23 15:19:35,709 epoch 17 - iter 50/107 - loss 0.05858728 - samples/sec: 81.52 - lr: 0.050000
2022-05-23 15:19:39,630 epoch 17 - iter 60/107 - loss 0.05838026 - samples/sec: 81.63 - lr: 0.050000
2022-05-23 15:19:43,746 epoch 17 - iter 70/107 - loss 0.05739568 - samples/sec: 77.77 - lr: 0.050000
2022-05-23 15:19:47,909 epoch 17 - iter 80/107 - loss 0.05707459 - samples/sec: 76.89 - lr: 0.050000
2022-05-23 15:19:51,799 epoch 17 - iter 90/107 - loss 0.05863142 - samples/sec: 82.29 - lr: 0.050000
2022-05-23 15:19:55,414 epoch 17 - iter 100/107 - loss 0.05801829 - samples/sec: 88.54 - lr: 0.050000
2022-05-23 15:19:57,544 ----------------------------------------------------------------------------------------------------
2022-05-23 15:19:57,544 EPOCH 17 done: loss 0.0573 - lr 0.050000
2022-05-23 15:20:09,351 Evaluating as a multi-label problem: False
2022-05-23 15:20:09,362 DEV : loss 0.2127230316400528 - f1-score (micro avg)  0.5127
2022-05-23 15:20:09,447 Epoch    17: reducing learning rate of group 0 to 2.5000e-02.
2022-05-23 15:20:09,447 BAD EPOCHS (no improvement): 4
2022-05-23 15:20:09,449 ----------------------------------------------------------------------------------------------------
2022-05-23 15:20:13,355 epoch 18 - iter 10/107 - loss 0.04323188 - samples/sec: 81.95 - lr: 0.025000
2022-05-23 15:20:17,452 epoch 18 - iter 20/107 - loss 0.04986655 - samples/sec: 78.12 - lr: 0.025000
2022-05-23 15:20:21,491 epoch 18 - iter 30/107 - loss 0.05327928 - samples/sec: 79.25 - lr: 0.025000
2022-05-23 15:20:25,472 epoch 18 - iter 40/107 - loss 0.05572167 - samples/sec: 80.39 - lr: 0.025000
2022-05-23 15:20:29,756 epoch 18 - iter 50/107 - loss 0.05457525 - samples/sec: 74.72 - lr: 0.025000
2022-05-23 15:20:33,160 epoch 18 - iter 60/107 - loss 0.05364692 - samples/sec: 94.03 - lr: 0.025000
2022-05-23 15:20:36,749 epoch 18 - iter 70/107 - loss 0.05550646 - samples/sec: 89.19 - lr: 0.025000
2022-05-23 15:20:40,315 epoch 18 - iter 80/107 - loss 0.05450886 - samples/sec: 89.78 - lr: 0.025000
2022-05-23 15:20:44,456 epoch 18 - iter 90/107 - loss 0.05357202 - samples/sec: 77.29 - lr: 0.025000
2022-05-23 15:20:48,484 epoch 18 - iter 100/107 - loss 0.05390032 - samples/sec: 79.46 - lr: 0.025000
2022-05-23 15:20:50,893 ----------------------------------------------------------------------------------------------------
2022-05-23 15:20:50,894 EPOCH 18 done: loss 0.0536 - lr 0.025000
2022-05-23 15:21:02,593 Evaluating as a multi-label problem: False
2022-05-23 15:21:02,604 DEV : loss 0.19871671497821808 - f1-score (micro avg)  0.5209
2022-05-23 15:21:02,689 BAD EPOCHS (no improvement): 1
2022-05-23 15:21:02,692 ----------------------------------------------------------------------------------------------------
2022-05-23 15:21:06,643 epoch 19 - iter 10/107 - loss 0.04750444 - samples/sec: 81.01 - lr: 0.025000
2022-05-23 15:21:10,670 epoch 19 - iter 20/107 - loss 0.05253278 - samples/sec: 79.49 - lr: 0.025000
2022-05-23 15:21:14,291 epoch 19 - iter 30/107 - loss 0.05332137 - samples/sec: 88.39 - lr: 0.025000
2022-05-23 15:21:17,799 epoch 19 - iter 40/107 - loss 0.05081807 - samples/sec: 91.26 - lr: 0.025000
2022-05-23 15:21:21,378 epoch 19 - iter 50/107 - loss 0.05216670 - samples/sec: 89.44 - lr: 0.025000
2022-05-23 15:21:25,250 epoch 19 - iter 60/107 - loss 0.05272876 - samples/sec: 82.67 - lr: 0.025000
2022-05-23 15:21:29,322 epoch 19 - iter 70/107 - loss 0.05148121 - samples/sec: 78.61 - lr: 0.025000
2022-05-23 15:21:33,254 epoch 19 - iter 80/107 - loss 0.05191241 - samples/sec: 81.40 - lr: 0.025000
2022-05-23 15:21:37,328 epoch 19 - iter 90/107 - loss 0.05147075 - samples/sec: 78.57 - lr: 0.025000
2022-05-23 15:21:41,349 epoch 19 - iter 100/107 - loss 0.05271459 - samples/sec: 79.61 - lr: 0.025000
2022-05-23 15:21:43,812 ----------------------------------------------------------------------------------------------------
2022-05-23 15:21:43,812 EPOCH 19 done: loss 0.0529 - lr 0.025000
2022-05-23 15:21:55,073 Evaluating as a multi-label problem: False
2022-05-23 15:21:55,084 DEV : loss 0.19546504318714142 - f1-score (micro avg)  0.5328
2022-05-23 15:21:55,170 BAD EPOCHS (no improvement): 2
2022-05-23 15:21:55,173 ----------------------------------------------------------------------------------------------------
2022-05-23 15:21:58,896 epoch 20 - iter 10/107 - loss 0.05210800 - samples/sec: 85.97 - lr: 0.025000
2022-05-23 15:22:02,728 epoch 20 - iter 20/107 - loss 0.04981577 - samples/sec: 83.54 - lr: 0.025000
2022-05-23 15:22:06,900 epoch 20 - iter 30/107 - loss 0.05075229 - samples/sec: 76.71 - lr: 0.025000
2022-05-23 15:22:10,786 epoch 20 - iter 40/107 - loss 0.04861884 - samples/sec: 82.37 - lr: 0.025000
2022-05-23 15:22:14,689 epoch 20 - iter 50/107 - loss 0.04802596 - samples/sec: 82.02 - lr: 0.025000
2022-05-23 15:22:18,675 epoch 20 - iter 60/107 - loss 0.04781454 - samples/sec: 80.30 - lr: 0.025000
2022-05-23 15:22:22,998 epoch 20 - iter 70/107 - loss 0.04858010 - samples/sec: 74.04 - lr: 0.025000
2022-05-23 15:22:26,817 epoch 20 - iter 80/107 - loss 0.04940295 - samples/sec: 83.82 - lr: 0.025000
2022-05-23 15:22:31,109 epoch 20 - iter 90/107 - loss 0.04950463 - samples/sec: 74.57 - lr: 0.025000
2022-05-23 15:22:34,641 epoch 20 - iter 100/107 - loss 0.05078325 - samples/sec: 90.62 - lr: 0.025000
2022-05-23 15:22:36,923 ----------------------------------------------------------------------------------------------------
2022-05-23 15:22:36,924 EPOCH 20 done: loss 0.0509 - lr 0.025000
2022-05-23 15:22:48,678 Evaluating as a multi-label problem: False
2022-05-23 15:22:48,689 DEV : loss 0.19984470307826996 - f1-score (micro avg)  0.5261
2022-05-23 15:22:48,774 BAD EPOCHS (no improvement): 3
2022-05-23 15:22:48,776 ----------------------------------------------------------------------------------------------------
2022-05-23 15:22:52,605 epoch 21 - iter 10/107 - loss 0.04445190 - samples/sec: 83.61 - lr: 0.025000
2022-05-23 15:22:56,762 epoch 21 - iter 20/107 - loss 0.04621260 - samples/sec: 76.99 - lr: 0.025000
2022-05-23 15:23:00,739 epoch 21 - iter 30/107 - loss 0.04947274 - samples/sec: 80.48 - lr: 0.025000
2022-05-23 15:23:04,829 epoch 21 - iter 40/107 - loss 0.04913341 - samples/sec: 78.25 - lr: 0.025000
2022-05-23 15:23:08,736 epoch 21 - iter 50/107 - loss 0.05090694 - samples/sec: 81.93 - lr: 0.025000
2022-05-23 15:23:12,330 epoch 21 - iter 60/107 - loss 0.05089262 - samples/sec: 89.06 - lr: 0.025000
2022-05-23 15:23:15,871 epoch 21 - iter 70/107 - loss 0.05131909 - samples/sec: 90.40 - lr: 0.025000
2022-05-23 15:23:19,615 epoch 21 - iter 80/107 - loss 0.05068379 - samples/sec: 85.49 - lr: 0.025000
2022-05-23 15:23:23,789 epoch 21 - iter 90/107 - loss 0.05057995 - samples/sec: 76.69 - lr: 0.025000
2022-05-23 15:23:27,917 epoch 21 - iter 100/107 - loss 0.05097283 - samples/sec: 77.54 - lr: 0.025000
2022-05-23 15:23:30,327 ----------------------------------------------------------------------------------------------------
2022-05-23 15:23:30,327 EPOCH 21 done: loss 0.0512 - lr 0.025000
2022-05-23 15:23:41,262 Evaluating as a multi-label problem: False
2022-05-23 15:23:41,273 DEV : loss 0.20457744598388672 - f1-score (micro avg)  0.5338
2022-05-23 15:23:41,358 Epoch    21: reducing learning rate of group 0 to 1.2500e-02.
2022-05-23 15:23:41,358 BAD EPOCHS (no improvement): 4
2022-05-23 15:23:41,363 ----------------------------------------------------------------------------------------------------
2022-05-23 15:23:45,471 epoch 22 - iter 10/107 - loss 0.04181582 - samples/sec: 77.91 - lr: 0.012500
2022-05-23 15:23:49,612 epoch 22 - iter 20/107 - loss 0.04434691 - samples/sec: 77.30 - lr: 0.012500
2022-05-23 15:23:53,406 epoch 22 - iter 30/107 - loss 0.04688508 - samples/sec: 84.36 - lr: 0.012500
2022-05-23 15:23:56,980 epoch 22 - iter 40/107 - loss 0.04720714 - samples/sec: 89.57 - lr: 0.012500
2022-05-23 15:24:00,626 epoch 22 - iter 50/107 - loss 0.04770516 - samples/sec: 87.77 - lr: 0.012500
2022-05-23 15:24:04,700 epoch 22 - iter 60/107 - loss 0.04686430 - samples/sec: 78.58 - lr: 0.012500
2022-05-23 15:24:08,549 epoch 22 - iter 70/107 - loss 0.04663698 - samples/sec: 83.16 - lr: 0.012500
2022-05-23 15:24:12,600 epoch 22 - iter 80/107 - loss 0.04677422 - samples/sec: 79.02 - lr: 0.012500
2022-05-23 15:24:16,654 epoch 22 - iter 90/107 - loss 0.04672423 - samples/sec: 78.96 - lr: 0.012500
2022-05-23 15:24:20,815 epoch 22 - iter 100/107 - loss 0.04708506 - samples/sec: 76.92 - lr: 0.012500
2022-05-23 15:24:23,117 ----------------------------------------------------------------------------------------------------
2022-05-23 15:24:23,117 EPOCH 22 done: loss 0.0466 - lr 0.012500
2022-05-23 15:24:34,818 Evaluating as a multi-label problem: False
2022-05-23 15:24:34,829 DEV : loss 0.2021588236093521 - f1-score (micro avg)  0.5306
2022-05-23 15:24:34,914 BAD EPOCHS (no improvement): 1
2022-05-23 15:24:34,988 ----------------------------------------------------------------------------------------------------
2022-05-23 15:24:38,683 epoch 23 - iter 10/107 - loss 0.03988618 - samples/sec: 86.62 - lr: 0.012500
2022-05-23 15:24:42,469 epoch 23 - iter 20/107 - loss 0.04603614 - samples/sec: 84.54 - lr: 0.012500
2022-05-23 15:24:46,563 epoch 23 - iter 30/107 - loss 0.04781421 - samples/sec: 78.19 - lr: 0.012500
2022-05-23 15:24:50,291 epoch 23 - iter 40/107 - loss 0.04748079 - samples/sec: 85.86 - lr: 0.012500
2022-05-23 15:24:54,289 epoch 23 - iter 50/107 - loss 0.04609620 - samples/sec: 80.06 - lr: 0.012500
2022-05-23 15:24:58,399 epoch 23 - iter 60/107 - loss 0.04401543 - samples/sec: 77.87 - lr: 0.012500
2022-05-23 15:25:02,324 epoch 23 - iter 70/107 - loss 0.04343170 - samples/sec: 81.56 - lr: 0.012500
2022-05-23 15:25:06,392 epoch 23 - iter 80/107 - loss 0.04435681 - samples/sec: 78.67 - lr: 0.012500
2022-05-23 15:25:10,377 epoch 23 - iter 90/107 - loss 0.04580877 - samples/sec: 80.33 - lr: 0.012500
2022-05-23 15:25:13,960 epoch 23 - iter 100/107 - loss 0.04716689 - samples/sec: 89.33 - lr: 0.012500
2022-05-23 15:25:16,246 ----------------------------------------------------------------------------------------------------
2022-05-23 15:25:16,246 EPOCH 23 done: loss 0.0472 - lr 0.012500
2022-05-23 15:25:27,565 Evaluating as a multi-label problem: False
2022-05-23 15:25:27,576 DEV : loss 0.21394334733486176 - f1-score (micro avg)  0.5212
2022-05-23 15:25:27,661 BAD EPOCHS (no improvement): 2
2022-05-23 15:25:27,664 ----------------------------------------------------------------------------------------------------
2022-05-23 15:25:31,735 epoch 24 - iter 10/107 - loss 0.03998122 - samples/sec: 78.63 - lr: 0.012500
2022-05-23 15:25:35,554 epoch 24 - iter 20/107 - loss 0.03987160 - samples/sec: 83.80 - lr: 0.012500
2022-05-23 15:25:39,630 epoch 24 - iter 30/107 - loss 0.04086464 - samples/sec: 78.53 - lr: 0.012500
2022-05-23 15:25:43,492 epoch 24 - iter 40/107 - loss 0.04313645 - samples/sec: 82.88 - lr: 0.012500
2022-05-23 15:25:47,530 epoch 24 - iter 50/107 - loss 0.04384840 - samples/sec: 79.27 - lr: 0.012500
2022-05-23 15:25:51,451 epoch 24 - iter 60/107 - loss 0.04421247 - samples/sec: 81.64 - lr: 0.012500
2022-05-23 15:25:54,963 epoch 24 - iter 70/107 - loss 0.04480180 - samples/sec: 91.13 - lr: 0.012500
2022-05-23 15:25:58,700 epoch 24 - iter 80/107 - loss 0.04518647 - samples/sec: 85.67 - lr: 0.012500
2022-05-23 15:26:02,720 epoch 24 - iter 90/107 - loss 0.04411212 - samples/sec: 79.62 - lr: 0.012500
2022-05-23 15:26:06,759 epoch 24 - iter 100/107 - loss 0.04427638 - samples/sec: 79.25 - lr: 0.012500
2022-05-23 15:26:09,145 ----------------------------------------------------------------------------------------------------
2022-05-23 15:26:09,146 EPOCH 24 done: loss 0.0445 - lr 0.012500
2022-05-23 15:26:21,564 Evaluating as a multi-label problem: False
2022-05-23 15:26:21,577 DEV : loss 0.2052839994430542 - f1-score (micro avg)  0.5375
2022-05-23 15:26:21,663 BAD EPOCHS (no improvement): 3
2022-05-23 15:26:21,680 ----------------------------------------------------------------------------------------------------
2022-05-23 15:26:25,663 epoch 25 - iter 10/107 - loss 0.05108549 - samples/sec: 80.37 - lr: 0.012500
2022-05-23 15:26:29,567 epoch 25 - iter 20/107 - loss 0.04979308 - samples/sec: 81.98 - lr: 0.012500
2022-05-23 15:26:33,140 epoch 25 - iter 30/107 - loss 0.04845168 - samples/sec: 89.59 - lr: 0.012500
2022-05-23 15:26:36,800 epoch 25 - iter 40/107 - loss 0.04851693 - samples/sec: 87.46 - lr: 0.012500
2022-05-23 15:26:40,635 epoch 25 - iter 50/107 - loss 0.04603280 - samples/sec: 83.47 - lr: 0.012500
2022-05-23 15:26:44,497 epoch 25 - iter 60/107 - loss 0.04835355 - samples/sec: 82.89 - lr: 0.012500
2022-05-23 15:26:48,482 epoch 25 - iter 70/107 - loss 0.04839106 - samples/sec: 80.32 - lr: 0.012500
2022-05-23 15:26:52,742 epoch 25 - iter 80/107 - loss 0.04603113 - samples/sec: 75.13 - lr: 0.012500
2022-05-23 15:26:56,801 epoch 25 - iter 90/107 - loss 0.04677311 - samples/sec: 78.86 - lr: 0.012500
2022-05-23 15:27:00,660 epoch 25 - iter 100/107 - loss 0.04618404 - samples/sec: 82.95 - lr: 0.012500
2022-05-23 15:27:03,139 ----------------------------------------------------------------------------------------------------
2022-05-23 15:27:03,139 EPOCH 25 done: loss 0.0457 - lr 0.012500
2022-05-23 15:27:14,169 Evaluating as a multi-label problem: False
2022-05-23 15:27:14,180 DEV : loss 0.2081259936094284 - f1-score (micro avg)  0.5319
2022-05-23 15:27:14,265 Epoch    25: reducing learning rate of group 0 to 6.2500e-03.
2022-05-23 15:27:14,265 BAD EPOCHS (no improvement): 4
2022-05-23 15:27:14,268 ----------------------------------------------------------------------------------------------------
2022-05-23 15:27:18,013 epoch 26 - iter 10/107 - loss 0.04121185 - samples/sec: 85.48 - lr: 0.006250
2022-05-23 15:27:22,059 epoch 26 - iter 20/107 - loss 0.04282576 - samples/sec: 79.10 - lr: 0.006250
2022-05-23 15:27:26,217 epoch 26 - iter 30/107 - loss 0.04196833 - samples/sec: 76.98 - lr: 0.006250
2022-05-23 15:27:30,040 epoch 26 - iter 40/107 - loss 0.04278319 - samples/sec: 83.73 - lr: 0.006250
2022-05-23 15:27:34,111 epoch 26 - iter 50/107 - loss 0.04371552 - samples/sec: 78.62 - lr: 0.006250
2022-05-23 15:27:37,878 epoch 26 - iter 60/107 - loss 0.04228899 - samples/sec: 84.98 - lr: 0.006250
2022-05-23 15:27:42,098 epoch 26 - iter 70/107 - loss 0.04290126 - samples/sec: 75.85 - lr: 0.006250
2022-05-23 15:27:46,111 epoch 26 - iter 80/107 - loss 0.04324609 - samples/sec: 79.76 - lr: 0.006250
2022-05-23 15:27:50,214 epoch 26 - iter 90/107 - loss 0.04333191 - samples/sec: 78.00 - lr: 0.006250
2022-05-23 15:27:53,785 epoch 26 - iter 100/107 - loss 0.04433843 - samples/sec: 89.65 - lr: 0.006250
2022-05-23 15:27:55,843 ----------------------------------------------------------------------------------------------------
2022-05-23 15:27:55,843 EPOCH 26 done: loss 0.0446 - lr 0.006250
2022-05-23 15:28:07,414 Evaluating as a multi-label problem: False
2022-05-23 15:28:07,426 DEV : loss 0.20793935656547546 - f1-score (micro avg)  0.532
2022-05-23 15:28:07,511 BAD EPOCHS (no improvement): 1
2022-05-23 15:28:07,514 ----------------------------------------------------------------------------------------------------
2022-05-23 15:28:11,281 epoch 27 - iter 10/107 - loss 0.04360943 - samples/sec: 84.99 - lr: 0.006250
2022-05-23 15:28:15,163 epoch 27 - iter 20/107 - loss 0.04527160 - samples/sec: 82.43 - lr: 0.006250
2022-05-23 15:28:19,042 epoch 27 - iter 30/107 - loss 0.04479888 - samples/sec: 82.53 - lr: 0.006250
2022-05-23 15:28:22,854 epoch 27 - iter 40/107 - loss 0.04333214 - samples/sec: 83.96 - lr: 0.006250
2022-05-23 15:28:26,774 epoch 27 - iter 50/107 - loss 0.04349035 - samples/sec: 81.65 - lr: 0.006250
2022-05-23 15:28:30,624 epoch 27 - iter 60/107 - loss 0.04361081 - samples/sec: 83.15 - lr: 0.006250
2022-05-23 15:28:34,231 epoch 27 - iter 70/107 - loss 0.04297458 - samples/sec: 88.76 - lr: 0.006250
2022-05-23 15:28:37,863 epoch 27 - iter 80/107 - loss 0.04325989 - samples/sec: 88.13 - lr: 0.006250
2022-05-23 15:28:42,050 epoch 27 - iter 90/107 - loss 0.04343697 - samples/sec: 76.44 - lr: 0.006250
2022-05-23 15:28:46,059 epoch 27 - iter 100/107 - loss 0.04404301 - samples/sec: 79.85 - lr: 0.006250
2022-05-23 15:28:48,475 ----------------------------------------------------------------------------------------------------
2022-05-23 15:28:48,475 EPOCH 27 done: loss 0.0441 - lr 0.006250
2022-05-23 15:29:00,222 Evaluating as a multi-label problem: False
2022-05-23 15:29:00,233 DEV : loss 0.20719213783740997 - f1-score (micro avg)  0.5309
2022-05-23 15:29:00,317 BAD EPOCHS (no improvement): 2
2022-05-23 15:29:00,319 ----------------------------------------------------------------------------------------------------
2022-05-23 15:29:04,483 epoch 28 - iter 10/107 - loss 0.04411367 - samples/sec: 76.88 - lr: 0.006250
2022-05-23 15:29:08,485 epoch 28 - iter 20/107 - loss 0.04375270 - samples/sec: 79.99 - lr: 0.006250
2022-05-23 15:29:11,864 epoch 28 - iter 30/107 - loss 0.04100102 - samples/sec: 94.72 - lr: 0.006250
2022-05-23 15:29:15,349 epoch 28 - iter 40/107 - loss 0.04254579 - samples/sec: 91.84 - lr: 0.006250
2022-05-23 15:29:19,063 epoch 28 - iter 50/107 - loss 0.04251081 - samples/sec: 86.20 - lr: 0.006250
2022-05-23 15:29:23,080 epoch 28 - iter 60/107 - loss 0.04296155 - samples/sec: 79.68 - lr: 0.006250
2022-05-23 15:29:26,903 epoch 28 - iter 70/107 - loss 0.04276652 - samples/sec: 83.74 - lr: 0.006250
2022-05-23 15:29:30,916 epoch 28 - iter 80/107 - loss 0.04259925 - samples/sec: 79.75 - lr: 0.006250
2022-05-23 15:29:34,865 epoch 28 - iter 90/107 - loss 0.04368029 - samples/sec: 81.07 - lr: 0.006250
2022-05-23 15:29:38,995 epoch 28 - iter 100/107 - loss 0.04333302 - samples/sec: 77.50 - lr: 0.006250
2022-05-23 15:29:41,435 ----------------------------------------------------------------------------------------------------
2022-05-23 15:29:41,436 EPOCH 28 done: loss 0.0438 - lr 0.006250
2022-05-23 15:29:52,599 Evaluating as a multi-label problem: False
2022-05-23 15:29:52,611 DEV : loss 0.20536869764328003 - f1-score (micro avg)  0.5312
2022-05-23 15:29:52,696 BAD EPOCHS (no improvement): 3
2022-05-23 15:29:52,711 ----------------------------------------------------------------------------------------------------
2022-05-23 15:29:56,236 epoch 29 - iter 10/107 - loss 0.03746106 - samples/sec: 90.82 - lr: 0.006250
2022-05-23 15:30:00,484 epoch 29 - iter 20/107 - loss 0.04611884 - samples/sec: 75.35 - lr: 0.006250
2022-05-23 15:30:04,492 epoch 29 - iter 30/107 - loss 0.04194416 - samples/sec: 79.85 - lr: 0.006250
2022-05-23 15:30:08,180 epoch 29 - iter 40/107 - loss 0.04225578 - samples/sec: 86.80 - lr: 0.006250
2022-05-23 15:30:12,141 epoch 29 - iter 50/107 - loss 0.04332318 - samples/sec: 80.80 - lr: 0.006250
2022-05-23 15:30:16,269 epoch 29 - iter 60/107 - loss 0.04305485 - samples/sec: 77.54 - lr: 0.006250
2022-05-23 15:30:20,388 epoch 29 - iter 70/107 - loss 0.04440726 - samples/sec: 77.70 - lr: 0.006250
2022-05-23 15:30:24,454 epoch 29 - iter 80/107 - loss 0.04572363 - samples/sec: 78.72 - lr: 0.006250
2022-05-23 15:30:28,270 epoch 29 - iter 90/107 - loss 0.04484861 - samples/sec: 83.88 - lr: 0.006250
2022-05-23 15:30:31,823 epoch 29 - iter 100/107 - loss 0.04369094 - samples/sec: 90.09 - lr: 0.006250
2022-05-23 15:30:33,940 ----------------------------------------------------------------------------------------------------
2022-05-23 15:30:33,940 EPOCH 29 done: loss 0.0436 - lr 0.006250
2022-05-23 15:30:45,693 Evaluating as a multi-label problem: False
2022-05-23 15:30:45,704 DEV : loss 0.20687128603458405 - f1-score (micro avg)  0.5298
2022-05-23 15:30:45,790 Epoch    29: reducing learning rate of group 0 to 3.1250e-03.
2022-05-23 15:30:45,790 BAD EPOCHS (no improvement): 4
2022-05-23 15:30:45,793 ----------------------------------------------------------------------------------------------------
2022-05-23 15:30:49,818 epoch 30 - iter 10/107 - loss 0.04389453 - samples/sec: 79.51 - lr: 0.003125
2022-05-23 15:30:53,758 epoch 30 - iter 20/107 - loss 0.04618112 - samples/sec: 81.24 - lr: 0.003125
2022-05-23 15:30:57,643 epoch 30 - iter 30/107 - loss 0.04429519 - samples/sec: 82.38 - lr: 0.003125
2022-05-23 15:31:01,695 epoch 30 - iter 40/107 - loss 0.04463435 - samples/sec: 79.01 - lr: 0.003125
2022-05-23 15:31:05,628 epoch 30 - iter 50/107 - loss 0.04524298 - samples/sec: 81.37 - lr: 0.003125
2022-05-23 15:31:08,980 epoch 30 - iter 60/107 - loss 0.04485404 - samples/sec: 95.53 - lr: 0.003125
2022-05-23 15:31:12,560 epoch 30 - iter 70/107 - loss 0.04270399 - samples/sec: 89.41 - lr: 0.003125
2022-05-23 15:31:15,991 epoch 30 - iter 80/107 - loss 0.04267997 - samples/sec: 93.29 - lr: 0.003125
2022-05-23 15:31:20,148 epoch 30 - iter 90/107 - loss 0.04232918 - samples/sec: 76.99 - lr: 0.003125
2022-05-23 15:31:24,399 epoch 30 - iter 100/107 - loss 0.04347028 - samples/sec: 75.30 - lr: 0.003125
2022-05-23 15:31:26,761 ----------------------------------------------------------------------------------------------------
2022-05-23 15:31:26,762 EPOCH 30 done: loss 0.0438 - lr 0.003125
2022-05-23 15:31:38,437 Evaluating as a multi-label problem: False
2022-05-23 15:31:38,449 DEV : loss 0.20482631027698517 - f1-score (micro avg)  0.5341
2022-05-23 15:31:38,535 BAD EPOCHS (no improvement): 1
2022-05-23 15:31:38,555 ----------------------------------------------------------------------------------------------------
2022-05-23 15:31:42,536 epoch 31 - iter 10/107 - loss 0.05114544 - samples/sec: 80.41 - lr: 0.003125
2022-05-23 15:31:46,388 epoch 31 - iter 20/107 - loss 0.04857367 - samples/sec: 83.09 - lr: 0.003125
2022-05-23 15:31:49,760 epoch 31 - iter 30/107 - loss 0.04346495 - samples/sec: 94.93 - lr: 0.003125
2022-05-23 15:31:53,504 epoch 31 - iter 40/107 - loss 0.04392147 - samples/sec: 85.49 - lr: 0.003125
2022-05-23 15:31:57,273 epoch 31 - iter 50/107 - loss 0.04316086 - samples/sec: 84.93 - lr: 0.003125
2022-05-23 15:32:01,295 epoch 31 - iter 60/107 - loss 0.04362430 - samples/sec: 79.60 - lr: 0.003125
2022-05-23 15:32:05,097 epoch 31 - iter 70/107 - loss 0.04245209 - samples/sec: 84.19 - lr: 0.003125
2022-05-23 15:32:09,071 epoch 31 - iter 80/107 - loss 0.04283276 - samples/sec: 80.53 - lr: 0.003125
2022-05-23 15:32:13,157 epoch 31 - iter 90/107 - loss 0.04339721 - samples/sec: 78.34 - lr: 0.003125
2022-05-23 15:32:16,605 epoch 31 - iter 100/107 - loss 0.04287922 - samples/sec: 92.84 - lr: 0.003125
2022-05-23 15:32:18,395 ----------------------------------------------------------------------------------------------------
2022-05-23 15:32:18,396 EPOCH 31 done: loss 0.0430 - lr 0.003125
2022-05-23 15:32:30,169 Evaluating as a multi-label problem: False
2022-05-23 15:32:30,181 DEV : loss 0.20786061882972717 - f1-score (micro avg)  0.5304
2022-05-23 15:32:30,267 BAD EPOCHS (no improvement): 2
2022-05-23 15:32:30,271 ----------------------------------------------------------------------------------------------------
2022-05-23 15:32:33,892 epoch 32 - iter 10/107 - loss 0.03560393 - samples/sec: 88.40 - lr: 0.003125
2022-05-23 15:32:37,681 epoch 32 - iter 20/107 - loss 0.03645981 - samples/sec: 84.48 - lr: 0.003125
2022-05-23 15:32:41,776 epoch 32 - iter 30/107 - loss 0.04112844 - samples/sec: 78.15 - lr: 0.003125
2022-05-23 15:32:45,752 epoch 32 - iter 40/107 - loss 0.04152454 - samples/sec: 80.52 - lr: 0.003125
2022-05-23 15:32:49,678 epoch 32 - iter 50/107 - loss 0.04162445 - samples/sec: 81.53 - lr: 0.003125
2022-05-23 15:32:53,692 epoch 32 - iter 60/107 - loss 0.04121681 - samples/sec: 79.74 - lr: 0.003125
2022-05-23 15:32:57,517 epoch 32 - iter 70/107 - loss 0.04221970 - samples/sec: 83.68 - lr: 0.003125
2022-05-23 15:33:01,430 epoch 32 - iter 80/107 - loss 0.04205909 - samples/sec: 81.80 - lr: 0.003125
2022-05-23 15:33:05,504 epoch 32 - iter 90/107 - loss 0.04138750 - samples/sec: 78.57 - lr: 0.003125
2022-05-23 15:33:09,369 epoch 32 - iter 100/107 - loss 0.04118853 - samples/sec: 82.81 - lr: 0.003125
2022-05-23 15:33:11,760 ----------------------------------------------------------------------------------------------------
2022-05-23 15:33:11,760 EPOCH 32 done: loss 0.0407 - lr 0.003125
2022-05-23 15:33:21,330 Evaluating as a multi-label problem: False
2022-05-23 15:33:21,341 DEV : loss 0.20973427593708038 - f1-score (micro avg)  0.5249
2022-05-23 15:33:21,427 BAD EPOCHS (no improvement): 3
2022-05-23 15:33:21,429 ----------------------------------------------------------------------------------------------------
2022-05-23 15:33:24,339 epoch 33 - iter 10/107 - loss 0.03552365 - samples/sec: 110.04 - lr: 0.003125
2022-05-23 15:33:27,315 epoch 33 - iter 20/107 - loss 0.04216262 - samples/sec: 107.55 - lr: 0.003125
2022-05-23 15:33:30,079 epoch 33 - iter 30/107 - loss 0.04291161 - samples/sec: 115.80 - lr: 0.003125
2022-05-23 15:33:32,880 epoch 33 - iter 40/107 - loss 0.04484020 - samples/sec: 114.28 - lr: 0.003125
2022-05-23 15:33:35,850 epoch 33 - iter 50/107 - loss 0.04447490 - samples/sec: 107.79 - lr: 0.003125
2022-05-23 15:33:38,835 epoch 33 - iter 60/107 - loss 0.04789845 - samples/sec: 107.22 - lr: 0.003125
2022-05-23 15:33:41,824 epoch 33 - iter 70/107 - loss 0.04818277 - samples/sec: 107.10 - lr: 0.003125
2022-05-23 15:33:44,720 epoch 33 - iter 80/107 - loss 0.04643354 - samples/sec: 110.54 - lr: 0.003125
2022-05-23 15:33:47,720 epoch 33 - iter 90/107 - loss 0.04505803 - samples/sec: 106.73 - lr: 0.003125
2022-05-23 15:33:50,636 epoch 33 - iter 100/107 - loss 0.04373217 - samples/sec: 109.76 - lr: 0.003125
2022-05-23 15:33:52,476 ----------------------------------------------------------------------------------------------------
2022-05-23 15:33:52,476 EPOCH 33 done: loss 0.0438 - lr 0.003125
2022-05-23 15:34:01,526 Evaluating as a multi-label problem: False
2022-05-23 15:34:01,537 DEV : loss 0.2097199410200119 - f1-score (micro avg)  0.5286
2022-05-23 15:34:01,625 Epoch    33: reducing learning rate of group 0 to 1.5625e-03.
2022-05-23 15:34:01,625 BAD EPOCHS (no improvement): 4
2022-05-23 15:34:01,627 ----------------------------------------------------------------------------------------------------
2022-05-23 15:34:04,643 epoch 34 - iter 10/107 - loss 0.04351426 - samples/sec: 106.15 - lr: 0.001563
2022-05-23 15:34:07,438 epoch 34 - iter 20/107 - loss 0.04020399 - samples/sec: 114.54 - lr: 0.001563
2022-05-23 15:34:12,609 epoch 34 - iter 30/107 - loss 0.04286569 - samples/sec: 61.90 - lr: 0.001563
2022-05-23 15:34:19,812 epoch 34 - iter 40/107 - loss 0.04176002 - samples/sec: 44.43 - lr: 0.001563
2022-05-23 15:34:26,332 epoch 34 - iter 50/107 - loss 0.04145878 - samples/sec: 49.09 - lr: 0.001563
2022-05-23 15:34:31,182 epoch 34 - iter 60/107 - loss 0.04291686 - samples/sec: 65.99 - lr: 0.001563
2022-05-23 15:34:35,357 epoch 34 - iter 70/107 - loss 0.04255475 - samples/sec: 76.67 - lr: 0.001563
2022-05-23 15:34:39,208 epoch 34 - iter 80/107 - loss 0.04248899 - samples/sec: 83.12 - lr: 0.001563
2022-05-23 15:34:43,270 epoch 34 - iter 90/107 - loss 0.04189611 - samples/sec: 78.80 - lr: 0.001563
2022-05-23 15:34:47,252 epoch 34 - iter 100/107 - loss 0.04169322 - samples/sec: 80.39 - lr: 0.001563
2022-05-23 15:34:49,855 ----------------------------------------------------------------------------------------------------
2022-05-23 15:34:49,855 EPOCH 34 done: loss 0.0412 - lr 0.001563
2022-05-23 15:35:01,306 Evaluating as a multi-label problem: False
2022-05-23 15:35:01,317 DEV : loss 0.20847244560718536 - f1-score (micro avg)  0.5335
2022-05-23 15:35:01,404 BAD EPOCHS (no improvement): 1
2022-05-23 15:35:01,406 ----------------------------------------------------------------------------------------------------
2022-05-23 15:35:04,995 epoch 35 - iter 10/107 - loss 0.03475192 - samples/sec: 89.20 - lr: 0.001563
2022-05-23 15:35:08,330 epoch 35 - iter 20/107 - loss 0.03337646 - samples/sec: 96.00 - lr: 0.001563
2022-05-23 15:35:11,152 epoch 35 - iter 30/107 - loss 0.03704829 - samples/sec: 113.41 - lr: 0.001563
2022-05-23 15:35:13,988 epoch 35 - iter 40/107 - loss 0.03825223 - samples/sec: 112.87 - lr: 0.001563
2022-05-23 15:35:17,038 epoch 35 - iter 50/107 - loss 0.03901594 - samples/sec: 104.96 - lr: 0.001563
2022-05-23 15:35:20,028 epoch 35 - iter 60/107 - loss 0.04062672 - samples/sec: 107.06 - lr: 0.001563
2022-05-23 15:35:23,061 epoch 35 - iter 70/107 - loss 0.04149484 - samples/sec: 105.55 - lr: 0.001563
2022-05-23 15:35:25,929 epoch 35 - iter 80/107 - loss 0.04106799 - samples/sec: 111.60 - lr: 0.001563
2022-05-23 15:35:28,918 epoch 35 - iter 90/107 - loss 0.04147910 - samples/sec: 107.11 - lr: 0.001563
2022-05-23 15:35:31,869 epoch 35 - iter 100/107 - loss 0.04145478 - samples/sec: 108.46 - lr: 0.001563
2022-05-23 15:35:33,578 ----------------------------------------------------------------------------------------------------
2022-05-23 15:35:33,578 EPOCH 35 done: loss 0.0420 - lr 0.001563
2022-05-23 15:35:43,909 Evaluating as a multi-label problem: False
2022-05-23 15:35:43,920 DEV : loss 0.2064460963010788 - f1-score (micro avg)  0.5288
2022-05-23 15:35:44,011 BAD EPOCHS (no improvement): 2
2022-05-23 15:35:44,014 ----------------------------------------------------------------------------------------------------
2022-05-23 15:35:48,016 epoch 36 - iter 10/107 - loss 0.03604900 - samples/sec: 80.00 - lr: 0.001563
2022-05-23 15:35:52,101 epoch 36 - iter 20/107 - loss 0.03890101 - samples/sec: 78.35 - lr: 0.001563
2022-05-23 15:35:55,882 epoch 36 - iter 30/107 - loss 0.03855598 - samples/sec: 84.67 - lr: 0.001563
2022-05-23 15:35:59,899 epoch 36 - iter 40/107 - loss 0.03967215 - samples/sec: 79.67 - lr: 0.001563
2022-05-23 15:36:03,879 epoch 36 - iter 50/107 - loss 0.04218967 - samples/sec: 80.44 - lr: 0.001563
2022-05-23 15:36:07,950 epoch 36 - iter 60/107 - loss 0.04260568 - samples/sec: 78.61 - lr: 0.001563
2022-05-23 15:36:11,600 epoch 36 - iter 70/107 - loss 0.04192488 - samples/sec: 87.70 - lr: 0.001563
2022-05-23 15:36:15,325 epoch 36 - iter 80/107 - loss 0.04171194 - samples/sec: 85.94 - lr: 0.001563
2022-05-23 15:36:18,205 epoch 36 - iter 90/107 - loss 0.04140439 - samples/sec: 111.11 - lr: 0.001563
2022-05-23 15:36:21,143 epoch 36 - iter 100/107 - loss 0.04161948 - samples/sec: 108.96 - lr: 0.001563
2022-05-23 15:36:22,976 ----------------------------------------------------------------------------------------------------
2022-05-23 15:36:22,976 EPOCH 36 done: loss 0.0416 - lr 0.001563
2022-05-23 15:36:32,027 Evaluating as a multi-label problem: False
2022-05-23 15:36:32,039 DEV : loss 0.20774926245212555 - f1-score (micro avg)  0.5298
2022-05-23 15:36:32,124 BAD EPOCHS (no improvement): 3
2022-05-23 15:36:32,127 ----------------------------------------------------------------------------------------------------
2022-05-23 15:36:35,176 epoch 37 - iter 10/107 - loss 0.03609974 - samples/sec: 105.01 - lr: 0.001563
2022-05-23 15:36:38,108 epoch 37 - iter 20/107 - loss 0.03368282 - samples/sec: 109.19 - lr: 0.001563
2022-05-23 15:36:40,984 epoch 37 - iter 30/107 - loss 0.03643466 - samples/sec: 111.30 - lr: 0.001563
2022-05-23 15:36:43,905 epoch 37 - iter 40/107 - loss 0.03835556 - samples/sec: 109.59 - lr: 0.001563
2022-05-23 15:36:47,587 epoch 37 - iter 50/107 - loss 0.03904239 - samples/sec: 86.93 - lr: 0.001563
2022-05-23 15:36:51,536 epoch 37 - iter 60/107 - loss 0.04191676 - samples/sec: 81.05 - lr: 0.001563
2022-05-23 15:36:55,739 epoch 37 - iter 70/107 - loss 0.04113853 - samples/sec: 76.16 - lr: 0.001563
2022-05-23 15:36:59,800 epoch 37 - iter 80/107 - loss 0.04113475 - samples/sec: 78.82 - lr: 0.001563
2022-05-23 15:37:03,856 epoch 37 - iter 90/107 - loss 0.03990791 - samples/sec: 78.91 - lr: 0.001563
2022-05-23 15:37:07,654 epoch 37 - iter 100/107 - loss 0.03942422 - samples/sec: 84.26 - lr: 0.001563
2022-05-23 15:37:10,077 ----------------------------------------------------------------------------------------------------
2022-05-23 15:37:10,077 EPOCH 37 done: loss 0.0396 - lr 0.001563
2022-05-23 15:37:21,369 Evaluating as a multi-label problem: False
2022-05-23 15:37:21,380 DEV : loss 0.2083197385072708 - f1-score (micro avg)  0.5324
2022-05-23 15:37:21,467 Epoch    37: reducing learning rate of group 0 to 7.8125e-04.
2022-05-23 15:37:21,467 BAD EPOCHS (no improvement): 4
2022-05-23 15:37:21,470 ----------------------------------------------------------------------------------------------------
2022-05-23 15:37:24,877 epoch 38 - iter 10/107 - loss 0.04680521 - samples/sec: 93.98 - lr: 0.000781
2022-05-23 15:37:27,707 epoch 38 - iter 20/107 - loss 0.04704844 - samples/sec: 113.09 - lr: 0.000781
2022-05-23 15:37:30,567 epoch 38 - iter 30/107 - loss 0.04566187 - samples/sec: 111.93 - lr: 0.000781
2022-05-23 15:37:33,500 epoch 38 - iter 40/107 - loss 0.04377292 - samples/sec: 109.15 - lr: 0.000781
2022-05-23 15:37:36,483 epoch 38 - iter 50/107 - loss 0.04208860 - samples/sec: 107.31 - lr: 0.000781
2022-05-23 15:37:39,405 epoch 38 - iter 60/107 - loss 0.04181836 - samples/sec: 109.57 - lr: 0.000781
2022-05-23 15:37:42,373 epoch 38 - iter 70/107 - loss 0.04210492 - samples/sec: 107.82 - lr: 0.000781
2022-05-23 15:37:45,327 epoch 38 - iter 80/107 - loss 0.04220639 - samples/sec: 108.38 - lr: 0.000781
2022-05-23 15:37:48,326 epoch 38 - iter 90/107 - loss 0.04287783 - samples/sec: 106.72 - lr: 0.000781
2022-05-23 15:37:51,324 epoch 38 - iter 100/107 - loss 0.04350234 - samples/sec: 106.78 - lr: 0.000781
2022-05-23 15:37:53,074 ----------------------------------------------------------------------------------------------------
2022-05-23 15:37:53,074 EPOCH 38 done: loss 0.0434 - lr 0.000781
2022-05-23 15:38:05,365 Evaluating as a multi-label problem: False
2022-05-23 15:38:05,376 DEV : loss 0.20798364281654358 - f1-score (micro avg)  0.532
2022-05-23 15:38:05,462 BAD EPOCHS (no improvement): 1
2022-05-23 15:38:05,496 ----------------------------------------------------------------------------------------------------
2022-05-23 15:38:09,449 epoch 39 - iter 10/107 - loss 0.03817287 - samples/sec: 80.97 - lr: 0.000781
2022-05-23 15:38:13,196 epoch 39 - iter 20/107 - loss 0.04302451 - samples/sec: 85.44 - lr: 0.000781
2022-05-23 15:38:17,131 epoch 39 - iter 30/107 - loss 0.04336318 - samples/sec: 81.33 - lr: 0.000781
2022-05-23 15:38:21,191 epoch 39 - iter 40/107 - loss 0.04365383 - samples/sec: 78.84 - lr: 0.000781
2022-05-23 15:38:24,905 epoch 39 - iter 50/107 - loss 0.04207635 - samples/sec: 86.20 - lr: 0.000781
2022-05-23 15:38:28,594 epoch 39 - iter 60/107 - loss 0.04141582 - samples/sec: 86.77 - lr: 0.000781
2022-05-23 15:38:32,157 epoch 39 - iter 70/107 - loss 0.04159898 - samples/sec: 89.83 - lr: 0.000781
2022-05-23 15:38:34,915 epoch 39 - iter 80/107 - loss 0.04252616 - samples/sec: 116.06 - lr: 0.000781
2022-05-23 15:38:37,785 epoch 39 - iter 90/107 - loss 0.04127296 - samples/sec: 111.55 - lr: 0.000781
2022-05-23 15:38:40,731 epoch 39 - iter 100/107 - loss 0.04060577 - samples/sec: 108.63 - lr: 0.000781
2022-05-23 15:38:42,551 ----------------------------------------------------------------------------------------------------
2022-05-23 15:38:42,552 EPOCH 39 done: loss 0.0404 - lr 0.000781
2022-05-23 15:38:51,697 Evaluating as a multi-label problem: False
2022-05-23 15:38:51,708 DEV : loss 0.20924778282642365 - f1-score (micro avg)  0.531
2022-05-23 15:38:51,793 BAD EPOCHS (no improvement): 2
2022-05-23 15:38:51,877 ----------------------------------------------------------------------------------------------------
2022-05-23 15:38:54,828 epoch 40 - iter 10/107 - loss 0.04691830 - samples/sec: 108.49 - lr: 0.000781
2022-05-23 15:38:57,859 epoch 40 - iter 20/107 - loss 0.04364884 - samples/sec: 105.61 - lr: 0.000781
2022-05-23 15:39:00,865 epoch 40 - iter 30/107 - loss 0.04024422 - samples/sec: 106.49 - lr: 0.000781
2022-05-23 15:39:04,393 epoch 40 - iter 40/107 - loss 0.04392903 - samples/sec: 90.74 - lr: 0.000781
2022-05-23 15:39:08,183 epoch 40 - iter 50/107 - loss 0.04374160 - samples/sec: 84.46 - lr: 0.000781
2022-05-23 15:39:12,151 epoch 40 - iter 60/107 - loss 0.04150661 - samples/sec: 80.67 - lr: 0.000781
2022-05-23 15:39:16,181 epoch 40 - iter 70/107 - loss 0.04167896 - samples/sec: 79.41 - lr: 0.000781
2022-05-23 15:39:20,008 epoch 40 - iter 80/107 - loss 0.04129283 - samples/sec: 83.64 - lr: 0.000781
2022-05-23 15:39:23,953 epoch 40 - iter 90/107 - loss 0.04193965 - samples/sec: 81.13 - lr: 0.000781
2022-05-23 15:39:27,791 epoch 40 - iter 100/107 - loss 0.04279197 - samples/sec: 83.41 - lr: 0.000781
2022-05-23 15:39:30,391 ----------------------------------------------------------------------------------------------------
2022-05-23 15:39:30,391 EPOCH 40 done: loss 0.0419 - lr 0.000781
2022-05-23 15:39:41,291 Evaluating as a multi-label problem: False
2022-05-23 15:39:41,302 DEV : loss 0.20882579684257507 - f1-score (micro avg)  0.5291
2022-05-23 15:39:41,388 BAD EPOCHS (no improvement): 3
2022-05-23 15:39:41,402 ----------------------------------------------------------------------------------------------------
2022-05-23 15:39:45,394 epoch 41 - iter 10/107 - loss 0.04726422 - samples/sec: 80.19 - lr: 0.000781
2022-05-23 15:39:49,524 epoch 41 - iter 20/107 - loss 0.04380383 - samples/sec: 77.49 - lr: 0.000781
2022-05-23 15:39:53,586 epoch 41 - iter 30/107 - loss 0.04236641 - samples/sec: 78.81 - lr: 0.000781
2022-05-23 15:39:57,626 epoch 41 - iter 40/107 - loss 0.04165147 - samples/sec: 79.23 - lr: 0.000781
2022-05-23 15:40:01,687 epoch 41 - iter 50/107 - loss 0.04000666 - samples/sec: 78.81 - lr: 0.000781
2022-05-23 15:40:05,604 epoch 41 - iter 60/107 - loss 0.04036779 - samples/sec: 81.73 - lr: 0.000781
2022-05-23 15:40:09,590 epoch 41 - iter 70/107 - loss 0.04112598 - samples/sec: 80.30 - lr: 0.000781
2022-05-23 15:40:13,525 epoch 41 - iter 80/107 - loss 0.04164389 - samples/sec: 81.34 - lr: 0.000781
2022-05-23 15:40:16,830 epoch 41 - iter 90/107 - loss 0.04161892 - samples/sec: 96.85 - lr: 0.000781
2022-05-23 15:40:20,319 epoch 41 - iter 100/107 - loss 0.04158056 - samples/sec: 91.74 - lr: 0.000781
2022-05-23 15:40:22,370 ----------------------------------------------------------------------------------------------------
2022-05-23 15:40:22,370 EPOCH 41 done: loss 0.0416 - lr 0.000781
2022-05-23 15:40:31,238 Evaluating as a multi-label problem: False
2022-05-23 15:40:31,249 DEV : loss 0.20759136974811554 - f1-score (micro avg)  0.529
2022-05-23 15:40:31,334 Epoch    41: reducing learning rate of group 0 to 3.9063e-04.
2022-05-23 15:40:31,334 BAD EPOCHS (no improvement): 4
2022-05-23 15:40:31,335 ----------------------------------------------------------------------------------------------------
2022-05-23 15:40:34,305 epoch 42 - iter 10/107 - loss 0.04093268 - samples/sec: 107.82 - lr: 0.000391
2022-05-23 15:40:37,227 epoch 42 - iter 20/107 - loss 0.03739908 - samples/sec: 109.53 - lr: 0.000391
2022-05-23 15:40:40,122 epoch 42 - iter 30/107 - loss 0.03888125 - samples/sec: 110.58 - lr: 0.000391
2022-05-23 15:40:43,086 epoch 42 - iter 40/107 - loss 0.03847108 - samples/sec: 107.98 - lr: 0.000391
2022-05-23 15:40:46,068 epoch 42 - iter 50/107 - loss 0.03983445 - samples/sec: 107.34 - lr: 0.000391
2022-05-23 15:40:48,938 epoch 42 - iter 60/107 - loss 0.04138708 - samples/sec: 111.56 - lr: 0.000391
2022-05-23 15:40:52,190 epoch 42 - iter 70/107 - loss 0.04036348 - samples/sec: 98.44 - lr: 0.000391
2022-05-23 15:40:55,797 epoch 42 - iter 80/107 - loss 0.04043866 - samples/sec: 88.73 - lr: 0.000391
2022-05-23 15:40:59,893 epoch 42 - iter 90/107 - loss 0.04000695 - samples/sec: 78.15 - lr: 0.000391
2022-05-23 15:41:03,646 epoch 42 - iter 100/107 - loss 0.04059121 - samples/sec: 85.29 - lr: 0.000391
2022-05-23 15:41:06,058 ----------------------------------------------------------------------------------------------------
2022-05-23 15:41:06,058 EPOCH 42 done: loss 0.0413 - lr 0.000391
2022-05-23 15:41:17,806 Evaluating as a multi-label problem: False
2022-05-23 15:41:17,817 DEV : loss 0.20704635977745056 - f1-score (micro avg)  0.5286
2022-05-23 15:41:17,904 BAD EPOCHS (no improvement): 1
2022-05-23 15:41:17,907 ----------------------------------------------------------------------------------------------------
2022-05-23 15:41:21,754 epoch 43 - iter 10/107 - loss 0.04379731 - samples/sec: 83.20 - lr: 0.000391
2022-05-23 15:41:25,242 epoch 43 - iter 20/107 - loss 0.03897738 - samples/sec: 91.79 - lr: 0.000391
2022-05-23 15:41:28,832 epoch 43 - iter 30/107 - loss 0.03869059 - samples/sec: 89.15 - lr: 0.000391
2022-05-23 15:41:32,714 epoch 43 - iter 40/107 - loss 0.04153363 - samples/sec: 82.45 - lr: 0.000391
2022-05-23 15:41:36,473 epoch 43 - iter 50/107 - loss 0.04001701 - samples/sec: 85.16 - lr: 0.000391
2022-05-23 15:41:40,536 epoch 43 - iter 60/107 - loss 0.04229515 - samples/sec: 78.78 - lr: 0.000391
2022-05-23 15:41:44,494 epoch 43 - iter 70/107 - loss 0.04233029 - samples/sec: 80.85 - lr: 0.000391
2022-05-23 15:41:48,550 epoch 43 - iter 80/107 - loss 0.04223393 - samples/sec: 78.92 - lr: 0.000391
2022-05-23 15:41:52,304 epoch 43 - iter 90/107 - loss 0.04215093 - samples/sec: 85.27 - lr: 0.000391
2022-05-23 15:41:56,225 epoch 43 - iter 100/107 - loss 0.04147993 - samples/sec: 81.63 - lr: 0.000391
2022-05-23 15:41:58,776 ----------------------------------------------------------------------------------------------------
2022-05-23 15:41:58,776 EPOCH 43 done: loss 0.0417 - lr 0.000391
2022-05-23 15:42:09,867 Evaluating as a multi-label problem: False
2022-05-23 15:42:09,879 DEV : loss 0.20735019445419312 - f1-score (micro avg)  0.5286
2022-05-23 15:42:09,966 BAD EPOCHS (no improvement): 2
2022-05-23 15:42:09,969 ----------------------------------------------------------------------------------------------------
2022-05-23 15:42:12,807 epoch 44 - iter 10/107 - loss 0.03886391 - samples/sec: 112.80 - lr: 0.000391
2022-05-23 15:42:15,768 epoch 44 - iter 20/107 - loss 0.03750231 - samples/sec: 108.10 - lr: 0.000391
2022-05-23 15:42:18,734 epoch 44 - iter 30/107 - loss 0.03866885 - samples/sec: 107.94 - lr: 0.000391
2022-05-23 15:42:21,705 epoch 44 - iter 40/107 - loss 0.03791415 - samples/sec: 107.75 - lr: 0.000391
2022-05-23 15:42:24,599 epoch 44 - iter 50/107 - loss 0.03780463 - samples/sec: 110.58 - lr: 0.000391
2022-05-23 15:42:27,381 epoch 44 - iter 60/107 - loss 0.03955440 - samples/sec: 115.08 - lr: 0.000391
2022-05-23 15:42:30,356 epoch 44 - iter 70/107 - loss 0.03999268 - samples/sec: 107.60 - lr: 0.000391
2022-05-23 15:42:33,243 epoch 44 - iter 80/107 - loss 0.04130486 - samples/sec: 110.87 - lr: 0.000391
2022-05-23 15:42:36,204 epoch 44 - iter 90/107 - loss 0.04086200 - samples/sec: 108.11 - lr: 0.000391
2022-05-23 15:42:39,113 epoch 44 - iter 100/107 - loss 0.04006267 - samples/sec: 110.05 - lr: 0.000391
2022-05-23 15:42:41,247 ----------------------------------------------------------------------------------------------------
2022-05-23 15:42:41,247 EPOCH 44 done: loss 0.0407 - lr 0.000391
2022-05-23 15:42:53,027 Evaluating as a multi-label problem: False
2022-05-23 15:42:53,038 DEV : loss 0.2076561599969864 - f1-score (micro avg)  0.5282
2022-05-23 15:42:53,124 BAD EPOCHS (no improvement): 3
2022-05-23 15:42:53,127 ----------------------------------------------------------------------------------------------------
2022-05-23 15:42:56,917 epoch 45 - iter 10/107 - loss 0.03970237 - samples/sec: 84.48 - lr: 0.000391
2022-05-23 15:43:01,018 epoch 45 - iter 20/107 - loss 0.04245650 - samples/sec: 78.05 - lr: 0.000391
2022-05-23 15:43:04,844 epoch 45 - iter 30/107 - loss 0.04343844 - samples/sec: 83.67 - lr: 0.000391
2022-05-23 15:43:08,907 epoch 45 - iter 40/107 - loss 0.04295093 - samples/sec: 78.76 - lr: 0.000391
2022-05-23 15:43:12,599 epoch 45 - iter 50/107 - loss 0.04316329 - samples/sec: 86.71 - lr: 0.000391
2022-05-23 15:43:16,325 epoch 45 - iter 60/107 - loss 0.04269200 - samples/sec: 85.91 - lr: 0.000391
2022-05-23 15:43:19,843 epoch 45 - iter 70/107 - loss 0.04261277 - samples/sec: 90.97 - lr: 0.000391
2022-05-23 15:43:23,690 epoch 45 - iter 80/107 - loss 0.04198333 - samples/sec: 83.20 - lr: 0.000391
2022-05-23 15:43:27,661 epoch 45 - iter 90/107 - loss 0.04143012 - samples/sec: 80.61 - lr: 0.000391
2022-05-23 15:43:31,695 epoch 45 - iter 100/107 - loss 0.04131724 - samples/sec: 79.34 - lr: 0.000391
2022-05-23 15:43:34,135 ----------------------------------------------------------------------------------------------------
2022-05-23 15:43:34,135 EPOCH 45 done: loss 0.0410 - lr 0.000391
2022-05-23 15:43:46,039 Evaluating as a multi-label problem: False
2022-05-23 15:43:46,051 DEV : loss 0.20815613865852356 - f1-score (micro avg)  0.529
2022-05-23 15:43:46,138 Epoch    45: reducing learning rate of group 0 to 1.9531e-04.
2022-05-23 15:43:46,138 BAD EPOCHS (no improvement): 4
2022-05-23 15:43:46,160 ----------------------------------------------------------------------------------------------------
2022-05-23 15:43:50,216 epoch 46 - iter 10/107 - loss 0.03864220 - samples/sec: 78.92 - lr: 0.000195
2022-05-23 15:43:53,658 epoch 46 - iter 20/107 - loss 0.04248202 - samples/sec: 93.01 - lr: 0.000195
2022-05-23 15:43:57,423 epoch 46 - iter 30/107 - loss 0.04312076 - samples/sec: 85.02 - lr: 0.000195
2022-05-23 15:44:01,076 epoch 46 - iter 40/107 - loss 0.04341926 - samples/sec: 87.62 - lr: 0.000195
2022-05-23 15:44:05,209 epoch 46 - iter 50/107 - loss 0.04296159 - samples/sec: 77.44 - lr: 0.000195
2022-05-23 15:44:09,294 epoch 46 - iter 60/107 - loss 0.04182833 - samples/sec: 78.36 - lr: 0.000195
2022-05-23 15:44:13,344 epoch 46 - iter 70/107 - loss 0.04248916 - samples/sec: 79.03 - lr: 0.000195
2022-05-23 15:44:17,252 epoch 46 - iter 80/107 - loss 0.04102030 - samples/sec: 81.91 - lr: 0.000195
2022-05-23 15:44:21,326 epoch 46 - iter 90/107 - loss 0.04156137 - samples/sec: 78.57 - lr: 0.000195
2022-05-23 15:44:25,406 epoch 46 - iter 100/107 - loss 0.04159888 - samples/sec: 78.44 - lr: 0.000195
2022-05-23 15:44:27,846 ----------------------------------------------------------------------------------------------------
2022-05-23 15:44:27,846 EPOCH 46 done: loss 0.0413 - lr 0.000195
2022-05-23 15:44:38,616 Evaluating as a multi-label problem: False
2022-05-23 15:44:38,628 DEV : loss 0.20820502936840057 - f1-score (micro avg)  0.529
2022-05-23 15:44:38,713 BAD EPOCHS (no improvement): 1
2022-05-23 15:44:38,716 ----------------------------------------------------------------------------------------------------
2022-05-23 15:44:42,771 epoch 47 - iter 10/107 - loss 0.04213982 - samples/sec: 78.94 - lr: 0.000195
2022-05-23 15:44:46,892 epoch 47 - iter 20/107 - loss 0.04613278 - samples/sec: 77.68 - lr: 0.000195
2022-05-23 15:44:50,972 epoch 47 - iter 30/107 - loss 0.04730253 - samples/sec: 78.44 - lr: 0.000195
2022-05-23 15:44:54,935 epoch 47 - iter 40/107 - loss 0.04367378 - samples/sec: 80.78 - lr: 0.000195
2022-05-23 15:44:58,912 epoch 47 - iter 50/107 - loss 0.04238613 - samples/sec: 80.49 - lr: 0.000195
2022-05-23 15:45:03,123 epoch 47 - iter 60/107 - loss 0.04335324 - samples/sec: 75.99 - lr: 0.000195
2022-05-23 15:45:06,958 epoch 47 - iter 70/107 - loss 0.04354483 - samples/sec: 83.47 - lr: 0.000195
2022-05-23 15:45:10,804 epoch 47 - iter 80/107 - loss 0.04288849 - samples/sec: 83.23 - lr: 0.000195
2022-05-23 15:45:14,247 epoch 47 - iter 90/107 - loss 0.04279681 - samples/sec: 92.98 - lr: 0.000195
2022-05-23 15:45:17,729 epoch 47 - iter 100/107 - loss 0.04346062 - samples/sec: 91.91 - lr: 0.000195
2022-05-23 15:45:19,985 ----------------------------------------------------------------------------------------------------
2022-05-23 15:45:19,985 EPOCH 47 done: loss 0.0431 - lr 0.000195
2022-05-23 15:45:31,790 Evaluating as a multi-label problem: False
2022-05-23 15:45:31,801 DEV : loss 0.20820783078670502 - f1-score (micro avg)  0.529
2022-05-23 15:45:31,887 BAD EPOCHS (no improvement): 2
2022-05-23 15:45:31,890 ----------------------------------------------------------------------------------------------------
2022-05-23 15:45:35,769 epoch 48 - iter 10/107 - loss 0.04377645 - samples/sec: 82.53 - lr: 0.000195
2022-05-23 15:45:39,831 epoch 48 - iter 20/107 - loss 0.04376407 - samples/sec: 78.82 - lr: 0.000195
2022-05-23 15:45:43,822 epoch 48 - iter 30/107 - loss 0.03994222 - samples/sec: 80.20 - lr: 0.000195
2022-05-23 15:45:47,834 epoch 48 - iter 40/107 - loss 0.04089824 - samples/sec: 79.76 - lr: 0.000195
2022-05-23 15:45:51,463 epoch 48 - iter 50/107 - loss 0.04052346 - samples/sec: 88.21 - lr: 0.000195
2022-05-23 15:45:55,081 epoch 48 - iter 60/107 - loss 0.04144261 - samples/sec: 88.48 - lr: 0.000195
2022-05-23 15:45:58,816 epoch 48 - iter 70/107 - loss 0.04152982 - samples/sec: 85.70 - lr: 0.000195
2022-05-23 15:46:02,821 epoch 48 - iter 80/107 - loss 0.04168000 - samples/sec: 79.92 - lr: 0.000195
2022-05-23 15:46:06,688 epoch 48 - iter 90/107 - loss 0.04213476 - samples/sec: 82.77 - lr: 0.000195
2022-05-23 15:46:10,825 epoch 48 - iter 100/107 - loss 0.04100823 - samples/sec: 77.36 - lr: 0.000195
2022-05-23 15:46:13,148 ----------------------------------------------------------------------------------------------------
2022-05-23 15:46:13,148 EPOCH 48 done: loss 0.0410 - lr 0.000195
2022-05-23 15:46:25,129 Evaluating as a multi-label problem: False
2022-05-23 15:46:25,141 DEV : loss 0.20820222795009613 - f1-score (micro avg)  0.5286
2022-05-23 15:46:25,227 BAD EPOCHS (no improvement): 3
2022-05-23 15:46:25,234 ----------------------------------------------------------------------------------------------------
2022-05-23 15:46:29,227 epoch 49 - iter 10/107 - loss 0.03570461 - samples/sec: 80.17 - lr: 0.000195
2022-05-23 15:46:32,995 epoch 49 - iter 20/107 - loss 0.03576816 - samples/sec: 84.96 - lr: 0.000195
2022-05-23 15:46:36,488 epoch 49 - iter 30/107 - loss 0.03679085 - samples/sec: 91.64 - lr: 0.000195
2022-05-23 15:46:40,684 epoch 49 - iter 40/107 - loss 0.03692453 - samples/sec: 76.28 - lr: 0.000195
2022-05-23 15:46:44,655 epoch 49 - iter 50/107 - loss 0.03820624 - samples/sec: 80.61 - lr: 0.000195
2022-05-23 15:46:48,794 epoch 49 - iter 60/107 - loss 0.03739540 - samples/sec: 77.34 - lr: 0.000195
2022-05-23 15:46:52,918 epoch 49 - iter 70/107 - loss 0.03948736 - samples/sec: 77.60 - lr: 0.000195
2022-05-23 15:46:56,822 epoch 49 - iter 80/107 - loss 0.03993285 - samples/sec: 82.00 - lr: 0.000195
2022-05-23 15:47:00,932 epoch 49 - iter 90/107 - loss 0.04164032 - samples/sec: 77.88 - lr: 0.000195
2022-05-23 15:47:05,111 epoch 49 - iter 100/107 - loss 0.04115145 - samples/sec: 76.59 - lr: 0.000195
2022-05-23 15:47:07,552 ----------------------------------------------------------------------------------------------------
2022-05-23 15:47:07,552 EPOCH 49 done: loss 0.0404 - lr 0.000195
2022-05-23 15:47:18,176 Evaluating as a multi-label problem: False
2022-05-23 15:47:18,187 DEV : loss 0.2082303762435913 - f1-score (micro avg)  0.5297
2022-05-23 15:47:18,274 Epoch    49: reducing learning rate of group 0 to 9.7656e-05.
2022-05-23 15:47:18,274 BAD EPOCHS (no improvement): 4
2022-05-23 15:47:18,277 ----------------------------------------------------------------------------------------------------
2022-05-23 15:47:18,277 ----------------------------------------------------------------------------------------------------
2022-05-23 15:47:18,277 learning rate too small - quitting training!
2022-05-23 15:47:18,277 ----------------------------------------------------------------------------------------------------
2022-05-23 15:48:57,273 ----------------------------------------------------------------------------------------------------
2022-05-23 15:48:57,274 loading file resources/taggers/model_06_r15_run_1/best-model.pt
2022-05-23 15:50:23,484 SequenceTagger predicts: Dictionary with 27 tags: O, S-person, B-person, E-person, I-person, S-location, B-location, E-location, I-location, S-group, B-group, E-group, I-group, S-corporation, B-corporation, E-corporation, I-corporation, S-product, B-product, E-product, I-product, S-creative-work, B-creative-work, E-creative-work, I-creative-work, <START>, <STOP>
2022-05-23 15:50:52,597 Evaluating as a multi-label problem: False
2022-05-23 15:50:52,612 0.5376	0.3642	0.4343	0.2971
2022-05-23 15:50:52,612 
Results:
- F-score (micro) 0.4343
- F-score (macro) 0.3507
- Accuracy 0.2971

By class:
               precision    recall  f1-score   support

       person     0.6877    0.5082    0.5845       429
     location     0.5419    0.5600    0.5508       150
        group     0.4444    0.2424    0.3137       165
creative-work     0.2170    0.1620    0.1855       142
      product     0.4583    0.0866    0.1457       127
  corporation     0.4359    0.2576    0.3238        66

    micro avg     0.5376    0.3642    0.4343      1079
    macro avg     0.4642    0.3028    0.3507      1079
 weighted avg     0.5259    0.3642    0.4183      1079

2022-05-23 15:50:52,612 ----------------------------------------------------------------------------------------------------
