2022-04-28 15:08:06,620 ----------------------------------------------------------------------------------------------------
2022-04-28 15:08:06,621 Model: "SequenceTagger(
  (embeddings): StackedEmbeddings(
    (list_embedding_0): GazetteerEmbeddings()
    (list_embedding_1): WordEmbeddings(
      'glove'
      (embedding): Embedding(400001, 100)
    )
    (list_embedding_2): FlairEmbeddings(
      (lm): LanguageModel(
        (drop): Dropout(p=0.05, inplace=False)
        (encoder): Embedding(300, 100)
        (rnn): LSTM(100, 2048)
        (decoder): Linear(in_features=2048, out_features=300, bias=True)
      )
    )
    (list_embedding_3): FlairEmbeddings(
      (lm): LanguageModel(
        (drop): Dropout(p=0.05, inplace=False)
        (encoder): Embedding(300, 100)
        (rnn): LSTM(100, 2048)
        (decoder): Linear(in_features=2048, out_features=300, bias=True)
      )
    )
  )
  (word_dropout): WordDropout(p=0.05)
  (locked_dropout): LockedDropout(p=0.5)
  (embedding2nn): Linear(in_features=4372, out_features=4372, bias=True)
  (rnn): LSTM(4372, 256, batch_first=True, bidirectional=True)
  (linear): Linear(in_features=512, out_features=27, bias=True)
  (loss_function): ViterbiLoss()
  (crf): CRF()
)"
2022-04-28 15:08:06,622 ----------------------------------------------------------------------------------------------------
2022-04-28 15:08:06,622 Corpus: "Corpus: 3394 train + 1009 dev + 1287 test sentences"
2022-04-28 15:08:06,624 ----------------------------------------------------------------------------------------------------
2022-04-28 15:08:06,624 Parameters:
2022-04-28 15:08:06,624  - learning_rate: "0.100000"
2022-04-28 15:08:06,624  - mini_batch_size: "32"
2022-04-28 15:08:06,624  - patience: "3"
2022-04-28 15:08:06,624  - anneal_factor: "0.5"
2022-04-28 15:08:06,624  - max_epochs: "150"
2022-04-28 15:08:06,625  - shuffle: "True"
2022-04-28 15:08:06,625  - train_with_dev: "False"
2022-04-28 15:08:06,625  - batch_growth_annealing: "False"
2022-04-28 15:08:06,625 ----------------------------------------------------------------------------------------------------
2022-04-28 15:08:06,625 Model training base path: "resources/taggers/model_07_r5_run_1"
2022-04-28 15:08:06,625 ----------------------------------------------------------------------------------------------------
2022-04-28 15:08:06,625 Device: cuda:1
2022-04-28 15:08:06,625 ----------------------------------------------------------------------------------------------------
2022-04-28 15:08:06,625 Embeddings storage mode: cpu
2022-04-28 15:08:06,625 ----------------------------------------------------------------------------------------------------
2022-04-28 15:08:09,717 epoch 1 - iter 10/107 - loss 1.04408920 - samples/sec: 103.54 - lr: 0.100000
2022-04-28 15:08:12,836 epoch 1 - iter 20/107 - loss 0.66148328 - samples/sec: 102.61 - lr: 0.100000
2022-04-28 15:08:15,953 epoch 1 - iter 30/107 - loss 0.53335223 - samples/sec: 102.69 - lr: 0.100000
2022-04-28 15:08:19,048 epoch 1 - iter 40/107 - loss 0.46459842 - samples/sec: 103.43 - lr: 0.100000
2022-04-28 15:08:22,162 epoch 1 - iter 50/107 - loss 0.41330639 - samples/sec: 102.81 - lr: 0.100000
2022-04-28 15:08:25,284 epoch 1 - iter 60/107 - loss 0.39172485 - samples/sec: 102.53 - lr: 0.100000
2022-04-28 15:08:28,448 epoch 1 - iter 70/107 - loss 0.37573584 - samples/sec: 101.16 - lr: 0.100000
2022-04-28 15:08:31,431 epoch 1 - iter 80/107 - loss 0.36623637 - samples/sec: 107.31 - lr: 0.100000
2022-04-28 15:08:34,205 epoch 1 - iter 90/107 - loss 0.35903334 - samples/sec: 115.43 - lr: 0.100000
2022-04-28 15:08:37,057 epoch 1 - iter 100/107 - loss 0.34969487 - samples/sec: 112.23 - lr: 0.100000
2022-04-28 15:08:38,831 ----------------------------------------------------------------------------------------------------
2022-04-28 15:08:38,831 EPOCH 1 done: loss 0.3418 - lr 0.100000
2022-04-28 15:08:50,012 Evaluating as a multi-label problem: False
2022-04-28 15:08:50,024 DEV : loss 0.4152843654155731 - f1-score (micro avg)  0.253
2022-04-28 15:08:50,110 BAD EPOCHS (no improvement): 0
2022-04-28 15:08:50,113 saving best model
2022-04-28 15:09:27,236 ----------------------------------------------------------------------------------------------------
2022-04-28 15:09:35,176 epoch 2 - iter 10/107 - loss 0.21543507 - samples/sec: 40.31 - lr: 0.100000
2022-04-28 15:09:37,137 epoch 2 - iter 20/107 - loss 0.19972655 - samples/sec: 163.24 - lr: 0.100000
2022-04-28 15:09:39,154 epoch 2 - iter 30/107 - loss 0.21666317 - samples/sec: 158.76 - lr: 0.100000
2022-04-28 15:09:41,169 epoch 2 - iter 40/107 - loss 0.21220479 - samples/sec: 158.91 - lr: 0.100000
2022-04-28 15:09:43,158 epoch 2 - iter 50/107 - loss 0.20793641 - samples/sec: 160.98 - lr: 0.100000
2022-04-28 15:09:45,022 epoch 2 - iter 60/107 - loss 0.20053995 - samples/sec: 171.77 - lr: 0.100000
2022-04-28 15:09:46,966 epoch 2 - iter 70/107 - loss 0.19768261 - samples/sec: 164.73 - lr: 0.100000
2022-04-28 15:09:49,877 epoch 2 - iter 80/107 - loss 0.19473937 - samples/sec: 109.99 - lr: 0.100000
2022-04-28 15:09:52,611 epoch 2 - iter 90/107 - loss 0.19129144 - samples/sec: 117.06 - lr: 0.100000
2022-04-28 15:09:55,346 epoch 2 - iter 100/107 - loss 0.18688597 - samples/sec: 117.05 - lr: 0.100000
2022-04-28 15:09:57,282 ----------------------------------------------------------------------------------------------------
2022-04-28 15:09:57,282 EPOCH 2 done: loss 0.1863 - lr 0.100000
2022-04-28 15:10:07,523 Evaluating as a multi-label problem: False
2022-04-28 15:10:07,534 DEV : loss 0.29537150263786316 - f1-score (micro avg)  0.4111
2022-04-28 15:10:07,627 BAD EPOCHS (no improvement): 0
2022-04-28 15:10:07,726 saving best model
2022-04-28 15:10:41,619 ----------------------------------------------------------------------------------------------------
2022-04-28 15:10:44,936 epoch 3 - iter 10/107 - loss 0.17044197 - samples/sec: 96.54 - lr: 0.100000
2022-04-28 15:10:48,141 epoch 3 - iter 20/107 - loss 0.16055622 - samples/sec: 99.89 - lr: 0.100000
2022-04-28 15:10:51,142 epoch 3 - iter 30/107 - loss 0.15905179 - samples/sec: 106.66 - lr: 0.100000
2022-04-28 15:10:53,145 epoch 3 - iter 40/107 - loss 0.16010933 - samples/sec: 159.88 - lr: 0.100000
2022-04-28 15:10:55,026 epoch 3 - iter 50/107 - loss 0.15784624 - samples/sec: 170.23 - lr: 0.100000
2022-04-28 15:10:56,873 epoch 3 - iter 60/107 - loss 0.15428193 - samples/sec: 173.33 - lr: 0.100000
2022-04-28 15:10:58,819 epoch 3 - iter 70/107 - loss 0.15444600 - samples/sec: 164.56 - lr: 0.100000
2022-04-28 15:11:00,631 epoch 3 - iter 80/107 - loss 0.15429171 - samples/sec: 176.66 - lr: 0.100000
2022-04-28 15:11:02,445 epoch 3 - iter 90/107 - loss 0.15612495 - samples/sec: 176.48 - lr: 0.100000
2022-04-28 15:11:04,321 epoch 3 - iter 100/107 - loss 0.15613380 - samples/sec: 170.73 - lr: 0.100000
2022-04-28 15:11:05,504 ----------------------------------------------------------------------------------------------------
2022-04-28 15:11:05,504 EPOCH 3 done: loss 0.1565 - lr 0.100000
2022-04-28 15:11:12,087 Evaluating as a multi-label problem: False
2022-04-28 15:11:12,098 DEV : loss 0.2695918083190918 - f1-score (micro avg)  0.4609
2022-04-28 15:11:12,187 BAD EPOCHS (no improvement): 0
2022-04-28 15:11:12,190 saving best model
2022-04-28 15:11:46,668 ----------------------------------------------------------------------------------------------------
2022-04-28 15:11:48,819 epoch 4 - iter 10/107 - loss 0.15167267 - samples/sec: 148.90 - lr: 0.100000
2022-04-28 15:11:50,935 epoch 4 - iter 20/107 - loss 0.15318926 - samples/sec: 151.30 - lr: 0.100000
2022-04-28 15:11:53,141 epoch 4 - iter 30/107 - loss 0.15408750 - samples/sec: 145.14 - lr: 0.100000
2022-04-28 15:11:55,371 epoch 4 - iter 40/107 - loss 0.14650887 - samples/sec: 143.58 - lr: 0.100000
2022-04-28 15:11:57,506 epoch 4 - iter 50/107 - loss 0.14419132 - samples/sec: 150.00 - lr: 0.100000
2022-04-28 15:11:59,628 epoch 4 - iter 60/107 - loss 0.14202213 - samples/sec: 150.87 - lr: 0.100000
2022-04-28 15:12:02,510 epoch 4 - iter 70/107 - loss 0.13993490 - samples/sec: 111.07 - lr: 0.100000
2022-04-28 15:12:05,385 epoch 4 - iter 80/107 - loss 0.13937867 - samples/sec: 111.35 - lr: 0.100000
2022-04-28 15:12:08,052 epoch 4 - iter 90/107 - loss 0.14235635 - samples/sec: 120.05 - lr: 0.100000
2022-04-28 15:12:10,950 epoch 4 - iter 100/107 - loss 0.13950480 - samples/sec: 110.47 - lr: 0.100000
2022-04-28 15:12:12,648 ----------------------------------------------------------------------------------------------------
2022-04-28 15:12:12,649 EPOCH 4 done: loss 0.1397 - lr 0.100000
2022-04-28 15:12:21,713 Evaluating as a multi-label problem: False
2022-04-28 15:12:21,725 DEV : loss 0.22558243572711945 - f1-score (micro avg)  0.5061
2022-04-28 15:12:21,813 BAD EPOCHS (no improvement): 0
2022-04-28 15:12:21,815 saving best model
2022-04-28 15:13:01,619 ----------------------------------------------------------------------------------------------------
2022-04-28 15:13:03,893 epoch 5 - iter 10/107 - loss 0.11779497 - samples/sec: 140.82 - lr: 0.100000
2022-04-28 15:13:05,940 epoch 5 - iter 20/107 - loss 0.13493316 - samples/sec: 156.48 - lr: 0.100000
2022-04-28 15:13:07,961 epoch 5 - iter 30/107 - loss 0.13334397 - samples/sec: 158.40 - lr: 0.100000
2022-04-28 15:13:10,018 epoch 5 - iter 40/107 - loss 0.12959943 - samples/sec: 155.67 - lr: 0.100000
2022-04-28 15:13:12,087 epoch 5 - iter 50/107 - loss 0.12733933 - samples/sec: 154.70 - lr: 0.100000
2022-04-28 15:13:14,128 epoch 5 - iter 60/107 - loss 0.12734307 - samples/sec: 156.89 - lr: 0.100000
2022-04-28 15:13:16,328 epoch 5 - iter 70/107 - loss 0.12796250 - samples/sec: 145.54 - lr: 0.100000
2022-04-28 15:13:18,596 epoch 5 - iter 80/107 - loss 0.12800200 - samples/sec: 141.17 - lr: 0.100000
2022-04-28 15:13:20,745 epoch 5 - iter 90/107 - loss 0.12797987 - samples/sec: 149.05 - lr: 0.100000
2022-04-28 15:13:22,927 epoch 5 - iter 100/107 - loss 0.12551248 - samples/sec: 146.72 - lr: 0.100000
2022-04-28 15:13:24,287 ----------------------------------------------------------------------------------------------------
2022-04-28 15:13:24,287 EPOCH 5 done: loss 0.1260 - lr 0.100000
2022-04-28 15:13:30,973 Evaluating as a multi-label problem: False
2022-04-28 15:13:30,985 DEV : loss 0.22655650973320007 - f1-score (micro avg)  0.4924
2022-04-28 15:13:31,072 BAD EPOCHS (no improvement): 1
2022-04-28 15:13:31,075 ----------------------------------------------------------------------------------------------------
2022-04-28 15:13:33,231 epoch 6 - iter 10/107 - loss 0.11805102 - samples/sec: 148.52 - lr: 0.100000
2022-04-28 15:13:35,381 epoch 6 - iter 20/107 - loss 0.12541094 - samples/sec: 148.99 - lr: 0.100000
2022-04-28 15:13:37,418 epoch 6 - iter 30/107 - loss 0.11670323 - samples/sec: 157.18 - lr: 0.100000
2022-04-28 15:13:39,501 epoch 6 - iter 40/107 - loss 0.12125430 - samples/sec: 153.71 - lr: 0.100000
2022-04-28 15:13:41,627 epoch 6 - iter 50/107 - loss 0.12442324 - samples/sec: 150.56 - lr: 0.100000
2022-04-28 15:13:43,666 epoch 6 - iter 60/107 - loss 0.12220599 - samples/sec: 157.00 - lr: 0.100000
2022-04-28 15:13:45,772 epoch 6 - iter 70/107 - loss 0.11997269 - samples/sec: 152.03 - lr: 0.100000
2022-04-28 15:13:47,957 epoch 6 - iter 80/107 - loss 0.11756248 - samples/sec: 146.51 - lr: 0.100000
2022-04-28 15:13:50,019 epoch 6 - iter 90/107 - loss 0.11756959 - samples/sec: 155.37 - lr: 0.100000
2022-04-28 15:13:52,079 epoch 6 - iter 100/107 - loss 0.11710331 - samples/sec: 155.42 - lr: 0.100000
2022-04-28 15:13:53,384 ----------------------------------------------------------------------------------------------------
2022-04-28 15:13:53,384 EPOCH 6 done: loss 0.1162 - lr 0.100000
2022-04-28 15:14:00,650 Evaluating as a multi-label problem: False
2022-04-28 15:14:00,662 DEV : loss 0.20382969081401825 - f1-score (micro avg)  0.5543
2022-04-28 15:14:00,751 BAD EPOCHS (no improvement): 0
2022-04-28 15:14:00,761 saving best model
2022-04-28 15:14:41,018 ----------------------------------------------------------------------------------------------------
2022-04-28 15:14:43,393 epoch 7 - iter 10/107 - loss 0.11917849 - samples/sec: 134.91 - lr: 0.100000
2022-04-28 15:14:45,213 epoch 7 - iter 20/107 - loss 0.12375686 - samples/sec: 175.90 - lr: 0.100000
2022-04-28 15:14:47,154 epoch 7 - iter 30/107 - loss 0.11682716 - samples/sec: 165.03 - lr: 0.100000
2022-04-28 15:14:49,134 epoch 7 - iter 40/107 - loss 0.10755413 - samples/sec: 161.67 - lr: 0.100000
2022-04-28 15:14:51,186 epoch 7 - iter 50/107 - loss 0.10274839 - samples/sec: 156.07 - lr: 0.100000
2022-04-28 15:14:53,263 epoch 7 - iter 60/107 - loss 0.10474026 - samples/sec: 154.14 - lr: 0.100000
2022-04-28 15:14:55,339 epoch 7 - iter 70/107 - loss 0.10679534 - samples/sec: 154.18 - lr: 0.100000
2022-04-28 15:14:57,500 epoch 7 - iter 80/107 - loss 0.10710396 - samples/sec: 148.16 - lr: 0.100000
2022-04-28 15:14:59,625 epoch 7 - iter 90/107 - loss 0.10507296 - samples/sec: 150.69 - lr: 0.100000
2022-04-28 15:15:01,787 epoch 7 - iter 100/107 - loss 0.10507366 - samples/sec: 148.06 - lr: 0.100000
2022-04-28 15:15:03,050 ----------------------------------------------------------------------------------------------------
2022-04-28 15:15:03,050 EPOCH 7 done: loss 0.1053 - lr 0.100000
2022-04-28 15:15:09,656 Evaluating as a multi-label problem: False
2022-04-28 15:15:09,668 DEV : loss 0.19120830297470093 - f1-score (micro avg)  0.5635
2022-04-28 15:15:09,754 BAD EPOCHS (no improvement): 0
2022-04-28 15:15:09,757 saving best model
2022-04-28 15:15:49,545 ----------------------------------------------------------------------------------------------------
2022-04-28 15:15:52,612 epoch 8 - iter 10/107 - loss 0.11586787 - samples/sec: 104.40 - lr: 0.100000
2022-04-28 15:15:55,408 epoch 8 - iter 20/107 - loss 0.10691447 - samples/sec: 114.54 - lr: 0.100000
2022-04-28 15:15:58,230 epoch 8 - iter 30/107 - loss 0.10712984 - samples/sec: 113.44 - lr: 0.100000
2022-04-28 15:16:01,211 epoch 8 - iter 40/107 - loss 0.10193216 - samples/sec: 107.38 - lr: 0.100000
2022-04-28 15:16:03,963 epoch 8 - iter 50/107 - loss 0.10261281 - samples/sec: 116.34 - lr: 0.100000
2022-04-28 15:16:06,745 epoch 8 - iter 60/107 - loss 0.10237685 - samples/sec: 115.03 - lr: 0.100000
2022-04-28 15:16:09,610 epoch 8 - iter 70/107 - loss 0.09961922 - samples/sec: 111.74 - lr: 0.100000
2022-04-28 15:16:12,336 epoch 8 - iter 80/107 - loss 0.09826138 - samples/sec: 117.44 - lr: 0.100000
2022-04-28 15:16:15,264 epoch 8 - iter 90/107 - loss 0.10059476 - samples/sec: 109.35 - lr: 0.100000
2022-04-28 15:16:17,978 epoch 8 - iter 100/107 - loss 0.09921616 - samples/sec: 117.94 - lr: 0.100000
2022-04-28 15:16:19,695 ----------------------------------------------------------------------------------------------------
2022-04-28 15:16:19,695 EPOCH 8 done: loss 0.0992 - lr 0.100000
2022-04-28 15:16:28,275 Evaluating as a multi-label problem: False
2022-04-28 15:16:28,286 DEV : loss 0.20748795568943024 - f1-score (micro avg)  0.5334
2022-04-28 15:16:28,371 BAD EPOCHS (no improvement): 1
2022-04-28 15:16:28,378 ----------------------------------------------------------------------------------------------------
2022-04-28 15:16:30,878 epoch 9 - iter 10/107 - loss 0.08763371 - samples/sec: 128.07 - lr: 0.100000
2022-04-28 15:16:33,311 epoch 9 - iter 20/107 - loss 0.09167365 - samples/sec: 131.59 - lr: 0.100000
2022-04-28 15:16:35,715 epoch 9 - iter 30/107 - loss 0.09010276 - samples/sec: 133.13 - lr: 0.100000
2022-04-28 15:16:38,153 epoch 9 - iter 40/107 - loss 0.08669273 - samples/sec: 131.36 - lr: 0.100000
2022-04-28 15:16:40,566 epoch 9 - iter 50/107 - loss 0.08644149 - samples/sec: 132.68 - lr: 0.100000
2022-04-28 15:16:43,537 epoch 9 - iter 60/107 - loss 0.08892938 - samples/sec: 107.77 - lr: 0.100000
2022-04-28 15:16:45,512 epoch 9 - iter 70/107 - loss 0.09096843 - samples/sec: 162.14 - lr: 0.100000
2022-04-28 15:16:47,522 epoch 9 - iter 80/107 - loss 0.09394247 - samples/sec: 159.26 - lr: 0.100000
2022-04-28 15:16:49,530 epoch 9 - iter 90/107 - loss 0.09402763 - samples/sec: 159.47 - lr: 0.100000
2022-04-28 15:16:51,726 epoch 9 - iter 100/107 - loss 0.09499626 - samples/sec: 145.80 - lr: 0.100000
2022-04-28 15:16:53,119 ----------------------------------------------------------------------------------------------------
2022-04-28 15:16:53,119 EPOCH 9 done: loss 0.0934 - lr 0.100000
2022-04-28 15:16:59,850 Evaluating as a multi-label problem: False
2022-04-28 15:16:59,861 DEV : loss 0.23730148375034332 - f1-score (micro avg)  0.4923
2022-04-28 15:16:59,950 BAD EPOCHS (no improvement): 2
2022-04-28 15:16:59,953 ----------------------------------------------------------------------------------------------------
2022-04-28 15:17:02,162 epoch 10 - iter 10/107 - loss 0.10024797 - samples/sec: 144.96 - lr: 0.100000
2022-04-28 15:17:04,318 epoch 10 - iter 20/107 - loss 0.08377109 - samples/sec: 148.54 - lr: 0.100000
2022-04-28 15:17:06,456 epoch 10 - iter 30/107 - loss 0.08533012 - samples/sec: 149.74 - lr: 0.100000
2022-04-28 15:17:08,549 epoch 10 - iter 40/107 - loss 0.08505807 - samples/sec: 153.02 - lr: 0.100000
2022-04-28 15:17:10,648 epoch 10 - iter 50/107 - loss 0.08860327 - samples/sec: 152.48 - lr: 0.100000
2022-04-28 15:17:12,764 epoch 10 - iter 60/107 - loss 0.08581185 - samples/sec: 151.30 - lr: 0.100000
2022-04-28 15:17:14,959 epoch 10 - iter 70/107 - loss 0.08686789 - samples/sec: 145.91 - lr: 0.100000
2022-04-28 15:17:17,015 epoch 10 - iter 80/107 - loss 0.08939789 - samples/sec: 155.66 - lr: 0.100000
2022-04-28 15:17:19,070 epoch 10 - iter 90/107 - loss 0.08890991 - samples/sec: 155.82 - lr: 0.100000
2022-04-28 15:17:21,080 epoch 10 - iter 100/107 - loss 0.09100983 - samples/sec: 159.35 - lr: 0.100000
2022-04-28 15:17:22,278 ----------------------------------------------------------------------------------------------------
2022-04-28 15:17:22,278 EPOCH 10 done: loss 0.0906 - lr 0.100000
2022-04-28 15:17:28,842 Evaluating as a multi-label problem: False
2022-04-28 15:17:28,854 DEV : loss 0.2281648963689804 - f1-score (micro avg)  0.4963
2022-04-28 15:17:28,939 BAD EPOCHS (no improvement): 3
2022-04-28 15:17:28,941 ----------------------------------------------------------------------------------------------------
2022-04-28 15:17:31,023 epoch 11 - iter 10/107 - loss 0.08350898 - samples/sec: 153.81 - lr: 0.100000
2022-04-28 15:17:33,097 epoch 11 - iter 20/107 - loss 0.08382462 - samples/sec: 154.43 - lr: 0.100000
2022-04-28 15:17:35,185 epoch 11 - iter 30/107 - loss 0.08735875 - samples/sec: 153.28 - lr: 0.100000
2022-04-28 15:17:37,205 epoch 11 - iter 40/107 - loss 0.08654563 - samples/sec: 158.57 - lr: 0.100000
2022-04-28 15:17:39,406 epoch 11 - iter 50/107 - loss 0.08409144 - samples/sec: 145.44 - lr: 0.100000
2022-04-28 15:17:41,517 epoch 11 - iter 60/107 - loss 0.08289067 - samples/sec: 151.74 - lr: 0.100000
2022-04-28 15:17:43,679 epoch 11 - iter 70/107 - loss 0.08394185 - samples/sec: 148.07 - lr: 0.100000
2022-04-28 15:17:45,940 epoch 11 - iter 80/107 - loss 0.08513678 - samples/sec: 141.63 - lr: 0.100000
2022-04-28 15:17:48,214 epoch 11 - iter 90/107 - loss 0.08586944 - samples/sec: 140.76 - lr: 0.100000
2022-04-28 15:17:51,180 epoch 11 - iter 100/107 - loss 0.08499538 - samples/sec: 107.96 - lr: 0.100000
2022-04-28 15:17:53,052 ----------------------------------------------------------------------------------------------------
2022-04-28 15:17:53,052 EPOCH 11 done: loss 0.0849 - lr 0.100000
2022-04-28 15:18:01,714 Evaluating as a multi-label problem: False
2022-04-28 15:18:01,725 DEV : loss 0.2123439610004425 - f1-score (micro avg)  0.4803
2022-04-28 15:18:01,811 Epoch    11: reducing learning rate of group 0 to 5.0000e-02.
2022-04-28 15:18:01,811 BAD EPOCHS (no improvement): 4
2022-04-28 15:18:01,813 ----------------------------------------------------------------------------------------------------
2022-04-28 15:18:04,599 epoch 12 - iter 10/107 - loss 0.09047792 - samples/sec: 114.92 - lr: 0.050000
2022-04-28 15:18:07,579 epoch 12 - iter 20/107 - loss 0.08283375 - samples/sec: 107.42 - lr: 0.050000
2022-04-28 15:18:10,455 epoch 12 - iter 30/107 - loss 0.07988403 - samples/sec: 111.32 - lr: 0.050000
2022-04-28 15:18:13,333 epoch 12 - iter 40/107 - loss 0.07915139 - samples/sec: 111.23 - lr: 0.050000
2022-04-28 15:18:16,448 epoch 12 - iter 50/107 - loss 0.07885262 - samples/sec: 102.77 - lr: 0.050000
2022-04-28 15:18:19,520 epoch 12 - iter 60/107 - loss 0.07691951 - samples/sec: 104.17 - lr: 0.050000
2022-04-28 15:18:22,249 epoch 12 - iter 70/107 - loss 0.07550589 - samples/sec: 117.32 - lr: 0.050000
2022-04-28 15:18:25,268 epoch 12 - iter 80/107 - loss 0.07584709 - samples/sec: 106.04 - lr: 0.050000
2022-04-28 15:18:28,041 epoch 12 - iter 90/107 - loss 0.07558705 - samples/sec: 115.42 - lr: 0.050000
2022-04-28 15:18:30,926 epoch 12 - iter 100/107 - loss 0.07532790 - samples/sec: 110.96 - lr: 0.050000
2022-04-28 15:18:32,642 ----------------------------------------------------------------------------------------------------
2022-04-28 15:18:32,642 EPOCH 12 done: loss 0.0758 - lr 0.050000
2022-04-28 15:18:40,810 Evaluating as a multi-label problem: False
2022-04-28 15:18:40,822 DEV : loss 0.21159996092319489 - f1-score (micro avg)  0.5123
2022-04-28 15:18:40,907 BAD EPOCHS (no improvement): 1
2022-04-28 15:18:40,910 ----------------------------------------------------------------------------------------------------
2022-04-28 15:18:43,572 epoch 13 - iter 10/107 - loss 0.06040514 - samples/sec: 120.27 - lr: 0.050000
2022-04-28 15:18:46,095 epoch 13 - iter 20/107 - loss 0.07438910 - samples/sec: 126.91 - lr: 0.050000
2022-04-28 15:18:48,327 epoch 13 - iter 30/107 - loss 0.07281747 - samples/sec: 143.44 - lr: 0.050000
2022-04-28 15:18:50,202 epoch 13 - iter 40/107 - loss 0.07206128 - samples/sec: 170.73 - lr: 0.050000
2022-04-28 15:18:52,202 epoch 13 - iter 50/107 - loss 0.07251062 - samples/sec: 160.07 - lr: 0.050000
2022-04-28 15:18:54,207 epoch 13 - iter 60/107 - loss 0.07301053 - samples/sec: 159.72 - lr: 0.050000
2022-04-28 15:18:56,230 epoch 13 - iter 70/107 - loss 0.07400360 - samples/sec: 158.21 - lr: 0.050000
2022-04-28 15:18:58,379 epoch 13 - iter 80/107 - loss 0.07316003 - samples/sec: 148.98 - lr: 0.050000
2022-04-28 15:19:00,491 epoch 13 - iter 90/107 - loss 0.07231043 - samples/sec: 151.62 - lr: 0.050000
2022-04-28 15:19:02,539 epoch 13 - iter 100/107 - loss 0.07212765 - samples/sec: 156.29 - lr: 0.050000
2022-04-28 15:19:03,706 ----------------------------------------------------------------------------------------------------
2022-04-28 15:19:03,706 EPOCH 13 done: loss 0.0712 - lr 0.050000
2022-04-28 15:19:10,301 Evaluating as a multi-label problem: False
2022-04-28 15:19:10,312 DEV : loss 0.21072980761528015 - f1-score (micro avg)  0.5108
2022-04-28 15:19:10,397 BAD EPOCHS (no improvement): 2
2022-04-28 15:19:10,399 ----------------------------------------------------------------------------------------------------
2022-04-28 15:19:12,489 epoch 14 - iter 10/107 - loss 0.07212751 - samples/sec: 153.22 - lr: 0.050000
2022-04-28 15:19:14,434 epoch 14 - iter 20/107 - loss 0.07654268 - samples/sec: 164.64 - lr: 0.050000
2022-04-28 15:19:16,598 epoch 14 - iter 30/107 - loss 0.06967320 - samples/sec: 147.96 - lr: 0.050000
2022-04-28 15:19:18,791 epoch 14 - iter 40/107 - loss 0.06757527 - samples/sec: 146.03 - lr: 0.050000
2022-04-28 15:19:21,120 epoch 14 - iter 50/107 - loss 0.06690482 - samples/sec: 137.46 - lr: 0.050000
2022-04-28 15:19:23,352 epoch 14 - iter 60/107 - loss 0.06670202 - samples/sec: 143.48 - lr: 0.050000
2022-04-28 15:19:25,625 epoch 14 - iter 70/107 - loss 0.06727986 - samples/sec: 140.84 - lr: 0.050000
2022-04-28 15:19:27,689 epoch 14 - iter 80/107 - loss 0.06835071 - samples/sec: 155.18 - lr: 0.050000
2022-04-28 15:19:29,930 epoch 14 - iter 90/107 - loss 0.07067034 - samples/sec: 142.89 - lr: 0.050000
2022-04-28 15:19:32,085 epoch 14 - iter 100/107 - loss 0.07089634 - samples/sec: 148.54 - lr: 0.050000
2022-04-28 15:19:33,402 ----------------------------------------------------------------------------------------------------
2022-04-28 15:19:33,402 EPOCH 14 done: loss 0.0717 - lr 0.050000
2022-04-28 15:19:40,142 Evaluating as a multi-label problem: False
2022-04-28 15:19:40,153 DEV : loss 0.1927662491798401 - f1-score (micro avg)  0.5163
2022-04-28 15:19:40,240 BAD EPOCHS (no improvement): 3
2022-04-28 15:19:40,243 ----------------------------------------------------------------------------------------------------
2022-04-28 15:19:42,402 epoch 15 - iter 10/107 - loss 0.06978952 - samples/sec: 148.36 - lr: 0.050000
2022-04-28 15:19:44,556 epoch 15 - iter 20/107 - loss 0.05957251 - samples/sec: 148.63 - lr: 0.050000
2022-04-28 15:19:46,647 epoch 15 - iter 30/107 - loss 0.06570044 - samples/sec: 153.15 - lr: 0.050000
2022-04-28 15:19:48,782 epoch 15 - iter 40/107 - loss 0.06252445 - samples/sec: 149.93 - lr: 0.050000
2022-04-28 15:19:50,958 epoch 15 - iter 50/107 - loss 0.06244895 - samples/sec: 147.11 - lr: 0.050000
2022-04-28 15:19:53,253 epoch 15 - iter 60/107 - loss 0.06515097 - samples/sec: 139.50 - lr: 0.050000
2022-04-28 15:19:55,986 epoch 15 - iter 70/107 - loss 0.06668581 - samples/sec: 117.15 - lr: 0.050000
2022-04-28 15:19:58,811 epoch 15 - iter 80/107 - loss 0.06630470 - samples/sec: 113.30 - lr: 0.050000
2022-04-28 15:20:01,670 epoch 15 - iter 90/107 - loss 0.06613991 - samples/sec: 111.98 - lr: 0.050000
2022-04-28 15:20:04,496 epoch 15 - iter 100/107 - loss 0.06827442 - samples/sec: 113.28 - lr: 0.050000
2022-04-28 15:20:06,221 ----------------------------------------------------------------------------------------------------
2022-04-28 15:20:06,221 EPOCH 15 done: loss 0.0685 - lr 0.050000
2022-04-28 15:20:17,398 Evaluating as a multi-label problem: False
2022-04-28 15:20:17,409 DEV : loss 0.20038056373596191 - f1-score (micro avg)  0.5158
2022-04-28 15:20:17,494 Epoch    15: reducing learning rate of group 0 to 2.5000e-02.
2022-04-28 15:20:17,494 BAD EPOCHS (no improvement): 4
2022-04-28 15:20:17,497 ----------------------------------------------------------------------------------------------------
2022-04-28 15:20:20,047 epoch 16 - iter 10/107 - loss 0.07883539 - samples/sec: 125.56 - lr: 0.025000
2022-04-28 15:20:22,769 epoch 16 - iter 20/107 - loss 0.06815746 - samples/sec: 117.61 - lr: 0.025000
2022-04-28 15:20:25,723 epoch 16 - iter 30/107 - loss 0.06728718 - samples/sec: 108.37 - lr: 0.025000
2022-04-28 15:20:28,510 epoch 16 - iter 40/107 - loss 0.06595267 - samples/sec: 114.87 - lr: 0.025000
2022-04-28 15:20:31,383 epoch 16 - iter 50/107 - loss 0.06200676 - samples/sec: 111.42 - lr: 0.025000
2022-04-28 15:20:34,161 epoch 16 - iter 60/107 - loss 0.06172580 - samples/sec: 115.25 - lr: 0.025000
2022-04-28 15:20:37,052 epoch 16 - iter 70/107 - loss 0.06176835 - samples/sec: 110.71 - lr: 0.025000
2022-04-28 15:20:39,902 epoch 16 - iter 80/107 - loss 0.06123123 - samples/sec: 112.31 - lr: 0.025000
2022-04-28 15:20:42,549 epoch 16 - iter 90/107 - loss 0.06193534 - samples/sec: 120.98 - lr: 0.025000
2022-04-28 15:20:45,072 epoch 16 - iter 100/107 - loss 0.06214751 - samples/sec: 126.89 - lr: 0.025000
2022-04-28 15:20:46,474 ----------------------------------------------------------------------------------------------------
2022-04-28 15:20:46,475 EPOCH 16 done: loss 0.0616 - lr 0.025000
2022-04-28 15:20:55,059 Evaluating as a multi-label problem: False
2022-04-28 15:20:55,069 DEV : loss 0.1937790960073471 - f1-score (micro avg)  0.5429
2022-04-28 15:20:55,157 BAD EPOCHS (no improvement): 1
2022-04-28 15:20:55,161 ----------------------------------------------------------------------------------------------------
2022-04-28 15:20:57,962 epoch 17 - iter 10/107 - loss 0.06629451 - samples/sec: 114.29 - lr: 0.025000
2022-04-28 15:21:00,649 epoch 17 - iter 20/107 - loss 0.05450335 - samples/sec: 119.18 - lr: 0.025000
2022-04-28 15:21:03,584 epoch 17 - iter 30/107 - loss 0.06095330 - samples/sec: 109.06 - lr: 0.025000
2022-04-28 15:21:06,355 epoch 17 - iter 40/107 - loss 0.05878292 - samples/sec: 115.54 - lr: 0.025000
2022-04-28 15:21:09,013 epoch 17 - iter 50/107 - loss 0.05825023 - samples/sec: 120.44 - lr: 0.025000
2022-04-28 15:21:11,789 epoch 17 - iter 60/107 - loss 0.05757630 - samples/sec: 115.32 - lr: 0.025000
2022-04-28 15:21:14,600 epoch 17 - iter 70/107 - loss 0.05768555 - samples/sec: 113.86 - lr: 0.025000
2022-04-28 15:21:17,346 epoch 17 - iter 80/107 - loss 0.05999010 - samples/sec: 116.59 - lr: 0.025000
2022-04-28 15:21:20,112 epoch 17 - iter 90/107 - loss 0.05976490 - samples/sec: 115.73 - lr: 0.025000
2022-04-28 15:21:23,046 epoch 17 - iter 100/107 - loss 0.06006852 - samples/sec: 109.11 - lr: 0.025000
2022-04-28 15:21:24,752 ----------------------------------------------------------------------------------------------------
2022-04-28 15:21:24,752 EPOCH 17 done: loss 0.0599 - lr 0.025000
2022-04-28 15:21:33,534 Evaluating as a multi-label problem: False
2022-04-28 15:21:33,546 DEV : loss 0.18416999280452728 - f1-score (micro avg)  0.5376
2022-04-28 15:21:33,632 BAD EPOCHS (no improvement): 2
2022-04-28 15:21:33,635 ----------------------------------------------------------------------------------------------------
2022-04-28 15:21:36,379 epoch 18 - iter 10/107 - loss 0.05663073 - samples/sec: 116.69 - lr: 0.025000
2022-04-28 15:21:39,165 epoch 18 - iter 20/107 - loss 0.05330237 - samples/sec: 114.89 - lr: 0.025000
2022-04-28 15:21:41,727 epoch 18 - iter 30/107 - loss 0.05528076 - samples/sec: 124.96 - lr: 0.025000
2022-04-28 15:21:44,235 epoch 18 - iter 40/107 - loss 0.05555427 - samples/sec: 127.64 - lr: 0.025000
2022-04-28 15:21:46,727 epoch 18 - iter 50/107 - loss 0.05635708 - samples/sec: 128.49 - lr: 0.025000
2022-04-28 15:21:49,061 epoch 18 - iter 60/107 - loss 0.05913794 - samples/sec: 137.15 - lr: 0.025000
2022-04-28 15:21:51,805 epoch 18 - iter 70/107 - loss 0.05864049 - samples/sec: 116.69 - lr: 0.025000
2022-04-28 15:21:54,343 epoch 18 - iter 80/107 - loss 0.05959377 - samples/sec: 126.13 - lr: 0.025000
2022-04-28 15:21:57,164 epoch 18 - iter 90/107 - loss 0.06090470 - samples/sec: 113.49 - lr: 0.025000
2022-04-28 15:21:59,968 epoch 18 - iter 100/107 - loss 0.06067142 - samples/sec: 114.16 - lr: 0.025000
2022-04-28 15:22:01,839 ----------------------------------------------------------------------------------------------------
2022-04-28 15:22:01,839 EPOCH 18 done: loss 0.0605 - lr 0.025000
2022-04-28 15:22:10,633 Evaluating as a multi-label problem: False
2022-04-28 15:22:10,644 DEV : loss 0.1929381638765335 - f1-score (micro avg)  0.5332
2022-04-28 15:22:10,730 BAD EPOCHS (no improvement): 3
2022-04-28 15:22:10,732 ----------------------------------------------------------------------------------------------------
2022-04-28 15:22:13,503 epoch 19 - iter 10/107 - loss 0.05123081 - samples/sec: 115.56 - lr: 0.025000
2022-04-28 15:22:16,239 epoch 19 - iter 20/107 - loss 0.06219695 - samples/sec: 117.02 - lr: 0.025000
2022-04-28 15:22:19,073 epoch 19 - iter 30/107 - loss 0.06212872 - samples/sec: 112.95 - lr: 0.025000
2022-04-28 15:22:21,756 epoch 19 - iter 40/107 - loss 0.05847647 - samples/sec: 119.28 - lr: 0.025000
2022-04-28 15:22:24,642 epoch 19 - iter 50/107 - loss 0.05889689 - samples/sec: 110.93 - lr: 0.025000
2022-04-28 15:22:27,573 epoch 19 - iter 60/107 - loss 0.05746556 - samples/sec: 109.21 - lr: 0.025000
2022-04-28 15:22:30,326 epoch 19 - iter 70/107 - loss 0.05772027 - samples/sec: 116.29 - lr: 0.025000
2022-04-28 15:22:33,250 epoch 19 - iter 80/107 - loss 0.05780684 - samples/sec: 109.49 - lr: 0.025000
2022-04-28 15:22:35,898 epoch 19 - iter 90/107 - loss 0.05879657 - samples/sec: 120.92 - lr: 0.025000
2022-04-28 15:22:38,552 epoch 19 - iter 100/107 - loss 0.05943154 - samples/sec: 120.60 - lr: 0.025000
2022-04-28 15:22:40,268 ----------------------------------------------------------------------------------------------------
2022-04-28 15:22:40,268 EPOCH 19 done: loss 0.0589 - lr 0.025000
2022-04-28 15:22:48,308 Evaluating as a multi-label problem: False
2022-04-28 15:22:48,320 DEV : loss 0.18958351016044617 - f1-score (micro avg)  0.5331
2022-04-28 15:22:48,405 Epoch    19: reducing learning rate of group 0 to 1.2500e-02.
2022-04-28 15:22:48,405 BAD EPOCHS (no improvement): 4
2022-04-28 15:22:48,408 ----------------------------------------------------------------------------------------------------
2022-04-28 15:22:50,791 epoch 20 - iter 10/107 - loss 0.05536057 - samples/sec: 134.38 - lr: 0.012500
2022-04-28 15:22:53,401 epoch 20 - iter 20/107 - loss 0.05934585 - samples/sec: 122.67 - lr: 0.012500
2022-04-28 15:22:56,150 epoch 20 - iter 30/107 - loss 0.05747937 - samples/sec: 116.43 - lr: 0.012500
2022-04-28 15:22:58,943 epoch 20 - iter 40/107 - loss 0.05742842 - samples/sec: 114.61 - lr: 0.012500
2022-04-28 15:23:01,723 epoch 20 - iter 50/107 - loss 0.05551717 - samples/sec: 115.16 - lr: 0.012500
2022-04-28 15:23:04,262 epoch 20 - iter 60/107 - loss 0.05687926 - samples/sec: 126.08 - lr: 0.012500
2022-04-28 15:23:06,988 epoch 20 - iter 70/107 - loss 0.05681917 - samples/sec: 117.43 - lr: 0.012500
2022-04-28 15:23:09,796 epoch 20 - iter 80/107 - loss 0.05693103 - samples/sec: 114.01 - lr: 0.012500
2022-04-28 15:23:12,626 epoch 20 - iter 90/107 - loss 0.05840817 - samples/sec: 113.12 - lr: 0.012500
2022-04-28 15:23:15,575 epoch 20 - iter 100/107 - loss 0.05923280 - samples/sec: 108.56 - lr: 0.012500
2022-04-28 15:23:17,373 ----------------------------------------------------------------------------------------------------
2022-04-28 15:23:17,373 EPOCH 20 done: loss 0.0586 - lr 0.012500
2022-04-28 15:23:25,785 Evaluating as a multi-label problem: False
2022-04-28 15:23:25,796 DEV : loss 0.19088882207870483 - f1-score (micro avg)  0.5391
2022-04-28 15:23:25,886 BAD EPOCHS (no improvement): 1
2022-04-28 15:23:25,888 ----------------------------------------------------------------------------------------------------
2022-04-28 15:23:28,861 epoch 21 - iter 10/107 - loss 0.04589318 - samples/sec: 107.71 - lr: 0.012500
2022-04-28 15:23:31,426 epoch 21 - iter 20/107 - loss 0.05112372 - samples/sec: 124.78 - lr: 0.012500
2022-04-28 15:23:34,344 epoch 21 - iter 30/107 - loss 0.05143635 - samples/sec: 109.74 - lr: 0.012500
2022-04-28 15:23:36,944 epoch 21 - iter 40/107 - loss 0.05353084 - samples/sec: 123.12 - lr: 0.012500
2022-04-28 15:23:39,761 epoch 21 - iter 50/107 - loss 0.05390433 - samples/sec: 113.62 - lr: 0.012500
2022-04-28 15:23:42,460 epoch 21 - iter 60/107 - loss 0.05497486 - samples/sec: 118.63 - lr: 0.012500
2022-04-28 15:23:44,907 epoch 21 - iter 70/107 - loss 0.05490306 - samples/sec: 130.84 - lr: 0.012500
2022-04-28 15:23:47,464 epoch 21 - iter 80/107 - loss 0.05632609 - samples/sec: 125.18 - lr: 0.012500
2022-04-28 15:23:49,821 epoch 21 - iter 90/107 - loss 0.05706138 - samples/sec: 135.83 - lr: 0.012500
2022-04-28 15:23:52,337 epoch 21 - iter 100/107 - loss 0.05660473 - samples/sec: 127.21 - lr: 0.012500
2022-04-28 15:23:53,860 ----------------------------------------------------------------------------------------------------
2022-04-28 15:23:53,860 EPOCH 21 done: loss 0.0565 - lr 0.012500
2022-04-28 15:24:00,245 Evaluating as a multi-label problem: False
2022-04-28 15:24:00,255 DEV : loss 0.19641593098640442 - f1-score (micro avg)  0.5373
2022-04-28 15:24:00,340 BAD EPOCHS (no improvement): 2
2022-04-28 15:24:00,344 ----------------------------------------------------------------------------------------------------
2022-04-28 15:24:02,488 epoch 22 - iter 10/107 - loss 0.05541422 - samples/sec: 149.40 - lr: 0.012500
2022-04-28 15:24:04,502 epoch 22 - iter 20/107 - loss 0.05949790 - samples/sec: 158.90 - lr: 0.012500
2022-04-28 15:24:06,524 epoch 22 - iter 30/107 - loss 0.05940086 - samples/sec: 158.37 - lr: 0.012500
2022-04-28 15:24:08,574 epoch 22 - iter 40/107 - loss 0.05725590 - samples/sec: 156.16 - lr: 0.012500
2022-04-28 15:24:10,529 epoch 22 - iter 50/107 - loss 0.05795827 - samples/sec: 163.77 - lr: 0.012500
2022-04-28 15:24:12,572 epoch 22 - iter 60/107 - loss 0.05835839 - samples/sec: 156.75 - lr: 0.012500
2022-04-28 15:24:14,551 epoch 22 - iter 70/107 - loss 0.05718162 - samples/sec: 161.81 - lr: 0.012500
2022-04-28 15:24:16,594 epoch 22 - iter 80/107 - loss 0.05703904 - samples/sec: 156.70 - lr: 0.012500
2022-04-28 15:24:18,571 epoch 22 - iter 90/107 - loss 0.05622875 - samples/sec: 162.02 - lr: 0.012500
2022-04-28 15:24:20,645 epoch 22 - iter 100/107 - loss 0.05489110 - samples/sec: 154.34 - lr: 0.012500
2022-04-28 15:24:21,900 ----------------------------------------------------------------------------------------------------
2022-04-28 15:24:21,900 EPOCH 22 done: loss 0.0542 - lr 0.012500
2022-04-28 15:24:28,505 Evaluating as a multi-label problem: False
2022-04-28 15:24:28,517 DEV : loss 0.2071792036294937 - f1-score (micro avg)  0.5087
2022-04-28 15:24:28,602 BAD EPOCHS (no improvement): 3
2022-04-28 15:24:28,605 ----------------------------------------------------------------------------------------------------
2022-04-28 15:24:30,624 epoch 23 - iter 10/107 - loss 0.05032122 - samples/sec: 158.66 - lr: 0.012500
2022-04-28 15:24:32,626 epoch 23 - iter 20/107 - loss 0.05557894 - samples/sec: 159.89 - lr: 0.012500
2022-04-28 15:24:34,664 epoch 23 - iter 30/107 - loss 0.05496555 - samples/sec: 157.09 - lr: 0.012500
2022-04-28 15:24:36,733 epoch 23 - iter 40/107 - loss 0.05534299 - samples/sec: 154.77 - lr: 0.012500
2022-04-28 15:24:38,836 epoch 23 - iter 50/107 - loss 0.05573359 - samples/sec: 152.22 - lr: 0.012500
2022-04-28 15:24:40,803 epoch 23 - iter 60/107 - loss 0.05435040 - samples/sec: 162.80 - lr: 0.012500
2022-04-28 15:24:42,870 epoch 23 - iter 70/107 - loss 0.05516665 - samples/sec: 154.90 - lr: 0.012500
2022-04-28 15:24:44,956 epoch 23 - iter 80/107 - loss 0.05429597 - samples/sec: 153.47 - lr: 0.012500
2022-04-28 15:24:47,026 epoch 23 - iter 90/107 - loss 0.05376720 - samples/sec: 154.63 - lr: 0.012500
2022-04-28 15:24:49,057 epoch 23 - iter 100/107 - loss 0.05256760 - samples/sec: 157.66 - lr: 0.012500
2022-04-28 15:24:50,279 ----------------------------------------------------------------------------------------------------
2022-04-28 15:24:50,280 EPOCH 23 done: loss 0.0540 - lr 0.012500
2022-04-28 15:24:57,019 Evaluating as a multi-label problem: False
2022-04-28 15:24:57,030 DEV : loss 0.19021707773208618 - f1-score (micro avg)  0.5456
2022-04-28 15:24:57,116 Epoch    23: reducing learning rate of group 0 to 6.2500e-03.
2022-04-28 15:24:57,116 BAD EPOCHS (no improvement): 4
2022-04-28 15:24:57,160 ----------------------------------------------------------------------------------------------------
2022-04-28 15:24:59,197 epoch 24 - iter 10/107 - loss 0.05160356 - samples/sec: 157.20 - lr: 0.006250
2022-04-28 15:25:01,587 epoch 24 - iter 20/107 - loss 0.05341006 - samples/sec: 133.93 - lr: 0.006250
2022-04-28 15:25:04,590 epoch 24 - iter 30/107 - loss 0.05482713 - samples/sec: 106.61 - lr: 0.006250
2022-04-28 15:25:07,398 epoch 24 - iter 40/107 - loss 0.05467371 - samples/sec: 114.00 - lr: 0.006250
2022-04-28 15:25:10,137 epoch 24 - iter 50/107 - loss 0.05313958 - samples/sec: 116.90 - lr: 0.006250
2022-04-28 15:25:12,967 epoch 24 - iter 60/107 - loss 0.05143452 - samples/sec: 113.12 - lr: 0.006250
2022-04-28 15:25:15,703 epoch 24 - iter 70/107 - loss 0.05097760 - samples/sec: 117.00 - lr: 0.006250
2022-04-28 15:25:18,256 epoch 24 - iter 80/107 - loss 0.05085702 - samples/sec: 125.42 - lr: 0.006250
2022-04-28 15:25:21,046 epoch 24 - iter 90/107 - loss 0.05073982 - samples/sec: 114.75 - lr: 0.006250
2022-04-28 15:25:23,899 epoch 24 - iter 100/107 - loss 0.05137063 - samples/sec: 112.17 - lr: 0.006250
2022-04-28 15:25:25,729 ----------------------------------------------------------------------------------------------------
2022-04-28 15:25:25,729 EPOCH 24 done: loss 0.0514 - lr 0.006250
2022-04-28 15:25:34,965 Evaluating as a multi-label problem: False
2022-04-28 15:25:34,976 DEV : loss 0.19042573869228363 - f1-score (micro avg)  0.5442
2022-04-28 15:25:35,066 BAD EPOCHS (no improvement): 1
2022-04-28 15:25:35,069 ----------------------------------------------------------------------------------------------------
2022-04-28 15:25:38,044 epoch 25 - iter 10/107 - loss 0.04704870 - samples/sec: 107.62 - lr: 0.006250
2022-04-28 15:25:40,901 epoch 25 - iter 20/107 - loss 0.04730212 - samples/sec: 112.08 - lr: 0.006250
2022-04-28 15:25:43,608 epoch 25 - iter 30/107 - loss 0.05025792 - samples/sec: 118.28 - lr: 0.006250
2022-04-28 15:25:46,739 epoch 25 - iter 40/107 - loss 0.04920875 - samples/sec: 102.25 - lr: 0.006250
2022-04-28 15:25:49,525 epoch 25 - iter 50/107 - loss 0.05008793 - samples/sec: 114.88 - lr: 0.006250
2022-04-28 15:25:52,264 epoch 25 - iter 60/107 - loss 0.05020987 - samples/sec: 116.88 - lr: 0.006250
2022-04-28 15:25:54,665 epoch 25 - iter 70/107 - loss 0.05114562 - samples/sec: 133.35 - lr: 0.006250
2022-04-28 15:25:57,207 epoch 25 - iter 80/107 - loss 0.05114685 - samples/sec: 125.93 - lr: 0.006250
2022-04-28 15:25:59,815 epoch 25 - iter 90/107 - loss 0.05031145 - samples/sec: 122.77 - lr: 0.006250
2022-04-28 15:26:02,161 epoch 25 - iter 100/107 - loss 0.05050499 - samples/sec: 136.46 - lr: 0.006250
2022-04-28 15:26:03,292 ----------------------------------------------------------------------------------------------------
2022-04-28 15:26:03,293 EPOCH 25 done: loss 0.0509 - lr 0.006250
2022-04-28 15:26:09,789 Evaluating as a multi-label problem: False
2022-04-28 15:26:09,801 DEV : loss 0.19117604196071625 - f1-score (micro avg)  0.5407
2022-04-28 15:26:09,886 BAD EPOCHS (no improvement): 2
2022-04-28 15:26:09,890 ----------------------------------------------------------------------------------------------------
2022-04-28 15:26:11,996 epoch 26 - iter 10/107 - loss 0.05364693 - samples/sec: 152.07 - lr: 0.006250
2022-04-28 15:26:13,981 epoch 26 - iter 20/107 - loss 0.04909682 - samples/sec: 161.27 - lr: 0.006250
2022-04-28 15:26:16,067 epoch 26 - iter 30/107 - loss 0.05207829 - samples/sec: 153.55 - lr: 0.006250
2022-04-28 15:26:18,092 epoch 26 - iter 40/107 - loss 0.05050043 - samples/sec: 158.10 - lr: 0.006250
2022-04-28 15:26:20,138 epoch 26 - iter 50/107 - loss 0.05033478 - samples/sec: 156.49 - lr: 0.006250
2022-04-28 15:26:22,177 epoch 26 - iter 60/107 - loss 0.05059108 - samples/sec: 156.97 - lr: 0.006250
2022-04-28 15:26:24,234 epoch 26 - iter 70/107 - loss 0.05057826 - samples/sec: 155.70 - lr: 0.006250
2022-04-28 15:26:26,174 epoch 26 - iter 80/107 - loss 0.05168158 - samples/sec: 165.00 - lr: 0.006250
2022-04-28 15:26:28,090 epoch 26 - iter 90/107 - loss 0.05151598 - samples/sec: 167.10 - lr: 0.006250
2022-04-28 15:26:30,027 epoch 26 - iter 100/107 - loss 0.05110225 - samples/sec: 165.30 - lr: 0.006250
2022-04-28 15:26:31,258 ----------------------------------------------------------------------------------------------------
2022-04-28 15:26:31,258 EPOCH 26 done: loss 0.0510 - lr 0.006250
2022-04-28 15:26:37,601 Evaluating as a multi-label problem: False
2022-04-28 15:26:37,612 DEV : loss 0.19206400215625763 - f1-score (micro avg)  0.5445
2022-04-28 15:26:37,699 BAD EPOCHS (no improvement): 3
2022-04-28 15:26:37,701 ----------------------------------------------------------------------------------------------------
2022-04-28 15:26:39,500 epoch 27 - iter 10/107 - loss 0.05706370 - samples/sec: 178.09 - lr: 0.006250
2022-04-28 15:26:41,349 epoch 27 - iter 20/107 - loss 0.05326036 - samples/sec: 173.16 - lr: 0.006250
2022-04-28 15:26:43,329 epoch 27 - iter 30/107 - loss 0.05366506 - samples/sec: 161.70 - lr: 0.006250
2022-04-28 15:26:45,273 epoch 27 - iter 40/107 - loss 0.05302511 - samples/sec: 164.72 - lr: 0.006250
2022-04-28 15:26:47,152 epoch 27 - iter 50/107 - loss 0.05028002 - samples/sec: 170.42 - lr: 0.006250
2022-04-28 15:26:49,146 epoch 27 - iter 60/107 - loss 0.05149378 - samples/sec: 160.54 - lr: 0.006250
2022-04-28 15:26:51,128 epoch 27 - iter 70/107 - loss 0.05109440 - samples/sec: 161.52 - lr: 0.006250
2022-04-28 15:26:53,066 epoch 27 - iter 80/107 - loss 0.05074944 - samples/sec: 165.25 - lr: 0.006250
2022-04-28 15:26:55,087 epoch 27 - iter 90/107 - loss 0.05133274 - samples/sec: 158.37 - lr: 0.006250
2022-04-28 15:26:57,133 epoch 27 - iter 100/107 - loss 0.05037827 - samples/sec: 156.47 - lr: 0.006250
2022-04-28 15:26:58,438 ----------------------------------------------------------------------------------------------------
2022-04-28 15:26:58,438 EPOCH 27 done: loss 0.0517 - lr 0.006250
2022-04-28 15:27:05,074 Evaluating as a multi-label problem: False
2022-04-28 15:27:05,085 DEV : loss 0.19135111570358276 - f1-score (micro avg)  0.5407
2022-04-28 15:27:05,171 Epoch    27: reducing learning rate of group 0 to 3.1250e-03.
2022-04-28 15:27:05,171 BAD EPOCHS (no improvement): 4
2022-04-28 15:27:05,184 ----------------------------------------------------------------------------------------------------
2022-04-28 15:27:08,100 epoch 28 - iter 10/107 - loss 0.05217390 - samples/sec: 109.78 - lr: 0.003125
2022-04-28 15:27:10,809 epoch 28 - iter 20/107 - loss 0.04811103 - samples/sec: 118.16 - lr: 0.003125
2022-04-28 15:27:13,901 epoch 28 - iter 30/107 - loss 0.04629230 - samples/sec: 103.53 - lr: 0.003125
2022-04-28 15:27:16,663 epoch 28 - iter 40/107 - loss 0.04778568 - samples/sec: 115.93 - lr: 0.003125
2022-04-28 15:27:19,597 epoch 28 - iter 50/107 - loss 0.04749245 - samples/sec: 109.08 - lr: 0.003125
2022-04-28 15:27:22,283 epoch 28 - iter 60/107 - loss 0.04758096 - samples/sec: 119.20 - lr: 0.003125
2022-04-28 15:27:24,928 epoch 28 - iter 70/107 - loss 0.04900542 - samples/sec: 121.03 - lr: 0.003125
2022-04-28 15:27:27,802 epoch 28 - iter 80/107 - loss 0.05044880 - samples/sec: 111.41 - lr: 0.003125
2022-04-28 15:27:30,581 epoch 28 - iter 90/107 - loss 0.05056376 - samples/sec: 115.18 - lr: 0.003125
2022-04-28 15:27:33,290 epoch 28 - iter 100/107 - loss 0.05098229 - samples/sec: 118.19 - lr: 0.003125
2022-04-28 15:27:35,094 ----------------------------------------------------------------------------------------------------
2022-04-28 15:27:35,095 EPOCH 28 done: loss 0.0508 - lr 0.003125
2022-04-28 15:27:44,054 Evaluating as a multi-label problem: False
2022-04-28 15:27:44,065 DEV : loss 0.19184020161628723 - f1-score (micro avg)  0.5452
2022-04-28 15:27:44,151 BAD EPOCHS (no improvement): 1
2022-04-28 15:27:44,154 ----------------------------------------------------------------------------------------------------
2022-04-28 15:27:46,761 epoch 29 - iter 10/107 - loss 0.04433178 - samples/sec: 122.81 - lr: 0.003125
2022-04-28 15:27:49,644 epoch 29 - iter 20/107 - loss 0.05090229 - samples/sec: 111.01 - lr: 0.003125
2022-04-28 15:27:52,414 epoch 29 - iter 30/107 - loss 0.05165193 - samples/sec: 115.59 - lr: 0.003125
2022-04-28 15:27:54,965 epoch 29 - iter 40/107 - loss 0.04953534 - samples/sec: 125.50 - lr: 0.003125
2022-04-28 15:27:57,487 epoch 29 - iter 50/107 - loss 0.05194291 - samples/sec: 126.94 - lr: 0.003125
2022-04-28 15:27:59,926 epoch 29 - iter 60/107 - loss 0.05123861 - samples/sec: 131.25 - lr: 0.003125
2022-04-28 15:28:02,486 epoch 29 - iter 70/107 - loss 0.05121266 - samples/sec: 125.04 - lr: 0.003125
2022-04-28 15:28:04,943 epoch 29 - iter 80/107 - loss 0.05197874 - samples/sec: 130.28 - lr: 0.003125
2022-04-28 15:28:07,435 epoch 29 - iter 90/107 - loss 0.05057311 - samples/sec: 128.46 - lr: 0.003125
2022-04-28 15:28:10,319 epoch 29 - iter 100/107 - loss 0.05119117 - samples/sec: 111.01 - lr: 0.003125
2022-04-28 15:28:12,103 ----------------------------------------------------------------------------------------------------
2022-04-28 15:28:12,103 EPOCH 29 done: loss 0.0507 - lr 0.003125
2022-04-28 15:28:20,774 Evaluating as a multi-label problem: False
2022-04-28 15:28:20,786 DEV : loss 0.19419516623020172 - f1-score (micro avg)  0.5464
2022-04-28 15:28:20,872 BAD EPOCHS (no improvement): 2
2022-04-28 15:28:20,874 ----------------------------------------------------------------------------------------------------
2022-04-28 15:28:23,799 epoch 30 - iter 10/107 - loss 0.05495099 - samples/sec: 109.48 - lr: 0.003125
2022-04-28 15:28:26,380 epoch 30 - iter 20/107 - loss 0.05245968 - samples/sec: 124.03 - lr: 0.003125
2022-04-28 15:28:29,184 epoch 30 - iter 30/107 - loss 0.05155275 - samples/sec: 114.19 - lr: 0.003125
2022-04-28 15:28:31,898 epoch 30 - iter 40/107 - loss 0.04977207 - samples/sec: 117.92 - lr: 0.003125
2022-04-28 15:28:34,676 epoch 30 - iter 50/107 - loss 0.05010041 - samples/sec: 115.25 - lr: 0.003125
2022-04-28 15:28:37,409 epoch 30 - iter 60/107 - loss 0.04926621 - samples/sec: 117.13 - lr: 0.003125
2022-04-28 15:28:40,250 epoch 30 - iter 70/107 - loss 0.05078521 - samples/sec: 112.67 - lr: 0.003125
2022-04-28 15:28:43,352 epoch 30 - iter 80/107 - loss 0.04956262 - samples/sec: 103.20 - lr: 0.003125
2022-04-28 15:28:46,142 epoch 30 - iter 90/107 - loss 0.04997375 - samples/sec: 114.71 - lr: 0.003125
2022-04-28 15:28:49,011 epoch 30 - iter 100/107 - loss 0.04958018 - samples/sec: 111.60 - lr: 0.003125
2022-04-28 15:28:50,624 ----------------------------------------------------------------------------------------------------
2022-04-28 15:28:50,624 EPOCH 30 done: loss 0.0502 - lr 0.003125
2022-04-28 15:28:59,493 Evaluating as a multi-label problem: False
2022-04-28 15:28:59,504 DEV : loss 0.19180798530578613 - f1-score (micro avg)  0.5412
2022-04-28 15:28:59,589 BAD EPOCHS (no improvement): 3
2022-04-28 15:28:59,592 ----------------------------------------------------------------------------------------------------
2022-04-28 15:29:01,930 epoch 31 - iter 10/107 - loss 0.05481635 - samples/sec: 136.97 - lr: 0.003125
2022-04-28 15:29:04,538 epoch 31 - iter 20/107 - loss 0.05371138 - samples/sec: 122.71 - lr: 0.003125
2022-04-28 15:29:07,062 epoch 31 - iter 30/107 - loss 0.05071928 - samples/sec: 126.88 - lr: 0.003125
2022-04-28 15:29:09,656 epoch 31 - iter 40/107 - loss 0.05168919 - samples/sec: 123.43 - lr: 0.003125
2022-04-28 15:29:12,610 epoch 31 - iter 50/107 - loss 0.05215669 - samples/sec: 108.36 - lr: 0.003125
2022-04-28 15:29:15,456 epoch 31 - iter 60/107 - loss 0.05120670 - samples/sec: 112.46 - lr: 0.003125
2022-04-28 15:29:18,048 epoch 31 - iter 70/107 - loss 0.05305214 - samples/sec: 123.53 - lr: 0.003125
2022-04-28 15:29:20,804 epoch 31 - iter 80/107 - loss 0.05174758 - samples/sec: 116.15 - lr: 0.003125
2022-04-28 15:29:23,794 epoch 31 - iter 90/107 - loss 0.05123557 - samples/sec: 107.05 - lr: 0.003125
2022-04-28 15:29:26,757 epoch 31 - iter 100/107 - loss 0.05129809 - samples/sec: 108.04 - lr: 0.003125
2022-04-28 15:29:28,222 ----------------------------------------------------------------------------------------------------
2022-04-28 15:29:28,222 EPOCH 31 done: loss 0.0518 - lr 0.003125
2022-04-28 15:29:37,295 Evaluating as a multi-label problem: False
2022-04-28 15:29:37,306 DEV : loss 0.19394232332706451 - f1-score (micro avg)  0.5423
2022-04-28 15:29:37,392 Epoch    31: reducing learning rate of group 0 to 1.5625e-03.
2022-04-28 15:29:37,393 BAD EPOCHS (no improvement): 4
2022-04-28 15:29:37,395 ----------------------------------------------------------------------------------------------------
2022-04-28 15:29:40,220 epoch 32 - iter 10/107 - loss 0.04640851 - samples/sec: 113.34 - lr: 0.001563
2022-04-28 15:29:43,124 epoch 32 - iter 20/107 - loss 0.04617579 - samples/sec: 110.23 - lr: 0.001563
2022-04-28 15:29:45,792 epoch 32 - iter 30/107 - loss 0.04976349 - samples/sec: 120.00 - lr: 0.001563
2022-04-28 15:29:48,598 epoch 32 - iter 40/107 - loss 0.05004783 - samples/sec: 114.05 - lr: 0.001563
2022-04-28 15:29:51,445 epoch 32 - iter 50/107 - loss 0.05063653 - samples/sec: 112.46 - lr: 0.001563
2022-04-28 15:29:53,964 epoch 32 - iter 60/107 - loss 0.04956654 - samples/sec: 127.07 - lr: 0.001563
2022-04-28 15:29:56,681 epoch 32 - iter 70/107 - loss 0.04894488 - samples/sec: 117.82 - lr: 0.001563
2022-04-28 15:29:59,054 epoch 32 - iter 80/107 - loss 0.05007750 - samples/sec: 134.94 - lr: 0.001563
2022-04-28 15:30:01,457 epoch 32 - iter 90/107 - loss 0.04947059 - samples/sec: 133.21 - lr: 0.001563
2022-04-28 15:30:03,915 epoch 32 - iter 100/107 - loss 0.04981534 - samples/sec: 130.26 - lr: 0.001563
2022-04-28 15:30:05,514 ----------------------------------------------------------------------------------------------------
2022-04-28 15:30:05,514 EPOCH 32 done: loss 0.0503 - lr 0.001563
2022-04-28 15:30:13,760 Evaluating as a multi-label problem: False
2022-04-28 15:30:13,771 DEV : loss 0.1934802085161209 - f1-score (micro avg)  0.5442
2022-04-28 15:30:13,857 BAD EPOCHS (no improvement): 1
2022-04-28 15:30:13,860 ----------------------------------------------------------------------------------------------------
2022-04-28 15:30:16,641 epoch 33 - iter 10/107 - loss 0.03897478 - samples/sec: 115.12 - lr: 0.001563
2022-04-28 15:30:19,491 epoch 33 - iter 20/107 - loss 0.04533330 - samples/sec: 112.32 - lr: 0.001563
2022-04-28 15:30:22,390 epoch 33 - iter 30/107 - loss 0.04895425 - samples/sec: 110.42 - lr: 0.001563
2022-04-28 15:30:25,210 epoch 33 - iter 40/107 - loss 0.04680552 - samples/sec: 113.50 - lr: 0.001563
2022-04-28 15:30:27,934 epoch 33 - iter 50/107 - loss 0.04733684 - samples/sec: 117.55 - lr: 0.001563
2022-04-28 15:30:30,906 epoch 33 - iter 60/107 - loss 0.04896872 - samples/sec: 107.70 - lr: 0.001563
2022-04-28 15:30:33,606 epoch 33 - iter 70/107 - loss 0.04837631 - samples/sec: 118.58 - lr: 0.001563
2022-04-28 15:30:36,200 epoch 33 - iter 80/107 - loss 0.04843580 - samples/sec: 123.40 - lr: 0.001563
2022-04-28 15:30:38,624 epoch 33 - iter 90/107 - loss 0.04932752 - samples/sec: 132.04 - lr: 0.001563
2022-04-28 15:30:40,350 epoch 33 - iter 100/107 - loss 0.04920775 - samples/sec: 185.58 - lr: 0.001563
2022-04-28 15:30:41,577 ----------------------------------------------------------------------------------------------------
2022-04-28 15:30:41,577 EPOCH 33 done: loss 0.0497 - lr 0.001563
2022-04-28 15:30:51,810 Evaluating as a multi-label problem: False
2022-04-28 15:30:51,820 DEV : loss 0.19380460679531097 - f1-score (micro avg)  0.5434
2022-04-28 15:30:51,906 BAD EPOCHS (no improvement): 2
2022-04-28 15:30:51,908 ----------------------------------------------------------------------------------------------------
2022-04-28 15:30:54,605 epoch 34 - iter 10/107 - loss 0.04185819 - samples/sec: 118.71 - lr: 0.001563
2022-04-28 15:30:57,368 epoch 34 - iter 20/107 - loss 0.04299968 - samples/sec: 115.88 - lr: 0.001563
2022-04-28 15:31:00,066 epoch 34 - iter 30/107 - loss 0.04693725 - samples/sec: 118.62 - lr: 0.001563
2022-04-28 15:31:02,782 epoch 34 - iter 40/107 - loss 0.04547938 - samples/sec: 117.88 - lr: 0.001563
2022-04-28 15:31:05,279 epoch 34 - iter 50/107 - loss 0.04542468 - samples/sec: 128.20 - lr: 0.001563
2022-04-28 15:31:07,649 epoch 34 - iter 60/107 - loss 0.04755317 - samples/sec: 135.08 - lr: 0.001563
2022-04-28 15:31:10,294 epoch 34 - iter 70/107 - loss 0.04805841 - samples/sec: 121.04 - lr: 0.001563
2022-04-28 15:31:12,962 epoch 34 - iter 80/107 - loss 0.04757553 - samples/sec: 119.97 - lr: 0.001563
2022-04-28 15:31:15,741 epoch 34 - iter 90/107 - loss 0.04845821 - samples/sec: 115.20 - lr: 0.001563
2022-04-28 15:31:18,569 epoch 34 - iter 100/107 - loss 0.04922305 - samples/sec: 113.19 - lr: 0.001563
2022-04-28 15:31:20,278 ----------------------------------------------------------------------------------------------------
2022-04-28 15:31:20,278 EPOCH 34 done: loss 0.0496 - lr 0.001563
2022-04-28 15:31:29,130 Evaluating as a multi-label problem: False
2022-04-28 15:31:29,141 DEV : loss 0.19270463287830353 - f1-score (micro avg)  0.5456
2022-04-28 15:31:29,226 BAD EPOCHS (no improvement): 3
2022-04-28 15:31:29,228 ----------------------------------------------------------------------------------------------------
2022-04-28 15:31:32,047 epoch 35 - iter 10/107 - loss 0.05304966 - samples/sec: 113.59 - lr: 0.001563
2022-04-28 15:31:34,754 epoch 35 - iter 20/107 - loss 0.05547558 - samples/sec: 118.28 - lr: 0.001563
2022-04-28 15:31:37,771 epoch 35 - iter 30/107 - loss 0.05167327 - samples/sec: 106.09 - lr: 0.001563
2022-04-28 15:31:40,775 epoch 35 - iter 40/107 - loss 0.05086953 - samples/sec: 106.58 - lr: 0.001563
2022-04-28 15:31:43,378 epoch 35 - iter 50/107 - loss 0.05023336 - samples/sec: 122.98 - lr: 0.001563
2022-04-28 15:31:45,999 epoch 35 - iter 60/107 - loss 0.05029223 - samples/sec: 122.15 - lr: 0.001563
2022-04-28 15:31:48,695 epoch 35 - iter 70/107 - loss 0.05041353 - samples/sec: 118.74 - lr: 0.001563
2022-04-28 15:31:51,504 epoch 35 - iter 80/107 - loss 0.05051825 - samples/sec: 113.97 - lr: 0.001563
2022-04-28 15:31:54,332 epoch 35 - iter 90/107 - loss 0.04962169 - samples/sec: 113.21 - lr: 0.001563
2022-04-28 15:31:57,040 epoch 35 - iter 100/107 - loss 0.05001054 - samples/sec: 118.20 - lr: 0.001563
2022-04-28 15:31:58,772 ----------------------------------------------------------------------------------------------------
2022-04-28 15:31:58,772 EPOCH 35 done: loss 0.0495 - lr 0.001563
2022-04-28 15:32:06,533 Evaluating as a multi-label problem: False
2022-04-28 15:32:06,545 DEV : loss 0.19456228613853455 - f1-score (micro avg)  0.5445
2022-04-28 15:32:06,632 Epoch    35: reducing learning rate of group 0 to 7.8125e-04.
2022-04-28 15:32:06,632 BAD EPOCHS (no improvement): 4
2022-04-28 15:32:06,635 ----------------------------------------------------------------------------------------------------
2022-04-28 15:32:09,126 epoch 36 - iter 10/107 - loss 0.04493407 - samples/sec: 128.50 - lr: 0.000781
2022-04-28 15:32:11,895 epoch 36 - iter 20/107 - loss 0.04936330 - samples/sec: 115.63 - lr: 0.000781
2022-04-28 15:32:14,512 epoch 36 - iter 30/107 - loss 0.05057171 - samples/sec: 122.30 - lr: 0.000781
2022-04-28 15:32:17,381 epoch 36 - iter 40/107 - loss 0.05045463 - samples/sec: 111.58 - lr: 0.000781
2022-04-28 15:32:20,118 epoch 36 - iter 50/107 - loss 0.05137013 - samples/sec: 116.94 - lr: 0.000781
2022-04-28 15:32:22,832 epoch 36 - iter 60/107 - loss 0.04955863 - samples/sec: 118.00 - lr: 0.000781
2022-04-28 15:32:25,634 epoch 36 - iter 70/107 - loss 0.05023472 - samples/sec: 114.26 - lr: 0.000781
2022-04-28 15:32:28,256 epoch 36 - iter 80/107 - loss 0.04946855 - samples/sec: 122.10 - lr: 0.000781
2022-04-28 15:32:31,006 epoch 36 - iter 90/107 - loss 0.04898920 - samples/sec: 116.39 - lr: 0.000781
2022-04-28 15:32:33,696 epoch 36 - iter 100/107 - loss 0.04896708 - samples/sec: 119.00 - lr: 0.000781
2022-04-28 15:32:35,308 ----------------------------------------------------------------------------------------------------
2022-04-28 15:32:35,308 EPOCH 36 done: loss 0.0493 - lr 0.000781
2022-04-28 15:32:43,849 Evaluating as a multi-label problem: False
2022-04-28 15:32:43,860 DEV : loss 0.1942051351070404 - f1-score (micro avg)  0.5445
2022-04-28 15:32:43,950 BAD EPOCHS (no improvement): 1
2022-04-28 15:32:43,953 ----------------------------------------------------------------------------------------------------
2022-04-28 15:32:46,830 epoch 37 - iter 10/107 - loss 0.05151355 - samples/sec: 111.30 - lr: 0.000781
2022-04-28 15:32:49,789 epoch 37 - iter 20/107 - loss 0.05030129 - samples/sec: 108.17 - lr: 0.000781
2022-04-28 15:32:52,657 epoch 37 - iter 30/107 - loss 0.05020135 - samples/sec: 111.62 - lr: 0.000781
2022-04-28 15:32:55,370 epoch 37 - iter 40/107 - loss 0.04795999 - samples/sec: 118.00 - lr: 0.000781
2022-04-28 15:32:58,206 epoch 37 - iter 50/107 - loss 0.04724917 - samples/sec: 112.88 - lr: 0.000781
2022-04-28 15:33:01,081 epoch 37 - iter 60/107 - loss 0.04735095 - samples/sec: 111.35 - lr: 0.000781
2022-04-28 15:33:03,698 epoch 37 - iter 70/107 - loss 0.04701435 - samples/sec: 122.31 - lr: 0.000781
2022-04-28 15:33:06,214 epoch 37 - iter 80/107 - loss 0.04826400 - samples/sec: 127.27 - lr: 0.000781
2022-04-28 15:33:08,628 epoch 37 - iter 90/107 - loss 0.04842140 - samples/sec: 132.60 - lr: 0.000781
2022-04-28 15:33:11,168 epoch 37 - iter 100/107 - loss 0.04885229 - samples/sec: 126.03 - lr: 0.000781
2022-04-28 15:33:12,755 ----------------------------------------------------------------------------------------------------
2022-04-28 15:33:12,755 EPOCH 37 done: loss 0.0496 - lr 0.000781
2022-04-28 15:33:21,692 Evaluating as a multi-label problem: False
2022-04-28 15:33:21,703 DEV : loss 0.19370891153812408 - f1-score (micro avg)  0.5456
2022-04-28 15:33:21,789 BAD EPOCHS (no improvement): 2
2022-04-28 15:33:21,792 ----------------------------------------------------------------------------------------------------
2022-04-28 15:33:24,554 epoch 38 - iter 10/107 - loss 0.04400270 - samples/sec: 115.91 - lr: 0.000781
2022-04-28 15:33:27,139 epoch 38 - iter 20/107 - loss 0.05033735 - samples/sec: 123.87 - lr: 0.000781
2022-04-28 15:33:29,815 epoch 38 - iter 30/107 - loss 0.04878322 - samples/sec: 119.63 - lr: 0.000781
2022-04-28 15:33:32,255 epoch 38 - iter 40/107 - loss 0.04732498 - samples/sec: 131.17 - lr: 0.000781
2022-04-28 15:33:35,156 epoch 38 - iter 50/107 - loss 0.04533310 - samples/sec: 110.35 - lr: 0.000781
2022-04-28 15:33:38,037 epoch 38 - iter 60/107 - loss 0.04625776 - samples/sec: 111.14 - lr: 0.000781
2022-04-28 15:33:40,539 epoch 38 - iter 70/107 - loss 0.04697063 - samples/sec: 127.91 - lr: 0.000781
2022-04-28 15:33:43,165 epoch 38 - iter 80/107 - loss 0.04854316 - samples/sec: 121.92 - lr: 0.000781
2022-04-28 15:33:46,055 epoch 38 - iter 90/107 - loss 0.04961078 - samples/sec: 110.79 - lr: 0.000781
2022-04-28 15:33:49,065 epoch 38 - iter 100/107 - loss 0.04958591 - samples/sec: 106.34 - lr: 0.000781
2022-04-28 15:33:50,807 ----------------------------------------------------------------------------------------------------
2022-04-28 15:33:50,807 EPOCH 38 done: loss 0.0499 - lr 0.000781
2022-04-28 15:33:59,556 Evaluating as a multi-label problem: False
2022-04-28 15:33:59,567 DEV : loss 0.19390299916267395 - f1-score (micro avg)  0.5449
2022-04-28 15:33:59,655 BAD EPOCHS (no improvement): 3
2022-04-28 15:33:59,658 ----------------------------------------------------------------------------------------------------
2022-04-28 15:34:02,064 epoch 39 - iter 10/107 - loss 0.04354054 - samples/sec: 133.11 - lr: 0.000781
2022-04-28 15:34:04,435 epoch 39 - iter 20/107 - loss 0.04810819 - samples/sec: 134.99 - lr: 0.000781
2022-04-28 15:34:06,981 epoch 39 - iter 30/107 - loss 0.05017227 - samples/sec: 125.79 - lr: 0.000781
2022-04-28 15:34:09,429 epoch 39 - iter 40/107 - loss 0.05085841 - samples/sec: 130.76 - lr: 0.000781
2022-04-28 15:34:12,032 epoch 39 - iter 50/107 - loss 0.04985929 - samples/sec: 122.99 - lr: 0.000781
2022-04-28 15:34:14,723 epoch 39 - iter 60/107 - loss 0.04928082 - samples/sec: 118.98 - lr: 0.000781
2022-04-28 15:34:17,412 epoch 39 - iter 70/107 - loss 0.05086815 - samples/sec: 119.02 - lr: 0.000781
2022-04-28 15:34:20,249 epoch 39 - iter 80/107 - loss 0.04962980 - samples/sec: 112.83 - lr: 0.000781
2022-04-28 15:34:22,957 epoch 39 - iter 90/107 - loss 0.04930521 - samples/sec: 118.25 - lr: 0.000781
2022-04-28 15:34:25,772 epoch 39 - iter 100/107 - loss 0.04947678 - samples/sec: 113.70 - lr: 0.000781
2022-04-28 15:34:27,366 ----------------------------------------------------------------------------------------------------
2022-04-28 15:34:27,366 EPOCH 39 done: loss 0.0500 - lr 0.000781
2022-04-28 15:34:36,082 Evaluating as a multi-label problem: False
2022-04-28 15:34:36,093 DEV : loss 0.1936834454536438 - f1-score (micro avg)  0.5456
2022-04-28 15:34:36,181 Epoch    39: reducing learning rate of group 0 to 3.9063e-04.
2022-04-28 15:34:36,181 BAD EPOCHS (no improvement): 4
2022-04-28 15:34:36,183 ----------------------------------------------------------------------------------------------------
2022-04-28 15:34:38,925 epoch 40 - iter 10/107 - loss 0.04613143 - samples/sec: 116.76 - lr: 0.000391
2022-04-28 15:34:41,696 epoch 40 - iter 20/107 - loss 0.04709051 - samples/sec: 115.52 - lr: 0.000391
2022-04-28 15:34:44,561 epoch 40 - iter 30/107 - loss 0.04702471 - samples/sec: 111.74 - lr: 0.000391
2022-04-28 15:34:47,277 epoch 40 - iter 40/107 - loss 0.04773575 - samples/sec: 117.86 - lr: 0.000391
2022-04-28 15:34:50,092 epoch 40 - iter 50/107 - loss 0.04823167 - samples/sec: 113.71 - lr: 0.000391
2022-04-28 15:34:52,931 epoch 40 - iter 60/107 - loss 0.04941925 - samples/sec: 112.77 - lr: 0.000391
2022-04-28 15:34:55,813 epoch 40 - iter 70/107 - loss 0.04912855 - samples/sec: 111.10 - lr: 0.000391
2022-04-28 15:34:58,479 epoch 40 - iter 80/107 - loss 0.04856505 - samples/sec: 120.06 - lr: 0.000391
2022-04-28 15:35:00,919 epoch 40 - iter 90/107 - loss 0.04886870 - samples/sec: 131.22 - lr: 0.000391
2022-04-28 15:35:03,207 epoch 40 - iter 100/107 - loss 0.04911639 - samples/sec: 139.94 - lr: 0.000391
2022-04-28 15:35:04,595 ----------------------------------------------------------------------------------------------------
2022-04-28 15:35:04,595 EPOCH 40 done: loss 0.0495 - lr 0.000391
2022-04-28 15:35:12,670 Evaluating as a multi-label problem: False
2022-04-28 15:35:12,682 DEV : loss 0.19408655166625977 - f1-score (micro avg)  0.546
2022-04-28 15:35:12,767 BAD EPOCHS (no improvement): 1
2022-04-28 15:35:12,770 ----------------------------------------------------------------------------------------------------
2022-04-28 15:35:15,683 epoch 41 - iter 10/107 - loss 0.04757037 - samples/sec: 109.93 - lr: 0.000391
2022-04-28 15:35:18,357 epoch 41 - iter 20/107 - loss 0.05354354 - samples/sec: 119.72 - lr: 0.000391
2022-04-28 15:35:21,054 epoch 41 - iter 30/107 - loss 0.04854070 - samples/sec: 118.66 - lr: 0.000391
2022-04-28 15:35:23,851 epoch 41 - iter 40/107 - loss 0.04869334 - samples/sec: 114.46 - lr: 0.000391
2022-04-28 15:35:26,540 epoch 41 - iter 50/107 - loss 0.04941441 - samples/sec: 119.07 - lr: 0.000391
2022-04-28 15:35:29,293 epoch 41 - iter 60/107 - loss 0.05113016 - samples/sec: 116.27 - lr: 0.000391
2022-04-28 15:35:32,227 epoch 41 - iter 70/107 - loss 0.05065985 - samples/sec: 109.09 - lr: 0.000391
2022-04-28 15:35:35,200 epoch 41 - iter 80/107 - loss 0.05118291 - samples/sec: 107.69 - lr: 0.000391
2022-04-28 15:35:37,855 epoch 41 - iter 90/107 - loss 0.05107167 - samples/sec: 120.56 - lr: 0.000391
2022-04-28 15:35:40,787 epoch 41 - iter 100/107 - loss 0.05015036 - samples/sec: 109.17 - lr: 0.000391
2022-04-28 15:35:42,434 ----------------------------------------------------------------------------------------------------
2022-04-28 15:35:42,434 EPOCH 41 done: loss 0.0498 - lr 0.000391
2022-04-28 15:35:51,194 Evaluating as a multi-label problem: False
2022-04-28 15:35:51,206 DEV : loss 0.19428318738937378 - f1-score (micro avg)  0.546
2022-04-28 15:35:51,294 BAD EPOCHS (no improvement): 2
2022-04-28 15:35:51,296 ----------------------------------------------------------------------------------------------------
2022-04-28 15:35:53,975 epoch 42 - iter 10/107 - loss 0.05161260 - samples/sec: 119.52 - lr: 0.000391
2022-04-28 15:35:56,919 epoch 42 - iter 20/107 - loss 0.05314834 - samples/sec: 108.73 - lr: 0.000391
2022-04-28 15:35:59,543 epoch 42 - iter 30/107 - loss 0.05098251 - samples/sec: 122.02 - lr: 0.000391
2022-04-28 15:36:01,895 epoch 42 - iter 40/107 - loss 0.04731458 - samples/sec: 136.10 - lr: 0.000391
2022-04-28 15:36:04,439 epoch 42 - iter 50/107 - loss 0.04824994 - samples/sec: 125.84 - lr: 0.000391
2022-04-28 15:36:06,969 epoch 42 - iter 60/107 - loss 0.04801448 - samples/sec: 126.53 - lr: 0.000391
2022-04-28 15:36:09,615 epoch 42 - iter 70/107 - loss 0.04907587 - samples/sec: 121.01 - lr: 0.000391
2022-04-28 15:36:11,491 epoch 42 - iter 80/107 - loss 0.04949555 - samples/sec: 170.67 - lr: 0.000391
2022-04-28 15:36:13,263 epoch 42 - iter 90/107 - loss 0.05063515 - samples/sec: 180.67 - lr: 0.000391
2022-04-28 15:36:15,236 epoch 42 - iter 100/107 - loss 0.05023676 - samples/sec: 162.30 - lr: 0.000391
2022-04-28 15:36:16,416 ----------------------------------------------------------------------------------------------------
2022-04-28 15:36:16,416 EPOCH 42 done: loss 0.0501 - lr 0.000391
2022-04-28 15:36:22,853 Evaluating as a multi-label problem: False
2022-04-28 15:36:22,864 DEV : loss 0.19406801462173462 - f1-score (micro avg)  0.546
2022-04-28 15:36:22,949 BAD EPOCHS (no improvement): 3
2022-04-28 15:36:22,960 ----------------------------------------------------------------------------------------------------
2022-04-28 15:36:24,827 epoch 43 - iter 10/107 - loss 0.06177460 - samples/sec: 171.55 - lr: 0.000391
2022-04-28 15:36:26,648 epoch 43 - iter 20/107 - loss 0.05433966 - samples/sec: 175.86 - lr: 0.000391
2022-04-28 15:36:28,572 epoch 43 - iter 30/107 - loss 0.05098317 - samples/sec: 166.36 - lr: 0.000391
2022-04-28 15:36:30,365 epoch 43 - iter 40/107 - loss 0.05173836 - samples/sec: 178.60 - lr: 0.000391
2022-04-28 15:36:32,169 epoch 43 - iter 50/107 - loss 0.04905006 - samples/sec: 177.50 - lr: 0.000391
2022-04-28 15:36:34,044 epoch 43 - iter 60/107 - loss 0.04956649 - samples/sec: 170.69 - lr: 0.000391
2022-04-28 15:36:35,814 epoch 43 - iter 70/107 - loss 0.04922653 - samples/sec: 180.96 - lr: 0.000391
2022-04-28 15:36:37,638 epoch 43 - iter 80/107 - loss 0.04913386 - samples/sec: 175.50 - lr: 0.000391
2022-04-28 15:36:39,488 epoch 43 - iter 90/107 - loss 0.04829132 - samples/sec: 173.14 - lr: 0.000391
2022-04-28 15:36:41,437 epoch 43 - iter 100/107 - loss 0.04881585 - samples/sec: 164.23 - lr: 0.000391
2022-04-28 15:36:42,691 ----------------------------------------------------------------------------------------------------
2022-04-28 15:36:42,691 EPOCH 43 done: loss 0.0484 - lr 0.000391
2022-04-28 15:36:49,182 Evaluating as a multi-label problem: False
2022-04-28 15:36:49,194 DEV : loss 0.1943005472421646 - f1-score (micro avg)  0.546
2022-04-28 15:36:49,281 Epoch    43: reducing learning rate of group 0 to 1.9531e-04.
2022-04-28 15:36:49,281 BAD EPOCHS (no improvement): 4
2022-04-28 15:36:49,284 ----------------------------------------------------------------------------------------------------
2022-04-28 15:36:51,346 epoch 44 - iter 10/107 - loss 0.05644351 - samples/sec: 155.34 - lr: 0.000195
2022-04-28 15:36:53,326 epoch 44 - iter 20/107 - loss 0.04934406 - samples/sec: 161.69 - lr: 0.000195
2022-04-28 15:36:55,311 epoch 44 - iter 30/107 - loss 0.05190954 - samples/sec: 161.26 - lr: 0.000195
2022-04-28 15:36:57,342 epoch 44 - iter 40/107 - loss 0.05249746 - samples/sec: 157.65 - lr: 0.000195
2022-04-28 15:36:59,328 epoch 44 - iter 50/107 - loss 0.05084029 - samples/sec: 161.21 - lr: 0.000195
2022-04-28 15:37:01,337 epoch 44 - iter 60/107 - loss 0.05085400 - samples/sec: 159.37 - lr: 0.000195
2022-04-28 15:37:03,287 epoch 44 - iter 70/107 - loss 0.05035794 - samples/sec: 164.15 - lr: 0.000195
2022-04-28 15:37:05,301 epoch 44 - iter 80/107 - loss 0.05024270 - samples/sec: 158.99 - lr: 0.000195
2022-04-28 15:37:07,334 epoch 44 - iter 90/107 - loss 0.05088490 - samples/sec: 157.47 - lr: 0.000195
2022-04-28 15:37:09,373 epoch 44 - iter 100/107 - loss 0.05083315 - samples/sec: 157.03 - lr: 0.000195
2022-04-28 15:37:10,635 ----------------------------------------------------------------------------------------------------
2022-04-28 15:37:10,635 EPOCH 44 done: loss 0.0501 - lr 0.000195
2022-04-28 15:37:18,915 Evaluating as a multi-label problem: False
2022-04-28 15:37:18,926 DEV : loss 0.19466696679592133 - f1-score (micro avg)  0.546
2022-04-28 15:37:19,012 BAD EPOCHS (no improvement): 1
2022-04-28 15:37:19,016 ----------------------------------------------------------------------------------------------------
2022-04-28 15:37:21,849 epoch 45 - iter 10/107 - loss 0.05037880 - samples/sec: 113.00 - lr: 0.000195
2022-04-28 15:37:24,641 epoch 45 - iter 20/107 - loss 0.05014025 - samples/sec: 114.65 - lr: 0.000195
2022-04-28 15:37:27,408 epoch 45 - iter 30/107 - loss 0.04435032 - samples/sec: 115.71 - lr: 0.000195
2022-04-28 15:37:30,078 epoch 45 - iter 40/107 - loss 0.04969916 - samples/sec: 119.90 - lr: 0.000195
2022-04-28 15:37:32,874 epoch 45 - iter 50/107 - loss 0.04833053 - samples/sec: 114.49 - lr: 0.000195
2022-04-28 15:37:35,654 epoch 45 - iter 60/107 - loss 0.04847690 - samples/sec: 115.18 - lr: 0.000195
2022-04-28 15:37:38,414 epoch 45 - iter 70/107 - loss 0.04994315 - samples/sec: 115.96 - lr: 0.000195
2022-04-28 15:37:41,237 epoch 45 - iter 80/107 - loss 0.04896439 - samples/sec: 113.41 - lr: 0.000195
2022-04-28 15:37:43,794 epoch 45 - iter 90/107 - loss 0.04883434 - samples/sec: 125.19 - lr: 0.000195
2022-04-28 15:37:46,700 epoch 45 - iter 100/107 - loss 0.04860659 - samples/sec: 110.17 - lr: 0.000195
2022-04-28 15:37:48,412 ----------------------------------------------------------------------------------------------------
2022-04-28 15:37:48,412 EPOCH 45 done: loss 0.0487 - lr 0.000195
2022-04-28 15:37:57,178 Evaluating as a multi-label problem: False
2022-04-28 15:37:57,189 DEV : loss 0.19483476877212524 - f1-score (micro avg)  0.546
2022-04-28 15:37:57,275 BAD EPOCHS (no improvement): 2
2022-04-28 15:37:57,287 ----------------------------------------------------------------------------------------------------
2022-04-28 15:37:59,958 epoch 46 - iter 10/107 - loss 0.03906509 - samples/sec: 119.87 - lr: 0.000195
2022-04-28 15:38:02,482 epoch 46 - iter 20/107 - loss 0.04770470 - samples/sec: 126.84 - lr: 0.000195
2022-04-28 15:38:04,975 epoch 46 - iter 30/107 - loss 0.05315175 - samples/sec: 128.42 - lr: 0.000195
2022-04-28 15:38:07,467 epoch 46 - iter 40/107 - loss 0.05387180 - samples/sec: 128.47 - lr: 0.000195
2022-04-28 15:38:09,941 epoch 46 - iter 50/107 - loss 0.05122267 - samples/sec: 129.39 - lr: 0.000195
2022-04-28 15:38:12,419 epoch 46 - iter 60/107 - loss 0.05014604 - samples/sec: 129.18 - lr: 0.000195
2022-04-28 15:38:15,319 epoch 46 - iter 70/107 - loss 0.05008414 - samples/sec: 110.39 - lr: 0.000195
2022-04-28 15:38:18,151 epoch 46 - iter 80/107 - loss 0.04963050 - samples/sec: 113.05 - lr: 0.000195
2022-04-28 15:38:20,802 epoch 46 - iter 90/107 - loss 0.04897724 - samples/sec: 120.76 - lr: 0.000195
2022-04-28 15:38:23,559 epoch 46 - iter 100/107 - loss 0.04913490 - samples/sec: 116.12 - lr: 0.000195
2022-04-28 15:38:25,404 ----------------------------------------------------------------------------------------------------
2022-04-28 15:38:25,404 EPOCH 46 done: loss 0.0487 - lr 0.000195
2022-04-28 15:38:34,056 Evaluating as a multi-label problem: False
2022-04-28 15:38:34,068 DEV : loss 0.19454951584339142 - f1-score (micro avg)  0.546
2022-04-28 15:38:34,153 BAD EPOCHS (no improvement): 3
2022-04-28 15:38:34,156 ----------------------------------------------------------------------------------------------------
2022-04-28 15:38:36,858 epoch 47 - iter 10/107 - loss 0.04792918 - samples/sec: 118.49 - lr: 0.000195
2022-04-28 15:38:39,597 epoch 47 - iter 20/107 - loss 0.05211135 - samples/sec: 116.87 - lr: 0.000195
2022-04-28 15:38:42,240 epoch 47 - iter 30/107 - loss 0.05136513 - samples/sec: 121.12 - lr: 0.000195
2022-04-28 15:38:45,139 epoch 47 - iter 40/107 - loss 0.04909061 - samples/sec: 110.42 - lr: 0.000195
2022-04-28 15:38:48,009 epoch 47 - iter 50/107 - loss 0.05225112 - samples/sec: 111.56 - lr: 0.000195
2022-04-28 15:38:50,797 epoch 47 - iter 60/107 - loss 0.04986980 - samples/sec: 114.83 - lr: 0.000195
2022-04-28 15:38:53,601 epoch 47 - iter 70/107 - loss 0.05109872 - samples/sec: 114.13 - lr: 0.000195
2022-04-28 15:38:56,301 epoch 47 - iter 80/107 - loss 0.05096297 - samples/sec: 118.60 - lr: 0.000195
2022-04-28 15:38:58,967 epoch 47 - iter 90/107 - loss 0.05004805 - samples/sec: 120.08 - lr: 0.000195
2022-04-28 15:39:01,328 epoch 47 - iter 100/107 - loss 0.04927550 - samples/sec: 135.56 - lr: 0.000195
2022-04-28 15:39:02,920 ----------------------------------------------------------------------------------------------------
2022-04-28 15:39:02,921 EPOCH 47 done: loss 0.0494 - lr 0.000195
2022-04-28 15:39:11,318 Evaluating as a multi-label problem: False
2022-04-28 15:39:11,329 DEV : loss 0.19430159032344818 - f1-score (micro avg)  0.546
2022-04-28 15:39:11,416 Epoch    47: reducing learning rate of group 0 to 9.7656e-05.
2022-04-28 15:39:11,416 BAD EPOCHS (no improvement): 4
2022-04-28 15:39:11,419 ----------------------------------------------------------------------------------------------------
2022-04-28 15:39:11,419 ----------------------------------------------------------------------------------------------------
2022-04-28 15:39:11,419 learning rate too small - quitting training!
2022-04-28 15:39:11,419 ----------------------------------------------------------------------------------------------------
2022-04-28 15:39:50,153 ----------------------------------------------------------------------------------------------------
2022-04-28 15:39:50,154 loading file resources/taggers/model_07_r5_run_1/best-model.pt
2022-04-28 15:40:23,206 SequenceTagger predicts: Dictionary with 27 tags: O, S-person, B-person, E-person, I-person, S-location, B-location, E-location, I-location, S-group, B-group, E-group, I-group, S-corporation, B-corporation, E-corporation, I-corporation, S-product, B-product, E-product, I-product, S-creative-work, B-creative-work, E-creative-work, I-creative-work, <START>, <STOP>
2022-04-28 15:40:44,080 Evaluating as a multi-label problem: False
2022-04-28 15:40:44,094 0.5758	0.3522	0.437	0.2997
2022-04-28 15:40:44,094 
Results:
- F-score (micro) 0.437
- F-score (macro) 0.2923
- Accuracy 0.2997

By class:
               precision    recall  f1-score   support

       person     0.6463    0.5664    0.6037       429
     location     0.6111    0.5867    0.5986       150
        group     0.5000    0.1697    0.2534       165
creative-work     0.2766    0.0915    0.1376       142
      product     0.1667    0.0157    0.0288       127
  corporation     0.2400    0.0909    0.1319        66

    micro avg     0.5758    0.3522    0.4370      1079
    macro avg     0.4068    0.2535    0.2923      1079
 weighted avg     0.4891    0.3522    0.3916      1079

2022-04-28 15:40:44,094 ----------------------------------------------------------------------------------------------------
