2022-03-27 22:54:13,829 ----------------------------------------------------------------------------------------------------
2022-03-27 22:54:13,829 Model: "SequenceTagger(
  (embeddings): StackedEmbeddings(
    (list_embedding_0): GazetteerEmbeddings()
    (list_embedding_1): FlairEmbeddings(
      (lm): LanguageModel(
        (drop): Dropout(p=0.05, inplace=False)
        (encoder): Embedding(300, 100)
        (rnn): LSTM(100, 2048)
        (decoder): Linear(in_features=2048, out_features=300, bias=True)
      )
    )
    (list_embedding_2): FlairEmbeddings(
      (lm): LanguageModel(
        (drop): Dropout(p=0.05, inplace=False)
        (encoder): Embedding(300, 100)
        (rnn): LSTM(100, 2048)
        (decoder): Linear(in_features=2048, out_features=300, bias=True)
      )
    )
  )
  (word_dropout): WordDropout(p=0.05)
  (locked_dropout): LockedDropout(p=0.5)
  (embedding2nn): Linear(in_features=4262, out_features=4262, bias=True)
  (rnn): LSTM(4262, 256, batch_first=True, bidirectional=True)
  (linear): Linear(in_features=512, out_features=27, bias=True)
  (loss_function): ViterbiLoss()
  (crf): CRF()
)"
2022-03-27 22:54:13,831 ----------------------------------------------------------------------------------------------------
2022-03-27 22:54:13,831 Corpus: "Corpus: 3394 train + 1009 dev + 1287 test sentences"
2022-03-27 22:54:13,831 ----------------------------------------------------------------------------------------------------
2022-03-27 22:54:13,832 Parameters:
2022-03-27 22:54:13,832  - learning_rate: "0.100000"
2022-03-27 22:54:13,832  - mini_batch_size: "32"
2022-03-27 22:54:13,832  - patience: "3"
2022-03-27 22:54:13,832  - anneal_factor: "0.5"
2022-03-27 22:54:13,832  - max_epochs: "150"
2022-03-27 22:54:13,832  - shuffle: "True"
2022-03-27 22:54:13,833  - train_with_dev: "False"
2022-03-27 22:54:13,833  - batch_growth_annealing: "False"
2022-03-27 22:54:13,834 ----------------------------------------------------------------------------------------------------
2022-03-27 22:54:13,834 Model training base path: "resources/taggers/model_04_r5_run_1"
2022-03-27 22:54:13,834 ----------------------------------------------------------------------------------------------------
2022-03-27 22:54:13,834 Device: cuda:1
2022-03-27 22:54:13,834 ----------------------------------------------------------------------------------------------------
2022-03-27 22:54:13,834 Embeddings storage mode: cpu
2022-03-27 22:54:13,834 ----------------------------------------------------------------------------------------------------
2022-03-27 22:54:18,547 epoch 1 - iter 10/107 - loss 0.95029604 - samples/sec: 67.91 - lr: 0.100000
2022-03-27 22:54:23,599 epoch 1 - iter 20/107 - loss 0.61421893 - samples/sec: 63.37 - lr: 0.100000
2022-03-27 22:54:28,635 epoch 1 - iter 30/107 - loss 0.50454546 - samples/sec: 63.55 - lr: 0.100000
2022-03-27 22:54:33,673 epoch 1 - iter 40/107 - loss 0.44287675 - samples/sec: 63.53 - lr: 0.100000
2022-03-27 22:54:38,719 epoch 1 - iter 50/107 - loss 0.39745888 - samples/sec: 63.44 - lr: 0.100000
2022-03-27 22:54:43,863 epoch 1 - iter 60/107 - loss 0.37701115 - samples/sec: 62.21 - lr: 0.100000
2022-03-27 22:54:48,857 epoch 1 - iter 70/107 - loss 0.36331604 - samples/sec: 64.10 - lr: 0.100000
2022-03-27 22:54:53,728 epoch 1 - iter 80/107 - loss 0.35569812 - samples/sec: 65.71 - lr: 0.100000
2022-03-27 22:54:58,540 epoch 1 - iter 90/107 - loss 0.34866428 - samples/sec: 66.52 - lr: 0.100000
2022-03-27 22:55:03,183 epoch 1 - iter 100/107 - loss 0.34256826 - samples/sec: 68.94 - lr: 0.100000
2022-03-27 22:55:05,889 ----------------------------------------------------------------------------------------------------
2022-03-27 22:55:05,889 EPOCH 1 done: loss 0.3363 - lr 0.100000
2022-03-27 22:55:20,929 Evaluating as a multi-label problem: False
2022-03-27 22:55:20,941 DEV : loss 0.43398746848106384 - f1-score (micro avg)  0.0722
2022-03-27 22:55:21,012 BAD EPOCHS (no improvement): 0
2022-03-27 22:55:21,015 saving best model
2022-03-27 22:55:43,952 ----------------------------------------------------------------------------------------------------
2022-03-27 22:55:50,624 epoch 2 - iter 10/107 - loss 0.22576854 - samples/sec: 47.98 - lr: 0.100000
2022-03-27 22:55:52,689 epoch 2 - iter 20/107 - loss 0.22330323 - samples/sec: 155.06 - lr: 0.100000
2022-03-27 22:55:54,696 epoch 2 - iter 30/107 - loss 0.21192694 - samples/sec: 159.54 - lr: 0.100000
2022-03-27 22:55:56,840 epoch 2 - iter 40/107 - loss 0.20960368 - samples/sec: 149.38 - lr: 0.100000
2022-03-27 22:55:59,313 epoch 2 - iter 50/107 - loss 0.20817895 - samples/sec: 129.45 - lr: 0.100000
2022-03-27 22:56:02,027 epoch 2 - iter 60/107 - loss 0.20372582 - samples/sec: 117.95 - lr: 0.100000
2022-03-27 22:56:04,845 epoch 2 - iter 70/107 - loss 0.20146406 - samples/sec: 113.60 - lr: 0.100000
2022-03-27 22:56:07,602 epoch 2 - iter 80/107 - loss 0.19801481 - samples/sec: 116.13 - lr: 0.100000
2022-03-27 22:56:10,392 epoch 2 - iter 90/107 - loss 0.19578672 - samples/sec: 114.76 - lr: 0.100000
2022-03-27 22:56:13,120 epoch 2 - iter 100/107 - loss 0.19256241 - samples/sec: 117.35 - lr: 0.100000
2022-03-27 22:56:14,830 ----------------------------------------------------------------------------------------------------
2022-03-27 22:56:14,830 EPOCH 2 done: loss 0.1914 - lr 0.100000
2022-03-27 22:56:22,960 Evaluating as a multi-label problem: False
2022-03-27 22:56:22,971 DEV : loss 0.2695735692977905 - f1-score (micro avg)  0.3766
2022-03-27 22:56:23,042 BAD EPOCHS (no improvement): 0
2022-03-27 22:56:23,045 saving best model
2022-03-27 22:56:45,770 ----------------------------------------------------------------------------------------------------
2022-03-27 22:56:47,628 epoch 3 - iter 10/107 - loss 0.13686688 - samples/sec: 172.37 - lr: 0.100000
2022-03-27 22:56:49,265 epoch 3 - iter 20/107 - loss 0.15089786 - samples/sec: 195.69 - lr: 0.100000
2022-03-27 22:56:50,922 epoch 3 - iter 30/107 - loss 0.15599004 - samples/sec: 193.23 - lr: 0.100000
2022-03-27 22:56:52,569 epoch 3 - iter 40/107 - loss 0.15601139 - samples/sec: 194.37 - lr: 0.100000
2022-03-27 22:56:54,169 epoch 3 - iter 50/107 - loss 0.15068810 - samples/sec: 200.17 - lr: 0.100000
2022-03-27 22:56:55,809 epoch 3 - iter 60/107 - loss 0.15154727 - samples/sec: 195.19 - lr: 0.100000
2022-03-27 22:56:57,379 epoch 3 - iter 70/107 - loss 0.15498885 - samples/sec: 203.93 - lr: 0.100000
2022-03-27 22:56:58,968 epoch 3 - iter 80/107 - loss 0.15563790 - samples/sec: 201.52 - lr: 0.100000
2022-03-27 22:57:00,588 epoch 3 - iter 90/107 - loss 0.15333460 - samples/sec: 197.66 - lr: 0.100000
2022-03-27 22:57:02,203 epoch 3 - iter 100/107 - loss 0.15496893 - samples/sec: 198.23 - lr: 0.100000
2022-03-27 22:57:03,280 ----------------------------------------------------------------------------------------------------
2022-03-27 22:57:03,280 EPOCH 3 done: loss 0.1554 - lr 0.100000
2022-03-27 22:57:08,960 Evaluating as a multi-label problem: False
2022-03-27 22:57:08,970 DEV : loss 0.28231364488601685 - f1-score (micro avg)  0.3921
2022-03-27 22:57:09,041 BAD EPOCHS (no improvement): 0
2022-03-27 22:57:09,045 saving best model
2022-03-27 22:57:31,877 ----------------------------------------------------------------------------------------------------
2022-03-27 22:57:36,537 epoch 4 - iter 10/107 - loss 0.14350185 - samples/sec: 68.71 - lr: 0.100000
2022-03-27 22:57:39,304 epoch 4 - iter 20/107 - loss 0.13782338 - samples/sec: 115.67 - lr: 0.100000
2022-03-27 22:57:41,938 epoch 4 - iter 30/107 - loss 0.13075337 - samples/sec: 121.60 - lr: 0.100000
2022-03-27 22:57:44,522 epoch 4 - iter 40/107 - loss 0.13821719 - samples/sec: 123.91 - lr: 0.100000
2022-03-27 22:57:47,245 epoch 4 - iter 50/107 - loss 0.13900043 - samples/sec: 117.54 - lr: 0.100000
2022-03-27 22:57:49,623 epoch 4 - iter 60/107 - loss 0.13738306 - samples/sec: 134.66 - lr: 0.100000
2022-03-27 22:57:51,953 epoch 4 - iter 70/107 - loss 0.13526438 - samples/sec: 137.38 - lr: 0.100000
2022-03-27 22:57:54,480 epoch 4 - iter 80/107 - loss 0.13504253 - samples/sec: 126.72 - lr: 0.100000
2022-03-27 22:57:56,832 epoch 4 - iter 90/107 - loss 0.13594610 - samples/sec: 136.12 - lr: 0.100000
2022-03-27 22:57:59,464 epoch 4 - iter 100/107 - loss 0.13864689 - samples/sec: 121.63 - lr: 0.100000
2022-03-27 22:58:00,949 ----------------------------------------------------------------------------------------------------
2022-03-27 22:58:00,949 EPOCH 4 done: loss 0.1367 - lr 0.100000
2022-03-27 22:58:08,623 Evaluating as a multi-label problem: False
2022-03-27 22:58:08,635 DEV : loss 0.2603013515472412 - f1-score (micro avg)  0.4311
2022-03-27 22:58:08,707 BAD EPOCHS (no improvement): 0
2022-03-27 22:58:08,710 saving best model
2022-03-27 22:58:31,500 ----------------------------------------------------------------------------------------------------
2022-03-27 22:58:33,416 epoch 5 - iter 10/107 - loss 0.12131823 - samples/sec: 167.24 - lr: 0.100000
2022-03-27 22:58:35,162 epoch 5 - iter 20/107 - loss 0.12407548 - samples/sec: 183.71 - lr: 0.100000
2022-03-27 22:58:36,919 epoch 5 - iter 30/107 - loss 0.11908056 - samples/sec: 182.52 - lr: 0.100000
2022-03-27 22:58:38,667 epoch 5 - iter 40/107 - loss 0.11895768 - samples/sec: 183.17 - lr: 0.100000
2022-03-27 22:58:40,390 epoch 5 - iter 50/107 - loss 0.11986793 - samples/sec: 185.92 - lr: 0.100000
2022-03-27 22:58:42,084 epoch 5 - iter 60/107 - loss 0.12240324 - samples/sec: 188.99 - lr: 0.100000
2022-03-27 22:58:43,802 epoch 5 - iter 70/107 - loss 0.12533070 - samples/sec: 186.44 - lr: 0.100000
2022-03-27 22:58:45,519 epoch 5 - iter 80/107 - loss 0.12484094 - samples/sec: 186.44 - lr: 0.100000
2022-03-27 22:58:47,302 epoch 5 - iter 90/107 - loss 0.12461313 - samples/sec: 179.65 - lr: 0.100000
2022-03-27 22:58:49,081 epoch 5 - iter 100/107 - loss 0.12505266 - samples/sec: 179.96 - lr: 0.100000
2022-03-27 22:58:50,167 ----------------------------------------------------------------------------------------------------
2022-03-27 22:58:50,167 EPOCH 5 done: loss 0.1257 - lr 0.100000
2022-03-27 22:58:55,873 Evaluating as a multi-label problem: False
2022-03-27 22:58:55,884 DEV : loss 0.21612252295017242 - f1-score (micro avg)  0.4492
2022-03-27 22:58:55,957 BAD EPOCHS (no improvement): 0
2022-03-27 22:58:55,960 saving best model
2022-03-27 22:59:19,414 ----------------------------------------------------------------------------------------------------
2022-03-27 22:59:22,009 epoch 6 - iter 10/107 - loss 0.11030845 - samples/sec: 123.38 - lr: 0.100000
2022-03-27 22:59:24,538 epoch 6 - iter 20/107 - loss 0.12286330 - samples/sec: 126.60 - lr: 0.100000
2022-03-27 22:59:27,218 epoch 6 - iter 30/107 - loss 0.12593663 - samples/sec: 119.45 - lr: 0.100000
2022-03-27 22:59:29,494 epoch 6 - iter 40/107 - loss 0.12272127 - samples/sec: 140.69 - lr: 0.100000
2022-03-27 22:59:32,075 epoch 6 - iter 50/107 - loss 0.12215380 - samples/sec: 124.04 - lr: 0.100000
2022-03-27 22:59:34,468 epoch 6 - iter 60/107 - loss 0.12051624 - samples/sec: 133.75 - lr: 0.100000
2022-03-27 22:59:36,940 epoch 6 - iter 70/107 - loss 0.12117618 - samples/sec: 129.49 - lr: 0.100000
2022-03-27 22:59:39,138 epoch 6 - iter 80/107 - loss 0.12076943 - samples/sec: 145.71 - lr: 0.100000
2022-03-27 22:59:41,269 epoch 6 - iter 90/107 - loss 0.11960544 - samples/sec: 150.19 - lr: 0.100000
2022-03-27 22:59:43,681 epoch 6 - iter 100/107 - loss 0.11883364 - samples/sec: 132.74 - lr: 0.100000
2022-03-27 22:59:45,051 ----------------------------------------------------------------------------------------------------
2022-03-27 22:59:45,051 EPOCH 6 done: loss 0.1174 - lr 0.100000
2022-03-27 22:59:52,331 Evaluating as a multi-label problem: False
2022-03-27 22:59:52,341 DEV : loss 0.22622697055339813 - f1-score (micro avg)  0.4452
2022-03-27 22:59:52,412 BAD EPOCHS (no improvement): 1
2022-03-27 22:59:52,415 ----------------------------------------------------------------------------------------------------
2022-03-27 22:59:54,731 epoch 7 - iter 10/107 - loss 0.10211383 - samples/sec: 138.24 - lr: 0.100000
2022-03-27 22:59:57,090 epoch 7 - iter 20/107 - loss 0.11319761 - samples/sec: 135.71 - lr: 0.100000
2022-03-27 22:59:59,594 epoch 7 - iter 30/107 - loss 0.11048153 - samples/sec: 127.84 - lr: 0.100000
2022-03-27 23:00:02,094 epoch 7 - iter 40/107 - loss 0.10682652 - samples/sec: 128.02 - lr: 0.100000
2022-03-27 23:00:04,616 epoch 7 - iter 50/107 - loss 0.10760336 - samples/sec: 126.96 - lr: 0.100000
2022-03-27 23:00:07,128 epoch 7 - iter 60/107 - loss 0.11164385 - samples/sec: 127.43 - lr: 0.100000
2022-03-27 23:00:09,629 epoch 7 - iter 70/107 - loss 0.10898934 - samples/sec: 128.00 - lr: 0.100000
2022-03-27 23:00:12,217 epoch 7 - iter 80/107 - loss 0.10912983 - samples/sec: 123.72 - lr: 0.100000
2022-03-27 23:00:14,795 epoch 7 - iter 90/107 - loss 0.11035062 - samples/sec: 124.16 - lr: 0.100000
2022-03-27 23:00:17,339 epoch 7 - iter 100/107 - loss 0.11049629 - samples/sec: 125.88 - lr: 0.100000
2022-03-27 23:00:18,763 ----------------------------------------------------------------------------------------------------
2022-03-27 23:00:18,763 EPOCH 7 done: loss 0.1108 - lr 0.100000
2022-03-27 23:00:25,887 Evaluating as a multi-label problem: False
2022-03-27 23:00:25,899 DEV : loss 0.2044735848903656 - f1-score (micro avg)  0.5336
2022-03-27 23:00:25,972 BAD EPOCHS (no improvement): 0
2022-03-27 23:00:25,974 saving best model
2022-03-27 23:00:50,573 ----------------------------------------------------------------------------------------------------
2022-03-27 23:00:53,218 epoch 8 - iter 10/107 - loss 0.10060397 - samples/sec: 121.08 - lr: 0.100000
2022-03-27 23:00:55,612 epoch 8 - iter 20/107 - loss 0.09102978 - samples/sec: 133.68 - lr: 0.100000
2022-03-27 23:00:58,088 epoch 8 - iter 30/107 - loss 0.08947296 - samples/sec: 129.32 - lr: 0.100000
2022-03-27 23:01:00,356 epoch 8 - iter 40/107 - loss 0.09506792 - samples/sec: 141.16 - lr: 0.100000
2022-03-27 23:01:02,607 epoch 8 - iter 50/107 - loss 0.09487654 - samples/sec: 142.21 - lr: 0.100000
2022-03-27 23:01:04,747 epoch 8 - iter 60/107 - loss 0.09650143 - samples/sec: 149.62 - lr: 0.100000
2022-03-27 23:01:07,065 epoch 8 - iter 70/107 - loss 0.10040342 - samples/sec: 138.13 - lr: 0.100000
2022-03-27 23:01:09,262 epoch 8 - iter 80/107 - loss 0.10225714 - samples/sec: 145.73 - lr: 0.100000
2022-03-27 23:01:11,511 epoch 8 - iter 90/107 - loss 0.10343675 - samples/sec: 142.36 - lr: 0.100000
2022-03-27 23:01:13,952 epoch 8 - iter 100/107 - loss 0.10225311 - samples/sec: 131.11 - lr: 0.100000
2022-03-27 23:01:15,309 ----------------------------------------------------------------------------------------------------
2022-03-27 23:01:15,309 EPOCH 8 done: loss 0.1012 - lr 0.100000
2022-03-27 23:01:23,083 Evaluating as a multi-label problem: False
2022-03-27 23:01:23,093 DEV : loss 0.21894504129886627 - f1-score (micro avg)  0.465
2022-03-27 23:01:23,166 BAD EPOCHS (no improvement): 1
2022-03-27 23:01:23,170 ----------------------------------------------------------------------------------------------------
2022-03-27 23:01:25,603 epoch 9 - iter 10/107 - loss 0.07769435 - samples/sec: 131.59 - lr: 0.100000
2022-03-27 23:01:27,898 epoch 9 - iter 20/107 - loss 0.08871220 - samples/sec: 139.46 - lr: 0.100000
2022-03-27 23:01:30,397 epoch 9 - iter 30/107 - loss 0.09825756 - samples/sec: 128.10 - lr: 0.100000
2022-03-27 23:01:32,812 epoch 9 - iter 40/107 - loss 0.09392603 - samples/sec: 132.61 - lr: 0.100000
2022-03-27 23:01:35,231 epoch 9 - iter 50/107 - loss 0.09038151 - samples/sec: 132.31 - lr: 0.100000
2022-03-27 23:01:37,722 epoch 9 - iter 60/107 - loss 0.09200589 - samples/sec: 128.51 - lr: 0.100000
2022-03-27 23:01:40,158 epoch 9 - iter 70/107 - loss 0.09189745 - samples/sec: 131.42 - lr: 0.100000
2022-03-27 23:01:42,501 epoch 9 - iter 80/107 - loss 0.09343438 - samples/sec: 136.62 - lr: 0.100000
2022-03-27 23:01:45,017 epoch 9 - iter 90/107 - loss 0.09361653 - samples/sec: 127.25 - lr: 0.100000
2022-03-27 23:01:47,385 epoch 9 - iter 100/107 - loss 0.09353214 - samples/sec: 135.18 - lr: 0.100000
2022-03-27 23:01:48,779 ----------------------------------------------------------------------------------------------------
2022-03-27 23:01:48,779 EPOCH 9 done: loss 0.0944 - lr 0.100000
2022-03-27 23:01:55,627 Evaluating as a multi-label problem: False
2022-03-27 23:01:55,638 DEV : loss 0.20688815414905548 - f1-score (micro avg)  0.4536
2022-03-27 23:01:55,711 BAD EPOCHS (no improvement): 2
2022-03-27 23:01:55,714 ----------------------------------------------------------------------------------------------------
2022-03-27 23:01:58,157 epoch 10 - iter 10/107 - loss 0.08419200 - samples/sec: 131.05 - lr: 0.100000
2022-03-27 23:02:00,541 epoch 10 - iter 20/107 - loss 0.08674578 - samples/sec: 134.32 - lr: 0.100000
2022-03-27 23:02:03,133 epoch 10 - iter 30/107 - loss 0.09140578 - samples/sec: 123.51 - lr: 0.100000
2022-03-27 23:02:05,614 epoch 10 - iter 40/107 - loss 0.09159828 - samples/sec: 129.05 - lr: 0.100000
2022-03-27 23:02:08,056 epoch 10 - iter 50/107 - loss 0.09403707 - samples/sec: 131.08 - lr: 0.100000
2022-03-27 23:02:10,454 epoch 10 - iter 60/107 - loss 0.09129934 - samples/sec: 133.50 - lr: 0.100000
2022-03-27 23:02:12,963 epoch 10 - iter 70/107 - loss 0.09166834 - samples/sec: 127.62 - lr: 0.100000
2022-03-27 23:02:15,332 epoch 10 - iter 80/107 - loss 0.09300350 - samples/sec: 135.12 - lr: 0.100000
2022-03-27 23:02:17,882 epoch 10 - iter 90/107 - loss 0.09196176 - samples/sec: 125.53 - lr: 0.100000
2022-03-27 23:02:20,238 epoch 10 - iter 100/107 - loss 0.09118620 - samples/sec: 135.89 - lr: 0.100000
2022-03-27 23:02:21,726 ----------------------------------------------------------------------------------------------------
2022-03-27 23:02:21,726 EPOCH 10 done: loss 0.0922 - lr 0.100000
2022-03-27 23:02:29,390 Evaluating as a multi-label problem: False
2022-03-27 23:02:29,402 DEV : loss 0.217008575797081 - f1-score (micro avg)  0.4579
2022-03-27 23:02:29,474 BAD EPOCHS (no improvement): 3
2022-03-27 23:02:29,477 ----------------------------------------------------------------------------------------------------
2022-03-27 23:02:31,957 epoch 11 - iter 10/107 - loss 0.08571798 - samples/sec: 129.05 - lr: 0.100000
2022-03-27 23:02:34,348 epoch 11 - iter 20/107 - loss 0.08546967 - samples/sec: 133.91 - lr: 0.100000
2022-03-27 23:02:36,630 epoch 11 - iter 30/107 - loss 0.08664842 - samples/sec: 140.28 - lr: 0.100000
2022-03-27 23:02:38,861 epoch 11 - iter 40/107 - loss 0.08776188 - samples/sec: 143.49 - lr: 0.100000
2022-03-27 23:02:41,045 epoch 11 - iter 50/107 - loss 0.08670419 - samples/sec: 146.59 - lr: 0.100000
2022-03-27 23:02:43,374 epoch 11 - iter 60/107 - loss 0.08538191 - samples/sec: 137.47 - lr: 0.100000
2022-03-27 23:02:45,123 epoch 11 - iter 70/107 - loss 0.08532787 - samples/sec: 183.04 - lr: 0.100000
2022-03-27 23:02:46,678 epoch 11 - iter 80/107 - loss 0.08792932 - samples/sec: 206.04 - lr: 0.100000
2022-03-27 23:02:48,262 epoch 11 - iter 90/107 - loss 0.08689364 - samples/sec: 202.07 - lr: 0.100000
2022-03-27 23:02:49,866 epoch 11 - iter 100/107 - loss 0.08631032 - samples/sec: 199.68 - lr: 0.100000
2022-03-27 23:02:50,864 ----------------------------------------------------------------------------------------------------
2022-03-27 23:02:50,865 EPOCH 11 done: loss 0.0853 - lr 0.100000
2022-03-27 23:02:56,483 Evaluating as a multi-label problem: False
2022-03-27 23:02:56,494 DEV : loss 0.20885227620601654 - f1-score (micro avg)  0.4926
2022-03-27 23:02:56,565 Epoch    11: reducing learning rate of group 0 to 5.0000e-02.
2022-03-27 23:02:56,565 BAD EPOCHS (no improvement): 4
2022-03-27 23:02:56,568 ----------------------------------------------------------------------------------------------------
2022-03-27 23:02:58,178 epoch 12 - iter 10/107 - loss 0.08298235 - samples/sec: 198.91 - lr: 0.050000
2022-03-27 23:02:59,877 epoch 12 - iter 20/107 - loss 0.07426970 - samples/sec: 188.51 - lr: 0.050000
2022-03-27 23:03:01,580 epoch 12 - iter 30/107 - loss 0.07342963 - samples/sec: 187.92 - lr: 0.050000
2022-03-27 23:03:03,294 epoch 12 - iter 40/107 - loss 0.07490498 - samples/sec: 186.90 - lr: 0.050000
2022-03-27 23:03:04,895 epoch 12 - iter 50/107 - loss 0.07507000 - samples/sec: 199.90 - lr: 0.050000
2022-03-27 23:03:06,524 epoch 12 - iter 60/107 - loss 0.07404564 - samples/sec: 196.54 - lr: 0.050000
2022-03-27 23:03:08,143 epoch 12 - iter 70/107 - loss 0.07471687 - samples/sec: 197.79 - lr: 0.050000
2022-03-27 23:03:09,737 epoch 12 - iter 80/107 - loss 0.07277031 - samples/sec: 200.86 - lr: 0.050000
2022-03-27 23:03:11,410 epoch 12 - iter 90/107 - loss 0.07380188 - samples/sec: 191.44 - lr: 0.050000
2022-03-27 23:03:13,042 epoch 12 - iter 100/107 - loss 0.07483796 - samples/sec: 196.13 - lr: 0.050000
2022-03-27 23:03:14,090 ----------------------------------------------------------------------------------------------------
2022-03-27 23:03:14,091 EPOCH 12 done: loss 0.0747 - lr 0.050000
2022-03-27 23:03:20,299 Evaluating as a multi-label problem: False
2022-03-27 23:03:20,310 DEV : loss 0.19983038306236267 - f1-score (micro avg)  0.4825
2022-03-27 23:03:20,383 BAD EPOCHS (no improvement): 1
2022-03-27 23:03:20,609 ----------------------------------------------------------------------------------------------------
2022-03-27 23:03:23,008 epoch 13 - iter 10/107 - loss 0.06757140 - samples/sec: 133.47 - lr: 0.050000
2022-03-27 23:03:25,576 epoch 13 - iter 20/107 - loss 0.07465656 - samples/sec: 124.69 - lr: 0.050000
2022-03-27 23:03:28,017 epoch 13 - iter 30/107 - loss 0.07178690 - samples/sec: 131.14 - lr: 0.050000
2022-03-27 23:03:30,542 epoch 13 - iter 40/107 - loss 0.07040133 - samples/sec: 126.79 - lr: 0.050000
2022-03-27 23:03:32,969 epoch 13 - iter 50/107 - loss 0.06876216 - samples/sec: 131.90 - lr: 0.050000
2022-03-27 23:03:35,182 epoch 13 - iter 60/107 - loss 0.07039812 - samples/sec: 144.63 - lr: 0.050000
2022-03-27 23:03:37,691 epoch 13 - iter 70/107 - loss 0.07076198 - samples/sec: 127.58 - lr: 0.050000
2022-03-27 23:03:40,374 epoch 13 - iter 80/107 - loss 0.07138989 - samples/sec: 119.33 - lr: 0.050000
2022-03-27 23:03:42,823 epoch 13 - iter 90/107 - loss 0.07254044 - samples/sec: 130.72 - lr: 0.050000
2022-03-27 23:03:45,239 epoch 13 - iter 100/107 - loss 0.07225425 - samples/sec: 132.52 - lr: 0.050000
2022-03-27 23:03:46,756 ----------------------------------------------------------------------------------------------------
2022-03-27 23:03:46,756 EPOCH 13 done: loss 0.0725 - lr 0.050000
2022-03-27 23:03:54,491 Evaluating as a multi-label problem: False
2022-03-27 23:03:54,502 DEV : loss 0.19616827368736267 - f1-score (micro avg)  0.5144
2022-03-27 23:03:54,574 BAD EPOCHS (no improvement): 2
2022-03-27 23:03:54,578 ----------------------------------------------------------------------------------------------------
2022-03-27 23:03:56,940 epoch 14 - iter 10/107 - loss 0.07817755 - samples/sec: 135.54 - lr: 0.050000
2022-03-27 23:03:59,347 epoch 14 - iter 20/107 - loss 0.07585899 - samples/sec: 133.03 - lr: 0.050000
2022-03-27 23:04:01,611 epoch 14 - iter 30/107 - loss 0.06862598 - samples/sec: 141.36 - lr: 0.050000
2022-03-27 23:04:03,754 epoch 14 - iter 40/107 - loss 0.06943757 - samples/sec: 149.38 - lr: 0.050000
2022-03-27 23:04:05,888 epoch 14 - iter 50/107 - loss 0.06704034 - samples/sec: 150.04 - lr: 0.050000
2022-03-27 23:04:08,218 epoch 14 - iter 60/107 - loss 0.06626502 - samples/sec: 137.43 - lr: 0.050000
2022-03-27 23:04:10,509 epoch 14 - iter 70/107 - loss 0.06611465 - samples/sec: 139.74 - lr: 0.050000
2022-03-27 23:04:12,846 epoch 14 - iter 80/107 - loss 0.06649119 - samples/sec: 136.97 - lr: 0.050000
2022-03-27 23:04:15,298 epoch 14 - iter 90/107 - loss 0.06790414 - samples/sec: 130.57 - lr: 0.050000
2022-03-27 23:04:17,694 epoch 14 - iter 100/107 - loss 0.07000932 - samples/sec: 133.62 - lr: 0.050000
2022-03-27 23:04:19,216 ----------------------------------------------------------------------------------------------------
2022-03-27 23:04:19,216 EPOCH 14 done: loss 0.0702 - lr 0.050000
2022-03-27 23:04:27,376 Evaluating as a multi-label problem: False
2022-03-27 23:04:27,387 DEV : loss 0.21504850685596466 - f1-score (micro avg)  0.4851
2022-03-27 23:04:27,459 BAD EPOCHS (no improvement): 3
2022-03-27 23:04:27,461 ----------------------------------------------------------------------------------------------------
2022-03-27 23:04:29,959 epoch 15 - iter 10/107 - loss 0.07302431 - samples/sec: 128.16 - lr: 0.050000
2022-03-27 23:04:32,421 epoch 15 - iter 20/107 - loss 0.07106187 - samples/sec: 130.04 - lr: 0.050000
2022-03-27 23:04:35,025 epoch 15 - iter 30/107 - loss 0.07269787 - samples/sec: 122.96 - lr: 0.050000
2022-03-27 23:04:37,524 epoch 15 - iter 40/107 - loss 0.07003724 - samples/sec: 128.06 - lr: 0.050000
2022-03-27 23:04:39,941 epoch 15 - iter 50/107 - loss 0.06723263 - samples/sec: 132.47 - lr: 0.050000
2022-03-27 23:04:42,455 epoch 15 - iter 60/107 - loss 0.06738613 - samples/sec: 127.36 - lr: 0.050000
2022-03-27 23:04:44,987 epoch 15 - iter 70/107 - loss 0.06977880 - samples/sec: 126.39 - lr: 0.050000
2022-03-27 23:04:47,266 epoch 15 - iter 80/107 - loss 0.06814491 - samples/sec: 140.47 - lr: 0.050000
2022-03-27 23:04:49,458 epoch 15 - iter 90/107 - loss 0.06805376 - samples/sec: 146.08 - lr: 0.050000
2022-03-27 23:04:51,617 epoch 15 - iter 100/107 - loss 0.06888372 - samples/sec: 148.33 - lr: 0.050000
2022-03-27 23:04:52,870 ----------------------------------------------------------------------------------------------------
2022-03-27 23:04:52,870 EPOCH 15 done: loss 0.0682 - lr 0.050000
2022-03-27 23:05:00,077 Evaluating as a multi-label problem: False
2022-03-27 23:05:00,088 DEV : loss 0.2067488133907318 - f1-score (micro avg)  0.4825
2022-03-27 23:05:00,159 Epoch    15: reducing learning rate of group 0 to 2.5000e-02.
2022-03-27 23:05:00,159 BAD EPOCHS (no improvement): 4
2022-03-27 23:05:00,162 ----------------------------------------------------------------------------------------------------
2022-03-27 23:05:02,613 epoch 16 - iter 10/107 - loss 0.06164400 - samples/sec: 130.59 - lr: 0.025000
2022-03-27 23:05:05,066 epoch 16 - iter 20/107 - loss 0.05681615 - samples/sec: 130.50 - lr: 0.025000
2022-03-27 23:05:07,574 epoch 16 - iter 30/107 - loss 0.06161762 - samples/sec: 127.64 - lr: 0.025000
2022-03-27 23:05:10,082 epoch 16 - iter 40/107 - loss 0.06202589 - samples/sec: 127.66 - lr: 0.025000
2022-03-27 23:05:12,572 epoch 16 - iter 50/107 - loss 0.06561195 - samples/sec: 128.58 - lr: 0.025000
2022-03-27 23:05:14,857 epoch 16 - iter 60/107 - loss 0.06638288 - samples/sec: 140.09 - lr: 0.025000
2022-03-27 23:05:17,200 epoch 16 - iter 70/107 - loss 0.06487761 - samples/sec: 136.62 - lr: 0.025000
2022-03-27 23:05:19,715 epoch 16 - iter 80/107 - loss 0.06324761 - samples/sec: 127.33 - lr: 0.025000
2022-03-27 23:05:22,101 epoch 16 - iter 90/107 - loss 0.06406504 - samples/sec: 134.15 - lr: 0.025000
2022-03-27 23:05:24,602 epoch 16 - iter 100/107 - loss 0.06387567 - samples/sec: 128.01 - lr: 0.025000
2022-03-27 23:05:26,072 ----------------------------------------------------------------------------------------------------
2022-03-27 23:05:26,072 EPOCH 16 done: loss 0.0627 - lr 0.025000
2022-03-27 23:05:33,578 Evaluating as a multi-label problem: False
2022-03-27 23:05:33,588 DEV : loss 0.20777146518230438 - f1-score (micro avg)  0.4899
2022-03-27 23:05:33,662 BAD EPOCHS (no improvement): 1
2022-03-27 23:05:33,667 ----------------------------------------------------------------------------------------------------
2022-03-27 23:05:35,864 epoch 17 - iter 10/107 - loss 0.05429991 - samples/sec: 145.69 - lr: 0.025000
2022-03-27 23:05:38,102 epoch 17 - iter 20/107 - loss 0.06026260 - samples/sec: 143.10 - lr: 0.025000
2022-03-27 23:05:40,203 epoch 17 - iter 30/107 - loss 0.06017917 - samples/sec: 152.39 - lr: 0.025000
2022-03-27 23:05:42,475 epoch 17 - iter 40/107 - loss 0.06279580 - samples/sec: 140.88 - lr: 0.025000
2022-03-27 23:05:44,883 epoch 17 - iter 50/107 - loss 0.06077069 - samples/sec: 132.99 - lr: 0.025000
2022-03-27 23:05:47,207 epoch 17 - iter 60/107 - loss 0.06076722 - samples/sec: 137.72 - lr: 0.025000
2022-03-27 23:05:49,634 epoch 17 - iter 70/107 - loss 0.06211973 - samples/sec: 131.91 - lr: 0.025000
2022-03-27 23:05:52,139 epoch 17 - iter 80/107 - loss 0.06111562 - samples/sec: 127.79 - lr: 0.025000
2022-03-27 23:05:54,522 epoch 17 - iter 90/107 - loss 0.06076169 - samples/sec: 134.31 - lr: 0.025000
2022-03-27 23:05:56,964 epoch 17 - iter 100/107 - loss 0.06123108 - samples/sec: 131.13 - lr: 0.025000
2022-03-27 23:05:58,451 ----------------------------------------------------------------------------------------------------
2022-03-27 23:05:58,451 EPOCH 17 done: loss 0.0616 - lr 0.025000
2022-03-27 23:06:06,268 Evaluating as a multi-label problem: False
2022-03-27 23:06:06,279 DEV : loss 0.19264571368694305 - f1-score (micro avg)  0.5112
2022-03-27 23:06:06,351 BAD EPOCHS (no improvement): 2
2022-03-27 23:06:06,354 ----------------------------------------------------------------------------------------------------
2022-03-27 23:06:08,762 epoch 18 - iter 10/107 - loss 0.06069264 - samples/sec: 132.95 - lr: 0.025000
2022-03-27 23:06:11,295 epoch 18 - iter 20/107 - loss 0.06171497 - samples/sec: 126.35 - lr: 0.025000
2022-03-27 23:06:13,657 epoch 18 - iter 30/107 - loss 0.06397555 - samples/sec: 135.55 - lr: 0.025000
2022-03-27 23:06:16,064 epoch 18 - iter 40/107 - loss 0.06324560 - samples/sec: 133.02 - lr: 0.025000
2022-03-27 23:06:18,472 epoch 18 - iter 50/107 - loss 0.06162209 - samples/sec: 132.91 - lr: 0.025000
2022-03-27 23:06:20,677 epoch 18 - iter 60/107 - loss 0.06066037 - samples/sec: 145.20 - lr: 0.025000
2022-03-27 23:06:23,053 epoch 18 - iter 70/107 - loss 0.06030671 - samples/sec: 134.74 - lr: 0.025000
2022-03-27 23:06:25,182 epoch 18 - iter 80/107 - loss 0.05962303 - samples/sec: 150.38 - lr: 0.025000
2022-03-27 23:06:27,360 epoch 18 - iter 90/107 - loss 0.06061562 - samples/sec: 147.06 - lr: 0.025000
2022-03-27 23:06:29,724 epoch 18 - iter 100/107 - loss 0.06079042 - samples/sec: 135.42 - lr: 0.025000
2022-03-27 23:06:30,786 ----------------------------------------------------------------------------------------------------
2022-03-27 23:06:30,787 EPOCH 18 done: loss 0.0605 - lr 0.025000
2022-03-27 23:06:36,381 Evaluating as a multi-label problem: False
2022-03-27 23:06:36,392 DEV : loss 0.18381866812705994 - f1-score (micro avg)  0.516
2022-03-27 23:06:36,466 BAD EPOCHS (no improvement): 3
2022-03-27 23:06:36,469 ----------------------------------------------------------------------------------------------------
2022-03-27 23:06:38,134 epoch 19 - iter 10/107 - loss 0.05820060 - samples/sec: 192.35 - lr: 0.025000
2022-03-27 23:06:39,766 epoch 19 - iter 20/107 - loss 0.05430005 - samples/sec: 196.24 - lr: 0.025000
2022-03-27 23:06:41,298 epoch 19 - iter 30/107 - loss 0.05848453 - samples/sec: 208.94 - lr: 0.025000
2022-03-27 23:06:44,508 epoch 19 - iter 40/107 - loss 0.05794532 - samples/sec: 99.74 - lr: 0.025000
2022-03-27 23:06:46,284 epoch 19 - iter 50/107 - loss 0.05669166 - samples/sec: 180.28 - lr: 0.025000
2022-03-27 23:06:47,894 epoch 19 - iter 60/107 - loss 0.05871186 - samples/sec: 198.85 - lr: 0.025000
2022-03-27 23:06:49,499 epoch 19 - iter 70/107 - loss 0.05636720 - samples/sec: 199.50 - lr: 0.025000
2022-03-27 23:06:51,110 epoch 19 - iter 80/107 - loss 0.05684351 - samples/sec: 198.68 - lr: 0.025000
2022-03-27 23:06:52,754 epoch 19 - iter 90/107 - loss 0.05701418 - samples/sec: 194.79 - lr: 0.025000
2022-03-27 23:06:54,337 epoch 19 - iter 100/107 - loss 0.05878478 - samples/sec: 202.31 - lr: 0.025000
2022-03-27 23:06:55,351 ----------------------------------------------------------------------------------------------------
2022-03-27 23:06:55,351 EPOCH 19 done: loss 0.0586 - lr 0.025000
2022-03-27 23:07:01,004 Evaluating as a multi-label problem: False
2022-03-27 23:07:01,015 DEV : loss 0.20092162489891052 - f1-score (micro avg)  0.4909
2022-03-27 23:07:01,087 Epoch    19: reducing learning rate of group 0 to 1.2500e-02.
2022-03-27 23:07:01,087 BAD EPOCHS (no improvement): 4
2022-03-27 23:07:01,090 ----------------------------------------------------------------------------------------------------
2022-03-27 23:07:02,820 epoch 20 - iter 10/107 - loss 0.06119024 - samples/sec: 185.10 - lr: 0.012500
2022-03-27 23:07:04,531 epoch 20 - iter 20/107 - loss 0.06181167 - samples/sec: 187.08 - lr: 0.012500
2022-03-27 23:07:06,168 epoch 20 - iter 30/107 - loss 0.06235153 - samples/sec: 195.67 - lr: 0.012500
2022-03-27 23:07:08,065 epoch 20 - iter 40/107 - loss 0.06014479 - samples/sec: 168.72 - lr: 0.012500
2022-03-27 23:07:10,389 epoch 20 - iter 50/107 - loss 0.05960375 - samples/sec: 137.79 - lr: 0.012500
2022-03-27 23:07:12,980 epoch 20 - iter 60/107 - loss 0.05974794 - samples/sec: 123.58 - lr: 0.012500
2022-03-27 23:07:15,215 epoch 20 - iter 70/107 - loss 0.05922684 - samples/sec: 143.25 - lr: 0.012500
2022-03-27 23:07:17,708 epoch 20 - iter 80/107 - loss 0.05781313 - samples/sec: 128.42 - lr: 0.012500
2022-03-27 23:07:20,185 epoch 20 - iter 90/107 - loss 0.05764748 - samples/sec: 129.20 - lr: 0.012500
2022-03-27 23:07:22,392 epoch 20 - iter 100/107 - loss 0.05689012 - samples/sec: 145.07 - lr: 0.012500
2022-03-27 23:07:23,866 ----------------------------------------------------------------------------------------------------
2022-03-27 23:07:23,867 EPOCH 20 done: loss 0.0566 - lr 0.012500
2022-03-27 23:07:31,566 Evaluating as a multi-label problem: False
2022-03-27 23:07:31,577 DEV : loss 0.2059122622013092 - f1-score (micro avg)  0.4818
2022-03-27 23:07:31,653 BAD EPOCHS (no improvement): 1
2022-03-27 23:07:31,655 ----------------------------------------------------------------------------------------------------
2022-03-27 23:07:34,130 epoch 21 - iter 10/107 - loss 0.04770019 - samples/sec: 129.36 - lr: 0.012500
2022-03-27 23:07:36,562 epoch 21 - iter 20/107 - loss 0.05041229 - samples/sec: 131.65 - lr: 0.012500
2022-03-27 23:07:39,006 epoch 21 - iter 30/107 - loss 0.05296328 - samples/sec: 130.96 - lr: 0.012500
2022-03-27 23:07:41,317 epoch 21 - iter 40/107 - loss 0.05351110 - samples/sec: 138.55 - lr: 0.012500
2022-03-27 23:07:43,655 epoch 21 - iter 50/107 - loss 0.05659965 - samples/sec: 136.92 - lr: 0.012500
2022-03-27 23:07:45,845 epoch 21 - iter 60/107 - loss 0.05724119 - samples/sec: 146.19 - lr: 0.012500
2022-03-27 23:07:47,967 epoch 21 - iter 70/107 - loss 0.05564331 - samples/sec: 150.84 - lr: 0.012500
2022-03-27 23:07:50,213 epoch 21 - iter 80/107 - loss 0.05570159 - samples/sec: 142.57 - lr: 0.012500
2022-03-27 23:07:52,372 epoch 21 - iter 90/107 - loss 0.05656229 - samples/sec: 148.23 - lr: 0.012500
2022-03-27 23:07:54,580 epoch 21 - iter 100/107 - loss 0.05645993 - samples/sec: 145.01 - lr: 0.012500
2022-03-27 23:07:56,037 ----------------------------------------------------------------------------------------------------
2022-03-27 23:07:56,037 EPOCH 21 done: loss 0.0557 - lr 0.012500
2022-03-27 23:08:04,126 Evaluating as a multi-label problem: False
2022-03-27 23:08:04,137 DEV : loss 0.21120907366275787 - f1-score (micro avg)  0.4734
2022-03-27 23:08:04,210 BAD EPOCHS (no improvement): 2
2022-03-27 23:08:04,213 ----------------------------------------------------------------------------------------------------
2022-03-27 23:08:06,650 epoch 22 - iter 10/107 - loss 0.05823611 - samples/sec: 131.38 - lr: 0.012500
2022-03-27 23:08:09,145 epoch 22 - iter 20/107 - loss 0.05515495 - samples/sec: 128.29 - lr: 0.012500
2022-03-27 23:08:11,417 epoch 22 - iter 30/107 - loss 0.05309624 - samples/sec: 140.92 - lr: 0.012500
2022-03-27 23:08:13,846 epoch 22 - iter 40/107 - loss 0.05250975 - samples/sec: 131.81 - lr: 0.012500
2022-03-27 23:08:16,314 epoch 22 - iter 50/107 - loss 0.05383568 - samples/sec: 129.69 - lr: 0.012500
2022-03-27 23:08:18,785 epoch 22 - iter 60/107 - loss 0.05322680 - samples/sec: 129.56 - lr: 0.012500
2022-03-27 23:08:21,232 epoch 22 - iter 70/107 - loss 0.05432793 - samples/sec: 130.82 - lr: 0.012500
2022-03-27 23:08:23,834 epoch 22 - iter 80/107 - loss 0.05522146 - samples/sec: 123.05 - lr: 0.012500
2022-03-27 23:08:26,401 epoch 22 - iter 90/107 - loss 0.05518953 - samples/sec: 124.69 - lr: 0.012500
2022-03-27 23:08:28,713 epoch 22 - iter 100/107 - loss 0.05433885 - samples/sec: 138.44 - lr: 0.012500
2022-03-27 23:08:30,257 ----------------------------------------------------------------------------------------------------
2022-03-27 23:08:30,257 EPOCH 22 done: loss 0.0553 - lr 0.012500
2022-03-27 23:08:36,972 Evaluating as a multi-label problem: False
2022-03-27 23:08:36,983 DEV : loss 0.19657014310359955 - f1-score (micro avg)  0.4933
2022-03-27 23:08:37,057 BAD EPOCHS (no improvement): 3
2022-03-27 23:08:37,059 ----------------------------------------------------------------------------------------------------
2022-03-27 23:08:39,288 epoch 23 - iter 10/107 - loss 0.05220906 - samples/sec: 143.62 - lr: 0.012500
2022-03-27 23:08:41,652 epoch 23 - iter 20/107 - loss 0.05371963 - samples/sec: 135.43 - lr: 0.012500
2022-03-27 23:08:43,946 epoch 23 - iter 30/107 - loss 0.05297427 - samples/sec: 139.56 - lr: 0.012500
2022-03-27 23:08:46,401 epoch 23 - iter 40/107 - loss 0.05496190 - samples/sec: 130.39 - lr: 0.012500
2022-03-27 23:08:48,600 epoch 23 - iter 50/107 - loss 0.05645735 - samples/sec: 145.59 - lr: 0.012500
2022-03-27 23:08:50,975 epoch 23 - iter 60/107 - loss 0.05647198 - samples/sec: 134.83 - lr: 0.012500
2022-03-27 23:08:53,295 epoch 23 - iter 70/107 - loss 0.05767405 - samples/sec: 138.01 - lr: 0.012500
2022-03-27 23:08:55,679 epoch 23 - iter 80/107 - loss 0.05652846 - samples/sec: 134.29 - lr: 0.012500
2022-03-27 23:08:58,011 epoch 23 - iter 90/107 - loss 0.05607000 - samples/sec: 137.26 - lr: 0.012500
2022-03-27 23:09:00,538 epoch 23 - iter 100/107 - loss 0.05554003 - samples/sec: 126.66 - lr: 0.012500
2022-03-27 23:09:01,917 ----------------------------------------------------------------------------------------------------
2022-03-27 23:09:01,917 EPOCH 23 done: loss 0.0548 - lr 0.012500
2022-03-27 23:09:09,912 Evaluating as a multi-label problem: False
2022-03-27 23:09:09,923 DEV : loss 0.1987655907869339 - f1-score (micro avg)  0.5047
2022-03-27 23:09:09,999 Epoch    23: reducing learning rate of group 0 to 6.2500e-03.
2022-03-27 23:09:09,999 BAD EPOCHS (no improvement): 4
2022-03-27 23:09:10,002 ----------------------------------------------------------------------------------------------------
2022-03-27 23:09:12,455 epoch 24 - iter 10/107 - loss 0.05361923 - samples/sec: 130.48 - lr: 0.006250
2022-03-27 23:09:14,736 epoch 24 - iter 20/107 - loss 0.05338434 - samples/sec: 140.39 - lr: 0.006250
2022-03-27 23:09:17,114 epoch 24 - iter 30/107 - loss 0.05465013 - samples/sec: 134.63 - lr: 0.006250
2022-03-27 23:09:19,311 epoch 24 - iter 40/107 - loss 0.05371370 - samples/sec: 145.72 - lr: 0.006250
2022-03-27 23:09:21,525 epoch 24 - iter 50/107 - loss 0.05402014 - samples/sec: 144.57 - lr: 0.006250
2022-03-27 23:09:23,687 epoch 24 - iter 60/107 - loss 0.05305797 - samples/sec: 148.09 - lr: 0.006250
2022-03-27 23:09:25,869 epoch 24 - iter 70/107 - loss 0.05243579 - samples/sec: 146.73 - lr: 0.006250
2022-03-27 23:09:28,205 epoch 24 - iter 80/107 - loss 0.05279540 - samples/sec: 136.99 - lr: 0.006250
2022-03-27 23:09:30,645 epoch 24 - iter 90/107 - loss 0.05317956 - samples/sec: 131.21 - lr: 0.006250
2022-03-27 23:09:33,043 epoch 24 - iter 100/107 - loss 0.05383323 - samples/sec: 133.51 - lr: 0.006250
2022-03-27 23:09:34,452 ----------------------------------------------------------------------------------------------------
2022-03-27 23:09:34,452 EPOCH 24 done: loss 0.0531 - lr 0.006250
2022-03-27 23:09:42,143 Evaluating as a multi-label problem: False
2022-03-27 23:09:42,154 DEV : loss 0.20186202228069305 - f1-score (micro avg)  0.491
2022-03-27 23:09:42,227 BAD EPOCHS (no improvement): 1
2022-03-27 23:09:42,231 ----------------------------------------------------------------------------------------------------
2022-03-27 23:09:44,585 epoch 25 - iter 10/107 - loss 0.05359076 - samples/sec: 135.99 - lr: 0.006250
2022-03-27 23:09:46,967 epoch 25 - iter 20/107 - loss 0.05480338 - samples/sec: 134.40 - lr: 0.006250
2022-03-27 23:09:49,350 epoch 25 - iter 30/107 - loss 0.05594396 - samples/sec: 134.36 - lr: 0.006250
2022-03-27 23:09:51,837 epoch 25 - iter 40/107 - loss 0.05429041 - samples/sec: 128.72 - lr: 0.006250
2022-03-27 23:09:54,262 epoch 25 - iter 50/107 - loss 0.05334651 - samples/sec: 132.04 - lr: 0.006250
2022-03-27 23:09:56,731 epoch 25 - iter 60/107 - loss 0.05515379 - samples/sec: 129.66 - lr: 0.006250
2022-03-27 23:09:59,176 epoch 25 - iter 70/107 - loss 0.05429984 - samples/sec: 130.90 - lr: 0.006250
2022-03-27 23:10:01,585 epoch 25 - iter 80/107 - loss 0.05479660 - samples/sec: 132.93 - lr: 0.006250
2022-03-27 23:10:04,029 epoch 25 - iter 90/107 - loss 0.05490793 - samples/sec: 130.97 - lr: 0.006250
2022-03-27 23:10:06,302 epoch 25 - iter 100/107 - loss 0.05405381 - samples/sec: 140.80 - lr: 0.006250
2022-03-27 23:10:07,634 ----------------------------------------------------------------------------------------------------
2022-03-27 23:10:07,634 EPOCH 25 done: loss 0.0539 - lr 0.006250
2022-03-27 23:10:14,248 Evaluating as a multi-label problem: False
2022-03-27 23:10:14,258 DEV : loss 0.20059096813201904 - f1-score (micro avg)  0.4906
2022-03-27 23:10:14,333 BAD EPOCHS (no improvement): 2
2022-03-27 23:10:14,337 ----------------------------------------------------------------------------------------------------
2022-03-27 23:10:15,870 epoch 26 - iter 10/107 - loss 0.04749664 - samples/sec: 208.92 - lr: 0.006250
2022-03-27 23:10:17,377 epoch 26 - iter 20/107 - loss 0.05212046 - samples/sec: 212.46 - lr: 0.006250
2022-03-27 23:10:18,932 epoch 26 - iter 30/107 - loss 0.05282335 - samples/sec: 205.90 - lr: 0.006250
2022-03-27 23:10:20,531 epoch 26 - iter 40/107 - loss 0.05244893 - samples/sec: 200.22 - lr: 0.006250
2022-03-27 23:10:22,149 epoch 26 - iter 50/107 - loss 0.05247439 - samples/sec: 197.90 - lr: 0.006250
2022-03-27 23:10:23,716 epoch 26 - iter 60/107 - loss 0.05175670 - samples/sec: 204.41 - lr: 0.006250
2022-03-27 23:10:25,351 epoch 26 - iter 70/107 - loss 0.05243133 - samples/sec: 195.92 - lr: 0.006250
2022-03-27 23:10:27,007 epoch 26 - iter 80/107 - loss 0.05184303 - samples/sec: 193.34 - lr: 0.006250
2022-03-27 23:10:28,635 epoch 26 - iter 90/107 - loss 0.05217148 - samples/sec: 196.64 - lr: 0.006250
2022-03-27 23:10:30,169 epoch 26 - iter 100/107 - loss 0.05153338 - samples/sec: 208.81 - lr: 0.006250
2022-03-27 23:10:31,128 ----------------------------------------------------------------------------------------------------
2022-03-27 23:10:31,128 EPOCH 26 done: loss 0.0511 - lr 0.006250
2022-03-27 23:10:36,729 Evaluating as a multi-label problem: False
2022-03-27 23:10:36,740 DEV : loss 0.20587383210659027 - f1-score (micro avg)  0.4848
2022-03-27 23:10:36,813 BAD EPOCHS (no improvement): 3
2022-03-27 23:10:36,817 ----------------------------------------------------------------------------------------------------
2022-03-27 23:10:38,504 epoch 27 - iter 10/107 - loss 0.05089606 - samples/sec: 189.85 - lr: 0.006250
2022-03-27 23:10:40,125 epoch 27 - iter 20/107 - loss 0.04725387 - samples/sec: 197.45 - lr: 0.006250
2022-03-27 23:10:41,732 epoch 27 - iter 30/107 - loss 0.04457542 - samples/sec: 199.34 - lr: 0.006250
2022-03-27 23:10:43,339 epoch 27 - iter 40/107 - loss 0.04346111 - samples/sec: 199.20 - lr: 0.006250
2022-03-27 23:10:44,950 epoch 27 - iter 50/107 - loss 0.04653707 - samples/sec: 198.68 - lr: 0.006250
2022-03-27 23:10:46,589 epoch 27 - iter 60/107 - loss 0.05030360 - samples/sec: 195.40 - lr: 0.006250
2022-03-27 23:10:48,173 epoch 27 - iter 70/107 - loss 0.05130079 - samples/sec: 202.14 - lr: 0.006250
2022-03-27 23:10:49,759 epoch 27 - iter 80/107 - loss 0.04997766 - samples/sec: 201.88 - lr: 0.006250
2022-03-27 23:10:51,628 epoch 27 - iter 90/107 - loss 0.05062822 - samples/sec: 171.33 - lr: 0.006250
2022-03-27 23:10:54,011 epoch 27 - iter 100/107 - loss 0.05034488 - samples/sec: 134.33 - lr: 0.006250
2022-03-27 23:10:55,529 ----------------------------------------------------------------------------------------------------
2022-03-27 23:10:55,529 EPOCH 27 done: loss 0.0508 - lr 0.006250
2022-03-27 23:11:03,362 Evaluating as a multi-label problem: False
2022-03-27 23:11:03,372 DEV : loss 0.20220959186553955 - f1-score (micro avg)  0.4902
2022-03-27 23:11:03,446 Epoch    27: reducing learning rate of group 0 to 3.1250e-03.
2022-03-27 23:11:03,446 BAD EPOCHS (no improvement): 4
2022-03-27 23:11:03,468 ----------------------------------------------------------------------------------------------------
2022-03-27 23:11:05,679 epoch 28 - iter 10/107 - loss 0.04910621 - samples/sec: 144.84 - lr: 0.003125
2022-03-27 23:11:08,032 epoch 28 - iter 20/107 - loss 0.05603023 - samples/sec: 136.08 - lr: 0.003125
2022-03-27 23:11:10,433 epoch 28 - iter 30/107 - loss 0.05562895 - samples/sec: 133.31 - lr: 0.003125
2022-03-27 23:11:12,745 epoch 28 - iter 40/107 - loss 0.05373020 - samples/sec: 138.47 - lr: 0.003125
2022-03-27 23:11:15,036 epoch 28 - iter 50/107 - loss 0.05417220 - samples/sec: 139.76 - lr: 0.003125
2022-03-27 23:11:17,637 epoch 28 - iter 60/107 - loss 0.05150541 - samples/sec: 123.07 - lr: 0.003125
2022-03-27 23:11:19,967 epoch 28 - iter 70/107 - loss 0.05097031 - samples/sec: 137.44 - lr: 0.003125
2022-03-27 23:11:22,355 epoch 28 - iter 80/107 - loss 0.05032967 - samples/sec: 134.03 - lr: 0.003125
2022-03-27 23:11:24,739 epoch 28 - iter 90/107 - loss 0.05026615 - samples/sec: 134.28 - lr: 0.003125
2022-03-27 23:11:27,192 epoch 28 - iter 100/107 - loss 0.04973483 - samples/sec: 130.50 - lr: 0.003125
2022-03-27 23:11:28,704 ----------------------------------------------------------------------------------------------------
2022-03-27 23:11:28,704 EPOCH 28 done: loss 0.0506 - lr 0.003125
2022-03-27 23:11:35,255 Evaluating as a multi-label problem: False
2022-03-27 23:11:35,266 DEV : loss 0.20528948307037354 - f1-score (micro avg)  0.4925
2022-03-27 23:11:35,339 BAD EPOCHS (no improvement): 1
2022-03-27 23:11:35,342 ----------------------------------------------------------------------------------------------------
2022-03-27 23:11:37,041 epoch 29 - iter 10/107 - loss 0.05004052 - samples/sec: 188.49 - lr: 0.003125
2022-03-27 23:11:38,971 epoch 29 - iter 20/107 - loss 0.05249440 - samples/sec: 165.89 - lr: 0.003125
2022-03-27 23:11:41,320 epoch 29 - iter 30/107 - loss 0.05097405 - samples/sec: 136.27 - lr: 0.003125
2022-03-27 23:11:43,622 epoch 29 - iter 40/107 - loss 0.05237528 - samples/sec: 139.11 - lr: 0.003125
2022-03-27 23:11:45,957 epoch 29 - iter 50/107 - loss 0.04921507 - samples/sec: 137.11 - lr: 0.003125
2022-03-27 23:11:48,453 epoch 29 - iter 60/107 - loss 0.04811118 - samples/sec: 128.23 - lr: 0.003125
2022-03-27 23:11:50,844 epoch 29 - iter 70/107 - loss 0.04910126 - samples/sec: 133.88 - lr: 0.003125
2022-03-27 23:11:53,232 epoch 29 - iter 80/107 - loss 0.04917662 - samples/sec: 134.09 - lr: 0.003125
2022-03-27 23:11:55,512 epoch 29 - iter 90/107 - loss 0.05035893 - samples/sec: 140.36 - lr: 0.003125
2022-03-27 23:11:57,760 epoch 29 - iter 100/107 - loss 0.05112103 - samples/sec: 142.43 - lr: 0.003125
2022-03-27 23:11:59,201 ----------------------------------------------------------------------------------------------------
2022-03-27 23:11:59,201 EPOCH 29 done: loss 0.0508 - lr 0.003125
2022-03-27 23:12:06,825 Evaluating as a multi-label problem: False
2022-03-27 23:12:06,836 DEV : loss 0.19881312549114227 - f1-score (micro avg)  0.4918
2022-03-27 23:12:06,908 BAD EPOCHS (no improvement): 2
2022-03-27 23:12:06,912 ----------------------------------------------------------------------------------------------------
2022-03-27 23:12:09,143 epoch 30 - iter 10/107 - loss 0.05078785 - samples/sec: 143.54 - lr: 0.003125
2022-03-27 23:12:11,577 epoch 30 - iter 20/107 - loss 0.05342386 - samples/sec: 131.53 - lr: 0.003125
2022-03-27 23:12:13,997 epoch 30 - iter 30/107 - loss 0.05176886 - samples/sec: 132.25 - lr: 0.003125
2022-03-27 23:12:16,341 epoch 30 - iter 40/107 - loss 0.04979327 - samples/sec: 136.59 - lr: 0.003125
2022-03-27 23:12:18,714 epoch 30 - iter 50/107 - loss 0.05043229 - samples/sec: 134.93 - lr: 0.003125
2022-03-27 23:12:20,931 epoch 30 - iter 60/107 - loss 0.05145889 - samples/sec: 144.37 - lr: 0.003125
2022-03-27 23:12:23,021 epoch 30 - iter 70/107 - loss 0.04984787 - samples/sec: 153.18 - lr: 0.003125
2022-03-27 23:12:25,133 epoch 30 - iter 80/107 - loss 0.05030582 - samples/sec: 151.61 - lr: 0.003125
2022-03-27 23:12:27,228 epoch 30 - iter 90/107 - loss 0.05136773 - samples/sec: 152.83 - lr: 0.003125
2022-03-27 23:12:29,532 epoch 30 - iter 100/107 - loss 0.05041518 - samples/sec: 138.92 - lr: 0.003125
2022-03-27 23:12:31,075 ----------------------------------------------------------------------------------------------------
2022-03-27 23:12:31,075 EPOCH 30 done: loss 0.0497 - lr 0.003125
2022-03-27 23:12:38,776 Evaluating as a multi-label problem: False
2022-03-27 23:12:38,788 DEV : loss 0.2062806487083435 - f1-score (micro avg)  0.4885
2022-03-27 23:12:38,862 BAD EPOCHS (no improvement): 3
2022-03-27 23:12:38,865 ----------------------------------------------------------------------------------------------------
2022-03-27 23:12:41,188 epoch 31 - iter 10/107 - loss 0.05099694 - samples/sec: 137.81 - lr: 0.003125
2022-03-27 23:12:43,655 epoch 31 - iter 20/107 - loss 0.05153344 - samples/sec: 129.77 - lr: 0.003125
2022-03-27 23:12:46,075 epoch 31 - iter 30/107 - loss 0.05217464 - samples/sec: 132.28 - lr: 0.003125
2022-03-27 23:12:48,471 epoch 31 - iter 40/107 - loss 0.05161934 - samples/sec: 133.65 - lr: 0.003125
2022-03-27 23:12:50,948 epoch 31 - iter 50/107 - loss 0.05193114 - samples/sec: 129.22 - lr: 0.003125
2022-03-27 23:12:53,087 epoch 31 - iter 60/107 - loss 0.05047894 - samples/sec: 149.73 - lr: 0.003125
2022-03-27 23:12:55,379 epoch 31 - iter 70/107 - loss 0.04987159 - samples/sec: 139.68 - lr: 0.003125
2022-03-27 23:12:57,572 epoch 31 - iter 80/107 - loss 0.04946642 - samples/sec: 145.94 - lr: 0.003125
2022-03-27 23:12:59,963 epoch 31 - iter 90/107 - loss 0.04890957 - samples/sec: 133.92 - lr: 0.003125
2022-03-27 23:13:02,330 epoch 31 - iter 100/107 - loss 0.04921458 - samples/sec: 135.24 - lr: 0.003125
2022-03-27 23:13:03,771 ----------------------------------------------------------------------------------------------------
2022-03-27 23:13:03,771 EPOCH 31 done: loss 0.0496 - lr 0.003125
2022-03-27 23:13:10,752 Evaluating as a multi-label problem: False
2022-03-27 23:13:10,763 DEV : loss 0.20305213332176208 - f1-score (micro avg)  0.489
2022-03-27 23:13:10,837 Epoch    31: reducing learning rate of group 0 to 1.5625e-03.
2022-03-27 23:13:10,837 BAD EPOCHS (no improvement): 4
2022-03-27 23:13:10,840 ----------------------------------------------------------------------------------------------------
2022-03-27 23:13:12,931 epoch 32 - iter 10/107 - loss 0.04850484 - samples/sec: 153.14 - lr: 0.001563
2022-03-27 23:13:15,067 epoch 32 - iter 20/107 - loss 0.05175086 - samples/sec: 149.85 - lr: 0.001563
2022-03-27 23:13:17,527 epoch 32 - iter 30/107 - loss 0.05025628 - samples/sec: 130.11 - lr: 0.001563
2022-03-27 23:13:20,002 epoch 32 - iter 40/107 - loss 0.04979501 - samples/sec: 129.39 - lr: 0.001563
2022-03-27 23:13:22,574 epoch 32 - iter 50/107 - loss 0.04911918 - samples/sec: 124.43 - lr: 0.001563
2022-03-27 23:13:24,940 epoch 32 - iter 60/107 - loss 0.04936593 - samples/sec: 135.30 - lr: 0.001563
2022-03-27 23:13:27,456 epoch 32 - iter 70/107 - loss 0.04915998 - samples/sec: 127.25 - lr: 0.001563
2022-03-27 23:13:29,848 epoch 32 - iter 80/107 - loss 0.04905983 - samples/sec: 133.80 - lr: 0.001563
2022-03-27 23:13:32,185 epoch 32 - iter 90/107 - loss 0.04947833 - samples/sec: 136.99 - lr: 0.001563
2022-03-27 23:13:34,458 epoch 32 - iter 100/107 - loss 0.04984201 - samples/sec: 140.88 - lr: 0.001563
2022-03-27 23:13:35,936 ----------------------------------------------------------------------------------------------------
2022-03-27 23:13:35,936 EPOCH 32 done: loss 0.0500 - lr 0.001563
2022-03-27 23:13:43,724 Evaluating as a multi-label problem: False
2022-03-27 23:13:43,735 DEV : loss 0.20554512739181519 - f1-score (micro avg)  0.4865
2022-03-27 23:13:43,808 BAD EPOCHS (no improvement): 1
2022-03-27 23:13:43,811 ----------------------------------------------------------------------------------------------------
2022-03-27 23:13:46,123 epoch 33 - iter 10/107 - loss 0.05142340 - samples/sec: 138.49 - lr: 0.001563
2022-03-27 23:13:48,441 epoch 33 - iter 20/107 - loss 0.04946179 - samples/sec: 138.10 - lr: 0.001563
2022-03-27 23:13:50,652 epoch 33 - iter 30/107 - loss 0.05132874 - samples/sec: 144.82 - lr: 0.001563
2022-03-27 23:13:52,877 epoch 33 - iter 40/107 - loss 0.05237116 - samples/sec: 143.82 - lr: 0.001563
2022-03-27 23:13:54,966 epoch 33 - iter 50/107 - loss 0.05025305 - samples/sec: 153.26 - lr: 0.001563
2022-03-27 23:13:57,051 epoch 33 - iter 60/107 - loss 0.05046099 - samples/sec: 153.56 - lr: 0.001563
2022-03-27 23:13:59,216 epoch 33 - iter 70/107 - loss 0.05130010 - samples/sec: 147.87 - lr: 0.001563
2022-03-27 23:14:01,533 epoch 33 - iter 80/107 - loss 0.05149001 - samples/sec: 138.16 - lr: 0.001563
2022-03-27 23:14:04,098 epoch 33 - iter 90/107 - loss 0.05041025 - samples/sec: 124.80 - lr: 0.001563
2022-03-27 23:14:06,479 epoch 33 - iter 100/107 - loss 0.05069735 - samples/sec: 134.48 - lr: 0.001563
2022-03-27 23:14:07,976 ----------------------------------------------------------------------------------------------------
2022-03-27 23:14:07,977 EPOCH 33 done: loss 0.0499 - lr 0.001563
2022-03-27 23:14:15,775 Evaluating as a multi-label problem: False
2022-03-27 23:14:15,785 DEV : loss 0.20360633730888367 - f1-score (micro avg)  0.4894
2022-03-27 23:14:15,858 BAD EPOCHS (no improvement): 2
2022-03-27 23:14:15,862 ----------------------------------------------------------------------------------------------------
2022-03-27 23:14:18,235 epoch 34 - iter 10/107 - loss 0.04634142 - samples/sec: 134.93 - lr: 0.001563
2022-03-27 23:14:20,700 epoch 34 - iter 20/107 - loss 0.04827525 - samples/sec: 129.86 - lr: 0.001563
2022-03-27 23:14:23,031 epoch 34 - iter 30/107 - loss 0.04935495 - samples/sec: 137.39 - lr: 0.001563
2022-03-27 23:14:25,474 epoch 34 - iter 40/107 - loss 0.04826951 - samples/sec: 131.02 - lr: 0.001563
2022-03-27 23:14:27,756 epoch 34 - iter 50/107 - loss 0.04747549 - samples/sec: 140.30 - lr: 0.001563
2022-03-27 23:14:30,138 epoch 34 - iter 60/107 - loss 0.04905447 - samples/sec: 134.36 - lr: 0.001563
2022-03-27 23:14:32,469 epoch 34 - iter 70/107 - loss 0.04920428 - samples/sec: 137.36 - lr: 0.001563
2022-03-27 23:14:36,264 epoch 34 - iter 80/107 - loss 0.04974970 - samples/sec: 84.35 - lr: 0.001563
2022-03-27 23:14:38,565 epoch 34 - iter 90/107 - loss 0.04983541 - samples/sec: 139.15 - lr: 0.001563
2022-03-27 23:14:40,699 epoch 34 - iter 100/107 - loss 0.04957286 - samples/sec: 149.98 - lr: 0.001563
2022-03-27 23:14:42,046 ----------------------------------------------------------------------------------------------------
2022-03-27 23:14:42,046 EPOCH 34 done: loss 0.0499 - lr 0.001563
2022-03-27 23:14:49,031 Evaluating as a multi-label problem: False
2022-03-27 23:14:49,042 DEV : loss 0.20270660519599915 - f1-score (micro avg)  0.4906
2022-03-27 23:14:49,114 BAD EPOCHS (no improvement): 3
2022-03-27 23:14:49,117 ----------------------------------------------------------------------------------------------------
2022-03-27 23:14:51,579 epoch 35 - iter 10/107 - loss 0.04999491 - samples/sec: 130.03 - lr: 0.001563
2022-03-27 23:14:53,893 epoch 35 - iter 20/107 - loss 0.05043401 - samples/sec: 138.34 - lr: 0.001563
2022-03-27 23:14:56,325 epoch 35 - iter 30/107 - loss 0.04921751 - samples/sec: 131.63 - lr: 0.001563
2022-03-27 23:14:58,639 epoch 35 - iter 40/107 - loss 0.04972314 - samples/sec: 138.36 - lr: 0.001563
2022-03-27 23:15:00,935 epoch 35 - iter 50/107 - loss 0.04972419 - samples/sec: 139.42 - lr: 0.001563
2022-03-27 23:15:03,430 epoch 35 - iter 60/107 - loss 0.05019094 - samples/sec: 128.30 - lr: 0.001563
2022-03-27 23:15:05,779 epoch 35 - iter 70/107 - loss 0.05057960 - samples/sec: 136.32 - lr: 0.001563
2022-03-27 23:15:08,289 epoch 35 - iter 80/107 - loss 0.04919305 - samples/sec: 127.52 - lr: 0.001563
2022-03-27 23:15:10,694 epoch 35 - iter 90/107 - loss 0.04952717 - samples/sec: 133.11 - lr: 0.001563
2022-03-27 23:15:13,112 epoch 35 - iter 100/107 - loss 0.04929378 - samples/sec: 132.40 - lr: 0.001563
2022-03-27 23:15:14,613 ----------------------------------------------------------------------------------------------------
2022-03-27 23:15:14,613 EPOCH 35 done: loss 0.0496 - lr 0.001563
2022-03-27 23:15:22,729 Evaluating as a multi-label problem: False
2022-03-27 23:15:22,740 DEV : loss 0.20269732177257538 - f1-score (micro avg)  0.4918
2022-03-27 23:15:22,815 Epoch    35: reducing learning rate of group 0 to 7.8125e-04.
2022-03-27 23:15:22,815 BAD EPOCHS (no improvement): 4
2022-03-27 23:15:22,818 ----------------------------------------------------------------------------------------------------
2022-03-27 23:15:25,156 epoch 36 - iter 10/107 - loss 0.04119026 - samples/sec: 136.97 - lr: 0.000781
2022-03-27 23:15:27,253 epoch 36 - iter 20/107 - loss 0.04730317 - samples/sec: 152.64 - lr: 0.000781
2022-03-27 23:15:29,390 epoch 36 - iter 30/107 - loss 0.04708362 - samples/sec: 149.84 - lr: 0.000781
2022-03-27 23:15:31,743 epoch 36 - iter 40/107 - loss 0.04716622 - samples/sec: 136.04 - lr: 0.000781
2022-03-27 23:15:33,905 epoch 36 - iter 50/107 - loss 0.04971795 - samples/sec: 148.08 - lr: 0.000781
2022-03-27 23:15:36,148 epoch 36 - iter 60/107 - loss 0.05069680 - samples/sec: 142.70 - lr: 0.000781
2022-03-27 23:15:38,547 epoch 36 - iter 70/107 - loss 0.05036520 - samples/sec: 133.47 - lr: 0.000781
2022-03-27 23:15:40,789 epoch 36 - iter 80/107 - loss 0.04991663 - samples/sec: 142.76 - lr: 0.000781
2022-03-27 23:15:43,225 epoch 36 - iter 90/107 - loss 0.04969310 - samples/sec: 131.46 - lr: 0.000781
2022-03-27 23:15:45,646 epoch 36 - iter 100/107 - loss 0.05023487 - samples/sec: 132.24 - lr: 0.000781
2022-03-27 23:15:47,116 ----------------------------------------------------------------------------------------------------
2022-03-27 23:15:47,116 EPOCH 36 done: loss 0.0504 - lr 0.000781
2022-03-27 23:15:54,753 Evaluating as a multi-label problem: False
2022-03-27 23:15:54,765 DEV : loss 0.20270612835884094 - f1-score (micro avg)  0.4906
2022-03-27 23:15:54,839 BAD EPOCHS (no improvement): 1
2022-03-27 23:15:54,842 ----------------------------------------------------------------------------------------------------
2022-03-27 23:15:57,139 epoch 37 - iter 10/107 - loss 0.04405971 - samples/sec: 139.35 - lr: 0.000781
2022-03-27 23:15:59,522 epoch 37 - iter 20/107 - loss 0.04211649 - samples/sec: 134.38 - lr: 0.000781
2022-03-27 23:16:01,895 epoch 37 - iter 30/107 - loss 0.04268222 - samples/sec: 134.88 - lr: 0.000781
2022-03-27 23:16:04,241 epoch 37 - iter 40/107 - loss 0.04295128 - samples/sec: 136.45 - lr: 0.000781
2022-03-27 23:16:06,631 epoch 37 - iter 50/107 - loss 0.04448120 - samples/sec: 133.94 - lr: 0.000781
2022-03-27 23:16:09,187 epoch 37 - iter 60/107 - loss 0.04415290 - samples/sec: 125.27 - lr: 0.000781
2022-03-27 23:16:11,514 epoch 37 - iter 70/107 - loss 0.04514431 - samples/sec: 137.56 - lr: 0.000781
2022-03-27 23:16:13,889 epoch 37 - iter 80/107 - loss 0.04603318 - samples/sec: 134.79 - lr: 0.000781
2022-03-27 23:16:15,952 epoch 37 - iter 90/107 - loss 0.04631253 - samples/sec: 155.22 - lr: 0.000781
2022-03-27 23:16:18,104 epoch 37 - iter 100/107 - loss 0.04604094 - samples/sec: 148.75 - lr: 0.000781
2022-03-27 23:16:19,573 ----------------------------------------------------------------------------------------------------
2022-03-27 23:16:19,573 EPOCH 37 done: loss 0.0470 - lr 0.000781
2022-03-27 23:16:27,373 Evaluating as a multi-label problem: False
2022-03-27 23:16:27,383 DEV : loss 0.20306570827960968 - f1-score (micro avg)  0.4882
2022-03-27 23:16:27,455 BAD EPOCHS (no improvement): 2
2022-03-27 23:16:27,458 ----------------------------------------------------------------------------------------------------
2022-03-27 23:16:29,811 epoch 38 - iter 10/107 - loss 0.05075974 - samples/sec: 136.05 - lr: 0.000781
2022-03-27 23:16:32,323 epoch 38 - iter 20/107 - loss 0.05341379 - samples/sec: 127.50 - lr: 0.000781
2022-03-27 23:16:34,654 epoch 38 - iter 30/107 - loss 0.05554848 - samples/sec: 137.33 - lr: 0.000781
2022-03-27 23:16:37,006 epoch 38 - iter 40/107 - loss 0.05112016 - samples/sec: 136.12 - lr: 0.000781
2022-03-27 23:16:39,335 epoch 38 - iter 50/107 - loss 0.05205279 - samples/sec: 137.43 - lr: 0.000781
2022-03-27 23:16:41,674 epoch 38 - iter 60/107 - loss 0.05178540 - samples/sec: 136.88 - lr: 0.000781
2022-03-27 23:16:44,233 epoch 38 - iter 70/107 - loss 0.05071163 - samples/sec: 125.08 - lr: 0.000781
2022-03-27 23:16:46,785 epoch 38 - iter 80/107 - loss 0.05031408 - samples/sec: 125.46 - lr: 0.000781
2022-03-27 23:16:49,184 epoch 38 - iter 90/107 - loss 0.04955343 - samples/sec: 133.41 - lr: 0.000781
2022-03-27 23:16:51,692 epoch 38 - iter 100/107 - loss 0.04894469 - samples/sec: 127.66 - lr: 0.000781
2022-03-27 23:16:53,222 ----------------------------------------------------------------------------------------------------
2022-03-27 23:16:53,222 EPOCH 38 done: loss 0.0492 - lr 0.000781
2022-03-27 23:17:00,212 Evaluating as a multi-label problem: False
2022-03-27 23:17:00,223 DEV : loss 0.20357492566108704 - f1-score (micro avg)  0.4898
2022-03-27 23:17:00,296 BAD EPOCHS (no improvement): 3
2022-03-27 23:17:00,298 ----------------------------------------------------------------------------------------------------
2022-03-27 23:17:02,464 epoch 39 - iter 10/107 - loss 0.04553243 - samples/sec: 147.88 - lr: 0.000781
2022-03-27 23:17:04,759 epoch 39 - iter 20/107 - loss 0.04071773 - samples/sec: 139.46 - lr: 0.000781
2022-03-27 23:17:07,065 epoch 39 - iter 30/107 - loss 0.04014190 - samples/sec: 138.82 - lr: 0.000781
2022-03-27 23:17:09,228 epoch 39 - iter 40/107 - loss 0.04478382 - samples/sec: 148.02 - lr: 0.000781
2022-03-27 23:17:11,674 epoch 39 - iter 50/107 - loss 0.04579887 - samples/sec: 130.86 - lr: 0.000781
2022-03-27 23:17:14,031 epoch 39 - iter 60/107 - loss 0.04658671 - samples/sec: 135.85 - lr: 0.000781
2022-03-27 23:17:16,769 epoch 39 - iter 70/107 - loss 0.04686510 - samples/sec: 116.89 - lr: 0.000781
2022-03-27 23:17:19,105 epoch 39 - iter 80/107 - loss 0.04609684 - samples/sec: 137.11 - lr: 0.000781
2022-03-27 23:17:21,377 epoch 39 - iter 90/107 - loss 0.04616427 - samples/sec: 140.88 - lr: 0.000781
2022-03-27 23:17:23,741 epoch 39 - iter 100/107 - loss 0.04704475 - samples/sec: 135.44 - lr: 0.000781
2022-03-27 23:17:25,210 ----------------------------------------------------------------------------------------------------
2022-03-27 23:17:25,210 EPOCH 39 done: loss 0.0483 - lr 0.000781
2022-03-27 23:17:32,819 Evaluating as a multi-label problem: False
2022-03-27 23:17:32,830 DEV : loss 0.20370233058929443 - f1-score (micro avg)  0.4898
2022-03-27 23:17:32,904 Epoch    39: reducing learning rate of group 0 to 3.9063e-04.
2022-03-27 23:17:32,904 BAD EPOCHS (no improvement): 4
2022-03-27 23:17:32,907 ----------------------------------------------------------------------------------------------------
2022-03-27 23:17:35,374 epoch 40 - iter 10/107 - loss 0.04974015 - samples/sec: 129.74 - lr: 0.000391
2022-03-27 23:17:37,795 epoch 40 - iter 20/107 - loss 0.05152966 - samples/sec: 132.24 - lr: 0.000391
2022-03-27 23:17:40,081 epoch 40 - iter 30/107 - loss 0.05371793 - samples/sec: 140.04 - lr: 0.000391
2022-03-27 23:17:42,475 epoch 40 - iter 40/107 - loss 0.05245074 - samples/sec: 133.75 - lr: 0.000391
2022-03-27 23:17:44,686 epoch 40 - iter 50/107 - loss 0.05160608 - samples/sec: 144.80 - lr: 0.000391
2022-03-27 23:17:46,880 epoch 40 - iter 60/107 - loss 0.05112526 - samples/sec: 145.91 - lr: 0.000391
2022-03-27 23:17:49,002 epoch 40 - iter 70/107 - loss 0.05097091 - samples/sec: 150.87 - lr: 0.000391
2022-03-27 23:17:51,174 epoch 40 - iter 80/107 - loss 0.05113038 - samples/sec: 147.38 - lr: 0.000391
2022-03-27 23:17:53,244 epoch 40 - iter 90/107 - loss 0.05096319 - samples/sec: 154.63 - lr: 0.000391
2022-03-27 23:17:55,692 epoch 40 - iter 100/107 - loss 0.05058057 - samples/sec: 130.76 - lr: 0.000391
2022-03-27 23:17:57,171 ----------------------------------------------------------------------------------------------------
2022-03-27 23:17:57,171 EPOCH 40 done: loss 0.0501 - lr 0.000391
2022-03-27 23:18:05,004 Evaluating as a multi-label problem: False
2022-03-27 23:18:05,015 DEV : loss 0.20331160724163055 - f1-score (micro avg)  0.491
2022-03-27 23:18:05,089 BAD EPOCHS (no improvement): 1
2022-03-27 23:18:05,092 ----------------------------------------------------------------------------------------------------
2022-03-27 23:18:07,333 epoch 41 - iter 10/107 - loss 0.05453448 - samples/sec: 142.90 - lr: 0.000391
2022-03-27 23:18:09,684 epoch 41 - iter 20/107 - loss 0.04878058 - samples/sec: 136.17 - lr: 0.000391
2022-03-27 23:18:12,136 epoch 41 - iter 30/107 - loss 0.04677888 - samples/sec: 130.58 - lr: 0.000391
2022-03-27 23:18:14,482 epoch 41 - iter 40/107 - loss 0.04964513 - samples/sec: 136.44 - lr: 0.000391
2022-03-27 23:18:17,095 epoch 41 - iter 50/107 - loss 0.04806619 - samples/sec: 122.51 - lr: 0.000391
2022-03-27 23:18:19,480 epoch 41 - iter 60/107 - loss 0.04846617 - samples/sec: 134.21 - lr: 0.000391
2022-03-27 23:18:21,994 epoch 41 - iter 70/107 - loss 0.04932236 - samples/sec: 127.36 - lr: 0.000391
2022-03-27 23:18:24,472 epoch 41 - iter 80/107 - loss 0.05003489 - samples/sec: 129.16 - lr: 0.000391
2022-03-27 23:18:26,934 epoch 41 - iter 90/107 - loss 0.04894828 - samples/sec: 130.03 - lr: 0.000391
2022-03-27 23:18:29,222 epoch 41 - iter 100/107 - loss 0.04869129 - samples/sec: 139.95 - lr: 0.000391
2022-03-27 23:18:30,552 ----------------------------------------------------------------------------------------------------
2022-03-27 23:18:30,552 EPOCH 41 done: loss 0.0485 - lr 0.000391
2022-03-27 23:18:37,432 Evaluating as a multi-label problem: False
2022-03-27 23:18:37,442 DEV : loss 0.20356744527816772 - f1-score (micro avg)  0.491
2022-03-27 23:18:37,514 BAD EPOCHS (no improvement): 2
2022-03-27 23:18:37,516 ----------------------------------------------------------------------------------------------------
2022-03-27 23:18:39,636 epoch 42 - iter 10/107 - loss 0.05383181 - samples/sec: 151.02 - lr: 0.000391
2022-03-27 23:18:42,064 epoch 42 - iter 20/107 - loss 0.05561953 - samples/sec: 131.85 - lr: 0.000391
2022-03-27 23:18:44,448 epoch 42 - iter 30/107 - loss 0.05355228 - samples/sec: 134.32 - lr: 0.000391
2022-03-27 23:18:46,967 epoch 42 - iter 40/107 - loss 0.05170528 - samples/sec: 127.08 - lr: 0.000391
2022-03-27 23:18:49,457 epoch 42 - iter 50/107 - loss 0.04894046 - samples/sec: 128.53 - lr: 0.000391
2022-03-27 23:18:51,803 epoch 42 - iter 60/107 - loss 0.04716108 - samples/sec: 136.47 - lr: 0.000391
2022-03-27 23:18:54,116 epoch 42 - iter 70/107 - loss 0.04781779 - samples/sec: 138.44 - lr: 0.000391
2022-03-27 23:18:56,392 epoch 42 - iter 80/107 - loss 0.04776037 - samples/sec: 140.69 - lr: 0.000391
2022-03-27 23:18:58,923 epoch 42 - iter 90/107 - loss 0.04988077 - samples/sec: 126.44 - lr: 0.000391
2022-03-27 23:19:01,331 epoch 42 - iter 100/107 - loss 0.05022371 - samples/sec: 132.96 - lr: 0.000391
2022-03-27 23:19:02,799 ----------------------------------------------------------------------------------------------------
2022-03-27 23:19:02,799 EPOCH 42 done: loss 0.0495 - lr 0.000391
2022-03-27 23:19:10,781 Evaluating as a multi-label problem: False
2022-03-27 23:19:10,792 DEV : loss 0.20304420590400696 - f1-score (micro avg)  0.4906
2022-03-27 23:19:10,869 BAD EPOCHS (no improvement): 3
2022-03-27 23:19:10,872 ----------------------------------------------------------------------------------------------------
2022-03-27 23:19:13,497 epoch 43 - iter 10/107 - loss 0.04651626 - samples/sec: 121.97 - lr: 0.000391
2022-03-27 23:19:15,729 epoch 43 - iter 20/107 - loss 0.05231246 - samples/sec: 143.45 - lr: 0.000391
2022-03-27 23:19:17,910 epoch 43 - iter 30/107 - loss 0.04789674 - samples/sec: 146.75 - lr: 0.000391
2022-03-27 23:19:20,089 epoch 43 - iter 40/107 - loss 0.04632274 - samples/sec: 146.94 - lr: 0.000391
2022-03-27 23:19:22,239 epoch 43 - iter 50/107 - loss 0.04786426 - samples/sec: 148.93 - lr: 0.000391
2022-03-27 23:19:24,271 epoch 43 - iter 60/107 - loss 0.04803061 - samples/sec: 157.54 - lr: 0.000391
2022-03-27 23:19:26,397 epoch 43 - iter 70/107 - loss 0.04830040 - samples/sec: 150.58 - lr: 0.000391
2022-03-27 23:19:28,849 epoch 43 - iter 80/107 - loss 0.04884882 - samples/sec: 130.53 - lr: 0.000391
2022-03-27 23:19:31,258 epoch 43 - iter 90/107 - loss 0.05041291 - samples/sec: 132.89 - lr: 0.000391
2022-03-27 23:19:33,717 epoch 43 - iter 100/107 - loss 0.04976185 - samples/sec: 130.22 - lr: 0.000391
2022-03-27 23:19:35,172 ----------------------------------------------------------------------------------------------------
2022-03-27 23:19:35,172 EPOCH 43 done: loss 0.0492 - lr 0.000391
2022-03-27 23:19:43,095 Evaluating as a multi-label problem: False
2022-03-27 23:19:43,106 DEV : loss 0.20386870205402374 - f1-score (micro avg)  0.4902
2022-03-27 23:19:43,179 Epoch    43: reducing learning rate of group 0 to 1.9531e-04.
2022-03-27 23:19:43,179 BAD EPOCHS (no improvement): 4
2022-03-27 23:19:43,182 ----------------------------------------------------------------------------------------------------
2022-03-27 23:19:45,512 epoch 44 - iter 10/107 - loss 0.04823138 - samples/sec: 137.41 - lr: 0.000195
2022-03-27 23:19:47,701 epoch 44 - iter 20/107 - loss 0.04549492 - samples/sec: 146.26 - lr: 0.000195
2022-03-27 23:19:50,217 epoch 44 - iter 30/107 - loss 0.04585625 - samples/sec: 127.21 - lr: 0.000195
2022-03-27 23:19:52,538 epoch 44 - iter 40/107 - loss 0.04449866 - samples/sec: 137.94 - lr: 0.000195
2022-03-27 23:19:54,914 epoch 44 - iter 50/107 - loss 0.04464198 - samples/sec: 134.76 - lr: 0.000195
2022-03-27 23:19:57,361 epoch 44 - iter 60/107 - loss 0.04756750 - samples/sec: 130.79 - lr: 0.000195
2022-03-27 23:19:59,786 epoch 44 - iter 70/107 - loss 0.04708138 - samples/sec: 132.06 - lr: 0.000195
2022-03-27 23:20:02,247 epoch 44 - iter 80/107 - loss 0.04817851 - samples/sec: 130.08 - lr: 0.000195
2022-03-27 23:20:04,566 epoch 44 - iter 90/107 - loss 0.04877333 - samples/sec: 138.03 - lr: 0.000195
2022-03-27 23:20:06,702 epoch 44 - iter 100/107 - loss 0.04831711 - samples/sec: 149.90 - lr: 0.000195
2022-03-27 23:20:08,027 ----------------------------------------------------------------------------------------------------
2022-03-27 23:20:08,028 EPOCH 44 done: loss 0.0485 - lr 0.000195
2022-03-27 23:20:15,106 Evaluating as a multi-label problem: False
2022-03-27 23:20:15,116 DEV : loss 0.20358513295650482 - f1-score (micro avg)  0.4898
2022-03-27 23:20:15,188 BAD EPOCHS (no improvement): 1
2022-03-27 23:20:15,191 ----------------------------------------------------------------------------------------------------
2022-03-27 23:20:17,606 epoch 45 - iter 10/107 - loss 0.05511858 - samples/sec: 132.56 - lr: 0.000195
2022-03-27 23:20:19,946 epoch 45 - iter 20/107 - loss 0.05808398 - samples/sec: 136.80 - lr: 0.000195
2022-03-27 23:20:22,393 epoch 45 - iter 30/107 - loss 0.05384523 - samples/sec: 130.83 - lr: 0.000195
2022-03-27 23:20:24,809 epoch 45 - iter 40/107 - loss 0.05180286 - samples/sec: 132.50 - lr: 0.000195
2022-03-27 23:20:27,154 epoch 45 - iter 50/107 - loss 0.05205343 - samples/sec: 136.53 - lr: 0.000195
2022-03-27 23:20:29,679 epoch 45 - iter 60/107 - loss 0.04991978 - samples/sec: 126.78 - lr: 0.000195
2022-03-27 23:20:31,958 epoch 45 - iter 70/107 - loss 0.04856430 - samples/sec: 140.48 - lr: 0.000195
2022-03-27 23:20:34,364 epoch 45 - iter 80/107 - loss 0.04873718 - samples/sec: 133.07 - lr: 0.000195
2022-03-27 23:20:36,838 epoch 45 - iter 90/107 - loss 0.04853973 - samples/sec: 129.42 - lr: 0.000195
2022-03-27 23:20:39,054 epoch 45 - iter 100/107 - loss 0.04812728 - samples/sec: 144.46 - lr: 0.000195
2022-03-27 23:20:40,505 ----------------------------------------------------------------------------------------------------
2022-03-27 23:20:40,505 EPOCH 45 done: loss 0.0481 - lr 0.000195
2022-03-27 23:20:48,251 Evaluating as a multi-label problem: False
2022-03-27 23:20:48,262 DEV : loss 0.2035880982875824 - f1-score (micro avg)  0.4894
2022-03-27 23:20:48,338 BAD EPOCHS (no improvement): 2
2022-03-27 23:20:48,342 ----------------------------------------------------------------------------------------------------
2022-03-27 23:20:50,422 epoch 46 - iter 10/107 - loss 0.04960803 - samples/sec: 153.88 - lr: 0.000195
2022-03-27 23:20:52,718 epoch 46 - iter 20/107 - loss 0.04994821 - samples/sec: 139.44 - lr: 0.000195
2022-03-27 23:20:54,776 epoch 46 - iter 30/107 - loss 0.04903007 - samples/sec: 155.56 - lr: 0.000195
2022-03-27 23:20:56,967 epoch 46 - iter 40/107 - loss 0.05037041 - samples/sec: 146.13 - lr: 0.000195
2022-03-27 23:20:59,044 epoch 46 - iter 50/107 - loss 0.05049082 - samples/sec: 154.14 - lr: 0.000195
2022-03-27 23:21:01,474 epoch 46 - iter 60/107 - loss 0.04952311 - samples/sec: 131.75 - lr: 0.000195
2022-03-27 23:21:03,680 epoch 46 - iter 70/107 - loss 0.04889083 - samples/sec: 145.10 - lr: 0.000195
2022-03-27 23:21:06,036 epoch 46 - iter 80/107 - loss 0.04819467 - samples/sec: 135.89 - lr: 0.000195
2022-03-27 23:21:08,471 epoch 46 - iter 90/107 - loss 0.04746762 - samples/sec: 131.44 - lr: 0.000195
2022-03-27 23:21:10,964 epoch 46 - iter 100/107 - loss 0.04882041 - samples/sec: 128.42 - lr: 0.000195
2022-03-27 23:21:12,422 ----------------------------------------------------------------------------------------------------
2022-03-27 23:21:12,423 EPOCH 46 done: loss 0.0494 - lr 0.000195
2022-03-27 23:21:20,101 Evaluating as a multi-label problem: False
2022-03-27 23:21:20,112 DEV : loss 0.20336826145648956 - f1-score (micro avg)  0.4894
2022-03-27 23:21:20,185 BAD EPOCHS (no improvement): 3
2022-03-27 23:21:20,188 ----------------------------------------------------------------------------------------------------
2022-03-27 23:21:22,571 epoch 47 - iter 10/107 - loss 0.04756185 - samples/sec: 134.38 - lr: 0.000195
2022-03-27 23:21:24,892 epoch 47 - iter 20/107 - loss 0.04361232 - samples/sec: 137.96 - lr: 0.000195
2022-03-27 23:21:27,195 epoch 47 - iter 30/107 - loss 0.04304871 - samples/sec: 139.02 - lr: 0.000195
2022-03-27 23:21:29,692 epoch 47 - iter 40/107 - loss 0.04854913 - samples/sec: 128.18 - lr: 0.000195
2022-03-27 23:21:32,080 epoch 47 - iter 50/107 - loss 0.04952037 - samples/sec: 134.09 - lr: 0.000195
2022-03-27 23:21:34,502 epoch 47 - iter 60/107 - loss 0.04963962 - samples/sec: 132.18 - lr: 0.000195
2022-03-27 23:21:36,656 epoch 47 - iter 70/107 - loss 0.05081915 - samples/sec: 148.63 - lr: 0.000195
2022-03-27 23:21:38,757 epoch 47 - iter 80/107 - loss 0.05060571 - samples/sec: 152.38 - lr: 0.000195
2022-03-27 23:21:41,052 epoch 47 - iter 90/107 - loss 0.05045524 - samples/sec: 139.46 - lr: 0.000195
2022-03-27 23:21:43,164 epoch 47 - iter 100/107 - loss 0.05042029 - samples/sec: 151.61 - lr: 0.000195
2022-03-27 23:21:44,522 ----------------------------------------------------------------------------------------------------
2022-03-27 23:21:44,522 EPOCH 47 done: loss 0.0503 - lr 0.000195
2022-03-27 23:21:52,015 Evaluating as a multi-label problem: False
2022-03-27 23:21:52,025 DEV : loss 0.20327110588550568 - f1-score (micro avg)  0.4894
2022-03-27 23:21:52,100 Epoch    47: reducing learning rate of group 0 to 9.7656e-05.
2022-03-27 23:21:52,100 BAD EPOCHS (no improvement): 4
2022-03-27 23:21:52,103 ----------------------------------------------------------------------------------------------------
2022-03-27 23:21:52,103 ----------------------------------------------------------------------------------------------------
2022-03-27 23:21:52,103 learning rate too small - quitting training!
2022-03-27 23:21:52,103 ----------------------------------------------------------------------------------------------------
2022-03-27 23:22:15,657 ----------------------------------------------------------------------------------------------------
2022-03-27 23:22:15,658 loading file resources/taggers/model_04_r5_run_1/best-model.pt
2022-03-27 23:22:30,513 SequenceTagger predicts: Dictionary with 27 tags: O, S-person, B-person, E-person, I-person, S-location, B-location, E-location, I-location, S-group, B-group, E-group, I-group, S-corporation, B-corporation, E-corporation, I-corporation, S-product, B-product, E-product, I-product, S-creative-work, B-creative-work, E-creative-work, I-creative-work, <START>, <STOP>
2022-03-27 23:22:50,894 Evaluating as a multi-label problem: False
2022-03-27 23:22:50,907 0.6514	0.317	0.4264	0.2898
2022-03-27 23:22:50,907 
Results:
- F-score (micro) 0.4264
- F-score (macro) 0.2758
- Accuracy 0.2898

By class:
               precision    recall  f1-score   support

       person     0.7129    0.5152    0.5981       429
     location     0.5865    0.5200    0.5512       150
        group     0.6136    0.1636    0.2584       165
creative-work     0.6111    0.0775    0.1375       142
      product     1.0000    0.0079    0.0156       127
  corporation     0.2105    0.0606    0.0941        66

    micro avg     0.6514    0.3170    0.4264      1079
    macro avg     0.6224    0.2241    0.2758      1079
 weighted avg     0.6698    0.3170    0.3796      1079

2022-03-27 23:22:50,907 ----------------------------------------------------------------------------------------------------
