2022-05-21 00:12:34,289 ----------------------------------------------------------------------------------------------------
2022-05-21 00:12:34,289 Model: "SequenceTagger(
  (embeddings): StackedEmbeddings(
    (list_embedding_0): GazetteerEmbeddings()
    (list_embedding_1): FlairEmbeddings(
      (lm): LanguageModel(
        (drop): Dropout(p=0.05, inplace=False)
        (encoder): Embedding(300, 100)
        (rnn): LSTM(100, 2048)
        (decoder): Linear(in_features=2048, out_features=300, bias=True)
      )
    )
    (list_embedding_2): FlairEmbeddings(
      (lm): LanguageModel(
        (drop): Dropout(p=0.05, inplace=False)
        (encoder): Embedding(300, 100)
        (rnn): LSTM(100, 2048)
        (decoder): Linear(in_features=2048, out_features=300, bias=True)
      )
    )
  )
  (word_dropout): WordDropout(p=0.05)
  (locked_dropout): LockedDropout(p=0.5)
  (embedding2nn): Linear(in_features=4101, out_features=4101, bias=True)
  (rnn): LSTM(4101, 256, batch_first=True, bidirectional=True)
  (linear): Linear(in_features=512, out_features=27, bias=True)
  (loss_function): ViterbiLoss()
  (crf): CRF()
)"
2022-05-21 00:12:34,289 ----------------------------------------------------------------------------------------------------
2022-05-21 00:12:34,289 Corpus: "Corpus: 3394 train + 1009 dev + 1287 test sentences"
2022-05-21 00:12:34,289 ----------------------------------------------------------------------------------------------------
2022-05-21 00:12:34,289 Parameters:
2022-05-21 00:12:34,289  - learning_rate: "0.100000"
2022-05-21 00:12:34,289  - mini_batch_size: "32"
2022-05-21 00:12:34,289  - patience: "3"
2022-05-21 00:12:34,289  - anneal_factor: "0.5"
2022-05-21 00:12:34,289  - max_epochs: "150"
2022-05-21 00:12:34,289  - shuffle: "True"
2022-05-21 00:12:34,290  - train_with_dev: "False"
2022-05-21 00:12:34,290  - batch_growth_annealing: "False"
2022-05-21 00:12:34,290 ----------------------------------------------------------------------------------------------------
2022-05-21 00:12:34,290 Model training base path: "resources/taggers/model_04_r13_run_4"
2022-05-21 00:12:34,290 ----------------------------------------------------------------------------------------------------
2022-05-21 00:12:34,290 Device: cuda:0
2022-05-21 00:12:34,290 ----------------------------------------------------------------------------------------------------
2022-05-21 00:12:34,290 Embeddings storage mode: cpu
2022-05-21 00:12:34,290 ----------------------------------------------------------------------------------------------------
2022-05-21 00:12:37,115 epoch 1 - iter 10/107 - loss 1.26320614 - samples/sec: 113.30 - lr: 0.100000
2022-05-21 00:12:39,774 epoch 1 - iter 20/107 - loss 0.77655451 - samples/sec: 120.42 - lr: 0.100000
2022-05-21 00:12:42,384 epoch 1 - iter 30/107 - loss 0.61013896 - samples/sec: 122.65 - lr: 0.100000
2022-05-21 00:12:44,934 epoch 1 - iter 40/107 - loss 0.52247055 - samples/sec: 125.57 - lr: 0.100000
2022-05-21 00:12:47,919 epoch 1 - iter 50/107 - loss 0.45983659 - samples/sec: 107.22 - lr: 0.100000
2022-05-21 00:12:50,298 epoch 1 - iter 60/107 - loss 0.43090866 - samples/sec: 134.59 - lr: 0.100000
2022-05-21 00:12:52,839 epoch 1 - iter 70/107 - loss 0.40826249 - samples/sec: 126.01 - lr: 0.100000
2022-05-21 00:12:55,161 epoch 1 - iter 80/107 - loss 0.39477837 - samples/sec: 137.87 - lr: 0.100000
2022-05-21 00:12:57,113 epoch 1 - iter 90/107 - loss 0.38324731 - samples/sec: 164.05 - lr: 0.100000
2022-05-21 00:12:59,418 epoch 1 - iter 100/107 - loss 0.37257422 - samples/sec: 138.86 - lr: 0.100000
2022-05-21 00:13:00,863 ----------------------------------------------------------------------------------------------------
2022-05-21 00:13:00,863 EPOCH 1 done: loss 0.3646 - lr 0.100000
2022-05-21 00:13:08,911 Evaluating as a multi-label problem: False
2022-05-21 00:13:08,922 DEV : loss 0.36488837003707886 - f1-score (micro avg)  0.208
2022-05-21 00:13:08,997 BAD EPOCHS (no improvement): 0
2022-05-21 00:13:09,000 saving best model
2022-05-21 00:13:53,753 ----------------------------------------------------------------------------------------------------
2022-05-21 00:13:56,633 epoch 2 - iter 10/107 - loss 0.18969652 - samples/sec: 111.22 - lr: 0.100000
2022-05-21 00:13:59,573 epoch 2 - iter 20/107 - loss 0.17330763 - samples/sec: 108.93 - lr: 0.100000
2022-05-21 00:14:02,209 epoch 2 - iter 30/107 - loss 0.18187344 - samples/sec: 121.46 - lr: 0.100000
2022-05-21 00:14:04,732 epoch 2 - iter 40/107 - loss 0.19198353 - samples/sec: 126.90 - lr: 0.100000
2022-05-21 00:14:07,581 epoch 2 - iter 50/107 - loss 0.19395898 - samples/sec: 112.38 - lr: 0.100000
2022-05-21 00:14:10,094 epoch 2 - iter 60/107 - loss 0.18931715 - samples/sec: 127.40 - lr: 0.100000
2022-05-21 00:14:12,693 epoch 2 - iter 70/107 - loss 0.19294068 - samples/sec: 123.19 - lr: 0.100000
2022-05-21 00:14:15,461 epoch 2 - iter 80/107 - loss 0.19286387 - samples/sec: 115.65 - lr: 0.100000
2022-05-21 00:14:17,686 epoch 2 - iter 90/107 - loss 0.19008307 - samples/sec: 143.91 - lr: 0.100000
2022-05-21 00:14:20,100 epoch 2 - iter 100/107 - loss 0.18657495 - samples/sec: 132.62 - lr: 0.100000
2022-05-21 00:14:21,535 ----------------------------------------------------------------------------------------------------
2022-05-21 00:14:21,535 EPOCH 2 done: loss 0.1878 - lr 0.100000
2022-05-21 00:14:29,806 Evaluating as a multi-label problem: False
2022-05-21 00:14:29,817 DEV : loss 0.3159690797328949 - f1-score (micro avg)  0.3056
2022-05-21 00:14:29,895 BAD EPOCHS (no improvement): 0
2022-05-21 00:14:29,897 saving best model
2022-05-21 00:15:14,991 ----------------------------------------------------------------------------------------------------
2022-05-21 00:15:17,858 epoch 3 - iter 10/107 - loss 0.16231575 - samples/sec: 111.70 - lr: 0.100000
2022-05-21 00:15:20,376 epoch 3 - iter 20/107 - loss 0.16887517 - samples/sec: 127.17 - lr: 0.100000
2022-05-21 00:15:22,917 epoch 3 - iter 30/107 - loss 0.17119513 - samples/sec: 125.95 - lr: 0.100000
2022-05-21 00:15:25,531 epoch 3 - iter 40/107 - loss 0.16666541 - samples/sec: 122.48 - lr: 0.100000
2022-05-21 00:15:28,113 epoch 3 - iter 50/107 - loss 0.16411905 - samples/sec: 124.00 - lr: 0.100000
2022-05-21 00:15:30,885 epoch 3 - iter 60/107 - loss 0.16218768 - samples/sec: 115.50 - lr: 0.100000
2022-05-21 00:15:33,578 epoch 3 - iter 70/107 - loss 0.15536097 - samples/sec: 118.84 - lr: 0.100000
2022-05-21 00:15:36,494 epoch 3 - iter 80/107 - loss 0.15482962 - samples/sec: 109.79 - lr: 0.100000
2022-05-21 00:15:39,306 epoch 3 - iter 90/107 - loss 0.15530644 - samples/sec: 113.84 - lr: 0.100000
2022-05-21 00:15:41,698 epoch 3 - iter 100/107 - loss 0.15379503 - samples/sec: 133.84 - lr: 0.100000
2022-05-21 00:15:43,115 ----------------------------------------------------------------------------------------------------
2022-05-21 00:15:43,115 EPOCH 3 done: loss 0.1542 - lr 0.100000
2022-05-21 00:15:51,007 Evaluating as a multi-label problem: False
2022-05-21 00:15:51,022 DEV : loss 0.21722963452339172 - f1-score (micro avg)  0.5245
2022-05-21 00:15:51,097 BAD EPOCHS (no improvement): 0
2022-05-21 00:15:51,113 saving best model
2022-05-21 00:16:36,133 ----------------------------------------------------------------------------------------------------
2022-05-21 00:16:38,869 epoch 4 - iter 10/107 - loss 0.12564693 - samples/sec: 117.09 - lr: 0.100000
2022-05-21 00:16:41,408 epoch 4 - iter 20/107 - loss 0.13039241 - samples/sec: 126.07 - lr: 0.100000
2022-05-21 00:16:43,998 epoch 4 - iter 30/107 - loss 0.13246719 - samples/sec: 123.62 - lr: 0.100000
2022-05-21 00:16:46,699 epoch 4 - iter 40/107 - loss 0.13263147 - samples/sec: 118.56 - lr: 0.100000
2022-05-21 00:16:49,461 epoch 4 - iter 50/107 - loss 0.13398800 - samples/sec: 115.89 - lr: 0.100000
2022-05-21 00:16:52,311 epoch 4 - iter 60/107 - loss 0.13578535 - samples/sec: 112.33 - lr: 0.100000
2022-05-21 00:16:55,093 epoch 4 - iter 70/107 - loss 0.13824284 - samples/sec: 115.08 - lr: 0.100000
2022-05-21 00:16:57,816 epoch 4 - iter 80/107 - loss 0.13939496 - samples/sec: 117.57 - lr: 0.100000
2022-05-21 00:17:00,346 epoch 4 - iter 90/107 - loss 0.13762737 - samples/sec: 126.51 - lr: 0.100000
2022-05-21 00:17:02,937 epoch 4 - iter 100/107 - loss 0.13483274 - samples/sec: 123.54 - lr: 0.100000
2022-05-21 00:17:04,525 ----------------------------------------------------------------------------------------------------
2022-05-21 00:17:04,526 EPOCH 4 done: loss 0.1359 - lr 0.100000
2022-05-21 00:17:11,109 Evaluating as a multi-label problem: False
2022-05-21 00:17:11,121 DEV : loss 0.27168792486190796 - f1-score (micro avg)  0.4149
2022-05-21 00:17:11,196 BAD EPOCHS (no improvement): 1
2022-05-21 00:17:11,214 ----------------------------------------------------------------------------------------------------
2022-05-21 00:17:13,754 epoch 5 - iter 10/107 - loss 0.14911527 - samples/sec: 126.03 - lr: 0.100000
2022-05-21 00:17:16,337 epoch 5 - iter 20/107 - loss 0.14949916 - samples/sec: 123.97 - lr: 0.100000
2022-05-21 00:17:19,253 epoch 5 - iter 30/107 - loss 0.12895963 - samples/sec: 109.78 - lr: 0.100000
2022-05-21 00:17:22,021 epoch 5 - iter 40/107 - loss 0.12958537 - samples/sec: 115.64 - lr: 0.100000
2022-05-21 00:17:24,543 epoch 5 - iter 50/107 - loss 0.12741469 - samples/sec: 126.95 - lr: 0.100000
2022-05-21 00:17:27,054 epoch 5 - iter 60/107 - loss 0.12663808 - samples/sec: 127.54 - lr: 0.100000
2022-05-21 00:17:29,635 epoch 5 - iter 70/107 - loss 0.12490362 - samples/sec: 124.02 - lr: 0.100000
2022-05-21 00:17:32,089 epoch 5 - iter 80/107 - loss 0.12612588 - samples/sec: 130.47 - lr: 0.100000
2022-05-21 00:17:34,685 epoch 5 - iter 90/107 - loss 0.12378744 - samples/sec: 123.31 - lr: 0.100000
2022-05-21 00:17:37,138 epoch 5 - iter 100/107 - loss 0.12249398 - samples/sec: 130.51 - lr: 0.100000
2022-05-21 00:17:38,664 ----------------------------------------------------------------------------------------------------
2022-05-21 00:17:38,664 EPOCH 5 done: loss 0.1229 - lr 0.100000
2022-05-21 00:17:45,278 Evaluating as a multi-label problem: False
2022-05-21 00:17:45,290 DEV : loss 0.2079189419746399 - f1-score (micro avg)  0.4848
2022-05-21 00:17:45,367 BAD EPOCHS (no improvement): 2
2022-05-21 00:17:45,369 ----------------------------------------------------------------------------------------------------
2022-05-21 00:17:47,905 epoch 6 - iter 10/107 - loss 0.12456187 - samples/sec: 126.23 - lr: 0.100000
2022-05-21 00:17:50,623 epoch 6 - iter 20/107 - loss 0.12115633 - samples/sec: 117.77 - lr: 0.100000
2022-05-21 00:17:53,265 epoch 6 - iter 30/107 - loss 0.11585852 - samples/sec: 121.18 - lr: 0.100000
2022-05-21 00:17:55,805 epoch 6 - iter 40/107 - loss 0.11518028 - samples/sec: 126.03 - lr: 0.100000
2022-05-21 00:17:58,672 epoch 6 - iter 50/107 - loss 0.12028278 - samples/sec: 111.66 - lr: 0.100000
2022-05-21 00:18:01,207 epoch 6 - iter 60/107 - loss 0.11717129 - samples/sec: 126.29 - lr: 0.100000
2022-05-21 00:18:03,745 epoch 6 - iter 70/107 - loss 0.11657342 - samples/sec: 126.16 - lr: 0.100000
2022-05-21 00:18:06,331 epoch 6 - iter 80/107 - loss 0.11813172 - samples/sec: 123.81 - lr: 0.100000
2022-05-21 00:18:08,948 epoch 6 - iter 90/107 - loss 0.11822869 - samples/sec: 122.31 - lr: 0.100000
2022-05-21 00:18:11,532 epoch 6 - iter 100/107 - loss 0.11690584 - samples/sec: 123.88 - lr: 0.100000
2022-05-21 00:18:13,095 ----------------------------------------------------------------------------------------------------
2022-05-21 00:18:13,095 EPOCH 6 done: loss 0.1155 - lr 0.100000
2022-05-21 00:18:19,922 Evaluating as a multi-label problem: False
2022-05-21 00:18:19,935 DEV : loss 0.1823759377002716 - f1-score (micro avg)  0.5458
2022-05-21 00:18:20,010 BAD EPOCHS (no improvement): 0
2022-05-21 00:18:20,011 saving best model
2022-05-21 00:19:05,577 ----------------------------------------------------------------------------------------------------
2022-05-21 00:19:08,037 epoch 7 - iter 10/107 - loss 0.10249338 - samples/sec: 130.19 - lr: 0.100000
2022-05-21 00:19:10,381 epoch 7 - iter 20/107 - loss 0.10251356 - samples/sec: 136.60 - lr: 0.100000
2022-05-21 00:19:13,136 epoch 7 - iter 30/107 - loss 0.10230315 - samples/sec: 116.22 - lr: 0.100000
2022-05-21 00:19:15,791 epoch 7 - iter 40/107 - loss 0.10281328 - samples/sec: 120.59 - lr: 0.100000
2022-05-21 00:19:18,322 epoch 7 - iter 50/107 - loss 0.10476261 - samples/sec: 126.49 - lr: 0.100000
2022-05-21 00:19:20,898 epoch 7 - iter 60/107 - loss 0.10858587 - samples/sec: 124.27 - lr: 0.100000
2022-05-21 00:19:23,665 epoch 7 - iter 70/107 - loss 0.10773689 - samples/sec: 115.73 - lr: 0.100000
2022-05-21 00:19:26,252 epoch 7 - iter 80/107 - loss 0.10822673 - samples/sec: 123.74 - lr: 0.100000
2022-05-21 00:19:29,197 epoch 7 - iter 90/107 - loss 0.10875471 - samples/sec: 108.69 - lr: 0.100000
2022-05-21 00:19:31,870 epoch 7 - iter 100/107 - loss 0.10856263 - samples/sec: 119.79 - lr: 0.100000
2022-05-21 00:19:33,738 ----------------------------------------------------------------------------------------------------
2022-05-21 00:19:33,739 EPOCH 7 done: loss 0.1083 - lr 0.100000
2022-05-21 00:19:41,686 Evaluating as a multi-label problem: False
2022-05-21 00:19:41,698 DEV : loss 0.2009510099887848 - f1-score (micro avg)  0.4824
2022-05-21 00:19:41,771 BAD EPOCHS (no improvement): 1
2022-05-21 00:19:41,773 ----------------------------------------------------------------------------------------------------
2022-05-21 00:19:44,242 epoch 8 - iter 10/107 - loss 0.09749190 - samples/sec: 129.72 - lr: 0.100000
2022-05-21 00:19:46,441 epoch 8 - iter 20/107 - loss 0.09919484 - samples/sec: 145.55 - lr: 0.100000
2022-05-21 00:19:49,031 epoch 8 - iter 30/107 - loss 0.10730891 - samples/sec: 123.62 - lr: 0.100000
2022-05-21 00:19:51,560 epoch 8 - iter 40/107 - loss 0.10601547 - samples/sec: 126.60 - lr: 0.100000
2022-05-21 00:19:54,088 epoch 8 - iter 50/107 - loss 0.10738523 - samples/sec: 126.63 - lr: 0.100000
2022-05-21 00:19:56,702 epoch 8 - iter 60/107 - loss 0.10726759 - samples/sec: 122.44 - lr: 0.100000
2022-05-21 00:19:59,149 epoch 8 - iter 70/107 - loss 0.10582666 - samples/sec: 130.84 - lr: 0.100000
2022-05-21 00:20:01,713 epoch 8 - iter 80/107 - loss 0.10414538 - samples/sec: 124.88 - lr: 0.100000
2022-05-21 00:20:04,431 epoch 8 - iter 90/107 - loss 0.10361210 - samples/sec: 117.76 - lr: 0.100000
2022-05-21 00:20:06,916 epoch 8 - iter 100/107 - loss 0.10187248 - samples/sec: 128.86 - lr: 0.100000
2022-05-21 00:20:08,432 ----------------------------------------------------------------------------------------------------
2022-05-21 00:20:08,432 EPOCH 8 done: loss 0.1025 - lr 0.100000
2022-05-21 00:20:16,080 Evaluating as a multi-label problem: False
2022-05-21 00:20:16,092 DEV : loss 0.1882183700799942 - f1-score (micro avg)  0.4992
2022-05-21 00:20:16,167 BAD EPOCHS (no improvement): 2
2022-05-21 00:20:16,169 ----------------------------------------------------------------------------------------------------
2022-05-21 00:20:18,585 epoch 9 - iter 10/107 - loss 0.11476706 - samples/sec: 132.54 - lr: 0.100000
2022-05-21 00:20:21,001 epoch 9 - iter 20/107 - loss 0.09293518 - samples/sec: 132.53 - lr: 0.100000
2022-05-21 00:20:23,560 epoch 9 - iter 30/107 - loss 0.09179007 - samples/sec: 125.09 - lr: 0.100000
2022-05-21 00:20:26,317 epoch 9 - iter 40/107 - loss 0.09071596 - samples/sec: 116.12 - lr: 0.100000
2022-05-21 00:20:29,075 epoch 9 - iter 50/107 - loss 0.09126561 - samples/sec: 116.08 - lr: 0.100000
2022-05-21 00:20:31,842 epoch 9 - iter 60/107 - loss 0.09147863 - samples/sec: 115.70 - lr: 0.100000
2022-05-21 00:20:34,413 epoch 9 - iter 70/107 - loss 0.09285117 - samples/sec: 124.51 - lr: 0.100000
2022-05-21 00:20:37,162 epoch 9 - iter 80/107 - loss 0.09506156 - samples/sec: 116.48 - lr: 0.100000
2022-05-21 00:20:39,702 epoch 9 - iter 90/107 - loss 0.09709005 - samples/sec: 126.01 - lr: 0.100000
2022-05-21 00:20:42,479 epoch 9 - iter 100/107 - loss 0.09686195 - samples/sec: 115.30 - lr: 0.100000
2022-05-21 00:20:44,097 ----------------------------------------------------------------------------------------------------
2022-05-21 00:20:44,097 EPOCH 9 done: loss 0.0965 - lr 0.100000
2022-05-21 00:20:51,669 Evaluating as a multi-label problem: False
2022-05-21 00:20:51,680 DEV : loss 0.23362316191196442 - f1-score (micro avg)  0.4288
2022-05-21 00:20:51,754 BAD EPOCHS (no improvement): 3
2022-05-21 00:20:51,756 ----------------------------------------------------------------------------------------------------
2022-05-21 00:20:53,410 epoch 10 - iter 10/107 - loss 0.08321750 - samples/sec: 193.63 - lr: 0.100000
2022-05-21 00:20:55,200 epoch 10 - iter 20/107 - loss 0.09054248 - samples/sec: 178.82 - lr: 0.100000
2022-05-21 00:20:57,019 epoch 10 - iter 30/107 - loss 0.08691750 - samples/sec: 176.04 - lr: 0.100000
2022-05-21 00:20:58,898 epoch 10 - iter 40/107 - loss 0.08874318 - samples/sec: 170.43 - lr: 0.100000
2022-05-21 00:21:01,230 epoch 10 - iter 50/107 - loss 0.08994463 - samples/sec: 137.29 - lr: 0.100000
2022-05-21 00:21:03,914 epoch 10 - iter 60/107 - loss 0.09023245 - samples/sec: 119.28 - lr: 0.100000
2022-05-21 00:21:06,559 epoch 10 - iter 70/107 - loss 0.09009316 - samples/sec: 121.06 - lr: 0.100000
2022-05-21 00:21:09,053 epoch 10 - iter 80/107 - loss 0.09071303 - samples/sec: 128.38 - lr: 0.100000
2022-05-21 00:21:11,543 epoch 10 - iter 90/107 - loss 0.09187173 - samples/sec: 128.54 - lr: 0.100000
2022-05-21 00:21:14,094 epoch 10 - iter 100/107 - loss 0.09088030 - samples/sec: 125.53 - lr: 0.100000
2022-05-21 00:21:15,738 ----------------------------------------------------------------------------------------------------
2022-05-21 00:21:15,738 EPOCH 10 done: loss 0.0905 - lr 0.100000
2022-05-21 00:21:24,820 Evaluating as a multi-label problem: False
2022-05-21 00:21:24,833 DEV : loss 0.1832621842622757 - f1-score (micro avg)  0.5339
2022-05-21 00:21:24,910 Epoch    10: reducing learning rate of group 0 to 5.0000e-02.
2022-05-21 00:21:24,910 BAD EPOCHS (no improvement): 4
2022-05-21 00:21:24,913 ----------------------------------------------------------------------------------------------------
2022-05-21 00:21:27,522 epoch 11 - iter 10/107 - loss 0.08918654 - samples/sec: 122.70 - lr: 0.050000
2022-05-21 00:21:29,810 epoch 11 - iter 20/107 - loss 0.07993524 - samples/sec: 139.96 - lr: 0.050000
2022-05-21 00:21:32,152 epoch 11 - iter 30/107 - loss 0.07728748 - samples/sec: 136.67 - lr: 0.050000
2022-05-21 00:21:34,582 epoch 11 - iter 40/107 - loss 0.07765048 - samples/sec: 131.78 - lr: 0.050000
2022-05-21 00:21:37,109 epoch 11 - iter 50/107 - loss 0.08077486 - samples/sec: 126.69 - lr: 0.050000
2022-05-21 00:21:39,698 epoch 11 - iter 60/107 - loss 0.08236599 - samples/sec: 123.61 - lr: 0.050000
2022-05-21 00:21:42,278 epoch 11 - iter 70/107 - loss 0.08076263 - samples/sec: 124.09 - lr: 0.050000
2022-05-21 00:21:44,849 epoch 11 - iter 80/107 - loss 0.08137510 - samples/sec: 124.51 - lr: 0.050000
2022-05-21 00:21:47,440 epoch 11 - iter 90/107 - loss 0.08002758 - samples/sec: 123.58 - lr: 0.050000
2022-05-21 00:21:50,017 epoch 11 - iter 100/107 - loss 0.08003963 - samples/sec: 124.24 - lr: 0.050000
2022-05-21 00:21:51,680 ----------------------------------------------------------------------------------------------------
2022-05-21 00:21:51,681 EPOCH 11 done: loss 0.0810 - lr 0.050000
2022-05-21 00:22:00,338 Evaluating as a multi-label problem: False
2022-05-21 00:22:00,350 DEV : loss 0.2022247314453125 - f1-score (micro avg)  0.4588
2022-05-21 00:22:00,423 BAD EPOCHS (no improvement): 1
2022-05-21 00:22:00,425 ----------------------------------------------------------------------------------------------------
2022-05-21 00:22:03,102 epoch 12 - iter 10/107 - loss 0.06703964 - samples/sec: 119.64 - lr: 0.050000
2022-05-21 00:22:05,374 epoch 12 - iter 20/107 - loss 0.07690471 - samples/sec: 140.87 - lr: 0.050000
2022-05-21 00:22:07,804 epoch 12 - iter 30/107 - loss 0.07697198 - samples/sec: 131.77 - lr: 0.050000
2022-05-21 00:22:10,325 epoch 12 - iter 40/107 - loss 0.08197838 - samples/sec: 127.00 - lr: 0.050000
2022-05-21 00:22:12,890 epoch 12 - iter 50/107 - loss 0.08004403 - samples/sec: 124.83 - lr: 0.050000
2022-05-21 00:22:15,654 epoch 12 - iter 60/107 - loss 0.07817734 - samples/sec: 115.82 - lr: 0.050000
2022-05-21 00:22:18,269 epoch 12 - iter 70/107 - loss 0.07872769 - samples/sec: 122.39 - lr: 0.050000
2022-05-21 00:22:20,763 epoch 12 - iter 80/107 - loss 0.07908304 - samples/sec: 128.39 - lr: 0.050000
2022-05-21 00:22:23,373 epoch 12 - iter 90/107 - loss 0.07886184 - samples/sec: 122.66 - lr: 0.050000
2022-05-21 00:22:25,849 epoch 12 - iter 100/107 - loss 0.07845180 - samples/sec: 129.28 - lr: 0.050000
2022-05-21 00:22:27,416 ----------------------------------------------------------------------------------------------------
2022-05-21 00:22:27,416 EPOCH 12 done: loss 0.0782 - lr 0.050000
2022-05-21 00:22:36,219 Evaluating as a multi-label problem: False
2022-05-21 00:22:36,231 DEV : loss 0.21353521943092346 - f1-score (micro avg)  0.434
2022-05-21 00:22:36,308 BAD EPOCHS (no improvement): 2
2022-05-21 00:22:36,311 ----------------------------------------------------------------------------------------------------
2022-05-21 00:22:38,641 epoch 13 - iter 10/107 - loss 0.07465627 - samples/sec: 137.44 - lr: 0.050000
2022-05-21 00:22:41,006 epoch 13 - iter 20/107 - loss 0.07438625 - samples/sec: 135.39 - lr: 0.050000
2022-05-21 00:22:43,318 epoch 13 - iter 30/107 - loss 0.07662994 - samples/sec: 138.48 - lr: 0.050000
2022-05-21 00:22:45,784 epoch 13 - iter 40/107 - loss 0.07512845 - samples/sec: 129.84 - lr: 0.050000
2022-05-21 00:22:48,321 epoch 13 - iter 50/107 - loss 0.07521401 - samples/sec: 126.19 - lr: 0.050000
2022-05-21 00:22:50,904 epoch 13 - iter 60/107 - loss 0.07600016 - samples/sec: 123.94 - lr: 0.050000
2022-05-21 00:22:53,535 epoch 13 - iter 70/107 - loss 0.07695484 - samples/sec: 121.69 - lr: 0.050000
2022-05-21 00:22:56,123 epoch 13 - iter 80/107 - loss 0.07409931 - samples/sec: 123.69 - lr: 0.050000
2022-05-21 00:22:58,691 epoch 13 - iter 90/107 - loss 0.07507731 - samples/sec: 124.65 - lr: 0.050000
2022-05-21 00:23:01,416 epoch 13 - iter 100/107 - loss 0.07405219 - samples/sec: 117.48 - lr: 0.050000
2022-05-21 00:23:03,353 ----------------------------------------------------------------------------------------------------
2022-05-21 00:23:03,354 EPOCH 13 done: loss 0.0740 - lr 0.050000
2022-05-21 00:23:12,273 Evaluating as a multi-label problem: False
2022-05-21 00:23:12,285 DEV : loss 0.1926032155752182 - f1-score (micro avg)  0.5066
2022-05-21 00:23:12,360 BAD EPOCHS (no improvement): 3
2022-05-21 00:23:12,362 ----------------------------------------------------------------------------------------------------
2022-05-21 00:23:14,896 epoch 14 - iter 10/107 - loss 0.06427370 - samples/sec: 126.38 - lr: 0.050000
2022-05-21 00:23:17,265 epoch 14 - iter 20/107 - loss 0.06290368 - samples/sec: 135.13 - lr: 0.050000
2022-05-21 00:23:19,578 epoch 14 - iter 30/107 - loss 0.06544088 - samples/sec: 138.41 - lr: 0.050000
2022-05-21 00:23:22,067 epoch 14 - iter 40/107 - loss 0.06872310 - samples/sec: 128.63 - lr: 0.050000
2022-05-21 00:23:24,982 epoch 14 - iter 50/107 - loss 0.06903983 - samples/sec: 109.83 - lr: 0.050000
2022-05-21 00:23:27,458 epoch 14 - iter 60/107 - loss 0.06768685 - samples/sec: 129.33 - lr: 0.050000
2022-05-21 00:23:30,076 epoch 14 - iter 70/107 - loss 0.06956380 - samples/sec: 122.28 - lr: 0.050000
2022-05-21 00:23:32,701 epoch 14 - iter 80/107 - loss 0.07041266 - samples/sec: 121.97 - lr: 0.050000
2022-05-21 00:23:35,729 epoch 14 - iter 90/107 - loss 0.07102279 - samples/sec: 105.72 - lr: 0.050000
2022-05-21 00:23:38,355 epoch 14 - iter 100/107 - loss 0.07200895 - samples/sec: 121.91 - lr: 0.050000
2022-05-21 00:23:39,953 ----------------------------------------------------------------------------------------------------
2022-05-21 00:23:39,953 EPOCH 14 done: loss 0.0722 - lr 0.050000
2022-05-21 00:23:48,404 Evaluating as a multi-label problem: False
2022-05-21 00:23:48,416 DEV : loss 0.18852034211158752 - f1-score (micro avg)  0.5095
2022-05-21 00:23:48,490 Epoch    14: reducing learning rate of group 0 to 2.5000e-02.
2022-05-21 00:23:48,491 BAD EPOCHS (no improvement): 4
2022-05-21 00:23:48,493 ----------------------------------------------------------------------------------------------------
2022-05-21 00:23:50,762 epoch 15 - iter 10/107 - loss 0.06847608 - samples/sec: 141.12 - lr: 0.025000
2022-05-21 00:23:53,199 epoch 15 - iter 20/107 - loss 0.06632320 - samples/sec: 131.36 - lr: 0.025000
2022-05-21 00:23:55,774 epoch 15 - iter 30/107 - loss 0.06654370 - samples/sec: 124.32 - lr: 0.025000
2022-05-21 00:23:58,405 epoch 15 - iter 40/107 - loss 0.06853386 - samples/sec: 121.68 - lr: 0.025000
2022-05-21 00:24:00,927 epoch 15 - iter 50/107 - loss 0.06778555 - samples/sec: 126.95 - lr: 0.025000
2022-05-21 00:24:03,506 epoch 15 - iter 60/107 - loss 0.06712266 - samples/sec: 124.12 - lr: 0.025000
2022-05-21 00:24:06,170 epoch 15 - iter 70/107 - loss 0.06710164 - samples/sec: 120.16 - lr: 0.025000
2022-05-21 00:24:08,896 epoch 15 - iter 80/107 - loss 0.06683862 - samples/sec: 117.46 - lr: 0.025000
2022-05-21 00:24:11,650 epoch 15 - iter 90/107 - loss 0.06556790 - samples/sec: 116.24 - lr: 0.025000
2022-05-21 00:24:14,394 epoch 15 - iter 100/107 - loss 0.06645421 - samples/sec: 116.64 - lr: 0.025000
2022-05-21 00:24:16,007 ----------------------------------------------------------------------------------------------------
2022-05-21 00:24:16,007 EPOCH 15 done: loss 0.0675 - lr 0.025000
2022-05-21 00:24:24,389 Evaluating as a multi-label problem: False
2022-05-21 00:24:24,401 DEV : loss 0.1905808299779892 - f1-score (micro avg)  0.5126
2022-05-21 00:24:24,475 BAD EPOCHS (no improvement): 1
2022-05-21 00:24:24,477 ----------------------------------------------------------------------------------------------------
2022-05-21 00:24:26,951 epoch 16 - iter 10/107 - loss 0.07304439 - samples/sec: 129.45 - lr: 0.025000
2022-05-21 00:24:29,342 epoch 16 - iter 20/107 - loss 0.06966591 - samples/sec: 133.89 - lr: 0.025000
2022-05-21 00:24:31,967 epoch 16 - iter 30/107 - loss 0.06733131 - samples/sec: 121.96 - lr: 0.025000
2022-05-21 00:24:34,560 epoch 16 - iter 40/107 - loss 0.06753440 - samples/sec: 123.43 - lr: 0.025000
2022-05-21 00:24:37,159 epoch 16 - iter 50/107 - loss 0.06715422 - samples/sec: 123.21 - lr: 0.025000
2022-05-21 00:24:39,695 epoch 16 - iter 60/107 - loss 0.06677829 - samples/sec: 126.21 - lr: 0.025000
2022-05-21 00:24:42,275 epoch 16 - iter 70/107 - loss 0.06636927 - samples/sec: 124.11 - lr: 0.025000
2022-05-21 00:24:44,897 epoch 16 - iter 80/107 - loss 0.06570150 - samples/sec: 122.10 - lr: 0.025000
2022-05-21 00:24:47,652 epoch 16 - iter 90/107 - loss 0.06473192 - samples/sec: 116.20 - lr: 0.025000
2022-05-21 00:24:50,244 epoch 16 - iter 100/107 - loss 0.06582368 - samples/sec: 123.51 - lr: 0.025000
2022-05-21 00:24:51,865 ----------------------------------------------------------------------------------------------------
2022-05-21 00:24:51,866 EPOCH 16 done: loss 0.0655 - lr 0.025000
2022-05-21 00:24:59,684 Evaluating as a multi-label problem: False
2022-05-21 00:24:59,697 DEV : loss 0.1761636883020401 - f1-score (micro avg)  0.5214
2022-05-21 00:24:59,773 BAD EPOCHS (no improvement): 2
2022-05-21 00:24:59,781 ----------------------------------------------------------------------------------------------------
2022-05-21 00:25:02,134 epoch 17 - iter 10/107 - loss 0.07538211 - samples/sec: 136.07 - lr: 0.025000
2022-05-21 00:25:04,580 epoch 17 - iter 20/107 - loss 0.07071879 - samples/sec: 130.90 - lr: 0.025000
2022-05-21 00:25:07,090 epoch 17 - iter 30/107 - loss 0.06364123 - samples/sec: 127.55 - lr: 0.025000
2022-05-21 00:25:09,586 epoch 17 - iter 40/107 - loss 0.06599996 - samples/sec: 128.30 - lr: 0.025000
2022-05-21 00:25:12,048 epoch 17 - iter 50/107 - loss 0.06610552 - samples/sec: 130.03 - lr: 0.025000
2022-05-21 00:25:14,561 epoch 17 - iter 60/107 - loss 0.06883656 - samples/sec: 127.41 - lr: 0.025000
2022-05-21 00:25:17,038 epoch 17 - iter 70/107 - loss 0.06847892 - samples/sec: 129.22 - lr: 0.025000
2022-05-21 00:25:19,610 epoch 17 - iter 80/107 - loss 0.06656656 - samples/sec: 124.50 - lr: 0.025000
2022-05-21 00:25:22,245 epoch 17 - iter 90/107 - loss 0.06483815 - samples/sec: 121.47 - lr: 0.025000
2022-05-21 00:25:24,830 epoch 17 - iter 100/107 - loss 0.06572878 - samples/sec: 123.86 - lr: 0.025000
2022-05-21 00:25:26,395 ----------------------------------------------------------------------------------------------------
2022-05-21 00:25:26,395 EPOCH 17 done: loss 0.0652 - lr 0.025000
2022-05-21 00:25:33,968 Evaluating as a multi-label problem: False
2022-05-21 00:25:33,979 DEV : loss 0.19749248027801514 - f1-score (micro avg)  0.4932
2022-05-21 00:25:34,055 BAD EPOCHS (no improvement): 3
2022-05-21 00:25:34,076 ----------------------------------------------------------------------------------------------------
2022-05-21 00:25:36,419 epoch 18 - iter 10/107 - loss 0.06794224 - samples/sec: 136.68 - lr: 0.025000
2022-05-21 00:25:38,673 epoch 18 - iter 20/107 - loss 0.06078208 - samples/sec: 142.05 - lr: 0.025000
2022-05-21 00:25:41,145 epoch 18 - iter 30/107 - loss 0.05942109 - samples/sec: 129.49 - lr: 0.025000
2022-05-21 00:25:43,868 epoch 18 - iter 40/107 - loss 0.06209679 - samples/sec: 117.56 - lr: 0.025000
2022-05-21 00:25:46,424 epoch 18 - iter 50/107 - loss 0.06493120 - samples/sec: 125.28 - lr: 0.025000
2022-05-21 00:25:49,067 epoch 18 - iter 60/107 - loss 0.06459790 - samples/sec: 121.10 - lr: 0.025000
2022-05-21 00:25:51,613 epoch 18 - iter 70/107 - loss 0.06498105 - samples/sec: 125.78 - lr: 0.025000
2022-05-21 00:25:54,208 epoch 18 - iter 80/107 - loss 0.06297280 - samples/sec: 123.36 - lr: 0.025000
2022-05-21 00:25:56,822 epoch 18 - iter 90/107 - loss 0.06275663 - samples/sec: 122.49 - lr: 0.025000
2022-05-21 00:25:59,481 epoch 18 - iter 100/107 - loss 0.06341183 - samples/sec: 120.40 - lr: 0.025000
2022-05-21 00:26:01,342 ----------------------------------------------------------------------------------------------------
2022-05-21 00:26:01,342 EPOCH 18 done: loss 0.0634 - lr 0.025000
2022-05-21 00:26:09,479 Evaluating as a multi-label problem: False
2022-05-21 00:26:09,491 DEV : loss 0.1842726469039917 - f1-score (micro avg)  0.5118
2022-05-21 00:26:09,569 Epoch    18: reducing learning rate of group 0 to 1.2500e-02.
2022-05-21 00:26:09,570 BAD EPOCHS (no improvement): 4
2022-05-21 00:26:09,571 ----------------------------------------------------------------------------------------------------
2022-05-21 00:26:11,919 epoch 19 - iter 10/107 - loss 0.06219284 - samples/sec: 136.38 - lr: 0.012500
2022-05-21 00:26:14,466 epoch 19 - iter 20/107 - loss 0.05793657 - samples/sec: 125.68 - lr: 0.012500
2022-05-21 00:26:17,038 epoch 19 - iter 30/107 - loss 0.05628993 - samples/sec: 124.48 - lr: 0.012500
2022-05-21 00:26:19,540 epoch 19 - iter 40/107 - loss 0.05867047 - samples/sec: 127.95 - lr: 0.012500
2022-05-21 00:26:22,047 epoch 19 - iter 50/107 - loss 0.05975219 - samples/sec: 127.71 - lr: 0.012500
2022-05-21 00:26:24,542 epoch 19 - iter 60/107 - loss 0.05981802 - samples/sec: 128.32 - lr: 0.012500
2022-05-21 00:26:27,061 epoch 19 - iter 70/107 - loss 0.06141547 - samples/sec: 127.08 - lr: 0.012500
2022-05-21 00:26:29,606 epoch 19 - iter 80/107 - loss 0.06088576 - samples/sec: 125.80 - lr: 0.012500
2022-05-21 00:26:32,119 epoch 19 - iter 90/107 - loss 0.06068432 - samples/sec: 127.37 - lr: 0.012500
2022-05-21 00:26:34,672 epoch 19 - iter 100/107 - loss 0.06129371 - samples/sec: 125.42 - lr: 0.012500
2022-05-21 00:26:36,268 ----------------------------------------------------------------------------------------------------
2022-05-21 00:26:36,269 EPOCH 19 done: loss 0.0615 - lr 0.012500
2022-05-21 00:26:43,541 Evaluating as a multi-label problem: False
2022-05-21 00:26:43,553 DEV : loss 0.1959669440984726 - f1-score (micro avg)  0.4924
2022-05-21 00:26:43,629 BAD EPOCHS (no improvement): 1
2022-05-21 00:26:43,632 ----------------------------------------------------------------------------------------------------
2022-05-21 00:26:45,832 epoch 20 - iter 10/107 - loss 0.04934994 - samples/sec: 145.60 - lr: 0.012500
2022-05-21 00:26:48,458 epoch 20 - iter 20/107 - loss 0.05733816 - samples/sec: 121.89 - lr: 0.012500
2022-05-21 00:26:51,008 epoch 20 - iter 30/107 - loss 0.05959049 - samples/sec: 125.55 - lr: 0.012500
2022-05-21 00:26:53,883 epoch 20 - iter 40/107 - loss 0.06198913 - samples/sec: 111.38 - lr: 0.012500
2022-05-21 00:26:56,913 epoch 20 - iter 50/107 - loss 0.05995153 - samples/sec: 105.64 - lr: 0.012500
2022-05-21 00:26:59,468 epoch 20 - iter 60/107 - loss 0.06190718 - samples/sec: 125.30 - lr: 0.012500
2022-05-21 00:27:02,305 epoch 20 - iter 70/107 - loss 0.06313489 - samples/sec: 112.84 - lr: 0.012500
2022-05-21 00:27:04,913 epoch 20 - iter 80/107 - loss 0.06218690 - samples/sec: 122.78 - lr: 0.012500
2022-05-21 00:27:07,456 epoch 20 - iter 90/107 - loss 0.06092150 - samples/sec: 125.88 - lr: 0.012500
2022-05-21 00:27:10,041 epoch 20 - iter 100/107 - loss 0.06073243 - samples/sec: 123.83 - lr: 0.012500
2022-05-21 00:27:11,568 ----------------------------------------------------------------------------------------------------
2022-05-21 00:27:11,568 EPOCH 20 done: loss 0.0605 - lr 0.012500
2022-05-21 00:27:18,584 Evaluating as a multi-label problem: False
2022-05-21 00:27:18,596 DEV : loss 0.19140717387199402 - f1-score (micro avg)  0.5
2022-05-21 00:27:18,669 BAD EPOCHS (no improvement): 2
2022-05-21 00:27:18,703 ----------------------------------------------------------------------------------------------------
2022-05-21 00:27:20,755 epoch 21 - iter 10/107 - loss 0.05579598 - samples/sec: 156.13 - lr: 0.012500
2022-05-21 00:27:23,345 epoch 21 - iter 20/107 - loss 0.05439359 - samples/sec: 123.61 - lr: 0.012500
2022-05-21 00:27:25,786 epoch 21 - iter 30/107 - loss 0.05840045 - samples/sec: 131.13 - lr: 0.012500
2022-05-21 00:27:28,280 epoch 21 - iter 40/107 - loss 0.05784402 - samples/sec: 128.33 - lr: 0.012500
2022-05-21 00:27:30,811 epoch 21 - iter 50/107 - loss 0.06032913 - samples/sec: 126.52 - lr: 0.012500
2022-05-21 00:27:33,442 epoch 21 - iter 60/107 - loss 0.05943446 - samples/sec: 121.66 - lr: 0.012500
2022-05-21 00:27:36,032 epoch 21 - iter 70/107 - loss 0.05909023 - samples/sec: 123.64 - lr: 0.012500
2022-05-21 00:27:38,652 epoch 21 - iter 80/107 - loss 0.05942746 - samples/sec: 122.20 - lr: 0.012500
2022-05-21 00:27:41,329 epoch 21 - iter 90/107 - loss 0.05890910 - samples/sec: 119.60 - lr: 0.012500
2022-05-21 00:27:44,136 epoch 21 - iter 100/107 - loss 0.05901543 - samples/sec: 114.05 - lr: 0.012500
2022-05-21 00:27:45,598 ----------------------------------------------------------------------------------------------------
2022-05-21 00:27:45,598 EPOCH 21 done: loss 0.0600 - lr 0.012500
2022-05-21 00:27:53,569 Evaluating as a multi-label problem: False
2022-05-21 00:27:53,581 DEV : loss 0.18666158616542816 - f1-score (micro avg)  0.5117
2022-05-21 00:27:53,659 BAD EPOCHS (no improvement): 3
2022-05-21 00:27:53,691 ----------------------------------------------------------------------------------------------------
2022-05-21 00:27:56,074 epoch 22 - iter 10/107 - loss 0.06287430 - samples/sec: 134.38 - lr: 0.012500
2022-05-21 00:27:59,062 epoch 22 - iter 20/107 - loss 0.06049807 - samples/sec: 107.14 - lr: 0.012500
2022-05-21 00:28:01,814 epoch 22 - iter 30/107 - loss 0.05947528 - samples/sec: 116.30 - lr: 0.012500
2022-05-21 00:28:04,396 epoch 22 - iter 40/107 - loss 0.05824095 - samples/sec: 124.02 - lr: 0.012500
2022-05-21 00:28:07,357 epoch 22 - iter 50/107 - loss 0.05781906 - samples/sec: 108.10 - lr: 0.012500
2022-05-21 00:28:10,384 epoch 22 - iter 60/107 - loss 0.05732007 - samples/sec: 105.77 - lr: 0.012500
2022-05-21 00:28:13,236 epoch 22 - iter 70/107 - loss 0.05842923 - samples/sec: 112.25 - lr: 0.012500
2022-05-21 00:28:15,857 epoch 22 - iter 80/107 - loss 0.05839695 - samples/sec: 122.13 - lr: 0.012500
2022-05-21 00:28:18,604 epoch 22 - iter 90/107 - loss 0.05909601 - samples/sec: 116.53 - lr: 0.012500
2022-05-21 00:28:21,217 epoch 22 - iter 100/107 - loss 0.05776184 - samples/sec: 122.52 - lr: 0.012500
2022-05-21 00:28:22,834 ----------------------------------------------------------------------------------------------------
2022-05-21 00:28:22,834 EPOCH 22 done: loss 0.0585 - lr 0.012500
2022-05-21 00:28:29,811 Evaluating as a multi-label problem: False
2022-05-21 00:28:29,823 DEV : loss 0.19031405448913574 - f1-score (micro avg)  0.5176
2022-05-21 00:28:29,898 Epoch    22: reducing learning rate of group 0 to 6.2500e-03.
2022-05-21 00:28:29,898 BAD EPOCHS (no improvement): 4
2022-05-21 00:28:29,900 ----------------------------------------------------------------------------------------------------
2022-05-21 00:28:31,938 epoch 23 - iter 10/107 - loss 0.06338883 - samples/sec: 157.22 - lr: 0.006250
2022-05-21 00:28:34,562 epoch 23 - iter 20/107 - loss 0.05690150 - samples/sec: 122.01 - lr: 0.006250
2022-05-21 00:28:37,024 epoch 23 - iter 30/107 - loss 0.05427558 - samples/sec: 130.02 - lr: 0.006250
2022-05-21 00:28:39,513 epoch 23 - iter 40/107 - loss 0.05239648 - samples/sec: 128.63 - lr: 0.006250
2022-05-21 00:28:42,134 epoch 23 - iter 50/107 - loss 0.05304848 - samples/sec: 122.16 - lr: 0.006250
2022-05-21 00:28:44,630 epoch 23 - iter 60/107 - loss 0.05323764 - samples/sec: 128.25 - lr: 0.006250
2022-05-21 00:28:47,113 epoch 23 - iter 70/107 - loss 0.05334322 - samples/sec: 128.92 - lr: 0.006250
2022-05-21 00:28:49,805 epoch 23 - iter 80/107 - loss 0.05365703 - samples/sec: 118.91 - lr: 0.006250
2022-05-21 00:28:52,759 epoch 23 - iter 90/107 - loss 0.05442588 - samples/sec: 108.38 - lr: 0.006250
2022-05-21 00:28:55,617 epoch 23 - iter 100/107 - loss 0.05464249 - samples/sec: 112.00 - lr: 0.006250
2022-05-21 00:28:57,280 ----------------------------------------------------------------------------------------------------
2022-05-21 00:28:57,280 EPOCH 23 done: loss 0.0548 - lr 0.006250
2022-05-21 00:29:04,095 Evaluating as a multi-label problem: False
2022-05-21 00:29:04,106 DEV : loss 0.19631169736385345 - f1-score (micro avg)  0.5
2022-05-21 00:29:04,180 BAD EPOCHS (no improvement): 1
2022-05-21 00:29:04,182 ----------------------------------------------------------------------------------------------------
2022-05-21 00:29:06,691 epoch 24 - iter 10/107 - loss 0.05015439 - samples/sec: 127.65 - lr: 0.006250
2022-05-21 00:29:09,201 epoch 24 - iter 20/107 - loss 0.05429159 - samples/sec: 127.55 - lr: 0.006250
2022-05-21 00:29:11,975 epoch 24 - iter 30/107 - loss 0.05747551 - samples/sec: 115.38 - lr: 0.006250
2022-05-21 00:29:14,552 epoch 24 - iter 40/107 - loss 0.05530689 - samples/sec: 124.23 - lr: 0.006250
2022-05-21 00:29:17,122 epoch 24 - iter 50/107 - loss 0.05486428 - samples/sec: 124.59 - lr: 0.006250
2022-05-21 00:29:19,766 epoch 24 - iter 60/107 - loss 0.05598337 - samples/sec: 121.06 - lr: 0.006250
2022-05-21 00:29:22,289 epoch 24 - iter 70/107 - loss 0.05577639 - samples/sec: 126.88 - lr: 0.006250
2022-05-21 00:29:24,839 epoch 24 - iter 80/107 - loss 0.05614468 - samples/sec: 125.59 - lr: 0.006250
2022-05-21 00:29:27,348 epoch 24 - iter 90/107 - loss 0.05639418 - samples/sec: 127.58 - lr: 0.006250
2022-05-21 00:29:30,078 epoch 24 - iter 100/107 - loss 0.05517774 - samples/sec: 128.35 - lr: 0.006250
2022-05-21 00:29:31,719 ----------------------------------------------------------------------------------------------------
2022-05-21 00:29:31,720 EPOCH 24 done: loss 0.0558 - lr 0.006250
2022-05-21 00:29:38,486 Evaluating as a multi-label problem: False
2022-05-21 00:29:38,498 DEV : loss 0.19436541199684143 - f1-score (micro avg)  0.5078
2022-05-21 00:29:38,572 BAD EPOCHS (no improvement): 2
2022-05-21 00:29:38,575 ----------------------------------------------------------------------------------------------------
2022-05-21 00:29:41,054 epoch 25 - iter 10/107 - loss 0.05371119 - samples/sec: 129.19 - lr: 0.006250
2022-05-21 00:29:43,591 epoch 25 - iter 20/107 - loss 0.05767979 - samples/sec: 126.17 - lr: 0.006250
2022-05-21 00:29:46,097 epoch 25 - iter 30/107 - loss 0.06195219 - samples/sec: 127.76 - lr: 0.006250
2022-05-21 00:29:48,708 epoch 25 - iter 40/107 - loss 0.06095914 - samples/sec: 122.61 - lr: 0.006250
2022-05-21 00:29:51,237 epoch 25 - iter 50/107 - loss 0.05772634 - samples/sec: 126.57 - lr: 0.006250
2022-05-21 00:29:53,998 epoch 25 - iter 60/107 - loss 0.05579878 - samples/sec: 115.96 - lr: 0.006250
2022-05-21 00:29:56,541 epoch 25 - iter 70/107 - loss 0.05528178 - samples/sec: 125.89 - lr: 0.006250
2022-05-21 00:29:59,197 epoch 25 - iter 80/107 - loss 0.05522153 - samples/sec: 120.53 - lr: 0.006250
2022-05-21 00:30:01,772 epoch 25 - iter 90/107 - loss 0.05426284 - samples/sec: 124.33 - lr: 0.006250
2022-05-21 00:30:04,347 epoch 25 - iter 100/107 - loss 0.05407208 - samples/sec: 124.30 - lr: 0.006250
2022-05-21 00:30:05,939 ----------------------------------------------------------------------------------------------------
2022-05-21 00:30:05,939 EPOCH 25 done: loss 0.0546 - lr 0.006250
2022-05-21 00:30:12,360 Evaluating as a multi-label problem: False
2022-05-21 00:30:12,371 DEV : loss 0.19406741857528687 - f1-score (micro avg)  0.498
2022-05-21 00:30:12,447 BAD EPOCHS (no improvement): 3
2022-05-21 00:30:12,449 ----------------------------------------------------------------------------------------------------
2022-05-21 00:30:15,405 epoch 26 - iter 10/107 - loss 0.05869429 - samples/sec: 108.31 - lr: 0.006250
2022-05-21 00:30:18,302 epoch 26 - iter 20/107 - loss 0.05660776 - samples/sec: 110.53 - lr: 0.006250
2022-05-21 00:30:20,881 epoch 26 - iter 30/107 - loss 0.05703462 - samples/sec: 124.13 - lr: 0.006250
2022-05-21 00:30:23,882 epoch 26 - iter 40/107 - loss 0.05733165 - samples/sec: 106.69 - lr: 0.006250
2022-05-21 00:30:26,333 epoch 26 - iter 50/107 - loss 0.05581691 - samples/sec: 130.60 - lr: 0.006250
2022-05-21 00:30:28,916 epoch 26 - iter 60/107 - loss 0.05807182 - samples/sec: 123.94 - lr: 0.006250
2022-05-21 00:30:31,537 epoch 26 - iter 70/107 - loss 0.05758827 - samples/sec: 122.15 - lr: 0.006250
2022-05-21 00:30:34,150 epoch 26 - iter 80/107 - loss 0.05619360 - samples/sec: 122.51 - lr: 0.006250
2022-05-21 00:30:36,826 epoch 26 - iter 90/107 - loss 0.05584907 - samples/sec: 119.60 - lr: 0.006250
2022-05-21 00:30:39,925 epoch 26 - iter 100/107 - loss 0.05548720 - samples/sec: 103.31 - lr: 0.006250
2022-05-21 00:30:41,635 ----------------------------------------------------------------------------------------------------
2022-05-21 00:30:41,635 EPOCH 26 done: loss 0.0557 - lr 0.006250
2022-05-21 00:30:48,473 Evaluating as a multi-label problem: False
2022-05-21 00:30:48,485 DEV : loss 0.1978611946105957 - f1-score (micro avg)  0.4884
2022-05-21 00:30:48,558 Epoch    26: reducing learning rate of group 0 to 3.1250e-03.
2022-05-21 00:30:48,559 BAD EPOCHS (no improvement): 4
2022-05-21 00:30:48,617 ----------------------------------------------------------------------------------------------------
2022-05-21 00:30:51,098 epoch 27 - iter 10/107 - loss 0.04350984 - samples/sec: 129.02 - lr: 0.003125
2022-05-21 00:30:53,759 epoch 27 - iter 20/107 - loss 0.05279167 - samples/sec: 120.34 - lr: 0.003125
2022-05-21 00:30:56,344 epoch 27 - iter 30/107 - loss 0.05777055 - samples/sec: 123.82 - lr: 0.003125
2022-05-21 00:30:58,856 epoch 27 - iter 40/107 - loss 0.05859934 - samples/sec: 127.48 - lr: 0.003125
2022-05-21 00:31:01,347 epoch 27 - iter 50/107 - loss 0.05692026 - samples/sec: 128.50 - lr: 0.003125
2022-05-21 00:31:03,878 epoch 27 - iter 60/107 - loss 0.05621892 - samples/sec: 126.46 - lr: 0.003125
2022-05-21 00:31:06,504 epoch 27 - iter 70/107 - loss 0.05549971 - samples/sec: 121.93 - lr: 0.003125
2022-05-21 00:31:09,402 epoch 27 - iter 80/107 - loss 0.05617112 - samples/sec: 110.51 - lr: 0.003125
2022-05-21 00:31:12,014 epoch 27 - iter 90/107 - loss 0.05536544 - samples/sec: 122.57 - lr: 0.003125
2022-05-21 00:31:14,603 epoch 27 - iter 100/107 - loss 0.05625739 - samples/sec: 123.64 - lr: 0.003125
2022-05-21 00:31:16,015 ----------------------------------------------------------------------------------------------------
2022-05-21 00:31:16,015 EPOCH 27 done: loss 0.0557 - lr 0.003125
2022-05-21 00:31:22,806 Evaluating as a multi-label problem: False
2022-05-21 00:31:22,819 DEV : loss 0.1928817182779312 - f1-score (micro avg)  0.5004
2022-05-21 00:31:22,895 BAD EPOCHS (no improvement): 1
2022-05-21 00:31:22,897 ----------------------------------------------------------------------------------------------------
2022-05-21 00:31:24,664 epoch 28 - iter 10/107 - loss 0.04982309 - samples/sec: 181.25 - lr: 0.003125
2022-05-21 00:31:26,541 epoch 28 - iter 20/107 - loss 0.05139775 - samples/sec: 170.63 - lr: 0.003125
2022-05-21 00:31:28,393 epoch 28 - iter 30/107 - loss 0.05454406 - samples/sec: 172.82 - lr: 0.003125
2022-05-21 00:31:30,268 epoch 28 - iter 40/107 - loss 0.05347586 - samples/sec: 170.81 - lr: 0.003125
2022-05-21 00:31:32,066 epoch 28 - iter 50/107 - loss 0.05461739 - samples/sec: 178.03 - lr: 0.003125
2022-05-21 00:31:33,936 epoch 28 - iter 60/107 - loss 0.05548301 - samples/sec: 171.26 - lr: 0.003125
2022-05-21 00:31:39,200 epoch 28 - iter 70/107 - loss 0.05528063 - samples/sec: 60.81 - lr: 0.003125
2022-05-21 00:31:40,988 epoch 28 - iter 80/107 - loss 0.05379902 - samples/sec: 179.08 - lr: 0.003125
2022-05-21 00:31:42,752 epoch 28 - iter 90/107 - loss 0.05354190 - samples/sec: 181.49 - lr: 0.003125
2022-05-21 00:31:44,638 epoch 28 - iter 100/107 - loss 0.05389677 - samples/sec: 169.74 - lr: 0.003125
2022-05-21 00:31:45,803 ----------------------------------------------------------------------------------------------------
2022-05-21 00:31:45,803 EPOCH 28 done: loss 0.0534 - lr 0.003125
2022-05-21 00:31:52,092 Evaluating as a multi-label problem: False
2022-05-21 00:31:52,103 DEV : loss 0.19579164683818817 - f1-score (micro avg)  0.5012
2022-05-21 00:31:52,177 BAD EPOCHS (no improvement): 2
2022-05-21 00:31:52,179 ----------------------------------------------------------------------------------------------------
2022-05-21 00:31:54,076 epoch 29 - iter 10/107 - loss 0.05832533 - samples/sec: 168.89 - lr: 0.003125
2022-05-21 00:31:55,913 epoch 29 - iter 20/107 - loss 0.05640728 - samples/sec: 174.25 - lr: 0.003125
2022-05-21 00:31:57,633 epoch 29 - iter 30/107 - loss 0.05770411 - samples/sec: 186.23 - lr: 0.003125
2022-05-21 00:31:59,368 epoch 29 - iter 40/107 - loss 0.05695723 - samples/sec: 184.54 - lr: 0.003125
2022-05-21 00:32:01,086 epoch 29 - iter 50/107 - loss 0.05690210 - samples/sec: 186.40 - lr: 0.003125
2022-05-21 00:32:02,765 epoch 29 - iter 60/107 - loss 0.05624239 - samples/sec: 190.73 - lr: 0.003125
2022-05-21 00:32:04,534 epoch 29 - iter 70/107 - loss 0.05407920 - samples/sec: 181.01 - lr: 0.003125
2022-05-21 00:32:06,288 epoch 29 - iter 80/107 - loss 0.05461067 - samples/sec: 182.59 - lr: 0.003125
2022-05-21 00:32:07,966 epoch 29 - iter 90/107 - loss 0.05406140 - samples/sec: 190.83 - lr: 0.003125
2022-05-21 00:32:09,741 epoch 29 - iter 100/107 - loss 0.05448452 - samples/sec: 180.39 - lr: 0.003125
2022-05-21 00:32:10,847 ----------------------------------------------------------------------------------------------------
2022-05-21 00:32:10,847 EPOCH 29 done: loss 0.0546 - lr 0.003125
2022-05-21 00:32:17,237 Evaluating as a multi-label problem: False
2022-05-21 00:32:17,249 DEV : loss 0.19786477088928223 - f1-score (micro avg)  0.5036
2022-05-21 00:32:17,328 BAD EPOCHS (no improvement): 3
2022-05-21 00:32:17,447 ----------------------------------------------------------------------------------------------------
2022-05-21 00:32:19,415 epoch 30 - iter 10/107 - loss 0.07139926 - samples/sec: 162.75 - lr: 0.003125
2022-05-21 00:32:21,319 epoch 30 - iter 20/107 - loss 0.06937068 - samples/sec: 168.16 - lr: 0.003125
2022-05-21 00:32:23,169 epoch 30 - iter 30/107 - loss 0.06169888 - samples/sec: 173.06 - lr: 0.003125
2022-05-21 00:32:25,125 epoch 30 - iter 40/107 - loss 0.05923989 - samples/sec: 163.75 - lr: 0.003125
2022-05-21 00:32:27,039 epoch 30 - iter 50/107 - loss 0.06138712 - samples/sec: 167.26 - lr: 0.003125
2022-05-21 00:32:28,865 epoch 30 - iter 60/107 - loss 0.06085652 - samples/sec: 175.37 - lr: 0.003125
2022-05-21 00:32:30,637 epoch 30 - iter 70/107 - loss 0.05772886 - samples/sec: 180.64 - lr: 0.003125
2022-05-21 00:32:32,390 epoch 30 - iter 80/107 - loss 0.05751270 - samples/sec: 182.72 - lr: 0.003125
2022-05-21 00:32:34,091 epoch 30 - iter 90/107 - loss 0.05658092 - samples/sec: 188.20 - lr: 0.003125
2022-05-21 00:32:35,831 epoch 30 - iter 100/107 - loss 0.05578641 - samples/sec: 184.06 - lr: 0.003125
2022-05-21 00:32:36,947 ----------------------------------------------------------------------------------------------------
2022-05-21 00:32:36,947 EPOCH 30 done: loss 0.0549 - lr 0.003125
2022-05-21 00:32:43,383 Evaluating as a multi-label problem: False
2022-05-21 00:32:43,395 DEV : loss 0.2020692229270935 - f1-score (micro avg)  0.4944
2022-05-21 00:32:43,474 Epoch    30: reducing learning rate of group 0 to 1.5625e-03.
2022-05-21 00:32:43,475 BAD EPOCHS (no improvement): 4
2022-05-21 00:32:43,478 ----------------------------------------------------------------------------------------------------
2022-05-21 00:32:45,342 epoch 31 - iter 10/107 - loss 0.05297054 - samples/sec: 171.85 - lr: 0.001563
2022-05-21 00:32:47,241 epoch 31 - iter 20/107 - loss 0.06120868 - samples/sec: 168.56 - lr: 0.001563
2022-05-21 00:32:49,103 epoch 31 - iter 30/107 - loss 0.05886433 - samples/sec: 172.01 - lr: 0.001563
2022-05-21 00:32:51,004 epoch 31 - iter 40/107 - loss 0.05764522 - samples/sec: 168.45 - lr: 0.001563
2022-05-21 00:32:52,809 epoch 31 - iter 50/107 - loss 0.05674232 - samples/sec: 177.37 - lr: 0.001563
2022-05-21 00:32:54,640 epoch 31 - iter 60/107 - loss 0.05669163 - samples/sec: 174.96 - lr: 0.001563
2022-05-21 00:32:56,449 epoch 31 - iter 70/107 - loss 0.05702362 - samples/sec: 176.92 - lr: 0.001563
2022-05-21 00:32:58,195 epoch 31 - iter 80/107 - loss 0.05651057 - samples/sec: 183.47 - lr: 0.001563
2022-05-21 00:32:59,929 epoch 31 - iter 90/107 - loss 0.05701095 - samples/sec: 184.62 - lr: 0.001563
2022-05-21 00:33:01,717 epoch 31 - iter 100/107 - loss 0.05528794 - samples/sec: 179.05 - lr: 0.001563
2022-05-21 00:33:02,868 ----------------------------------------------------------------------------------------------------
2022-05-21 00:33:02,868 EPOCH 31 done: loss 0.0549 - lr 0.001563
2022-05-21 00:33:09,055 Evaluating as a multi-label problem: False
2022-05-21 00:33:09,067 DEV : loss 0.19685889780521393 - f1-score (micro avg)  0.5024
2022-05-21 00:33:09,142 BAD EPOCHS (no improvement): 1
2022-05-21 00:33:09,144 ----------------------------------------------------------------------------------------------------
2022-05-21 00:33:12,317 epoch 32 - iter 10/107 - loss 0.05263368 - samples/sec: 100.89 - lr: 0.001563
2022-05-21 00:33:16,475 epoch 32 - iter 20/107 - loss 0.05596010 - samples/sec: 76.98 - lr: 0.001563
2022-05-21 00:33:20,400 epoch 32 - iter 30/107 - loss 0.05256638 - samples/sec: 81.55 - lr: 0.001563
2022-05-21 00:33:23,568 epoch 32 - iter 40/107 - loss 0.05512632 - samples/sec: 101.05 - lr: 0.001563
2022-05-21 00:33:27,262 epoch 32 - iter 50/107 - loss 0.05484014 - samples/sec: 86.65 - lr: 0.001563
2022-05-21 00:33:30,481 epoch 32 - iter 60/107 - loss 0.05391600 - samples/sec: 99.46 - lr: 0.001563
2022-05-21 00:33:33,080 epoch 32 - iter 70/107 - loss 0.05463316 - samples/sec: 123.17 - lr: 0.001563
2022-05-21 00:33:35,673 epoch 32 - iter 80/107 - loss 0.05673820 - samples/sec: 123.50 - lr: 0.001563
2022-05-21 00:33:38,254 epoch 32 - iter 90/107 - loss 0.05613740 - samples/sec: 124.02 - lr: 0.001563
2022-05-21 00:33:40,858 epoch 32 - iter 100/107 - loss 0.05529747 - samples/sec: 122.98 - lr: 0.001563
2022-05-21 00:33:42,414 ----------------------------------------------------------------------------------------------------
2022-05-21 00:33:42,414 EPOCH 32 done: loss 0.0551 - lr 0.001563
2022-05-21 00:33:51,226 Evaluating as a multi-label problem: False
2022-05-21 00:33:51,238 DEV : loss 0.19492654502391815 - f1-score (micro avg)  0.5036
2022-05-21 00:33:51,313 BAD EPOCHS (no improvement): 2
2022-05-21 00:33:51,316 ----------------------------------------------------------------------------------------------------
2022-05-21 00:33:54,196 epoch 33 - iter 10/107 - loss 0.04520224 - samples/sec: 111.15 - lr: 0.001563
2022-05-21 00:33:56,878 epoch 33 - iter 20/107 - loss 0.04803914 - samples/sec: 119.38 - lr: 0.001563
2022-05-21 00:33:59,175 epoch 33 - iter 30/107 - loss 0.04864237 - samples/sec: 139.39 - lr: 0.001563
2022-05-21 00:34:01,569 epoch 33 - iter 40/107 - loss 0.05151153 - samples/sec: 133.73 - lr: 0.001563
2022-05-21 00:34:03,860 epoch 33 - iter 50/107 - loss 0.05156698 - samples/sec: 139.75 - lr: 0.001563
2022-05-21 00:34:06,406 epoch 33 - iter 60/107 - loss 0.05422112 - samples/sec: 125.75 - lr: 0.001563
2022-05-21 00:34:08,894 epoch 33 - iter 70/107 - loss 0.05450067 - samples/sec: 128.67 - lr: 0.001563
2022-05-21 00:34:11,388 epoch 33 - iter 80/107 - loss 0.05382480 - samples/sec: 128.35 - lr: 0.001563
2022-05-21 00:34:13,991 epoch 33 - iter 90/107 - loss 0.05422383 - samples/sec: 123.02 - lr: 0.001563
2022-05-21 00:34:16,640 epoch 33 - iter 100/107 - loss 0.05403116 - samples/sec: 120.82 - lr: 0.001563
2022-05-21 00:34:18,226 ----------------------------------------------------------------------------------------------------
2022-05-21 00:34:18,226 EPOCH 33 done: loss 0.0545 - lr 0.001563
2022-05-21 00:34:26,513 Evaluating as a multi-label problem: False
2022-05-21 00:34:26,524 DEV : loss 0.19479335844516754 - f1-score (micro avg)  0.5024
2022-05-21 00:34:26,597 BAD EPOCHS (no improvement): 3
2022-05-21 00:34:26,618 ----------------------------------------------------------------------------------------------------
2022-05-21 00:34:29,089 epoch 34 - iter 10/107 - loss 0.05703821 - samples/sec: 129.59 - lr: 0.001563
2022-05-21 00:34:31,473 epoch 34 - iter 20/107 - loss 0.05248020 - samples/sec: 134.29 - lr: 0.001563
2022-05-21 00:34:33,726 epoch 34 - iter 30/107 - loss 0.05094845 - samples/sec: 142.12 - lr: 0.001563
2022-05-21 00:34:36,322 epoch 34 - iter 40/107 - loss 0.05167891 - samples/sec: 123.31 - lr: 0.001563
2022-05-21 00:34:38,464 epoch 34 - iter 50/107 - loss 0.05247298 - samples/sec: 149.47 - lr: 0.001563
2022-05-21 00:34:40,153 epoch 34 - iter 60/107 - loss 0.05134830 - samples/sec: 189.61 - lr: 0.001563
2022-05-21 00:34:41,942 epoch 34 - iter 70/107 - loss 0.05331439 - samples/sec: 179.00 - lr: 0.001563
2022-05-21 00:34:43,732 epoch 34 - iter 80/107 - loss 0.05245026 - samples/sec: 178.93 - lr: 0.001563
2022-05-21 00:34:45,636 epoch 34 - iter 90/107 - loss 0.05302338 - samples/sec: 168.12 - lr: 0.001563
2022-05-21 00:34:47,467 epoch 34 - iter 100/107 - loss 0.05295048 - samples/sec: 174.94 - lr: 0.001563
2022-05-21 00:34:48,709 ----------------------------------------------------------------------------------------------------
2022-05-21 00:34:48,709 EPOCH 34 done: loss 0.0529 - lr 0.001563
2022-05-21 00:34:55,209 Evaluating as a multi-label problem: False
2022-05-21 00:34:55,221 DEV : loss 0.19430357217788696 - f1-score (micro avg)  0.5055
2022-05-21 00:34:55,297 Epoch    34: reducing learning rate of group 0 to 7.8125e-04.
2022-05-21 00:34:55,297 BAD EPOCHS (no improvement): 4
2022-05-21 00:34:55,299 ----------------------------------------------------------------------------------------------------
2022-05-21 00:34:57,161 epoch 35 - iter 10/107 - loss 0.05588748 - samples/sec: 172.08 - lr: 0.000781
2022-05-21 00:34:59,133 epoch 35 - iter 20/107 - loss 0.05439583 - samples/sec: 162.35 - lr: 0.000781
2022-05-21 00:35:01,113 epoch 35 - iter 30/107 - loss 0.05157808 - samples/sec: 161.71 - lr: 0.000781
2022-05-21 00:35:03,002 epoch 35 - iter 40/107 - loss 0.05269473 - samples/sec: 169.51 - lr: 0.000781
2022-05-21 00:35:04,797 epoch 35 - iter 50/107 - loss 0.05287907 - samples/sec: 178.35 - lr: 0.000781
2022-05-21 00:35:06,547 epoch 35 - iter 60/107 - loss 0.05109759 - samples/sec: 182.93 - lr: 0.000781
2022-05-21 00:35:08,352 epoch 35 - iter 70/107 - loss 0.05226773 - samples/sec: 177.39 - lr: 0.000781
2022-05-21 00:35:10,250 epoch 35 - iter 80/107 - loss 0.05204237 - samples/sec: 168.76 - lr: 0.000781
2022-05-21 00:35:12,236 epoch 35 - iter 90/107 - loss 0.05234175 - samples/sec: 161.15 - lr: 0.000781
2022-05-21 00:35:14,002 epoch 35 - iter 100/107 - loss 0.05309880 - samples/sec: 181.33 - lr: 0.000781
2022-05-21 00:35:15,219 ----------------------------------------------------------------------------------------------------
2022-05-21 00:35:15,219 EPOCH 35 done: loss 0.0533 - lr 0.000781
2022-05-21 00:35:21,465 Evaluating as a multi-label problem: False
2022-05-21 00:35:21,477 DEV : loss 0.1950993835926056 - f1-score (micro avg)  0.5036
2022-05-21 00:35:21,550 BAD EPOCHS (no improvement): 1
2022-05-21 00:35:21,552 ----------------------------------------------------------------------------------------------------
2022-05-21 00:35:23,235 epoch 36 - iter 10/107 - loss 0.06358307 - samples/sec: 190.25 - lr: 0.000781
2022-05-21 00:35:24,913 epoch 36 - iter 20/107 - loss 0.05596910 - samples/sec: 190.95 - lr: 0.000781
2022-05-21 00:35:26,550 epoch 36 - iter 30/107 - loss 0.05596238 - samples/sec: 195.60 - lr: 0.000781
2022-05-21 00:35:28,398 epoch 36 - iter 40/107 - loss 0.05486906 - samples/sec: 173.20 - lr: 0.000781
2022-05-21 00:35:30,131 epoch 36 - iter 50/107 - loss 0.05437622 - samples/sec: 184.82 - lr: 0.000781
2022-05-21 00:35:31,905 epoch 36 - iter 60/107 - loss 0.05488537 - samples/sec: 180.50 - lr: 0.000781
2022-05-21 00:35:33,687 epoch 36 - iter 70/107 - loss 0.05337876 - samples/sec: 179.73 - lr: 0.000781
2022-05-21 00:35:35,523 epoch 36 - iter 80/107 - loss 0.05301181 - samples/sec: 174.36 - lr: 0.000781
2022-05-21 00:35:37,768 epoch 36 - iter 90/107 - loss 0.05331160 - samples/sec: 142.59 - lr: 0.000781
2022-05-21 00:35:40,756 epoch 36 - iter 100/107 - loss 0.05238151 - samples/sec: 107.13 - lr: 0.000781
2022-05-21 00:35:42,502 ----------------------------------------------------------------------------------------------------
2022-05-21 00:35:42,502 EPOCH 36 done: loss 0.0529 - lr 0.000781
2022-05-21 00:35:51,050 Evaluating as a multi-label problem: False
2022-05-21 00:35:51,061 DEV : loss 0.1954326033592224 - f1-score (micro avg)  0.5032
2022-05-21 00:35:51,136 BAD EPOCHS (no improvement): 2
2022-05-21 00:35:51,138 ----------------------------------------------------------------------------------------------------
2022-05-21 00:35:53,730 epoch 37 - iter 10/107 - loss 0.05205394 - samples/sec: 123.56 - lr: 0.000781
2022-05-21 00:35:56,259 epoch 37 - iter 20/107 - loss 0.04756577 - samples/sec: 126.58 - lr: 0.000781
2022-05-21 00:35:59,091 epoch 37 - iter 30/107 - loss 0.05014206 - samples/sec: 113.01 - lr: 0.000781
2022-05-21 00:36:01,745 epoch 37 - iter 40/107 - loss 0.05225963 - samples/sec: 120.64 - lr: 0.000781
2022-05-21 00:36:04,270 epoch 37 - iter 50/107 - loss 0.05317350 - samples/sec: 126.79 - lr: 0.000781
2022-05-21 00:36:06,591 epoch 37 - iter 60/107 - loss 0.05321687 - samples/sec: 137.93 - lr: 0.000781
2022-05-21 00:36:09,268 epoch 37 - iter 70/107 - loss 0.05319844 - samples/sec: 119.61 - lr: 0.000781
2022-05-21 00:36:11,710 epoch 37 - iter 80/107 - loss 0.05195708 - samples/sec: 131.13 - lr: 0.000781
2022-05-21 00:36:13,415 epoch 37 - iter 90/107 - loss 0.05432407 - samples/sec: 187.74 - lr: 0.000781
2022-05-21 00:36:15,146 epoch 37 - iter 100/107 - loss 0.05393271 - samples/sec: 185.00 - lr: 0.000781
2022-05-21 00:36:16,265 ----------------------------------------------------------------------------------------------------
2022-05-21 00:36:16,265 EPOCH 37 done: loss 0.0541 - lr 0.000781
2022-05-21 00:36:22,481 Evaluating as a multi-label problem: False
2022-05-21 00:36:22,494 DEV : loss 0.19513429701328278 - f1-score (micro avg)  0.5075
2022-05-21 00:36:22,568 BAD EPOCHS (no improvement): 3
2022-05-21 00:36:22,570 ----------------------------------------------------------------------------------------------------
2022-05-21 00:36:24,433 epoch 38 - iter 10/107 - loss 0.05993799 - samples/sec: 171.92 - lr: 0.000781
2022-05-21 00:36:26,261 epoch 38 - iter 20/107 - loss 0.05464423 - samples/sec: 175.17 - lr: 0.000781
2022-05-21 00:36:27,958 epoch 38 - iter 30/107 - loss 0.05370002 - samples/sec: 188.70 - lr: 0.000781
2022-05-21 00:36:29,774 epoch 38 - iter 40/107 - loss 0.05279459 - samples/sec: 176.32 - lr: 0.000781
2022-05-21 00:36:31,459 epoch 38 - iter 50/107 - loss 0.05645401 - samples/sec: 190.06 - lr: 0.000781
2022-05-21 00:36:33,097 epoch 38 - iter 60/107 - loss 0.05791935 - samples/sec: 195.41 - lr: 0.000781
2022-05-21 00:36:34,768 epoch 38 - iter 70/107 - loss 0.05731192 - samples/sec: 191.68 - lr: 0.000781
2022-05-21 00:36:36,520 epoch 38 - iter 80/107 - loss 0.05568167 - samples/sec: 182.70 - lr: 0.000781
2022-05-21 00:36:38,124 epoch 38 - iter 90/107 - loss 0.05558883 - samples/sec: 199.64 - lr: 0.000781
2022-05-21 00:36:39,908 epoch 38 - iter 100/107 - loss 0.05569034 - samples/sec: 179.47 - lr: 0.000781
2022-05-21 00:36:40,978 ----------------------------------------------------------------------------------------------------
2022-05-21 00:36:40,978 EPOCH 38 done: loss 0.0549 - lr 0.000781
2022-05-21 00:36:46,949 Evaluating as a multi-label problem: False
2022-05-21 00:36:46,960 DEV : loss 0.19570593535900116 - f1-score (micro avg)  0.5071
2022-05-21 00:36:47,033 Epoch    38: reducing learning rate of group 0 to 3.9063e-04.
2022-05-21 00:36:47,033 BAD EPOCHS (no improvement): 4
2022-05-21 00:36:47,035 ----------------------------------------------------------------------------------------------------
2022-05-21 00:36:48,851 epoch 39 - iter 10/107 - loss 0.05043236 - samples/sec: 176.35 - lr: 0.000391
2022-05-21 00:36:50,733 epoch 39 - iter 20/107 - loss 0.05741993 - samples/sec: 170.11 - lr: 0.000391
2022-05-21 00:36:52,509 epoch 39 - iter 30/107 - loss 0.05683440 - samples/sec: 180.34 - lr: 0.000391
2022-05-21 00:36:54,254 epoch 39 - iter 40/107 - loss 0.05912647 - samples/sec: 183.53 - lr: 0.000391
2022-05-21 00:36:56,090 epoch 39 - iter 50/107 - loss 0.05962016 - samples/sec: 174.38 - lr: 0.000391
2022-05-21 00:36:57,802 epoch 39 - iter 60/107 - loss 0.05731230 - samples/sec: 186.96 - lr: 0.000391
2022-05-21 00:36:59,658 epoch 39 - iter 70/107 - loss 0.05793826 - samples/sec: 172.53 - lr: 0.000391
2022-05-21 00:37:01,486 epoch 39 - iter 80/107 - loss 0.05695711 - samples/sec: 175.14 - lr: 0.000391
2022-05-21 00:37:03,358 epoch 39 - iter 90/107 - loss 0.05541507 - samples/sec: 171.11 - lr: 0.000391
2022-05-21 00:37:05,196 epoch 39 - iter 100/107 - loss 0.05553392 - samples/sec: 174.20 - lr: 0.000391
2022-05-21 00:37:06,372 ----------------------------------------------------------------------------------------------------
2022-05-21 00:37:06,372 EPOCH 39 done: loss 0.0561 - lr 0.000391
2022-05-21 00:37:13,771 Evaluating as a multi-label problem: False
2022-05-21 00:37:13,784 DEV : loss 0.1955106109380722 - f1-score (micro avg)  0.5071
2022-05-21 00:37:13,859 BAD EPOCHS (no improvement): 1
2022-05-21 00:37:13,862 ----------------------------------------------------------------------------------------------------
2022-05-21 00:37:16,623 epoch 40 - iter 10/107 - loss 0.05276158 - samples/sec: 115.94 - lr: 0.000391
2022-05-21 00:37:19,173 epoch 40 - iter 20/107 - loss 0.05098964 - samples/sec: 125.59 - lr: 0.000391
2022-05-21 00:37:22,004 epoch 40 - iter 30/107 - loss 0.05510711 - samples/sec: 113.06 - lr: 0.000391
2022-05-21 00:37:24,799 epoch 40 - iter 40/107 - loss 0.05596760 - samples/sec: 114.54 - lr: 0.000391
2022-05-21 00:37:27,313 epoch 40 - iter 50/107 - loss 0.05757002 - samples/sec: 127.35 - lr: 0.000391
2022-05-21 00:37:29,881 epoch 40 - iter 60/107 - loss 0.05613723 - samples/sec: 124.64 - lr: 0.000391
2022-05-21 00:37:32,442 epoch 40 - iter 70/107 - loss 0.05465119 - samples/sec: 125.01 - lr: 0.000391
2022-05-21 00:37:34,920 epoch 40 - iter 80/107 - loss 0.05476152 - samples/sec: 129.18 - lr: 0.000391
2022-05-21 00:37:37,410 epoch 40 - iter 90/107 - loss 0.05404700 - samples/sec: 128.57 - lr: 0.000391
2022-05-21 00:37:39,631 epoch 40 - iter 100/107 - loss 0.05420653 - samples/sec: 144.17 - lr: 0.000391
2022-05-21 00:37:41,237 ----------------------------------------------------------------------------------------------------
2022-05-21 00:37:41,238 EPOCH 40 done: loss 0.0534 - lr 0.000391
2022-05-21 00:37:49,098 Evaluating as a multi-label problem: False
2022-05-21 00:37:49,110 DEV : loss 0.1961003988981247 - f1-score (micro avg)  0.5059
2022-05-21 00:37:49,183 BAD EPOCHS (no improvement): 2
2022-05-21 00:37:49,186 ----------------------------------------------------------------------------------------------------
2022-05-21 00:37:51,683 epoch 41 - iter 10/107 - loss 0.06046704 - samples/sec: 128.19 - lr: 0.000391
2022-05-21 00:37:54,195 epoch 41 - iter 20/107 - loss 0.05786112 - samples/sec: 127.48 - lr: 0.000391
2022-05-21 00:37:56,701 epoch 41 - iter 30/107 - loss 0.05584923 - samples/sec: 127.73 - lr: 0.000391
2022-05-21 00:37:59,188 epoch 41 - iter 40/107 - loss 0.05440433 - samples/sec: 128.76 - lr: 0.000391
2022-05-21 00:38:01,755 epoch 41 - iter 50/107 - loss 0.05556253 - samples/sec: 124.73 - lr: 0.000391
2022-05-21 00:38:04,245 epoch 41 - iter 60/107 - loss 0.05431883 - samples/sec: 128.58 - lr: 0.000391
2022-05-21 00:38:06,953 epoch 41 - iter 70/107 - loss 0.05347198 - samples/sec: 118.22 - lr: 0.000391
2022-05-21 00:38:09,807 epoch 41 - iter 80/107 - loss 0.05305035 - samples/sec: 112.14 - lr: 0.000391
2022-05-21 00:38:12,437 epoch 41 - iter 90/107 - loss 0.05266177 - samples/sec: 121.73 - lr: 0.000391
2022-05-21 00:38:14,759 epoch 41 - iter 100/107 - loss 0.05290086 - samples/sec: 137.91 - lr: 0.000391
2022-05-21 00:38:16,182 ----------------------------------------------------------------------------------------------------
2022-05-21 00:38:16,182 EPOCH 41 done: loss 0.0537 - lr 0.000391
2022-05-21 00:38:24,308 Evaluating as a multi-label problem: False
2022-05-21 00:38:24,320 DEV : loss 0.19633860886096954 - f1-score (micro avg)  0.5047
2022-05-21 00:38:24,396 BAD EPOCHS (no improvement): 3
2022-05-21 00:38:24,398 ----------------------------------------------------------------------------------------------------
2022-05-21 00:38:26,947 epoch 42 - iter 10/107 - loss 0.05467335 - samples/sec: 125.63 - lr: 0.000391
2022-05-21 00:38:29,775 epoch 42 - iter 20/107 - loss 0.05515156 - samples/sec: 113.19 - lr: 0.000391
2022-05-21 00:38:32,362 epoch 42 - iter 30/107 - loss 0.05211993 - samples/sec: 123.74 - lr: 0.000391
2022-05-21 00:38:35,183 epoch 42 - iter 40/107 - loss 0.04919719 - samples/sec: 113.47 - lr: 0.000391
2022-05-21 00:38:37,737 epoch 42 - iter 50/107 - loss 0.05057945 - samples/sec: 125.33 - lr: 0.000391
2022-05-21 00:38:40,567 epoch 42 - iter 60/107 - loss 0.05069357 - samples/sec: 113.15 - lr: 0.000391
2022-05-21 00:38:43,243 epoch 42 - iter 70/107 - loss 0.05176613 - samples/sec: 119.62 - lr: 0.000391
2022-05-21 00:38:45,835 epoch 42 - iter 80/107 - loss 0.05154684 - samples/sec: 123.49 - lr: 0.000391
2022-05-21 00:38:48,051 epoch 42 - iter 90/107 - loss 0.05272174 - samples/sec: 144.51 - lr: 0.000391
2022-05-21 00:38:50,336 epoch 42 - iter 100/107 - loss 0.05354928 - samples/sec: 140.15 - lr: 0.000391
2022-05-21 00:38:51,750 ----------------------------------------------------------------------------------------------------
2022-05-21 00:38:51,750 EPOCH 42 done: loss 0.0538 - lr 0.000391
2022-05-21 00:38:59,542 Evaluating as a multi-label problem: False
2022-05-21 00:38:59,554 DEV : loss 0.19608332216739655 - f1-score (micro avg)  0.5063
2022-05-21 00:38:59,626 Epoch    42: reducing learning rate of group 0 to 1.9531e-04.
2022-05-21 00:38:59,627 BAD EPOCHS (no improvement): 4
2022-05-21 00:38:59,628 ----------------------------------------------------------------------------------------------------
2022-05-21 00:39:02,095 epoch 43 - iter 10/107 - loss 0.04757798 - samples/sec: 129.82 - lr: 0.000195
2022-05-21 00:39:04,630 epoch 43 - iter 20/107 - loss 0.05240690 - samples/sec: 126.28 - lr: 0.000195
2022-05-21 00:39:07,546 epoch 43 - iter 30/107 - loss 0.05144078 - samples/sec: 109.78 - lr: 0.000195
2022-05-21 00:39:10,123 epoch 43 - iter 40/107 - loss 0.05328704 - samples/sec: 124.23 - lr: 0.000195
2022-05-21 00:39:12,772 epoch 43 - iter 50/107 - loss 0.05248920 - samples/sec: 120.87 - lr: 0.000195
2022-05-21 00:39:15,667 epoch 43 - iter 60/107 - loss 0.05238362 - samples/sec: 110.54 - lr: 0.000195
2022-05-21 00:39:18,310 epoch 43 - iter 70/107 - loss 0.05398985 - samples/sec: 121.15 - lr: 0.000195
2022-05-21 00:39:20,845 epoch 43 - iter 80/107 - loss 0.05377804 - samples/sec: 126.28 - lr: 0.000195
2022-05-21 00:39:23,061 epoch 43 - iter 90/107 - loss 0.05386273 - samples/sec: 144.45 - lr: 0.000195
2022-05-21 00:39:25,506 epoch 43 - iter 100/107 - loss 0.05352829 - samples/sec: 130.97 - lr: 0.000195
2022-05-21 00:39:26,983 ----------------------------------------------------------------------------------------------------
2022-05-21 00:39:26,983 EPOCH 43 done: loss 0.0547 - lr 0.000195
2022-05-21 00:39:33,379 Evaluating as a multi-label problem: False
2022-05-21 00:39:33,391 DEV : loss 0.19622333347797394 - f1-score (micro avg)  0.5063
2022-05-21 00:39:33,464 BAD EPOCHS (no improvement): 1
2022-05-21 00:39:33,467 ----------------------------------------------------------------------------------------------------
2022-05-21 00:39:35,451 epoch 44 - iter 10/107 - loss 0.05031409 - samples/sec: 161.43 - lr: 0.000195
2022-05-21 00:39:37,281 epoch 44 - iter 20/107 - loss 0.04883698 - samples/sec: 174.93 - lr: 0.000195
2022-05-21 00:39:39,144 epoch 44 - iter 30/107 - loss 0.04901641 - samples/sec: 171.84 - lr: 0.000195
2022-05-21 00:39:40,938 epoch 44 - iter 40/107 - loss 0.04917249 - samples/sec: 178.52 - lr: 0.000195
2022-05-21 00:39:42,806 epoch 44 - iter 50/107 - loss 0.04813449 - samples/sec: 171.49 - lr: 0.000195
2022-05-21 00:39:44,565 epoch 44 - iter 60/107 - loss 0.04928955 - samples/sec: 182.08 - lr: 0.000195
2022-05-21 00:39:46,423 epoch 44 - iter 70/107 - loss 0.04926147 - samples/sec: 172.26 - lr: 0.000195
2022-05-21 00:39:48,311 epoch 44 - iter 80/107 - loss 0.05038896 - samples/sec: 169.66 - lr: 0.000195
2022-05-21 00:39:50,074 epoch 44 - iter 90/107 - loss 0.05105397 - samples/sec: 181.65 - lr: 0.000195
2022-05-21 00:39:51,810 epoch 44 - iter 100/107 - loss 0.05215220 - samples/sec: 184.38 - lr: 0.000195
2022-05-21 00:39:52,925 ----------------------------------------------------------------------------------------------------
2022-05-21 00:39:52,925 EPOCH 44 done: loss 0.0519 - lr 0.000195
2022-05-21 00:39:59,006 Evaluating as a multi-label problem: False
2022-05-21 00:39:59,018 DEV : loss 0.19591806828975677 - f1-score (micro avg)  0.5063
2022-05-21 00:39:59,091 BAD EPOCHS (no improvement): 2
2022-05-21 00:39:59,092 ----------------------------------------------------------------------------------------------------
2022-05-21 00:40:00,967 epoch 45 - iter 10/107 - loss 0.06101375 - samples/sec: 170.83 - lr: 0.000195
2022-05-21 00:40:02,827 epoch 45 - iter 20/107 - loss 0.05894702 - samples/sec: 172.13 - lr: 0.000195
2022-05-21 00:40:04,593 epoch 45 - iter 30/107 - loss 0.05860223 - samples/sec: 181.38 - lr: 0.000195
2022-05-21 00:40:06,489 epoch 45 - iter 40/107 - loss 0.05567590 - samples/sec: 168.82 - lr: 0.000195
2022-05-21 00:40:08,332 epoch 45 - iter 50/107 - loss 0.05589917 - samples/sec: 173.76 - lr: 0.000195
2022-05-21 00:40:10,124 epoch 45 - iter 60/107 - loss 0.05710341 - samples/sec: 178.66 - lr: 0.000195
2022-05-21 00:40:11,924 epoch 45 - iter 70/107 - loss 0.05613330 - samples/sec: 177.91 - lr: 0.000195
2022-05-21 00:40:13,767 epoch 45 - iter 80/107 - loss 0.05562302 - samples/sec: 173.76 - lr: 0.000195
2022-05-21 00:40:15,513 epoch 45 - iter 90/107 - loss 0.05485203 - samples/sec: 183.39 - lr: 0.000195
2022-05-21 00:40:17,384 epoch 45 - iter 100/107 - loss 0.05461324 - samples/sec: 171.06 - lr: 0.000195
2022-05-21 00:40:18,478 ----------------------------------------------------------------------------------------------------
2022-05-21 00:40:18,479 EPOCH 45 done: loss 0.0542 - lr 0.000195
2022-05-21 00:40:24,798 Evaluating as a multi-label problem: False
2022-05-21 00:40:24,809 DEV : loss 0.1953704059123993 - f1-score (micro avg)  0.5075
2022-05-21 00:40:24,884 BAD EPOCHS (no improvement): 3
2022-05-21 00:40:24,972 ----------------------------------------------------------------------------------------------------
2022-05-21 00:40:27,502 epoch 46 - iter 10/107 - loss 0.06183731 - samples/sec: 126.53 - lr: 0.000195
2022-05-21 00:40:30,113 epoch 46 - iter 20/107 - loss 0.05865890 - samples/sec: 122.62 - lr: 0.000195
2022-05-21 00:40:32,657 epoch 46 - iter 30/107 - loss 0.05725969 - samples/sec: 125.84 - lr: 0.000195
2022-05-21 00:40:35,244 epoch 46 - iter 40/107 - loss 0.05581637 - samples/sec: 123.75 - lr: 0.000195
2022-05-21 00:40:37,784 epoch 46 - iter 50/107 - loss 0.05576955 - samples/sec: 126.05 - lr: 0.000195
2022-05-21 00:40:40,369 epoch 46 - iter 60/107 - loss 0.05566951 - samples/sec: 123.87 - lr: 0.000195
2022-05-21 00:40:43,107 epoch 46 - iter 70/107 - loss 0.05566624 - samples/sec: 116.95 - lr: 0.000195
2022-05-21 00:40:45,724 epoch 46 - iter 80/107 - loss 0.05467307 - samples/sec: 122.30 - lr: 0.000195
2022-05-21 00:40:48,335 epoch 46 - iter 90/107 - loss 0.05474503 - samples/sec: 122.63 - lr: 0.000195
2022-05-21 00:40:50,806 epoch 46 - iter 100/107 - loss 0.05490845 - samples/sec: 129.58 - lr: 0.000195
2022-05-21 00:40:52,642 ----------------------------------------------------------------------------------------------------
2022-05-21 00:40:52,642 EPOCH 46 done: loss 0.0548 - lr 0.000195
2022-05-21 00:40:59,559 Evaluating as a multi-label problem: False
2022-05-21 00:40:59,571 DEV : loss 0.19508527219295502 - f1-score (micro avg)  0.5071
2022-05-21 00:40:59,646 Epoch    46: reducing learning rate of group 0 to 9.7656e-05.
2022-05-21 00:40:59,646 BAD EPOCHS (no improvement): 4
2022-05-21 00:40:59,648 ----------------------------------------------------------------------------------------------------
2022-05-21 00:40:59,648 ----------------------------------------------------------------------------------------------------
2022-05-21 00:40:59,648 learning rate too small - quitting training!
2022-05-21 00:40:59,648 ----------------------------------------------------------------------------------------------------
2022-05-21 00:41:44,217 ----------------------------------------------------------------------------------------------------
2022-05-21 00:41:44,218 loading file resources/taggers/model_04_r13_run_4/best-model.pt
2022-05-21 00:42:13,959 SequenceTagger predicts: Dictionary with 27 tags: O, S-person, B-person, E-person, I-person, S-location, B-location, E-location, I-location, S-group, B-group, E-group, I-group, S-corporation, B-corporation, E-corporation, I-corporation, S-product, B-product, E-product, I-product, S-creative-work, B-creative-work, E-creative-work, I-creative-work, <START>, <STOP>
2022-05-21 00:42:34,268 Evaluating as a multi-label problem: False
2022-05-21 00:42:34,283 0.5764	0.304	0.3981	0.2691
2022-05-21 00:42:34,283 
Results:
- F-score (micro) 0.3981
- F-score (macro) 0.2483
- Accuracy 0.2691

By class:
               precision    recall  f1-score   support

       person     0.6074    0.5338    0.5682       429
     location     0.6800    0.4533    0.5440       150
        group     0.5278    0.1152    0.1891       165
creative-work     0.7500    0.0423    0.0800       142
      product     0.1429    0.0157    0.0284       127
  corporation     0.1176    0.0606    0.0800        66

    micro avg     0.5764    0.3040    0.3981      1079
    macro avg     0.4710    0.2035    0.2483      1079
 weighted avg     0.5395    0.3040    0.3492      1079

2022-05-21 00:42:34,283 ----------------------------------------------------------------------------------------------------
