2022-04-23 22:13:43,467 ----------------------------------------------------------------------------------------------------
2022-04-23 22:13:43,467 Model: "SequenceTagger(
  (embeddings): StackedEmbeddings(
    (list_embedding_0): GazetteerEmbeddings()
    (list_embedding_1): FlairEmbeddings(
      (lm): LanguageModel(
        (drop): Dropout(p=0.05, inplace=False)
        (encoder): Embedding(300, 100)
        (rnn): LSTM(100, 2048)
        (decoder): Linear(in_features=2048, out_features=300, bias=True)
      )
    )
    (list_embedding_2): FlairEmbeddings(
      (lm): LanguageModel(
        (drop): Dropout(p=0.05, inplace=False)
        (encoder): Embedding(300, 100)
        (rnn): LSTM(100, 2048)
        (decoder): Linear(in_features=2048, out_features=300, bias=True)
      )
    )
  )
  (word_dropout): WordDropout(p=0.05)
  (locked_dropout): LockedDropout(p=0.5)
  (embedding2nn): Linear(in_features=4757, out_features=4757, bias=True)
  (rnn): LSTM(4757, 256, batch_first=True, bidirectional=True)
  (linear): Linear(in_features=512, out_features=27, bias=True)
  (loss_function): ViterbiLoss()
  (crf): CRF()
)"
2022-04-23 22:13:43,467 ----------------------------------------------------------------------------------------------------
2022-04-23 22:13:43,467 Corpus: "Corpus: 3394 train + 1009 dev + 1287 test sentences"
2022-04-23 22:13:43,467 ----------------------------------------------------------------------------------------------------
2022-04-23 22:13:43,467 Parameters:
2022-04-23 22:13:43,467  - learning_rate: "0.100000"
2022-04-23 22:13:43,467  - mini_batch_size: "32"
2022-04-23 22:13:43,467  - patience: "3"
2022-04-23 22:13:43,467  - anneal_factor: "0.5"
2022-04-23 22:13:43,467  - max_epochs: "150"
2022-04-23 22:13:43,468  - shuffle: "True"
2022-04-23 22:13:43,468  - train_with_dev: "False"
2022-04-23 22:13:43,468  - batch_growth_annealing: "False"
2022-04-23 22:13:43,468 ----------------------------------------------------------------------------------------------------
2022-04-23 22:13:43,468 Model training base path: "resources/taggers/model_05_r5_run_2"
2022-04-23 22:13:43,468 ----------------------------------------------------------------------------------------------------
2022-04-23 22:13:43,468 Device: cuda:1
2022-04-23 22:13:43,468 ----------------------------------------------------------------------------------------------------
2022-04-23 22:13:43,468 Embeddings storage mode: cpu
2022-04-23 22:13:43,468 ----------------------------------------------------------------------------------------------------
2022-04-23 22:13:45,307 epoch 1 - iter 10/107 - loss 1.07888981 - samples/sec: 174.09 - lr: 0.100000
2022-04-23 22:13:47,244 epoch 1 - iter 20/107 - loss 0.69116121 - samples/sec: 165.27 - lr: 0.100000
2022-04-23 22:13:49,252 epoch 1 - iter 30/107 - loss 0.56358125 - samples/sec: 159.45 - lr: 0.100000
2022-04-23 22:13:51,267 epoch 1 - iter 40/107 - loss 0.49432473 - samples/sec: 158.93 - lr: 0.100000
2022-04-23 22:13:53,295 epoch 1 - iter 50/107 - loss 0.43900644 - samples/sec: 157.84 - lr: 0.100000
2022-04-23 22:13:55,312 epoch 1 - iter 60/107 - loss 0.41772730 - samples/sec: 158.77 - lr: 0.100000
2022-04-23 22:13:57,334 epoch 1 - iter 70/107 - loss 0.39907200 - samples/sec: 158.28 - lr: 0.100000
2022-04-23 22:13:59,249 epoch 1 - iter 80/107 - loss 0.39033474 - samples/sec: 167.24 - lr: 0.100000
2022-04-23 22:14:01,003 epoch 1 - iter 90/107 - loss 0.38306233 - samples/sec: 182.50 - lr: 0.100000
2022-04-23 22:14:02,798 epoch 1 - iter 100/107 - loss 0.37451436 - samples/sec: 178.36 - lr: 0.100000
2022-04-23 22:14:03,896 ----------------------------------------------------------------------------------------------------
2022-04-23 22:14:03,896 EPOCH 1 done: loss 0.3669 - lr 0.100000
2022-04-23 22:14:10,147 Evaluating as a multi-label problem: False
2022-04-23 22:14:10,156 DEV : loss 0.45473575592041016 - f1-score (micro avg)  0.0467
2022-04-23 22:14:10,229 BAD EPOCHS (no improvement): 0
2022-04-23 22:14:10,232 saving best model
2022-04-23 22:14:23,950 ----------------------------------------------------------------------------------------------------
2022-04-23 22:14:26,017 epoch 2 - iter 10/107 - loss 0.22897742 - samples/sec: 154.98 - lr: 0.100000
2022-04-23 22:14:28,051 epoch 2 - iter 20/107 - loss 0.21810652 - samples/sec: 157.36 - lr: 0.100000
2022-04-23 22:14:30,037 epoch 2 - iter 30/107 - loss 0.21605687 - samples/sec: 161.22 - lr: 0.100000
2022-04-23 22:14:32,022 epoch 2 - iter 40/107 - loss 0.21337815 - samples/sec: 161.27 - lr: 0.100000
2022-04-23 22:14:34,035 epoch 2 - iter 50/107 - loss 0.21366929 - samples/sec: 159.04 - lr: 0.100000
2022-04-23 22:14:36,021 epoch 2 - iter 60/107 - loss 0.20677035 - samples/sec: 161.21 - lr: 0.100000
2022-04-23 22:14:37,982 epoch 2 - iter 70/107 - loss 0.19929623 - samples/sec: 163.33 - lr: 0.100000
2022-04-23 22:14:39,986 epoch 2 - iter 80/107 - loss 0.19596807 - samples/sec: 159.77 - lr: 0.100000
2022-04-23 22:14:42,006 epoch 2 - iter 90/107 - loss 0.19792369 - samples/sec: 158.49 - lr: 0.100000
2022-04-23 22:14:43,987 epoch 2 - iter 100/107 - loss 0.19968760 - samples/sec: 161.62 - lr: 0.100000
2022-04-23 22:14:45,158 ----------------------------------------------------------------------------------------------------
2022-04-23 22:14:45,158 EPOCH 2 done: loss 0.1990 - lr 0.100000
2022-04-23 22:14:51,345 Evaluating as a multi-label problem: False
2022-04-23 22:14:51,356 DEV : loss 0.29260867834091187 - f1-score (micro avg)  0.3302
2022-04-23 22:14:51,426 BAD EPOCHS (no improvement): 0
2022-04-23 22:14:51,429 saving best model
2022-04-23 22:15:04,982 ----------------------------------------------------------------------------------------------------
2022-04-23 22:15:07,054 epoch 3 - iter 10/107 - loss 0.16596507 - samples/sec: 154.58 - lr: 0.100000
2022-04-23 22:15:09,054 epoch 3 - iter 20/107 - loss 0.17636697 - samples/sec: 160.08 - lr: 0.100000
2022-04-23 22:15:11,046 epoch 3 - iter 30/107 - loss 0.17271829 - samples/sec: 160.68 - lr: 0.100000
2022-04-23 22:15:13,064 epoch 3 - iter 40/107 - loss 0.17477718 - samples/sec: 158.63 - lr: 0.100000
2022-04-23 22:15:14,950 epoch 3 - iter 50/107 - loss 0.17051377 - samples/sec: 169.74 - lr: 0.100000
2022-04-23 22:15:16,931 epoch 3 - iter 60/107 - loss 0.16796890 - samples/sec: 161.60 - lr: 0.100000
2022-04-23 22:15:18,863 epoch 3 - iter 70/107 - loss 0.17517185 - samples/sec: 165.75 - lr: 0.100000
2022-04-23 22:15:20,859 epoch 3 - iter 80/107 - loss 0.17005600 - samples/sec: 160.41 - lr: 0.100000
2022-04-23 22:15:22,903 epoch 3 - iter 90/107 - loss 0.17060619 - samples/sec: 156.64 - lr: 0.100000
2022-04-23 22:15:24,918 epoch 3 - iter 100/107 - loss 0.16670432 - samples/sec: 158.84 - lr: 0.100000
2022-04-23 22:15:26,145 ----------------------------------------------------------------------------------------------------
2022-04-23 22:15:26,145 EPOCH 3 done: loss 0.1665 - lr 0.100000
2022-04-23 22:15:32,328 Evaluating as a multi-label problem: False
2022-04-23 22:15:32,339 DEV : loss 0.26603418588638306 - f1-score (micro avg)  0.45
2022-04-23 22:15:32,409 BAD EPOCHS (no improvement): 0
2022-04-23 22:15:32,412 saving best model
2022-04-23 22:15:46,466 ----------------------------------------------------------------------------------------------------
2022-04-23 22:15:48,380 epoch 4 - iter 10/107 - loss 0.14411812 - samples/sec: 167.33 - lr: 0.100000
2022-04-23 22:15:50,284 epoch 4 - iter 20/107 - loss 0.14631675 - samples/sec: 168.15 - lr: 0.100000
2022-04-23 22:15:52,073 epoch 4 - iter 30/107 - loss 0.14748110 - samples/sec: 179.03 - lr: 0.100000
2022-04-23 22:15:53,857 epoch 4 - iter 40/107 - loss 0.15000648 - samples/sec: 179.46 - lr: 0.100000
2022-04-23 22:15:55,740 epoch 4 - iter 50/107 - loss 0.14708253 - samples/sec: 169.98 - lr: 0.100000
2022-04-23 22:15:57,647 epoch 4 - iter 60/107 - loss 0.14447632 - samples/sec: 167.90 - lr: 0.100000
2022-04-23 22:15:59,593 epoch 4 - iter 70/107 - loss 0.14726025 - samples/sec: 164.49 - lr: 0.100000
2022-04-23 22:16:01,560 epoch 4 - iter 80/107 - loss 0.14366563 - samples/sec: 162.81 - lr: 0.100000
2022-04-23 22:16:03,500 epoch 4 - iter 90/107 - loss 0.14628042 - samples/sec: 165.04 - lr: 0.100000
2022-04-23 22:16:05,464 epoch 4 - iter 100/107 - loss 0.14729169 - samples/sec: 162.95 - lr: 0.100000
2022-04-23 22:16:06,683 ----------------------------------------------------------------------------------------------------
2022-04-23 22:16:06,683 EPOCH 4 done: loss 0.1452 - lr 0.100000
2022-04-23 22:16:12,873 Evaluating as a multi-label problem: False
2022-04-23 22:16:12,883 DEV : loss 0.2675453722476959 - f1-score (micro avg)  0.4257
2022-04-23 22:16:12,954 BAD EPOCHS (no improvement): 1
2022-04-23 22:16:12,956 ----------------------------------------------------------------------------------------------------
2022-04-23 22:16:15,021 epoch 5 - iter 10/107 - loss 0.11703201 - samples/sec: 155.10 - lr: 0.100000
2022-04-23 22:16:17,030 epoch 5 - iter 20/107 - loss 0.11966078 - samples/sec: 159.43 - lr: 0.100000
2022-04-23 22:16:18,871 epoch 5 - iter 30/107 - loss 0.11621577 - samples/sec: 173.87 - lr: 0.100000
2022-04-23 22:16:20,740 epoch 5 - iter 40/107 - loss 0.12234484 - samples/sec: 171.33 - lr: 0.100000
2022-04-23 22:16:22,621 epoch 5 - iter 50/107 - loss 0.12372771 - samples/sec: 170.22 - lr: 0.100000
2022-04-23 22:16:24,523 epoch 5 - iter 60/107 - loss 0.12498417 - samples/sec: 168.27 - lr: 0.100000
2022-04-23 22:16:26,600 epoch 5 - iter 70/107 - loss 0.12508904 - samples/sec: 154.16 - lr: 0.100000
2022-04-23 22:16:28,543 epoch 5 - iter 80/107 - loss 0.12781741 - samples/sec: 164.79 - lr: 0.100000
2022-04-23 22:16:30,519 epoch 5 - iter 90/107 - loss 0.12666422 - samples/sec: 161.95 - lr: 0.100000
2022-04-23 22:16:32,463 epoch 5 - iter 100/107 - loss 0.13106194 - samples/sec: 164.75 - lr: 0.100000
2022-04-23 22:16:33,710 ----------------------------------------------------------------------------------------------------
2022-04-23 22:16:33,710 EPOCH 5 done: loss 0.1310 - lr 0.100000
2022-04-23 22:16:39,883 Evaluating as a multi-label problem: False
2022-04-23 22:16:39,893 DEV : loss 0.2482004314661026 - f1-score (micro avg)  0.422
2022-04-23 22:16:39,963 BAD EPOCHS (no improvement): 2
2022-04-23 22:16:39,966 ----------------------------------------------------------------------------------------------------
2022-04-23 22:16:42,059 epoch 6 - iter 10/107 - loss 0.11036448 - samples/sec: 152.99 - lr: 0.100000
2022-04-23 22:16:43,986 epoch 6 - iter 20/107 - loss 0.11120062 - samples/sec: 166.16 - lr: 0.100000
2022-04-23 22:16:45,907 epoch 6 - iter 30/107 - loss 0.10407865 - samples/sec: 166.60 - lr: 0.100000
2022-04-23 22:16:47,877 epoch 6 - iter 40/107 - loss 0.10319820 - samples/sec: 162.49 - lr: 0.100000
2022-04-23 22:16:49,773 epoch 6 - iter 50/107 - loss 0.11129554 - samples/sec: 168.92 - lr: 0.100000
2022-04-23 22:16:51,722 epoch 6 - iter 60/107 - loss 0.11192423 - samples/sec: 164.21 - lr: 0.100000
2022-04-23 22:16:53,658 epoch 6 - iter 70/107 - loss 0.11630910 - samples/sec: 165.41 - lr: 0.100000
2022-04-23 22:16:55,609 epoch 6 - iter 80/107 - loss 0.11766999 - samples/sec: 164.12 - lr: 0.100000
2022-04-23 22:16:57,558 epoch 6 - iter 90/107 - loss 0.11898607 - samples/sec: 164.26 - lr: 0.100000
2022-04-23 22:16:59,594 epoch 6 - iter 100/107 - loss 0.11885129 - samples/sec: 157.26 - lr: 0.100000
2022-04-23 22:17:00,830 ----------------------------------------------------------------------------------------------------
2022-04-23 22:17:00,830 EPOCH 6 done: loss 0.1175 - lr 0.100000
2022-04-23 22:17:08,335 Evaluating as a multi-label problem: False
2022-04-23 22:17:08,345 DEV : loss 0.22411110997200012 - f1-score (micro avg)  0.4834
2022-04-23 22:17:08,415 BAD EPOCHS (no improvement): 0
2022-04-23 22:17:08,418 saving best model
2022-04-23 22:17:21,699 ----------------------------------------------------------------------------------------------------
2022-04-23 22:17:23,831 epoch 7 - iter 10/107 - loss 0.10551697 - samples/sec: 150.16 - lr: 0.100000
2022-04-23 22:17:25,849 epoch 7 - iter 20/107 - loss 0.12273762 - samples/sec: 158.67 - lr: 0.100000
2022-04-23 22:17:27,802 epoch 7 - iter 30/107 - loss 0.11575343 - samples/sec: 163.89 - lr: 0.100000
2022-04-23 22:17:29,735 epoch 7 - iter 40/107 - loss 0.11266419 - samples/sec: 165.61 - lr: 0.100000
2022-04-23 22:17:31,647 epoch 7 - iter 50/107 - loss 0.11196500 - samples/sec: 167.46 - lr: 0.100000
2022-04-23 22:17:33,569 epoch 7 - iter 60/107 - loss 0.11052517 - samples/sec: 166.59 - lr: 0.100000
2022-04-23 22:17:35,546 epoch 7 - iter 70/107 - loss 0.11167642 - samples/sec: 161.91 - lr: 0.100000
2022-04-23 22:17:37,525 epoch 7 - iter 80/107 - loss 0.11293663 - samples/sec: 161.81 - lr: 0.100000
2022-04-23 22:17:39,467 epoch 7 - iter 90/107 - loss 0.11143461 - samples/sec: 164.86 - lr: 0.100000
2022-04-23 22:17:41,423 epoch 7 - iter 100/107 - loss 0.11038828 - samples/sec: 163.66 - lr: 0.100000
2022-04-23 22:17:42,677 ----------------------------------------------------------------------------------------------------
2022-04-23 22:17:42,677 EPOCH 7 done: loss 0.1094 - lr 0.100000
2022-04-23 22:17:48,907 Evaluating as a multi-label problem: False
2022-04-23 22:17:48,919 DEV : loss 0.210389643907547 - f1-score (micro avg)  0.4826
2022-04-23 22:17:48,989 BAD EPOCHS (no improvement): 1
2022-04-23 22:17:48,991 ----------------------------------------------------------------------------------------------------
2022-04-23 22:17:51,063 epoch 8 - iter 10/107 - loss 0.10777685 - samples/sec: 154.58 - lr: 0.100000
2022-04-23 22:17:53,045 epoch 8 - iter 20/107 - loss 0.10720573 - samples/sec: 161.55 - lr: 0.100000
2022-04-23 22:17:54,993 epoch 8 - iter 30/107 - loss 0.10564883 - samples/sec: 164.32 - lr: 0.100000
2022-04-23 22:17:56,979 epoch 8 - iter 40/107 - loss 0.10096613 - samples/sec: 161.24 - lr: 0.100000
2022-04-23 22:17:58,802 epoch 8 - iter 50/107 - loss 0.10268790 - samples/sec: 175.64 - lr: 0.100000
2022-04-23 22:18:00,656 epoch 8 - iter 60/107 - loss 0.10017085 - samples/sec: 172.63 - lr: 0.100000
2022-04-23 22:18:02,553 epoch 8 - iter 70/107 - loss 0.09944047 - samples/sec: 168.77 - lr: 0.100000
2022-04-23 22:18:04,507 epoch 8 - iter 80/107 - loss 0.09998575 - samples/sec: 163.88 - lr: 0.100000
2022-04-23 22:18:06,432 epoch 8 - iter 90/107 - loss 0.10078462 - samples/sec: 166.32 - lr: 0.100000
2022-04-23 22:18:08,393 epoch 8 - iter 100/107 - loss 0.10190720 - samples/sec: 163.28 - lr: 0.100000
2022-04-23 22:18:09,646 ----------------------------------------------------------------------------------------------------
2022-04-23 22:18:09,646 EPOCH 8 done: loss 0.1020 - lr 0.100000
2022-04-23 22:18:15,834 Evaluating as a multi-label problem: False
2022-04-23 22:18:15,845 DEV : loss 0.18604667484760284 - f1-score (micro avg)  0.5127
2022-04-23 22:18:15,914 BAD EPOCHS (no improvement): 0
2022-04-23 22:18:15,917 saving best model
2022-04-23 22:18:29,745 ----------------------------------------------------------------------------------------------------
2022-04-23 22:18:31,798 epoch 9 - iter 10/107 - loss 0.08993471 - samples/sec: 155.97 - lr: 0.100000
2022-04-23 22:18:33,751 epoch 9 - iter 20/107 - loss 0.08270987 - samples/sec: 163.97 - lr: 0.100000
2022-04-23 22:18:35,631 epoch 9 - iter 30/107 - loss 0.09401921 - samples/sec: 170.29 - lr: 0.100000
2022-04-23 22:18:37,668 epoch 9 - iter 40/107 - loss 0.09520845 - samples/sec: 157.18 - lr: 0.100000
2022-04-23 22:18:39,656 epoch 9 - iter 50/107 - loss 0.09805508 - samples/sec: 161.05 - lr: 0.100000
2022-04-23 22:18:41,635 epoch 9 - iter 60/107 - loss 0.09760493 - samples/sec: 161.82 - lr: 0.100000
2022-04-23 22:18:43,514 epoch 9 - iter 70/107 - loss 0.09742536 - samples/sec: 170.32 - lr: 0.100000
2022-04-23 22:18:45,447 epoch 9 - iter 80/107 - loss 0.09832091 - samples/sec: 165.66 - lr: 0.100000
2022-04-23 22:18:47,384 epoch 9 - iter 90/107 - loss 0.09728691 - samples/sec: 165.31 - lr: 0.100000
2022-04-23 22:18:49,279 epoch 9 - iter 100/107 - loss 0.09708211 - samples/sec: 168.87 - lr: 0.100000
2022-04-23 22:18:50,518 ----------------------------------------------------------------------------------------------------
2022-04-23 22:18:50,518 EPOCH 9 done: loss 0.0960 - lr 0.100000
2022-04-23 22:18:56,733 Evaluating as a multi-label problem: False
2022-04-23 22:18:56,744 DEV : loss 0.2517974376678467 - f1-score (micro avg)  0.4417
2022-04-23 22:18:56,815 BAD EPOCHS (no improvement): 1
2022-04-23 22:18:56,817 ----------------------------------------------------------------------------------------------------
2022-04-23 22:18:58,882 epoch 10 - iter 10/107 - loss 0.07994590 - samples/sec: 155.10 - lr: 0.100000
2022-04-23 22:19:00,836 epoch 10 - iter 20/107 - loss 0.08949444 - samples/sec: 163.78 - lr: 0.100000
2022-04-23 22:19:02,792 epoch 10 - iter 30/107 - loss 0.08964923 - samples/sec: 163.70 - lr: 0.100000
2022-04-23 22:19:04,747 epoch 10 - iter 40/107 - loss 0.08818741 - samples/sec: 163.75 - lr: 0.100000
2022-04-23 22:19:06,679 epoch 10 - iter 50/107 - loss 0.08597931 - samples/sec: 165.69 - lr: 0.100000
2022-04-23 22:19:08,663 epoch 10 - iter 60/107 - loss 0.08818568 - samples/sec: 161.36 - lr: 0.100000
2022-04-23 22:19:10,676 epoch 10 - iter 70/107 - loss 0.08902784 - samples/sec: 159.04 - lr: 0.100000
2022-04-23 22:19:12,602 epoch 10 - iter 80/107 - loss 0.08862360 - samples/sec: 166.27 - lr: 0.100000
2022-04-23 22:19:14,393 epoch 10 - iter 90/107 - loss 0.08850833 - samples/sec: 178.73 - lr: 0.100000
2022-04-23 22:19:16,273 epoch 10 - iter 100/107 - loss 0.08914488 - samples/sec: 170.33 - lr: 0.100000
2022-04-23 22:19:17,491 ----------------------------------------------------------------------------------------------------
2022-04-23 22:19:17,491 EPOCH 10 done: loss 0.0914 - lr 0.100000
2022-04-23 22:19:23,694 Evaluating as a multi-label problem: False
2022-04-23 22:19:23,705 DEV : loss 0.20473866164684296 - f1-score (micro avg)  0.463
2022-04-23 22:19:23,775 BAD EPOCHS (no improvement): 2
2022-04-23 22:19:23,777 ----------------------------------------------------------------------------------------------------
2022-04-23 22:19:25,803 epoch 11 - iter 10/107 - loss 0.08809280 - samples/sec: 158.05 - lr: 0.100000
2022-04-23 22:19:27,780 epoch 11 - iter 20/107 - loss 0.08740020 - samples/sec: 161.97 - lr: 0.100000
2022-04-23 22:19:29,739 epoch 11 - iter 30/107 - loss 0.08953076 - samples/sec: 163.44 - lr: 0.100000
2022-04-23 22:19:31,663 epoch 11 - iter 40/107 - loss 0.08588461 - samples/sec: 166.44 - lr: 0.100000
2022-04-23 22:19:33,677 epoch 11 - iter 50/107 - loss 0.08699501 - samples/sec: 158.95 - lr: 0.100000
2022-04-23 22:19:35,696 epoch 11 - iter 60/107 - loss 0.08729953 - samples/sec: 158.58 - lr: 0.100000
2022-04-23 22:19:37,613 epoch 11 - iter 70/107 - loss 0.08675004 - samples/sec: 166.98 - lr: 0.100000
2022-04-23 22:19:39,573 epoch 11 - iter 80/107 - loss 0.08516793 - samples/sec: 163.34 - lr: 0.100000
2022-04-23 22:19:41,429 epoch 11 - iter 90/107 - loss 0.08518381 - samples/sec: 172.50 - lr: 0.100000
2022-04-23 22:19:43,399 epoch 11 - iter 100/107 - loss 0.08614635 - samples/sec: 162.53 - lr: 0.100000
2022-04-23 22:19:44,613 ----------------------------------------------------------------------------------------------------
2022-04-23 22:19:44,613 EPOCH 11 done: loss 0.0871 - lr 0.100000
2022-04-23 22:19:50,800 Evaluating as a multi-label problem: False
2022-04-23 22:19:50,810 DEV : loss 0.2032439261674881 - f1-score (micro avg)  0.5093
2022-04-23 22:19:50,880 BAD EPOCHS (no improvement): 3
2022-04-23 22:19:50,882 ----------------------------------------------------------------------------------------------------
2022-04-23 22:19:52,896 epoch 12 - iter 10/107 - loss 0.06886602 - samples/sec: 159.01 - lr: 0.100000
2022-04-23 22:19:54,773 epoch 12 - iter 20/107 - loss 0.07000938 - samples/sec: 170.55 - lr: 0.100000
2022-04-23 22:19:56,696 epoch 12 - iter 30/107 - loss 0.06722893 - samples/sec: 166.44 - lr: 0.100000
2022-04-23 22:19:58,663 epoch 12 - iter 40/107 - loss 0.07081531 - samples/sec: 162.78 - lr: 0.100000
2022-04-23 22:20:00,649 epoch 12 - iter 50/107 - loss 0.07677953 - samples/sec: 161.18 - lr: 0.100000
2022-04-23 22:20:02,603 epoch 12 - iter 60/107 - loss 0.07915743 - samples/sec: 163.90 - lr: 0.100000
2022-04-23 22:20:04,640 epoch 12 - iter 70/107 - loss 0.08118424 - samples/sec: 157.18 - lr: 0.100000
2022-04-23 22:20:06,710 epoch 12 - iter 80/107 - loss 0.08255704 - samples/sec: 154.65 - lr: 0.100000
2022-04-23 22:20:08,637 epoch 12 - iter 90/107 - loss 0.08219614 - samples/sec: 166.12 - lr: 0.100000
2022-04-23 22:20:10,632 epoch 12 - iter 100/107 - loss 0.08226775 - samples/sec: 160.49 - lr: 0.100000
2022-04-23 22:20:11,869 ----------------------------------------------------------------------------------------------------
2022-04-23 22:20:11,870 EPOCH 12 done: loss 0.0815 - lr 0.100000
2022-04-23 22:20:18,045 Evaluating as a multi-label problem: False
2022-04-23 22:20:18,056 DEV : loss 0.21296918392181396 - f1-score (micro avg)  0.4885
2022-04-23 22:20:18,126 Epoch    12: reducing learning rate of group 0 to 5.0000e-02.
2022-04-23 22:20:18,126 BAD EPOCHS (no improvement): 4
2022-04-23 22:20:18,128 ----------------------------------------------------------------------------------------------------
2022-04-23 22:20:20,078 epoch 13 - iter 10/107 - loss 0.07888407 - samples/sec: 164.26 - lr: 0.050000
2022-04-23 22:20:22,019 epoch 13 - iter 20/107 - loss 0.07072239 - samples/sec: 164.87 - lr: 0.050000
2022-04-23 22:20:23,936 epoch 13 - iter 30/107 - loss 0.07550223 - samples/sec: 167.02 - lr: 0.050000
2022-04-23 22:20:25,962 epoch 13 - iter 40/107 - loss 0.07573565 - samples/sec: 158.00 - lr: 0.050000
2022-04-23 22:20:27,942 epoch 13 - iter 50/107 - loss 0.07615818 - samples/sec: 161.70 - lr: 0.050000
2022-04-23 22:20:29,939 epoch 13 - iter 60/107 - loss 0.07469862 - samples/sec: 160.31 - lr: 0.050000
2022-04-23 22:20:31,923 epoch 13 - iter 70/107 - loss 0.07429393 - samples/sec: 161.36 - lr: 0.050000
2022-04-23 22:20:33,902 epoch 13 - iter 80/107 - loss 0.07369892 - samples/sec: 161.79 - lr: 0.050000
2022-04-23 22:20:35,797 epoch 13 - iter 90/107 - loss 0.07317607 - samples/sec: 168.92 - lr: 0.050000
2022-04-23 22:20:37,773 epoch 13 - iter 100/107 - loss 0.07168102 - samples/sec: 162.07 - lr: 0.050000
2022-04-23 22:20:39,021 ----------------------------------------------------------------------------------------------------
2022-04-23 22:20:39,021 EPOCH 13 done: loss 0.0709 - lr 0.050000
2022-04-23 22:20:46,539 Evaluating as a multi-label problem: False
2022-04-23 22:20:46,549 DEV : loss 0.20373807847499847 - f1-score (micro avg)  0.5019
2022-04-23 22:20:46,619 BAD EPOCHS (no improvement): 1
2022-04-23 22:20:46,620 ----------------------------------------------------------------------------------------------------
2022-04-23 22:20:48,659 epoch 14 - iter 10/107 - loss 0.05652027 - samples/sec: 157.09 - lr: 0.050000
2022-04-23 22:20:50,649 epoch 14 - iter 20/107 - loss 0.06282296 - samples/sec: 160.81 - lr: 0.050000
2022-04-23 22:20:52,629 epoch 14 - iter 30/107 - loss 0.07001324 - samples/sec: 161.76 - lr: 0.050000
2022-04-23 22:20:54,602 epoch 14 - iter 40/107 - loss 0.07063842 - samples/sec: 162.24 - lr: 0.050000
2022-04-23 22:20:56,504 epoch 14 - iter 50/107 - loss 0.06976808 - samples/sec: 168.31 - lr: 0.050000
2022-04-23 22:20:58,441 epoch 14 - iter 60/107 - loss 0.06965177 - samples/sec: 165.32 - lr: 0.050000
2022-04-23 22:21:00,435 epoch 14 - iter 70/107 - loss 0.06866096 - samples/sec: 160.60 - lr: 0.050000
2022-04-23 22:21:02,432 epoch 14 - iter 80/107 - loss 0.06841484 - samples/sec: 160.32 - lr: 0.050000
2022-04-23 22:21:04,316 epoch 14 - iter 90/107 - loss 0.06836206 - samples/sec: 169.95 - lr: 0.050000
2022-04-23 22:21:06,244 epoch 14 - iter 100/107 - loss 0.06789989 - samples/sec: 166.00 - lr: 0.050000
2022-04-23 22:21:07,496 ----------------------------------------------------------------------------------------------------
2022-04-23 22:21:07,496 EPOCH 14 done: loss 0.0675 - lr 0.050000
2022-04-23 22:21:13,651 Evaluating as a multi-label problem: False
2022-04-23 22:21:13,662 DEV : loss 0.20403370261192322 - f1-score (micro avg)  0.4996
2022-04-23 22:21:13,731 BAD EPOCHS (no improvement): 2
2022-04-23 22:21:13,734 ----------------------------------------------------------------------------------------------------
2022-04-23 22:21:15,776 epoch 15 - iter 10/107 - loss 0.06879098 - samples/sec: 156.78 - lr: 0.050000
2022-04-23 22:21:17,624 epoch 15 - iter 20/107 - loss 0.06879924 - samples/sec: 173.19 - lr: 0.050000
2022-04-23 22:21:19,430 epoch 15 - iter 30/107 - loss 0.07450143 - samples/sec: 177.36 - lr: 0.050000
2022-04-23 22:21:21,266 epoch 15 - iter 40/107 - loss 0.07124651 - samples/sec: 174.31 - lr: 0.050000
2022-04-23 22:21:23,215 epoch 15 - iter 50/107 - loss 0.06895373 - samples/sec: 164.29 - lr: 0.050000
2022-04-23 22:21:25,046 epoch 15 - iter 60/107 - loss 0.06928704 - samples/sec: 174.88 - lr: 0.050000
2022-04-23 22:21:26,876 epoch 15 - iter 70/107 - loss 0.06911436 - samples/sec: 174.92 - lr: 0.050000
2022-04-23 22:21:28,681 epoch 15 - iter 80/107 - loss 0.06792517 - samples/sec: 177.43 - lr: 0.050000
2022-04-23 22:21:30,510 epoch 15 - iter 90/107 - loss 0.06691101 - samples/sec: 175.00 - lr: 0.050000
2022-04-23 22:21:32,323 epoch 15 - iter 100/107 - loss 0.06534249 - samples/sec: 176.62 - lr: 0.050000
2022-04-23 22:21:33,510 ----------------------------------------------------------------------------------------------------
2022-04-23 22:21:33,511 EPOCH 15 done: loss 0.0653 - lr 0.050000
2022-04-23 22:21:39,717 Evaluating as a multi-label problem: False
2022-04-23 22:21:39,728 DEV : loss 0.19370006024837494 - f1-score (micro avg)  0.514
2022-04-23 22:21:39,798 BAD EPOCHS (no improvement): 0
2022-04-23 22:21:39,800 saving best model
2022-04-23 22:21:53,544 ----------------------------------------------------------------------------------------------------
2022-04-23 22:21:55,596 epoch 16 - iter 10/107 - loss 0.05353189 - samples/sec: 156.09 - lr: 0.050000
2022-04-23 22:21:57,607 epoch 16 - iter 20/107 - loss 0.06262639 - samples/sec: 159.16 - lr: 0.050000
2022-04-23 22:21:59,546 epoch 16 - iter 30/107 - loss 0.06222329 - samples/sec: 165.14 - lr: 0.050000
2022-04-23 22:22:01,523 epoch 16 - iter 40/107 - loss 0.06034234 - samples/sec: 161.96 - lr: 0.050000
2022-04-23 22:22:03,459 epoch 16 - iter 50/107 - loss 0.06130211 - samples/sec: 165.33 - lr: 0.050000
2022-04-23 22:22:05,429 epoch 16 - iter 60/107 - loss 0.06174620 - samples/sec: 162.52 - lr: 0.050000
2022-04-23 22:22:07,428 epoch 16 - iter 70/107 - loss 0.06259815 - samples/sec: 160.18 - lr: 0.050000
2022-04-23 22:22:09,364 epoch 16 - iter 80/107 - loss 0.06280565 - samples/sec: 165.33 - lr: 0.050000
2022-04-23 22:22:11,332 epoch 16 - iter 90/107 - loss 0.06253556 - samples/sec: 162.70 - lr: 0.050000
2022-04-23 22:22:13,341 epoch 16 - iter 100/107 - loss 0.06268451 - samples/sec: 159.38 - lr: 0.050000
2022-04-23 22:22:14,607 ----------------------------------------------------------------------------------------------------
2022-04-23 22:22:14,607 EPOCH 16 done: loss 0.0618 - lr 0.050000
2022-04-23 22:22:20,790 Evaluating as a multi-label problem: False
2022-04-23 22:22:20,801 DEV : loss 0.21331878006458282 - f1-score (micro avg)  0.4904
2022-04-23 22:22:20,871 BAD EPOCHS (no improvement): 1
2022-04-23 22:22:20,885 ----------------------------------------------------------------------------------------------------
2022-04-23 22:22:22,935 epoch 17 - iter 10/107 - loss 0.06027187 - samples/sec: 156.17 - lr: 0.050000
2022-04-23 22:22:24,893 epoch 17 - iter 20/107 - loss 0.05316841 - samples/sec: 163.51 - lr: 0.050000
2022-04-23 22:22:26,912 epoch 17 - iter 30/107 - loss 0.06012397 - samples/sec: 158.57 - lr: 0.050000
2022-04-23 22:22:28,853 epoch 17 - iter 40/107 - loss 0.05818915 - samples/sec: 164.96 - lr: 0.050000
2022-04-23 22:22:30,873 epoch 17 - iter 50/107 - loss 0.06037300 - samples/sec: 158.53 - lr: 0.050000
2022-04-23 22:22:32,876 epoch 17 - iter 60/107 - loss 0.05916971 - samples/sec: 159.87 - lr: 0.050000
2022-04-23 22:22:34,865 epoch 17 - iter 70/107 - loss 0.05889892 - samples/sec: 160.92 - lr: 0.050000
2022-04-23 22:22:36,841 epoch 17 - iter 80/107 - loss 0.06004345 - samples/sec: 162.06 - lr: 0.050000
2022-04-23 22:22:38,740 epoch 17 - iter 90/107 - loss 0.05856333 - samples/sec: 168.60 - lr: 0.050000
2022-04-23 22:22:40,658 epoch 17 - iter 100/107 - loss 0.05867852 - samples/sec: 166.89 - lr: 0.050000
2022-04-23 22:22:41,925 ----------------------------------------------------------------------------------------------------
2022-04-23 22:22:41,925 EPOCH 17 done: loss 0.0585 - lr 0.050000
2022-04-23 22:22:48,100 Evaluating as a multi-label problem: False
2022-04-23 22:22:48,111 DEV : loss 0.2157181054353714 - f1-score (micro avg)  0.4744
2022-04-23 22:22:48,181 BAD EPOCHS (no improvement): 2
2022-04-23 22:22:48,184 ----------------------------------------------------------------------------------------------------
2022-04-23 22:22:50,194 epoch 18 - iter 10/107 - loss 0.05863345 - samples/sec: 159.27 - lr: 0.050000
2022-04-23 22:22:52,149 epoch 18 - iter 20/107 - loss 0.05655161 - samples/sec: 163.79 - lr: 0.050000
2022-04-23 22:22:54,165 epoch 18 - iter 30/107 - loss 0.06150388 - samples/sec: 158.79 - lr: 0.050000
2022-04-23 22:22:56,171 epoch 18 - iter 40/107 - loss 0.05989015 - samples/sec: 159.59 - lr: 0.050000
2022-04-23 22:22:58,185 epoch 18 - iter 50/107 - loss 0.06054905 - samples/sec: 159.00 - lr: 0.050000
2022-04-23 22:23:00,175 epoch 18 - iter 60/107 - loss 0.05992656 - samples/sec: 160.83 - lr: 0.050000
2022-04-23 22:23:02,140 epoch 18 - iter 70/107 - loss 0.05931942 - samples/sec: 162.94 - lr: 0.050000
2022-04-23 22:23:04,153 epoch 18 - iter 80/107 - loss 0.05921987 - samples/sec: 159.06 - lr: 0.050000
2022-04-23 22:23:06,133 epoch 18 - iter 90/107 - loss 0.05975293 - samples/sec: 161.67 - lr: 0.050000
2022-04-23 22:23:08,030 epoch 18 - iter 100/107 - loss 0.05908108 - samples/sec: 168.80 - lr: 0.050000
2022-04-23 22:23:09,244 ----------------------------------------------------------------------------------------------------
2022-04-23 22:23:09,244 EPOCH 18 done: loss 0.0583 - lr 0.050000
2022-04-23 22:23:15,478 Evaluating as a multi-label problem: False
2022-04-23 22:23:15,489 DEV : loss 0.21520380675792694 - f1-score (micro avg)  0.4929
2022-04-23 22:23:15,559 BAD EPOCHS (no improvement): 3
2022-04-23 22:23:15,563 ----------------------------------------------------------------------------------------------------
2022-04-23 22:23:17,637 epoch 19 - iter 10/107 - loss 0.05758253 - samples/sec: 154.38 - lr: 0.050000
2022-04-23 22:23:19,637 epoch 19 - iter 20/107 - loss 0.05282264 - samples/sec: 160.14 - lr: 0.050000
2022-04-23 22:23:21,679 epoch 19 - iter 30/107 - loss 0.05741917 - samples/sec: 156.80 - lr: 0.050000
2022-04-23 22:23:23,623 epoch 19 - iter 40/107 - loss 0.05818906 - samples/sec: 164.71 - lr: 0.050000
2022-04-23 22:23:25,510 epoch 19 - iter 50/107 - loss 0.05567585 - samples/sec: 169.62 - lr: 0.050000
2022-04-23 22:23:27,470 epoch 19 - iter 60/107 - loss 0.05582749 - samples/sec: 163.34 - lr: 0.050000
2022-04-23 22:23:29,407 epoch 19 - iter 70/107 - loss 0.05544980 - samples/sec: 165.32 - lr: 0.050000
2022-04-23 22:23:31,305 epoch 19 - iter 80/107 - loss 0.05659750 - samples/sec: 168.63 - lr: 0.050000
2022-04-23 22:23:33,244 epoch 19 - iter 90/107 - loss 0.05580388 - samples/sec: 165.15 - lr: 0.050000
2022-04-23 22:23:35,209 epoch 19 - iter 100/107 - loss 0.05535270 - samples/sec: 162.90 - lr: 0.050000
2022-04-23 22:23:36,398 ----------------------------------------------------------------------------------------------------
2022-04-23 22:23:36,398 EPOCH 19 done: loss 0.0548 - lr 0.050000
2022-04-23 22:23:42,597 Evaluating as a multi-label problem: False
2022-04-23 22:23:42,610 DEV : loss 0.20832374691963196 - f1-score (micro avg)  0.4769
2022-04-23 22:23:42,683 Epoch    19: reducing learning rate of group 0 to 2.5000e-02.
2022-04-23 22:23:42,683 BAD EPOCHS (no improvement): 4
2022-04-23 22:23:42,686 ----------------------------------------------------------------------------------------------------
2022-04-23 22:23:44,726 epoch 20 - iter 10/107 - loss 0.05553339 - samples/sec: 156.91 - lr: 0.025000
2022-04-23 22:23:46,768 epoch 20 - iter 20/107 - loss 0.05572765 - samples/sec: 156.80 - lr: 0.025000
2022-04-23 22:23:48,775 epoch 20 - iter 30/107 - loss 0.05237353 - samples/sec: 159.53 - lr: 0.025000
2022-04-23 22:23:50,706 epoch 20 - iter 40/107 - loss 0.05380194 - samples/sec: 165.81 - lr: 0.025000
2022-04-23 22:23:52,702 epoch 20 - iter 50/107 - loss 0.05404617 - samples/sec: 160.33 - lr: 0.025000
2022-04-23 22:23:54,733 epoch 20 - iter 60/107 - loss 0.05226929 - samples/sec: 157.66 - lr: 0.025000
2022-04-23 22:23:58,068 epoch 20 - iter 70/107 - loss 0.05275007 - samples/sec: 95.99 - lr: 0.025000
2022-04-23 22:24:00,003 epoch 20 - iter 80/107 - loss 0.05339670 - samples/sec: 165.42 - lr: 0.025000
2022-04-23 22:24:01,942 epoch 20 - iter 90/107 - loss 0.05298842 - samples/sec: 165.10 - lr: 0.025000
2022-04-23 22:24:03,929 epoch 20 - iter 100/107 - loss 0.05265654 - samples/sec: 161.09 - lr: 0.025000
2022-04-23 22:24:05,117 ----------------------------------------------------------------------------------------------------
2022-04-23 22:24:05,118 EPOCH 20 done: loss 0.0523 - lr 0.025000
2022-04-23 22:24:11,290 Evaluating as a multi-label problem: False
2022-04-23 22:24:11,301 DEV : loss 0.21202346682548523 - f1-score (micro avg)  0.4886
2022-04-23 22:24:11,370 BAD EPOCHS (no improvement): 1
2022-04-23 22:24:11,372 ----------------------------------------------------------------------------------------------------
2022-04-23 22:24:13,258 epoch 21 - iter 10/107 - loss 0.05703326 - samples/sec: 169.85 - lr: 0.025000
2022-04-23 22:24:15,040 epoch 21 - iter 20/107 - loss 0.05677583 - samples/sec: 179.66 - lr: 0.025000
2022-04-23 22:24:16,935 epoch 21 - iter 30/107 - loss 0.05675915 - samples/sec: 169.02 - lr: 0.025000
2022-04-23 22:24:18,779 epoch 21 - iter 40/107 - loss 0.05389112 - samples/sec: 173.57 - lr: 0.025000
2022-04-23 22:24:20,679 epoch 21 - iter 50/107 - loss 0.05211204 - samples/sec: 168.48 - lr: 0.025000
2022-04-23 22:24:22,608 epoch 21 - iter 60/107 - loss 0.05258630 - samples/sec: 165.99 - lr: 0.025000
2022-04-23 22:24:24,532 epoch 21 - iter 70/107 - loss 0.05193700 - samples/sec: 166.42 - lr: 0.025000
2022-04-23 22:24:26,535 epoch 21 - iter 80/107 - loss 0.05168439 - samples/sec: 159.83 - lr: 0.025000
2022-04-23 22:24:28,578 epoch 21 - iter 90/107 - loss 0.05159283 - samples/sec: 156.72 - lr: 0.025000
2022-04-23 22:24:30,548 epoch 21 - iter 100/107 - loss 0.05105627 - samples/sec: 162.48 - lr: 0.025000
2022-04-23 22:24:31,751 ----------------------------------------------------------------------------------------------------
2022-04-23 22:24:31,751 EPOCH 21 done: loss 0.0510 - lr 0.025000
2022-04-23 22:24:37,983 Evaluating as a multi-label problem: False
2022-04-23 22:24:37,993 DEV : loss 0.21428155899047852 - f1-score (micro avg)  0.4913
2022-04-23 22:24:38,063 BAD EPOCHS (no improvement): 2
2022-04-23 22:24:38,066 ----------------------------------------------------------------------------------------------------
2022-04-23 22:24:40,145 epoch 22 - iter 10/107 - loss 0.04325761 - samples/sec: 153.99 - lr: 0.025000
2022-04-23 22:24:42,072 epoch 22 - iter 20/107 - loss 0.05114341 - samples/sec: 166.11 - lr: 0.025000
2022-04-23 22:24:44,036 epoch 22 - iter 30/107 - loss 0.05584938 - samples/sec: 163.02 - lr: 0.025000
2022-04-23 22:24:46,065 epoch 22 - iter 40/107 - loss 0.05553808 - samples/sec: 157.79 - lr: 0.025000
2022-04-23 22:24:48,083 epoch 22 - iter 50/107 - loss 0.05438980 - samples/sec: 158.65 - lr: 0.025000
2022-04-23 22:24:50,070 epoch 22 - iter 60/107 - loss 0.05378734 - samples/sec: 161.15 - lr: 0.025000
2022-04-23 22:24:52,095 epoch 22 - iter 70/107 - loss 0.05309367 - samples/sec: 158.10 - lr: 0.025000
2022-04-23 22:24:54,010 epoch 22 - iter 80/107 - loss 0.05121516 - samples/sec: 167.11 - lr: 0.025000
2022-04-23 22:24:55,932 epoch 22 - iter 90/107 - loss 0.05107738 - samples/sec: 166.64 - lr: 0.025000
2022-04-23 22:24:57,842 epoch 22 - iter 100/107 - loss 0.05009436 - samples/sec: 167.59 - lr: 0.025000
2022-04-23 22:24:59,028 ----------------------------------------------------------------------------------------------------
2022-04-23 22:24:59,028 EPOCH 22 done: loss 0.0501 - lr 0.025000
2022-04-23 22:25:05,237 Evaluating as a multi-label problem: False
2022-04-23 22:25:05,248 DEV : loss 0.2077934443950653 - f1-score (micro avg)  0.493
2022-04-23 22:25:05,318 BAD EPOCHS (no improvement): 3
2022-04-23 22:25:05,321 ----------------------------------------------------------------------------------------------------
2022-04-23 22:25:07,322 epoch 23 - iter 10/107 - loss 0.04623318 - samples/sec: 160.00 - lr: 0.025000
2022-04-23 22:25:09,304 epoch 23 - iter 20/107 - loss 0.04515535 - samples/sec: 161.49 - lr: 0.025000
2022-04-23 22:25:11,162 epoch 23 - iter 30/107 - loss 0.04545117 - samples/sec: 172.38 - lr: 0.025000
2022-04-23 22:25:12,951 epoch 23 - iter 40/107 - loss 0.04632900 - samples/sec: 178.92 - lr: 0.025000
2022-04-23 22:25:14,729 epoch 23 - iter 50/107 - loss 0.04530752 - samples/sec: 180.02 - lr: 0.025000
2022-04-23 22:25:16,508 epoch 23 - iter 60/107 - loss 0.04479180 - samples/sec: 180.06 - lr: 0.025000
2022-04-23 22:25:18,383 epoch 23 - iter 70/107 - loss 0.04495293 - samples/sec: 170.71 - lr: 0.025000
2022-04-23 22:25:20,325 epoch 23 - iter 80/107 - loss 0.04571753 - samples/sec: 164.86 - lr: 0.025000
2022-04-23 22:25:22,133 epoch 23 - iter 90/107 - loss 0.04527669 - samples/sec: 177.10 - lr: 0.025000
2022-04-23 22:25:23,897 epoch 23 - iter 100/107 - loss 0.04522235 - samples/sec: 181.48 - lr: 0.025000
2022-04-23 22:25:25,020 ----------------------------------------------------------------------------------------------------
2022-04-23 22:25:25,020 EPOCH 23 done: loss 0.0457 - lr 0.025000
2022-04-23 22:25:31,061 Evaluating as a multi-label problem: False
2022-04-23 22:25:31,071 DEV : loss 0.20792396366596222 - f1-score (micro avg)  0.4917
2022-04-23 22:25:31,142 Epoch    23: reducing learning rate of group 0 to 1.2500e-02.
2022-04-23 22:25:31,142 BAD EPOCHS (no improvement): 4
2022-04-23 22:25:31,145 ----------------------------------------------------------------------------------------------------
2022-04-23 22:25:33,168 epoch 24 - iter 10/107 - loss 0.04545293 - samples/sec: 158.24 - lr: 0.012500
2022-04-23 22:25:35,125 epoch 24 - iter 20/107 - loss 0.05216034 - samples/sec: 163.57 - lr: 0.012500
2022-04-23 22:25:37,142 epoch 24 - iter 30/107 - loss 0.04880136 - samples/sec: 158.74 - lr: 0.012500
2022-04-23 22:25:39,097 epoch 24 - iter 40/107 - loss 0.05009476 - samples/sec: 163.78 - lr: 0.012500
2022-04-23 22:25:41,005 epoch 24 - iter 50/107 - loss 0.04983238 - samples/sec: 167.73 - lr: 0.012500
2022-04-23 22:25:42,965 epoch 24 - iter 60/107 - loss 0.04824768 - samples/sec: 163.35 - lr: 0.012500
2022-04-23 22:25:44,916 epoch 24 - iter 70/107 - loss 0.04632996 - samples/sec: 164.18 - lr: 0.012500
2022-04-23 22:25:46,818 epoch 24 - iter 80/107 - loss 0.04756369 - samples/sec: 168.30 - lr: 0.012500
2022-04-23 22:25:48,789 epoch 24 - iter 90/107 - loss 0.04726080 - samples/sec: 162.42 - lr: 0.012500
2022-04-23 22:25:50,760 epoch 24 - iter 100/107 - loss 0.04724874 - samples/sec: 162.46 - lr: 0.012500
2022-04-23 22:25:51,936 ----------------------------------------------------------------------------------------------------
2022-04-23 22:25:51,936 EPOCH 24 done: loss 0.0466 - lr 0.012500
2022-04-23 22:25:58,052 Evaluating as a multi-label problem: False
2022-04-23 22:25:58,063 DEV : loss 0.21061669290065765 - f1-score (micro avg)  0.4938
2022-04-23 22:25:58,133 BAD EPOCHS (no improvement): 1
2022-04-23 22:25:58,136 ----------------------------------------------------------------------------------------------------
2022-04-23 22:26:00,140 epoch 25 - iter 10/107 - loss 0.03993384 - samples/sec: 159.76 - lr: 0.012500
2022-04-23 22:26:02,109 epoch 25 - iter 20/107 - loss 0.04445992 - samples/sec: 162.61 - lr: 0.012500
2022-04-23 22:26:04,090 epoch 25 - iter 30/107 - loss 0.04637558 - samples/sec: 161.55 - lr: 0.012500
2022-04-23 22:26:06,022 epoch 25 - iter 40/107 - loss 0.04800909 - samples/sec: 165.78 - lr: 0.012500
2022-04-23 22:26:07,889 epoch 25 - iter 50/107 - loss 0.04679796 - samples/sec: 171.42 - lr: 0.012500
2022-04-23 22:26:09,867 epoch 25 - iter 60/107 - loss 0.04699174 - samples/sec: 161.84 - lr: 0.012500
2022-04-23 22:26:11,836 epoch 25 - iter 70/107 - loss 0.04711561 - samples/sec: 162.60 - lr: 0.012500
2022-04-23 22:26:13,823 epoch 25 - iter 80/107 - loss 0.04810628 - samples/sec: 161.17 - lr: 0.012500
2022-04-23 22:26:15,846 epoch 25 - iter 90/107 - loss 0.04690600 - samples/sec: 158.20 - lr: 0.012500
2022-04-23 22:26:17,859 epoch 25 - iter 100/107 - loss 0.04620544 - samples/sec: 159.05 - lr: 0.012500
2022-04-23 22:26:19,031 ----------------------------------------------------------------------------------------------------
2022-04-23 22:26:19,032 EPOCH 25 done: loss 0.0460 - lr 0.012500
2022-04-23 22:26:25,224 Evaluating as a multi-label problem: False
2022-04-23 22:26:25,234 DEV : loss 0.21647422015666962 - f1-score (micro avg)  0.4882
2022-04-23 22:26:25,304 BAD EPOCHS (no improvement): 2
2022-04-23 22:26:25,306 ----------------------------------------------------------------------------------------------------
2022-04-23 22:26:27,349 epoch 26 - iter 10/107 - loss 0.04505258 - samples/sec: 156.74 - lr: 0.012500
2022-04-23 22:26:29,283 epoch 26 - iter 20/107 - loss 0.04453609 - samples/sec: 165.51 - lr: 0.012500
2022-04-23 22:26:31,131 epoch 26 - iter 30/107 - loss 0.04229009 - samples/sec: 173.32 - lr: 0.012500
2022-04-23 22:26:33,028 epoch 26 - iter 40/107 - loss 0.04133216 - samples/sec: 168.72 - lr: 0.012500
2022-04-23 22:26:34,967 epoch 26 - iter 50/107 - loss 0.04188939 - samples/sec: 165.18 - lr: 0.012500
2022-04-23 22:26:36,893 epoch 26 - iter 60/107 - loss 0.04309056 - samples/sec: 166.22 - lr: 0.012500
2022-04-23 22:26:38,826 epoch 26 - iter 70/107 - loss 0.04365298 - samples/sec: 165.63 - lr: 0.012500
2022-04-23 22:26:40,777 epoch 26 - iter 80/107 - loss 0.04491170 - samples/sec: 164.11 - lr: 0.012500
2022-04-23 22:26:42,749 epoch 26 - iter 90/107 - loss 0.04547730 - samples/sec: 162.31 - lr: 0.012500
2022-04-23 22:26:44,725 epoch 26 - iter 100/107 - loss 0.04501736 - samples/sec: 162.03 - lr: 0.012500
2022-04-23 22:26:45,981 ----------------------------------------------------------------------------------------------------
2022-04-23 22:26:45,981 EPOCH 26 done: loss 0.0445 - lr 0.012500
2022-04-23 22:26:53,446 Evaluating as a multi-label problem: False
2022-04-23 22:26:53,457 DEV : loss 0.21179112792015076 - f1-score (micro avg)  0.4919
2022-04-23 22:26:53,527 BAD EPOCHS (no improvement): 3
2022-04-23 22:26:53,530 ----------------------------------------------------------------------------------------------------
2022-04-23 22:26:55,623 epoch 27 - iter 10/107 - loss 0.04734716 - samples/sec: 152.93 - lr: 0.012500
2022-04-23 22:26:57,645 epoch 27 - iter 20/107 - loss 0.04120375 - samples/sec: 158.31 - lr: 0.012500
2022-04-23 22:26:59,645 epoch 27 - iter 30/107 - loss 0.04442226 - samples/sec: 160.07 - lr: 0.012500
2022-04-23 22:27:01,605 epoch 27 - iter 40/107 - loss 0.04269135 - samples/sec: 163.36 - lr: 0.012500
2022-04-23 22:27:03,580 epoch 27 - iter 50/107 - loss 0.04264486 - samples/sec: 162.08 - lr: 0.012500
2022-04-23 22:27:05,514 epoch 27 - iter 60/107 - loss 0.04383556 - samples/sec: 165.62 - lr: 0.012500
2022-04-23 22:27:07,455 epoch 27 - iter 70/107 - loss 0.04302770 - samples/sec: 164.94 - lr: 0.012500
2022-04-23 22:27:09,376 epoch 27 - iter 80/107 - loss 0.04355893 - samples/sec: 166.58 - lr: 0.012500
2022-04-23 22:27:11,310 epoch 27 - iter 90/107 - loss 0.04323501 - samples/sec: 165.57 - lr: 0.012500
2022-04-23 22:27:13,190 epoch 27 - iter 100/107 - loss 0.04309738 - samples/sec: 170.28 - lr: 0.012500
2022-04-23 22:27:14,376 ----------------------------------------------------------------------------------------------------
2022-04-23 22:27:14,376 EPOCH 27 done: loss 0.0427 - lr 0.012500
2022-04-23 22:27:20,585 Evaluating as a multi-label problem: False
2022-04-23 22:27:20,596 DEV : loss 0.22396187484264374 - f1-score (micro avg)  0.4885
2022-04-23 22:27:20,668 Epoch    27: reducing learning rate of group 0 to 6.2500e-03.
2022-04-23 22:27:20,668 BAD EPOCHS (no improvement): 4
2022-04-23 22:27:20,670 ----------------------------------------------------------------------------------------------------
2022-04-23 22:27:22,750 epoch 28 - iter 10/107 - loss 0.04181367 - samples/sec: 153.97 - lr: 0.006250
2022-04-23 22:27:24,754 epoch 28 - iter 20/107 - loss 0.03960904 - samples/sec: 159.76 - lr: 0.006250
2022-04-23 22:27:26,805 epoch 28 - iter 30/107 - loss 0.04168212 - samples/sec: 156.11 - lr: 0.006250
2022-04-23 22:27:28,750 epoch 28 - iter 40/107 - loss 0.04114865 - samples/sec: 164.60 - lr: 0.006250
2022-04-23 22:27:30,636 epoch 28 - iter 50/107 - loss 0.04334113 - samples/sec: 169.78 - lr: 0.006250
2022-04-23 22:27:32,457 epoch 28 - iter 60/107 - loss 0.04361822 - samples/sec: 175.85 - lr: 0.006250
2022-04-23 22:27:34,428 epoch 28 - iter 70/107 - loss 0.04340878 - samples/sec: 162.38 - lr: 0.006250
2022-04-23 22:27:36,378 epoch 28 - iter 80/107 - loss 0.04338969 - samples/sec: 164.19 - lr: 0.006250
2022-04-23 22:27:38,333 epoch 28 - iter 90/107 - loss 0.04338097 - samples/sec: 163.81 - lr: 0.006250
2022-04-23 22:27:40,206 epoch 28 - iter 100/107 - loss 0.04358578 - samples/sec: 170.92 - lr: 0.006250
2022-04-23 22:27:41,355 ----------------------------------------------------------------------------------------------------
2022-04-23 22:27:41,355 EPOCH 28 done: loss 0.0428 - lr 0.006250
2022-04-23 22:27:47,539 Evaluating as a multi-label problem: False
2022-04-23 22:27:47,550 DEV : loss 0.2109987586736679 - f1-score (micro avg)  0.5008
2022-04-23 22:27:47,621 BAD EPOCHS (no improvement): 1
2022-04-23 22:27:47,624 ----------------------------------------------------------------------------------------------------
2022-04-23 22:27:49,755 epoch 29 - iter 10/107 - loss 0.03824035 - samples/sec: 150.20 - lr: 0.006250
2022-04-23 22:27:51,656 epoch 29 - iter 20/107 - loss 0.04094763 - samples/sec: 168.47 - lr: 0.006250
2022-04-23 22:27:53,564 epoch 29 - iter 30/107 - loss 0.03842855 - samples/sec: 167.73 - lr: 0.006250
2022-04-23 22:27:55,491 epoch 29 - iter 40/107 - loss 0.03782407 - samples/sec: 166.19 - lr: 0.006250
2022-04-23 22:27:57,423 epoch 29 - iter 50/107 - loss 0.03839456 - samples/sec: 165.69 - lr: 0.006250
2022-04-23 22:27:59,367 epoch 29 - iter 60/107 - loss 0.03777083 - samples/sec: 164.65 - lr: 0.006250
2022-04-23 22:28:01,325 epoch 29 - iter 70/107 - loss 0.03785916 - samples/sec: 163.51 - lr: 0.006250
2022-04-23 22:28:03,296 epoch 29 - iter 80/107 - loss 0.03892917 - samples/sec: 162.43 - lr: 0.006250
2022-04-23 22:28:05,239 epoch 29 - iter 90/107 - loss 0.04082025 - samples/sec: 164.84 - lr: 0.006250
2022-04-23 22:28:07,068 epoch 29 - iter 100/107 - loss 0.04069501 - samples/sec: 175.02 - lr: 0.006250
2022-04-23 22:28:08,297 ----------------------------------------------------------------------------------------------------
2022-04-23 22:28:08,297 EPOCH 29 done: loss 0.0410 - lr 0.006250
2022-04-23 22:28:14,494 Evaluating as a multi-label problem: False
2022-04-23 22:28:14,505 DEV : loss 0.2173471301794052 - f1-score (micro avg)  0.4808
2022-04-23 22:28:14,575 BAD EPOCHS (no improvement): 2
2022-04-23 22:28:14,577 ----------------------------------------------------------------------------------------------------
2022-04-23 22:28:16,571 epoch 30 - iter 10/107 - loss 0.04205173 - samples/sec: 160.66 - lr: 0.006250
2022-04-23 22:28:18,486 epoch 30 - iter 20/107 - loss 0.03873519 - samples/sec: 167.14 - lr: 0.006250
2022-04-23 22:28:20,338 epoch 30 - iter 30/107 - loss 0.03874523 - samples/sec: 172.86 - lr: 0.006250
2022-04-23 22:28:22,280 epoch 30 - iter 40/107 - loss 0.03976356 - samples/sec: 164.92 - lr: 0.006250
2022-04-23 22:28:24,302 epoch 30 - iter 50/107 - loss 0.04067997 - samples/sec: 158.32 - lr: 0.006250
2022-04-23 22:28:26,270 epoch 30 - iter 60/107 - loss 0.04224806 - samples/sec: 162.66 - lr: 0.006250
2022-04-23 22:28:28,178 epoch 30 - iter 70/107 - loss 0.04257577 - samples/sec: 167.76 - lr: 0.006250
2022-04-23 22:28:30,149 epoch 30 - iter 80/107 - loss 0.04246180 - samples/sec: 162.47 - lr: 0.006250
2022-04-23 22:28:32,096 epoch 30 - iter 90/107 - loss 0.04185405 - samples/sec: 164.40 - lr: 0.006250
2022-04-23 22:28:34,121 epoch 30 - iter 100/107 - loss 0.04200230 - samples/sec: 158.13 - lr: 0.006250
2022-04-23 22:28:35,278 ----------------------------------------------------------------------------------------------------
2022-04-23 22:28:35,278 EPOCH 30 done: loss 0.0420 - lr 0.006250
2022-04-23 22:28:41,484 Evaluating as a multi-label problem: False
2022-04-23 22:28:41,495 DEV : loss 0.21461620926856995 - f1-score (micro avg)  0.4914
2022-04-23 22:28:41,566 BAD EPOCHS (no improvement): 3
2022-04-23 22:28:41,568 ----------------------------------------------------------------------------------------------------
2022-04-23 22:28:43,601 epoch 31 - iter 10/107 - loss 0.03792389 - samples/sec: 157.50 - lr: 0.006250
2022-04-23 22:28:45,585 epoch 31 - iter 20/107 - loss 0.03552711 - samples/sec: 161.36 - lr: 0.006250
2022-04-23 22:28:47,455 epoch 31 - iter 30/107 - loss 0.03723942 - samples/sec: 171.18 - lr: 0.006250
2022-04-23 22:28:49,435 epoch 31 - iter 40/107 - loss 0.03801773 - samples/sec: 161.74 - lr: 0.006250
2022-04-23 22:28:51,356 epoch 31 - iter 50/107 - loss 0.03845550 - samples/sec: 166.63 - lr: 0.006250
2022-04-23 22:28:53,323 epoch 31 - iter 60/107 - loss 0.03877112 - samples/sec: 162.78 - lr: 0.006250
2022-04-23 22:28:55,318 epoch 31 - iter 70/107 - loss 0.03885436 - samples/sec: 160.47 - lr: 0.006250
2022-04-23 22:28:57,310 epoch 31 - iter 80/107 - loss 0.04005471 - samples/sec: 160.70 - lr: 0.006250
2022-04-23 22:28:59,210 epoch 31 - iter 90/107 - loss 0.04019282 - samples/sec: 168.51 - lr: 0.006250
2022-04-23 22:29:01,179 epoch 31 - iter 100/107 - loss 0.04008730 - samples/sec: 162.68 - lr: 0.006250
2022-04-23 22:29:02,391 ----------------------------------------------------------------------------------------------------
2022-04-23 22:29:02,391 EPOCH 31 done: loss 0.0397 - lr 0.006250
2022-04-23 22:29:08,536 Evaluating as a multi-label problem: False
2022-04-23 22:29:08,547 DEV : loss 0.21375563740730286 - f1-score (micro avg)  0.4863
2022-04-23 22:29:08,618 Epoch    31: reducing learning rate of group 0 to 3.1250e-03.
2022-04-23 22:29:08,618 BAD EPOCHS (no improvement): 4
2022-04-23 22:29:08,620 ----------------------------------------------------------------------------------------------------
2022-04-23 22:29:10,683 epoch 32 - iter 10/107 - loss 0.03468872 - samples/sec: 155.24 - lr: 0.003125
2022-04-23 22:29:12,575 epoch 32 - iter 20/107 - loss 0.03938808 - samples/sec: 169.21 - lr: 0.003125
2022-04-23 22:29:14,387 epoch 32 - iter 30/107 - loss 0.04221110 - samples/sec: 176.70 - lr: 0.003125
2022-04-23 22:29:16,277 epoch 32 - iter 40/107 - loss 0.04041598 - samples/sec: 169.37 - lr: 0.003125
2022-04-23 22:29:18,210 epoch 32 - iter 50/107 - loss 0.03908345 - samples/sec: 165.62 - lr: 0.003125
2022-04-23 22:29:20,186 epoch 32 - iter 60/107 - loss 0.04009120 - samples/sec: 162.06 - lr: 0.003125
2022-04-23 22:29:22,163 epoch 32 - iter 70/107 - loss 0.03821031 - samples/sec: 161.91 - lr: 0.003125
2022-04-23 22:29:24,038 epoch 32 - iter 80/107 - loss 0.03946963 - samples/sec: 170.81 - lr: 0.003125
2022-04-23 22:29:25,980 epoch 32 - iter 90/107 - loss 0.03923485 - samples/sec: 164.84 - lr: 0.003125
2022-04-23 22:29:27,892 epoch 32 - iter 100/107 - loss 0.03984482 - samples/sec: 167.39 - lr: 0.003125
2022-04-23 22:29:29,136 ----------------------------------------------------------------------------------------------------
2022-04-23 22:29:29,136 EPOCH 32 done: loss 0.0407 - lr 0.003125
2022-04-23 22:29:35,306 Evaluating as a multi-label problem: False
2022-04-23 22:29:35,316 DEV : loss 0.21682633459568024 - f1-score (micro avg)  0.4843
2022-04-23 22:29:35,386 BAD EPOCHS (no improvement): 1
2022-04-23 22:29:35,389 ----------------------------------------------------------------------------------------------------
2022-04-23 22:29:37,377 epoch 33 - iter 10/107 - loss 0.05111145 - samples/sec: 161.04 - lr: 0.003125
2022-04-23 22:29:39,335 epoch 33 - iter 20/107 - loss 0.04085814 - samples/sec: 163.48 - lr: 0.003125
2022-04-23 22:29:41,346 epoch 33 - iter 30/107 - loss 0.04103366 - samples/sec: 159.22 - lr: 0.003125
2022-04-23 22:29:43,301 epoch 33 - iter 40/107 - loss 0.04057978 - samples/sec: 163.74 - lr: 0.003125
2022-04-23 22:29:45,212 epoch 33 - iter 50/107 - loss 0.03848898 - samples/sec: 167.63 - lr: 0.003125
2022-04-23 22:29:47,215 epoch 33 - iter 60/107 - loss 0.03916691 - samples/sec: 159.79 - lr: 0.003125
2022-04-23 22:29:49,181 epoch 33 - iter 70/107 - loss 0.04004316 - samples/sec: 162.91 - lr: 0.003125
2022-04-23 22:29:51,130 epoch 33 - iter 80/107 - loss 0.04047680 - samples/sec: 164.24 - lr: 0.003125
2022-04-23 22:29:53,151 epoch 33 - iter 90/107 - loss 0.04069847 - samples/sec: 158.42 - lr: 0.003125
2022-04-23 22:29:55,020 epoch 33 - iter 100/107 - loss 0.04049300 - samples/sec: 171.24 - lr: 0.003125
2022-04-23 22:29:56,191 ----------------------------------------------------------------------------------------------------
2022-04-23 22:29:56,191 EPOCH 33 done: loss 0.0399 - lr 0.003125
2022-04-23 22:30:03,635 Evaluating as a multi-label problem: False
2022-04-23 22:30:03,645 DEV : loss 0.21895195543766022 - f1-score (micro avg)  0.4855
2022-04-23 22:30:03,715 BAD EPOCHS (no improvement): 2
2022-04-23 22:30:03,718 ----------------------------------------------------------------------------------------------------
2022-04-23 22:30:05,745 epoch 34 - iter 10/107 - loss 0.04859239 - samples/sec: 157.90 - lr: 0.003125
2022-04-23 22:30:07,773 epoch 34 - iter 20/107 - loss 0.04555290 - samples/sec: 157.91 - lr: 0.003125
2022-04-23 22:30:09,734 epoch 34 - iter 30/107 - loss 0.04199743 - samples/sec: 163.25 - lr: 0.003125
2022-04-23 22:30:11,654 epoch 34 - iter 40/107 - loss 0.04210826 - samples/sec: 166.74 - lr: 0.003125
2022-04-23 22:30:13,583 epoch 34 - iter 50/107 - loss 0.04101446 - samples/sec: 165.99 - lr: 0.003125
2022-04-23 22:30:15,521 epoch 34 - iter 60/107 - loss 0.04136674 - samples/sec: 165.17 - lr: 0.003125
2022-04-23 22:30:17,453 epoch 34 - iter 70/107 - loss 0.04071372 - samples/sec: 165.73 - lr: 0.003125
2022-04-23 22:30:19,397 epoch 34 - iter 80/107 - loss 0.04048371 - samples/sec: 164.66 - lr: 0.003125
2022-04-23 22:30:21,433 epoch 34 - iter 90/107 - loss 0.03981441 - samples/sec: 157.25 - lr: 0.003125
2022-04-23 22:30:23,489 epoch 34 - iter 100/107 - loss 0.03945744 - samples/sec: 155.71 - lr: 0.003125
2022-04-23 22:30:24,739 ----------------------------------------------------------------------------------------------------
2022-04-23 22:30:24,739 EPOCH 34 done: loss 0.0397 - lr 0.003125
2022-04-23 22:30:30,852 Evaluating as a multi-label problem: False
2022-04-23 22:30:30,863 DEV : loss 0.21684297919273376 - f1-score (micro avg)  0.4886
2022-04-23 22:30:30,936 BAD EPOCHS (no improvement): 3
2022-04-23 22:30:30,939 ----------------------------------------------------------------------------------------------------
2022-04-23 22:30:32,889 epoch 35 - iter 10/107 - loss 0.03744206 - samples/sec: 164.21 - lr: 0.003125
2022-04-23 22:30:34,714 epoch 35 - iter 20/107 - loss 0.03640629 - samples/sec: 175.45 - lr: 0.003125
2022-04-23 22:30:36,566 epoch 35 - iter 30/107 - loss 0.03839498 - samples/sec: 172.85 - lr: 0.003125
2022-04-23 22:30:38,377 epoch 35 - iter 40/107 - loss 0.03963210 - samples/sec: 176.86 - lr: 0.003125
2022-04-23 22:30:40,108 epoch 35 - iter 50/107 - loss 0.03886271 - samples/sec: 184.91 - lr: 0.003125
2022-04-23 22:30:41,948 epoch 35 - iter 60/107 - loss 0.03859486 - samples/sec: 174.05 - lr: 0.003125
2022-04-23 22:30:43,659 epoch 35 - iter 70/107 - loss 0.03920059 - samples/sec: 187.07 - lr: 0.003125
2022-04-23 22:30:45,426 epoch 35 - iter 80/107 - loss 0.04012238 - samples/sec: 181.25 - lr: 0.003125
2022-04-23 22:30:47,242 epoch 35 - iter 90/107 - loss 0.03973585 - samples/sec: 176.28 - lr: 0.003125
2022-04-23 22:30:49,169 epoch 35 - iter 100/107 - loss 0.03943713 - samples/sec: 166.10 - lr: 0.003125
2022-04-23 22:30:50,383 ----------------------------------------------------------------------------------------------------
2022-04-23 22:30:50,383 EPOCH 35 done: loss 0.0394 - lr 0.003125
2022-04-23 22:30:56,548 Evaluating as a multi-label problem: False
2022-04-23 22:30:56,559 DEV : loss 0.21404483914375305 - f1-score (micro avg)  0.495
2022-04-23 22:30:56,630 Epoch    35: reducing learning rate of group 0 to 1.5625e-03.
2022-04-23 22:30:56,630 BAD EPOCHS (no improvement): 4
2022-04-23 22:30:56,632 ----------------------------------------------------------------------------------------------------
2022-04-23 22:30:58,650 epoch 36 - iter 10/107 - loss 0.03693688 - samples/sec: 158.66 - lr: 0.001563
2022-04-23 22:31:00,688 epoch 36 - iter 20/107 - loss 0.04115478 - samples/sec: 157.12 - lr: 0.001563
2022-04-23 22:31:02,685 epoch 36 - iter 30/107 - loss 0.03817955 - samples/sec: 160.29 - lr: 0.001563
2022-04-23 22:31:04,697 epoch 36 - iter 40/107 - loss 0.03915459 - samples/sec: 159.16 - lr: 0.001563
2022-04-23 22:31:06,840 epoch 36 - iter 50/107 - loss 0.03863730 - samples/sec: 149.40 - lr: 0.001563
2022-04-23 22:31:08,815 epoch 36 - iter 60/107 - loss 0.04017627 - samples/sec: 162.12 - lr: 0.001563
2022-04-23 22:31:10,848 epoch 36 - iter 70/107 - loss 0.04166728 - samples/sec: 157.44 - lr: 0.001563
2022-04-23 22:31:12,884 epoch 36 - iter 80/107 - loss 0.04336241 - samples/sec: 157.25 - lr: 0.001563
2022-04-23 22:31:14,931 epoch 36 - iter 90/107 - loss 0.04244963 - samples/sec: 156.38 - lr: 0.001563
2022-04-23 22:31:16,838 epoch 36 - iter 100/107 - loss 0.04147401 - samples/sec: 167.94 - lr: 0.001563
2022-04-23 22:31:17,994 ----------------------------------------------------------------------------------------------------
2022-04-23 22:31:17,994 EPOCH 36 done: loss 0.0412 - lr 0.001563
2022-04-23 22:31:24,391 Evaluating as a multi-label problem: False
2022-04-23 22:31:24,402 DEV : loss 0.21689586341381073 - f1-score (micro avg)  0.4902
2022-04-23 22:31:24,471 BAD EPOCHS (no improvement): 1
2022-04-23 22:31:24,475 ----------------------------------------------------------------------------------------------------
2022-04-23 22:31:26,484 epoch 37 - iter 10/107 - loss 0.03579778 - samples/sec: 159.38 - lr: 0.001563
2022-04-23 22:31:28,520 epoch 37 - iter 20/107 - loss 0.04069012 - samples/sec: 157.29 - lr: 0.001563
2022-04-23 22:31:30,510 epoch 37 - iter 30/107 - loss 0.04091253 - samples/sec: 160.85 - lr: 0.001563
2022-04-23 22:31:32,411 epoch 37 - iter 40/107 - loss 0.04114130 - samples/sec: 168.43 - lr: 0.001563
2022-04-23 22:31:34,345 epoch 37 - iter 50/107 - loss 0.04266001 - samples/sec: 165.51 - lr: 0.001563
2022-04-23 22:31:36,331 epoch 37 - iter 60/107 - loss 0.04189578 - samples/sec: 161.27 - lr: 0.001563
2022-04-23 22:31:38,382 epoch 37 - iter 70/107 - loss 0.04147631 - samples/sec: 156.02 - lr: 0.001563
2022-04-23 22:31:40,389 epoch 37 - iter 80/107 - loss 0.04157817 - samples/sec: 159.59 - lr: 0.001563
2022-04-23 22:31:42,331 epoch 37 - iter 90/107 - loss 0.04048392 - samples/sec: 164.80 - lr: 0.001563
2022-04-23 22:31:44,420 epoch 37 - iter 100/107 - loss 0.04051643 - samples/sec: 153.28 - lr: 0.001563
2022-04-23 22:31:45,685 ----------------------------------------------------------------------------------------------------
2022-04-23 22:31:45,685 EPOCH 37 done: loss 0.0411 - lr 0.001563
2022-04-23 22:31:52,068 Evaluating as a multi-label problem: False
2022-04-23 22:31:52,079 DEV : loss 0.21418917179107666 - f1-score (micro avg)  0.4961
2022-04-23 22:31:52,150 BAD EPOCHS (no improvement): 2
2022-04-23 22:31:52,153 ----------------------------------------------------------------------------------------------------
2022-04-23 22:31:54,247 epoch 38 - iter 10/107 - loss 0.03090110 - samples/sec: 152.90 - lr: 0.001563
2022-04-23 22:31:56,300 epoch 38 - iter 20/107 - loss 0.03345521 - samples/sec: 155.97 - lr: 0.001563
2022-04-23 22:31:58,322 epoch 38 - iter 30/107 - loss 0.03703619 - samples/sec: 158.31 - lr: 0.001563
2022-04-23 22:32:00,339 epoch 38 - iter 40/107 - loss 0.03887406 - samples/sec: 158.75 - lr: 0.001563
2022-04-23 22:32:02,390 epoch 38 - iter 50/107 - loss 0.03856708 - samples/sec: 156.11 - lr: 0.001563
2022-04-23 22:32:04,424 epoch 38 - iter 60/107 - loss 0.03941904 - samples/sec: 157.37 - lr: 0.001563
2022-04-23 22:32:06,439 epoch 38 - iter 70/107 - loss 0.03918032 - samples/sec: 158.87 - lr: 0.001563
2022-04-23 22:32:08,448 epoch 38 - iter 80/107 - loss 0.03969923 - samples/sec: 159.43 - lr: 0.001563
2022-04-23 22:32:10,518 epoch 38 - iter 90/107 - loss 0.03909210 - samples/sec: 154.67 - lr: 0.001563
2022-04-23 22:32:12,488 epoch 38 - iter 100/107 - loss 0.03859498 - samples/sec: 162.49 - lr: 0.001563
2022-04-23 22:32:13,658 ----------------------------------------------------------------------------------------------------
2022-04-23 22:32:13,658 EPOCH 38 done: loss 0.0383 - lr 0.001563
2022-04-23 22:32:19,836 Evaluating as a multi-label problem: False
2022-04-23 22:32:19,847 DEV : loss 0.21792873740196228 - f1-score (micro avg)  0.4855
2022-04-23 22:32:19,918 BAD EPOCHS (no improvement): 3
2022-04-23 22:32:19,921 ----------------------------------------------------------------------------------------------------
2022-04-23 22:32:21,852 epoch 39 - iter 10/107 - loss 0.03775257 - samples/sec: 165.81 - lr: 0.001563
2022-04-23 22:32:23,777 epoch 39 - iter 20/107 - loss 0.03992138 - samples/sec: 166.35 - lr: 0.001563
2022-04-23 22:32:25,671 epoch 39 - iter 30/107 - loss 0.03671613 - samples/sec: 168.98 - lr: 0.001563
2022-04-23 22:32:27,645 epoch 39 - iter 40/107 - loss 0.03774808 - samples/sec: 162.16 - lr: 0.001563
2022-04-23 22:32:29,640 epoch 39 - iter 50/107 - loss 0.03988694 - samples/sec: 160.48 - lr: 0.001563
2022-04-23 22:32:31,696 epoch 39 - iter 60/107 - loss 0.04059375 - samples/sec: 155.71 - lr: 0.001563
2022-04-23 22:32:33,759 epoch 39 - iter 70/107 - loss 0.04042968 - samples/sec: 155.18 - lr: 0.001563
2022-04-23 22:32:35,790 epoch 39 - iter 80/107 - loss 0.04037145 - samples/sec: 157.67 - lr: 0.001563
2022-04-23 22:32:37,812 epoch 39 - iter 90/107 - loss 0.03993272 - samples/sec: 158.35 - lr: 0.001563
2022-04-23 22:32:39,695 epoch 39 - iter 100/107 - loss 0.03944698 - samples/sec: 169.97 - lr: 0.001563
2022-04-23 22:32:40,924 ----------------------------------------------------------------------------------------------------
2022-04-23 22:32:40,924 EPOCH 39 done: loss 0.0391 - lr 0.001563
2022-04-23 22:32:47,147 Evaluating as a multi-label problem: False
2022-04-23 22:32:47,158 DEV : loss 0.21683956682682037 - f1-score (micro avg)  0.4886
2022-04-23 22:32:47,228 Epoch    39: reducing learning rate of group 0 to 7.8125e-04.
2022-04-23 22:32:47,228 BAD EPOCHS (no improvement): 4
2022-04-23 22:32:47,231 ----------------------------------------------------------------------------------------------------
2022-04-23 22:32:49,344 epoch 40 - iter 10/107 - loss 0.03620514 - samples/sec: 151.50 - lr: 0.000781
2022-04-23 22:32:51,340 epoch 40 - iter 20/107 - loss 0.03903634 - samples/sec: 160.42 - lr: 0.000781
2022-04-23 22:32:53,330 epoch 40 - iter 30/107 - loss 0.03927366 - samples/sec: 160.83 - lr: 0.000781
2022-04-23 22:32:55,247 epoch 40 - iter 40/107 - loss 0.03880077 - samples/sec: 166.99 - lr: 0.000781
2022-04-23 22:32:57,083 epoch 40 - iter 50/107 - loss 0.04076401 - samples/sec: 174.42 - lr: 0.000781
2022-04-23 22:32:58,925 epoch 40 - iter 60/107 - loss 0.04158672 - samples/sec: 173.87 - lr: 0.000781
2022-04-23 22:33:02,262 epoch 40 - iter 70/107 - loss 0.04039978 - samples/sec: 95.92 - lr: 0.000781
2022-04-23 22:33:04,280 epoch 40 - iter 80/107 - loss 0.04004421 - samples/sec: 158.64 - lr: 0.000781
2022-04-23 22:33:06,226 epoch 40 - iter 90/107 - loss 0.03952473 - samples/sec: 164.53 - lr: 0.000781
2022-04-23 22:33:08,284 epoch 40 - iter 100/107 - loss 0.03949477 - samples/sec: 155.56 - lr: 0.000781
2022-04-23 22:33:09,584 ----------------------------------------------------------------------------------------------------
2022-04-23 22:33:09,584 EPOCH 40 done: loss 0.0393 - lr 0.000781
2022-04-23 22:33:15,755 Evaluating as a multi-label problem: False
2022-04-23 22:33:15,766 DEV : loss 0.21934251487255096 - f1-score (micro avg)  0.4859
2022-04-23 22:33:15,836 BAD EPOCHS (no improvement): 1
2022-04-23 22:33:15,839 ----------------------------------------------------------------------------------------------------
2022-04-23 22:33:17,914 epoch 41 - iter 10/107 - loss 0.03677416 - samples/sec: 154.30 - lr: 0.000781
2022-04-23 22:33:19,965 epoch 41 - iter 20/107 - loss 0.03917395 - samples/sec: 156.08 - lr: 0.000781
2022-04-23 22:33:22,052 epoch 41 - iter 30/107 - loss 0.04230108 - samples/sec: 153.41 - lr: 0.000781
2022-04-23 22:33:24,112 epoch 41 - iter 40/107 - loss 0.04152101 - samples/sec: 155.36 - lr: 0.000781
2022-04-23 22:33:26,087 epoch 41 - iter 50/107 - loss 0.04111874 - samples/sec: 162.10 - lr: 0.000781
2022-04-23 22:33:28,084 epoch 41 - iter 60/107 - loss 0.04074876 - samples/sec: 160.35 - lr: 0.000781
2022-04-23 22:33:29,991 epoch 41 - iter 70/107 - loss 0.03979669 - samples/sec: 167.90 - lr: 0.000781
2022-04-23 22:33:31,914 epoch 41 - iter 80/107 - loss 0.04022658 - samples/sec: 166.49 - lr: 0.000781
2022-04-23 22:33:33,881 epoch 41 - iter 90/107 - loss 0.03959865 - samples/sec: 162.71 - lr: 0.000781
2022-04-23 22:33:35,799 epoch 41 - iter 100/107 - loss 0.04034674 - samples/sec: 166.98 - lr: 0.000781
2022-04-23 22:33:37,015 ----------------------------------------------------------------------------------------------------
2022-04-23 22:33:37,015 EPOCH 41 done: loss 0.0404 - lr 0.000781
2022-04-23 22:33:44,038 Evaluating as a multi-label problem: False
2022-04-23 22:33:44,049 DEV : loss 0.21638908982276917 - f1-score (micro avg)  0.491
2022-04-23 22:33:44,118 BAD EPOCHS (no improvement): 2
2022-04-23 22:33:44,121 ----------------------------------------------------------------------------------------------------
2022-04-23 22:33:46,117 epoch 42 - iter 10/107 - loss 0.03993878 - samples/sec: 160.45 - lr: 0.000781
2022-04-23 22:33:48,163 epoch 42 - iter 20/107 - loss 0.03800366 - samples/sec: 156.46 - lr: 0.000781
2022-04-23 22:33:50,147 epoch 42 - iter 30/107 - loss 0.03905373 - samples/sec: 161.41 - lr: 0.000781
2022-04-23 22:33:52,130 epoch 42 - iter 40/107 - loss 0.03899176 - samples/sec: 161.45 - lr: 0.000781
2022-04-23 22:33:53,994 epoch 42 - iter 50/107 - loss 0.04044786 - samples/sec: 171.76 - lr: 0.000781
2022-04-23 22:33:55,947 epoch 42 - iter 60/107 - loss 0.04084753 - samples/sec: 163.89 - lr: 0.000781
2022-04-23 22:33:57,911 epoch 42 - iter 70/107 - loss 0.04005240 - samples/sec: 163.05 - lr: 0.000781
2022-04-23 22:33:59,867 epoch 42 - iter 80/107 - loss 0.04026302 - samples/sec: 163.63 - lr: 0.000781
2022-04-23 22:34:01,773 epoch 42 - iter 90/107 - loss 0.03972608 - samples/sec: 168.03 - lr: 0.000781
2022-04-23 22:34:03,753 epoch 42 - iter 100/107 - loss 0.03919069 - samples/sec: 161.64 - lr: 0.000781
2022-04-23 22:34:05,022 ----------------------------------------------------------------------------------------------------
2022-04-23 22:34:05,022 EPOCH 42 done: loss 0.0388 - lr 0.000781
2022-04-23 22:34:11,224 Evaluating as a multi-label problem: False
2022-04-23 22:34:11,235 DEV : loss 0.21818195283412933 - f1-score (micro avg)  0.4867
2022-04-23 22:34:11,307 BAD EPOCHS (no improvement): 3
2022-04-23 22:34:11,310 ----------------------------------------------------------------------------------------------------
2022-04-23 22:34:13,285 epoch 43 - iter 10/107 - loss 0.03254941 - samples/sec: 162.13 - lr: 0.000781
2022-04-23 22:34:15,167 epoch 43 - iter 20/107 - loss 0.03397959 - samples/sec: 170.10 - lr: 0.000781
2022-04-23 22:34:17,064 epoch 43 - iter 30/107 - loss 0.03607669 - samples/sec: 168.78 - lr: 0.000781
2022-04-23 22:34:19,044 epoch 43 - iter 40/107 - loss 0.03915932 - samples/sec: 161.67 - lr: 0.000781
2022-04-23 22:34:21,084 epoch 43 - iter 50/107 - loss 0.03960513 - samples/sec: 156.95 - lr: 0.000781
2022-04-23 22:34:23,093 epoch 43 - iter 60/107 - loss 0.04009214 - samples/sec: 159.37 - lr: 0.000781
2022-04-23 22:34:25,083 epoch 43 - iter 70/107 - loss 0.04111872 - samples/sec: 160.90 - lr: 0.000781
2022-04-23 22:34:27,080 epoch 43 - iter 80/107 - loss 0.04069006 - samples/sec: 160.30 - lr: 0.000781
2022-04-23 22:34:29,093 epoch 43 - iter 90/107 - loss 0.04024753 - samples/sec: 159.03 - lr: 0.000781
2022-04-23 22:34:31,018 epoch 43 - iter 100/107 - loss 0.04003659 - samples/sec: 166.35 - lr: 0.000781
2022-04-23 22:34:32,203 ----------------------------------------------------------------------------------------------------
2022-04-23 22:34:32,203 EPOCH 43 done: loss 0.0400 - lr 0.000781
2022-04-23 22:34:38,450 Evaluating as a multi-label problem: False
2022-04-23 22:34:38,461 DEV : loss 0.21687531471252441 - f1-score (micro avg)  0.4879
2022-04-23 22:34:38,531 Epoch    43: reducing learning rate of group 0 to 3.9063e-04.
2022-04-23 22:34:38,531 BAD EPOCHS (no improvement): 4
2022-04-23 22:34:38,534 ----------------------------------------------------------------------------------------------------
2022-04-23 22:34:40,569 epoch 44 - iter 10/107 - loss 0.04649407 - samples/sec: 157.37 - lr: 0.000391
2022-04-23 22:34:42,534 epoch 44 - iter 20/107 - loss 0.04264728 - samples/sec: 162.89 - lr: 0.000391
2022-04-23 22:34:44,466 epoch 44 - iter 30/107 - loss 0.03816498 - samples/sec: 165.72 - lr: 0.000391
2022-04-23 22:34:46,385 epoch 44 - iter 40/107 - loss 0.03703733 - samples/sec: 166.83 - lr: 0.000391
2022-04-23 22:34:48,277 epoch 44 - iter 50/107 - loss 0.03859623 - samples/sec: 169.29 - lr: 0.000391
2022-04-23 22:34:50,272 epoch 44 - iter 60/107 - loss 0.03782019 - samples/sec: 160.41 - lr: 0.000391
2022-04-23 22:34:52,268 epoch 44 - iter 70/107 - loss 0.03872620 - samples/sec: 160.45 - lr: 0.000391
2022-04-23 22:34:54,331 epoch 44 - iter 80/107 - loss 0.03934668 - samples/sec: 155.17 - lr: 0.000391
2022-04-23 22:34:56,320 epoch 44 - iter 90/107 - loss 0.03954605 - samples/sec: 160.95 - lr: 0.000391
2022-04-23 22:34:58,361 epoch 44 - iter 100/107 - loss 0.03880885 - samples/sec: 156.89 - lr: 0.000391
2022-04-23 22:34:59,554 ----------------------------------------------------------------------------------------------------
2022-04-23 22:34:59,554 EPOCH 44 done: loss 0.0383 - lr 0.000391
2022-04-23 22:35:05,733 Evaluating as a multi-label problem: False
2022-04-23 22:35:05,744 DEV : loss 0.21755455434322357 - f1-score (micro avg)  0.4867
2022-04-23 22:35:05,814 BAD EPOCHS (no improvement): 1
2022-04-23 22:35:05,817 ----------------------------------------------------------------------------------------------------
2022-04-23 22:35:07,864 epoch 45 - iter 10/107 - loss 0.04616085 - samples/sec: 156.39 - lr: 0.000391
2022-04-23 22:35:09,785 epoch 45 - iter 20/107 - loss 0.04287825 - samples/sec: 166.69 - lr: 0.000391
2022-04-23 22:35:11,723 epoch 45 - iter 30/107 - loss 0.04258535 - samples/sec: 165.15 - lr: 0.000391
2022-04-23 22:35:13,700 epoch 45 - iter 40/107 - loss 0.04471237 - samples/sec: 161.98 - lr: 0.000391
2022-04-23 22:35:15,557 epoch 45 - iter 50/107 - loss 0.04362150 - samples/sec: 172.39 - lr: 0.000391
2022-04-23 22:35:17,425 epoch 45 - iter 60/107 - loss 0.04205308 - samples/sec: 171.43 - lr: 0.000391
2022-04-23 22:35:19,345 epoch 45 - iter 70/107 - loss 0.04070197 - samples/sec: 166.76 - lr: 0.000391
2022-04-23 22:35:21,311 epoch 45 - iter 80/107 - loss 0.03994763 - samples/sec: 162.82 - lr: 0.000391
2022-04-23 22:35:23,168 epoch 45 - iter 90/107 - loss 0.04064271 - samples/sec: 172.46 - lr: 0.000391
2022-04-23 22:35:24,918 epoch 45 - iter 100/107 - loss 0.04023294 - samples/sec: 182.94 - lr: 0.000391
2022-04-23 22:35:26,031 ----------------------------------------------------------------------------------------------------
2022-04-23 22:35:26,031 EPOCH 45 done: loss 0.0399 - lr 0.000391
2022-04-23 22:35:32,039 Evaluating as a multi-label problem: False
2022-04-23 22:35:32,050 DEV : loss 0.21809689700603485 - f1-score (micro avg)  0.4847
2022-04-23 22:35:32,121 BAD EPOCHS (no improvement): 2
2022-04-23 22:35:32,123 ----------------------------------------------------------------------------------------------------
2022-04-23 22:35:34,174 epoch 46 - iter 10/107 - loss 0.04179908 - samples/sec: 156.16 - lr: 0.000391
2022-04-23 22:35:36,194 epoch 46 - iter 20/107 - loss 0.03973410 - samples/sec: 158.42 - lr: 0.000391
2022-04-23 22:35:38,149 epoch 46 - iter 30/107 - loss 0.03982383 - samples/sec: 163.77 - lr: 0.000391
2022-04-23 22:35:40,157 epoch 46 - iter 40/107 - loss 0.03798892 - samples/sec: 159.46 - lr: 0.000391
2022-04-23 22:35:42,118 epoch 46 - iter 50/107 - loss 0.03845974 - samples/sec: 163.28 - lr: 0.000391
2022-04-23 22:35:44,177 epoch 46 - iter 60/107 - loss 0.04131550 - samples/sec: 155.44 - lr: 0.000391
2022-04-23 22:35:46,262 epoch 46 - iter 70/107 - loss 0.04057898 - samples/sec: 153.57 - lr: 0.000391
2022-04-23 22:35:48,241 epoch 46 - iter 80/107 - loss 0.04049723 - samples/sec: 161.77 - lr: 0.000391
2022-04-23 22:35:50,184 epoch 46 - iter 90/107 - loss 0.03923157 - samples/sec: 164.72 - lr: 0.000391
2022-04-23 22:35:52,131 epoch 46 - iter 100/107 - loss 0.03895493 - samples/sec: 164.44 - lr: 0.000391
2022-04-23 22:35:53,365 ----------------------------------------------------------------------------------------------------
2022-04-23 22:35:53,365 EPOCH 46 done: loss 0.0385 - lr 0.000391
2022-04-23 22:36:00,861 Evaluating as a multi-label problem: False
2022-04-23 22:36:00,871 DEV : loss 0.21771696209907532 - f1-score (micro avg)  0.4851
2022-04-23 22:36:00,941 BAD EPOCHS (no improvement): 3
2022-04-23 22:36:00,944 ----------------------------------------------------------------------------------------------------
2022-04-23 22:36:03,003 epoch 47 - iter 10/107 - loss 0.03880099 - samples/sec: 155.47 - lr: 0.000391
2022-04-23 22:36:04,997 epoch 47 - iter 20/107 - loss 0.03956575 - samples/sec: 160.55 - lr: 0.000391
2022-04-23 22:36:07,103 epoch 47 - iter 30/107 - loss 0.03693848 - samples/sec: 152.05 - lr: 0.000391
2022-04-23 22:36:09,173 epoch 47 - iter 40/107 - loss 0.04068790 - samples/sec: 154.63 - lr: 0.000391
2022-04-23 22:36:11,247 epoch 47 - iter 50/107 - loss 0.04065726 - samples/sec: 154.39 - lr: 0.000391
2022-04-23 22:36:13,209 epoch 47 - iter 60/107 - loss 0.04115927 - samples/sec: 163.22 - lr: 0.000391
2022-04-23 22:36:15,174 epoch 47 - iter 70/107 - loss 0.03973734 - samples/sec: 162.96 - lr: 0.000391
2022-04-23 22:36:17,162 epoch 47 - iter 80/107 - loss 0.04017936 - samples/sec: 161.02 - lr: 0.000391
2022-04-23 22:36:19,026 epoch 47 - iter 90/107 - loss 0.04016529 - samples/sec: 171.76 - lr: 0.000391
2022-04-23 22:36:20,953 epoch 47 - iter 100/107 - loss 0.03966074 - samples/sec: 166.16 - lr: 0.000391
2022-04-23 22:36:22,144 ----------------------------------------------------------------------------------------------------
2022-04-23 22:36:22,144 EPOCH 47 done: loss 0.0400 - lr 0.000391
2022-04-23 22:36:28,408 Evaluating as a multi-label problem: False
2022-04-23 22:36:28,419 DEV : loss 0.21743124723434448 - f1-score (micro avg)  0.4891
2022-04-23 22:36:28,489 Epoch    47: reducing learning rate of group 0 to 1.9531e-04.
2022-04-23 22:36:28,489 BAD EPOCHS (no improvement): 4
2022-04-23 22:36:28,491 ----------------------------------------------------------------------------------------------------
2022-04-23 22:36:30,647 epoch 48 - iter 10/107 - loss 0.04046368 - samples/sec: 148.53 - lr: 0.000195
2022-04-23 22:36:32,537 epoch 48 - iter 20/107 - loss 0.03859122 - samples/sec: 169.39 - lr: 0.000195
2022-04-23 22:36:34,581 epoch 48 - iter 30/107 - loss 0.03919132 - samples/sec: 156.60 - lr: 0.000195
2022-04-23 22:36:36,531 epoch 48 - iter 40/107 - loss 0.04014893 - samples/sec: 164.18 - lr: 0.000195
2022-04-23 22:36:38,459 epoch 48 - iter 50/107 - loss 0.04100997 - samples/sec: 166.02 - lr: 0.000195
2022-04-23 22:36:40,409 epoch 48 - iter 60/107 - loss 0.03906041 - samples/sec: 164.19 - lr: 0.000195
2022-04-23 22:36:42,413 epoch 48 - iter 70/107 - loss 0.03931109 - samples/sec: 159.74 - lr: 0.000195
2022-04-23 22:36:44,374 epoch 48 - iter 80/107 - loss 0.03882473 - samples/sec: 163.31 - lr: 0.000195
2022-04-23 22:36:46,343 epoch 48 - iter 90/107 - loss 0.03928789 - samples/sec: 162.60 - lr: 0.000195
2022-04-23 22:36:48,331 epoch 48 - iter 100/107 - loss 0.03946706 - samples/sec: 161.05 - lr: 0.000195
2022-04-23 22:36:49,580 ----------------------------------------------------------------------------------------------------
2022-04-23 22:36:49,580 EPOCH 48 done: loss 0.0392 - lr 0.000195
2022-04-23 22:36:55,873 Evaluating as a multi-label problem: False
2022-04-23 22:36:55,883 DEV : loss 0.2175457775592804 - f1-score (micro avg)  0.4891
2022-04-23 22:36:55,954 BAD EPOCHS (no improvement): 1
2022-04-23 22:36:55,957 ----------------------------------------------------------------------------------------------------
2022-04-23 22:36:58,048 epoch 49 - iter 10/107 - loss 0.03657265 - samples/sec: 153.06 - lr: 0.000195
2022-04-23 22:37:00,038 epoch 49 - iter 20/107 - loss 0.03994751 - samples/sec: 160.94 - lr: 0.000195
2022-04-23 22:37:02,013 epoch 49 - iter 30/107 - loss 0.04244303 - samples/sec: 162.12 - lr: 0.000195
2022-04-23 22:37:03,994 epoch 49 - iter 40/107 - loss 0.03981520 - samples/sec: 161.65 - lr: 0.000195
2022-04-23 22:37:05,936 epoch 49 - iter 50/107 - loss 0.03869809 - samples/sec: 164.80 - lr: 0.000195
2022-04-23 22:37:07,780 epoch 49 - iter 60/107 - loss 0.03843406 - samples/sec: 173.66 - lr: 0.000195
2022-04-23 22:37:09,628 epoch 49 - iter 70/107 - loss 0.03862809 - samples/sec: 173.22 - lr: 0.000195
2022-04-23 22:37:11,560 epoch 49 - iter 80/107 - loss 0.03884964 - samples/sec: 165.79 - lr: 0.000195
2022-04-23 22:37:13,529 epoch 49 - iter 90/107 - loss 0.04038054 - samples/sec: 162.58 - lr: 0.000195
2022-04-23 22:37:15,506 epoch 49 - iter 100/107 - loss 0.04001491 - samples/sec: 161.94 - lr: 0.000195
2022-04-23 22:37:16,708 ----------------------------------------------------------------------------------------------------
2022-04-23 22:37:16,708 EPOCH 49 done: loss 0.0404 - lr 0.000195
2022-04-23 22:37:23,419 Evaluating as a multi-label problem: False
2022-04-23 22:37:23,431 DEV : loss 0.21837842464447021 - f1-score (micro avg)  0.4879
2022-04-23 22:37:23,501 BAD EPOCHS (no improvement): 2
2022-04-23 22:37:23,537 ----------------------------------------------------------------------------------------------------
2022-04-23 22:37:25,598 epoch 50 - iter 10/107 - loss 0.03199955 - samples/sec: 155.33 - lr: 0.000195
2022-04-23 22:37:27,664 epoch 50 - iter 20/107 - loss 0.03391680 - samples/sec: 154.99 - lr: 0.000195
2022-04-23 22:37:29,670 epoch 50 - iter 30/107 - loss 0.03616509 - samples/sec: 159.58 - lr: 0.000195
2022-04-23 22:37:31,641 epoch 50 - iter 40/107 - loss 0.03808036 - samples/sec: 162.47 - lr: 0.000195
2022-04-23 22:37:33,592 epoch 50 - iter 50/107 - loss 0.03702366 - samples/sec: 164.05 - lr: 0.000195
2022-04-23 22:37:35,567 epoch 50 - iter 60/107 - loss 0.03708822 - samples/sec: 162.08 - lr: 0.000195
2022-04-23 22:37:37,529 epoch 50 - iter 70/107 - loss 0.03661082 - samples/sec: 163.19 - lr: 0.000195
2022-04-23 22:37:39,479 epoch 50 - iter 80/107 - loss 0.03700818 - samples/sec: 164.16 - lr: 0.000195
2022-04-23 22:37:41,495 epoch 50 - iter 90/107 - loss 0.03651365 - samples/sec: 158.88 - lr: 0.000195
2022-04-23 22:37:43,546 epoch 50 - iter 100/107 - loss 0.03754711 - samples/sec: 156.04 - lr: 0.000195
2022-04-23 22:37:44,788 ----------------------------------------------------------------------------------------------------
2022-04-23 22:37:44,788 EPOCH 50 done: loss 0.0375 - lr 0.000195
2022-04-23 22:37:51,011 Evaluating as a multi-label problem: False
2022-04-23 22:37:51,022 DEV : loss 0.21821251511573792 - f1-score (micro avg)  0.4894
2022-04-23 22:37:51,093 BAD EPOCHS (no improvement): 3
2022-04-23 22:37:51,095 ----------------------------------------------------------------------------------------------------
2022-04-23 22:37:53,106 epoch 51 - iter 10/107 - loss 0.03160798 - samples/sec: 159.25 - lr: 0.000195
2022-04-23 22:37:55,139 epoch 51 - iter 20/107 - loss 0.03711768 - samples/sec: 157.48 - lr: 0.000195
2022-04-23 22:37:57,091 epoch 51 - iter 30/107 - loss 0.03707526 - samples/sec: 163.99 - lr: 0.000195
2022-04-23 22:37:59,052 epoch 51 - iter 40/107 - loss 0.03915397 - samples/sec: 163.28 - lr: 0.000195
2022-04-23 22:38:01,062 epoch 51 - iter 50/107 - loss 0.03839680 - samples/sec: 159.29 - lr: 0.000195
2022-04-23 22:38:02,947 epoch 51 - iter 60/107 - loss 0.03832316 - samples/sec: 169.84 - lr: 0.000195
2022-04-23 22:38:04,863 epoch 51 - iter 70/107 - loss 0.03973820 - samples/sec: 167.11 - lr: 0.000195
2022-04-23 22:38:06,772 epoch 51 - iter 80/107 - loss 0.03990720 - samples/sec: 167.75 - lr: 0.000195
2022-04-23 22:38:08,811 epoch 51 - iter 90/107 - loss 0.04007608 - samples/sec: 157.00 - lr: 0.000195
2022-04-23 22:38:10,806 epoch 51 - iter 100/107 - loss 0.03946541 - samples/sec: 160.47 - lr: 0.000195
2022-04-23 22:38:12,050 ----------------------------------------------------------------------------------------------------
2022-04-23 22:38:12,050 EPOCH 51 done: loss 0.0393 - lr 0.000195
2022-04-23 22:38:18,281 Evaluating as a multi-label problem: False
2022-04-23 22:38:18,291 DEV : loss 0.21842285990715027 - f1-score (micro avg)  0.4894
2022-04-23 22:38:18,361 Epoch    51: reducing learning rate of group 0 to 9.7656e-05.
2022-04-23 22:38:18,361 BAD EPOCHS (no improvement): 4
2022-04-23 22:38:18,363 ----------------------------------------------------------------------------------------------------
2022-04-23 22:38:18,363 ----------------------------------------------------------------------------------------------------
2022-04-23 22:38:18,363 learning rate too small - quitting training!
2022-04-23 22:38:18,364 ----------------------------------------------------------------------------------------------------
2022-04-23 22:38:32,315 ----------------------------------------------------------------------------------------------------
2022-04-23 22:38:32,316 loading file resources/taggers/model_05_r5_run_2/best-model.pt
2022-04-23 22:38:41,153 SequenceTagger predicts: Dictionary with 27 tags: O, S-person, B-person, E-person, I-person, S-location, B-location, E-location, I-location, S-group, B-group, E-group, I-group, S-corporation, B-corporation, E-corporation, I-corporation, S-product, B-product, E-product, I-product, S-creative-work, B-creative-work, E-creative-work, I-creative-work, <START>, <STOP>
2022-04-23 22:38:58,865 Evaluating as a multi-label problem: False
2022-04-23 22:38:58,923 0.6418	0.3105	0.4185	0.2829
2022-04-23 22:38:58,923 
Results:
- F-score (micro) 0.4185
- F-score (macro) 0.3122
- Accuracy 0.2829

By class:
               precision    recall  f1-score   support

       person     0.7588    0.4545    0.5685       429
     location     0.5755    0.5333    0.5536       150
        group     0.6087    0.1697    0.2654       165
creative-work     0.5000    0.0845    0.1446       142
      product     0.4091    0.0709    0.1208       127
  corporation     0.3235    0.1667    0.2200        66

    micro avg     0.6418    0.3105    0.4185      1079
    macro avg     0.5293    0.2466    0.3122      1079
 weighted avg     0.6085    0.3105    0.3903      1079

2022-04-23 22:38:58,923 ----------------------------------------------------------------------------------------------------
