2022-05-13 14:28:44,457 ----------------------------------------------------------------------------------------------------
2022-05-13 14:28:44,457 Model: "SequenceTagger(
  (embeddings): StackedEmbeddings(
    (list_embedding_0): GazetteerEmbeddings()
    (list_embedding_1): FlairEmbeddings(
      (lm): LanguageModel(
        (drop): Dropout(p=0.05, inplace=False)
        (encoder): Embedding(300, 100)
        (rnn): LSTM(100, 2048)
        (decoder): Linear(in_features=2048, out_features=300, bias=True)
      )
    )
    (list_embedding_2): FlairEmbeddings(
      (lm): LanguageModel(
        (drop): Dropout(p=0.05, inplace=False)
        (encoder): Embedding(300, 100)
        (rnn): LSTM(100, 2048)
        (decoder): Linear(in_features=2048, out_features=300, bias=True)
      )
    )
  )
  (word_dropout): WordDropout(p=0.05)
  (locked_dropout): LockedDropout(p=0.5)
  (embedding2nn): Linear(in_features=4757, out_features=4757, bias=True)
  (rnn): LSTM(4757, 256, batch_first=True, bidirectional=True)
  (linear): Linear(in_features=512, out_features=27, bias=True)
  (loss_function): ViterbiLoss()
  (crf): CRF()
)"
2022-05-13 14:28:44,457 ----------------------------------------------------------------------------------------------------
2022-05-13 14:28:44,457 Corpus: "Corpus: 3394 train + 1009 dev + 1287 test sentences"
2022-05-13 14:28:44,458 ----------------------------------------------------------------------------------------------------
2022-05-13 14:28:44,458 Parameters:
2022-05-13 14:28:44,458  - learning_rate: "0.100000"
2022-05-13 14:28:44,458  - mini_batch_size: "32"
2022-05-13 14:28:44,458  - patience: "3"
2022-05-13 14:28:44,458  - anneal_factor: "0.5"
2022-05-13 14:28:44,458  - max_epochs: "150"
2022-05-13 14:28:44,458  - shuffle: "True"
2022-05-13 14:28:44,458  - train_with_dev: "False"
2022-05-13 14:28:44,458  - batch_growth_annealing: "False"
2022-05-13 14:28:44,458 ----------------------------------------------------------------------------------------------------
2022-05-13 14:28:44,458 Model training base path: "resources/taggers/model_05_r10_run_2"
2022-05-13 14:28:44,458 ----------------------------------------------------------------------------------------------------
2022-05-13 14:28:44,458 Device: cuda:1
2022-05-13 14:28:44,458 ----------------------------------------------------------------------------------------------------
2022-05-13 14:28:44,458 Embeddings storage mode: cpu
2022-05-13 14:28:44,458 ----------------------------------------------------------------------------------------------------
2022-05-13 14:28:47,118 epoch 1 - iter 10/107 - loss 1.19105617 - samples/sec: 120.36 - lr: 0.100000
2022-05-13 14:28:49,749 epoch 1 - iter 20/107 - loss 0.73349724 - samples/sec: 121.68 - lr: 0.100000
2022-05-13 14:28:52,542 epoch 1 - iter 30/107 - loss 0.58026259 - samples/sec: 114.61 - lr: 0.100000
2022-05-13 14:28:55,125 epoch 1 - iter 40/107 - loss 0.49999308 - samples/sec: 123.92 - lr: 0.100000
2022-05-13 14:28:57,765 epoch 1 - iter 50/107 - loss 0.44051179 - samples/sec: 121.29 - lr: 0.100000
2022-05-13 14:29:00,620 epoch 1 - iter 60/107 - loss 0.41514606 - samples/sec: 112.10 - lr: 0.100000
2022-05-13 14:29:03,509 epoch 1 - iter 70/107 - loss 0.39583876 - samples/sec: 110.82 - lr: 0.100000
2022-05-13 14:29:06,198 epoch 1 - iter 80/107 - loss 0.38418123 - samples/sec: 119.04 - lr: 0.100000
2022-05-13 14:29:08,780 epoch 1 - iter 90/107 - loss 0.37639116 - samples/sec: 124.01 - lr: 0.100000
2022-05-13 14:29:11,347 epoch 1 - iter 100/107 - loss 0.36747819 - samples/sec: 124.70 - lr: 0.100000
2022-05-13 14:29:12,944 ----------------------------------------------------------------------------------------------------
2022-05-13 14:29:12,944 EPOCH 1 done: loss 0.3604 - lr 0.100000
2022-05-13 14:29:21,551 Evaluating as a multi-label problem: False
2022-05-13 14:29:21,561 DEV : loss 0.4421474039554596 - f1-score (micro avg)  0.095
2022-05-13 14:29:21,632 BAD EPOCHS (no improvement): 0
2022-05-13 14:29:21,634 saving best model
2022-05-13 14:29:35,478 ----------------------------------------------------------------------------------------------------
2022-05-13 14:29:38,164 epoch 2 - iter 10/107 - loss 0.18738737 - samples/sec: 119.25 - lr: 0.100000
2022-05-13 14:29:40,683 epoch 2 - iter 20/107 - loss 0.19562249 - samples/sec: 127.11 - lr: 0.100000
2022-05-13 14:29:43,174 epoch 2 - iter 30/107 - loss 0.20531159 - samples/sec: 128.50 - lr: 0.100000
2022-05-13 14:29:45,973 epoch 2 - iter 40/107 - loss 0.19796644 - samples/sec: 114.35 - lr: 0.100000
2022-05-13 14:29:48,758 epoch 2 - iter 50/107 - loss 0.19669063 - samples/sec: 114.95 - lr: 0.100000
2022-05-13 14:29:51,727 epoch 2 - iter 60/107 - loss 0.19848185 - samples/sec: 107.82 - lr: 0.100000
2022-05-13 14:29:54,603 epoch 2 - iter 70/107 - loss 0.19659557 - samples/sec: 111.29 - lr: 0.100000
2022-05-13 14:29:57,211 epoch 2 - iter 80/107 - loss 0.19607506 - samples/sec: 122.76 - lr: 0.100000
2022-05-13 14:29:59,953 epoch 2 - iter 90/107 - loss 0.19475549 - samples/sec: 116.76 - lr: 0.100000
2022-05-13 14:30:02,813 epoch 2 - iter 100/107 - loss 0.19253039 - samples/sec: 111.92 - lr: 0.100000
2022-05-13 14:30:04,406 ----------------------------------------------------------------------------------------------------
2022-05-13 14:30:04,407 EPOCH 2 done: loss 0.1927 - lr 0.100000
2022-05-13 14:30:13,207 Evaluating as a multi-label problem: False
2022-05-13 14:30:13,218 DEV : loss 0.2654193341732025 - f1-score (micro avg)  0.4738
2022-05-13 14:30:13,291 BAD EPOCHS (no improvement): 0
2022-05-13 14:30:13,294 saving best model
2022-05-13 14:30:27,078 ----------------------------------------------------------------------------------------------------
2022-05-13 14:30:29,369 epoch 3 - iter 10/107 - loss 0.16287777 - samples/sec: 139.79 - lr: 0.100000
2022-05-13 14:30:31,982 epoch 3 - iter 20/107 - loss 0.15176458 - samples/sec: 122.50 - lr: 0.100000
2022-05-13 14:30:34,495 epoch 3 - iter 30/107 - loss 0.15210953 - samples/sec: 127.38 - lr: 0.100000
2022-05-13 14:30:37,321 epoch 3 - iter 40/107 - loss 0.15431831 - samples/sec: 113.29 - lr: 0.100000
2022-05-13 14:30:40,021 epoch 3 - iter 50/107 - loss 0.15987562 - samples/sec: 118.55 - lr: 0.100000
2022-05-13 14:30:42,806 epoch 3 - iter 60/107 - loss 0.16296019 - samples/sec: 114.94 - lr: 0.100000
2022-05-13 14:30:45,557 epoch 3 - iter 70/107 - loss 0.16364794 - samples/sec: 116.39 - lr: 0.100000
2022-05-13 14:30:48,464 epoch 3 - iter 80/107 - loss 0.16133985 - samples/sec: 110.10 - lr: 0.100000
2022-05-13 14:30:51,101 epoch 3 - iter 90/107 - loss 0.16134845 - samples/sec: 121.41 - lr: 0.100000
2022-05-13 14:30:53,818 epoch 3 - iter 100/107 - loss 0.16015655 - samples/sec: 117.81 - lr: 0.100000
2022-05-13 14:30:55,540 ----------------------------------------------------------------------------------------------------
2022-05-13 14:30:55,540 EPOCH 3 done: loss 0.1601 - lr 0.100000
2022-05-13 14:31:04,037 Evaluating as a multi-label problem: False
2022-05-13 14:31:04,048 DEV : loss 0.25810009241104126 - f1-score (micro avg)  0.3996
2022-05-13 14:31:04,118 BAD EPOCHS (no improvement): 1
2022-05-13 14:31:04,120 ----------------------------------------------------------------------------------------------------
2022-05-13 14:31:06,895 epoch 4 - iter 10/107 - loss 0.15538828 - samples/sec: 115.37 - lr: 0.100000
2022-05-13 14:31:09,622 epoch 4 - iter 20/107 - loss 0.15223870 - samples/sec: 117.40 - lr: 0.100000
2022-05-13 14:31:12,318 epoch 4 - iter 30/107 - loss 0.15332081 - samples/sec: 118.73 - lr: 0.100000
2022-05-13 14:31:15,056 epoch 4 - iter 40/107 - loss 0.15696296 - samples/sec: 116.94 - lr: 0.100000
2022-05-13 14:31:17,543 epoch 4 - iter 50/107 - loss 0.15159110 - samples/sec: 128.70 - lr: 0.100000
2022-05-13 14:31:20,236 epoch 4 - iter 60/107 - loss 0.14922305 - samples/sec: 118.86 - lr: 0.100000
2022-05-13 14:31:22,776 epoch 4 - iter 70/107 - loss 0.14758980 - samples/sec: 126.07 - lr: 0.100000
2022-05-13 14:31:25,436 epoch 4 - iter 80/107 - loss 0.14540333 - samples/sec: 120.32 - lr: 0.100000
2022-05-13 14:31:28,095 epoch 4 - iter 90/107 - loss 0.14375208 - samples/sec: 120.41 - lr: 0.100000
2022-05-13 14:31:30,784 epoch 4 - iter 100/107 - loss 0.14307627 - samples/sec: 119.03 - lr: 0.100000
2022-05-13 14:31:32,400 ----------------------------------------------------------------------------------------------------
2022-05-13 14:31:32,401 EPOCH 4 done: loss 0.1419 - lr 0.100000
2022-05-13 14:31:42,539 Evaluating as a multi-label problem: False
2022-05-13 14:31:42,549 DEV : loss 0.3458229899406433 - f1-score (micro avg)  0.2587
2022-05-13 14:31:42,618 BAD EPOCHS (no improvement): 2
2022-05-13 14:31:42,620 ----------------------------------------------------------------------------------------------------
2022-05-13 14:31:45,281 epoch 5 - iter 10/107 - loss 0.12630995 - samples/sec: 120.32 - lr: 0.100000
2022-05-13 14:31:48,056 epoch 5 - iter 20/107 - loss 0.11659084 - samples/sec: 115.34 - lr: 0.100000
2022-05-13 14:31:50,765 epoch 5 - iter 30/107 - loss 0.13298458 - samples/sec: 118.19 - lr: 0.100000
2022-05-13 14:31:53,494 epoch 5 - iter 40/107 - loss 0.14092135 - samples/sec: 117.28 - lr: 0.100000
2022-05-13 14:31:56,204 epoch 5 - iter 50/107 - loss 0.13833729 - samples/sec: 118.13 - lr: 0.100000
2022-05-13 14:31:58,849 epoch 5 - iter 60/107 - loss 0.13518102 - samples/sec: 121.04 - lr: 0.100000
2022-05-13 14:32:01,562 epoch 5 - iter 70/107 - loss 0.13388031 - samples/sec: 117.99 - lr: 0.100000
2022-05-13 14:32:04,325 epoch 5 - iter 80/107 - loss 0.13206843 - samples/sec: 115.83 - lr: 0.100000
2022-05-13 14:32:07,203 epoch 5 - iter 90/107 - loss 0.12942246 - samples/sec: 111.25 - lr: 0.100000
2022-05-13 14:32:09,851 epoch 5 - iter 100/107 - loss 0.13003230 - samples/sec: 120.88 - lr: 0.100000
2022-05-13 14:32:11,363 ----------------------------------------------------------------------------------------------------
2022-05-13 14:32:11,363 EPOCH 5 done: loss 0.1285 - lr 0.100000
2022-05-13 14:32:18,840 Evaluating as a multi-label problem: False
2022-05-13 14:32:18,850 DEV : loss 0.26301100850105286 - f1-score (micro avg)  0.3904
2022-05-13 14:32:18,922 BAD EPOCHS (no improvement): 3
2022-05-13 14:32:18,924 ----------------------------------------------------------------------------------------------------
2022-05-13 14:32:20,697 epoch 6 - iter 10/107 - loss 0.12193559 - samples/sec: 180.56 - lr: 0.100000
2022-05-13 14:32:22,484 epoch 6 - iter 20/107 - loss 0.11938296 - samples/sec: 179.18 - lr: 0.100000
2022-05-13 14:32:24,420 epoch 6 - iter 30/107 - loss 0.10883573 - samples/sec: 165.38 - lr: 0.100000
2022-05-13 14:32:26,422 epoch 6 - iter 40/107 - loss 0.11464746 - samples/sec: 159.95 - lr: 0.100000
2022-05-13 14:32:28,362 epoch 6 - iter 50/107 - loss 0.12195851 - samples/sec: 165.08 - lr: 0.100000
2022-05-13 14:32:30,272 epoch 6 - iter 60/107 - loss 0.11739339 - samples/sec: 167.59 - lr: 0.100000
2022-05-13 14:32:32,218 epoch 6 - iter 70/107 - loss 0.11764206 - samples/sec: 164.56 - lr: 0.100000
2022-05-13 14:32:34,157 epoch 6 - iter 80/107 - loss 0.11939818 - samples/sec: 165.09 - lr: 0.100000
2022-05-13 14:32:36,140 epoch 6 - iter 90/107 - loss 0.11764322 - samples/sec: 161.48 - lr: 0.100000
2022-05-13 14:32:38,110 epoch 6 - iter 100/107 - loss 0.11646680 - samples/sec: 162.50 - lr: 0.100000
2022-05-13 14:32:39,303 ----------------------------------------------------------------------------------------------------
2022-05-13 14:32:39,303 EPOCH 6 done: loss 0.1166 - lr 0.100000
2022-05-13 14:32:45,457 Evaluating as a multi-label problem: False
2022-05-13 14:32:45,468 DEV : loss 0.22318290174007416 - f1-score (micro avg)  0.4968
2022-05-13 14:32:45,538 BAD EPOCHS (no improvement): 0
2022-05-13 14:32:45,548 saving best model
2022-05-13 14:32:59,314 ----------------------------------------------------------------------------------------------------
2022-05-13 14:33:02,308 epoch 7 - iter 10/107 - loss 0.11938409 - samples/sec: 106.92 - lr: 0.100000
2022-05-13 14:33:05,150 epoch 7 - iter 20/107 - loss 0.12235633 - samples/sec: 112.62 - lr: 0.100000
2022-05-13 14:33:07,896 epoch 7 - iter 30/107 - loss 0.11569569 - samples/sec: 116.60 - lr: 0.100000
2022-05-13 14:33:10,677 epoch 7 - iter 40/107 - loss 0.11260479 - samples/sec: 115.09 - lr: 0.100000
2022-05-13 14:33:13,415 epoch 7 - iter 50/107 - loss 0.11370367 - samples/sec: 116.89 - lr: 0.100000
2022-05-13 14:33:16,077 epoch 7 - iter 60/107 - loss 0.11103967 - samples/sec: 120.28 - lr: 0.100000
2022-05-13 14:33:18,830 epoch 7 - iter 70/107 - loss 0.11139516 - samples/sec: 116.27 - lr: 0.100000
2022-05-13 14:33:21,663 epoch 7 - iter 80/107 - loss 0.11173073 - samples/sec: 113.00 - lr: 0.100000
2022-05-13 14:33:24,316 epoch 7 - iter 90/107 - loss 0.11271769 - samples/sec: 120.69 - lr: 0.100000
2022-05-13 14:33:27,041 epoch 7 - iter 100/107 - loss 0.11301537 - samples/sec: 117.45 - lr: 0.100000
2022-05-13 14:33:28,938 ----------------------------------------------------------------------------------------------------
2022-05-13 14:33:28,938 EPOCH 7 done: loss 0.1115 - lr 0.100000
2022-05-13 14:33:37,176 Evaluating as a multi-label problem: False
2022-05-13 14:33:37,187 DEV : loss 0.19373495876789093 - f1-score (micro avg)  0.5077
2022-05-13 14:33:37,258 BAD EPOCHS (no improvement): 0
2022-05-13 14:33:37,260 saving best model
2022-05-13 14:33:50,894 ----------------------------------------------------------------------------------------------------
2022-05-13 14:33:54,025 epoch 8 - iter 10/107 - loss 0.10585946 - samples/sec: 102.27 - lr: 0.100000
2022-05-13 14:33:57,065 epoch 8 - iter 20/107 - loss 0.09226078 - samples/sec: 105.31 - lr: 0.100000
2022-05-13 14:34:00,155 epoch 8 - iter 30/107 - loss 0.09485477 - samples/sec: 103.62 - lr: 0.100000
2022-05-13 14:34:03,229 epoch 8 - iter 40/107 - loss 0.09640897 - samples/sec: 104.14 - lr: 0.100000
2022-05-13 14:34:06,451 epoch 8 - iter 50/107 - loss 0.09712425 - samples/sec: 99.38 - lr: 0.100000
2022-05-13 14:34:09,415 epoch 8 - iter 60/107 - loss 0.09960105 - samples/sec: 107.98 - lr: 0.100000
2022-05-13 14:34:12,630 epoch 8 - iter 70/107 - loss 0.09975001 - samples/sec: 99.58 - lr: 0.100000
2022-05-13 14:34:15,852 epoch 8 - iter 80/107 - loss 0.10061289 - samples/sec: 99.36 - lr: 0.100000
2022-05-13 14:34:18,948 epoch 8 - iter 90/107 - loss 0.10273107 - samples/sec: 103.40 - lr: 0.100000
2022-05-13 14:34:21,734 epoch 8 - iter 100/107 - loss 0.10492049 - samples/sec: 114.91 - lr: 0.100000
2022-05-13 14:34:23,596 ----------------------------------------------------------------------------------------------------
2022-05-13 14:34:23,596 EPOCH 8 done: loss 0.1050 - lr 0.100000
2022-05-13 14:34:33,062 Evaluating as a multi-label problem: False
2022-05-13 14:34:33,074 DEV : loss 0.2113940268754959 - f1-score (micro avg)  0.4788
2022-05-13 14:34:33,161 BAD EPOCHS (no improvement): 1
2022-05-13 14:34:33,162 ----------------------------------------------------------------------------------------------------
2022-05-13 14:34:36,241 epoch 9 - iter 10/107 - loss 0.10454774 - samples/sec: 104.01 - lr: 0.100000
2022-05-13 14:34:39,372 epoch 9 - iter 20/107 - loss 0.11167990 - samples/sec: 102.22 - lr: 0.100000
2022-05-13 14:34:42,298 epoch 9 - iter 30/107 - loss 0.10450373 - samples/sec: 109.41 - lr: 0.100000
2022-05-13 14:34:45,432 epoch 9 - iter 40/107 - loss 0.10810374 - samples/sec: 102.14 - lr: 0.100000
2022-05-13 14:34:48,626 epoch 9 - iter 50/107 - loss 0.10201725 - samples/sec: 100.23 - lr: 0.100000
2022-05-13 14:34:51,761 epoch 9 - iter 60/107 - loss 0.09808225 - samples/sec: 102.13 - lr: 0.100000
2022-05-13 14:34:54,908 epoch 9 - iter 70/107 - loss 0.09728259 - samples/sec: 101.72 - lr: 0.100000
2022-05-13 14:34:57,934 epoch 9 - iter 80/107 - loss 0.09614683 - samples/sec: 105.79 - lr: 0.100000
2022-05-13 14:35:00,976 epoch 9 - iter 90/107 - loss 0.09436136 - samples/sec: 105.24 - lr: 0.100000
2022-05-13 14:35:04,160 epoch 9 - iter 100/107 - loss 0.09406599 - samples/sec: 100.54 - lr: 0.100000
2022-05-13 14:35:06,093 ----------------------------------------------------------------------------------------------------
2022-05-13 14:35:06,093 EPOCH 9 done: loss 0.0939 - lr 0.100000
2022-05-13 14:35:15,108 Evaluating as a multi-label problem: False
2022-05-13 14:35:15,120 DEV : loss 0.20749247074127197 - f1-score (micro avg)  0.4996
2022-05-13 14:35:15,206 BAD EPOCHS (no improvement): 2
2022-05-13 14:35:15,259 ----------------------------------------------------------------------------------------------------
2022-05-13 14:35:17,996 epoch 10 - iter 10/107 - loss 0.08161927 - samples/sec: 117.00 - lr: 0.100000
2022-05-13 14:35:20,918 epoch 10 - iter 20/107 - loss 0.08632196 - samples/sec: 109.56 - lr: 0.100000
2022-05-13 14:35:23,927 epoch 10 - iter 30/107 - loss 0.09241440 - samples/sec: 106.40 - lr: 0.100000
2022-05-13 14:35:26,677 epoch 10 - iter 40/107 - loss 0.09094478 - samples/sec: 116.41 - lr: 0.100000
2022-05-13 14:35:29,645 epoch 10 - iter 50/107 - loss 0.09111780 - samples/sec: 107.85 - lr: 0.100000
2022-05-13 14:35:32,398 epoch 10 - iter 60/107 - loss 0.08960238 - samples/sec: 116.26 - lr: 0.100000
2022-05-13 14:35:35,271 epoch 10 - iter 70/107 - loss 0.09140309 - samples/sec: 111.43 - lr: 0.100000
2022-05-13 14:35:38,042 epoch 10 - iter 80/107 - loss 0.09029867 - samples/sec: 115.54 - lr: 0.100000
2022-05-13 14:35:40,806 epoch 10 - iter 90/107 - loss 0.09057225 - samples/sec: 115.80 - lr: 0.100000
2022-05-13 14:35:43,517 epoch 10 - iter 100/107 - loss 0.09205615 - samples/sec: 118.11 - lr: 0.100000
2022-05-13 14:35:45,312 ----------------------------------------------------------------------------------------------------
2022-05-13 14:35:45,313 EPOCH 10 done: loss 0.0935 - lr 0.100000
2022-05-13 14:35:53,990 Evaluating as a multi-label problem: False
2022-05-13 14:35:54,001 DEV : loss 0.192511186003685 - f1-score (micro avg)  0.521
2022-05-13 14:35:54,072 BAD EPOCHS (no improvement): 0
2022-05-13 14:35:54,073 saving best model
2022-05-13 14:36:07,911 ----------------------------------------------------------------------------------------------------
2022-05-13 14:36:10,716 epoch 11 - iter 10/107 - loss 0.08534703 - samples/sec: 114.15 - lr: 0.100000
2022-05-13 14:36:13,496 epoch 11 - iter 20/107 - loss 0.08385939 - samples/sec: 115.15 - lr: 0.100000
2022-05-13 14:36:16,262 epoch 11 - iter 30/107 - loss 0.08413216 - samples/sec: 115.74 - lr: 0.100000
2022-05-13 14:36:19,012 epoch 11 - iter 40/107 - loss 0.08358439 - samples/sec: 116.42 - lr: 0.100000
2022-05-13 14:36:21,993 epoch 11 - iter 50/107 - loss 0.08479275 - samples/sec: 107.37 - lr: 0.100000
2022-05-13 14:36:24,740 epoch 11 - iter 60/107 - loss 0.08530570 - samples/sec: 116.56 - lr: 0.100000
2022-05-13 14:36:29,173 epoch 11 - iter 70/107 - loss 0.08626089 - samples/sec: 72.21 - lr: 0.100000
2022-05-13 14:36:31,999 epoch 11 - iter 80/107 - loss 0.08691194 - samples/sec: 113.28 - lr: 0.100000
2022-05-13 14:36:34,910 epoch 11 - iter 90/107 - loss 0.08888626 - samples/sec: 109.93 - lr: 0.100000
2022-05-13 14:36:37,626 epoch 11 - iter 100/107 - loss 0.08788844 - samples/sec: 117.87 - lr: 0.100000
2022-05-13 14:36:39,282 ----------------------------------------------------------------------------------------------------
2022-05-13 14:36:39,282 EPOCH 11 done: loss 0.0872 - lr 0.100000
2022-05-13 14:36:47,677 Evaluating as a multi-label problem: False
2022-05-13 14:36:47,688 DEV : loss 0.22291219234466553 - f1-score (micro avg)  0.4744
2022-05-13 14:36:47,758 BAD EPOCHS (no improvement): 1
2022-05-13 14:36:47,761 ----------------------------------------------------------------------------------------------------
2022-05-13 14:36:50,310 epoch 12 - iter 10/107 - loss 0.07773865 - samples/sec: 125.56 - lr: 0.100000
2022-05-13 14:36:52,894 epoch 12 - iter 20/107 - loss 0.08617446 - samples/sec: 123.90 - lr: 0.100000
2022-05-13 14:36:55,478 epoch 12 - iter 30/107 - loss 0.09031865 - samples/sec: 123.89 - lr: 0.100000
2022-05-13 14:36:58,314 epoch 12 - iter 40/107 - loss 0.08773431 - samples/sec: 112.87 - lr: 0.100000
2022-05-13 14:37:01,022 epoch 12 - iter 50/107 - loss 0.08995235 - samples/sec: 118.25 - lr: 0.100000
2022-05-13 14:37:03,732 epoch 12 - iter 60/107 - loss 0.08664339 - samples/sec: 118.12 - lr: 0.100000
2022-05-13 14:37:06,459 epoch 12 - iter 70/107 - loss 0.08454385 - samples/sec: 117.39 - lr: 0.100000
2022-05-13 14:37:09,248 epoch 12 - iter 80/107 - loss 0.08489481 - samples/sec: 114.79 - lr: 0.100000
2022-05-13 14:37:11,816 epoch 12 - iter 90/107 - loss 0.08286262 - samples/sec: 124.65 - lr: 0.100000
2022-05-13 14:37:14,650 epoch 12 - iter 100/107 - loss 0.08226131 - samples/sec: 112.95 - lr: 0.100000
2022-05-13 14:37:16,315 ----------------------------------------------------------------------------------------------------
2022-05-13 14:37:16,315 EPOCH 12 done: loss 0.0818 - lr 0.100000
2022-05-13 14:37:25,076 Evaluating as a multi-label problem: False
2022-05-13 14:37:25,088 DEV : loss 0.23238585889339447 - f1-score (micro avg)  0.4559
2022-05-13 14:37:25,158 BAD EPOCHS (no improvement): 2
2022-05-13 14:37:25,160 ----------------------------------------------------------------------------------------------------
2022-05-13 14:37:27,814 epoch 13 - iter 10/107 - loss 0.07012159 - samples/sec: 120.62 - lr: 0.100000
2022-05-13 14:37:30,474 epoch 13 - iter 20/107 - loss 0.07339513 - samples/sec: 120.35 - lr: 0.100000
2022-05-13 14:37:33,297 epoch 13 - iter 30/107 - loss 0.07240477 - samples/sec: 113.38 - lr: 0.100000
2022-05-13 14:37:36,059 epoch 13 - iter 40/107 - loss 0.07550556 - samples/sec: 115.90 - lr: 0.100000
2022-05-13 14:37:38,887 epoch 13 - iter 50/107 - loss 0.07736643 - samples/sec: 113.19 - lr: 0.100000
2022-05-13 14:37:41,471 epoch 13 - iter 60/107 - loss 0.07746954 - samples/sec: 123.93 - lr: 0.100000
2022-05-13 14:37:44,112 epoch 13 - iter 70/107 - loss 0.07678778 - samples/sec: 121.22 - lr: 0.100000
2022-05-13 14:37:46,675 epoch 13 - iter 80/107 - loss 0.07597562 - samples/sec: 124.90 - lr: 0.100000
2022-05-13 14:37:49,117 epoch 13 - iter 90/107 - loss 0.07675398 - samples/sec: 131.09 - lr: 0.100000
2022-05-13 14:37:51,869 epoch 13 - iter 100/107 - loss 0.07628025 - samples/sec: 116.30 - lr: 0.100000
2022-05-13 14:37:53,735 ----------------------------------------------------------------------------------------------------
2022-05-13 14:37:53,735 EPOCH 13 done: loss 0.0772 - lr 0.100000
2022-05-13 14:38:02,166 Evaluating as a multi-label problem: False
2022-05-13 14:38:02,177 DEV : loss 0.22553496062755585 - f1-score (micro avg)  0.4398
2022-05-13 14:38:02,250 BAD EPOCHS (no improvement): 3
2022-05-13 14:38:02,253 ----------------------------------------------------------------------------------------------------
2022-05-13 14:38:05,000 epoch 14 - iter 10/107 - loss 0.07036017 - samples/sec: 116.54 - lr: 0.100000
2022-05-13 14:38:07,940 epoch 14 - iter 20/107 - loss 0.07833753 - samples/sec: 108.86 - lr: 0.100000
2022-05-13 14:38:10,762 epoch 14 - iter 30/107 - loss 0.07467198 - samples/sec: 113.45 - lr: 0.100000
2022-05-13 14:38:13,647 epoch 14 - iter 40/107 - loss 0.07560906 - samples/sec: 110.93 - lr: 0.100000
2022-05-13 14:38:16,486 epoch 14 - iter 50/107 - loss 0.07470537 - samples/sec: 112.78 - lr: 0.100000
2022-05-13 14:38:19,267 epoch 14 - iter 60/107 - loss 0.07570407 - samples/sec: 115.10 - lr: 0.100000
2022-05-13 14:38:22,039 epoch 14 - iter 70/107 - loss 0.07604993 - samples/sec: 115.47 - lr: 0.100000
2022-05-13 14:38:24,855 epoch 14 - iter 80/107 - loss 0.07557797 - samples/sec: 113.69 - lr: 0.100000
2022-05-13 14:38:27,603 epoch 14 - iter 90/107 - loss 0.07547941 - samples/sec: 116.51 - lr: 0.100000
2022-05-13 14:38:30,292 epoch 14 - iter 100/107 - loss 0.07477256 - samples/sec: 119.04 - lr: 0.100000
2022-05-13 14:38:31,953 ----------------------------------------------------------------------------------------------------
2022-05-13 14:38:31,953 EPOCH 14 done: loss 0.0738 - lr 0.100000
2022-05-13 14:38:39,712 Evaluating as a multi-label problem: False
2022-05-13 14:38:39,723 DEV : loss 0.24993683397769928 - f1-score (micro avg)  0.4709
2022-05-13 14:38:39,794 Epoch    14: reducing learning rate of group 0 to 5.0000e-02.
2022-05-13 14:38:39,794 BAD EPOCHS (no improvement): 4
2022-05-13 14:38:39,796 ----------------------------------------------------------------------------------------------------
2022-05-13 14:38:42,499 epoch 15 - iter 10/107 - loss 0.05771191 - samples/sec: 118.46 - lr: 0.050000
2022-05-13 14:38:45,351 epoch 15 - iter 20/107 - loss 0.06334309 - samples/sec: 112.22 - lr: 0.050000
2022-05-13 14:38:48,105 epoch 15 - iter 30/107 - loss 0.06519190 - samples/sec: 116.25 - lr: 0.050000
2022-05-13 14:38:50,885 epoch 15 - iter 40/107 - loss 0.06481864 - samples/sec: 115.15 - lr: 0.050000
2022-05-13 14:38:53,555 epoch 15 - iter 50/107 - loss 0.06260733 - samples/sec: 119.88 - lr: 0.050000
2022-05-13 14:38:56,324 epoch 15 - iter 60/107 - loss 0.06295756 - samples/sec: 115.63 - lr: 0.050000
2022-05-13 14:38:59,162 epoch 15 - iter 70/107 - loss 0.06290445 - samples/sec: 112.77 - lr: 0.050000
2022-05-13 14:39:01,989 epoch 15 - iter 80/107 - loss 0.06253277 - samples/sec: 113.26 - lr: 0.050000
2022-05-13 14:39:04,788 epoch 15 - iter 90/107 - loss 0.06332012 - samples/sec: 114.35 - lr: 0.050000
2022-05-13 14:39:07,560 epoch 15 - iter 100/107 - loss 0.06411790 - samples/sec: 115.51 - lr: 0.050000
2022-05-13 14:39:09,341 ----------------------------------------------------------------------------------------------------
2022-05-13 14:39:09,341 EPOCH 15 done: loss 0.0640 - lr 0.050000
2022-05-13 14:39:17,814 Evaluating as a multi-label problem: False
2022-05-13 14:39:17,825 DEV : loss 0.21647092700004578 - f1-score (micro avg)  0.4849
2022-05-13 14:39:17,895 BAD EPOCHS (no improvement): 1
2022-05-13 14:39:17,897 ----------------------------------------------------------------------------------------------------
2022-05-13 14:39:20,709 epoch 16 - iter 10/107 - loss 0.05090270 - samples/sec: 113.88 - lr: 0.050000
2022-05-13 14:39:23,311 epoch 16 - iter 20/107 - loss 0.05855678 - samples/sec: 123.01 - lr: 0.050000
2022-05-13 14:39:25,749 epoch 16 - iter 30/107 - loss 0.05558966 - samples/sec: 131.30 - lr: 0.050000
2022-05-13 14:39:28,388 epoch 16 - iter 40/107 - loss 0.05836282 - samples/sec: 121.30 - lr: 0.050000
2022-05-13 14:39:31,031 epoch 16 - iter 50/107 - loss 0.05877190 - samples/sec: 121.11 - lr: 0.050000
2022-05-13 14:39:33,513 epoch 16 - iter 60/107 - loss 0.05972028 - samples/sec: 128.99 - lr: 0.050000
2022-05-13 14:39:36,310 epoch 16 - iter 70/107 - loss 0.06009727 - samples/sec: 114.46 - lr: 0.050000
2022-05-13 14:39:39,085 epoch 16 - iter 80/107 - loss 0.06029518 - samples/sec: 115.35 - lr: 0.050000
2022-05-13 14:39:41,736 epoch 16 - iter 90/107 - loss 0.06001339 - samples/sec: 120.76 - lr: 0.050000
2022-05-13 14:39:44,635 epoch 16 - iter 100/107 - loss 0.06105006 - samples/sec: 110.43 - lr: 0.050000
2022-05-13 14:39:46,195 ----------------------------------------------------------------------------------------------------
2022-05-13 14:39:46,195 EPOCH 16 done: loss 0.0609 - lr 0.050000
2022-05-13 14:39:54,467 Evaluating as a multi-label problem: False
2022-05-13 14:39:54,479 DEV : loss 0.22065016627311707 - f1-score (micro avg)  0.4502
2022-05-13 14:39:54,549 BAD EPOCHS (no improvement): 2
2022-05-13 14:39:54,551 ----------------------------------------------------------------------------------------------------
2022-05-13 14:39:57,295 epoch 17 - iter 10/107 - loss 0.06473591 - samples/sec: 116.69 - lr: 0.050000
2022-05-13 14:40:00,115 epoch 17 - iter 20/107 - loss 0.05902493 - samples/sec: 113.51 - lr: 0.050000
2022-05-13 14:40:03,115 epoch 17 - iter 30/107 - loss 0.05742401 - samples/sec: 106.71 - lr: 0.050000
2022-05-13 14:40:05,825 epoch 17 - iter 40/107 - loss 0.05617047 - samples/sec: 118.12 - lr: 0.050000
2022-05-13 14:40:08,750 epoch 17 - iter 50/107 - loss 0.05656342 - samples/sec: 109.40 - lr: 0.050000
2022-05-13 14:40:11,378 epoch 17 - iter 60/107 - loss 0.05713328 - samples/sec: 121.85 - lr: 0.050000
2022-05-13 14:40:13,970 epoch 17 - iter 70/107 - loss 0.05773176 - samples/sec: 123.48 - lr: 0.050000
2022-05-13 14:40:16,400 epoch 17 - iter 80/107 - loss 0.05779179 - samples/sec: 131.73 - lr: 0.050000
2022-05-13 14:40:19,025 epoch 17 - iter 90/107 - loss 0.05846468 - samples/sec: 121.95 - lr: 0.050000
2022-05-13 14:40:21,420 epoch 17 - iter 100/107 - loss 0.05867741 - samples/sec: 133.67 - lr: 0.050000
2022-05-13 14:40:23,039 ----------------------------------------------------------------------------------------------------
2022-05-13 14:40:23,039 EPOCH 17 done: loss 0.0593 - lr 0.050000
2022-05-13 14:40:32,976 Evaluating as a multi-label problem: False
2022-05-13 14:40:32,987 DEV : loss 0.19155624508857727 - f1-score (micro avg)  0.5233
2022-05-13 14:40:33,057 BAD EPOCHS (no improvement): 0
2022-05-13 14:40:33,059 saving best model
2022-05-13 14:40:46,675 ----------------------------------------------------------------------------------------------------
2022-05-13 14:40:49,625 epoch 18 - iter 10/107 - loss 0.04743776 - samples/sec: 108.50 - lr: 0.050000
2022-05-13 14:40:52,469 epoch 18 - iter 20/107 - loss 0.05070987 - samples/sec: 112.57 - lr: 0.050000
2022-05-13 14:40:55,231 epoch 18 - iter 30/107 - loss 0.05319173 - samples/sec: 115.91 - lr: 0.050000
2022-05-13 14:40:58,056 epoch 18 - iter 40/107 - loss 0.05322112 - samples/sec: 113.31 - lr: 0.050000
2022-05-13 14:41:00,584 epoch 18 - iter 50/107 - loss 0.05600407 - samples/sec: 126.62 - lr: 0.050000
2022-05-13 14:41:03,023 epoch 18 - iter 60/107 - loss 0.05589706 - samples/sec: 131.29 - lr: 0.050000
2022-05-13 14:41:05,680 epoch 18 - iter 70/107 - loss 0.05536078 - samples/sec: 120.48 - lr: 0.050000
2022-05-13 14:41:08,175 epoch 18 - iter 80/107 - loss 0.05428588 - samples/sec: 128.29 - lr: 0.050000
2022-05-13 14:41:10,659 epoch 18 - iter 90/107 - loss 0.05444068 - samples/sec: 128.89 - lr: 0.050000
2022-05-13 14:41:13,374 epoch 18 - iter 100/107 - loss 0.05532017 - samples/sec: 117.92 - lr: 0.050000
2022-05-13 14:41:15,194 ----------------------------------------------------------------------------------------------------
2022-05-13 14:41:15,194 EPOCH 18 done: loss 0.0553 - lr 0.050000
2022-05-13 14:41:23,876 Evaluating as a multi-label problem: False
2022-05-13 14:41:23,887 DEV : loss 0.21227014064788818 - f1-score (micro avg)  0.4976
2022-05-13 14:41:23,956 BAD EPOCHS (no improvement): 1
2022-05-13 14:41:24,006 ----------------------------------------------------------------------------------------------------
2022-05-13 14:41:26,541 epoch 19 - iter 10/107 - loss 0.05235384 - samples/sec: 126.27 - lr: 0.050000
2022-05-13 14:41:29,318 epoch 19 - iter 20/107 - loss 0.05526755 - samples/sec: 115.27 - lr: 0.050000
2022-05-13 14:41:32,286 epoch 19 - iter 30/107 - loss 0.05440639 - samples/sec: 107.84 - lr: 0.050000
2022-05-13 14:41:35,144 epoch 19 - iter 40/107 - loss 0.05318396 - samples/sec: 112.04 - lr: 0.050000
2022-05-13 14:41:38,011 epoch 19 - iter 50/107 - loss 0.05290951 - samples/sec: 111.63 - lr: 0.050000
2022-05-13 14:41:40,708 epoch 19 - iter 60/107 - loss 0.05305146 - samples/sec: 118.70 - lr: 0.050000
2022-05-13 14:41:43,600 epoch 19 - iter 70/107 - loss 0.05339561 - samples/sec: 110.70 - lr: 0.050000
2022-05-13 14:41:46,274 epoch 19 - iter 80/107 - loss 0.05304714 - samples/sec: 119.71 - lr: 0.050000
2022-05-13 14:41:48,911 epoch 19 - iter 90/107 - loss 0.05444545 - samples/sec: 121.39 - lr: 0.050000
2022-05-13 14:41:51,576 epoch 19 - iter 100/107 - loss 0.05315704 - samples/sec: 120.11 - lr: 0.050000
2022-05-13 14:41:53,137 ----------------------------------------------------------------------------------------------------
2022-05-13 14:41:53,137 EPOCH 19 done: loss 0.0533 - lr 0.050000
2022-05-13 14:42:00,576 Evaluating as a multi-label problem: False
2022-05-13 14:42:00,587 DEV : loss 0.2105477899312973 - f1-score (micro avg)  0.5012
2022-05-13 14:42:00,658 BAD EPOCHS (no improvement): 2
2022-05-13 14:42:00,660 ----------------------------------------------------------------------------------------------------
2022-05-13 14:42:03,287 epoch 20 - iter 10/107 - loss 0.06047508 - samples/sec: 121.88 - lr: 0.050000
2022-05-13 14:42:06,169 epoch 20 - iter 20/107 - loss 0.05335879 - samples/sec: 111.07 - lr: 0.050000
2022-05-13 14:42:08,832 epoch 20 - iter 30/107 - loss 0.05264157 - samples/sec: 120.21 - lr: 0.050000
2022-05-13 14:42:11,468 epoch 20 - iter 40/107 - loss 0.05382556 - samples/sec: 121.45 - lr: 0.050000
2022-05-13 14:42:14,088 epoch 20 - iter 50/107 - loss 0.05347048 - samples/sec: 122.18 - lr: 0.050000
2022-05-13 14:42:16,867 epoch 20 - iter 60/107 - loss 0.05702746 - samples/sec: 115.19 - lr: 0.050000
2022-05-13 14:42:19,799 epoch 20 - iter 70/107 - loss 0.05568627 - samples/sec: 109.18 - lr: 0.050000
2022-05-13 14:42:22,511 epoch 20 - iter 80/107 - loss 0.05506737 - samples/sec: 118.02 - lr: 0.050000
2022-05-13 14:42:25,233 epoch 20 - iter 90/107 - loss 0.05406210 - samples/sec: 117.62 - lr: 0.050000
2022-05-13 14:42:27,965 epoch 20 - iter 100/107 - loss 0.05278701 - samples/sec: 117.18 - lr: 0.050000
2022-05-13 14:42:29,739 ----------------------------------------------------------------------------------------------------
2022-05-13 14:42:29,739 EPOCH 20 done: loss 0.0520 - lr 0.050000
2022-05-13 14:42:38,205 Evaluating as a multi-label problem: False
2022-05-13 14:42:38,216 DEV : loss 0.20015104115009308 - f1-score (micro avg)  0.5151
2022-05-13 14:42:38,289 BAD EPOCHS (no improvement): 3
2022-05-13 14:42:38,291 ----------------------------------------------------------------------------------------------------
2022-05-13 14:42:41,080 epoch 21 - iter 10/107 - loss 0.04598712 - samples/sec: 114.79 - lr: 0.050000
2022-05-13 14:42:43,704 epoch 21 - iter 20/107 - loss 0.04495796 - samples/sec: 122.03 - lr: 0.050000
2022-05-13 14:42:46,202 epoch 21 - iter 30/107 - loss 0.04485419 - samples/sec: 128.17 - lr: 0.050000
2022-05-13 14:42:48,880 epoch 21 - iter 40/107 - loss 0.04668146 - samples/sec: 119.53 - lr: 0.050000
2022-05-13 14:42:51,290 epoch 21 - iter 50/107 - loss 0.04798626 - samples/sec: 132.82 - lr: 0.050000
2022-05-13 14:42:53,750 epoch 21 - iter 60/107 - loss 0.04663900 - samples/sec: 130.13 - lr: 0.050000
2022-05-13 14:42:56,505 epoch 21 - iter 70/107 - loss 0.04953740 - samples/sec: 116.21 - lr: 0.050000
2022-05-13 14:42:59,428 epoch 21 - iter 80/107 - loss 0.04961243 - samples/sec: 109.50 - lr: 0.050000
2022-05-13 14:43:02,122 epoch 21 - iter 90/107 - loss 0.04963635 - samples/sec: 118.84 - lr: 0.050000
2022-05-13 14:43:04,956 epoch 21 - iter 100/107 - loss 0.05019821 - samples/sec: 112.94 - lr: 0.050000
2022-05-13 14:43:06,717 ----------------------------------------------------------------------------------------------------
2022-05-13 14:43:06,717 EPOCH 21 done: loss 0.0502 - lr 0.050000
2022-05-13 14:43:15,262 Evaluating as a multi-label problem: False
2022-05-13 14:43:15,273 DEV : loss 0.2018943428993225 - f1-score (micro avg)  0.5172
2022-05-13 14:43:15,343 Epoch    21: reducing learning rate of group 0 to 2.5000e-02.
2022-05-13 14:43:15,343 BAD EPOCHS (no improvement): 4
2022-05-13 14:43:15,345 ----------------------------------------------------------------------------------------------------
2022-05-13 14:43:18,129 epoch 22 - iter 10/107 - loss 0.04711483 - samples/sec: 115.02 - lr: 0.025000
2022-05-13 14:43:20,965 epoch 22 - iter 20/107 - loss 0.04877171 - samples/sec: 112.86 - lr: 0.025000
2022-05-13 14:43:23,885 epoch 22 - iter 30/107 - loss 0.05187676 - samples/sec: 109.65 - lr: 0.025000
2022-05-13 14:43:26,740 epoch 22 - iter 40/107 - loss 0.05183935 - samples/sec: 112.11 - lr: 0.025000
2022-05-13 14:43:29,512 epoch 22 - iter 50/107 - loss 0.04871437 - samples/sec: 115.48 - lr: 0.025000
2022-05-13 14:43:32,452 epoch 22 - iter 60/107 - loss 0.04749243 - samples/sec: 108.88 - lr: 0.025000
2022-05-13 14:43:35,063 epoch 22 - iter 70/107 - loss 0.04626824 - samples/sec: 122.62 - lr: 0.025000
2022-05-13 14:43:37,550 epoch 22 - iter 80/107 - loss 0.04545363 - samples/sec: 128.74 - lr: 0.025000
2022-05-13 14:43:40,124 epoch 22 - iter 90/107 - loss 0.04538856 - samples/sec: 124.36 - lr: 0.025000
2022-05-13 14:43:42,487 epoch 22 - iter 100/107 - loss 0.04708428 - samples/sec: 135.48 - lr: 0.025000
2022-05-13 14:43:44,043 ----------------------------------------------------------------------------------------------------
2022-05-13 14:43:44,043 EPOCH 22 done: loss 0.0476 - lr 0.025000
2022-05-13 14:43:52,444 Evaluating as a multi-label problem: False
2022-05-13 14:43:52,455 DEV : loss 0.21859917044639587 - f1-score (micro avg)  0.4996
2022-05-13 14:43:52,528 BAD EPOCHS (no improvement): 1
2022-05-13 14:43:52,530 ----------------------------------------------------------------------------------------------------
2022-05-13 14:43:55,602 epoch 23 - iter 10/107 - loss 0.04041561 - samples/sec: 104.18 - lr: 0.025000
2022-05-13 14:43:58,738 epoch 23 - iter 20/107 - loss 0.04218842 - samples/sec: 102.09 - lr: 0.025000
2022-05-13 14:44:01,776 epoch 23 - iter 30/107 - loss 0.04000823 - samples/sec: 105.35 - lr: 0.025000
2022-05-13 14:44:04,820 epoch 23 - iter 40/107 - loss 0.04202129 - samples/sec: 105.16 - lr: 0.025000
2022-05-13 14:44:07,959 epoch 23 - iter 50/107 - loss 0.04194377 - samples/sec: 101.99 - lr: 0.025000
2022-05-13 14:44:10,953 epoch 23 - iter 60/107 - loss 0.04238871 - samples/sec: 106.93 - lr: 0.025000
2022-05-13 14:44:13,747 epoch 23 - iter 70/107 - loss 0.04434027 - samples/sec: 114.60 - lr: 0.025000
2022-05-13 14:44:16,463 epoch 23 - iter 80/107 - loss 0.04393627 - samples/sec: 117.84 - lr: 0.025000
2022-05-13 14:44:19,171 epoch 23 - iter 90/107 - loss 0.04423635 - samples/sec: 118.24 - lr: 0.025000
2022-05-13 14:44:22,102 epoch 23 - iter 100/107 - loss 0.04415519 - samples/sec: 109.21 - lr: 0.025000
2022-05-13 14:44:23,817 ----------------------------------------------------------------------------------------------------
2022-05-13 14:44:23,818 EPOCH 23 done: loss 0.0450 - lr 0.025000
2022-05-13 14:44:31,755 Evaluating as a multi-label problem: False
2022-05-13 14:44:31,766 DEV : loss 0.2064935564994812 - f1-score (micro avg)  0.5058
2022-05-13 14:44:31,836 BAD EPOCHS (no improvement): 2
2022-05-13 14:44:31,839 ----------------------------------------------------------------------------------------------------
2022-05-13 14:44:34,335 epoch 24 - iter 10/107 - loss 0.03885054 - samples/sec: 128.23 - lr: 0.025000
2022-05-13 14:44:38,766 epoch 24 - iter 20/107 - loss 0.04161351 - samples/sec: 72.24 - lr: 0.025000
2022-05-13 14:44:41,426 epoch 24 - iter 30/107 - loss 0.04111426 - samples/sec: 120.35 - lr: 0.025000
2022-05-13 14:44:44,167 epoch 24 - iter 40/107 - loss 0.04257810 - samples/sec: 116.78 - lr: 0.025000
2022-05-13 14:44:46,819 epoch 24 - iter 50/107 - loss 0.04301575 - samples/sec: 120.68 - lr: 0.025000
2022-05-13 14:44:49,400 epoch 24 - iter 60/107 - loss 0.04192017 - samples/sec: 124.07 - lr: 0.025000
2022-05-13 14:44:52,118 epoch 24 - iter 70/107 - loss 0.04326480 - samples/sec: 117.76 - lr: 0.025000
2022-05-13 14:44:54,947 epoch 24 - iter 80/107 - loss 0.04313433 - samples/sec: 113.17 - lr: 0.025000
2022-05-13 14:44:57,548 epoch 24 - iter 90/107 - loss 0.04437619 - samples/sec: 123.06 - lr: 0.025000
2022-05-13 14:45:00,483 epoch 24 - iter 100/107 - loss 0.04431608 - samples/sec: 109.08 - lr: 0.025000
2022-05-13 14:45:02,191 ----------------------------------------------------------------------------------------------------
2022-05-13 14:45:02,191 EPOCH 24 done: loss 0.0446 - lr 0.025000
2022-05-13 14:45:10,748 Evaluating as a multi-label problem: False
2022-05-13 14:45:10,759 DEV : loss 0.2102922648191452 - f1-score (micro avg)  0.5135
2022-05-13 14:45:10,829 BAD EPOCHS (no improvement): 3
2022-05-13 14:45:10,831 ----------------------------------------------------------------------------------------------------
2022-05-13 14:45:13,595 epoch 25 - iter 10/107 - loss 0.05063157 - samples/sec: 115.81 - lr: 0.025000
2022-05-13 14:45:16,169 epoch 25 - iter 20/107 - loss 0.04818360 - samples/sec: 124.40 - lr: 0.025000
2022-05-13 14:45:18,710 epoch 25 - iter 30/107 - loss 0.04466703 - samples/sec: 125.98 - lr: 0.025000
2022-05-13 14:45:21,202 epoch 25 - iter 40/107 - loss 0.04412797 - samples/sec: 128.46 - lr: 0.025000
2022-05-13 14:45:23,694 epoch 25 - iter 50/107 - loss 0.04485481 - samples/sec: 128.42 - lr: 0.025000
2022-05-13 14:45:26,321 epoch 25 - iter 60/107 - loss 0.04411101 - samples/sec: 121.88 - lr: 0.025000
2022-05-13 14:45:28,756 epoch 25 - iter 70/107 - loss 0.04431550 - samples/sec: 131.49 - lr: 0.025000
2022-05-13 14:45:31,554 epoch 25 - iter 80/107 - loss 0.04386141 - samples/sec: 114.38 - lr: 0.025000
2022-05-13 14:45:34,258 epoch 25 - iter 90/107 - loss 0.04383753 - samples/sec: 118.37 - lr: 0.025000
2022-05-13 14:45:36,916 epoch 25 - iter 100/107 - loss 0.04440741 - samples/sec: 120.45 - lr: 0.025000
2022-05-13 14:45:38,816 ----------------------------------------------------------------------------------------------------
2022-05-13 14:45:38,816 EPOCH 25 done: loss 0.0444 - lr 0.025000
2022-05-13 14:45:45,705 Evaluating as a multi-label problem: False
2022-05-13 14:45:45,716 DEV : loss 0.2122916579246521 - f1-score (micro avg)  0.5116
2022-05-13 14:45:45,786 Epoch    25: reducing learning rate of group 0 to 1.2500e-02.
2022-05-13 14:45:45,786 BAD EPOCHS (no improvement): 4
2022-05-13 14:45:45,788 ----------------------------------------------------------------------------------------------------
2022-05-13 14:45:48,517 epoch 26 - iter 10/107 - loss 0.03141902 - samples/sec: 117.31 - lr: 0.012500
2022-05-13 14:45:51,275 epoch 26 - iter 20/107 - loss 0.03592272 - samples/sec: 116.06 - lr: 0.012500
2022-05-13 14:45:54,245 epoch 26 - iter 30/107 - loss 0.03473575 - samples/sec: 107.82 - lr: 0.012500
2022-05-13 14:45:56,979 epoch 26 - iter 40/107 - loss 0.03679279 - samples/sec: 117.08 - lr: 0.012500
2022-05-13 14:45:59,804 epoch 26 - iter 50/107 - loss 0.03869448 - samples/sec: 113.30 - lr: 0.012500
2022-05-13 14:46:02,539 epoch 26 - iter 60/107 - loss 0.03818524 - samples/sec: 117.03 - lr: 0.012500
2022-05-13 14:46:05,243 epoch 26 - iter 70/107 - loss 0.03742768 - samples/sec: 118.39 - lr: 0.012500
2022-05-13 14:46:08,091 epoch 26 - iter 80/107 - loss 0.03750497 - samples/sec: 112.43 - lr: 0.012500
2022-05-13 14:46:10,829 epoch 26 - iter 90/107 - loss 0.03773915 - samples/sec: 116.87 - lr: 0.012500
2022-05-13 14:46:13,664 epoch 26 - iter 100/107 - loss 0.03832018 - samples/sec: 112.93 - lr: 0.012500
2022-05-13 14:46:15,100 ----------------------------------------------------------------------------------------------------
2022-05-13 14:46:15,100 EPOCH 26 done: loss 0.0389 - lr 0.012500
2022-05-13 14:46:22,677 Evaluating as a multi-label problem: False
2022-05-13 14:46:22,688 DEV : loss 0.21551132202148438 - f1-score (micro avg)  0.5043
2022-05-13 14:46:22,759 BAD EPOCHS (no improvement): 1
2022-05-13 14:46:22,761 ----------------------------------------------------------------------------------------------------
2022-05-13 14:46:25,191 epoch 27 - iter 10/107 - loss 0.04139272 - samples/sec: 131.75 - lr: 0.012500
2022-05-13 14:46:27,928 epoch 27 - iter 20/107 - loss 0.04565979 - samples/sec: 117.00 - lr: 0.012500
2022-05-13 14:46:30,794 epoch 27 - iter 30/107 - loss 0.04556361 - samples/sec: 111.69 - lr: 0.012500
2022-05-13 14:46:33,507 epoch 27 - iter 40/107 - loss 0.04493764 - samples/sec: 117.99 - lr: 0.012500
2022-05-13 14:46:36,323 epoch 27 - iter 50/107 - loss 0.04514985 - samples/sec: 113.69 - lr: 0.012500
2022-05-13 14:46:39,133 epoch 27 - iter 60/107 - loss 0.04421126 - samples/sec: 113.91 - lr: 0.012500
2022-05-13 14:46:41,829 epoch 27 - iter 70/107 - loss 0.04297670 - samples/sec: 118.74 - lr: 0.012500
2022-05-13 14:46:44,526 epoch 27 - iter 80/107 - loss 0.04217346 - samples/sec: 118.69 - lr: 0.012500
2022-05-13 14:46:47,340 epoch 27 - iter 90/107 - loss 0.04178421 - samples/sec: 113.74 - lr: 0.012500
2022-05-13 14:46:50,165 epoch 27 - iter 100/107 - loss 0.04096137 - samples/sec: 113.34 - lr: 0.012500
2022-05-13 14:46:52,004 ----------------------------------------------------------------------------------------------------
2022-05-13 14:46:52,004 EPOCH 27 done: loss 0.0406 - lr 0.012500
2022-05-13 14:47:00,449 Evaluating as a multi-label problem: False
2022-05-13 14:47:00,460 DEV : loss 0.22292181849479675 - f1-score (micro avg)  0.5031
2022-05-13 14:47:00,530 BAD EPOCHS (no improvement): 2
2022-05-13 14:47:00,532 ----------------------------------------------------------------------------------------------------
2022-05-13 14:47:03,346 epoch 28 - iter 10/107 - loss 0.03852213 - samples/sec: 113.77 - lr: 0.012500
2022-05-13 14:47:05,963 epoch 28 - iter 20/107 - loss 0.04045002 - samples/sec: 122.29 - lr: 0.012500
2022-05-13 14:47:08,464 epoch 28 - iter 30/107 - loss 0.04171289 - samples/sec: 128.02 - lr: 0.012500
2022-05-13 14:47:10,879 epoch 28 - iter 40/107 - loss 0.04027956 - samples/sec: 132.55 - lr: 0.012500
2022-05-13 14:47:13,543 epoch 28 - iter 50/107 - loss 0.03949655 - samples/sec: 120.15 - lr: 0.012500
2022-05-13 14:47:16,243 epoch 28 - iter 60/107 - loss 0.04016312 - samples/sec: 118.59 - lr: 0.012500
2022-05-13 14:47:18,871 epoch 28 - iter 70/107 - loss 0.03936763 - samples/sec: 121.83 - lr: 0.012500
2022-05-13 14:47:21,698 epoch 28 - iter 80/107 - loss 0.03844068 - samples/sec: 113.22 - lr: 0.012500
2022-05-13 14:47:24,379 epoch 28 - iter 90/107 - loss 0.03820764 - samples/sec: 119.44 - lr: 0.012500
2022-05-13 14:47:27,198 epoch 28 - iter 100/107 - loss 0.03859139 - samples/sec: 113.55 - lr: 0.012500
2022-05-13 14:47:29,016 ----------------------------------------------------------------------------------------------------
2022-05-13 14:47:29,016 EPOCH 28 done: loss 0.0385 - lr 0.012500
2022-05-13 14:47:37,622 Evaluating as a multi-label problem: False
2022-05-13 14:47:37,633 DEV : loss 0.22726227343082428 - f1-score (micro avg)  0.4795
2022-05-13 14:47:37,706 BAD EPOCHS (no improvement): 3
2022-05-13 14:47:37,709 ----------------------------------------------------------------------------------------------------
2022-05-13 14:47:40,534 epoch 29 - iter 10/107 - loss 0.04150706 - samples/sec: 113.31 - lr: 0.012500
2022-05-13 14:47:43,370 epoch 29 - iter 20/107 - loss 0.04169971 - samples/sec: 112.87 - lr: 0.012500
2022-05-13 14:47:46,200 epoch 29 - iter 30/107 - loss 0.04261729 - samples/sec: 113.09 - lr: 0.012500
2022-05-13 14:47:48,969 epoch 29 - iter 40/107 - loss 0.04335709 - samples/sec: 115.61 - lr: 0.012500
2022-05-13 14:47:51,692 epoch 29 - iter 50/107 - loss 0.04208406 - samples/sec: 117.57 - lr: 0.012500
2022-05-13 14:47:54,403 epoch 29 - iter 60/107 - loss 0.04155037 - samples/sec: 118.09 - lr: 0.012500
2022-05-13 14:47:57,261 epoch 29 - iter 70/107 - loss 0.04102943 - samples/sec: 112.01 - lr: 0.012500
2022-05-13 14:47:59,768 epoch 29 - iter 80/107 - loss 0.04072949 - samples/sec: 127.70 - lr: 0.012500
2022-05-13 14:48:02,294 epoch 29 - iter 90/107 - loss 0.04026239 - samples/sec: 126.72 - lr: 0.012500
2022-05-13 14:48:04,826 epoch 29 - iter 100/107 - loss 0.04028140 - samples/sec: 126.48 - lr: 0.012500
2022-05-13 14:48:06,411 ----------------------------------------------------------------------------------------------------
2022-05-13 14:48:06,411 EPOCH 29 done: loss 0.0398 - lr 0.012500
2022-05-13 14:48:14,652 Evaluating as a multi-label problem: False
2022-05-13 14:48:14,663 DEV : loss 0.22119925916194916 - f1-score (micro avg)  0.4996
2022-05-13 14:48:14,734 Epoch    29: reducing learning rate of group 0 to 6.2500e-03.
2022-05-13 14:48:14,734 BAD EPOCHS (no improvement): 4
2022-05-13 14:48:14,737 ----------------------------------------------------------------------------------------------------
2022-05-13 14:48:17,490 epoch 30 - iter 10/107 - loss 0.03734168 - samples/sec: 116.28 - lr: 0.006250
2022-05-13 14:48:20,305 epoch 30 - iter 20/107 - loss 0.03736882 - samples/sec: 113.71 - lr: 0.006250
2022-05-13 14:48:23,064 epoch 30 - iter 30/107 - loss 0.03701797 - samples/sec: 116.04 - lr: 0.006250
2022-05-13 14:48:25,880 epoch 30 - iter 40/107 - loss 0.03838252 - samples/sec: 113.67 - lr: 0.006250
2022-05-13 14:48:28,587 epoch 30 - iter 50/107 - loss 0.03818399 - samples/sec: 118.25 - lr: 0.006250
2022-05-13 14:48:31,253 epoch 30 - iter 60/107 - loss 0.03687147 - samples/sec: 120.11 - lr: 0.006250
2022-05-13 14:48:34,001 epoch 30 - iter 70/107 - loss 0.03749208 - samples/sec: 116.47 - lr: 0.006250
2022-05-13 14:48:36,834 epoch 30 - iter 80/107 - loss 0.03755646 - samples/sec: 112.98 - lr: 0.006250
2022-05-13 14:48:39,614 epoch 30 - iter 90/107 - loss 0.03720014 - samples/sec: 115.16 - lr: 0.006250
2022-05-13 14:48:42,426 epoch 30 - iter 100/107 - loss 0.03777866 - samples/sec: 113.82 - lr: 0.006250
2022-05-13 14:48:44,123 ----------------------------------------------------------------------------------------------------
2022-05-13 14:48:44,123 EPOCH 30 done: loss 0.0375 - lr 0.006250
2022-05-13 14:48:53,835 Evaluating as a multi-label problem: False
2022-05-13 14:48:53,846 DEV : loss 0.2228221595287323 - f1-score (micro avg)  0.5012
2022-05-13 14:48:53,917 BAD EPOCHS (no improvement): 1
2022-05-13 14:48:53,919 ----------------------------------------------------------------------------------------------------
2022-05-13 14:48:56,352 epoch 31 - iter 10/107 - loss 0.02795871 - samples/sec: 131.55 - lr: 0.006250
2022-05-13 14:48:58,981 epoch 31 - iter 20/107 - loss 0.03068026 - samples/sec: 121.80 - lr: 0.006250
2022-05-13 14:49:01,685 epoch 31 - iter 30/107 - loss 0.03605003 - samples/sec: 118.37 - lr: 0.006250
2022-05-13 14:49:04,487 epoch 31 - iter 40/107 - loss 0.03656908 - samples/sec: 114.24 - lr: 0.006250
2022-05-13 14:49:07,293 epoch 31 - iter 50/107 - loss 0.03646632 - samples/sec: 114.09 - lr: 0.006250
2022-05-13 14:49:10,131 epoch 31 - iter 60/107 - loss 0.03678304 - samples/sec: 112.78 - lr: 0.006250
2022-05-13 14:49:12,810 epoch 31 - iter 70/107 - loss 0.03740918 - samples/sec: 119.49 - lr: 0.006250
2022-05-13 14:49:15,531 epoch 31 - iter 80/107 - loss 0.03753374 - samples/sec: 117.64 - lr: 0.006250
2022-05-13 14:49:18,370 epoch 31 - iter 90/107 - loss 0.03731306 - samples/sec: 112.75 - lr: 0.006250
2022-05-13 14:49:21,221 epoch 31 - iter 100/107 - loss 0.03715890 - samples/sec: 112.29 - lr: 0.006250
2022-05-13 14:49:22,835 ----------------------------------------------------------------------------------------------------
2022-05-13 14:49:22,835 EPOCH 31 done: loss 0.0371 - lr 0.006250
2022-05-13 14:49:31,195 Evaluating as a multi-label problem: False
2022-05-13 14:49:31,207 DEV : loss 0.2205958217382431 - f1-score (micro avg)  0.5043
2022-05-13 14:49:31,279 BAD EPOCHS (no improvement): 2
2022-05-13 14:49:31,281 ----------------------------------------------------------------------------------------------------
2022-05-13 14:49:34,093 epoch 32 - iter 10/107 - loss 0.04551528 - samples/sec: 113.84 - lr: 0.006250
2022-05-13 14:49:36,881 epoch 32 - iter 20/107 - loss 0.04354272 - samples/sec: 114.84 - lr: 0.006250
2022-05-13 14:49:39,693 epoch 32 - iter 30/107 - loss 0.04081891 - samples/sec: 113.85 - lr: 0.006250
2022-05-13 14:49:42,326 epoch 32 - iter 40/107 - loss 0.03846900 - samples/sec: 121.55 - lr: 0.006250
2022-05-13 14:49:44,930 epoch 32 - iter 50/107 - loss 0.03863342 - samples/sec: 122.97 - lr: 0.006250
2022-05-13 14:49:47,458 epoch 32 - iter 60/107 - loss 0.03848022 - samples/sec: 126.61 - lr: 0.006250
2022-05-13 14:49:49,919 epoch 32 - iter 70/107 - loss 0.03930821 - samples/sec: 130.07 - lr: 0.006250
2022-05-13 14:49:52,413 epoch 32 - iter 80/107 - loss 0.03906899 - samples/sec: 128.37 - lr: 0.006250
2022-05-13 14:49:55,175 epoch 32 - iter 90/107 - loss 0.03966254 - samples/sec: 115.91 - lr: 0.006250
2022-05-13 14:49:57,954 epoch 32 - iter 100/107 - loss 0.03934311 - samples/sec: 115.18 - lr: 0.006250
2022-05-13 14:49:59,754 ----------------------------------------------------------------------------------------------------
2022-05-13 14:49:59,754 EPOCH 32 done: loss 0.0391 - lr 0.006250
2022-05-13 14:50:08,270 Evaluating as a multi-label problem: False
2022-05-13 14:50:08,281 DEV : loss 0.22744126617908478 - f1-score (micro avg)  0.496
2022-05-13 14:50:08,351 BAD EPOCHS (no improvement): 3
2022-05-13 14:50:08,353 ----------------------------------------------------------------------------------------------------
2022-05-13 14:50:11,021 epoch 33 - iter 10/107 - loss 0.03865012 - samples/sec: 119.99 - lr: 0.006250
2022-05-13 14:50:13,745 epoch 33 - iter 20/107 - loss 0.04134819 - samples/sec: 117.56 - lr: 0.006250
2022-05-13 14:50:16,590 epoch 33 - iter 30/107 - loss 0.03894474 - samples/sec: 112.51 - lr: 0.006250
2022-05-13 14:50:19,286 epoch 33 - iter 40/107 - loss 0.03737432 - samples/sec: 118.76 - lr: 0.006250
2022-05-13 14:50:22,079 epoch 33 - iter 50/107 - loss 0.03833217 - samples/sec: 114.58 - lr: 0.006250
2022-05-13 14:50:24,799 epoch 33 - iter 60/107 - loss 0.03780571 - samples/sec: 117.70 - lr: 0.006250
2022-05-13 14:50:27,532 epoch 33 - iter 70/107 - loss 0.03640420 - samples/sec: 117.13 - lr: 0.006250
2022-05-13 14:50:30,287 epoch 33 - iter 80/107 - loss 0.03546961 - samples/sec: 116.22 - lr: 0.006250
2022-05-13 14:50:32,822 epoch 33 - iter 90/107 - loss 0.03496640 - samples/sec: 126.25 - lr: 0.006250
2022-05-13 14:50:35,280 epoch 33 - iter 100/107 - loss 0.03566526 - samples/sec: 130.27 - lr: 0.006250
2022-05-13 14:50:36,812 ----------------------------------------------------------------------------------------------------
2022-05-13 14:50:36,813 EPOCH 33 done: loss 0.0354 - lr 0.006250
2022-05-13 14:50:44,568 Evaluating as a multi-label problem: False
2022-05-13 14:50:44,580 DEV : loss 0.2245204895734787 - f1-score (micro avg)  0.4988
2022-05-13 14:50:44,651 Epoch    33: reducing learning rate of group 0 to 3.1250e-03.
2022-05-13 14:50:44,651 BAD EPOCHS (no improvement): 4
2022-05-13 14:50:44,653 ----------------------------------------------------------------------------------------------------
2022-05-13 14:50:47,453 epoch 34 - iter 10/107 - loss 0.03779517 - samples/sec: 114.33 - lr: 0.003125
2022-05-13 14:50:50,190 epoch 34 - iter 20/107 - loss 0.03653865 - samples/sec: 116.99 - lr: 0.003125
2022-05-13 14:50:52,905 epoch 34 - iter 30/107 - loss 0.03683265 - samples/sec: 117.87 - lr: 0.003125
2022-05-13 14:50:55,741 epoch 34 - iter 40/107 - loss 0.03743686 - samples/sec: 112.88 - lr: 0.003125
2022-05-13 14:50:58,497 epoch 34 - iter 50/107 - loss 0.03776495 - samples/sec: 116.17 - lr: 0.003125
2022-05-13 14:51:01,261 epoch 34 - iter 60/107 - loss 0.03651708 - samples/sec: 115.78 - lr: 0.003125
2022-05-13 14:51:04,051 epoch 34 - iter 70/107 - loss 0.03718501 - samples/sec: 114.77 - lr: 0.003125
2022-05-13 14:51:06,907 epoch 34 - iter 80/107 - loss 0.03677208 - samples/sec: 112.08 - lr: 0.003125
2022-05-13 14:51:09,651 epoch 34 - iter 90/107 - loss 0.03698041 - samples/sec: 116.68 - lr: 0.003125
2022-05-13 14:51:12,413 epoch 34 - iter 100/107 - loss 0.03685554 - samples/sec: 115.89 - lr: 0.003125
2022-05-13 14:51:14,167 ----------------------------------------------------------------------------------------------------
2022-05-13 14:51:14,168 EPOCH 34 done: loss 0.0373 - lr 0.003125
2022-05-13 14:51:22,615 Evaluating as a multi-label problem: False
2022-05-13 14:51:22,628 DEV : loss 0.22146208584308624 - f1-score (micro avg)  0.4973
2022-05-13 14:51:22,698 BAD EPOCHS (no improvement): 1
2022-05-13 14:51:22,701 ----------------------------------------------------------------------------------------------------
2022-05-13 14:51:25,276 epoch 35 - iter 10/107 - loss 0.03299957 - samples/sec: 124.31 - lr: 0.003125
2022-05-13 14:51:27,716 epoch 35 - iter 20/107 - loss 0.03373790 - samples/sec: 131.22 - lr: 0.003125
2022-05-13 14:51:30,380 epoch 35 - iter 30/107 - loss 0.03299614 - samples/sec: 120.17 - lr: 0.003125
2022-05-13 14:51:32,780 epoch 35 - iter 40/107 - loss 0.03322892 - samples/sec: 133.40 - lr: 0.003125
2022-05-13 14:51:35,275 epoch 35 - iter 50/107 - loss 0.03393687 - samples/sec: 128.27 - lr: 0.003125
2022-05-13 14:51:37,880 epoch 35 - iter 60/107 - loss 0.03376695 - samples/sec: 122.90 - lr: 0.003125
2022-05-13 14:51:40,737 epoch 35 - iter 70/107 - loss 0.03423227 - samples/sec: 112.03 - lr: 0.003125
2022-05-13 14:51:43,625 epoch 35 - iter 80/107 - loss 0.03510694 - samples/sec: 110.85 - lr: 0.003125
2022-05-13 14:51:46,487 epoch 35 - iter 90/107 - loss 0.03472674 - samples/sec: 111.84 - lr: 0.003125
2022-05-13 14:51:49,220 epoch 35 - iter 100/107 - loss 0.03513312 - samples/sec: 117.15 - lr: 0.003125
2022-05-13 14:51:50,973 ----------------------------------------------------------------------------------------------------
2022-05-13 14:51:50,974 EPOCH 35 done: loss 0.0352 - lr 0.003125
2022-05-13 14:51:59,388 Evaluating as a multi-label problem: False
2022-05-13 14:51:59,399 DEV : loss 0.21869002282619476 - f1-score (micro avg)  0.5043
2022-05-13 14:51:59,469 BAD EPOCHS (no improvement): 2
2022-05-13 14:51:59,471 ----------------------------------------------------------------------------------------------------
2022-05-13 14:52:02,164 epoch 36 - iter 10/107 - loss 0.02227223 - samples/sec: 118.90 - lr: 0.003125
2022-05-13 14:52:05,026 epoch 36 - iter 20/107 - loss 0.03222309 - samples/sec: 111.86 - lr: 0.003125
2022-05-13 14:52:07,708 epoch 36 - iter 30/107 - loss 0.03362676 - samples/sec: 119.34 - lr: 0.003125
2022-05-13 14:52:10,372 epoch 36 - iter 40/107 - loss 0.03526666 - samples/sec: 120.19 - lr: 0.003125
2022-05-13 14:52:13,296 epoch 36 - iter 50/107 - loss 0.03374077 - samples/sec: 109.47 - lr: 0.003125
2022-05-13 14:52:15,919 epoch 36 - iter 60/107 - loss 0.03463594 - samples/sec: 122.02 - lr: 0.003125
2022-05-13 14:52:18,513 epoch 36 - iter 70/107 - loss 0.03429686 - samples/sec: 123.44 - lr: 0.003125
2022-05-13 14:52:21,014 epoch 36 - iter 80/107 - loss 0.03475935 - samples/sec: 127.99 - lr: 0.003125
2022-05-13 14:52:23,390 epoch 36 - iter 90/107 - loss 0.03563852 - samples/sec: 134.74 - lr: 0.003125
2022-05-13 14:52:26,034 epoch 36 - iter 100/107 - loss 0.03631328 - samples/sec: 121.08 - lr: 0.003125
2022-05-13 14:52:27,639 ----------------------------------------------------------------------------------------------------
2022-05-13 14:52:27,639 EPOCH 36 done: loss 0.0364 - lr 0.003125
2022-05-13 14:52:37,871 Evaluating as a multi-label problem: False
2022-05-13 14:52:37,882 DEV : loss 0.21888822317123413 - f1-score (micro avg)  0.5081
2022-05-13 14:52:37,952 BAD EPOCHS (no improvement): 3
2022-05-13 14:52:37,954 ----------------------------------------------------------------------------------------------------
2022-05-13 14:52:40,768 epoch 37 - iter 10/107 - loss 0.04166907 - samples/sec: 113.78 - lr: 0.003125
2022-05-13 14:52:43,671 epoch 37 - iter 20/107 - loss 0.04106112 - samples/sec: 110.26 - lr: 0.003125
2022-05-13 14:52:46,383 epoch 37 - iter 30/107 - loss 0.03515346 - samples/sec: 118.01 - lr: 0.003125
2022-05-13 14:52:49,168 epoch 37 - iter 40/107 - loss 0.03699144 - samples/sec: 114.96 - lr: 0.003125
2022-05-13 14:52:52,029 epoch 37 - iter 50/107 - loss 0.03720989 - samples/sec: 111.86 - lr: 0.003125
2022-05-13 14:52:54,738 epoch 37 - iter 60/107 - loss 0.03842284 - samples/sec: 118.17 - lr: 0.003125
2022-05-13 14:52:57,621 epoch 37 - iter 70/107 - loss 0.03840849 - samples/sec: 111.05 - lr: 0.003125
2022-05-13 14:53:00,465 epoch 37 - iter 80/107 - loss 0.03717436 - samples/sec: 112.56 - lr: 0.003125
2022-05-13 14:53:03,250 epoch 37 - iter 90/107 - loss 0.03598091 - samples/sec: 114.95 - lr: 0.003125
2022-05-13 14:53:06,146 epoch 37 - iter 100/107 - loss 0.03629360 - samples/sec: 110.52 - lr: 0.003125
2022-05-13 14:53:07,699 ----------------------------------------------------------------------------------------------------
2022-05-13 14:53:07,700 EPOCH 37 done: loss 0.0358 - lr 0.003125
2022-05-13 14:53:15,643 Evaluating as a multi-label problem: False
2022-05-13 14:53:15,653 DEV : loss 0.22532811760902405 - f1-score (micro avg)  0.498
2022-05-13 14:53:15,724 Epoch    37: reducing learning rate of group 0 to 1.5625e-03.
2022-05-13 14:53:15,724 BAD EPOCHS (no improvement): 4
2022-05-13 14:53:15,729 ----------------------------------------------------------------------------------------------------
2022-05-13 14:53:18,283 epoch 38 - iter 10/107 - loss 0.03977968 - samples/sec: 125.35 - lr: 0.001563
2022-05-13 14:53:21,083 epoch 38 - iter 20/107 - loss 0.03718371 - samples/sec: 114.35 - lr: 0.001563
2022-05-13 14:53:23,835 epoch 38 - iter 30/107 - loss 0.03837819 - samples/sec: 116.34 - lr: 0.001563
2022-05-13 14:53:26,611 epoch 38 - iter 40/107 - loss 0.03842994 - samples/sec: 115.32 - lr: 0.001563
2022-05-13 14:53:29,374 epoch 38 - iter 50/107 - loss 0.03693276 - samples/sec: 115.84 - lr: 0.001563
2022-05-13 14:53:32,160 epoch 38 - iter 60/107 - loss 0.03545367 - samples/sec: 114.89 - lr: 0.001563
2022-05-13 14:53:34,827 epoch 38 - iter 70/107 - loss 0.03505777 - samples/sec: 120.04 - lr: 0.001563
2022-05-13 14:53:37,564 epoch 38 - iter 80/107 - loss 0.03488829 - samples/sec: 116.97 - lr: 0.001563
2022-05-13 14:53:40,358 epoch 38 - iter 90/107 - loss 0.03563657 - samples/sec: 114.56 - lr: 0.001563
2022-05-13 14:53:43,207 epoch 38 - iter 100/107 - loss 0.03564582 - samples/sec: 112.35 - lr: 0.001563
2022-05-13 14:53:45,040 ----------------------------------------------------------------------------------------------------
2022-05-13 14:53:45,040 EPOCH 38 done: loss 0.0362 - lr 0.001563
2022-05-13 14:53:53,593 Evaluating as a multi-label problem: False
2022-05-13 14:53:53,604 DEV : loss 0.22618679702281952 - f1-score (micro avg)  0.4984
2022-05-13 14:53:53,675 BAD EPOCHS (no improvement): 1
2022-05-13 14:53:53,678 ----------------------------------------------------------------------------------------------------
2022-05-13 14:53:56,404 epoch 39 - iter 10/107 - loss 0.03654511 - samples/sec: 117.46 - lr: 0.001563
2022-05-13 14:53:59,057 epoch 39 - iter 20/107 - loss 0.03940426 - samples/sec: 120.63 - lr: 0.001563
2022-05-13 14:54:01,613 epoch 39 - iter 30/107 - loss 0.03827974 - samples/sec: 125.24 - lr: 0.001563
2022-05-13 14:54:04,246 epoch 39 - iter 40/107 - loss 0.03774030 - samples/sec: 121.61 - lr: 0.001563
2022-05-13 14:54:06,773 epoch 39 - iter 50/107 - loss 0.03709290 - samples/sec: 126.67 - lr: 0.001563
2022-05-13 14:54:09,262 epoch 39 - iter 60/107 - loss 0.03886573 - samples/sec: 128.62 - lr: 0.001563
2022-05-13 14:54:11,973 epoch 39 - iter 70/107 - loss 0.03768563 - samples/sec: 118.11 - lr: 0.001563
2022-05-13 14:54:14,862 epoch 39 - iter 80/107 - loss 0.03686337 - samples/sec: 110.81 - lr: 0.001563
2022-05-13 14:54:17,610 epoch 39 - iter 90/107 - loss 0.03698888 - samples/sec: 116.50 - lr: 0.001563
2022-05-13 14:54:20,394 epoch 39 - iter 100/107 - loss 0.03648558 - samples/sec: 114.98 - lr: 0.001563
2022-05-13 14:54:22,104 ----------------------------------------------------------------------------------------------------
2022-05-13 14:54:22,105 EPOCH 39 done: loss 0.0367 - lr 0.001563
2022-05-13 14:54:30,568 Evaluating as a multi-label problem: False
2022-05-13 14:54:30,579 DEV : loss 0.22445262968540192 - f1-score (micro avg)  0.498
2022-05-13 14:54:30,650 BAD EPOCHS (no improvement): 2
2022-05-13 14:54:30,651 ----------------------------------------------------------------------------------------------------
2022-05-13 14:54:33,393 epoch 40 - iter 10/107 - loss 0.03082941 - samples/sec: 116.79 - lr: 0.001563
2022-05-13 14:54:36,077 epoch 40 - iter 20/107 - loss 0.03322148 - samples/sec: 119.23 - lr: 0.001563
2022-05-13 14:54:38,803 epoch 40 - iter 30/107 - loss 0.03474174 - samples/sec: 117.46 - lr: 0.001563
2022-05-13 14:54:41,596 epoch 40 - iter 40/107 - loss 0.03832565 - samples/sec: 114.61 - lr: 0.001563
2022-05-13 14:54:44,405 epoch 40 - iter 50/107 - loss 0.03901436 - samples/sec: 113.97 - lr: 0.001563
2022-05-13 14:54:47,241 epoch 40 - iter 60/107 - loss 0.03944148 - samples/sec: 112.86 - lr: 0.001563
2022-05-13 14:54:50,021 epoch 40 - iter 70/107 - loss 0.03839420 - samples/sec: 115.18 - lr: 0.001563
2022-05-13 14:54:52,867 epoch 40 - iter 80/107 - loss 0.03765781 - samples/sec: 112.48 - lr: 0.001563
2022-05-13 14:54:55,394 epoch 40 - iter 90/107 - loss 0.03744756 - samples/sec: 126.66 - lr: 0.001563
2022-05-13 14:54:57,992 epoch 40 - iter 100/107 - loss 0.03771959 - samples/sec: 123.23 - lr: 0.001563
2022-05-13 14:54:59,502 ----------------------------------------------------------------------------------------------------
2022-05-13 14:54:59,502 EPOCH 40 done: loss 0.0376 - lr 0.001563
2022-05-13 14:55:07,671 Evaluating as a multi-label problem: False
2022-05-13 14:55:07,683 DEV : loss 0.22279077768325806 - f1-score (micro avg)  0.5023
2022-05-13 14:55:07,756 BAD EPOCHS (no improvement): 3
2022-05-13 14:55:07,758 ----------------------------------------------------------------------------------------------------
2022-05-13 14:55:10,668 epoch 41 - iter 10/107 - loss 0.04225106 - samples/sec: 110.02 - lr: 0.001563
2022-05-13 14:55:13,344 epoch 41 - iter 20/107 - loss 0.03861302 - samples/sec: 119.63 - lr: 0.001563
2022-05-13 14:55:16,117 epoch 41 - iter 30/107 - loss 0.03573581 - samples/sec: 115.42 - lr: 0.001563
2022-05-13 14:55:18,852 epoch 41 - iter 40/107 - loss 0.03586791 - samples/sec: 117.05 - lr: 0.001563
2022-05-13 14:55:21,726 epoch 41 - iter 50/107 - loss 0.03566338 - samples/sec: 111.39 - lr: 0.001563
2022-05-13 14:55:24,462 epoch 41 - iter 60/107 - loss 0.03545085 - samples/sec: 117.00 - lr: 0.001563
2022-05-13 14:55:27,102 epoch 41 - iter 70/107 - loss 0.03551034 - samples/sec: 121.25 - lr: 0.001563
2022-05-13 14:55:29,897 epoch 41 - iter 80/107 - loss 0.03589429 - samples/sec: 114.55 - lr: 0.001563
2022-05-13 14:55:32,751 epoch 41 - iter 90/107 - loss 0.03660363 - samples/sec: 112.16 - lr: 0.001563
2022-05-13 14:55:35,668 epoch 41 - iter 100/107 - loss 0.03688612 - samples/sec: 109.76 - lr: 0.001563
2022-05-13 14:55:37,355 ----------------------------------------------------------------------------------------------------
2022-05-13 14:55:37,355 EPOCH 41 done: loss 0.0364 - lr 0.001563
2022-05-13 14:55:45,762 Evaluating as a multi-label problem: False
2022-05-13 14:55:45,773 DEV : loss 0.22395215928554535 - f1-score (micro avg)  0.5023
2022-05-13 14:55:45,844 Epoch    41: reducing learning rate of group 0 to 7.8125e-04.
2022-05-13 14:55:45,844 BAD EPOCHS (no improvement): 4
2022-05-13 14:55:45,846 ----------------------------------------------------------------------------------------------------
2022-05-13 14:55:48,377 epoch 42 - iter 10/107 - loss 0.02943569 - samples/sec: 126.50 - lr: 0.000781
2022-05-13 14:55:51,037 epoch 42 - iter 20/107 - loss 0.03185464 - samples/sec: 120.34 - lr: 0.000781
2022-05-13 14:55:53,718 epoch 42 - iter 30/107 - loss 0.03351942 - samples/sec: 119.41 - lr: 0.000781
2022-05-13 14:55:56,170 epoch 42 - iter 40/107 - loss 0.03309180 - samples/sec: 130.56 - lr: 0.000781
2022-05-13 14:55:59,090 epoch 42 - iter 50/107 - loss 0.03356885 - samples/sec: 109.60 - lr: 0.000781
2022-05-13 14:56:02,185 epoch 42 - iter 60/107 - loss 0.03265470 - samples/sec: 103.44 - lr: 0.000781
2022-05-13 14:56:05,243 epoch 42 - iter 70/107 - loss 0.03358811 - samples/sec: 104.67 - lr: 0.000781
2022-05-13 14:56:08,285 epoch 42 - iter 80/107 - loss 0.03403383 - samples/sec: 105.25 - lr: 0.000781
2022-05-13 14:56:11,293 epoch 42 - iter 90/107 - loss 0.03474871 - samples/sec: 106.40 - lr: 0.000781
2022-05-13 14:56:14,430 epoch 42 - iter 100/107 - loss 0.03438278 - samples/sec: 102.07 - lr: 0.000781
2022-05-13 14:56:16,235 ----------------------------------------------------------------------------------------------------
2022-05-13 14:56:16,235 EPOCH 42 done: loss 0.0350 - lr 0.000781
2022-05-13 14:56:25,503 Evaluating as a multi-label problem: False
2022-05-13 14:56:25,514 DEV : loss 0.2228257805109024 - f1-score (micro avg)  0.502
2022-05-13 14:56:25,600 BAD EPOCHS (no improvement): 1
2022-05-13 14:56:25,602 ----------------------------------------------------------------------------------------------------
2022-05-13 14:56:28,592 epoch 43 - iter 10/107 - loss 0.03175031 - samples/sec: 107.09 - lr: 0.000781
2022-05-13 14:56:31,581 epoch 43 - iter 20/107 - loss 0.03379609 - samples/sec: 107.08 - lr: 0.000781
2022-05-13 14:56:34,375 epoch 43 - iter 30/107 - loss 0.03436486 - samples/sec: 114.59 - lr: 0.000781
2022-05-13 14:56:37,391 epoch 43 - iter 40/107 - loss 0.03489702 - samples/sec: 106.15 - lr: 0.000781
2022-05-13 14:56:41,776 epoch 43 - iter 50/107 - loss 0.03603447 - samples/sec: 72.99 - lr: 0.000781
2022-05-13 14:56:44,934 epoch 43 - iter 60/107 - loss 0.03655093 - samples/sec: 101.36 - lr: 0.000781
2022-05-13 14:56:47,995 epoch 43 - iter 70/107 - loss 0.03604659 - samples/sec: 104.56 - lr: 0.000781
2022-05-13 14:56:51,134 epoch 43 - iter 80/107 - loss 0.03582092 - samples/sec: 101.97 - lr: 0.000781
2022-05-13 14:56:54,152 epoch 43 - iter 90/107 - loss 0.03507096 - samples/sec: 106.09 - lr: 0.000781
2022-05-13 14:56:57,186 epoch 43 - iter 100/107 - loss 0.03483278 - samples/sec: 105.49 - lr: 0.000781
2022-05-13 14:56:59,201 ----------------------------------------------------------------------------------------------------
2022-05-13 14:56:59,201 EPOCH 43 done: loss 0.0352 - lr 0.000781
2022-05-13 14:57:08,856 Evaluating as a multi-label problem: False
2022-05-13 14:57:08,868 DEV : loss 0.2232702225446701 - f1-score (micro avg)  0.4992
2022-05-13 14:57:08,951 BAD EPOCHS (no improvement): 2
2022-05-13 14:57:08,953 ----------------------------------------------------------------------------------------------------
2022-05-13 14:57:11,908 epoch 44 - iter 10/107 - loss 0.04096233 - samples/sec: 108.32 - lr: 0.000781
2022-05-13 14:57:14,912 epoch 44 - iter 20/107 - loss 0.03530357 - samples/sec: 106.58 - lr: 0.000781
2022-05-13 14:57:18,007 epoch 44 - iter 30/107 - loss 0.03425124 - samples/sec: 103.42 - lr: 0.000781
2022-05-13 14:57:21,027 epoch 44 - iter 40/107 - loss 0.03461718 - samples/sec: 106.01 - lr: 0.000781
2022-05-13 14:57:24,008 epoch 44 - iter 50/107 - loss 0.03522609 - samples/sec: 107.39 - lr: 0.000781
2022-05-13 14:57:26,772 epoch 44 - iter 60/107 - loss 0.03576863 - samples/sec: 115.79 - lr: 0.000781
2022-05-13 14:57:29,656 epoch 44 - iter 70/107 - loss 0.03599181 - samples/sec: 111.01 - lr: 0.000781
2022-05-13 14:57:32,359 epoch 44 - iter 80/107 - loss 0.03606919 - samples/sec: 118.45 - lr: 0.000781
2022-05-13 14:57:35,273 epoch 44 - iter 90/107 - loss 0.03640603 - samples/sec: 109.85 - lr: 0.000781
2022-05-13 14:57:38,335 epoch 44 - iter 100/107 - loss 0.03680464 - samples/sec: 104.54 - lr: 0.000781
2022-05-13 14:57:40,194 ----------------------------------------------------------------------------------------------------
2022-05-13 14:57:40,195 EPOCH 44 done: loss 0.0367 - lr 0.000781
2022-05-13 14:57:50,089 Evaluating as a multi-label problem: False
2022-05-13 14:57:50,101 DEV : loss 0.22395682334899902 - f1-score (micro avg)  0.4992
2022-05-13 14:57:50,187 BAD EPOCHS (no improvement): 3
2022-05-13 14:57:50,230 ----------------------------------------------------------------------------------------------------
2022-05-13 14:57:53,251 epoch 45 - iter 10/107 - loss 0.03146369 - samples/sec: 105.98 - lr: 0.000781
2022-05-13 14:57:56,293 epoch 45 - iter 20/107 - loss 0.03629633 - samples/sec: 105.24 - lr: 0.000781
2022-05-13 14:57:59,363 epoch 45 - iter 30/107 - loss 0.03622815 - samples/sec: 104.25 - lr: 0.000781
2022-05-13 14:58:02,465 epoch 45 - iter 40/107 - loss 0.03700240 - samples/sec: 103.21 - lr: 0.000781
2022-05-13 14:58:05,733 epoch 45 - iter 50/107 - loss 0.03734328 - samples/sec: 97.95 - lr: 0.000781
2022-05-13 14:58:08,698 epoch 45 - iter 60/107 - loss 0.03704026 - samples/sec: 107.98 - lr: 0.000781
2022-05-13 14:58:11,863 epoch 45 - iter 70/107 - loss 0.03657604 - samples/sec: 101.13 - lr: 0.000781
2022-05-13 14:58:14,619 epoch 45 - iter 80/107 - loss 0.03576551 - samples/sec: 116.15 - lr: 0.000781
2022-05-13 14:58:17,346 epoch 45 - iter 90/107 - loss 0.03594434 - samples/sec: 117.38 - lr: 0.000781
2022-05-13 14:58:20,417 epoch 45 - iter 100/107 - loss 0.03581324 - samples/sec: 104.22 - lr: 0.000781
2022-05-13 14:58:22,122 ----------------------------------------------------------------------------------------------------
2022-05-13 14:58:22,122 EPOCH 45 done: loss 0.0359 - lr 0.000781
2022-05-13 14:58:31,668 Evaluating as a multi-label problem: False
2022-05-13 14:58:31,680 DEV : loss 0.22216536104679108 - f1-score (micro avg)  0.502
2022-05-13 14:58:31,765 Epoch    45: reducing learning rate of group 0 to 3.9063e-04.
2022-05-13 14:58:31,765 BAD EPOCHS (no improvement): 4
2022-05-13 14:58:31,767 ----------------------------------------------------------------------------------------------------
2022-05-13 14:58:34,775 epoch 46 - iter 10/107 - loss 0.02832516 - samples/sec: 106.44 - lr: 0.000391
2022-05-13 14:58:37,862 epoch 46 - iter 20/107 - loss 0.02953718 - samples/sec: 103.71 - lr: 0.000391
2022-05-13 14:58:41,057 epoch 46 - iter 30/107 - loss 0.03228466 - samples/sec: 100.19 - lr: 0.000391
2022-05-13 14:58:44,040 epoch 46 - iter 40/107 - loss 0.03265205 - samples/sec: 107.32 - lr: 0.000391
2022-05-13 14:58:47,147 epoch 46 - iter 50/107 - loss 0.03442965 - samples/sec: 103.03 - lr: 0.000391
2022-05-13 14:58:50,185 epoch 46 - iter 60/107 - loss 0.03509292 - samples/sec: 105.37 - lr: 0.000391
2022-05-13 14:58:53,213 epoch 46 - iter 70/107 - loss 0.03429687 - samples/sec: 105.71 - lr: 0.000391
2022-05-13 14:58:56,461 epoch 46 - iter 80/107 - loss 0.03492523 - samples/sec: 98.53 - lr: 0.000391
2022-05-13 14:58:59,389 epoch 46 - iter 90/107 - loss 0.03510897 - samples/sec: 109.34 - lr: 0.000391
2022-05-13 14:59:02,201 epoch 46 - iter 100/107 - loss 0.03495382 - samples/sec: 113.83 - lr: 0.000391
2022-05-13 14:59:03,928 ----------------------------------------------------------------------------------------------------
2022-05-13 14:59:03,928 EPOCH 46 done: loss 0.0343 - lr 0.000391
2022-05-13 14:59:13,250 Evaluating as a multi-label problem: False
2022-05-13 14:59:13,262 DEV : loss 0.22323094308376312 - f1-score (micro avg)  0.5008
2022-05-13 14:59:13,345 BAD EPOCHS (no improvement): 1
2022-05-13 14:59:13,348 ----------------------------------------------------------------------------------------------------
2022-05-13 14:59:16,438 epoch 47 - iter 10/107 - loss 0.03852479 - samples/sec: 103.60 - lr: 0.000391
2022-05-13 14:59:19,511 epoch 47 - iter 20/107 - loss 0.03895145 - samples/sec: 104.17 - lr: 0.000391
2022-05-13 14:59:22,674 epoch 47 - iter 30/107 - loss 0.03674293 - samples/sec: 101.22 - lr: 0.000391
2022-05-13 14:59:25,713 epoch 47 - iter 40/107 - loss 0.03567290 - samples/sec: 105.32 - lr: 0.000391
2022-05-13 14:59:28,898 epoch 47 - iter 50/107 - loss 0.03583710 - samples/sec: 100.53 - lr: 0.000391
2022-05-13 14:59:31,903 epoch 47 - iter 60/107 - loss 0.03510823 - samples/sec: 106.52 - lr: 0.000391
2022-05-13 14:59:35,058 epoch 47 - iter 70/107 - loss 0.03588051 - samples/sec: 101.45 - lr: 0.000391
2022-05-13 14:59:38,101 epoch 47 - iter 80/107 - loss 0.03618571 - samples/sec: 105.21 - lr: 0.000391
2022-05-13 14:59:41,075 epoch 47 - iter 90/107 - loss 0.03575997 - samples/sec: 107.61 - lr: 0.000391
2022-05-13 14:59:44,181 epoch 47 - iter 100/107 - loss 0.03567557 - samples/sec: 103.07 - lr: 0.000391
2022-05-13 14:59:46,153 ----------------------------------------------------------------------------------------------------
2022-05-13 14:59:46,153 EPOCH 47 done: loss 0.0358 - lr 0.000391
2022-05-13 14:59:55,185 Evaluating as a multi-label problem: False
2022-05-13 14:59:55,197 DEV : loss 0.22250649333000183 - f1-score (micro avg)  0.5016
2022-05-13 14:59:55,281 BAD EPOCHS (no improvement): 2
2022-05-13 14:59:55,283 ----------------------------------------------------------------------------------------------------
2022-05-13 14:59:58,032 epoch 48 - iter 10/107 - loss 0.04835432 - samples/sec: 116.48 - lr: 0.000391
2022-05-13 15:00:00,931 epoch 48 - iter 20/107 - loss 0.04070650 - samples/sec: 110.43 - lr: 0.000391
2022-05-13 15:00:03,985 epoch 48 - iter 30/107 - loss 0.04068877 - samples/sec: 104.81 - lr: 0.000391
2022-05-13 15:00:07,132 epoch 48 - iter 40/107 - loss 0.03920109 - samples/sec: 101.73 - lr: 0.000391
2022-05-13 15:00:10,066 epoch 48 - iter 50/107 - loss 0.03844888 - samples/sec: 109.11 - lr: 0.000391
2022-05-13 15:00:13,221 epoch 48 - iter 60/107 - loss 0.03744626 - samples/sec: 101.46 - lr: 0.000391
2022-05-13 15:00:16,328 epoch 48 - iter 70/107 - loss 0.03759149 - samples/sec: 103.05 - lr: 0.000391
2022-05-13 15:00:19,601 epoch 48 - iter 80/107 - loss 0.03703934 - samples/sec: 97.83 - lr: 0.000391
2022-05-13 15:00:22,630 epoch 48 - iter 90/107 - loss 0.03776054 - samples/sec: 105.69 - lr: 0.000391
2022-05-13 15:00:25,910 epoch 48 - iter 100/107 - loss 0.03740736 - samples/sec: 97.61 - lr: 0.000391
2022-05-13 15:00:27,753 ----------------------------------------------------------------------------------------------------
2022-05-13 15:00:27,753 EPOCH 48 done: loss 0.0372 - lr 0.000391
2022-05-13 15:00:37,616 Evaluating as a multi-label problem: False
2022-05-13 15:00:37,628 DEV : loss 0.2223859280347824 - f1-score (micro avg)  0.5027
2022-05-13 15:00:37,714 BAD EPOCHS (no improvement): 3
2022-05-13 15:00:37,717 ----------------------------------------------------------------------------------------------------
2022-05-13 15:00:40,534 epoch 49 - iter 10/107 - loss 0.04230901 - samples/sec: 113.67 - lr: 0.000391
2022-05-13 15:00:42,798 epoch 49 - iter 20/107 - loss 0.03997312 - samples/sec: 141.47 - lr: 0.000391
2022-05-13 15:00:44,608 epoch 49 - iter 30/107 - loss 0.03889473 - samples/sec: 176.82 - lr: 0.000391
2022-05-13 15:00:46,861 epoch 49 - iter 40/107 - loss 0.04114613 - samples/sec: 142.10 - lr: 0.000391
2022-05-13 15:00:49,290 epoch 49 - iter 50/107 - loss 0.03992152 - samples/sec: 131.82 - lr: 0.000391
2022-05-13 15:00:51,919 epoch 49 - iter 60/107 - loss 0.03835870 - samples/sec: 121.80 - lr: 0.000391
2022-05-13 15:00:54,540 epoch 49 - iter 70/107 - loss 0.03839834 - samples/sec: 122.15 - lr: 0.000391
2022-05-13 15:00:57,268 epoch 49 - iter 80/107 - loss 0.03819993 - samples/sec: 117.33 - lr: 0.000391
2022-05-13 15:01:00,283 epoch 49 - iter 90/107 - loss 0.03825400 - samples/sec: 106.16 - lr: 0.000391
2022-05-13 15:01:03,191 epoch 49 - iter 100/107 - loss 0.03818559 - samples/sec: 110.12 - lr: 0.000391
2022-05-13 15:01:04,739 ----------------------------------------------------------------------------------------------------
2022-05-13 15:01:04,740 EPOCH 49 done: loss 0.0379 - lr 0.000391
2022-05-13 15:01:14,908 Evaluating as a multi-label problem: False
2022-05-13 15:01:14,920 DEV : loss 0.22247140109539032 - f1-score (micro avg)  0.5023
2022-05-13 15:01:14,994 Epoch    49: reducing learning rate of group 0 to 1.9531e-04.
2022-05-13 15:01:14,994 BAD EPOCHS (no improvement): 4
2022-05-13 15:01:14,997 ----------------------------------------------------------------------------------------------------
2022-05-13 15:01:17,709 epoch 50 - iter 10/107 - loss 0.03980012 - samples/sec: 118.07 - lr: 0.000195
2022-05-13 15:01:20,354 epoch 50 - iter 20/107 - loss 0.03381577 - samples/sec: 121.01 - lr: 0.000195
2022-05-13 15:01:23,162 epoch 50 - iter 30/107 - loss 0.03662753 - samples/sec: 114.01 - lr: 0.000195
2022-05-13 15:01:26,056 epoch 50 - iter 40/107 - loss 0.03544164 - samples/sec: 110.62 - lr: 0.000195
2022-05-13 15:01:28,962 epoch 50 - iter 50/107 - loss 0.03672012 - samples/sec: 110.14 - lr: 0.000195
2022-05-13 15:01:31,778 epoch 50 - iter 60/107 - loss 0.03578281 - samples/sec: 113.68 - lr: 0.000195
2022-05-13 15:01:34,651 epoch 50 - iter 70/107 - loss 0.03628354 - samples/sec: 111.46 - lr: 0.000195
2022-05-13 15:01:37,195 epoch 50 - iter 80/107 - loss 0.03654061 - samples/sec: 125.80 - lr: 0.000195
2022-05-13 15:01:39,680 epoch 50 - iter 90/107 - loss 0.03668864 - samples/sec: 128.84 - lr: 0.000195
2022-05-13 15:01:42,189 epoch 50 - iter 100/107 - loss 0.03613505 - samples/sec: 127.60 - lr: 0.000195
2022-05-13 15:01:43,847 ----------------------------------------------------------------------------------------------------
2022-05-13 15:01:43,847 EPOCH 50 done: loss 0.0354 - lr 0.000195
2022-05-13 15:01:52,126 Evaluating as a multi-label problem: False
2022-05-13 15:01:52,137 DEV : loss 0.22270970046520233 - f1-score (micro avg)  0.5031
2022-05-13 15:01:52,210 BAD EPOCHS (no improvement): 1
2022-05-13 15:01:52,212 ----------------------------------------------------------------------------------------------------
2022-05-13 15:01:54,832 epoch 51 - iter 10/107 - loss 0.03296469 - samples/sec: 122.23 - lr: 0.000195
2022-05-13 15:01:57,528 epoch 51 - iter 20/107 - loss 0.03373932 - samples/sec: 118.73 - lr: 0.000195
2022-05-13 15:02:00,386 epoch 51 - iter 30/107 - loss 0.03470506 - samples/sec: 112.01 - lr: 0.000195
2022-05-13 15:02:03,276 epoch 51 - iter 40/107 - loss 0.03308998 - samples/sec: 110.76 - lr: 0.000195
2022-05-13 15:02:06,055 epoch 51 - iter 50/107 - loss 0.03421302 - samples/sec: 115.22 - lr: 0.000195
2022-05-13 15:02:08,886 epoch 51 - iter 60/107 - loss 0.03332142 - samples/sec: 113.04 - lr: 0.000195
2022-05-13 15:02:11,566 epoch 51 - iter 70/107 - loss 0.03275811 - samples/sec: 119.50 - lr: 0.000195
2022-05-13 15:02:14,472 epoch 51 - iter 80/107 - loss 0.03330346 - samples/sec: 110.14 - lr: 0.000195
2022-05-13 15:02:17,325 epoch 51 - iter 90/107 - loss 0.03329023 - samples/sec: 112.22 - lr: 0.000195
2022-05-13 15:02:20,112 epoch 51 - iter 100/107 - loss 0.03379451 - samples/sec: 114.85 - lr: 0.000195
2022-05-13 15:02:21,895 ----------------------------------------------------------------------------------------------------
2022-05-13 15:02:21,895 EPOCH 51 done: loss 0.0333 - lr 0.000195
2022-05-13 15:02:30,226 Evaluating as a multi-label problem: False
2022-05-13 15:02:30,238 DEV : loss 0.22298650443553925 - f1-score (micro avg)  0.5031
2022-05-13 15:02:30,309 BAD EPOCHS (no improvement): 2
2022-05-13 15:02:30,311 ----------------------------------------------------------------------------------------------------
2022-05-13 15:02:32,803 epoch 52 - iter 10/107 - loss 0.03625819 - samples/sec: 128.52 - lr: 0.000195
2022-05-13 15:02:35,399 epoch 52 - iter 20/107 - loss 0.03291618 - samples/sec: 123.31 - lr: 0.000195
2022-05-13 15:02:37,978 epoch 52 - iter 30/107 - loss 0.03244761 - samples/sec: 124.16 - lr: 0.000195
2022-05-13 15:02:40,799 epoch 52 - iter 40/107 - loss 0.03386911 - samples/sec: 113.46 - lr: 0.000195
2022-05-13 15:02:43,624 epoch 52 - iter 50/107 - loss 0.03479753 - samples/sec: 113.31 - lr: 0.000195
2022-05-13 15:02:46,360 epoch 52 - iter 60/107 - loss 0.03488687 - samples/sec: 117.00 - lr: 0.000195
2022-05-13 15:02:49,104 epoch 52 - iter 70/107 - loss 0.03505644 - samples/sec: 116.65 - lr: 0.000195
2022-05-13 15:02:51,935 epoch 52 - iter 80/107 - loss 0.03485752 - samples/sec: 113.10 - lr: 0.000195
2022-05-13 15:02:54,720 epoch 52 - iter 90/107 - loss 0.03449907 - samples/sec: 114.93 - lr: 0.000195
2022-05-13 15:02:57,568 epoch 52 - iter 100/107 - loss 0.03489226 - samples/sec: 112.40 - lr: 0.000195
2022-05-13 15:02:59,320 ----------------------------------------------------------------------------------------------------
2022-05-13 15:02:59,320 EPOCH 52 done: loss 0.0349 - lr 0.000195
2022-05-13 15:03:07,983 Evaluating as a multi-label problem: False
2022-05-13 15:03:07,995 DEV : loss 0.2231200635433197 - f1-score (micro avg)  0.5023
2022-05-13 15:03:08,068 BAD EPOCHS (no improvement): 3
2022-05-13 15:03:08,070 ----------------------------------------------------------------------------------------------------
2022-05-13 15:03:10,809 epoch 53 - iter 10/107 - loss 0.03972084 - samples/sec: 116.93 - lr: 0.000195
2022-05-13 15:03:13,564 epoch 53 - iter 20/107 - loss 0.03508599 - samples/sec: 116.20 - lr: 0.000195
2022-05-13 15:03:16,343 epoch 53 - iter 30/107 - loss 0.03440911 - samples/sec: 115.20 - lr: 0.000195
2022-05-13 15:03:18,885 epoch 53 - iter 40/107 - loss 0.03638562 - samples/sec: 125.90 - lr: 0.000195
2022-05-13 15:03:21,544 epoch 53 - iter 50/107 - loss 0.03560655 - samples/sec: 120.42 - lr: 0.000195
2022-05-13 15:03:24,144 epoch 53 - iter 60/107 - loss 0.03529845 - samples/sec: 123.11 - lr: 0.000195
2022-05-13 15:03:26,780 epoch 53 - iter 70/107 - loss 0.03492766 - samples/sec: 121.41 - lr: 0.000195
2022-05-13 15:03:29,277 epoch 53 - iter 80/107 - loss 0.03542219 - samples/sec: 128.22 - lr: 0.000195
2022-05-13 15:03:31,020 epoch 53 - iter 90/107 - loss 0.03478631 - samples/sec: 183.74 - lr: 0.000195
2022-05-13 15:03:32,833 epoch 53 - iter 100/107 - loss 0.03442939 - samples/sec: 176.57 - lr: 0.000195
2022-05-13 15:03:34,055 ----------------------------------------------------------------------------------------------------
2022-05-13 15:03:34,055 EPOCH 53 done: loss 0.0342 - lr 0.000195
2022-05-13 15:03:40,282 Evaluating as a multi-label problem: False
2022-05-13 15:03:40,293 DEV : loss 0.22330565750598907 - f1-score (micro avg)  0.4996
2022-05-13 15:03:40,365 Epoch    53: reducing learning rate of group 0 to 9.7656e-05.
2022-05-13 15:03:40,365 BAD EPOCHS (no improvement): 4
2022-05-13 15:03:40,368 ----------------------------------------------------------------------------------------------------
2022-05-13 15:03:40,368 ----------------------------------------------------------------------------------------------------
2022-05-13 15:03:40,368 learning rate too small - quitting training!
2022-05-13 15:03:40,368 ----------------------------------------------------------------------------------------------------
2022-05-13 15:03:54,190 ----------------------------------------------------------------------------------------------------
2022-05-13 15:03:54,191 loading file resources/taggers/model_05_r10_run_2/best-model.pt
2022-05-13 15:04:03,399 SequenceTagger predicts: Dictionary with 27 tags: O, S-person, B-person, E-person, I-person, S-location, B-location, E-location, I-location, S-group, B-group, E-group, I-group, S-corporation, B-corporation, E-corporation, I-corporation, S-product, B-product, E-product, I-product, S-creative-work, B-creative-work, E-creative-work, I-creative-work, <START>, <STOP>
2022-05-13 15:04:21,870 Evaluating as a multi-label problem: False
2022-05-13 15:04:21,884 0.6371	0.3123	0.4192	0.2825
2022-05-13 15:04:21,884 
Results:
- F-score (micro) 0.4192
- F-score (macro) 0.3108
- Accuracy 0.2825

By class:
               precision    recall  f1-score   support

       person     0.7361    0.4615    0.5673       429
     location     0.6220    0.5267    0.5704       150
        group     0.4839    0.1818    0.2643       165
creative-work     0.5652    0.0915    0.1576       142
      product     0.3889    0.0551    0.0966       127
  corporation     0.3333    0.1515    0.2083        66

    micro avg     0.6371    0.3123    0.4192      1079
    macro avg     0.5216    0.2447    0.3108      1079
 weighted avg     0.5937    0.3123    0.3901      1079

2022-05-13 15:04:21,884 ----------------------------------------------------------------------------------------------------
