2022-05-23 17:08:58,754 ----------------------------------------------------------------------------------------------------
2022-05-23 17:08:58,754 Model: "SequenceTagger(
  (embeddings): StackedEmbeddings(
    (list_embedding_0): GazetteerEmbeddings()
    (list_embedding_1): WordEmbeddings(
      'glove'
      (embedding): Embedding(400001, 100)
    )
    (list_embedding_2): FlairEmbeddings(
      (lm): LanguageModel(
        (drop): Dropout(p=0.05, inplace=False)
        (encoder): Embedding(300, 100)
        (rnn): LSTM(100, 2048)
        (decoder): Linear(in_features=2048, out_features=300, bias=True)
      )
    )
    (list_embedding_3): FlairEmbeddings(
      (lm): LanguageModel(
        (drop): Dropout(p=0.05, inplace=False)
        (encoder): Embedding(300, 100)
        (rnn): LSTM(100, 2048)
        (decoder): Linear(in_features=2048, out_features=300, bias=True)
      )
    )
  )
  (word_dropout): WordDropout(p=0.05)
  (locked_dropout): LockedDropout(p=0.5)
  (embedding2nn): Linear(in_features=4372, out_features=4372, bias=True)
  (rnn): LSTM(4372, 256, batch_first=True, bidirectional=True)
  (linear): Linear(in_features=512, out_features=27, bias=True)
  (loss_function): ViterbiLoss()
  (crf): CRF()
)"
2022-05-23 17:08:58,754 ----------------------------------------------------------------------------------------------------
2022-05-23 17:08:58,755 Corpus: "Corpus: 3394 train + 1009 dev + 1287 test sentences"
2022-05-23 17:08:58,755 ----------------------------------------------------------------------------------------------------
2022-05-23 17:08:58,755 Parameters:
2022-05-23 17:08:58,755  - learning_rate: "0.100000"
2022-05-23 17:08:58,755  - mini_batch_size: "32"
2022-05-23 17:08:58,755  - patience: "3"
2022-05-23 17:08:58,755  - anneal_factor: "0.5"
2022-05-23 17:08:58,755  - max_epochs: "150"
2022-05-23 17:08:58,755  - shuffle: "True"
2022-05-23 17:08:58,755  - train_with_dev: "False"
2022-05-23 17:08:58,755  - batch_growth_annealing: "False"
2022-05-23 17:08:58,755 ----------------------------------------------------------------------------------------------------
2022-05-23 17:08:58,755 Model training base path: "resources/taggers/model_07_r15_run_4"
2022-05-23 17:08:58,755 ----------------------------------------------------------------------------------------------------
2022-05-23 17:08:58,755 Device: cuda:2
2022-05-23 17:08:58,755 ----------------------------------------------------------------------------------------------------
2022-05-23 17:08:58,755 Embeddings storage mode: cpu
2022-05-23 17:08:58,755 ----------------------------------------------------------------------------------------------------
2022-05-23 17:09:01,728 epoch 1 - iter 10/107 - loss 0.98152296 - samples/sec: 107.68 - lr: 0.100000
2022-05-23 17:09:04,766 epoch 1 - iter 20/107 - loss 0.63151354 - samples/sec: 105.38 - lr: 0.100000
2022-05-23 17:09:07,589 epoch 1 - iter 30/107 - loss 0.51350579 - samples/sec: 113.41 - lr: 0.100000
2022-05-23 17:09:10,763 epoch 1 - iter 40/107 - loss 0.44834359 - samples/sec: 100.84 - lr: 0.100000
2022-05-23 17:09:13,863 epoch 1 - iter 50/107 - loss 0.40038440 - samples/sec: 103.24 - lr: 0.100000
2022-05-23 17:09:17,132 epoch 1 - iter 60/107 - loss 0.38051295 - samples/sec: 97.94 - lr: 0.100000
2022-05-23 17:09:20,216 epoch 1 - iter 70/107 - loss 0.36498686 - samples/sec: 103.81 - lr: 0.100000
2022-05-23 17:09:23,110 epoch 1 - iter 80/107 - loss 0.35655496 - samples/sec: 110.60 - lr: 0.100000
2022-05-23 17:09:25,619 epoch 1 - iter 90/107 - loss 0.35048145 - samples/sec: 127.60 - lr: 0.100000
2022-05-23 17:09:28,319 epoch 1 - iter 100/107 - loss 0.34266746 - samples/sec: 118.55 - lr: 0.100000
2022-05-23 17:09:29,921 ----------------------------------------------------------------------------------------------------
2022-05-23 17:09:29,921 EPOCH 1 done: loss 0.3357 - lr 0.100000
2022-05-23 17:09:38,574 Evaluating as a multi-label problem: False
2022-05-23 17:09:38,584 DEV : loss 0.42933082580566406 - f1-score (micro avg)  0.145
2022-05-23 17:09:38,671 BAD EPOCHS (no improvement): 0
2022-05-23 17:09:38,673 saving best model
2022-05-23 17:10:44,541 ----------------------------------------------------------------------------------------------------
2022-05-23 17:10:47,674 epoch 2 - iter 10/107 - loss 0.20248586 - samples/sec: 102.23 - lr: 0.100000
2022-05-23 17:10:50,619 epoch 2 - iter 20/107 - loss 0.19555058 - samples/sec: 108.69 - lr: 0.100000
2022-05-23 17:10:53,586 epoch 2 - iter 30/107 - loss 0.19576214 - samples/sec: 107.88 - lr: 0.100000
2022-05-23 17:10:56,281 epoch 2 - iter 40/107 - loss 0.19919539 - samples/sec: 118.82 - lr: 0.100000
2022-05-23 17:10:59,039 epoch 2 - iter 50/107 - loss 0.19231698 - samples/sec: 116.05 - lr: 0.100000
2022-05-23 17:11:01,860 epoch 2 - iter 60/107 - loss 0.19064407 - samples/sec: 113.48 - lr: 0.100000
2022-05-23 17:11:04,920 epoch 2 - iter 70/107 - loss 0.18962482 - samples/sec: 104.61 - lr: 0.100000
2022-05-23 17:11:08,022 epoch 2 - iter 80/107 - loss 0.18663736 - samples/sec: 103.17 - lr: 0.100000
2022-05-23 17:11:10,840 epoch 2 - iter 90/107 - loss 0.18372294 - samples/sec: 113.59 - lr: 0.100000
2022-05-23 17:11:13,923 epoch 2 - iter 100/107 - loss 0.18378203 - samples/sec: 103.83 - lr: 0.100000
2022-05-23 17:11:15,818 ----------------------------------------------------------------------------------------------------
2022-05-23 17:11:15,818 EPOCH 2 done: loss 0.1821 - lr 0.100000
2022-05-23 17:11:24,634 Evaluating as a multi-label problem: False
2022-05-23 17:11:24,645 DEV : loss 0.24997980892658234 - f1-score (micro avg)  0.4501
2022-05-23 17:11:24,734 BAD EPOCHS (no improvement): 0
2022-05-23 17:11:24,756 saving best model
2022-05-23 17:12:30,636 ----------------------------------------------------------------------------------------------------
2022-05-23 17:12:33,886 epoch 3 - iter 10/107 - loss 0.16731893 - samples/sec: 98.53 - lr: 0.100000
2022-05-23 17:12:36,978 epoch 3 - iter 20/107 - loss 0.14368771 - samples/sec: 103.54 - lr: 0.100000
2022-05-23 17:12:39,951 epoch 3 - iter 30/107 - loss 0.13959720 - samples/sec: 107.69 - lr: 0.100000
2022-05-23 17:12:42,906 epoch 3 - iter 40/107 - loss 0.15089468 - samples/sec: 108.29 - lr: 0.100000
2022-05-23 17:12:45,889 epoch 3 - iter 50/107 - loss 0.15311472 - samples/sec: 107.32 - lr: 0.100000
2022-05-23 17:12:48,650 epoch 3 - iter 60/107 - loss 0.15447788 - samples/sec: 115.95 - lr: 0.100000
2022-05-23 17:12:51,180 epoch 3 - iter 70/107 - loss 0.15052205 - samples/sec: 126.54 - lr: 0.100000
2022-05-23 17:12:53,898 epoch 3 - iter 80/107 - loss 0.15131365 - samples/sec: 117.77 - lr: 0.100000
2022-05-23 17:12:56,817 epoch 3 - iter 90/107 - loss 0.15003161 - samples/sec: 109.67 - lr: 0.100000
2022-05-23 17:12:59,627 epoch 3 - iter 100/107 - loss 0.14942381 - samples/sec: 113.92 - lr: 0.100000
2022-05-23 17:13:01,267 ----------------------------------------------------------------------------------------------------
2022-05-23 17:13:01,267 EPOCH 3 done: loss 0.1497 - lr 0.100000
2022-05-23 17:13:10,983 Evaluating as a multi-label problem: False
2022-05-23 17:13:10,994 DEV : loss 0.2599222660064697 - f1-score (micro avg)  0.4241
2022-05-23 17:13:11,082 BAD EPOCHS (no improvement): 1
2022-05-23 17:13:11,083 ----------------------------------------------------------------------------------------------------
2022-05-23 17:13:14,069 epoch 4 - iter 10/107 - loss 0.11256769 - samples/sec: 107.21 - lr: 0.100000
2022-05-23 17:13:17,181 epoch 4 - iter 20/107 - loss 0.11884521 - samples/sec: 102.88 - lr: 0.100000
2022-05-23 17:13:20,344 epoch 4 - iter 30/107 - loss 0.12301481 - samples/sec: 101.19 - lr: 0.100000
2022-05-23 17:13:23,210 epoch 4 - iter 40/107 - loss 0.11894851 - samples/sec: 111.68 - lr: 0.100000
2022-05-23 17:13:26,012 epoch 4 - iter 50/107 - loss 0.12542025 - samples/sec: 114.23 - lr: 0.100000
2022-05-23 17:13:29,008 epoch 4 - iter 60/107 - loss 0.12609556 - samples/sec: 106.87 - lr: 0.100000
2022-05-23 17:13:31,915 epoch 4 - iter 70/107 - loss 0.12590697 - samples/sec: 110.10 - lr: 0.100000
2022-05-23 17:13:34,905 epoch 4 - iter 80/107 - loss 0.12741457 - samples/sec: 107.06 - lr: 0.100000
2022-05-23 17:13:37,850 epoch 4 - iter 90/107 - loss 0.12637188 - samples/sec: 108.68 - lr: 0.100000
2022-05-23 17:13:40,944 epoch 4 - iter 100/107 - loss 0.12934412 - samples/sec: 103.50 - lr: 0.100000
2022-05-23 17:13:42,597 ----------------------------------------------------------------------------------------------------
2022-05-23 17:13:42,597 EPOCH 4 done: loss 0.1291 - lr 0.100000
2022-05-23 17:13:50,920 Evaluating as a multi-label problem: False
2022-05-23 17:13:50,931 DEV : loss 0.2604498565196991 - f1-score (micro avg)  0.4011
2022-05-23 17:13:51,018 BAD EPOCHS (no improvement): 2
2022-05-23 17:13:51,020 ----------------------------------------------------------------------------------------------------
2022-05-23 17:13:53,982 epoch 5 - iter 10/107 - loss 0.12666195 - samples/sec: 108.10 - lr: 0.100000
2022-05-23 17:13:57,107 epoch 5 - iter 20/107 - loss 0.12653100 - samples/sec: 102.43 - lr: 0.100000
2022-05-23 17:13:59,907 epoch 5 - iter 30/107 - loss 0.12269785 - samples/sec: 114.31 - lr: 0.100000
2022-05-23 17:14:03,091 epoch 5 - iter 40/107 - loss 0.11722745 - samples/sec: 100.54 - lr: 0.100000
2022-05-23 17:14:05,877 epoch 5 - iter 50/107 - loss 0.11782482 - samples/sec: 114.91 - lr: 0.100000
2022-05-23 17:14:09,026 epoch 5 - iter 60/107 - loss 0.11647054 - samples/sec: 101.64 - lr: 0.100000
2022-05-23 17:14:11,919 epoch 5 - iter 70/107 - loss 0.12027351 - samples/sec: 110.65 - lr: 0.100000
2022-05-23 17:14:14,990 epoch 5 - iter 80/107 - loss 0.12001601 - samples/sec: 104.23 - lr: 0.100000
2022-05-23 17:14:18,001 epoch 5 - iter 90/107 - loss 0.12039774 - samples/sec: 106.32 - lr: 0.100000
2022-05-23 17:14:21,015 epoch 5 - iter 100/107 - loss 0.12091273 - samples/sec: 106.21 - lr: 0.100000
2022-05-23 17:14:22,800 ----------------------------------------------------------------------------------------------------
2022-05-23 17:14:22,800 EPOCH 5 done: loss 0.1198 - lr 0.100000
2022-05-23 17:14:31,407 Evaluating as a multi-label problem: False
2022-05-23 17:14:31,418 DEV : loss 0.20593363046646118 - f1-score (micro avg)  0.5137
2022-05-23 17:14:31,508 BAD EPOCHS (no improvement): 0
2022-05-23 17:14:31,510 saving best model
2022-05-23 17:15:37,054 ----------------------------------------------------------------------------------------------------
2022-05-23 17:15:39,736 epoch 6 - iter 10/107 - loss 0.13838836 - samples/sec: 119.42 - lr: 0.100000
2022-05-23 17:15:42,349 epoch 6 - iter 20/107 - loss 0.11525661 - samples/sec: 122.50 - lr: 0.100000
2022-05-23 17:15:44,996 epoch 6 - iter 30/107 - loss 0.10612595 - samples/sec: 120.96 - lr: 0.100000
2022-05-23 17:15:48,006 epoch 6 - iter 40/107 - loss 0.10774422 - samples/sec: 106.33 - lr: 0.100000
2022-05-23 17:15:50,806 epoch 6 - iter 50/107 - loss 0.10738398 - samples/sec: 114.34 - lr: 0.100000
2022-05-23 17:15:53,876 epoch 6 - iter 60/107 - loss 0.10526476 - samples/sec: 104.26 - lr: 0.100000
2022-05-23 17:15:56,741 epoch 6 - iter 70/107 - loss 0.11197360 - samples/sec: 111.76 - lr: 0.100000
2022-05-23 17:15:59,610 epoch 6 - iter 80/107 - loss 0.11358069 - samples/sec: 111.56 - lr: 0.100000
2022-05-23 17:16:02,769 epoch 6 - iter 90/107 - loss 0.11478665 - samples/sec: 101.31 - lr: 0.100000
2022-05-23 17:16:05,842 epoch 6 - iter 100/107 - loss 0.11272401 - samples/sec: 104.18 - lr: 0.100000
2022-05-23 17:16:07,823 ----------------------------------------------------------------------------------------------------
2022-05-23 17:16:07,823 EPOCH 6 done: loss 0.1131 - lr 0.100000
2022-05-23 17:16:16,922 Evaluating as a multi-label problem: False
2022-05-23 17:16:16,933 DEV : loss 0.19325636327266693 - f1-score (micro avg)  0.4894
2022-05-23 17:16:17,021 BAD EPOCHS (no improvement): 1
2022-05-23 17:16:17,024 ----------------------------------------------------------------------------------------------------
2022-05-23 17:16:19,946 epoch 7 - iter 10/107 - loss 0.10653412 - samples/sec: 109.57 - lr: 0.100000
2022-05-23 17:16:22,858 epoch 7 - iter 20/107 - loss 0.11377110 - samples/sec: 109.95 - lr: 0.100000
2022-05-23 17:16:26,134 epoch 7 - iter 30/107 - loss 0.10951735 - samples/sec: 97.69 - lr: 0.100000
2022-05-23 17:16:28,854 epoch 7 - iter 40/107 - loss 0.10929851 - samples/sec: 117.68 - lr: 0.100000
2022-05-23 17:16:31,613 epoch 7 - iter 50/107 - loss 0.10561155 - samples/sec: 116.06 - lr: 0.100000
2022-05-23 17:16:34,412 epoch 7 - iter 60/107 - loss 0.10564410 - samples/sec: 114.36 - lr: 0.100000
2022-05-23 17:16:37,090 epoch 7 - iter 70/107 - loss 0.10313200 - samples/sec: 119.54 - lr: 0.100000
2022-05-23 17:16:39,947 epoch 7 - iter 80/107 - loss 0.10354536 - samples/sec: 112.05 - lr: 0.100000
2022-05-23 17:16:43,055 epoch 7 - iter 90/107 - loss 0.10318814 - samples/sec: 102.96 - lr: 0.100000
2022-05-23 17:16:45,752 epoch 7 - iter 100/107 - loss 0.10380538 - samples/sec: 118.69 - lr: 0.100000
2022-05-23 17:16:47,784 ----------------------------------------------------------------------------------------------------
2022-05-23 17:16:47,784 EPOCH 7 done: loss 0.1033 - lr 0.100000
2022-05-23 17:16:56,840 Evaluating as a multi-label problem: False
2022-05-23 17:16:56,850 DEV : loss 0.24722199141979218 - f1-score (micro avg)  0.4381
2022-05-23 17:16:56,938 BAD EPOCHS (no improvement): 2
2022-05-23 17:16:56,941 ----------------------------------------------------------------------------------------------------
2022-05-23 17:16:59,711 epoch 8 - iter 10/107 - loss 0.10410781 - samples/sec: 115.59 - lr: 0.100000
2022-05-23 17:17:02,648 epoch 8 - iter 20/107 - loss 0.09328391 - samples/sec: 108.98 - lr: 0.100000
2022-05-23 17:17:05,568 epoch 8 - iter 30/107 - loss 0.09071348 - samples/sec: 109.63 - lr: 0.100000
2022-05-23 17:17:08,542 epoch 8 - iter 40/107 - loss 0.09794651 - samples/sec: 107.64 - lr: 0.100000
2022-05-23 17:17:11,508 epoch 8 - iter 50/107 - loss 0.09959510 - samples/sec: 107.92 - lr: 0.100000
2022-05-23 17:17:14,647 epoch 8 - iter 60/107 - loss 0.09570192 - samples/sec: 101.97 - lr: 0.100000
2022-05-23 17:17:16,726 epoch 8 - iter 70/107 - loss 0.09649429 - samples/sec: 154.03 - lr: 0.100000
2022-05-23 17:17:18,490 epoch 8 - iter 80/107 - loss 0.09698832 - samples/sec: 181.42 - lr: 0.100000
2022-05-23 17:17:21,387 epoch 8 - iter 90/107 - loss 0.09752468 - samples/sec: 110.51 - lr: 0.100000
2022-05-23 17:17:24,287 epoch 8 - iter 100/107 - loss 0.09644617 - samples/sec: 110.39 - lr: 0.100000
2022-05-23 17:17:26,004 ----------------------------------------------------------------------------------------------------
2022-05-23 17:17:26,004 EPOCH 8 done: loss 0.0970 - lr 0.100000
2022-05-23 17:17:33,921 Evaluating as a multi-label problem: False
2022-05-23 17:17:33,932 DEV : loss 0.17332100868225098 - f1-score (micro avg)  0.543
2022-05-23 17:17:34,019 BAD EPOCHS (no improvement): 0
2022-05-23 17:17:34,022 saving best model
2022-05-23 17:18:39,732 ----------------------------------------------------------------------------------------------------
2022-05-23 17:18:43,017 epoch 9 - iter 10/107 - loss 0.10653960 - samples/sec: 97.47 - lr: 0.100000
2022-05-23 17:18:45,923 epoch 9 - iter 20/107 - loss 0.09511842 - samples/sec: 110.17 - lr: 0.100000
2022-05-23 17:18:48,759 epoch 9 - iter 30/107 - loss 0.09028531 - samples/sec: 112.88 - lr: 0.100000
2022-05-23 17:18:51,685 epoch 9 - iter 40/107 - loss 0.09101400 - samples/sec: 109.40 - lr: 0.100000
2022-05-23 17:18:54,634 epoch 9 - iter 50/107 - loss 0.09151160 - samples/sec: 108.56 - lr: 0.100000
2022-05-23 17:18:57,649 epoch 9 - iter 60/107 - loss 0.09243638 - samples/sec: 106.17 - lr: 0.100000
2022-05-23 17:19:00,546 epoch 9 - iter 70/107 - loss 0.09374654 - samples/sec: 110.49 - lr: 0.100000
2022-05-23 17:19:03,608 epoch 9 - iter 80/107 - loss 0.09303522 - samples/sec: 104.53 - lr: 0.100000
2022-05-23 17:19:06,692 epoch 9 - iter 90/107 - loss 0.09261701 - samples/sec: 103.81 - lr: 0.100000
2022-05-23 17:19:09,878 epoch 9 - iter 100/107 - loss 0.09220905 - samples/sec: 100.47 - lr: 0.100000
2022-05-23 17:19:11,569 ----------------------------------------------------------------------------------------------------
2022-05-23 17:19:11,569 EPOCH 9 done: loss 0.0923 - lr 0.100000
2022-05-23 17:19:19,865 Evaluating as a multi-label problem: False
2022-05-23 17:19:19,876 DEV : loss 0.22658389806747437 - f1-score (micro avg)  0.506
2022-05-23 17:19:19,962 BAD EPOCHS (no improvement): 1
2022-05-23 17:19:19,965 ----------------------------------------------------------------------------------------------------
2022-05-23 17:19:22,583 epoch 10 - iter 10/107 - loss 0.09636882 - samples/sec: 122.27 - lr: 0.100000
2022-05-23 17:19:25,273 epoch 10 - iter 20/107 - loss 0.08436019 - samples/sec: 119.02 - lr: 0.100000
2022-05-23 17:19:28,028 epoch 10 - iter 30/107 - loss 0.08661976 - samples/sec: 116.19 - lr: 0.100000
2022-05-23 17:19:30,885 epoch 10 - iter 40/107 - loss 0.08470355 - samples/sec: 112.02 - lr: 0.100000
2022-05-23 17:19:33,872 epoch 10 - iter 50/107 - loss 0.08402565 - samples/sec: 107.18 - lr: 0.100000
2022-05-23 17:19:36,799 epoch 10 - iter 60/107 - loss 0.08698773 - samples/sec: 109.36 - lr: 0.100000
2022-05-23 17:19:39,680 epoch 10 - iter 70/107 - loss 0.08569028 - samples/sec: 111.11 - lr: 0.100000
2022-05-23 17:19:42,722 epoch 10 - iter 80/107 - loss 0.08561602 - samples/sec: 105.24 - lr: 0.100000
2022-05-23 17:19:45,951 epoch 10 - iter 90/107 - loss 0.08521577 - samples/sec: 99.13 - lr: 0.100000
2022-05-23 17:19:48,906 epoch 10 - iter 100/107 - loss 0.08691186 - samples/sec: 108.32 - lr: 0.100000
2022-05-23 17:19:50,748 ----------------------------------------------------------------------------------------------------
2022-05-23 17:19:50,749 EPOCH 10 done: loss 0.0860 - lr 0.100000
2022-05-23 17:19:59,840 Evaluating as a multi-label problem: False
2022-05-23 17:19:59,851 DEV : loss 0.21841682493686676 - f1-score (micro avg)  0.4811
2022-05-23 17:19:59,938 BAD EPOCHS (no improvement): 2
2022-05-23 17:19:59,945 ----------------------------------------------------------------------------------------------------
2022-05-23 17:20:02,863 epoch 11 - iter 10/107 - loss 0.09407779 - samples/sec: 109.68 - lr: 0.100000
2022-05-23 17:20:05,816 epoch 11 - iter 20/107 - loss 0.08314785 - samples/sec: 108.42 - lr: 0.100000
2022-05-23 17:20:08,604 epoch 11 - iter 30/107 - loss 0.08748537 - samples/sec: 114.83 - lr: 0.100000
2022-05-23 17:20:11,531 epoch 11 - iter 40/107 - loss 0.08616818 - samples/sec: 109.34 - lr: 0.100000
2022-05-23 17:20:14,312 epoch 11 - iter 50/107 - loss 0.08532385 - samples/sec: 115.12 - lr: 0.100000
2022-05-23 17:20:16,985 epoch 11 - iter 60/107 - loss 0.08427341 - samples/sec: 119.76 - lr: 0.100000
2022-05-23 17:20:19,562 epoch 11 - iter 70/107 - loss 0.08286580 - samples/sec: 124.22 - lr: 0.100000
2022-05-23 17:20:22,687 epoch 11 - iter 80/107 - loss 0.08485063 - samples/sec: 102.42 - lr: 0.100000
2022-05-23 17:20:25,476 epoch 11 - iter 90/107 - loss 0.08431835 - samples/sec: 114.79 - lr: 0.100000
2022-05-23 17:20:28,514 epoch 11 - iter 100/107 - loss 0.08452407 - samples/sec: 105.36 - lr: 0.100000
2022-05-23 17:20:30,495 ----------------------------------------------------------------------------------------------------
2022-05-23 17:20:30,495 EPOCH 11 done: loss 0.0842 - lr 0.100000
2022-05-23 17:20:39,325 Evaluating as a multi-label problem: False
2022-05-23 17:20:39,337 DEV : loss 0.1870168298482895 - f1-score (micro avg)  0.5411
2022-05-23 17:20:39,425 BAD EPOCHS (no improvement): 3
2022-05-23 17:20:39,427 ----------------------------------------------------------------------------------------------------
2022-05-23 17:20:42,310 epoch 12 - iter 10/107 - loss 0.08933585 - samples/sec: 111.03 - lr: 0.100000
2022-05-23 17:20:45,446 epoch 12 - iter 20/107 - loss 0.08600330 - samples/sec: 102.09 - lr: 0.100000
2022-05-23 17:20:48,495 epoch 12 - iter 30/107 - loss 0.08588224 - samples/sec: 104.96 - lr: 0.100000
2022-05-23 17:20:51,623 epoch 12 - iter 40/107 - loss 0.08188512 - samples/sec: 102.35 - lr: 0.100000
2022-05-23 17:20:54,540 epoch 12 - iter 50/107 - loss 0.07957781 - samples/sec: 109.73 - lr: 0.100000
2022-05-23 17:20:57,598 epoch 12 - iter 60/107 - loss 0.07842605 - samples/sec: 104.68 - lr: 0.100000
2022-05-23 17:21:00,479 epoch 12 - iter 70/107 - loss 0.07953414 - samples/sec: 111.13 - lr: 0.100000
2022-05-23 17:21:02,874 epoch 12 - iter 80/107 - loss 0.08027659 - samples/sec: 133.65 - lr: 0.100000
2022-05-23 17:21:05,509 epoch 12 - iter 90/107 - loss 0.07944497 - samples/sec: 121.46 - lr: 0.100000
2022-05-23 17:21:13,409 epoch 12 - iter 100/107 - loss 0.07917988 - samples/sec: 40.51 - lr: 0.100000
2022-05-23 17:21:15,290 ----------------------------------------------------------------------------------------------------
2022-05-23 17:21:15,290 EPOCH 12 done: loss 0.0787 - lr 0.100000
2022-05-23 17:21:23,964 Evaluating as a multi-label problem: False
2022-05-23 17:21:23,974 DEV : loss 0.23721449077129364 - f1-score (micro avg)  0.4521
2022-05-23 17:21:24,064 Epoch    12: reducing learning rate of group 0 to 5.0000e-02.
2022-05-23 17:21:24,064 BAD EPOCHS (no improvement): 4
2022-05-23 17:21:24,067 ----------------------------------------------------------------------------------------------------
2022-05-23 17:21:26,856 epoch 13 - iter 10/107 - loss 0.08616806 - samples/sec: 114.80 - lr: 0.050000
2022-05-23 17:21:29,964 epoch 13 - iter 20/107 - loss 0.07582139 - samples/sec: 102.99 - lr: 0.050000
2022-05-23 17:21:33,040 epoch 13 - iter 30/107 - loss 0.07670169 - samples/sec: 104.07 - lr: 0.050000
2022-05-23 17:21:35,939 epoch 13 - iter 40/107 - loss 0.07963887 - samples/sec: 110.42 - lr: 0.050000
2022-05-23 17:21:38,996 epoch 13 - iter 50/107 - loss 0.07919751 - samples/sec: 104.71 - lr: 0.050000
2022-05-23 17:21:42,038 epoch 13 - iter 60/107 - loss 0.07408970 - samples/sec: 105.21 - lr: 0.050000
2022-05-23 17:21:44,897 epoch 13 - iter 70/107 - loss 0.07270429 - samples/sec: 111.98 - lr: 0.050000
2022-05-23 17:21:47,755 epoch 13 - iter 80/107 - loss 0.07148624 - samples/sec: 111.99 - lr: 0.050000
2022-05-23 17:21:50,394 epoch 13 - iter 90/107 - loss 0.07069834 - samples/sec: 121.30 - lr: 0.050000
2022-05-23 17:21:53,175 epoch 13 - iter 100/107 - loss 0.07046177 - samples/sec: 115.12 - lr: 0.050000
2022-05-23 17:21:54,920 ----------------------------------------------------------------------------------------------------
2022-05-23 17:21:54,921 EPOCH 13 done: loss 0.0709 - lr 0.050000
2022-05-23 17:22:03,176 Evaluating as a multi-label problem: False
2022-05-23 17:22:03,186 DEV : loss 0.18383416533470154 - f1-score (micro avg)  0.5241
2022-05-23 17:22:03,273 BAD EPOCHS (no improvement): 1
2022-05-23 17:22:03,276 ----------------------------------------------------------------------------------------------------
2022-05-23 17:22:06,125 epoch 14 - iter 10/107 - loss 0.05904670 - samples/sec: 112.38 - lr: 0.050000
2022-05-23 17:22:09,036 epoch 14 - iter 20/107 - loss 0.06220224 - samples/sec: 109.98 - lr: 0.050000
2022-05-23 17:22:12,074 epoch 14 - iter 30/107 - loss 0.06192985 - samples/sec: 105.37 - lr: 0.050000
2022-05-23 17:22:14,751 epoch 14 - iter 40/107 - loss 0.06291769 - samples/sec: 119.57 - lr: 0.050000
2022-05-23 17:22:17,774 epoch 14 - iter 50/107 - loss 0.06553911 - samples/sec: 105.91 - lr: 0.050000
2022-05-23 17:22:20,697 epoch 14 - iter 60/107 - loss 0.06440731 - samples/sec: 109.49 - lr: 0.050000
2022-05-23 17:22:23,805 epoch 14 - iter 70/107 - loss 0.06527938 - samples/sec: 103.01 - lr: 0.050000
2022-05-23 17:22:26,851 epoch 14 - iter 80/107 - loss 0.06486762 - samples/sec: 105.09 - lr: 0.050000
2022-05-23 17:22:29,742 epoch 14 - iter 90/107 - loss 0.06402802 - samples/sec: 110.70 - lr: 0.050000
2022-05-23 17:22:32,892 epoch 14 - iter 100/107 - loss 0.06594916 - samples/sec: 101.64 - lr: 0.050000
2022-05-23 17:22:34,925 ----------------------------------------------------------------------------------------------------
2022-05-23 17:22:34,925 EPOCH 14 done: loss 0.0664 - lr 0.050000
2022-05-23 17:22:43,081 Evaluating as a multi-label problem: False
2022-05-23 17:22:43,092 DEV : loss 0.18065740168094635 - f1-score (micro avg)  0.5357
2022-05-23 17:22:43,179 BAD EPOCHS (no improvement): 2
2022-05-23 17:22:43,182 ----------------------------------------------------------------------------------------------------
2022-05-23 17:22:45,882 epoch 15 - iter 10/107 - loss 0.06448102 - samples/sec: 118.58 - lr: 0.050000
2022-05-23 17:22:48,963 epoch 15 - iter 20/107 - loss 0.06667596 - samples/sec: 103.89 - lr: 0.050000
2022-05-23 17:22:51,780 epoch 15 - iter 30/107 - loss 0.06351123 - samples/sec: 113.63 - lr: 0.050000
2022-05-23 17:22:54,783 epoch 15 - iter 40/107 - loss 0.06736767 - samples/sec: 106.60 - lr: 0.050000
2022-05-23 17:22:57,725 epoch 15 - iter 50/107 - loss 0.06569177 - samples/sec: 108.78 - lr: 0.050000
2022-05-23 17:23:00,636 epoch 15 - iter 60/107 - loss 0.06423027 - samples/sec: 109.98 - lr: 0.050000
2022-05-23 17:23:03,606 epoch 15 - iter 70/107 - loss 0.06407808 - samples/sec: 107.79 - lr: 0.050000
2022-05-23 17:23:06,489 epoch 15 - iter 80/107 - loss 0.06429496 - samples/sec: 111.03 - lr: 0.050000
2022-05-23 17:23:09,492 epoch 15 - iter 90/107 - loss 0.06464944 - samples/sec: 106.60 - lr: 0.050000
2022-05-23 17:23:12,509 epoch 15 - iter 100/107 - loss 0.06470740 - samples/sec: 106.11 - lr: 0.050000
2022-05-23 17:23:14,280 ----------------------------------------------------------------------------------------------------
2022-05-23 17:23:14,280 EPOCH 15 done: loss 0.0647 - lr 0.050000
2022-05-23 17:23:23,550 Evaluating as a multi-label problem: False
2022-05-23 17:23:23,561 DEV : loss 0.16707372665405273 - f1-score (micro avg)  0.5636
2022-05-23 17:23:23,650 BAD EPOCHS (no improvement): 0
2022-05-23 17:23:23,653 saving best model
2022-05-23 17:24:29,186 ----------------------------------------------------------------------------------------------------
2022-05-23 17:24:33,731 epoch 16 - iter 10/107 - loss 0.06518161 - samples/sec: 70.44 - lr: 0.050000
2022-05-23 17:24:38,077 epoch 16 - iter 20/107 - loss 0.05397988 - samples/sec: 73.64 - lr: 0.050000
2022-05-23 17:24:41,834 epoch 16 - iter 30/107 - loss 0.05834623 - samples/sec: 85.19 - lr: 0.050000
2022-05-23 17:24:44,859 epoch 16 - iter 40/107 - loss 0.05917772 - samples/sec: 105.83 - lr: 0.050000
2022-05-23 17:24:47,705 epoch 16 - iter 50/107 - loss 0.06118873 - samples/sec: 112.47 - lr: 0.050000
2022-05-23 17:24:50,800 epoch 16 - iter 60/107 - loss 0.06062344 - samples/sec: 103.43 - lr: 0.050000
2022-05-23 17:24:53,874 epoch 16 - iter 70/107 - loss 0.06243181 - samples/sec: 104.15 - lr: 0.050000
2022-05-23 17:24:56,938 epoch 16 - iter 80/107 - loss 0.06287815 - samples/sec: 104.49 - lr: 0.050000
2022-05-23 17:25:00,039 epoch 16 - iter 90/107 - loss 0.06232176 - samples/sec: 103.23 - lr: 0.050000
2022-05-23 17:25:02,911 epoch 16 - iter 100/107 - loss 0.06285747 - samples/sec: 111.45 - lr: 0.050000
2022-05-23 17:25:04,674 ----------------------------------------------------------------------------------------------------
2022-05-23 17:25:04,674 EPOCH 16 done: loss 0.0630 - lr 0.050000
2022-05-23 17:25:14,072 Evaluating as a multi-label problem: False
2022-05-23 17:25:14,083 DEV : loss 0.18254338204860687 - f1-score (micro avg)  0.5349
2022-05-23 17:25:14,171 BAD EPOCHS (no improvement): 1
2022-05-23 17:25:14,174 ----------------------------------------------------------------------------------------------------
2022-05-23 17:25:17,219 epoch 17 - iter 10/107 - loss 0.06159930 - samples/sec: 105.14 - lr: 0.050000
2022-05-23 17:25:20,224 epoch 17 - iter 20/107 - loss 0.05835868 - samples/sec: 106.51 - lr: 0.050000
2022-05-23 17:25:22,912 epoch 17 - iter 30/107 - loss 0.06025408 - samples/sec: 119.08 - lr: 0.050000
2022-05-23 17:25:25,503 epoch 17 - iter 40/107 - loss 0.06009325 - samples/sec: 123.59 - lr: 0.050000
2022-05-23 17:25:28,224 epoch 17 - iter 50/107 - loss 0.05930892 - samples/sec: 117.65 - lr: 0.050000
2022-05-23 17:25:30,883 epoch 17 - iter 60/107 - loss 0.05914500 - samples/sec: 120.37 - lr: 0.050000
2022-05-23 17:25:33,535 epoch 17 - iter 70/107 - loss 0.05750412 - samples/sec: 120.73 - lr: 0.050000
2022-05-23 17:25:35,291 epoch 17 - iter 80/107 - loss 0.05910600 - samples/sec: 182.29 - lr: 0.050000
2022-05-23 17:25:37,140 epoch 17 - iter 90/107 - loss 0.06044965 - samples/sec: 173.20 - lr: 0.050000
2022-05-23 17:25:39,071 epoch 17 - iter 100/107 - loss 0.06244762 - samples/sec: 165.75 - lr: 0.050000
2022-05-23 17:25:40,200 ----------------------------------------------------------------------------------------------------
2022-05-23 17:25:40,201 EPOCH 17 done: loss 0.0622 - lr 0.050000
2022-05-23 17:25:46,626 Evaluating as a multi-label problem: False
2022-05-23 17:25:46,637 DEV : loss 0.18964837491512299 - f1-score (micro avg)  0.5375
2022-05-23 17:25:46,727 BAD EPOCHS (no improvement): 2
2022-05-23 17:25:46,730 ----------------------------------------------------------------------------------------------------
2022-05-23 17:25:48,717 epoch 18 - iter 10/107 - loss 0.06017244 - samples/sec: 161.13 - lr: 0.050000
2022-05-23 17:25:50,669 epoch 18 - iter 20/107 - loss 0.05981010 - samples/sec: 164.04 - lr: 0.050000
2022-05-23 17:25:52,543 epoch 18 - iter 30/107 - loss 0.06037419 - samples/sec: 170.87 - lr: 0.050000
2022-05-23 17:25:54,461 epoch 18 - iter 40/107 - loss 0.05845347 - samples/sec: 166.93 - lr: 0.050000
2022-05-23 17:25:56,262 epoch 18 - iter 50/107 - loss 0.05778645 - samples/sec: 177.81 - lr: 0.050000
2022-05-23 17:25:58,124 epoch 18 - iter 60/107 - loss 0.05893429 - samples/sec: 171.94 - lr: 0.050000
2022-05-23 17:26:00,035 epoch 18 - iter 70/107 - loss 0.05926266 - samples/sec: 167.56 - lr: 0.050000
2022-05-23 17:26:02,058 epoch 18 - iter 80/107 - loss 0.05961656 - samples/sec: 158.20 - lr: 0.050000
2022-05-23 17:26:03,972 epoch 18 - iter 90/107 - loss 0.05972834 - samples/sec: 167.26 - lr: 0.050000
2022-05-23 17:26:06,996 epoch 18 - iter 100/107 - loss 0.05881199 - samples/sec: 105.88 - lr: 0.050000
2022-05-23 17:26:08,965 ----------------------------------------------------------------------------------------------------
2022-05-23 17:26:08,966 EPOCH 18 done: loss 0.0590 - lr 0.050000
2022-05-23 17:26:17,883 Evaluating as a multi-label problem: False
2022-05-23 17:26:17,894 DEV : loss 0.19414010643959045 - f1-score (micro avg)  0.5337
2022-05-23 17:26:17,981 BAD EPOCHS (no improvement): 3
2022-05-23 17:26:17,983 ----------------------------------------------------------------------------------------------------
2022-05-23 17:26:21,064 epoch 19 - iter 10/107 - loss 0.05354550 - samples/sec: 103.89 - lr: 0.050000
2022-05-23 17:26:24,104 epoch 19 - iter 20/107 - loss 0.05225816 - samples/sec: 105.28 - lr: 0.050000
2022-05-23 17:26:27,166 epoch 19 - iter 30/107 - loss 0.05362467 - samples/sec: 104.57 - lr: 0.050000
2022-05-23 17:26:29,996 epoch 19 - iter 40/107 - loss 0.05251219 - samples/sec: 113.08 - lr: 0.050000
2022-05-23 17:26:33,119 epoch 19 - iter 50/107 - loss 0.05434892 - samples/sec: 102.50 - lr: 0.050000
2022-05-23 17:26:36,018 epoch 19 - iter 60/107 - loss 0.05506759 - samples/sec: 110.44 - lr: 0.050000
2022-05-23 17:26:38,817 epoch 19 - iter 70/107 - loss 0.05429916 - samples/sec: 114.36 - lr: 0.050000
2022-05-23 17:26:41,888 epoch 19 - iter 80/107 - loss 0.05464530 - samples/sec: 104.24 - lr: 0.050000
2022-05-23 17:26:44,646 epoch 19 - iter 90/107 - loss 0.05497689 - samples/sec: 116.09 - lr: 0.050000
2022-05-23 17:26:47,249 epoch 19 - iter 100/107 - loss 0.05554903 - samples/sec: 122.96 - lr: 0.050000
2022-05-23 17:26:48,894 ----------------------------------------------------------------------------------------------------
2022-05-23 17:26:48,894 EPOCH 19 done: loss 0.0553 - lr 0.050000
2022-05-23 17:26:56,115 Evaluating as a multi-label problem: False
2022-05-23 17:26:56,127 DEV : loss 0.18851624429225922 - f1-score (micro avg)  0.5413
2022-05-23 17:26:56,215 Epoch    19: reducing learning rate of group 0 to 2.5000e-02.
2022-05-23 17:26:56,215 BAD EPOCHS (no improvement): 4
2022-05-23 17:26:56,265 ----------------------------------------------------------------------------------------------------
2022-05-23 17:26:58,284 epoch 20 - iter 10/107 - loss 0.04795271 - samples/sec: 158.60 - lr: 0.025000
2022-05-23 17:27:00,180 epoch 20 - iter 20/107 - loss 0.04854721 - samples/sec: 168.87 - lr: 0.025000
2022-05-23 17:27:02,077 epoch 20 - iter 30/107 - loss 0.04966132 - samples/sec: 168.75 - lr: 0.025000
2022-05-23 17:27:03,979 epoch 20 - iter 40/107 - loss 0.04870204 - samples/sec: 168.31 - lr: 0.025000
2022-05-23 17:27:05,845 epoch 20 - iter 50/107 - loss 0.04980979 - samples/sec: 171.61 - lr: 0.025000
2022-05-23 17:27:07,679 epoch 20 - iter 60/107 - loss 0.05142106 - samples/sec: 174.54 - lr: 0.025000
2022-05-23 17:27:09,526 epoch 20 - iter 70/107 - loss 0.05245026 - samples/sec: 173.36 - lr: 0.025000
2022-05-23 17:27:11,495 epoch 20 - iter 80/107 - loss 0.05279875 - samples/sec: 162.63 - lr: 0.025000
2022-05-23 17:27:13,363 epoch 20 - iter 90/107 - loss 0.05287596 - samples/sec: 171.41 - lr: 0.025000
2022-05-23 17:27:15,200 epoch 20 - iter 100/107 - loss 0.05263718 - samples/sec: 174.30 - lr: 0.025000
2022-05-23 17:27:16,321 ----------------------------------------------------------------------------------------------------
2022-05-23 17:27:16,321 EPOCH 20 done: loss 0.0523 - lr 0.025000
2022-05-23 17:27:22,651 Evaluating as a multi-label problem: False
2022-05-23 17:27:22,661 DEV : loss 0.1940235197544098 - f1-score (micro avg)  0.5358
2022-05-23 17:27:22,749 BAD EPOCHS (no improvement): 1
2022-05-23 17:27:22,774 ----------------------------------------------------------------------------------------------------
2022-05-23 17:27:24,681 epoch 21 - iter 10/107 - loss 0.04612070 - samples/sec: 167.91 - lr: 0.025000
2022-05-23 17:27:27,634 epoch 21 - iter 20/107 - loss 0.04521053 - samples/sec: 108.43 - lr: 0.025000
2022-05-23 17:27:30,526 epoch 21 - iter 30/107 - loss 0.04907664 - samples/sec: 110.69 - lr: 0.025000
2022-05-23 17:27:33,579 epoch 21 - iter 40/107 - loss 0.05242260 - samples/sec: 104.83 - lr: 0.025000
2022-05-23 17:27:36,486 epoch 21 - iter 50/107 - loss 0.05181222 - samples/sec: 110.14 - lr: 0.025000
2022-05-23 17:27:39,523 epoch 21 - iter 60/107 - loss 0.04955993 - samples/sec: 105.39 - lr: 0.025000
2022-05-23 17:27:42,381 epoch 21 - iter 70/107 - loss 0.04869545 - samples/sec: 112.03 - lr: 0.025000
2022-05-23 17:27:45,529 epoch 21 - iter 80/107 - loss 0.04909947 - samples/sec: 101.66 - lr: 0.025000
2022-05-23 17:27:48,527 epoch 21 - iter 90/107 - loss 0.05088575 - samples/sec: 106.79 - lr: 0.025000
2022-05-23 17:27:51,400 epoch 21 - iter 100/107 - loss 0.05078555 - samples/sec: 111.42 - lr: 0.025000
2022-05-23 17:27:53,379 ----------------------------------------------------------------------------------------------------
2022-05-23 17:27:53,379 EPOCH 21 done: loss 0.0514 - lr 0.025000
2022-05-23 17:28:02,150 Evaluating as a multi-label problem: False
2022-05-23 17:28:02,161 DEV : loss 0.19734987616539001 - f1-score (micro avg)  0.5449
2022-05-23 17:28:02,249 BAD EPOCHS (no improvement): 2
2022-05-23 17:28:02,252 ----------------------------------------------------------------------------------------------------
2022-05-23 17:28:05,047 epoch 22 - iter 10/107 - loss 0.04032092 - samples/sec: 114.55 - lr: 0.025000
2022-05-23 17:28:07,793 epoch 22 - iter 20/107 - loss 0.05075051 - samples/sec: 116.56 - lr: 0.025000
2022-05-23 17:28:10,599 epoch 22 - iter 30/107 - loss 0.04898488 - samples/sec: 114.06 - lr: 0.025000
2022-05-23 17:28:13,441 epoch 22 - iter 40/107 - loss 0.04982715 - samples/sec: 112.64 - lr: 0.025000
2022-05-23 17:28:15,813 epoch 22 - iter 50/107 - loss 0.05069363 - samples/sec: 134.97 - lr: 0.025000
2022-05-23 17:28:17,544 epoch 22 - iter 60/107 - loss 0.05059979 - samples/sec: 185.02 - lr: 0.025000
2022-05-23 17:28:19,324 epoch 22 - iter 70/107 - loss 0.05063513 - samples/sec: 179.79 - lr: 0.025000
2022-05-23 17:28:21,238 epoch 22 - iter 80/107 - loss 0.05133602 - samples/sec: 169.25 - lr: 0.025000
2022-05-23 17:28:23,146 epoch 22 - iter 90/107 - loss 0.05060716 - samples/sec: 167.83 - lr: 0.025000
2022-05-23 17:28:24,966 epoch 22 - iter 100/107 - loss 0.05042210 - samples/sec: 175.98 - lr: 0.025000
2022-05-23 17:28:26,072 ----------------------------------------------------------------------------------------------------
2022-05-23 17:28:26,073 EPOCH 22 done: loss 0.0501 - lr 0.025000
2022-05-23 17:28:32,305 Evaluating as a multi-label problem: False
2022-05-23 17:28:32,316 DEV : loss 0.20231062173843384 - f1-score (micro avg)  0.5084
2022-05-23 17:28:32,404 BAD EPOCHS (no improvement): 3
2022-05-23 17:28:32,405 ----------------------------------------------------------------------------------------------------
2022-05-23 17:28:34,275 epoch 23 - iter 10/107 - loss 0.04494597 - samples/sec: 171.28 - lr: 0.025000
2022-05-23 17:28:36,170 epoch 23 - iter 20/107 - loss 0.04850125 - samples/sec: 168.96 - lr: 0.025000
2022-05-23 17:28:37,955 epoch 23 - iter 30/107 - loss 0.05141258 - samples/sec: 179.35 - lr: 0.025000
2022-05-23 17:28:39,813 epoch 23 - iter 40/107 - loss 0.05272700 - samples/sec: 172.32 - lr: 0.025000
2022-05-23 17:28:41,691 epoch 23 - iter 50/107 - loss 0.05235549 - samples/sec: 170.52 - lr: 0.025000
2022-05-23 17:28:43,590 epoch 23 - iter 60/107 - loss 0.05082553 - samples/sec: 168.59 - lr: 0.025000
2022-05-23 17:28:45,517 epoch 23 - iter 70/107 - loss 0.05099759 - samples/sec: 166.17 - lr: 0.025000
2022-05-23 17:28:48,126 epoch 23 - iter 80/107 - loss 0.05019024 - samples/sec: 122.69 - lr: 0.025000
2022-05-23 17:28:51,370 epoch 23 - iter 90/107 - loss 0.04917558 - samples/sec: 98.66 - lr: 0.025000
2022-05-23 17:28:54,230 epoch 23 - iter 100/107 - loss 0.04898801 - samples/sec: 111.92 - lr: 0.025000
2022-05-23 17:28:56,233 ----------------------------------------------------------------------------------------------------
2022-05-23 17:28:56,234 EPOCH 23 done: loss 0.0493 - lr 0.025000
2022-05-23 17:29:06,320 Evaluating as a multi-label problem: False
2022-05-23 17:29:06,331 DEV : loss 0.19135615229606628 - f1-score (micro avg)  0.5349
2022-05-23 17:29:06,421 Epoch    23: reducing learning rate of group 0 to 1.2500e-02.
2022-05-23 17:29:06,421 BAD EPOCHS (no improvement): 4
2022-05-23 17:29:06,447 ----------------------------------------------------------------------------------------------------
2022-05-23 17:29:09,520 epoch 24 - iter 10/107 - loss 0.05348701 - samples/sec: 104.17 - lr: 0.012500
2022-05-23 17:29:12,423 epoch 24 - iter 20/107 - loss 0.05431207 - samples/sec: 110.28 - lr: 0.012500
2022-05-23 17:29:15,495 epoch 24 - iter 30/107 - loss 0.04902738 - samples/sec: 104.21 - lr: 0.012500
2022-05-23 17:29:18,541 epoch 24 - iter 40/107 - loss 0.04683233 - samples/sec: 105.09 - lr: 0.012500
2022-05-23 17:29:21,580 epoch 24 - iter 50/107 - loss 0.04574526 - samples/sec: 105.36 - lr: 0.012500
2022-05-23 17:29:24,722 epoch 24 - iter 60/107 - loss 0.04507474 - samples/sec: 101.86 - lr: 0.012500
2022-05-23 17:29:27,510 epoch 24 - iter 70/107 - loss 0.04626963 - samples/sec: 114.81 - lr: 0.012500
2022-05-23 17:29:30,265 epoch 24 - iter 80/107 - loss 0.04702011 - samples/sec: 116.21 - lr: 0.012500
2022-05-23 17:29:33,558 epoch 24 - iter 90/107 - loss 0.04615336 - samples/sec: 97.22 - lr: 0.012500
2022-05-23 17:29:36,646 epoch 24 - iter 100/107 - loss 0.04697144 - samples/sec: 103.68 - lr: 0.012500
2022-05-23 17:29:37,773 ----------------------------------------------------------------------------------------------------
2022-05-23 17:29:37,773 EPOCH 24 done: loss 0.0468 - lr 0.012500
2022-05-23 17:29:44,040 Evaluating as a multi-label problem: False
2022-05-23 17:29:44,052 DEV : loss 0.19199149310588837 - f1-score (micro avg)  0.5318
2022-05-23 17:29:44,152 BAD EPOCHS (no improvement): 1
2022-05-23 17:29:44,160 ----------------------------------------------------------------------------------------------------
2022-05-23 17:29:46,221 epoch 25 - iter 10/107 - loss 0.04158645 - samples/sec: 155.46 - lr: 0.012500
2022-05-23 17:29:48,196 epoch 25 - iter 20/107 - loss 0.05003665 - samples/sec: 162.12 - lr: 0.012500
2022-05-23 17:29:50,066 epoch 25 - iter 30/107 - loss 0.04795332 - samples/sec: 171.20 - lr: 0.012500
2022-05-23 17:29:51,939 epoch 25 - iter 40/107 - loss 0.04809176 - samples/sec: 170.92 - lr: 0.012500
2022-05-23 17:29:53,797 epoch 25 - iter 50/107 - loss 0.04763642 - samples/sec: 172.38 - lr: 0.012500
2022-05-23 17:29:55,668 epoch 25 - iter 60/107 - loss 0.04682581 - samples/sec: 171.12 - lr: 0.012500
2022-05-23 17:29:57,650 epoch 25 - iter 70/107 - loss 0.04682474 - samples/sec: 161.57 - lr: 0.012500
2022-05-23 17:29:59,545 epoch 25 - iter 80/107 - loss 0.04745886 - samples/sec: 168.89 - lr: 0.012500
2022-05-23 17:30:01,412 epoch 25 - iter 90/107 - loss 0.04694925 - samples/sec: 171.56 - lr: 0.012500
2022-05-23 17:30:03,323 epoch 25 - iter 100/107 - loss 0.04692714 - samples/sec: 167.49 - lr: 0.012500
2022-05-23 17:30:04,530 ----------------------------------------------------------------------------------------------------
2022-05-23 17:30:04,530 EPOCH 25 done: loss 0.0483 - lr 0.012500
2022-05-23 17:30:10,867 Evaluating as a multi-label problem: False
2022-05-23 17:30:10,878 DEV : loss 0.1916877031326294 - f1-score (micro avg)  0.5279
2022-05-23 17:30:10,968 BAD EPOCHS (no improvement): 2
2022-05-23 17:30:10,975 ----------------------------------------------------------------------------------------------------
2022-05-23 17:30:13,014 epoch 26 - iter 10/107 - loss 0.04205528 - samples/sec: 157.05 - lr: 0.012500
2022-05-23 17:30:15,081 epoch 26 - iter 20/107 - loss 0.04693851 - samples/sec: 154.91 - lr: 0.012500
2022-05-23 17:30:16,878 epoch 26 - iter 30/107 - loss 0.04613283 - samples/sec: 178.18 - lr: 0.012500
2022-05-23 17:30:19,782 epoch 26 - iter 40/107 - loss 0.04484041 - samples/sec: 110.24 - lr: 0.012500
2022-05-23 17:30:22,835 epoch 26 - iter 50/107 - loss 0.04522390 - samples/sec: 104.84 - lr: 0.012500
2022-05-23 17:30:25,840 epoch 26 - iter 60/107 - loss 0.04424377 - samples/sec: 106.53 - lr: 0.012500
2022-05-23 17:30:28,818 epoch 26 - iter 70/107 - loss 0.04390332 - samples/sec: 107.49 - lr: 0.012500
2022-05-23 17:30:31,796 epoch 26 - iter 80/107 - loss 0.04532752 - samples/sec: 107.48 - lr: 0.012500
2022-05-23 17:30:34,971 epoch 26 - iter 90/107 - loss 0.04520078 - samples/sec: 100.82 - lr: 0.012500
2022-05-23 17:30:38,007 epoch 26 - iter 100/107 - loss 0.04541529 - samples/sec: 105.44 - lr: 0.012500
2022-05-23 17:30:39,910 ----------------------------------------------------------------------------------------------------
2022-05-23 17:30:39,911 EPOCH 26 done: loss 0.0453 - lr 0.012500
2022-05-23 17:30:48,894 Evaluating as a multi-label problem: False
2022-05-23 17:30:48,905 DEV : loss 0.19150686264038086 - f1-score (micro avg)  0.5441
2022-05-23 17:30:48,994 BAD EPOCHS (no improvement): 3
2022-05-23 17:30:48,997 ----------------------------------------------------------------------------------------------------
2022-05-23 17:30:51,889 epoch 27 - iter 10/107 - loss 0.04326166 - samples/sec: 110.70 - lr: 0.012500
2022-05-23 17:30:54,917 epoch 27 - iter 20/107 - loss 0.04211704 - samples/sec: 105.72 - lr: 0.012500
2022-05-23 17:30:57,822 epoch 27 - iter 30/107 - loss 0.04508121 - samples/sec: 110.20 - lr: 0.012500
2022-05-23 17:31:00,741 epoch 27 - iter 40/107 - loss 0.04383209 - samples/sec: 109.65 - lr: 0.012500
2022-05-23 17:31:03,517 epoch 27 - iter 50/107 - loss 0.04237298 - samples/sec: 115.32 - lr: 0.012500
2022-05-23 17:31:06,302 epoch 27 - iter 60/107 - loss 0.04224655 - samples/sec: 114.93 - lr: 0.012500
2022-05-23 17:31:08,997 epoch 27 - iter 70/107 - loss 0.04201196 - samples/sec: 118.80 - lr: 0.012500
2022-05-23 17:31:11,953 epoch 27 - iter 80/107 - loss 0.04262576 - samples/sec: 108.27 - lr: 0.012500
2022-05-23 17:31:14,893 epoch 27 - iter 90/107 - loss 0.04434581 - samples/sec: 108.88 - lr: 0.012500
2022-05-23 17:31:17,791 epoch 27 - iter 100/107 - loss 0.04441004 - samples/sec: 110.49 - lr: 0.012500
2022-05-23 17:31:19,734 ----------------------------------------------------------------------------------------------------
2022-05-23 17:31:19,734 EPOCH 27 done: loss 0.0442 - lr 0.012500
2022-05-23 17:31:28,465 Evaluating as a multi-label problem: False
2022-05-23 17:31:28,476 DEV : loss 0.1949755847454071 - f1-score (micro avg)  0.5348
2022-05-23 17:31:28,564 Epoch    27: reducing learning rate of group 0 to 6.2500e-03.
2022-05-23 17:31:28,564 BAD EPOCHS (no improvement): 4
2022-05-23 17:31:28,567 ----------------------------------------------------------------------------------------------------
2022-05-23 17:31:31,401 epoch 28 - iter 10/107 - loss 0.04260539 - samples/sec: 112.95 - lr: 0.006250
2022-05-23 17:31:34,453 epoch 28 - iter 20/107 - loss 0.04593042 - samples/sec: 104.89 - lr: 0.006250
2022-05-23 17:31:37,444 epoch 28 - iter 30/107 - loss 0.04174265 - samples/sec: 107.00 - lr: 0.006250
2022-05-23 17:31:40,340 epoch 28 - iter 40/107 - loss 0.04063643 - samples/sec: 110.53 - lr: 0.006250
2022-05-23 17:31:43,322 epoch 28 - iter 50/107 - loss 0.04139687 - samples/sec: 107.35 - lr: 0.006250
2022-05-23 17:31:46,364 epoch 28 - iter 60/107 - loss 0.04120618 - samples/sec: 105.25 - lr: 0.006250
2022-05-23 17:31:49,213 epoch 28 - iter 70/107 - loss 0.04375127 - samples/sec: 112.37 - lr: 0.006250
2022-05-23 17:31:52,181 epoch 28 - iter 80/107 - loss 0.04501491 - samples/sec: 107.85 - lr: 0.006250
2022-05-23 17:31:54,898 epoch 28 - iter 90/107 - loss 0.04499045 - samples/sec: 117.79 - lr: 0.006250
2022-05-23 17:31:57,697 epoch 28 - iter 100/107 - loss 0.04505442 - samples/sec: 114.40 - lr: 0.006250
2022-05-23 17:31:59,382 ----------------------------------------------------------------------------------------------------
2022-05-23 17:31:59,382 EPOCH 28 done: loss 0.0446 - lr 0.006250
2022-05-23 17:32:08,758 Evaluating as a multi-label problem: False
2022-05-23 17:32:08,769 DEV : loss 0.1916389912366867 - f1-score (micro avg)  0.5347
2022-05-23 17:32:08,857 BAD EPOCHS (no improvement): 1
2022-05-23 17:32:08,859 ----------------------------------------------------------------------------------------------------
2022-05-23 17:32:11,979 epoch 29 - iter 10/107 - loss 0.05079725 - samples/sec: 102.59 - lr: 0.006250
2022-05-23 17:32:14,935 epoch 29 - iter 20/107 - loss 0.05056245 - samples/sec: 108.31 - lr: 0.006250
2022-05-23 17:32:17,745 epoch 29 - iter 30/107 - loss 0.04998778 - samples/sec: 113.93 - lr: 0.006250
2022-05-23 17:32:20,739 epoch 29 - iter 40/107 - loss 0.04842906 - samples/sec: 106.90 - lr: 0.006250
2022-05-23 17:32:23,953 epoch 29 - iter 50/107 - loss 0.04669843 - samples/sec: 99.58 - lr: 0.006250
2022-05-23 17:32:27,131 epoch 29 - iter 60/107 - loss 0.04604695 - samples/sec: 100.74 - lr: 0.006250
2022-05-23 17:32:30,079 epoch 29 - iter 70/107 - loss 0.04432013 - samples/sec: 108.58 - lr: 0.006250
2022-05-23 17:32:33,213 epoch 29 - iter 80/107 - loss 0.04269135 - samples/sec: 102.15 - lr: 0.006250
2022-05-23 17:32:36,189 epoch 29 - iter 90/107 - loss 0.04409338 - samples/sec: 107.55 - lr: 0.006250
2022-05-23 17:32:39,063 epoch 29 - iter 100/107 - loss 0.04343351 - samples/sec: 111.39 - lr: 0.006250
2022-05-23 17:32:40,783 ----------------------------------------------------------------------------------------------------
2022-05-23 17:32:40,783 EPOCH 29 done: loss 0.0443 - lr 0.006250
2022-05-23 17:32:48,825 Evaluating as a multi-label problem: False
2022-05-23 17:32:48,836 DEV : loss 0.19177702069282532 - f1-score (micro avg)  0.5389
2022-05-23 17:32:48,928 BAD EPOCHS (no improvement): 2
2022-05-23 17:32:48,931 ----------------------------------------------------------------------------------------------------
2022-05-23 17:32:51,807 epoch 30 - iter 10/107 - loss 0.04365871 - samples/sec: 111.31 - lr: 0.006250
2022-05-23 17:32:54,844 epoch 30 - iter 20/107 - loss 0.04123007 - samples/sec: 105.39 - lr: 0.006250
2022-05-23 17:32:57,845 epoch 30 - iter 30/107 - loss 0.04379371 - samples/sec: 106.68 - lr: 0.006250
2022-05-23 17:33:00,753 epoch 30 - iter 40/107 - loss 0.04504867 - samples/sec: 110.08 - lr: 0.006250
2022-05-23 17:33:03,771 epoch 30 - iter 50/107 - loss 0.04438408 - samples/sec: 106.05 - lr: 0.006250
2022-05-23 17:33:06,682 epoch 30 - iter 60/107 - loss 0.04365669 - samples/sec: 109.96 - lr: 0.006250
2022-05-23 17:33:09,791 epoch 30 - iter 70/107 - loss 0.04417566 - samples/sec: 102.96 - lr: 0.006250
2022-05-23 17:33:12,763 epoch 30 - iter 80/107 - loss 0.04391069 - samples/sec: 107.72 - lr: 0.006250
2022-05-23 17:33:15,818 epoch 30 - iter 90/107 - loss 0.04399903 - samples/sec: 104.78 - lr: 0.006250
2022-05-23 17:33:18,828 epoch 30 - iter 100/107 - loss 0.04516767 - samples/sec: 106.34 - lr: 0.006250
2022-05-23 17:33:20,552 ----------------------------------------------------------------------------------------------------
2022-05-23 17:33:20,553 EPOCH 30 done: loss 0.0444 - lr 0.006250
2022-05-23 17:33:29,053 Evaluating as a multi-label problem: False
2022-05-23 17:33:29,064 DEV : loss 0.19100160896778107 - f1-score (micro avg)  0.5344
2022-05-23 17:33:29,154 BAD EPOCHS (no improvement): 3
2022-05-23 17:33:29,156 ----------------------------------------------------------------------------------------------------
2022-05-23 17:33:31,964 epoch 31 - iter 10/107 - loss 0.04670531 - samples/sec: 114.03 - lr: 0.006250
2022-05-23 17:33:34,577 epoch 31 - iter 20/107 - loss 0.04450857 - samples/sec: 122.53 - lr: 0.006250
2022-05-23 17:33:37,489 epoch 31 - iter 30/107 - loss 0.04257000 - samples/sec: 109.92 - lr: 0.006250
2022-05-23 17:33:39,942 epoch 31 - iter 40/107 - loss 0.04304521 - samples/sec: 130.49 - lr: 0.006250
2022-05-23 17:33:41,738 epoch 31 - iter 50/107 - loss 0.04275578 - samples/sec: 178.33 - lr: 0.006250
2022-05-23 17:33:43,543 epoch 31 - iter 60/107 - loss 0.04221678 - samples/sec: 177.30 - lr: 0.006250
2022-05-23 17:33:45,350 epoch 31 - iter 70/107 - loss 0.04255146 - samples/sec: 177.20 - lr: 0.006250
2022-05-23 17:33:47,276 epoch 31 - iter 80/107 - loss 0.04207941 - samples/sec: 166.26 - lr: 0.006250
2022-05-23 17:33:49,090 epoch 31 - iter 90/107 - loss 0.04151393 - samples/sec: 176.51 - lr: 0.006250
2022-05-23 17:33:50,996 epoch 31 - iter 100/107 - loss 0.04246393 - samples/sec: 168.00 - lr: 0.006250
2022-05-23 17:33:52,162 ----------------------------------------------------------------------------------------------------
2022-05-23 17:33:52,162 EPOCH 31 done: loss 0.0427 - lr 0.006250
2022-05-23 17:33:58,492 Evaluating as a multi-label problem: False
2022-05-23 17:33:58,503 DEV : loss 0.1936992108821869 - f1-score (micro avg)  0.5289
2022-05-23 17:33:58,590 Epoch    31: reducing learning rate of group 0 to 3.1250e-03.
2022-05-23 17:33:58,590 BAD EPOCHS (no improvement): 4
2022-05-23 17:33:58,592 ----------------------------------------------------------------------------------------------------
2022-05-23 17:34:00,471 epoch 32 - iter 10/107 - loss 0.04740730 - samples/sec: 170.42 - lr: 0.003125
2022-05-23 17:34:02,440 epoch 32 - iter 20/107 - loss 0.04356953 - samples/sec: 162.55 - lr: 0.003125
2022-05-23 17:34:04,414 epoch 32 - iter 30/107 - loss 0.04116430 - samples/sec: 162.24 - lr: 0.003125
2022-05-23 17:34:06,271 epoch 32 - iter 40/107 - loss 0.04062042 - samples/sec: 172.35 - lr: 0.003125
2022-05-23 17:34:08,113 epoch 32 - iter 50/107 - loss 0.04100158 - samples/sec: 173.90 - lr: 0.003125
2022-05-23 17:34:09,950 epoch 32 - iter 60/107 - loss 0.04207530 - samples/sec: 174.26 - lr: 0.003125
2022-05-23 17:34:11,807 epoch 32 - iter 70/107 - loss 0.04191743 - samples/sec: 172.37 - lr: 0.003125
2022-05-23 17:34:13,678 epoch 32 - iter 80/107 - loss 0.04234208 - samples/sec: 171.09 - lr: 0.003125
2022-05-23 17:34:16,002 epoch 32 - iter 90/107 - loss 0.04243548 - samples/sec: 137.79 - lr: 0.003125
2022-05-23 17:34:18,838 epoch 32 - iter 100/107 - loss 0.04329719 - samples/sec: 112.85 - lr: 0.003125
2022-05-23 17:34:20,683 ----------------------------------------------------------------------------------------------------
2022-05-23 17:34:20,683 EPOCH 32 done: loss 0.0439 - lr 0.003125
2022-05-23 17:34:30,140 Evaluating as a multi-label problem: False
2022-05-23 17:34:30,151 DEV : loss 0.18883642554283142 - f1-score (micro avg)  0.5427
2022-05-23 17:34:30,241 BAD EPOCHS (no improvement): 1
2022-05-23 17:34:30,308 ----------------------------------------------------------------------------------------------------
2022-05-23 17:34:33,538 epoch 33 - iter 10/107 - loss 0.03741919 - samples/sec: 99.13 - lr: 0.003125
2022-05-23 17:34:43,529 epoch 33 - iter 20/107 - loss 0.04418116 - samples/sec: 103.89 - lr: 0.003125
2022-05-23 17:34:46,660 epoch 33 - iter 30/107 - loss 0.04381765 - samples/sec: 102.23 - lr: 0.003125
2022-05-23 17:34:49,746 epoch 33 - iter 40/107 - loss 0.04685716 - samples/sec: 103.74 - lr: 0.003125
2022-05-23 17:34:52,678 epoch 33 - iter 50/107 - loss 0.04689790 - samples/sec: 109.17 - lr: 0.003125
2022-05-23 17:34:55,329 epoch 33 - iter 60/107 - loss 0.04614911 - samples/sec: 120.76 - lr: 0.003125
2022-05-23 17:34:57,921 epoch 33 - iter 70/107 - loss 0.04497912 - samples/sec: 123.50 - lr: 0.003125
2022-05-23 17:35:00,754 epoch 33 - iter 80/107 - loss 0.04460953 - samples/sec: 113.03 - lr: 0.003125
2022-05-23 17:35:03,003 epoch 33 - iter 90/107 - loss 0.04438560 - samples/sec: 142.35 - lr: 0.003125
2022-05-23 17:35:04,724 epoch 33 - iter 100/107 - loss 0.04358108 - samples/sec: 186.01 - lr: 0.003125
2022-05-23 17:35:05,856 ----------------------------------------------------------------------------------------------------
2022-05-23 17:35:05,856 EPOCH 33 done: loss 0.0437 - lr 0.003125
2022-05-23 17:35:12,368 Evaluating as a multi-label problem: False
2022-05-23 17:35:12,379 DEV : loss 0.18794307112693787 - f1-score (micro avg)  0.537
2022-05-23 17:35:12,468 BAD EPOCHS (no improvement): 2
2022-05-23 17:35:12,487 ----------------------------------------------------------------------------------------------------
2022-05-23 17:35:14,562 epoch 34 - iter 10/107 - loss 0.03647286 - samples/sec: 154.33 - lr: 0.003125
2022-05-23 17:35:16,460 epoch 34 - iter 20/107 - loss 0.03874248 - samples/sec: 168.76 - lr: 0.003125
2022-05-23 17:35:18,311 epoch 34 - iter 30/107 - loss 0.03911861 - samples/sec: 172.90 - lr: 0.003125
2022-05-23 17:35:20,161 epoch 34 - iter 40/107 - loss 0.03724428 - samples/sec: 173.06 - lr: 0.003125
2022-05-23 17:35:21,999 epoch 34 - iter 50/107 - loss 0.03959852 - samples/sec: 174.17 - lr: 0.003125
2022-05-23 17:35:23,773 epoch 34 - iter 60/107 - loss 0.04052499 - samples/sec: 180.49 - lr: 0.003125
2022-05-23 17:35:25,571 epoch 34 - iter 70/107 - loss 0.03972051 - samples/sec: 178.06 - lr: 0.003125
2022-05-23 17:35:27,402 epoch 34 - iter 80/107 - loss 0.04019228 - samples/sec: 174.86 - lr: 0.003125
2022-05-23 17:35:29,251 epoch 34 - iter 90/107 - loss 0.04193001 - samples/sec: 173.23 - lr: 0.003125
2022-05-23 17:35:31,157 epoch 34 - iter 100/107 - loss 0.04216238 - samples/sec: 167.95 - lr: 0.003125
2022-05-23 17:35:32,279 ----------------------------------------------------------------------------------------------------
2022-05-23 17:35:32,279 EPOCH 34 done: loss 0.0420 - lr 0.003125
2022-05-23 17:35:39,752 Evaluating as a multi-label problem: False
2022-05-23 17:35:39,763 DEV : loss 0.1905827671289444 - f1-score (micro avg)  0.5298
2022-05-23 17:35:39,851 BAD EPOCHS (no improvement): 3
2022-05-23 17:35:39,853 ----------------------------------------------------------------------------------------------------
2022-05-23 17:35:42,717 epoch 35 - iter 10/107 - loss 0.05528749 - samples/sec: 111.77 - lr: 0.003125
2022-05-23 17:35:45,995 epoch 35 - iter 20/107 - loss 0.04797273 - samples/sec: 97.65 - lr: 0.003125
2022-05-23 17:35:48,865 epoch 35 - iter 30/107 - loss 0.04757110 - samples/sec: 111.55 - lr: 0.003125
2022-05-23 17:35:52,061 epoch 35 - iter 40/107 - loss 0.04565172 - samples/sec: 100.14 - lr: 0.003125
2022-05-23 17:35:55,197 epoch 35 - iter 50/107 - loss 0.04460995 - samples/sec: 102.09 - lr: 0.003125
2022-05-23 17:35:58,129 epoch 35 - iter 60/107 - loss 0.04393194 - samples/sec: 109.15 - lr: 0.003125
2022-05-23 17:36:01,012 epoch 35 - iter 70/107 - loss 0.04379317 - samples/sec: 111.03 - lr: 0.003125
2022-05-23 17:36:03,864 epoch 35 - iter 80/107 - loss 0.04368563 - samples/sec: 112.26 - lr: 0.003125
2022-05-23 17:36:06,846 epoch 35 - iter 90/107 - loss 0.04418730 - samples/sec: 107.33 - lr: 0.003125
2022-05-23 17:36:09,709 epoch 35 - iter 100/107 - loss 0.04320734 - samples/sec: 111.82 - lr: 0.003125
2022-05-23 17:36:11,447 ----------------------------------------------------------------------------------------------------
2022-05-23 17:36:11,447 EPOCH 35 done: loss 0.0431 - lr 0.003125
2022-05-23 17:36:19,919 Evaluating as a multi-label problem: False
2022-05-23 17:36:19,930 DEV : loss 0.18921031057834625 - f1-score (micro avg)  0.5408
2022-05-23 17:36:20,017 Epoch    35: reducing learning rate of group 0 to 1.5625e-03.
2022-05-23 17:36:20,017 BAD EPOCHS (no improvement): 4
2022-05-23 17:36:20,020 ----------------------------------------------------------------------------------------------------
2022-05-23 17:36:22,969 epoch 36 - iter 10/107 - loss 0.04570199 - samples/sec: 108.55 - lr: 0.001563
2022-05-23 17:36:25,577 epoch 36 - iter 20/107 - loss 0.04544622 - samples/sec: 122.74 - lr: 0.001563
2022-05-23 17:36:28,420 epoch 36 - iter 30/107 - loss 0.04314179 - samples/sec: 112.58 - lr: 0.001563
2022-05-23 17:36:31,193 epoch 36 - iter 40/107 - loss 0.04181661 - samples/sec: 115.48 - lr: 0.001563
2022-05-23 17:36:34,126 epoch 36 - iter 50/107 - loss 0.04231496 - samples/sec: 109.13 - lr: 0.001563
2022-05-23 17:36:36,959 epoch 36 - iter 60/107 - loss 0.04220872 - samples/sec: 113.00 - lr: 0.001563
2022-05-23 17:36:39,821 epoch 36 - iter 70/107 - loss 0.04112540 - samples/sec: 111.85 - lr: 0.001563
2022-05-23 17:36:42,918 epoch 36 - iter 80/107 - loss 0.04141658 - samples/sec: 103.35 - lr: 0.001563
2022-05-23 17:36:46,034 epoch 36 - iter 90/107 - loss 0.04347125 - samples/sec: 102.73 - lr: 0.001563
2022-05-23 17:36:49,088 epoch 36 - iter 100/107 - loss 0.04386707 - samples/sec: 104.82 - lr: 0.001563
2022-05-23 17:36:51,058 ----------------------------------------------------------------------------------------------------
2022-05-23 17:36:51,058 EPOCH 36 done: loss 0.0437 - lr 0.001563
2022-05-23 17:37:00,095 Evaluating as a multi-label problem: False
2022-05-23 17:37:00,106 DEV : loss 0.19152700901031494 - f1-score (micro avg)  0.5341
2022-05-23 17:37:00,194 BAD EPOCHS (no improvement): 1
2022-05-23 17:37:00,222 ----------------------------------------------------------------------------------------------------
2022-05-23 17:37:03,430 epoch 37 - iter 10/107 - loss 0.04725054 - samples/sec: 99.80 - lr: 0.001563
2022-05-23 17:37:06,207 epoch 37 - iter 20/107 - loss 0.04231721 - samples/sec: 115.29 - lr: 0.001563
2022-05-23 17:37:08,909 epoch 37 - iter 30/107 - loss 0.04129793 - samples/sec: 118.47 - lr: 0.001563
2022-05-23 17:37:11,595 epoch 37 - iter 40/107 - loss 0.03992872 - samples/sec: 119.18 - lr: 0.001563
2022-05-23 17:37:14,432 epoch 37 - iter 50/107 - loss 0.04110387 - samples/sec: 112.83 - lr: 0.001563
2022-05-23 17:37:16,405 epoch 37 - iter 60/107 - loss 0.04141336 - samples/sec: 162.27 - lr: 0.001563
2022-05-23 17:37:18,147 epoch 37 - iter 70/107 - loss 0.04125334 - samples/sec: 183.78 - lr: 0.001563
2022-05-23 17:37:19,912 epoch 37 - iter 80/107 - loss 0.04080300 - samples/sec: 181.47 - lr: 0.001563
2022-05-23 17:37:21,706 epoch 37 - iter 90/107 - loss 0.04092195 - samples/sec: 178.44 - lr: 0.001563
2022-05-23 17:37:23,601 epoch 37 - iter 100/107 - loss 0.04110061 - samples/sec: 168.93 - lr: 0.001563
2022-05-23 17:37:24,736 ----------------------------------------------------------------------------------------------------
2022-05-23 17:37:24,737 EPOCH 37 done: loss 0.0411 - lr 0.001563
2022-05-23 17:37:31,024 Evaluating as a multi-label problem: False
2022-05-23 17:37:31,035 DEV : loss 0.19231878221035004 - f1-score (micro avg)  0.5335
2022-05-23 17:37:31,125 BAD EPOCHS (no improvement): 2
2022-05-23 17:37:31,128 ----------------------------------------------------------------------------------------------------
2022-05-23 17:37:33,059 epoch 38 - iter 10/107 - loss 0.05827542 - samples/sec: 165.78 - lr: 0.001563
2022-05-23 17:37:34,964 epoch 38 - iter 20/107 - loss 0.05185549 - samples/sec: 168.05 - lr: 0.001563
2022-05-23 17:37:36,838 epoch 38 - iter 30/107 - loss 0.04578242 - samples/sec: 170.82 - lr: 0.001563
2022-05-23 17:37:38,638 epoch 38 - iter 40/107 - loss 0.04560678 - samples/sec: 177.91 - lr: 0.001563
2022-05-23 17:37:40,410 epoch 38 - iter 50/107 - loss 0.04511210 - samples/sec: 180.71 - lr: 0.001563
2022-05-23 17:37:42,255 epoch 38 - iter 60/107 - loss 0.04448709 - samples/sec: 173.48 - lr: 0.001563
2022-05-23 17:37:44,219 epoch 38 - iter 70/107 - loss 0.04440388 - samples/sec: 163.03 - lr: 0.001563
2022-05-23 17:37:46,504 epoch 38 - iter 80/107 - loss 0.04456043 - samples/sec: 140.12 - lr: 0.001563
2022-05-23 17:37:49,450 epoch 38 - iter 90/107 - loss 0.04299096 - samples/sec: 108.64 - lr: 0.001563
2022-05-23 17:37:52,324 epoch 38 - iter 100/107 - loss 0.04229844 - samples/sec: 111.41 - lr: 0.001563
2022-05-23 17:37:54,160 ----------------------------------------------------------------------------------------------------
2022-05-23 17:37:54,161 EPOCH 38 done: loss 0.0427 - lr 0.001563
2022-05-23 17:38:03,129 Evaluating as a multi-label problem: False
2022-05-23 17:38:03,139 DEV : loss 0.19252870976924896 - f1-score (micro avg)  0.5331
2022-05-23 17:38:03,227 BAD EPOCHS (no improvement): 3
2022-05-23 17:38:03,230 ----------------------------------------------------------------------------------------------------
2022-05-23 17:38:06,349 epoch 39 - iter 10/107 - loss 0.04797645 - samples/sec: 102.64 - lr: 0.001563
2022-05-23 17:38:09,244 epoch 39 - iter 20/107 - loss 0.04370367 - samples/sec: 110.57 - lr: 0.001563
2022-05-23 17:38:12,200 epoch 39 - iter 30/107 - loss 0.04216785 - samples/sec: 108.30 - lr: 0.001563
2022-05-23 17:38:15,038 epoch 39 - iter 40/107 - loss 0.04106666 - samples/sec: 112.80 - lr: 0.001563
2022-05-23 17:38:17,988 epoch 39 - iter 50/107 - loss 0.04127920 - samples/sec: 108.52 - lr: 0.001563
2022-05-23 17:38:21,013 epoch 39 - iter 60/107 - loss 0.04187765 - samples/sec: 105.83 - lr: 0.001563
2022-05-23 17:38:24,181 epoch 39 - iter 70/107 - loss 0.04252464 - samples/sec: 101.02 - lr: 0.001563
2022-05-23 17:38:26,999 epoch 39 - iter 80/107 - loss 0.04294803 - samples/sec: 113.63 - lr: 0.001563
2022-05-23 17:38:29,708 epoch 39 - iter 90/107 - loss 0.04212312 - samples/sec: 118.17 - lr: 0.001563
2022-05-23 17:38:32,557 epoch 39 - iter 100/107 - loss 0.04137896 - samples/sec: 112.35 - lr: 0.001563
2022-05-23 17:38:34,162 ----------------------------------------------------------------------------------------------------
2022-05-23 17:38:34,162 EPOCH 39 done: loss 0.0418 - lr 0.001563
2022-05-23 17:38:43,188 Evaluating as a multi-label problem: False
2022-05-23 17:38:43,199 DEV : loss 0.19191670417785645 - f1-score (micro avg)  0.5335
2022-05-23 17:38:43,288 Epoch    39: reducing learning rate of group 0 to 7.8125e-04.
2022-05-23 17:38:43,288 BAD EPOCHS (no improvement): 4
2022-05-23 17:38:43,291 ----------------------------------------------------------------------------------------------------
2022-05-23 17:38:46,267 epoch 40 - iter 10/107 - loss 0.04331592 - samples/sec: 107.58 - lr: 0.000781
2022-05-23 17:38:49,110 epoch 40 - iter 20/107 - loss 0.04325692 - samples/sec: 112.58 - lr: 0.000781
2022-05-23 17:38:52,088 epoch 40 - iter 30/107 - loss 0.04234585 - samples/sec: 107.52 - lr: 0.000781
2022-05-23 17:38:54,921 epoch 40 - iter 40/107 - loss 0.04108585 - samples/sec: 112.97 - lr: 0.000781
2022-05-23 17:38:57,930 epoch 40 - iter 50/107 - loss 0.04133639 - samples/sec: 106.40 - lr: 0.000781
2022-05-23 17:39:00,784 epoch 40 - iter 60/107 - loss 0.04136847 - samples/sec: 112.17 - lr: 0.000781
2022-05-23 17:39:03,821 epoch 40 - iter 70/107 - loss 0.04259763 - samples/sec: 105.41 - lr: 0.000781
2022-05-23 17:39:06,956 epoch 40 - iter 80/107 - loss 0.04241102 - samples/sec: 102.10 - lr: 0.000781
2022-05-23 17:39:09,887 epoch 40 - iter 90/107 - loss 0.04160218 - samples/sec: 109.20 - lr: 0.000781
2022-05-23 17:39:12,940 epoch 40 - iter 100/107 - loss 0.04218312 - samples/sec: 104.85 - lr: 0.000781
2022-05-23 17:39:14,796 ----------------------------------------------------------------------------------------------------
2022-05-23 17:39:14,796 EPOCH 40 done: loss 0.0422 - lr 0.000781
2022-05-23 17:39:23,119 Evaluating as a multi-label problem: False
2022-05-23 17:39:23,130 DEV : loss 0.19123008847236633 - f1-score (micro avg)  0.5341
2022-05-23 17:39:23,217 BAD EPOCHS (no improvement): 1
2022-05-23 17:39:23,220 ----------------------------------------------------------------------------------------------------
2022-05-23 17:39:25,720 epoch 41 - iter 10/107 - loss 0.05008863 - samples/sec: 128.04 - lr: 0.000781
2022-05-23 17:39:27,470 epoch 41 - iter 20/107 - loss 0.04528648 - samples/sec: 182.98 - lr: 0.000781
2022-05-23 17:39:29,188 epoch 41 - iter 30/107 - loss 0.04459917 - samples/sec: 186.36 - lr: 0.000781
2022-05-23 17:39:30,971 epoch 41 - iter 40/107 - loss 0.04573340 - samples/sec: 179.53 - lr: 0.000781
2022-05-23 17:39:32,818 epoch 41 - iter 50/107 - loss 0.04414987 - samples/sec: 173.36 - lr: 0.000781
2022-05-23 17:39:34,648 epoch 41 - iter 60/107 - loss 0.04271625 - samples/sec: 174.97 - lr: 0.000781
2022-05-23 17:39:36,499 epoch 41 - iter 70/107 - loss 0.04310245 - samples/sec: 172.98 - lr: 0.000781
2022-05-23 17:39:38,384 epoch 41 - iter 80/107 - loss 0.04373703 - samples/sec: 169.79 - lr: 0.000781
2022-05-23 17:39:40,298 epoch 41 - iter 90/107 - loss 0.04323908 - samples/sec: 167.35 - lr: 0.000781
2022-05-23 17:39:42,108 epoch 41 - iter 100/107 - loss 0.04252368 - samples/sec: 176.81 - lr: 0.000781
2022-05-23 17:39:43,220 ----------------------------------------------------------------------------------------------------
2022-05-23 17:39:43,220 EPOCH 41 done: loss 0.0428 - lr 0.000781
2022-05-23 17:39:49,417 Evaluating as a multi-label problem: False
2022-05-23 17:39:49,428 DEV : loss 0.1923602819442749 - f1-score (micro avg)  0.535
2022-05-23 17:39:49,516 BAD EPOCHS (no improvement): 2
2022-05-23 17:39:49,519 ----------------------------------------------------------------------------------------------------
2022-05-23 17:39:51,369 epoch 42 - iter 10/107 - loss 0.03761549 - samples/sec: 173.11 - lr: 0.000781
2022-05-23 17:39:53,264 epoch 42 - iter 20/107 - loss 0.03659539 - samples/sec: 168.92 - lr: 0.000781
2022-05-23 17:39:55,062 epoch 42 - iter 30/107 - loss 0.03401388 - samples/sec: 178.10 - lr: 0.000781
2022-05-23 17:39:57,422 epoch 42 - iter 40/107 - loss 0.03615507 - samples/sec: 135.66 - lr: 0.000781
2022-05-23 17:40:00,428 epoch 42 - iter 50/107 - loss 0.03817826 - samples/sec: 106.51 - lr: 0.000781
2022-05-23 17:40:03,399 epoch 42 - iter 60/107 - loss 0.03878424 - samples/sec: 107.73 - lr: 0.000781
2022-05-23 17:40:06,371 epoch 42 - iter 70/107 - loss 0.03872958 - samples/sec: 107.70 - lr: 0.000781
2022-05-23 17:40:09,291 epoch 42 - iter 80/107 - loss 0.03965831 - samples/sec: 109.62 - lr: 0.000781
2022-05-23 17:40:12,227 epoch 42 - iter 90/107 - loss 0.04052653 - samples/sec: 109.01 - lr: 0.000781
2022-05-23 17:40:15,117 epoch 42 - iter 100/107 - loss 0.04064909 - samples/sec: 110.79 - lr: 0.000781
2022-05-23 17:40:17,005 ----------------------------------------------------------------------------------------------------
2022-05-23 17:40:17,006 EPOCH 42 done: loss 0.0409 - lr 0.000781
2022-05-23 17:40:25,798 Evaluating as a multi-label problem: False
2022-05-23 17:40:25,808 DEV : loss 0.1931225061416626 - f1-score (micro avg)  0.5339
2022-05-23 17:40:25,895 BAD EPOCHS (no improvement): 3
2022-05-23 17:40:25,898 ----------------------------------------------------------------------------------------------------
2022-05-23 17:40:28,944 epoch 43 - iter 10/107 - loss 0.02934515 - samples/sec: 105.07 - lr: 0.000781
2022-05-23 17:40:31,875 epoch 43 - iter 20/107 - loss 0.04159660 - samples/sec: 109.20 - lr: 0.000781
2022-05-23 17:40:34,995 epoch 43 - iter 30/107 - loss 0.04094357 - samples/sec: 102.61 - lr: 0.000781
2022-05-23 17:40:37,603 epoch 43 - iter 40/107 - loss 0.04047842 - samples/sec: 122.74 - lr: 0.000781
2022-05-23 17:40:40,289 epoch 43 - iter 50/107 - loss 0.04095543 - samples/sec: 119.18 - lr: 0.000781
2022-05-23 17:40:43,046 epoch 43 - iter 60/107 - loss 0.04041362 - samples/sec: 116.16 - lr: 0.000781
2022-05-23 17:40:45,764 epoch 43 - iter 70/107 - loss 0.04017458 - samples/sec: 117.74 - lr: 0.000781
2022-05-23 17:40:48,421 epoch 43 - iter 80/107 - loss 0.04045932 - samples/sec: 120.49 - lr: 0.000781
2022-05-23 17:40:51,402 epoch 43 - iter 90/107 - loss 0.03981321 - samples/sec: 107.38 - lr: 0.000781
2022-05-23 17:40:54,444 epoch 43 - iter 100/107 - loss 0.04008057 - samples/sec: 105.23 - lr: 0.000781
2022-05-23 17:40:56,202 ----------------------------------------------------------------------------------------------------
2022-05-23 17:40:56,202 EPOCH 43 done: loss 0.0404 - lr 0.000781
2022-05-23 17:41:05,276 Evaluating as a multi-label problem: False
2022-05-23 17:41:05,287 DEV : loss 0.19311077892780304 - f1-score (micro avg)  0.5342
2022-05-23 17:41:05,374 Epoch    43: reducing learning rate of group 0 to 3.9063e-04.
2022-05-23 17:41:05,374 BAD EPOCHS (no improvement): 4
2022-05-23 17:41:05,378 ----------------------------------------------------------------------------------------------------
2022-05-23 17:41:08,253 epoch 44 - iter 10/107 - loss 0.04120357 - samples/sec: 111.33 - lr: 0.000391
2022-05-23 17:41:11,398 epoch 44 - iter 20/107 - loss 0.03806872 - samples/sec: 101.79 - lr: 0.000391
2022-05-23 17:41:14,582 epoch 44 - iter 30/107 - loss 0.04042022 - samples/sec: 100.52 - lr: 0.000391
2022-05-23 17:41:17,534 epoch 44 - iter 40/107 - loss 0.04081255 - samples/sec: 108.45 - lr: 0.000391
2022-05-23 17:41:20,471 epoch 44 - iter 50/107 - loss 0.04139629 - samples/sec: 108.98 - lr: 0.000391
2022-05-23 17:41:23,510 epoch 44 - iter 60/107 - loss 0.04142598 - samples/sec: 105.34 - lr: 0.000391
2022-05-23 17:41:26,419 epoch 44 - iter 70/107 - loss 0.04136433 - samples/sec: 110.06 - lr: 0.000391
2022-05-23 17:41:29,291 epoch 44 - iter 80/107 - loss 0.04140169 - samples/sec: 111.44 - lr: 0.000391
2022-05-23 17:41:32,056 epoch 44 - iter 90/107 - loss 0.04153138 - samples/sec: 115.80 - lr: 0.000391
2022-05-23 17:41:34,782 epoch 44 - iter 100/107 - loss 0.04115071 - samples/sec: 117.43 - lr: 0.000391
2022-05-23 17:41:36,644 ----------------------------------------------------------------------------------------------------
2022-05-23 17:41:36,644 EPOCH 44 done: loss 0.0411 - lr 0.000391
2022-05-23 17:41:45,238 Evaluating as a multi-label problem: False
2022-05-23 17:41:45,249 DEV : loss 0.19307157397270203 - f1-score (micro avg)  0.5354
2022-05-23 17:41:45,340 BAD EPOCHS (no improvement): 1
2022-05-23 17:41:45,343 ----------------------------------------------------------------------------------------------------
2022-05-23 17:41:48,404 epoch 45 - iter 10/107 - loss 0.04024755 - samples/sec: 104.58 - lr: 0.000391
2022-05-23 17:41:51,586 epoch 45 - iter 20/107 - loss 0.03902727 - samples/sec: 100.62 - lr: 0.000391
2022-05-23 17:41:54,304 epoch 45 - iter 30/107 - loss 0.04131319 - samples/sec: 117.74 - lr: 0.000391
2022-05-23 17:41:57,199 epoch 45 - iter 40/107 - loss 0.03925246 - samples/sec: 110.57 - lr: 0.000391
2022-05-23 17:42:00,322 epoch 45 - iter 50/107 - loss 0.03974899 - samples/sec: 102.52 - lr: 0.000391
2022-05-23 17:42:03,266 epoch 45 - iter 60/107 - loss 0.04090442 - samples/sec: 108.73 - lr: 0.000391
2022-05-23 17:42:06,387 epoch 45 - iter 70/107 - loss 0.04210908 - samples/sec: 102.57 - lr: 0.000391
2022-05-23 17:42:09,289 epoch 45 - iter 80/107 - loss 0.04193558 - samples/sec: 110.28 - lr: 0.000391
2022-05-23 17:42:12,247 epoch 45 - iter 90/107 - loss 0.04083500 - samples/sec: 108.23 - lr: 0.000391
2022-05-23 17:42:15,192 epoch 45 - iter 100/107 - loss 0.04178531 - samples/sec: 108.67 - lr: 0.000391
2022-05-23 17:42:16,943 ----------------------------------------------------------------------------------------------------
2022-05-23 17:42:16,943 EPOCH 45 done: loss 0.0416 - lr 0.000391
2022-05-23 17:42:25,260 Evaluating as a multi-label problem: False
2022-05-23 17:42:25,271 DEV : loss 0.1931108683347702 - f1-score (micro avg)  0.5331
2022-05-23 17:42:25,359 BAD EPOCHS (no improvement): 2
2022-05-23 17:42:25,371 ----------------------------------------------------------------------------------------------------
2022-05-23 17:42:28,249 epoch 46 - iter 10/107 - loss 0.04346395 - samples/sec: 111.25 - lr: 0.000391
2022-05-23 17:42:31,011 epoch 46 - iter 20/107 - loss 0.03833500 - samples/sec: 115.91 - lr: 0.000391
2022-05-23 17:42:34,038 epoch 46 - iter 30/107 - loss 0.03799725 - samples/sec: 105.76 - lr: 0.000391
2022-05-23 17:42:36,885 epoch 46 - iter 40/107 - loss 0.03708617 - samples/sec: 112.42 - lr: 0.000391
2022-05-23 17:42:40,086 epoch 46 - iter 50/107 - loss 0.03620703 - samples/sec: 100.02 - lr: 0.000391
2022-05-23 17:42:42,981 epoch 46 - iter 60/107 - loss 0.03740360 - samples/sec: 110.58 - lr: 0.000391
2022-05-23 17:42:46,062 epoch 46 - iter 70/107 - loss 0.03853905 - samples/sec: 103.88 - lr: 0.000391
2022-05-23 17:42:49,143 epoch 46 - iter 80/107 - loss 0.03886887 - samples/sec: 103.91 - lr: 0.000391
2022-05-23 17:42:52,000 epoch 46 - iter 90/107 - loss 0.03983960 - samples/sec: 112.03 - lr: 0.000391
2022-05-23 17:42:55,015 epoch 46 - iter 100/107 - loss 0.04069420 - samples/sec: 106.17 - lr: 0.000391
2022-05-23 17:42:56,914 ----------------------------------------------------------------------------------------------------
2022-05-23 17:42:56,914 EPOCH 46 done: loss 0.0407 - lr 0.000391
2022-05-23 17:43:05,471 Evaluating as a multi-label problem: False
2022-05-23 17:43:05,482 DEV : loss 0.19273580610752106 - f1-score (micro avg)  0.5345
2022-05-23 17:43:05,569 BAD EPOCHS (no improvement): 3
2022-05-23 17:43:05,572 ----------------------------------------------------------------------------------------------------
2022-05-23 17:43:08,232 epoch 47 - iter 10/107 - loss 0.03888724 - samples/sec: 120.36 - lr: 0.000391
2022-05-23 17:43:10,934 epoch 47 - iter 20/107 - loss 0.04634091 - samples/sec: 118.48 - lr: 0.000391
2022-05-23 17:43:13,702 epoch 47 - iter 30/107 - loss 0.04582966 - samples/sec: 115.65 - lr: 0.000391
2022-05-23 17:43:16,220 epoch 47 - iter 40/107 - loss 0.04441747 - samples/sec: 127.12 - lr: 0.000391
2022-05-23 17:43:19,242 epoch 47 - iter 50/107 - loss 0.04379791 - samples/sec: 105.95 - lr: 0.000391
2022-05-23 17:43:22,387 epoch 47 - iter 60/107 - loss 0.04355319 - samples/sec: 101.76 - lr: 0.000391
2022-05-23 17:43:25,363 epoch 47 - iter 70/107 - loss 0.04267905 - samples/sec: 107.57 - lr: 0.000391
2022-05-23 17:43:28,350 epoch 47 - iter 80/107 - loss 0.04165072 - samples/sec: 107.16 - lr: 0.000391
2022-05-23 17:43:31,298 epoch 47 - iter 90/107 - loss 0.04116943 - samples/sec: 108.60 - lr: 0.000391
2022-05-23 17:43:34,282 epoch 47 - iter 100/107 - loss 0.04141357 - samples/sec: 107.28 - lr: 0.000391
2022-05-23 17:43:36,092 ----------------------------------------------------------------------------------------------------
2022-05-23 17:43:36,092 EPOCH 47 done: loss 0.0408 - lr 0.000391
2022-05-23 17:43:45,040 Evaluating as a multi-label problem: False
2022-05-23 17:43:45,051 DEV : loss 0.19273445010185242 - f1-score (micro avg)  0.5341
2022-05-23 17:43:45,140 Epoch    47: reducing learning rate of group 0 to 1.9531e-04.
2022-05-23 17:43:45,140 BAD EPOCHS (no improvement): 4
2022-05-23 17:43:45,143 ----------------------------------------------------------------------------------------------------
2022-05-23 17:43:48,269 epoch 48 - iter 10/107 - loss 0.04130181 - samples/sec: 102.40 - lr: 0.000195
2022-05-23 17:43:51,274 epoch 48 - iter 20/107 - loss 0.03865032 - samples/sec: 106.53 - lr: 0.000195
2022-05-23 17:43:54,397 epoch 48 - iter 30/107 - loss 0.03738804 - samples/sec: 102.46 - lr: 0.000195
2022-05-23 17:43:56,945 epoch 48 - iter 40/107 - loss 0.03821153 - samples/sec: 125.65 - lr: 0.000195
2022-05-23 17:43:59,763 epoch 48 - iter 50/107 - loss 0.03816512 - samples/sec: 113.60 - lr: 0.000195
2022-05-23 17:44:02,582 epoch 48 - iter 60/107 - loss 0.03776230 - samples/sec: 113.55 - lr: 0.000195
2022-05-23 17:44:05,298 epoch 48 - iter 70/107 - loss 0.03806491 - samples/sec: 117.86 - lr: 0.000195
2022-05-23 17:44:08,257 epoch 48 - iter 80/107 - loss 0.03948309 - samples/sec: 108.19 - lr: 0.000195
2022-05-23 17:44:11,257 epoch 48 - iter 90/107 - loss 0.04029816 - samples/sec: 106.73 - lr: 0.000195
2022-05-23 17:44:14,351 epoch 48 - iter 100/107 - loss 0.04038637 - samples/sec: 103.46 - lr: 0.000195
2022-05-23 17:44:16,059 ----------------------------------------------------------------------------------------------------
2022-05-23 17:44:16,059 EPOCH 48 done: loss 0.0404 - lr 0.000195
2022-05-23 17:44:25,047 Evaluating as a multi-label problem: False
2022-05-23 17:44:25,058 DEV : loss 0.1927386075258255 - f1-score (micro avg)  0.5341
2022-05-23 17:44:25,146 BAD EPOCHS (no improvement): 1
2022-05-23 17:44:25,149 ----------------------------------------------------------------------------------------------------
2022-05-23 17:44:28,159 epoch 49 - iter 10/107 - loss 0.04687797 - samples/sec: 106.36 - lr: 0.000195
2022-05-23 17:44:31,184 epoch 49 - iter 20/107 - loss 0.04726907 - samples/sec: 105.79 - lr: 0.000195
2022-05-23 17:44:34,095 epoch 49 - iter 30/107 - loss 0.04311899 - samples/sec: 109.97 - lr: 0.000195
2022-05-23 17:44:37,133 epoch 49 - iter 40/107 - loss 0.04078330 - samples/sec: 105.36 - lr: 0.000195
2022-05-23 17:44:40,290 epoch 49 - iter 50/107 - loss 0.04123185 - samples/sec: 101.40 - lr: 0.000195
2022-05-23 17:44:43,382 epoch 49 - iter 60/107 - loss 0.04137169 - samples/sec: 103.54 - lr: 0.000195
2022-05-23 17:44:46,191 epoch 49 - iter 70/107 - loss 0.04143684 - samples/sec: 113.96 - lr: 0.000195
2022-05-23 17:44:48,902 epoch 49 - iter 80/107 - loss 0.04060142 - samples/sec: 118.07 - lr: 0.000195
2022-05-23 17:44:51,608 epoch 49 - iter 90/107 - loss 0.04048393 - samples/sec: 118.28 - lr: 0.000195
2022-05-23 17:44:54,511 epoch 49 - iter 100/107 - loss 0.03993933 - samples/sec: 110.29 - lr: 0.000195
2022-05-23 17:44:56,122 ----------------------------------------------------------------------------------------------------
2022-05-23 17:44:56,122 EPOCH 49 done: loss 0.0400 - lr 0.000195
2022-05-23 17:45:04,868 Evaluating as a multi-label problem: False
2022-05-23 17:45:04,879 DEV : loss 0.19306877255439758 - f1-score (micro avg)  0.5341
2022-05-23 17:45:04,969 BAD EPOCHS (no improvement): 2
2022-05-23 17:45:04,972 ----------------------------------------------------------------------------------------------------
2022-05-23 17:45:08,024 epoch 50 - iter 10/107 - loss 0.03774919 - samples/sec: 104.90 - lr: 0.000195
2022-05-23 17:45:11,025 epoch 50 - iter 20/107 - loss 0.03792028 - samples/sec: 106.67 - lr: 0.000195
2022-05-23 17:45:14,118 epoch 50 - iter 30/107 - loss 0.03914364 - samples/sec: 103.50 - lr: 0.000195
2022-05-23 17:45:17,126 epoch 50 - iter 40/107 - loss 0.03926727 - samples/sec: 106.42 - lr: 0.000195
2022-05-23 17:45:20,109 epoch 50 - iter 50/107 - loss 0.03911919 - samples/sec: 107.32 - lr: 0.000195
2022-05-23 17:45:23,114 epoch 50 - iter 60/107 - loss 0.03921892 - samples/sec: 106.53 - lr: 0.000195
2022-05-23 17:45:26,082 epoch 50 - iter 70/107 - loss 0.03958029 - samples/sec: 107.84 - lr: 0.000195
2022-05-23 17:45:29,155 epoch 50 - iter 80/107 - loss 0.03999900 - samples/sec: 104.15 - lr: 0.000195
2022-05-23 17:45:31,969 epoch 50 - iter 90/107 - loss 0.03944916 - samples/sec: 113.76 - lr: 0.000195
2022-05-23 17:45:34,850 epoch 50 - iter 100/107 - loss 0.03956961 - samples/sec: 111.10 - lr: 0.000195
2022-05-23 17:45:36,778 ----------------------------------------------------------------------------------------------------
2022-05-23 17:45:36,778 EPOCH 50 done: loss 0.0396 - lr 0.000195
2022-05-23 17:45:44,955 Evaluating as a multi-label problem: False
2022-05-23 17:45:44,965 DEV : loss 0.1933695673942566 - f1-score (micro avg)  0.535
2022-05-23 17:45:45,055 BAD EPOCHS (no improvement): 3
2022-05-23 17:45:45,068 ----------------------------------------------------------------------------------------------------
2022-05-23 17:45:47,228 epoch 51 - iter 10/107 - loss 0.04751629 - samples/sec: 148.23 - lr: 0.000195
2022-05-23 17:45:48,982 epoch 51 - iter 20/107 - loss 0.04295992 - samples/sec: 182.60 - lr: 0.000195
2022-05-23 17:45:50,810 epoch 51 - iter 30/107 - loss 0.04208388 - samples/sec: 175.12 - lr: 0.000195
2022-05-23 17:45:52,651 epoch 51 - iter 40/107 - loss 0.04151853 - samples/sec: 173.91 - lr: 0.000195
2022-05-23 17:45:54,385 epoch 51 - iter 50/107 - loss 0.04016906 - samples/sec: 184.69 - lr: 0.000195
2022-05-23 17:45:56,182 epoch 51 - iter 60/107 - loss 0.04079868 - samples/sec: 178.15 - lr: 0.000195
2022-05-23 17:45:57,897 epoch 51 - iter 70/107 - loss 0.04059905 - samples/sec: 186.71 - lr: 0.000195
2022-05-23 17:45:59,803 epoch 51 - iter 80/107 - loss 0.04047414 - samples/sec: 167.93 - lr: 0.000195
2022-05-23 17:46:01,770 epoch 51 - iter 90/107 - loss 0.04066365 - samples/sec: 162.82 - lr: 0.000195
2022-05-23 17:46:03,607 epoch 51 - iter 100/107 - loss 0.04032880 - samples/sec: 174.24 - lr: 0.000195
2022-05-23 17:46:04,750 ----------------------------------------------------------------------------------------------------
2022-05-23 17:46:04,750 EPOCH 51 done: loss 0.0411 - lr 0.000195
2022-05-23 17:46:10,997 Evaluating as a multi-label problem: False
2022-05-23 17:46:11,008 DEV : loss 0.19319269061088562 - f1-score (micro avg)  0.5345
2022-05-23 17:46:11,096 Epoch    51: reducing learning rate of group 0 to 9.7656e-05.
2022-05-23 17:46:11,096 BAD EPOCHS (no improvement): 4
2022-05-23 17:46:11,098 ----------------------------------------------------------------------------------------------------
2022-05-23 17:46:11,098 ----------------------------------------------------------------------------------------------------
2022-05-23 17:46:11,098 learning rate too small - quitting training!
2022-05-23 17:46:11,098 ----------------------------------------------------------------------------------------------------
2022-05-23 17:47:17,862 ----------------------------------------------------------------------------------------------------
2022-05-23 17:47:17,863 loading file resources/taggers/model_07_r15_run_4/best-model.pt
2022-05-23 17:48:07,422 SequenceTagger predicts: Dictionary with 27 tags: O, S-person, B-person, E-person, I-person, S-location, B-location, E-location, I-location, S-group, B-group, E-group, I-group, S-corporation, B-corporation, E-corporation, I-corporation, S-product, B-product, E-product, I-product, S-creative-work, B-creative-work, E-creative-work, I-creative-work, <START>, <STOP>
2022-05-23 17:48:29,068 Evaluating as a multi-label problem: False
2022-05-23 17:48:29,081 0.6262	0.3494	0.4485	0.3083
2022-05-23 17:48:29,082 
Results:
- F-score (micro) 0.4485
- F-score (macro) 0.3549
- Accuracy 0.3083

By class:
               precision    recall  f1-score   support

       person     0.7285    0.4942    0.5889       429
     location     0.6891    0.5467    0.6097       150
        group     0.4737    0.2182    0.2988       165
creative-work     0.4423    0.1620    0.2371       142
      product     0.4348    0.0787    0.1333       127
  corporation     0.3415    0.2121    0.2617        66

    micro avg     0.6262    0.3494    0.4485      1079
    macro avg     0.5183    0.2853    0.3549      1079
 weighted avg     0.5882    0.3494    0.4275      1079

2022-05-23 17:48:29,082 ----------------------------------------------------------------------------------------------------
