2022-05-20 17:54:59,753 ----------------------------------------------------------------------------------------------------
2022-05-20 17:54:59,754 Model: "SequenceTagger(
  (embeddings): StackedEmbeddings(
    (list_embedding_0): GazetteerEmbeddings()
    (list_embedding_1): WordEmbeddings(
      'glove'
      (embedding): Embedding(400001, 100)
    )
    (list_embedding_2): FlairEmbeddings(
      (lm): LanguageModel(
        (drop): Dropout(p=0.05, inplace=False)
        (encoder): Embedding(300, 100)
        (rnn): LSTM(100, 2048)
        (decoder): Linear(in_features=2048, out_features=300, bias=True)
      )
    )
    (list_embedding_3): FlairEmbeddings(
      (lm): LanguageModel(
        (drop): Dropout(p=0.05, inplace=False)
        (encoder): Embedding(300, 100)
        (rnn): LSTM(100, 2048)
        (decoder): Linear(in_features=2048, out_features=300, bias=True)
      )
    )
  )
  (word_dropout): WordDropout(p=0.05)
  (locked_dropout): LockedDropout(p=0.5)
  (embedding2nn): Linear(in_features=4203, out_features=4203, bias=True)
  (rnn): LSTM(4203, 256, batch_first=True, bidirectional=True)
  (linear): Linear(in_features=512, out_features=27, bias=True)
  (loss_function): ViterbiLoss()
  (crf): CRF()
)"
2022-05-20 17:54:59,754 ----------------------------------------------------------------------------------------------------
2022-05-20 17:54:59,754 Corpus: "Corpus: 3394 train + 1009 dev + 1287 test sentences"
2022-05-20 17:54:59,754 ----------------------------------------------------------------------------------------------------
2022-05-20 17:54:59,754 Parameters:
2022-05-20 17:54:59,754  - learning_rate: "0.100000"
2022-05-20 17:54:59,754  - mini_batch_size: "32"
2022-05-20 17:54:59,754  - patience: "3"
2022-05-20 17:54:59,754  - anneal_factor: "0.5"
2022-05-20 17:54:59,754  - max_epochs: "150"
2022-05-20 17:54:59,754  - shuffle: "True"
2022-05-20 17:54:59,754  - train_with_dev: "False"
2022-05-20 17:54:59,754  - batch_growth_annealing: "False"
2022-05-20 17:54:59,754 ----------------------------------------------------------------------------------------------------
2022-05-20 17:54:59,754 Model training base path: "resources/taggers/model_07_r12_run_2"
2022-05-20 17:54:59,754 ----------------------------------------------------------------------------------------------------
2022-05-20 17:54:59,754 Device: cuda:2
2022-05-20 17:54:59,754 ----------------------------------------------------------------------------------------------------
2022-05-20 17:54:59,754 Embeddings storage mode: cpu
2022-05-20 17:54:59,754 ----------------------------------------------------------------------------------------------------
2022-05-20 17:55:02,492 epoch 1 - iter 10/107 - loss 0.85344604 - samples/sec: 116.95 - lr: 0.100000
2022-05-20 17:55:05,263 epoch 1 - iter 20/107 - loss 0.58640747 - samples/sec: 115.53 - lr: 0.100000
2022-05-20 17:55:07,568 epoch 1 - iter 30/107 - loss 0.49201349 - samples/sec: 138.87 - lr: 0.100000
2022-05-20 17:55:09,259 epoch 1 - iter 40/107 - loss 0.43873190 - samples/sec: 189.37 - lr: 0.100000
2022-05-20 17:55:11,046 epoch 1 - iter 50/107 - loss 0.39827508 - samples/sec: 179.13 - lr: 0.100000
2022-05-20 17:55:13,816 epoch 1 - iter 60/107 - loss 0.38387765 - samples/sec: 115.57 - lr: 0.100000
2022-05-20 17:55:17,839 epoch 1 - iter 70/107 - loss 0.37288980 - samples/sec: 79.57 - lr: 0.100000
2022-05-20 17:55:21,560 epoch 1 - iter 80/107 - loss 0.36694903 - samples/sec: 86.00 - lr: 0.100000
2022-05-20 17:55:25,172 epoch 1 - iter 90/107 - loss 0.36222376 - samples/sec: 88.63 - lr: 0.100000
2022-05-20 17:55:28,544 epoch 1 - iter 100/107 - loss 0.35709937 - samples/sec: 94.93 - lr: 0.100000
2022-05-20 17:55:30,380 ----------------------------------------------------------------------------------------------------
2022-05-20 17:55:30,380 EPOCH 1 done: loss 0.3505 - lr 0.100000
2022-05-20 17:55:41,690 Evaluating as a multi-label problem: False
2022-05-20 17:55:41,700 DEV : loss 0.4652230143547058 - f1-score (micro avg)  0.0935
2022-05-20 17:55:41,787 BAD EPOCHS (no improvement): 0
2022-05-20 17:55:41,790 saving best model
2022-05-20 17:55:49,805 ----------------------------------------------------------------------------------------------------
2022-05-20 17:55:53,865 epoch 2 - iter 10/107 - loss 0.23925074 - samples/sec: 78.87 - lr: 0.100000
2022-05-20 17:55:57,909 epoch 2 - iter 20/107 - loss 0.22042065 - samples/sec: 79.14 - lr: 0.100000
2022-05-20 17:56:02,079 epoch 2 - iter 30/107 - loss 0.21255560 - samples/sec: 76.77 - lr: 0.100000
2022-05-20 17:56:05,996 epoch 2 - iter 40/107 - loss 0.21717819 - samples/sec: 81.74 - lr: 0.100000
2022-05-20 17:56:09,715 epoch 2 - iter 50/107 - loss 0.21172525 - samples/sec: 86.08 - lr: 0.100000
2022-05-20 17:56:13,684 epoch 2 - iter 60/107 - loss 0.20932260 - samples/sec: 80.65 - lr: 0.100000
2022-05-20 17:56:16,533 epoch 2 - iter 70/107 - loss 0.20869543 - samples/sec: 112.37 - lr: 0.100000
2022-05-20 17:56:18,839 epoch 2 - iter 80/107 - loss 0.20462820 - samples/sec: 138.81 - lr: 0.100000
2022-05-20 17:56:21,382 epoch 2 - iter 90/107 - loss 0.20620003 - samples/sec: 125.92 - lr: 0.100000
2022-05-20 17:56:23,214 epoch 2 - iter 100/107 - loss 0.20294542 - samples/sec: 174.79 - lr: 0.100000
2022-05-20 17:56:24,254 ----------------------------------------------------------------------------------------------------
2022-05-20 17:56:24,254 EPOCH 2 done: loss 0.2011 - lr 0.100000
2022-05-20 17:56:33,129 Evaluating as a multi-label problem: False
2022-05-20 17:56:33,139 DEV : loss 0.3407018482685089 - f1-score (micro avg)  0.3781
2022-05-20 17:56:33,226 BAD EPOCHS (no improvement): 0
2022-05-20 17:56:33,228 saving best model
2022-05-20 17:56:41,317 ----------------------------------------------------------------------------------------------------
2022-05-20 17:56:45,321 epoch 3 - iter 10/107 - loss 0.17362314 - samples/sec: 79.96 - lr: 0.100000
2022-05-20 17:56:48,776 epoch 3 - iter 20/107 - loss 0.17491622 - samples/sec: 92.66 - lr: 0.100000
2022-05-20 17:56:51,325 epoch 3 - iter 30/107 - loss 0.16571477 - samples/sec: 125.59 - lr: 0.100000
2022-05-20 17:56:53,600 epoch 3 - iter 40/107 - loss 0.16898748 - samples/sec: 140.71 - lr: 0.100000
2022-05-20 17:56:56,300 epoch 3 - iter 50/107 - loss 0.16729470 - samples/sec: 118.61 - lr: 0.100000
2022-05-20 17:57:00,193 epoch 3 - iter 60/107 - loss 0.16658292 - samples/sec: 82.21 - lr: 0.100000
2022-05-20 17:57:04,178 epoch 3 - iter 70/107 - loss 0.16632498 - samples/sec: 80.33 - lr: 0.100000
2022-05-20 17:57:08,127 epoch 3 - iter 80/107 - loss 0.16711099 - samples/sec: 81.07 - lr: 0.100000
2022-05-20 17:57:11,168 epoch 3 - iter 90/107 - loss 0.16565741 - samples/sec: 105.27 - lr: 0.100000
2022-05-20 17:57:14,896 epoch 3 - iter 100/107 - loss 0.16690103 - samples/sec: 85.84 - lr: 0.100000
2022-05-20 17:57:17,346 ----------------------------------------------------------------------------------------------------
2022-05-20 17:57:17,346 EPOCH 3 done: loss 0.1667 - lr 0.100000
2022-05-20 17:57:27,789 Evaluating as a multi-label problem: False
2022-05-20 17:57:27,800 DEV : loss 0.26720353960990906 - f1-score (micro avg)  0.4018
2022-05-20 17:57:27,886 BAD EPOCHS (no improvement): 0
2022-05-20 17:57:27,889 saving best model
2022-05-20 17:57:36,007 ----------------------------------------------------------------------------------------------------
2022-05-20 17:57:40,037 epoch 4 - iter 10/107 - loss 0.13882839 - samples/sec: 79.42 - lr: 0.100000
2022-05-20 17:57:44,099 epoch 4 - iter 20/107 - loss 0.13720114 - samples/sec: 78.82 - lr: 0.100000
2022-05-20 17:57:47,768 epoch 4 - iter 30/107 - loss 0.13947721 - samples/sec: 87.23 - lr: 0.100000
2022-05-20 17:57:51,869 epoch 4 - iter 40/107 - loss 0.13769681 - samples/sec: 78.06 - lr: 0.100000
2022-05-20 17:57:55,519 epoch 4 - iter 50/107 - loss 0.14527122 - samples/sec: 87.70 - lr: 0.100000
2022-05-20 17:57:58,253 epoch 4 - iter 60/107 - loss 0.14596574 - samples/sec: 117.05 - lr: 0.100000
2022-05-20 17:58:00,508 epoch 4 - iter 70/107 - loss 0.14463612 - samples/sec: 142.00 - lr: 0.100000
2022-05-20 17:58:03,288 epoch 4 - iter 80/107 - loss 0.14617193 - samples/sec: 115.14 - lr: 0.100000
2022-05-20 17:58:07,314 epoch 4 - iter 90/107 - loss 0.14212700 - samples/sec: 79.51 - lr: 0.100000
2022-05-20 17:58:11,078 epoch 4 - iter 100/107 - loss 0.14041896 - samples/sec: 85.04 - lr: 0.100000
2022-05-20 17:58:13,396 ----------------------------------------------------------------------------------------------------
2022-05-20 17:58:13,396 EPOCH 4 done: loss 0.1416 - lr 0.100000
2022-05-20 17:58:25,172 Evaluating as a multi-label problem: False
2022-05-20 17:58:25,183 DEV : loss 0.25837019085884094 - f1-score (micro avg)  0.4595
2022-05-20 17:58:25,267 BAD EPOCHS (no improvement): 0
2022-05-20 17:58:25,269 saving best model
2022-05-20 17:58:33,196 ----------------------------------------------------------------------------------------------------
2022-05-20 17:58:37,235 epoch 5 - iter 10/107 - loss 0.12299192 - samples/sec: 79.26 - lr: 0.100000
2022-05-20 17:58:40,109 epoch 5 - iter 20/107 - loss 0.13485424 - samples/sec: 111.36 - lr: 0.100000
2022-05-20 17:58:43,876 epoch 5 - iter 30/107 - loss 0.13878899 - samples/sec: 84.99 - lr: 0.100000
2022-05-20 17:58:47,841 epoch 5 - iter 40/107 - loss 0.13771648 - samples/sec: 80.73 - lr: 0.100000
2022-05-20 17:58:51,597 epoch 5 - iter 50/107 - loss 0.13448057 - samples/sec: 85.22 - lr: 0.100000
2022-05-20 17:58:55,435 epoch 5 - iter 60/107 - loss 0.13363091 - samples/sec: 83.40 - lr: 0.100000
2022-05-20 17:58:59,054 epoch 5 - iter 70/107 - loss 0.13255453 - samples/sec: 88.44 - lr: 0.100000
2022-05-20 17:59:02,922 epoch 5 - iter 80/107 - loss 0.13125947 - samples/sec: 82.75 - lr: 0.100000
2022-05-20 17:59:06,307 epoch 5 - iter 90/107 - loss 0.13139853 - samples/sec: 94.57 - lr: 0.100000
2022-05-20 17:59:08,648 epoch 5 - iter 100/107 - loss 0.13007516 - samples/sec: 136.73 - lr: 0.100000
2022-05-20 17:59:10,077 ----------------------------------------------------------------------------------------------------
2022-05-20 17:59:10,077 EPOCH 5 done: loss 0.1295 - lr 0.100000
2022-05-20 17:59:20,568 Evaluating as a multi-label problem: False
2022-05-20 17:59:20,580 DEV : loss 0.22746357321739197 - f1-score (micro avg)  0.4913
2022-05-20 17:59:20,666 BAD EPOCHS (no improvement): 0
2022-05-20 17:59:20,668 saving best model
2022-05-20 17:59:28,569 ----------------------------------------------------------------------------------------------------
2022-05-20 17:59:32,498 epoch 6 - iter 10/107 - loss 0.12027224 - samples/sec: 81.47 - lr: 0.100000
2022-05-20 17:59:35,887 epoch 6 - iter 20/107 - loss 0.12628379 - samples/sec: 94.46 - lr: 0.100000
2022-05-20 17:59:38,240 epoch 6 - iter 30/107 - loss 0.12285490 - samples/sec: 136.05 - lr: 0.100000
2022-05-20 17:59:40,133 epoch 6 - iter 40/107 - loss 0.12045888 - samples/sec: 169.16 - lr: 0.100000
2022-05-20 17:59:41,798 epoch 6 - iter 50/107 - loss 0.11788437 - samples/sec: 192.24 - lr: 0.100000
2022-05-20 17:59:43,502 epoch 6 - iter 60/107 - loss 0.11874937 - samples/sec: 187.87 - lr: 0.100000
2022-05-20 17:59:45,887 epoch 6 - iter 70/107 - loss 0.11739373 - samples/sec: 134.22 - lr: 0.100000
2022-05-20 17:59:49,747 epoch 6 - iter 80/107 - loss 0.11756368 - samples/sec: 82.94 - lr: 0.100000
2022-05-20 17:59:53,729 epoch 6 - iter 90/107 - loss 0.11647921 - samples/sec: 80.37 - lr: 0.100000
2022-05-20 17:59:57,471 epoch 6 - iter 100/107 - loss 0.11649208 - samples/sec: 85.54 - lr: 0.100000
2022-05-20 17:59:59,925 ----------------------------------------------------------------------------------------------------
2022-05-20 17:59:59,925 EPOCH 6 done: loss 0.1180 - lr 0.100000
2022-05-20 18:00:11,699 Evaluating as a multi-label problem: False
2022-05-20 18:00:11,710 DEV : loss 0.2766916751861572 - f1-score (micro avg)  0.4097
2022-05-20 18:00:11,795 BAD EPOCHS (no improvement): 1
2022-05-20 18:00:11,806 ----------------------------------------------------------------------------------------------------
2022-05-20 18:00:15,125 epoch 7 - iter 10/107 - loss 0.13716750 - samples/sec: 96.47 - lr: 0.100000
2022-05-20 18:00:17,920 epoch 7 - iter 20/107 - loss 0.12659220 - samples/sec: 114.55 - lr: 0.100000
2022-05-20 18:00:20,099 epoch 7 - iter 30/107 - loss 0.11897048 - samples/sec: 146.94 - lr: 0.100000
2022-05-20 18:00:22,168 epoch 7 - iter 40/107 - loss 0.12267776 - samples/sec: 154.72 - lr: 0.100000
2022-05-20 18:00:23,794 epoch 7 - iter 50/107 - loss 0.12134344 - samples/sec: 196.98 - lr: 0.100000
2022-05-20 18:00:25,426 epoch 7 - iter 60/107 - loss 0.11649335 - samples/sec: 196.20 - lr: 0.100000
2022-05-20 18:00:27,095 epoch 7 - iter 70/107 - loss 0.11462610 - samples/sec: 191.80 - lr: 0.100000
2022-05-20 18:00:30,164 epoch 7 - iter 80/107 - loss 0.11237944 - samples/sec: 104.31 - lr: 0.100000
2022-05-20 18:00:34,071 epoch 7 - iter 90/107 - loss 0.11209508 - samples/sec: 81.92 - lr: 0.100000
2022-05-20 18:00:38,053 epoch 7 - iter 100/107 - loss 0.11073524 - samples/sec: 80.37 - lr: 0.100000
2022-05-20 18:00:40,346 ----------------------------------------------------------------------------------------------------
2022-05-20 18:00:40,346 EPOCH 7 done: loss 0.1106 - lr 0.100000
2022-05-20 18:00:52,044 Evaluating as a multi-label problem: False
2022-05-20 18:00:52,055 DEV : loss 0.233045294880867 - f1-score (micro avg)  0.4694
2022-05-20 18:00:52,141 BAD EPOCHS (no improvement): 2
2022-05-20 18:00:52,143 ----------------------------------------------------------------------------------------------------
2022-05-20 18:00:55,961 epoch 8 - iter 10/107 - loss 0.11285378 - samples/sec: 83.86 - lr: 0.100000
2022-05-20 18:00:59,374 epoch 8 - iter 20/107 - loss 0.11122993 - samples/sec: 93.78 - lr: 0.100000
2022-05-20 18:01:01,911 epoch 8 - iter 30/107 - loss 0.09896493 - samples/sec: 126.20 - lr: 0.100000
2022-05-20 18:01:04,203 epoch 8 - iter 40/107 - loss 0.09855146 - samples/sec: 139.68 - lr: 0.100000
2022-05-20 18:01:06,276 epoch 8 - iter 50/107 - loss 0.09942376 - samples/sec: 154.41 - lr: 0.100000
2022-05-20 18:01:07,870 epoch 8 - iter 60/107 - loss 0.10214286 - samples/sec: 200.82 - lr: 0.100000
2022-05-20 18:01:09,504 epoch 8 - iter 70/107 - loss 0.10106436 - samples/sec: 196.03 - lr: 0.100000
2022-05-20 18:01:11,873 epoch 8 - iter 80/107 - loss 0.10113325 - samples/sec: 135.11 - lr: 0.100000
2022-05-20 18:01:15,629 epoch 8 - iter 90/107 - loss 0.10279117 - samples/sec: 85.21 - lr: 0.100000
2022-05-20 18:01:19,666 epoch 8 - iter 100/107 - loss 0.10219805 - samples/sec: 79.30 - lr: 0.100000
2022-05-20 18:01:22,039 ----------------------------------------------------------------------------------------------------
2022-05-20 18:01:22,040 EPOCH 8 done: loss 0.1025 - lr 0.100000
2022-05-20 18:01:33,794 Evaluating as a multi-label problem: False
2022-05-20 18:01:33,804 DEV : loss 0.2046951800584793 - f1-score (micro avg)  0.4721
2022-05-20 18:01:33,889 BAD EPOCHS (no improvement): 3
2022-05-20 18:01:33,893 ----------------------------------------------------------------------------------------------------
2022-05-20 18:01:37,799 epoch 9 - iter 10/107 - loss 0.09913558 - samples/sec: 81.95 - lr: 0.100000
2022-05-20 18:01:40,963 epoch 9 - iter 20/107 - loss 0.09712704 - samples/sec: 101.18 - lr: 0.100000
2022-05-20 18:01:43,481 epoch 9 - iter 30/107 - loss 0.10060368 - samples/sec: 127.17 - lr: 0.100000
2022-05-20 18:01:45,919 epoch 9 - iter 40/107 - loss 0.09996805 - samples/sec: 131.28 - lr: 0.100000
2022-05-20 18:01:47,998 epoch 9 - iter 50/107 - loss 0.10080969 - samples/sec: 154.05 - lr: 0.100000
2022-05-20 18:01:49,533 epoch 9 - iter 60/107 - loss 0.10069570 - samples/sec: 208.58 - lr: 0.100000
2022-05-20 18:01:51,293 epoch 9 - iter 70/107 - loss 0.09999546 - samples/sec: 181.85 - lr: 0.100000
2022-05-20 18:01:53,661 epoch 9 - iter 80/107 - loss 0.09742816 - samples/sec: 135.20 - lr: 0.100000
2022-05-20 18:01:56,820 epoch 9 - iter 90/107 - loss 0.09711472 - samples/sec: 101.35 - lr: 0.100000
2022-05-20 18:02:00,257 epoch 9 - iter 100/107 - loss 0.09698917 - samples/sec: 93.12 - lr: 0.100000
2022-05-20 18:02:02,625 ----------------------------------------------------------------------------------------------------
2022-05-20 18:02:02,625 EPOCH 9 done: loss 0.0993 - lr 0.100000
2022-05-20 18:02:13,786 Evaluating as a multi-label problem: False
2022-05-20 18:02:13,797 DEV : loss 0.19903773069381714 - f1-score (micro avg)  0.5292
2022-05-20 18:02:13,881 BAD EPOCHS (no improvement): 0
2022-05-20 18:02:13,883 saving best model
2022-05-20 18:02:21,969 ----------------------------------------------------------------------------------------------------
2022-05-20 18:02:24,975 epoch 10 - iter 10/107 - loss 0.10751582 - samples/sec: 106.51 - lr: 0.100000
2022-05-20 18:02:27,450 epoch 10 - iter 20/107 - loss 0.09950758 - samples/sec: 129.35 - lr: 0.100000
2022-05-20 18:02:30,865 epoch 10 - iter 30/107 - loss 0.09650523 - samples/sec: 93.73 - lr: 0.100000
2022-05-20 18:02:34,106 epoch 10 - iter 40/107 - loss 0.09428758 - samples/sec: 98.78 - lr: 0.100000
2022-05-20 18:02:37,607 epoch 10 - iter 50/107 - loss 0.09477966 - samples/sec: 91.44 - lr: 0.100000
2022-05-20 18:02:41,315 epoch 10 - iter 60/107 - loss 0.09525814 - samples/sec: 86.32 - lr: 0.100000
2022-05-20 18:02:45,147 epoch 10 - iter 70/107 - loss 0.09583443 - samples/sec: 83.52 - lr: 0.100000
2022-05-20 18:02:48,774 epoch 10 - iter 80/107 - loss 0.09390586 - samples/sec: 88.24 - lr: 0.100000
2022-05-20 18:02:52,801 epoch 10 - iter 90/107 - loss 0.09299461 - samples/sec: 79.49 - lr: 0.100000
2022-05-20 18:02:56,542 epoch 10 - iter 100/107 - loss 0.09218271 - samples/sec: 85.56 - lr: 0.100000
2022-05-20 18:02:58,641 ----------------------------------------------------------------------------------------------------
2022-05-20 18:02:58,641 EPOCH 10 done: loss 0.0921 - lr 0.100000
2022-05-20 18:03:06,693 Evaluating as a multi-label problem: False
2022-05-20 18:03:06,704 DEV : loss 0.18904298543930054 - f1-score (micro avg)  0.5493
2022-05-20 18:03:06,790 BAD EPOCHS (no improvement): 0
2022-05-20 18:03:06,804 saving best model
2022-05-20 18:03:15,181 ----------------------------------------------------------------------------------------------------
2022-05-20 18:03:19,119 epoch 11 - iter 10/107 - loss 0.07503245 - samples/sec: 81.30 - lr: 0.100000
2022-05-20 18:03:22,818 epoch 11 - iter 20/107 - loss 0.07962350 - samples/sec: 86.52 - lr: 0.100000
2022-05-20 18:03:26,494 epoch 11 - iter 30/107 - loss 0.08734038 - samples/sec: 87.09 - lr: 0.100000
2022-05-20 18:03:31,183 epoch 11 - iter 40/107 - loss 0.08901572 - samples/sec: 68.25 - lr: 0.100000
2022-05-20 18:03:34,841 epoch 11 - iter 50/107 - loss 0.08839692 - samples/sec: 87.52 - lr: 0.100000
2022-05-20 18:03:37,733 epoch 11 - iter 60/107 - loss 0.08774030 - samples/sec: 110.68 - lr: 0.100000
2022-05-20 18:03:40,143 epoch 11 - iter 70/107 - loss 0.08786549 - samples/sec: 132.82 - lr: 0.100000
2022-05-20 18:03:42,568 epoch 11 - iter 80/107 - loss 0.08636282 - samples/sec: 132.03 - lr: 0.100000
2022-05-20 18:03:46,030 epoch 11 - iter 90/107 - loss 0.08748030 - samples/sec: 92.45 - lr: 0.100000
2022-05-20 18:03:50,036 epoch 11 - iter 100/107 - loss 0.08739646 - samples/sec: 79.89 - lr: 0.100000
2022-05-20 18:03:52,437 ----------------------------------------------------------------------------------------------------
2022-05-20 18:03:52,437 EPOCH 11 done: loss 0.0876 - lr 0.100000
2022-05-20 18:04:04,361 Evaluating as a multi-label problem: False
2022-05-20 18:04:04,372 DEV : loss 0.17767158150672913 - f1-score (micro avg)  0.5465
2022-05-20 18:04:04,458 BAD EPOCHS (no improvement): 1
2022-05-20 18:04:04,461 ----------------------------------------------------------------------------------------------------
2022-05-20 18:04:08,394 epoch 12 - iter 10/107 - loss 0.08696114 - samples/sec: 81.40 - lr: 0.100000
2022-05-20 18:04:12,333 epoch 12 - iter 20/107 - loss 0.07998699 - samples/sec: 81.27 - lr: 0.100000
2022-05-20 18:04:14,609 epoch 12 - iter 30/107 - loss 0.09084984 - samples/sec: 140.69 - lr: 0.100000
2022-05-20 18:04:16,992 epoch 12 - iter 40/107 - loss 0.08864726 - samples/sec: 134.33 - lr: 0.100000
2022-05-20 18:04:19,389 epoch 12 - iter 50/107 - loss 0.08589486 - samples/sec: 133.56 - lr: 0.100000
2022-05-20 18:04:22,038 epoch 12 - iter 60/107 - loss 0.08600305 - samples/sec: 120.84 - lr: 0.100000
2022-05-20 18:04:25,746 epoch 12 - iter 70/107 - loss 0.08728484 - samples/sec: 86.32 - lr: 0.100000
2022-05-20 18:04:29,726 epoch 12 - iter 80/107 - loss 0.08393161 - samples/sec: 80.44 - lr: 0.100000
2022-05-20 18:04:33,544 epoch 12 - iter 90/107 - loss 0.08547137 - samples/sec: 83.83 - lr: 0.100000
2022-05-20 18:04:37,786 epoch 12 - iter 100/107 - loss 0.08411588 - samples/sec: 75.45 - lr: 0.100000
2022-05-20 18:04:40,360 ----------------------------------------------------------------------------------------------------
2022-05-20 18:04:40,361 EPOCH 12 done: loss 0.0838 - lr 0.100000
2022-05-20 18:04:52,682 Evaluating as a multi-label problem: False
2022-05-20 18:04:52,694 DEV : loss 0.19906073808670044 - f1-score (micro avg)  0.5213
2022-05-20 18:04:52,793 BAD EPOCHS (no improvement): 2
2022-05-20 18:04:52,795 ----------------------------------------------------------------------------------------------------
2022-05-20 18:04:55,863 epoch 13 - iter 10/107 - loss 0.08338771 - samples/sec: 104.39 - lr: 0.100000
2022-05-20 18:04:58,469 epoch 13 - iter 20/107 - loss 0.07859861 - samples/sec: 122.86 - lr: 0.100000
2022-05-20 18:05:00,210 epoch 13 - iter 30/107 - loss 0.07745194 - samples/sec: 183.91 - lr: 0.100000
2022-05-20 18:05:02,097 epoch 13 - iter 40/107 - loss 0.07647985 - samples/sec: 169.75 - lr: 0.100000
2022-05-20 18:05:04,909 epoch 13 - iter 50/107 - loss 0.07775938 - samples/sec: 113.86 - lr: 0.100000
2022-05-20 18:05:09,109 epoch 13 - iter 60/107 - loss 0.07538586 - samples/sec: 76.22 - lr: 0.100000
2022-05-20 18:05:13,220 epoch 13 - iter 70/107 - loss 0.07535126 - samples/sec: 77.88 - lr: 0.100000
2022-05-20 18:05:17,298 epoch 13 - iter 80/107 - loss 0.07622679 - samples/sec: 78.49 - lr: 0.100000
2022-05-20 18:05:21,438 epoch 13 - iter 90/107 - loss 0.07675605 - samples/sec: 77.32 - lr: 0.100000
2022-05-20 18:05:25,576 epoch 13 - iter 100/107 - loss 0.07698319 - samples/sec: 77.36 - lr: 0.100000
2022-05-20 18:05:28,061 ----------------------------------------------------------------------------------------------------
2022-05-20 18:05:28,061 EPOCH 13 done: loss 0.0770 - lr 0.100000
2022-05-20 18:05:38,037 Evaluating as a multi-label problem: False
2022-05-20 18:05:38,050 DEV : loss 0.18662428855895996 - f1-score (micro avg)  0.5275
2022-05-20 18:05:38,136 BAD EPOCHS (no improvement): 3
2022-05-20 18:05:38,138 ----------------------------------------------------------------------------------------------------
2022-05-20 18:05:40,674 epoch 14 - iter 10/107 - loss 0.08063537 - samples/sec: 126.29 - lr: 0.100000
2022-05-20 18:05:42,433 epoch 14 - iter 20/107 - loss 0.07498011 - samples/sec: 182.03 - lr: 0.100000
2022-05-20 18:05:44,193 epoch 14 - iter 30/107 - loss 0.07212027 - samples/sec: 181.93 - lr: 0.100000
2022-05-20 18:05:46,952 epoch 14 - iter 40/107 - loss 0.07369175 - samples/sec: 116.04 - lr: 0.100000
2022-05-20 18:05:50,842 epoch 14 - iter 50/107 - loss 0.07489526 - samples/sec: 82.30 - lr: 0.100000
2022-05-20 18:05:54,765 epoch 14 - iter 60/107 - loss 0.07338410 - samples/sec: 81.59 - lr: 0.100000
2022-05-20 18:05:58,591 epoch 14 - iter 70/107 - loss 0.07248141 - samples/sec: 83.67 - lr: 0.100000
2022-05-20 18:06:02,582 epoch 14 - iter 80/107 - loss 0.07381934 - samples/sec: 80.21 - lr: 0.100000
2022-05-20 18:06:06,703 epoch 14 - iter 90/107 - loss 0.07268963 - samples/sec: 77.67 - lr: 0.100000
2022-05-20 18:06:10,063 epoch 14 - iter 100/107 - loss 0.07403561 - samples/sec: 95.25 - lr: 0.100000
2022-05-20 18:06:12,545 ----------------------------------------------------------------------------------------------------
2022-05-20 18:06:12,545 EPOCH 14 done: loss 0.0743 - lr 0.100000
2022-05-20 18:06:22,412 Evaluating as a multi-label problem: False
2022-05-20 18:06:22,425 DEV : loss 0.2186305969953537 - f1-score (micro avg)  0.486
2022-05-20 18:06:22,513 Epoch    14: reducing learning rate of group 0 to 5.0000e-02.
2022-05-20 18:06:22,513 BAD EPOCHS (no improvement): 4
2022-05-20 18:06:22,516 ----------------------------------------------------------------------------------------------------
2022-05-20 18:06:26,110 epoch 15 - iter 10/107 - loss 0.07810379 - samples/sec: 89.08 - lr: 0.050000
2022-05-20 18:06:30,164 epoch 15 - iter 20/107 - loss 0.07638237 - samples/sec: 78.95 - lr: 0.050000
2022-05-20 18:06:34,396 epoch 15 - iter 30/107 - loss 0.06814719 - samples/sec: 75.65 - lr: 0.050000
2022-05-20 18:06:38,509 epoch 15 - iter 40/107 - loss 0.06354813 - samples/sec: 77.83 - lr: 0.050000
2022-05-20 18:06:42,599 epoch 15 - iter 50/107 - loss 0.06451537 - samples/sec: 78.28 - lr: 0.050000
2022-05-20 18:06:46,742 epoch 15 - iter 60/107 - loss 0.06296994 - samples/sec: 77.27 - lr: 0.050000
2022-05-20 18:06:50,843 epoch 15 - iter 70/107 - loss 0.06148248 - samples/sec: 78.06 - lr: 0.050000
2022-05-20 18:06:54,541 epoch 15 - iter 80/107 - loss 0.06243633 - samples/sec: 86.56 - lr: 0.050000
2022-05-20 18:06:57,380 epoch 15 - iter 90/107 - loss 0.06350296 - samples/sec: 112.79 - lr: 0.050000
2022-05-20 18:07:00,470 epoch 15 - iter 100/107 - loss 0.06588673 - samples/sec: 103.61 - lr: 0.050000
2022-05-20 18:07:02,243 ----------------------------------------------------------------------------------------------------
2022-05-20 18:07:02,244 EPOCH 15 done: loss 0.0670 - lr 0.050000
2022-05-20 18:07:14,896 Evaluating as a multi-label problem: False
2022-05-20 18:07:14,908 DEV : loss 0.18926341831684113 - f1-score (micro avg)  0.5081
2022-05-20 18:07:15,000 BAD EPOCHS (no improvement): 1
2022-05-20 18:07:15,034 ----------------------------------------------------------------------------------------------------
2022-05-20 18:07:19,190 epoch 16 - iter 10/107 - loss 0.05324068 - samples/sec: 77.04 - lr: 0.050000
2022-05-20 18:07:23,261 epoch 16 - iter 20/107 - loss 0.05390570 - samples/sec: 78.63 - lr: 0.050000
2022-05-20 18:07:27,246 epoch 16 - iter 30/107 - loss 0.05909592 - samples/sec: 80.34 - lr: 0.050000
2022-05-20 18:07:31,193 epoch 16 - iter 40/107 - loss 0.06306530 - samples/sec: 81.10 - lr: 0.050000
2022-05-20 18:07:34,111 epoch 16 - iter 50/107 - loss 0.06246561 - samples/sec: 109.70 - lr: 0.050000
2022-05-20 18:07:38,170 epoch 16 - iter 60/107 - loss 0.06259246 - samples/sec: 78.85 - lr: 0.050000
2022-05-20 18:07:41,666 epoch 16 - iter 70/107 - loss 0.06281656 - samples/sec: 91.58 - lr: 0.050000
2022-05-20 18:07:45,663 epoch 16 - iter 80/107 - loss 0.06409518 - samples/sec: 80.07 - lr: 0.050000
2022-05-20 18:07:48,575 epoch 16 - iter 90/107 - loss 0.06409232 - samples/sec: 109.93 - lr: 0.050000
2022-05-20 18:07:52,307 epoch 16 - iter 100/107 - loss 0.06470899 - samples/sec: 85.77 - lr: 0.050000
2022-05-20 18:07:54,682 ----------------------------------------------------------------------------------------------------
2022-05-20 18:07:54,682 EPOCH 16 done: loss 0.0640 - lr 0.050000
2022-05-20 18:08:06,747 Evaluating as a multi-label problem: False
2022-05-20 18:08:06,758 DEV : loss 0.1801093965768814 - f1-score (micro avg)  0.5382
2022-05-20 18:08:06,844 BAD EPOCHS (no improvement): 2
2022-05-20 18:08:06,847 ----------------------------------------------------------------------------------------------------
2022-05-20 18:08:10,332 epoch 17 - iter 10/107 - loss 0.08091672 - samples/sec: 91.85 - lr: 0.050000
2022-05-20 18:08:12,842 epoch 17 - iter 20/107 - loss 0.06843388 - samples/sec: 127.56 - lr: 0.050000
2022-05-20 18:08:15,380 epoch 17 - iter 30/107 - loss 0.06677557 - samples/sec: 126.16 - lr: 0.050000
2022-05-20 18:08:19,148 epoch 17 - iter 40/107 - loss 0.06676099 - samples/sec: 84.95 - lr: 0.050000
2022-05-20 18:08:23,124 epoch 17 - iter 50/107 - loss 0.06600094 - samples/sec: 80.51 - lr: 0.050000
2022-05-20 18:08:27,709 epoch 17 - iter 60/107 - loss 0.06359328 - samples/sec: 69.82 - lr: 0.050000
2022-05-20 18:08:32,115 epoch 17 - iter 70/107 - loss 0.06478488 - samples/sec: 72.66 - lr: 0.050000
2022-05-20 18:08:36,402 epoch 17 - iter 80/107 - loss 0.06355300 - samples/sec: 74.68 - lr: 0.050000
2022-05-20 18:08:40,732 epoch 17 - iter 90/107 - loss 0.06343503 - samples/sec: 73.95 - lr: 0.050000
2022-05-20 18:08:45,184 epoch 17 - iter 100/107 - loss 0.06379242 - samples/sec: 71.90 - lr: 0.050000
2022-05-20 18:08:47,480 ----------------------------------------------------------------------------------------------------
2022-05-20 18:08:47,480 EPOCH 17 done: loss 0.0632 - lr 0.050000
2022-05-20 18:08:59,794 Evaluating as a multi-label problem: False
2022-05-20 18:08:59,806 DEV : loss 0.18193040788173676 - f1-score (micro avg)  0.5415
2022-05-20 18:08:59,919 BAD EPOCHS (no improvement): 3
2022-05-20 18:08:59,922 ----------------------------------------------------------------------------------------------------
2022-05-20 18:09:04,255 epoch 18 - iter 10/107 - loss 0.05939696 - samples/sec: 73.89 - lr: 0.050000
2022-05-20 18:09:08,677 epoch 18 - iter 20/107 - loss 0.05279332 - samples/sec: 72.39 - lr: 0.050000
2022-05-20 18:09:13,010 epoch 18 - iter 30/107 - loss 0.05448670 - samples/sec: 73.88 - lr: 0.050000
2022-05-20 18:09:17,285 epoch 18 - iter 40/107 - loss 0.05444981 - samples/sec: 74.86 - lr: 0.050000
2022-05-20 18:09:21,805 epoch 18 - iter 50/107 - loss 0.05479216 - samples/sec: 70.82 - lr: 0.050000
2022-05-20 18:09:25,097 epoch 18 - iter 60/107 - loss 0.05574498 - samples/sec: 97.27 - lr: 0.050000
2022-05-20 18:09:28,445 epoch 18 - iter 70/107 - loss 0.05755104 - samples/sec: 95.60 - lr: 0.050000
2022-05-20 18:09:31,506 epoch 18 - iter 80/107 - loss 0.05722598 - samples/sec: 104.60 - lr: 0.050000
2022-05-20 18:09:35,978 epoch 18 - iter 90/107 - loss 0.05813042 - samples/sec: 71.58 - lr: 0.050000
2022-05-20 18:09:40,181 epoch 18 - iter 100/107 - loss 0.05918735 - samples/sec: 76.15 - lr: 0.050000
2022-05-20 18:09:42,742 ----------------------------------------------------------------------------------------------------
2022-05-20 18:09:42,744 EPOCH 18 done: loss 0.0603 - lr 0.050000
2022-05-20 18:09:56,251 Evaluating as a multi-label problem: False
2022-05-20 18:09:56,265 DEV : loss 0.18654923141002655 - f1-score (micro avg)  0.5313
2022-05-20 18:09:56,371 Epoch    18: reducing learning rate of group 0 to 2.5000e-02.
2022-05-20 18:09:56,371 BAD EPOCHS (no improvement): 4
2022-05-20 18:09:56,373 ----------------------------------------------------------------------------------------------------
2022-05-20 18:10:00,005 epoch 19 - iter 10/107 - loss 0.04897334 - samples/sec: 88.13 - lr: 0.025000
2022-05-20 18:10:03,646 epoch 19 - iter 20/107 - loss 0.05423035 - samples/sec: 87.94 - lr: 0.025000
2022-05-20 18:10:07,231 epoch 19 - iter 30/107 - loss 0.05438528 - samples/sec: 89.28 - lr: 0.025000
2022-05-20 18:10:11,717 epoch 19 - iter 40/107 - loss 0.05757746 - samples/sec: 71.35 - lr: 0.025000
2022-05-20 18:10:15,876 epoch 19 - iter 50/107 - loss 0.05606741 - samples/sec: 76.96 - lr: 0.025000
2022-05-20 18:10:20,223 epoch 19 - iter 60/107 - loss 0.05547303 - samples/sec: 73.63 - lr: 0.025000
2022-05-20 18:10:24,145 epoch 19 - iter 70/107 - loss 0.05573937 - samples/sec: 81.62 - lr: 0.025000
2022-05-20 18:10:28,442 epoch 19 - iter 80/107 - loss 0.05758855 - samples/sec: 74.50 - lr: 0.025000
2022-05-20 18:10:32,598 epoch 19 - iter 90/107 - loss 0.05809180 - samples/sec: 77.01 - lr: 0.025000
2022-05-20 18:10:36,982 epoch 19 - iter 100/107 - loss 0.05695199 - samples/sec: 73.03 - lr: 0.025000
2022-05-20 18:10:39,092 ----------------------------------------------------------------------------------------------------
2022-05-20 18:10:39,093 EPOCH 19 done: loss 0.0572 - lr 0.025000
2022-05-20 18:10:51,090 Evaluating as a multi-label problem: False
2022-05-20 18:10:51,102 DEV : loss 0.1893240511417389 - f1-score (micro avg)  0.5302
2022-05-20 18:10:51,201 BAD EPOCHS (no improvement): 1
2022-05-20 18:10:51,205 ----------------------------------------------------------------------------------------------------
2022-05-20 18:10:55,574 epoch 20 - iter 10/107 - loss 0.05273946 - samples/sec: 73.27 - lr: 0.025000
2022-05-20 18:10:59,812 epoch 20 - iter 20/107 - loss 0.05266046 - samples/sec: 75.53 - lr: 0.025000
2022-05-20 18:11:04,038 epoch 20 - iter 30/107 - loss 0.05293425 - samples/sec: 75.73 - lr: 0.025000
2022-05-20 18:11:08,291 epoch 20 - iter 40/107 - loss 0.05614882 - samples/sec: 75.28 - lr: 0.025000
2022-05-20 18:11:12,466 epoch 20 - iter 50/107 - loss 0.05616182 - samples/sec: 76.67 - lr: 0.025000
2022-05-20 18:11:15,874 epoch 20 - iter 60/107 - loss 0.05707578 - samples/sec: 93.91 - lr: 0.025000
2022-05-20 18:11:18,774 epoch 20 - iter 70/107 - loss 0.05758278 - samples/sec: 110.40 - lr: 0.025000
2022-05-20 18:11:22,092 epoch 20 - iter 80/107 - loss 0.05731090 - samples/sec: 96.48 - lr: 0.025000
2022-05-20 18:11:26,508 epoch 20 - iter 90/107 - loss 0.05634427 - samples/sec: 72.48 - lr: 0.025000
2022-05-20 18:11:30,703 epoch 20 - iter 100/107 - loss 0.05596064 - samples/sec: 76.30 - lr: 0.025000
2022-05-20 18:11:33,426 ----------------------------------------------------------------------------------------------------
2022-05-20 18:11:33,426 EPOCH 20 done: loss 0.0553 - lr 0.025000
2022-05-20 18:11:46,667 Evaluating as a multi-label problem: False
2022-05-20 18:11:46,679 DEV : loss 0.2003626972436905 - f1-score (micro avg)  0.5252
2022-05-20 18:11:46,780 BAD EPOCHS (no improvement): 2
2022-05-20 18:11:46,783 ----------------------------------------------------------------------------------------------------
2022-05-20 18:11:50,660 epoch 21 - iter 10/107 - loss 0.07289708 - samples/sec: 82.56 - lr: 0.025000
2022-05-20 18:11:53,703 epoch 21 - iter 20/107 - loss 0.06548088 - samples/sec: 105.20 - lr: 0.025000
2022-05-20 18:11:57,131 epoch 21 - iter 30/107 - loss 0.06065772 - samples/sec: 93.38 - lr: 0.025000
2022-05-20 18:12:01,030 epoch 21 - iter 40/107 - loss 0.05774969 - samples/sec: 82.12 - lr: 0.025000
2022-05-20 18:12:05,404 epoch 21 - iter 50/107 - loss 0.05552561 - samples/sec: 73.17 - lr: 0.025000
2022-05-20 18:12:10,600 epoch 21 - iter 60/107 - loss 0.05384298 - samples/sec: 61.60 - lr: 0.025000
2022-05-20 18:12:14,791 epoch 21 - iter 70/107 - loss 0.05548103 - samples/sec: 76.38 - lr: 0.025000
2022-05-20 18:12:18,923 epoch 21 - iter 80/107 - loss 0.05640392 - samples/sec: 77.46 - lr: 0.025000
2022-05-20 18:12:22,712 epoch 21 - iter 90/107 - loss 0.05595532 - samples/sec: 84.48 - lr: 0.025000
2022-05-20 18:12:26,341 epoch 21 - iter 100/107 - loss 0.05577638 - samples/sec: 88.20 - lr: 0.025000
2022-05-20 18:12:28,307 ----------------------------------------------------------------------------------------------------
2022-05-20 18:12:28,307 EPOCH 21 done: loss 0.0552 - lr 0.025000
2022-05-20 18:12:37,948 Evaluating as a multi-label problem: False
2022-05-20 18:12:37,960 DEV : loss 0.20177574455738068 - f1-score (micro avg)  0.521
2022-05-20 18:12:38,049 BAD EPOCHS (no improvement): 3
2022-05-20 18:12:38,052 ----------------------------------------------------------------------------------------------------
2022-05-20 18:12:42,239 epoch 22 - iter 10/107 - loss 0.03811527 - samples/sec: 76.45 - lr: 0.025000
2022-05-20 18:12:46,679 epoch 22 - iter 20/107 - loss 0.04360844 - samples/sec: 72.12 - lr: 0.025000
2022-05-20 18:12:50,787 epoch 22 - iter 30/107 - loss 0.04176856 - samples/sec: 77.94 - lr: 0.025000
2022-05-20 18:12:54,959 epoch 22 - iter 40/107 - loss 0.04467154 - samples/sec: 76.73 - lr: 0.025000
2022-05-20 18:12:58,959 epoch 22 - iter 50/107 - loss 0.04580850 - samples/sec: 80.03 - lr: 0.025000
2022-05-20 18:13:03,049 epoch 22 - iter 60/107 - loss 0.04663169 - samples/sec: 78.28 - lr: 0.025000
2022-05-20 18:13:06,365 epoch 22 - iter 70/107 - loss 0.04936360 - samples/sec: 96.52 - lr: 0.025000
2022-05-20 18:13:09,204 epoch 22 - iter 80/107 - loss 0.05108577 - samples/sec: 112.80 - lr: 0.025000
2022-05-20 18:13:12,311 epoch 22 - iter 90/107 - loss 0.05222794 - samples/sec: 103.05 - lr: 0.025000
2022-05-20 18:13:15,993 epoch 22 - iter 100/107 - loss 0.05305607 - samples/sec: 86.94 - lr: 0.025000
2022-05-20 18:13:18,438 ----------------------------------------------------------------------------------------------------
2022-05-20 18:13:18,438 EPOCH 22 done: loss 0.0538 - lr 0.025000
2022-05-20 18:13:30,659 Evaluating as a multi-label problem: False
2022-05-20 18:13:30,671 DEV : loss 0.1788647472858429 - f1-score (micro avg)  0.5319
2022-05-20 18:13:30,764 Epoch    22: reducing learning rate of group 0 to 1.2500e-02.
2022-05-20 18:13:30,764 BAD EPOCHS (no improvement): 4
2022-05-20 18:13:30,766 ----------------------------------------------------------------------------------------------------
2022-05-20 18:13:34,783 epoch 23 - iter 10/107 - loss 0.04539917 - samples/sec: 79.69 - lr: 0.012500
2022-05-20 18:13:38,825 epoch 23 - iter 20/107 - loss 0.04696552 - samples/sec: 79.20 - lr: 0.012500
2022-05-20 18:13:42,277 epoch 23 - iter 30/107 - loss 0.04905834 - samples/sec: 92.75 - lr: 0.012500
2022-05-20 18:13:45,336 epoch 23 - iter 40/107 - loss 0.04954044 - samples/sec: 104.64 - lr: 0.012500
2022-05-20 18:13:48,641 epoch 23 - iter 50/107 - loss 0.04972995 - samples/sec: 96.86 - lr: 0.012500
2022-05-20 18:13:52,267 epoch 23 - iter 60/107 - loss 0.05052546 - samples/sec: 88.27 - lr: 0.012500
2022-05-20 18:13:56,285 epoch 23 - iter 70/107 - loss 0.05024884 - samples/sec: 79.67 - lr: 0.012500
2022-05-20 18:14:00,380 epoch 23 - iter 80/107 - loss 0.05032700 - samples/sec: 78.17 - lr: 0.012500
2022-05-20 18:14:04,458 epoch 23 - iter 90/107 - loss 0.04974585 - samples/sec: 78.48 - lr: 0.012500
2022-05-20 18:14:08,427 epoch 23 - iter 100/107 - loss 0.04902866 - samples/sec: 80.66 - lr: 0.012500
2022-05-20 18:14:10,973 ----------------------------------------------------------------------------------------------------
2022-05-20 18:14:10,973 EPOCH 23 done: loss 0.0490 - lr 0.012500
2022-05-20 18:14:22,076 Evaluating as a multi-label problem: False
2022-05-20 18:14:22,089 DEV : loss 0.19895407557487488 - f1-score (micro avg)  0.5355
2022-05-20 18:14:22,177 BAD EPOCHS (no improvement): 1
2022-05-20 18:14:22,180 ----------------------------------------------------------------------------------------------------
2022-05-20 18:14:24,748 epoch 24 - iter 10/107 - loss 0.05058815 - samples/sec: 124.68 - lr: 0.012500
2022-05-20 18:14:27,280 epoch 24 - iter 20/107 - loss 0.05638535 - samples/sec: 126.47 - lr: 0.012500
2022-05-20 18:14:31,155 epoch 24 - iter 30/107 - loss 0.05408006 - samples/sec: 82.60 - lr: 0.012500
2022-05-20 18:14:34,890 epoch 24 - iter 40/107 - loss 0.05075248 - samples/sec: 85.71 - lr: 0.012500
2022-05-20 18:14:38,685 epoch 24 - iter 50/107 - loss 0.05102313 - samples/sec: 84.34 - lr: 0.012500
2022-05-20 18:14:42,250 epoch 24 - iter 60/107 - loss 0.05039062 - samples/sec: 89.80 - lr: 0.012500
2022-05-20 18:14:45,796 epoch 24 - iter 70/107 - loss 0.05070312 - samples/sec: 90.26 - lr: 0.012500
2022-05-20 18:14:49,507 epoch 24 - iter 80/107 - loss 0.05008832 - samples/sec: 86.26 - lr: 0.012500
2022-05-20 18:14:53,277 epoch 24 - iter 90/107 - loss 0.04989369 - samples/sec: 84.90 - lr: 0.012500
2022-05-20 18:14:57,076 epoch 24 - iter 100/107 - loss 0.04947852 - samples/sec: 84.26 - lr: 0.012500
2022-05-20 18:14:59,316 ----------------------------------------------------------------------------------------------------
2022-05-20 18:14:59,316 EPOCH 24 done: loss 0.0499 - lr 0.012500
2022-05-20 18:15:07,549 Evaluating as a multi-label problem: False
2022-05-20 18:15:07,561 DEV : loss 0.19368383288383484 - f1-score (micro avg)  0.5315
2022-05-20 18:15:07,648 BAD EPOCHS (no improvement): 2
2022-05-20 18:15:07,651 ----------------------------------------------------------------------------------------------------
2022-05-20 18:15:10,233 epoch 25 - iter 10/107 - loss 0.04427538 - samples/sec: 124.05 - lr: 0.012500
2022-05-20 18:15:13,750 epoch 25 - iter 20/107 - loss 0.05026826 - samples/sec: 91.03 - lr: 0.012500
2022-05-20 18:15:17,648 epoch 25 - iter 30/107 - loss 0.05097575 - samples/sec: 82.11 - lr: 0.012500
2022-05-20 18:15:21,264 epoch 25 - iter 40/107 - loss 0.04849157 - samples/sec: 88.52 - lr: 0.012500
2022-05-20 18:15:25,050 epoch 25 - iter 50/107 - loss 0.04833449 - samples/sec: 84.54 - lr: 0.012500
2022-05-20 18:15:28,551 epoch 25 - iter 60/107 - loss 0.04881875 - samples/sec: 91.44 - lr: 0.012500
2022-05-20 18:15:32,468 epoch 25 - iter 70/107 - loss 0.04886786 - samples/sec: 81.73 - lr: 0.012500
2022-05-20 18:15:36,013 epoch 25 - iter 80/107 - loss 0.04793100 - samples/sec: 90.28 - lr: 0.012500
2022-05-20 18:15:39,646 epoch 25 - iter 90/107 - loss 0.04817683 - samples/sec: 88.12 - lr: 0.012500
2022-05-20 18:15:43,507 epoch 25 - iter 100/107 - loss 0.04874252 - samples/sec: 82.89 - lr: 0.012500
2022-05-20 18:15:45,289 ----------------------------------------------------------------------------------------------------
2022-05-20 18:15:45,289 EPOCH 25 done: loss 0.0488 - lr 0.012500
2022-05-20 18:15:53,817 Evaluating as a multi-label problem: False
2022-05-20 18:15:53,829 DEV : loss 0.19891905784606934 - f1-score (micro avg)  0.5245
2022-05-20 18:15:53,919 BAD EPOCHS (no improvement): 3
2022-05-20 18:15:53,922 ----------------------------------------------------------------------------------------------------
2022-05-20 18:15:57,611 epoch 26 - iter 10/107 - loss 0.04917907 - samples/sec: 86.79 - lr: 0.012500
2022-05-20 18:16:01,490 epoch 26 - iter 20/107 - loss 0.04872248 - samples/sec: 82.54 - lr: 0.012500
2022-05-20 18:16:04,894 epoch 26 - iter 30/107 - loss 0.04980901 - samples/sec: 94.03 - lr: 0.012500
2022-05-20 18:16:08,643 epoch 26 - iter 40/107 - loss 0.04826692 - samples/sec: 85.39 - lr: 0.012500
2022-05-20 18:16:12,607 epoch 26 - iter 50/107 - loss 0.05001021 - samples/sec: 80.75 - lr: 0.012500
2022-05-20 18:16:16,479 epoch 26 - iter 60/107 - loss 0.04898258 - samples/sec: 82.67 - lr: 0.012500
2022-05-20 18:16:20,893 epoch 26 - iter 70/107 - loss 0.04851465 - samples/sec: 72.51 - lr: 0.012500
2022-05-20 18:16:24,430 epoch 26 - iter 80/107 - loss 0.04796799 - samples/sec: 90.51 - lr: 0.012500
2022-05-20 18:16:27,268 epoch 26 - iter 90/107 - loss 0.04783193 - samples/sec: 112.80 - lr: 0.012500
2022-05-20 18:16:29,944 epoch 26 - iter 100/107 - loss 0.04888823 - samples/sec: 119.67 - lr: 0.012500
2022-05-20 18:16:31,605 ----------------------------------------------------------------------------------------------------
2022-05-20 18:16:31,606 EPOCH 26 done: loss 0.0490 - lr 0.012500
2022-05-20 18:16:42,364 Evaluating as a multi-label problem: False
2022-05-20 18:16:42,376 DEV : loss 0.18912196159362793 - f1-score (micro avg)  0.5343
2022-05-20 18:16:42,466 Epoch    26: reducing learning rate of group 0 to 6.2500e-03.
2022-05-20 18:16:42,466 BAD EPOCHS (no improvement): 4
2022-05-20 18:16:42,468 ----------------------------------------------------------------------------------------------------
2022-05-20 18:16:46,492 epoch 27 - iter 10/107 - loss 0.04740937 - samples/sec: 79.55 - lr: 0.006250
2022-05-20 18:16:49,679 epoch 27 - iter 20/107 - loss 0.04952525 - samples/sec: 100.47 - lr: 0.006250
2022-05-20 18:16:53,386 epoch 27 - iter 30/107 - loss 0.05140404 - samples/sec: 86.35 - lr: 0.006250
2022-05-20 18:16:57,008 epoch 27 - iter 40/107 - loss 0.04705362 - samples/sec: 88.38 - lr: 0.006250
2022-05-20 18:17:00,104 epoch 27 - iter 50/107 - loss 0.04681536 - samples/sec: 103.37 - lr: 0.006250
2022-05-20 18:17:03,864 epoch 27 - iter 60/107 - loss 0.04635344 - samples/sec: 85.15 - lr: 0.006250
2022-05-20 18:17:07,287 epoch 27 - iter 70/107 - loss 0.04700820 - samples/sec: 93.51 - lr: 0.006250
2022-05-20 18:17:10,007 epoch 27 - iter 80/107 - loss 0.04636514 - samples/sec: 117.72 - lr: 0.006250
2022-05-20 18:17:12,695 epoch 27 - iter 90/107 - loss 0.04635187 - samples/sec: 119.08 - lr: 0.006250
2022-05-20 18:17:16,006 epoch 27 - iter 100/107 - loss 0.04703948 - samples/sec: 96.68 - lr: 0.006250
2022-05-20 18:17:18,382 ----------------------------------------------------------------------------------------------------
2022-05-20 18:17:18,382 EPOCH 27 done: loss 0.0471 - lr 0.006250
2022-05-20 18:17:30,788 Evaluating as a multi-label problem: False
2022-05-20 18:17:30,800 DEV : loss 0.19263586401939392 - f1-score (micro avg)  0.5333
2022-05-20 18:17:30,889 BAD EPOCHS (no improvement): 1
2022-05-20 18:17:30,910 ----------------------------------------------------------------------------------------------------
2022-05-20 18:17:34,896 epoch 28 - iter 10/107 - loss 0.04118472 - samples/sec: 80.32 - lr: 0.006250
2022-05-20 18:17:38,808 epoch 28 - iter 20/107 - loss 0.04438023 - samples/sec: 81.83 - lr: 0.006250
2022-05-20 18:17:42,675 epoch 28 - iter 30/107 - loss 0.04884229 - samples/sec: 82.78 - lr: 0.006250
2022-05-20 18:17:45,970 epoch 28 - iter 40/107 - loss 0.05026347 - samples/sec: 97.14 - lr: 0.006250
2022-05-20 18:17:49,016 epoch 28 - iter 50/107 - loss 0.05161114 - samples/sec: 105.11 - lr: 0.006250
2022-05-20 18:17:52,029 epoch 28 - iter 60/107 - loss 0.05015672 - samples/sec: 106.26 - lr: 0.006250
2022-05-20 18:17:56,026 epoch 28 - iter 70/107 - loss 0.04830278 - samples/sec: 80.07 - lr: 0.006250
2022-05-20 18:18:00,101 epoch 28 - iter 80/107 - loss 0.04749506 - samples/sec: 78.56 - lr: 0.006250
2022-05-20 18:18:03,991 epoch 28 - iter 90/107 - loss 0.04791647 - samples/sec: 82.28 - lr: 0.006250
2022-05-20 18:18:08,044 epoch 28 - iter 100/107 - loss 0.04808747 - samples/sec: 78.98 - lr: 0.006250
2022-05-20 18:18:10,460 ----------------------------------------------------------------------------------------------------
2022-05-20 18:18:10,460 EPOCH 28 done: loss 0.0482 - lr 0.006250
2022-05-20 18:18:22,148 Evaluating as a multi-label problem: False
2022-05-20 18:18:22,159 DEV : loss 0.19455283880233765 - f1-score (micro avg)  0.5332
2022-05-20 18:18:22,246 BAD EPOCHS (no improvement): 2
2022-05-20 18:18:22,249 ----------------------------------------------------------------------------------------------------
2022-05-20 18:18:25,122 epoch 29 - iter 10/107 - loss 0.04297874 - samples/sec: 111.44 - lr: 0.006250
2022-05-20 18:18:27,886 epoch 29 - iter 20/107 - loss 0.05026904 - samples/sec: 115.82 - lr: 0.006250
2022-05-20 18:18:31,263 epoch 29 - iter 30/107 - loss 0.04801969 - samples/sec: 94.80 - lr: 0.006250
2022-05-20 18:18:35,318 epoch 29 - iter 40/107 - loss 0.05007594 - samples/sec: 78.93 - lr: 0.006250
2022-05-20 18:18:38,890 epoch 29 - iter 50/107 - loss 0.04956883 - samples/sec: 89.63 - lr: 0.006250
2022-05-20 18:18:42,509 epoch 29 - iter 60/107 - loss 0.04847667 - samples/sec: 88.44 - lr: 0.006250
2022-05-20 18:18:46,664 epoch 29 - iter 70/107 - loss 0.04894017 - samples/sec: 77.04 - lr: 0.006250
2022-05-20 18:18:50,532 epoch 29 - iter 80/107 - loss 0.04919486 - samples/sec: 82.75 - lr: 0.006250
2022-05-20 18:18:54,525 epoch 29 - iter 90/107 - loss 0.04867149 - samples/sec: 80.17 - lr: 0.006250
2022-05-20 18:18:58,510 epoch 29 - iter 100/107 - loss 0.04881800 - samples/sec: 80.33 - lr: 0.006250
2022-05-20 18:19:00,846 ----------------------------------------------------------------------------------------------------
2022-05-20 18:19:00,846 EPOCH 29 done: loss 0.0482 - lr 0.006250
2022-05-20 18:19:11,136 Evaluating as a multi-label problem: False
2022-05-20 18:19:11,147 DEV : loss 0.20240284502506256 - f1-score (micro avg)  0.5258
2022-05-20 18:19:11,234 BAD EPOCHS (no improvement): 3
2022-05-20 18:19:11,236 ----------------------------------------------------------------------------------------------------
2022-05-20 18:19:15,439 epoch 30 - iter 10/107 - loss 0.05127994 - samples/sec: 76.17 - lr: 0.006250
2022-05-20 18:19:19,278 epoch 30 - iter 20/107 - loss 0.04945400 - samples/sec: 83.38 - lr: 0.006250
2022-05-20 18:19:23,348 epoch 30 - iter 30/107 - loss 0.04971837 - samples/sec: 78.65 - lr: 0.006250
2022-05-20 18:19:27,315 epoch 30 - iter 40/107 - loss 0.04864469 - samples/sec: 80.69 - lr: 0.006250
2022-05-20 18:19:31,330 epoch 30 - iter 50/107 - loss 0.04704895 - samples/sec: 79.72 - lr: 0.006250
2022-05-20 18:19:35,519 epoch 30 - iter 60/107 - loss 0.04564847 - samples/sec: 76.42 - lr: 0.006250
2022-05-20 18:19:39,539 epoch 30 - iter 70/107 - loss 0.04621872 - samples/sec: 79.62 - lr: 0.006250
2022-05-20 18:19:42,179 epoch 30 - iter 80/107 - loss 0.04619732 - samples/sec: 121.27 - lr: 0.006250
2022-05-20 18:19:45,483 epoch 30 - iter 90/107 - loss 0.04697646 - samples/sec: 96.87 - lr: 0.006250
2022-05-20 18:19:48,813 epoch 30 - iter 100/107 - loss 0.04720887 - samples/sec: 96.11 - lr: 0.006250
2022-05-20 18:19:51,230 ----------------------------------------------------------------------------------------------------
2022-05-20 18:19:51,230 EPOCH 30 done: loss 0.0480 - lr 0.006250
2022-05-20 18:20:03,403 Evaluating as a multi-label problem: False
2022-05-20 18:20:03,415 DEV : loss 0.19120383262634277 - f1-score (micro avg)  0.5325
2022-05-20 18:20:03,501 Epoch    30: reducing learning rate of group 0 to 3.1250e-03.
2022-05-20 18:20:03,501 BAD EPOCHS (no improvement): 4
2022-05-20 18:20:03,512 ----------------------------------------------------------------------------------------------------
2022-05-20 18:20:07,280 epoch 31 - iter 10/107 - loss 0.05109772 - samples/sec: 84.96 - lr: 0.003125
2022-05-20 18:20:11,373 epoch 31 - iter 20/107 - loss 0.04623222 - samples/sec: 78.21 - lr: 0.003125
2022-05-20 18:20:15,346 epoch 31 - iter 30/107 - loss 0.04638519 - samples/sec: 80.58 - lr: 0.003125
2022-05-20 18:20:18,659 epoch 31 - iter 40/107 - loss 0.04642029 - samples/sec: 96.61 - lr: 0.003125
2022-05-20 18:20:21,507 epoch 31 - iter 50/107 - loss 0.04845101 - samples/sec: 112.40 - lr: 0.003125
2022-05-20 18:20:23,863 epoch 31 - iter 60/107 - loss 0.04935608 - samples/sec: 135.85 - lr: 0.003125
2022-05-20 18:20:27,292 epoch 31 - iter 70/107 - loss 0.04802779 - samples/sec: 93.38 - lr: 0.003125
2022-05-20 18:20:32,107 epoch 31 - iter 80/107 - loss 0.04724583 - samples/sec: 66.46 - lr: 0.003125
2022-05-20 18:20:36,197 epoch 31 - iter 90/107 - loss 0.04715963 - samples/sec: 78.26 - lr: 0.003125
2022-05-20 18:20:40,306 epoch 31 - iter 100/107 - loss 0.04621888 - samples/sec: 77.91 - lr: 0.003125
2022-05-20 18:20:42,606 ----------------------------------------------------------------------------------------------------
2022-05-20 18:20:42,606 EPOCH 31 done: loss 0.0462 - lr 0.003125
2022-05-20 18:20:54,371 Evaluating as a multi-label problem: False
2022-05-20 18:20:54,384 DEV : loss 0.19581982493400574 - f1-score (micro avg)  0.5293
2022-05-20 18:20:54,469 BAD EPOCHS (no improvement): 1
2022-05-20 18:20:54,510 ----------------------------------------------------------------------------------------------------
2022-05-20 18:20:56,917 epoch 32 - iter 10/107 - loss 0.05373188 - samples/sec: 133.02 - lr: 0.003125
2022-05-20 18:20:59,539 epoch 32 - iter 20/107 - loss 0.05015564 - samples/sec: 122.11 - lr: 0.003125
2022-05-20 18:21:03,435 epoch 32 - iter 30/107 - loss 0.04667321 - samples/sec: 82.16 - lr: 0.003125
2022-05-20 18:21:07,401 epoch 32 - iter 40/107 - loss 0.04667937 - samples/sec: 80.71 - lr: 0.003125
2022-05-20 18:21:11,424 epoch 32 - iter 50/107 - loss 0.05015648 - samples/sec: 79.57 - lr: 0.003125
2022-05-20 18:21:15,634 epoch 32 - iter 60/107 - loss 0.04948520 - samples/sec: 76.02 - lr: 0.003125
2022-05-20 18:21:19,610 epoch 32 - iter 70/107 - loss 0.04772397 - samples/sec: 80.50 - lr: 0.003125
2022-05-20 18:21:23,682 epoch 32 - iter 80/107 - loss 0.04732788 - samples/sec: 78.61 - lr: 0.003125
2022-05-20 18:21:27,780 epoch 32 - iter 90/107 - loss 0.04743984 - samples/sec: 78.11 - lr: 0.003125
2022-05-20 18:21:31,313 epoch 32 - iter 100/107 - loss 0.04751991 - samples/sec: 90.59 - lr: 0.003125
2022-05-20 18:21:33,077 ----------------------------------------------------------------------------------------------------
2022-05-20 18:21:33,077 EPOCH 32 done: loss 0.0471 - lr 0.003125
2022-05-20 18:21:42,961 Evaluating as a multi-label problem: False
2022-05-20 18:21:42,972 DEV : loss 0.1957322657108307 - f1-score (micro avg)  0.5319
2022-05-20 18:21:43,063 BAD EPOCHS (no improvement): 2
2022-05-20 18:21:43,065 ----------------------------------------------------------------------------------------------------
2022-05-20 18:21:47,206 epoch 33 - iter 10/107 - loss 0.03212017 - samples/sec: 77.32 - lr: 0.003125
2022-05-20 18:21:51,232 epoch 33 - iter 20/107 - loss 0.03577126 - samples/sec: 79.50 - lr: 0.003125
2022-05-20 18:21:55,069 epoch 33 - iter 30/107 - loss 0.03851855 - samples/sec: 83.42 - lr: 0.003125
2022-05-20 18:21:59,160 epoch 33 - iter 40/107 - loss 0.03935351 - samples/sec: 78.24 - lr: 0.003125
2022-05-20 18:22:03,261 epoch 33 - iter 50/107 - loss 0.04042832 - samples/sec: 78.05 - lr: 0.003125
2022-05-20 18:22:07,171 epoch 33 - iter 60/107 - loss 0.04056516 - samples/sec: 81.87 - lr: 0.003125
2022-05-20 18:22:10,122 epoch 33 - iter 70/107 - loss 0.04219130 - samples/sec: 108.51 - lr: 0.003125
2022-05-20 18:22:12,741 epoch 33 - iter 80/107 - loss 0.04311454 - samples/sec: 122.22 - lr: 0.003125
2022-05-20 18:22:14,978 epoch 33 - iter 90/107 - loss 0.04451947 - samples/sec: 143.14 - lr: 0.003125
2022-05-20 18:22:18,373 epoch 33 - iter 100/107 - loss 0.04458554 - samples/sec: 94.27 - lr: 0.003125
2022-05-20 18:22:20,830 ----------------------------------------------------------------------------------------------------
2022-05-20 18:22:20,831 EPOCH 33 done: loss 0.0453 - lr 0.003125
2022-05-20 18:22:32,950 Evaluating as a multi-label problem: False
2022-05-20 18:22:32,962 DEV : loss 0.19435425102710724 - f1-score (micro avg)  0.5345
2022-05-20 18:22:33,050 BAD EPOCHS (no improvement): 3
2022-05-20 18:22:33,059 ----------------------------------------------------------------------------------------------------
2022-05-20 18:22:36,999 epoch 34 - iter 10/107 - loss 0.04293452 - samples/sec: 81.26 - lr: 0.003125
2022-05-20 18:22:40,923 epoch 34 - iter 20/107 - loss 0.04492320 - samples/sec: 81.57 - lr: 0.003125
2022-05-20 18:22:44,892 epoch 34 - iter 30/107 - loss 0.04476650 - samples/sec: 80.64 - lr: 0.003125
2022-05-20 18:22:48,194 epoch 34 - iter 40/107 - loss 0.04258850 - samples/sec: 96.95 - lr: 0.003125
2022-05-20 18:22:51,270 epoch 34 - iter 50/107 - loss 0.04243506 - samples/sec: 104.06 - lr: 0.003125
2022-05-20 18:22:54,089 epoch 34 - iter 60/107 - loss 0.04339020 - samples/sec: 113.58 - lr: 0.003125
2022-05-20 18:22:57,827 epoch 34 - iter 70/107 - loss 0.04367079 - samples/sec: 85.64 - lr: 0.003125
2022-05-20 18:23:01,807 epoch 34 - iter 80/107 - loss 0.04274027 - samples/sec: 80.42 - lr: 0.003125
2022-05-20 18:23:05,773 epoch 34 - iter 90/107 - loss 0.04317555 - samples/sec: 80.70 - lr: 0.003125
2022-05-20 18:23:09,861 epoch 34 - iter 100/107 - loss 0.04470015 - samples/sec: 78.30 - lr: 0.003125
2022-05-20 18:23:12,525 ----------------------------------------------------------------------------------------------------
2022-05-20 18:23:12,525 EPOCH 34 done: loss 0.0446 - lr 0.003125
2022-05-20 18:23:24,100 Evaluating as a multi-label problem: False
2022-05-20 18:23:24,111 DEV : loss 0.19530226290225983 - f1-score (micro avg)  0.535
2022-05-20 18:23:24,201 Epoch    34: reducing learning rate of group 0 to 1.5625e-03.
2022-05-20 18:23:24,201 BAD EPOCHS (no improvement): 4
2022-05-20 18:23:24,203 ----------------------------------------------------------------------------------------------------
2022-05-20 18:23:26,844 epoch 35 - iter 10/107 - loss 0.05273579 - samples/sec: 121.20 - lr: 0.001563
2022-05-20 18:23:29,278 epoch 35 - iter 20/107 - loss 0.04498771 - samples/sec: 131.54 - lr: 0.001563
2022-05-20 18:23:32,331 epoch 35 - iter 30/107 - loss 0.04293124 - samples/sec: 104.84 - lr: 0.001563
2022-05-20 18:23:36,365 epoch 35 - iter 40/107 - loss 0.04466026 - samples/sec: 79.35 - lr: 0.001563
2022-05-20 18:23:40,042 epoch 35 - iter 50/107 - loss 0.04495291 - samples/sec: 87.07 - lr: 0.001563
2022-05-20 18:23:43,927 epoch 35 - iter 60/107 - loss 0.04694413 - samples/sec: 82.39 - lr: 0.001563
2022-05-20 18:23:47,515 epoch 35 - iter 70/107 - loss 0.04613547 - samples/sec: 89.22 - lr: 0.001563
2022-05-20 18:23:51,117 epoch 35 - iter 80/107 - loss 0.04553611 - samples/sec: 88.87 - lr: 0.001563
2022-05-20 18:23:54,776 epoch 35 - iter 90/107 - loss 0.04564254 - samples/sec: 87.47 - lr: 0.001563
2022-05-20 18:23:58,871 epoch 35 - iter 100/107 - loss 0.04646486 - samples/sec: 78.16 - lr: 0.001563
2022-05-20 18:24:01,387 ----------------------------------------------------------------------------------------------------
2022-05-20 18:24:01,387 EPOCH 35 done: loss 0.0462 - lr 0.001563
2022-05-20 18:24:10,166 Evaluating as a multi-label problem: False
2022-05-20 18:24:10,177 DEV : loss 0.19492603838443756 - f1-score (micro avg)  0.535
2022-05-20 18:24:10,263 BAD EPOCHS (no improvement): 1
2022-05-20 18:24:10,265 ----------------------------------------------------------------------------------------------------
2022-05-20 18:24:13,377 epoch 36 - iter 10/107 - loss 0.05023982 - samples/sec: 102.85 - lr: 0.001563
2022-05-20 18:24:16,785 epoch 36 - iter 20/107 - loss 0.04956049 - samples/sec: 93.94 - lr: 0.001563
2022-05-20 18:24:20,527 epoch 36 - iter 30/107 - loss 0.04722437 - samples/sec: 85.54 - lr: 0.001563
2022-05-20 18:24:24,345 epoch 36 - iter 40/107 - loss 0.04537599 - samples/sec: 83.83 - lr: 0.001563
2022-05-20 18:24:27,746 epoch 36 - iter 50/107 - loss 0.04492113 - samples/sec: 94.14 - lr: 0.001563
2022-05-20 18:24:31,460 epoch 36 - iter 60/107 - loss 0.04480670 - samples/sec: 86.17 - lr: 0.001563
2022-05-20 18:24:35,054 epoch 36 - iter 70/107 - loss 0.04394850 - samples/sec: 89.08 - lr: 0.001563
2022-05-20 18:24:39,102 epoch 36 - iter 80/107 - loss 0.04400924 - samples/sec: 79.07 - lr: 0.001563
2022-05-20 18:24:42,605 epoch 36 - iter 90/107 - loss 0.04442457 - samples/sec: 91.38 - lr: 0.001563
2022-05-20 18:24:46,315 epoch 36 - iter 100/107 - loss 0.04413297 - samples/sec: 86.27 - lr: 0.001563
2022-05-20 18:24:48,160 ----------------------------------------------------------------------------------------------------
2022-05-20 18:24:48,160 EPOCH 36 done: loss 0.0446 - lr 0.001563
2022-05-20 18:24:57,112 Evaluating as a multi-label problem: False
2022-05-20 18:24:57,123 DEV : loss 0.19325067102909088 - f1-score (micro avg)  0.5348
2022-05-20 18:24:57,209 BAD EPOCHS (no improvement): 2
2022-05-20 18:24:57,210 ----------------------------------------------------------------------------------------------------
2022-05-20 18:25:00,839 epoch 37 - iter 10/107 - loss 0.04746969 - samples/sec: 88.23 - lr: 0.001563
2022-05-20 18:25:04,120 epoch 37 - iter 20/107 - loss 0.04803814 - samples/sec: 97.56 - lr: 0.001563
2022-05-20 18:25:07,822 epoch 37 - iter 30/107 - loss 0.04456672 - samples/sec: 86.46 - lr: 0.001563
2022-05-20 18:25:11,380 epoch 37 - iter 40/107 - loss 0.04656561 - samples/sec: 89.95 - lr: 0.001563
2022-05-20 18:25:15,282 epoch 37 - iter 50/107 - loss 0.04694829 - samples/sec: 82.05 - lr: 0.001563
2022-05-20 18:25:19,481 epoch 37 - iter 60/107 - loss 0.04865302 - samples/sec: 76.22 - lr: 0.001563
2022-05-20 18:25:23,466 epoch 37 - iter 70/107 - loss 0.04777340 - samples/sec: 80.32 - lr: 0.001563
2022-05-20 18:25:26,895 epoch 37 - iter 80/107 - loss 0.04747420 - samples/sec: 93.35 - lr: 0.001563
2022-05-20 18:25:29,434 epoch 37 - iter 90/107 - loss 0.04709645 - samples/sec: 126.09 - lr: 0.001563
2022-05-20 18:25:32,107 epoch 37 - iter 100/107 - loss 0.04715907 - samples/sec: 119.76 - lr: 0.001563
2022-05-20 18:25:33,973 ----------------------------------------------------------------------------------------------------
2022-05-20 18:25:33,973 EPOCH 37 done: loss 0.0471 - lr 0.001563
2022-05-20 18:25:44,393 Evaluating as a multi-label problem: False
2022-05-20 18:25:44,404 DEV : loss 0.19407039880752563 - f1-score (micro avg)  0.5341
2022-05-20 18:25:44,491 BAD EPOCHS (no improvement): 3
2022-05-20 18:25:44,493 ----------------------------------------------------------------------------------------------------
2022-05-20 18:25:48,324 epoch 38 - iter 10/107 - loss 0.05019360 - samples/sec: 83.55 - lr: 0.001563
2022-05-20 18:25:52,338 epoch 38 - iter 20/107 - loss 0.05316074 - samples/sec: 79.74 - lr: 0.001563
2022-05-20 18:25:56,351 epoch 38 - iter 30/107 - loss 0.05216133 - samples/sec: 79.76 - lr: 0.001563
2022-05-20 18:26:00,152 epoch 38 - iter 40/107 - loss 0.05005584 - samples/sec: 84.22 - lr: 0.001563
2022-05-20 18:26:03,898 epoch 38 - iter 50/107 - loss 0.04972038 - samples/sec: 85.47 - lr: 0.001563
2022-05-20 18:26:07,196 epoch 38 - iter 60/107 - loss 0.04873061 - samples/sec: 97.04 - lr: 0.001563
2022-05-20 18:26:09,971 epoch 38 - iter 70/107 - loss 0.04891538 - samples/sec: 115.38 - lr: 0.001563
2022-05-20 18:26:12,409 epoch 38 - iter 80/107 - loss 0.04801809 - samples/sec: 131.30 - lr: 0.001563
2022-05-20 18:26:15,251 epoch 38 - iter 90/107 - loss 0.04659599 - samples/sec: 112.64 - lr: 0.001563
2022-05-20 18:26:19,004 epoch 38 - iter 100/107 - loss 0.04612123 - samples/sec: 85.29 - lr: 0.001563
2022-05-20 18:26:21,118 ----------------------------------------------------------------------------------------------------
2022-05-20 18:26:21,118 EPOCH 38 done: loss 0.0460 - lr 0.001563
2022-05-20 18:26:33,119 Evaluating as a multi-label problem: False
2022-05-20 18:26:33,130 DEV : loss 0.1973589062690735 - f1-score (micro avg)  0.5328
2022-05-20 18:26:33,216 Epoch    38: reducing learning rate of group 0 to 7.8125e-04.
2022-05-20 18:26:33,216 BAD EPOCHS (no improvement): 4
2022-05-20 18:26:33,219 ----------------------------------------------------------------------------------------------------
2022-05-20 18:26:37,206 epoch 39 - iter 10/107 - loss 0.04166961 - samples/sec: 80.28 - lr: 0.000781
2022-05-20 18:26:40,628 epoch 39 - iter 20/107 - loss 0.04203550 - samples/sec: 93.55 - lr: 0.000781
2022-05-20 18:26:44,490 epoch 39 - iter 30/107 - loss 0.04612194 - samples/sec: 82.87 - lr: 0.000781
2022-05-20 18:26:47,319 epoch 39 - iter 40/107 - loss 0.04445089 - samples/sec: 113.18 - lr: 0.000781
2022-05-20 18:26:49,948 epoch 39 - iter 50/107 - loss 0.04500875 - samples/sec: 121.76 - lr: 0.000781
2022-05-20 18:26:52,449 epoch 39 - iter 60/107 - loss 0.04512611 - samples/sec: 128.03 - lr: 0.000781
2022-05-20 18:26:55,871 epoch 39 - iter 70/107 - loss 0.04399234 - samples/sec: 93.54 - lr: 0.000781
2022-05-20 18:26:59,588 epoch 39 - iter 80/107 - loss 0.04528807 - samples/sec: 86.12 - lr: 0.000781
2022-05-20 18:27:03,364 epoch 39 - iter 90/107 - loss 0.04422727 - samples/sec: 84.76 - lr: 0.000781
2022-05-20 18:27:07,221 epoch 39 - iter 100/107 - loss 0.04448484 - samples/sec: 82.99 - lr: 0.000781
2022-05-20 18:27:09,675 ----------------------------------------------------------------------------------------------------
2022-05-20 18:27:09,675 EPOCH 39 done: loss 0.0457 - lr 0.000781
2022-05-20 18:27:21,894 Evaluating as a multi-label problem: False
2022-05-20 18:27:21,905 DEV : loss 0.19582372903823853 - f1-score (micro avg)  0.5335
2022-05-20 18:27:21,992 BAD EPOCHS (no improvement): 1
2022-05-20 18:27:21,994 ----------------------------------------------------------------------------------------------------
2022-05-20 18:27:25,101 epoch 40 - iter 10/107 - loss 0.05264586 - samples/sec: 103.05 - lr: 0.000781
2022-05-20 18:27:27,476 epoch 40 - iter 20/107 - loss 0.05068375 - samples/sec: 134.78 - lr: 0.000781
2022-05-20 18:27:30,273 epoch 40 - iter 30/107 - loss 0.04886488 - samples/sec: 114.46 - lr: 0.000781
2022-05-20 18:27:34,085 epoch 40 - iter 40/107 - loss 0.04647521 - samples/sec: 83.99 - lr: 0.000781
2022-05-20 18:27:37,932 epoch 40 - iter 50/107 - loss 0.04647694 - samples/sec: 83.20 - lr: 0.000781
2022-05-20 18:27:41,654 epoch 40 - iter 60/107 - loss 0.04764590 - samples/sec: 86.00 - lr: 0.000781
2022-05-20 18:27:45,736 epoch 40 - iter 70/107 - loss 0.04681325 - samples/sec: 78.40 - lr: 0.000781
2022-05-20 18:27:48,670 epoch 40 - iter 80/107 - loss 0.04673331 - samples/sec: 109.11 - lr: 0.000781
2022-05-20 18:27:52,533 epoch 40 - iter 90/107 - loss 0.04669459 - samples/sec: 82.86 - lr: 0.000781
2022-05-20 18:27:56,462 epoch 40 - iter 100/107 - loss 0.04749364 - samples/sec: 81.48 - lr: 0.000781
2022-05-20 18:27:58,438 ----------------------------------------------------------------------------------------------------
2022-05-20 18:27:58,439 EPOCH 40 done: loss 0.0478 - lr 0.000781
2022-05-20 18:28:08,100 Evaluating as a multi-label problem: False
2022-05-20 18:28:08,112 DEV : loss 0.19532518088817596 - f1-score (micro avg)  0.5324
2022-05-20 18:28:08,197 BAD EPOCHS (no improvement): 2
2022-05-20 18:28:08,199 ----------------------------------------------------------------------------------------------------
2022-05-20 18:28:10,755 epoch 41 - iter 10/107 - loss 0.04283994 - samples/sec: 125.28 - lr: 0.000781
2022-05-20 18:28:13,148 epoch 41 - iter 20/107 - loss 0.04565360 - samples/sec: 133.83 - lr: 0.000781
2022-05-20 18:28:15,870 epoch 41 - iter 30/107 - loss 0.04533111 - samples/sec: 117.58 - lr: 0.000781
2022-05-20 18:28:19,237 epoch 41 - iter 40/107 - loss 0.04467933 - samples/sec: 95.08 - lr: 0.000781
2022-05-20 18:28:22,305 epoch 41 - iter 50/107 - loss 0.04416017 - samples/sec: 104.33 - lr: 0.000781
2022-05-20 18:28:25,680 epoch 41 - iter 60/107 - loss 0.04432020 - samples/sec: 94.86 - lr: 0.000781
2022-05-20 18:28:28,734 epoch 41 - iter 70/107 - loss 0.04389791 - samples/sec: 104.80 - lr: 0.000781
2022-05-20 18:28:32,085 epoch 41 - iter 80/107 - loss 0.04398296 - samples/sec: 95.53 - lr: 0.000781
2022-05-20 18:28:35,233 epoch 41 - iter 90/107 - loss 0.04421154 - samples/sec: 101.65 - lr: 0.000781
2022-05-20 18:28:38,404 epoch 41 - iter 100/107 - loss 0.04562926 - samples/sec: 100.94 - lr: 0.000781
2022-05-20 18:28:40,433 ----------------------------------------------------------------------------------------------------
2022-05-20 18:28:40,433 EPOCH 41 done: loss 0.0453 - lr 0.000781
2022-05-20 18:28:50,657 Evaluating as a multi-label problem: False
2022-05-20 18:28:50,670 DEV : loss 0.19474796950817108 - f1-score (micro avg)  0.5324
2022-05-20 18:28:50,756 BAD EPOCHS (no improvement): 3
2022-05-20 18:28:50,758 ----------------------------------------------------------------------------------------------------
2022-05-20 18:28:53,871 epoch 42 - iter 10/107 - loss 0.04568315 - samples/sec: 102.85 - lr: 0.000781
2022-05-20 18:28:57,006 epoch 42 - iter 20/107 - loss 0.04490820 - samples/sec: 102.12 - lr: 0.000781
2022-05-20 18:28:59,835 epoch 42 - iter 30/107 - loss 0.04416964 - samples/sec: 113.17 - lr: 0.000781
2022-05-20 18:29:02,655 epoch 42 - iter 40/107 - loss 0.04350011 - samples/sec: 113.51 - lr: 0.000781
2022-05-20 18:29:05,013 epoch 42 - iter 50/107 - loss 0.04183254 - samples/sec: 135.76 - lr: 0.000781
2022-05-20 18:29:07,635 epoch 42 - iter 60/107 - loss 0.04210685 - samples/sec: 122.11 - lr: 0.000781
2022-05-20 18:29:09,960 epoch 42 - iter 70/107 - loss 0.04251655 - samples/sec: 137.69 - lr: 0.000781
2022-05-20 18:29:12,533 epoch 42 - iter 80/107 - loss 0.04290500 - samples/sec: 124.40 - lr: 0.000781
2022-05-20 18:29:15,029 epoch 42 - iter 90/107 - loss 0.04197961 - samples/sec: 128.23 - lr: 0.000781
2022-05-20 18:29:17,483 epoch 42 - iter 100/107 - loss 0.04236379 - samples/sec: 130.49 - lr: 0.000781
2022-05-20 18:29:19,019 ----------------------------------------------------------------------------------------------------
2022-05-20 18:29:19,019 EPOCH 42 done: loss 0.0430 - lr 0.000781
2022-05-20 18:29:24,967 Evaluating as a multi-label problem: False
2022-05-20 18:29:24,978 DEV : loss 0.19591620564460754 - f1-score (micro avg)  0.5324
2022-05-20 18:29:25,063 Epoch    42: reducing learning rate of group 0 to 3.9063e-04.
2022-05-20 18:29:25,063 BAD EPOCHS (no improvement): 4
2022-05-20 18:29:25,065 ----------------------------------------------------------------------------------------------------
2022-05-20 18:29:27,025 epoch 43 - iter 10/107 - loss 0.04297962 - samples/sec: 163.36 - lr: 0.000391
2022-05-20 18:29:28,927 epoch 43 - iter 20/107 - loss 0.04040268 - samples/sec: 168.33 - lr: 0.000391
2022-05-20 18:29:30,748 epoch 43 - iter 30/107 - loss 0.04225935 - samples/sec: 175.86 - lr: 0.000391
2022-05-20 18:29:32,585 epoch 43 - iter 40/107 - loss 0.04224102 - samples/sec: 174.33 - lr: 0.000391
2022-05-20 18:29:35,183 epoch 43 - iter 50/107 - loss 0.04216798 - samples/sec: 123.18 - lr: 0.000391
2022-05-20 18:29:39,791 epoch 43 - iter 60/107 - loss 0.04161654 - samples/sec: 69.47 - lr: 0.000391
2022-05-20 18:29:46,754 epoch 43 - iter 70/107 - loss 0.04255489 - samples/sec: 45.96 - lr: 0.000391
2022-05-20 18:29:51,856 epoch 43 - iter 80/107 - loss 0.04364130 - samples/sec: 62.74 - lr: 0.000391
2022-05-20 18:29:55,146 epoch 43 - iter 90/107 - loss 0.04392519 - samples/sec: 97.29 - lr: 0.000391
2022-05-20 18:29:58,611 epoch 43 - iter 100/107 - loss 0.04385205 - samples/sec: 92.38 - lr: 0.000391
2022-05-20 18:30:00,511 ----------------------------------------------------------------------------------------------------
2022-05-20 18:30:00,511 EPOCH 43 done: loss 0.0440 - lr 0.000391
2022-05-20 18:30:10,353 Evaluating as a multi-label problem: False
2022-05-20 18:30:10,364 DEV : loss 0.1952679306268692 - f1-score (micro avg)  0.5331
2022-05-20 18:30:10,473 BAD EPOCHS (no improvement): 1
2022-05-20 18:30:10,476 ----------------------------------------------------------------------------------------------------
2022-05-20 18:30:14,070 epoch 44 - iter 10/107 - loss 0.04079137 - samples/sec: 89.10 - lr: 0.000391
2022-05-20 18:30:17,357 epoch 44 - iter 20/107 - loss 0.04044585 - samples/sec: 97.37 - lr: 0.000391
2022-05-20 18:30:20,691 epoch 44 - iter 30/107 - loss 0.04213799 - samples/sec: 96.02 - lr: 0.000391
2022-05-20 18:30:23,909 epoch 44 - iter 40/107 - loss 0.04283663 - samples/sec: 99.48 - lr: 0.000391
2022-05-20 18:30:27,600 epoch 44 - iter 50/107 - loss 0.04407563 - samples/sec: 86.71 - lr: 0.000391
2022-05-20 18:30:30,572 epoch 44 - iter 60/107 - loss 0.04441194 - samples/sec: 107.72 - lr: 0.000391
2022-05-20 18:30:33,788 epoch 44 - iter 70/107 - loss 0.04530951 - samples/sec: 99.52 - lr: 0.000391
2022-05-20 18:30:36,530 epoch 44 - iter 80/107 - loss 0.04388518 - samples/sec: 116.78 - lr: 0.000391
2022-05-20 18:30:38,890 epoch 44 - iter 90/107 - loss 0.04317503 - samples/sec: 135.63 - lr: 0.000391
2022-05-20 18:30:41,639 epoch 44 - iter 100/107 - loss 0.04399967 - samples/sec: 116.45 - lr: 0.000391
2022-05-20 18:30:43,173 ----------------------------------------------------------------------------------------------------
2022-05-20 18:30:43,173 EPOCH 44 done: loss 0.0438 - lr 0.000391
2022-05-20 18:30:51,086 Evaluating as a multi-label problem: False
2022-05-20 18:30:51,097 DEV : loss 0.19544260203838348 - f1-score (micro avg)  0.5331
2022-05-20 18:30:51,182 BAD EPOCHS (no improvement): 2
2022-05-20 18:30:51,184 ----------------------------------------------------------------------------------------------------
2022-05-20 18:30:53,090 epoch 45 - iter 10/107 - loss 0.03895762 - samples/sec: 168.00 - lr: 0.000391
2022-05-20 18:30:55,014 epoch 45 - iter 20/107 - loss 0.03995728 - samples/sec: 166.39 - lr: 0.000391
2022-05-20 18:30:57,297 epoch 45 - iter 30/107 - loss 0.03869809 - samples/sec: 140.25 - lr: 0.000391
2022-05-20 18:31:01,169 epoch 45 - iter 40/107 - loss 0.03874205 - samples/sec: 82.66 - lr: 0.000391
2022-05-20 18:31:04,323 epoch 45 - iter 50/107 - loss 0.03928010 - samples/sec: 101.51 - lr: 0.000391
2022-05-20 18:31:07,853 epoch 45 - iter 60/107 - loss 0.04067000 - samples/sec: 90.66 - lr: 0.000391
2022-05-20 18:31:11,020 epoch 45 - iter 70/107 - loss 0.04125686 - samples/sec: 101.09 - lr: 0.000391
2022-05-20 18:31:14,501 epoch 45 - iter 80/107 - loss 0.04323043 - samples/sec: 91.96 - lr: 0.000391
2022-05-20 18:31:17,658 epoch 45 - iter 90/107 - loss 0.04342361 - samples/sec: 101.38 - lr: 0.000391
2022-05-20 18:31:20,908 epoch 45 - iter 100/107 - loss 0.04329015 - samples/sec: 98.50 - lr: 0.000391
2022-05-20 18:31:23,143 ----------------------------------------------------------------------------------------------------
2022-05-20 18:31:23,143 EPOCH 45 done: loss 0.0435 - lr 0.000391
2022-05-20 18:31:33,480 Evaluating as a multi-label problem: False
2022-05-20 18:31:33,492 DEV : loss 0.1956809014081955 - f1-score (micro avg)  0.5335
2022-05-20 18:31:33,593 BAD EPOCHS (no improvement): 3
2022-05-20 18:31:33,596 ----------------------------------------------------------------------------------------------------
2022-05-20 18:31:36,664 epoch 46 - iter 10/107 - loss 0.04467049 - samples/sec: 104.36 - lr: 0.000391
2022-05-20 18:31:39,120 epoch 46 - iter 20/107 - loss 0.04519072 - samples/sec: 130.34 - lr: 0.000391
2022-05-20 18:31:41,977 epoch 46 - iter 30/107 - loss 0.04522603 - samples/sec: 112.06 - lr: 0.000391
2022-05-20 18:31:44,610 epoch 46 - iter 40/107 - loss 0.04653659 - samples/sec: 121.58 - lr: 0.000391
2022-05-20 18:31:47,159 epoch 46 - iter 50/107 - loss 0.04459964 - samples/sec: 125.60 - lr: 0.000391
2022-05-20 18:31:49,510 epoch 46 - iter 60/107 - loss 0.04473769 - samples/sec: 136.18 - lr: 0.000391
2022-05-20 18:31:51,343 epoch 46 - iter 70/107 - loss 0.04542025 - samples/sec: 174.64 - lr: 0.000391
2022-05-20 18:31:53,287 epoch 46 - iter 80/107 - loss 0.04586521 - samples/sec: 164.67 - lr: 0.000391
2022-05-20 18:31:55,050 epoch 46 - iter 90/107 - loss 0.04576144 - samples/sec: 181.62 - lr: 0.000391
2022-05-20 18:31:56,914 epoch 46 - iter 100/107 - loss 0.04509615 - samples/sec: 171.75 - lr: 0.000391
2022-05-20 18:31:58,305 ----------------------------------------------------------------------------------------------------
2022-05-20 18:31:58,305 EPOCH 46 done: loss 0.0445 - lr 0.000391
2022-05-20 18:32:09,870 Evaluating as a multi-label problem: False
2022-05-20 18:32:09,881 DEV : loss 0.19546903669834137 - f1-score (micro avg)  0.5335
2022-05-20 18:32:09,968 Epoch    46: reducing learning rate of group 0 to 1.9531e-04.
2022-05-20 18:32:09,968 BAD EPOCHS (no improvement): 4
2022-05-20 18:32:09,984 ----------------------------------------------------------------------------------------------------
2022-05-20 18:32:13,573 epoch 47 - iter 10/107 - loss 0.04127595 - samples/sec: 89.21 - lr: 0.000195
2022-05-20 18:32:16,890 epoch 47 - iter 20/107 - loss 0.04310161 - samples/sec: 96.51 - lr: 0.000195
2022-05-20 18:32:20,142 epoch 47 - iter 30/107 - loss 0.04513154 - samples/sec: 98.42 - lr: 0.000195
2022-05-20 18:32:23,283 epoch 47 - iter 40/107 - loss 0.04379477 - samples/sec: 101.92 - lr: 0.000195
2022-05-20 18:32:26,562 epoch 47 - iter 50/107 - loss 0.04326414 - samples/sec: 97.63 - lr: 0.000195
2022-05-20 18:32:29,968 epoch 47 - iter 60/107 - loss 0.04458729 - samples/sec: 93.99 - lr: 0.000195
2022-05-20 18:32:33,382 epoch 47 - iter 70/107 - loss 0.04396121 - samples/sec: 93.76 - lr: 0.000195
2022-05-20 18:32:36,884 epoch 47 - iter 80/107 - loss 0.04530035 - samples/sec: 91.41 - lr: 0.000195
2022-05-20 18:32:40,306 epoch 47 - iter 90/107 - loss 0.04508250 - samples/sec: 93.53 - lr: 0.000195
2022-05-20 18:32:42,984 epoch 47 - iter 100/107 - loss 0.04488051 - samples/sec: 119.57 - lr: 0.000195
2022-05-20 18:32:44,426 ----------------------------------------------------------------------------------------------------
2022-05-20 18:32:44,426 EPOCH 47 done: loss 0.0450 - lr 0.000195
2022-05-20 18:32:54,104 Evaluating as a multi-label problem: False
2022-05-20 18:32:54,115 DEV : loss 0.19529888033866882 - f1-score (micro avg)  0.5342
2022-05-20 18:32:54,201 BAD EPOCHS (no improvement): 1
2022-05-20 18:32:54,203 ----------------------------------------------------------------------------------------------------
2022-05-20 18:32:57,509 epoch 48 - iter 10/107 - loss 0.05010066 - samples/sec: 96.83 - lr: 0.000195
2022-05-20 18:33:00,752 epoch 48 - iter 20/107 - loss 0.04961409 - samples/sec: 98.70 - lr: 0.000195
2022-05-20 18:33:04,332 epoch 48 - iter 30/107 - loss 0.04923644 - samples/sec: 89.43 - lr: 0.000195
2022-05-20 18:33:07,805 epoch 48 - iter 40/107 - loss 0.04906329 - samples/sec: 92.20 - lr: 0.000195
2022-05-20 18:33:10,835 epoch 48 - iter 50/107 - loss 0.04841201 - samples/sec: 105.64 - lr: 0.000195
2022-05-20 18:33:14,384 epoch 48 - iter 60/107 - loss 0.04717188 - samples/sec: 90.20 - lr: 0.000195
2022-05-20 18:33:17,740 epoch 48 - iter 70/107 - loss 0.04752255 - samples/sec: 95.38 - lr: 0.000195
2022-05-20 18:33:20,940 epoch 48 - iter 80/107 - loss 0.04768993 - samples/sec: 100.03 - lr: 0.000195
2022-05-20 18:33:24,646 epoch 48 - iter 90/107 - loss 0.04654691 - samples/sec: 86.37 - lr: 0.000195
2022-05-20 18:33:27,793 epoch 48 - iter 100/107 - loss 0.04588541 - samples/sec: 101.73 - lr: 0.000195
2022-05-20 18:33:29,804 ----------------------------------------------------------------------------------------------------
2022-05-20 18:33:29,804 EPOCH 48 done: loss 0.0457 - lr 0.000195
2022-05-20 18:33:39,053 Evaluating as a multi-label problem: False
2022-05-20 18:33:39,064 DEV : loss 0.1954226940870285 - f1-score (micro avg)  0.5335
2022-05-20 18:33:39,149 BAD EPOCHS (no improvement): 2
2022-05-20 18:33:39,150 ----------------------------------------------------------------------------------------------------
2022-05-20 18:33:41,339 epoch 49 - iter 10/107 - loss 0.05000424 - samples/sec: 146.31 - lr: 0.000195
2022-05-20 18:33:43,249 epoch 49 - iter 20/107 - loss 0.05232734 - samples/sec: 167.58 - lr: 0.000195
2022-05-20 18:33:45,123 epoch 49 - iter 30/107 - loss 0.04932978 - samples/sec: 170.92 - lr: 0.000195
2022-05-20 18:33:47,319 epoch 49 - iter 40/107 - loss 0.04923827 - samples/sec: 145.78 - lr: 0.000195
2022-05-20 18:33:49,285 epoch 49 - iter 50/107 - loss 0.04762188 - samples/sec: 162.84 - lr: 0.000195
2022-05-20 18:33:52,521 epoch 49 - iter 60/107 - loss 0.04457103 - samples/sec: 98.96 - lr: 0.000195
2022-05-20 18:33:55,847 epoch 49 - iter 70/107 - loss 0.04435295 - samples/sec: 96.26 - lr: 0.000195
2022-05-20 18:33:58,956 epoch 49 - iter 80/107 - loss 0.04514703 - samples/sec: 102.98 - lr: 0.000195
2022-05-20 18:34:02,966 epoch 49 - iter 90/107 - loss 0.04494486 - samples/sec: 79.83 - lr: 0.000195
2022-05-20 18:34:06,320 epoch 49 - iter 100/107 - loss 0.04469539 - samples/sec: 95.43 - lr: 0.000195
2022-05-20 18:34:08,426 ----------------------------------------------------------------------------------------------------
2022-05-20 18:34:08,426 EPOCH 49 done: loss 0.0443 - lr 0.000195
2022-05-20 18:34:18,965 Evaluating as a multi-label problem: False
2022-05-20 18:34:18,979 DEV : loss 0.19534198939800262 - f1-score (micro avg)  0.5347
2022-05-20 18:34:19,064 BAD EPOCHS (no improvement): 3
2022-05-20 18:34:19,067 ----------------------------------------------------------------------------------------------------
2022-05-20 18:34:22,190 epoch 50 - iter 10/107 - loss 0.03900466 - samples/sec: 102.53 - lr: 0.000195
2022-05-20 18:34:25,479 epoch 50 - iter 20/107 - loss 0.03954620 - samples/sec: 97.32 - lr: 0.000195
2022-05-20 18:34:28,944 epoch 50 - iter 30/107 - loss 0.04367648 - samples/sec: 92.38 - lr: 0.000195
2022-05-20 18:34:32,229 epoch 50 - iter 40/107 - loss 0.04394116 - samples/sec: 97.45 - lr: 0.000195
2022-05-20 18:34:35,063 epoch 50 - iter 50/107 - loss 0.04396745 - samples/sec: 112.95 - lr: 0.000195
2022-05-20 18:34:38,261 epoch 50 - iter 60/107 - loss 0.04410694 - samples/sec: 100.12 - lr: 0.000195
2022-05-20 18:34:40,989 epoch 50 - iter 70/107 - loss 0.04409393 - samples/sec: 117.36 - lr: 0.000195
2022-05-20 18:34:43,398 epoch 50 - iter 80/107 - loss 0.04436290 - samples/sec: 132.91 - lr: 0.000195
2022-05-20 18:34:45,424 epoch 50 - iter 90/107 - loss 0.04449740 - samples/sec: 157.99 - lr: 0.000195
2022-05-20 18:34:47,624 epoch 50 - iter 100/107 - loss 0.04447563 - samples/sec: 145.58 - lr: 0.000195
2022-05-20 18:34:48,797 ----------------------------------------------------------------------------------------------------
2022-05-20 18:34:48,797 EPOCH 50 done: loss 0.0449 - lr 0.000195
2022-05-20 18:34:58,805 Evaluating as a multi-label problem: False
2022-05-20 18:34:58,833 DEV : loss 0.19506700336933136 - f1-score (micro avg)  0.5342
2022-05-20 18:34:58,917 Epoch    50: reducing learning rate of group 0 to 9.7656e-05.
2022-05-20 18:34:58,917 BAD EPOCHS (no improvement): 4
2022-05-20 18:34:58,919 ----------------------------------------------------------------------------------------------------
2022-05-20 18:34:58,919 ----------------------------------------------------------------------------------------------------
2022-05-20 18:34:58,919 learning rate too small - quitting training!
2022-05-20 18:34:58,919 ----------------------------------------------------------------------------------------------------
2022-05-20 18:35:07,549 ----------------------------------------------------------------------------------------------------
2022-05-20 18:35:07,550 loading file resources/taggers/model_07_r12_run_2/best-model.pt
2022-05-20 18:35:13,742 SequenceTagger predicts: Dictionary with 27 tags: O, S-person, B-person, E-person, I-person, S-location, B-location, E-location, I-location, S-group, B-group, E-group, I-group, S-corporation, B-corporation, E-corporation, I-corporation, S-product, B-product, E-product, I-product, S-creative-work, B-creative-work, E-creative-work, I-creative-work, <START>, <STOP>
2022-05-20 18:35:33,470 Evaluating as a multi-label problem: False
2022-05-20 18:35:33,483 0.6593	0.3336	0.4431	0.3013
2022-05-20 18:35:33,483 
Results:
- F-score (micro) 0.4431
- F-score (macro) 0.3237
- Accuracy 0.3013

By class:
               precision    recall  f1-score   support

       person     0.7543    0.5082    0.6072       429
     location     0.6119    0.5467    0.5775       150
        group     0.5333    0.1455    0.2286       165
creative-work     0.5278    0.1338    0.2135       142
      product     0.5000    0.0472    0.0863       127
  corporation     0.3667    0.1667    0.2292        66

    micro avg     0.6593    0.3336    0.4431      1079
    macro avg     0.5490    0.2580    0.3237      1079
 weighted avg     0.6173    0.3336    0.4089      1079

2022-05-20 18:35:33,483 ----------------------------------------------------------------------------------------------------
