2022-03-18 09:55:03,058 ----------------------------------------------------------------------------------------------------
2022-03-18 09:55:03,058 Model: "SequenceTagger(
  (embeddings): StackedEmbeddings(
    (list_embedding_0): WordEmbeddings(
      'glove'
      (embedding): Embedding(400001, 100)
    )
    (list_embedding_1): FlairEmbeddings(
      (lm): LanguageModel(
        (drop): Dropout(p=0.05, inplace=False)
        (encoder): Embedding(300, 100)
        (rnn): LSTM(100, 2048)
        (decoder): Linear(in_features=2048, out_features=300, bias=True)
      )
    )
    (list_embedding_2): FlairEmbeddings(
      (lm): LanguageModel(
        (drop): Dropout(p=0.05, inplace=False)
        (encoder): Embedding(300, 100)
        (rnn): LSTM(100, 2048)
        (decoder): Linear(in_features=2048, out_features=300, bias=True)
      )
    )
  )
  (word_dropout): WordDropout(p=0.05)
  (locked_dropout): LockedDropout(p=0.5)
  (embedding2nn): Linear(in_features=4196, out_features=4196, bias=True)
  (rnn): LSTM(4196, 256, batch_first=True, bidirectional=True)
  (linear): Linear(in_features=512, out_features=19, bias=True)
  (loss_function): ViterbiLoss()
  (crf): CRF()
)"
2022-03-18 09:55:03,059 ----------------------------------------------------------------------------------------------------
2022-03-18 09:55:03,060 Corpus: "Corpus: 14987 train + 3466 dev + 3684 test sentences"
2022-03-18 09:55:03,060 ----------------------------------------------------------------------------------------------------
2022-03-18 09:55:03,060 Parameters:
2022-03-18 09:55:03,061  - learning_rate: "0.100000"
2022-03-18 09:55:03,061  - mini_batch_size: "32"
2022-03-18 09:55:03,061  - patience: "3"
2022-03-18 09:55:03,061  - anneal_factor: "0.5"
2022-03-18 09:55:03,061  - max_epochs: "150"
2022-03-18 09:55:03,061  - shuffle: "True"
2022-03-18 09:55:03,061  - train_with_dev: "False"
2022-03-18 09:55:03,061  - batch_growth_annealing: "False"
2022-03-18 09:55:03,061 ----------------------------------------------------------------------------------------------------
2022-03-18 09:55:03,062 Model training base path: "resources/taggers/model_01_run_1"
2022-03-18 09:55:03,062 ----------------------------------------------------------------------------------------------------
2022-03-18 09:55:03,063 Device: cuda:1
2022-03-18 09:55:03,063 ----------------------------------------------------------------------------------------------------
2022-03-18 09:55:03,063 Embeddings storage mode: cpu
2022-03-18 09:55:03,063 ----------------------------------------------------------------------------------------------------
2022-03-18 09:55:15,698 epoch 1 - iter 46/469 - loss 0.85545127 - samples/sec: 116.53 - lr: 0.100000
2022-03-18 09:55:27,643 epoch 1 - iter 92/469 - loss 0.61514243 - samples/sec: 123.28 - lr: 0.100000
2022-03-18 09:55:37,854 epoch 1 - iter 138/469 - loss 0.50959770 - samples/sec: 144.21 - lr: 0.100000
2022-03-18 09:55:46,824 epoch 1 - iter 184/469 - loss 0.44460228 - samples/sec: 164.18 - lr: 0.100000
2022-03-18 09:55:56,639 epoch 1 - iter 230/469 - loss 0.39373805 - samples/sec: 150.03 - lr: 0.100000
2022-03-18 09:56:08,949 epoch 1 - iter 276/469 - loss 0.34923974 - samples/sec: 119.62 - lr: 0.100000
2022-03-18 09:56:21,859 epoch 1 - iter 322/469 - loss 0.31974276 - samples/sec: 114.06 - lr: 0.100000
2022-03-18 09:56:33,323 epoch 1 - iter 368/469 - loss 0.30079850 - samples/sec: 128.45 - lr: 0.100000
2022-03-18 09:56:53,765 epoch 1 - iter 414/469 - loss 0.27741861 - samples/sec: 72.02 - lr: 0.100000
2022-03-18 09:57:09,313 epoch 1 - iter 460/469 - loss 0.25851351 - samples/sec: 94.70 - lr: 0.100000
2022-03-18 09:57:11,325 ----------------------------------------------------------------------------------------------------
2022-03-18 09:57:11,325 EPOCH 1 done: loss 0.2568 - lr 0.100000
2022-03-18 09:57:44,265 Evaluating as a multi-label problem: False
2022-03-18 09:57:44,306 DEV : loss 0.0849825069308281 - f1-score (micro avg)  0.8808
2022-03-18 09:57:44,535 BAD EPOCHS (no improvement): 0
2022-03-18 09:57:44,538 saving best model
2022-03-18 09:57:46,798 ----------------------------------------------------------------------------------------------------
2022-03-18 09:57:50,940 epoch 2 - iter 46/469 - loss 0.09986459 - samples/sec: 355.99 - lr: 0.100000
2022-03-18 09:57:54,880 epoch 2 - iter 92/469 - loss 0.10469438 - samples/sec: 374.01 - lr: 0.100000
2022-03-18 09:57:58,800 epoch 2 - iter 138/469 - loss 0.10728329 - samples/sec: 375.94 - lr: 0.100000
2022-03-18 09:58:02,661 epoch 2 - iter 184/469 - loss 0.10899579 - samples/sec: 381.58 - lr: 0.100000
2022-03-18 09:58:06,649 epoch 2 - iter 230/469 - loss 0.10591597 - samples/sec: 369.56 - lr: 0.100000
2022-03-18 09:58:10,473 epoch 2 - iter 276/469 - loss 0.10564000 - samples/sec: 385.33 - lr: 0.100000
2022-03-18 09:58:14,264 epoch 2 - iter 322/469 - loss 0.10415469 - samples/sec: 388.72 - lr: 0.100000
2022-03-18 09:58:18,050 epoch 2 - iter 368/469 - loss 0.10306140 - samples/sec: 389.17 - lr: 0.100000
2022-03-18 09:58:21,867 epoch 2 - iter 414/469 - loss 0.10208451 - samples/sec: 385.99 - lr: 0.100000
2022-03-18 09:58:25,729 epoch 2 - iter 460/469 - loss 0.10088107 - samples/sec: 381.56 - lr: 0.100000
2022-03-18 09:58:26,468 ----------------------------------------------------------------------------------------------------
2022-03-18 09:58:26,468 EPOCH 2 done: loss 0.1004 - lr 0.100000
2022-03-18 09:58:39,795 Evaluating as a multi-label problem: False
2022-03-18 09:58:39,870 DEV : loss 0.05420466139912605 - f1-score (micro avg)  0.9072
2022-03-18 09:58:40,338 BAD EPOCHS (no improvement): 0
2022-03-18 09:58:40,343 saving best model
2022-03-18 09:58:42,827 ----------------------------------------------------------------------------------------------------
2022-03-18 09:58:47,399 epoch 3 - iter 46/469 - loss 0.07678710 - samples/sec: 322.47 - lr: 0.100000
2022-03-18 09:58:52,041 epoch 3 - iter 92/469 - loss 0.07662385 - samples/sec: 317.59 - lr: 0.100000
2022-03-18 09:58:57,995 epoch 3 - iter 138/469 - loss 0.07706225 - samples/sec: 247.52 - lr: 0.100000
2022-03-18 09:59:03,597 epoch 3 - iter 184/469 - loss 0.07633718 - samples/sec: 263.06 - lr: 0.100000
2022-03-18 09:59:08,785 epoch 3 - iter 230/469 - loss 0.07666082 - samples/sec: 284.05 - lr: 0.100000
2022-03-18 09:59:13,939 epoch 3 - iter 276/469 - loss 0.07695445 - samples/sec: 285.91 - lr: 0.100000
2022-03-18 09:59:18,977 epoch 3 - iter 322/469 - loss 0.07791028 - samples/sec: 292.58 - lr: 0.100000
2022-03-18 09:59:23,745 epoch 3 - iter 368/469 - loss 0.07827148 - samples/sec: 309.18 - lr: 0.100000
2022-03-18 09:59:28,681 epoch 3 - iter 414/469 - loss 0.07685519 - samples/sec: 298.65 - lr: 0.100000
2022-03-18 09:59:33,083 epoch 3 - iter 460/469 - loss 0.07650377 - samples/sec: 334.77 - lr: 0.100000
2022-03-18 09:59:33,767 ----------------------------------------------------------------------------------------------------
2022-03-18 09:59:33,767 EPOCH 3 done: loss 0.0765 - lr 0.100000
2022-03-18 09:59:44,832 Evaluating as a multi-label problem: False
2022-03-18 09:59:44,870 DEV : loss 0.044468190521001816 - f1-score (micro avg)  0.9264
2022-03-18 09:59:45,110 BAD EPOCHS (no improvement): 0
2022-03-18 09:59:45,113 saving best model
2022-03-18 09:59:47,375 ----------------------------------------------------------------------------------------------------
2022-03-18 09:59:51,416 epoch 4 - iter 46/469 - loss 0.06413965 - samples/sec: 364.72 - lr: 0.100000
2022-03-18 09:59:55,268 epoch 4 - iter 92/469 - loss 0.06432507 - samples/sec: 382.56 - lr: 0.100000
2022-03-18 09:59:59,096 epoch 4 - iter 138/469 - loss 0.06532021 - samples/sec: 385.00 - lr: 0.100000
2022-03-18 10:00:02,989 epoch 4 - iter 184/469 - loss 0.06641450 - samples/sec: 378.51 - lr: 0.100000
2022-03-18 10:00:06,916 epoch 4 - iter 230/469 - loss 0.06600401 - samples/sec: 375.25 - lr: 0.100000
2022-03-18 10:00:10,823 epoch 4 - iter 276/469 - loss 0.06588998 - samples/sec: 377.06 - lr: 0.100000
2022-03-18 10:00:14,785 epoch 4 - iter 322/469 - loss 0.06559780 - samples/sec: 371.94 - lr: 0.100000
2022-03-18 10:00:18,575 epoch 4 - iter 368/469 - loss 0.06479105 - samples/sec: 388.70 - lr: 0.100000
2022-03-18 10:00:22,364 epoch 4 - iter 414/469 - loss 0.06364998 - samples/sec: 388.89 - lr: 0.100000
2022-03-18 10:00:26,111 epoch 4 - iter 460/469 - loss 0.06320986 - samples/sec: 393.13 - lr: 0.100000
2022-03-18 10:00:26,853 ----------------------------------------------------------------------------------------------------
2022-03-18 10:00:26,853 EPOCH 4 done: loss 0.0634 - lr 0.100000
2022-03-18 10:00:40,804 Evaluating as a multi-label problem: False
2022-03-18 10:00:40,875 DEV : loss 0.03625465929508209 - f1-score (micro avg)  0.9343
2022-03-18 10:00:41,381 BAD EPOCHS (no improvement): 0
2022-03-18 10:00:41,400 saving best model
2022-03-18 10:00:43,859 ----------------------------------------------------------------------------------------------------
2022-03-18 10:00:49,695 epoch 5 - iter 46/469 - loss 0.06156823 - samples/sec: 252.52 - lr: 0.100000
2022-03-18 10:00:55,234 epoch 5 - iter 92/469 - loss 0.05860326 - samples/sec: 266.00 - lr: 0.100000
2022-03-18 10:01:00,642 epoch 5 - iter 138/469 - loss 0.05616787 - samples/sec: 272.45 - lr: 0.100000
2022-03-18 10:01:05,689 epoch 5 - iter 184/469 - loss 0.05563217 - samples/sec: 292.02 - lr: 0.100000
2022-03-18 10:01:10,718 epoch 5 - iter 230/469 - loss 0.05603109 - samples/sec: 293.12 - lr: 0.100000
2022-03-18 10:01:15,605 epoch 5 - iter 276/469 - loss 0.05641615 - samples/sec: 301.66 - lr: 0.100000
2022-03-18 10:01:20,342 epoch 5 - iter 322/469 - loss 0.05602244 - samples/sec: 311.16 - lr: 0.100000
2022-03-18 10:01:25,178 epoch 5 - iter 368/469 - loss 0.05622764 - samples/sec: 304.79 - lr: 0.100000
2022-03-18 10:01:29,305 epoch 5 - iter 414/469 - loss 0.05582357 - samples/sec: 357.06 - lr: 0.100000
2022-03-18 10:01:33,332 epoch 5 - iter 460/469 - loss 0.05531233 - samples/sec: 365.90 - lr: 0.100000
2022-03-18 10:01:34,141 ----------------------------------------------------------------------------------------------------
2022-03-18 10:01:34,141 EPOCH 5 done: loss 0.0553 - lr 0.100000
2022-03-18 10:01:45,794 Evaluating as a multi-label problem: False
2022-03-18 10:01:45,834 DEV : loss 0.033706385642290115 - f1-score (micro avg)  0.9412
2022-03-18 10:01:46,065 BAD EPOCHS (no improvement): 0
2022-03-18 10:01:46,091 saving best model
2022-03-18 10:01:48,663 ----------------------------------------------------------------------------------------------------
2022-03-18 10:01:52,788 epoch 6 - iter 46/469 - loss 0.04521092 - samples/sec: 357.46 - lr: 0.100000
2022-03-18 10:01:56,678 epoch 6 - iter 92/469 - loss 0.04621873 - samples/sec: 378.88 - lr: 0.100000
2022-03-18 10:02:00,651 epoch 6 - iter 138/469 - loss 0.04884870 - samples/sec: 370.92 - lr: 0.100000
2022-03-18 10:02:04,820 epoch 6 - iter 184/469 - loss 0.04972073 - samples/sec: 353.55 - lr: 0.100000
2022-03-18 10:02:08,795 epoch 6 - iter 230/469 - loss 0.05072925 - samples/sec: 370.71 - lr: 0.100000
2022-03-18 10:02:12,836 epoch 6 - iter 276/469 - loss 0.05036814 - samples/sec: 364.61 - lr: 0.100000
2022-03-18 10:02:17,005 epoch 6 - iter 322/469 - loss 0.05033243 - samples/sec: 353.42 - lr: 0.100000
2022-03-18 10:02:21,044 epoch 6 - iter 368/469 - loss 0.05059112 - samples/sec: 364.86 - lr: 0.100000
2022-03-18 10:02:24,848 epoch 6 - iter 414/469 - loss 0.05095205 - samples/sec: 387.55 - lr: 0.100000
2022-03-18 10:02:29,032 epoch 6 - iter 460/469 - loss 0.05108574 - samples/sec: 352.27 - lr: 0.100000
2022-03-18 10:02:29,907 ----------------------------------------------------------------------------------------------------
2022-03-18 10:02:29,907 EPOCH 6 done: loss 0.0511 - lr 0.100000
2022-03-18 10:02:42,081 Evaluating as a multi-label problem: False
2022-03-18 10:02:42,153 DEV : loss 0.031921327114105225 - f1-score (micro avg)  0.943
2022-03-18 10:02:42,435 BAD EPOCHS (no improvement): 0
2022-03-18 10:02:42,441 saving best model
2022-03-18 10:02:45,161 ----------------------------------------------------------------------------------------------------
2022-03-18 10:02:51,765 epoch 7 - iter 46/469 - loss 0.04286717 - samples/sec: 223.19 - lr: 0.100000
2022-03-18 10:02:58,135 epoch 7 - iter 92/469 - loss 0.04475501 - samples/sec: 231.34 - lr: 0.100000
2022-03-18 10:03:03,691 epoch 7 - iter 138/469 - loss 0.04565964 - samples/sec: 265.35 - lr: 0.100000
2022-03-18 10:03:09,335 epoch 7 - iter 184/469 - loss 0.04545727 - samples/sec: 261.13 - lr: 0.100000
2022-03-18 10:03:14,673 epoch 7 - iter 230/469 - loss 0.04608111 - samples/sec: 276.13 - lr: 0.100000
2022-03-18 10:03:19,676 epoch 7 - iter 276/469 - loss 0.04514430 - samples/sec: 294.61 - lr: 0.100000
2022-03-18 10:03:24,897 epoch 7 - iter 322/469 - loss 0.04540958 - samples/sec: 282.32 - lr: 0.100000
2022-03-18 10:03:31,166 epoch 7 - iter 368/469 - loss 0.04569457 - samples/sec: 234.95 - lr: 0.100000
2022-03-18 10:03:35,218 epoch 7 - iter 414/469 - loss 0.04625816 - samples/sec: 363.63 - lr: 0.100000
2022-03-18 10:03:39,260 epoch 7 - iter 460/469 - loss 0.04592949 - samples/sec: 364.70 - lr: 0.100000
2022-03-18 10:03:39,989 ----------------------------------------------------------------------------------------------------
2022-03-18 10:03:39,989 EPOCH 7 done: loss 0.0461 - lr 0.100000
2022-03-18 10:03:52,003 Evaluating as a multi-label problem: False
2022-03-18 10:03:52,043 DEV : loss 0.0302874818444252 - f1-score (micro avg)  0.9451
2022-03-18 10:03:52,263 BAD EPOCHS (no improvement): 0
2022-03-18 10:03:52,267 saving best model
2022-03-18 10:03:54,895 ----------------------------------------------------------------------------------------------------
2022-03-18 10:03:59,017 epoch 8 - iter 46/469 - loss 0.04018236 - samples/sec: 357.62 - lr: 0.100000
2022-03-18 10:04:02,973 epoch 8 - iter 92/469 - loss 0.04036083 - samples/sec: 372.51 - lr: 0.100000
2022-03-18 10:04:07,014 epoch 8 - iter 138/469 - loss 0.03957682 - samples/sec: 364.65 - lr: 0.100000
2022-03-18 10:04:11,008 epoch 8 - iter 184/469 - loss 0.04050601 - samples/sec: 368.95 - lr: 0.100000
2022-03-18 10:04:15,043 epoch 8 - iter 230/469 - loss 0.04101694 - samples/sec: 365.34 - lr: 0.100000
2022-03-18 10:04:19,002 epoch 8 - iter 276/469 - loss 0.04109240 - samples/sec: 372.31 - lr: 0.100000
2022-03-18 10:04:22,926 epoch 8 - iter 322/469 - loss 0.04180381 - samples/sec: 375.50 - lr: 0.100000
2022-03-18 10:04:26,876 epoch 8 - iter 368/469 - loss 0.04227409 - samples/sec: 373.11 - lr: 0.100000
2022-03-18 10:04:31,012 epoch 8 - iter 414/469 - loss 0.04275320 - samples/sec: 356.29 - lr: 0.100000
2022-03-18 10:04:35,632 epoch 8 - iter 460/469 - loss 0.04318373 - samples/sec: 319.03 - lr: 0.100000
2022-03-18 10:04:36,479 ----------------------------------------------------------------------------------------------------
2022-03-18 10:04:36,479 EPOCH 8 done: loss 0.0430 - lr 0.100000
2022-03-18 10:04:49,209 Evaluating as a multi-label problem: False
2022-03-18 10:04:49,285 DEV : loss 0.030867092311382294 - f1-score (micro avg)  0.9491
2022-03-18 10:04:49,759 BAD EPOCHS (no improvement): 0
2022-03-18 10:04:49,764 saving best model
2022-03-18 10:04:52,675 ----------------------------------------------------------------------------------------------------
2022-03-18 10:04:59,847 epoch 9 - iter 46/469 - loss 0.04256410 - samples/sec: 205.57 - lr: 0.100000
2022-03-18 10:05:05,737 epoch 9 - iter 92/469 - loss 0.04142661 - samples/sec: 250.24 - lr: 0.100000
2022-03-18 10:05:10,733 epoch 9 - iter 138/469 - loss 0.04089608 - samples/sec: 295.00 - lr: 0.100000
2022-03-18 10:05:15,922 epoch 9 - iter 184/469 - loss 0.04133372 - samples/sec: 284.04 - lr: 0.100000
2022-03-18 10:05:21,060 epoch 9 - iter 230/469 - loss 0.04085287 - samples/sec: 286.81 - lr: 0.100000
2022-03-18 10:05:26,008 epoch 9 - iter 276/469 - loss 0.04121979 - samples/sec: 297.89 - lr: 0.100000
2022-03-18 10:05:30,806 epoch 9 - iter 322/469 - loss 0.04088271 - samples/sec: 307.23 - lr: 0.100000
2022-03-18 10:05:35,016 epoch 9 - iter 368/469 - loss 0.04021665 - samples/sec: 350.13 - lr: 0.100000
2022-03-18 10:05:38,996 epoch 9 - iter 414/469 - loss 0.04021363 - samples/sec: 370.37 - lr: 0.100000
2022-03-18 10:05:42,994 epoch 9 - iter 460/469 - loss 0.04003702 - samples/sec: 368.57 - lr: 0.100000
2022-03-18 10:05:43,749 ----------------------------------------------------------------------------------------------------
2022-03-18 10:05:43,749 EPOCH 9 done: loss 0.0401 - lr 0.100000
2022-03-18 10:05:56,855 Evaluating as a multi-label problem: False
2022-03-18 10:05:56,895 DEV : loss 0.031544022262096405 - f1-score (micro avg)  0.944
2022-03-18 10:05:57,130 BAD EPOCHS (no improvement): 1
2022-03-18 10:05:57,133 ----------------------------------------------------------------------------------------------------
2022-03-18 10:06:01,477 epoch 10 - iter 46/469 - loss 0.03718265 - samples/sec: 339.33 - lr: 0.100000
2022-03-18 10:06:05,491 epoch 10 - iter 92/469 - loss 0.03721681 - samples/sec: 367.14 - lr: 0.100000
2022-03-18 10:06:09,458 epoch 10 - iter 138/469 - loss 0.03814745 - samples/sec: 371.51 - lr: 0.100000
2022-03-18 10:06:13,407 epoch 10 - iter 184/469 - loss 0.03829259 - samples/sec: 373.22 - lr: 0.100000
2022-03-18 10:06:17,336 epoch 10 - iter 230/469 - loss 0.03760753 - samples/sec: 375.05 - lr: 0.100000
2022-03-18 10:06:21,368 epoch 10 - iter 276/469 - loss 0.03822306 - samples/sec: 365.47 - lr: 0.100000
2022-03-18 10:06:25,271 epoch 10 - iter 322/469 - loss 0.03817881 - samples/sec: 377.54 - lr: 0.100000
2022-03-18 10:06:29,325 epoch 10 - iter 368/469 - loss 0.03823984 - samples/sec: 363.52 - lr: 0.100000
2022-03-18 10:06:33,277 epoch 10 - iter 414/469 - loss 0.03806164 - samples/sec: 372.87 - lr: 0.100000
2022-03-18 10:06:37,833 epoch 10 - iter 460/469 - loss 0.03809006 - samples/sec: 323.52 - lr: 0.100000
2022-03-18 10:06:38,755 ----------------------------------------------------------------------------------------------------
2022-03-18 10:06:38,755 EPOCH 10 done: loss 0.0379 - lr 0.100000
2022-03-18 10:06:51,506 Evaluating as a multi-label problem: False
2022-03-18 10:06:51,547 DEV : loss 0.02979816496372223 - f1-score (micro avg)  0.9474
2022-03-18 10:06:51,801 BAD EPOCHS (no improvement): 2
2022-03-18 10:06:51,808 ----------------------------------------------------------------------------------------------------
2022-03-18 10:06:57,747 epoch 11 - iter 46/469 - loss 0.04048554 - samples/sec: 248.19 - lr: 0.100000
2022-03-18 10:07:03,758 epoch 11 - iter 92/469 - loss 0.03764878 - samples/sec: 245.20 - lr: 0.100000
2022-03-18 10:07:09,245 epoch 11 - iter 138/469 - loss 0.03693995 - samples/sec: 268.64 - lr: 0.100000
2022-03-18 10:07:14,386 epoch 11 - iter 184/469 - loss 0.03568834 - samples/sec: 286.71 - lr: 0.100000
2022-03-18 10:07:19,327 epoch 11 - iter 230/469 - loss 0.03474250 - samples/sec: 298.34 - lr: 0.100000
2022-03-18 10:07:24,462 epoch 11 - iter 276/469 - loss 0.03544190 - samples/sec: 287.05 - lr: 0.100000
2022-03-18 10:07:29,196 epoch 11 - iter 322/469 - loss 0.03530260 - samples/sec: 311.29 - lr: 0.100000
2022-03-18 10:07:33,877 epoch 11 - iter 368/469 - loss 0.03551618 - samples/sec: 315.12 - lr: 0.100000
2022-03-18 10:07:37,824 epoch 11 - iter 414/469 - loss 0.03568549 - samples/sec: 373.31 - lr: 0.100000
2022-03-18 10:07:41,859 epoch 11 - iter 460/469 - loss 0.03573372 - samples/sec: 365.08 - lr: 0.100000
2022-03-18 10:07:42,545 ----------------------------------------------------------------------------------------------------
2022-03-18 10:07:42,545 EPOCH 11 done: loss 0.0359 - lr 0.100000
2022-03-18 10:07:55,198 Evaluating as a multi-label problem: False
2022-03-18 10:07:55,236 DEV : loss 0.030291154980659485 - f1-score (micro avg)  0.9488
2022-03-18 10:07:55,456 BAD EPOCHS (no improvement): 3
2022-03-18 10:07:55,460 ----------------------------------------------------------------------------------------------------
2022-03-18 10:07:59,357 epoch 12 - iter 46/469 - loss 0.03681658 - samples/sec: 378.08 - lr: 0.100000
2022-03-18 10:08:03,134 epoch 12 - iter 92/469 - loss 0.03399103 - samples/sec: 390.07 - lr: 0.100000
2022-03-18 10:08:06,903 epoch 12 - iter 138/469 - loss 0.03323406 - samples/sec: 390.86 - lr: 0.100000
2022-03-18 10:08:10,906 epoch 12 - iter 184/469 - loss 0.03273827 - samples/sec: 367.99 - lr: 0.100000
2022-03-18 10:08:14,707 epoch 12 - iter 230/469 - loss 0.03356696 - samples/sec: 387.57 - lr: 0.100000
2022-03-18 10:08:18,608 epoch 12 - iter 276/469 - loss 0.03466912 - samples/sec: 377.67 - lr: 0.100000
2022-03-18 10:08:22,519 epoch 12 - iter 322/469 - loss 0.03424337 - samples/sec: 376.75 - lr: 0.100000
2022-03-18 10:08:26,275 epoch 12 - iter 368/469 - loss 0.03463929 - samples/sec: 392.39 - lr: 0.100000
2022-03-18 10:08:30,322 epoch 12 - iter 414/469 - loss 0.03425973 - samples/sec: 364.04 - lr: 0.100000
2022-03-18 10:08:34,131 epoch 12 - iter 460/469 - loss 0.03420570 - samples/sec: 386.90 - lr: 0.100000
2022-03-18 10:08:34,775 ----------------------------------------------------------------------------------------------------
2022-03-18 10:08:34,775 EPOCH 12 done: loss 0.0342 - lr 0.100000
2022-03-18 10:08:46,634 Evaluating as a multi-label problem: False
2022-03-18 10:08:46,678 DEV : loss 0.026977138593792915 - f1-score (micro avg)  0.9521
2022-03-18 10:08:46,906 BAD EPOCHS (no improvement): 0
2022-03-18 10:08:46,908 saving best model
2022-03-18 10:08:51,615 ----------------------------------------------------------------------------------------------------
2022-03-18 10:08:57,476 epoch 13 - iter 46/469 - loss 0.03771981 - samples/sec: 251.49 - lr: 0.100000
2022-03-18 10:09:03,717 epoch 13 - iter 92/469 - loss 0.03522784 - samples/sec: 236.17 - lr: 0.100000
2022-03-18 10:09:09,338 epoch 13 - iter 138/469 - loss 0.03322500 - samples/sec: 262.22 - lr: 0.100000
2022-03-18 10:09:14,441 epoch 13 - iter 184/469 - loss 0.03348966 - samples/sec: 288.86 - lr: 0.100000
2022-03-18 10:09:19,548 epoch 13 - iter 230/469 - loss 0.03322696 - samples/sec: 288.62 - lr: 0.100000
2022-03-18 10:09:24,293 epoch 13 - iter 276/469 - loss 0.03303154 - samples/sec: 310.61 - lr: 0.100000
2022-03-18 10:09:29,058 epoch 13 - iter 322/469 - loss 0.03265052 - samples/sec: 309.27 - lr: 0.100000
2022-03-18 10:09:33,776 epoch 13 - iter 368/469 - loss 0.03256453 - samples/sec: 312.41 - lr: 0.100000
2022-03-18 10:09:38,084 epoch 13 - iter 414/469 - loss 0.03246037 - samples/sec: 342.09 - lr: 0.100000
2022-03-18 10:09:42,094 epoch 13 - iter 460/469 - loss 0.03309466 - samples/sec: 367.56 - lr: 0.100000
2022-03-18 10:09:42,820 ----------------------------------------------------------------------------------------------------
2022-03-18 10:09:42,821 EPOCH 13 done: loss 0.0331 - lr 0.100000
2022-03-18 10:09:54,473 Evaluating as a multi-label problem: False
2022-03-18 10:09:54,513 DEV : loss 0.026762867346405983 - f1-score (micro avg)  0.9546
2022-03-18 10:09:54,735 BAD EPOCHS (no improvement): 0
2022-03-18 10:09:54,738 saving best model
2022-03-18 10:09:57,407 ----------------------------------------------------------------------------------------------------
2022-03-18 10:10:01,429 epoch 14 - iter 46/469 - loss 0.03002226 - samples/sec: 366.47 - lr: 0.100000
2022-03-18 10:10:05,495 epoch 14 - iter 92/469 - loss 0.02971673 - samples/sec: 362.47 - lr: 0.100000
2022-03-18 10:10:09,359 epoch 14 - iter 138/469 - loss 0.02993991 - samples/sec: 381.32 - lr: 0.100000
2022-03-18 10:10:13,309 epoch 14 - iter 184/469 - loss 0.03132769 - samples/sec: 373.09 - lr: 0.100000
2022-03-18 10:10:17,291 epoch 14 - iter 230/469 - loss 0.03191860 - samples/sec: 370.22 - lr: 0.100000
2022-03-18 10:10:21,274 epoch 14 - iter 276/469 - loss 0.03178423 - samples/sec: 370.03 - lr: 0.100000
2022-03-18 10:10:25,422 epoch 14 - iter 322/469 - loss 0.03178334 - samples/sec: 355.24 - lr: 0.100000
2022-03-18 10:10:29,343 epoch 14 - iter 368/469 - loss 0.03206946 - samples/sec: 375.92 - lr: 0.100000
2022-03-18 10:10:33,286 epoch 14 - iter 414/469 - loss 0.03208572 - samples/sec: 373.66 - lr: 0.100000
2022-03-18 10:10:37,284 epoch 14 - iter 460/469 - loss 0.03193161 - samples/sec: 368.59 - lr: 0.100000
2022-03-18 10:10:38,133 ----------------------------------------------------------------------------------------------------
2022-03-18 10:10:38,133 EPOCH 14 done: loss 0.0318 - lr 0.100000
2022-03-18 10:10:51,886 Evaluating as a multi-label problem: False
2022-03-18 10:10:51,928 DEV : loss 0.03028496354818344 - f1-score (micro avg)  0.9519
2022-03-18 10:10:52,161 BAD EPOCHS (no improvement): 1
2022-03-18 10:10:52,163 ----------------------------------------------------------------------------------------------------
2022-03-18 10:10:57,734 epoch 15 - iter 46/469 - loss 0.03064488 - samples/sec: 264.66 - lr: 0.100000
2022-03-18 10:11:04,111 epoch 15 - iter 92/469 - loss 0.03026737 - samples/sec: 231.13 - lr: 0.100000
2022-03-18 10:11:10,235 epoch 15 - iter 138/469 - loss 0.02951120 - samples/sec: 240.63 - lr: 0.100000
2022-03-18 10:11:15,672 epoch 15 - iter 184/469 - loss 0.02933900 - samples/sec: 271.09 - lr: 0.100000
2022-03-18 10:11:20,965 epoch 15 - iter 230/469 - loss 0.02914201 - samples/sec: 278.43 - lr: 0.100000
2022-03-18 10:11:26,080 epoch 15 - iter 276/469 - loss 0.02930133 - samples/sec: 288.12 - lr: 0.100000
2022-03-18 10:11:30,740 epoch 15 - iter 322/469 - loss 0.02996426 - samples/sec: 316.31 - lr: 0.100000
2022-03-18 10:11:35,504 epoch 15 - iter 368/469 - loss 0.02997553 - samples/sec: 309.40 - lr: 0.100000
2022-03-18 10:11:40,269 epoch 15 - iter 414/469 - loss 0.03002168 - samples/sec: 309.37 - lr: 0.100000
2022-03-18 10:11:44,295 epoch 15 - iter 460/469 - loss 0.03068911 - samples/sec: 366.04 - lr: 0.100000
2022-03-18 10:11:45,001 ----------------------------------------------------------------------------------------------------
2022-03-18 10:11:45,001 EPOCH 15 done: loss 0.0306 - lr 0.100000
2022-03-18 10:11:56,417 Evaluating as a multi-label problem: False
2022-03-18 10:11:56,457 DEV : loss 0.02768522873520851 - f1-score (micro avg)  0.9529
2022-03-18 10:11:56,698 BAD EPOCHS (no improvement): 2
2022-03-18 10:11:56,701 ----------------------------------------------------------------------------------------------------
2022-03-18 10:12:00,857 epoch 16 - iter 46/469 - loss 0.02396456 - samples/sec: 354.60 - lr: 0.100000
2022-03-18 10:12:04,939 epoch 16 - iter 92/469 - loss 0.02484151 - samples/sec: 361.10 - lr: 0.100000
2022-03-18 10:12:08,871 epoch 16 - iter 138/469 - loss 0.02635078 - samples/sec: 374.88 - lr: 0.100000
2022-03-18 10:12:12,781 epoch 16 - iter 184/469 - loss 0.02699896 - samples/sec: 376.96 - lr: 0.100000
2022-03-18 10:12:16,738 epoch 16 - iter 230/469 - loss 0.02761497 - samples/sec: 372.43 - lr: 0.100000
2022-03-18 10:12:20,711 epoch 16 - iter 276/469 - loss 0.02797133 - samples/sec: 370.87 - lr: 0.100000
2022-03-18 10:12:24,740 epoch 16 - iter 322/469 - loss 0.02866376 - samples/sec: 365.73 - lr: 0.100000
2022-03-18 10:12:28,635 epoch 16 - iter 368/469 - loss 0.02888687 - samples/sec: 378.40 - lr: 0.100000
2022-03-18 10:12:32,741 epoch 16 - iter 414/469 - loss 0.02925399 - samples/sec: 358.85 - lr: 0.100000
2022-03-18 10:12:36,777 epoch 16 - iter 460/469 - loss 0.02914742 - samples/sec: 365.04 - lr: 0.100000
2022-03-18 10:12:37,548 ----------------------------------------------------------------------------------------------------
2022-03-18 10:12:37,548 EPOCH 16 done: loss 0.0293 - lr 0.100000
2022-03-18 10:12:50,919 Evaluating as a multi-label problem: False
2022-03-18 10:12:50,959 DEV : loss 0.02965632639825344 - f1-score (micro avg)  0.9506
2022-03-18 10:12:51,183 BAD EPOCHS (no improvement): 3
2022-03-18 10:12:51,186 ----------------------------------------------------------------------------------------------------
2022-03-18 10:12:55,409 epoch 17 - iter 46/469 - loss 0.02989768 - samples/sec: 348.91 - lr: 0.100000
2022-03-18 10:13:00,737 epoch 17 - iter 92/469 - loss 0.02979087 - samples/sec: 276.57 - lr: 0.100000
2022-03-18 10:13:06,458 epoch 17 - iter 138/469 - loss 0.03052801 - samples/sec: 257.56 - lr: 0.100000
2022-03-18 10:13:12,273 epoch 17 - iter 184/469 - loss 0.02960541 - samples/sec: 253.40 - lr: 0.100000
2022-03-18 10:13:17,719 epoch 17 - iter 230/469 - loss 0.02879153 - samples/sec: 270.61 - lr: 0.100000
2022-03-18 10:13:22,721 epoch 17 - iter 276/469 - loss 0.02890757 - samples/sec: 294.73 - lr: 0.100000
2022-03-18 10:13:27,633 epoch 17 - iter 322/469 - loss 0.02863827 - samples/sec: 300.09 - lr: 0.100000
2022-03-18 10:13:32,283 epoch 17 - iter 368/469 - loss 0.02896154 - samples/sec: 316.92 - lr: 0.100000
2022-03-18 10:13:37,324 epoch 17 - iter 414/469 - loss 0.02874671 - samples/sec: 292.37 - lr: 0.100000
2022-03-18 10:13:42,175 epoch 17 - iter 460/469 - loss 0.02884347 - samples/sec: 303.81 - lr: 0.100000
2022-03-18 10:13:43,128 ----------------------------------------------------------------------------------------------------
2022-03-18 10:13:43,129 EPOCH 17 done: loss 0.0288 - lr 0.100000
2022-03-18 10:13:54,612 Evaluating as a multi-label problem: False
2022-03-18 10:13:54,651 DEV : loss 0.02816247195005417 - f1-score (micro avg)  0.9516
2022-03-18 10:13:54,888 Epoch    17: reducing learning rate of group 0 to 5.0000e-02.
2022-03-18 10:13:54,889 BAD EPOCHS (no improvement): 4
2022-03-18 10:13:54,892 ----------------------------------------------------------------------------------------------------
2022-03-18 10:13:58,872 epoch 18 - iter 46/469 - loss 0.02756999 - samples/sec: 370.30 - lr: 0.050000
2022-03-18 10:14:02,566 epoch 18 - iter 92/469 - loss 0.02625293 - samples/sec: 399.00 - lr: 0.050000
2022-03-18 10:14:06,482 epoch 18 - iter 138/469 - loss 0.02557007 - samples/sec: 376.18 - lr: 0.050000
2022-03-18 10:14:10,310 epoch 18 - iter 184/469 - loss 0.02576839 - samples/sec: 384.94 - lr: 0.050000
2022-03-18 10:14:14,199 epoch 18 - iter 230/469 - loss 0.02582800 - samples/sec: 378.83 - lr: 0.050000
2022-03-18 10:14:18,087 epoch 18 - iter 276/469 - loss 0.02486681 - samples/sec: 378.92 - lr: 0.050000
2022-03-18 10:14:21,927 epoch 18 - iter 322/469 - loss 0.02485880 - samples/sec: 383.66 - lr: 0.050000
2022-03-18 10:14:25,790 epoch 18 - iter 368/469 - loss 0.02448388 - samples/sec: 381.35 - lr: 0.050000
2022-03-18 10:14:29,749 epoch 18 - iter 414/469 - loss 0.02402746 - samples/sec: 372.16 - lr: 0.050000
2022-03-18 10:14:33,612 epoch 18 - iter 460/469 - loss 0.02426433 - samples/sec: 381.58 - lr: 0.050000
2022-03-18 10:14:34,272 ----------------------------------------------------------------------------------------------------
2022-03-18 10:14:34,272 EPOCH 18 done: loss 0.0243 - lr 0.050000
2022-03-18 10:14:45,553 Evaluating as a multi-label problem: False
2022-03-18 10:14:45,595 DEV : loss 0.02841208502650261 - f1-score (micro avg)  0.9531
2022-03-18 10:14:45,818 BAD EPOCHS (no improvement): 1
2022-03-18 10:14:45,822 ----------------------------------------------------------------------------------------------------
2022-03-18 10:14:51,059 epoch 19 - iter 46/469 - loss 0.02236014 - samples/sec: 281.51 - lr: 0.050000
2022-03-18 10:14:55,311 epoch 19 - iter 92/469 - loss 0.02392382 - samples/sec: 346.56 - lr: 0.050000
2022-03-18 10:15:00,392 epoch 19 - iter 138/469 - loss 0.02435961 - samples/sec: 290.06 - lr: 0.050000
2022-03-18 10:15:06,155 epoch 19 - iter 184/469 - loss 0.02412048 - samples/sec: 255.74 - lr: 0.050000
2022-03-18 10:15:11,799 epoch 19 - iter 230/469 - loss 0.02387999 - samples/sec: 261.20 - lr: 0.050000
2022-03-18 10:15:16,772 epoch 19 - iter 276/469 - loss 0.02371127 - samples/sec: 296.37 - lr: 0.050000
2022-03-18 10:15:21,736 epoch 19 - iter 322/469 - loss 0.02337480 - samples/sec: 296.93 - lr: 0.050000
2022-03-18 10:15:26,503 epoch 19 - iter 368/469 - loss 0.02346747 - samples/sec: 309.16 - lr: 0.050000
2022-03-18 10:15:31,132 epoch 19 - iter 414/469 - loss 0.02357262 - samples/sec: 318.37 - lr: 0.050000
2022-03-18 10:15:36,018 epoch 19 - iter 460/469 - loss 0.02384642 - samples/sec: 301.63 - lr: 0.050000
2022-03-18 10:15:36,968 ----------------------------------------------------------------------------------------------------
2022-03-18 10:15:36,969 EPOCH 19 done: loss 0.0238 - lr 0.050000
2022-03-18 10:15:50,820 Evaluating as a multi-label problem: False
2022-03-18 10:15:50,859 DEV : loss 0.028692975640296936 - f1-score (micro avg)  0.9545
2022-03-18 10:15:51,081 BAD EPOCHS (no improvement): 2
2022-03-18 10:15:51,087 ----------------------------------------------------------------------------------------------------
2022-03-18 10:15:54,969 epoch 20 - iter 46/469 - loss 0.01970279 - samples/sec: 379.58 - lr: 0.050000
2022-03-18 10:15:58,826 epoch 20 - iter 92/469 - loss 0.02223284 - samples/sec: 381.98 - lr: 0.050000
2022-03-18 10:16:02,704 epoch 20 - iter 138/469 - loss 0.02253288 - samples/sec: 379.90 - lr: 0.050000
2022-03-18 10:16:06,586 epoch 20 - iter 184/469 - loss 0.02387250 - samples/sec: 379.56 - lr: 0.050000
2022-03-18 10:16:10,367 epoch 20 - iter 230/469 - loss 0.02313246 - samples/sec: 389.62 - lr: 0.050000
2022-03-18 10:16:14,338 epoch 20 - iter 276/469 - loss 0.02250287 - samples/sec: 371.10 - lr: 0.050000
2022-03-18 10:16:18,239 epoch 20 - iter 322/469 - loss 0.02306832 - samples/sec: 377.76 - lr: 0.050000
2022-03-18 10:16:22,105 epoch 20 - iter 368/469 - loss 0.02273264 - samples/sec: 381.18 - lr: 0.050000
2022-03-18 10:16:25,995 epoch 20 - iter 414/469 - loss 0.02292726 - samples/sec: 378.78 - lr: 0.050000
2022-03-18 10:16:30,064 epoch 20 - iter 460/469 - loss 0.02273547 - samples/sec: 362.19 - lr: 0.050000
2022-03-18 10:16:30,808 ----------------------------------------------------------------------------------------------------
2022-03-18 10:16:30,809 EPOCH 20 done: loss 0.0226 - lr 0.050000
2022-03-18 10:16:41,877 Evaluating as a multi-label problem: False
2022-03-18 10:16:41,921 DEV : loss 0.02778943069279194 - f1-score (micro avg)  0.9532
2022-03-18 10:16:42,162 BAD EPOCHS (no improvement): 3
2022-03-18 10:16:42,166 ----------------------------------------------------------------------------------------------------
2022-03-18 10:16:46,410 epoch 21 - iter 46/469 - loss 0.01983302 - samples/sec: 347.32 - lr: 0.050000
2022-03-18 10:16:51,512 epoch 21 - iter 92/469 - loss 0.02053528 - samples/sec: 288.92 - lr: 0.050000
2022-03-18 10:16:57,443 epoch 21 - iter 138/469 - loss 0.02209095 - samples/sec: 248.50 - lr: 0.050000
2022-03-18 10:17:03,127 epoch 21 - iter 184/469 - loss 0.02186282 - samples/sec: 259.31 - lr: 0.050000
2022-03-18 10:17:08,287 epoch 21 - iter 230/469 - loss 0.02174127 - samples/sec: 285.64 - lr: 0.050000
2022-03-18 10:17:13,514 epoch 21 - iter 276/469 - loss 0.02208676 - samples/sec: 281.94 - lr: 0.050000
2022-03-18 10:17:18,597 epoch 21 - iter 322/469 - loss 0.02164656 - samples/sec: 289.95 - lr: 0.050000
2022-03-18 10:17:23,288 epoch 21 - iter 368/469 - loss 0.02193882 - samples/sec: 314.21 - lr: 0.050000
2022-03-18 10:17:28,023 epoch 21 - iter 414/469 - loss 0.02137198 - samples/sec: 311.34 - lr: 0.050000
2022-03-18 10:17:32,619 epoch 21 - iter 460/469 - loss 0.02160129 - samples/sec: 320.67 - lr: 0.050000
2022-03-18 10:17:33,316 ----------------------------------------------------------------------------------------------------
2022-03-18 10:17:33,316 EPOCH 21 done: loss 0.0217 - lr 0.050000
2022-03-18 10:17:46,509 Evaluating as a multi-label problem: False
2022-03-18 10:17:46,549 DEV : loss 0.026859251782298088 - f1-score (micro avg)  0.9567
2022-03-18 10:17:46,773 BAD EPOCHS (no improvement): 0
2022-03-18 10:17:46,775 saving best model
2022-03-18 10:17:49,493 ----------------------------------------------------------------------------------------------------
2022-03-18 10:17:53,533 epoch 22 - iter 46/469 - loss 0.02095238 - samples/sec: 364.81 - lr: 0.050000
2022-03-18 10:17:57,528 epoch 22 - iter 92/469 - loss 0.02022645 - samples/sec: 368.85 - lr: 0.050000
2022-03-18 10:18:01,561 epoch 22 - iter 138/469 - loss 0.02054831 - samples/sec: 365.48 - lr: 0.050000
2022-03-18 10:18:05,586 epoch 22 - iter 184/469 - loss 0.01996137 - samples/sec: 366.16 - lr: 0.050000
2022-03-18 10:18:09,521 epoch 22 - iter 230/469 - loss 0.02018864 - samples/sec: 374.51 - lr: 0.050000
2022-03-18 10:18:13,562 epoch 22 - iter 276/469 - loss 0.02127633 - samples/sec: 364.68 - lr: 0.050000
2022-03-18 10:18:17,620 epoch 22 - iter 322/469 - loss 0.02108807 - samples/sec: 363.19 - lr: 0.050000
2022-03-18 10:18:21,672 epoch 22 - iter 368/469 - loss 0.02128197 - samples/sec: 363.63 - lr: 0.050000
2022-03-18 10:18:25,701 epoch 22 - iter 414/469 - loss 0.02142843 - samples/sec: 365.80 - lr: 0.050000
2022-03-18 10:18:29,645 epoch 22 - iter 460/469 - loss 0.02112706 - samples/sec: 373.54 - lr: 0.050000
2022-03-18 10:18:30,404 ----------------------------------------------------------------------------------------------------
2022-03-18 10:18:30,404 EPOCH 22 done: loss 0.0212 - lr 0.050000
2022-03-18 10:18:42,155 Evaluating as a multi-label problem: False
2022-03-18 10:18:42,199 DEV : loss 0.02751978114247322 - f1-score (micro avg)  0.954
2022-03-18 10:18:42,427 BAD EPOCHS (no improvement): 1
2022-03-18 10:18:42,430 ----------------------------------------------------------------------------------------------------
2022-03-18 10:18:46,636 epoch 23 - iter 46/469 - loss 0.02137702 - samples/sec: 350.59 - lr: 0.050000
2022-03-18 10:18:51,979 epoch 23 - iter 92/469 - loss 0.02294694 - samples/sec: 275.83 - lr: 0.050000
2022-03-18 10:18:58,503 epoch 23 - iter 138/469 - loss 0.02185488 - samples/sec: 225.91 - lr: 0.050000
2022-03-18 10:19:04,739 epoch 23 - iter 184/469 - loss 0.02168872 - samples/sec: 236.29 - lr: 0.050000
2022-03-18 10:19:10,341 epoch 23 - iter 230/469 - loss 0.02078678 - samples/sec: 263.07 - lr: 0.050000
2022-03-18 10:19:15,289 epoch 23 - iter 276/469 - loss 0.02078898 - samples/sec: 297.91 - lr: 0.050000
2022-03-18 10:19:20,194 epoch 23 - iter 322/469 - loss 0.02072752 - samples/sec: 300.55 - lr: 0.050000
2022-03-18 10:19:24,916 epoch 23 - iter 368/469 - loss 0.02045127 - samples/sec: 312.13 - lr: 0.050000
2022-03-18 10:19:30,104 epoch 23 - iter 414/469 - loss 0.02072940 - samples/sec: 284.11 - lr: 0.050000
2022-03-18 10:19:34,913 epoch 23 - iter 460/469 - loss 0.02070560 - samples/sec: 306.45 - lr: 0.050000
2022-03-18 10:19:35,683 ----------------------------------------------------------------------------------------------------
2022-03-18 10:19:35,684 EPOCH 23 done: loss 0.0207 - lr 0.050000
2022-03-18 10:19:46,961 Evaluating as a multi-label problem: False
2022-03-18 10:19:47,000 DEV : loss 0.028286175802350044 - f1-score (micro avg)  0.9539
2022-03-18 10:19:47,246 BAD EPOCHS (no improvement): 2
2022-03-18 10:19:47,248 ----------------------------------------------------------------------------------------------------
2022-03-18 10:19:51,267 epoch 24 - iter 46/469 - loss 0.01898729 - samples/sec: 366.80 - lr: 0.050000
2022-03-18 10:19:55,160 epoch 24 - iter 92/469 - loss 0.01885179 - samples/sec: 378.54 - lr: 0.050000
2022-03-18 10:19:59,170 epoch 24 - iter 138/469 - loss 0.02044245 - samples/sec: 367.48 - lr: 0.050000
2022-03-18 10:20:03,029 epoch 24 - iter 184/469 - loss 0.01997933 - samples/sec: 381.75 - lr: 0.050000
2022-03-18 10:20:06,874 epoch 24 - iter 230/469 - loss 0.01988656 - samples/sec: 383.24 - lr: 0.050000
2022-03-18 10:20:10,629 epoch 24 - iter 276/469 - loss 0.01958354 - samples/sec: 392.29 - lr: 0.050000
2022-03-18 10:20:14,550 epoch 24 - iter 322/469 - loss 0.01978036 - samples/sec: 375.72 - lr: 0.050000
2022-03-18 10:20:18,576 epoch 24 - iter 368/469 - loss 0.01998243 - samples/sec: 366.05 - lr: 0.050000
2022-03-18 10:20:22,320 epoch 24 - iter 414/469 - loss 0.02007113 - samples/sec: 393.43 - lr: 0.050000
2022-03-18 10:20:26,120 epoch 24 - iter 460/469 - loss 0.02032501 - samples/sec: 387.79 - lr: 0.050000
2022-03-18 10:20:26,863 ----------------------------------------------------------------------------------------------------
2022-03-18 10:20:26,863 EPOCH 24 done: loss 0.0205 - lr 0.050000
2022-03-18 10:20:40,118 Evaluating as a multi-label problem: False
2022-03-18 10:20:40,184 DEV : loss 0.02850240282714367 - f1-score (micro avg)  0.9546
2022-03-18 10:20:40,583 BAD EPOCHS (no improvement): 3
2022-03-18 10:20:40,588 ----------------------------------------------------------------------------------------------------
2022-03-18 10:20:45,255 epoch 25 - iter 46/469 - loss 0.02062886 - samples/sec: 315.77 - lr: 0.050000
2022-03-18 10:20:50,071 epoch 25 - iter 92/469 - loss 0.01915950 - samples/sec: 305.94 - lr: 0.050000
2022-03-18 10:20:55,962 epoch 25 - iter 138/469 - loss 0.02008471 - samples/sec: 250.13 - lr: 0.050000
2022-03-18 10:21:02,229 epoch 25 - iter 184/469 - loss 0.02001563 - samples/sec: 235.07 - lr: 0.050000
2022-03-18 10:21:07,672 epoch 25 - iter 230/469 - loss 0.01991746 - samples/sec: 270.83 - lr: 0.050000
2022-03-18 10:21:12,526 epoch 25 - iter 276/469 - loss 0.01968048 - samples/sec: 303.64 - lr: 0.050000
2022-03-18 10:21:17,672 epoch 25 - iter 322/469 - loss 0.01953603 - samples/sec: 286.48 - lr: 0.050000
2022-03-18 10:21:22,264 epoch 25 - iter 368/469 - loss 0.01949653 - samples/sec: 320.95 - lr: 0.050000
2022-03-18 10:21:27,053 epoch 25 - iter 414/469 - loss 0.01956834 - samples/sec: 307.68 - lr: 0.050000
2022-03-18 10:21:31,399 epoch 25 - iter 460/469 - loss 0.01980697 - samples/sec: 339.15 - lr: 0.050000
2022-03-18 10:21:32,134 ----------------------------------------------------------------------------------------------------
2022-03-18 10:21:32,134 EPOCH 25 done: loss 0.0198 - lr 0.050000
2022-03-18 10:21:43,858 Evaluating as a multi-label problem: False
2022-03-18 10:21:43,898 DEV : loss 0.028389113023877144 - f1-score (micro avg)  0.9534
2022-03-18 10:21:44,137 Epoch    25: reducing learning rate of group 0 to 2.5000e-02.
2022-03-18 10:21:44,137 BAD EPOCHS (no improvement): 4
2022-03-18 10:21:44,140 ----------------------------------------------------------------------------------------------------
2022-03-18 10:21:48,292 epoch 26 - iter 46/469 - loss 0.01776013 - samples/sec: 355.10 - lr: 0.025000
2022-03-18 10:21:52,250 epoch 26 - iter 92/469 - loss 0.01917982 - samples/sec: 372.40 - lr: 0.025000
2022-03-18 10:21:56,138 epoch 26 - iter 138/469 - loss 0.01898596 - samples/sec: 379.04 - lr: 0.025000
2022-03-18 10:22:00,096 epoch 26 - iter 184/469 - loss 0.01891859 - samples/sec: 372.35 - lr: 0.025000
2022-03-18 10:22:04,117 epoch 26 - iter 230/469 - loss 0.01823989 - samples/sec: 366.44 - lr: 0.025000
2022-03-18 10:22:08,150 epoch 26 - iter 276/469 - loss 0.01832526 - samples/sec: 365.39 - lr: 0.025000
2022-03-18 10:22:12,182 epoch 26 - iter 322/469 - loss 0.01871853 - samples/sec: 365.47 - lr: 0.025000
2022-03-18 10:22:16,117 epoch 26 - iter 368/469 - loss 0.01867165 - samples/sec: 374.38 - lr: 0.025000
2022-03-18 10:22:19,969 epoch 26 - iter 414/469 - loss 0.01892186 - samples/sec: 382.54 - lr: 0.025000
2022-03-18 10:22:23,821 epoch 26 - iter 460/469 - loss 0.01866580 - samples/sec: 382.58 - lr: 0.025000
2022-03-18 10:22:24,651 ----------------------------------------------------------------------------------------------------
2022-03-18 10:22:24,651 EPOCH 26 done: loss 0.0187 - lr 0.025000
2022-03-18 10:22:39,057 Evaluating as a multi-label problem: False
2022-03-18 10:22:39,131 DEV : loss 0.028507500886917114 - f1-score (micro avg)  0.9534
2022-03-18 10:22:39,643 BAD EPOCHS (no improvement): 1
2022-03-18 10:22:39,660 ----------------------------------------------------------------------------------------------------
2022-03-18 10:22:45,978 epoch 27 - iter 46/469 - loss 0.01738107 - samples/sec: 233.23 - lr: 0.025000
2022-03-18 10:22:52,246 epoch 27 - iter 92/469 - loss 0.01670532 - samples/sec: 235.08 - lr: 0.025000
2022-03-18 10:22:57,891 epoch 27 - iter 138/469 - loss 0.01668581 - samples/sec: 261.06 - lr: 0.025000
2022-03-18 10:23:03,085 epoch 27 - iter 184/469 - loss 0.01667607 - samples/sec: 283.85 - lr: 0.025000
2022-03-18 10:23:08,203 epoch 27 - iter 230/469 - loss 0.01655520 - samples/sec: 287.99 - lr: 0.025000
2022-03-18 10:23:13,194 epoch 27 - iter 276/469 - loss 0.01684833 - samples/sec: 295.24 - lr: 0.025000
2022-03-18 10:23:18,018 epoch 27 - iter 322/469 - loss 0.01687245 - samples/sec: 305.51 - lr: 0.025000
2022-03-18 10:23:22,251 epoch 27 - iter 368/469 - loss 0.01688412 - samples/sec: 348.10 - lr: 0.025000
2022-03-18 10:23:26,299 epoch 27 - iter 414/469 - loss 0.01700641 - samples/sec: 364.06 - lr: 0.025000
2022-03-18 10:23:30,430 epoch 27 - iter 460/469 - loss 0.01745438 - samples/sec: 356.76 - lr: 0.025000
2022-03-18 10:23:31,136 ----------------------------------------------------------------------------------------------------
2022-03-18 10:23:31,136 EPOCH 27 done: loss 0.0177 - lr 0.025000
2022-03-18 10:23:42,717 Evaluating as a multi-label problem: False
2022-03-18 10:23:42,758 DEV : loss 0.02825457975268364 - f1-score (micro avg)  0.9533
2022-03-18 10:23:42,980 BAD EPOCHS (no improvement): 2
2022-03-18 10:23:42,983 ----------------------------------------------------------------------------------------------------
2022-03-18 10:23:47,129 epoch 28 - iter 46/469 - loss 0.01775281 - samples/sec: 355.58 - lr: 0.025000
2022-03-18 10:23:51,096 epoch 28 - iter 92/469 - loss 0.01785657 - samples/sec: 371.52 - lr: 0.025000
2022-03-18 10:23:55,240 epoch 28 - iter 138/469 - loss 0.01806060 - samples/sec: 355.60 - lr: 0.025000
2022-03-18 10:23:59,273 epoch 28 - iter 184/469 - loss 0.01808744 - samples/sec: 365.41 - lr: 0.025000
2022-03-18 10:24:03,353 epoch 28 - iter 230/469 - loss 0.01826128 - samples/sec: 361.12 - lr: 0.025000
2022-03-18 10:24:07,267 epoch 28 - iter 276/469 - loss 0.01797509 - samples/sec: 376.55 - lr: 0.025000
2022-03-18 10:24:11,179 epoch 28 - iter 322/469 - loss 0.01788006 - samples/sec: 376.74 - lr: 0.025000
2022-03-18 10:24:15,191 epoch 28 - iter 368/469 - loss 0.01761210 - samples/sec: 367.38 - lr: 0.025000
2022-03-18 10:24:19,125 epoch 28 - iter 414/469 - loss 0.01739286 - samples/sec: 374.68 - lr: 0.025000
2022-03-18 10:24:23,761 epoch 28 - iter 460/469 - loss 0.01737050 - samples/sec: 317.96 - lr: 0.025000
2022-03-18 10:24:24,685 ----------------------------------------------------------------------------------------------------
2022-03-18 10:24:24,686 EPOCH 28 done: loss 0.0174 - lr 0.025000
2022-03-18 10:24:38,383 Evaluating as a multi-label problem: False
2022-03-18 10:24:38,425 DEV : loss 0.028416624292731285 - f1-score (micro avg)  0.9557
2022-03-18 10:24:38,653 BAD EPOCHS (no improvement): 3
2022-03-18 10:24:38,663 ----------------------------------------------------------------------------------------------------
2022-03-18 10:24:47,467 epoch 29 - iter 46/469 - loss 0.01686591 - samples/sec: 167.35 - lr: 0.025000
2022-03-18 10:24:52,768 epoch 29 - iter 92/469 - loss 0.01628303 - samples/sec: 278.08 - lr: 0.025000
2022-03-18 10:24:57,988 epoch 29 - iter 138/469 - loss 0.01613112 - samples/sec: 282.39 - lr: 0.025000
2022-03-18 10:25:02,832 epoch 29 - iter 184/469 - loss 0.01662824 - samples/sec: 304.26 - lr: 0.025000
2022-03-18 10:25:07,559 epoch 29 - iter 230/469 - loss 0.01631553 - samples/sec: 311.76 - lr: 0.025000
2022-03-18 10:25:12,578 epoch 29 - iter 276/469 - loss 0.01655991 - samples/sec: 293.60 - lr: 0.025000
2022-03-18 10:25:16,693 epoch 29 - iter 322/469 - loss 0.01663982 - samples/sec: 358.16 - lr: 0.025000
2022-03-18 10:25:20,576 epoch 29 - iter 368/469 - loss 0.01683825 - samples/sec: 379.42 - lr: 0.025000
2022-03-18 10:25:24,329 epoch 29 - iter 414/469 - loss 0.01682587 - samples/sec: 392.66 - lr: 0.025000
2022-03-18 10:25:28,139 epoch 29 - iter 460/469 - loss 0.01690330 - samples/sec: 386.76 - lr: 0.025000
2022-03-18 10:25:28,836 ----------------------------------------------------------------------------------------------------
2022-03-18 10:25:28,836 EPOCH 29 done: loss 0.0169 - lr 0.025000
2022-03-18 10:25:40,057 Evaluating as a multi-label problem: False
2022-03-18 10:25:40,095 DEV : loss 0.028155429288744926 - f1-score (micro avg)  0.9547
2022-03-18 10:25:40,315 Epoch    29: reducing learning rate of group 0 to 1.2500e-02.
2022-03-18 10:25:40,315 BAD EPOCHS (no improvement): 4
2022-03-18 10:25:40,317 ----------------------------------------------------------------------------------------------------
2022-03-18 10:25:44,273 epoch 30 - iter 46/469 - loss 0.01892364 - samples/sec: 372.54 - lr: 0.012500
2022-03-18 10:25:48,082 epoch 30 - iter 92/469 - loss 0.01785737 - samples/sec: 386.85 - lr: 0.012500
2022-03-18 10:25:52,048 epoch 30 - iter 138/469 - loss 0.01733595 - samples/sec: 371.49 - lr: 0.012500
2022-03-18 10:25:55,928 epoch 30 - iter 184/469 - loss 0.01748793 - samples/sec: 379.72 - lr: 0.012500
2022-03-18 10:25:59,819 epoch 30 - iter 230/469 - loss 0.01764767 - samples/sec: 378.64 - lr: 0.012500
2022-03-18 10:26:03,641 epoch 30 - iter 276/469 - loss 0.01730869 - samples/sec: 385.65 - lr: 0.012500
2022-03-18 10:26:07,460 epoch 30 - iter 322/469 - loss 0.01745188 - samples/sec: 385.80 - lr: 0.012500
2022-03-18 10:26:11,387 epoch 30 - iter 368/469 - loss 0.01703802 - samples/sec: 375.21 - lr: 0.012500
2022-03-18 10:26:15,406 epoch 30 - iter 414/469 - loss 0.01684818 - samples/sec: 366.64 - lr: 0.012500
2022-03-18 10:26:20,423 epoch 30 - iter 460/469 - loss 0.01671273 - samples/sec: 293.80 - lr: 0.012500
2022-03-18 10:26:21,220 ----------------------------------------------------------------------------------------------------
2022-03-18 10:26:21,220 EPOCH 30 done: loss 0.0169 - lr 0.012500
2022-03-18 10:26:34,576 Evaluating as a multi-label problem: False
2022-03-18 10:26:34,619 DEV : loss 0.028372101485729218 - f1-score (micro avg)  0.9552
2022-03-18 10:26:34,871 BAD EPOCHS (no improvement): 1
2022-03-18 10:26:34,884 ----------------------------------------------------------------------------------------------------
2022-03-18 10:26:41,120 epoch 31 - iter 46/469 - loss 0.01658423 - samples/sec: 236.43 - lr: 0.012500
2022-03-18 10:26:46,413 epoch 31 - iter 92/469 - loss 0.01602491 - samples/sec: 278.50 - lr: 0.012500
2022-03-18 10:26:51,382 epoch 31 - iter 138/469 - loss 0.01668781 - samples/sec: 296.57 - lr: 0.012500
2022-03-18 10:26:56,271 epoch 31 - iter 184/469 - loss 0.01626864 - samples/sec: 301.47 - lr: 0.012500
2022-03-18 10:27:01,109 epoch 31 - iter 230/469 - loss 0.01666307 - samples/sec: 304.57 - lr: 0.012500
2022-03-18 10:27:05,893 epoch 31 - iter 276/469 - loss 0.01637097 - samples/sec: 308.09 - lr: 0.012500
2022-03-18 10:27:10,066 epoch 31 - iter 322/469 - loss 0.01609647 - samples/sec: 353.10 - lr: 0.012500
2022-03-18 10:27:14,208 epoch 31 - iter 368/469 - loss 0.01625307 - samples/sec: 355.84 - lr: 0.012500
2022-03-18 10:27:18,313 epoch 31 - iter 414/469 - loss 0.01602428 - samples/sec: 359.03 - lr: 0.012500
2022-03-18 10:27:22,299 epoch 31 - iter 460/469 - loss 0.01616866 - samples/sec: 369.82 - lr: 0.012500
2022-03-18 10:27:23,020 ----------------------------------------------------------------------------------------------------
2022-03-18 10:27:23,020 EPOCH 31 done: loss 0.0162 - lr 0.012500
2022-03-18 10:27:36,260 Evaluating as a multi-label problem: False
2022-03-18 10:27:36,300 DEV : loss 0.028600862249732018 - f1-score (micro avg)  0.9561
2022-03-18 10:27:36,522 BAD EPOCHS (no improvement): 2
2022-03-18 10:27:36,525 ----------------------------------------------------------------------------------------------------
2022-03-18 10:27:40,826 epoch 32 - iter 46/469 - loss 0.01618186 - samples/sec: 342.58 - lr: 0.012500
2022-03-18 10:27:44,693 epoch 32 - iter 92/469 - loss 0.01541808 - samples/sec: 381.09 - lr: 0.012500
2022-03-18 10:27:48,716 epoch 32 - iter 138/469 - loss 0.01603665 - samples/sec: 366.39 - lr: 0.012500
2022-03-18 10:27:52,667 epoch 32 - iter 184/469 - loss 0.01584823 - samples/sec: 373.00 - lr: 0.012500
2022-03-18 10:27:56,671 epoch 32 - iter 230/469 - loss 0.01593596 - samples/sec: 368.14 - lr: 0.012500
2022-03-18 10:28:00,582 epoch 32 - iter 276/469 - loss 0.01626432 - samples/sec: 376.86 - lr: 0.012500
2022-03-18 10:28:04,496 epoch 32 - iter 322/469 - loss 0.01646746 - samples/sec: 376.46 - lr: 0.012500
2022-03-18 10:28:08,637 epoch 32 - iter 368/469 - loss 0.01625311 - samples/sec: 355.85 - lr: 0.012500
2022-03-18 10:28:13,536 epoch 32 - iter 414/469 - loss 0.01625338 - samples/sec: 300.85 - lr: 0.012500
2022-03-18 10:28:18,501 epoch 32 - iter 460/469 - loss 0.01597651 - samples/sec: 296.76 - lr: 0.012500
2022-03-18 10:28:19,286 ----------------------------------------------------------------------------------------------------
2022-03-18 10:28:19,286 EPOCH 32 done: loss 0.0159 - lr 0.012500
2022-03-18 10:28:35,090 Evaluating as a multi-label problem: False
2022-03-18 10:28:35,169 DEV : loss 0.02904246374964714 - f1-score (micro avg)  0.9554
2022-03-18 10:28:35,408 BAD EPOCHS (no improvement): 3
2022-03-18 10:28:35,410 ----------------------------------------------------------------------------------------------------
2022-03-18 10:28:41,406 epoch 33 - iter 46/469 - loss 0.01471769 - samples/sec: 245.91 - lr: 0.012500
2022-03-18 10:28:46,796 epoch 33 - iter 92/469 - loss 0.01559076 - samples/sec: 273.43 - lr: 0.012500
2022-03-18 10:28:51,731 epoch 33 - iter 138/469 - loss 0.01551593 - samples/sec: 298.67 - lr: 0.012500
2022-03-18 10:28:56,453 epoch 33 - iter 184/469 - loss 0.01500840 - samples/sec: 312.05 - lr: 0.012500
2022-03-18 10:29:01,288 epoch 33 - iter 230/469 - loss 0.01489517 - samples/sec: 305.22 - lr: 0.012500
2022-03-18 10:29:05,608 epoch 33 - iter 276/469 - loss 0.01488110 - samples/sec: 341.17 - lr: 0.012500
2022-03-18 10:29:09,640 epoch 33 - iter 322/469 - loss 0.01516399 - samples/sec: 365.58 - lr: 0.012500
2022-03-18 10:29:13,427 epoch 33 - iter 368/469 - loss 0.01544328 - samples/sec: 389.07 - lr: 0.012500
2022-03-18 10:29:17,210 epoch 33 - iter 414/469 - loss 0.01571635 - samples/sec: 389.41 - lr: 0.012500
2022-03-18 10:29:21,041 epoch 33 - iter 460/469 - loss 0.01573086 - samples/sec: 384.61 - lr: 0.012500
2022-03-18 10:29:21,782 ----------------------------------------------------------------------------------------------------
2022-03-18 10:29:21,782 EPOCH 33 done: loss 0.0157 - lr 0.012500
2022-03-18 10:29:34,591 Evaluating as a multi-label problem: False
2022-03-18 10:29:34,629 DEV : loss 0.028247470036149025 - f1-score (micro avg)  0.9556
2022-03-18 10:29:34,851 Epoch    33: reducing learning rate of group 0 to 6.2500e-03.
2022-03-18 10:29:34,851 BAD EPOCHS (no improvement): 4
2022-03-18 10:29:34,863 ----------------------------------------------------------------------------------------------------
2022-03-18 10:29:38,936 epoch 34 - iter 46/469 - loss 0.01322809 - samples/sec: 361.90 - lr: 0.006250
2022-03-18 10:29:42,758 epoch 34 - iter 92/469 - loss 0.01470653 - samples/sec: 385.61 - lr: 0.006250
2022-03-18 10:29:46,489 epoch 34 - iter 138/469 - loss 0.01548342 - samples/sec: 394.88 - lr: 0.006250
2022-03-18 10:29:50,368 epoch 34 - iter 184/469 - loss 0.01542334 - samples/sec: 379.81 - lr: 0.006250
2022-03-18 10:29:54,251 epoch 34 - iter 230/469 - loss 0.01561728 - samples/sec: 379.45 - lr: 0.006250
2022-03-18 10:29:58,101 epoch 34 - iter 276/469 - loss 0.01517450 - samples/sec: 382.61 - lr: 0.006250
2022-03-18 10:30:01,983 epoch 34 - iter 322/469 - loss 0.01527771 - samples/sec: 379.60 - lr: 0.006250
2022-03-18 10:30:05,953 epoch 34 - iter 368/469 - loss 0.01518536 - samples/sec: 371.10 - lr: 0.006250
2022-03-18 10:30:11,062 epoch 34 - iter 414/469 - loss 0.01529710 - samples/sec: 288.47 - lr: 0.006250
2022-03-18 10:30:15,481 epoch 34 - iter 460/469 - loss 0.01540353 - samples/sec: 333.55 - lr: 0.006250
2022-03-18 10:30:16,272 ----------------------------------------------------------------------------------------------------
2022-03-18 10:30:16,272 EPOCH 34 done: loss 0.0155 - lr 0.006250
2022-03-18 10:30:32,074 Evaluating as a multi-label problem: False
2022-03-18 10:30:32,148 DEV : loss 0.028693486005067825 - f1-score (micro avg)  0.9556
2022-03-18 10:30:32,476 BAD EPOCHS (no improvement): 1
2022-03-18 10:30:32,480 ----------------------------------------------------------------------------------------------------
2022-03-18 10:30:38,295 epoch 35 - iter 46/469 - loss 0.01314908 - samples/sec: 253.50 - lr: 0.006250
2022-03-18 10:30:43,258 epoch 35 - iter 92/469 - loss 0.01393507 - samples/sec: 296.94 - lr: 0.006250
2022-03-18 10:30:48,212 epoch 35 - iter 138/469 - loss 0.01481608 - samples/sec: 297.54 - lr: 0.006250
2022-03-18 10:30:52,892 epoch 35 - iter 184/469 - loss 0.01430070 - samples/sec: 315.02 - lr: 0.006250
2022-03-18 10:30:57,771 epoch 35 - iter 230/469 - loss 0.01422357 - samples/sec: 302.08 - lr: 0.006250
2022-03-18 10:31:01,720 epoch 35 - iter 276/469 - loss 0.01456071 - samples/sec: 373.17 - lr: 0.006250
2022-03-18 10:31:05,606 epoch 35 - iter 322/469 - loss 0.01434107 - samples/sec: 379.16 - lr: 0.006250
2022-03-18 10:31:09,500 epoch 35 - iter 368/469 - loss 0.01455362 - samples/sec: 378.31 - lr: 0.006250
2022-03-18 10:31:13,433 epoch 35 - iter 414/469 - loss 0.01455755 - samples/sec: 374.61 - lr: 0.006250
2022-03-18 10:31:17,326 epoch 35 - iter 460/469 - loss 0.01502355 - samples/sec: 378.48 - lr: 0.006250
2022-03-18 10:31:17,998 ----------------------------------------------------------------------------------------------------
2022-03-18 10:31:17,998 EPOCH 35 done: loss 0.0151 - lr 0.006250
2022-03-18 10:31:29,154 Evaluating as a multi-label problem: False
2022-03-18 10:31:29,192 DEV : loss 0.02858446165919304 - f1-score (micro avg)  0.9557
2022-03-18 10:31:29,418 BAD EPOCHS (no improvement): 2
2022-03-18 10:31:29,421 ----------------------------------------------------------------------------------------------------
2022-03-18 10:31:33,339 epoch 36 - iter 46/469 - loss 0.01364474 - samples/sec: 376.17 - lr: 0.006250
2022-03-18 10:31:37,152 epoch 36 - iter 92/469 - loss 0.01360576 - samples/sec: 386.51 - lr: 0.006250
2022-03-18 10:31:41,053 epoch 36 - iter 138/469 - loss 0.01373341 - samples/sec: 377.65 - lr: 0.006250
2022-03-18 10:31:44,947 epoch 36 - iter 184/469 - loss 0.01428882 - samples/sec: 378.40 - lr: 0.006250
2022-03-18 10:31:48,829 epoch 36 - iter 230/469 - loss 0.01449643 - samples/sec: 379.56 - lr: 0.006250
2022-03-18 10:31:52,656 epoch 36 - iter 276/469 - loss 0.01448323 - samples/sec: 384.91 - lr: 0.006250
2022-03-18 10:31:57,408 epoch 36 - iter 322/469 - loss 0.01445716 - samples/sec: 310.15 - lr: 0.006250
2022-03-18 10:32:02,204 epoch 36 - iter 368/469 - loss 0.01511870 - samples/sec: 307.27 - lr: 0.006250
2022-03-18 10:32:07,213 epoch 36 - iter 414/469 - loss 0.01513820 - samples/sec: 294.27 - lr: 0.006250
2022-03-18 10:32:13,053 epoch 36 - iter 460/469 - loss 0.01519545 - samples/sec: 252.40 - lr: 0.006250
2022-03-18 10:32:13,899 ----------------------------------------------------------------------------------------------------
2022-03-18 10:32:13,899 EPOCH 36 done: loss 0.0152 - lr 0.006250
2022-03-18 10:32:30,877 Evaluating as a multi-label problem: False
2022-03-18 10:32:30,921 DEV : loss 0.028688326478004456 - f1-score (micro avg)  0.9558
2022-03-18 10:32:31,326 BAD EPOCHS (no improvement): 3
2022-03-18 10:32:31,329 ----------------------------------------------------------------------------------------------------
2022-03-18 10:32:36,150 epoch 37 - iter 46/469 - loss 0.01441851 - samples/sec: 305.81 - lr: 0.006250
2022-03-18 10:32:41,061 epoch 37 - iter 92/469 - loss 0.01460488 - samples/sec: 300.17 - lr: 0.006250
2022-03-18 10:32:45,740 epoch 37 - iter 138/469 - loss 0.01472447 - samples/sec: 315.00 - lr: 0.006250
2022-03-18 10:32:49,698 epoch 37 - iter 184/469 - loss 0.01526661 - samples/sec: 372.20 - lr: 0.006250
2022-03-18 10:32:53,751 epoch 37 - iter 230/469 - loss 0.01512204 - samples/sec: 363.67 - lr: 0.006250
2022-03-18 10:32:57,853 epoch 37 - iter 276/469 - loss 0.01533788 - samples/sec: 359.20 - lr: 0.006250
2022-03-18 10:33:01,857 epoch 37 - iter 322/469 - loss 0.01518269 - samples/sec: 368.04 - lr: 0.006250
2022-03-18 10:33:05,835 epoch 37 - iter 368/469 - loss 0.01511149 - samples/sec: 370.41 - lr: 0.006250
2022-03-18 10:33:09,727 epoch 37 - iter 414/469 - loss 0.01510653 - samples/sec: 378.86 - lr: 0.006250
2022-03-18 10:33:13,754 epoch 37 - iter 460/469 - loss 0.01493390 - samples/sec: 366.00 - lr: 0.006250
2022-03-18 10:33:14,531 ----------------------------------------------------------------------------------------------------
2022-03-18 10:33:14,531 EPOCH 37 done: loss 0.0149 - lr 0.006250
2022-03-18 10:33:25,889 Evaluating as a multi-label problem: False
2022-03-18 10:33:25,927 DEV : loss 0.02883223257958889 - f1-score (micro avg)  0.955
2022-03-18 10:33:26,144 Epoch    37: reducing learning rate of group 0 to 3.1250e-03.
2022-03-18 10:33:26,144 BAD EPOCHS (no improvement): 4
2022-03-18 10:33:26,147 ----------------------------------------------------------------------------------------------------
2022-03-18 10:33:30,095 epoch 38 - iter 46/469 - loss 0.01364681 - samples/sec: 373.35 - lr: 0.003125
2022-03-18 10:33:33,895 epoch 38 - iter 92/469 - loss 0.01516976 - samples/sec: 387.76 - lr: 0.003125
2022-03-18 10:33:37,821 epoch 38 - iter 138/469 - loss 0.01474392 - samples/sec: 375.29 - lr: 0.003125
2022-03-18 10:33:42,587 epoch 38 - iter 184/469 - loss 0.01455249 - samples/sec: 309.19 - lr: 0.003125
2022-03-18 10:33:46,903 epoch 38 - iter 230/469 - loss 0.01483773 - samples/sec: 341.43 - lr: 0.003125
2022-03-18 10:33:51,573 epoch 38 - iter 276/469 - loss 0.01483794 - samples/sec: 315.70 - lr: 0.003125
2022-03-18 10:33:57,695 epoch 38 - iter 322/469 - loss 0.01492444 - samples/sec: 240.77 - lr: 0.003125
2022-03-18 10:34:03,347 epoch 38 - iter 368/469 - loss 0.01464508 - samples/sec: 260.75 - lr: 0.003125
2022-03-18 10:34:08,552 epoch 38 - iter 414/469 - loss 0.01466767 - samples/sec: 283.14 - lr: 0.003125
2022-03-18 10:34:13,478 epoch 38 - iter 460/469 - loss 0.01484189 - samples/sec: 299.18 - lr: 0.003125
2022-03-18 10:34:14,457 ----------------------------------------------------------------------------------------------------
2022-03-18 10:34:14,457 EPOCH 38 done: loss 0.0149 - lr 0.003125
2022-03-18 10:34:28,903 Evaluating as a multi-label problem: False
2022-03-18 10:34:28,977 DEV : loss 0.028838036581873894 - f1-score (micro avg)  0.9552
2022-03-18 10:34:29,304 BAD EPOCHS (no improvement): 1
2022-03-18 10:34:29,307 ----------------------------------------------------------------------------------------------------
2022-03-18 10:34:33,790 epoch 39 - iter 46/469 - loss 0.01421246 - samples/sec: 328.79 - lr: 0.003125
2022-03-18 10:34:37,711 epoch 39 - iter 92/469 - loss 0.01355108 - samples/sec: 375.76 - lr: 0.003125
2022-03-18 10:34:41,524 epoch 39 - iter 138/469 - loss 0.01432300 - samples/sec: 386.33 - lr: 0.003125
2022-03-18 10:34:45,471 epoch 39 - iter 184/469 - loss 0.01422969 - samples/sec: 373.23 - lr: 0.003125
2022-03-18 10:34:49,293 epoch 39 - iter 230/469 - loss 0.01404223 - samples/sec: 385.39 - lr: 0.003125
2022-03-18 10:34:53,042 epoch 39 - iter 276/469 - loss 0.01411199 - samples/sec: 393.01 - lr: 0.003125
2022-03-18 10:34:57,013 epoch 39 - iter 322/469 - loss 0.01425683 - samples/sec: 371.12 - lr: 0.003125
2022-03-18 10:35:00,837 epoch 39 - iter 368/469 - loss 0.01414474 - samples/sec: 385.32 - lr: 0.003125
2022-03-18 10:35:04,630 epoch 39 - iter 414/469 - loss 0.01423211 - samples/sec: 388.59 - lr: 0.003125
2022-03-18 10:35:08,501 epoch 39 - iter 460/469 - loss 0.01415285 - samples/sec: 380.59 - lr: 0.003125
2022-03-18 10:35:09,200 ----------------------------------------------------------------------------------------------------
2022-03-18 10:35:09,200 EPOCH 39 done: loss 0.0142 - lr 0.003125
2022-03-18 10:35:20,071 Evaluating as a multi-label problem: False
2022-03-18 10:35:20,110 DEV : loss 0.028973160311579704 - f1-score (micro avg)  0.9555
2022-03-18 10:35:20,332 BAD EPOCHS (no improvement): 2
2022-03-18 10:35:20,335 ----------------------------------------------------------------------------------------------------
2022-03-18 10:35:24,297 epoch 40 - iter 46/469 - loss 0.01482009 - samples/sec: 371.98 - lr: 0.003125
2022-03-18 10:35:28,254 epoch 40 - iter 92/469 - loss 0.01511420 - samples/sec: 372.31 - lr: 0.003125
2022-03-18 10:35:33,468 epoch 40 - iter 138/469 - loss 0.01372725 - samples/sec: 282.69 - lr: 0.003125
2022-03-18 10:35:37,977 epoch 40 - iter 184/469 - loss 0.01398185 - samples/sec: 326.94 - lr: 0.003125
2022-03-18 10:35:42,570 epoch 40 - iter 230/469 - loss 0.01474863 - samples/sec: 320.90 - lr: 0.003125
2022-03-18 10:35:49,120 epoch 40 - iter 276/469 - loss 0.01451230 - samples/sec: 225.00 - lr: 0.003125
2022-03-18 10:35:55,174 epoch 40 - iter 322/469 - loss 0.01466494 - samples/sec: 243.40 - lr: 0.003125
2022-03-18 10:36:00,534 epoch 40 - iter 368/469 - loss 0.01475219 - samples/sec: 274.92 - lr: 0.003125
2022-03-18 10:36:05,848 epoch 40 - iter 414/469 - loss 0.01488147 - samples/sec: 277.34 - lr: 0.003125
2022-03-18 10:36:10,884 epoch 40 - iter 460/469 - loss 0.01508059 - samples/sec: 292.69 - lr: 0.003125
2022-03-18 10:36:11,774 ----------------------------------------------------------------------------------------------------
2022-03-18 10:36:11,774 EPOCH 40 done: loss 0.0150 - lr 0.003125
2022-03-18 10:36:24,158 Evaluating as a multi-label problem: False
2022-03-18 10:36:24,198 DEV : loss 0.028884077444672585 - f1-score (micro avg)  0.9555
2022-03-18 10:36:24,420 BAD EPOCHS (no improvement): 3
2022-03-18 10:36:24,423 ----------------------------------------------------------------------------------------------------
2022-03-18 10:36:28,511 epoch 41 - iter 46/469 - loss 0.01736569 - samples/sec: 360.65 - lr: 0.003125
2022-03-18 10:36:32,659 epoch 41 - iter 92/469 - loss 0.01497119 - samples/sec: 355.24 - lr: 0.003125
2022-03-18 10:36:36,815 epoch 41 - iter 138/469 - loss 0.01544387 - samples/sec: 354.58 - lr: 0.003125
2022-03-18 10:36:40,885 epoch 41 - iter 184/469 - loss 0.01518610 - samples/sec: 362.10 - lr: 0.003125
2022-03-18 10:36:44,724 epoch 41 - iter 230/469 - loss 0.01514555 - samples/sec: 383.98 - lr: 0.003125
2022-03-18 10:36:48,712 epoch 41 - iter 276/469 - loss 0.01515031 - samples/sec: 369.58 - lr: 0.003125
2022-03-18 10:36:52,695 epoch 41 - iter 322/469 - loss 0.01499740 - samples/sec: 370.03 - lr: 0.003125
2022-03-18 10:36:56,616 epoch 41 - iter 368/469 - loss 0.01507627 - samples/sec: 375.84 - lr: 0.003125
2022-03-18 10:37:00,621 epoch 41 - iter 414/469 - loss 0.01484810 - samples/sec: 367.96 - lr: 0.003125
2022-03-18 10:37:04,530 epoch 41 - iter 460/469 - loss 0.01477430 - samples/sec: 377.03 - lr: 0.003125
2022-03-18 10:37:05,277 ----------------------------------------------------------------------------------------------------
2022-03-18 10:37:05,277 EPOCH 41 done: loss 0.0148 - lr 0.003125
2022-03-18 10:37:18,599 Evaluating as a multi-label problem: False
2022-03-18 10:37:18,640 DEV : loss 0.028937485069036484 - f1-score (micro avg)  0.9563
2022-03-18 10:37:18,883 Epoch    41: reducing learning rate of group 0 to 1.5625e-03.
2022-03-18 10:37:18,883 BAD EPOCHS (no improvement): 4
2022-03-18 10:37:18,886 ----------------------------------------------------------------------------------------------------
2022-03-18 10:37:22,983 epoch 42 - iter 46/469 - loss 0.01302770 - samples/sec: 359.80 - lr: 0.001563
2022-03-18 10:37:27,792 epoch 42 - iter 92/469 - loss 0.01372398 - samples/sec: 306.53 - lr: 0.001563
2022-03-18 10:37:32,457 epoch 42 - iter 138/469 - loss 0.01413573 - samples/sec: 315.98 - lr: 0.001563
2022-03-18 10:37:37,564 epoch 42 - iter 184/469 - loss 0.01420752 - samples/sec: 288.55 - lr: 0.001563
2022-03-18 10:37:43,837 epoch 42 - iter 230/469 - loss 0.01441238 - samples/sec: 234.91 - lr: 0.001563
2022-03-18 10:37:51,071 epoch 42 - iter 276/469 - loss 0.01418188 - samples/sec: 203.68 - lr: 0.001563
2022-03-18 10:37:57,040 epoch 42 - iter 322/469 - loss 0.01441105 - samples/sec: 246.85 - lr: 0.001563
2022-03-18 10:38:02,494 epoch 42 - iter 368/469 - loss 0.01466246 - samples/sec: 270.29 - lr: 0.001563
2022-03-18 10:38:07,838 epoch 42 - iter 414/469 - loss 0.01471542 - samples/sec: 275.83 - lr: 0.001563
2022-03-18 10:38:12,465 epoch 42 - iter 460/469 - loss 0.01508374 - samples/sec: 318.55 - lr: 0.001563
2022-03-18 10:38:13,507 ----------------------------------------------------------------------------------------------------
2022-03-18 10:38:13,507 EPOCH 42 done: loss 0.0151 - lr 0.001563
2022-03-18 10:38:25,094 Evaluating as a multi-label problem: False
2022-03-18 10:38:25,137 DEV : loss 0.028920596465468407 - f1-score (micro avg)  0.9563
2022-03-18 10:38:25,375 BAD EPOCHS (no improvement): 1
2022-03-18 10:38:25,378 ----------------------------------------------------------------------------------------------------
2022-03-18 10:38:29,460 epoch 43 - iter 46/469 - loss 0.01320989 - samples/sec: 361.02 - lr: 0.001563
2022-03-18 10:38:33,247 epoch 43 - iter 92/469 - loss 0.01225867 - samples/sec: 389.10 - lr: 0.001563
2022-03-18 10:38:37,133 epoch 43 - iter 138/469 - loss 0.01432747 - samples/sec: 379.18 - lr: 0.001563
2022-03-18 10:38:40,928 epoch 43 - iter 184/469 - loss 0.01479367 - samples/sec: 388.31 - lr: 0.001563
2022-03-18 10:38:44,737 epoch 43 - iter 230/469 - loss 0.01481048 - samples/sec: 386.93 - lr: 0.001563
2022-03-18 10:38:48,696 epoch 43 - iter 276/469 - loss 0.01445778 - samples/sec: 372.12 - lr: 0.001563
2022-03-18 10:38:52,566 epoch 43 - iter 322/469 - loss 0.01468967 - samples/sec: 380.69 - lr: 0.001563
2022-03-18 10:38:56,366 epoch 43 - iter 368/469 - loss 0.01476633 - samples/sec: 387.79 - lr: 0.001563
2022-03-18 10:39:00,423 epoch 43 - iter 414/469 - loss 0.01466955 - samples/sec: 363.05 - lr: 0.001563
2022-03-18 10:39:04,347 epoch 43 - iter 460/469 - loss 0.01478306 - samples/sec: 375.45 - lr: 0.001563
2022-03-18 10:39:05,060 ----------------------------------------------------------------------------------------------------
2022-03-18 10:39:05,061 EPOCH 43 done: loss 0.0148 - lr 0.001563
2022-03-18 10:39:17,986 Evaluating as a multi-label problem: False
2022-03-18 10:39:18,024 DEV : loss 0.028905373066663742 - f1-score (micro avg)  0.9555
2022-03-18 10:39:18,246 BAD EPOCHS (no improvement): 2
2022-03-18 10:39:18,249 ----------------------------------------------------------------------------------------------------
2022-03-18 10:39:22,926 epoch 44 - iter 46/469 - loss 0.01304669 - samples/sec: 315.14 - lr: 0.001563
2022-03-18 10:39:27,757 epoch 44 - iter 92/469 - loss 0.01489945 - samples/sec: 305.00 - lr: 0.001563
2022-03-18 10:39:32,043 epoch 44 - iter 138/469 - loss 0.01440392 - samples/sec: 343.82 - lr: 0.001563
2022-03-18 10:39:38,076 epoch 44 - iter 184/469 - loss 0.01444487 - samples/sec: 244.21 - lr: 0.001563
2022-03-18 10:39:45,267 epoch 44 - iter 230/469 - loss 0.01486476 - samples/sec: 204.90 - lr: 0.001563
2022-03-18 10:39:50,956 epoch 44 - iter 276/469 - loss 0.01485719 - samples/sec: 259.09 - lr: 0.001563
2022-03-18 10:39:56,169 epoch 44 - iter 322/469 - loss 0.01467432 - samples/sec: 282.83 - lr: 0.001563
2022-03-18 10:40:01,020 epoch 44 - iter 368/469 - loss 0.01444135 - samples/sec: 303.76 - lr: 0.001563
2022-03-18 10:40:05,769 epoch 44 - iter 414/469 - loss 0.01471364 - samples/sec: 310.34 - lr: 0.001563
2022-03-18 10:40:10,267 epoch 44 - iter 460/469 - loss 0.01466606 - samples/sec: 327.68 - lr: 0.001563
2022-03-18 10:40:11,174 ----------------------------------------------------------------------------------------------------
2022-03-18 10:40:11,174 EPOCH 44 done: loss 0.0146 - lr 0.001563
2022-03-18 10:40:22,261 Evaluating as a multi-label problem: False
2022-03-18 10:40:22,299 DEV : loss 0.029107321053743362 - f1-score (micro avg)  0.9559
2022-03-18 10:40:22,547 BAD EPOCHS (no improvement): 3
2022-03-18 10:40:22,550 ----------------------------------------------------------------------------------------------------
2022-03-18 10:40:26,428 epoch 45 - iter 46/469 - loss 0.01583148 - samples/sec: 380.17 - lr: 0.001563
2022-03-18 10:40:30,231 epoch 45 - iter 92/469 - loss 0.01440612 - samples/sec: 387.54 - lr: 0.001563
2022-03-18 10:40:34,086 epoch 45 - iter 138/469 - loss 0.01383121 - samples/sec: 382.20 - lr: 0.001563
2022-03-18 10:40:37,873 epoch 45 - iter 184/469 - loss 0.01433876 - samples/sec: 389.13 - lr: 0.001563
2022-03-18 10:40:41,730 epoch 45 - iter 230/469 - loss 0.01463062 - samples/sec: 381.99 - lr: 0.001563
2022-03-18 10:40:45,581 epoch 45 - iter 276/469 - loss 0.01499203 - samples/sec: 382.55 - lr: 0.001563
2022-03-18 10:40:49,480 epoch 45 - iter 322/469 - loss 0.01498567 - samples/sec: 377.86 - lr: 0.001563
2022-03-18 10:40:53,466 epoch 45 - iter 368/469 - loss 0.01495947 - samples/sec: 369.61 - lr: 0.001563
2022-03-18 10:40:57,424 epoch 45 - iter 414/469 - loss 0.01464296 - samples/sec: 372.13 - lr: 0.001563
2022-03-18 10:41:01,322 epoch 45 - iter 460/469 - loss 0.01473842 - samples/sec: 378.02 - lr: 0.001563
2022-03-18 10:41:02,060 ----------------------------------------------------------------------------------------------------
2022-03-18 10:41:02,060 EPOCH 45 done: loss 0.0147 - lr 0.001563
2022-03-18 10:41:13,383 Evaluating as a multi-label problem: False
2022-03-18 10:41:13,422 DEV : loss 0.029055792838335037 - f1-score (micro avg)  0.9558
2022-03-18 10:41:13,643 Epoch    45: reducing learning rate of group 0 to 7.8125e-04.
2022-03-18 10:41:13,643 BAD EPOCHS (no improvement): 4
2022-03-18 10:41:13,647 ----------------------------------------------------------------------------------------------------
2022-03-18 10:41:17,566 epoch 46 - iter 46/469 - loss 0.01559804 - samples/sec: 376.10 - lr: 0.000781
2022-03-18 10:41:21,478 epoch 46 - iter 92/469 - loss 0.01440294 - samples/sec: 376.66 - lr: 0.000781
2022-03-18 10:41:26,916 epoch 46 - iter 138/469 - loss 0.01414578 - samples/sec: 270.83 - lr: 0.000781
2022-03-18 10:41:30,757 epoch 46 - iter 184/469 - loss 0.01450659 - samples/sec: 383.56 - lr: 0.000781
2022-03-18 10:41:34,746 epoch 46 - iter 230/469 - loss 0.01425102 - samples/sec: 369.44 - lr: 0.000781
2022-03-18 10:41:38,623 epoch 46 - iter 276/469 - loss 0.01444152 - samples/sec: 380.05 - lr: 0.000781
2022-03-18 10:41:42,630 epoch 46 - iter 322/469 - loss 0.01441967 - samples/sec: 367.83 - lr: 0.000781
2022-03-18 10:41:46,347 epoch 46 - iter 368/469 - loss 0.01422520 - samples/sec: 396.39 - lr: 0.000781
2022-03-18 10:41:50,088 epoch 46 - iter 414/469 - loss 0.01429713 - samples/sec: 393.82 - lr: 0.000781
2022-03-18 10:41:53,978 epoch 46 - iter 460/469 - loss 0.01424751 - samples/sec: 378.80 - lr: 0.000781
2022-03-18 10:41:54,679 ----------------------------------------------------------------------------------------------------
2022-03-18 10:41:54,679 EPOCH 46 done: loss 0.0142 - lr 0.000781
2022-03-18 10:42:06,042 Evaluating as a multi-label problem: False
2022-03-18 10:42:06,080 DEV : loss 0.02904992736876011 - f1-score (micro avg)  0.9561
2022-03-18 10:42:06,325 BAD EPOCHS (no improvement): 1
2022-03-18 10:42:06,328 ----------------------------------------------------------------------------------------------------
2022-03-18 10:42:10,328 epoch 47 - iter 46/469 - loss 0.01398855 - samples/sec: 368.52 - lr: 0.000781
2022-03-18 10:42:14,128 epoch 47 - iter 92/469 - loss 0.01466100 - samples/sec: 387.85 - lr: 0.000781
2022-03-18 10:42:18,072 epoch 47 - iter 138/469 - loss 0.01533233 - samples/sec: 373.54 - lr: 0.000781
2022-03-18 10:42:21,822 epoch 47 - iter 184/469 - loss 0.01529838 - samples/sec: 392.95 - lr: 0.000781
2022-03-18 10:42:25,745 epoch 47 - iter 230/469 - loss 0.01517867 - samples/sec: 375.55 - lr: 0.000781
2022-03-18 10:42:29,649 epoch 47 - iter 276/469 - loss 0.01501464 - samples/sec: 377.41 - lr: 0.000781
2022-03-18 10:42:33,557 epoch 47 - iter 322/469 - loss 0.01499090 - samples/sec: 376.94 - lr: 0.000781
2022-03-18 10:42:37,485 epoch 47 - iter 368/469 - loss 0.01516791 - samples/sec: 375.14 - lr: 0.000781
2022-03-18 10:42:41,474 epoch 47 - iter 414/469 - loss 0.01488570 - samples/sec: 369.29 - lr: 0.000781
2022-03-18 10:42:45,328 epoch 47 - iter 460/469 - loss 0.01476006 - samples/sec: 382.34 - lr: 0.000781
2022-03-18 10:42:46,078 ----------------------------------------------------------------------------------------------------
2022-03-18 10:42:46,078 EPOCH 47 done: loss 0.0148 - lr 0.000781
2022-03-18 10:42:57,369 Evaluating as a multi-label problem: False
2022-03-18 10:42:57,408 DEV : loss 0.0290632713586092 - f1-score (micro avg)  0.956
2022-03-18 10:42:57,628 BAD EPOCHS (no improvement): 2
2022-03-18 10:42:57,631 ----------------------------------------------------------------------------------------------------
2022-03-18 10:43:01,498 epoch 48 - iter 46/469 - loss 0.01232227 - samples/sec: 381.17 - lr: 0.000781
2022-03-18 10:43:05,348 epoch 48 - iter 92/469 - loss 0.01261711 - samples/sec: 382.73 - lr: 0.000781
2022-03-18 10:43:09,380 epoch 48 - iter 138/469 - loss 0.01283694 - samples/sec: 365.38 - lr: 0.000781
2022-03-18 10:43:13,171 epoch 48 - iter 184/469 - loss 0.01283967 - samples/sec: 388.67 - lr: 0.000781
2022-03-18 10:43:17,069 epoch 48 - iter 230/469 - loss 0.01328834 - samples/sec: 378.11 - lr: 0.000781
2022-03-18 10:43:20,916 epoch 48 - iter 276/469 - loss 0.01378806 - samples/sec: 383.08 - lr: 0.000781
2022-03-18 10:43:24,823 epoch 48 - iter 322/469 - loss 0.01382808 - samples/sec: 377.21 - lr: 0.000781
2022-03-18 10:43:28,771 epoch 48 - iter 368/469 - loss 0.01387303 - samples/sec: 373.21 - lr: 0.000781
2022-03-18 10:43:32,526 epoch 48 - iter 414/469 - loss 0.01375719 - samples/sec: 392.44 - lr: 0.000781
2022-03-18 10:43:36,416 epoch 48 - iter 460/469 - loss 0.01366289 - samples/sec: 378.76 - lr: 0.000781
2022-03-18 10:43:37,143 ----------------------------------------------------------------------------------------------------
2022-03-18 10:43:37,143 EPOCH 48 done: loss 0.0137 - lr 0.000781
2022-03-18 10:43:49,952 Evaluating as a multi-label problem: False
2022-03-18 10:43:49,991 DEV : loss 0.029091639444231987 - f1-score (micro avg)  0.9561
2022-03-18 10:43:50,225 BAD EPOCHS (no improvement): 3
2022-03-18 10:43:50,228 ----------------------------------------------------------------------------------------------------
2022-03-18 10:43:54,484 epoch 49 - iter 46/469 - loss 0.01386326 - samples/sec: 346.19 - lr: 0.000781
2022-03-18 10:43:58,312 epoch 49 - iter 92/469 - loss 0.01410705 - samples/sec: 385.06 - lr: 0.000781
2022-03-18 10:44:02,239 epoch 49 - iter 138/469 - loss 0.01355693 - samples/sec: 375.19 - lr: 0.000781
2022-03-18 10:44:06,141 epoch 49 - iter 184/469 - loss 0.01440423 - samples/sec: 377.62 - lr: 0.000781
2022-03-18 10:44:09,875 epoch 49 - iter 230/469 - loss 0.01422742 - samples/sec: 394.70 - lr: 0.000781
2022-03-18 10:44:13,698 epoch 49 - iter 276/469 - loss 0.01457542 - samples/sec: 385.35 - lr: 0.000781
2022-03-18 10:44:17,606 epoch 49 - iter 322/469 - loss 0.01437630 - samples/sec: 377.00 - lr: 0.000781
2022-03-18 10:44:21,431 epoch 49 - iter 368/469 - loss 0.01442838 - samples/sec: 385.13 - lr: 0.000781
2022-03-18 10:44:25,208 epoch 49 - iter 414/469 - loss 0.01464062 - samples/sec: 390.09 - lr: 0.000781
2022-03-18 10:44:29,183 epoch 49 - iter 460/469 - loss 0.01450242 - samples/sec: 370.65 - lr: 0.000781
2022-03-18 10:44:29,879 ----------------------------------------------------------------------------------------------------
2022-03-18 10:44:29,879 EPOCH 49 done: loss 0.0144 - lr 0.000781
2022-03-18 10:44:41,157 Evaluating as a multi-label problem: False
2022-03-18 10:44:41,195 DEV : loss 0.029095018282532692 - f1-score (micro avg)  0.9556
2022-03-18 10:44:41,417 Epoch    49: reducing learning rate of group 0 to 3.9063e-04.
2022-03-18 10:44:41,417 BAD EPOCHS (no improvement): 4
2022-03-18 10:44:41,419 ----------------------------------------------------------------------------------------------------
2022-03-18 10:44:45,439 epoch 50 - iter 46/469 - loss 0.01516165 - samples/sec: 366.75 - lr: 0.000391
2022-03-18 10:44:49,305 epoch 50 - iter 92/469 - loss 0.01455018 - samples/sec: 381.15 - lr: 0.000391
2022-03-18 10:44:53,143 epoch 50 - iter 138/469 - loss 0.01480372 - samples/sec: 383.91 - lr: 0.000391
2022-03-18 10:44:56,976 epoch 50 - iter 184/469 - loss 0.01480060 - samples/sec: 384.38 - lr: 0.000391
2022-03-18 10:45:00,990 epoch 50 - iter 230/469 - loss 0.01427805 - samples/sec: 367.08 - lr: 0.000391
2022-03-18 10:45:04,947 epoch 50 - iter 276/469 - loss 0.01436596 - samples/sec: 372.31 - lr: 0.000391
2022-03-18 10:45:08,841 epoch 50 - iter 322/469 - loss 0.01433449 - samples/sec: 378.39 - lr: 0.000391
2022-03-18 10:45:12,790 epoch 50 - iter 368/469 - loss 0.01424411 - samples/sec: 373.18 - lr: 0.000391
2022-03-18 10:45:16,640 epoch 50 - iter 414/469 - loss 0.01405845 - samples/sec: 382.79 - lr: 0.000391
2022-03-18 10:45:20,440 epoch 50 - iter 460/469 - loss 0.01391208 - samples/sec: 387.74 - lr: 0.000391
2022-03-18 10:45:21,128 ----------------------------------------------------------------------------------------------------
2022-03-18 10:45:21,129 EPOCH 50 done: loss 0.0139 - lr 0.000391
2022-03-18 10:45:33,334 Evaluating as a multi-label problem: False
2022-03-18 10:45:33,372 DEV : loss 0.02906503714621067 - f1-score (micro avg)  0.9556
2022-03-18 10:45:33,593 BAD EPOCHS (no improvement): 1
2022-03-18 10:45:33,596 ----------------------------------------------------------------------------------------------------
2022-03-18 10:45:37,628 epoch 51 - iter 46/469 - loss 0.01321222 - samples/sec: 365.39 - lr: 0.000391
2022-03-18 10:45:41,575 epoch 51 - iter 92/469 - loss 0.01345789 - samples/sec: 373.26 - lr: 0.000391
2022-03-18 10:45:45,389 epoch 51 - iter 138/469 - loss 0.01408214 - samples/sec: 386.30 - lr: 0.000391
2022-03-18 10:45:49,198 epoch 51 - iter 184/469 - loss 0.01400207 - samples/sec: 386.95 - lr: 0.000391
2022-03-18 10:45:53,138 epoch 51 - iter 230/469 - loss 0.01419660 - samples/sec: 373.96 - lr: 0.000391
2022-03-18 10:45:56,978 epoch 51 - iter 276/469 - loss 0.01436703 - samples/sec: 383.75 - lr: 0.000391
2022-03-18 10:46:00,800 epoch 51 - iter 322/469 - loss 0.01415993 - samples/sec: 385.53 - lr: 0.000391
2022-03-18 10:46:04,658 epoch 51 - iter 368/469 - loss 0.01388620 - samples/sec: 381.92 - lr: 0.000391
2022-03-18 10:46:08,470 epoch 51 - iter 414/469 - loss 0.01403327 - samples/sec: 386.48 - lr: 0.000391
2022-03-18 10:46:12,327 epoch 51 - iter 460/469 - loss 0.01420106 - samples/sec: 381.98 - lr: 0.000391
2022-03-18 10:46:13,064 ----------------------------------------------------------------------------------------------------
2022-03-18 10:46:13,064 EPOCH 51 done: loss 0.0143 - lr 0.000391
2022-03-18 10:46:24,417 Evaluating as a multi-label problem: False
2022-03-18 10:46:24,457 DEV : loss 0.029060672968626022 - f1-score (micro avg)  0.9561
2022-03-18 10:46:24,688 BAD EPOCHS (no improvement): 2
2022-03-18 10:46:24,691 ----------------------------------------------------------------------------------------------------
2022-03-18 10:46:28,629 epoch 52 - iter 46/469 - loss 0.01335844 - samples/sec: 374.36 - lr: 0.000391
2022-03-18 10:46:32,430 epoch 52 - iter 92/469 - loss 0.01288519 - samples/sec: 387.72 - lr: 0.000391
2022-03-18 10:46:36,353 epoch 52 - iter 138/469 - loss 0.01362657 - samples/sec: 375.54 - lr: 0.000391
2022-03-18 10:46:40,409 epoch 52 - iter 184/469 - loss 0.01377077 - samples/sec: 363.27 - lr: 0.000391
2022-03-18 10:46:44,309 epoch 52 - iter 230/469 - loss 0.01440923 - samples/sec: 377.88 - lr: 0.000391
2022-03-18 10:46:48,326 epoch 52 - iter 276/469 - loss 0.01389676 - samples/sec: 366.71 - lr: 0.000391
2022-03-18 10:46:52,260 epoch 52 - iter 322/469 - loss 0.01405044 - samples/sec: 374.54 - lr: 0.000391
2022-03-18 10:46:56,180 epoch 52 - iter 368/469 - loss 0.01392338 - samples/sec: 375.83 - lr: 0.000391
2022-03-18 10:47:00,056 epoch 52 - iter 414/469 - loss 0.01410697 - samples/sec: 380.20 - lr: 0.000391
2022-03-18 10:47:03,950 epoch 52 - iter 460/469 - loss 0.01421689 - samples/sec: 378.42 - lr: 0.000391
2022-03-18 10:47:04,620 ----------------------------------------------------------------------------------------------------
2022-03-18 10:47:04,620 EPOCH 52 done: loss 0.0144 - lr 0.000391
2022-03-18 10:47:16,006 Evaluating as a multi-label problem: False
2022-03-18 10:47:16,053 DEV : loss 0.02909235842525959 - f1-score (micro avg)  0.956
2022-03-18 10:47:16,277 BAD EPOCHS (no improvement): 3
2022-03-18 10:47:16,280 ----------------------------------------------------------------------------------------------------
2022-03-18 10:47:20,679 epoch 53 - iter 46/469 - loss 0.01423849 - samples/sec: 335.06 - lr: 0.000391
2022-03-18 10:47:24,633 epoch 53 - iter 92/469 - loss 0.01268803 - samples/sec: 372.72 - lr: 0.000391
2022-03-18 10:47:28,674 epoch 53 - iter 138/469 - loss 0.01404991 - samples/sec: 364.69 - lr: 0.000391
2022-03-18 10:47:34,525 epoch 53 - iter 184/469 - loss 0.01347924 - samples/sec: 251.97 - lr: 0.000391
2022-03-18 10:47:39,940 epoch 53 - iter 230/469 - loss 0.01343720 - samples/sec: 272.20 - lr: 0.000391
2022-03-18 10:47:44,261 epoch 53 - iter 276/469 - loss 0.01356495 - samples/sec: 341.10 - lr: 0.000391
2022-03-18 10:47:49,127 epoch 53 - iter 322/469 - loss 0.01335173 - samples/sec: 302.86 - lr: 0.000391
2022-03-18 10:47:54,154 epoch 53 - iter 368/469 - loss 0.01341267 - samples/sec: 293.16 - lr: 0.000391
2022-03-18 10:47:58,880 epoch 53 - iter 414/469 - loss 0.01328922 - samples/sec: 311.85 - lr: 0.000391
2022-03-18 10:48:03,149 epoch 53 - iter 460/469 - loss 0.01339623 - samples/sec: 345.18 - lr: 0.000391
2022-03-18 10:48:03,896 ----------------------------------------------------------------------------------------------------
2022-03-18 10:48:03,896 EPOCH 53 done: loss 0.0134 - lr 0.000391
2022-03-18 10:48:17,402 Evaluating as a multi-label problem: False
2022-03-18 10:48:17,441 DEV : loss 0.029102174565196037 - f1-score (micro avg)  0.9561
2022-03-18 10:48:17,663 Epoch    53: reducing learning rate of group 0 to 1.9531e-04.
2022-03-18 10:48:17,663 BAD EPOCHS (no improvement): 4
2022-03-18 10:48:17,666 ----------------------------------------------------------------------------------------------------
2022-03-18 10:48:21,568 epoch 54 - iter 46/469 - loss 0.01536588 - samples/sec: 377.64 - lr: 0.000195
2022-03-18 10:48:25,668 epoch 54 - iter 92/469 - loss 0.01609976 - samples/sec: 359.35 - lr: 0.000195
2022-03-18 10:48:29,706 epoch 54 - iter 138/469 - loss 0.01530970 - samples/sec: 364.90 - lr: 0.000195
2022-03-18 10:48:33,779 epoch 54 - iter 184/469 - loss 0.01511297 - samples/sec: 361.82 - lr: 0.000195
2022-03-18 10:48:37,916 epoch 54 - iter 230/469 - loss 0.01526400 - samples/sec: 356.08 - lr: 0.000195
2022-03-18 10:48:41,920 epoch 54 - iter 276/469 - loss 0.01522787 - samples/sec: 368.02 - lr: 0.000195
2022-03-18 10:48:46,039 epoch 54 - iter 322/469 - loss 0.01486112 - samples/sec: 357.78 - lr: 0.000195
2022-03-18 10:48:50,006 epoch 54 - iter 368/469 - loss 0.01492418 - samples/sec: 371.64 - lr: 0.000195
2022-03-18 10:48:53,996 epoch 54 - iter 414/469 - loss 0.01464870 - samples/sec: 369.34 - lr: 0.000195
2022-03-18 10:48:57,889 epoch 54 - iter 460/469 - loss 0.01444958 - samples/sec: 378.59 - lr: 0.000195
2022-03-18 10:48:58,594 ----------------------------------------------------------------------------------------------------
2022-03-18 10:48:58,594 EPOCH 54 done: loss 0.0143 - lr 0.000195
2022-03-18 10:49:10,278 Evaluating as a multi-label problem: False
2022-03-18 10:49:10,319 DEV : loss 0.02909707836806774 - f1-score (micro avg)  0.9565
2022-03-18 10:49:10,542 BAD EPOCHS (no improvement): 1
2022-03-18 10:49:10,545 ----------------------------------------------------------------------------------------------------
2022-03-18 10:49:14,794 epoch 55 - iter 46/469 - loss 0.01394168 - samples/sec: 346.84 - lr: 0.000195
2022-03-18 10:49:18,857 epoch 55 - iter 92/469 - loss 0.01417790 - samples/sec: 362.69 - lr: 0.000195
2022-03-18 10:49:22,877 epoch 55 - iter 138/469 - loss 0.01388255 - samples/sec: 366.66 - lr: 0.000195
2022-03-18 10:49:28,476 epoch 55 - iter 184/469 - loss 0.01346827 - samples/sec: 263.29 - lr: 0.000195
2022-03-18 10:49:34,193 epoch 55 - iter 230/469 - loss 0.01367403 - samples/sec: 257.81 - lr: 0.000195
2022-03-18 10:49:38,532 epoch 55 - iter 276/469 - loss 0.01410646 - samples/sec: 339.66 - lr: 0.000195
2022-03-18 10:49:43,715 epoch 55 - iter 322/469 - loss 0.01427775 - samples/sec: 284.39 - lr: 0.000195
2022-03-18 10:49:50,144 epoch 55 - iter 368/469 - loss 0.01422749 - samples/sec: 229.19 - lr: 0.000195
2022-03-18 10:49:55,351 epoch 55 - iter 414/469 - loss 0.01411218 - samples/sec: 283.05 - lr: 0.000195
2022-03-18 10:50:00,541 epoch 55 - iter 460/469 - loss 0.01416601 - samples/sec: 284.02 - lr: 0.000195
2022-03-18 10:50:01,435 ----------------------------------------------------------------------------------------------------
2022-03-18 10:50:01,435 EPOCH 55 done: loss 0.0141 - lr 0.000195
2022-03-18 10:50:15,871 Evaluating as a multi-label problem: False
2022-03-18 10:50:15,908 DEV : loss 0.029093971475958824 - f1-score (micro avg)  0.9563
2022-03-18 10:50:16,127 BAD EPOCHS (no improvement): 2
2022-03-18 10:50:16,158 ----------------------------------------------------------------------------------------------------
2022-03-18 10:50:20,154 epoch 56 - iter 46/469 - loss 0.01250020 - samples/sec: 368.69 - lr: 0.000195
2022-03-18 10:50:24,257 epoch 56 - iter 92/469 - loss 0.01252147 - samples/sec: 359.09 - lr: 0.000195
2022-03-18 10:50:28,203 epoch 56 - iter 138/469 - loss 0.01304819 - samples/sec: 373.43 - lr: 0.000195
2022-03-18 10:50:32,220 epoch 56 - iter 184/469 - loss 0.01315067 - samples/sec: 366.94 - lr: 0.000195
2022-03-18 10:50:36,278 epoch 56 - iter 230/469 - loss 0.01329230 - samples/sec: 363.19 - lr: 0.000195
2022-03-18 10:50:40,389 epoch 56 - iter 276/469 - loss 0.01321327 - samples/sec: 358.49 - lr: 0.000195
2022-03-18 10:50:44,444 epoch 56 - iter 322/469 - loss 0.01371800 - samples/sec: 363.49 - lr: 0.000195
2022-03-18 10:50:48,409 epoch 56 - iter 368/469 - loss 0.01375757 - samples/sec: 371.61 - lr: 0.000195
2022-03-18 10:50:52,400 epoch 56 - iter 414/469 - loss 0.01375183 - samples/sec: 369.23 - lr: 0.000195
2022-03-18 10:50:56,442 epoch 56 - iter 460/469 - loss 0.01391437 - samples/sec: 364.59 - lr: 0.000195
2022-03-18 10:50:57,179 ----------------------------------------------------------------------------------------------------
2022-03-18 10:50:57,179 EPOCH 56 done: loss 0.0140 - lr 0.000195
2022-03-18 10:51:08,334 Evaluating as a multi-label problem: False
2022-03-18 10:51:08,375 DEV : loss 0.029085258021950722 - f1-score (micro avg)  0.9561
2022-03-18 10:51:08,607 BAD EPOCHS (no improvement): 3
2022-03-18 10:51:08,610 ----------------------------------------------------------------------------------------------------
2022-03-18 10:51:12,563 epoch 57 - iter 46/469 - loss 0.01452106 - samples/sec: 372.91 - lr: 0.000195
2022-03-18 10:51:16,556 epoch 57 - iter 92/469 - loss 0.01326987 - samples/sec: 369.16 - lr: 0.000195
2022-03-18 10:51:20,492 epoch 57 - iter 138/469 - loss 0.01304885 - samples/sec: 374.47 - lr: 0.000195
2022-03-18 10:51:25,302 epoch 57 - iter 184/469 - loss 0.01324204 - samples/sec: 306.36 - lr: 0.000195
2022-03-18 10:51:30,610 epoch 57 - iter 230/469 - loss 0.01329716 - samples/sec: 277.65 - lr: 0.000195
2022-03-18 10:51:36,090 epoch 57 - iter 276/469 - loss 0.01363380 - samples/sec: 268.94 - lr: 0.000195
2022-03-18 10:51:40,228 epoch 57 - iter 322/469 - loss 0.01392954 - samples/sec: 356.06 - lr: 0.000195
2022-03-18 10:51:45,175 epoch 57 - iter 368/469 - loss 0.01409141 - samples/sec: 297.94 - lr: 0.000195
2022-03-18 10:51:51,297 epoch 57 - iter 414/469 - loss 0.01401669 - samples/sec: 240.79 - lr: 0.000195
2022-03-18 10:51:57,127 epoch 57 - iter 460/469 - loss 0.01410368 - samples/sec: 252.84 - lr: 0.000195
2022-03-18 10:51:58,105 ----------------------------------------------------------------------------------------------------
2022-03-18 10:51:58,106 EPOCH 57 done: loss 0.0141 - lr 0.000195
2022-03-18 10:52:13,228 Evaluating as a multi-label problem: False
2022-03-18 10:52:13,291 DEV : loss 0.029091212898492813 - f1-score (micro avg)  0.9563
2022-03-18 10:52:13,592 Epoch    57: reducing learning rate of group 0 to 9.7656e-05.
2022-03-18 10:52:13,592 BAD EPOCHS (no improvement): 4
2022-03-18 10:52:13,603 ----------------------------------------------------------------------------------------------------
2022-03-18 10:52:13,603 ----------------------------------------------------------------------------------------------------
2022-03-18 10:52:13,603 learning rate too small - quitting training!
2022-03-18 10:52:13,603 ----------------------------------------------------------------------------------------------------
2022-03-18 10:52:16,454 ----------------------------------------------------------------------------------------------------
2022-03-18 10:52:16,455 loading file resources/taggers/model_01_run_1/best-model.pt
2022-03-18 10:52:17,290 SequenceTagger predicts: Dictionary with 19 tags: O, S-LOC, B-LOC, E-LOC, I-LOC, S-PER, B-PER, E-PER, I-PER, S-ORG, B-ORG, E-ORG, I-ORG, S-MISC, B-MISC, E-MISC, I-MISC, <START>, <STOP>
2022-03-18 10:52:46,954 Evaluating as a multi-label problem: False
2022-03-18 10:52:46,992 0.9191	0.9264	0.9227	0.8851
2022-03-18 10:52:46,992 
Results:
- F-score (micro) 0.9227
- F-score (macro) 0.9072
- Accuracy 0.8851

By class:
              precision    recall  f1-score   support

         LOC     0.9354    0.9411    0.9382      1663
         ORG     0.9017    0.9125    0.9071      1658
         PER     0.9738    0.9665    0.9701      1612
        MISC     0.7977    0.8294    0.8133       680

   micro avg     0.9191    0.9264    0.9227      5613
   macro avg     0.9022    0.9124    0.9072      5613
weighted avg     0.9198    0.9264    0.9230      5613

2022-03-18 10:52:46,992 ----------------------------------------------------------------------------------------------------
