2022-04-28 19:07:17,471 ----------------------------------------------------------------------------------------------------
2022-04-28 19:07:17,472 Model: "SequenceTagger(
  (embeddings): StackedEmbeddings(
    (list_embedding_0): GazetteerEmbeddings()
    (list_embedding_1): WordEmbeddings(
      'glove'
      (embedding): Embedding(400001, 100)
    )
    (list_embedding_2): FlairEmbeddings(
      (lm): LanguageModel(
        (drop): Dropout(p=0.05, inplace=False)
        (encoder): Embedding(300, 100)
        (rnn): LSTM(100, 2048)
        (decoder): Linear(in_features=2048, out_features=300, bias=True)
      )
    )
    (list_embedding_3): FlairEmbeddings(
      (lm): LanguageModel(
        (drop): Dropout(p=0.05, inplace=False)
        (encoder): Embedding(300, 100)
        (rnn): LSTM(100, 2048)
        (decoder): Linear(in_features=2048, out_features=300, bias=True)
      )
    )
  )
  (word_dropout): WordDropout(p=0.05)
  (locked_dropout): LockedDropout(p=0.5)
  (embedding2nn): Linear(in_features=5072, out_features=5072, bias=True)
  (rnn): LSTM(5072, 256, batch_first=True, bidirectional=True)
  (linear): Linear(in_features=512, out_features=27, bias=True)
  (loss_function): ViterbiLoss()
  (crf): CRF()
)"
2022-04-28 19:07:17,473 ----------------------------------------------------------------------------------------------------
2022-04-28 19:07:17,473 Corpus: "Corpus: 3394 train + 1009 dev + 1287 test sentences"
2022-04-28 19:07:17,473 ----------------------------------------------------------------------------------------------------
2022-04-28 19:07:17,473 Parameters:
2022-04-28 19:07:17,473  - learning_rate: "0.100000"
2022-04-28 19:07:17,475  - mini_batch_size: "32"
2022-04-28 19:07:17,475  - patience: "3"
2022-04-28 19:07:17,475  - anneal_factor: "0.5"
2022-04-28 19:07:17,475  - max_epochs: "150"
2022-04-28 19:07:17,475  - shuffle: "True"
2022-04-28 19:07:17,475  - train_with_dev: "False"
2022-04-28 19:07:17,475  - batch_growth_annealing: "False"
2022-04-28 19:07:17,475 ----------------------------------------------------------------------------------------------------
2022-04-28 19:07:17,475 Model training base path: "resources/taggers/model_06_r5_run_1"
2022-04-28 19:07:17,476 ----------------------------------------------------------------------------------------------------
2022-04-28 19:07:17,476 Device: cuda:1
2022-04-28 19:07:17,476 ----------------------------------------------------------------------------------------------------
2022-04-28 19:07:17,476 Embeddings storage mode: cpu
2022-04-28 19:07:17,476 ----------------------------------------------------------------------------------------------------
2022-04-28 19:07:21,821 epoch 1 - iter 10/107 - loss 0.51779769 - samples/sec: 73.67 - lr: 0.100000
2022-04-28 19:07:26,187 epoch 1 - iter 20/107 - loss 0.39926123 - samples/sec: 73.31 - lr: 0.100000
2022-04-28 19:07:30,502 epoch 1 - iter 30/107 - loss 0.36049281 - samples/sec: 74.18 - lr: 0.100000
2022-04-28 19:07:34,765 epoch 1 - iter 40/107 - loss 0.33079941 - samples/sec: 75.08 - lr: 0.100000
2022-04-28 19:07:39,016 epoch 1 - iter 50/107 - loss 0.30627727 - samples/sec: 75.30 - lr: 0.100000
2022-04-28 19:07:43,835 epoch 1 - iter 60/107 - loss 0.30153500 - samples/sec: 66.42 - lr: 0.100000
2022-04-28 19:07:49,371 epoch 1 - iter 70/107 - loss 0.29613356 - samples/sec: 57.81 - lr: 0.100000
2022-04-28 19:07:54,324 epoch 1 - iter 80/107 - loss 0.29518131 - samples/sec: 64.62 - lr: 0.100000
2022-04-28 19:07:58,923 epoch 1 - iter 90/107 - loss 0.29466669 - samples/sec: 69.60 - lr: 0.100000
2022-04-28 19:08:03,652 epoch 1 - iter 100/107 - loss 0.29197029 - samples/sec: 67.69 - lr: 0.100000
2022-04-28 19:08:06,612 ----------------------------------------------------------------------------------------------------
2022-04-28 19:08:06,612 EPOCH 1 done: loss 0.2876 - lr 0.100000
2022-04-28 19:08:22,928 Evaluating as a multi-label problem: False
2022-04-28 19:08:22,940 DEV : loss 0.4054065942764282 - f1-score (micro avg)  0.1926
2022-04-28 19:08:23,020 BAD EPOCHS (no improvement): 0
2022-04-28 19:08:23,023 saving best model
2022-04-28 19:09:28,470 ----------------------------------------------------------------------------------------------------
2022-04-28 19:09:36,906 epoch 2 - iter 10/107 - loss 0.23687834 - samples/sec: 37.94 - lr: 0.100000
2022-04-28 19:09:40,043 epoch 2 - iter 20/107 - loss 0.20416365 - samples/sec: 102.05 - lr: 0.100000
2022-04-28 19:09:43,356 epoch 2 - iter 30/107 - loss 0.19982544 - samples/sec: 96.62 - lr: 0.100000
2022-04-28 19:09:46,440 epoch 2 - iter 40/107 - loss 0.19429455 - samples/sec: 103.80 - lr: 0.100000
2022-04-28 19:09:49,513 epoch 2 - iter 50/107 - loss 0.19245597 - samples/sec: 104.15 - lr: 0.100000
2022-04-28 19:09:52,719 epoch 2 - iter 60/107 - loss 0.19190441 - samples/sec: 99.85 - lr: 0.100000
2022-04-28 19:09:56,157 epoch 2 - iter 70/107 - loss 0.19357984 - samples/sec: 93.10 - lr: 0.100000
2022-04-28 19:10:00,828 epoch 2 - iter 80/107 - loss 0.19129834 - samples/sec: 68.53 - lr: 0.100000
2022-04-28 19:10:05,320 epoch 2 - iter 90/107 - loss 0.19059589 - samples/sec: 71.25 - lr: 0.100000
2022-04-28 19:10:09,892 epoch 2 - iter 100/107 - loss 0.19052128 - samples/sec: 70.02 - lr: 0.100000
2022-04-28 19:10:12,883 ----------------------------------------------------------------------------------------------------
2022-04-28 19:10:12,883 EPOCH 2 done: loss 0.1898 - lr 0.100000
2022-04-28 19:10:25,949 Evaluating as a multi-label problem: False
2022-04-28 19:10:25,960 DEV : loss 0.3308166265487671 - f1-score (micro avg)  0.301
2022-04-28 19:10:26,043 BAD EPOCHS (no improvement): 0
2022-04-28 19:10:26,095 saving best model
2022-04-28 19:11:30,372 ----------------------------------------------------------------------------------------------------
2022-04-28 19:11:34,840 epoch 3 - iter 10/107 - loss 0.16450592 - samples/sec: 71.66 - lr: 0.100000
2022-04-28 19:11:39,454 epoch 3 - iter 20/107 - loss 0.18049684 - samples/sec: 69.37 - lr: 0.100000
2022-04-28 19:11:44,070 epoch 3 - iter 30/107 - loss 0.17457221 - samples/sec: 69.34 - lr: 0.100000
2022-04-28 19:11:48,774 epoch 3 - iter 40/107 - loss 0.17178392 - samples/sec: 68.04 - lr: 0.100000
2022-04-28 19:11:53,582 epoch 3 - iter 50/107 - loss 0.16961367 - samples/sec: 66.57 - lr: 0.100000
2022-04-28 19:11:58,430 epoch 3 - iter 60/107 - loss 0.16744290 - samples/sec: 66.02 - lr: 0.100000
2022-04-28 19:12:02,786 epoch 3 - iter 70/107 - loss 0.16747940 - samples/sec: 73.49 - lr: 0.100000
2022-04-28 19:12:06,903 epoch 3 - iter 80/107 - loss 0.16476361 - samples/sec: 77.75 - lr: 0.100000
2022-04-28 19:12:11,222 epoch 3 - iter 90/107 - loss 0.16126563 - samples/sec: 74.11 - lr: 0.100000
2022-04-28 19:12:16,028 epoch 3 - iter 100/107 - loss 0.15925676 - samples/sec: 66.60 - lr: 0.100000
2022-04-28 19:12:18,939 ----------------------------------------------------------------------------------------------------
2022-04-28 19:12:18,939 EPOCH 3 done: loss 0.1583 - lr 0.100000
2022-04-28 19:12:32,604 Evaluating as a multi-label problem: False
2022-04-28 19:12:32,616 DEV : loss 0.2901918292045593 - f1-score (micro avg)  0.3605
2022-04-28 19:12:32,702 BAD EPOCHS (no improvement): 0
2022-04-28 19:12:32,705 saving best model
2022-04-28 19:13:37,027 ----------------------------------------------------------------------------------------------------
2022-04-28 19:13:40,361 epoch 4 - iter 10/107 - loss 0.16169373 - samples/sec: 96.06 - lr: 0.100000
2022-04-28 19:13:45,131 epoch 4 - iter 20/107 - loss 0.14199158 - samples/sec: 67.10 - lr: 0.100000
2022-04-28 19:13:49,725 epoch 4 - iter 30/107 - loss 0.13750870 - samples/sec: 69.68 - lr: 0.100000
2022-04-28 19:13:54,192 epoch 4 - iter 40/107 - loss 0.13969420 - samples/sec: 71.65 - lr: 0.100000
2022-04-28 19:13:58,639 epoch 4 - iter 50/107 - loss 0.14076392 - samples/sec: 71.98 - lr: 0.100000
2022-04-28 19:14:03,242 epoch 4 - iter 60/107 - loss 0.14074180 - samples/sec: 69.53 - lr: 0.100000
2022-04-28 19:14:07,611 epoch 4 - iter 70/107 - loss 0.13971685 - samples/sec: 73.27 - lr: 0.100000
2022-04-28 19:14:12,157 epoch 4 - iter 80/107 - loss 0.13751547 - samples/sec: 70.41 - lr: 0.100000
2022-04-28 19:14:16,224 epoch 4 - iter 90/107 - loss 0.13955131 - samples/sec: 78.71 - lr: 0.100000
2022-04-28 19:14:20,428 epoch 4 - iter 100/107 - loss 0.14044770 - samples/sec: 76.13 - lr: 0.100000
2022-04-28 19:14:23,213 ----------------------------------------------------------------------------------------------------
2022-04-28 19:14:23,213 EPOCH 4 done: loss 0.1407 - lr 0.100000
2022-04-28 19:14:36,354 Evaluating as a multi-label problem: False
2022-04-28 19:14:36,365 DEV : loss 0.26976972818374634 - f1-score (micro avg)  0.3964
2022-04-28 19:14:36,448 BAD EPOCHS (no improvement): 0
2022-04-28 19:14:36,461 saving best model
2022-04-28 19:15:37,081 ----------------------------------------------------------------------------------------------------
2022-04-28 19:15:41,362 epoch 5 - iter 10/107 - loss 0.16187076 - samples/sec: 74.79 - lr: 0.100000
2022-04-28 19:15:46,082 epoch 5 - iter 20/107 - loss 0.14266422 - samples/sec: 67.81 - lr: 0.100000
2022-04-28 19:15:50,855 epoch 5 - iter 30/107 - loss 0.12538057 - samples/sec: 67.06 - lr: 0.100000
2022-04-28 19:15:55,473 epoch 5 - iter 40/107 - loss 0.12334796 - samples/sec: 69.32 - lr: 0.100000
2022-04-28 19:16:00,351 epoch 5 - iter 50/107 - loss 0.12504090 - samples/sec: 65.61 - lr: 0.100000
2022-04-28 19:16:04,970 epoch 5 - iter 60/107 - loss 0.12942128 - samples/sec: 69.29 - lr: 0.100000
2022-04-28 19:16:09,709 epoch 5 - iter 70/107 - loss 0.12878486 - samples/sec: 67.55 - lr: 0.100000
2022-04-28 19:16:13,923 epoch 5 - iter 80/107 - loss 0.12691302 - samples/sec: 75.96 - lr: 0.100000
2022-04-28 19:16:17,767 epoch 5 - iter 90/107 - loss 0.12979658 - samples/sec: 83.27 - lr: 0.100000
2022-04-28 19:16:22,347 epoch 5 - iter 100/107 - loss 0.12994735 - samples/sec: 69.88 - lr: 0.100000
2022-04-28 19:16:25,129 ----------------------------------------------------------------------------------------------------
2022-04-28 19:16:25,129 EPOCH 5 done: loss 0.1289 - lr 0.100000
2022-04-28 19:16:39,115 Evaluating as a multi-label problem: False
2022-04-28 19:16:39,128 DEV : loss 0.2321769744157791 - f1-score (micro avg)  0.4672
2022-04-28 19:16:39,220 BAD EPOCHS (no improvement): 0
2022-04-28 19:16:39,242 saving best model
2022-04-28 19:17:43,786 ----------------------------------------------------------------------------------------------------
2022-04-28 19:17:47,026 epoch 6 - iter 10/107 - loss 0.10633112 - samples/sec: 98.83 - lr: 0.100000
2022-04-28 19:17:50,227 epoch 6 - iter 20/107 - loss 0.10112377 - samples/sec: 99.99 - lr: 0.100000
2022-04-28 19:17:54,350 epoch 6 - iter 30/107 - loss 0.11204438 - samples/sec: 77.64 - lr: 0.100000
2022-04-28 19:17:59,064 epoch 6 - iter 40/107 - loss 0.11264116 - samples/sec: 67.91 - lr: 0.100000
2022-04-28 19:18:03,708 epoch 6 - iter 50/107 - loss 0.10978327 - samples/sec: 68.92 - lr: 0.100000
2022-04-28 19:18:08,452 epoch 6 - iter 60/107 - loss 0.11005944 - samples/sec: 67.48 - lr: 0.100000
2022-04-28 19:18:13,310 epoch 6 - iter 70/107 - loss 0.11635878 - samples/sec: 65.88 - lr: 0.100000
2022-04-28 19:18:17,982 epoch 6 - iter 80/107 - loss 0.11722130 - samples/sec: 68.50 - lr: 0.100000
2022-04-28 19:18:22,509 epoch 6 - iter 90/107 - loss 0.11706640 - samples/sec: 70.71 - lr: 0.100000
2022-04-28 19:18:26,757 epoch 6 - iter 100/107 - loss 0.11814214 - samples/sec: 75.35 - lr: 0.100000
2022-04-28 19:18:29,180 ----------------------------------------------------------------------------------------------------
2022-04-28 19:18:29,180 EPOCH 6 done: loss 0.1187 - lr 0.100000
2022-04-28 19:18:38,551 Evaluating as a multi-label problem: False
2022-04-28 19:18:38,563 DEV : loss 0.22096994519233704 - f1-score (micro avg)  0.5239
2022-04-28 19:18:38,646 BAD EPOCHS (no improvement): 0
2022-04-28 19:18:38,658 saving best model
2022-04-28 19:19:41,263 ----------------------------------------------------------------------------------------------------
2022-04-28 19:19:46,252 epoch 7 - iter 10/107 - loss 0.10736341 - samples/sec: 64.17 - lr: 0.100000
2022-04-28 19:19:51,104 epoch 7 - iter 20/107 - loss 0.10921975 - samples/sec: 65.96 - lr: 0.100000
2022-04-28 19:19:55,313 epoch 7 - iter 30/107 - loss 0.10785784 - samples/sec: 76.05 - lr: 0.100000
2022-04-28 19:19:59,388 epoch 7 - iter 40/107 - loss 0.11062371 - samples/sec: 78.55 - lr: 0.100000
2022-04-28 19:20:03,789 epoch 7 - iter 50/107 - loss 0.10955095 - samples/sec: 72.72 - lr: 0.100000
2022-04-28 19:20:08,387 epoch 7 - iter 60/107 - loss 0.11076060 - samples/sec: 69.62 - lr: 0.100000
2022-04-28 19:20:13,051 epoch 7 - iter 70/107 - loss 0.10947947 - samples/sec: 68.62 - lr: 0.100000
2022-04-28 19:20:17,660 epoch 7 - iter 80/107 - loss 0.10736200 - samples/sec: 69.45 - lr: 0.100000
2022-04-28 19:20:22,308 epoch 7 - iter 90/107 - loss 0.10833436 - samples/sec: 68.87 - lr: 0.100000
2022-04-28 19:20:26,963 epoch 7 - iter 100/107 - loss 0.10794980 - samples/sec: 68.75 - lr: 0.100000
2022-04-28 19:20:29,482 ----------------------------------------------------------------------------------------------------
2022-04-28 19:20:29,482 EPOCH 7 done: loss 0.1104 - lr 0.100000
2022-04-28 19:20:42,189 Evaluating as a multi-label problem: False
2022-04-28 19:20:42,201 DEV : loss 0.24649474024772644 - f1-score (micro avg)  0.4516
2022-04-28 19:20:42,286 BAD EPOCHS (no improvement): 1
2022-04-28 19:20:42,290 ----------------------------------------------------------------------------------------------------
2022-04-28 19:20:46,993 epoch 8 - iter 10/107 - loss 0.10529184 - samples/sec: 68.07 - lr: 0.100000
2022-04-28 19:20:51,608 epoch 8 - iter 20/107 - loss 0.09124297 - samples/sec: 69.35 - lr: 0.100000
2022-04-28 19:20:56,321 epoch 8 - iter 30/107 - loss 0.09570089 - samples/sec: 67.91 - lr: 0.100000
2022-04-28 19:21:00,900 epoch 8 - iter 40/107 - loss 0.09412498 - samples/sec: 69.90 - lr: 0.100000
2022-04-28 19:21:05,142 epoch 8 - iter 50/107 - loss 0.09537403 - samples/sec: 75.45 - lr: 0.100000
2022-04-28 19:21:09,316 epoch 8 - iter 60/107 - loss 0.09635866 - samples/sec: 76.69 - lr: 0.100000
2022-04-28 19:21:13,470 epoch 8 - iter 70/107 - loss 0.09947921 - samples/sec: 77.05 - lr: 0.100000
2022-04-28 19:21:17,991 epoch 8 - iter 80/107 - loss 0.10050504 - samples/sec: 70.80 - lr: 0.100000
2022-04-28 19:21:22,510 epoch 8 - iter 90/107 - loss 0.10213035 - samples/sec: 70.83 - lr: 0.100000
2022-04-28 19:21:27,262 epoch 8 - iter 100/107 - loss 0.10306027 - samples/sec: 67.36 - lr: 0.100000
2022-04-28 19:21:30,015 ----------------------------------------------------------------------------------------------------
2022-04-28 19:21:30,015 EPOCH 8 done: loss 0.1028 - lr 0.100000
2022-04-28 19:21:43,232 Evaluating as a multi-label problem: False
2022-04-28 19:21:43,244 DEV : loss 0.21296536922454834 - f1-score (micro avg)  0.498
2022-04-28 19:21:43,328 BAD EPOCHS (no improvement): 2
2022-04-28 19:21:43,330 ----------------------------------------------------------------------------------------------------
2022-04-28 19:21:47,194 epoch 9 - iter 10/107 - loss 0.11768133 - samples/sec: 82.84 - lr: 0.100000
2022-04-28 19:21:50,074 epoch 9 - iter 20/107 - loss 0.09992768 - samples/sec: 111.18 - lr: 0.100000
2022-04-28 19:21:53,242 epoch 9 - iter 30/107 - loss 0.09780792 - samples/sec: 101.02 - lr: 0.100000
2022-04-28 19:21:56,444 epoch 9 - iter 40/107 - loss 0.09279201 - samples/sec: 99.97 - lr: 0.100000
2022-04-28 19:21:59,662 epoch 9 - iter 50/107 - loss 0.09606852 - samples/sec: 99.48 - lr: 0.100000
2022-04-28 19:22:02,618 epoch 9 - iter 60/107 - loss 0.09692442 - samples/sec: 108.28 - lr: 0.100000
2022-04-28 19:22:05,706 epoch 9 - iter 70/107 - loss 0.09608437 - samples/sec: 103.69 - lr: 0.100000
2022-04-28 19:22:08,790 epoch 9 - iter 80/107 - loss 0.09266965 - samples/sec: 103.80 - lr: 0.100000
2022-04-28 19:22:11,895 epoch 9 - iter 90/107 - loss 0.09290708 - samples/sec: 103.09 - lr: 0.100000
2022-04-28 19:22:15,045 epoch 9 - iter 100/107 - loss 0.09572517 - samples/sec: 101.60 - lr: 0.100000
2022-04-28 19:22:16,925 ----------------------------------------------------------------------------------------------------
2022-04-28 19:22:16,925 EPOCH 9 done: loss 0.0962 - lr 0.100000
2022-04-28 19:22:28,877 Evaluating as a multi-label problem: False
2022-04-28 19:22:28,888 DEV : loss 0.2126195877790451 - f1-score (micro avg)  0.4855
2022-04-28 19:22:28,972 BAD EPOCHS (no improvement): 3
2022-04-28 19:22:28,975 ----------------------------------------------------------------------------------------------------
2022-04-28 19:22:33,663 epoch 10 - iter 10/107 - loss 0.09645510 - samples/sec: 68.28 - lr: 0.100000
2022-04-28 19:22:38,004 epoch 10 - iter 20/107 - loss 0.08549840 - samples/sec: 73.73 - lr: 0.100000
2022-04-28 19:22:42,466 epoch 10 - iter 30/107 - loss 0.08464161 - samples/sec: 71.73 - lr: 0.100000
2022-04-28 19:22:47,452 epoch 10 - iter 40/107 - loss 0.08477275 - samples/sec: 64.20 - lr: 0.100000
2022-04-28 19:22:51,517 epoch 10 - iter 50/107 - loss 0.08412918 - samples/sec: 78.73 - lr: 0.100000
2022-04-28 19:22:55,445 epoch 10 - iter 60/107 - loss 0.08662285 - samples/sec: 81.49 - lr: 0.100000
2022-04-28 19:23:00,076 epoch 10 - iter 70/107 - loss 0.08636357 - samples/sec: 69.11 - lr: 0.100000
2022-04-28 19:23:04,558 epoch 10 - iter 80/107 - loss 0.08702120 - samples/sec: 71.43 - lr: 0.100000
2022-04-28 19:23:09,186 epoch 10 - iter 90/107 - loss 0.08830012 - samples/sec: 69.16 - lr: 0.100000
2022-04-28 19:23:13,740 epoch 10 - iter 100/107 - loss 0.09020953 - samples/sec: 70.28 - lr: 0.100000
2022-04-28 19:23:16,518 ----------------------------------------------------------------------------------------------------
2022-04-28 19:23:16,518 EPOCH 10 done: loss 0.0913 - lr 0.100000
2022-04-28 19:23:29,317 Evaluating as a multi-label problem: False
2022-04-28 19:23:29,328 DEV : loss 0.25586438179016113 - f1-score (micro avg)  0.4549
2022-04-28 19:23:29,413 Epoch    10: reducing learning rate of group 0 to 5.0000e-02.
2022-04-28 19:23:29,413 BAD EPOCHS (no improvement): 4
2022-04-28 19:23:29,416 ----------------------------------------------------------------------------------------------------
2022-04-28 19:23:33,465 epoch 11 - iter 10/107 - loss 0.07327907 - samples/sec: 79.05 - lr: 0.050000
2022-04-28 19:23:38,281 epoch 11 - iter 20/107 - loss 0.07323870 - samples/sec: 66.45 - lr: 0.050000
2022-04-28 19:23:43,079 epoch 11 - iter 30/107 - loss 0.07765602 - samples/sec: 66.71 - lr: 0.050000
2022-04-28 19:23:47,439 epoch 11 - iter 40/107 - loss 0.07601701 - samples/sec: 73.42 - lr: 0.050000
2022-04-28 19:23:51,977 epoch 11 - iter 50/107 - loss 0.07672383 - samples/sec: 70.53 - lr: 0.050000
2022-04-28 19:23:56,594 epoch 11 - iter 60/107 - loss 0.07857089 - samples/sec: 69.33 - lr: 0.050000
2022-04-28 19:24:01,094 epoch 11 - iter 70/107 - loss 0.07977038 - samples/sec: 71.13 - lr: 0.050000
2022-04-28 19:24:05,266 epoch 11 - iter 80/107 - loss 0.08073156 - samples/sec: 76.72 - lr: 0.050000
2022-04-28 19:24:09,435 epoch 11 - iter 90/107 - loss 0.08074443 - samples/sec: 76.77 - lr: 0.050000
2022-04-28 19:24:14,531 epoch 11 - iter 100/107 - loss 0.08009863 - samples/sec: 62.80 - lr: 0.050000
2022-04-28 19:24:17,348 ----------------------------------------------------------------------------------------------------
2022-04-28 19:24:17,348 EPOCH 11 done: loss 0.0805 - lr 0.050000
2022-04-28 19:24:30,785 Evaluating as a multi-label problem: False
2022-04-28 19:24:30,796 DEV : loss 0.19457244873046875 - f1-score (micro avg)  0.5031
2022-04-28 19:24:30,881 BAD EPOCHS (no improvement): 1
2022-04-28 19:24:30,884 ----------------------------------------------------------------------------------------------------
2022-04-28 19:24:35,261 epoch 12 - iter 10/107 - loss 0.08291441 - samples/sec: 73.14 - lr: 0.050000
2022-04-28 19:24:39,480 epoch 12 - iter 20/107 - loss 0.08355780 - samples/sec: 75.85 - lr: 0.050000
2022-04-28 19:24:43,482 epoch 12 - iter 30/107 - loss 0.08005822 - samples/sec: 79.99 - lr: 0.050000
2022-04-28 19:24:48,096 epoch 12 - iter 40/107 - loss 0.08023466 - samples/sec: 69.36 - lr: 0.050000
2022-04-28 19:24:52,802 epoch 12 - iter 50/107 - loss 0.07629299 - samples/sec: 68.02 - lr: 0.050000
2022-04-28 19:24:57,571 epoch 12 - iter 60/107 - loss 0.07835398 - samples/sec: 67.12 - lr: 0.050000
2022-04-28 19:25:02,139 epoch 12 - iter 70/107 - loss 0.07602036 - samples/sec: 70.07 - lr: 0.050000
2022-04-28 19:25:06,578 epoch 12 - iter 80/107 - loss 0.07497845 - samples/sec: 72.11 - lr: 0.050000
2022-04-28 19:25:11,288 epoch 12 - iter 90/107 - loss 0.07592729 - samples/sec: 67.96 - lr: 0.050000
2022-04-28 19:25:15,390 epoch 12 - iter 100/107 - loss 0.07567046 - samples/sec: 78.02 - lr: 0.050000
2022-04-28 19:25:17,920 ----------------------------------------------------------------------------------------------------
2022-04-28 19:25:17,920 EPOCH 12 done: loss 0.0767 - lr 0.050000
2022-04-28 19:25:31,617 Evaluating as a multi-label problem: False
2022-04-28 19:25:31,628 DEV : loss 0.23148857057094574 - f1-score (micro avg)  0.4856
2022-04-28 19:25:31,716 BAD EPOCHS (no improvement): 2
2022-04-28 19:25:31,718 ----------------------------------------------------------------------------------------------------
2022-04-28 19:25:36,477 epoch 13 - iter 10/107 - loss 0.05990655 - samples/sec: 67.27 - lr: 0.050000
2022-04-28 19:25:41,135 epoch 13 - iter 20/107 - loss 0.07189137 - samples/sec: 68.71 - lr: 0.050000
2022-04-28 19:25:45,678 epoch 13 - iter 30/107 - loss 0.07500874 - samples/sec: 70.47 - lr: 0.050000
2022-04-28 19:25:49,953 epoch 13 - iter 40/107 - loss 0.07225831 - samples/sec: 74.87 - lr: 0.050000
2022-04-28 19:25:53,947 epoch 13 - iter 50/107 - loss 0.07154355 - samples/sec: 80.13 - lr: 0.050000
2022-04-28 19:25:58,504 epoch 13 - iter 60/107 - loss 0.07292930 - samples/sec: 70.25 - lr: 0.050000
2022-04-28 19:26:03,039 epoch 13 - iter 70/107 - loss 0.07517746 - samples/sec: 70.58 - lr: 0.050000
2022-04-28 19:26:07,494 epoch 13 - iter 80/107 - loss 0.07425703 - samples/sec: 71.85 - lr: 0.050000
2022-04-28 19:26:12,214 epoch 13 - iter 90/107 - loss 0.07379418 - samples/sec: 67.81 - lr: 0.050000
2022-04-28 19:26:16,876 epoch 13 - iter 100/107 - loss 0.07412985 - samples/sec: 68.65 - lr: 0.050000
2022-04-28 19:26:19,768 ----------------------------------------------------------------------------------------------------
2022-04-28 19:26:19,768 EPOCH 13 done: loss 0.0738 - lr 0.050000
2022-04-28 19:26:32,445 Evaluating as a multi-label problem: False
2022-04-28 19:26:32,457 DEV : loss 0.2095106989145279 - f1-score (micro avg)  0.5121
2022-04-28 19:26:32,542 BAD EPOCHS (no improvement): 3
2022-04-28 19:26:32,545 ----------------------------------------------------------------------------------------------------
2022-04-28 19:26:37,090 epoch 14 - iter 10/107 - loss 0.06167424 - samples/sec: 70.43 - lr: 0.050000
2022-04-28 19:26:42,037 epoch 14 - iter 20/107 - loss 0.06571617 - samples/sec: 64.70 - lr: 0.050000
2022-04-28 19:26:46,349 epoch 14 - iter 30/107 - loss 0.06496612 - samples/sec: 74.23 - lr: 0.050000
2022-04-28 19:26:50,901 epoch 14 - iter 40/107 - loss 0.06584928 - samples/sec: 70.32 - lr: 0.050000
2022-04-28 19:26:55,608 epoch 14 - iter 50/107 - loss 0.06671217 - samples/sec: 68.00 - lr: 0.050000
2022-04-28 19:26:59,775 epoch 14 - iter 60/107 - loss 0.06751127 - samples/sec: 76.82 - lr: 0.050000
2022-04-28 19:27:03,866 epoch 14 - iter 70/107 - loss 0.06978319 - samples/sec: 78.24 - lr: 0.050000
2022-04-28 19:27:08,323 epoch 14 - iter 80/107 - loss 0.06959343 - samples/sec: 71.81 - lr: 0.050000
2022-04-28 19:27:13,055 epoch 14 - iter 90/107 - loss 0.06861213 - samples/sec: 67.65 - lr: 0.050000
2022-04-28 19:27:23,048 epoch 14 - iter 100/107 - loss 0.06938517 - samples/sec: 32.02 - lr: 0.050000
2022-04-28 19:27:25,823 ----------------------------------------------------------------------------------------------------
2022-04-28 19:27:25,823 EPOCH 14 done: loss 0.0687 - lr 0.050000
2022-04-28 19:27:38,155 Evaluating as a multi-label problem: False
2022-04-28 19:27:38,167 DEV : loss 0.20157399773597717 - f1-score (micro avg)  0.5091
2022-04-28 19:27:38,252 Epoch    14: reducing learning rate of group 0 to 2.5000e-02.
2022-04-28 19:27:38,252 BAD EPOCHS (no improvement): 4
2022-04-28 19:27:38,254 ----------------------------------------------------------------------------------------------------
2022-04-28 19:27:42,981 epoch 15 - iter 10/107 - loss 0.06205299 - samples/sec: 67.72 - lr: 0.025000
2022-04-28 19:27:47,489 epoch 15 - iter 20/107 - loss 0.06023499 - samples/sec: 71.00 - lr: 0.025000
2022-04-28 19:27:51,954 epoch 15 - iter 30/107 - loss 0.05903661 - samples/sec: 71.68 - lr: 0.025000
2022-04-28 19:27:56,756 epoch 15 - iter 40/107 - loss 0.06303837 - samples/sec: 66.67 - lr: 0.025000
2022-04-28 19:28:01,150 epoch 15 - iter 50/107 - loss 0.06357478 - samples/sec: 72.83 - lr: 0.025000
2022-04-28 19:28:05,368 epoch 15 - iter 60/107 - loss 0.06216319 - samples/sec: 75.88 - lr: 0.025000
2022-04-28 19:28:09,241 epoch 15 - iter 70/107 - loss 0.06140083 - samples/sec: 82.65 - lr: 0.025000
2022-04-28 19:28:13,285 epoch 15 - iter 80/107 - loss 0.06460425 - samples/sec: 79.16 - lr: 0.025000
2022-04-28 19:28:18,040 epoch 15 - iter 90/107 - loss 0.06442660 - samples/sec: 67.31 - lr: 0.025000
2022-04-28 19:28:22,607 epoch 15 - iter 100/107 - loss 0.06636358 - samples/sec: 70.08 - lr: 0.025000
2022-04-28 19:28:25,496 ----------------------------------------------------------------------------------------------------
2022-04-28 19:28:25,496 EPOCH 15 done: loss 0.0666 - lr 0.025000
2022-04-28 19:28:38,892 Evaluating as a multi-label problem: False
2022-04-28 19:28:38,903 DEV : loss 0.192837193608284 - f1-score (micro avg)  0.5247
2022-04-28 19:28:38,988 BAD EPOCHS (no improvement): 0
2022-04-28 19:28:38,991 saving best model
2022-04-28 19:29:37,971 ----------------------------------------------------------------------------------------------------
2022-04-28 19:29:42,892 epoch 16 - iter 10/107 - loss 0.05524128 - samples/sec: 65.05 - lr: 0.025000
2022-04-28 19:29:47,575 epoch 16 - iter 20/107 - loss 0.05363664 - samples/sec: 68.34 - lr: 0.025000
2022-04-28 19:29:52,206 epoch 16 - iter 30/107 - loss 0.05237585 - samples/sec: 69.13 - lr: 0.025000
2022-04-28 19:29:56,810 epoch 16 - iter 40/107 - loss 0.05426683 - samples/sec: 69.51 - lr: 0.025000
2022-04-28 19:30:01,523 epoch 16 - iter 50/107 - loss 0.05921420 - samples/sec: 67.92 - lr: 0.025000
2022-04-28 19:30:05,743 epoch 16 - iter 60/107 - loss 0.05906369 - samples/sec: 75.85 - lr: 0.025000
2022-04-28 19:30:09,315 epoch 16 - iter 70/107 - loss 0.05882480 - samples/sec: 89.63 - lr: 0.025000
2022-04-28 19:30:13,299 epoch 16 - iter 80/107 - loss 0.05941400 - samples/sec: 80.35 - lr: 0.025000
2022-04-28 19:30:18,000 epoch 16 - iter 90/107 - loss 0.06036143 - samples/sec: 68.09 - lr: 0.025000
2022-04-28 19:30:22,715 epoch 16 - iter 100/107 - loss 0.06024004 - samples/sec: 67.88 - lr: 0.025000
2022-04-28 19:30:25,860 ----------------------------------------------------------------------------------------------------
2022-04-28 19:30:25,860 EPOCH 16 done: loss 0.0608 - lr 0.025000
2022-04-28 19:30:40,177 Evaluating as a multi-label problem: False
2022-04-28 19:30:40,191 DEV : loss 0.2049635946750641 - f1-score (micro avg)  0.5235
2022-04-28 19:30:40,302 BAD EPOCHS (no improvement): 1
2022-04-28 19:30:40,366 ----------------------------------------------------------------------------------------------------
2022-04-28 19:30:44,416 epoch 17 - iter 10/107 - loss 0.06150438 - samples/sec: 79.03 - lr: 0.025000
2022-04-28 19:30:48,607 epoch 17 - iter 20/107 - loss 0.06310221 - samples/sec: 76.39 - lr: 0.025000
2022-04-28 19:30:53,256 epoch 17 - iter 30/107 - loss 0.06423812 - samples/sec: 68.85 - lr: 0.025000
2022-04-28 19:30:57,751 epoch 17 - iter 40/107 - loss 0.06295939 - samples/sec: 71.21 - lr: 0.025000
2022-04-28 19:31:02,410 epoch 17 - iter 50/107 - loss 0.06131647 - samples/sec: 68.70 - lr: 0.025000
2022-04-28 19:31:07,000 epoch 17 - iter 60/107 - loss 0.05999131 - samples/sec: 69.73 - lr: 0.025000
2022-04-28 19:31:11,614 epoch 17 - iter 70/107 - loss 0.05996605 - samples/sec: 69.37 - lr: 0.025000
2022-04-28 19:31:16,123 epoch 17 - iter 80/107 - loss 0.05979657 - samples/sec: 71.00 - lr: 0.025000
2022-04-28 19:31:20,006 epoch 17 - iter 90/107 - loss 0.06132768 - samples/sec: 82.43 - lr: 0.025000
2022-04-28 19:31:24,176 epoch 17 - iter 100/107 - loss 0.06078287 - samples/sec: 76.76 - lr: 0.025000
2022-04-28 19:31:27,099 ----------------------------------------------------------------------------------------------------
2022-04-28 19:31:27,099 EPOCH 17 done: loss 0.0613 - lr 0.025000
2022-04-28 19:31:40,617 Evaluating as a multi-label problem: False
2022-04-28 19:31:40,629 DEV : loss 0.20182445645332336 - f1-score (micro avg)  0.5136
2022-04-28 19:31:40,715 BAD EPOCHS (no improvement): 2
2022-04-28 19:31:40,718 ----------------------------------------------------------------------------------------------------
2022-04-28 19:31:45,233 epoch 18 - iter 10/107 - loss 0.05433856 - samples/sec: 70.91 - lr: 0.025000
2022-04-28 19:31:49,593 epoch 18 - iter 20/107 - loss 0.05301829 - samples/sec: 73.41 - lr: 0.025000
2022-04-28 19:31:53,861 epoch 18 - iter 30/107 - loss 0.05455876 - samples/sec: 75.00 - lr: 0.025000
2022-04-28 19:31:57,627 epoch 18 - iter 40/107 - loss 0.05530635 - samples/sec: 84.98 - lr: 0.025000
2022-04-28 19:32:02,521 epoch 18 - iter 50/107 - loss 0.05780007 - samples/sec: 65.40 - lr: 0.025000
2022-04-28 19:32:07,071 epoch 18 - iter 60/107 - loss 0.05796649 - samples/sec: 70.35 - lr: 0.025000
2022-04-28 19:32:11,756 epoch 18 - iter 70/107 - loss 0.05742453 - samples/sec: 68.32 - lr: 0.025000
2022-04-28 19:32:16,152 epoch 18 - iter 80/107 - loss 0.05894041 - samples/sec: 72.80 - lr: 0.025000
2022-04-28 19:32:20,702 epoch 18 - iter 90/107 - loss 0.05928986 - samples/sec: 70.36 - lr: 0.025000
2022-04-28 19:32:25,315 epoch 18 - iter 100/107 - loss 0.05848365 - samples/sec: 69.37 - lr: 0.025000
2022-04-28 19:32:27,814 ----------------------------------------------------------------------------------------------------
2022-04-28 19:32:27,814 EPOCH 18 done: loss 0.0595 - lr 0.025000
2022-04-28 19:32:40,137 Evaluating as a multi-label problem: False
2022-04-28 19:32:40,149 DEV : loss 0.20453768968582153 - f1-score (micro avg)  0.511
2022-04-28 19:32:40,235 BAD EPOCHS (no improvement): 3
2022-04-28 19:32:40,238 ----------------------------------------------------------------------------------------------------
2022-04-28 19:32:44,897 epoch 19 - iter 10/107 - loss 0.06047747 - samples/sec: 68.70 - lr: 0.025000
2022-04-28 19:32:49,611 epoch 19 - iter 20/107 - loss 0.06400097 - samples/sec: 67.90 - lr: 0.025000
2022-04-28 19:32:54,390 epoch 19 - iter 30/107 - loss 0.06542568 - samples/sec: 66.98 - lr: 0.025000
2022-04-28 19:32:59,030 epoch 19 - iter 40/107 - loss 0.06180161 - samples/sec: 68.98 - lr: 0.025000
2022-04-28 19:33:03,335 epoch 19 - iter 50/107 - loss 0.05866231 - samples/sec: 74.35 - lr: 0.025000
2022-04-28 19:33:07,454 epoch 19 - iter 60/107 - loss 0.05802616 - samples/sec: 77.72 - lr: 0.025000
2022-04-28 19:33:11,799 epoch 19 - iter 70/107 - loss 0.05612701 - samples/sec: 73.66 - lr: 0.025000
2022-04-28 19:33:16,594 epoch 19 - iter 80/107 - loss 0.05735184 - samples/sec: 66.75 - lr: 0.025000
2022-04-28 19:33:21,269 epoch 19 - iter 90/107 - loss 0.05716606 - samples/sec: 68.46 - lr: 0.025000
2022-04-28 19:33:25,792 epoch 19 - iter 100/107 - loss 0.05801098 - samples/sec: 70.76 - lr: 0.025000
2022-04-28 19:33:28,484 ----------------------------------------------------------------------------------------------------
2022-04-28 19:33:28,484 EPOCH 19 done: loss 0.0574 - lr 0.025000
2022-04-28 19:33:41,620 Evaluating as a multi-label problem: False
2022-04-28 19:33:41,632 DEV : loss 0.2073875069618225 - f1-score (micro avg)  0.5173
2022-04-28 19:33:41,721 Epoch    19: reducing learning rate of group 0 to 1.2500e-02.
2022-04-28 19:33:41,721 BAD EPOCHS (no improvement): 4
2022-04-28 19:33:41,724 ----------------------------------------------------------------------------------------------------
2022-04-28 19:33:46,129 epoch 20 - iter 10/107 - loss 0.05713848 - samples/sec: 72.66 - lr: 0.012500
2022-04-28 19:33:50,813 epoch 20 - iter 20/107 - loss 0.06357005 - samples/sec: 68.35 - lr: 0.012500
2022-04-28 19:33:55,457 epoch 20 - iter 30/107 - loss 0.06278519 - samples/sec: 68.92 - lr: 0.012500
2022-04-28 19:34:00,293 epoch 20 - iter 40/107 - loss 0.05842845 - samples/sec: 66.18 - lr: 0.012500
2022-04-28 19:34:05,070 epoch 20 - iter 50/107 - loss 0.05526715 - samples/sec: 67.00 - lr: 0.012500
2022-04-28 19:34:09,667 epoch 20 - iter 60/107 - loss 0.05602958 - samples/sec: 69.64 - lr: 0.012500
2022-04-28 19:34:13,897 epoch 20 - iter 70/107 - loss 0.05623564 - samples/sec: 75.66 - lr: 0.012500
2022-04-28 19:34:17,780 epoch 20 - iter 80/107 - loss 0.05660756 - samples/sec: 82.44 - lr: 0.012500
2022-04-28 19:34:22,151 epoch 20 - iter 90/107 - loss 0.05629051 - samples/sec: 73.23 - lr: 0.012500
2022-04-28 19:34:26,693 epoch 20 - iter 100/107 - loss 0.05544409 - samples/sec: 70.47 - lr: 0.012500
2022-04-28 19:34:29,567 ----------------------------------------------------------------------------------------------------
2022-04-28 19:34:29,567 EPOCH 20 done: loss 0.0553 - lr 0.012500
2022-04-28 19:34:43,030 Evaluating as a multi-label problem: False
2022-04-28 19:34:43,041 DEV : loss 0.21429505944252014 - f1-score (micro avg)  0.5098
2022-04-28 19:34:43,128 BAD EPOCHS (no improvement): 1
2022-04-28 19:34:43,160 ----------------------------------------------------------------------------------------------------
2022-04-28 19:34:47,242 epoch 21 - iter 10/107 - loss 0.04608274 - samples/sec: 78.42 - lr: 0.012500
2022-04-28 19:34:51,163 epoch 21 - iter 20/107 - loss 0.05143341 - samples/sec: 81.65 - lr: 0.012500
2022-04-28 19:34:55,339 epoch 21 - iter 30/107 - loss 0.05642183 - samples/sec: 76.65 - lr: 0.012500
2022-04-28 19:34:59,880 epoch 21 - iter 40/107 - loss 0.05629419 - samples/sec: 70.49 - lr: 0.012500
2022-04-28 19:35:04,510 epoch 21 - iter 50/107 - loss 0.05611734 - samples/sec: 69.13 - lr: 0.012500
2022-04-28 19:35:09,183 epoch 21 - iter 60/107 - loss 0.05624229 - samples/sec: 68.50 - lr: 0.012500
2022-04-28 19:35:13,844 epoch 21 - iter 70/107 - loss 0.05645757 - samples/sec: 68.67 - lr: 0.012500
2022-04-28 19:35:18,575 epoch 21 - iter 80/107 - loss 0.05502092 - samples/sec: 67.66 - lr: 0.012500
2022-04-28 19:35:22,785 epoch 21 - iter 90/107 - loss 0.05612155 - samples/sec: 76.02 - lr: 0.012500
2022-04-28 19:35:27,039 epoch 21 - iter 100/107 - loss 0.05652212 - samples/sec: 75.25 - lr: 0.012500
2022-04-28 19:35:29,620 ----------------------------------------------------------------------------------------------------
2022-04-28 19:35:29,620 EPOCH 21 done: loss 0.0562 - lr 0.012500
2022-04-28 19:35:43,345 Evaluating as a multi-label problem: False
2022-04-28 19:35:43,357 DEV : loss 0.20653480291366577 - f1-score (micro avg)  0.5143
2022-04-28 19:35:43,447 BAD EPOCHS (no improvement): 2
2022-04-28 19:35:43,450 ----------------------------------------------------------------------------------------------------
2022-04-28 19:35:47,994 epoch 22 - iter 10/107 - loss 0.04817776 - samples/sec: 70.46 - lr: 0.012500
2022-04-28 19:35:52,715 epoch 22 - iter 20/107 - loss 0.05214964 - samples/sec: 67.80 - lr: 0.012500
2022-04-28 19:35:57,292 epoch 22 - iter 30/107 - loss 0.05415862 - samples/sec: 69.93 - lr: 0.012500
2022-04-28 19:36:01,494 epoch 22 - iter 40/107 - loss 0.05330710 - samples/sec: 76.16 - lr: 0.012500
2022-04-28 19:36:05,614 epoch 22 - iter 50/107 - loss 0.05317374 - samples/sec: 77.70 - lr: 0.012500
2022-04-28 19:36:10,365 epoch 22 - iter 60/107 - loss 0.05247696 - samples/sec: 67.37 - lr: 0.012500
2022-04-28 19:36:14,935 epoch 22 - iter 70/107 - loss 0.05170606 - samples/sec: 70.04 - lr: 0.012500
2022-04-28 19:36:19,579 epoch 22 - iter 80/107 - loss 0.05146337 - samples/sec: 68.91 - lr: 0.012500
2022-04-28 19:36:24,274 epoch 22 - iter 90/107 - loss 0.05251061 - samples/sec: 68.19 - lr: 0.012500
2022-04-28 19:36:28,996 epoch 22 - iter 100/107 - loss 0.05303634 - samples/sec: 67.78 - lr: 0.012500
2022-04-28 19:36:31,648 ----------------------------------------------------------------------------------------------------
2022-04-28 19:36:31,649 EPOCH 22 done: loss 0.0527 - lr 0.012500
2022-04-28 19:36:44,402 Evaluating as a multi-label problem: False
2022-04-28 19:36:44,413 DEV : loss 0.21268683671951294 - f1-score (micro avg)  0.5091
2022-04-28 19:36:44,497 BAD EPOCHS (no improvement): 3
2022-04-28 19:36:44,499 ----------------------------------------------------------------------------------------------------
2022-04-28 19:36:48,988 epoch 23 - iter 10/107 - loss 0.05939945 - samples/sec: 71.30 - lr: 0.012500
2022-04-28 19:36:53,621 epoch 23 - iter 20/107 - loss 0.05395386 - samples/sec: 69.09 - lr: 0.012500
2022-04-28 19:36:58,198 epoch 23 - iter 30/107 - loss 0.05490964 - samples/sec: 69.94 - lr: 0.012500
2022-04-28 19:37:02,773 epoch 23 - iter 40/107 - loss 0.05273114 - samples/sec: 69.96 - lr: 0.012500
2022-04-28 19:37:07,263 epoch 23 - iter 50/107 - loss 0.05342639 - samples/sec: 71.28 - lr: 0.012500
2022-04-28 19:37:11,484 epoch 23 - iter 60/107 - loss 0.05316262 - samples/sec: 75.85 - lr: 0.012500
2022-04-28 19:37:15,704 epoch 23 - iter 70/107 - loss 0.05503467 - samples/sec: 75.84 - lr: 0.012500
2022-04-28 19:37:20,412 epoch 23 - iter 80/107 - loss 0.05387361 - samples/sec: 67.99 - lr: 0.012500
2022-04-28 19:37:24,753 epoch 23 - iter 90/107 - loss 0.05331929 - samples/sec: 73.74 - lr: 0.012500
2022-04-28 19:37:29,211 epoch 23 - iter 100/107 - loss 0.05371886 - samples/sec: 71.79 - lr: 0.012500
2022-04-28 19:37:31,822 ----------------------------------------------------------------------------------------------------
2022-04-28 19:37:31,822 EPOCH 23 done: loss 0.0536 - lr 0.012500
2022-04-28 19:37:44,958 Evaluating as a multi-label problem: False
2022-04-28 19:37:44,969 DEV : loss 0.19904178380966187 - f1-score (micro avg)  0.53
2022-04-28 19:37:45,053 BAD EPOCHS (no improvement): 0
2022-04-28 19:37:45,056 saving best model
2022-04-28 19:38:46,422 ----------------------------------------------------------------------------------------------------
2022-04-28 19:38:49,802 epoch 24 - iter 10/107 - loss 0.05838171 - samples/sec: 94.75 - lr: 0.012500
2022-04-28 19:38:54,277 epoch 24 - iter 20/107 - loss 0.05810999 - samples/sec: 71.53 - lr: 0.012500
2022-04-28 19:38:59,067 epoch 24 - iter 30/107 - loss 0.05598082 - samples/sec: 66.82 - lr: 0.012500
2022-04-28 19:39:03,694 epoch 24 - iter 40/107 - loss 0.05706752 - samples/sec: 69.18 - lr: 0.012500
2022-04-28 19:39:08,145 epoch 24 - iter 50/107 - loss 0.05498303 - samples/sec: 71.92 - lr: 0.012500
2022-04-28 19:39:12,191 epoch 24 - iter 60/107 - loss 0.05458645 - samples/sec: 79.10 - lr: 0.012500
2022-04-28 19:39:16,069 epoch 24 - iter 70/107 - loss 0.05427314 - samples/sec: 82.54 - lr: 0.012500
2022-04-28 19:39:20,785 epoch 24 - iter 80/107 - loss 0.05377698 - samples/sec: 67.87 - lr: 0.012500
2022-04-28 19:39:25,052 epoch 24 - iter 90/107 - loss 0.05473654 - samples/sec: 75.00 - lr: 0.012500
2022-04-28 19:39:29,365 epoch 24 - iter 100/107 - loss 0.05392515 - samples/sec: 74.21 - lr: 0.012500
2022-04-28 19:39:32,181 ----------------------------------------------------------------------------------------------------
2022-04-28 19:39:32,181 EPOCH 24 done: loss 0.0538 - lr 0.012500
2022-04-28 19:39:45,531 Evaluating as a multi-label problem: False
2022-04-28 19:39:45,543 DEV : loss 0.20858104526996613 - f1-score (micro avg)  0.5159
2022-04-28 19:39:45,627 BAD EPOCHS (no improvement): 1
2022-04-28 19:39:45,638 ----------------------------------------------------------------------------------------------------
2022-04-28 19:39:49,320 epoch 25 - iter 10/107 - loss 0.05013932 - samples/sec: 86.93 - lr: 0.012500
2022-04-28 19:39:53,084 epoch 25 - iter 20/107 - loss 0.05140555 - samples/sec: 85.06 - lr: 0.012500
2022-04-28 19:39:57,148 epoch 25 - iter 30/107 - loss 0.05110762 - samples/sec: 78.76 - lr: 0.012500
2022-04-28 19:40:01,757 epoch 25 - iter 40/107 - loss 0.05055375 - samples/sec: 69.44 - lr: 0.012500
2022-04-28 19:40:06,206 epoch 25 - iter 50/107 - loss 0.05244617 - samples/sec: 71.94 - lr: 0.012500
2022-04-28 19:40:10,817 epoch 25 - iter 60/107 - loss 0.05278682 - samples/sec: 69.42 - lr: 0.012500
2022-04-28 19:40:15,402 epoch 25 - iter 70/107 - loss 0.05207558 - samples/sec: 69.81 - lr: 0.012500
2022-04-28 19:40:19,746 epoch 25 - iter 80/107 - loss 0.05210174 - samples/sec: 73.69 - lr: 0.012500
2022-04-28 19:40:24,649 epoch 25 - iter 90/107 - loss 0.05209794 - samples/sec: 65.28 - lr: 0.012500
2022-04-28 19:40:29,120 epoch 25 - iter 100/107 - loss 0.05287294 - samples/sec: 71.58 - lr: 0.012500
2022-04-28 19:40:31,656 ----------------------------------------------------------------------------------------------------
2022-04-28 19:40:31,656 EPOCH 25 done: loss 0.0534 - lr 0.012500
2022-04-28 19:40:42,003 Evaluating as a multi-label problem: False
2022-04-28 19:40:42,014 DEV : loss 0.20266816020011902 - f1-score (micro avg)  0.5146
2022-04-28 19:40:42,099 BAD EPOCHS (no improvement): 2
2022-04-28 19:40:42,101 ----------------------------------------------------------------------------------------------------
2022-04-28 19:40:45,140 epoch 26 - iter 10/107 - loss 0.05845684 - samples/sec: 105.34 - lr: 0.012500
2022-04-28 19:40:48,249 epoch 26 - iter 20/107 - loss 0.04970203 - samples/sec: 102.99 - lr: 0.012500
2022-04-28 19:40:51,188 epoch 26 - iter 30/107 - loss 0.05128182 - samples/sec: 108.91 - lr: 0.012500
2022-04-28 19:40:54,258 epoch 26 - iter 40/107 - loss 0.05128347 - samples/sec: 104.26 - lr: 0.012500
2022-04-28 19:40:57,320 epoch 26 - iter 50/107 - loss 0.05127113 - samples/sec: 104.56 - lr: 0.012500
2022-04-28 19:41:00,339 epoch 26 - iter 60/107 - loss 0.05078462 - samples/sec: 106.03 - lr: 0.012500
2022-04-28 19:41:03,447 epoch 26 - iter 70/107 - loss 0.04920703 - samples/sec: 102.99 - lr: 0.012500
2022-04-28 19:41:06,608 epoch 26 - iter 80/107 - loss 0.05031419 - samples/sec: 101.26 - lr: 0.012500
2022-04-28 19:41:09,442 epoch 26 - iter 90/107 - loss 0.05038193 - samples/sec: 112.97 - lr: 0.012500
2022-04-28 19:41:12,230 epoch 26 - iter 100/107 - loss 0.05058443 - samples/sec: 114.83 - lr: 0.012500
2022-04-28 19:41:14,057 ----------------------------------------------------------------------------------------------------
2022-04-28 19:41:14,058 EPOCH 26 done: loss 0.0506 - lr 0.012500
2022-04-28 19:41:23,217 Evaluating as a multi-label problem: False
2022-04-28 19:41:23,228 DEV : loss 0.20695984363555908 - f1-score (micro avg)  0.5139
2022-04-28 19:41:23,313 BAD EPOCHS (no improvement): 3
2022-04-28 19:41:23,316 ----------------------------------------------------------------------------------------------------
2022-04-28 19:41:26,354 epoch 27 - iter 10/107 - loss 0.05176502 - samples/sec: 105.37 - lr: 0.012500
2022-04-28 19:41:29,333 epoch 27 - iter 20/107 - loss 0.04824570 - samples/sec: 107.45 - lr: 0.012500
2022-04-28 19:41:32,402 epoch 27 - iter 30/107 - loss 0.04939524 - samples/sec: 104.31 - lr: 0.012500
2022-04-28 19:41:35,490 epoch 27 - iter 40/107 - loss 0.05087358 - samples/sec: 103.64 - lr: 0.012500
2022-04-28 19:41:38,517 epoch 27 - iter 50/107 - loss 0.04987261 - samples/sec: 105.77 - lr: 0.012500
2022-04-28 19:41:43,457 epoch 27 - iter 60/107 - loss 0.05027919 - samples/sec: 64.79 - lr: 0.012500
2022-04-28 19:41:49,606 epoch 27 - iter 70/107 - loss 0.05044596 - samples/sec: 52.05 - lr: 0.012500
2022-04-28 19:41:55,052 epoch 27 - iter 80/107 - loss 0.05005299 - samples/sec: 58.77 - lr: 0.012500
2022-04-28 19:42:01,250 epoch 27 - iter 90/107 - loss 0.04990145 - samples/sec: 51.64 - lr: 0.012500
2022-04-28 19:42:05,832 epoch 27 - iter 100/107 - loss 0.05026890 - samples/sec: 69.86 - lr: 0.012500
2022-04-28 19:42:08,413 ----------------------------------------------------------------------------------------------------
2022-04-28 19:42:08,413 EPOCH 27 done: loss 0.0496 - lr 0.012500
2022-04-28 19:42:21,432 Evaluating as a multi-label problem: False
2022-04-28 19:42:21,444 DEV : loss 0.20655490458011627 - f1-score (micro avg)  0.5135
2022-04-28 19:42:21,529 Epoch    27: reducing learning rate of group 0 to 6.2500e-03.
2022-04-28 19:42:21,529 BAD EPOCHS (no improvement): 4
2022-04-28 19:42:21,532 ----------------------------------------------------------------------------------------------------
2022-04-28 19:42:25,873 epoch 28 - iter 10/107 - loss 0.04633737 - samples/sec: 73.75 - lr: 0.006250
2022-04-28 19:42:29,871 epoch 28 - iter 20/107 - loss 0.05044185 - samples/sec: 80.06 - lr: 0.006250
2022-04-28 19:42:33,862 epoch 28 - iter 30/107 - loss 0.05093861 - samples/sec: 80.19 - lr: 0.006250
2022-04-28 19:42:37,224 epoch 28 - iter 40/107 - loss 0.04997453 - samples/sec: 95.21 - lr: 0.006250
2022-04-28 19:42:40,284 epoch 28 - iter 50/107 - loss 0.05063559 - samples/sec: 104.63 - lr: 0.006250
2022-04-28 19:42:43,386 epoch 28 - iter 60/107 - loss 0.04960416 - samples/sec: 103.20 - lr: 0.006250
2022-04-28 19:42:46,457 epoch 28 - iter 70/107 - loss 0.04912321 - samples/sec: 104.26 - lr: 0.006250
2022-04-28 19:42:49,511 epoch 28 - iter 80/107 - loss 0.04946592 - samples/sec: 104.79 - lr: 0.006250
2022-04-28 19:42:52,526 epoch 28 - iter 90/107 - loss 0.05003034 - samples/sec: 106.19 - lr: 0.006250
2022-04-28 19:42:55,667 epoch 28 - iter 100/107 - loss 0.04956104 - samples/sec: 101.90 - lr: 0.006250
2022-04-28 19:42:57,580 ----------------------------------------------------------------------------------------------------
2022-04-28 19:42:57,580 EPOCH 28 done: loss 0.0496 - lr 0.006250
2022-04-28 19:43:07,141 Evaluating as a multi-label problem: False
2022-04-28 19:43:07,152 DEV : loss 0.20674201846122742 - f1-score (micro avg)  0.5123
2022-04-28 19:43:07,241 BAD EPOCHS (no improvement): 1
2022-04-28 19:43:07,243 ----------------------------------------------------------------------------------------------------
2022-04-28 19:43:11,256 epoch 29 - iter 10/107 - loss 0.05963241 - samples/sec: 79.77 - lr: 0.006250
2022-04-28 19:43:15,973 epoch 29 - iter 20/107 - loss 0.05268106 - samples/sec: 67.85 - lr: 0.006250
2022-04-28 19:43:20,695 epoch 29 - iter 30/107 - loss 0.05129711 - samples/sec: 67.79 - lr: 0.006250
2022-04-28 19:43:25,341 epoch 29 - iter 40/107 - loss 0.04888513 - samples/sec: 68.89 - lr: 0.006250
2022-04-28 19:43:30,087 epoch 29 - iter 50/107 - loss 0.05012769 - samples/sec: 67.44 - lr: 0.006250
2022-04-28 19:43:35,269 epoch 29 - iter 60/107 - loss 0.05098243 - samples/sec: 61.77 - lr: 0.006250
2022-04-28 19:43:39,651 epoch 29 - iter 70/107 - loss 0.05203706 - samples/sec: 73.05 - lr: 0.006250
2022-04-28 19:43:43,469 epoch 29 - iter 80/107 - loss 0.05020862 - samples/sec: 83.85 - lr: 0.006250
2022-04-28 19:43:46,912 epoch 29 - iter 90/107 - loss 0.05009380 - samples/sec: 92.96 - lr: 0.006250
2022-04-28 19:43:49,838 epoch 29 - iter 100/107 - loss 0.04931180 - samples/sec: 109.40 - lr: 0.006250
2022-04-28 19:43:51,770 ----------------------------------------------------------------------------------------------------
2022-04-28 19:43:51,770 EPOCH 29 done: loss 0.0488 - lr 0.006250
2022-04-28 19:44:01,165 Evaluating as a multi-label problem: False
2022-04-28 19:44:01,176 DEV : loss 0.20944596827030182 - f1-score (micro avg)  0.512
2022-04-28 19:44:01,263 BAD EPOCHS (no improvement): 2
2022-04-28 19:44:01,265 ----------------------------------------------------------------------------------------------------
2022-04-28 19:44:04,325 epoch 30 - iter 10/107 - loss 0.05795001 - samples/sec: 104.60 - lr: 0.006250
2022-04-28 19:44:07,359 epoch 30 - iter 20/107 - loss 0.05306769 - samples/sec: 105.51 - lr: 0.006250
2022-04-28 19:44:10,430 epoch 30 - iter 30/107 - loss 0.04988310 - samples/sec: 104.26 - lr: 0.006250
2022-04-28 19:44:13,466 epoch 30 - iter 40/107 - loss 0.04695114 - samples/sec: 105.43 - lr: 0.006250
2022-04-28 19:44:16,581 epoch 30 - iter 50/107 - loss 0.04654088 - samples/sec: 102.75 - lr: 0.006250
2022-04-28 19:44:20,459 epoch 30 - iter 60/107 - loss 0.04700258 - samples/sec: 82.53 - lr: 0.006250
2022-04-28 19:44:25,288 epoch 30 - iter 70/107 - loss 0.04562087 - samples/sec: 66.28 - lr: 0.006250
2022-04-28 19:44:29,799 epoch 30 - iter 80/107 - loss 0.04705699 - samples/sec: 70.96 - lr: 0.006250
2022-04-28 19:44:34,483 epoch 30 - iter 90/107 - loss 0.04648607 - samples/sec: 68.34 - lr: 0.006250
2022-04-28 19:44:39,078 epoch 30 - iter 100/107 - loss 0.04762449 - samples/sec: 69.65 - lr: 0.006250
2022-04-28 19:44:41,893 ----------------------------------------------------------------------------------------------------
2022-04-28 19:44:41,893 EPOCH 30 done: loss 0.0482 - lr 0.006250
2022-04-28 19:44:53,849 Evaluating as a multi-label problem: False
2022-04-28 19:44:53,860 DEV : loss 0.2053970992565155 - f1-score (micro avg)  0.5191
2022-04-28 19:44:53,946 BAD EPOCHS (no improvement): 3
2022-04-28 19:44:53,949 ----------------------------------------------------------------------------------------------------
2022-04-28 19:44:56,976 epoch 31 - iter 10/107 - loss 0.04214295 - samples/sec: 105.77 - lr: 0.006250
2022-04-28 19:45:00,010 epoch 31 - iter 20/107 - loss 0.04324029 - samples/sec: 105.51 - lr: 0.006250
2022-04-28 19:45:03,009 epoch 31 - iter 30/107 - loss 0.04733237 - samples/sec: 106.73 - lr: 0.006250
2022-04-28 19:45:06,219 epoch 31 - iter 40/107 - loss 0.04563831 - samples/sec: 99.73 - lr: 0.006250
2022-04-28 19:45:09,342 epoch 31 - iter 50/107 - loss 0.04682244 - samples/sec: 102.49 - lr: 0.006250
2022-04-28 19:45:12,331 epoch 31 - iter 60/107 - loss 0.04573802 - samples/sec: 107.08 - lr: 0.006250
2022-04-28 19:45:15,465 epoch 31 - iter 70/107 - loss 0.04629045 - samples/sec: 102.15 - lr: 0.006250
2022-04-28 19:45:18,476 epoch 31 - iter 80/107 - loss 0.04740569 - samples/sec: 106.29 - lr: 0.006250
2022-04-28 19:45:21,501 epoch 31 - iter 90/107 - loss 0.04645442 - samples/sec: 105.83 - lr: 0.006250
2022-04-28 19:45:24,558 epoch 31 - iter 100/107 - loss 0.04675460 - samples/sec: 104.72 - lr: 0.006250
2022-04-28 19:45:26,331 ----------------------------------------------------------------------------------------------------
2022-04-28 19:45:26,332 EPOCH 31 done: loss 0.0468 - lr 0.006250
2022-04-28 19:45:39,546 Evaluating as a multi-label problem: False
2022-04-28 19:45:39,558 DEV : loss 0.20425623655319214 - f1-score (micro avg)  0.5222
2022-04-28 19:45:39,643 Epoch    31: reducing learning rate of group 0 to 3.1250e-03.
2022-04-28 19:45:39,643 BAD EPOCHS (no improvement): 4
2022-04-28 19:45:39,659 ----------------------------------------------------------------------------------------------------
2022-04-28 19:45:44,196 epoch 32 - iter 10/107 - loss 0.05610906 - samples/sec: 70.55 - lr: 0.003125
2022-04-28 19:45:48,760 epoch 32 - iter 20/107 - loss 0.04919480 - samples/sec: 70.13 - lr: 0.003125
2022-04-28 19:45:53,422 epoch 32 - iter 30/107 - loss 0.04965448 - samples/sec: 68.65 - lr: 0.003125
2022-04-28 19:45:57,205 epoch 32 - iter 40/107 - loss 0.05048203 - samples/sec: 84.62 - lr: 0.003125
2022-04-28 19:46:01,244 epoch 32 - iter 50/107 - loss 0.05084218 - samples/sec: 79.24 - lr: 0.003125
2022-04-28 19:46:05,584 epoch 32 - iter 60/107 - loss 0.04930150 - samples/sec: 73.76 - lr: 0.003125
2022-04-28 19:46:10,212 epoch 32 - iter 70/107 - loss 0.04887756 - samples/sec: 69.15 - lr: 0.003125
2022-04-28 19:46:14,840 epoch 32 - iter 80/107 - loss 0.04744858 - samples/sec: 69.16 - lr: 0.003125
2022-04-28 19:46:19,711 epoch 32 - iter 90/107 - loss 0.04749106 - samples/sec: 65.70 - lr: 0.003125
2022-04-28 19:46:24,367 epoch 32 - iter 100/107 - loss 0.05021186 - samples/sec: 68.76 - lr: 0.003125
2022-04-28 19:46:27,030 ----------------------------------------------------------------------------------------------------
2022-04-28 19:46:27,030 EPOCH 32 done: loss 0.0492 - lr 0.003125
2022-04-28 19:46:38,385 Evaluating as a multi-label problem: False
2022-04-28 19:46:38,397 DEV : loss 0.2078525722026825 - f1-score (micro avg)  0.5204
2022-04-28 19:46:38,486 BAD EPOCHS (no improvement): 1
2022-04-28 19:46:38,489 ----------------------------------------------------------------------------------------------------
2022-04-28 19:46:41,640 epoch 33 - iter 10/107 - loss 0.04087028 - samples/sec: 101.60 - lr: 0.003125
2022-04-28 19:46:44,681 epoch 33 - iter 20/107 - loss 0.04141987 - samples/sec: 105.25 - lr: 0.003125
2022-04-28 19:46:47,684 epoch 33 - iter 30/107 - loss 0.04255330 - samples/sec: 106.60 - lr: 0.003125
2022-04-28 19:46:50,768 epoch 33 - iter 40/107 - loss 0.04224261 - samples/sec: 103.81 - lr: 0.003125
2022-04-28 19:46:53,855 epoch 33 - iter 50/107 - loss 0.04330015 - samples/sec: 103.70 - lr: 0.003125
2022-04-28 19:46:57,015 epoch 33 - iter 60/107 - loss 0.04561890 - samples/sec: 101.29 - lr: 0.003125
2022-04-28 19:47:00,028 epoch 33 - iter 70/107 - loss 0.04572485 - samples/sec: 106.25 - lr: 0.003125
2022-04-28 19:47:03,200 epoch 33 - iter 80/107 - loss 0.04716122 - samples/sec: 100.90 - lr: 0.003125
2022-04-28 19:47:06,336 epoch 33 - iter 90/107 - loss 0.04807466 - samples/sec: 102.07 - lr: 0.003125
2022-04-28 19:47:09,582 epoch 33 - iter 100/107 - loss 0.04700881 - samples/sec: 98.63 - lr: 0.003125
2022-04-28 19:47:12,511 ----------------------------------------------------------------------------------------------------
2022-04-28 19:47:12,511 EPOCH 33 done: loss 0.0469 - lr 0.003125
2022-04-28 19:47:25,592 Evaluating as a multi-label problem: False
2022-04-28 19:47:25,604 DEV : loss 0.20820239186286926 - f1-score (micro avg)  0.5215
2022-04-28 19:47:25,689 BAD EPOCHS (no improvement): 2
2022-04-28 19:47:25,701 ----------------------------------------------------------------------------------------------------
2022-04-28 19:47:29,975 epoch 34 - iter 10/107 - loss 0.04255019 - samples/sec: 74.90 - lr: 0.003125
2022-04-28 19:47:34,554 epoch 34 - iter 20/107 - loss 0.04330459 - samples/sec: 69.90 - lr: 0.003125
2022-04-28 19:47:38,852 epoch 34 - iter 30/107 - loss 0.04666304 - samples/sec: 74.47 - lr: 0.003125
2022-04-28 19:47:42,799 epoch 34 - iter 40/107 - loss 0.04593067 - samples/sec: 81.11 - lr: 0.003125
2022-04-28 19:47:46,945 epoch 34 - iter 50/107 - loss 0.04479101 - samples/sec: 77.20 - lr: 0.003125
2022-04-28 19:47:51,674 epoch 34 - iter 60/107 - loss 0.04523742 - samples/sec: 67.68 - lr: 0.003125
2022-04-28 19:47:56,116 epoch 34 - iter 70/107 - loss 0.04584982 - samples/sec: 72.06 - lr: 0.003125
2022-04-28 19:48:00,757 epoch 34 - iter 80/107 - loss 0.04695013 - samples/sec: 68.96 - lr: 0.003125
2022-04-28 19:48:05,299 epoch 34 - iter 90/107 - loss 0.04709817 - samples/sec: 70.47 - lr: 0.003125
2022-04-28 19:48:09,787 epoch 34 - iter 100/107 - loss 0.04733570 - samples/sec: 71.31 - lr: 0.003125
2022-04-28 19:48:12,732 ----------------------------------------------------------------------------------------------------
2022-04-28 19:48:12,732 EPOCH 34 done: loss 0.0468 - lr 0.003125
2022-04-28 19:48:25,086 Evaluating as a multi-label problem: False
2022-04-28 19:48:25,097 DEV : loss 0.20624858140945435 - f1-score (micro avg)  0.5217
2022-04-28 19:48:25,181 BAD EPOCHS (no improvement): 3
2022-04-28 19:48:25,183 ----------------------------------------------------------------------------------------------------
2022-04-28 19:48:29,687 epoch 35 - iter 10/107 - loss 0.05050276 - samples/sec: 71.07 - lr: 0.003125
2022-04-28 19:48:34,360 epoch 35 - iter 20/107 - loss 0.04808851 - samples/sec: 68.50 - lr: 0.003125
2022-04-28 19:48:39,113 epoch 35 - iter 30/107 - loss 0.04724926 - samples/sec: 67.33 - lr: 0.003125
2022-04-28 19:48:44,072 epoch 35 - iter 40/107 - loss 0.04831554 - samples/sec: 64.54 - lr: 0.003125
2022-04-28 19:48:48,383 epoch 35 - iter 50/107 - loss 0.04841745 - samples/sec: 74.25 - lr: 0.003125
2022-04-28 19:48:52,622 epoch 35 - iter 60/107 - loss 0.04854733 - samples/sec: 75.51 - lr: 0.003125
2022-04-28 19:48:56,140 epoch 35 - iter 70/107 - loss 0.04962544 - samples/sec: 91.00 - lr: 0.003125
2022-04-28 19:48:59,081 epoch 35 - iter 80/107 - loss 0.04777608 - samples/sec: 108.84 - lr: 0.003125
2022-04-28 19:49:02,205 epoch 35 - iter 90/107 - loss 0.04784910 - samples/sec: 102.43 - lr: 0.003125
2022-04-28 19:49:05,278 epoch 35 - iter 100/107 - loss 0.04795308 - samples/sec: 104.18 - lr: 0.003125
2022-04-28 19:49:07,063 ----------------------------------------------------------------------------------------------------
2022-04-28 19:49:07,063 EPOCH 35 done: loss 0.0473 - lr 0.003125
2022-04-28 19:49:16,319 Evaluating as a multi-label problem: False
2022-04-28 19:49:16,330 DEV : loss 0.2104676514863968 - f1-score (micro avg)  0.5199
2022-04-28 19:49:16,416 Epoch    35: reducing learning rate of group 0 to 1.5625e-03.
2022-04-28 19:49:16,416 BAD EPOCHS (no improvement): 4
2022-04-28 19:49:16,419 ----------------------------------------------------------------------------------------------------
2022-04-28 19:49:19,482 epoch 36 - iter 10/107 - loss 0.03748943 - samples/sec: 104.50 - lr: 0.001563
2022-04-28 19:49:22,663 epoch 36 - iter 20/107 - loss 0.04572219 - samples/sec: 100.63 - lr: 0.001563
2022-04-28 19:49:25,679 epoch 36 - iter 30/107 - loss 0.04664625 - samples/sec: 106.14 - lr: 0.001563
2022-04-28 19:49:28,806 epoch 36 - iter 40/107 - loss 0.04568605 - samples/sec: 102.38 - lr: 0.001563
2022-04-28 19:49:32,338 epoch 36 - iter 50/107 - loss 0.04603550 - samples/sec: 90.63 - lr: 0.001563
2022-04-28 19:49:36,983 epoch 36 - iter 60/107 - loss 0.04901878 - samples/sec: 68.90 - lr: 0.001563
2022-04-28 19:49:41,377 epoch 36 - iter 70/107 - loss 0.04904086 - samples/sec: 72.85 - lr: 0.001563
2022-04-28 19:49:46,063 epoch 36 - iter 80/107 - loss 0.04914686 - samples/sec: 68.31 - lr: 0.001563
2022-04-28 19:49:50,560 epoch 36 - iter 90/107 - loss 0.04815672 - samples/sec: 71.17 - lr: 0.001563
2022-04-28 19:49:55,108 epoch 36 - iter 100/107 - loss 0.04820794 - samples/sec: 70.37 - lr: 0.001563
2022-04-28 19:49:57,764 ----------------------------------------------------------------------------------------------------
2022-04-28 19:49:57,764 EPOCH 36 done: loss 0.0475 - lr 0.001563
2022-04-28 19:50:10,326 Evaluating as a multi-label problem: False
2022-04-28 19:50:10,338 DEV : loss 0.2089075744152069 - f1-score (micro avg)  0.5191
2022-04-28 19:50:10,423 BAD EPOCHS (no improvement): 1
2022-04-28 19:50:10,426 ----------------------------------------------------------------------------------------------------
2022-04-28 19:50:14,928 epoch 37 - iter 10/107 - loss 0.04428196 - samples/sec: 71.10 - lr: 0.001563
2022-04-28 19:50:19,649 epoch 37 - iter 20/107 - loss 0.04153816 - samples/sec: 67.80 - lr: 0.001563
2022-04-28 19:50:24,289 epoch 37 - iter 30/107 - loss 0.04768926 - samples/sec: 68.98 - lr: 0.001563
2022-04-28 19:50:28,893 epoch 37 - iter 40/107 - loss 0.04763035 - samples/sec: 69.52 - lr: 0.001563
2022-04-28 19:50:33,152 epoch 37 - iter 50/107 - loss 0.04678510 - samples/sec: 75.17 - lr: 0.001563
2022-04-28 19:50:37,483 epoch 37 - iter 60/107 - loss 0.04608249 - samples/sec: 73.89 - lr: 0.001563
2022-04-28 19:50:41,339 epoch 37 - iter 70/107 - loss 0.04733947 - samples/sec: 83.01 - lr: 0.001563
2022-04-28 19:50:46,027 epoch 37 - iter 80/107 - loss 0.04693664 - samples/sec: 69.00 - lr: 0.001563
2022-04-28 19:50:50,514 epoch 37 - iter 90/107 - loss 0.04711208 - samples/sec: 71.33 - lr: 0.001563
2022-04-28 19:50:54,918 epoch 37 - iter 100/107 - loss 0.04706255 - samples/sec: 72.69 - lr: 0.001563
2022-04-28 19:50:57,621 ----------------------------------------------------------------------------------------------------
2022-04-28 19:50:57,622 EPOCH 37 done: loss 0.0463 - lr 0.001563
2022-04-28 19:51:10,557 Evaluating as a multi-label problem: False
2022-04-28 19:51:10,569 DEV : loss 0.21163874864578247 - f1-score (micro avg)  0.5166
2022-04-28 19:51:10,656 BAD EPOCHS (no improvement): 2
2022-04-28 19:51:10,659 ----------------------------------------------------------------------------------------------------
2022-04-28 19:51:14,569 epoch 38 - iter 10/107 - loss 0.05606722 - samples/sec: 81.88 - lr: 0.001563
2022-04-28 19:51:18,932 epoch 38 - iter 20/107 - loss 0.05044659 - samples/sec: 73.36 - lr: 0.001563
2022-04-28 19:51:23,547 epoch 38 - iter 30/107 - loss 0.04590980 - samples/sec: 69.35 - lr: 0.001563
2022-04-28 19:51:28,134 epoch 38 - iter 40/107 - loss 0.04802688 - samples/sec: 69.78 - lr: 0.001563
2022-04-28 19:51:32,720 epoch 38 - iter 50/107 - loss 0.04808348 - samples/sec: 69.79 - lr: 0.001563
2022-04-28 19:51:37,310 epoch 38 - iter 60/107 - loss 0.04695178 - samples/sec: 69.73 - lr: 0.001563
2022-04-28 19:51:41,907 epoch 38 - iter 70/107 - loss 0.04648910 - samples/sec: 69.64 - lr: 0.001563
2022-04-28 19:51:46,316 epoch 38 - iter 80/107 - loss 0.04583323 - samples/sec: 72.61 - lr: 0.001563
2022-04-28 19:51:50,107 epoch 38 - iter 90/107 - loss 0.04668551 - samples/sec: 84.43 - lr: 0.001563
2022-04-28 19:51:54,387 epoch 38 - iter 100/107 - loss 0.04709286 - samples/sec: 74.77 - lr: 0.001563
2022-04-28 19:51:57,186 ----------------------------------------------------------------------------------------------------
2022-04-28 19:51:57,186 EPOCH 38 done: loss 0.0467 - lr 0.001563
2022-04-28 19:52:15,829 Evaluating as a multi-label problem: False
2022-04-28 19:52:15,841 DEV : loss 0.20927108824253082 - f1-score (micro avg)  0.5181
2022-04-28 19:52:15,927 BAD EPOCHS (no improvement): 3
2022-04-28 19:52:15,934 ----------------------------------------------------------------------------------------------------
2022-04-28 19:52:20,045 epoch 39 - iter 10/107 - loss 0.04633457 - samples/sec: 77.87 - lr: 0.001563
2022-04-28 19:52:23,963 epoch 39 - iter 20/107 - loss 0.04532942 - samples/sec: 81.69 - lr: 0.001563
2022-04-28 19:52:28,709 epoch 39 - iter 30/107 - loss 0.04575188 - samples/sec: 67.44 - lr: 0.001563
2022-04-28 19:52:33,281 epoch 39 - iter 40/107 - loss 0.04845334 - samples/sec: 70.01 - lr: 0.001563
2022-04-28 19:52:38,035 epoch 39 - iter 50/107 - loss 0.04807418 - samples/sec: 67.33 - lr: 0.001563
2022-04-28 19:52:42,541 epoch 39 - iter 60/107 - loss 0.04541625 - samples/sec: 71.04 - lr: 0.001563
2022-04-28 19:52:47,281 epoch 39 - iter 70/107 - loss 0.04737749 - samples/sec: 67.52 - lr: 0.001563
2022-04-28 19:52:51,831 epoch 39 - iter 80/107 - loss 0.04705950 - samples/sec: 70.35 - lr: 0.001563
2022-04-28 19:52:55,571 epoch 39 - iter 90/107 - loss 0.04599430 - samples/sec: 85.59 - lr: 0.001563
2022-04-28 19:52:59,946 epoch 39 - iter 100/107 - loss 0.04674670 - samples/sec: 73.16 - lr: 0.001563
2022-04-28 19:53:01,747 ----------------------------------------------------------------------------------------------------
2022-04-28 19:53:01,747 EPOCH 39 done: loss 0.0468 - lr 0.001563
2022-04-28 19:53:11,269 Evaluating as a multi-label problem: False
2022-04-28 19:53:11,280 DEV : loss 0.20914685726165771 - f1-score (micro avg)  0.5191
2022-04-28 19:53:11,366 Epoch    39: reducing learning rate of group 0 to 7.8125e-04.
2022-04-28 19:53:11,366 BAD EPOCHS (no improvement): 4
2022-04-28 19:53:11,368 ----------------------------------------------------------------------------------------------------
2022-04-28 19:53:14,465 epoch 40 - iter 10/107 - loss 0.04792108 - samples/sec: 103.37 - lr: 0.000781
2022-04-28 19:53:17,612 epoch 40 - iter 20/107 - loss 0.04952436 - samples/sec: 101.71 - lr: 0.000781
2022-04-28 19:53:20,723 epoch 40 - iter 30/107 - loss 0.04781195 - samples/sec: 102.90 - lr: 0.000781
2022-04-28 19:53:23,877 epoch 40 - iter 40/107 - loss 0.04769120 - samples/sec: 101.50 - lr: 0.000781
2022-04-28 19:53:27,033 epoch 40 - iter 50/107 - loss 0.04662947 - samples/sec: 101.43 - lr: 0.000781
2022-04-28 19:53:30,064 epoch 40 - iter 60/107 - loss 0.04792968 - samples/sec: 105.59 - lr: 0.000781
2022-04-28 19:53:33,256 epoch 40 - iter 70/107 - loss 0.04715795 - samples/sec: 100.31 - lr: 0.000781
2022-04-28 19:53:37,746 epoch 40 - iter 80/107 - loss 0.04645330 - samples/sec: 71.28 - lr: 0.000781
2022-04-28 19:53:42,706 epoch 40 - iter 90/107 - loss 0.04727237 - samples/sec: 64.53 - lr: 0.000781
2022-04-28 19:53:47,337 epoch 40 - iter 100/107 - loss 0.04681889 - samples/sec: 69.13 - lr: 0.000781
2022-04-28 19:53:50,073 ----------------------------------------------------------------------------------------------------
2022-04-28 19:53:50,073 EPOCH 40 done: loss 0.0471 - lr 0.000781
2022-04-28 19:54:03,644 Evaluating as a multi-label problem: False
2022-04-28 19:54:03,655 DEV : loss 0.20846202969551086 - f1-score (micro avg)  0.5199
2022-04-28 19:54:03,741 BAD EPOCHS (no improvement): 1
2022-04-28 19:54:03,744 ----------------------------------------------------------------------------------------------------
2022-04-28 19:54:07,860 epoch 41 - iter 10/107 - loss 0.04139706 - samples/sec: 77.77 - lr: 0.000781
2022-04-28 19:54:12,216 epoch 41 - iter 20/107 - loss 0.03997826 - samples/sec: 73.48 - lr: 0.000781
2022-04-28 19:54:16,623 epoch 41 - iter 30/107 - loss 0.04167721 - samples/sec: 72.63 - lr: 0.000781
2022-04-28 19:54:21,253 epoch 41 - iter 40/107 - loss 0.04230269 - samples/sec: 69.13 - lr: 0.000781
2022-04-28 19:54:25,930 epoch 41 - iter 50/107 - loss 0.04311567 - samples/sec: 68.43 - lr: 0.000781
2022-04-28 19:54:30,598 epoch 41 - iter 60/107 - loss 0.04400708 - samples/sec: 68.57 - lr: 0.000781
2022-04-28 19:54:35,282 epoch 41 - iter 70/107 - loss 0.04610059 - samples/sec: 68.34 - lr: 0.000781
2022-04-28 19:54:39,588 epoch 41 - iter 80/107 - loss 0.04599851 - samples/sec: 74.33 - lr: 0.000781
2022-04-28 19:54:43,577 epoch 41 - iter 90/107 - loss 0.04535777 - samples/sec: 80.25 - lr: 0.000781
2022-04-28 19:54:46,942 epoch 41 - iter 100/107 - loss 0.04564909 - samples/sec: 95.13 - lr: 0.000781
2022-04-28 19:54:48,672 ----------------------------------------------------------------------------------------------------
2022-04-28 19:54:48,672 EPOCH 41 done: loss 0.0453 - lr 0.000781
2022-04-28 19:54:58,078 Evaluating as a multi-label problem: False
2022-04-28 19:54:58,089 DEV : loss 0.2069617509841919 - f1-score (micro avg)  0.5217
2022-04-28 19:54:58,174 BAD EPOCHS (no improvement): 2
2022-04-28 19:54:58,177 ----------------------------------------------------------------------------------------------------
2022-04-28 19:55:01,289 epoch 42 - iter 10/107 - loss 0.04253935 - samples/sec: 102.86 - lr: 0.000781
2022-04-28 19:55:04,378 epoch 42 - iter 20/107 - loss 0.04276735 - samples/sec: 103.62 - lr: 0.000781
2022-04-28 19:55:07,454 epoch 42 - iter 30/107 - loss 0.04349846 - samples/sec: 104.07 - lr: 0.000781
2022-04-28 19:55:10,591 epoch 42 - iter 40/107 - loss 0.04585294 - samples/sec: 102.04 - lr: 0.000781
2022-04-28 19:55:13,723 epoch 42 - iter 50/107 - loss 0.04631213 - samples/sec: 102.22 - lr: 0.000781
2022-04-28 19:55:16,917 epoch 42 - iter 60/107 - loss 0.04757391 - samples/sec: 100.22 - lr: 0.000781
2022-04-28 19:55:20,213 epoch 42 - iter 70/107 - loss 0.04819265 - samples/sec: 97.10 - lr: 0.000781
2022-04-28 19:55:24,718 epoch 42 - iter 80/107 - loss 0.04744165 - samples/sec: 71.04 - lr: 0.000781
2022-04-28 19:55:29,412 epoch 42 - iter 90/107 - loss 0.04718724 - samples/sec: 68.20 - lr: 0.000781
2022-04-28 19:55:33,853 epoch 42 - iter 100/107 - loss 0.04759323 - samples/sec: 72.07 - lr: 0.000781
2022-04-28 19:55:36,520 ----------------------------------------------------------------------------------------------------
2022-04-28 19:55:36,520 EPOCH 42 done: loss 0.0475 - lr 0.000781
2022-04-28 19:55:49,487 Evaluating as a multi-label problem: False
2022-04-28 19:55:49,498 DEV : loss 0.20775504410266876 - f1-score (micro avg)  0.5199
2022-04-28 19:55:49,586 BAD EPOCHS (no improvement): 3
2022-04-28 19:55:49,589 ----------------------------------------------------------------------------------------------------
2022-04-28 19:55:53,645 epoch 43 - iter 10/107 - loss 0.04566132 - samples/sec: 78.93 - lr: 0.000781
2022-04-28 19:55:57,732 epoch 43 - iter 20/107 - loss 0.04571014 - samples/sec: 78.31 - lr: 0.000781
2022-04-28 19:56:02,423 epoch 43 - iter 30/107 - loss 0.04557077 - samples/sec: 68.23 - lr: 0.000781
2022-04-28 19:56:06,943 epoch 43 - iter 40/107 - loss 0.04427714 - samples/sec: 70.80 - lr: 0.000781
2022-04-28 19:56:11,421 epoch 43 - iter 50/107 - loss 0.04392637 - samples/sec: 71.49 - lr: 0.000781
2022-04-28 19:56:15,984 epoch 43 - iter 60/107 - loss 0.04544925 - samples/sec: 70.14 - lr: 0.000781
2022-04-28 19:56:20,408 epoch 43 - iter 70/107 - loss 0.04582563 - samples/sec: 72.35 - lr: 0.000781
2022-04-28 19:56:25,021 epoch 43 - iter 80/107 - loss 0.04607222 - samples/sec: 69.38 - lr: 0.000781
2022-04-28 19:56:29,088 epoch 43 - iter 90/107 - loss 0.04754646 - samples/sec: 78.70 - lr: 0.000781
2022-04-28 19:56:33,224 epoch 43 - iter 100/107 - loss 0.04671619 - samples/sec: 77.40 - lr: 0.000781
2022-04-28 19:56:36,050 ----------------------------------------------------------------------------------------------------
2022-04-28 19:56:36,051 EPOCH 43 done: loss 0.0456 - lr 0.000781
2022-04-28 19:56:49,374 Evaluating as a multi-label problem: False
2022-04-28 19:56:49,386 DEV : loss 0.2082202136516571 - f1-score (micro avg)  0.5229
2022-04-28 19:56:49,472 Epoch    43: reducing learning rate of group 0 to 3.9063e-04.
2022-04-28 19:56:49,473 BAD EPOCHS (no improvement): 4
2022-04-28 19:56:49,475 ----------------------------------------------------------------------------------------------------
2022-04-28 19:56:53,972 epoch 44 - iter 10/107 - loss 0.05487123 - samples/sec: 71.19 - lr: 0.000391
2022-04-28 19:56:58,689 epoch 44 - iter 20/107 - loss 0.05241790 - samples/sec: 67.84 - lr: 0.000391
2022-04-28 19:57:02,859 epoch 44 - iter 30/107 - loss 0.05007178 - samples/sec: 76.76 - lr: 0.000391
2022-04-28 19:57:06,765 epoch 44 - iter 40/107 - loss 0.04809687 - samples/sec: 81.95 - lr: 0.000391
2022-04-28 19:57:11,543 epoch 44 - iter 50/107 - loss 0.04653510 - samples/sec: 66.98 - lr: 0.000391
2022-04-28 19:57:15,987 epoch 44 - iter 60/107 - loss 0.04680831 - samples/sec: 72.03 - lr: 0.000391
2022-04-28 19:57:20,497 epoch 44 - iter 70/107 - loss 0.04725472 - samples/sec: 70.97 - lr: 0.000391
2022-04-28 19:57:25,007 epoch 44 - iter 80/107 - loss 0.04683943 - samples/sec: 70.97 - lr: 0.000391
2022-04-28 19:57:29,597 epoch 44 - iter 90/107 - loss 0.04629601 - samples/sec: 69.73 - lr: 0.000391
2022-04-28 19:57:34,239 epoch 44 - iter 100/107 - loss 0.04584598 - samples/sec: 68.94 - lr: 0.000391
2022-04-28 19:57:36,410 ----------------------------------------------------------------------------------------------------
2022-04-28 19:57:36,410 EPOCH 44 done: loss 0.0459 - lr 0.000391
2022-04-28 19:57:48,919 Evaluating as a multi-label problem: False
2022-04-28 19:57:48,930 DEV : loss 0.20787425339221954 - f1-score (micro avg)  0.5199
2022-04-28 19:57:49,021 BAD EPOCHS (no improvement): 1
2022-04-28 19:57:49,458 ----------------------------------------------------------------------------------------------------
2022-04-28 19:57:54,317 epoch 45 - iter 10/107 - loss 0.05664593 - samples/sec: 65.87 - lr: 0.000391
2022-04-28 19:57:58,817 epoch 45 - iter 20/107 - loss 0.04471873 - samples/sec: 71.12 - lr: 0.000391
2022-04-28 19:58:03,459 epoch 45 - iter 30/107 - loss 0.04337457 - samples/sec: 68.95 - lr: 0.000391
2022-04-28 19:58:07,980 epoch 45 - iter 40/107 - loss 0.04628601 - samples/sec: 70.80 - lr: 0.000391
2022-04-28 19:58:11,999 epoch 45 - iter 50/107 - loss 0.04407540 - samples/sec: 79.64 - lr: 0.000391
2022-04-28 19:58:15,836 epoch 45 - iter 60/107 - loss 0.04416057 - samples/sec: 83.42 - lr: 0.000391
2022-04-28 19:58:20,564 epoch 45 - iter 70/107 - loss 0.04514420 - samples/sec: 67.71 - lr: 0.000391
2022-04-28 19:58:25,120 epoch 45 - iter 80/107 - loss 0.04511004 - samples/sec: 70.26 - lr: 0.000391
2022-04-28 19:58:29,650 epoch 45 - iter 90/107 - loss 0.04538876 - samples/sec: 70.66 - lr: 0.000391
2022-04-28 19:58:34,104 epoch 45 - iter 100/107 - loss 0.04571202 - samples/sec: 71.86 - lr: 0.000391
2022-04-28 19:58:36,946 ----------------------------------------------------------------------------------------------------
2022-04-28 19:58:36,946 EPOCH 45 done: loss 0.0455 - lr 0.000391
2022-04-28 19:58:49,966 Evaluating as a multi-label problem: False
2022-04-28 19:58:49,977 DEV : loss 0.20835191011428833 - f1-score (micro avg)  0.5218
2022-04-28 19:58:50,065 BAD EPOCHS (no improvement): 2
2022-04-28 19:58:50,068 ----------------------------------------------------------------------------------------------------
2022-04-28 19:58:54,427 epoch 46 - iter 10/107 - loss 0.04233025 - samples/sec: 73.44 - lr: 0.000391
2022-04-28 19:58:59,298 epoch 46 - iter 20/107 - loss 0.04204559 - samples/sec: 65.70 - lr: 0.000391
2022-04-28 19:59:03,852 epoch 46 - iter 30/107 - loss 0.04481562 - samples/sec: 70.29 - lr: 0.000391
2022-04-28 19:59:08,495 epoch 46 - iter 40/107 - loss 0.04587542 - samples/sec: 68.92 - lr: 0.000391
2022-04-28 19:59:12,776 epoch 46 - iter 50/107 - loss 0.04564661 - samples/sec: 74.77 - lr: 0.000391
2022-04-28 19:59:17,585 epoch 46 - iter 60/107 - loss 0.04700008 - samples/sec: 66.57 - lr: 0.000391
2022-04-28 19:59:21,877 epoch 46 - iter 70/107 - loss 0.04643045 - samples/sec: 74.58 - lr: 0.000391
2022-04-28 19:59:26,018 epoch 46 - iter 80/107 - loss 0.04601703 - samples/sec: 77.28 - lr: 0.000391
2022-04-28 19:59:30,105 epoch 46 - iter 90/107 - loss 0.04718135 - samples/sec: 78.33 - lr: 0.000391
2022-04-28 19:59:34,563 epoch 46 - iter 100/107 - loss 0.04717976 - samples/sec: 71.79 - lr: 0.000391
2022-04-28 19:59:37,252 ----------------------------------------------------------------------------------------------------
2022-04-28 19:59:37,252 EPOCH 46 done: loss 0.0464 - lr 0.000391
2022-04-28 19:59:50,648 Evaluating as a multi-label problem: False
2022-04-28 19:59:50,660 DEV : loss 0.20857581496238708 - f1-score (micro avg)  0.5199
2022-04-28 19:59:50,744 BAD EPOCHS (no improvement): 3
2022-04-28 19:59:50,747 ----------------------------------------------------------------------------------------------------
2022-04-28 19:59:55,247 epoch 47 - iter 10/107 - loss 0.03362661 - samples/sec: 71.13 - lr: 0.000391
2022-04-28 19:59:59,187 epoch 47 - iter 20/107 - loss 0.04304398 - samples/sec: 81.24 - lr: 0.000391
2022-04-28 20:00:03,267 epoch 47 - iter 30/107 - loss 0.04327164 - samples/sec: 78.45 - lr: 0.000391
2022-04-28 20:00:07,881 epoch 47 - iter 40/107 - loss 0.04561590 - samples/sec: 69.37 - lr: 0.000391
2022-04-28 20:00:12,742 epoch 47 - iter 50/107 - loss 0.04597049 - samples/sec: 65.85 - lr: 0.000391
2022-04-28 20:00:17,884 epoch 47 - iter 60/107 - loss 0.04573042 - samples/sec: 62.25 - lr: 0.000391
2022-04-28 20:00:22,518 epoch 47 - iter 70/107 - loss 0.04654505 - samples/sec: 69.08 - lr: 0.000391
2022-04-28 20:00:27,422 epoch 47 - iter 80/107 - loss 0.04691927 - samples/sec: 65.26 - lr: 0.000391
2022-04-28 20:00:31,875 epoch 47 - iter 90/107 - loss 0.04634839 - samples/sec: 71.87 - lr: 0.000391
2022-04-28 20:00:35,976 epoch 47 - iter 100/107 - loss 0.04589603 - samples/sec: 78.05 - lr: 0.000391
2022-04-28 20:00:38,419 ----------------------------------------------------------------------------------------------------
2022-04-28 20:00:38,420 EPOCH 47 done: loss 0.0457 - lr 0.000391
2022-04-28 20:00:51,229 Evaluating as a multi-label problem: False
2022-04-28 20:00:51,241 DEV : loss 0.20846299827098846 - f1-score (micro avg)  0.5187
2022-04-28 20:00:51,326 Epoch    47: reducing learning rate of group 0 to 1.9531e-04.
2022-04-28 20:00:51,326 BAD EPOCHS (no improvement): 4
2022-04-28 20:00:51,328 ----------------------------------------------------------------------------------------------------
2022-04-28 20:00:55,913 epoch 48 - iter 10/107 - loss 0.05284744 - samples/sec: 69.81 - lr: 0.000195
2022-04-28 20:01:00,395 epoch 48 - iter 20/107 - loss 0.04691609 - samples/sec: 71.42 - lr: 0.000195
2022-04-28 20:01:04,866 epoch 48 - iter 30/107 - loss 0.04685432 - samples/sec: 71.58 - lr: 0.000195
2022-04-28 20:01:09,400 epoch 48 - iter 40/107 - loss 0.04516286 - samples/sec: 70.60 - lr: 0.000195
2022-04-28 20:01:13,437 epoch 48 - iter 50/107 - loss 0.04659773 - samples/sec: 79.30 - lr: 0.000195
2022-04-28 20:01:17,718 epoch 48 - iter 60/107 - loss 0.04818485 - samples/sec: 74.77 - lr: 0.000195
2022-04-28 20:01:22,535 epoch 48 - iter 70/107 - loss 0.04802103 - samples/sec: 66.44 - lr: 0.000195
2022-04-28 20:01:27,192 epoch 48 - iter 80/107 - loss 0.04736933 - samples/sec: 68.74 - lr: 0.000195
2022-04-28 20:01:31,782 epoch 48 - iter 90/107 - loss 0.04697361 - samples/sec: 70.16 - lr: 0.000195
2022-04-28 20:01:36,374 epoch 48 - iter 100/107 - loss 0.04690316 - samples/sec: 69.69 - lr: 0.000195
2022-04-28 20:01:39,120 ----------------------------------------------------------------------------------------------------
2022-04-28 20:01:39,120 EPOCH 48 done: loss 0.0468 - lr 0.000195
2022-04-28 20:01:51,379 Evaluating as a multi-label problem: False
2022-04-28 20:01:51,391 DEV : loss 0.20860986411571503 - f1-score (micro avg)  0.5187
2022-04-28 20:01:51,475 BAD EPOCHS (no improvement): 1
2022-04-28 20:01:51,491 ----------------------------------------------------------------------------------------------------
2022-04-28 20:01:56,049 epoch 49 - iter 10/107 - loss 0.04340209 - samples/sec: 70.22 - lr: 0.000195
2022-04-28 20:02:00,672 epoch 49 - iter 20/107 - loss 0.04712131 - samples/sec: 69.24 - lr: 0.000195
2022-04-28 20:02:05,057 epoch 49 - iter 30/107 - loss 0.04850533 - samples/sec: 73.00 - lr: 0.000195
2022-04-28 20:02:09,535 epoch 49 - iter 40/107 - loss 0.04905619 - samples/sec: 71.49 - lr: 0.000195
2022-04-28 20:02:14,174 epoch 49 - iter 50/107 - loss 0.04934353 - samples/sec: 69.00 - lr: 0.000195
2022-04-28 20:02:18,626 epoch 49 - iter 60/107 - loss 0.04841068 - samples/sec: 71.89 - lr: 0.000195
2022-04-28 20:02:22,608 epoch 49 - iter 70/107 - loss 0.04786963 - samples/sec: 80.39 - lr: 0.000195
2022-04-28 20:02:26,815 epoch 49 - iter 80/107 - loss 0.04693851 - samples/sec: 76.08 - lr: 0.000195
2022-04-28 20:02:31,199 epoch 49 - iter 90/107 - loss 0.04587132 - samples/sec: 73.00 - lr: 0.000195
2022-04-28 20:02:35,713 epoch 49 - iter 100/107 - loss 0.04575793 - samples/sec: 70.92 - lr: 0.000195
2022-04-28 20:02:38,567 ----------------------------------------------------------------------------------------------------
2022-04-28 20:02:38,567 EPOCH 49 done: loss 0.0455 - lr 0.000195
2022-04-28 20:02:52,236 Evaluating as a multi-label problem: False
2022-04-28 20:02:52,247 DEV : loss 0.2087753713130951 - f1-score (micro avg)  0.5187
2022-04-28 20:02:52,332 BAD EPOCHS (no improvement): 2
2022-04-28 20:02:52,336 ----------------------------------------------------------------------------------------------------
2022-04-28 20:02:56,564 epoch 50 - iter 10/107 - loss 0.03784971 - samples/sec: 75.71 - lr: 0.000195
2022-04-28 20:03:00,701 epoch 50 - iter 20/107 - loss 0.03643531 - samples/sec: 77.38 - lr: 0.000195
2022-04-28 20:03:04,891 epoch 50 - iter 30/107 - loss 0.04181197 - samples/sec: 76.40 - lr: 0.000195
2022-04-28 20:03:09,546 epoch 50 - iter 40/107 - loss 0.04174024 - samples/sec: 68.77 - lr: 0.000195
2022-04-28 20:03:13,906 epoch 50 - iter 50/107 - loss 0.04251777 - samples/sec: 73.41 - lr: 0.000195
2022-04-28 20:03:18,364 epoch 50 - iter 60/107 - loss 0.04323716 - samples/sec: 71.79 - lr: 0.000195
2022-04-28 20:03:23,203 epoch 50 - iter 70/107 - loss 0.04413720 - samples/sec: 66.14 - lr: 0.000195
2022-04-28 20:03:28,108 epoch 50 - iter 80/107 - loss 0.04532912 - samples/sec: 65.26 - lr: 0.000195
2022-04-28 20:03:32,457 epoch 50 - iter 90/107 - loss 0.04431551 - samples/sec: 73.60 - lr: 0.000195
2022-04-28 20:03:36,484 epoch 50 - iter 100/107 - loss 0.04389023 - samples/sec: 79.48 - lr: 0.000195
2022-04-28 20:03:38,402 ----------------------------------------------------------------------------------------------------
2022-04-28 20:03:38,402 EPOCH 50 done: loss 0.0436 - lr 0.000195
2022-04-28 20:03:50,849 Evaluating as a multi-label problem: False
2022-04-28 20:03:50,860 DEV : loss 0.20861679315567017 - f1-score (micro avg)  0.5187
2022-04-28 20:03:50,949 BAD EPOCHS (no improvement): 3
2022-04-28 20:03:50,951 ----------------------------------------------------------------------------------------------------
2022-04-28 20:03:55,606 epoch 51 - iter 10/107 - loss 0.03491811 - samples/sec: 68.78 - lr: 0.000195
2022-04-28 20:04:00,003 epoch 51 - iter 20/107 - loss 0.03845885 - samples/sec: 72.79 - lr: 0.000195
2022-04-28 20:04:04,581 epoch 51 - iter 30/107 - loss 0.04303639 - samples/sec: 69.91 - lr: 0.000195
2022-04-28 20:04:08,575 epoch 51 - iter 40/107 - loss 0.04381936 - samples/sec: 80.14 - lr: 0.000195
2022-04-28 20:04:12,523 epoch 51 - iter 50/107 - loss 0.04532891 - samples/sec: 81.09 - lr: 0.000195
2022-04-28 20:04:16,593 epoch 51 - iter 60/107 - loss 0.04437178 - samples/sec: 78.63 - lr: 0.000195
2022-04-28 20:04:21,079 epoch 51 - iter 70/107 - loss 0.04430845 - samples/sec: 71.36 - lr: 0.000195
2022-04-28 20:04:25,928 epoch 51 - iter 80/107 - loss 0.04310322 - samples/sec: 66.01 - lr: 0.000195
2022-04-28 20:04:30,870 epoch 51 - iter 90/107 - loss 0.04349753 - samples/sec: 64.76 - lr: 0.000195
2022-04-28 20:04:35,423 epoch 51 - iter 100/107 - loss 0.04353689 - samples/sec: 70.30 - lr: 0.000195
2022-04-28 20:04:38,204 ----------------------------------------------------------------------------------------------------
2022-04-28 20:04:38,204 EPOCH 51 done: loss 0.0439 - lr 0.000195
2022-04-28 20:04:50,484 Evaluating as a multi-label problem: False
2022-04-28 20:04:50,495 DEV : loss 0.20834697782993317 - f1-score (micro avg)  0.5187
2022-04-28 20:04:50,583 Epoch    51: reducing learning rate of group 0 to 9.7656e-05.
2022-04-28 20:04:50,583 BAD EPOCHS (no improvement): 4
2022-04-28 20:04:50,586 ----------------------------------------------------------------------------------------------------
2022-04-28 20:04:50,586 ----------------------------------------------------------------------------------------------------
2022-04-28 20:04:50,586 learning rate too small - quitting training!
2022-04-28 20:04:50,586 ----------------------------------------------------------------------------------------------------
2022-04-28 20:05:50,302 ----------------------------------------------------------------------------------------------------
2022-04-28 20:05:50,303 loading file resources/taggers/model_06_r5_run_1/best-model.pt
2022-04-28 20:06:41,882 SequenceTagger predicts: Dictionary with 27 tags: O, S-person, B-person, E-person, I-person, S-location, B-location, E-location, I-location, S-group, B-group, E-group, I-group, S-corporation, B-corporation, E-corporation, I-corporation, S-product, B-product, E-product, I-product, S-creative-work, B-creative-work, E-creative-work, I-creative-work, <START>, <STOP>
2022-04-28 20:07:08,041 Evaluating as a multi-label problem: False
2022-04-28 20:07:08,055 0.6747	0.3383	0.4506	0.3052
2022-04-28 20:07:08,055 
Results:
- F-score (micro) 0.4506
- F-score (macro) 0.3645
- Accuracy 0.3052

By class:
               precision    recall  f1-score   support

       person     0.7658    0.4802    0.5903       429
     location     0.6957    0.5333    0.6038       150
        group     0.5455    0.1818    0.2727       165
creative-work     0.5000    0.0986    0.1647       142
      product     0.5000    0.0945    0.1589       127
  corporation     0.4600    0.3485    0.3966        66

    micro avg     0.6747    0.3383    0.4506      1079
    macro avg     0.5778    0.2895    0.3645      1079
 weighted avg     0.6374    0.3383    0.4250      1079

2022-04-28 20:07:08,055 ----------------------------------------------------------------------------------------------------
