2022-05-19 22:36:38,175 ----------------------------------------------------------------------------------------------------
2022-05-19 22:36:38,176 Model: "SequenceTagger(
  (embeddings): StackedEmbeddings(
    (list_embedding_0): GazetteerEmbeddings()
    (list_embedding_1): FlairEmbeddings(
      (lm): LanguageModel(
        (drop): Dropout(p=0.05, inplace=False)
        (encoder): Embedding(300, 100)
        (rnn): LSTM(100, 2048)
        (decoder): Linear(in_features=2048, out_features=300, bias=True)
      )
    )
    (list_embedding_2): FlairEmbeddings(
      (lm): LanguageModel(
        (drop): Dropout(p=0.05, inplace=False)
        (encoder): Embedding(300, 100)
        (rnn): LSTM(100, 2048)
        (decoder): Linear(in_features=2048, out_features=300, bias=True)
      )
    )
  )
  (word_dropout): WordDropout(p=0.05)
  (locked_dropout): LockedDropout(p=0.5)
  (embedding2nn): Linear(in_features=4101, out_features=4101, bias=True)
  (rnn): LSTM(4101, 256, batch_first=True, bidirectional=True)
  (linear): Linear(in_features=512, out_features=19, bias=True)
  (loss_function): ViterbiLoss()
  (crf): CRF()
)"
2022-05-19 22:36:38,176 ----------------------------------------------------------------------------------------------------
2022-05-19 22:36:38,176 Corpus: "Corpus: 14987 train + 3466 dev + 3684 test sentences"
2022-05-19 22:36:38,176 ----------------------------------------------------------------------------------------------------
2022-05-19 22:36:38,176 Parameters:
2022-05-19 22:36:38,176  - learning_rate: "0.100000"
2022-05-19 22:36:38,176  - mini_batch_size: "32"
2022-05-19 22:36:38,176  - patience: "3"
2022-05-19 22:36:38,176  - anneal_factor: "0.5"
2022-05-19 22:36:38,176  - max_epochs: "150"
2022-05-19 22:36:38,176  - shuffle: "True"
2022-05-19 22:36:38,176  - train_with_dev: "False"
2022-05-19 22:36:38,176  - batch_growth_annealing: "False"
2022-05-19 22:36:38,176 ----------------------------------------------------------------------------------------------------
2022-05-19 22:36:38,176 Model training base path: "resources/taggers/model_04_r11_run_2"
2022-05-19 22:36:38,176 ----------------------------------------------------------------------------------------------------
2022-05-19 22:36:38,176 Device: cuda:0
2022-05-19 22:36:38,176 ----------------------------------------------------------------------------------------------------
2022-05-19 22:36:38,176 Embeddings storage mode: cpu
2022-05-19 22:36:38,176 ----------------------------------------------------------------------------------------------------
2022-05-19 22:36:45,161 epoch 1 - iter 46/469 - loss 0.79988343 - samples/sec: 210.89 - lr: 0.100000
2022-05-19 22:36:55,177 epoch 1 - iter 92/469 - loss 0.54989325 - samples/sec: 147.01 - lr: 0.100000
2022-05-19 22:37:04,368 epoch 1 - iter 138/469 - loss 0.44721052 - samples/sec: 160.24 - lr: 0.100000
2022-05-19 22:37:12,650 epoch 1 - iter 184/469 - loss 0.38711727 - samples/sec: 177.81 - lr: 0.100000
2022-05-19 22:37:21,528 epoch 1 - iter 230/469 - loss 0.34312211 - samples/sec: 165.87 - lr: 0.100000
2022-05-19 22:37:32,316 epoch 1 - iter 276/469 - loss 0.30385862 - samples/sec: 136.50 - lr: 0.100000
2022-05-19 22:37:43,057 epoch 1 - iter 322/469 - loss 0.27838447 - samples/sec: 137.11 - lr: 0.100000
2022-05-19 22:37:53,168 epoch 1 - iter 368/469 - loss 0.26208590 - samples/sec: 145.65 - lr: 0.100000
2022-05-19 22:38:05,321 epoch 1 - iter 414/469 - loss 0.24160157 - samples/sec: 121.17 - lr: 0.100000
2022-05-19 22:38:17,835 epoch 1 - iter 460/469 - loss 0.22548874 - samples/sec: 117.67 - lr: 0.100000
2022-05-19 22:38:19,448 ----------------------------------------------------------------------------------------------------
2022-05-19 22:38:19,448 EPOCH 1 done: loss 0.2240 - lr 0.100000
2022-05-19 22:38:43,463 Evaluating as a multi-label problem: False
2022-05-19 22:38:43,504 DEV : loss 0.06837685406208038 - f1-score (micro avg)  0.893
2022-05-19 22:38:43,749 BAD EPOCHS (no improvement): 0
2022-05-19 22:38:43,751 saving best model
2022-05-19 22:39:26,608 ----------------------------------------------------------------------------------------------------
2022-05-19 22:39:34,428 epoch 2 - iter 46/469 - loss 0.10938526 - samples/sec: 188.37 - lr: 0.100000
2022-05-19 22:39:41,718 epoch 2 - iter 92/469 - loss 0.10648009 - samples/sec: 202.04 - lr: 0.100000
2022-05-19 22:39:52,153 epoch 2 - iter 138/469 - loss 0.10230932 - samples/sec: 141.13 - lr: 0.100000
2022-05-19 22:40:02,672 epoch 2 - iter 184/469 - loss 0.09983700 - samples/sec: 140.00 - lr: 0.100000
2022-05-19 22:40:13,364 epoch 2 - iter 230/469 - loss 0.09745842 - samples/sec: 137.74 - lr: 0.100000
2022-05-19 22:40:23,553 epoch 2 - iter 276/469 - loss 0.09577713 - samples/sec: 144.52 - lr: 0.100000
2022-05-19 22:40:33,441 epoch 2 - iter 322/469 - loss 0.09557536 - samples/sec: 148.94 - lr: 0.100000
2022-05-19 22:40:43,460 epoch 2 - iter 368/469 - loss 0.09483421 - samples/sec: 147.00 - lr: 0.100000
2022-05-19 22:40:54,383 epoch 2 - iter 414/469 - loss 0.09372042 - samples/sec: 134.81 - lr: 0.100000
2022-05-19 22:41:05,055 epoch 2 - iter 460/469 - loss 0.09166882 - samples/sec: 137.98 - lr: 0.100000
2022-05-19 22:41:06,828 ----------------------------------------------------------------------------------------------------
2022-05-19 22:41:06,829 EPOCH 2 done: loss 0.0914 - lr 0.100000
2022-05-19 22:41:32,689 Evaluating as a multi-label problem: False
2022-05-19 22:41:32,732 DEV : loss 0.04627195745706558 - f1-score (micro avg)  0.9279
2022-05-19 22:41:32,977 BAD EPOCHS (no improvement): 0
2022-05-19 22:41:32,992 saving best model
2022-05-19 22:42:13,848 ----------------------------------------------------------------------------------------------------
2022-05-19 22:42:24,415 epoch 3 - iter 46/469 - loss 0.07846458 - samples/sec: 139.38 - lr: 0.100000
2022-05-19 22:42:34,502 epoch 3 - iter 92/469 - loss 0.07975054 - samples/sec: 146.00 - lr: 0.100000
2022-05-19 22:42:45,076 epoch 3 - iter 138/469 - loss 0.07861950 - samples/sec: 139.28 - lr: 0.100000
2022-05-19 22:42:55,765 epoch 3 - iter 184/469 - loss 0.07581802 - samples/sec: 137.77 - lr: 0.100000
2022-05-19 22:43:06,089 epoch 3 - iter 230/469 - loss 0.07522235 - samples/sec: 142.65 - lr: 0.100000
2022-05-19 22:43:15,676 epoch 3 - iter 276/469 - loss 0.07485075 - samples/sec: 153.60 - lr: 0.100000
2022-05-19 22:43:24,969 epoch 3 - iter 322/469 - loss 0.07335601 - samples/sec: 158.48 - lr: 0.100000
2022-05-19 22:43:34,300 epoch 3 - iter 368/469 - loss 0.07227290 - samples/sec: 157.83 - lr: 0.100000
2022-05-19 22:43:44,530 epoch 3 - iter 414/469 - loss 0.07168340 - samples/sec: 143.96 - lr: 0.100000
2022-05-19 22:43:55,571 epoch 3 - iter 460/469 - loss 0.07118604 - samples/sec: 133.37 - lr: 0.100000
2022-05-19 22:43:57,588 ----------------------------------------------------------------------------------------------------
2022-05-19 22:43:57,589 EPOCH 3 done: loss 0.0710 - lr 0.100000
2022-05-19 22:44:24,579 Evaluating as a multi-label problem: False
2022-05-19 22:44:24,618 DEV : loss 0.03959108516573906 - f1-score (micro avg)  0.9345
2022-05-19 22:44:24,861 BAD EPOCHS (no improvement): 0
2022-05-19 22:44:24,874 saving best model
2022-05-19 22:45:06,858 ----------------------------------------------------------------------------------------------------
2022-05-19 22:45:15,978 epoch 4 - iter 46/469 - loss 0.06535970 - samples/sec: 161.52 - lr: 0.100000
2022-05-19 22:45:23,015 epoch 4 - iter 92/469 - loss 0.06341050 - samples/sec: 209.31 - lr: 0.100000
2022-05-19 22:45:30,034 epoch 4 - iter 138/469 - loss 0.06259724 - samples/sec: 209.86 - lr: 0.100000
2022-05-19 22:45:37,122 epoch 4 - iter 184/469 - loss 0.06174858 - samples/sec: 207.82 - lr: 0.100000
2022-05-19 22:45:44,271 epoch 4 - iter 230/469 - loss 0.06242544 - samples/sec: 206.05 - lr: 0.100000
2022-05-19 22:45:51,021 epoch 4 - iter 276/469 - loss 0.06106941 - samples/sec: 218.21 - lr: 0.100000
2022-05-19 22:45:58,011 epoch 4 - iter 322/469 - loss 0.06100247 - samples/sec: 210.70 - lr: 0.100000
2022-05-19 22:46:04,738 epoch 4 - iter 368/469 - loss 0.06021173 - samples/sec: 218.95 - lr: 0.100000
2022-05-19 22:46:12,826 epoch 4 - iter 414/469 - loss 0.05998743 - samples/sec: 182.12 - lr: 0.100000
2022-05-19 22:46:22,911 epoch 4 - iter 460/469 - loss 0.05947207 - samples/sec: 146.02 - lr: 0.100000
2022-05-19 22:46:24,788 ----------------------------------------------------------------------------------------------------
2022-05-19 22:46:24,788 EPOCH 4 done: loss 0.0592 - lr 0.100000
2022-05-19 22:46:52,253 Evaluating as a multi-label problem: False
2022-05-19 22:46:52,293 DEV : loss 0.03804327920079231 - f1-score (micro avg)  0.9237
2022-05-19 22:46:52,540 BAD EPOCHS (no improvement): 1
2022-05-19 22:46:52,556 ----------------------------------------------------------------------------------------------------
2022-05-19 22:47:03,146 epoch 5 - iter 46/469 - loss 0.05302617 - samples/sec: 139.07 - lr: 0.100000
2022-05-19 22:47:13,227 epoch 5 - iter 92/469 - loss 0.05249890 - samples/sec: 146.08 - lr: 0.100000
2022-05-19 22:47:23,795 epoch 5 - iter 138/469 - loss 0.05154575 - samples/sec: 139.35 - lr: 0.100000
2022-05-19 22:47:33,728 epoch 5 - iter 184/469 - loss 0.05165600 - samples/sec: 148.27 - lr: 0.100000
2022-05-19 22:47:44,363 epoch 5 - iter 230/469 - loss 0.05208859 - samples/sec: 138.47 - lr: 0.100000
2022-05-19 22:47:53,768 epoch 5 - iter 276/469 - loss 0.05303191 - samples/sec: 156.59 - lr: 0.100000
2022-05-19 22:48:02,703 epoch 5 - iter 322/469 - loss 0.05257799 - samples/sec: 164.82 - lr: 0.100000
2022-05-19 22:48:11,855 epoch 5 - iter 368/469 - loss 0.05343588 - samples/sec: 160.93 - lr: 0.100000
2022-05-19 22:48:19,071 epoch 5 - iter 414/469 - loss 0.05328247 - samples/sec: 204.12 - lr: 0.100000
2022-05-19 22:48:26,285 epoch 5 - iter 460/469 - loss 0.05258719 - samples/sec: 204.18 - lr: 0.100000
2022-05-19 22:48:27,499 ----------------------------------------------------------------------------------------------------
2022-05-19 22:48:27,499 EPOCH 5 done: loss 0.0525 - lr 0.100000
2022-05-19 22:48:46,348 Evaluating as a multi-label problem: False
2022-05-19 22:48:46,388 DEV : loss 0.032150495797395706 - f1-score (micro avg)  0.9419
2022-05-19 22:48:46,638 BAD EPOCHS (no improvement): 0
2022-05-19 22:48:46,641 saving best model
2022-05-19 22:49:28,461 ----------------------------------------------------------------------------------------------------
2022-05-19 22:49:38,637 epoch 6 - iter 46/469 - loss 0.03629688 - samples/sec: 144.74 - lr: 0.100000
2022-05-19 22:49:49,010 epoch 6 - iter 92/469 - loss 0.04412089 - samples/sec: 141.98 - lr: 0.100000
2022-05-19 22:49:59,477 epoch 6 - iter 138/469 - loss 0.04488618 - samples/sec: 140.68 - lr: 0.100000
2022-05-19 22:50:09,732 epoch 6 - iter 184/469 - loss 0.04598663 - samples/sec: 143.61 - lr: 0.100000
2022-05-19 22:50:19,735 epoch 6 - iter 230/469 - loss 0.04606902 - samples/sec: 147.23 - lr: 0.100000
2022-05-19 22:50:30,073 epoch 6 - iter 276/469 - loss 0.04628630 - samples/sec: 142.45 - lr: 0.100000
2022-05-19 22:50:40,416 epoch 6 - iter 322/469 - loss 0.04676400 - samples/sec: 142.39 - lr: 0.100000
2022-05-19 22:50:49,394 epoch 6 - iter 368/469 - loss 0.04748444 - samples/sec: 164.04 - lr: 0.100000
2022-05-19 22:50:58,651 epoch 6 - iter 414/469 - loss 0.04752669 - samples/sec: 159.10 - lr: 0.100000
2022-05-19 22:51:07,934 epoch 6 - iter 460/469 - loss 0.04794404 - samples/sec: 158.66 - lr: 0.100000
2022-05-19 22:51:09,766 ----------------------------------------------------------------------------------------------------
2022-05-19 22:51:09,766 EPOCH 6 done: loss 0.0478 - lr 0.100000
2022-05-19 22:51:33,851 Evaluating as a multi-label problem: False
2022-05-19 22:51:33,891 DEV : loss 0.03136950358748436 - f1-score (micro avg)  0.9426
2022-05-19 22:51:34,129 BAD EPOCHS (no improvement): 0
2022-05-19 22:51:34,144 saving best model
2022-05-19 22:52:15,901 ----------------------------------------------------------------------------------------------------
2022-05-19 22:52:25,746 epoch 7 - iter 46/469 - loss 0.04347351 - samples/sec: 149.63 - lr: 0.100000
2022-05-19 22:52:35,443 epoch 7 - iter 92/469 - loss 0.04402974 - samples/sec: 151.87 - lr: 0.100000
2022-05-19 22:52:44,601 epoch 7 - iter 138/469 - loss 0.04267421 - samples/sec: 160.82 - lr: 0.100000
2022-05-19 22:52:53,544 epoch 7 - iter 184/469 - loss 0.04282139 - samples/sec: 164.68 - lr: 0.100000
2022-05-19 22:53:00,857 epoch 7 - iter 230/469 - loss 0.04337284 - samples/sec: 201.40 - lr: 0.100000
2022-05-19 22:53:07,501 epoch 7 - iter 276/469 - loss 0.04359446 - samples/sec: 221.71 - lr: 0.100000
2022-05-19 22:53:14,514 epoch 7 - iter 322/469 - loss 0.04375429 - samples/sec: 210.03 - lr: 0.100000
2022-05-19 22:53:21,202 epoch 7 - iter 368/469 - loss 0.04383905 - samples/sec: 220.25 - lr: 0.100000
2022-05-19 22:53:28,003 epoch 7 - iter 414/469 - loss 0.04439952 - samples/sec: 216.58 - lr: 0.100000
2022-05-19 22:53:34,756 epoch 7 - iter 460/469 - loss 0.04388740 - samples/sec: 218.11 - lr: 0.100000
2022-05-19 22:53:36,018 ----------------------------------------------------------------------------------------------------
2022-05-19 22:53:36,019 EPOCH 7 done: loss 0.0438 - lr 0.100000
2022-05-19 22:53:56,212 Evaluating as a multi-label problem: False
2022-05-19 22:53:56,252 DEV : loss 0.028656067326664925 - f1-score (micro avg)  0.9461
2022-05-19 22:53:56,494 BAD EPOCHS (no improvement): 0
2022-05-19 22:53:56,511 saving best model
2022-05-19 22:54:39,144 ----------------------------------------------------------------------------------------------------
2022-05-19 22:54:49,575 epoch 8 - iter 46/469 - loss 0.04088906 - samples/sec: 141.20 - lr: 0.100000
2022-05-19 22:55:00,242 epoch 8 - iter 92/469 - loss 0.03924479 - samples/sec: 138.05 - lr: 0.100000
2022-05-19 22:55:10,244 epoch 8 - iter 138/469 - loss 0.03901642 - samples/sec: 147.24 - lr: 0.100000
2022-05-19 22:55:19,417 epoch 8 - iter 184/469 - loss 0.03952409 - samples/sec: 160.57 - lr: 0.100000
2022-05-19 22:55:28,104 epoch 8 - iter 230/469 - loss 0.04144006 - samples/sec: 169.53 - lr: 0.100000
2022-05-19 22:55:36,749 epoch 8 - iter 276/469 - loss 0.04119968 - samples/sec: 170.35 - lr: 0.100000
2022-05-19 22:55:43,468 epoch 8 - iter 322/469 - loss 0.04159657 - samples/sec: 219.22 - lr: 0.100000
2022-05-19 22:55:50,329 epoch 8 - iter 368/469 - loss 0.04105768 - samples/sec: 214.68 - lr: 0.100000
2022-05-19 22:55:56,549 epoch 8 - iter 414/469 - loss 0.04087897 - samples/sec: 236.83 - lr: 0.100000
2022-05-19 22:56:03,315 epoch 8 - iter 460/469 - loss 0.04069247 - samples/sec: 217.71 - lr: 0.100000
2022-05-19 22:56:04,528 ----------------------------------------------------------------------------------------------------
2022-05-19 22:56:04,528 EPOCH 8 done: loss 0.0408 - lr 0.100000
2022-05-19 22:56:23,006 Evaluating as a multi-label problem: False
2022-05-19 22:56:23,045 DEV : loss 0.029893549159169197 - f1-score (micro avg)  0.946
2022-05-19 22:56:23,282 BAD EPOCHS (no improvement): 1
2022-05-19 22:56:23,288 ----------------------------------------------------------------------------------------------------
2022-05-19 22:56:30,271 epoch 9 - iter 46/469 - loss 0.03826535 - samples/sec: 210.94 - lr: 0.100000
2022-05-19 22:56:39,735 epoch 9 - iter 92/469 - loss 0.03863257 - samples/sec: 155.62 - lr: 0.100000
2022-05-19 22:56:49,847 epoch 9 - iter 138/469 - loss 0.03640090 - samples/sec: 145.64 - lr: 0.100000
2022-05-19 22:56:59,655 epoch 9 - iter 184/469 - loss 0.03711722 - samples/sec: 150.15 - lr: 0.100000
2022-05-19 22:57:09,924 epoch 9 - iter 230/469 - loss 0.03776405 - samples/sec: 143.40 - lr: 0.100000
2022-05-19 22:57:19,560 epoch 9 - iter 276/469 - loss 0.03770404 - samples/sec: 152.84 - lr: 0.100000
2022-05-19 22:57:29,688 epoch 9 - iter 322/469 - loss 0.03698315 - samples/sec: 145.41 - lr: 0.100000
2022-05-19 22:57:40,061 epoch 9 - iter 368/469 - loss 0.03712540 - samples/sec: 141.98 - lr: 0.100000
2022-05-19 22:57:50,729 epoch 9 - iter 414/469 - loss 0.03701687 - samples/sec: 138.04 - lr: 0.100000
2022-05-19 22:58:00,871 epoch 9 - iter 460/469 - loss 0.03703142 - samples/sec: 145.21 - lr: 0.100000
2022-05-19 22:58:03,000 ----------------------------------------------------------------------------------------------------
2022-05-19 22:58:03,000 EPOCH 9 done: loss 0.0371 - lr 0.100000
2022-05-19 22:58:26,717 Evaluating as a multi-label problem: False
2022-05-19 22:58:26,755 DEV : loss 0.02935592271387577 - f1-score (micro avg)  0.9487
2022-05-19 22:58:26,992 BAD EPOCHS (no improvement): 0
2022-05-19 22:58:27,008 saving best model
2022-05-19 22:59:09,242 ----------------------------------------------------------------------------------------------------
2022-05-19 22:59:19,395 epoch 10 - iter 46/469 - loss 0.03488447 - samples/sec: 145.06 - lr: 0.100000
2022-05-19 22:59:29,306 epoch 10 - iter 92/469 - loss 0.03409184 - samples/sec: 148.60 - lr: 0.100000
2022-05-19 22:59:39,322 epoch 10 - iter 138/469 - loss 0.03381653 - samples/sec: 147.03 - lr: 0.100000
2022-05-19 22:59:49,397 epoch 10 - iter 184/469 - loss 0.03484675 - samples/sec: 146.17 - lr: 0.100000
2022-05-19 22:59:59,474 epoch 10 - iter 230/469 - loss 0.03495614 - samples/sec: 146.14 - lr: 0.100000
2022-05-19 23:00:08,521 epoch 10 - iter 276/469 - loss 0.03557445 - samples/sec: 162.78 - lr: 0.100000
2022-05-19 23:00:17,458 epoch 10 - iter 322/469 - loss 0.03538275 - samples/sec: 164.80 - lr: 0.100000
2022-05-19 23:00:26,675 epoch 10 - iter 368/469 - loss 0.03553042 - samples/sec: 159.78 - lr: 0.100000
2022-05-19 23:00:36,687 epoch 10 - iter 414/469 - loss 0.03570279 - samples/sec: 147.09 - lr: 0.100000
2022-05-19 23:00:46,927 epoch 10 - iter 460/469 - loss 0.03598802 - samples/sec: 143.82 - lr: 0.100000
2022-05-19 23:00:48,839 ----------------------------------------------------------------------------------------------------
2022-05-19 23:00:48,839 EPOCH 10 done: loss 0.0359 - lr 0.100000
2022-05-19 23:01:15,158 Evaluating as a multi-label problem: False
2022-05-19 23:01:15,196 DEV : loss 0.029706822708249092 - f1-score (micro avg)  0.9507
2022-05-19 23:01:15,433 BAD EPOCHS (no improvement): 0
2022-05-19 23:01:15,435 saving best model
2022-05-19 23:01:57,932 ----------------------------------------------------------------------------------------------------
2022-05-19 23:02:06,878 epoch 11 - iter 46/469 - loss 0.03308669 - samples/sec: 164.66 - lr: 0.100000
2022-05-19 23:02:16,623 epoch 11 - iter 92/469 - loss 0.03392574 - samples/sec: 151.12 - lr: 0.100000
2022-05-19 23:02:26,437 epoch 11 - iter 138/469 - loss 0.03400663 - samples/sec: 150.06 - lr: 0.100000
2022-05-19 23:02:36,487 epoch 11 - iter 184/469 - loss 0.03555320 - samples/sec: 146.53 - lr: 0.100000
2022-05-19 23:02:46,773 epoch 11 - iter 230/469 - loss 0.03497770 - samples/sec: 143.18 - lr: 0.100000
2022-05-19 23:02:56,997 epoch 11 - iter 276/469 - loss 0.03431257 - samples/sec: 144.04 - lr: 0.100000
2022-05-19 23:03:07,003 epoch 11 - iter 322/469 - loss 0.03426615 - samples/sec: 147.18 - lr: 0.100000
2022-05-19 23:03:17,513 epoch 11 - iter 368/469 - loss 0.03435630 - samples/sec: 140.12 - lr: 0.100000
2022-05-19 23:03:27,701 epoch 11 - iter 414/469 - loss 0.03415466 - samples/sec: 144.54 - lr: 0.100000
2022-05-19 23:03:38,143 epoch 11 - iter 460/469 - loss 0.03396403 - samples/sec: 141.04 - lr: 0.100000
2022-05-19 23:03:39,967 ----------------------------------------------------------------------------------------------------
2022-05-19 23:03:39,967 EPOCH 11 done: loss 0.0339 - lr 0.100000
2022-05-19 23:04:03,498 Evaluating as a multi-label problem: False
2022-05-19 23:04:03,537 DEV : loss 0.029011862352490425 - f1-score (micro avg)  0.9523
2022-05-19 23:04:03,773 BAD EPOCHS (no improvement): 0
2022-05-19 23:04:03,776 saving best model
2022-05-19 23:04:46,855 ----------------------------------------------------------------------------------------------------
2022-05-19 23:04:53,979 epoch 12 - iter 46/469 - loss 0.03112072 - samples/sec: 206.82 - lr: 0.100000
2022-05-19 23:05:00,516 epoch 12 - iter 92/469 - loss 0.03118209 - samples/sec: 225.36 - lr: 0.100000
2022-05-19 23:05:09,323 epoch 12 - iter 138/469 - loss 0.03113710 - samples/sec: 167.22 - lr: 0.100000
2022-05-19 23:05:19,022 epoch 12 - iter 184/469 - loss 0.03100250 - samples/sec: 151.85 - lr: 0.100000
2022-05-19 23:05:29,090 epoch 12 - iter 230/469 - loss 0.03178397 - samples/sec: 146.27 - lr: 0.100000
2022-05-19 23:05:39,413 epoch 12 - iter 276/469 - loss 0.03247963 - samples/sec: 142.65 - lr: 0.100000
2022-05-19 23:05:49,789 epoch 12 - iter 322/469 - loss 0.03283829 - samples/sec: 141.93 - lr: 0.100000
2022-05-19 23:05:59,818 epoch 12 - iter 368/469 - loss 0.03249903 - samples/sec: 146.84 - lr: 0.100000
2022-05-19 23:06:09,412 epoch 12 - iter 414/469 - loss 0.03297270 - samples/sec: 153.49 - lr: 0.100000
2022-05-19 23:06:19,241 epoch 12 - iter 460/469 - loss 0.03280962 - samples/sec: 149.84 - lr: 0.100000
2022-05-19 23:06:21,248 ----------------------------------------------------------------------------------------------------
2022-05-19 23:06:21,249 EPOCH 12 done: loss 0.0330 - lr 0.100000
2022-05-19 23:06:47,169 Evaluating as a multi-label problem: False
2022-05-19 23:06:47,208 DEV : loss 0.029506297782063484 - f1-score (micro avg)  0.9513
2022-05-19 23:06:47,445 BAD EPOCHS (no improvement): 1
2022-05-19 23:06:47,462 ----------------------------------------------------------------------------------------------------
2022-05-19 23:06:56,223 epoch 13 - iter 46/469 - loss 0.02927068 - samples/sec: 168.12 - lr: 0.100000
2022-05-19 23:07:04,833 epoch 13 - iter 92/469 - loss 0.03191544 - samples/sec: 171.07 - lr: 0.100000
2022-05-19 23:07:14,757 epoch 13 - iter 138/469 - loss 0.03033739 - samples/sec: 148.40 - lr: 0.100000
2022-05-19 23:07:24,656 epoch 13 - iter 184/469 - loss 0.03041665 - samples/sec: 148.76 - lr: 0.100000
2022-05-19 23:07:34,298 epoch 13 - iter 230/469 - loss 0.03076805 - samples/sec: 152.73 - lr: 0.100000
2022-05-19 23:07:44,544 epoch 13 - iter 276/469 - loss 0.03043917 - samples/sec: 143.74 - lr: 0.100000
2022-05-19 23:07:55,245 epoch 13 - iter 322/469 - loss 0.02986554 - samples/sec: 137.62 - lr: 0.100000
2022-05-19 23:08:05,180 epoch 13 - iter 368/469 - loss 0.03028329 - samples/sec: 148.23 - lr: 0.100000
2022-05-19 23:08:15,288 epoch 13 - iter 414/469 - loss 0.03016158 - samples/sec: 145.68 - lr: 0.100000
2022-05-19 23:08:25,515 epoch 13 - iter 460/469 - loss 0.03017430 - samples/sec: 144.01 - lr: 0.100000
2022-05-19 23:08:27,262 ----------------------------------------------------------------------------------------------------
2022-05-19 23:08:27,262 EPOCH 13 done: loss 0.0302 - lr 0.100000
2022-05-19 23:08:57,456 Evaluating as a multi-label problem: False
2022-05-19 23:08:57,494 DEV : loss 0.0328921340405941 - f1-score (micro avg)  0.9419
2022-05-19 23:08:57,729 BAD EPOCHS (no improvement): 2
2022-05-19 23:08:57,731 ----------------------------------------------------------------------------------------------------
2022-05-19 23:09:06,403 epoch 14 - iter 46/469 - loss 0.02865763 - samples/sec: 169.85 - lr: 0.100000
2022-05-19 23:09:13,580 epoch 14 - iter 92/469 - loss 0.02647588 - samples/sec: 205.24 - lr: 0.100000
2022-05-19 23:09:20,249 epoch 14 - iter 138/469 - loss 0.02822034 - samples/sec: 220.87 - lr: 0.100000
2022-05-19 23:09:26,822 epoch 14 - iter 184/469 - loss 0.02811041 - samples/sec: 224.09 - lr: 0.100000
2022-05-19 23:09:33,661 epoch 14 - iter 230/469 - loss 0.02830103 - samples/sec: 215.35 - lr: 0.100000
2022-05-19 23:09:40,295 epoch 14 - iter 276/469 - loss 0.02915697 - samples/sec: 222.03 - lr: 0.100000
2022-05-19 23:09:46,997 epoch 14 - iter 322/469 - loss 0.02862477 - samples/sec: 219.75 - lr: 0.100000
2022-05-19 23:09:53,486 epoch 14 - iter 368/469 - loss 0.02900520 - samples/sec: 227.03 - lr: 0.100000
2022-05-19 23:10:00,234 epoch 14 - iter 414/469 - loss 0.02916905 - samples/sec: 218.29 - lr: 0.100000
2022-05-19 23:10:08,586 epoch 14 - iter 460/469 - loss 0.02894526 - samples/sec: 176.34 - lr: 0.100000
2022-05-19 23:10:10,375 ----------------------------------------------------------------------------------------------------
2022-05-19 23:10:10,376 EPOCH 14 done: loss 0.0291 - lr 0.100000
2022-05-19 23:10:36,662 Evaluating as a multi-label problem: False
2022-05-19 23:10:36,701 DEV : loss 0.029022807255387306 - f1-score (micro avg)  0.953
2022-05-19 23:10:36,942 BAD EPOCHS (no improvement): 0
2022-05-19 23:10:36,951 saving best model
2022-05-19 23:11:18,915 ----------------------------------------------------------------------------------------------------
2022-05-19 23:11:27,536 epoch 15 - iter 46/469 - loss 0.02733612 - samples/sec: 170.85 - lr: 0.100000
2022-05-19 23:11:36,488 epoch 15 - iter 92/469 - loss 0.02544118 - samples/sec: 164.52 - lr: 0.100000
2022-05-19 23:11:45,300 epoch 15 - iter 138/469 - loss 0.02534151 - samples/sec: 167.13 - lr: 0.100000
2022-05-19 23:11:54,593 epoch 15 - iter 184/469 - loss 0.02675104 - samples/sec: 158.48 - lr: 0.100000
2022-05-19 23:12:05,023 epoch 15 - iter 230/469 - loss 0.02672419 - samples/sec: 141.19 - lr: 0.100000
2022-05-19 23:12:15,500 epoch 15 - iter 276/469 - loss 0.02753499 - samples/sec: 140.57 - lr: 0.100000
2022-05-19 23:12:25,541 epoch 15 - iter 322/469 - loss 0.02730290 - samples/sec: 146.69 - lr: 0.100000
2022-05-19 23:12:35,858 epoch 15 - iter 368/469 - loss 0.02811218 - samples/sec: 142.74 - lr: 0.100000
2022-05-19 23:12:46,523 epoch 15 - iter 414/469 - loss 0.02769548 - samples/sec: 138.09 - lr: 0.100000
2022-05-19 23:12:56,349 epoch 15 - iter 460/469 - loss 0.02789358 - samples/sec: 149.86 - lr: 0.100000
2022-05-19 23:12:58,301 ----------------------------------------------------------------------------------------------------
2022-05-19 23:12:58,301 EPOCH 15 done: loss 0.0280 - lr 0.100000
2022-05-19 23:13:25,035 Evaluating as a multi-label problem: False
2022-05-19 23:13:25,073 DEV : loss 0.02843581885099411 - f1-score (micro avg)  0.952
2022-05-19 23:13:25,311 BAD EPOCHS (no improvement): 1
2022-05-19 23:13:25,314 ----------------------------------------------------------------------------------------------------
2022-05-19 23:13:34,548 epoch 16 - iter 46/469 - loss 0.02504208 - samples/sec: 159.51 - lr: 0.100000
2022-05-19 23:13:43,593 epoch 16 - iter 92/469 - loss 0.02548350 - samples/sec: 162.85 - lr: 0.100000
2022-05-19 23:13:52,046 epoch 16 - iter 138/469 - loss 0.02581154 - samples/sec: 174.30 - lr: 0.100000
2022-05-19 23:14:02,556 epoch 16 - iter 184/469 - loss 0.02512437 - samples/sec: 140.11 - lr: 0.100000
2022-05-19 23:14:12,526 epoch 16 - iter 230/469 - loss 0.02585853 - samples/sec: 147.72 - lr: 0.100000
2022-05-19 23:14:22,694 epoch 16 - iter 276/469 - loss 0.02630897 - samples/sec: 144.83 - lr: 0.100000
2022-05-19 23:14:33,208 epoch 16 - iter 322/469 - loss 0.02710851 - samples/sec: 140.07 - lr: 0.100000
2022-05-19 23:14:43,734 epoch 16 - iter 368/469 - loss 0.02721242 - samples/sec: 139.90 - lr: 0.100000
2022-05-19 23:14:54,007 epoch 16 - iter 414/469 - loss 0.02715492 - samples/sec: 143.36 - lr: 0.100000
2022-05-19 23:15:03,665 epoch 16 - iter 460/469 - loss 0.02700763 - samples/sec: 152.48 - lr: 0.100000
2022-05-19 23:15:05,676 ----------------------------------------------------------------------------------------------------
2022-05-19 23:15:05,676 EPOCH 16 done: loss 0.0269 - lr 0.100000
2022-05-19 23:15:31,955 Evaluating as a multi-label problem: False
2022-05-19 23:15:31,994 DEV : loss 0.029898270964622498 - f1-score (micro avg)  0.9502
2022-05-19 23:15:32,229 BAD EPOCHS (no improvement): 2
2022-05-19 23:15:32,240 ----------------------------------------------------------------------------------------------------
2022-05-19 23:15:41,290 epoch 17 - iter 46/469 - loss 0.02234513 - samples/sec: 162.75 - lr: 0.100000
2022-05-19 23:15:50,119 epoch 17 - iter 92/469 - loss 0.02333463 - samples/sec: 166.80 - lr: 0.100000
2022-05-19 23:15:58,878 epoch 17 - iter 138/469 - loss 0.02342713 - samples/sec: 168.15 - lr: 0.100000
2022-05-19 23:16:08,835 epoch 17 - iter 184/469 - loss 0.02474448 - samples/sec: 147.90 - lr: 0.100000
2022-05-19 23:16:18,916 epoch 17 - iter 230/469 - loss 0.02528180 - samples/sec: 146.09 - lr: 0.100000
2022-05-19 23:16:28,782 epoch 17 - iter 276/469 - loss 0.02586147 - samples/sec: 149.26 - lr: 0.100000
2022-05-19 23:16:39,132 epoch 17 - iter 322/469 - loss 0.02608594 - samples/sec: 142.28 - lr: 0.100000
2022-05-19 23:16:49,265 epoch 17 - iter 368/469 - loss 0.02587528 - samples/sec: 145.34 - lr: 0.100000
2022-05-19 23:16:59,518 epoch 17 - iter 414/469 - loss 0.02618384 - samples/sec: 143.62 - lr: 0.100000
2022-05-19 23:17:09,613 epoch 17 - iter 460/469 - loss 0.02624834 - samples/sec: 145.89 - lr: 0.100000
2022-05-19 23:17:11,543 ----------------------------------------------------------------------------------------------------
2022-05-19 23:17:11,543 EPOCH 17 done: loss 0.0264 - lr 0.100000
2022-05-19 23:17:37,412 Evaluating as a multi-label problem: False
2022-05-19 23:17:37,450 DEV : loss 0.028381478041410446 - f1-score (micro avg)  0.9513
2022-05-19 23:17:37,686 BAD EPOCHS (no improvement): 3
2022-05-19 23:17:37,688 ----------------------------------------------------------------------------------------------------
2022-05-19 23:17:45,288 epoch 18 - iter 46/469 - loss 0.02275011 - samples/sec: 193.82 - lr: 0.100000
2022-05-19 23:17:52,877 epoch 18 - iter 92/469 - loss 0.02343971 - samples/sec: 194.08 - lr: 0.100000
2022-05-19 23:18:02,018 epoch 18 - iter 138/469 - loss 0.02456946 - samples/sec: 161.13 - lr: 0.100000
2022-05-19 23:18:10,387 epoch 18 - iter 184/469 - loss 0.02449166 - samples/sec: 175.98 - lr: 0.100000
2022-05-19 23:18:17,152 epoch 18 - iter 230/469 - loss 0.02438418 - samples/sec: 217.75 - lr: 0.100000
2022-05-19 23:18:24,081 epoch 18 - iter 276/469 - loss 0.02391589 - samples/sec: 212.56 - lr: 0.100000
2022-05-19 23:18:31,087 epoch 18 - iter 322/469 - loss 0.02380563 - samples/sec: 210.22 - lr: 0.100000
2022-05-19 23:18:37,923 epoch 18 - iter 368/469 - loss 0.02368703 - samples/sec: 215.47 - lr: 0.100000
2022-05-19 23:18:44,843 epoch 18 - iter 414/469 - loss 0.02374876 - samples/sec: 212.88 - lr: 0.100000
2022-05-19 23:18:51,662 epoch 18 - iter 460/469 - loss 0.02405286 - samples/sec: 216.02 - lr: 0.100000
2022-05-19 23:18:52,899 ----------------------------------------------------------------------------------------------------
2022-05-19 23:18:52,899 EPOCH 18 done: loss 0.0240 - lr 0.100000
2022-05-19 23:19:14,072 Evaluating as a multi-label problem: False
2022-05-19 23:19:14,111 DEV : loss 0.03129558265209198 - f1-score (micro avg)  0.9567
2022-05-19 23:19:14,347 BAD EPOCHS (no improvement): 0
2022-05-19 23:19:14,354 saving best model
2022-05-19 23:19:56,767 ----------------------------------------------------------------------------------------------------
2022-05-19 23:20:07,409 epoch 19 - iter 46/469 - loss 0.02104956 - samples/sec: 138.40 - lr: 0.100000
2022-05-19 23:20:17,928 epoch 19 - iter 92/469 - loss 0.02109734 - samples/sec: 140.01 - lr: 0.100000
2022-05-19 23:20:27,556 epoch 19 - iter 138/469 - loss 0.02165053 - samples/sec: 152.95 - lr: 0.100000
2022-05-19 23:20:36,184 epoch 19 - iter 184/469 - loss 0.02247478 - samples/sec: 170.70 - lr: 0.100000
2022-05-19 23:20:45,112 epoch 19 - iter 230/469 - loss 0.02313504 - samples/sec: 164.95 - lr: 0.100000
2022-05-19 23:20:52,673 epoch 19 - iter 276/469 - loss 0.02316394 - samples/sec: 194.87 - lr: 0.100000
2022-05-19 23:20:59,596 epoch 19 - iter 322/469 - loss 0.02316422 - samples/sec: 212.77 - lr: 0.100000
2022-05-19 23:21:06,109 epoch 19 - iter 368/469 - loss 0.02380069 - samples/sec: 226.18 - lr: 0.100000
2022-05-19 23:21:13,021 epoch 19 - iter 414/469 - loss 0.02414115 - samples/sec: 213.07 - lr: 0.100000
2022-05-19 23:21:19,475 epoch 19 - iter 460/469 - loss 0.02436860 - samples/sec: 228.21 - lr: 0.100000
2022-05-19 23:21:20,711 ----------------------------------------------------------------------------------------------------
2022-05-19 23:21:20,711 EPOCH 19 done: loss 0.0244 - lr 0.100000
2022-05-19 23:21:39,316 Evaluating as a multi-label problem: False
2022-05-19 23:21:39,356 DEV : loss 0.029794510453939438 - f1-score (micro avg)  0.9532
2022-05-19 23:21:39,594 BAD EPOCHS (no improvement): 1
2022-05-19 23:21:39,602 ----------------------------------------------------------------------------------------------------
2022-05-19 23:21:48,184 epoch 20 - iter 46/469 - loss 0.02100485 - samples/sec: 171.65 - lr: 0.100000
2022-05-19 23:21:58,429 epoch 20 - iter 92/469 - loss 0.02052647 - samples/sec: 143.75 - lr: 0.100000
2022-05-19 23:22:08,026 epoch 20 - iter 138/469 - loss 0.02095166 - samples/sec: 153.44 - lr: 0.100000
2022-05-19 23:22:18,452 epoch 20 - iter 184/469 - loss 0.02205598 - samples/sec: 141.26 - lr: 0.100000
2022-05-19 23:22:28,628 epoch 20 - iter 230/469 - loss 0.02236967 - samples/sec: 144.72 - lr: 0.100000
2022-05-19 23:22:38,722 epoch 20 - iter 276/469 - loss 0.02295036 - samples/sec: 145.90 - lr: 0.100000
2022-05-19 23:22:49,094 epoch 20 - iter 322/469 - loss 0.02258804 - samples/sec: 141.97 - lr: 0.100000
2022-05-19 23:22:59,205 epoch 20 - iter 368/469 - loss 0.02309528 - samples/sec: 145.66 - lr: 0.100000
2022-05-19 23:23:09,300 epoch 20 - iter 414/469 - loss 0.02292907 - samples/sec: 145.89 - lr: 0.100000
2022-05-19 23:23:19,447 epoch 20 - iter 460/469 - loss 0.02323645 - samples/sec: 145.12 - lr: 0.100000
2022-05-19 23:23:21,284 ----------------------------------------------------------------------------------------------------
2022-05-19 23:23:21,284 EPOCH 20 done: loss 0.0232 - lr 0.100000
2022-05-19 23:23:44,588 Evaluating as a multi-label problem: False
2022-05-19 23:23:44,627 DEV : loss 0.02892978861927986 - f1-score (micro avg)  0.9534
2022-05-19 23:23:44,863 BAD EPOCHS (no improvement): 2
2022-05-19 23:23:44,866 ----------------------------------------------------------------------------------------------------
2022-05-19 23:23:54,279 epoch 21 - iter 46/469 - loss 0.01907467 - samples/sec: 156.46 - lr: 0.100000
2022-05-19 23:24:04,271 epoch 21 - iter 92/469 - loss 0.01985915 - samples/sec: 147.40 - lr: 0.100000
2022-05-19 23:24:14,458 epoch 21 - iter 138/469 - loss 0.02002367 - samples/sec: 144.56 - lr: 0.100000
2022-05-19 23:24:24,879 epoch 21 - iter 184/469 - loss 0.02152263 - samples/sec: 141.32 - lr: 0.100000
2022-05-19 23:24:34,947 epoch 21 - iter 230/469 - loss 0.02155735 - samples/sec: 146.27 - lr: 0.100000
2022-05-19 23:24:45,456 epoch 21 - iter 276/469 - loss 0.02120402 - samples/sec: 140.12 - lr: 0.100000
2022-05-19 23:24:55,515 epoch 21 - iter 322/469 - loss 0.02186863 - samples/sec: 146.41 - lr: 0.100000
2022-05-19 23:25:05,548 epoch 21 - iter 368/469 - loss 0.02182284 - samples/sec: 146.80 - lr: 0.100000
2022-05-19 23:25:15,832 epoch 21 - iter 414/469 - loss 0.02194308 - samples/sec: 143.19 - lr: 0.100000
2022-05-19 23:25:25,740 epoch 21 - iter 460/469 - loss 0.02220307 - samples/sec: 148.63 - lr: 0.100000
2022-05-19 23:25:27,600 ----------------------------------------------------------------------------------------------------
2022-05-19 23:25:27,600 EPOCH 21 done: loss 0.0222 - lr 0.100000
2022-05-19 23:25:50,468 Evaluating as a multi-label problem: False
2022-05-19 23:25:50,508 DEV : loss 0.03092736005783081 - f1-score (micro avg)  0.9521
2022-05-19 23:25:50,744 BAD EPOCHS (no improvement): 3
2022-05-19 23:25:50,746 ----------------------------------------------------------------------------------------------------
2022-05-19 23:26:00,370 epoch 22 - iter 46/469 - loss 0.02319882 - samples/sec: 153.05 - lr: 0.100000
2022-05-19 23:26:10,669 epoch 22 - iter 92/469 - loss 0.02237488 - samples/sec: 142.98 - lr: 0.100000
2022-05-19 23:26:21,057 epoch 22 - iter 138/469 - loss 0.02175623 - samples/sec: 141.78 - lr: 0.100000
2022-05-19 23:26:31,317 epoch 22 - iter 184/469 - loss 0.02127738 - samples/sec: 143.53 - lr: 0.100000
2022-05-19 23:26:41,128 epoch 22 - iter 230/469 - loss 0.02173908 - samples/sec: 150.11 - lr: 0.100000
2022-05-19 23:26:51,179 epoch 22 - iter 276/469 - loss 0.02222674 - samples/sec: 146.51 - lr: 0.100000
2022-05-19 23:27:01,398 epoch 22 - iter 322/469 - loss 0.02244172 - samples/sec: 144.11 - lr: 0.100000
2022-05-19 23:27:11,558 epoch 22 - iter 368/469 - loss 0.02203435 - samples/sec: 144.96 - lr: 0.100000
2022-05-19 23:27:21,815 epoch 22 - iter 414/469 - loss 0.02219364 - samples/sec: 143.60 - lr: 0.100000
2022-05-19 23:27:31,968 epoch 22 - iter 460/469 - loss 0.02217103 - samples/sec: 145.05 - lr: 0.100000
2022-05-19 23:27:33,644 ----------------------------------------------------------------------------------------------------
2022-05-19 23:27:33,644 EPOCH 22 done: loss 0.0222 - lr 0.100000
2022-05-19 23:27:56,257 Evaluating as a multi-label problem: False
2022-05-19 23:27:56,296 DEV : loss 0.03188282251358032 - f1-score (micro avg)  0.9517
2022-05-19 23:27:56,530 Epoch    22: reducing learning rate of group 0 to 5.0000e-02.
2022-05-19 23:27:56,530 BAD EPOCHS (no improvement): 4
2022-05-19 23:27:56,545 ----------------------------------------------------------------------------------------------------
2022-05-19 23:28:06,314 epoch 23 - iter 46/469 - loss 0.02239258 - samples/sec: 150.77 - lr: 0.050000
2022-05-19 23:28:16,310 epoch 23 - iter 92/469 - loss 0.02112297 - samples/sec: 147.33 - lr: 0.050000
2022-05-19 23:28:26,122 epoch 23 - iter 138/469 - loss 0.02200768 - samples/sec: 150.09 - lr: 0.050000
2022-05-19 23:28:36,069 epoch 23 - iter 184/469 - loss 0.02105908 - samples/sec: 148.06 - lr: 0.050000
2022-05-19 23:28:46,119 epoch 23 - iter 230/469 - loss 0.02032942 - samples/sec: 146.53 - lr: 0.050000
2022-05-19 23:28:56,019 epoch 23 - iter 276/469 - loss 0.02012898 - samples/sec: 148.75 - lr: 0.050000
2022-05-19 23:29:06,440 epoch 23 - iter 322/469 - loss 0.01984850 - samples/sec: 141.33 - lr: 0.050000
2022-05-19 23:29:16,461 epoch 23 - iter 368/469 - loss 0.01983301 - samples/sec: 146.96 - lr: 0.050000
2022-05-19 23:29:26,152 epoch 23 - iter 414/469 - loss 0.02004601 - samples/sec: 151.96 - lr: 0.050000
2022-05-19 23:29:36,952 epoch 23 - iter 460/469 - loss 0.02010945 - samples/sec: 136.35 - lr: 0.050000
2022-05-19 23:29:38,730 ----------------------------------------------------------------------------------------------------
2022-05-19 23:29:38,730 EPOCH 23 done: loss 0.0200 - lr 0.050000
2022-05-19 23:30:06,314 Evaluating as a multi-label problem: False
2022-05-19 23:30:06,352 DEV : loss 0.02983640506863594 - f1-score (micro avg)  0.9534
2022-05-19 23:30:06,588 BAD EPOCHS (no improvement): 1
2022-05-19 23:30:06,590 ----------------------------------------------------------------------------------------------------
2022-05-19 23:30:16,340 epoch 24 - iter 46/469 - loss 0.01678049 - samples/sec: 151.05 - lr: 0.050000
2022-05-19 23:30:26,511 epoch 24 - iter 92/469 - loss 0.01811315 - samples/sec: 144.80 - lr: 0.050000
2022-05-19 23:30:36,792 epoch 24 - iter 138/469 - loss 0.01716309 - samples/sec: 143.23 - lr: 0.050000
2022-05-19 23:30:47,442 epoch 24 - iter 184/469 - loss 0.01737045 - samples/sec: 138.30 - lr: 0.050000
2022-05-19 23:30:57,434 epoch 24 - iter 230/469 - loss 0.01741389 - samples/sec: 147.38 - lr: 0.050000
2022-05-19 23:31:07,653 epoch 24 - iter 276/469 - loss 0.01729036 - samples/sec: 144.12 - lr: 0.050000
2022-05-19 23:31:17,751 epoch 24 - iter 322/469 - loss 0.01729730 - samples/sec: 145.83 - lr: 0.050000
2022-05-19 23:31:28,089 epoch 24 - iter 368/469 - loss 0.01738410 - samples/sec: 142.46 - lr: 0.050000
2022-05-19 23:31:38,610 epoch 24 - iter 414/469 - loss 0.01750527 - samples/sec: 139.97 - lr: 0.050000
2022-05-19 23:31:48,315 epoch 24 - iter 460/469 - loss 0.01741781 - samples/sec: 151.74 - lr: 0.050000
2022-05-19 23:31:49,907 ----------------------------------------------------------------------------------------------------
2022-05-19 23:31:49,907 EPOCH 24 done: loss 0.0174 - lr 0.050000
2022-05-19 23:32:12,930 Evaluating as a multi-label problem: False
2022-05-19 23:32:12,969 DEV : loss 0.03140505030751228 - f1-score (micro avg)  0.9541
2022-05-19 23:32:13,204 BAD EPOCHS (no improvement): 2
2022-05-19 23:32:13,217 ----------------------------------------------------------------------------------------------------
2022-05-19 23:32:23,515 epoch 25 - iter 46/469 - loss 0.01790563 - samples/sec: 143.01 - lr: 0.050000
2022-05-19 23:32:34,102 epoch 25 - iter 92/469 - loss 0.01628304 - samples/sec: 139.10 - lr: 0.050000
2022-05-19 23:32:44,483 epoch 25 - iter 138/469 - loss 0.01674174 - samples/sec: 141.87 - lr: 0.050000
2022-05-19 23:32:54,350 epoch 25 - iter 184/469 - loss 0.01714373 - samples/sec: 149.25 - lr: 0.050000
2022-05-19 23:33:05,235 epoch 25 - iter 230/469 - loss 0.01695055 - samples/sec: 135.28 - lr: 0.050000
2022-05-19 23:33:15,540 epoch 25 - iter 276/469 - loss 0.01696391 - samples/sec: 142.92 - lr: 0.050000
2022-05-19 23:33:25,489 epoch 25 - iter 322/469 - loss 0.01692401 - samples/sec: 148.01 - lr: 0.050000
2022-05-19 23:33:35,913 epoch 25 - iter 368/469 - loss 0.01707382 - samples/sec: 141.28 - lr: 0.050000
2022-05-19 23:33:46,142 epoch 25 - iter 414/469 - loss 0.01701698 - samples/sec: 143.96 - lr: 0.050000
2022-05-19 23:33:56,012 epoch 25 - iter 460/469 - loss 0.01705012 - samples/sec: 149.21 - lr: 0.050000
2022-05-19 23:33:57,588 ----------------------------------------------------------------------------------------------------
2022-05-19 23:33:57,588 EPOCH 25 done: loss 0.0171 - lr 0.050000
2022-05-19 23:34:21,460 Evaluating as a multi-label problem: False
2022-05-19 23:34:21,499 DEV : loss 0.029866855591535568 - f1-score (micro avg)  0.9558
2022-05-19 23:34:21,735 BAD EPOCHS (no improvement): 3
2022-05-19 23:34:21,754 ----------------------------------------------------------------------------------------------------
2022-05-19 23:34:32,006 epoch 26 - iter 46/469 - loss 0.01720110 - samples/sec: 143.66 - lr: 0.050000
2022-05-19 23:34:42,356 epoch 26 - iter 92/469 - loss 0.01680036 - samples/sec: 142.30 - lr: 0.050000
2022-05-19 23:34:52,000 epoch 26 - iter 138/469 - loss 0.01644482 - samples/sec: 152.70 - lr: 0.050000
2022-05-19 23:35:01,778 epoch 26 - iter 184/469 - loss 0.01682114 - samples/sec: 150.61 - lr: 0.050000
2022-05-19 23:35:12,332 epoch 26 - iter 230/469 - loss 0.01662523 - samples/sec: 139.53 - lr: 0.050000
2022-05-19 23:35:22,645 epoch 26 - iter 276/469 - loss 0.01666256 - samples/sec: 142.80 - lr: 0.050000
2022-05-19 23:35:33,107 epoch 26 - iter 322/469 - loss 0.01676835 - samples/sec: 140.77 - lr: 0.050000
2022-05-19 23:35:43,308 epoch 26 - iter 368/469 - loss 0.01681379 - samples/sec: 144.35 - lr: 0.050000
2022-05-19 23:35:54,168 epoch 26 - iter 414/469 - loss 0.01682187 - samples/sec: 135.61 - lr: 0.050000
2022-05-19 23:36:02,509 epoch 26 - iter 460/469 - loss 0.01672045 - samples/sec: 176.57 - lr: 0.050000
2022-05-19 23:36:04,318 ----------------------------------------------------------------------------------------------------
2022-05-19 23:36:04,319 EPOCH 26 done: loss 0.0167 - lr 0.050000
2022-05-19 23:36:28,116 Evaluating as a multi-label problem: False
2022-05-19 23:36:28,155 DEV : loss 0.03229076415300369 - f1-score (micro avg)  0.9564
2022-05-19 23:36:28,401 Epoch    26: reducing learning rate of group 0 to 2.5000e-02.
2022-05-19 23:36:28,401 BAD EPOCHS (no improvement): 4
2022-05-19 23:36:28,406 ----------------------------------------------------------------------------------------------------
2022-05-19 23:36:38,577 epoch 27 - iter 46/469 - loss 0.01706330 - samples/sec: 144.81 - lr: 0.025000
2022-05-19 23:36:49,149 epoch 27 - iter 92/469 - loss 0.01687303 - samples/sec: 139.30 - lr: 0.025000
2022-05-19 23:36:59,288 epoch 27 - iter 138/469 - loss 0.01662695 - samples/sec: 145.25 - lr: 0.025000
2022-05-19 23:37:09,365 epoch 27 - iter 184/469 - loss 0.01601238 - samples/sec: 146.13 - lr: 0.025000
2022-05-19 23:37:19,471 epoch 27 - iter 230/469 - loss 0.01550971 - samples/sec: 145.73 - lr: 0.025000
2022-05-19 23:37:30,011 epoch 27 - iter 276/469 - loss 0.01510568 - samples/sec: 139.71 - lr: 0.025000
2022-05-19 23:37:40,061 epoch 27 - iter 322/469 - loss 0.01534840 - samples/sec: 146.53 - lr: 0.025000
2022-05-19 23:37:50,344 epoch 27 - iter 368/469 - loss 0.01546307 - samples/sec: 143.21 - lr: 0.025000
2022-05-19 23:37:59,879 epoch 27 - iter 414/469 - loss 0.01568416 - samples/sec: 154.46 - lr: 0.025000
2022-05-19 23:38:08,944 epoch 27 - iter 460/469 - loss 0.01576011 - samples/sec: 162.49 - lr: 0.025000
2022-05-19 23:38:10,493 ----------------------------------------------------------------------------------------------------
2022-05-19 23:38:10,493 EPOCH 27 done: loss 0.0157 - lr 0.025000
2022-05-19 23:38:34,251 Evaluating as a multi-label problem: False
2022-05-19 23:38:34,289 DEV : loss 0.03174513950943947 - f1-score (micro avg)  0.9556
2022-05-19 23:38:34,532 BAD EPOCHS (no improvement): 1
2022-05-19 23:38:34,535 ----------------------------------------------------------------------------------------------------
2022-05-19 23:38:44,454 epoch 28 - iter 46/469 - loss 0.01474596 - samples/sec: 148.50 - lr: 0.025000
2022-05-19 23:38:54,226 epoch 28 - iter 92/469 - loss 0.01462387 - samples/sec: 150.70 - lr: 0.025000
2022-05-19 23:39:04,521 epoch 28 - iter 138/469 - loss 0.01460098 - samples/sec: 143.04 - lr: 0.025000
2022-05-19 23:39:15,065 epoch 28 - iter 184/469 - loss 0.01481530 - samples/sec: 139.67 - lr: 0.025000
2022-05-19 23:39:25,581 epoch 28 - iter 230/469 - loss 0.01500135 - samples/sec: 140.05 - lr: 0.025000
2022-05-19 23:39:35,203 epoch 28 - iter 276/469 - loss 0.01451416 - samples/sec: 153.04 - lr: 0.025000
2022-05-19 23:39:45,766 epoch 28 - iter 322/469 - loss 0.01453276 - samples/sec: 139.42 - lr: 0.025000
2022-05-19 23:39:55,490 epoch 28 - iter 368/469 - loss 0.01418088 - samples/sec: 151.46 - lr: 0.025000
2022-05-19 23:40:05,271 epoch 28 - iter 414/469 - loss 0.01419279 - samples/sec: 150.56 - lr: 0.025000
2022-05-19 23:40:14,365 epoch 28 - iter 460/469 - loss 0.01463960 - samples/sec: 161.95 - lr: 0.025000
2022-05-19 23:40:16,090 ----------------------------------------------------------------------------------------------------
2022-05-19 23:40:16,090 EPOCH 28 done: loss 0.0147 - lr 0.025000
2022-05-19 23:40:36,506 Evaluating as a multi-label problem: False
2022-05-19 23:40:36,545 DEV : loss 0.03166975453495979 - f1-score (micro avg)  0.9557
2022-05-19 23:40:36,785 BAD EPOCHS (no improvement): 2
2022-05-19 23:40:36,809 ----------------------------------------------------------------------------------------------------
2022-05-19 23:40:43,615 epoch 29 - iter 46/469 - loss 0.01205840 - samples/sec: 216.55 - lr: 0.025000
2022-05-19 23:40:49,912 epoch 29 - iter 92/469 - loss 0.01210256 - samples/sec: 233.92 - lr: 0.025000
2022-05-19 23:40:56,543 epoch 29 - iter 138/469 - loss 0.01272015 - samples/sec: 222.12 - lr: 0.025000
2022-05-19 23:41:03,109 epoch 29 - iter 184/469 - loss 0.01327877 - samples/sec: 224.32 - lr: 0.025000
2022-05-19 23:41:10,459 epoch 29 - iter 230/469 - loss 0.01377809 - samples/sec: 200.39 - lr: 0.025000
2022-05-19 23:41:16,916 epoch 29 - iter 276/469 - loss 0.01395501 - samples/sec: 228.16 - lr: 0.025000
2022-05-19 23:41:23,399 epoch 29 - iter 322/469 - loss 0.01420753 - samples/sec: 227.22 - lr: 0.025000
2022-05-19 23:41:33,610 epoch 29 - iter 368/469 - loss 0.01412135 - samples/sec: 144.21 - lr: 0.025000
2022-05-19 23:41:43,614 epoch 29 - iter 414/469 - loss 0.01395712 - samples/sec: 147.20 - lr: 0.025000
2022-05-19 23:41:53,871 epoch 29 - iter 460/469 - loss 0.01384555 - samples/sec: 143.57 - lr: 0.025000
2022-05-19 23:41:55,744 ----------------------------------------------------------------------------------------------------
2022-05-19 23:41:55,744 EPOCH 29 done: loss 0.0138 - lr 0.025000
2022-05-19 23:42:22,224 Evaluating as a multi-label problem: False
2022-05-19 23:42:22,263 DEV : loss 0.032903969287872314 - f1-score (micro avg)  0.9554
2022-05-19 23:42:22,498 BAD EPOCHS (no improvement): 3
2022-05-19 23:42:22,501 ----------------------------------------------------------------------------------------------------
2022-05-19 23:42:32,136 epoch 30 - iter 46/469 - loss 0.01450483 - samples/sec: 152.85 - lr: 0.025000
2022-05-19 23:42:42,654 epoch 30 - iter 92/469 - loss 0.01439264 - samples/sec: 140.02 - lr: 0.025000
2022-05-19 23:42:53,187 epoch 30 - iter 138/469 - loss 0.01479290 - samples/sec: 139.81 - lr: 0.025000
2022-05-19 23:43:03,099 epoch 30 - iter 184/469 - loss 0.01487506 - samples/sec: 148.58 - lr: 0.025000
2022-05-19 23:43:12,533 epoch 30 - iter 230/469 - loss 0.01523904 - samples/sec: 156.10 - lr: 0.025000
2022-05-19 23:43:21,155 epoch 30 - iter 276/469 - loss 0.01477727 - samples/sec: 170.81 - lr: 0.025000
2022-05-19 23:43:29,212 epoch 30 - iter 322/469 - loss 0.01445344 - samples/sec: 182.83 - lr: 0.025000
2022-05-19 23:43:36,363 epoch 30 - iter 368/469 - loss 0.01452018 - samples/sec: 205.96 - lr: 0.025000
2022-05-19 23:43:46,447 epoch 30 - iter 414/469 - loss 0.01418185 - samples/sec: 146.04 - lr: 0.025000
2022-05-19 23:43:56,745 epoch 30 - iter 460/469 - loss 0.01416189 - samples/sec: 142.99 - lr: 0.025000
2022-05-19 23:43:58,534 ----------------------------------------------------------------------------------------------------
2022-05-19 23:43:58,534 EPOCH 30 done: loss 0.0141 - lr 0.025000
2022-05-19 23:44:25,644 Evaluating as a multi-label problem: False
2022-05-19 23:44:25,685 DEV : loss 0.03275395184755325 - f1-score (micro avg)  0.9545
2022-05-19 23:44:25,920 Epoch    30: reducing learning rate of group 0 to 1.2500e-02.
2022-05-19 23:44:25,920 BAD EPOCHS (no improvement): 4
2022-05-19 23:44:25,922 ----------------------------------------------------------------------------------------------------
2022-05-19 23:44:36,367 epoch 31 - iter 46/469 - loss 0.01580517 - samples/sec: 141.00 - lr: 0.012500
2022-05-19 23:44:47,120 epoch 31 - iter 92/469 - loss 0.01448295 - samples/sec: 136.95 - lr: 0.012500
2022-05-19 23:44:57,094 epoch 31 - iter 138/469 - loss 0.01455436 - samples/sec: 147.66 - lr: 0.012500
2022-05-19 23:45:06,784 epoch 31 - iter 184/469 - loss 0.01347423 - samples/sec: 151.97 - lr: 0.012500
2022-05-19 23:45:16,359 epoch 31 - iter 230/469 - loss 0.01338583 - samples/sec: 153.81 - lr: 0.012500
2022-05-19 23:45:25,264 epoch 31 - iter 276/469 - loss 0.01317947 - samples/sec: 165.39 - lr: 0.012500
2022-05-19 23:45:34,118 epoch 31 - iter 322/469 - loss 0.01315527 - samples/sec: 166.35 - lr: 0.012500
2022-05-19 23:45:42,456 epoch 31 - iter 368/469 - loss 0.01322751 - samples/sec: 176.62 - lr: 0.012500
2022-05-19 23:45:49,046 epoch 31 - iter 414/469 - loss 0.01312435 - samples/sec: 223.52 - lr: 0.012500
2022-05-19 23:45:55,615 epoch 31 - iter 460/469 - loss 0.01332027 - samples/sec: 224.23 - lr: 0.012500
2022-05-19 23:45:56,896 ----------------------------------------------------------------------------------------------------
2022-05-19 23:45:56,896 EPOCH 31 done: loss 0.0133 - lr 0.012500
2022-05-19 23:46:15,299 Evaluating as a multi-label problem: False
2022-05-19 23:46:15,337 DEV : loss 0.032481059432029724 - f1-score (micro avg)  0.9548
2022-05-19 23:46:15,572 BAD EPOCHS (no improvement): 1
2022-05-19 23:46:15,574 ----------------------------------------------------------------------------------------------------
2022-05-19 23:46:22,121 epoch 32 - iter 46/469 - loss 0.01384930 - samples/sec: 225.02 - lr: 0.012500
2022-05-19 23:46:29,009 epoch 32 - iter 92/469 - loss 0.01387597 - samples/sec: 213.84 - lr: 0.012500
2022-05-19 23:46:35,511 epoch 32 - iter 138/469 - loss 0.01378476 - samples/sec: 226.54 - lr: 0.012500
2022-05-19 23:46:45,140 epoch 32 - iter 184/469 - loss 0.01414565 - samples/sec: 152.95 - lr: 0.012500
2022-05-19 23:46:55,212 epoch 32 - iter 230/469 - loss 0.01351889 - samples/sec: 146.21 - lr: 0.012500
2022-05-19 23:47:05,106 epoch 32 - iter 276/469 - loss 0.01350104 - samples/sec: 148.85 - lr: 0.012500
2022-05-19 23:47:15,324 epoch 32 - iter 322/469 - loss 0.01337313 - samples/sec: 144.12 - lr: 0.012500
2022-05-19 23:47:25,407 epoch 32 - iter 368/469 - loss 0.01324678 - samples/sec: 146.05 - lr: 0.012500
2022-05-19 23:47:35,537 epoch 32 - iter 414/469 - loss 0.01307994 - samples/sec: 145.39 - lr: 0.012500
2022-05-19 23:47:45,581 epoch 32 - iter 460/469 - loss 0.01294135 - samples/sec: 146.62 - lr: 0.012500
2022-05-19 23:47:47,266 ----------------------------------------------------------------------------------------------------
2022-05-19 23:47:47,266 EPOCH 32 done: loss 0.0129 - lr 0.012500
2022-05-19 23:48:17,241 Evaluating as a multi-label problem: False
2022-05-19 23:48:17,279 DEV : loss 0.032838817685842514 - f1-score (micro avg)  0.9544
2022-05-19 23:48:17,514 BAD EPOCHS (no improvement): 2
2022-05-19 23:48:17,632 ----------------------------------------------------------------------------------------------------
2022-05-19 23:48:26,659 epoch 33 - iter 46/469 - loss 0.01167370 - samples/sec: 163.14 - lr: 0.012500
2022-05-19 23:48:35,300 epoch 33 - iter 92/469 - loss 0.01153635 - samples/sec: 170.43 - lr: 0.012500
2022-05-19 23:48:44,551 epoch 33 - iter 138/469 - loss 0.01268982 - samples/sec: 159.18 - lr: 0.012500
2022-05-19 23:48:54,796 epoch 33 - iter 184/469 - loss 0.01320482 - samples/sec: 143.74 - lr: 0.012500
2022-05-19 23:49:04,385 epoch 33 - iter 230/469 - loss 0.01265964 - samples/sec: 153.59 - lr: 0.012500
2022-05-19 23:49:14,661 epoch 33 - iter 276/469 - loss 0.01259844 - samples/sec: 143.31 - lr: 0.012500
2022-05-19 23:49:24,997 epoch 33 - iter 322/469 - loss 0.01262135 - samples/sec: 142.47 - lr: 0.012500
2022-05-19 23:49:35,604 epoch 33 - iter 368/469 - loss 0.01256453 - samples/sec: 138.84 - lr: 0.012500
2022-05-19 23:49:45,727 epoch 33 - iter 414/469 - loss 0.01265233 - samples/sec: 145.48 - lr: 0.012500
2022-05-19 23:49:55,655 epoch 33 - iter 460/469 - loss 0.01262832 - samples/sec: 148.33 - lr: 0.012500
2022-05-19 23:49:57,465 ----------------------------------------------------------------------------------------------------
2022-05-19 23:49:57,465 EPOCH 33 done: loss 0.0126 - lr 0.012500
2022-05-19 23:50:23,393 Evaluating as a multi-label problem: False
2022-05-19 23:50:23,431 DEV : loss 0.03292965516448021 - f1-score (micro avg)  0.9547
2022-05-19 23:50:23,664 BAD EPOCHS (no improvement): 3
2022-05-19 23:50:23,667 ----------------------------------------------------------------------------------------------------
2022-05-19 23:50:32,095 epoch 34 - iter 46/469 - loss 0.01328566 - samples/sec: 174.77 - lr: 0.012500
2022-05-19 23:50:40,421 epoch 34 - iter 92/469 - loss 0.01313179 - samples/sec: 176.89 - lr: 0.012500
2022-05-19 23:50:48,568 epoch 34 - iter 138/469 - loss 0.01315434 - samples/sec: 180.79 - lr: 0.012500
2022-05-19 23:50:55,218 epoch 34 - iter 184/469 - loss 0.01291730 - samples/sec: 221.51 - lr: 0.012500
2022-05-19 23:51:01,592 epoch 34 - iter 230/469 - loss 0.01281581 - samples/sec: 231.11 - lr: 0.012500
2022-05-19 23:51:08,204 epoch 34 - iter 276/469 - loss 0.01271550 - samples/sec: 222.77 - lr: 0.012500
2022-05-19 23:51:14,941 epoch 34 - iter 322/469 - loss 0.01289640 - samples/sec: 218.63 - lr: 0.012500
2022-05-19 23:51:22,065 epoch 34 - iter 368/469 - loss 0.01297668 - samples/sec: 206.73 - lr: 0.012500
2022-05-19 23:51:28,956 epoch 34 - iter 414/469 - loss 0.01307629 - samples/sec: 213.73 - lr: 0.012500
2022-05-19 23:51:35,705 epoch 34 - iter 460/469 - loss 0.01302642 - samples/sec: 218.26 - lr: 0.012500
2022-05-19 23:51:36,911 ----------------------------------------------------------------------------------------------------
2022-05-19 23:51:36,911 EPOCH 34 done: loss 0.0130 - lr 0.012500
2022-05-19 23:52:01,614 Evaluating as a multi-label problem: False
2022-05-19 23:52:01,652 DEV : loss 0.032737720757722855 - f1-score (micro avg)  0.9551
2022-05-19 23:52:01,885 Epoch    34: reducing learning rate of group 0 to 6.2500e-03.
2022-05-19 23:52:01,885 BAD EPOCHS (no improvement): 4
2022-05-19 23:52:01,895 ----------------------------------------------------------------------------------------------------
2022-05-19 23:52:11,906 epoch 35 - iter 46/469 - loss 0.01072588 - samples/sec: 147.11 - lr: 0.006250
2022-05-19 23:52:21,846 epoch 35 - iter 92/469 - loss 0.01101542 - samples/sec: 148.15 - lr: 0.006250
2022-05-19 23:52:31,731 epoch 35 - iter 138/469 - loss 0.01195457 - samples/sec: 148.98 - lr: 0.006250
2022-05-19 23:52:42,365 epoch 35 - iter 184/469 - loss 0.01206134 - samples/sec: 138.47 - lr: 0.006250
2022-05-19 23:52:52,247 epoch 35 - iter 230/469 - loss 0.01191783 - samples/sec: 149.02 - lr: 0.006250
2022-05-19 23:53:02,187 epoch 35 - iter 276/469 - loss 0.01162395 - samples/sec: 148.15 - lr: 0.006250
2022-05-19 23:53:11,903 epoch 35 - iter 322/469 - loss 0.01163989 - samples/sec: 151.58 - lr: 0.006250
2022-05-19 23:53:21,593 epoch 35 - iter 368/469 - loss 0.01164743 - samples/sec: 151.97 - lr: 0.006250
2022-05-19 23:53:30,479 epoch 35 - iter 414/469 - loss 0.01161295 - samples/sec: 165.72 - lr: 0.006250
2022-05-19 23:53:39,638 epoch 35 - iter 460/469 - loss 0.01159381 - samples/sec: 160.79 - lr: 0.006250
2022-05-19 23:53:41,192 ----------------------------------------------------------------------------------------------------
2022-05-19 23:53:41,192 EPOCH 35 done: loss 0.0116 - lr 0.006250
2022-05-19 23:54:00,121 Evaluating as a multi-label problem: False
2022-05-19 23:54:00,159 DEV : loss 0.03293788433074951 - f1-score (micro avg)  0.9552
2022-05-19 23:54:00,393 BAD EPOCHS (no improvement): 1
2022-05-19 23:54:00,395 ----------------------------------------------------------------------------------------------------
2022-05-19 23:54:07,349 epoch 36 - iter 46/469 - loss 0.01417060 - samples/sec: 211.81 - lr: 0.006250
2022-05-19 23:54:14,041 epoch 36 - iter 92/469 - loss 0.01372037 - samples/sec: 220.07 - lr: 0.006250
2022-05-19 23:54:20,909 epoch 36 - iter 138/469 - loss 0.01240606 - samples/sec: 214.44 - lr: 0.006250
2022-05-19 23:54:27,834 epoch 36 - iter 184/469 - loss 0.01201922 - samples/sec: 212.69 - lr: 0.006250
2022-05-19 23:54:34,354 epoch 36 - iter 230/469 - loss 0.01178618 - samples/sec: 225.88 - lr: 0.006250
2022-05-19 23:54:42,263 epoch 36 - iter 276/469 - loss 0.01202885 - samples/sec: 186.19 - lr: 0.006250
2022-05-19 23:54:51,961 epoch 36 - iter 322/469 - loss 0.01174191 - samples/sec: 151.84 - lr: 0.006250
2022-05-19 23:55:01,921 epoch 36 - iter 368/469 - loss 0.01185796 - samples/sec: 147.84 - lr: 0.006250
2022-05-19 23:55:12,053 epoch 36 - iter 414/469 - loss 0.01176659 - samples/sec: 145.33 - lr: 0.006250
2022-05-19 23:55:22,183 epoch 36 - iter 460/469 - loss 0.01168933 - samples/sec: 145.36 - lr: 0.006250
2022-05-19 23:55:23,997 ----------------------------------------------------------------------------------------------------
2022-05-19 23:55:23,997 EPOCH 36 done: loss 0.0116 - lr 0.006250
2022-05-19 23:55:50,423 Evaluating as a multi-label problem: False
2022-05-19 23:55:50,461 DEV : loss 0.03310013934969902 - f1-score (micro avg)  0.9554
2022-05-19 23:55:50,694 BAD EPOCHS (no improvement): 2
2022-05-19 23:55:50,696 ----------------------------------------------------------------------------------------------------
2022-05-19 23:56:00,784 epoch 37 - iter 46/469 - loss 0.01150917 - samples/sec: 145.98 - lr: 0.006250
2022-05-19 23:56:11,002 epoch 37 - iter 92/469 - loss 0.01125010 - samples/sec: 144.11 - lr: 0.006250
2022-05-19 23:56:20,515 epoch 37 - iter 138/469 - loss 0.01183864 - samples/sec: 154.78 - lr: 0.006250
2022-05-19 23:56:29,258 epoch 37 - iter 184/469 - loss 0.01177541 - samples/sec: 168.44 - lr: 0.006250
2022-05-19 23:56:38,149 epoch 37 - iter 230/469 - loss 0.01171494 - samples/sec: 165.62 - lr: 0.006250
2022-05-19 23:56:46,023 epoch 37 - iter 276/469 - loss 0.01174689 - samples/sec: 187.03 - lr: 0.006250
2022-05-19 23:56:52,558 epoch 37 - iter 322/469 - loss 0.01164330 - samples/sec: 225.36 - lr: 0.006250
2022-05-19 23:56:59,205 epoch 37 - iter 368/469 - loss 0.01160143 - samples/sec: 221.55 - lr: 0.006250
2022-05-19 23:57:05,958 epoch 37 - iter 414/469 - loss 0.01170371 - samples/sec: 218.09 - lr: 0.006250
2022-05-19 23:57:12,604 epoch 37 - iter 460/469 - loss 0.01190106 - samples/sec: 221.61 - lr: 0.006250
2022-05-19 23:57:13,886 ----------------------------------------------------------------------------------------------------
2022-05-19 23:57:13,887 EPOCH 37 done: loss 0.0119 - lr 0.006250
2022-05-19 23:57:32,141 Evaluating as a multi-label problem: False
2022-05-19 23:57:32,179 DEV : loss 0.03293810039758682 - f1-score (micro avg)  0.9559
2022-05-19 23:57:32,411 BAD EPOCHS (no improvement): 3
2022-05-19 23:57:32,414 ----------------------------------------------------------------------------------------------------
2022-05-19 23:57:39,733 epoch 38 - iter 46/469 - loss 0.01396192 - samples/sec: 201.23 - lr: 0.006250
2022-05-19 23:57:49,944 epoch 38 - iter 92/469 - loss 0.01358036 - samples/sec: 144.20 - lr: 0.006250
2022-05-19 23:57:59,955 epoch 38 - iter 138/469 - loss 0.01303904 - samples/sec: 147.09 - lr: 0.006250
2022-05-19 23:58:10,192 epoch 38 - iter 184/469 - loss 0.01288501 - samples/sec: 143.84 - lr: 0.006250
2022-05-19 23:58:20,155 epoch 38 - iter 230/469 - loss 0.01232186 - samples/sec: 147.81 - lr: 0.006250
2022-05-19 23:58:30,181 epoch 38 - iter 276/469 - loss 0.01253848 - samples/sec: 146.87 - lr: 0.006250
2022-05-19 23:58:39,884 epoch 38 - iter 322/469 - loss 0.01233744 - samples/sec: 151.75 - lr: 0.006250
2022-05-19 23:58:49,853 epoch 38 - iter 368/469 - loss 0.01243069 - samples/sec: 147.71 - lr: 0.006250
2022-05-19 23:59:00,059 epoch 38 - iter 414/469 - loss 0.01222636 - samples/sec: 144.29 - lr: 0.006250
2022-05-19 23:59:09,918 epoch 38 - iter 460/469 - loss 0.01240026 - samples/sec: 149.35 - lr: 0.006250
2022-05-19 23:59:11,923 ----------------------------------------------------------------------------------------------------
2022-05-19 23:59:11,923 EPOCH 38 done: loss 0.0124 - lr 0.006250
2022-05-19 23:59:35,642 Evaluating as a multi-label problem: False
2022-05-19 23:59:35,680 DEV : loss 0.03315482661128044 - f1-score (micro avg)  0.955
2022-05-19 23:59:35,913 Epoch    38: reducing learning rate of group 0 to 3.1250e-03.
2022-05-19 23:59:35,913 BAD EPOCHS (no improvement): 4
2022-05-19 23:59:35,916 ----------------------------------------------------------------------------------------------------
2022-05-19 23:59:44,584 epoch 39 - iter 46/469 - loss 0.01362998 - samples/sec: 169.89 - lr: 0.003125
2022-05-19 23:59:54,168 epoch 39 - iter 92/469 - loss 0.01352341 - samples/sec: 153.65 - lr: 0.003125
2022-05-20 00:00:04,394 epoch 39 - iter 138/469 - loss 0.01331176 - samples/sec: 144.00 - lr: 0.003125
2022-05-20 00:00:14,951 epoch 39 - iter 184/469 - loss 0.01239461 - samples/sec: 139.47 - lr: 0.003125
2022-05-20 00:00:25,130 epoch 39 - iter 230/469 - loss 0.01196223 - samples/sec: 144.67 - lr: 0.003125
2022-05-20 00:00:35,332 epoch 39 - iter 276/469 - loss 0.01177621 - samples/sec: 144.33 - lr: 0.003125
2022-05-20 00:00:45,474 epoch 39 - iter 322/469 - loss 0.01183550 - samples/sec: 145.19 - lr: 0.003125
2022-05-20 00:00:55,789 epoch 39 - iter 368/469 - loss 0.01192040 - samples/sec: 142.74 - lr: 0.003125
2022-05-20 00:01:05,998 epoch 39 - iter 414/469 - loss 0.01186788 - samples/sec: 144.24 - lr: 0.003125
2022-05-20 00:01:15,915 epoch 39 - iter 460/469 - loss 0.01191910 - samples/sec: 148.49 - lr: 0.003125
2022-05-20 00:01:17,713 ----------------------------------------------------------------------------------------------------
2022-05-20 00:01:17,713 EPOCH 39 done: loss 0.0119 - lr 0.003125
2022-05-20 00:01:40,497 Evaluating as a multi-label problem: False
2022-05-20 00:01:40,535 DEV : loss 0.03329765051603317 - f1-score (micro avg)  0.9559
2022-05-20 00:01:40,767 BAD EPOCHS (no improvement): 1
2022-05-20 00:01:40,770 ----------------------------------------------------------------------------------------------------
2022-05-20 00:01:48,748 epoch 40 - iter 46/469 - loss 0.01049952 - samples/sec: 184.59 - lr: 0.003125
2022-05-20 00:01:55,355 epoch 40 - iter 92/469 - loss 0.01127621 - samples/sec: 222.92 - lr: 0.003125
2022-05-20 00:02:01,783 epoch 40 - iter 138/469 - loss 0.01201907 - samples/sec: 229.13 - lr: 0.003125
2022-05-20 00:02:08,605 epoch 40 - iter 184/469 - loss 0.01215854 - samples/sec: 215.87 - lr: 0.003125
2022-05-20 00:02:15,378 epoch 40 - iter 230/469 - loss 0.01211307 - samples/sec: 217.42 - lr: 0.003125
2022-05-20 00:02:22,162 epoch 40 - iter 276/469 - loss 0.01215663 - samples/sec: 217.11 - lr: 0.003125
2022-05-20 00:02:28,892 epoch 40 - iter 322/469 - loss 0.01174062 - samples/sec: 218.83 - lr: 0.003125
2022-05-20 00:02:35,751 epoch 40 - iter 368/469 - loss 0.01155619 - samples/sec: 214.69 - lr: 0.003125
2022-05-20 00:02:42,554 epoch 40 - iter 414/469 - loss 0.01178951 - samples/sec: 216.49 - lr: 0.003125
2022-05-20 00:02:52,796 epoch 40 - iter 460/469 - loss 0.01159906 - samples/sec: 143.78 - lr: 0.003125
2022-05-20 00:02:54,837 ----------------------------------------------------------------------------------------------------
2022-05-20 00:02:54,837 EPOCH 40 done: loss 0.0116 - lr 0.003125
2022-05-20 00:03:21,450 Evaluating as a multi-label problem: False
2022-05-20 00:03:21,490 DEV : loss 0.033026766031980515 - f1-score (micro avg)  0.9557
2022-05-20 00:03:21,722 BAD EPOCHS (no improvement): 2
2022-05-20 00:03:21,725 ----------------------------------------------------------------------------------------------------
2022-05-20 00:03:32,022 epoch 41 - iter 46/469 - loss 0.01384823 - samples/sec: 143.01 - lr: 0.003125
2022-05-20 00:03:42,230 epoch 41 - iter 92/469 - loss 0.01291369 - samples/sec: 144.25 - lr: 0.003125
2022-05-20 00:03:52,415 epoch 41 - iter 138/469 - loss 0.01222978 - samples/sec: 144.57 - lr: 0.003125
2022-05-20 00:04:02,074 epoch 41 - iter 184/469 - loss 0.01214765 - samples/sec: 152.45 - lr: 0.003125
2022-05-20 00:04:12,018 epoch 41 - iter 230/469 - loss 0.01217318 - samples/sec: 148.09 - lr: 0.003125
2022-05-20 00:04:21,846 epoch 41 - iter 276/469 - loss 0.01198265 - samples/sec: 149.83 - lr: 0.003125
2022-05-20 00:04:30,775 epoch 41 - iter 322/469 - loss 0.01208860 - samples/sec: 164.90 - lr: 0.003125
2022-05-20 00:04:39,752 epoch 41 - iter 368/469 - loss 0.01199231 - samples/sec: 164.05 - lr: 0.003125
2022-05-20 00:04:48,545 epoch 41 - iter 414/469 - loss 0.01231834 - samples/sec: 167.46 - lr: 0.003125
2022-05-20 00:04:58,839 epoch 41 - iter 460/469 - loss 0.01235466 - samples/sec: 143.05 - lr: 0.003125
2022-05-20 00:05:00,679 ----------------------------------------------------------------------------------------------------
2022-05-20 00:05:00,679 EPOCH 41 done: loss 0.0123 - lr 0.003125
2022-05-20 00:05:27,541 Evaluating as a multi-label problem: False
2022-05-20 00:05:27,579 DEV : loss 0.03328316658735275 - f1-score (micro avg)  0.9554
2022-05-20 00:05:27,811 BAD EPOCHS (no improvement): 3
2022-05-20 00:05:27,812 ----------------------------------------------------------------------------------------------------
2022-05-20 00:05:38,114 epoch 42 - iter 46/469 - loss 0.01157436 - samples/sec: 142.95 - lr: 0.003125
2022-05-20 00:05:48,353 epoch 42 - iter 92/469 - loss 0.01077761 - samples/sec: 143.81 - lr: 0.003125
2022-05-20 00:05:58,461 epoch 42 - iter 138/469 - loss 0.01112156 - samples/sec: 145.68 - lr: 0.003125
2022-05-20 00:06:08,317 epoch 42 - iter 184/469 - loss 0.01092816 - samples/sec: 149.40 - lr: 0.003125
2022-05-20 00:06:18,357 epoch 42 - iter 230/469 - loss 0.01129673 - samples/sec: 146.67 - lr: 0.003125
2022-05-20 00:06:28,215 epoch 42 - iter 276/469 - loss 0.01153970 - samples/sec: 149.37 - lr: 0.003125
2022-05-20 00:06:36,924 epoch 42 - iter 322/469 - loss 0.01171653 - samples/sec: 169.08 - lr: 0.003125
2022-05-20 00:06:45,502 epoch 42 - iter 368/469 - loss 0.01172194 - samples/sec: 171.68 - lr: 0.003125
2022-05-20 00:06:54,125 epoch 42 - iter 414/469 - loss 0.01182820 - samples/sec: 170.76 - lr: 0.003125
2022-05-20 00:07:08,386 epoch 42 - iter 460/469 - loss 0.01174251 - samples/sec: 103.25 - lr: 0.003125
2022-05-20 00:07:10,493 ----------------------------------------------------------------------------------------------------
2022-05-20 00:07:10,493 EPOCH 42 done: loss 0.0117 - lr 0.003125
2022-05-20 00:07:36,492 Evaluating as a multi-label problem: False
2022-05-20 00:07:36,532 DEV : loss 0.033400461077690125 - f1-score (micro avg)  0.9553
2022-05-20 00:07:36,765 Epoch    42: reducing learning rate of group 0 to 1.5625e-03.
2022-05-20 00:07:36,765 BAD EPOCHS (no improvement): 4
2022-05-20 00:07:36,784 ----------------------------------------------------------------------------------------------------
2022-05-20 00:07:47,052 epoch 43 - iter 46/469 - loss 0.00925043 - samples/sec: 143.41 - lr: 0.001563
2022-05-20 00:07:57,367 epoch 43 - iter 92/469 - loss 0.01035152 - samples/sec: 142.75 - lr: 0.001563
2022-05-20 00:08:07,366 epoch 43 - iter 138/469 - loss 0.01102201 - samples/sec: 147.27 - lr: 0.001563
2022-05-20 00:08:17,269 epoch 43 - iter 184/469 - loss 0.01128567 - samples/sec: 148.69 - lr: 0.001563
2022-05-20 00:08:27,652 epoch 43 - iter 230/469 - loss 0.01192601 - samples/sec: 141.82 - lr: 0.001563
2022-05-20 00:08:36,909 epoch 43 - iter 276/469 - loss 0.01211922 - samples/sec: 159.06 - lr: 0.001563
2022-05-20 00:08:45,457 epoch 43 - iter 322/469 - loss 0.01200001 - samples/sec: 172.29 - lr: 0.001563
2022-05-20 00:08:53,653 epoch 43 - iter 368/469 - loss 0.01186460 - samples/sec: 179.66 - lr: 0.001563
2022-05-20 00:09:03,743 epoch 43 - iter 414/469 - loss 0.01187434 - samples/sec: 145.93 - lr: 0.001563
2022-05-20 00:09:14,473 epoch 43 - iter 460/469 - loss 0.01172216 - samples/sec: 137.24 - lr: 0.001563
2022-05-20 00:09:16,084 ----------------------------------------------------------------------------------------------------
2022-05-20 00:09:16,084 EPOCH 43 done: loss 0.0117 - lr 0.001563
2022-05-20 00:09:42,179 Evaluating as a multi-label problem: False
2022-05-20 00:09:42,218 DEV : loss 0.033526986837387085 - f1-score (micro avg)  0.9555
2022-05-20 00:09:42,450 BAD EPOCHS (no improvement): 1
2022-05-20 00:09:42,452 ----------------------------------------------------------------------------------------------------
2022-05-20 00:09:52,350 epoch 44 - iter 46/469 - loss 0.01274801 - samples/sec: 148.79 - lr: 0.001563
2022-05-20 00:10:02,491 epoch 44 - iter 92/469 - loss 0.01218546 - samples/sec: 145.20 - lr: 0.001563
2022-05-20 00:10:12,312 epoch 44 - iter 138/469 - loss 0.01150687 - samples/sec: 149.94 - lr: 0.001563
2022-05-20 00:10:22,369 epoch 44 - iter 184/469 - loss 0.01183231 - samples/sec: 146.40 - lr: 0.001563
2022-05-20 00:10:32,797 epoch 44 - iter 230/469 - loss 0.01143267 - samples/sec: 141.21 - lr: 0.001563
2022-05-20 00:10:42,008 epoch 44 - iter 276/469 - loss 0.01134118 - samples/sec: 159.87 - lr: 0.001563
2022-05-20 00:10:50,681 epoch 44 - iter 322/469 - loss 0.01133237 - samples/sec: 169.78 - lr: 0.001563
2022-05-20 00:10:59,605 epoch 44 - iter 368/469 - loss 0.01110061 - samples/sec: 165.02 - lr: 0.001563
2022-05-20 00:11:09,180 epoch 44 - iter 414/469 - loss 0.01150853 - samples/sec: 153.78 - lr: 0.001563
2022-05-20 00:11:19,141 epoch 44 - iter 460/469 - loss 0.01149897 - samples/sec: 147.84 - lr: 0.001563
2022-05-20 00:11:21,016 ----------------------------------------------------------------------------------------------------
2022-05-20 00:11:21,016 EPOCH 44 done: loss 0.0115 - lr 0.001563
2022-05-20 00:11:47,703 Evaluating as a multi-label problem: False
2022-05-20 00:11:47,742 DEV : loss 0.03356629237532616 - f1-score (micro avg)  0.9554
2022-05-20 00:11:47,973 BAD EPOCHS (no improvement): 2
2022-05-20 00:11:47,984 ----------------------------------------------------------------------------------------------------
2022-05-20 00:11:58,140 epoch 45 - iter 46/469 - loss 0.01062841 - samples/sec: 145.01 - lr: 0.001563
2022-05-20 00:12:08,299 epoch 45 - iter 92/469 - loss 0.01090558 - samples/sec: 144.95 - lr: 0.001563
2022-05-20 00:12:18,384 epoch 45 - iter 138/469 - loss 0.01156267 - samples/sec: 146.00 - lr: 0.001563
2022-05-20 00:12:28,579 epoch 45 - iter 184/469 - loss 0.01148643 - samples/sec: 144.44 - lr: 0.001563
2022-05-20 00:12:38,785 epoch 45 - iter 230/469 - loss 0.01155259 - samples/sec: 144.27 - lr: 0.001563
2022-05-20 00:12:47,441 epoch 45 - iter 276/469 - loss 0.01159573 - samples/sec: 170.13 - lr: 0.001563
2022-05-20 00:12:54,183 epoch 45 - iter 322/469 - loss 0.01192982 - samples/sec: 218.44 - lr: 0.001563
2022-05-20 00:13:02,918 epoch 45 - iter 368/469 - loss 0.01201243 - samples/sec: 168.58 - lr: 0.001563
2022-05-20 00:13:11,670 epoch 45 - iter 414/469 - loss 0.01185838 - samples/sec: 168.26 - lr: 0.001563
2022-05-20 00:13:21,397 epoch 45 - iter 460/469 - loss 0.01177648 - samples/sec: 151.38 - lr: 0.001563
2022-05-20 00:13:23,393 ----------------------------------------------------------------------------------------------------
2022-05-20 00:13:23,394 EPOCH 45 done: loss 0.0118 - lr 0.001563
2022-05-20 00:13:49,692 Evaluating as a multi-label problem: False
2022-05-20 00:13:49,733 DEV : loss 0.033527106046676636 - f1-score (micro avg)  0.9552
2022-05-20 00:13:49,966 BAD EPOCHS (no improvement): 3
2022-05-20 00:13:49,968 ----------------------------------------------------------------------------------------------------
2022-05-20 00:14:00,068 epoch 46 - iter 46/469 - loss 0.01154166 - samples/sec: 145.80 - lr: 0.001563
2022-05-20 00:14:10,256 epoch 46 - iter 92/469 - loss 0.01227074 - samples/sec: 144.54 - lr: 0.001563
2022-05-20 00:14:21,116 epoch 46 - iter 138/469 - loss 0.01181560 - samples/sec: 135.59 - lr: 0.001563
2022-05-20 00:14:31,326 epoch 46 - iter 184/469 - loss 0.01188133 - samples/sec: 144.21 - lr: 0.001563
2022-05-20 00:14:41,641 epoch 46 - iter 230/469 - loss 0.01157873 - samples/sec: 142.76 - lr: 0.001563
2022-05-20 00:14:51,645 epoch 46 - iter 276/469 - loss 0.01156616 - samples/sec: 147.18 - lr: 0.001563
2022-05-20 00:15:00,545 epoch 46 - iter 322/469 - loss 0.01163824 - samples/sec: 165.47 - lr: 0.001563
2022-05-20 00:15:09,415 epoch 46 - iter 368/469 - loss 0.01176146 - samples/sec: 166.01 - lr: 0.001563
2022-05-20 00:15:17,806 epoch 46 - iter 414/469 - loss 0.01172037 - samples/sec: 175.50 - lr: 0.001563
2022-05-20 00:15:27,285 epoch 46 - iter 460/469 - loss 0.01155573 - samples/sec: 155.34 - lr: 0.001563
2022-05-20 00:15:29,033 ----------------------------------------------------------------------------------------------------
2022-05-20 00:15:29,034 EPOCH 46 done: loss 0.0115 - lr 0.001563
2022-05-20 00:15:55,381 Evaluating as a multi-label problem: False
2022-05-20 00:15:55,420 DEV : loss 0.03352823480963707 - f1-score (micro avg)  0.9552
2022-05-20 00:15:55,652 Epoch    46: reducing learning rate of group 0 to 7.8125e-04.
2022-05-20 00:15:55,652 BAD EPOCHS (no improvement): 4
2022-05-20 00:15:55,676 ----------------------------------------------------------------------------------------------------
2022-05-20 00:16:05,662 epoch 47 - iter 46/469 - loss 0.01202214 - samples/sec: 147.47 - lr: 0.000781
2022-05-20 00:16:16,324 epoch 47 - iter 92/469 - loss 0.01193209 - samples/sec: 138.11 - lr: 0.000781
2022-05-20 00:16:26,322 epoch 47 - iter 138/469 - loss 0.01271443 - samples/sec: 147.28 - lr: 0.000781
2022-05-20 00:16:36,492 epoch 47 - iter 184/469 - loss 0.01197228 - samples/sec: 144.78 - lr: 0.000781
2022-05-20 00:16:46,837 epoch 47 - iter 230/469 - loss 0.01170552 - samples/sec: 142.34 - lr: 0.000781
2022-05-20 00:16:56,995 epoch 47 - iter 276/469 - loss 0.01198440 - samples/sec: 144.97 - lr: 0.000781
2022-05-20 00:17:05,993 epoch 47 - iter 322/469 - loss 0.01187965 - samples/sec: 163.64 - lr: 0.000781
2022-05-20 00:17:14,822 epoch 47 - iter 368/469 - loss 0.01148814 - samples/sec: 166.80 - lr: 0.000781
2022-05-20 00:17:23,663 epoch 47 - iter 414/469 - loss 0.01169499 - samples/sec: 166.56 - lr: 0.000781
2022-05-20 00:17:32,797 epoch 47 - iter 460/469 - loss 0.01146908 - samples/sec: 161.21 - lr: 0.000781
2022-05-20 00:17:34,594 ----------------------------------------------------------------------------------------------------
2022-05-20 00:17:34,594 EPOCH 47 done: loss 0.0115 - lr 0.000781
2022-05-20 00:18:00,713 Evaluating as a multi-label problem: False
2022-05-20 00:18:00,752 DEV : loss 0.033514782786369324 - f1-score (micro avg)  0.9551
2022-05-20 00:18:00,984 BAD EPOCHS (no improvement): 1
2022-05-20 00:18:01,008 ----------------------------------------------------------------------------------------------------
2022-05-20 00:18:11,515 epoch 48 - iter 46/469 - loss 0.01394605 - samples/sec: 140.16 - lr: 0.000781
2022-05-20 00:18:21,520 epoch 48 - iter 92/469 - loss 0.01287280 - samples/sec: 147.18 - lr: 0.000781
2022-05-20 00:18:31,889 epoch 48 - iter 138/469 - loss 0.01255006 - samples/sec: 142.00 - lr: 0.000781
2022-05-20 00:18:41,796 epoch 48 - iter 184/469 - loss 0.01235685 - samples/sec: 148.63 - lr: 0.000781
2022-05-20 00:18:51,709 epoch 48 - iter 230/469 - loss 0.01207363 - samples/sec: 148.54 - lr: 0.000781
2022-05-20 00:19:01,722 epoch 48 - iter 276/469 - loss 0.01202260 - samples/sec: 147.06 - lr: 0.000781
2022-05-20 00:19:11,146 epoch 48 - iter 322/469 - loss 0.01181251 - samples/sec: 156.25 - lr: 0.000781
2022-05-20 00:19:20,009 epoch 48 - iter 368/469 - loss 0.01158048 - samples/sec: 166.15 - lr: 0.000781
2022-05-20 00:19:28,808 epoch 48 - iter 414/469 - loss 0.01144617 - samples/sec: 167.34 - lr: 0.000781
2022-05-20 00:19:38,027 epoch 48 - iter 460/469 - loss 0.01143395 - samples/sec: 159.74 - lr: 0.000781
2022-05-20 00:19:40,103 ----------------------------------------------------------------------------------------------------
2022-05-20 00:19:40,103 EPOCH 48 done: loss 0.0115 - lr 0.000781
2022-05-20 00:20:06,438 Evaluating as a multi-label problem: False
2022-05-20 00:20:06,476 DEV : loss 0.03346335142850876 - f1-score (micro avg)  0.9552
2022-05-20 00:20:06,709 BAD EPOCHS (no improvement): 2
2022-05-20 00:20:06,711 ----------------------------------------------------------------------------------------------------
2022-05-20 00:20:16,929 epoch 49 - iter 46/469 - loss 0.01035934 - samples/sec: 144.11 - lr: 0.000781
2022-05-20 00:20:26,639 epoch 49 - iter 92/469 - loss 0.01016032 - samples/sec: 151.65 - lr: 0.000781
2022-05-20 00:20:36,685 epoch 49 - iter 138/469 - loss 0.01082224 - samples/sec: 146.58 - lr: 0.000781
2022-05-20 00:20:47,001 epoch 49 - iter 184/469 - loss 0.01069594 - samples/sec: 142.73 - lr: 0.000781
2022-05-20 00:20:57,592 epoch 49 - iter 230/469 - loss 0.01122567 - samples/sec: 139.03 - lr: 0.000781
2022-05-20 00:21:07,635 epoch 49 - iter 276/469 - loss 0.01127975 - samples/sec: 146.62 - lr: 0.000781
2022-05-20 00:21:16,998 epoch 49 - iter 322/469 - loss 0.01116066 - samples/sec: 157.28 - lr: 0.000781
2022-05-20 00:21:26,051 epoch 49 - iter 368/469 - loss 0.01139061 - samples/sec: 162.65 - lr: 0.000781
2022-05-20 00:21:34,903 epoch 49 - iter 414/469 - loss 0.01127934 - samples/sec: 166.35 - lr: 0.000781
2022-05-20 00:21:44,441 epoch 49 - iter 460/469 - loss 0.01125634 - samples/sec: 154.39 - lr: 0.000781
2022-05-20 00:21:46,150 ----------------------------------------------------------------------------------------------------
2022-05-20 00:21:46,150 EPOCH 49 done: loss 0.0112 - lr 0.000781
2022-05-20 00:22:12,548 Evaluating as a multi-label problem: False
2022-05-20 00:22:12,587 DEV : loss 0.03347671404480934 - f1-score (micro avg)  0.9554
2022-05-20 00:22:12,820 BAD EPOCHS (no improvement): 3
2022-05-20 00:22:12,823 ----------------------------------------------------------------------------------------------------
2022-05-20 00:22:22,621 epoch 50 - iter 46/469 - loss 0.01334425 - samples/sec: 150.29 - lr: 0.000781
2022-05-20 00:22:32,518 epoch 50 - iter 92/469 - loss 0.01244192 - samples/sec: 148.79 - lr: 0.000781
2022-05-20 00:22:42,598 epoch 50 - iter 138/469 - loss 0.01152915 - samples/sec: 146.08 - lr: 0.000781
2022-05-20 00:22:52,413 epoch 50 - iter 184/469 - loss 0.01160797 - samples/sec: 150.02 - lr: 0.000781
2022-05-20 00:23:02,328 epoch 50 - iter 230/469 - loss 0.01172679 - samples/sec: 148.51 - lr: 0.000781
2022-05-20 00:23:12,602 epoch 50 - iter 276/469 - loss 0.01157623 - samples/sec: 143.32 - lr: 0.000781
2022-05-20 00:23:22,095 epoch 50 - iter 322/469 - loss 0.01119635 - samples/sec: 155.12 - lr: 0.000781
2022-05-20 00:23:31,436 epoch 50 - iter 368/469 - loss 0.01101571 - samples/sec: 157.63 - lr: 0.000781
2022-05-20 00:23:40,273 epoch 50 - iter 414/469 - loss 0.01144735 - samples/sec: 166.63 - lr: 0.000781
2022-05-20 00:23:47,583 epoch 50 - iter 460/469 - loss 0.01142666 - samples/sec: 201.47 - lr: 0.000781
2022-05-20 00:23:48,909 ----------------------------------------------------------------------------------------------------
2022-05-20 00:23:48,909 EPOCH 50 done: loss 0.0114 - lr 0.000781
2022-05-20 00:24:08,356 Evaluating as a multi-label problem: False
2022-05-20 00:24:08,395 DEV : loss 0.0335053876042366 - f1-score (micro avg)  0.9557
2022-05-20 00:24:08,628 Epoch    50: reducing learning rate of group 0 to 3.9063e-04.
2022-05-20 00:24:08,628 BAD EPOCHS (no improvement): 4
2022-05-20 00:24:08,630 ----------------------------------------------------------------------------------------------------
2022-05-20 00:24:15,598 epoch 51 - iter 46/469 - loss 0.01084245 - samples/sec: 211.38 - lr: 0.000391
2022-05-20 00:24:22,013 epoch 51 - iter 92/469 - loss 0.01108269 - samples/sec: 229.57 - lr: 0.000391
2022-05-20 00:24:28,938 epoch 51 - iter 138/469 - loss 0.01172941 - samples/sec: 212.68 - lr: 0.000391
2022-05-20 00:24:35,662 epoch 51 - iter 184/469 - loss 0.01222567 - samples/sec: 219.03 - lr: 0.000391
2022-05-20 00:24:45,677 epoch 51 - iter 230/469 - loss 0.01191990 - samples/sec: 147.04 - lr: 0.000391
2022-05-20 00:24:57,194 epoch 51 - iter 276/469 - loss 0.01234936 - samples/sec: 127.84 - lr: 0.000391
2022-05-20 00:25:08,807 epoch 51 - iter 322/469 - loss 0.01225283 - samples/sec: 126.80 - lr: 0.000391
2022-05-20 00:25:19,828 epoch 51 - iter 368/469 - loss 0.01227655 - samples/sec: 133.61 - lr: 0.000391
2022-05-20 00:25:31,267 epoch 51 - iter 414/469 - loss 0.01237655 - samples/sec: 128.72 - lr: 0.000391
2022-05-20 00:25:42,360 epoch 51 - iter 460/469 - loss 0.01234085 - samples/sec: 132.74 - lr: 0.000391
2022-05-20 00:25:44,556 ----------------------------------------------------------------------------------------------------
2022-05-20 00:25:44,556 EPOCH 51 done: loss 0.0123 - lr 0.000391
2022-05-20 00:26:18,592 Evaluating as a multi-label problem: False
2022-05-20 00:26:18,631 DEV : loss 0.03355327621102333 - f1-score (micro avg)  0.9557
2022-05-20 00:26:18,906 BAD EPOCHS (no improvement): 1
2022-05-20 00:26:18,922 ----------------------------------------------------------------------------------------------------
2022-05-20 00:26:28,448 epoch 52 - iter 46/469 - loss 0.01226987 - samples/sec: 154.59 - lr: 0.000391
2022-05-20 00:26:38,383 epoch 52 - iter 92/469 - loss 0.01210946 - samples/sec: 148.23 - lr: 0.000391
2022-05-20 00:26:50,268 epoch 52 - iter 138/469 - loss 0.01152226 - samples/sec: 123.89 - lr: 0.000391
2022-05-20 00:27:01,811 epoch 52 - iter 184/469 - loss 0.01126969 - samples/sec: 127.57 - lr: 0.000391
2022-05-20 00:27:13,773 epoch 52 - iter 230/469 - loss 0.01132625 - samples/sec: 123.09 - lr: 0.000391
2022-05-20 00:27:24,759 epoch 52 - iter 276/469 - loss 0.01119989 - samples/sec: 134.04 - lr: 0.000391
2022-05-20 00:27:36,479 epoch 52 - iter 322/469 - loss 0.01129302 - samples/sec: 125.64 - lr: 0.000391
2022-05-20 00:27:47,645 epoch 52 - iter 368/469 - loss 0.01125952 - samples/sec: 131.86 - lr: 0.000391
2022-05-20 00:27:58,799 epoch 52 - iter 414/469 - loss 0.01125259 - samples/sec: 132.02 - lr: 0.000391
2022-05-20 00:28:09,978 epoch 52 - iter 460/469 - loss 0.01103344 - samples/sec: 131.71 - lr: 0.000391
2022-05-20 00:28:12,012 ----------------------------------------------------------------------------------------------------
2022-05-20 00:28:12,013 EPOCH 52 done: loss 0.0111 - lr 0.000391
2022-05-20 00:28:39,044 Evaluating as a multi-label problem: False
2022-05-20 00:28:39,083 DEV : loss 0.033585075289011 - f1-score (micro avg)  0.9556
2022-05-20 00:28:39,359 BAD EPOCHS (no improvement): 2
2022-05-20 00:28:39,361 ----------------------------------------------------------------------------------------------------
2022-05-20 00:28:47,361 epoch 53 - iter 46/469 - loss 0.01171659 - samples/sec: 184.09 - lr: 0.000391
2022-05-20 00:28:55,419 epoch 53 - iter 92/469 - loss 0.01074752 - samples/sec: 182.75 - lr: 0.000391
2022-05-20 00:29:03,827 epoch 53 - iter 138/469 - loss 0.01133613 - samples/sec: 175.15 - lr: 0.000391
2022-05-20 00:29:11,665 epoch 53 - iter 184/469 - loss 0.01157684 - samples/sec: 187.88 - lr: 0.000391
2022-05-20 00:29:19,767 epoch 53 - iter 230/469 - loss 0.01165221 - samples/sec: 181.79 - lr: 0.000391
2022-05-20 00:29:28,066 epoch 53 - iter 276/469 - loss 0.01147895 - samples/sec: 177.44 - lr: 0.000391
2022-05-20 00:29:36,970 epoch 53 - iter 322/469 - loss 0.01159931 - samples/sec: 165.39 - lr: 0.000391
2022-05-20 00:29:48,383 epoch 53 - iter 368/469 - loss 0.01164163 - samples/sec: 129.02 - lr: 0.000391
2022-05-20 00:30:00,056 epoch 53 - iter 414/469 - loss 0.01174398 - samples/sec: 126.14 - lr: 0.000391
2022-05-20 00:30:10,920 epoch 53 - iter 460/469 - loss 0.01176170 - samples/sec: 135.54 - lr: 0.000391
2022-05-20 00:30:12,945 ----------------------------------------------------------------------------------------------------
2022-05-20 00:30:12,945 EPOCH 53 done: loss 0.0117 - lr 0.000391
2022-05-20 00:30:44,075 Evaluating as a multi-label problem: False
2022-05-20 00:30:44,114 DEV : loss 0.033562999218702316 - f1-score (micro avg)  0.9556
2022-05-20 00:30:44,391 BAD EPOCHS (no improvement): 3
2022-05-20 00:30:44,405 ----------------------------------------------------------------------------------------------------
2022-05-20 00:30:56,352 epoch 54 - iter 46/469 - loss 0.01296388 - samples/sec: 123.26 - lr: 0.000391
2022-05-20 00:31:07,255 epoch 54 - iter 92/469 - loss 0.01243744 - samples/sec: 135.05 - lr: 0.000391
2022-05-20 00:31:17,990 epoch 54 - iter 138/469 - loss 0.01177395 - samples/sec: 137.16 - lr: 0.000391
2022-05-20 00:31:27,695 epoch 54 - iter 184/469 - loss 0.01144460 - samples/sec: 151.74 - lr: 0.000391
2022-05-20 00:31:37,848 epoch 54 - iter 230/469 - loss 0.01107424 - samples/sec: 145.03 - lr: 0.000391
2022-05-20 00:31:48,690 epoch 54 - iter 276/469 - loss 0.01116554 - samples/sec: 135.81 - lr: 0.000391
2022-05-20 00:31:58,683 epoch 54 - iter 322/469 - loss 0.01127405 - samples/sec: 147.36 - lr: 0.000391
2022-05-20 00:32:08,385 epoch 54 - iter 368/469 - loss 0.01147278 - samples/sec: 151.77 - lr: 0.000391
2022-05-20 00:32:18,708 epoch 54 - iter 414/469 - loss 0.01134539 - samples/sec: 142.64 - lr: 0.000391
2022-05-20 00:32:28,926 epoch 54 - iter 460/469 - loss 0.01123171 - samples/sec: 144.10 - lr: 0.000391
2022-05-20 00:32:30,924 ----------------------------------------------------------------------------------------------------
2022-05-20 00:32:30,924 EPOCH 54 done: loss 0.0111 - lr 0.000391
2022-05-20 00:33:02,518 Evaluating as a multi-label problem: False
2022-05-20 00:33:02,557 DEV : loss 0.033531304448843 - f1-score (micro avg)  0.9553
2022-05-20 00:33:02,833 Epoch    54: reducing learning rate of group 0 to 1.9531e-04.
2022-05-20 00:33:02,833 BAD EPOCHS (no improvement): 4
2022-05-20 00:33:02,835 ----------------------------------------------------------------------------------------------------
2022-05-20 00:33:14,299 epoch 55 - iter 46/469 - loss 0.01316009 - samples/sec: 128.45 - lr: 0.000195
2022-05-20 00:33:24,327 epoch 55 - iter 92/469 - loss 0.01216706 - samples/sec: 146.84 - lr: 0.000195
2022-05-20 00:33:34,637 epoch 55 - iter 138/469 - loss 0.01146978 - samples/sec: 142.82 - lr: 0.000195
2022-05-20 00:33:44,907 epoch 55 - iter 184/469 - loss 0.01107549 - samples/sec: 143.38 - lr: 0.000195
2022-05-20 00:33:55,171 epoch 55 - iter 230/469 - loss 0.01116102 - samples/sec: 143.46 - lr: 0.000195
2022-05-20 00:34:05,714 epoch 55 - iter 276/469 - loss 0.01128162 - samples/sec: 139.67 - lr: 0.000195
2022-05-20 00:34:16,247 epoch 55 - iter 322/469 - loss 0.01135350 - samples/sec: 139.80 - lr: 0.000195
2022-05-20 00:34:26,280 epoch 55 - iter 368/469 - loss 0.01125592 - samples/sec: 146.75 - lr: 0.000195
2022-05-20 00:34:36,730 epoch 55 - iter 414/469 - loss 0.01120950 - samples/sec: 140.91 - lr: 0.000195
2022-05-20 00:34:46,995 epoch 55 - iter 460/469 - loss 0.01119973 - samples/sec: 143.45 - lr: 0.000195
2022-05-20 00:34:48,994 ----------------------------------------------------------------------------------------------------
2022-05-20 00:34:48,994 EPOCH 55 done: loss 0.0111 - lr 0.000195
2022-05-20 00:35:15,708 Evaluating as a multi-label problem: False
2022-05-20 00:35:15,747 DEV : loss 0.03355031460523605 - f1-score (micro avg)  0.9555
2022-05-20 00:35:15,980 BAD EPOCHS (no improvement): 1
2022-05-20 00:35:15,981 ----------------------------------------------------------------------------------------------------
2022-05-20 00:35:25,461 epoch 56 - iter 46/469 - loss 0.01256676 - samples/sec: 155.35 - lr: 0.000195
2022-05-20 00:35:34,352 epoch 56 - iter 92/469 - loss 0.01142928 - samples/sec: 165.63 - lr: 0.000195
2022-05-20 00:35:44,032 epoch 56 - iter 138/469 - loss 0.01207992 - samples/sec: 152.11 - lr: 0.000195
2022-05-20 00:35:53,892 epoch 56 - iter 184/469 - loss 0.01221274 - samples/sec: 149.34 - lr: 0.000195
2022-05-20 00:36:04,137 epoch 56 - iter 230/469 - loss 0.01197083 - samples/sec: 143.73 - lr: 0.000195
2022-05-20 00:36:14,115 epoch 56 - iter 276/469 - loss 0.01197217 - samples/sec: 147.58 - lr: 0.000195
2022-05-20 00:36:24,639 epoch 56 - iter 322/469 - loss 0.01172563 - samples/sec: 139.92 - lr: 0.000195
2022-05-20 00:36:35,049 epoch 56 - iter 368/469 - loss 0.01170764 - samples/sec: 141.45 - lr: 0.000195
2022-05-20 00:36:45,084 epoch 56 - iter 414/469 - loss 0.01164623 - samples/sec: 146.73 - lr: 0.000195
2022-05-20 00:36:55,617 epoch 56 - iter 460/469 - loss 0.01201170 - samples/sec: 139.81 - lr: 0.000195
2022-05-20 00:36:57,635 ----------------------------------------------------------------------------------------------------
2022-05-20 00:36:57,635 EPOCH 56 done: loss 0.0120 - lr 0.000195
2022-05-20 00:37:24,331 Evaluating as a multi-label problem: False
2022-05-20 00:37:24,369 DEV : loss 0.03355100005865097 - f1-score (micro avg)  0.9553
2022-05-20 00:37:24,601 BAD EPOCHS (no improvement): 2
2022-05-20 00:37:24,604 ----------------------------------------------------------------------------------------------------
2022-05-20 00:37:33,869 epoch 57 - iter 46/469 - loss 0.00947962 - samples/sec: 158.95 - lr: 0.000195
2022-05-20 00:37:42,666 epoch 57 - iter 92/469 - loss 0.01091619 - samples/sec: 167.40 - lr: 0.000195
2022-05-20 00:37:49,950 epoch 57 - iter 138/469 - loss 0.01146847 - samples/sec: 202.17 - lr: 0.000195
2022-05-20 00:37:57,533 epoch 57 - iter 184/469 - loss 0.01154868 - samples/sec: 194.19 - lr: 0.000195
2022-05-20 00:38:07,296 epoch 57 - iter 230/469 - loss 0.01146773 - samples/sec: 150.83 - lr: 0.000195
2022-05-20 00:38:17,516 epoch 57 - iter 276/469 - loss 0.01123080 - samples/sec: 144.07 - lr: 0.000195
2022-05-20 00:38:28,063 epoch 57 - iter 322/469 - loss 0.01110678 - samples/sec: 139.61 - lr: 0.000195
2022-05-20 00:38:38,030 epoch 57 - iter 368/469 - loss 0.01114406 - samples/sec: 147.74 - lr: 0.000195
2022-05-20 00:38:48,351 epoch 57 - iter 414/469 - loss 0.01116811 - samples/sec: 142.68 - lr: 0.000195
2022-05-20 00:38:58,470 epoch 57 - iter 460/469 - loss 0.01141886 - samples/sec: 145.51 - lr: 0.000195
2022-05-20 00:39:00,318 ----------------------------------------------------------------------------------------------------
2022-05-20 00:39:00,318 EPOCH 57 done: loss 0.0115 - lr 0.000195
2022-05-20 00:39:26,408 Evaluating as a multi-label problem: False
2022-05-20 00:39:26,447 DEV : loss 0.03355561941862106 - f1-score (micro avg)  0.9552
2022-05-20 00:39:26,680 BAD EPOCHS (no improvement): 3
2022-05-20 00:39:26,695 ----------------------------------------------------------------------------------------------------
2022-05-20 00:39:36,517 epoch 58 - iter 46/469 - loss 0.01287506 - samples/sec: 149.93 - lr: 0.000195
2022-05-20 00:39:45,481 epoch 58 - iter 92/469 - loss 0.01147716 - samples/sec: 164.28 - lr: 0.000195
2022-05-20 00:39:54,028 epoch 58 - iter 138/469 - loss 0.01128173 - samples/sec: 172.29 - lr: 0.000195
2022-05-20 00:40:02,993 epoch 58 - iter 184/469 - loss 0.01120588 - samples/sec: 164.24 - lr: 0.000195
2022-05-20 00:40:12,819 epoch 58 - iter 230/469 - loss 0.01106104 - samples/sec: 149.87 - lr: 0.000195
2022-05-20 00:40:23,228 epoch 58 - iter 276/469 - loss 0.01114269 - samples/sec: 141.46 - lr: 0.000195
2022-05-20 00:40:33,419 epoch 58 - iter 322/469 - loss 0.01114471 - samples/sec: 144.49 - lr: 0.000195
2022-05-20 00:40:43,490 epoch 58 - iter 368/469 - loss 0.01112451 - samples/sec: 146.20 - lr: 0.000195
2022-05-20 00:40:53,572 epoch 58 - iter 414/469 - loss 0.01117942 - samples/sec: 146.06 - lr: 0.000195
2022-05-20 00:41:03,790 epoch 58 - iter 460/469 - loss 0.01161714 - samples/sec: 144.10 - lr: 0.000195
2022-05-20 00:41:05,863 ----------------------------------------------------------------------------------------------------
2022-05-20 00:41:05,863 EPOCH 58 done: loss 0.0117 - lr 0.000195
2022-05-20 00:41:32,347 Evaluating as a multi-label problem: False
2022-05-20 00:41:32,385 DEV : loss 0.03354835882782936 - f1-score (micro avg)  0.9554
2022-05-20 00:41:32,618 Epoch    58: reducing learning rate of group 0 to 9.7656e-05.
2022-05-20 00:41:32,618 BAD EPOCHS (no improvement): 4
2022-05-20 00:41:32,621 ----------------------------------------------------------------------------------------------------
2022-05-20 00:41:32,621 ----------------------------------------------------------------------------------------------------
2022-05-20 00:41:32,621 learning rate too small - quitting training!
2022-05-20 00:41:32,621 ----------------------------------------------------------------------------------------------------
2022-05-20 00:42:14,095 ----------------------------------------------------------------------------------------------------
2022-05-20 00:42:14,096 loading file resources/taggers/model_04_r11_run_2/best-model.pt
2022-05-20 00:42:45,926 SequenceTagger predicts: Dictionary with 19 tags: O, S-LOC, B-LOC, E-LOC, I-LOC, S-PER, B-PER, E-PER, I-PER, S-ORG, B-ORG, E-ORG, I-ORG, S-MISC, B-MISC, E-MISC, I-MISC, <START>, <STOP>
2022-05-20 00:43:23,960 Evaluating as a multi-label problem: False
2022-05-20 00:43:23,997 0.906	0.9161	0.911	0.873
2022-05-20 00:43:23,997 
Results:
- F-score (micro) 0.911
- F-score (macro) 0.8977
- Accuracy 0.873

By class:
              precision    recall  f1-score   support

         ORG     0.8865    0.8934    0.8900      1661
         LOC     0.9313    0.9263    0.9288      1668
         PER     0.9505    0.9629    0.9567      1617
        MISC     0.7946    0.8376    0.8155       702

   micro avg     0.9060    0.9161    0.9110      5648
   macro avg     0.8907    0.9050    0.8977      5648
weighted avg     0.9066    0.9161    0.9113      5648

2022-05-20 00:43:23,997 ----------------------------------------------------------------------------------------------------
