2022-05-23 14:50:59,383 ----------------------------------------------------------------------------------------------------
2022-05-23 14:50:59,384 Model: "SequenceTagger(
  (embeddings): StackedEmbeddings(
    (list_embedding_0): GazetteerEmbeddings()
    (list_embedding_1): FlairEmbeddings(
      (lm): LanguageModel(
        (drop): Dropout(p=0.05, inplace=False)
        (encoder): Embedding(300, 100)
        (rnn): LSTM(100, 2048)
        (decoder): Linear(in_features=2048, out_features=300, bias=True)
      )
    )
    (list_embedding_2): FlairEmbeddings(
      (lm): LanguageModel(
        (drop): Dropout(p=0.05, inplace=False)
        (encoder): Embedding(300, 100)
        (rnn): LSTM(100, 2048)
        (decoder): Linear(in_features=2048, out_features=300, bias=True)
      )
    )
  )
  (word_dropout): WordDropout(p=0.05)
  (locked_dropout): LockedDropout(p=0.5)
  (embedding2nn): Linear(in_features=4272, out_features=4272, bias=True)
  (rnn): LSTM(4272, 256, batch_first=True, bidirectional=True)
  (linear): Linear(in_features=512, out_features=27, bias=True)
  (loss_function): ViterbiLoss()
  (crf): CRF()
)"
2022-05-23 14:50:59,384 ----------------------------------------------------------------------------------------------------
2022-05-23 14:50:59,385 Corpus: "Corpus: 3394 train + 1009 dev + 1287 test sentences"
2022-05-23 14:50:59,386 ----------------------------------------------------------------------------------------------------
2022-05-23 14:50:59,386 Parameters:
2022-05-23 14:50:59,386  - learning_rate: "0.100000"
2022-05-23 14:50:59,386  - mini_batch_size: "32"
2022-05-23 14:50:59,386  - patience: "3"
2022-05-23 14:50:59,387  - anneal_factor: "0.5"
2022-05-23 14:50:59,387  - max_epochs: "150"
2022-05-23 14:50:59,387  - shuffle: "True"
2022-05-23 14:50:59,387  - train_with_dev: "False"
2022-05-23 14:50:59,387  - batch_growth_annealing: "False"
2022-05-23 14:50:59,387 ----------------------------------------------------------------------------------------------------
2022-05-23 14:50:59,387 Model training base path: "resources/taggers/model_04_r15_run_1"
2022-05-23 14:50:59,388 ----------------------------------------------------------------------------------------------------
2022-05-23 14:50:59,388 Device: cuda:0
2022-05-23 14:50:59,388 ----------------------------------------------------------------------------------------------------
2022-05-23 14:50:59,388 Embeddings storage mode: cpu
2022-05-23 14:50:59,388 ----------------------------------------------------------------------------------------------------
2022-05-23 14:51:02,453 epoch 1 - iter 10/107 - loss 1.87732801 - samples/sec: 104.45 - lr: 0.100000
2022-05-23 14:51:05,258 epoch 1 - iter 20/107 - loss 1.08854857 - samples/sec: 114.16 - lr: 0.100000
2022-05-23 14:51:08,259 epoch 1 - iter 30/107 - loss 0.82120626 - samples/sec: 106.67 - lr: 0.100000
2022-05-23 14:51:11,080 epoch 1 - iter 40/107 - loss 0.68597913 - samples/sec: 113.50 - lr: 0.100000
2022-05-23 14:51:14,119 epoch 1 - iter 50/107 - loss 0.59455524 - samples/sec: 105.35 - lr: 0.100000
2022-05-23 14:51:17,236 epoch 1 - iter 60/107 - loss 0.54654328 - samples/sec: 102.70 - lr: 0.100000
2022-05-23 14:51:20,097 epoch 1 - iter 70/107 - loss 0.51116714 - samples/sec: 111.92 - lr: 0.100000
2022-05-23 14:51:22,820 epoch 1 - iter 80/107 - loss 0.48959257 - samples/sec: 117.54 - lr: 0.100000
2022-05-23 14:51:25,377 epoch 1 - iter 90/107 - loss 0.47446893 - samples/sec: 125.20 - lr: 0.100000
2022-05-23 14:51:28,042 epoch 1 - iter 100/107 - loss 0.45782661 - samples/sec: 120.13 - lr: 0.100000
2022-05-23 14:51:29,678 ----------------------------------------------------------------------------------------------------
2022-05-23 14:51:29,678 EPOCH 1 done: loss 0.4464 - lr 0.100000
2022-05-23 14:51:41,501 Evaluating as a multi-label problem: False
2022-05-23 14:51:41,514 DEV : loss 0.41108906269073486 - f1-score (micro avg)  0.2429
2022-05-23 14:51:41,586 BAD EPOCHS (no improvement): 0
2022-05-23 14:51:42,243 saving best model
2022-05-23 14:52:52,219 ----------------------------------------------------------------------------------------------------
2022-05-23 14:52:53,954 epoch 2 - iter 10/107 - loss 0.23187574 - samples/sec: 184.73 - lr: 0.100000
2022-05-23 14:52:55,599 epoch 2 - iter 20/107 - loss 0.24133590 - samples/sec: 194.64 - lr: 0.100000
2022-05-23 14:52:57,279 epoch 2 - iter 30/107 - loss 0.23621615 - samples/sec: 190.56 - lr: 0.100000
2022-05-23 14:52:58,931 epoch 2 - iter 40/107 - loss 0.23643912 - samples/sec: 193.89 - lr: 0.100000
2022-05-23 14:53:00,629 epoch 2 - iter 50/107 - loss 0.22614065 - samples/sec: 188.56 - lr: 0.100000
2022-05-23 14:53:02,301 epoch 2 - iter 60/107 - loss 0.22516098 - samples/sec: 191.50 - lr: 0.100000
2022-05-23 14:53:03,960 epoch 2 - iter 70/107 - loss 0.22199520 - samples/sec: 193.03 - lr: 0.100000
2022-05-23 14:53:05,624 epoch 2 - iter 80/107 - loss 0.21358766 - samples/sec: 192.43 - lr: 0.100000
2022-05-23 14:53:07,336 epoch 2 - iter 90/107 - loss 0.21299482 - samples/sec: 187.06 - lr: 0.100000
2022-05-23 14:53:08,949 epoch 2 - iter 100/107 - loss 0.20870921 - samples/sec: 198.48 - lr: 0.100000
2022-05-23 14:53:10,017 ----------------------------------------------------------------------------------------------------
2022-05-23 14:53:10,018 EPOCH 2 done: loss 0.2038 - lr 0.100000
2022-05-23 14:53:15,929 Evaluating as a multi-label problem: False
2022-05-23 14:53:15,940 DEV : loss 0.34867367148399353 - f1-score (micro avg)  0.2964
2022-05-23 14:53:16,010 BAD EPOCHS (no improvement): 0
2022-05-23 14:53:16,040 saving best model
2022-05-23 14:54:22,278 ----------------------------------------------------------------------------------------------------
2022-05-23 14:54:24,278 epoch 3 - iter 10/107 - loss 0.17867359 - samples/sec: 160.20 - lr: 0.100000
2022-05-23 14:54:26,058 epoch 3 - iter 20/107 - loss 0.16999485 - samples/sec: 179.91 - lr: 0.100000
2022-05-23 14:54:27,844 epoch 3 - iter 30/107 - loss 0.18818759 - samples/sec: 179.19 - lr: 0.100000
2022-05-23 14:54:29,691 epoch 3 - iter 40/107 - loss 0.17905601 - samples/sec: 173.42 - lr: 0.100000
2022-05-23 14:54:31,425 epoch 3 - iter 50/107 - loss 0.17603364 - samples/sec: 184.60 - lr: 0.100000
2022-05-23 14:54:33,092 epoch 3 - iter 60/107 - loss 0.17845165 - samples/sec: 192.11 - lr: 0.100000
2022-05-23 14:54:34,852 epoch 3 - iter 70/107 - loss 0.17317211 - samples/sec: 181.97 - lr: 0.100000
2022-05-23 14:54:36,561 epoch 3 - iter 80/107 - loss 0.16723014 - samples/sec: 187.32 - lr: 0.100000
2022-05-23 14:54:38,272 epoch 3 - iter 90/107 - loss 0.16874856 - samples/sec: 187.14 - lr: 0.100000
2022-05-23 14:54:39,948 epoch 3 - iter 100/107 - loss 0.16756691 - samples/sec: 191.12 - lr: 0.100000
2022-05-23 14:54:41,013 ----------------------------------------------------------------------------------------------------
2022-05-23 14:54:41,013 EPOCH 3 done: loss 0.1675 - lr 0.100000
2022-05-23 14:54:46,878 Evaluating as a multi-label problem: False
2022-05-23 14:54:46,888 DEV : loss 0.25731655955314636 - f1-score (micro avg)  0.4553
2022-05-23 14:54:46,958 BAD EPOCHS (no improvement): 0
2022-05-23 14:54:46,978 saving best model
2022-05-23 14:55:55,921 ----------------------------------------------------------------------------------------------------
2022-05-23 14:55:59,554 epoch 4 - iter 10/107 - loss 0.14564709 - samples/sec: 88.14 - lr: 0.100000
2022-05-23 14:56:02,780 epoch 4 - iter 20/107 - loss 0.13516688 - samples/sec: 99.20 - lr: 0.100000
2022-05-23 14:56:05,931 epoch 4 - iter 30/107 - loss 0.14097898 - samples/sec: 101.61 - lr: 0.100000
2022-05-23 14:56:09,353 epoch 4 - iter 40/107 - loss 0.15083247 - samples/sec: 93.54 - lr: 0.100000
2022-05-23 14:56:12,842 epoch 4 - iter 50/107 - loss 0.14343417 - samples/sec: 91.75 - lr: 0.100000
2022-05-23 14:56:16,239 epoch 4 - iter 60/107 - loss 0.14260636 - samples/sec: 94.23 - lr: 0.100000
2022-05-23 14:56:19,734 epoch 4 - iter 70/107 - loss 0.14504547 - samples/sec: 91.60 - lr: 0.100000
2022-05-23 14:56:23,002 epoch 4 - iter 80/107 - loss 0.14423056 - samples/sec: 97.94 - lr: 0.100000
2022-05-23 14:56:24,971 epoch 4 - iter 90/107 - loss 0.14044180 - samples/sec: 162.63 - lr: 0.100000
2022-05-23 14:56:26,904 epoch 4 - iter 100/107 - loss 0.14030955 - samples/sec: 165.63 - lr: 0.100000
2022-05-23 14:56:28,127 ----------------------------------------------------------------------------------------------------
2022-05-23 14:56:28,127 EPOCH 4 done: loss 0.1435 - lr 0.100000
2022-05-23 14:56:35,336 Evaluating as a multi-label problem: False
2022-05-23 14:56:35,348 DEV : loss 0.2357630878686905 - f1-score (micro avg)  0.4427
2022-05-23 14:56:35,434 BAD EPOCHS (no improvement): 1
2022-05-23 14:56:35,442 ----------------------------------------------------------------------------------------------------
2022-05-23 14:56:37,585 epoch 5 - iter 10/107 - loss 0.12466011 - samples/sec: 149.44 - lr: 0.100000
2022-05-23 14:56:39,635 epoch 5 - iter 20/107 - loss 0.13350358 - samples/sec: 156.21 - lr: 0.100000
2022-05-23 14:56:41,754 epoch 5 - iter 30/107 - loss 0.13303136 - samples/sec: 151.12 - lr: 0.100000
2022-05-23 14:56:43,970 epoch 5 - iter 40/107 - loss 0.12931233 - samples/sec: 144.50 - lr: 0.100000
2022-05-23 14:56:46,107 epoch 5 - iter 50/107 - loss 0.13277163 - samples/sec: 149.79 - lr: 0.100000
2022-05-23 14:56:48,233 epoch 5 - iter 60/107 - loss 0.13438639 - samples/sec: 150.58 - lr: 0.100000
2022-05-23 14:56:50,386 epoch 5 - iter 70/107 - loss 0.13436176 - samples/sec: 148.75 - lr: 0.100000
2022-05-23 14:56:52,534 epoch 5 - iter 80/107 - loss 0.13240846 - samples/sec: 149.06 - lr: 0.100000
2022-05-23 14:56:54,638 epoch 5 - iter 90/107 - loss 0.13013456 - samples/sec: 152.17 - lr: 0.100000
2022-05-23 14:56:56,702 epoch 5 - iter 100/107 - loss 0.12906615 - samples/sec: 155.12 - lr: 0.100000
2022-05-23 14:56:57,809 ----------------------------------------------------------------------------------------------------
2022-05-23 14:56:57,809 EPOCH 5 done: loss 0.1283 - lr 0.100000
2022-05-23 14:57:04,592 Evaluating as a multi-label problem: False
2022-05-23 14:57:04,603 DEV : loss 0.26767295598983765 - f1-score (micro avg)  0.366
2022-05-23 14:57:04,688 BAD EPOCHS (no improvement): 2
2022-05-23 14:57:04,696 ----------------------------------------------------------------------------------------------------
2022-05-23 14:57:06,647 epoch 6 - iter 10/107 - loss 0.12183267 - samples/sec: 164.09 - lr: 0.100000
2022-05-23 14:57:08,507 epoch 6 - iter 20/107 - loss 0.12074306 - samples/sec: 172.18 - lr: 0.100000
2022-05-23 14:57:10,411 epoch 6 - iter 30/107 - loss 0.11670704 - samples/sec: 168.23 - lr: 0.100000
2022-05-23 14:57:12,390 epoch 6 - iter 40/107 - loss 0.12437226 - samples/sec: 161.79 - lr: 0.100000
2022-05-23 14:57:14,611 epoch 6 - iter 50/107 - loss 0.12457455 - samples/sec: 144.14 - lr: 0.100000
2022-05-23 14:57:16,795 epoch 6 - iter 60/107 - loss 0.12238831 - samples/sec: 146.57 - lr: 0.100000
2022-05-23 14:57:18,802 epoch 6 - iter 70/107 - loss 0.12206950 - samples/sec: 159.58 - lr: 0.100000
2022-05-23 14:57:20,917 epoch 6 - iter 80/107 - loss 0.12207483 - samples/sec: 151.38 - lr: 0.100000
2022-05-23 14:57:23,031 epoch 6 - iter 90/107 - loss 0.12176747 - samples/sec: 151.41 - lr: 0.100000
2022-05-23 14:57:25,091 epoch 6 - iter 100/107 - loss 0.11916551 - samples/sec: 155.46 - lr: 0.100000
2022-05-23 14:57:26,382 ----------------------------------------------------------------------------------------------------
2022-05-23 14:57:26,382 EPOCH 6 done: loss 0.1192 - lr 0.100000
2022-05-23 14:57:33,456 Evaluating as a multi-label problem: False
2022-05-23 14:57:33,468 DEV : loss 0.24594071507453918 - f1-score (micro avg)  0.4527
2022-05-23 14:57:33,655 BAD EPOCHS (no improvement): 3
2022-05-23 14:57:33,657 ----------------------------------------------------------------------------------------------------
2022-05-23 14:57:35,838 epoch 7 - iter 10/107 - loss 0.10271800 - samples/sec: 146.82 - lr: 0.100000
2022-05-23 14:57:37,870 epoch 7 - iter 20/107 - loss 0.09552856 - samples/sec: 157.59 - lr: 0.100000
2022-05-23 14:57:39,754 epoch 7 - iter 30/107 - loss 0.10011804 - samples/sec: 169.91 - lr: 0.100000
2022-05-23 14:57:41,738 epoch 7 - iter 40/107 - loss 0.10207329 - samples/sec: 161.43 - lr: 0.100000
2022-05-23 14:57:43,836 epoch 7 - iter 50/107 - loss 0.10367679 - samples/sec: 152.60 - lr: 0.100000
2022-05-23 14:57:45,766 epoch 7 - iter 60/107 - loss 0.10796127 - samples/sec: 165.84 - lr: 0.100000
2022-05-23 14:57:47,505 epoch 7 - iter 70/107 - loss 0.10987718 - samples/sec: 184.17 - lr: 0.100000
2022-05-23 14:57:49,157 epoch 7 - iter 80/107 - loss 0.11153936 - samples/sec: 193.78 - lr: 0.100000
2022-05-23 14:57:50,842 epoch 7 - iter 90/107 - loss 0.10990896 - samples/sec: 190.10 - lr: 0.100000
2022-05-23 14:57:52,601 epoch 7 - iter 100/107 - loss 0.11018490 - samples/sec: 182.04 - lr: 0.100000
2022-05-23 14:57:53,659 ----------------------------------------------------------------------------------------------------
2022-05-23 14:57:53,660 EPOCH 7 done: loss 0.1104 - lr 0.100000
2022-05-23 14:58:17,519 Evaluating as a multi-label problem: False
2022-05-23 14:58:17,530 DEV : loss 0.18914979696273804 - f1-score (micro avg)  0.4969
2022-05-23 14:58:17,600 BAD EPOCHS (no improvement): 0
2022-05-23 14:58:22,877 saving best model
2022-05-23 14:59:35,815 ----------------------------------------------------------------------------------------------------
2022-05-23 14:59:37,651 epoch 8 - iter 10/107 - loss 0.09790387 - samples/sec: 174.50 - lr: 0.100000
2022-05-23 14:59:39,347 epoch 8 - iter 20/107 - loss 0.10335257 - samples/sec: 188.78 - lr: 0.100000
2022-05-23 14:59:41,086 epoch 8 - iter 30/107 - loss 0.10813855 - samples/sec: 184.05 - lr: 0.100000
2022-05-23 14:59:42,859 epoch 8 - iter 40/107 - loss 0.10696794 - samples/sec: 180.59 - lr: 0.100000
2022-05-23 14:59:44,569 epoch 8 - iter 50/107 - loss 0.10908846 - samples/sec: 187.30 - lr: 0.100000
2022-05-23 14:59:46,218 epoch 8 - iter 60/107 - loss 0.10736958 - samples/sec: 194.17 - lr: 0.100000
2022-05-23 14:59:47,845 epoch 8 - iter 70/107 - loss 0.10430060 - samples/sec: 196.77 - lr: 0.100000
2022-05-23 14:59:49,532 epoch 8 - iter 80/107 - loss 0.10373244 - samples/sec: 189.79 - lr: 0.100000
2022-05-23 14:59:51,151 epoch 8 - iter 90/107 - loss 0.10285604 - samples/sec: 197.81 - lr: 0.100000
2022-05-23 14:59:52,760 epoch 8 - iter 100/107 - loss 0.10331869 - samples/sec: 199.01 - lr: 0.100000
2022-05-23 14:59:53,802 ----------------------------------------------------------------------------------------------------
2022-05-23 14:59:53,802 EPOCH 8 done: loss 0.1030 - lr 0.100000
2022-05-23 14:59:59,599 Evaluating as a multi-label problem: False
2022-05-23 14:59:59,610 DEV : loss 0.20546694099903107 - f1-score (micro avg)  0.4777
2022-05-23 14:59:59,679 BAD EPOCHS (no improvement): 1
2022-05-23 14:59:59,694 ----------------------------------------------------------------------------------------------------
2022-05-23 15:00:01,472 epoch 9 - iter 10/107 - loss 0.11520567 - samples/sec: 180.05 - lr: 0.100000
2022-05-23 15:00:03,184 epoch 9 - iter 20/107 - loss 0.10934439 - samples/sec: 187.06 - lr: 0.100000
2022-05-23 15:00:04,969 epoch 9 - iter 30/107 - loss 0.11001167 - samples/sec: 179.43 - lr: 0.100000
2022-05-23 15:00:06,693 epoch 9 - iter 40/107 - loss 0.10502668 - samples/sec: 185.67 - lr: 0.100000
2022-05-23 15:00:08,475 epoch 9 - iter 50/107 - loss 0.10240006 - samples/sec: 179.76 - lr: 0.100000
2022-05-23 15:00:10,136 epoch 9 - iter 60/107 - loss 0.10097622 - samples/sec: 192.76 - lr: 0.100000
2022-05-23 15:00:11,835 epoch 9 - iter 70/107 - loss 0.09856701 - samples/sec: 188.38 - lr: 0.100000
2022-05-23 15:00:13,518 epoch 9 - iter 80/107 - loss 0.09768265 - samples/sec: 190.28 - lr: 0.100000
2022-05-23 15:00:15,114 epoch 9 - iter 90/107 - loss 0.09693826 - samples/sec: 200.64 - lr: 0.100000
2022-05-23 15:00:16,834 epoch 9 - iter 100/107 - loss 0.09633205 - samples/sec: 186.08 - lr: 0.100000
2022-05-23 15:00:17,889 ----------------------------------------------------------------------------------------------------
2022-05-23 15:00:17,889 EPOCH 9 done: loss 0.0957 - lr 0.100000
2022-05-23 15:00:23,741 Evaluating as a multi-label problem: False
2022-05-23 15:00:23,752 DEV : loss 0.21645097434520721 - f1-score (micro avg)  0.4809
2022-05-23 15:00:23,822 BAD EPOCHS (no improvement): 2
2022-05-23 15:00:23,825 ----------------------------------------------------------------------------------------------------
2022-05-23 15:00:25,624 epoch 10 - iter 10/107 - loss 0.08315224 - samples/sec: 178.02 - lr: 0.100000
2022-05-23 15:00:27,358 epoch 10 - iter 20/107 - loss 0.08186421 - samples/sec: 184.58 - lr: 0.100000
2022-05-23 15:00:29,090 epoch 10 - iter 30/107 - loss 0.08930932 - samples/sec: 184.85 - lr: 0.100000
2022-05-23 15:00:30,816 epoch 10 - iter 40/107 - loss 0.08808099 - samples/sec: 185.49 - lr: 0.100000
2022-05-23 15:00:32,559 epoch 10 - iter 50/107 - loss 0.09183041 - samples/sec: 183.79 - lr: 0.100000
2022-05-23 15:00:34,279 epoch 10 - iter 60/107 - loss 0.09495692 - samples/sec: 186.08 - lr: 0.100000
2022-05-23 15:00:35,941 epoch 10 - iter 70/107 - loss 0.09443608 - samples/sec: 192.62 - lr: 0.100000
2022-05-23 15:00:37,716 epoch 10 - iter 80/107 - loss 0.09239789 - samples/sec: 180.42 - lr: 0.100000
2022-05-23 15:00:40,070 epoch 10 - iter 90/107 - loss 0.09214771 - samples/sec: 135.98 - lr: 0.100000
2022-05-23 15:00:42,278 epoch 10 - iter 100/107 - loss 0.09183694 - samples/sec: 145.03 - lr: 0.100000
2022-05-23 15:00:43,662 ----------------------------------------------------------------------------------------------------
2022-05-23 15:00:43,662 EPOCH 10 done: loss 0.0908 - lr 0.100000
2022-05-23 15:00:51,147 Evaluating as a multi-label problem: False
2022-05-23 15:00:51,157 DEV : loss 0.23224101960659027 - f1-score (micro avg)  0.4329
2022-05-23 15:00:51,227 BAD EPOCHS (no improvement): 3
2022-05-23 15:00:51,229 ----------------------------------------------------------------------------------------------------
2022-05-23 15:00:53,494 epoch 11 - iter 10/107 - loss 0.08776534 - samples/sec: 141.34 - lr: 0.100000
2022-05-23 15:00:55,832 epoch 11 - iter 20/107 - loss 0.08825315 - samples/sec: 136.95 - lr: 0.100000
2022-05-23 15:00:58,113 epoch 11 - iter 30/107 - loss 0.08819529 - samples/sec: 140.36 - lr: 0.100000
2022-05-23 15:01:00,483 epoch 11 - iter 40/107 - loss 0.08807513 - samples/sec: 135.09 - lr: 0.100000
2022-05-23 15:01:02,764 epoch 11 - iter 50/107 - loss 0.08430565 - samples/sec: 140.34 - lr: 0.100000
2022-05-23 15:01:05,110 epoch 11 - iter 60/107 - loss 0.08493667 - samples/sec: 136.46 - lr: 0.100000
2022-05-23 15:01:07,404 epoch 11 - iter 70/107 - loss 0.08563881 - samples/sec: 139.55 - lr: 0.100000
2022-05-23 15:01:09,782 epoch 11 - iter 80/107 - loss 0.08414484 - samples/sec: 134.64 - lr: 0.100000
2022-05-23 15:01:12,101 epoch 11 - iter 90/107 - loss 0.08704023 - samples/sec: 138.03 - lr: 0.100000
2022-05-23 15:01:14,367 epoch 11 - iter 100/107 - loss 0.08602376 - samples/sec: 141.26 - lr: 0.100000
2022-05-23 15:01:15,745 ----------------------------------------------------------------------------------------------------
2022-05-23 15:01:15,745 EPOCH 11 done: loss 0.0860 - lr 0.100000
2022-05-23 15:01:22,698 Evaluating as a multi-label problem: False
2022-05-23 15:01:22,709 DEV : loss 0.23639334738254547 - f1-score (micro avg)  0.4607
2022-05-23 15:01:22,778 Epoch    11: reducing learning rate of group 0 to 5.0000e-02.
2022-05-23 15:01:22,778 BAD EPOCHS (no improvement): 4
2022-05-23 15:01:22,781 ----------------------------------------------------------------------------------------------------
2022-05-23 15:01:24,734 epoch 12 - iter 10/107 - loss 0.06517711 - samples/sec: 163.96 - lr: 0.050000
2022-05-23 15:01:26,868 epoch 12 - iter 20/107 - loss 0.07989363 - samples/sec: 150.04 - lr: 0.050000
2022-05-23 15:01:28,880 epoch 12 - iter 30/107 - loss 0.07940116 - samples/sec: 159.14 - lr: 0.050000
2022-05-23 15:01:30,487 epoch 12 - iter 40/107 - loss 0.08065633 - samples/sec: 199.24 - lr: 0.050000
2022-05-23 15:01:32,158 epoch 12 - iter 50/107 - loss 0.08188335 - samples/sec: 191.57 - lr: 0.050000
2022-05-23 15:01:33,891 epoch 12 - iter 60/107 - loss 0.08085554 - samples/sec: 184.79 - lr: 0.050000
2022-05-23 15:01:35,477 epoch 12 - iter 70/107 - loss 0.07726824 - samples/sec: 201.86 - lr: 0.050000
2022-05-23 15:01:37,140 epoch 12 - iter 80/107 - loss 0.07911496 - samples/sec: 192.51 - lr: 0.050000
2022-05-23 15:01:38,805 epoch 12 - iter 90/107 - loss 0.07993092 - samples/sec: 192.34 - lr: 0.050000
2022-05-23 15:01:40,474 epoch 12 - iter 100/107 - loss 0.07805026 - samples/sec: 191.84 - lr: 0.050000
2022-05-23 15:01:41,493 ----------------------------------------------------------------------------------------------------
2022-05-23 15:01:41,493 EPOCH 12 done: loss 0.0774 - lr 0.050000
2022-05-23 15:02:03,962 Evaluating as a multi-label problem: False
2022-05-23 15:02:03,977 DEV : loss 0.20773737132549286 - f1-score (micro avg)  0.4828
2022-05-23 15:02:04,049 BAD EPOCHS (no improvement): 1
2022-05-23 15:02:04,089 ----------------------------------------------------------------------------------------------------
2022-05-23 15:02:05,824 epoch 13 - iter 10/107 - loss 0.06590689 - samples/sec: 184.58 - lr: 0.050000
2022-05-23 15:02:07,481 epoch 13 - iter 20/107 - loss 0.06921422 - samples/sec: 193.18 - lr: 0.050000
2022-05-23 15:02:09,152 epoch 13 - iter 30/107 - loss 0.07426271 - samples/sec: 191.71 - lr: 0.050000
2022-05-23 15:02:10,801 epoch 13 - iter 40/107 - loss 0.07438246 - samples/sec: 194.10 - lr: 0.050000
2022-05-23 15:02:12,509 epoch 13 - iter 50/107 - loss 0.07539193 - samples/sec: 187.45 - lr: 0.050000
2022-05-23 15:02:14,205 epoch 13 - iter 60/107 - loss 0.07493165 - samples/sec: 188.84 - lr: 0.050000
2022-05-23 15:02:15,869 epoch 13 - iter 70/107 - loss 0.07412828 - samples/sec: 192.38 - lr: 0.050000
2022-05-23 15:02:17,628 epoch 13 - iter 80/107 - loss 0.07231018 - samples/sec: 182.09 - lr: 0.050000
2022-05-23 15:02:19,348 epoch 13 - iter 90/107 - loss 0.07325327 - samples/sec: 186.08 - lr: 0.050000
2022-05-23 15:02:21,080 epoch 13 - iter 100/107 - loss 0.07381950 - samples/sec: 184.94 - lr: 0.050000
2022-05-23 15:02:22,042 ----------------------------------------------------------------------------------------------------
2022-05-23 15:02:22,042 EPOCH 13 done: loss 0.0731 - lr 0.050000
2022-05-23 15:02:27,755 Evaluating as a multi-label problem: False
2022-05-23 15:02:27,766 DEV : loss 0.1962212324142456 - f1-score (micro avg)  0.525
2022-05-23 15:02:27,835 BAD EPOCHS (no improvement): 0
2022-05-23 15:02:27,838 saving best model
2022-05-23 15:03:37,244 ----------------------------------------------------------------------------------------------------
2022-05-23 15:03:39,755 epoch 14 - iter 10/107 - loss 0.06798769 - samples/sec: 127.56 - lr: 0.050000
2022-05-23 15:03:41,891 epoch 14 - iter 20/107 - loss 0.06875400 - samples/sec: 149.89 - lr: 0.050000
2022-05-23 15:03:43,846 epoch 14 - iter 30/107 - loss 0.07189330 - samples/sec: 163.72 - lr: 0.050000
2022-05-23 15:03:45,437 epoch 14 - iter 40/107 - loss 0.07379885 - samples/sec: 201.23 - lr: 0.050000
2022-05-23 15:03:46,956 epoch 14 - iter 50/107 - loss 0.07441560 - samples/sec: 210.86 - lr: 0.050000
2022-05-23 15:03:48,602 epoch 14 - iter 60/107 - loss 0.07464489 - samples/sec: 194.54 - lr: 0.050000
2022-05-23 15:03:50,656 epoch 14 - iter 70/107 - loss 0.07349148 - samples/sec: 155.86 - lr: 0.050000
2022-05-23 15:03:52,838 epoch 14 - iter 80/107 - loss 0.07181530 - samples/sec: 146.72 - lr: 0.050000
2022-05-23 15:03:55,014 epoch 14 - iter 90/107 - loss 0.07056300 - samples/sec: 147.13 - lr: 0.050000
2022-05-23 15:03:57,026 epoch 14 - iter 100/107 - loss 0.07068446 - samples/sec: 159.10 - lr: 0.050000
2022-05-23 15:03:58,318 ----------------------------------------------------------------------------------------------------
2022-05-23 15:03:58,318 EPOCH 14 done: loss 0.0715 - lr 0.050000
2022-05-23 15:04:11,306 Evaluating as a multi-label problem: False
2022-05-23 15:04:11,316 DEV : loss 0.1953703612089157 - f1-score (micro avg)  0.4727
2022-05-23 15:04:11,387 BAD EPOCHS (no improvement): 1
2022-05-23 15:04:11,391 ----------------------------------------------------------------------------------------------------
2022-05-23 15:04:13,661 epoch 15 - iter 10/107 - loss 0.05778470 - samples/sec: 141.05 - lr: 0.050000
2022-05-23 15:04:15,934 epoch 15 - iter 20/107 - loss 0.05825267 - samples/sec: 140.82 - lr: 0.050000
2022-05-23 15:04:18,417 epoch 15 - iter 30/107 - loss 0.05919469 - samples/sec: 128.94 - lr: 0.050000
2022-05-23 15:04:20,550 epoch 15 - iter 40/107 - loss 0.06467911 - samples/sec: 150.10 - lr: 0.050000
2022-05-23 15:04:22,620 epoch 15 - iter 50/107 - loss 0.06602748 - samples/sec: 154.61 - lr: 0.050000
2022-05-23 15:04:24,668 epoch 15 - iter 60/107 - loss 0.06494531 - samples/sec: 156.31 - lr: 0.050000
2022-05-23 15:04:26,935 epoch 15 - iter 70/107 - loss 0.06452524 - samples/sec: 141.24 - lr: 0.050000
2022-05-23 15:04:29,078 epoch 15 - iter 80/107 - loss 0.06513232 - samples/sec: 149.41 - lr: 0.050000
2022-05-23 15:04:31,342 epoch 15 - iter 90/107 - loss 0.06547505 - samples/sec: 141.40 - lr: 0.050000
2022-05-23 15:04:33,683 epoch 15 - iter 100/107 - loss 0.06617728 - samples/sec: 136.74 - lr: 0.050000
2022-05-23 15:04:35,108 ----------------------------------------------------------------------------------------------------
2022-05-23 15:04:35,108 EPOCH 15 done: loss 0.0675 - lr 0.050000
2022-05-23 15:04:42,341 Evaluating as a multi-label problem: False
2022-05-23 15:04:42,352 DEV : loss 0.19943071901798248 - f1-score (micro avg)  0.5024
2022-05-23 15:04:42,422 BAD EPOCHS (no improvement): 2
2022-05-23 15:04:42,425 ----------------------------------------------------------------------------------------------------
2022-05-23 15:04:44,596 epoch 16 - iter 10/107 - loss 0.06560578 - samples/sec: 147.47 - lr: 0.050000
2022-05-23 15:04:46,743 epoch 16 - iter 20/107 - loss 0.06498207 - samples/sec: 149.10 - lr: 0.050000
2022-05-23 15:04:48,785 epoch 16 - iter 30/107 - loss 0.06701393 - samples/sec: 156.79 - lr: 0.050000
2022-05-23 15:04:50,875 epoch 16 - iter 40/107 - loss 0.06560854 - samples/sec: 153.17 - lr: 0.050000
2022-05-23 15:04:52,838 epoch 16 - iter 50/107 - loss 0.06401655 - samples/sec: 163.06 - lr: 0.050000
2022-05-23 15:04:54,929 epoch 16 - iter 60/107 - loss 0.06397413 - samples/sec: 153.16 - lr: 0.050000
2022-05-23 15:04:56,956 epoch 16 - iter 70/107 - loss 0.06338253 - samples/sec: 157.96 - lr: 0.050000
2022-05-23 15:04:59,310 epoch 16 - iter 80/107 - loss 0.06250843 - samples/sec: 136.00 - lr: 0.050000
2022-05-23 15:05:01,384 epoch 16 - iter 90/107 - loss 0.06268845 - samples/sec: 154.32 - lr: 0.050000
2022-05-23 15:05:03,694 epoch 16 - iter 100/107 - loss 0.06346667 - samples/sec: 138.61 - lr: 0.050000
2022-05-23 15:05:04,936 ----------------------------------------------------------------------------------------------------
2022-05-23 15:05:04,936 EPOCH 16 done: loss 0.0645 - lr 0.050000
2022-05-23 15:05:12,482 Evaluating as a multi-label problem: False
2022-05-23 15:05:12,493 DEV : loss 0.1994544118642807 - f1-score (micro avg)  0.4969
2022-05-23 15:05:12,565 BAD EPOCHS (no improvement): 3
2022-05-23 15:05:12,567 ----------------------------------------------------------------------------------------------------
2022-05-23 15:05:14,768 epoch 17 - iter 10/107 - loss 0.06093558 - samples/sec: 145.47 - lr: 0.050000
2022-05-23 15:05:16,949 epoch 17 - iter 20/107 - loss 0.05880780 - samples/sec: 146.81 - lr: 0.050000
2022-05-23 15:05:19,061 epoch 17 - iter 30/107 - loss 0.06107484 - samples/sec: 151.61 - lr: 0.050000
2022-05-23 15:05:21,400 epoch 17 - iter 40/107 - loss 0.06191711 - samples/sec: 136.81 - lr: 0.050000
2022-05-23 15:05:23,619 epoch 17 - iter 50/107 - loss 0.06065753 - samples/sec: 144.29 - lr: 0.050000
2022-05-23 15:05:25,801 epoch 17 - iter 60/107 - loss 0.06074503 - samples/sec: 146.73 - lr: 0.050000
2022-05-23 15:05:28,124 epoch 17 - iter 70/107 - loss 0.06074955 - samples/sec: 137.78 - lr: 0.050000
2022-05-23 15:05:30,306 epoch 17 - iter 80/107 - loss 0.06122102 - samples/sec: 146.73 - lr: 0.050000
2022-05-23 15:05:32,440 epoch 17 - iter 90/107 - loss 0.06100679 - samples/sec: 150.05 - lr: 0.050000
2022-05-23 15:05:34,725 epoch 17 - iter 100/107 - loss 0.06184884 - samples/sec: 140.07 - lr: 0.050000
2022-05-23 15:05:35,987 ----------------------------------------------------------------------------------------------------
2022-05-23 15:05:35,987 EPOCH 17 done: loss 0.0617 - lr 0.050000
2022-05-23 15:05:43,175 Evaluating as a multi-label problem: False
2022-05-23 15:05:43,186 DEV : loss 0.20653069019317627 - f1-score (micro avg)  0.4861
2022-05-23 15:05:43,258 Epoch    17: reducing learning rate of group 0 to 2.5000e-02.
2022-05-23 15:05:43,258 BAD EPOCHS (no improvement): 4
2022-05-23 15:05:43,261 ----------------------------------------------------------------------------------------------------
2022-05-23 15:05:45,410 epoch 18 - iter 10/107 - loss 0.04875765 - samples/sec: 149.03 - lr: 0.025000
2022-05-23 15:05:47,329 epoch 18 - iter 20/107 - loss 0.05316136 - samples/sec: 166.88 - lr: 0.025000
2022-05-23 15:05:49,393 epoch 18 - iter 30/107 - loss 0.05527426 - samples/sec: 155.11 - lr: 0.025000
2022-05-23 15:05:51,594 epoch 18 - iter 40/107 - loss 0.05428840 - samples/sec: 145.43 - lr: 0.025000
2022-05-23 15:05:53,381 epoch 18 - iter 50/107 - loss 0.05676109 - samples/sec: 179.13 - lr: 0.025000
2022-05-23 15:05:54,944 epoch 18 - iter 60/107 - loss 0.05612638 - samples/sec: 204.86 - lr: 0.025000
2022-05-23 15:05:56,612 epoch 18 - iter 70/107 - loss 0.05635087 - samples/sec: 191.97 - lr: 0.025000
2022-05-23 15:05:58,364 epoch 18 - iter 80/107 - loss 0.05601198 - samples/sec: 182.83 - lr: 0.025000
2022-05-23 15:06:00,035 epoch 18 - iter 90/107 - loss 0.05816717 - samples/sec: 191.58 - lr: 0.025000
2022-05-23 15:06:01,745 epoch 18 - iter 100/107 - loss 0.05886996 - samples/sec: 187.20 - lr: 0.025000
2022-05-23 15:06:02,760 ----------------------------------------------------------------------------------------------------
2022-05-23 15:06:02,760 EPOCH 18 done: loss 0.0588 - lr 0.025000
2022-05-23 15:06:08,516 Evaluating as a multi-label problem: False
2022-05-23 15:06:08,526 DEV : loss 0.20150500535964966 - f1-score (micro avg)  0.5211
2022-05-23 15:06:08,596 BAD EPOCHS (no improvement): 1
2022-05-23 15:06:08,598 ----------------------------------------------------------------------------------------------------
2022-05-23 15:06:10,388 epoch 19 - iter 10/107 - loss 0.05637295 - samples/sec: 178.93 - lr: 0.025000
2022-05-23 15:06:12,070 epoch 19 - iter 20/107 - loss 0.05755095 - samples/sec: 190.36 - lr: 0.025000
2022-05-23 15:06:13,616 epoch 19 - iter 30/107 - loss 0.06484401 - samples/sec: 207.17 - lr: 0.025000
2022-05-23 15:06:15,277 epoch 19 - iter 40/107 - loss 0.06401834 - samples/sec: 192.76 - lr: 0.025000
2022-05-23 15:06:16,910 epoch 19 - iter 50/107 - loss 0.06432987 - samples/sec: 196.03 - lr: 0.025000
2022-05-23 15:06:18,596 epoch 19 - iter 60/107 - loss 0.06076262 - samples/sec: 189.90 - lr: 0.025000
2022-05-23 15:06:20,209 epoch 19 - iter 70/107 - loss 0.05891346 - samples/sec: 198.49 - lr: 0.025000
2022-05-23 15:06:21,912 epoch 19 - iter 80/107 - loss 0.05902594 - samples/sec: 188.02 - lr: 0.025000
2022-05-23 15:06:23,577 epoch 19 - iter 90/107 - loss 0.05878806 - samples/sec: 192.32 - lr: 0.025000
2022-05-23 15:06:25,225 epoch 19 - iter 100/107 - loss 0.05888505 - samples/sec: 194.24 - lr: 0.025000
2022-05-23 15:06:26,243 ----------------------------------------------------------------------------------------------------
2022-05-23 15:06:26,244 EPOCH 19 done: loss 0.0580 - lr 0.025000
2022-05-23 15:06:31,954 Evaluating as a multi-label problem: False
2022-05-23 15:06:31,964 DEV : loss 0.21465933322906494 - f1-score (micro avg)  0.5111
2022-05-23 15:06:32,037 BAD EPOCHS (no improvement): 2
2022-05-23 15:06:32,039 ----------------------------------------------------------------------------------------------------
2022-05-23 15:06:33,731 epoch 20 - iter 10/107 - loss 0.06232437 - samples/sec: 189.21 - lr: 0.025000
2022-05-23 15:06:35,334 epoch 20 - iter 20/107 - loss 0.05597528 - samples/sec: 199.77 - lr: 0.025000
2022-05-23 15:06:36,981 epoch 20 - iter 30/107 - loss 0.05616207 - samples/sec: 194.46 - lr: 0.025000
2022-05-23 15:06:38,637 epoch 20 - iter 40/107 - loss 0.05874332 - samples/sec: 193.39 - lr: 0.025000
2022-05-23 15:06:40,274 epoch 20 - iter 50/107 - loss 0.05912707 - samples/sec: 195.60 - lr: 0.025000
2022-05-23 15:06:41,895 epoch 20 - iter 60/107 - loss 0.05791153 - samples/sec: 197.50 - lr: 0.025000
2022-05-23 15:06:43,543 epoch 20 - iter 70/107 - loss 0.05798341 - samples/sec: 194.31 - lr: 0.025000
2022-05-23 15:06:45,165 epoch 20 - iter 80/107 - loss 0.05807280 - samples/sec: 197.31 - lr: 0.025000
2022-05-23 15:06:46,863 epoch 20 - iter 90/107 - loss 0.05770940 - samples/sec: 188.59 - lr: 0.025000
2022-05-23 15:06:48,566 epoch 20 - iter 100/107 - loss 0.05761662 - samples/sec: 188.04 - lr: 0.025000
2022-05-23 15:06:49,642 ----------------------------------------------------------------------------------------------------
2022-05-23 15:06:49,642 EPOCH 20 done: loss 0.0571 - lr 0.025000
2022-05-23 15:06:55,521 Evaluating as a multi-label problem: False
2022-05-23 15:06:55,532 DEV : loss 0.20548762381076813 - f1-score (micro avg)  0.5122
2022-05-23 15:06:55,603 BAD EPOCHS (no improvement): 3
2022-05-23 15:06:55,605 ----------------------------------------------------------------------------------------------------
2022-05-23 15:06:57,432 epoch 21 - iter 10/107 - loss 0.05724118 - samples/sec: 175.19 - lr: 0.025000
2022-05-23 15:06:59,172 epoch 21 - iter 20/107 - loss 0.05961944 - samples/sec: 184.09 - lr: 0.025000
2022-05-23 15:07:00,885 epoch 21 - iter 30/107 - loss 0.05614996 - samples/sec: 186.83 - lr: 0.025000
2022-05-23 15:07:02,579 epoch 21 - iter 40/107 - loss 0.05427518 - samples/sec: 189.12 - lr: 0.025000
2022-05-23 15:07:04,296 epoch 21 - iter 50/107 - loss 0.05324072 - samples/sec: 186.42 - lr: 0.025000
2022-05-23 15:07:05,893 epoch 21 - iter 60/107 - loss 0.05562061 - samples/sec: 200.45 - lr: 0.025000
2022-05-23 15:07:07,548 epoch 21 - iter 70/107 - loss 0.05459627 - samples/sec: 193.51 - lr: 0.025000
2022-05-23 15:07:09,142 epoch 21 - iter 80/107 - loss 0.05419704 - samples/sec: 200.86 - lr: 0.025000
2022-05-23 15:07:10,801 epoch 21 - iter 90/107 - loss 0.05403522 - samples/sec: 192.94 - lr: 0.025000
2022-05-23 15:07:12,455 epoch 21 - iter 100/107 - loss 0.05363999 - samples/sec: 193.62 - lr: 0.025000
2022-05-23 15:07:13,464 ----------------------------------------------------------------------------------------------------
2022-05-23 15:07:13,464 EPOCH 21 done: loss 0.0548 - lr 0.025000
2022-05-23 15:07:19,186 Evaluating as a multi-label problem: False
2022-05-23 15:07:19,196 DEV : loss 0.20266246795654297 - f1-score (micro avg)  0.5064
2022-05-23 15:07:19,267 Epoch    21: reducing learning rate of group 0 to 1.2500e-02.
2022-05-23 15:07:19,267 BAD EPOCHS (no improvement): 4
2022-05-23 15:07:19,269 ----------------------------------------------------------------------------------------------------
2022-05-23 15:07:21,063 epoch 22 - iter 10/107 - loss 0.05044028 - samples/sec: 178.55 - lr: 0.012500
2022-05-23 15:07:22,800 epoch 22 - iter 20/107 - loss 0.05391619 - samples/sec: 184.24 - lr: 0.012500
2022-05-23 15:07:24,498 epoch 22 - iter 30/107 - loss 0.05319001 - samples/sec: 188.57 - lr: 0.012500
2022-05-23 15:07:26,238 epoch 22 - iter 40/107 - loss 0.05158891 - samples/sec: 184.08 - lr: 0.012500
2022-05-23 15:07:27,820 epoch 22 - iter 50/107 - loss 0.05207067 - samples/sec: 202.39 - lr: 0.012500
2022-05-23 15:07:29,424 epoch 22 - iter 60/107 - loss 0.05079928 - samples/sec: 199.62 - lr: 0.012500
2022-05-23 15:07:31,230 epoch 22 - iter 70/107 - loss 0.05041974 - samples/sec: 177.36 - lr: 0.012500
2022-05-23 15:07:33,509 epoch 22 - iter 80/107 - loss 0.05095071 - samples/sec: 140.43 - lr: 0.012500
2022-05-23 15:07:35,686 epoch 22 - iter 90/107 - loss 0.05158605 - samples/sec: 147.09 - lr: 0.012500
2022-05-23 15:07:37,732 epoch 22 - iter 100/107 - loss 0.05128774 - samples/sec: 156.42 - lr: 0.012500
2022-05-23 15:07:39,186 ----------------------------------------------------------------------------------------------------
2022-05-23 15:07:39,186 EPOCH 22 done: loss 0.0516 - lr 0.012500
2022-05-23 15:07:46,530 Evaluating as a multi-label problem: False
2022-05-23 15:07:46,541 DEV : loss 0.2002430558204651 - f1-score (micro avg)  0.5148
2022-05-23 15:07:46,612 BAD EPOCHS (no improvement): 1
2022-05-23 15:07:46,614 ----------------------------------------------------------------------------------------------------
2022-05-23 15:07:48,845 epoch 23 - iter 10/107 - loss 0.06610752 - samples/sec: 143.49 - lr: 0.012500
2022-05-23 15:07:50,981 epoch 23 - iter 20/107 - loss 0.05420138 - samples/sec: 149.88 - lr: 0.012500
2022-05-23 15:07:53,234 epoch 23 - iter 30/107 - loss 0.05385992 - samples/sec: 142.11 - lr: 0.012500
2022-05-23 15:07:55,423 epoch 23 - iter 40/107 - loss 0.05110564 - samples/sec: 146.20 - lr: 0.012500
2022-05-23 15:07:57,827 epoch 23 - iter 50/107 - loss 0.05077733 - samples/sec: 133.18 - lr: 0.012500
2022-05-23 15:08:00,223 epoch 23 - iter 60/107 - loss 0.05073159 - samples/sec: 133.57 - lr: 0.012500
2022-05-23 15:08:02,494 epoch 23 - iter 70/107 - loss 0.05131481 - samples/sec: 140.97 - lr: 0.012500
2022-05-23 15:08:04,824 epoch 23 - iter 80/107 - loss 0.05092610 - samples/sec: 137.40 - lr: 0.012500
2022-05-23 15:08:07,133 epoch 23 - iter 90/107 - loss 0.04965559 - samples/sec: 138.69 - lr: 0.012500
2022-05-23 15:08:09,261 epoch 23 - iter 100/107 - loss 0.05024004 - samples/sec: 150.39 - lr: 0.012500
2022-05-23 15:08:10,562 ----------------------------------------------------------------------------------------------------
2022-05-23 15:08:10,562 EPOCH 23 done: loss 0.0508 - lr 0.012500
2022-05-23 15:08:17,254 Evaluating as a multi-label problem: False
2022-05-23 15:08:17,265 DEV : loss 0.20561599731445312 - f1-score (micro avg)  0.5083
2022-05-23 15:08:17,336 BAD EPOCHS (no improvement): 2
2022-05-23 15:08:17,339 ----------------------------------------------------------------------------------------------------
2022-05-23 15:08:19,301 epoch 24 - iter 10/107 - loss 0.04502718 - samples/sec: 163.23 - lr: 0.012500
2022-05-23 15:08:21,397 epoch 24 - iter 20/107 - loss 0.04929342 - samples/sec: 152.72 - lr: 0.012500
2022-05-23 15:08:23,321 epoch 24 - iter 30/107 - loss 0.05213025 - samples/sec: 166.46 - lr: 0.012500
2022-05-23 15:08:25,571 epoch 24 - iter 40/107 - loss 0.05211070 - samples/sec: 142.25 - lr: 0.012500
2022-05-23 15:08:28,001 epoch 24 - iter 50/107 - loss 0.05264540 - samples/sec: 131.78 - lr: 0.012500
2022-05-23 15:08:30,313 epoch 24 - iter 60/107 - loss 0.05068948 - samples/sec: 138.47 - lr: 0.012500
2022-05-23 15:08:32,659 epoch 24 - iter 70/107 - loss 0.05091363 - samples/sec: 136.41 - lr: 0.012500
2022-05-23 15:08:34,946 epoch 24 - iter 80/107 - loss 0.05195407 - samples/sec: 140.00 - lr: 0.012500
2022-05-23 15:08:37,360 epoch 24 - iter 90/107 - loss 0.05286555 - samples/sec: 132.62 - lr: 0.012500
2022-05-23 15:08:39,441 epoch 24 - iter 100/107 - loss 0.05395890 - samples/sec: 153.84 - lr: 0.012500
2022-05-23 15:08:40,939 ----------------------------------------------------------------------------------------------------
2022-05-23 15:08:40,939 EPOCH 24 done: loss 0.0533 - lr 0.012500
2022-05-23 15:08:48,288 Evaluating as a multi-label problem: False
2022-05-23 15:08:48,300 DEV : loss 0.20760153234004974 - f1-score (micro avg)  0.5083
2022-05-23 15:08:48,371 BAD EPOCHS (no improvement): 3
2022-05-23 15:08:48,383 ----------------------------------------------------------------------------------------------------
2022-05-23 15:08:50,586 epoch 25 - iter 10/107 - loss 0.04565379 - samples/sec: 145.34 - lr: 0.012500
2022-05-23 15:08:52,715 epoch 25 - iter 20/107 - loss 0.04837154 - samples/sec: 150.39 - lr: 0.012500
2022-05-23 15:08:55,096 epoch 25 - iter 30/107 - loss 0.04970353 - samples/sec: 134.46 - lr: 0.012500
2022-05-23 15:08:57,321 epoch 25 - iter 40/107 - loss 0.05260994 - samples/sec: 143.84 - lr: 0.012500
2022-05-23 15:08:59,589 epoch 25 - iter 50/107 - loss 0.05314815 - samples/sec: 141.16 - lr: 0.012500
2022-05-23 15:09:01,692 epoch 25 - iter 60/107 - loss 0.05397853 - samples/sec: 152.26 - lr: 0.012500
2022-05-23 15:09:03,817 epoch 25 - iter 70/107 - loss 0.05488508 - samples/sec: 150.65 - lr: 0.012500
2022-05-23 15:09:05,900 epoch 25 - iter 80/107 - loss 0.05400784 - samples/sec: 153.72 - lr: 0.012500
2022-05-23 15:09:07,912 epoch 25 - iter 90/107 - loss 0.05276895 - samples/sec: 159.11 - lr: 0.012500
2022-05-23 15:09:10,019 epoch 25 - iter 100/107 - loss 0.05273190 - samples/sec: 152.00 - lr: 0.012500
2022-05-23 15:09:11,152 ----------------------------------------------------------------------------------------------------
2022-05-23 15:09:11,152 EPOCH 25 done: loss 0.0527 - lr 0.012500
2022-05-23 15:09:18,203 Evaluating as a multi-label problem: False
2022-05-23 15:09:18,214 DEV : loss 0.203158438205719 - f1-score (micro avg)  0.5127
2022-05-23 15:09:18,284 Epoch    25: reducing learning rate of group 0 to 6.2500e-03.
2022-05-23 15:09:18,284 BAD EPOCHS (no improvement): 4
2022-05-23 15:09:18,287 ----------------------------------------------------------------------------------------------------
2022-05-23 15:09:20,486 epoch 26 - iter 10/107 - loss 0.04345661 - samples/sec: 145.63 - lr: 0.006250
2022-05-23 15:09:22,777 epoch 26 - iter 20/107 - loss 0.04393644 - samples/sec: 139.72 - lr: 0.006250
2022-05-23 15:09:25,018 epoch 26 - iter 30/107 - loss 0.04713289 - samples/sec: 142.88 - lr: 0.006250
2022-05-23 15:09:27,335 epoch 26 - iter 40/107 - loss 0.04692638 - samples/sec: 138.13 - lr: 0.006250
2022-05-23 15:09:29,476 epoch 26 - iter 50/107 - loss 0.04597487 - samples/sec: 149.54 - lr: 0.006250
2022-05-23 15:09:31,759 epoch 26 - iter 60/107 - loss 0.04693565 - samples/sec: 140.26 - lr: 0.006250
2022-05-23 15:09:34,045 epoch 26 - iter 70/107 - loss 0.04692459 - samples/sec: 140.00 - lr: 0.006250
2022-05-23 15:09:36,334 epoch 26 - iter 80/107 - loss 0.04588061 - samples/sec: 139.85 - lr: 0.006250
2022-05-23 15:09:38,673 epoch 26 - iter 90/107 - loss 0.04682434 - samples/sec: 136.86 - lr: 0.006250
2022-05-23 15:09:40,966 epoch 26 - iter 100/107 - loss 0.04787463 - samples/sec: 139.63 - lr: 0.006250
2022-05-23 15:09:42,456 ----------------------------------------------------------------------------------------------------
2022-05-23 15:09:42,456 EPOCH 26 done: loss 0.0487 - lr 0.006250
2022-05-23 15:09:49,578 Evaluating as a multi-label problem: False
2022-05-23 15:09:49,589 DEV : loss 0.20409736037254333 - f1-score (micro avg)  0.5138
2022-05-23 15:09:49,658 BAD EPOCHS (no improvement): 1
2022-05-23 15:09:49,661 ----------------------------------------------------------------------------------------------------
2022-05-23 15:09:51,875 epoch 27 - iter 10/107 - loss 0.05083382 - samples/sec: 144.61 - lr: 0.006250
2022-05-23 15:09:54,122 epoch 27 - iter 20/107 - loss 0.05165921 - samples/sec: 142.47 - lr: 0.006250
2022-05-23 15:09:56,293 epoch 27 - iter 30/107 - loss 0.05016529 - samples/sec: 147.49 - lr: 0.006250
2022-05-23 15:09:58,266 epoch 27 - iter 40/107 - loss 0.05020177 - samples/sec: 162.28 - lr: 0.006250
2022-05-23 15:10:00,296 epoch 27 - iter 50/107 - loss 0.04802022 - samples/sec: 157.75 - lr: 0.006250
2022-05-23 15:10:02,350 epoch 27 - iter 60/107 - loss 0.04864735 - samples/sec: 155.86 - lr: 0.006250
2022-05-23 15:10:04,611 epoch 27 - iter 70/107 - loss 0.04746553 - samples/sec: 141.59 - lr: 0.006250
2022-05-23 15:10:06,629 epoch 27 - iter 80/107 - loss 0.04914696 - samples/sec: 158.63 - lr: 0.006250
2022-05-23 15:10:08,842 epoch 27 - iter 90/107 - loss 0.04921239 - samples/sec: 144.65 - lr: 0.006250
2022-05-23 15:10:11,131 epoch 27 - iter 100/107 - loss 0.04846041 - samples/sec: 139.86 - lr: 0.006250
2022-05-23 15:10:12,540 ----------------------------------------------------------------------------------------------------
2022-05-23 15:10:12,540 EPOCH 27 done: loss 0.0487 - lr 0.006250
2022-05-23 15:10:19,997 Evaluating as a multi-label problem: False
2022-05-23 15:10:20,008 DEV : loss 0.20188598334789276 - f1-score (micro avg)  0.5149
2022-05-23 15:10:20,078 BAD EPOCHS (no improvement): 2
2022-05-23 15:10:20,110 ----------------------------------------------------------------------------------------------------
2022-05-23 15:10:22,272 epoch 28 - iter 10/107 - loss 0.05735168 - samples/sec: 148.08 - lr: 0.006250
2022-05-23 15:10:24,645 epoch 28 - iter 20/107 - loss 0.04747483 - samples/sec: 134.94 - lr: 0.006250
2022-05-23 15:10:26,981 epoch 28 - iter 30/107 - loss 0.04768320 - samples/sec: 137.00 - lr: 0.006250
2022-05-23 15:10:29,275 epoch 28 - iter 40/107 - loss 0.04690772 - samples/sec: 139.58 - lr: 0.006250
2022-05-23 15:10:31,531 epoch 28 - iter 50/107 - loss 0.04796073 - samples/sec: 141.92 - lr: 0.006250
2022-05-23 15:10:33,830 epoch 28 - iter 60/107 - loss 0.04850615 - samples/sec: 139.24 - lr: 0.006250
2022-05-23 15:10:35,953 epoch 28 - iter 70/107 - loss 0.04814365 - samples/sec: 150.77 - lr: 0.006250
2022-05-23 15:10:38,156 epoch 28 - iter 80/107 - loss 0.04859762 - samples/sec: 145.30 - lr: 0.006250
2022-05-23 15:10:40,369 epoch 28 - iter 90/107 - loss 0.04820961 - samples/sec: 144.69 - lr: 0.006250
2022-05-23 15:10:42,476 epoch 28 - iter 100/107 - loss 0.04827301 - samples/sec: 151.93 - lr: 0.006250
2022-05-23 15:10:43,960 ----------------------------------------------------------------------------------------------------
2022-05-23 15:10:43,961 EPOCH 28 done: loss 0.0487 - lr 0.006250
2022-05-23 15:10:50,964 Evaluating as a multi-label problem: False
2022-05-23 15:10:50,975 DEV : loss 0.2053242176771164 - f1-score (micro avg)  0.5114
2022-05-23 15:10:51,045 BAD EPOCHS (no improvement): 3
2022-05-23 15:10:51,046 ----------------------------------------------------------------------------------------------------
2022-05-23 15:10:52,913 epoch 29 - iter 10/107 - loss 0.04221908 - samples/sec: 171.54 - lr: 0.006250
2022-05-23 15:10:54,961 epoch 29 - iter 20/107 - loss 0.04665073 - samples/sec: 156.33 - lr: 0.006250
2022-05-23 15:10:57,103 epoch 29 - iter 30/107 - loss 0.04767551 - samples/sec: 149.52 - lr: 0.006250
2022-05-23 15:10:59,233 epoch 29 - iter 40/107 - loss 0.04632472 - samples/sec: 150.26 - lr: 0.006250
2022-05-23 15:11:01,648 epoch 29 - iter 50/107 - loss 0.04508675 - samples/sec: 132.58 - lr: 0.006250
2022-05-23 15:11:03,944 epoch 29 - iter 60/107 - loss 0.04522857 - samples/sec: 139.39 - lr: 0.006250
2022-05-23 15:11:06,292 epoch 29 - iter 70/107 - loss 0.04660580 - samples/sec: 136.39 - lr: 0.006250
2022-05-23 15:11:08,584 epoch 29 - iter 80/107 - loss 0.04650778 - samples/sec: 139.63 - lr: 0.006250
2022-05-23 15:11:10,853 epoch 29 - iter 90/107 - loss 0.04669905 - samples/sec: 141.14 - lr: 0.006250
2022-05-23 15:11:12,986 epoch 29 - iter 100/107 - loss 0.04665123 - samples/sec: 150.11 - lr: 0.006250
2022-05-23 15:11:14,305 ----------------------------------------------------------------------------------------------------
2022-05-23 15:11:14,305 EPOCH 29 done: loss 0.0470 - lr 0.006250
2022-05-23 15:11:21,541 Evaluating as a multi-label problem: False
2022-05-23 15:11:21,551 DEV : loss 0.20083145797252655 - f1-score (micro avg)  0.5167
2022-05-23 15:11:21,623 Epoch    29: reducing learning rate of group 0 to 3.1250e-03.
2022-05-23 15:11:21,623 BAD EPOCHS (no improvement): 4
2022-05-23 15:11:21,626 ----------------------------------------------------------------------------------------------------
2022-05-23 15:11:23,835 epoch 30 - iter 10/107 - loss 0.03889619 - samples/sec: 144.98 - lr: 0.003125
2022-05-23 15:11:26,142 epoch 30 - iter 20/107 - loss 0.04363400 - samples/sec: 138.74 - lr: 0.003125
2022-05-23 15:11:28,357 epoch 30 - iter 30/107 - loss 0.04565994 - samples/sec: 144.54 - lr: 0.003125
2022-05-23 15:11:30,697 epoch 30 - iter 40/107 - loss 0.04552136 - samples/sec: 136.78 - lr: 0.003125
2022-05-23 15:11:32,983 epoch 30 - iter 50/107 - loss 0.04496034 - samples/sec: 140.07 - lr: 0.003125
2022-05-23 15:11:35,451 epoch 30 - iter 60/107 - loss 0.04526711 - samples/sec: 129.72 - lr: 0.003125
2022-05-23 15:11:37,734 epoch 30 - iter 70/107 - loss 0.04487002 - samples/sec: 140.21 - lr: 0.003125
2022-05-23 15:11:40,067 epoch 30 - iter 80/107 - loss 0.04571267 - samples/sec: 137.21 - lr: 0.003125
2022-05-23 15:11:42,082 epoch 30 - iter 90/107 - loss 0.04722471 - samples/sec: 158.89 - lr: 0.003125
2022-05-23 15:11:44,069 epoch 30 - iter 100/107 - loss 0.04814492 - samples/sec: 161.15 - lr: 0.003125
2022-05-23 15:11:45,258 ----------------------------------------------------------------------------------------------------
2022-05-23 15:11:45,258 EPOCH 30 done: loss 0.0480 - lr 0.003125
2022-05-23 15:11:51,626 Evaluating as a multi-label problem: False
2022-05-23 15:11:51,637 DEV : loss 0.2024732083082199 - f1-score (micro avg)  0.5163
2022-05-23 15:11:51,708 BAD EPOCHS (no improvement): 1
2022-05-23 15:11:51,711 ----------------------------------------------------------------------------------------------------
2022-05-23 15:11:53,468 epoch 31 - iter 10/107 - loss 0.04896311 - samples/sec: 182.20 - lr: 0.003125
2022-05-23 15:11:55,202 epoch 31 - iter 20/107 - loss 0.04749193 - samples/sec: 184.72 - lr: 0.003125
2022-05-23 15:11:56,816 epoch 31 - iter 30/107 - loss 0.04676277 - samples/sec: 198.33 - lr: 0.003125
2022-05-23 15:11:58,437 epoch 31 - iter 40/107 - loss 0.04792133 - samples/sec: 197.55 - lr: 0.003125
2022-05-23 15:12:00,114 epoch 31 - iter 50/107 - loss 0.04802716 - samples/sec: 190.87 - lr: 0.003125
2022-05-23 15:12:01,846 epoch 31 - iter 60/107 - loss 0.04826686 - samples/sec: 184.93 - lr: 0.003125
2022-05-23 15:12:03,421 epoch 31 - iter 70/107 - loss 0.04772256 - samples/sec: 203.32 - lr: 0.003125
2022-05-23 15:12:05,056 epoch 31 - iter 80/107 - loss 0.04828664 - samples/sec: 195.78 - lr: 0.003125
2022-05-23 15:12:06,727 epoch 31 - iter 90/107 - loss 0.04859004 - samples/sec: 191.65 - lr: 0.003125
2022-05-23 15:12:08,337 epoch 31 - iter 100/107 - loss 0.04841633 - samples/sec: 198.89 - lr: 0.003125
2022-05-23 15:12:09,346 ----------------------------------------------------------------------------------------------------
2022-05-23 15:12:09,346 EPOCH 31 done: loss 0.0482 - lr 0.003125
2022-05-23 15:12:15,079 Evaluating as a multi-label problem: False
2022-05-23 15:12:15,090 DEV : loss 0.20441077649593353 - f1-score (micro avg)  0.5152
2022-05-23 15:12:15,160 BAD EPOCHS (no improvement): 2
2022-05-23 15:12:15,163 ----------------------------------------------------------------------------------------------------
2022-05-23 15:12:16,840 epoch 32 - iter 10/107 - loss 0.04791774 - samples/sec: 191.01 - lr: 0.003125
2022-05-23 15:12:18,541 epoch 32 - iter 20/107 - loss 0.04795153 - samples/sec: 188.13 - lr: 0.003125
2022-05-23 15:12:20,222 epoch 32 - iter 30/107 - loss 0.04425857 - samples/sec: 190.53 - lr: 0.003125
2022-05-23 15:12:21,742 epoch 32 - iter 40/107 - loss 0.04461687 - samples/sec: 210.70 - lr: 0.003125
2022-05-23 15:12:23,360 epoch 32 - iter 50/107 - loss 0.04738007 - samples/sec: 197.87 - lr: 0.003125
2022-05-23 15:12:24,967 epoch 32 - iter 60/107 - loss 0.04776253 - samples/sec: 199.23 - lr: 0.003125
2022-05-23 15:12:26,636 epoch 32 - iter 70/107 - loss 0.04675315 - samples/sec: 191.77 - lr: 0.003125
2022-05-23 15:12:28,345 epoch 32 - iter 80/107 - loss 0.04720233 - samples/sec: 187.37 - lr: 0.003125
2022-05-23 15:12:29,950 epoch 32 - iter 90/107 - loss 0.04764668 - samples/sec: 199.60 - lr: 0.003125
2022-05-23 15:12:31,511 epoch 32 - iter 100/107 - loss 0.04708244 - samples/sec: 205.19 - lr: 0.003125
2022-05-23 15:12:32,564 ----------------------------------------------------------------------------------------------------
2022-05-23 15:12:32,564 EPOCH 32 done: loss 0.0468 - lr 0.003125
2022-05-23 15:12:38,192 Evaluating as a multi-label problem: False
2022-05-23 15:12:38,203 DEV : loss 0.2047749012708664 - f1-score (micro avg)  0.5125
2022-05-23 15:12:38,274 BAD EPOCHS (no improvement): 3
2022-05-23 15:12:38,277 ----------------------------------------------------------------------------------------------------
2022-05-23 15:12:39,877 epoch 33 - iter 10/107 - loss 0.04609988 - samples/sec: 200.09 - lr: 0.003125
2022-05-23 15:12:41,533 epoch 33 - iter 20/107 - loss 0.04771412 - samples/sec: 193.39 - lr: 0.003125
2022-05-23 15:12:43,254 epoch 33 - iter 30/107 - loss 0.04584628 - samples/sec: 186.04 - lr: 0.003125
2022-05-23 15:12:44,908 epoch 33 - iter 40/107 - loss 0.04495717 - samples/sec: 193.62 - lr: 0.003125
2022-05-23 15:12:46,543 epoch 33 - iter 50/107 - loss 0.04512873 - samples/sec: 195.84 - lr: 0.003125
2022-05-23 15:12:48,101 epoch 33 - iter 60/107 - loss 0.04529009 - samples/sec: 205.46 - lr: 0.003125
2022-05-23 15:12:49,709 epoch 33 - iter 70/107 - loss 0.04485495 - samples/sec: 199.16 - lr: 0.003125
2022-05-23 15:12:51,348 epoch 33 - iter 80/107 - loss 0.04582926 - samples/sec: 195.32 - lr: 0.003125
2022-05-23 15:12:53,006 epoch 33 - iter 90/107 - loss 0.04519621 - samples/sec: 193.11 - lr: 0.003125
2022-05-23 15:12:54,608 epoch 33 - iter 100/107 - loss 0.04605836 - samples/sec: 199.88 - lr: 0.003125
2022-05-23 15:12:55,609 ----------------------------------------------------------------------------------------------------
2022-05-23 15:12:55,609 EPOCH 33 done: loss 0.0462 - lr 0.003125
2022-05-23 15:13:01,486 Evaluating as a multi-label problem: False
2022-05-23 15:13:01,496 DEV : loss 0.20325247943401337 - f1-score (micro avg)  0.512
2022-05-23 15:13:01,568 Epoch    33: reducing learning rate of group 0 to 1.5625e-03.
2022-05-23 15:13:01,568 BAD EPOCHS (no improvement): 4
2022-05-23 15:13:01,607 ----------------------------------------------------------------------------------------------------
2022-05-23 15:13:03,311 epoch 34 - iter 10/107 - loss 0.05169459 - samples/sec: 187.92 - lr: 0.001563
2022-05-23 15:13:04,998 epoch 34 - iter 20/107 - loss 0.04897153 - samples/sec: 189.83 - lr: 0.001563
2022-05-23 15:13:06,626 epoch 34 - iter 30/107 - loss 0.04715074 - samples/sec: 196.72 - lr: 0.001563
2022-05-23 15:13:08,216 epoch 34 - iter 40/107 - loss 0.04741329 - samples/sec: 201.30 - lr: 0.001563
2022-05-23 15:13:09,894 epoch 34 - iter 50/107 - loss 0.04850438 - samples/sec: 190.80 - lr: 0.001563
2022-05-23 15:13:11,571 epoch 34 - iter 60/107 - loss 0.04941091 - samples/sec: 190.91 - lr: 0.001563
2022-05-23 15:13:13,124 epoch 34 - iter 70/107 - loss 0.04853809 - samples/sec: 206.15 - lr: 0.001563
2022-05-23 15:13:14,764 epoch 34 - iter 80/107 - loss 0.04749900 - samples/sec: 195.28 - lr: 0.001563
2022-05-23 15:13:16,349 epoch 34 - iter 90/107 - loss 0.04739838 - samples/sec: 202.03 - lr: 0.001563
2022-05-23 15:13:18,020 epoch 34 - iter 100/107 - loss 0.04678913 - samples/sec: 191.60 - lr: 0.001563
2022-05-23 15:13:19,075 ----------------------------------------------------------------------------------------------------
2022-05-23 15:13:19,075 EPOCH 34 done: loss 0.0468 - lr 0.001563
2022-05-23 15:13:25,391 Evaluating as a multi-label problem: False
2022-05-23 15:13:25,402 DEV : loss 0.20711638033390045 - f1-score (micro avg)  0.5122
2022-05-23 15:13:25,474 BAD EPOCHS (no improvement): 1
2022-05-23 15:13:25,548 ----------------------------------------------------------------------------------------------------
2022-05-23 15:13:27,241 epoch 35 - iter 10/107 - loss 0.04975939 - samples/sec: 189.18 - lr: 0.001563
2022-05-23 15:13:29,262 epoch 35 - iter 20/107 - loss 0.05048340 - samples/sec: 158.41 - lr: 0.001563
2022-05-23 15:13:31,521 epoch 35 - iter 30/107 - loss 0.04938111 - samples/sec: 141.71 - lr: 0.001563
2022-05-23 15:13:33,862 epoch 35 - iter 40/107 - loss 0.04473807 - samples/sec: 136.74 - lr: 0.001563
2022-05-23 15:13:36,179 epoch 35 - iter 50/107 - loss 0.04475212 - samples/sec: 138.21 - lr: 0.001563
2022-05-23 15:13:38,316 epoch 35 - iter 60/107 - loss 0.04465050 - samples/sec: 149.80 - lr: 0.001563
2022-05-23 15:13:40,444 epoch 35 - iter 70/107 - loss 0.04573159 - samples/sec: 150.39 - lr: 0.001563
2022-05-23 15:13:42,869 epoch 35 - iter 80/107 - loss 0.04514698 - samples/sec: 132.03 - lr: 0.001563
2022-05-23 15:13:44,954 epoch 35 - iter 90/107 - loss 0.04622035 - samples/sec: 153.56 - lr: 0.001563
2022-05-23 15:13:47,070 epoch 35 - iter 100/107 - loss 0.04593981 - samples/sec: 151.29 - lr: 0.001563
2022-05-23 15:13:48,324 ----------------------------------------------------------------------------------------------------
2022-05-23 15:13:48,324 EPOCH 35 done: loss 0.0462 - lr 0.001563
2022-05-23 15:13:55,446 Evaluating as a multi-label problem: False
2022-05-23 15:13:55,456 DEV : loss 0.20649045705795288 - f1-score (micro avg)  0.5145
2022-05-23 15:13:55,527 BAD EPOCHS (no improvement): 2
2022-05-23 15:13:55,529 ----------------------------------------------------------------------------------------------------
2022-05-23 15:13:57,736 epoch 36 - iter 10/107 - loss 0.04664866 - samples/sec: 145.09 - lr: 0.001563
2022-05-23 15:13:59,798 epoch 36 - iter 20/107 - loss 0.04506805 - samples/sec: 155.22 - lr: 0.001563
2022-05-23 15:14:01,864 epoch 36 - iter 30/107 - loss 0.04965313 - samples/sec: 154.98 - lr: 0.001563
2022-05-23 15:14:03,945 epoch 36 - iter 40/107 - loss 0.04871377 - samples/sec: 153.81 - lr: 0.001563
2022-05-23 15:14:06,048 epoch 36 - iter 50/107 - loss 0.04879237 - samples/sec: 152.27 - lr: 0.001563
2022-05-23 15:14:08,069 epoch 36 - iter 60/107 - loss 0.04832735 - samples/sec: 158.44 - lr: 0.001563
2022-05-23 15:14:10,300 epoch 36 - iter 70/107 - loss 0.04776311 - samples/sec: 143.44 - lr: 0.001563
2022-05-23 15:14:12,369 epoch 36 - iter 80/107 - loss 0.04648855 - samples/sec: 154.75 - lr: 0.001563
2022-05-23 15:14:14,401 epoch 36 - iter 90/107 - loss 0.04658989 - samples/sec: 157.62 - lr: 0.001563
2022-05-23 15:14:16,524 epoch 36 - iter 100/107 - loss 0.04769538 - samples/sec: 150.81 - lr: 0.001563
2022-05-23 15:14:17,708 ----------------------------------------------------------------------------------------------------
2022-05-23 15:14:17,708 EPOCH 36 done: loss 0.0475 - lr 0.001563
2022-05-23 15:14:24,599 Evaluating as a multi-label problem: False
2022-05-23 15:14:24,610 DEV : loss 0.20233012735843658 - f1-score (micro avg)  0.5194
2022-05-23 15:14:24,681 BAD EPOCHS (no improvement): 3
2022-05-23 15:14:24,684 ----------------------------------------------------------------------------------------------------
2022-05-23 15:14:27,114 epoch 37 - iter 10/107 - loss 0.03515302 - samples/sec: 131.76 - lr: 0.001563
2022-05-23 15:14:29,327 epoch 37 - iter 20/107 - loss 0.04316901 - samples/sec: 144.62 - lr: 0.001563
2022-05-23 15:14:31,394 epoch 37 - iter 30/107 - loss 0.04156878 - samples/sec: 154.91 - lr: 0.001563
2022-05-23 15:14:33,732 epoch 37 - iter 40/107 - loss 0.04129013 - samples/sec: 136.92 - lr: 0.001563
2022-05-23 15:14:35,988 epoch 37 - iter 50/107 - loss 0.04242865 - samples/sec: 141.90 - lr: 0.001563
2022-05-23 15:14:38,337 epoch 37 - iter 60/107 - loss 0.04381248 - samples/sec: 136.29 - lr: 0.001563
2022-05-23 15:14:40,439 epoch 37 - iter 70/107 - loss 0.04444950 - samples/sec: 152.35 - lr: 0.001563
2022-05-23 15:14:42,442 epoch 37 - iter 80/107 - loss 0.04484835 - samples/sec: 159.84 - lr: 0.001563
2022-05-23 15:14:44,514 epoch 37 - iter 90/107 - loss 0.04561694 - samples/sec: 154.48 - lr: 0.001563
2022-05-23 15:14:46,986 epoch 37 - iter 100/107 - loss 0.04512702 - samples/sec: 129.49 - lr: 0.001563
2022-05-23 15:14:48,385 ----------------------------------------------------------------------------------------------------
2022-05-23 15:14:48,385 EPOCH 37 done: loss 0.0452 - lr 0.001563
2022-05-23 15:14:55,842 Evaluating as a multi-label problem: False
2022-05-23 15:14:55,853 DEV : loss 0.20584988594055176 - f1-score (micro avg)  0.5129
2022-05-23 15:14:55,923 Epoch    37: reducing learning rate of group 0 to 7.8125e-04.
2022-05-23 15:14:55,923 BAD EPOCHS (no improvement): 4
2022-05-23 15:14:55,925 ----------------------------------------------------------------------------------------------------
2022-05-23 15:14:58,158 epoch 38 - iter 10/107 - loss 0.05235952 - samples/sec: 143.40 - lr: 0.000781
2022-05-23 15:15:00,363 epoch 38 - iter 20/107 - loss 0.04759466 - samples/sec: 145.18 - lr: 0.000781
2022-05-23 15:15:02,642 epoch 38 - iter 30/107 - loss 0.04743678 - samples/sec: 140.54 - lr: 0.000781
2022-05-23 15:15:04,875 epoch 38 - iter 40/107 - loss 0.04690507 - samples/sec: 143.36 - lr: 0.000781
2022-05-23 15:15:06,785 epoch 38 - iter 50/107 - loss 0.04863750 - samples/sec: 167.58 - lr: 0.000781
2022-05-23 15:15:08,346 epoch 38 - iter 60/107 - loss 0.04758260 - samples/sec: 205.14 - lr: 0.000781
2022-05-23 15:15:09,975 epoch 38 - iter 70/107 - loss 0.04710513 - samples/sec: 196.58 - lr: 0.000781
2022-05-23 15:15:11,583 epoch 38 - iter 80/107 - loss 0.04707094 - samples/sec: 199.12 - lr: 0.000781
2022-05-23 15:15:13,274 epoch 38 - iter 90/107 - loss 0.04690157 - samples/sec: 189.41 - lr: 0.000781
2022-05-23 15:15:14,975 epoch 38 - iter 100/107 - loss 0.04602180 - samples/sec: 188.21 - lr: 0.000781
2022-05-23 15:15:16,016 ----------------------------------------------------------------------------------------------------
2022-05-23 15:15:16,016 EPOCH 38 done: loss 0.0457 - lr 0.000781
2022-05-23 15:15:22,632 Evaluating as a multi-label problem: False
2022-05-23 15:15:22,643 DEV : loss 0.2073437124490738 - f1-score (micro avg)  0.5145
2022-05-23 15:15:22,714 BAD EPOCHS (no improvement): 1
2022-05-23 15:15:22,716 ----------------------------------------------------------------------------------------------------
2022-05-23 15:15:24,955 epoch 39 - iter 10/107 - loss 0.04448233 - samples/sec: 143.03 - lr: 0.000781
2022-05-23 15:15:27,027 epoch 39 - iter 20/107 - loss 0.04225277 - samples/sec: 154.51 - lr: 0.000781
2022-05-23 15:15:29,197 epoch 39 - iter 30/107 - loss 0.04351030 - samples/sec: 147.51 - lr: 0.000781
2022-05-23 15:15:31,267 epoch 39 - iter 40/107 - loss 0.04473582 - samples/sec: 154.66 - lr: 0.000781
2022-05-23 15:15:33,322 epoch 39 - iter 50/107 - loss 0.04419258 - samples/sec: 155.81 - lr: 0.000781
2022-05-23 15:15:35,412 epoch 39 - iter 60/107 - loss 0.04328532 - samples/sec: 153.14 - lr: 0.000781
2022-05-23 15:15:37,683 epoch 39 - iter 70/107 - loss 0.04546937 - samples/sec: 140.99 - lr: 0.000781
2022-05-23 15:15:39,737 epoch 39 - iter 80/107 - loss 0.04646048 - samples/sec: 155.82 - lr: 0.000781
2022-05-23 15:15:41,983 epoch 39 - iter 90/107 - loss 0.04675410 - samples/sec: 142.59 - lr: 0.000781
2022-05-23 15:15:44,263 epoch 39 - iter 100/107 - loss 0.04651304 - samples/sec: 140.39 - lr: 0.000781
2022-05-23 15:15:45,623 ----------------------------------------------------------------------------------------------------
2022-05-23 15:15:45,623 EPOCH 39 done: loss 0.0466 - lr 0.000781
2022-05-23 15:15:53,003 Evaluating as a multi-label problem: False
2022-05-23 15:15:53,016 DEV : loss 0.2072528898715973 - f1-score (micro avg)  0.5153
2022-05-23 15:15:53,088 BAD EPOCHS (no improvement): 2
2022-05-23 15:15:53,091 ----------------------------------------------------------------------------------------------------
2022-05-23 15:15:55,369 epoch 40 - iter 10/107 - loss 0.04443912 - samples/sec: 140.57 - lr: 0.000781
2022-05-23 15:15:57,608 epoch 40 - iter 20/107 - loss 0.05259229 - samples/sec: 142.96 - lr: 0.000781
2022-05-23 15:15:59,780 epoch 40 - iter 30/107 - loss 0.04870027 - samples/sec: 147.38 - lr: 0.000781
2022-05-23 15:16:01,984 epoch 40 - iter 40/107 - loss 0.04900050 - samples/sec: 145.30 - lr: 0.000781
2022-05-23 15:16:04,345 epoch 40 - iter 50/107 - loss 0.04871245 - samples/sec: 135.55 - lr: 0.000781
2022-05-23 15:16:06,738 epoch 40 - iter 60/107 - loss 0.04882935 - samples/sec: 133.78 - lr: 0.000781
2022-05-23 15:16:09,092 epoch 40 - iter 70/107 - loss 0.04800403 - samples/sec: 136.04 - lr: 0.000781
2022-05-23 15:16:11,494 epoch 40 - iter 80/107 - loss 0.04721631 - samples/sec: 133.27 - lr: 0.000781
2022-05-23 15:16:13,653 epoch 40 - iter 90/107 - loss 0.04747876 - samples/sec: 148.28 - lr: 0.000781
2022-05-23 15:16:15,719 epoch 40 - iter 100/107 - loss 0.04684141 - samples/sec: 154.94 - lr: 0.000781
2022-05-23 15:16:16,852 ----------------------------------------------------------------------------------------------------
2022-05-23 15:16:16,852 EPOCH 40 done: loss 0.0468 - lr 0.000781
2022-05-23 15:16:23,569 Evaluating as a multi-label problem: False
2022-05-23 15:16:23,579 DEV : loss 0.2055446356534958 - f1-score (micro avg)  0.514
2022-05-23 15:16:23,650 BAD EPOCHS (no improvement): 3
2022-05-23 15:16:23,652 ----------------------------------------------------------------------------------------------------
2022-05-23 15:16:25,720 epoch 41 - iter 10/107 - loss 0.04662211 - samples/sec: 154.83 - lr: 0.000781
2022-05-23 15:16:27,962 epoch 41 - iter 20/107 - loss 0.05081917 - samples/sec: 142.81 - lr: 0.000781
2022-05-23 15:16:30,287 epoch 41 - iter 30/107 - loss 0.04545718 - samples/sec: 137.70 - lr: 0.000781
2022-05-23 15:16:32,596 epoch 41 - iter 40/107 - loss 0.04477209 - samples/sec: 138.62 - lr: 0.000781
2022-05-23 15:16:35,022 epoch 41 - iter 50/107 - loss 0.04542497 - samples/sec: 131.94 - lr: 0.000781
2022-05-23 15:16:37,078 epoch 41 - iter 60/107 - loss 0.04551988 - samples/sec: 155.71 - lr: 0.000781
2022-05-23 15:16:39,320 epoch 41 - iter 70/107 - loss 0.04549362 - samples/sec: 142.79 - lr: 0.000781
2022-05-23 15:16:41,463 epoch 41 - iter 80/107 - loss 0.04494407 - samples/sec: 149.44 - lr: 0.000781
2022-05-23 15:16:43,866 epoch 41 - iter 90/107 - loss 0.04509508 - samples/sec: 133.19 - lr: 0.000781
2022-05-23 15:16:46,191 epoch 41 - iter 100/107 - loss 0.04495661 - samples/sec: 137.70 - lr: 0.000781
2022-05-23 15:16:47,597 ----------------------------------------------------------------------------------------------------
2022-05-23 15:16:47,597 EPOCH 41 done: loss 0.0450 - lr 0.000781
2022-05-23 15:16:55,046 Evaluating as a multi-label problem: False
2022-05-23 15:16:55,057 DEV : loss 0.2064964324235916 - f1-score (micro avg)  0.5125
2022-05-23 15:16:55,128 Epoch    41: reducing learning rate of group 0 to 3.9063e-04.
2022-05-23 15:16:55,128 BAD EPOCHS (no improvement): 4
2022-05-23 15:16:55,130 ----------------------------------------------------------------------------------------------------
2022-05-23 15:16:57,484 epoch 42 - iter 10/107 - loss 0.04963052 - samples/sec: 135.99 - lr: 0.000391
2022-05-23 15:16:59,668 epoch 42 - iter 20/107 - loss 0.04595262 - samples/sec: 146.61 - lr: 0.000391
2022-05-23 15:17:01,937 epoch 42 - iter 30/107 - loss 0.04657516 - samples/sec: 141.10 - lr: 0.000391
2022-05-23 15:17:04,239 epoch 42 - iter 40/107 - loss 0.04780356 - samples/sec: 139.03 - lr: 0.000391
2022-05-23 15:17:06,242 epoch 42 - iter 50/107 - loss 0.04713753 - samples/sec: 159.82 - lr: 0.000391
2022-05-23 15:17:08,143 epoch 42 - iter 60/107 - loss 0.04697208 - samples/sec: 168.48 - lr: 0.000391
2022-05-23 15:17:10,168 epoch 42 - iter 70/107 - loss 0.04642057 - samples/sec: 158.03 - lr: 0.000391
2022-05-23 15:17:12,216 epoch 42 - iter 80/107 - loss 0.04717133 - samples/sec: 156.31 - lr: 0.000391
2022-05-23 15:17:14,340 epoch 42 - iter 90/107 - loss 0.04721556 - samples/sec: 150.77 - lr: 0.000391
2022-05-23 15:17:16,542 epoch 42 - iter 100/107 - loss 0.04693101 - samples/sec: 145.40 - lr: 0.000391
2022-05-23 15:17:17,948 ----------------------------------------------------------------------------------------------------
2022-05-23 15:17:17,948 EPOCH 42 done: loss 0.0461 - lr 0.000391
2022-05-23 15:17:25,138 Evaluating as a multi-label problem: False
2022-05-23 15:17:25,148 DEV : loss 0.20582017302513123 - f1-score (micro avg)  0.5129
2022-05-23 15:17:25,219 BAD EPOCHS (no improvement): 1
2022-05-23 15:17:25,222 ----------------------------------------------------------------------------------------------------
2022-05-23 15:17:27,544 epoch 43 - iter 10/107 - loss 0.04411630 - samples/sec: 137.88 - lr: 0.000391
2022-05-23 15:17:29,780 epoch 43 - iter 20/107 - loss 0.04868575 - samples/sec: 143.14 - lr: 0.000391
2022-05-23 15:17:32,143 epoch 43 - iter 30/107 - loss 0.04603407 - samples/sec: 135.51 - lr: 0.000391
2022-05-23 15:17:34,245 epoch 43 - iter 40/107 - loss 0.04531740 - samples/sec: 152.31 - lr: 0.000391
2022-05-23 15:17:36,344 epoch 43 - iter 50/107 - loss 0.04483583 - samples/sec: 152.57 - lr: 0.000391
2022-05-23 15:17:38,511 epoch 43 - iter 60/107 - loss 0.04455183 - samples/sec: 147.68 - lr: 0.000391
2022-05-23 15:17:40,697 epoch 43 - iter 70/107 - loss 0.04736274 - samples/sec: 146.48 - lr: 0.000391
2022-05-23 15:17:43,002 epoch 43 - iter 80/107 - loss 0.04652978 - samples/sec: 138.88 - lr: 0.000391
2022-05-23 15:17:45,100 epoch 43 - iter 90/107 - loss 0.04613696 - samples/sec: 152.63 - lr: 0.000391
2022-05-23 15:17:47,429 epoch 43 - iter 100/107 - loss 0.04549122 - samples/sec: 137.45 - lr: 0.000391
2022-05-23 15:17:48,970 ----------------------------------------------------------------------------------------------------
2022-05-23 15:17:48,970 EPOCH 43 done: loss 0.0457 - lr 0.000391
2022-05-23 15:17:56,129 Evaluating as a multi-label problem: False
2022-05-23 15:17:56,140 DEV : loss 0.20561833679676056 - f1-score (micro avg)  0.5129
2022-05-23 15:17:56,210 BAD EPOCHS (no improvement): 2
2022-05-23 15:17:56,213 ----------------------------------------------------------------------------------------------------
2022-05-23 15:17:58,345 epoch 44 - iter 10/107 - loss 0.05129497 - samples/sec: 150.19 - lr: 0.000391
2022-05-23 15:18:00,374 epoch 44 - iter 20/107 - loss 0.05116146 - samples/sec: 157.77 - lr: 0.000391
2022-05-23 15:18:02,391 epoch 44 - iter 30/107 - loss 0.04633315 - samples/sec: 158.70 - lr: 0.000391
2022-05-23 15:18:04,392 epoch 44 - iter 40/107 - loss 0.04449204 - samples/sec: 160.03 - lr: 0.000391
2022-05-23 15:18:06,423 epoch 44 - iter 50/107 - loss 0.04467922 - samples/sec: 157.60 - lr: 0.000391
2022-05-23 15:18:08,638 epoch 44 - iter 60/107 - loss 0.04664773 - samples/sec: 144.56 - lr: 0.000391
2022-05-23 15:18:10,953 epoch 44 - iter 70/107 - loss 0.04635932 - samples/sec: 138.29 - lr: 0.000391
2022-05-23 15:18:13,203 epoch 44 - iter 80/107 - loss 0.04770634 - samples/sec: 142.25 - lr: 0.000391
2022-05-23 15:18:15,382 epoch 44 - iter 90/107 - loss 0.04722399 - samples/sec: 146.94 - lr: 0.000391
2022-05-23 15:18:17,602 epoch 44 - iter 100/107 - loss 0.04698234 - samples/sec: 144.18 - lr: 0.000391
2022-05-23 15:18:19,009 ----------------------------------------------------------------------------------------------------
2022-05-23 15:18:19,009 EPOCH 44 done: loss 0.0464 - lr 0.000391
2022-05-23 15:18:26,409 Evaluating as a multi-label problem: False
2022-05-23 15:18:26,420 DEV : loss 0.205913707613945 - f1-score (micro avg)  0.514
2022-05-23 15:18:26,491 BAD EPOCHS (no improvement): 3
2022-05-23 15:18:26,493 ----------------------------------------------------------------------------------------------------
2022-05-23 15:18:28,675 epoch 45 - iter 10/107 - loss 0.05926616 - samples/sec: 146.75 - lr: 0.000391
2022-05-23 15:18:30,961 epoch 45 - iter 20/107 - loss 0.05086224 - samples/sec: 140.05 - lr: 0.000391
2022-05-23 15:18:33,098 epoch 45 - iter 30/107 - loss 0.04663112 - samples/sec: 149.84 - lr: 0.000391
2022-05-23 15:18:35,366 epoch 45 - iter 40/107 - loss 0.04832957 - samples/sec: 141.12 - lr: 0.000391
2022-05-23 15:18:37,723 epoch 45 - iter 50/107 - loss 0.04763388 - samples/sec: 135.83 - lr: 0.000391
2022-05-23 15:18:39,900 epoch 45 - iter 60/107 - loss 0.04671205 - samples/sec: 147.06 - lr: 0.000391
2022-05-23 15:18:42,143 epoch 45 - iter 70/107 - loss 0.04864710 - samples/sec: 142.75 - lr: 0.000391
2022-05-23 15:18:44,465 epoch 45 - iter 80/107 - loss 0.04841222 - samples/sec: 137.84 - lr: 0.000391
2022-05-23 15:18:46,810 epoch 45 - iter 90/107 - loss 0.04771514 - samples/sec: 136.53 - lr: 0.000391
2022-05-23 15:18:48,845 epoch 45 - iter 100/107 - loss 0.04715243 - samples/sec: 157.33 - lr: 0.000391
2022-05-23 15:18:50,148 ----------------------------------------------------------------------------------------------------
2022-05-23 15:18:50,148 EPOCH 45 done: loss 0.0469 - lr 0.000391
2022-05-23 15:18:56,992 Evaluating as a multi-label problem: False
2022-05-23 15:18:57,003 DEV : loss 0.2060288041830063 - f1-score (micro avg)  0.5129
2022-05-23 15:18:57,073 Epoch    45: reducing learning rate of group 0 to 1.9531e-04.
2022-05-23 15:18:57,074 BAD EPOCHS (no improvement): 4
2022-05-23 15:18:57,076 ----------------------------------------------------------------------------------------------------
2022-05-23 15:18:58,591 epoch 46 - iter 10/107 - loss 0.05011992 - samples/sec: 211.30 - lr: 0.000195
2022-05-23 15:19:00,163 epoch 46 - iter 20/107 - loss 0.04916699 - samples/sec: 203.74 - lr: 0.000195
2022-05-23 15:19:01,790 epoch 46 - iter 30/107 - loss 0.04742237 - samples/sec: 196.77 - lr: 0.000195
2022-05-23 15:19:03,466 epoch 46 - iter 40/107 - loss 0.04474228 - samples/sec: 191.04 - lr: 0.000195
2022-05-23 15:19:05,092 epoch 46 - iter 50/107 - loss 0.04295797 - samples/sec: 196.89 - lr: 0.000195
2022-05-23 15:19:06,738 epoch 46 - iter 60/107 - loss 0.04268814 - samples/sec: 194.50 - lr: 0.000195
2022-05-23 15:19:08,331 epoch 46 - iter 70/107 - loss 0.04545990 - samples/sec: 201.10 - lr: 0.000195
2022-05-23 15:19:09,979 epoch 46 - iter 80/107 - loss 0.04622519 - samples/sec: 194.24 - lr: 0.000195
2022-05-23 15:19:11,606 epoch 46 - iter 90/107 - loss 0.04741934 - samples/sec: 196.77 - lr: 0.000195
2022-05-23 15:19:13,296 epoch 46 - iter 100/107 - loss 0.04772548 - samples/sec: 189.44 - lr: 0.000195
2022-05-23 15:19:14,261 ----------------------------------------------------------------------------------------------------
2022-05-23 15:19:14,262 EPOCH 46 done: loss 0.0482 - lr 0.000195
2022-05-23 15:19:19,967 Evaluating as a multi-label problem: False
2022-05-23 15:19:19,978 DEV : loss 0.2053840011358261 - f1-score (micro avg)  0.514
2022-05-23 15:19:20,049 BAD EPOCHS (no improvement): 1
2022-05-23 15:19:20,051 ----------------------------------------------------------------------------------------------------
2022-05-23 15:19:21,807 epoch 47 - iter 10/107 - loss 0.04672619 - samples/sec: 182.31 - lr: 0.000195
2022-05-23 15:19:23,488 epoch 47 - iter 20/107 - loss 0.04932291 - samples/sec: 190.52 - lr: 0.000195
2022-05-23 15:19:25,186 epoch 47 - iter 30/107 - loss 0.04872013 - samples/sec: 188.53 - lr: 0.000195
2022-05-23 15:19:26,885 epoch 47 - iter 40/107 - loss 0.04744817 - samples/sec: 188.51 - lr: 0.000195
2022-05-23 15:19:28,698 epoch 47 - iter 50/107 - loss 0.04764891 - samples/sec: 176.59 - lr: 0.000195
2022-05-23 15:19:30,365 epoch 47 - iter 60/107 - loss 0.04916241 - samples/sec: 191.99 - lr: 0.000195
2022-05-23 15:19:32,016 epoch 47 - iter 70/107 - loss 0.05037247 - samples/sec: 193.98 - lr: 0.000195
2022-05-23 15:19:33,573 epoch 47 - iter 80/107 - loss 0.04963524 - samples/sec: 205.68 - lr: 0.000195
2022-05-23 15:19:35,142 epoch 47 - iter 90/107 - loss 0.04875346 - samples/sec: 204.04 - lr: 0.000195
2022-05-23 15:19:36,732 epoch 47 - iter 100/107 - loss 0.04811161 - samples/sec: 201.30 - lr: 0.000195
2022-05-23 15:19:37,674 ----------------------------------------------------------------------------------------------------
2022-05-23 15:19:37,674 EPOCH 47 done: loss 0.0474 - lr 0.000195
2022-05-23 15:19:43,399 Evaluating as a multi-label problem: False
2022-05-23 15:19:43,409 DEV : loss 0.2051941156387329 - f1-score (micro avg)  0.5152
2022-05-23 15:19:43,481 BAD EPOCHS (no improvement): 2
2022-05-23 15:19:43,484 ----------------------------------------------------------------------------------------------------
2022-05-23 15:19:45,197 epoch 48 - iter 10/107 - loss 0.04713739 - samples/sec: 186.90 - lr: 0.000195
2022-05-23 15:19:46,895 epoch 48 - iter 20/107 - loss 0.04416327 - samples/sec: 188.65 - lr: 0.000195
2022-05-23 15:19:48,529 epoch 48 - iter 30/107 - loss 0.04193872 - samples/sec: 195.90 - lr: 0.000195
2022-05-23 15:19:50,123 epoch 48 - iter 40/107 - loss 0.04482431 - samples/sec: 200.82 - lr: 0.000195
2022-05-23 15:19:51,725 epoch 48 - iter 50/107 - loss 0.04550977 - samples/sec: 199.93 - lr: 0.000195
2022-05-23 15:19:53,346 epoch 48 - iter 60/107 - loss 0.04554175 - samples/sec: 197.50 - lr: 0.000195
2022-05-23 15:19:55,007 epoch 48 - iter 70/107 - loss 0.04467456 - samples/sec: 192.76 - lr: 0.000195
2022-05-23 15:19:56,610 epoch 48 - iter 80/107 - loss 0.04562195 - samples/sec: 199.78 - lr: 0.000195
2022-05-23 15:19:58,184 epoch 48 - iter 90/107 - loss 0.04570904 - samples/sec: 203.38 - lr: 0.000195
2022-05-23 15:19:59,886 epoch 48 - iter 100/107 - loss 0.04532516 - samples/sec: 188.14 - lr: 0.000195
2022-05-23 15:20:00,861 ----------------------------------------------------------------------------------------------------
2022-05-23 15:20:00,861 EPOCH 48 done: loss 0.0457 - lr 0.000195
2022-05-23 15:20:06,667 Evaluating as a multi-label problem: False
2022-05-23 15:20:06,678 DEV : loss 0.2051437348127365 - f1-score (micro avg)  0.514
2022-05-23 15:20:06,749 BAD EPOCHS (no improvement): 3
2022-05-23 15:20:06,753 ----------------------------------------------------------------------------------------------------
2022-05-23 15:20:08,439 epoch 49 - iter 10/107 - loss 0.03997705 - samples/sec: 189.89 - lr: 0.000195
2022-05-23 15:20:10,178 epoch 49 - iter 20/107 - loss 0.04813119 - samples/sec: 184.12 - lr: 0.000195
2022-05-23 15:20:11,863 epoch 49 - iter 30/107 - loss 0.04908877 - samples/sec: 190.05 - lr: 0.000195
2022-05-23 15:20:13,547 epoch 49 - iter 40/107 - loss 0.04777637 - samples/sec: 190.15 - lr: 0.000195
2022-05-23 15:20:15,225 epoch 49 - iter 50/107 - loss 0.04846006 - samples/sec: 190.80 - lr: 0.000195
2022-05-23 15:20:16,772 epoch 49 - iter 60/107 - loss 0.04684416 - samples/sec: 207.01 - lr: 0.000195
2022-05-23 15:20:18,394 epoch 49 - iter 70/107 - loss 0.04694205 - samples/sec: 197.44 - lr: 0.000195
2022-05-23 15:20:20,072 epoch 49 - iter 80/107 - loss 0.04724712 - samples/sec: 190.78 - lr: 0.000195
2022-05-23 15:20:21,724 epoch 49 - iter 90/107 - loss 0.04749251 - samples/sec: 193.79 - lr: 0.000195
2022-05-23 15:20:23,349 epoch 49 - iter 100/107 - loss 0.04735892 - samples/sec: 197.04 - lr: 0.000195
2022-05-23 15:20:24,361 ----------------------------------------------------------------------------------------------------
2022-05-23 15:20:24,361 EPOCH 49 done: loss 0.0469 - lr 0.000195
2022-05-23 15:20:31,083 Evaluating as a multi-label problem: False
2022-05-23 15:20:31,094 DEV : loss 0.205058291554451 - f1-score (micro avg)  0.514
2022-05-23 15:20:31,165 Epoch    49: reducing learning rate of group 0 to 9.7656e-05.
2022-05-23 15:20:31,165 BAD EPOCHS (no improvement): 4
2022-05-23 15:20:31,191 ----------------------------------------------------------------------------------------------------
2022-05-23 15:20:31,191 ----------------------------------------------------------------------------------------------------
2022-05-23 15:20:31,191 learning rate too small - quitting training!
2022-05-23 15:20:31,191 ----------------------------------------------------------------------------------------------------
2022-05-23 15:21:39,631 ----------------------------------------------------------------------------------------------------
2022-05-23 15:21:39,633 loading file resources/taggers/model_04_r15_run_1/best-model.pt
2022-05-23 15:22:36,690 SequenceTagger predicts: Dictionary with 27 tags: O, S-person, B-person, E-person, I-person, S-location, B-location, E-location, I-location, S-group, B-group, E-group, I-group, S-corporation, B-corporation, E-corporation, I-corporation, S-product, B-product, E-product, I-product, S-creative-work, B-creative-work, E-creative-work, I-creative-work, <START>, <STOP>
2022-05-23 15:22:58,383 Evaluating as a multi-label problem: False
2022-05-23 15:22:58,396 0.6629	0.3225	0.4339	0.2929
2022-05-23 15:22:58,396 
Results:
- F-score (micro) 0.4339
- F-score (macro) 0.3171
- Accuracy 0.2929

By class:
               precision    recall  f1-score   support

       person     0.7791    0.4685    0.5852       429
     location     0.6434    0.5533    0.5950       150
        group     0.5507    0.2303    0.3248       165
creative-work     0.6667    0.0986    0.1718       142
      product     0.1875    0.0236    0.0420       127
  corporation     0.2812    0.1364    0.1837        66

    micro avg     0.6629    0.3225    0.4339      1079
    macro avg     0.5181    0.2518    0.3171      1079
 weighted avg     0.6104    0.3225    0.4038      1079

2022-05-23 15:22:58,396 ----------------------------------------------------------------------------------------------------
