2022-05-23 14:55:24,850 ----------------------------------------------------------------------------------------------------
2022-05-23 14:55:24,851 Model: "SequenceTagger(
  (embeddings): StackedEmbeddings(
    (list_embedding_0): GazetteerEmbeddings()
    (list_embedding_1): FlairEmbeddings(
      (lm): LanguageModel(
        (drop): Dropout(p=0.05, inplace=False)
        (encoder): Embedding(300, 100)
        (rnn): LSTM(100, 2048)
        (decoder): Linear(in_features=2048, out_features=300, bias=True)
      )
    )
    (list_embedding_2): FlairEmbeddings(
      (lm): LanguageModel(
        (drop): Dropout(p=0.05, inplace=False)
        (encoder): Embedding(300, 100)
        (rnn): LSTM(100, 2048)
        (decoder): Linear(in_features=2048, out_features=300, bias=True)
      )
    )
  )
  (word_dropout): WordDropout(p=0.05)
  (locked_dropout): LockedDropout(p=0.5)
  (embedding2nn): Linear(in_features=4972, out_features=4972, bias=True)
  (rnn): LSTM(4972, 256, batch_first=True, bidirectional=True)
  (linear): Linear(in_features=512, out_features=27, bias=True)
  (loss_function): ViterbiLoss()
  (crf): CRF()
)"
2022-05-23 14:55:24,852 ----------------------------------------------------------------------------------------------------
2022-05-23 14:55:24,852 Corpus: "Corpus: 3394 train + 1009 dev + 1287 test sentences"
2022-05-23 14:55:24,852 ----------------------------------------------------------------------------------------------------
2022-05-23 14:55:24,852 Parameters:
2022-05-23 14:55:24,885  - learning_rate: "0.100000"
2022-05-23 14:55:24,885  - mini_batch_size: "32"
2022-05-23 14:55:24,885  - patience: "3"
2022-05-23 14:55:24,885  - anneal_factor: "0.5"
2022-05-23 14:55:24,885  - max_epochs: "150"
2022-05-23 14:55:24,885  - shuffle: "True"
2022-05-23 14:55:24,885  - train_with_dev: "False"
2022-05-23 14:55:24,885  - batch_growth_annealing: "False"
2022-05-23 14:55:24,885 ----------------------------------------------------------------------------------------------------
2022-05-23 14:55:24,887 Model training base path: "resources/taggers/model_03_r15_run_1"
2022-05-23 14:55:24,887 ----------------------------------------------------------------------------------------------------
2022-05-23 14:55:24,887 Device: cuda:0
2022-05-23 14:55:24,887 ----------------------------------------------------------------------------------------------------
2022-05-23 14:55:24,887 Embeddings storage mode: cpu
2022-05-23 14:55:24,887 ----------------------------------------------------------------------------------------------------
2022-05-23 14:55:28,741 epoch 1 - iter 10/107 - loss 1.07588795 - samples/sec: 83.05 - lr: 0.100000
2022-05-23 14:55:32,640 epoch 1 - iter 20/107 - loss 0.68500278 - samples/sec: 82.10 - lr: 0.100000
2022-05-23 14:55:36,571 epoch 1 - iter 30/107 - loss 0.55570766 - samples/sec: 81.44 - lr: 0.100000
2022-05-23 14:55:40,465 epoch 1 - iter 40/107 - loss 0.48547864 - samples/sec: 82.20 - lr: 0.100000
2022-05-23 14:55:44,395 epoch 1 - iter 50/107 - loss 0.43355620 - samples/sec: 81.46 - lr: 0.100000
2022-05-23 14:55:48,361 epoch 1 - iter 60/107 - loss 0.41209908 - samples/sec: 80.70 - lr: 0.100000
2022-05-23 14:55:52,297 epoch 1 - iter 70/107 - loss 0.39574081 - samples/sec: 81.32 - lr: 0.100000
2022-05-23 14:55:56,058 epoch 1 - iter 80/107 - loss 0.38701497 - samples/sec: 85.11 - lr: 0.100000
2022-05-23 14:56:00,308 epoch 1 - iter 90/107 - loss 0.38030071 - samples/sec: 75.32 - lr: 0.100000
2022-05-23 14:56:04,731 epoch 1 - iter 100/107 - loss 0.37289425 - samples/sec: 72.37 - lr: 0.100000
2022-05-23 14:56:07,404 ----------------------------------------------------------------------------------------------------
2022-05-23 14:56:07,405 EPOCH 1 done: loss 0.3653 - lr 0.100000
2022-05-23 14:56:22,882 Evaluating as a multi-label problem: False
2022-05-23 14:56:22,894 DEV : loss 0.4853869676589966 - f1-score (micro avg)  0.0071
2022-05-23 14:56:22,961 BAD EPOCHS (no improvement): 0
2022-05-23 14:56:22,964 saving best model
2022-05-23 14:58:21,491 ----------------------------------------------------------------------------------------------------
2022-05-23 14:58:24,111 epoch 2 - iter 10/107 - loss 0.22868357 - samples/sec: 122.25 - lr: 0.100000
2022-05-23 14:58:26,806 epoch 2 - iter 20/107 - loss 0.21848038 - samples/sec: 118.79 - lr: 0.100000
2022-05-23 14:58:29,567 epoch 2 - iter 30/107 - loss 0.20528490 - samples/sec: 115.94 - lr: 0.100000
2022-05-23 14:58:32,415 epoch 2 - iter 40/107 - loss 0.21116115 - samples/sec: 112.39 - lr: 0.100000
2022-05-23 14:58:35,213 epoch 2 - iter 50/107 - loss 0.21682944 - samples/sec: 114.40 - lr: 0.100000
2022-05-23 14:58:37,875 epoch 2 - iter 60/107 - loss 0.21100575 - samples/sec: 120.27 - lr: 0.100000
2022-05-23 14:58:40,631 epoch 2 - iter 70/107 - loss 0.21072546 - samples/sec: 116.13 - lr: 0.100000
2022-05-23 14:58:43,357 epoch 2 - iter 80/107 - loss 0.20841381 - samples/sec: 117.43 - lr: 0.100000
2022-05-23 14:58:46,085 epoch 2 - iter 90/107 - loss 0.20490269 - samples/sec: 117.35 - lr: 0.100000
2022-05-23 14:58:48,898 epoch 2 - iter 100/107 - loss 0.20167162 - samples/sec: 113.80 - lr: 0.100000
2022-05-23 14:58:50,708 ----------------------------------------------------------------------------------------------------
2022-05-23 14:58:50,708 EPOCH 2 done: loss 0.2009 - lr 0.100000
2022-05-23 14:58:59,915 Evaluating as a multi-label problem: False
2022-05-23 14:58:59,926 DEV : loss 0.31319481134414673 - f1-score (micro avg)  0.3953
2022-05-23 14:58:59,993 BAD EPOCHS (no improvement): 0
2022-05-23 14:59:00,432 saving best model
2022-05-23 15:00:37,336 ----------------------------------------------------------------------------------------------------
2022-05-23 15:00:41,559 epoch 3 - iter 10/107 - loss 0.19555864 - samples/sec: 75.81 - lr: 0.100000
2022-05-23 15:00:45,309 epoch 3 - iter 20/107 - loss 0.19431096 - samples/sec: 85.37 - lr: 0.100000
2022-05-23 15:00:48,691 epoch 3 - iter 30/107 - loss 0.18354309 - samples/sec: 94.67 - lr: 0.100000
2022-05-23 15:00:52,141 epoch 3 - iter 40/107 - loss 0.18369026 - samples/sec: 92.77 - lr: 0.100000
2022-05-23 15:00:55,915 epoch 3 - iter 50/107 - loss 0.17853651 - samples/sec: 84.81 - lr: 0.100000
2022-05-23 15:00:59,967 epoch 3 - iter 60/107 - loss 0.17791191 - samples/sec: 78.99 - lr: 0.100000
2022-05-23 15:01:03,981 epoch 3 - iter 70/107 - loss 0.17932099 - samples/sec: 79.74 - lr: 0.100000
2022-05-23 15:01:07,819 epoch 3 - iter 80/107 - loss 0.17691756 - samples/sec: 83.41 - lr: 0.100000
2022-05-23 15:01:11,674 epoch 3 - iter 90/107 - loss 0.17485446 - samples/sec: 83.03 - lr: 0.100000
2022-05-23 15:01:15,583 epoch 3 - iter 100/107 - loss 0.17196191 - samples/sec: 81.88 - lr: 0.100000
2022-05-23 15:01:17,642 ----------------------------------------------------------------------------------------------------
2022-05-23 15:01:17,642 EPOCH 3 done: loss 0.1706 - lr 0.100000
2022-05-23 15:01:28,405 Evaluating as a multi-label problem: False
2022-05-23 15:01:28,417 DEV : loss 0.2665831744670868 - f1-score (micro avg)  0.4782
2022-05-23 15:01:28,484 BAD EPOCHS (no improvement): 0
2022-05-23 15:01:28,500 saving best model
2022-05-23 15:03:08,620 ----------------------------------------------------------------------------------------------------
2022-05-23 15:03:11,700 epoch 4 - iter 10/107 - loss 0.14255215 - samples/sec: 103.98 - lr: 0.100000
2022-05-23 15:03:14,813 epoch 4 - iter 20/107 - loss 0.13600377 - samples/sec: 102.84 - lr: 0.100000
2022-05-23 15:03:18,095 epoch 4 - iter 30/107 - loss 0.14133215 - samples/sec: 97.52 - lr: 0.100000
2022-05-23 15:03:21,208 epoch 4 - iter 40/107 - loss 0.14678862 - samples/sec: 102.86 - lr: 0.100000
2022-05-23 15:03:24,286 epoch 4 - iter 50/107 - loss 0.14739140 - samples/sec: 104.01 - lr: 0.100000
2022-05-23 15:03:27,486 epoch 4 - iter 60/107 - loss 0.15154754 - samples/sec: 100.04 - lr: 0.100000
2022-05-23 15:03:30,614 epoch 4 - iter 70/107 - loss 0.14740022 - samples/sec: 102.34 - lr: 0.100000
2022-05-23 15:03:33,670 epoch 4 - iter 80/107 - loss 0.14741442 - samples/sec: 104.77 - lr: 0.100000
2022-05-23 15:03:36,793 epoch 4 - iter 90/107 - loss 0.14674393 - samples/sec: 102.49 - lr: 0.100000
2022-05-23 15:03:40,804 epoch 4 - iter 100/107 - loss 0.15082516 - samples/sec: 79.80 - lr: 0.100000
2022-05-23 15:03:43,318 ----------------------------------------------------------------------------------------------------
2022-05-23 15:03:49,333 EPOCH 4 done: loss 0.1510 - lr 0.100000
2022-05-23 15:04:01,643 Evaluating as a multi-label problem: False
2022-05-23 15:04:01,654 DEV : loss 0.2644546627998352 - f1-score (micro avg)  0.4513
2022-05-23 15:04:01,739 BAD EPOCHS (no improvement): 1
2022-05-23 15:04:01,742 ----------------------------------------------------------------------------------------------------
2022-05-23 15:04:04,921 epoch 5 - iter 10/107 - loss 0.12213692 - samples/sec: 100.71 - lr: 0.100000
2022-05-23 15:04:08,768 epoch 5 - iter 20/107 - loss 0.13254089 - samples/sec: 83.21 - lr: 0.100000
2022-05-23 15:04:12,601 epoch 5 - iter 30/107 - loss 0.13436750 - samples/sec: 83.51 - lr: 0.100000
2022-05-23 15:04:16,933 epoch 5 - iter 40/107 - loss 0.13190274 - samples/sec: 73.89 - lr: 0.100000
2022-05-23 15:04:21,090 epoch 5 - iter 50/107 - loss 0.13287960 - samples/sec: 76.99 - lr: 0.100000
2022-05-23 15:04:25,239 epoch 5 - iter 60/107 - loss 0.13806528 - samples/sec: 77.15 - lr: 0.100000
2022-05-23 15:04:29,397 epoch 5 - iter 70/107 - loss 0.13764668 - samples/sec: 76.98 - lr: 0.100000
2022-05-23 15:04:33,645 epoch 5 - iter 80/107 - loss 0.13674508 - samples/sec: 75.36 - lr: 0.100000
2022-05-23 15:04:37,737 epoch 5 - iter 90/107 - loss 0.13763614 - samples/sec: 78.22 - lr: 0.100000
2022-05-23 15:04:41,403 epoch 5 - iter 100/107 - loss 0.13666247 - samples/sec: 87.33 - lr: 0.100000
2022-05-23 15:04:43,725 ----------------------------------------------------------------------------------------------------
2022-05-23 15:04:43,725 EPOCH 5 done: loss 0.1349 - lr 0.100000
2022-05-23 15:04:56,219 Evaluating as a multi-label problem: False
2022-05-23 15:04:56,230 DEV : loss 0.26504984498023987 - f1-score (micro avg)  0.3694
2022-05-23 15:04:56,312 BAD EPOCHS (no improvement): 2
2022-05-23 15:04:56,315 ----------------------------------------------------------------------------------------------------
2022-05-23 15:05:00,483 epoch 6 - iter 10/107 - loss 0.14100194 - samples/sec: 76.80 - lr: 0.100000
2022-05-23 15:05:04,633 epoch 6 - iter 20/107 - loss 0.12716507 - samples/sec: 77.13 - lr: 0.100000
2022-05-23 15:05:08,601 epoch 6 - iter 30/107 - loss 0.12809272 - samples/sec: 80.67 - lr: 0.100000
2022-05-23 15:05:12,421 epoch 6 - iter 40/107 - loss 0.13181377 - samples/sec: 83.79 - lr: 0.100000
2022-05-23 15:05:16,665 epoch 6 - iter 50/107 - loss 0.13587746 - samples/sec: 75.42 - lr: 0.100000
2022-05-23 15:05:20,911 epoch 6 - iter 60/107 - loss 0.13318148 - samples/sec: 75.39 - lr: 0.100000
2022-05-23 15:05:25,066 epoch 6 - iter 70/107 - loss 0.12787593 - samples/sec: 77.04 - lr: 0.100000
2022-05-23 15:05:29,230 epoch 6 - iter 80/107 - loss 0.12581712 - samples/sec: 76.88 - lr: 0.100000
2022-05-23 15:05:33,665 epoch 6 - iter 90/107 - loss 0.12483576 - samples/sec: 72.17 - lr: 0.100000
2022-05-23 15:05:37,781 epoch 6 - iter 100/107 - loss 0.12413873 - samples/sec: 77.76 - lr: 0.100000
2022-05-23 15:05:40,059 ----------------------------------------------------------------------------------------------------
2022-05-23 15:05:40,059 EPOCH 6 done: loss 0.1240 - lr 0.100000
2022-05-23 15:05:52,887 Evaluating as a multi-label problem: False
2022-05-23 15:05:52,899 DEV : loss 0.2081736922264099 - f1-score (micro avg)  0.5209
2022-05-23 15:05:52,980 BAD EPOCHS (no improvement): 0
2022-05-23 15:05:52,981 saving best model
2022-05-23 15:07:30,460 ----------------------------------------------------------------------------------------------------
2022-05-23 15:07:34,646 epoch 7 - iter 10/107 - loss 0.12664025 - samples/sec: 76.48 - lr: 0.100000
2022-05-23 15:07:38,730 epoch 7 - iter 20/107 - loss 0.11575352 - samples/sec: 78.38 - lr: 0.100000
2022-05-23 15:07:42,452 epoch 7 - iter 30/107 - loss 0.12286763 - samples/sec: 86.00 - lr: 0.100000
2022-05-23 15:07:45,675 epoch 7 - iter 40/107 - loss 0.12576141 - samples/sec: 99.33 - lr: 0.100000
2022-05-23 15:07:49,370 epoch 7 - iter 50/107 - loss 0.12237132 - samples/sec: 86.63 - lr: 0.100000
2022-05-23 15:07:53,335 epoch 7 - iter 60/107 - loss 0.11879344 - samples/sec: 80.74 - lr: 0.100000
2022-05-23 15:07:57,197 epoch 7 - iter 70/107 - loss 0.12102928 - samples/sec: 82.88 - lr: 0.100000
2022-05-23 15:08:01,168 epoch 7 - iter 80/107 - loss 0.12083050 - samples/sec: 80.60 - lr: 0.100000
2022-05-23 15:08:05,376 epoch 7 - iter 90/107 - loss 0.11989266 - samples/sec: 76.06 - lr: 0.100000
2022-05-23 15:08:09,307 epoch 7 - iter 100/107 - loss 0.11715694 - samples/sec: 81.42 - lr: 0.100000
2022-05-23 15:08:11,463 ----------------------------------------------------------------------------------------------------
2022-05-23 15:08:11,463 EPOCH 7 done: loss 0.1170 - lr 0.100000
2022-05-23 15:08:22,077 Evaluating as a multi-label problem: False
2022-05-23 15:08:22,089 DEV : loss 0.21278920769691467 - f1-score (micro avg)  0.5144
2022-05-23 15:08:22,158 BAD EPOCHS (no improvement): 1
2022-05-23 15:08:22,222 ----------------------------------------------------------------------------------------------------
2022-05-23 15:08:26,211 epoch 8 - iter 10/107 - loss 0.13500231 - samples/sec: 80.26 - lr: 0.100000
2022-05-23 15:08:30,137 epoch 8 - iter 20/107 - loss 0.11614364 - samples/sec: 81.52 - lr: 0.100000
2022-05-23 15:08:34,262 epoch 8 - iter 30/107 - loss 0.10975165 - samples/sec: 77.59 - lr: 0.100000
2022-05-23 15:08:38,360 epoch 8 - iter 40/107 - loss 0.11615536 - samples/sec: 78.11 - lr: 0.100000
2022-05-23 15:08:42,472 epoch 8 - iter 50/107 - loss 0.11573923 - samples/sec: 77.85 - lr: 0.100000
2022-05-23 15:08:45,694 epoch 8 - iter 60/107 - loss 0.11559902 - samples/sec: 99.36 - lr: 0.100000
2022-05-23 15:08:49,055 epoch 8 - iter 70/107 - loss 0.11225425 - samples/sec: 95.22 - lr: 0.100000
2022-05-23 15:08:53,052 epoch 8 - iter 80/107 - loss 0.11180239 - samples/sec: 80.08 - lr: 0.100000
2022-05-23 15:08:56,792 epoch 8 - iter 90/107 - loss 0.11094275 - samples/sec: 85.61 - lr: 0.100000
2022-05-23 15:09:00,624 epoch 8 - iter 100/107 - loss 0.10947630 - samples/sec: 83.52 - lr: 0.100000
2022-05-23 15:09:02,974 ----------------------------------------------------------------------------------------------------
2022-05-23 15:09:02,974 EPOCH 8 done: loss 0.1094 - lr 0.100000
2022-05-23 15:09:14,171 Evaluating as a multi-label problem: False
2022-05-23 15:09:14,182 DEV : loss 0.1941329836845398 - f1-score (micro avg)  0.5145
2022-05-23 15:09:14,252 BAD EPOCHS (no improvement): 2
2022-05-23 15:09:14,255 ----------------------------------------------------------------------------------------------------
2022-05-23 15:09:17,681 epoch 9 - iter 10/107 - loss 0.07720435 - samples/sec: 93.45 - lr: 0.100000
2022-05-23 15:09:21,398 epoch 9 - iter 20/107 - loss 0.09533390 - samples/sec: 86.11 - lr: 0.100000
2022-05-23 15:09:25,163 epoch 9 - iter 30/107 - loss 0.10093711 - samples/sec: 85.01 - lr: 0.100000
2022-05-23 15:09:29,212 epoch 9 - iter 40/107 - loss 0.10184387 - samples/sec: 79.04 - lr: 0.100000
2022-05-23 15:09:33,103 epoch 9 - iter 50/107 - loss 0.10337434 - samples/sec: 82.27 - lr: 0.100000
2022-05-23 15:09:37,039 epoch 9 - iter 60/107 - loss 0.10339831 - samples/sec: 81.33 - lr: 0.100000
2022-05-23 15:09:41,010 epoch 9 - iter 70/107 - loss 0.10351333 - samples/sec: 80.61 - lr: 0.100000
2022-05-23 15:09:44,803 epoch 9 - iter 80/107 - loss 0.10197622 - samples/sec: 84.37 - lr: 0.100000
2022-05-23 15:09:48,445 epoch 9 - iter 90/107 - loss 0.10544456 - samples/sec: 87.90 - lr: 0.100000
2022-05-23 15:09:52,177 epoch 9 - iter 100/107 - loss 0.10430597 - samples/sec: 85.78 - lr: 0.100000
2022-05-23 15:09:54,802 ----------------------------------------------------------------------------------------------------
2022-05-23 15:09:54,802 EPOCH 9 done: loss 0.1026 - lr 0.100000
2022-05-23 15:10:06,517 Evaluating as a multi-label problem: False
2022-05-23 15:10:06,528 DEV : loss 0.25356826186180115 - f1-score (micro avg)  0.4279
2022-05-23 15:10:06,597 BAD EPOCHS (no improvement): 3
2022-05-23 15:10:06,598 ----------------------------------------------------------------------------------------------------
2022-05-23 15:10:10,662 epoch 10 - iter 10/107 - loss 0.11598270 - samples/sec: 78.77 - lr: 0.100000
2022-05-23 15:10:14,338 epoch 10 - iter 20/107 - loss 0.11426477 - samples/sec: 87.08 - lr: 0.100000
2022-05-23 15:10:17,746 epoch 10 - iter 30/107 - loss 0.10164543 - samples/sec: 93.93 - lr: 0.100000
2022-05-23 15:10:21,322 epoch 10 - iter 40/107 - loss 0.09958731 - samples/sec: 89.52 - lr: 0.100000
2022-05-23 15:10:25,257 epoch 10 - iter 50/107 - loss 0.09650128 - samples/sec: 81.34 - lr: 0.100000
2022-05-23 15:10:29,363 epoch 10 - iter 60/107 - loss 0.09914898 - samples/sec: 77.96 - lr: 0.100000
2022-05-23 15:10:33,271 epoch 10 - iter 70/107 - loss 0.09727413 - samples/sec: 81.92 - lr: 0.100000
2022-05-23 15:10:37,040 epoch 10 - iter 80/107 - loss 0.09696015 - samples/sec: 84.92 - lr: 0.100000
2022-05-23 15:10:41,091 epoch 10 - iter 90/107 - loss 0.09629453 - samples/sec: 79.01 - lr: 0.100000
2022-05-23 15:10:44,867 epoch 10 - iter 100/107 - loss 0.09675791 - samples/sec: 84.78 - lr: 0.100000
2022-05-23 15:10:46,970 ----------------------------------------------------------------------------------------------------
2022-05-23 15:10:46,970 EPOCH 10 done: loss 0.0983 - lr 0.100000
2022-05-23 15:10:58,124 Evaluating as a multi-label problem: False
2022-05-23 15:10:58,134 DEV : loss 0.27517011761665344 - f1-score (micro avg)  0.3702
2022-05-23 15:10:58,204 Epoch    10: reducing learning rate of group 0 to 5.0000e-02.
2022-05-23 15:10:58,204 BAD EPOCHS (no improvement): 4
2022-05-23 15:10:58,206 ----------------------------------------------------------------------------------------------------
2022-05-23 15:11:02,131 epoch 11 - iter 10/107 - loss 0.08820426 - samples/sec: 81.58 - lr: 0.050000
2022-05-23 15:11:06,143 epoch 11 - iter 20/107 - loss 0.08725874 - samples/sec: 79.77 - lr: 0.050000
2022-05-23 15:11:10,024 epoch 11 - iter 30/107 - loss 0.08750122 - samples/sec: 82.47 - lr: 0.050000
2022-05-23 15:11:13,772 epoch 11 - iter 40/107 - loss 0.08745743 - samples/sec: 85.41 - lr: 0.050000
2022-05-23 15:11:17,387 epoch 11 - iter 50/107 - loss 0.08622884 - samples/sec: 88.54 - lr: 0.050000
2022-05-23 15:11:20,774 epoch 11 - iter 60/107 - loss 0.08839204 - samples/sec: 94.50 - lr: 0.050000
2022-05-23 15:11:24,606 epoch 11 - iter 70/107 - loss 0.08784755 - samples/sec: 83.53 - lr: 0.050000
2022-05-23 15:11:28,478 epoch 11 - iter 80/107 - loss 0.08947856 - samples/sec: 82.66 - lr: 0.050000
2022-05-23 15:11:32,497 epoch 11 - iter 90/107 - loss 0.08725624 - samples/sec: 79.65 - lr: 0.050000
2022-05-23 15:11:36,613 epoch 11 - iter 100/107 - loss 0.08635860 - samples/sec: 77.77 - lr: 0.050000
2022-05-23 15:11:38,951 ----------------------------------------------------------------------------------------------------
2022-05-23 15:11:38,951 EPOCH 11 done: loss 0.0861 - lr 0.050000
2022-05-23 15:11:49,755 Evaluating as a multi-label problem: False
2022-05-23 15:11:49,768 DEV : loss 0.1989540457725525 - f1-score (micro avg)  0.5332
2022-05-23 15:11:49,839 BAD EPOCHS (no improvement): 0
2022-05-23 15:11:49,841 saving best model
2022-05-23 15:13:27,615 ----------------------------------------------------------------------------------------------------
2022-05-23 15:13:31,834 epoch 12 - iter 10/107 - loss 0.08441514 - samples/sec: 75.89 - lr: 0.050000
2022-05-23 15:13:35,907 epoch 12 - iter 20/107 - loss 0.08485245 - samples/sec: 78.60 - lr: 0.050000
2022-05-23 15:13:39,726 epoch 12 - iter 30/107 - loss 0.08369041 - samples/sec: 83.81 - lr: 0.050000
2022-05-23 15:13:43,459 epoch 12 - iter 40/107 - loss 0.08262391 - samples/sec: 85.75 - lr: 0.050000
2022-05-23 15:13:47,367 epoch 12 - iter 50/107 - loss 0.07974723 - samples/sec: 81.90 - lr: 0.050000
2022-05-23 15:13:51,217 epoch 12 - iter 60/107 - loss 0.08073152 - samples/sec: 83.16 - lr: 0.050000
2022-05-23 15:13:54,909 epoch 12 - iter 70/107 - loss 0.08144620 - samples/sec: 86.69 - lr: 0.050000
2022-05-23 15:13:58,888 epoch 12 - iter 80/107 - loss 0.08118540 - samples/sec: 80.44 - lr: 0.050000
2022-05-23 15:14:03,031 epoch 12 - iter 90/107 - loss 0.08112814 - samples/sec: 77.26 - lr: 0.050000
2022-05-23 15:14:07,180 epoch 12 - iter 100/107 - loss 0.08113191 - samples/sec: 77.15 - lr: 0.050000
2022-05-23 15:14:09,692 ----------------------------------------------------------------------------------------------------
2022-05-23 15:14:09,692 EPOCH 12 done: loss 0.0794 - lr 0.050000
2022-05-23 15:14:21,973 Evaluating as a multi-label problem: False
2022-05-23 15:14:21,985 DEV : loss 0.20743075013160706 - f1-score (micro avg)  0.5
2022-05-23 15:14:22,069 BAD EPOCHS (no improvement): 1
2022-05-23 15:14:22,085 ----------------------------------------------------------------------------------------------------
2022-05-23 15:14:26,188 epoch 13 - iter 10/107 - loss 0.06946554 - samples/sec: 78.03 - lr: 0.050000
2022-05-23 15:14:30,301 epoch 13 - iter 20/107 - loss 0.07565167 - samples/sec: 77.82 - lr: 0.050000
2022-05-23 15:14:34,504 epoch 13 - iter 30/107 - loss 0.07520060 - samples/sec: 76.16 - lr: 0.050000
2022-05-23 15:14:38,841 epoch 13 - iter 40/107 - loss 0.07475007 - samples/sec: 73.80 - lr: 0.050000
2022-05-23 15:14:43,003 epoch 13 - iter 50/107 - loss 0.07663784 - samples/sec: 76.91 - lr: 0.050000
2022-05-23 15:14:47,470 epoch 13 - iter 60/107 - loss 0.07724728 - samples/sec: 71.66 - lr: 0.050000
2022-05-23 15:14:51,254 epoch 13 - iter 70/107 - loss 0.07855367 - samples/sec: 84.60 - lr: 0.050000
2022-05-23 15:14:55,261 epoch 13 - iter 80/107 - loss 0.08100434 - samples/sec: 79.87 - lr: 0.050000
2022-05-23 15:14:59,287 epoch 13 - iter 90/107 - loss 0.07929837 - samples/sec: 79.52 - lr: 0.050000
2022-05-23 15:15:03,409 epoch 13 - iter 100/107 - loss 0.07976266 - samples/sec: 77.65 - lr: 0.050000
2022-05-23 15:15:06,091 ----------------------------------------------------------------------------------------------------
2022-05-23 15:15:06,091 EPOCH 13 done: loss 0.0790 - lr 0.050000
2022-05-23 15:15:29,950 Evaluating as a multi-label problem: False
2022-05-23 15:15:29,961 DEV : loss 0.22026404738426208 - f1-score (micro avg)  0.4732
2022-05-23 15:15:30,043 BAD EPOCHS (no improvement): 2
2022-05-23 15:15:30,046 ----------------------------------------------------------------------------------------------------
2022-05-23 15:15:34,286 epoch 14 - iter 10/107 - loss 0.07940748 - samples/sec: 75.49 - lr: 0.050000
2022-05-23 15:15:38,437 epoch 14 - iter 20/107 - loss 0.08417755 - samples/sec: 77.11 - lr: 0.050000
2022-05-23 15:15:42,578 epoch 14 - iter 30/107 - loss 0.08442053 - samples/sec: 77.29 - lr: 0.050000
2022-05-23 15:15:46,501 epoch 14 - iter 40/107 - loss 0.08330117 - samples/sec: 81.61 - lr: 0.050000
2022-05-23 15:15:49,917 epoch 14 - iter 50/107 - loss 0.08040149 - samples/sec: 93.70 - lr: 0.050000
2022-05-23 15:15:53,447 epoch 14 - iter 60/107 - loss 0.07754377 - samples/sec: 90.67 - lr: 0.050000
2022-05-23 15:15:57,360 epoch 14 - iter 70/107 - loss 0.07754033 - samples/sec: 81.79 - lr: 0.050000
2022-05-23 15:16:01,254 epoch 14 - iter 80/107 - loss 0.07728478 - samples/sec: 82.21 - lr: 0.050000
2022-05-23 15:16:05,097 epoch 14 - iter 90/107 - loss 0.07633041 - samples/sec: 83.28 - lr: 0.050000
2022-05-23 15:16:08,975 epoch 14 - iter 100/107 - loss 0.07611355 - samples/sec: 82.55 - lr: 0.050000
2022-05-23 15:16:11,593 ----------------------------------------------------------------------------------------------------
2022-05-23 15:16:11,593 EPOCH 14 done: loss 0.0763 - lr 0.050000
2022-05-23 15:16:22,110 Evaluating as a multi-label problem: False
2022-05-23 15:16:22,121 DEV : loss 0.19350184500217438 - f1-score (micro avg)  0.5241
2022-05-23 15:16:22,189 BAD EPOCHS (no improvement): 3
2022-05-23 15:16:22,192 ----------------------------------------------------------------------------------------------------
2022-05-23 15:16:25,837 epoch 15 - iter 10/107 - loss 0.06919271 - samples/sec: 87.83 - lr: 0.050000
2022-05-23 15:16:29,850 epoch 15 - iter 20/107 - loss 0.06916289 - samples/sec: 79.75 - lr: 0.050000
2022-05-23 15:16:34,124 epoch 15 - iter 30/107 - loss 0.07638116 - samples/sec: 74.89 - lr: 0.050000
2022-05-23 15:16:37,961 epoch 15 - iter 40/107 - loss 0.07434922 - samples/sec: 83.43 - lr: 0.050000
2022-05-23 15:16:42,016 epoch 15 - iter 50/107 - loss 0.07379652 - samples/sec: 78.94 - lr: 0.050000
2022-05-23 15:16:45,937 epoch 15 - iter 60/107 - loss 0.07199104 - samples/sec: 81.63 - lr: 0.050000
2022-05-23 15:16:49,636 epoch 15 - iter 70/107 - loss 0.07068261 - samples/sec: 86.53 - lr: 0.050000
2022-05-23 15:16:52,916 epoch 15 - iter 80/107 - loss 0.07184094 - samples/sec: 97.60 - lr: 0.050000
2022-05-23 15:16:56,451 epoch 15 - iter 90/107 - loss 0.07141966 - samples/sec: 90.54 - lr: 0.050000
2022-05-23 15:17:00,355 epoch 15 - iter 100/107 - loss 0.07161351 - samples/sec: 82.00 - lr: 0.050000
2022-05-23 15:17:02,953 ----------------------------------------------------------------------------------------------------
2022-05-23 15:17:02,953 EPOCH 15 done: loss 0.0719 - lr 0.050000
2022-05-23 15:17:14,365 Evaluating as a multi-label problem: False
2022-05-23 15:17:14,376 DEV : loss 0.20909689366817474 - f1-score (micro avg)  0.502
2022-05-23 15:17:14,444 Epoch    15: reducing learning rate of group 0 to 2.5000e-02.
2022-05-23 15:17:14,445 BAD EPOCHS (no improvement): 4
2022-05-23 15:17:14,446 ----------------------------------------------------------------------------------------------------
2022-05-23 15:17:18,326 epoch 16 - iter 10/107 - loss 0.07471376 - samples/sec: 82.50 - lr: 0.025000
2022-05-23 15:17:21,743 epoch 16 - iter 20/107 - loss 0.06763402 - samples/sec: 93.69 - lr: 0.025000
2022-05-23 15:17:24,936 epoch 16 - iter 30/107 - loss 0.06692614 - samples/sec: 100.25 - lr: 0.025000
2022-05-23 15:17:28,905 epoch 16 - iter 40/107 - loss 0.06709178 - samples/sec: 80.66 - lr: 0.025000
2022-05-23 15:17:32,865 epoch 16 - iter 50/107 - loss 0.06839331 - samples/sec: 80.83 - lr: 0.025000
2022-05-23 15:17:36,862 epoch 16 - iter 60/107 - loss 0.06961801 - samples/sec: 80.08 - lr: 0.025000
2022-05-23 15:17:40,783 epoch 16 - iter 70/107 - loss 0.06919450 - samples/sec: 81.64 - lr: 0.025000
2022-05-23 15:17:44,811 epoch 16 - iter 80/107 - loss 0.07070554 - samples/sec: 79.46 - lr: 0.025000
2022-05-23 15:17:48,752 epoch 16 - iter 90/107 - loss 0.06944645 - samples/sec: 81.22 - lr: 0.025000
2022-05-23 15:17:52,133 epoch 16 - iter 100/107 - loss 0.07043734 - samples/sec: 94.68 - lr: 0.025000
2022-05-23 15:17:54,261 ----------------------------------------------------------------------------------------------------
2022-05-23 15:17:54,261 EPOCH 16 done: loss 0.0705 - lr 0.025000
2022-05-23 15:18:05,710 Evaluating as a multi-label problem: False
2022-05-23 15:18:05,721 DEV : loss 0.20403288304805756 - f1-score (micro avg)  0.5039
2022-05-23 15:18:05,790 BAD EPOCHS (no improvement): 1
2022-05-23 15:18:05,791 ----------------------------------------------------------------------------------------------------
2022-05-23 15:18:09,789 epoch 17 - iter 10/107 - loss 0.06348113 - samples/sec: 80.06 - lr: 0.025000
2022-05-23 15:18:13,515 epoch 17 - iter 20/107 - loss 0.06350454 - samples/sec: 85.90 - lr: 0.025000
2022-05-23 15:18:17,564 epoch 17 - iter 30/107 - loss 0.06529232 - samples/sec: 79.07 - lr: 0.025000
2022-05-23 15:18:21,153 epoch 17 - iter 40/107 - loss 0.06394454 - samples/sec: 89.18 - lr: 0.025000
2022-05-23 15:18:24,657 epoch 17 - iter 50/107 - loss 0.06626379 - samples/sec: 91.36 - lr: 0.025000
2022-05-23 15:18:28,173 epoch 17 - iter 60/107 - loss 0.06725854 - samples/sec: 91.04 - lr: 0.025000
2022-05-23 15:18:32,079 epoch 17 - iter 70/107 - loss 0.06700542 - samples/sec: 81.96 - lr: 0.025000
2022-05-23 15:18:36,050 epoch 17 - iter 80/107 - loss 0.06837052 - samples/sec: 80.59 - lr: 0.025000
2022-05-23 15:18:40,029 epoch 17 - iter 90/107 - loss 0.06889733 - samples/sec: 80.45 - lr: 0.025000
2022-05-23 15:18:43,824 epoch 17 - iter 100/107 - loss 0.06780783 - samples/sec: 84.34 - lr: 0.025000
2022-05-23 15:18:46,315 ----------------------------------------------------------------------------------------------------
2022-05-23 15:18:46,316 EPOCH 17 done: loss 0.0692 - lr 0.025000
2022-05-23 15:18:57,070 Evaluating as a multi-label problem: False
2022-05-23 15:18:57,081 DEV : loss 0.19690756499767303 - f1-score (micro avg)  0.5344
2022-05-23 15:18:57,150 BAD EPOCHS (no improvement): 0
2022-05-23 15:18:57,151 saving best model
2022-05-23 15:20:33,080 ----------------------------------------------------------------------------------------------------
2022-05-23 15:20:35,958 epoch 18 - iter 10/107 - loss 0.04841576 - samples/sec: 111.25 - lr: 0.025000
2022-05-23 15:20:38,785 epoch 18 - iter 20/107 - loss 0.06162207 - samples/sec: 113.26 - lr: 0.025000
2022-05-23 15:20:41,535 epoch 18 - iter 30/107 - loss 0.06466215 - samples/sec: 116.41 - lr: 0.025000
2022-05-23 15:20:44,320 epoch 18 - iter 40/107 - loss 0.06547883 - samples/sec: 114.94 - lr: 0.025000
2022-05-23 15:20:47,247 epoch 18 - iter 50/107 - loss 0.06546302 - samples/sec: 109.36 - lr: 0.025000
2022-05-23 15:20:50,019 epoch 18 - iter 60/107 - loss 0.06458362 - samples/sec: 115.45 - lr: 0.025000
2022-05-23 15:20:52,803 epoch 18 - iter 70/107 - loss 0.06249512 - samples/sec: 114.99 - lr: 0.025000
2022-05-23 15:20:55,565 epoch 18 - iter 80/107 - loss 0.06323487 - samples/sec: 115.90 - lr: 0.025000
2022-05-23 15:20:58,466 epoch 18 - iter 90/107 - loss 0.06315638 - samples/sec: 110.36 - lr: 0.025000
2022-05-23 15:21:01,355 epoch 18 - iter 100/107 - loss 0.06298814 - samples/sec: 110.80 - lr: 0.025000
2022-05-23 15:21:03,050 ----------------------------------------------------------------------------------------------------
2022-05-23 15:21:03,050 EPOCH 18 done: loss 0.0623 - lr 0.025000
2022-05-23 15:21:11,874 Evaluating as a multi-label problem: False
2022-05-23 15:21:11,886 DEV : loss 0.1992902308702469 - f1-score (micro avg)  0.5244
2022-05-23 15:21:11,957 BAD EPOCHS (no improvement): 1
2022-05-23 15:21:12,089 ----------------------------------------------------------------------------------------------------
2022-05-23 15:21:14,852 epoch 19 - iter 10/107 - loss 0.06129581 - samples/sec: 115.91 - lr: 0.025000
2022-05-23 15:21:17,716 epoch 19 - iter 20/107 - loss 0.06585734 - samples/sec: 111.77 - lr: 0.025000
2022-05-23 15:21:20,453 epoch 19 - iter 30/107 - loss 0.06647600 - samples/sec: 116.96 - lr: 0.025000
2022-05-23 15:21:23,295 epoch 19 - iter 40/107 - loss 0.06637215 - samples/sec: 112.61 - lr: 0.025000
2022-05-23 15:21:26,090 epoch 19 - iter 50/107 - loss 0.06560775 - samples/sec: 114.54 - lr: 0.025000
2022-05-23 15:21:28,708 epoch 19 - iter 60/107 - loss 0.06378557 - samples/sec: 122.29 - lr: 0.025000
2022-05-23 15:21:31,269 epoch 19 - iter 70/107 - loss 0.06191231 - samples/sec: 124.97 - lr: 0.025000
2022-05-23 15:21:33,923 epoch 19 - iter 80/107 - loss 0.06177236 - samples/sec: 120.65 - lr: 0.025000
2022-05-23 15:21:36,585 epoch 19 - iter 90/107 - loss 0.06379752 - samples/sec: 120.25 - lr: 0.025000
2022-05-23 15:21:39,328 epoch 19 - iter 100/107 - loss 0.06292183 - samples/sec: 116.68 - lr: 0.025000
2022-05-23 15:21:41,004 ----------------------------------------------------------------------------------------------------
2022-05-23 15:21:41,004 EPOCH 19 done: loss 0.0625 - lr 0.025000
2022-05-23 15:21:49,513 Evaluating as a multi-label problem: False
2022-05-23 15:21:49,523 DEV : loss 0.22109673917293549 - f1-score (micro avg)  0.4956
2022-05-23 15:21:49,592 BAD EPOCHS (no improvement): 2
2022-05-23 15:21:49,599 ----------------------------------------------------------------------------------------------------
2022-05-23 15:21:52,456 epoch 20 - iter 10/107 - loss 0.06650554 - samples/sec: 112.06 - lr: 0.025000
2022-05-23 15:21:55,358 epoch 20 - iter 20/107 - loss 0.06570688 - samples/sec: 110.34 - lr: 0.025000
2022-05-23 15:21:58,193 epoch 20 - iter 30/107 - loss 0.06750267 - samples/sec: 112.90 - lr: 0.025000
2022-05-23 15:22:00,950 epoch 20 - iter 40/107 - loss 0.06495098 - samples/sec: 116.13 - lr: 0.025000
2022-05-23 15:22:03,729 epoch 20 - iter 50/107 - loss 0.06215176 - samples/sec: 115.19 - lr: 0.025000
2022-05-23 15:22:06,633 epoch 20 - iter 60/107 - loss 0.06165393 - samples/sec: 110.24 - lr: 0.025000
2022-05-23 15:22:09,404 epoch 20 - iter 70/107 - loss 0.06342554 - samples/sec: 115.51 - lr: 0.025000
2022-05-23 15:22:12,291 epoch 20 - iter 80/107 - loss 0.06200564 - samples/sec: 110.87 - lr: 0.025000
2022-05-23 15:22:15,113 epoch 20 - iter 90/107 - loss 0.06303915 - samples/sec: 113.44 - lr: 0.025000
2022-05-23 15:22:17,927 epoch 20 - iter 100/107 - loss 0.06180690 - samples/sec: 113.78 - lr: 0.025000
2022-05-23 15:22:19,690 ----------------------------------------------------------------------------------------------------
2022-05-23 15:22:19,691 EPOCH 20 done: loss 0.0627 - lr 0.025000
2022-05-23 15:22:28,271 Evaluating as a multi-label problem: False
2022-05-23 15:22:28,282 DEV : loss 0.2049844115972519 - f1-score (micro avg)  0.5086
2022-05-23 15:22:28,352 BAD EPOCHS (no improvement): 3
2022-05-23 15:22:28,354 ----------------------------------------------------------------------------------------------------
2022-05-23 15:22:31,048 epoch 21 - iter 10/107 - loss 0.06154888 - samples/sec: 118.84 - lr: 0.025000
2022-05-23 15:22:33,862 epoch 21 - iter 20/107 - loss 0.05783622 - samples/sec: 113.78 - lr: 0.025000
2022-05-23 15:22:36,719 epoch 21 - iter 30/107 - loss 0.05816208 - samples/sec: 112.05 - lr: 0.025000
2022-05-23 15:22:40,424 epoch 21 - iter 40/107 - loss 0.05571240 - samples/sec: 86.37 - lr: 0.025000
2022-05-23 15:22:46,390 epoch 21 - iter 50/107 - loss 0.05718562 - samples/sec: 53.65 - lr: 0.025000
2022-05-23 15:22:51,534 epoch 21 - iter 60/107 - loss 0.05755362 - samples/sec: 62.23 - lr: 0.025000
2022-05-23 15:22:56,521 epoch 21 - iter 70/107 - loss 0.05870670 - samples/sec: 64.17 - lr: 0.025000
2022-05-23 15:23:00,884 epoch 21 - iter 80/107 - loss 0.06020230 - samples/sec: 73.36 - lr: 0.025000
2022-05-23 15:23:04,716 epoch 21 - iter 90/107 - loss 0.06027171 - samples/sec: 83.54 - lr: 0.025000
2022-05-23 15:23:08,576 epoch 21 - iter 100/107 - loss 0.05900878 - samples/sec: 82.93 - lr: 0.025000
2022-05-23 15:23:10,998 ----------------------------------------------------------------------------------------------------
2022-05-23 15:23:10,999 EPOCH 21 done: loss 0.0586 - lr 0.025000
2022-05-23 15:23:22,400 Evaluating as a multi-label problem: False
2022-05-23 15:23:22,411 DEV : loss 0.21760927140712738 - f1-score (micro avg)  0.4984
2022-05-23 15:23:22,480 Epoch    21: reducing learning rate of group 0 to 1.2500e-02.
2022-05-23 15:23:22,480 BAD EPOCHS (no improvement): 4
2022-05-23 15:23:22,483 ----------------------------------------------------------------------------------------------------
2022-05-23 15:23:26,073 epoch 22 - iter 10/107 - loss 0.05286485 - samples/sec: 89.17 - lr: 0.012500
2022-05-23 15:23:29,314 epoch 22 - iter 20/107 - loss 0.05712509 - samples/sec: 98.77 - lr: 0.012500
2022-05-23 15:23:32,349 epoch 22 - iter 30/107 - loss 0.05714332 - samples/sec: 105.46 - lr: 0.012500
2022-05-23 15:23:35,186 epoch 22 - iter 40/107 - loss 0.05841448 - samples/sec: 112.86 - lr: 0.012500
2022-05-23 15:23:37,929 epoch 22 - iter 50/107 - loss 0.05819950 - samples/sec: 116.67 - lr: 0.012500
2022-05-23 15:23:40,751 epoch 22 - iter 60/107 - loss 0.05900486 - samples/sec: 113.46 - lr: 0.012500
2022-05-23 15:23:43,520 epoch 22 - iter 70/107 - loss 0.06074970 - samples/sec: 115.63 - lr: 0.012500
2022-05-23 15:23:46,317 epoch 22 - iter 80/107 - loss 0.05995254 - samples/sec: 114.44 - lr: 0.012500
2022-05-23 15:23:49,037 epoch 22 - iter 90/107 - loss 0.06045310 - samples/sec: 117.71 - lr: 0.012500
2022-05-23 15:23:51,932 epoch 22 - iter 100/107 - loss 0.06123934 - samples/sec: 110.58 - lr: 0.012500
2022-05-23 15:23:53,667 ----------------------------------------------------------------------------------------------------
2022-05-23 15:23:53,667 EPOCH 22 done: loss 0.0613 - lr 0.012500
2022-05-23 15:24:02,168 Evaluating as a multi-label problem: False
2022-05-23 15:24:02,179 DEV : loss 0.2092164158821106 - f1-score (micro avg)  0.5047
2022-05-23 15:24:02,247 BAD EPOCHS (no improvement): 1
2022-05-23 15:24:02,250 ----------------------------------------------------------------------------------------------------
2022-05-23 15:24:05,039 epoch 23 - iter 10/107 - loss 0.06568214 - samples/sec: 114.76 - lr: 0.012500
2022-05-23 15:24:07,728 epoch 23 - iter 20/107 - loss 0.06342286 - samples/sec: 119.08 - lr: 0.012500
2022-05-23 15:24:10,578 epoch 23 - iter 30/107 - loss 0.06247921 - samples/sec: 112.29 - lr: 0.012500
2022-05-23 15:24:13,357 epoch 23 - iter 40/107 - loss 0.06006446 - samples/sec: 115.19 - lr: 0.012500
2022-05-23 15:24:16,130 epoch 23 - iter 50/107 - loss 0.05932908 - samples/sec: 115.44 - lr: 0.012500
2022-05-23 15:24:18,916 epoch 23 - iter 60/107 - loss 0.06000120 - samples/sec: 114.92 - lr: 0.012500
2022-05-23 15:24:21,781 epoch 23 - iter 70/107 - loss 0.05891692 - samples/sec: 111.71 - lr: 0.012500
2022-05-23 15:24:24,544 epoch 23 - iter 80/107 - loss 0.05836993 - samples/sec: 115.85 - lr: 0.012500
2022-05-23 15:24:27,370 epoch 23 - iter 90/107 - loss 0.05720416 - samples/sec: 113.28 - lr: 0.012500
2022-05-23 15:24:30,200 epoch 23 - iter 100/107 - loss 0.05711206 - samples/sec: 113.13 - lr: 0.012500
2022-05-23 15:24:31,958 ----------------------------------------------------------------------------------------------------
2022-05-23 15:24:31,958 EPOCH 23 done: loss 0.0572 - lr 0.012500
2022-05-23 15:24:40,921 Evaluating as a multi-label problem: False
2022-05-23 15:24:40,932 DEV : loss 0.20511536300182343 - f1-score (micro avg)  0.5205
2022-05-23 15:24:41,001 BAD EPOCHS (no improvement): 2
2022-05-23 15:24:41,004 ----------------------------------------------------------------------------------------------------
2022-05-23 15:24:45,040 epoch 24 - iter 10/107 - loss 0.04790502 - samples/sec: 79.31 - lr: 0.012500
2022-05-23 15:24:48,857 epoch 24 - iter 20/107 - loss 0.05833592 - samples/sec: 83.85 - lr: 0.012500
2022-05-23 15:24:52,493 epoch 24 - iter 30/107 - loss 0.05833378 - samples/sec: 88.04 - lr: 0.012500
2022-05-23 15:24:56,383 epoch 24 - iter 40/107 - loss 0.05672911 - samples/sec: 82.29 - lr: 0.012500
2022-05-23 15:25:00,086 epoch 24 - iter 50/107 - loss 0.05553365 - samples/sec: 86.44 - lr: 0.012500
2022-05-23 15:25:03,716 epoch 24 - iter 60/107 - loss 0.05583797 - samples/sec: 88.18 - lr: 0.012500
2022-05-23 15:25:07,212 epoch 24 - iter 70/107 - loss 0.05617157 - samples/sec: 91.56 - lr: 0.012500
2022-05-23 15:25:10,649 epoch 24 - iter 80/107 - loss 0.05564972 - samples/sec: 93.12 - lr: 0.012500
2022-05-23 15:25:14,092 epoch 24 - iter 90/107 - loss 0.05584266 - samples/sec: 92.97 - lr: 0.012500
2022-05-23 15:25:16,950 epoch 24 - iter 100/107 - loss 0.05584437 - samples/sec: 112.02 - lr: 0.012500
2022-05-23 15:25:18,554 ----------------------------------------------------------------------------------------------------
2022-05-23 15:25:18,555 EPOCH 24 done: loss 0.0557 - lr 0.012500
2022-05-23 15:25:27,091 Evaluating as a multi-label problem: False
2022-05-23 15:25:27,102 DEV : loss 0.2060467004776001 - f1-score (micro avg)  0.5151
2022-05-23 15:25:27,172 BAD EPOCHS (no improvement): 3
2022-05-23 15:25:27,174 ----------------------------------------------------------------------------------------------------
2022-05-23 15:25:29,972 epoch 25 - iter 10/107 - loss 0.05190609 - samples/sec: 114.44 - lr: 0.012500
2022-05-23 15:25:32,764 epoch 25 - iter 20/107 - loss 0.05401895 - samples/sec: 114.65 - lr: 0.012500
2022-05-23 15:25:35,575 epoch 25 - iter 30/107 - loss 0.05177487 - samples/sec: 113.89 - lr: 0.012500
2022-05-23 15:25:38,292 epoch 25 - iter 40/107 - loss 0.05298163 - samples/sec: 117.79 - lr: 0.012500
2022-05-23 15:25:41,078 epoch 25 - iter 50/107 - loss 0.05354729 - samples/sec: 114.91 - lr: 0.012500
2022-05-23 15:25:43,771 epoch 25 - iter 60/107 - loss 0.05457375 - samples/sec: 118.86 - lr: 0.012500
2022-05-23 15:25:46,582 epoch 25 - iter 70/107 - loss 0.05486581 - samples/sec: 113.89 - lr: 0.012500
2022-05-23 15:25:49,281 epoch 25 - iter 80/107 - loss 0.05415000 - samples/sec: 118.61 - lr: 0.012500
2022-05-23 15:25:52,155 epoch 25 - iter 90/107 - loss 0.05583062 - samples/sec: 111.38 - lr: 0.012500
2022-05-23 15:25:55,004 epoch 25 - iter 100/107 - loss 0.05592701 - samples/sec: 114.60 - lr: 0.012500
2022-05-23 15:25:56,764 ----------------------------------------------------------------------------------------------------
2022-05-23 15:25:56,764 EPOCH 25 done: loss 0.0561 - lr 0.012500
2022-05-23 15:26:05,206 Evaluating as a multi-label problem: False
2022-05-23 15:26:05,216 DEV : loss 0.2145082801580429 - f1-score (micro avg)  0.4936
2022-05-23 15:26:05,285 Epoch    25: reducing learning rate of group 0 to 6.2500e-03.
2022-05-23 15:26:05,285 BAD EPOCHS (no improvement): 4
2022-05-23 15:26:05,288 ----------------------------------------------------------------------------------------------------
2022-05-23 15:26:07,978 epoch 26 - iter 10/107 - loss 0.04902768 - samples/sec: 119.00 - lr: 0.006250
2022-05-23 15:26:10,645 epoch 26 - iter 20/107 - loss 0.05283740 - samples/sec: 120.04 - lr: 0.006250
2022-05-23 15:26:13,347 epoch 26 - iter 30/107 - loss 0.05507188 - samples/sec: 118.47 - lr: 0.006250
2022-05-23 15:26:16,265 epoch 26 - iter 40/107 - loss 0.05587414 - samples/sec: 109.71 - lr: 0.006250
2022-05-23 15:26:19,179 epoch 26 - iter 50/107 - loss 0.05279142 - samples/sec: 109.84 - lr: 0.006250
2022-05-23 15:26:22,035 epoch 26 - iter 60/107 - loss 0.05179950 - samples/sec: 112.09 - lr: 0.006250
2022-05-23 15:26:25,758 epoch 26 - iter 70/107 - loss 0.04993676 - samples/sec: 85.99 - lr: 0.006250
2022-05-23 15:26:29,856 epoch 26 - iter 80/107 - loss 0.05045685 - samples/sec: 78.10 - lr: 0.006250
2022-05-23 15:26:33,579 epoch 26 - iter 90/107 - loss 0.05159983 - samples/sec: 85.98 - lr: 0.006250
2022-05-23 15:26:37,293 epoch 26 - iter 100/107 - loss 0.05304662 - samples/sec: 86.18 - lr: 0.006250
2022-05-23 15:26:39,466 ----------------------------------------------------------------------------------------------------
2022-05-23 15:26:39,466 EPOCH 26 done: loss 0.0527 - lr 0.006250
2022-05-23 15:26:50,431 Evaluating as a multi-label problem: False
2022-05-23 15:26:50,442 DEV : loss 0.2061413675546646 - f1-score (micro avg)  0.5158
2022-05-23 15:26:50,511 BAD EPOCHS (no improvement): 1
2022-05-23 15:26:50,534 ----------------------------------------------------------------------------------------------------
2022-05-23 15:26:53,695 epoch 27 - iter 10/107 - loss 0.04845884 - samples/sec: 101.26 - lr: 0.006250
2022-05-23 15:26:56,809 epoch 27 - iter 20/107 - loss 0.05070933 - samples/sec: 102.80 - lr: 0.006250
2022-05-23 15:27:00,505 epoch 27 - iter 30/107 - loss 0.05031933 - samples/sec: 86.59 - lr: 0.006250
2022-05-23 15:27:04,042 epoch 27 - iter 40/107 - loss 0.05113212 - samples/sec: 90.50 - lr: 0.006250
2022-05-23 15:27:07,974 epoch 27 - iter 50/107 - loss 0.05216824 - samples/sec: 81.41 - lr: 0.006250
2022-05-23 15:27:11,828 epoch 27 - iter 60/107 - loss 0.05361376 - samples/sec: 83.06 - lr: 0.006250
2022-05-23 15:27:15,514 epoch 27 - iter 70/107 - loss 0.05310165 - samples/sec: 86.84 - lr: 0.006250
2022-05-23 15:27:19,375 epoch 27 - iter 80/107 - loss 0.05305666 - samples/sec: 82.89 - lr: 0.006250
2022-05-23 15:27:23,460 epoch 27 - iter 90/107 - loss 0.05327872 - samples/sec: 78.37 - lr: 0.006250
2022-05-23 15:27:26,893 epoch 27 - iter 100/107 - loss 0.05367934 - samples/sec: 93.24 - lr: 0.006250
2022-05-23 15:27:28,923 ----------------------------------------------------------------------------------------------------
2022-05-23 15:27:28,923 EPOCH 27 done: loss 0.0536 - lr 0.006250
2022-05-23 15:27:39,251 Evaluating as a multi-label problem: False
2022-05-23 15:27:39,262 DEV : loss 0.20939582586288452 - f1-score (micro avg)  0.5113
2022-05-23 15:27:39,331 BAD EPOCHS (no improvement): 2
2022-05-23 15:27:39,334 ----------------------------------------------------------------------------------------------------
2022-05-23 15:27:43,165 epoch 28 - iter 10/107 - loss 0.05174463 - samples/sec: 83.54 - lr: 0.006250
2022-05-23 15:27:47,122 epoch 28 - iter 20/107 - loss 0.05503086 - samples/sec: 80.89 - lr: 0.006250
2022-05-23 15:27:51,117 epoch 28 - iter 30/107 - loss 0.05212963 - samples/sec: 80.13 - lr: 0.006250
2022-05-23 15:27:55,139 epoch 28 - iter 40/107 - loss 0.05185737 - samples/sec: 79.57 - lr: 0.006250
2022-05-23 15:27:58,612 epoch 28 - iter 50/107 - loss 0.05153004 - samples/sec: 92.16 - lr: 0.006250
2022-05-23 15:28:02,216 epoch 28 - iter 60/107 - loss 0.05281319 - samples/sec: 88.83 - lr: 0.006250
2022-05-23 15:28:05,767 epoch 28 - iter 70/107 - loss 0.05259029 - samples/sec: 90.14 - lr: 0.006250
2022-05-23 15:28:09,709 epoch 28 - iter 80/107 - loss 0.05351882 - samples/sec: 81.20 - lr: 0.006250
2022-05-23 15:28:13,673 epoch 28 - iter 90/107 - loss 0.05256247 - samples/sec: 80.75 - lr: 0.006250
2022-05-23 15:28:17,724 epoch 28 - iter 100/107 - loss 0.05305294 - samples/sec: 79.01 - lr: 0.006250
2022-05-23 15:28:20,124 ----------------------------------------------------------------------------------------------------
2022-05-23 15:28:20,124 EPOCH 28 done: loss 0.0532 - lr 0.006250
2022-05-23 15:28:31,126 Evaluating as a multi-label problem: False
2022-05-23 15:28:31,137 DEV : loss 0.2035188227891922 - f1-score (micro avg)  0.5217
2022-05-23 15:28:31,206 BAD EPOCHS (no improvement): 3
2022-05-23 15:28:31,209 ----------------------------------------------------------------------------------------------------
2022-05-23 15:28:34,460 epoch 29 - iter 10/107 - loss 0.05539837 - samples/sec: 98.48 - lr: 0.006250
2022-05-23 15:28:37,007 epoch 29 - iter 20/107 - loss 0.05235797 - samples/sec: 125.67 - lr: 0.006250
2022-05-23 15:28:39,892 epoch 29 - iter 30/107 - loss 0.05487485 - samples/sec: 110.97 - lr: 0.006250
2022-05-23 15:28:42,565 epoch 29 - iter 40/107 - loss 0.05340818 - samples/sec: 119.77 - lr: 0.006250
2022-05-23 15:28:45,363 epoch 29 - iter 50/107 - loss 0.05322450 - samples/sec: 114.38 - lr: 0.006250
2022-05-23 15:28:48,057 epoch 29 - iter 60/107 - loss 0.05350006 - samples/sec: 118.85 - lr: 0.006250
2022-05-23 15:28:50,826 epoch 29 - iter 70/107 - loss 0.05417488 - samples/sec: 115.60 - lr: 0.006250
2022-05-23 15:28:53,637 epoch 29 - iter 80/107 - loss 0.05332230 - samples/sec: 113.85 - lr: 0.006250
2022-05-23 15:28:56,376 epoch 29 - iter 90/107 - loss 0.05319522 - samples/sec: 116.91 - lr: 0.006250
2022-05-23 15:28:59,219 epoch 29 - iter 100/107 - loss 0.05345366 - samples/sec: 112.57 - lr: 0.006250
2022-05-23 15:29:00,933 ----------------------------------------------------------------------------------------------------
2022-05-23 15:29:00,933 EPOCH 29 done: loss 0.0533 - lr 0.006250
2022-05-23 15:29:09,440 Evaluating as a multi-label problem: False
2022-05-23 15:29:09,452 DEV : loss 0.2121972143650055 - f1-score (micro avg)  0.5008
2022-05-23 15:29:09,525 Epoch    29: reducing learning rate of group 0 to 3.1250e-03.
2022-05-23 15:29:09,525 BAD EPOCHS (no improvement): 4
2022-05-23 15:29:09,528 ----------------------------------------------------------------------------------------------------
2022-05-23 15:29:12,368 epoch 30 - iter 10/107 - loss 0.04314300 - samples/sec: 112.75 - lr: 0.003125
2022-05-23 15:29:15,347 epoch 30 - iter 20/107 - loss 0.04839975 - samples/sec: 107.43 - lr: 0.003125
2022-05-23 15:29:18,032 epoch 30 - iter 30/107 - loss 0.04987478 - samples/sec: 119.24 - lr: 0.003125
2022-05-23 15:29:20,895 epoch 30 - iter 40/107 - loss 0.05152102 - samples/sec: 111.82 - lr: 0.003125
2022-05-23 15:29:23,686 epoch 30 - iter 50/107 - loss 0.05305632 - samples/sec: 114.69 - lr: 0.003125
2022-05-23 15:29:26,482 epoch 30 - iter 60/107 - loss 0.05441741 - samples/sec: 114.47 - lr: 0.003125
2022-05-23 15:29:29,176 epoch 30 - iter 70/107 - loss 0.05451547 - samples/sec: 118.84 - lr: 0.003125
2022-05-23 15:29:31,932 epoch 30 - iter 80/107 - loss 0.05340890 - samples/sec: 116.14 - lr: 0.003125
2022-05-23 15:29:34,657 epoch 30 - iter 90/107 - loss 0.05350466 - samples/sec: 117.47 - lr: 0.003125
2022-05-23 15:29:37,457 epoch 30 - iter 100/107 - loss 0.05388907 - samples/sec: 114.35 - lr: 0.003125
2022-05-23 15:29:39,068 ----------------------------------------------------------------------------------------------------
2022-05-23 15:29:39,068 EPOCH 30 done: loss 0.0533 - lr 0.003125
2022-05-23 15:29:50,291 Evaluating as a multi-label problem: False
2022-05-23 15:29:50,302 DEV : loss 0.20732413232326508 - f1-score (micro avg)  0.5163
2022-05-23 15:29:50,373 BAD EPOCHS (no improvement): 1
2022-05-23 15:29:50,398 ----------------------------------------------------------------------------------------------------
2022-05-23 15:29:54,144 epoch 31 - iter 10/107 - loss 0.04955485 - samples/sec: 85.46 - lr: 0.003125
2022-05-23 15:29:58,189 epoch 31 - iter 20/107 - loss 0.05136968 - samples/sec: 79.13 - lr: 0.003125
2022-05-23 15:30:01,875 epoch 31 - iter 30/107 - loss 0.05261906 - samples/sec: 86.84 - lr: 0.003125
2022-05-23 15:30:05,348 epoch 31 - iter 40/107 - loss 0.05367593 - samples/sec: 92.17 - lr: 0.003125
2022-05-23 15:30:08,587 epoch 31 - iter 50/107 - loss 0.05436979 - samples/sec: 98.82 - lr: 0.003125
2022-05-23 15:30:11,460 epoch 31 - iter 60/107 - loss 0.05510383 - samples/sec: 111.40 - lr: 0.003125
2022-05-23 15:30:14,206 epoch 31 - iter 70/107 - loss 0.05526281 - samples/sec: 116.59 - lr: 0.003125
2022-05-23 15:30:17,004 epoch 31 - iter 80/107 - loss 0.05526845 - samples/sec: 114.41 - lr: 0.003125
2022-05-23 15:30:19,725 epoch 31 - iter 90/107 - loss 0.05388031 - samples/sec: 117.63 - lr: 0.003125
2022-05-23 15:30:22,483 epoch 31 - iter 100/107 - loss 0.05309064 - samples/sec: 116.09 - lr: 0.003125
2022-05-23 15:30:24,208 ----------------------------------------------------------------------------------------------------
2022-05-23 15:30:24,208 EPOCH 31 done: loss 0.0529 - lr 0.003125
2022-05-23 15:30:32,731 Evaluating as a multi-label problem: False
2022-05-23 15:30:32,742 DEV : loss 0.21125569939613342 - f1-score (micro avg)  0.5063
2022-05-23 15:30:32,810 BAD EPOCHS (no improvement): 2
2022-05-23 15:30:32,813 ----------------------------------------------------------------------------------------------------
2022-05-23 15:30:35,611 epoch 32 - iter 10/107 - loss 0.04564423 - samples/sec: 114.44 - lr: 0.003125
2022-05-23 15:30:38,409 epoch 32 - iter 20/107 - loss 0.04739989 - samples/sec: 114.39 - lr: 0.003125
2022-05-23 15:30:41,166 epoch 32 - iter 30/107 - loss 0.04930723 - samples/sec: 116.10 - lr: 0.003125
2022-05-23 15:30:43,963 epoch 32 - iter 40/107 - loss 0.05258911 - samples/sec: 114.49 - lr: 0.003125
2022-05-23 15:30:46,717 epoch 32 - iter 50/107 - loss 0.05224505 - samples/sec: 116.37 - lr: 0.003125
2022-05-23 15:30:49,419 epoch 32 - iter 60/107 - loss 0.05150168 - samples/sec: 118.48 - lr: 0.003125
2022-05-23 15:30:52,330 epoch 32 - iter 70/107 - loss 0.05231921 - samples/sec: 109.95 - lr: 0.003125
2022-05-23 15:30:55,069 epoch 32 - iter 80/107 - loss 0.05318729 - samples/sec: 116.90 - lr: 0.003125
2022-05-23 15:30:57,980 epoch 32 - iter 90/107 - loss 0.05294553 - samples/sec: 109.95 - lr: 0.003125
2022-05-23 15:31:00,764 epoch 32 - iter 100/107 - loss 0.05273956 - samples/sec: 115.00 - lr: 0.003125
2022-05-23 15:31:02,435 ----------------------------------------------------------------------------------------------------
2022-05-23 15:31:02,435 EPOCH 32 done: loss 0.0529 - lr 0.003125
2022-05-23 15:31:11,181 Evaluating as a multi-label problem: False
2022-05-23 15:31:11,192 DEV : loss 0.20717087388038635 - f1-score (micro avg)  0.5113
2022-05-23 15:31:11,260 BAD EPOCHS (no improvement): 3
2022-05-23 15:31:11,297 ----------------------------------------------------------------------------------------------------
2022-05-23 15:31:14,179 epoch 33 - iter 10/107 - loss 0.05078745 - samples/sec: 111.10 - lr: 0.003125
2022-05-23 15:31:17,918 epoch 33 - iter 20/107 - loss 0.04959660 - samples/sec: 85.60 - lr: 0.003125
2022-05-23 15:31:21,863 epoch 33 - iter 30/107 - loss 0.04668969 - samples/sec: 81.14 - lr: 0.003125
2022-05-23 15:31:25,517 epoch 33 - iter 40/107 - loss 0.04801006 - samples/sec: 87.59 - lr: 0.003125
2022-05-23 15:31:29,378 epoch 33 - iter 50/107 - loss 0.04866446 - samples/sec: 82.90 - lr: 0.003125
2022-05-23 15:31:33,368 epoch 33 - iter 60/107 - loss 0.05105852 - samples/sec: 80.22 - lr: 0.003125
2022-05-23 15:31:37,450 epoch 33 - iter 70/107 - loss 0.05142497 - samples/sec: 78.42 - lr: 0.003125
2022-05-23 15:31:41,055 epoch 33 - iter 80/107 - loss 0.05014041 - samples/sec: 88.79 - lr: 0.003125
2022-05-23 15:31:44,399 epoch 33 - iter 90/107 - loss 0.05158078 - samples/sec: 95.73 - lr: 0.003125
2022-05-23 15:31:48,000 epoch 33 - iter 100/107 - loss 0.05117751 - samples/sec: 88.89 - lr: 0.003125
2022-05-23 15:31:50,499 ----------------------------------------------------------------------------------------------------
2022-05-23 15:31:50,499 EPOCH 33 done: loss 0.0516 - lr 0.003125
2022-05-23 15:32:02,411 Evaluating as a multi-label problem: False
2022-05-23 15:32:02,422 DEV : loss 0.20671392977237701 - f1-score (micro avg)  0.5163
2022-05-23 15:32:02,491 Epoch    33: reducing learning rate of group 0 to 1.5625e-03.
2022-05-23 15:32:02,491 BAD EPOCHS (no improvement): 4
2022-05-23 15:32:02,494 ----------------------------------------------------------------------------------------------------
2022-05-23 15:32:06,424 epoch 34 - iter 10/107 - loss 0.04611784 - samples/sec: 81.45 - lr: 0.001563
2022-05-23 15:32:10,054 epoch 34 - iter 20/107 - loss 0.04868585 - samples/sec: 88.18 - lr: 0.001563
2022-05-23 15:32:13,598 epoch 34 - iter 30/107 - loss 0.05128729 - samples/sec: 90.32 - lr: 0.001563
2022-05-23 15:32:16,732 epoch 34 - iter 40/107 - loss 0.05352402 - samples/sec: 102.13 - lr: 0.001563
2022-05-23 15:32:19,453 epoch 34 - iter 50/107 - loss 0.05453554 - samples/sec: 117.63 - lr: 0.001563
2022-05-23 15:32:22,223 epoch 34 - iter 60/107 - loss 0.05331499 - samples/sec: 115.59 - lr: 0.001563
2022-05-23 15:32:24,959 epoch 34 - iter 70/107 - loss 0.05383597 - samples/sec: 117.01 - lr: 0.001563
2022-05-23 15:32:27,826 epoch 34 - iter 80/107 - loss 0.05282582 - samples/sec: 111.64 - lr: 0.001563
2022-05-23 15:32:30,370 epoch 34 - iter 90/107 - loss 0.05200053 - samples/sec: 125.85 - lr: 0.001563
2022-05-23 15:32:33,059 epoch 34 - iter 100/107 - loss 0.05166251 - samples/sec: 119.06 - lr: 0.001563
2022-05-23 15:32:34,745 ----------------------------------------------------------------------------------------------------
2022-05-23 15:32:34,745 EPOCH 34 done: loss 0.0509 - lr 0.001563
2022-05-23 15:32:43,139 Evaluating as a multi-label problem: False
2022-05-23 15:32:43,150 DEV : loss 0.21028707921504974 - f1-score (micro avg)  0.5074
2022-05-23 15:32:43,221 BAD EPOCHS (no improvement): 1
2022-05-23 15:32:43,223 ----------------------------------------------------------------------------------------------------
2022-05-23 15:32:46,040 epoch 35 - iter 10/107 - loss 0.04818022 - samples/sec: 113.64 - lr: 0.001563
2022-05-23 15:32:48,833 epoch 35 - iter 20/107 - loss 0.04967891 - samples/sec: 114.62 - lr: 0.001563
2022-05-23 15:32:51,631 epoch 35 - iter 30/107 - loss 0.04783884 - samples/sec: 114.43 - lr: 0.001563
2022-05-23 15:32:54,350 epoch 35 - iter 40/107 - loss 0.04796396 - samples/sec: 117.70 - lr: 0.001563
2022-05-23 15:32:57,138 epoch 35 - iter 50/107 - loss 0.04905774 - samples/sec: 114.84 - lr: 0.001563
2022-05-23 15:32:59,940 epoch 35 - iter 60/107 - loss 0.04965475 - samples/sec: 114.22 - lr: 0.001563
2022-05-23 15:33:02,705 epoch 35 - iter 70/107 - loss 0.04991407 - samples/sec: 115.77 - lr: 0.001563
2022-05-23 15:33:05,425 epoch 35 - iter 80/107 - loss 0.05078741 - samples/sec: 117.68 - lr: 0.001563
2022-05-23 15:33:08,099 epoch 35 - iter 90/107 - loss 0.05146439 - samples/sec: 119.74 - lr: 0.001563
2022-05-23 15:33:10,835 epoch 35 - iter 100/107 - loss 0.05120298 - samples/sec: 117.01 - lr: 0.001563
2022-05-23 15:33:12,537 ----------------------------------------------------------------------------------------------------
2022-05-23 15:33:12,537 EPOCH 35 done: loss 0.0510 - lr 0.001563
2022-05-23 15:33:21,108 Evaluating as a multi-label problem: False
2022-05-23 15:33:21,118 DEV : loss 0.21121303737163544 - f1-score (micro avg)  0.5074
2022-05-23 15:33:21,191 BAD EPOCHS (no improvement): 2
2022-05-23 15:33:21,194 ----------------------------------------------------------------------------------------------------
2022-05-23 15:33:25,230 epoch 36 - iter 10/107 - loss 0.05727336 - samples/sec: 79.32 - lr: 0.001563
2022-05-23 15:33:29,241 epoch 36 - iter 20/107 - loss 0.05135565 - samples/sec: 79.81 - lr: 0.001563
2022-05-23 15:33:33,256 epoch 36 - iter 30/107 - loss 0.05237056 - samples/sec: 79.73 - lr: 0.001563
2022-05-23 15:33:37,175 epoch 36 - iter 40/107 - loss 0.05144190 - samples/sec: 81.68 - lr: 0.001563
2022-05-23 15:33:40,913 epoch 36 - iter 50/107 - loss 0.05079539 - samples/sec: 85.63 - lr: 0.001563
2022-05-23 15:33:44,932 epoch 36 - iter 60/107 - loss 0.05182906 - samples/sec: 79.64 - lr: 0.001563
2022-05-23 15:33:48,175 epoch 36 - iter 70/107 - loss 0.05213821 - samples/sec: 98.69 - lr: 0.001563
2022-05-23 15:33:51,409 epoch 36 - iter 80/107 - loss 0.05193406 - samples/sec: 98.97 - lr: 0.001563
2022-05-23 15:33:55,080 epoch 36 - iter 90/107 - loss 0.05159303 - samples/sec: 87.19 - lr: 0.001563
2022-05-23 15:33:59,105 epoch 36 - iter 100/107 - loss 0.05152655 - samples/sec: 79.54 - lr: 0.001563
2022-05-23 15:34:01,557 ----------------------------------------------------------------------------------------------------
2022-05-23 15:34:01,557 EPOCH 36 done: loss 0.0515 - lr 0.001563
2022-05-23 15:34:13,070 Evaluating as a multi-label problem: False
2022-05-23 15:34:13,081 DEV : loss 0.20811332762241364 - f1-score (micro avg)  0.5097
2022-05-23 15:34:13,150 BAD EPOCHS (no improvement): 3
2022-05-23 15:34:13,153 ----------------------------------------------------------------------------------------------------
2022-05-23 15:34:16,635 epoch 37 - iter 10/107 - loss 0.05512414 - samples/sec: 91.94 - lr: 0.001563
2022-05-23 15:34:20,039 epoch 37 - iter 20/107 - loss 0.04926059 - samples/sec: 94.05 - lr: 0.001563
2022-05-23 15:34:23,130 epoch 37 - iter 30/107 - loss 0.05182660 - samples/sec: 103.55 - lr: 0.001563
2022-05-23 15:34:25,903 epoch 37 - iter 40/107 - loss 0.05147483 - samples/sec: 115.44 - lr: 0.001563
2022-05-23 15:34:28,761 epoch 37 - iter 50/107 - loss 0.05089601 - samples/sec: 112.02 - lr: 0.001563
2022-05-23 15:34:31,539 epoch 37 - iter 60/107 - loss 0.05075508 - samples/sec: 115.22 - lr: 0.001563
2022-05-23 15:34:34,344 epoch 37 - iter 70/107 - loss 0.05138546 - samples/sec: 114.15 - lr: 0.001563
2022-05-23 15:34:37,120 epoch 37 - iter 80/107 - loss 0.05048075 - samples/sec: 115.31 - lr: 0.001563
2022-05-23 15:34:39,905 epoch 37 - iter 90/107 - loss 0.05075402 - samples/sec: 114.93 - lr: 0.001563
2022-05-23 15:34:42,766 epoch 37 - iter 100/107 - loss 0.05075208 - samples/sec: 111.89 - lr: 0.001563
2022-05-23 15:34:44,496 ----------------------------------------------------------------------------------------------------
2022-05-23 15:34:44,496 EPOCH 37 done: loss 0.0514 - lr 0.001563
2022-05-23 15:34:52,986 Evaluating as a multi-label problem: False
2022-05-23 15:34:52,997 DEV : loss 0.2095622569322586 - f1-score (micro avg)  0.5062
2022-05-23 15:34:53,066 Epoch    37: reducing learning rate of group 0 to 7.8125e-04.
2022-05-23 15:34:53,066 BAD EPOCHS (no improvement): 4
2022-05-23 15:34:53,069 ----------------------------------------------------------------------------------------------------
2022-05-23 15:34:55,910 epoch 38 - iter 10/107 - loss 0.04885035 - samples/sec: 112.66 - lr: 0.000781
2022-05-23 15:34:58,790 epoch 38 - iter 20/107 - loss 0.04597110 - samples/sec: 111.14 - lr: 0.000781
2022-05-23 15:35:01,607 epoch 38 - iter 30/107 - loss 0.04517206 - samples/sec: 113.67 - lr: 0.000781
2022-05-23 15:35:04,349 epoch 38 - iter 40/107 - loss 0.04770757 - samples/sec: 116.74 - lr: 0.000781
2022-05-23 15:35:07,153 epoch 38 - iter 50/107 - loss 0.05144443 - samples/sec: 114.15 - lr: 0.000781
2022-05-23 15:35:09,851 epoch 38 - iter 60/107 - loss 0.05373068 - samples/sec: 118.65 - lr: 0.000781
2022-05-23 15:35:12,619 epoch 38 - iter 70/107 - loss 0.05269618 - samples/sec: 115.65 - lr: 0.000781
2022-05-23 15:35:15,415 epoch 38 - iter 80/107 - loss 0.05335324 - samples/sec: 114.49 - lr: 0.000781
2022-05-23 15:35:18,222 epoch 38 - iter 90/107 - loss 0.05247205 - samples/sec: 114.05 - lr: 0.000781
2022-05-23 15:35:21,006 epoch 38 - iter 100/107 - loss 0.05193806 - samples/sec: 114.98 - lr: 0.000781
2022-05-23 15:35:22,705 ----------------------------------------------------------------------------------------------------
2022-05-23 15:35:22,705 EPOCH 38 done: loss 0.0516 - lr 0.000781
2022-05-23 15:35:32,654 Evaluating as a multi-label problem: False
2022-05-23 15:35:32,665 DEV : loss 0.21136057376861572 - f1-score (micro avg)  0.5062
2022-05-23 15:35:32,735 BAD EPOCHS (no improvement): 1
2022-05-23 15:35:32,737 ----------------------------------------------------------------------------------------------------
2022-05-23 15:35:36,679 epoch 39 - iter 10/107 - loss 0.04763226 - samples/sec: 81.20 - lr: 0.000781
2022-05-23 15:35:40,422 epoch 39 - iter 20/107 - loss 0.04714565 - samples/sec: 85.53 - lr: 0.000781
2022-05-23 15:35:44,616 epoch 39 - iter 30/107 - loss 0.05241111 - samples/sec: 76.31 - lr: 0.000781
2022-05-23 15:35:48,714 epoch 39 - iter 40/107 - loss 0.05368452 - samples/sec: 78.11 - lr: 0.000781
2022-05-23 15:35:52,446 epoch 39 - iter 50/107 - loss 0.05234523 - samples/sec: 85.77 - lr: 0.000781
2022-05-23 15:35:55,866 epoch 39 - iter 60/107 - loss 0.05095446 - samples/sec: 93.60 - lr: 0.000781
2022-05-23 15:35:59,416 epoch 39 - iter 70/107 - loss 0.05088071 - samples/sec: 90.17 - lr: 0.000781
2022-05-23 15:36:03,203 epoch 39 - iter 80/107 - loss 0.05131710 - samples/sec: 84.53 - lr: 0.000781
2022-05-23 15:36:06,195 epoch 39 - iter 90/107 - loss 0.05168068 - samples/sec: 106.97 - lr: 0.000781
2022-05-23 15:36:08,810 epoch 39 - iter 100/107 - loss 0.05229430 - samples/sec: 122.42 - lr: 0.000781
2022-05-23 15:36:10,896 ----------------------------------------------------------------------------------------------------
2022-05-23 15:36:10,896 EPOCH 39 done: loss 0.0523 - lr 0.000781
2022-05-23 15:36:22,185 Evaluating as a multi-label problem: False
2022-05-23 15:36:22,196 DEV : loss 0.209035262465477 - f1-score (micro avg)  0.5074
2022-05-23 15:36:22,266 BAD EPOCHS (no improvement): 2
2022-05-23 15:36:22,269 ----------------------------------------------------------------------------------------------------
2022-05-23 15:36:26,048 epoch 40 - iter 10/107 - loss 0.05378780 - samples/sec: 84.70 - lr: 0.000781
2022-05-23 15:36:29,609 epoch 40 - iter 20/107 - loss 0.05510334 - samples/sec: 89.89 - lr: 0.000781
2022-05-23 15:36:32,975 epoch 40 - iter 30/107 - loss 0.05070494 - samples/sec: 95.10 - lr: 0.000781
2022-05-23 15:36:36,725 epoch 40 - iter 40/107 - loss 0.05343742 - samples/sec: 85.35 - lr: 0.000781
2022-05-23 15:36:40,740 epoch 40 - iter 50/107 - loss 0.05335243 - samples/sec: 79.72 - lr: 0.000781
2022-05-23 15:36:44,575 epoch 40 - iter 60/107 - loss 0.05253413 - samples/sec: 83.46 - lr: 0.000781
2022-05-23 15:36:48,484 epoch 40 - iter 70/107 - loss 0.05325164 - samples/sec: 81.89 - lr: 0.000781
2022-05-23 15:36:52,088 epoch 40 - iter 80/107 - loss 0.05362267 - samples/sec: 88.81 - lr: 0.000781
2022-05-23 15:36:56,050 epoch 40 - iter 90/107 - loss 0.05225447 - samples/sec: 80.79 - lr: 0.000781
2022-05-23 15:36:59,460 epoch 40 - iter 100/107 - loss 0.05170433 - samples/sec: 93.86 - lr: 0.000781
2022-05-23 15:37:01,425 ----------------------------------------------------------------------------------------------------
2022-05-23 15:37:01,425 EPOCH 40 done: loss 0.0519 - lr 0.000781
2022-05-23 15:37:10,348 Evaluating as a multi-label problem: False
2022-05-23 15:37:10,359 DEV : loss 0.20983240008354187 - f1-score (micro avg)  0.5062
2022-05-23 15:37:10,431 BAD EPOCHS (no improvement): 3
2022-05-23 15:37:10,434 ----------------------------------------------------------------------------------------------------
2022-05-23 15:37:13,286 epoch 41 - iter 10/107 - loss 0.05357336 - samples/sec: 112.25 - lr: 0.000781
2022-05-23 15:37:16,048 epoch 41 - iter 20/107 - loss 0.05112891 - samples/sec: 115.88 - lr: 0.000781
2022-05-23 15:37:18,790 epoch 41 - iter 30/107 - loss 0.05194129 - samples/sec: 116.75 - lr: 0.000781
2022-05-23 15:37:21,625 epoch 41 - iter 40/107 - loss 0.04980726 - samples/sec: 112.91 - lr: 0.000781
2022-05-23 15:37:24,412 epoch 41 - iter 50/107 - loss 0.04900718 - samples/sec: 114.87 - lr: 0.000781
2022-05-23 15:37:27,128 epoch 41 - iter 60/107 - loss 0.04833015 - samples/sec: 117.87 - lr: 0.000781
2022-05-23 15:37:29,793 epoch 41 - iter 70/107 - loss 0.04816010 - samples/sec: 120.09 - lr: 0.000781
2022-05-23 15:37:32,494 epoch 41 - iter 80/107 - loss 0.04802260 - samples/sec: 118.52 - lr: 0.000781
2022-05-23 15:37:35,255 epoch 41 - iter 90/107 - loss 0.04872107 - samples/sec: 115.94 - lr: 0.000781
2022-05-23 15:37:38,018 epoch 41 - iter 100/107 - loss 0.04953816 - samples/sec: 115.88 - lr: 0.000781
2022-05-23 15:37:39,625 ----------------------------------------------------------------------------------------------------
2022-05-23 15:37:39,625 EPOCH 41 done: loss 0.0497 - lr 0.000781
2022-05-23 15:37:48,134 Evaluating as a multi-label problem: False
2022-05-23 15:37:48,145 DEV : loss 0.20944148302078247 - f1-score (micro avg)  0.5074
2022-05-23 15:37:48,216 Epoch    41: reducing learning rate of group 0 to 3.9063e-04.
2022-05-23 15:37:48,216 BAD EPOCHS (no improvement): 4
2022-05-23 15:37:48,219 ----------------------------------------------------------------------------------------------------
2022-05-23 15:37:51,009 epoch 42 - iter 10/107 - loss 0.05215588 - samples/sec: 114.77 - lr: 0.000391
2022-05-23 15:37:53,784 epoch 42 - iter 20/107 - loss 0.04878104 - samples/sec: 115.34 - lr: 0.000391
2022-05-23 15:37:56,473 epoch 42 - iter 30/107 - loss 0.04920540 - samples/sec: 119.07 - lr: 0.000391
2022-05-23 15:37:59,274 epoch 42 - iter 40/107 - loss 0.04641692 - samples/sec: 114.28 - lr: 0.000391
2022-05-23 15:38:02,026 epoch 42 - iter 50/107 - loss 0.04725550 - samples/sec: 116.32 - lr: 0.000391
2022-05-23 15:38:04,931 epoch 42 - iter 60/107 - loss 0.04997407 - samples/sec: 110.18 - lr: 0.000391
2022-05-23 15:38:07,700 epoch 42 - iter 70/107 - loss 0.05190059 - samples/sec: 115.63 - lr: 0.000391
2022-05-23 15:38:11,125 epoch 42 - iter 80/107 - loss 0.05098681 - samples/sec: 93.45 - lr: 0.000391
2022-05-23 15:38:14,792 epoch 42 - iter 90/107 - loss 0.05235389 - samples/sec: 87.28 - lr: 0.000391
2022-05-23 15:38:18,728 epoch 42 - iter 100/107 - loss 0.05135778 - samples/sec: 81.33 - lr: 0.000391
2022-05-23 15:38:21,163 ----------------------------------------------------------------------------------------------------
2022-05-23 15:38:21,163 EPOCH 42 done: loss 0.0514 - lr 0.000391
2022-05-23 15:38:32,492 Evaluating as a multi-label problem: False
2022-05-23 15:38:32,503 DEV : loss 0.20909172296524048 - f1-score (micro avg)  0.5097
2022-05-23 15:38:32,573 BAD EPOCHS (no improvement): 1
2022-05-23 15:38:32,585 ----------------------------------------------------------------------------------------------------
2022-05-23 15:38:35,914 epoch 43 - iter 10/107 - loss 0.05788698 - samples/sec: 96.19 - lr: 0.000391
2022-05-23 15:38:39,261 epoch 43 - iter 20/107 - loss 0.05600866 - samples/sec: 95.63 - lr: 0.000391
2022-05-23 15:38:42,516 epoch 43 - iter 30/107 - loss 0.05746702 - samples/sec: 98.34 - lr: 0.000391
2022-05-23 15:38:46,318 epoch 43 - iter 40/107 - loss 0.05580466 - samples/sec: 84.19 - lr: 0.000391
2022-05-23 15:38:50,025 epoch 43 - iter 50/107 - loss 0.05499837 - samples/sec: 86.36 - lr: 0.000391
2022-05-23 15:38:53,898 epoch 43 - iter 60/107 - loss 0.05475557 - samples/sec: 82.63 - lr: 0.000391
2022-05-23 15:38:57,828 epoch 43 - iter 70/107 - loss 0.05484170 - samples/sec: 81.46 - lr: 0.000391
2022-05-23 15:39:01,447 epoch 43 - iter 80/107 - loss 0.05435078 - samples/sec: 88.42 - lr: 0.000391
2022-05-23 15:39:05,468 epoch 43 - iter 90/107 - loss 0.05321848 - samples/sec: 79.61 - lr: 0.000391
2022-05-23 15:39:08,859 epoch 43 - iter 100/107 - loss 0.05243941 - samples/sec: 94.39 - lr: 0.000391
2022-05-23 15:39:10,899 ----------------------------------------------------------------------------------------------------
2022-05-23 15:39:10,899 EPOCH 43 done: loss 0.0532 - lr 0.000391
2022-05-23 15:39:22,154 Evaluating as a multi-label problem: False
2022-05-23 15:39:22,165 DEV : loss 0.20916619896888733 - f1-score (micro avg)  0.5097
2022-05-23 15:39:22,235 BAD EPOCHS (no improvement): 2
2022-05-23 15:39:22,249 ----------------------------------------------------------------------------------------------------
2022-05-23 15:39:25,963 epoch 44 - iter 10/107 - loss 0.04478981 - samples/sec: 86.18 - lr: 0.000391
2022-05-23 15:39:29,869 epoch 44 - iter 20/107 - loss 0.04473651 - samples/sec: 81.96 - lr: 0.000391
2022-05-23 15:39:33,828 epoch 44 - iter 30/107 - loss 0.04732419 - samples/sec: 80.84 - lr: 0.000391
2022-05-23 15:39:37,473 epoch 44 - iter 40/107 - loss 0.04790387 - samples/sec: 87.82 - lr: 0.000391
2022-05-23 15:39:40,808 epoch 44 - iter 50/107 - loss 0.04838647 - samples/sec: 96.00 - lr: 0.000391
2022-05-23 15:39:44,449 epoch 44 - iter 60/107 - loss 0.04854447 - samples/sec: 87.91 - lr: 0.000391
2022-05-23 15:39:48,230 epoch 44 - iter 70/107 - loss 0.04986656 - samples/sec: 84.66 - lr: 0.000391
2022-05-23 15:39:52,088 epoch 44 - iter 80/107 - loss 0.05165364 - samples/sec: 82.98 - lr: 0.000391
2022-05-23 15:39:55,966 epoch 44 - iter 90/107 - loss 0.04978344 - samples/sec: 82.53 - lr: 0.000391
2022-05-23 15:39:59,814 epoch 44 - iter 100/107 - loss 0.05007459 - samples/sec: 83.17 - lr: 0.000391
2022-05-23 15:40:02,253 ----------------------------------------------------------------------------------------------------
2022-05-23 15:40:02,254 EPOCH 44 done: loss 0.0500 - lr 0.000391
2022-05-23 15:40:12,485 Evaluating as a multi-label problem: False
2022-05-23 15:40:12,496 DEV : loss 0.2093665450811386 - f1-score (micro avg)  0.5097
2022-05-23 15:40:12,566 BAD EPOCHS (no improvement): 3
2022-05-23 15:40:12,567 ----------------------------------------------------------------------------------------------------
2022-05-23 15:40:16,356 epoch 45 - iter 10/107 - loss 0.05554548 - samples/sec: 84.48 - lr: 0.000391
2022-05-23 15:40:20,268 epoch 45 - iter 20/107 - loss 0.05731182 - samples/sec: 81.84 - lr: 0.000391
2022-05-23 15:40:24,013 epoch 45 - iter 30/107 - loss 0.05713256 - samples/sec: 85.45 - lr: 0.000391
2022-05-23 15:40:27,981 epoch 45 - iter 40/107 - loss 0.05435112 - samples/sec: 80.68 - lr: 0.000391
2022-05-23 15:40:31,851 epoch 45 - iter 50/107 - loss 0.05539679 - samples/sec: 82.72 - lr: 0.000391
2022-05-23 15:40:35,945 epoch 45 - iter 60/107 - loss 0.05264825 - samples/sec: 78.18 - lr: 0.000391
2022-05-23 15:40:39,472 epoch 45 - iter 70/107 - loss 0.05177736 - samples/sec: 90.75 - lr: 0.000391
2022-05-23 15:40:42,874 epoch 45 - iter 80/107 - loss 0.05241025 - samples/sec: 94.09 - lr: 0.000391
2022-05-23 15:40:46,525 epoch 45 - iter 90/107 - loss 0.05154284 - samples/sec: 87.67 - lr: 0.000391
2022-05-23 15:40:50,467 epoch 45 - iter 100/107 - loss 0.05052258 - samples/sec: 81.20 - lr: 0.000391
2022-05-23 15:40:52,810 ----------------------------------------------------------------------------------------------------
2022-05-23 15:40:52,810 EPOCH 45 done: loss 0.0506 - lr 0.000391
2022-05-23 15:41:04,722 Evaluating as a multi-label problem: False
2022-05-23 15:41:04,733 DEV : loss 0.21050019562244415 - f1-score (micro avg)  0.5097
2022-05-23 15:41:04,802 Epoch    45: reducing learning rate of group 0 to 1.9531e-04.
2022-05-23 15:41:04,802 BAD EPOCHS (no improvement): 4
2022-05-23 15:41:04,805 ----------------------------------------------------------------------------------------------------
2022-05-23 15:41:08,679 epoch 46 - iter 10/107 - loss 0.04772163 - samples/sec: 82.63 - lr: 0.000195
2022-05-23 15:41:11,861 epoch 46 - iter 20/107 - loss 0.05264548 - samples/sec: 100.59 - lr: 0.000195
2022-05-23 15:41:15,277 epoch 46 - iter 30/107 - loss 0.05145283 - samples/sec: 93.70 - lr: 0.000195
2022-05-23 15:41:19,056 epoch 46 - iter 40/107 - loss 0.05241851 - samples/sec: 84.70 - lr: 0.000195
2022-05-23 15:41:22,945 epoch 46 - iter 50/107 - loss 0.05275835 - samples/sec: 82.30 - lr: 0.000195
2022-05-23 15:41:26,675 epoch 46 - iter 60/107 - loss 0.05217831 - samples/sec: 85.83 - lr: 0.000195
2022-05-23 15:41:30,481 epoch 46 - iter 70/107 - loss 0.05181789 - samples/sec: 84.11 - lr: 0.000195
2022-05-23 15:41:34,346 epoch 46 - iter 80/107 - loss 0.05156162 - samples/sec: 82.82 - lr: 0.000195
2022-05-23 15:41:38,160 epoch 46 - iter 90/107 - loss 0.05171941 - samples/sec: 83.91 - lr: 0.000195
2022-05-23 15:41:41,635 epoch 46 - iter 100/107 - loss 0.05280015 - samples/sec: 92.11 - lr: 0.000195
2022-05-23 15:41:43,619 ----------------------------------------------------------------------------------------------------
2022-05-23 15:41:43,620 EPOCH 46 done: loss 0.0524 - lr 0.000195
2022-05-23 15:41:54,351 Evaluating as a multi-label problem: False
2022-05-23 15:41:54,362 DEV : loss 0.21086086332798004 - f1-score (micro avg)  0.5086
2022-05-23 15:41:54,431 BAD EPOCHS (no improvement): 1
2022-05-23 15:41:54,435 ----------------------------------------------------------------------------------------------------
2022-05-23 15:41:58,420 epoch 47 - iter 10/107 - loss 0.05444989 - samples/sec: 80.31 - lr: 0.000195
2022-05-23 15:42:02,231 epoch 47 - iter 20/107 - loss 0.04794337 - samples/sec: 84.00 - lr: 0.000195
2022-05-23 15:42:06,115 epoch 47 - iter 30/107 - loss 0.04751962 - samples/sec: 82.40 - lr: 0.000195
2022-05-23 15:42:09,967 epoch 47 - iter 40/107 - loss 0.04889046 - samples/sec: 83.09 - lr: 0.000195
2022-05-23 15:42:13,247 epoch 47 - iter 50/107 - loss 0.04748497 - samples/sec: 97.60 - lr: 0.000195
2022-05-23 15:42:16,545 epoch 47 - iter 60/107 - loss 0.04834896 - samples/sec: 97.07 - lr: 0.000195
2022-05-23 15:42:19,117 epoch 47 - iter 70/107 - loss 0.04876528 - samples/sec: 124.46 - lr: 0.000195
2022-05-23 15:42:21,814 epoch 47 - iter 80/107 - loss 0.04851400 - samples/sec: 118.69 - lr: 0.000195
2022-05-23 15:42:24,508 epoch 47 - iter 90/107 - loss 0.04869878 - samples/sec: 118.82 - lr: 0.000195
2022-05-23 15:42:27,189 epoch 47 - iter 100/107 - loss 0.04870834 - samples/sec: 119.43 - lr: 0.000195
2022-05-23 15:42:28,831 ----------------------------------------------------------------------------------------------------
2022-05-23 15:42:28,831 EPOCH 47 done: loss 0.0496 - lr 0.000195
2022-05-23 15:42:37,263 Evaluating as a multi-label problem: False
2022-05-23 15:42:37,274 DEV : loss 0.21101640164852142 - f1-score (micro avg)  0.5086
2022-05-23 15:42:37,344 BAD EPOCHS (no improvement): 2
2022-05-23 15:42:37,386 ----------------------------------------------------------------------------------------------------
2022-05-23 15:42:39,978 epoch 48 - iter 10/107 - loss 0.05106177 - samples/sec: 123.53 - lr: 0.000195
2022-05-23 15:42:42,751 epoch 48 - iter 20/107 - loss 0.05418755 - samples/sec: 115.41 - lr: 0.000195
2022-05-23 15:42:45,426 epoch 48 - iter 30/107 - loss 0.05313399 - samples/sec: 119.66 - lr: 0.000195
2022-05-23 15:42:48,198 epoch 48 - iter 40/107 - loss 0.05159304 - samples/sec: 115.48 - lr: 0.000195
2022-05-23 15:42:50,791 epoch 48 - iter 50/107 - loss 0.05116724 - samples/sec: 123.48 - lr: 0.000195
2022-05-23 15:42:53,619 epoch 48 - iter 60/107 - loss 0.04961687 - samples/sec: 113.21 - lr: 0.000195
2022-05-23 15:42:56,363 epoch 48 - iter 70/107 - loss 0.05039747 - samples/sec: 116.62 - lr: 0.000195
2022-05-23 15:42:59,172 epoch 48 - iter 80/107 - loss 0.05021084 - samples/sec: 113.96 - lr: 0.000195
2022-05-23 15:43:01,893 epoch 48 - iter 90/107 - loss 0.05032466 - samples/sec: 117.66 - lr: 0.000195
2022-05-23 15:43:04,632 epoch 48 - iter 100/107 - loss 0.05127894 - samples/sec: 116.87 - lr: 0.000195
2022-05-23 15:43:06,223 ----------------------------------------------------------------------------------------------------
2022-05-23 15:43:06,224 EPOCH 48 done: loss 0.0508 - lr 0.000195
2022-05-23 15:43:14,664 Evaluating as a multi-label problem: False
2022-05-23 15:43:14,675 DEV : loss 0.21065545082092285 - f1-score (micro avg)  0.5097
2022-05-23 15:43:14,745 BAD EPOCHS (no improvement): 3
2022-05-23 15:43:14,748 ----------------------------------------------------------------------------------------------------
2022-05-23 15:43:17,490 epoch 49 - iter 10/107 - loss 0.04794871 - samples/sec: 116.80 - lr: 0.000195
2022-05-23 15:43:20,230 epoch 49 - iter 20/107 - loss 0.04863113 - samples/sec: 116.83 - lr: 0.000195
2022-05-23 15:43:22,928 epoch 49 - iter 30/107 - loss 0.04621591 - samples/sec: 118.65 - lr: 0.000195
2022-05-23 15:43:26,784 epoch 49 - iter 40/107 - loss 0.05152921 - samples/sec: 82.99 - lr: 0.000195
2022-05-23 15:43:30,707 epoch 49 - iter 50/107 - loss 0.05155742 - samples/sec: 81.59 - lr: 0.000195
2022-05-23 15:43:34,430 epoch 49 - iter 60/107 - loss 0.05232574 - samples/sec: 85.98 - lr: 0.000195
2022-05-23 15:43:38,363 epoch 49 - iter 70/107 - loss 0.05092143 - samples/sec: 81.39 - lr: 0.000195
2022-05-23 15:43:42,252 epoch 49 - iter 80/107 - loss 0.05140777 - samples/sec: 82.30 - lr: 0.000195
2022-05-23 15:43:46,136 epoch 49 - iter 90/107 - loss 0.05165840 - samples/sec: 82.42 - lr: 0.000195
2022-05-23 15:43:49,550 epoch 49 - iter 100/107 - loss 0.05098025 - samples/sec: 93.74 - lr: 0.000195
2022-05-23 15:43:51,582 ----------------------------------------------------------------------------------------------------
2022-05-23 15:43:51,582 EPOCH 49 done: loss 0.0504 - lr 0.000195
2022-05-23 15:44:02,233 Evaluating as a multi-label problem: False
2022-05-23 15:44:02,244 DEV : loss 0.21091106534004211 - f1-score (micro avg)  0.5097
2022-05-23 15:44:02,315 Epoch    49: reducing learning rate of group 0 to 9.7656e-05.
2022-05-23 15:44:02,315 BAD EPOCHS (no improvement): 4
2022-05-23 15:44:02,326 ----------------------------------------------------------------------------------------------------
2022-05-23 15:44:02,326 ----------------------------------------------------------------------------------------------------
2022-05-23 15:44:02,326 learning rate too small - quitting training!
2022-05-23 15:44:02,326 ----------------------------------------------------------------------------------------------------
2022-05-23 15:45:45,267 ----------------------------------------------------------------------------------------------------
2022-05-23 15:45:45,268 loading file resources/taggers/model_03_r15_run_1/best-model.pt
2022-05-23 15:47:08,320 SequenceTagger predicts: Dictionary with 27 tags: O, S-person, B-person, E-person, I-person, S-location, B-location, E-location, I-location, S-group, B-group, E-group, I-group, S-corporation, B-corporation, E-corporation, I-corporation, S-product, B-product, E-product, I-product, S-creative-work, B-creative-work, E-creative-work, I-creative-work, <START>, <STOP>
2022-05-23 15:47:35,388 Evaluating as a multi-label problem: False
2022-05-23 15:47:35,401 0.6959	0.316	0.4347	0.2907
2022-05-23 15:47:35,401 
Results:
- F-score (micro) 0.4347
- F-score (macro) 0.3146
- Accuracy 0.2907

By class:
               precision    recall  f1-score   support

       person     0.7609    0.4895    0.5957       429
     location     0.7333    0.5133    0.6039       150
        group     0.5577    0.1758    0.2673       165
creative-work     0.5000    0.0775    0.1341       142
      product     0.2857    0.0315    0.0567       127
  corporation     0.4762    0.1515    0.2299        66

    micro avg     0.6959    0.3160    0.4347      1079
    macro avg     0.5523    0.2398    0.3146      1079
 weighted avg     0.6183    0.3160    0.4001      1079

2022-05-23 15:47:35,401 ----------------------------------------------------------------------------------------------------
