2022-03-16 21:33:39,441 ----------------------------------------------------------------------------------------------------
2022-03-16 21:33:39,441 Model: "SequenceTagger(
  (embeddings): StackedEmbeddings(
    (list_embedding_0): GazetteerEmbeddings()
    (list_embedding_1): FlairEmbeddings(
      (lm): LanguageModel(
        (drop): Dropout(p=0.05, inplace=False)
        (encoder): Embedding(300, 100)
        (rnn): LSTM(100, 2048)
        (decoder): Linear(in_features=2048, out_features=300, bias=True)
      )
    )
    (list_embedding_2): FlairEmbeddings(
      (lm): LanguageModel(
        (drop): Dropout(p=0.05, inplace=False)
        (encoder): Embedding(300, 100)
        (rnn): LSTM(100, 2048)
        (decoder): Linear(in_features=2048, out_features=300, bias=True)
      )
    )
  )
  (word_dropout): WordDropout(p=0.05)
  (locked_dropout): LockedDropout(p=0.5)
  (linear): Linear(in_features=4101, out_features=19, bias=True)
  (loss_function): ViterbiLoss()
  (crf): CRF()
)"
2022-03-16 21:33:39,441 ----------------------------------------------------------------------------------------------------
2022-03-16 21:33:39,441 Corpus: "Corpus: 14987 train + 3466 dev + 3684 test sentences"
2022-03-16 21:33:39,441 ----------------------------------------------------------------------------------------------------
2022-03-16 21:33:39,441 Parameters:
2022-03-16 21:33:39,441  - learning_rate: "0.100000"
2022-03-16 21:33:39,441  - mini_batch_size: "32"
2022-03-16 21:33:39,441  - patience: "3"
2022-03-16 21:33:39,441  - anneal_factor: "0.5"
2022-03-16 21:33:39,441  - max_epochs: "150"
2022-03-16 21:33:39,441  - shuffle: "True"
2022-03-16 21:33:39,442  - train_with_dev: "False"
2022-03-16 21:33:39,442  - batch_growth_annealing: "False"
2022-03-16 21:33:39,442 ----------------------------------------------------------------------------------------------------
2022-03-16 21:33:39,442 Model training base path: "resources/taggers/model_04_run_4"
2022-03-16 21:33:39,442 ----------------------------------------------------------------------------------------------------
2022-03-16 21:33:39,442 Device: cuda:0
2022-03-16 21:33:39,442 ----------------------------------------------------------------------------------------------------
2022-03-16 21:33:39,442 Embeddings storage mode: cpu
2022-03-16 21:33:39,442 ----------------------------------------------------------------------------------------------------
2022-03-16 21:33:44,720 epoch 1 - iter 46/469 - loss 1.15505675 - samples/sec: 279.14 - lr: 0.100000
2022-03-16 21:33:50,118 epoch 1 - iter 92/469 - loss 0.74286507 - samples/sec: 273.01 - lr: 0.100000
2022-03-16 21:33:54,897 epoch 1 - iter 138/469 - loss 0.59643810 - samples/sec: 308.39 - lr: 0.100000
2022-03-16 21:33:59,333 epoch 1 - iter 184/469 - loss 0.51740330 - samples/sec: 332.32 - lr: 0.100000
2022-03-16 21:34:03,950 epoch 1 - iter 230/469 - loss 0.45663458 - samples/sec: 319.20 - lr: 0.100000
2022-03-16 21:34:10,074 epoch 1 - iter 276/469 - loss 0.40264252 - samples/sec: 240.60 - lr: 0.100000
2022-03-16 21:34:16,172 epoch 1 - iter 322/469 - loss 0.36801866 - samples/sec: 241.60 - lr: 0.100000
2022-03-16 21:34:21,650 epoch 1 - iter 368/469 - loss 0.34615159 - samples/sec: 268.99 - lr: 0.100000
2022-03-16 21:34:28,595 epoch 1 - iter 414/469 - loss 0.31977071 - samples/sec: 212.13 - lr: 0.100000
2022-03-16 21:34:35,784 epoch 1 - iter 460/469 - loss 0.29835611 - samples/sec: 204.94 - lr: 0.100000
2022-03-16 21:34:36,738 ----------------------------------------------------------------------------------------------------
2022-03-16 21:34:36,738 EPOCH 1 done: loss 0.2963 - lr 0.100000
2022-03-16 21:34:54,936 Evaluating as a multi-label problem: False
2022-03-16 21:34:54,986 DEV : loss 0.0848558098077774 - f1-score (micro avg)  0.8354
2022-03-16 21:34:55,264 BAD EPOCHS (no improvement): 0
2022-03-16 21:34:55,267 saving best model
2022-03-16 21:35:15,664 ----------------------------------------------------------------------------------------------------
2022-03-16 21:35:21,773 epoch 2 - iter 46/469 - loss 0.15061568 - samples/sec: 241.24 - lr: 0.100000
2022-03-16 21:35:27,720 epoch 2 - iter 92/469 - loss 0.14412571 - samples/sec: 247.81 - lr: 0.100000
2022-03-16 21:35:33,805 epoch 2 - iter 138/469 - loss 0.14180145 - samples/sec: 242.19 - lr: 0.100000
2022-03-16 21:35:39,891 epoch 2 - iter 184/469 - loss 0.13970521 - samples/sec: 242.12 - lr: 0.100000
2022-03-16 21:35:45,717 epoch 2 - iter 230/469 - loss 0.13794867 - samples/sec: 253.01 - lr: 0.100000
2022-03-16 21:35:51,685 epoch 2 - iter 276/469 - loss 0.13984326 - samples/sec: 246.90 - lr: 0.100000
2022-03-16 21:35:57,709 epoch 2 - iter 322/469 - loss 0.13840532 - samples/sec: 244.63 - lr: 0.100000
2022-03-16 21:36:03,899 epoch 2 - iter 368/469 - loss 0.13847095 - samples/sec: 238.03 - lr: 0.100000
2022-03-16 21:36:09,912 epoch 2 - iter 414/469 - loss 0.13790408 - samples/sec: 245.06 - lr: 0.100000
2022-03-16 21:36:15,904 epoch 2 - iter 460/469 - loss 0.13617424 - samples/sec: 245.90 - lr: 0.100000
2022-03-16 21:36:17,024 ----------------------------------------------------------------------------------------------------
2022-03-16 21:36:17,025 EPOCH 2 done: loss 0.1360 - lr 0.100000
2022-03-16 21:36:35,810 Evaluating as a multi-label problem: False
2022-03-16 21:36:35,860 DEV : loss 0.0646342933177948 - f1-score (micro avg)  0.8748
2022-03-16 21:36:36,126 BAD EPOCHS (no improvement): 0
2022-03-16 21:36:36,129 saving best model
2022-03-16 21:36:52,755 ----------------------------------------------------------------------------------------------------
2022-03-16 21:36:58,793 epoch 3 - iter 46/469 - loss 0.12114985 - samples/sec: 244.09 - lr: 0.100000
2022-03-16 21:37:04,503 epoch 3 - iter 92/469 - loss 0.12280748 - samples/sec: 258.11 - lr: 0.100000
2022-03-16 21:37:10,501 epoch 3 - iter 138/469 - loss 0.12335112 - samples/sec: 245.69 - lr: 0.100000
2022-03-16 21:37:16,441 epoch 3 - iter 184/469 - loss 0.11964930 - samples/sec: 248.10 - lr: 0.100000
2022-03-16 21:37:22,012 epoch 3 - iter 230/469 - loss 0.12004457 - samples/sec: 264.47 - lr: 0.100000
2022-03-16 21:37:27,695 epoch 3 - iter 276/469 - loss 0.12208867 - samples/sec: 259.30 - lr: 0.100000
2022-03-16 21:37:33,390 epoch 3 - iter 322/469 - loss 0.12231493 - samples/sec: 258.82 - lr: 0.100000
2022-03-16 21:37:38,803 epoch 3 - iter 368/469 - loss 0.12214067 - samples/sec: 272.28 - lr: 0.100000
2022-03-16 21:37:44,525 epoch 3 - iter 414/469 - loss 0.12167365 - samples/sec: 257.59 - lr: 0.100000
2022-03-16 21:37:50,338 epoch 3 - iter 460/469 - loss 0.12037377 - samples/sec: 253.48 - lr: 0.100000
2022-03-16 21:37:51,541 ----------------------------------------------------------------------------------------------------
2022-03-16 21:37:51,542 EPOCH 3 done: loss 0.1203 - lr 0.100000
2022-03-16 21:38:09,558 Evaluating as a multi-label problem: False
2022-03-16 21:38:09,608 DEV : loss 0.054479505866765976 - f1-score (micro avg)  0.8911
2022-03-16 21:38:09,878 BAD EPOCHS (no improvement): 0
2022-03-16 21:38:09,882 saving best model
2022-03-16 21:38:26,493 ----------------------------------------------------------------------------------------------------
2022-03-16 21:38:32,378 epoch 4 - iter 46/469 - loss 0.11077695 - samples/sec: 250.45 - lr: 0.100000
2022-03-16 21:38:37,987 epoch 4 - iter 92/469 - loss 0.11358954 - samples/sec: 262.76 - lr: 0.100000
2022-03-16 21:38:43,601 epoch 4 - iter 138/469 - loss 0.11258922 - samples/sec: 262.48 - lr: 0.100000
2022-03-16 21:38:49,215 epoch 4 - iter 184/469 - loss 0.11465459 - samples/sec: 262.47 - lr: 0.100000
2022-03-16 21:38:55,180 epoch 4 - iter 230/469 - loss 0.11394352 - samples/sec: 247.05 - lr: 0.100000
2022-03-16 21:39:01,053 epoch 4 - iter 276/469 - loss 0.11286968 - samples/sec: 250.95 - lr: 0.100000
2022-03-16 21:39:06,705 epoch 4 - iter 322/469 - loss 0.11301672 - samples/sec: 260.70 - lr: 0.100000
2022-03-16 21:39:12,067 epoch 4 - iter 368/469 - loss 0.11243740 - samples/sec: 274.87 - lr: 0.100000
2022-03-16 21:39:17,823 epoch 4 - iter 414/469 - loss 0.11184934 - samples/sec: 256.00 - lr: 0.100000
2022-03-16 21:39:23,391 epoch 4 - iter 460/469 - loss 0.11182517 - samples/sec: 264.63 - lr: 0.100000
2022-03-16 21:39:24,379 ----------------------------------------------------------------------------------------------------
2022-03-16 21:39:24,380 EPOCH 4 done: loss 0.1117 - lr 0.100000
2022-03-16 21:39:42,242 Evaluating as a multi-label problem: False
2022-03-16 21:39:42,291 DEV : loss 0.052401747554540634 - f1-score (micro avg)  0.8953
2022-03-16 21:39:42,558 BAD EPOCHS (no improvement): 0
2022-03-16 21:39:42,562 saving best model
2022-03-16 21:39:59,357 ----------------------------------------------------------------------------------------------------
2022-03-16 21:40:05,217 epoch 5 - iter 46/469 - loss 0.10287976 - samples/sec: 251.53 - lr: 0.100000
2022-03-16 21:40:10,910 epoch 5 - iter 92/469 - loss 0.10674922 - samples/sec: 258.85 - lr: 0.100000
2022-03-16 21:40:16,374 epoch 5 - iter 138/469 - loss 0.10608819 - samples/sec: 269.71 - lr: 0.100000
2022-03-16 21:40:21,763 epoch 5 - iter 184/469 - loss 0.10697574 - samples/sec: 273.51 - lr: 0.100000
2022-03-16 21:40:27,477 epoch 5 - iter 230/469 - loss 0.10579977 - samples/sec: 257.91 - lr: 0.100000
2022-03-16 21:40:33,173 epoch 5 - iter 276/469 - loss 0.10649473 - samples/sec: 258.69 - lr: 0.100000
2022-03-16 21:40:41,808 epoch 5 - iter 322/469 - loss 0.10639338 - samples/sec: 170.58 - lr: 0.100000
2022-03-16 21:40:47,435 epoch 5 - iter 368/469 - loss 0.10624904 - samples/sec: 261.83 - lr: 0.100000
2022-03-16 21:40:53,064 epoch 5 - iter 414/469 - loss 0.10689739 - samples/sec: 261.77 - lr: 0.100000
2022-03-16 21:40:58,969 epoch 5 - iter 460/469 - loss 0.10635197 - samples/sec: 249.61 - lr: 0.100000
2022-03-16 21:40:59,976 ----------------------------------------------------------------------------------------------------
2022-03-16 21:40:59,977 EPOCH 5 done: loss 0.1065 - lr 0.100000
2022-03-16 21:41:17,766 Evaluating as a multi-label problem: False
2022-03-16 21:41:17,816 DEV : loss 0.05112612992525101 - f1-score (micro avg)  0.8906
2022-03-16 21:41:18,087 BAD EPOCHS (no improvement): 1
2022-03-16 21:41:18,099 ----------------------------------------------------------------------------------------------------
2022-03-16 21:41:23,602 epoch 6 - iter 46/469 - loss 0.10346301 - samples/sec: 267.83 - lr: 0.100000
2022-03-16 21:41:29,124 epoch 6 - iter 92/469 - loss 0.10007109 - samples/sec: 266.87 - lr: 0.100000
2022-03-16 21:41:34,937 epoch 6 - iter 138/469 - loss 0.10087654 - samples/sec: 253.54 - lr: 0.100000
2022-03-16 21:41:40,701 epoch 6 - iter 184/469 - loss 0.10078933 - samples/sec: 255.65 - lr: 0.100000
2022-03-16 21:41:46,067 epoch 6 - iter 230/469 - loss 0.10266073 - samples/sec: 274.69 - lr: 0.100000
2022-03-16 21:41:51,683 epoch 6 - iter 276/469 - loss 0.10497490 - samples/sec: 262.41 - lr: 0.100000
2022-03-16 21:41:57,168 epoch 6 - iter 322/469 - loss 0.10418916 - samples/sec: 268.64 - lr: 0.100000
2022-03-16 21:42:02,878 epoch 6 - iter 368/469 - loss 0.10362336 - samples/sec: 258.05 - lr: 0.100000
2022-03-16 21:42:08,640 epoch 6 - iter 414/469 - loss 0.10353199 - samples/sec: 255.73 - lr: 0.100000
2022-03-16 21:42:14,153 epoch 6 - iter 460/469 - loss 0.10304402 - samples/sec: 267.35 - lr: 0.100000
2022-03-16 21:42:15,270 ----------------------------------------------------------------------------------------------------
2022-03-16 21:42:15,271 EPOCH 6 done: loss 0.1029 - lr 0.100000
2022-03-16 21:42:32,821 Evaluating as a multi-label problem: False
2022-03-16 21:42:32,870 DEV : loss 0.05226227268576622 - f1-score (micro avg)  0.8918
2022-03-16 21:42:33,137 BAD EPOCHS (no improvement): 2
2022-03-16 21:42:33,141 ----------------------------------------------------------------------------------------------------
2022-03-16 21:42:38,762 epoch 7 - iter 46/469 - loss 0.09970715 - samples/sec: 262.17 - lr: 0.100000
2022-03-16 21:42:44,267 epoch 7 - iter 92/469 - loss 0.10308079 - samples/sec: 267.69 - lr: 0.100000
2022-03-16 21:42:50,121 epoch 7 - iter 138/469 - loss 0.10059429 - samples/sec: 251.77 - lr: 0.100000
2022-03-16 21:42:55,362 epoch 7 - iter 184/469 - loss 0.10059722 - samples/sec: 281.24 - lr: 0.100000
2022-03-16 21:43:00,802 epoch 7 - iter 230/469 - loss 0.10050797 - samples/sec: 270.88 - lr: 0.100000
2022-03-16 21:43:06,279 epoch 7 - iter 276/469 - loss 0.10007851 - samples/sec: 269.06 - lr: 0.100000
2022-03-16 21:43:11,829 epoch 7 - iter 322/469 - loss 0.10035677 - samples/sec: 265.51 - lr: 0.100000
2022-03-16 21:43:17,399 epoch 7 - iter 368/469 - loss 0.10056101 - samples/sec: 264.56 - lr: 0.100000
2022-03-16 21:43:22,702 epoch 7 - iter 414/469 - loss 0.10071729 - samples/sec: 277.87 - lr: 0.100000
2022-03-16 21:43:28,310 epoch 7 - iter 460/469 - loss 0.10083397 - samples/sec: 262.79 - lr: 0.100000
2022-03-16 21:43:29,267 ----------------------------------------------------------------------------------------------------
2022-03-16 21:43:29,267 EPOCH 7 done: loss 0.1011 - lr 0.100000
2022-03-16 21:43:46,643 Evaluating as a multi-label problem: False
2022-03-16 21:43:46,691 DEV : loss 0.04912698641419411 - f1-score (micro avg)  0.8935
2022-03-16 21:43:46,952 BAD EPOCHS (no improvement): 3
2022-03-16 21:43:46,957 ----------------------------------------------------------------------------------------------------
2022-03-16 21:43:52,185 epoch 8 - iter 46/469 - loss 0.10079872 - samples/sec: 281.93 - lr: 0.100000
2022-03-16 21:43:57,801 epoch 8 - iter 92/469 - loss 0.10121160 - samples/sec: 262.41 - lr: 0.100000
2022-03-16 21:44:03,027 epoch 8 - iter 138/469 - loss 0.09866017 - samples/sec: 282.01 - lr: 0.100000
2022-03-16 21:44:08,819 epoch 8 - iter 184/469 - loss 0.09992734 - samples/sec: 254.44 - lr: 0.100000
2022-03-16 21:44:14,622 epoch 8 - iter 230/469 - loss 0.10069322 - samples/sec: 253.93 - lr: 0.100000
2022-03-16 21:44:20,092 epoch 8 - iter 276/469 - loss 0.09973786 - samples/sec: 269.41 - lr: 0.100000
2022-03-16 21:44:25,583 epoch 8 - iter 322/469 - loss 0.09979507 - samples/sec: 268.36 - lr: 0.100000
2022-03-16 21:44:31,090 epoch 8 - iter 368/469 - loss 0.09895560 - samples/sec: 267.58 - lr: 0.100000
2022-03-16 21:44:36,420 epoch 8 - iter 414/469 - loss 0.09908460 - samples/sec: 276.46 - lr: 0.100000
2022-03-16 21:44:41,894 epoch 8 - iter 460/469 - loss 0.09893957 - samples/sec: 269.20 - lr: 0.100000
2022-03-16 21:44:42,825 ----------------------------------------------------------------------------------------------------
2022-03-16 21:44:42,826 EPOCH 8 done: loss 0.0990 - lr 0.100000
2022-03-16 21:45:00,228 Evaluating as a multi-label problem: False
2022-03-16 21:45:00,275 DEV : loss 0.05169143155217171 - f1-score (micro avg)  0.8922
2022-03-16 21:45:00,534 Epoch     8: reducing learning rate of group 0 to 5.0000e-02.
2022-03-16 21:45:00,536 BAD EPOCHS (no improvement): 4
2022-03-16 21:45:00,563 ----------------------------------------------------------------------------------------------------
2022-03-16 21:45:05,958 epoch 9 - iter 46/469 - loss 0.09400105 - samples/sec: 273.19 - lr: 0.050000
2022-03-16 21:45:11,419 epoch 9 - iter 92/469 - loss 0.09009603 - samples/sec: 269.95 - lr: 0.050000
2022-03-16 21:45:16,992 epoch 9 - iter 138/469 - loss 0.08812953 - samples/sec: 264.42 - lr: 0.050000
2022-03-16 21:45:22,449 epoch 9 - iter 184/469 - loss 0.09025124 - samples/sec: 270.08 - lr: 0.050000
2022-03-16 21:45:27,951 epoch 9 - iter 230/469 - loss 0.09107686 - samples/sec: 267.88 - lr: 0.050000
2022-03-16 21:45:33,096 epoch 9 - iter 276/469 - loss 0.09059089 - samples/sec: 286.44 - lr: 0.050000
2022-03-16 21:45:38,430 epoch 9 - iter 322/469 - loss 0.09025240 - samples/sec: 276.32 - lr: 0.050000
2022-03-16 21:45:43,804 epoch 9 - iter 368/469 - loss 0.09080219 - samples/sec: 274.16 - lr: 0.050000
2022-03-16 21:45:52,902 epoch 9 - iter 414/469 - loss 0.09107825 - samples/sec: 161.90 - lr: 0.050000
2022-03-16 21:45:58,327 epoch 9 - iter 460/469 - loss 0.09114256 - samples/sec: 271.59 - lr: 0.050000
2022-03-16 21:45:59,412 ----------------------------------------------------------------------------------------------------
2022-03-16 21:45:59,412 EPOCH 9 done: loss 0.0910 - lr 0.050000
2022-03-16 21:46:16,691 Evaluating as a multi-label problem: False
2022-03-16 21:46:16,738 DEV : loss 0.04658009856939316 - f1-score (micro avg)  0.9029
2022-03-16 21:46:16,997 BAD EPOCHS (no improvement): 0
2022-03-16 21:46:17,001 saving best model
2022-03-16 21:46:33,130 ----------------------------------------------------------------------------------------------------
2022-03-16 21:46:38,737 epoch 10 - iter 46/469 - loss 0.09386829 - samples/sec: 262.91 - lr: 0.050000
2022-03-16 21:46:44,217 epoch 10 - iter 92/469 - loss 0.09641897 - samples/sec: 268.93 - lr: 0.050000
2022-03-16 21:46:49,506 epoch 10 - iter 138/469 - loss 0.09452702 - samples/sec: 278.69 - lr: 0.050000
2022-03-16 21:46:54,991 epoch 10 - iter 184/469 - loss 0.09247938 - samples/sec: 268.64 - lr: 0.050000
2022-03-16 21:47:00,476 epoch 10 - iter 230/469 - loss 0.09176595 - samples/sec: 268.69 - lr: 0.050000
2022-03-16 21:47:05,959 epoch 10 - iter 276/469 - loss 0.09262258 - samples/sec: 268.71 - lr: 0.050000
2022-03-16 21:47:11,304 epoch 10 - iter 322/469 - loss 0.09121641 - samples/sec: 275.73 - lr: 0.050000
2022-03-16 21:47:16,732 epoch 10 - iter 368/469 - loss 0.09085959 - samples/sec: 271.47 - lr: 0.050000
2022-03-16 21:47:22,396 epoch 10 - iter 414/469 - loss 0.09062126 - samples/sec: 260.20 - lr: 0.050000
2022-03-16 21:47:27,793 epoch 10 - iter 460/469 - loss 0.09049077 - samples/sec: 273.06 - lr: 0.050000
2022-03-16 21:47:28,800 ----------------------------------------------------------------------------------------------------
2022-03-16 21:47:28,800 EPOCH 10 done: loss 0.0904 - lr 0.050000
2022-03-16 21:47:46,097 Evaluating as a multi-label problem: False
2022-03-16 21:47:46,144 DEV : loss 0.04562563821673393 - f1-score (micro avg)  0.9052
2022-03-16 21:47:46,407 BAD EPOCHS (no improvement): 0
2022-03-16 21:47:46,412 saving best model
2022-03-16 21:48:03,131 ----------------------------------------------------------------------------------------------------
2022-03-16 21:48:09,459 epoch 11 - iter 46/469 - loss 0.08870021 - samples/sec: 232.96 - lr: 0.050000
2022-03-16 21:48:15,985 epoch 11 - iter 92/469 - loss 0.09335086 - samples/sec: 225.82 - lr: 0.050000
2022-03-16 21:48:22,566 epoch 11 - iter 138/469 - loss 0.09277610 - samples/sec: 223.92 - lr: 0.050000
2022-03-16 21:48:29,085 epoch 11 - iter 184/469 - loss 0.09059183 - samples/sec: 226.07 - lr: 0.050000
2022-03-16 21:48:35,702 epoch 11 - iter 230/469 - loss 0.08908663 - samples/sec: 222.70 - lr: 0.050000
2022-03-16 21:48:41,894 epoch 11 - iter 276/469 - loss 0.08924986 - samples/sec: 237.98 - lr: 0.050000
2022-03-16 21:48:48,275 epoch 11 - iter 322/469 - loss 0.08899103 - samples/sec: 230.95 - lr: 0.050000
2022-03-16 21:48:54,716 epoch 11 - iter 368/469 - loss 0.09011915 - samples/sec: 228.81 - lr: 0.050000
2022-03-16 21:49:01,512 epoch 11 - iter 414/469 - loss 0.08994246 - samples/sec: 216.80 - lr: 0.050000
2022-03-16 21:49:08,010 epoch 11 - iter 460/469 - loss 0.08945739 - samples/sec: 226.76 - lr: 0.050000
2022-03-16 21:49:09,299 ----------------------------------------------------------------------------------------------------
2022-03-16 21:49:09,299 EPOCH 11 done: loss 0.0895 - lr 0.050000
2022-03-16 21:49:30,481 Evaluating as a multi-label problem: False
2022-03-16 21:49:30,529 DEV : loss 0.04573000222444534 - f1-score (micro avg)  0.9033
2022-03-16 21:49:30,845 BAD EPOCHS (no improvement): 1
2022-03-16 21:49:30,849 ----------------------------------------------------------------------------------------------------
2022-03-16 21:49:37,230 epoch 12 - iter 46/469 - loss 0.08883592 - samples/sec: 230.93 - lr: 0.050000
2022-03-16 21:49:43,773 epoch 12 - iter 92/469 - loss 0.08995429 - samples/sec: 225.23 - lr: 0.050000
2022-03-16 21:49:50,456 epoch 12 - iter 138/469 - loss 0.08815244 - samples/sec: 220.46 - lr: 0.050000
2022-03-16 21:49:56,986 epoch 12 - iter 184/469 - loss 0.08766616 - samples/sec: 225.63 - lr: 0.050000
2022-03-16 21:50:03,523 epoch 12 - iter 230/469 - loss 0.08910113 - samples/sec: 225.42 - lr: 0.050000
2022-03-16 21:50:09,912 epoch 12 - iter 276/469 - loss 0.08905357 - samples/sec: 230.66 - lr: 0.050000
2022-03-16 21:50:16,204 epoch 12 - iter 322/469 - loss 0.08918487 - samples/sec: 234.18 - lr: 0.050000
2022-03-16 21:50:22,939 epoch 12 - iter 368/469 - loss 0.08834865 - samples/sec: 218.83 - lr: 0.050000
2022-03-16 21:50:29,319 epoch 12 - iter 414/469 - loss 0.08872801 - samples/sec: 230.94 - lr: 0.050000
2022-03-16 21:50:35,555 epoch 12 - iter 460/469 - loss 0.08896279 - samples/sec: 236.28 - lr: 0.050000
2022-03-16 21:50:36,693 ----------------------------------------------------------------------------------------------------
2022-03-16 21:50:36,693 EPOCH 12 done: loss 0.0888 - lr 0.050000
2022-03-16 21:50:57,752 Evaluating as a multi-label problem: False
2022-03-16 21:50:57,800 DEV : loss 0.04564075171947479 - f1-score (micro avg)  0.9014
2022-03-16 21:50:58,106 BAD EPOCHS (no improvement): 2
2022-03-16 21:50:58,110 ----------------------------------------------------------------------------------------------------
2022-03-16 21:51:04,836 epoch 13 - iter 46/469 - loss 0.08188994 - samples/sec: 219.10 - lr: 0.050000
2022-03-16 21:51:11,486 epoch 13 - iter 92/469 - loss 0.08446374 - samples/sec: 221.58 - lr: 0.050000
2022-03-16 21:51:17,906 epoch 13 - iter 138/469 - loss 0.08787775 - samples/sec: 229.52 - lr: 0.050000
2022-03-16 21:51:24,560 epoch 13 - iter 184/469 - loss 0.08686149 - samples/sec: 221.47 - lr: 0.050000
2022-03-16 21:51:30,623 epoch 13 - iter 230/469 - loss 0.08640402 - samples/sec: 243.07 - lr: 0.050000
2022-03-16 21:51:36,981 epoch 13 - iter 276/469 - loss 0.08722434 - samples/sec: 231.72 - lr: 0.050000
2022-03-16 21:51:43,588 epoch 13 - iter 322/469 - loss 0.08660589 - samples/sec: 223.04 - lr: 0.050000
2022-03-16 21:51:49,709 epoch 13 - iter 368/469 - loss 0.08732052 - samples/sec: 240.71 - lr: 0.050000
2022-03-16 21:51:56,211 epoch 13 - iter 414/469 - loss 0.08786976 - samples/sec: 226.58 - lr: 0.050000
2022-03-16 21:52:05,834 epoch 13 - iter 460/469 - loss 0.08759975 - samples/sec: 153.09 - lr: 0.050000
2022-03-16 21:52:06,921 ----------------------------------------------------------------------------------------------------
2022-03-16 21:52:06,922 EPOCH 13 done: loss 0.0878 - lr 0.050000
2022-03-16 21:52:27,922 Evaluating as a multi-label problem: False
2022-03-16 21:52:27,971 DEV : loss 0.045557234436273575 - f1-score (micro avg)  0.9033
2022-03-16 21:52:28,277 BAD EPOCHS (no improvement): 3
2022-03-16 21:52:28,281 ----------------------------------------------------------------------------------------------------
2022-03-16 21:52:34,648 epoch 14 - iter 46/469 - loss 0.08366027 - samples/sec: 231.43 - lr: 0.050000
2022-03-16 21:52:41,454 epoch 14 - iter 92/469 - loss 0.08486338 - samples/sec: 216.50 - lr: 0.050000
2022-03-16 21:52:48,023 epoch 14 - iter 138/469 - loss 0.08570062 - samples/sec: 224.31 - lr: 0.050000
2022-03-16 21:52:54,254 epoch 14 - iter 184/469 - loss 0.08726208 - samples/sec: 236.48 - lr: 0.050000
2022-03-16 21:53:00,460 epoch 14 - iter 230/469 - loss 0.08765425 - samples/sec: 237.43 - lr: 0.050000
2022-03-16 21:53:06,965 epoch 14 - iter 276/469 - loss 0.08782591 - samples/sec: 226.49 - lr: 0.050000
2022-03-16 21:53:13,471 epoch 14 - iter 322/469 - loss 0.08644036 - samples/sec: 226.47 - lr: 0.050000
2022-03-16 21:53:20,026 epoch 14 - iter 368/469 - loss 0.08599192 - samples/sec: 224.82 - lr: 0.050000
2022-03-16 21:53:26,465 epoch 14 - iter 414/469 - loss 0.08678977 - samples/sec: 228.86 - lr: 0.050000
2022-03-16 21:53:32,931 epoch 14 - iter 460/469 - loss 0.08679741 - samples/sec: 227.85 - lr: 0.050000
2022-03-16 21:53:34,031 ----------------------------------------------------------------------------------------------------
2022-03-16 21:53:34,032 EPOCH 14 done: loss 0.0868 - lr 0.050000
2022-03-16 21:53:55,128 Evaluating as a multi-label problem: False
2022-03-16 21:53:55,176 DEV : loss 0.045492131263017654 - f1-score (micro avg)  0.9041
2022-03-16 21:53:55,496 Epoch    14: reducing learning rate of group 0 to 2.5000e-02.
2022-03-16 21:53:55,497 BAD EPOCHS (no improvement): 4
2022-03-16 21:53:55,499 ----------------------------------------------------------------------------------------------------
2022-03-16 21:54:01,932 epoch 15 - iter 46/469 - loss 0.08072202 - samples/sec: 229.12 - lr: 0.025000
2022-03-16 21:54:08,094 epoch 15 - iter 92/469 - loss 0.08318623 - samples/sec: 239.12 - lr: 0.025000
2022-03-16 21:54:14,470 epoch 15 - iter 138/469 - loss 0.08457218 - samples/sec: 231.10 - lr: 0.025000
2022-03-16 21:54:20,825 epoch 15 - iter 184/469 - loss 0.08330247 - samples/sec: 231.85 - lr: 0.025000
2022-03-16 21:54:27,138 epoch 15 - iter 230/469 - loss 0.08493127 - samples/sec: 233.41 - lr: 0.025000
2022-03-16 21:54:33,487 epoch 15 - iter 276/469 - loss 0.08594075 - samples/sec: 232.10 - lr: 0.025000
2022-03-16 21:54:40,007 epoch 15 - iter 322/469 - loss 0.08531366 - samples/sec: 226.01 - lr: 0.025000
2022-03-16 21:54:46,542 epoch 15 - iter 368/469 - loss 0.08496403 - samples/sec: 225.49 - lr: 0.025000
2022-03-16 21:54:53,553 epoch 15 - iter 414/469 - loss 0.08500233 - samples/sec: 210.12 - lr: 0.025000
2022-03-16 21:55:00,083 epoch 15 - iter 460/469 - loss 0.08482699 - samples/sec: 225.65 - lr: 0.025000
2022-03-16 21:55:01,240 ----------------------------------------------------------------------------------------------------
2022-03-16 21:55:01,241 EPOCH 15 done: loss 0.0850 - lr 0.025000
2022-03-16 21:55:22,298 Evaluating as a multi-label problem: False
2022-03-16 21:55:22,347 DEV : loss 0.04395139962434769 - f1-score (micro avg)  0.9073
2022-03-16 21:55:22,660 BAD EPOCHS (no improvement): 0
2022-03-16 21:55:22,684 saving best model
2022-03-16 21:55:39,001 ----------------------------------------------------------------------------------------------------
2022-03-16 21:55:45,405 epoch 16 - iter 46/469 - loss 0.08500635 - samples/sec: 230.13 - lr: 0.025000
2022-03-16 21:55:51,537 epoch 16 - iter 92/469 - loss 0.08341283 - samples/sec: 240.33 - lr: 0.025000
2022-03-16 21:55:57,919 epoch 16 - iter 138/469 - loss 0.08495501 - samples/sec: 230.91 - lr: 0.025000
2022-03-16 21:56:03,376 epoch 16 - iter 184/469 - loss 0.08432041 - samples/sec: 270.07 - lr: 0.025000
2022-03-16 21:56:08,667 epoch 16 - iter 230/469 - loss 0.08366886 - samples/sec: 278.48 - lr: 0.025000
2022-03-16 21:56:14,353 epoch 16 - iter 276/469 - loss 0.08277130 - samples/sec: 259.16 - lr: 0.025000
2022-03-16 21:56:20,153 epoch 16 - iter 322/469 - loss 0.08202464 - samples/sec: 254.03 - lr: 0.025000
2022-03-16 21:56:25,541 epoch 16 - iter 368/469 - loss 0.08191584 - samples/sec: 273.53 - lr: 0.025000
2022-03-16 21:56:30,991 epoch 16 - iter 414/469 - loss 0.08224818 - samples/sec: 270.41 - lr: 0.025000
2022-03-16 21:56:36,487 epoch 16 - iter 460/469 - loss 0.08235734 - samples/sec: 268.16 - lr: 0.025000
2022-03-16 21:56:37,466 ----------------------------------------------------------------------------------------------------
2022-03-16 21:56:37,466 EPOCH 16 done: loss 0.0824 - lr 0.025000
2022-03-16 21:56:54,752 Evaluating as a multi-label problem: False
2022-03-16 21:56:54,799 DEV : loss 0.04427715763449669 - f1-score (micro avg)  0.9081
2022-03-16 21:56:55,058 BAD EPOCHS (no improvement): 0
2022-03-16 21:56:55,062 saving best model
2022-03-16 21:57:11,982 ----------------------------------------------------------------------------------------------------
2022-03-16 21:57:17,770 epoch 17 - iter 46/469 - loss 0.08489894 - samples/sec: 254.70 - lr: 0.025000
2022-03-16 21:57:23,026 epoch 17 - iter 92/469 - loss 0.08426619 - samples/sec: 280.35 - lr: 0.025000
2022-03-16 21:57:28,200 epoch 17 - iter 138/469 - loss 0.08313765 - samples/sec: 284.87 - lr: 0.025000
2022-03-16 21:57:33,770 epoch 17 - iter 184/469 - loss 0.08298450 - samples/sec: 264.52 - lr: 0.025000
2022-03-16 21:57:39,509 epoch 17 - iter 230/469 - loss 0.08289859 - samples/sec: 256.76 - lr: 0.025000
2022-03-16 21:57:45,050 epoch 17 - iter 276/469 - loss 0.08296981 - samples/sec: 265.91 - lr: 0.025000
2022-03-16 21:57:50,642 epoch 17 - iter 322/469 - loss 0.08420348 - samples/sec: 263.60 - lr: 0.025000
2022-03-16 21:57:55,976 epoch 17 - iter 368/469 - loss 0.08439386 - samples/sec: 276.28 - lr: 0.025000
2022-03-16 21:58:01,379 epoch 17 - iter 414/469 - loss 0.08376141 - samples/sec: 272.75 - lr: 0.025000
2022-03-16 21:58:06,552 epoch 17 - iter 460/469 - loss 0.08368232 - samples/sec: 284.87 - lr: 0.025000
2022-03-16 21:58:07,609 ----------------------------------------------------------------------------------------------------
2022-03-16 21:58:07,609 EPOCH 17 done: loss 0.0836 - lr 0.025000
2022-03-16 21:58:27,863 Evaluating as a multi-label problem: False
2022-03-16 21:58:27,911 DEV : loss 0.04515557736158371 - f1-score (micro avg)  0.9049
2022-03-16 21:58:28,178 BAD EPOCHS (no improvement): 1
2022-03-16 21:58:28,181 ----------------------------------------------------------------------------------------------------
2022-03-16 21:58:33,571 epoch 18 - iter 46/469 - loss 0.08230347 - samples/sec: 273.51 - lr: 0.025000
2022-03-16 21:58:39,107 epoch 18 - iter 92/469 - loss 0.08322142 - samples/sec: 266.21 - lr: 0.025000
2022-03-16 21:58:44,817 epoch 18 - iter 138/469 - loss 0.08225113 - samples/sec: 258.04 - lr: 0.025000
2022-03-16 21:58:50,203 epoch 18 - iter 184/469 - loss 0.08304701 - samples/sec: 273.63 - lr: 0.025000
2022-03-16 21:58:55,423 epoch 18 - iter 230/469 - loss 0.08266826 - samples/sec: 282.31 - lr: 0.025000
2022-03-16 21:59:00,995 epoch 18 - iter 276/469 - loss 0.08357545 - samples/sec: 264.45 - lr: 0.025000
2022-03-16 21:59:06,433 epoch 18 - iter 322/469 - loss 0.08301119 - samples/sec: 271.01 - lr: 0.025000
2022-03-16 21:59:11,705 epoch 18 - iter 368/469 - loss 0.08353201 - samples/sec: 279.57 - lr: 0.025000
2022-03-16 21:59:17,183 epoch 18 - iter 414/469 - loss 0.08320066 - samples/sec: 269.02 - lr: 0.025000
2022-03-16 21:59:22,718 epoch 18 - iter 460/469 - loss 0.08217035 - samples/sec: 266.24 - lr: 0.025000
2022-03-16 21:59:23,799 ----------------------------------------------------------------------------------------------------
2022-03-16 21:59:23,799 EPOCH 18 done: loss 0.0823 - lr 0.025000
2022-03-16 21:59:41,085 Evaluating as a multi-label problem: False
2022-03-16 21:59:41,133 DEV : loss 0.043902792036533356 - f1-score (micro avg)  0.9094
2022-03-16 21:59:41,403 BAD EPOCHS (no improvement): 0
2022-03-16 21:59:41,407 saving best model
2022-03-16 21:59:57,558 ----------------------------------------------------------------------------------------------------
2022-03-16 22:00:02,875 epoch 19 - iter 46/469 - loss 0.08435762 - samples/sec: 277.29 - lr: 0.025000
2022-03-16 22:00:08,567 epoch 19 - iter 92/469 - loss 0.08209814 - samples/sec: 258.89 - lr: 0.025000
2022-03-16 22:00:13,856 epoch 19 - iter 138/469 - loss 0.08121893 - samples/sec: 278.62 - lr: 0.025000
2022-03-16 22:00:19,120 epoch 19 - iter 184/469 - loss 0.08129852 - samples/sec: 280.00 - lr: 0.025000
2022-03-16 22:00:24,704 epoch 19 - iter 230/469 - loss 0.08021338 - samples/sec: 263.91 - lr: 0.025000
2022-03-16 22:00:30,406 epoch 19 - iter 276/469 - loss 0.08006535 - samples/sec: 258.46 - lr: 0.025000
2022-03-16 22:00:35,918 epoch 19 - iter 322/469 - loss 0.08066753 - samples/sec: 267.35 - lr: 0.025000
2022-03-16 22:00:41,225 epoch 19 - iter 368/469 - loss 0.08100523 - samples/sec: 277.70 - lr: 0.025000
2022-03-16 22:00:46,656 epoch 19 - iter 414/469 - loss 0.08100179 - samples/sec: 271.33 - lr: 0.025000
2022-03-16 22:00:52,111 epoch 19 - iter 460/469 - loss 0.08155775 - samples/sec: 270.11 - lr: 0.025000
2022-03-16 22:00:53,037 ----------------------------------------------------------------------------------------------------
2022-03-16 22:00:53,037 EPOCH 19 done: loss 0.0813 - lr 0.025000
2022-03-16 22:01:10,340 Evaluating as a multi-label problem: False
2022-03-16 22:01:10,388 DEV : loss 0.0435543954372406 - f1-score (micro avg)  0.9085
2022-03-16 22:01:10,650 BAD EPOCHS (no improvement): 1
2022-03-16 22:01:10,654 ----------------------------------------------------------------------------------------------------
2022-03-16 22:01:16,134 epoch 20 - iter 46/469 - loss 0.08770139 - samples/sec: 268.95 - lr: 0.025000
2022-03-16 22:01:21,419 epoch 20 - iter 92/469 - loss 0.08697372 - samples/sec: 278.89 - lr: 0.025000
2022-03-16 22:01:27,029 epoch 20 - iter 138/469 - loss 0.08425343 - samples/sec: 262.75 - lr: 0.025000
2022-03-16 22:01:32,498 epoch 20 - iter 184/469 - loss 0.08270890 - samples/sec: 269.44 - lr: 0.025000
2022-03-16 22:01:38,093 epoch 20 - iter 230/469 - loss 0.08180359 - samples/sec: 263.36 - lr: 0.025000
2022-03-16 22:01:43,339 epoch 20 - iter 276/469 - loss 0.08016102 - samples/sec: 280.99 - lr: 0.025000
2022-03-16 22:01:49,070 epoch 20 - iter 322/469 - loss 0.08078626 - samples/sec: 257.12 - lr: 0.025000
2022-03-16 22:01:54,207 epoch 20 - iter 368/469 - loss 0.08157212 - samples/sec: 286.90 - lr: 0.025000
2022-03-16 22:01:59,655 epoch 20 - iter 414/469 - loss 0.08215372 - samples/sec: 270.51 - lr: 0.025000
2022-03-16 22:02:05,220 epoch 20 - iter 460/469 - loss 0.08226156 - samples/sec: 264.83 - lr: 0.025000
2022-03-16 22:02:06,185 ----------------------------------------------------------------------------------------------------
2022-03-16 22:02:06,186 EPOCH 20 done: loss 0.0823 - lr 0.025000
2022-03-16 22:02:23,484 Evaluating as a multi-label problem: False
2022-03-16 22:02:23,532 DEV : loss 0.04393143579363823 - f1-score (micro avg)  0.9066
2022-03-16 22:02:23,796 BAD EPOCHS (no improvement): 2
2022-03-16 22:02:23,800 ----------------------------------------------------------------------------------------------------
2022-03-16 22:02:29,290 epoch 21 - iter 46/469 - loss 0.08346390 - samples/sec: 268.51 - lr: 0.025000
2022-03-16 22:02:34,671 epoch 21 - iter 92/469 - loss 0.08160702 - samples/sec: 273.89 - lr: 0.025000
2022-03-16 22:02:39,979 epoch 21 - iter 138/469 - loss 0.07897355 - samples/sec: 277.60 - lr: 0.025000
2022-03-16 22:02:45,533 epoch 21 - iter 184/469 - loss 0.08036494 - samples/sec: 265.31 - lr: 0.025000
2022-03-16 22:02:50,897 epoch 21 - iter 230/469 - loss 0.08008901 - samples/sec: 274.75 - lr: 0.025000
2022-03-16 22:02:56,033 epoch 21 - iter 276/469 - loss 0.08103710 - samples/sec: 286.91 - lr: 0.025000
2022-03-16 22:03:01,335 epoch 21 - iter 322/469 - loss 0.08181121 - samples/sec: 277.97 - lr: 0.025000
2022-03-16 22:03:06,907 epoch 21 - iter 368/469 - loss 0.08182188 - samples/sec: 264.49 - lr: 0.025000
2022-03-16 22:03:12,755 epoch 21 - iter 414/469 - loss 0.08118376 - samples/sec: 252.01 - lr: 0.025000
2022-03-16 22:03:18,268 epoch 21 - iter 460/469 - loss 0.08124800 - samples/sec: 267.25 - lr: 0.025000
2022-03-16 22:03:19,305 ----------------------------------------------------------------------------------------------------
2022-03-16 22:03:19,305 EPOCH 21 done: loss 0.0812 - lr 0.025000
2022-03-16 22:03:39,429 Evaluating as a multi-label problem: False
2022-03-16 22:03:39,476 DEV : loss 0.04392905905842781 - f1-score (micro avg)  0.9054
2022-03-16 22:03:39,742 BAD EPOCHS (no improvement): 3
2022-03-16 22:03:39,745 ----------------------------------------------------------------------------------------------------
2022-03-16 22:03:45,113 epoch 22 - iter 46/469 - loss 0.08717827 - samples/sec: 274.59 - lr: 0.025000
2022-03-16 22:03:50,375 epoch 22 - iter 92/469 - loss 0.08631158 - samples/sec: 280.12 - lr: 0.025000
2022-03-16 22:03:55,676 epoch 22 - iter 138/469 - loss 0.08452737 - samples/sec: 277.96 - lr: 0.025000
2022-03-16 22:04:01,052 epoch 22 - iter 184/469 - loss 0.08311676 - samples/sec: 274.12 - lr: 0.025000
2022-03-16 22:04:06,560 epoch 22 - iter 230/469 - loss 0.08352849 - samples/sec: 267.55 - lr: 0.025000
2022-03-16 22:04:11,888 epoch 22 - iter 276/469 - loss 0.08407714 - samples/sec: 276.58 - lr: 0.025000
2022-03-16 22:04:17,577 epoch 22 - iter 322/469 - loss 0.08340293 - samples/sec: 259.02 - lr: 0.025000
2022-03-16 22:04:23,081 epoch 22 - iter 368/469 - loss 0.08227031 - samples/sec: 267.78 - lr: 0.025000
2022-03-16 22:04:28,725 epoch 22 - iter 414/469 - loss 0.08206950 - samples/sec: 261.07 - lr: 0.025000
2022-03-16 22:04:34,130 epoch 22 - iter 460/469 - loss 0.08180413 - samples/sec: 272.65 - lr: 0.025000
2022-03-16 22:04:35,130 ----------------------------------------------------------------------------------------------------
2022-03-16 22:04:35,131 EPOCH 22 done: loss 0.0817 - lr 0.025000
2022-03-16 22:04:52,352 Evaluating as a multi-label problem: False
2022-03-16 22:04:52,400 DEV : loss 0.043670352548360825 - f1-score (micro avg)  0.9085
2022-03-16 22:04:52,673 Epoch    22: reducing learning rate of group 0 to 1.2500e-02.
2022-03-16 22:04:52,673 BAD EPOCHS (no improvement): 4
2022-03-16 22:04:52,687 ----------------------------------------------------------------------------------------------------
2022-03-16 22:04:58,323 epoch 23 - iter 46/469 - loss 0.09025190 - samples/sec: 261.51 - lr: 0.012500
2022-03-16 22:05:03,748 epoch 23 - iter 92/469 - loss 0.08469152 - samples/sec: 271.67 - lr: 0.012500
2022-03-16 22:05:08,968 epoch 23 - iter 138/469 - loss 0.08316672 - samples/sec: 282.33 - lr: 0.012500
2022-03-16 22:05:14,265 epoch 23 - iter 184/469 - loss 0.08105356 - samples/sec: 278.18 - lr: 0.012500
2022-03-16 22:05:19,904 epoch 23 - iter 230/469 - loss 0.08235890 - samples/sec: 261.32 - lr: 0.012500
2022-03-16 22:05:25,161 epoch 23 - iter 276/469 - loss 0.08182136 - samples/sec: 280.32 - lr: 0.012500
2022-03-16 22:05:30,654 epoch 23 - iter 322/469 - loss 0.08095402 - samples/sec: 268.22 - lr: 0.012500
2022-03-16 22:05:36,133 epoch 23 - iter 368/469 - loss 0.08142393 - samples/sec: 268.97 - lr: 0.012500
2022-03-16 22:05:41,585 epoch 23 - iter 414/469 - loss 0.08087436 - samples/sec: 270.37 - lr: 0.012500
2022-03-16 22:05:47,091 epoch 23 - iter 460/469 - loss 0.08080496 - samples/sec: 267.64 - lr: 0.012500
2022-03-16 22:05:48,034 ----------------------------------------------------------------------------------------------------
2022-03-16 22:05:48,034 EPOCH 23 done: loss 0.0805 - lr 0.012500
2022-03-16 22:06:05,269 Evaluating as a multi-label problem: False
2022-03-16 22:06:05,316 DEV : loss 0.0436076819896698 - f1-score (micro avg)  0.9095
2022-03-16 22:06:05,574 BAD EPOCHS (no improvement): 0
2022-03-16 22:06:05,578 saving best model
2022-03-16 22:06:21,976 ----------------------------------------------------------------------------------------------------
2022-03-16 22:06:27,182 epoch 24 - iter 46/469 - loss 0.08466730 - samples/sec: 283.20 - lr: 0.012500
2022-03-16 22:06:32,658 epoch 24 - iter 92/469 - loss 0.08047510 - samples/sec: 269.11 - lr: 0.012500
2022-03-16 22:06:37,881 epoch 24 - iter 138/469 - loss 0.08074444 - samples/sec: 282.13 - lr: 0.012500
2022-03-16 22:06:43,309 epoch 24 - iter 184/469 - loss 0.07948516 - samples/sec: 271.47 - lr: 0.012500
2022-03-16 22:06:48,805 epoch 24 - iter 230/469 - loss 0.08190904 - samples/sec: 268.11 - lr: 0.012500
2022-03-16 22:06:54,504 epoch 24 - iter 276/469 - loss 0.08168792 - samples/sec: 258.56 - lr: 0.012500
2022-03-16 22:06:59,893 epoch 24 - iter 322/469 - loss 0.08183996 - samples/sec: 273.54 - lr: 0.012500
2022-03-16 22:07:05,443 epoch 24 - iter 368/469 - loss 0.08068922 - samples/sec: 265.52 - lr: 0.012500
2022-03-16 22:07:10,978 epoch 24 - iter 414/469 - loss 0.08102432 - samples/sec: 266.20 - lr: 0.012500
2022-03-16 22:07:16,305 epoch 24 - iter 460/469 - loss 0.08080664 - samples/sec: 276.65 - lr: 0.012500
2022-03-16 22:07:17,327 ----------------------------------------------------------------------------------------------------
2022-03-16 22:07:17,327 EPOCH 24 done: loss 0.0807 - lr 0.012500
2022-03-16 22:07:34,572 Evaluating as a multi-label problem: False
2022-03-16 22:07:34,620 DEV : loss 0.0435788556933403 - f1-score (micro avg)  0.908
2022-03-16 22:07:34,885 BAD EPOCHS (no improvement): 1
2022-03-16 22:07:34,889 ----------------------------------------------------------------------------------------------------
2022-03-16 22:07:40,223 epoch 25 - iter 46/469 - loss 0.07763373 - samples/sec: 276.35 - lr: 0.012500
2022-03-16 22:07:45,613 epoch 25 - iter 92/469 - loss 0.07615380 - samples/sec: 273.43 - lr: 0.012500
2022-03-16 22:07:51,078 epoch 25 - iter 138/469 - loss 0.07681045 - samples/sec: 269.65 - lr: 0.012500
2022-03-16 22:07:56,550 epoch 25 - iter 184/469 - loss 0.07730664 - samples/sec: 269.29 - lr: 0.012500
2022-03-16 22:08:02,018 epoch 25 - iter 230/469 - loss 0.07742644 - samples/sec: 269.45 - lr: 0.012500
2022-03-16 22:08:07,578 epoch 25 - iter 276/469 - loss 0.07833048 - samples/sec: 265.04 - lr: 0.012500
2022-03-16 22:08:13,142 epoch 25 - iter 322/469 - loss 0.07827572 - samples/sec: 264.89 - lr: 0.012500
2022-03-16 22:08:18,463 epoch 25 - iter 368/469 - loss 0.07911512 - samples/sec: 276.97 - lr: 0.012500
2022-03-16 22:08:23,827 epoch 25 - iter 414/469 - loss 0.07888456 - samples/sec: 274.75 - lr: 0.012500
2022-03-16 22:08:29,196 epoch 25 - iter 460/469 - loss 0.07936500 - samples/sec: 274.49 - lr: 0.012500
2022-03-16 22:08:30,180 ----------------------------------------------------------------------------------------------------
2022-03-16 22:08:30,180 EPOCH 25 done: loss 0.0793 - lr 0.012500
2022-03-16 22:08:50,191 Evaluating as a multi-label problem: False
2022-03-16 22:08:50,238 DEV : loss 0.04389883577823639 - f1-score (micro avg)  0.9078
2022-03-16 22:08:50,493 BAD EPOCHS (no improvement): 2
2022-03-16 22:08:50,497 ----------------------------------------------------------------------------------------------------
2022-03-16 22:08:56,139 epoch 26 - iter 46/469 - loss 0.07533058 - samples/sec: 261.30 - lr: 0.012500
2022-03-16 22:09:01,487 epoch 26 - iter 92/469 - loss 0.07796464 - samples/sec: 275.58 - lr: 0.012500
2022-03-16 22:09:06,685 epoch 26 - iter 138/469 - loss 0.08006369 - samples/sec: 283.54 - lr: 0.012500
2022-03-16 22:09:12,058 epoch 26 - iter 184/469 - loss 0.07827592 - samples/sec: 274.22 - lr: 0.012500
2022-03-16 22:09:17,379 epoch 26 - iter 230/469 - loss 0.07760327 - samples/sec: 276.96 - lr: 0.012500
2022-03-16 22:09:23,216 epoch 26 - iter 276/469 - loss 0.07711365 - samples/sec: 252.44 - lr: 0.012500
2022-03-16 22:09:28,537 epoch 26 - iter 322/469 - loss 0.07784029 - samples/sec: 276.95 - lr: 0.012500
2022-03-16 22:09:33,898 epoch 26 - iter 368/469 - loss 0.07851869 - samples/sec: 274.89 - lr: 0.012500
2022-03-16 22:09:39,334 epoch 26 - iter 414/469 - loss 0.07871575 - samples/sec: 271.20 - lr: 0.012500
2022-03-16 22:09:44,750 epoch 26 - iter 460/469 - loss 0.07899158 - samples/sec: 272.07 - lr: 0.012500
2022-03-16 22:09:45,725 ----------------------------------------------------------------------------------------------------
2022-03-16 22:09:45,725 EPOCH 26 done: loss 0.0790 - lr 0.012500
2022-03-16 22:10:02,961 Evaluating as a multi-label problem: False
2022-03-16 22:10:03,008 DEV : loss 0.04327580705285072 - f1-score (micro avg)  0.9104
2022-03-16 22:10:03,263 BAD EPOCHS (no improvement): 0
2022-03-16 22:10:03,274 saving best model
2022-03-16 22:10:19,726 ----------------------------------------------------------------------------------------------------
2022-03-16 22:10:24,922 epoch 27 - iter 46/469 - loss 0.08056046 - samples/sec: 283.70 - lr: 0.012500
2022-03-16 22:10:30,394 epoch 27 - iter 92/469 - loss 0.08081861 - samples/sec: 269.31 - lr: 0.012500
2022-03-16 22:10:35,824 epoch 27 - iter 138/469 - loss 0.07994548 - samples/sec: 271.37 - lr: 0.012500
2022-03-16 22:10:41,332 epoch 27 - iter 184/469 - loss 0.07899532 - samples/sec: 267.51 - lr: 0.012500
2022-03-16 22:10:46,697 epoch 27 - iter 230/469 - loss 0.07886584 - samples/sec: 274.68 - lr: 0.012500
2022-03-16 22:10:52,004 epoch 27 - iter 276/469 - loss 0.07949456 - samples/sec: 277.66 - lr: 0.012500
2022-03-16 22:10:57,448 epoch 27 - iter 322/469 - loss 0.07951816 - samples/sec: 270.70 - lr: 0.012500
2022-03-16 22:11:03,161 epoch 27 - iter 368/469 - loss 0.07939011 - samples/sec: 257.92 - lr: 0.012500
2022-03-16 22:11:08,657 epoch 27 - iter 414/469 - loss 0.07957170 - samples/sec: 268.08 - lr: 0.012500
2022-03-16 22:11:14,035 epoch 27 - iter 460/469 - loss 0.07919577 - samples/sec: 274.00 - lr: 0.012500
2022-03-16 22:11:15,097 ----------------------------------------------------------------------------------------------------
2022-03-16 22:11:15,097 EPOCH 27 done: loss 0.0789 - lr 0.012500
2022-03-16 22:11:32,342 Evaluating as a multi-label problem: False
2022-03-16 22:11:32,389 DEV : loss 0.04326377063989639 - f1-score (micro avg)  0.9091
2022-03-16 22:11:32,646 BAD EPOCHS (no improvement): 1
2022-03-16 22:11:32,658 ----------------------------------------------------------------------------------------------------
2022-03-16 22:11:38,105 epoch 28 - iter 46/469 - loss 0.07766221 - samples/sec: 270.57 - lr: 0.012500
2022-03-16 22:11:43,671 epoch 28 - iter 92/469 - loss 0.07965734 - samples/sec: 264.73 - lr: 0.012500
2022-03-16 22:11:48,871 epoch 28 - iter 138/469 - loss 0.07866219 - samples/sec: 283.34 - lr: 0.012500
2022-03-16 22:11:54,227 epoch 28 - iter 184/469 - loss 0.08021207 - samples/sec: 275.09 - lr: 0.012500
2022-03-16 22:11:59,835 epoch 28 - iter 230/469 - loss 0.08008981 - samples/sec: 262.73 - lr: 0.012500
2022-03-16 22:12:05,141 epoch 28 - iter 276/469 - loss 0.08038949 - samples/sec: 277.74 - lr: 0.012500
2022-03-16 22:12:10,777 epoch 28 - iter 322/469 - loss 0.07908035 - samples/sec: 261.44 - lr: 0.012500
2022-03-16 22:12:16,251 epoch 28 - iter 368/469 - loss 0.07848010 - samples/sec: 269.16 - lr: 0.012500
2022-03-16 22:12:21,628 epoch 28 - iter 414/469 - loss 0.07900633 - samples/sec: 274.00 - lr: 0.012500
2022-03-16 22:12:26,927 epoch 28 - iter 460/469 - loss 0.07916915 - samples/sec: 278.05 - lr: 0.012500
2022-03-16 22:12:27,860 ----------------------------------------------------------------------------------------------------
2022-03-16 22:12:27,861 EPOCH 28 done: loss 0.0791 - lr 0.012500
2022-03-16 22:12:45,102 Evaluating as a multi-label problem: False
2022-03-16 22:12:45,148 DEV : loss 0.042887188494205475 - f1-score (micro avg)  0.9086
2022-03-16 22:12:45,403 BAD EPOCHS (no improvement): 2
2022-03-16 22:12:45,406 ----------------------------------------------------------------------------------------------------
2022-03-16 22:12:50,813 epoch 29 - iter 46/469 - loss 0.07649883 - samples/sec: 272.54 - lr: 0.012500
2022-03-16 22:12:56,158 epoch 29 - iter 92/469 - loss 0.08122235 - samples/sec: 275.62 - lr: 0.012500
2022-03-16 22:13:01,672 epoch 29 - iter 138/469 - loss 0.07860396 - samples/sec: 267.19 - lr: 0.012500
2022-03-16 22:13:07,246 epoch 29 - iter 184/469 - loss 0.08102014 - samples/sec: 264.32 - lr: 0.012500
2022-03-16 22:13:12,913 epoch 29 - iter 230/469 - loss 0.07903921 - samples/sec: 259.97 - lr: 0.012500
2022-03-16 22:13:18,290 epoch 29 - iter 276/469 - loss 0.07928671 - samples/sec: 274.02 - lr: 0.012500
2022-03-16 22:13:23,706 epoch 29 - iter 322/469 - loss 0.07949129 - samples/sec: 272.03 - lr: 0.012500
2022-03-16 22:13:29,096 epoch 29 - iter 368/469 - loss 0.07924667 - samples/sec: 273.34 - lr: 0.012500
2022-03-16 22:13:34,415 epoch 29 - iter 414/469 - loss 0.07950099 - samples/sec: 277.02 - lr: 0.012500
2022-03-16 22:13:39,484 epoch 29 - iter 460/469 - loss 0.07924014 - samples/sec: 290.64 - lr: 0.012500
2022-03-16 22:13:40,511 ----------------------------------------------------------------------------------------------------
2022-03-16 22:13:40,511 EPOCH 29 done: loss 0.0791 - lr 0.012500
2022-03-16 22:14:00,453 Evaluating as a multi-label problem: False
2022-03-16 22:14:00,499 DEV : loss 0.04301675781607628 - f1-score (micro avg)  0.9102
2022-03-16 22:14:00,754 BAD EPOCHS (no improvement): 3
2022-03-16 22:14:00,758 ----------------------------------------------------------------------------------------------------
2022-03-16 22:14:06,123 epoch 30 - iter 46/469 - loss 0.07965988 - samples/sec: 274.63 - lr: 0.012500
2022-03-16 22:14:11,478 epoch 30 - iter 92/469 - loss 0.07989508 - samples/sec: 275.13 - lr: 0.012500
2022-03-16 22:14:17,066 epoch 30 - iter 138/469 - loss 0.08030409 - samples/sec: 263.64 - lr: 0.012500
2022-03-16 22:14:22,437 epoch 30 - iter 184/469 - loss 0.08033475 - samples/sec: 274.29 - lr: 0.012500
2022-03-16 22:14:27,895 epoch 30 - iter 230/469 - loss 0.08049466 - samples/sec: 269.94 - lr: 0.012500
2022-03-16 22:14:33,387 epoch 30 - iter 276/469 - loss 0.07959270 - samples/sec: 268.24 - lr: 0.012500
2022-03-16 22:14:38,656 epoch 30 - iter 322/469 - loss 0.07995394 - samples/sec: 279.65 - lr: 0.012500
2022-03-16 22:14:43,952 epoch 30 - iter 368/469 - loss 0.07952264 - samples/sec: 278.17 - lr: 0.012500
2022-03-16 22:14:49,333 epoch 30 - iter 414/469 - loss 0.07943210 - samples/sec: 273.81 - lr: 0.012500
2022-03-16 22:14:54,751 epoch 30 - iter 460/469 - loss 0.07980283 - samples/sec: 271.93 - lr: 0.012500
2022-03-16 22:14:55,790 ----------------------------------------------------------------------------------------------------
2022-03-16 22:14:55,791 EPOCH 30 done: loss 0.0796 - lr 0.012500
2022-03-16 22:15:13,020 Evaluating as a multi-label problem: False
2022-03-16 22:15:13,067 DEV : loss 0.04332801699638367 - f1-score (micro avg)  0.9073
2022-03-16 22:15:13,324 Epoch    30: reducing learning rate of group 0 to 6.2500e-03.
2022-03-16 22:15:13,325 BAD EPOCHS (no improvement): 4
2022-03-16 22:15:13,334 ----------------------------------------------------------------------------------------------------
2022-03-16 22:15:18,550 epoch 31 - iter 46/469 - loss 0.07917287 - samples/sec: 282.47 - lr: 0.006250
2022-03-16 22:15:23,909 epoch 31 - iter 92/469 - loss 0.07969970 - samples/sec: 274.91 - lr: 0.006250
2022-03-16 22:15:29,121 epoch 31 - iter 138/469 - loss 0.07956706 - samples/sec: 282.65 - lr: 0.006250
2022-03-16 22:15:34,640 epoch 31 - iter 184/469 - loss 0.07864871 - samples/sec: 266.94 - lr: 0.006250
2022-03-16 22:15:39,916 epoch 31 - iter 230/469 - loss 0.07861969 - samples/sec: 279.23 - lr: 0.006250
2022-03-16 22:15:45,432 epoch 31 - iter 276/469 - loss 0.07833553 - samples/sec: 267.11 - lr: 0.006250
2022-03-16 22:15:50,946 epoch 31 - iter 322/469 - loss 0.07838471 - samples/sec: 267.19 - lr: 0.006250
2022-03-16 22:15:56,330 epoch 31 - iter 368/469 - loss 0.07837241 - samples/sec: 273.64 - lr: 0.006250
2022-03-16 22:16:01,748 epoch 31 - iter 414/469 - loss 0.07860525 - samples/sec: 271.91 - lr: 0.006250
2022-03-16 22:16:07,268 epoch 31 - iter 460/469 - loss 0.07890531 - samples/sec: 266.89 - lr: 0.006250
2022-03-16 22:16:08,269 ----------------------------------------------------------------------------------------------------
2022-03-16 22:16:08,270 EPOCH 31 done: loss 0.0788 - lr 0.006250
2022-03-16 22:16:25,469 Evaluating as a multi-label problem: False
2022-03-16 22:16:25,515 DEV : loss 0.04290884733200073 - f1-score (micro avg)  0.9089
2022-03-16 22:16:25,770 BAD EPOCHS (no improvement): 1
2022-03-16 22:16:25,774 ----------------------------------------------------------------------------------------------------
2022-03-16 22:16:31,241 epoch 32 - iter 46/469 - loss 0.08412538 - samples/sec: 269.46 - lr: 0.006250
2022-03-16 22:16:36,501 epoch 32 - iter 92/469 - loss 0.07872604 - samples/sec: 280.13 - lr: 0.006250
2022-03-16 22:16:41,919 epoch 32 - iter 138/469 - loss 0.07834641 - samples/sec: 271.93 - lr: 0.006250
2022-03-16 22:16:47,311 epoch 32 - iter 184/469 - loss 0.07746983 - samples/sec: 273.19 - lr: 0.006250
2022-03-16 22:16:52,677 epoch 32 - iter 230/469 - loss 0.07824028 - samples/sec: 274.57 - lr: 0.006250
2022-03-16 22:16:58,094 epoch 32 - iter 276/469 - loss 0.07889292 - samples/sec: 271.93 - lr: 0.006250
2022-03-16 22:17:03,696 epoch 32 - iter 322/469 - loss 0.07928073 - samples/sec: 262.98 - lr: 0.006250
2022-03-16 22:17:08,861 epoch 32 - iter 368/469 - loss 0.07903019 - samples/sec: 285.30 - lr: 0.006250
2022-03-16 22:17:14,049 epoch 32 - iter 414/469 - loss 0.07946037 - samples/sec: 283.98 - lr: 0.006250
2022-03-16 22:17:19,617 epoch 32 - iter 460/469 - loss 0.07924502 - samples/sec: 264.57 - lr: 0.006250
2022-03-16 22:17:20,645 ----------------------------------------------------------------------------------------------------
2022-03-16 22:17:20,646 EPOCH 32 done: loss 0.0791 - lr 0.006250
2022-03-16 22:17:37,765 Evaluating as a multi-label problem: False
2022-03-16 22:17:37,811 DEV : loss 0.043074749410152435 - f1-score (micro avg)  0.911
2022-03-16 22:17:38,065 BAD EPOCHS (no improvement): 0
2022-03-16 22:17:38,069 saving best model
2022-03-16 22:17:54,062 ----------------------------------------------------------------------------------------------------
2022-03-16 22:17:59,533 epoch 33 - iter 46/469 - loss 0.08240200 - samples/sec: 269.33 - lr: 0.006250
2022-03-16 22:18:04,749 epoch 33 - iter 92/469 - loss 0.08039017 - samples/sec: 282.48 - lr: 0.006250
2022-03-16 22:18:10,201 epoch 33 - iter 138/469 - loss 0.07912277 - samples/sec: 270.19 - lr: 0.006250
2022-03-16 22:18:15,716 epoch 33 - iter 184/469 - loss 0.08031509 - samples/sec: 267.15 - lr: 0.006250
2022-03-16 22:18:21,245 epoch 33 - iter 230/469 - loss 0.07925563 - samples/sec: 266.44 - lr: 0.006250
2022-03-16 22:18:26,738 epoch 33 - iter 276/469 - loss 0.07927181 - samples/sec: 268.20 - lr: 0.006250
2022-03-16 22:18:32,166 epoch 33 - iter 322/469 - loss 0.07861156 - samples/sec: 271.48 - lr: 0.006250
2022-03-16 22:18:37,739 epoch 33 - iter 368/469 - loss 0.07803716 - samples/sec: 264.34 - lr: 0.006250
2022-03-16 22:18:42,840 epoch 33 - iter 414/469 - loss 0.07878797 - samples/sec: 288.81 - lr: 0.006250
2022-03-16 22:18:48,061 epoch 33 - iter 460/469 - loss 0.07875046 - samples/sec: 282.20 - lr: 0.006250
2022-03-16 22:18:49,054 ----------------------------------------------------------------------------------------------------
2022-03-16 22:18:50,147 EPOCH 33 done: loss 0.0785 - lr 0.006250
2022-03-16 22:19:10,046 Evaluating as a multi-label problem: False
2022-03-16 22:19:10,092 DEV : loss 0.04308144375681877 - f1-score (micro avg)  0.9104
2022-03-16 22:19:10,347 BAD EPOCHS (no improvement): 1
2022-03-16 22:19:10,358 ----------------------------------------------------------------------------------------------------
2022-03-16 22:19:15,553 epoch 34 - iter 46/469 - loss 0.08061690 - samples/sec: 283.65 - lr: 0.006250
2022-03-16 22:19:20,712 epoch 34 - iter 92/469 - loss 0.07826685 - samples/sec: 285.58 - lr: 0.006250
2022-03-16 22:19:26,238 epoch 34 - iter 138/469 - loss 0.07625262 - samples/sec: 266.57 - lr: 0.006250
2022-03-16 22:19:31,486 epoch 34 - iter 184/469 - loss 0.07728854 - samples/sec: 280.75 - lr: 0.006250
2022-03-16 22:19:36,919 epoch 34 - iter 230/469 - loss 0.07668622 - samples/sec: 271.17 - lr: 0.006250
2022-03-16 22:19:42,525 epoch 34 - iter 276/469 - loss 0.07715672 - samples/sec: 262.77 - lr: 0.006250
2022-03-16 22:19:47,985 epoch 34 - iter 322/469 - loss 0.07802265 - samples/sec: 269.84 - lr: 0.006250
2022-03-16 22:19:53,446 epoch 34 - iter 368/469 - loss 0.07774231 - samples/sec: 269.80 - lr: 0.006250
2022-03-16 22:19:58,808 epoch 34 - iter 414/469 - loss 0.07726134 - samples/sec: 274.75 - lr: 0.006250
2022-03-16 22:20:04,219 epoch 34 - iter 460/469 - loss 0.07703745 - samples/sec: 272.28 - lr: 0.006250
2022-03-16 22:20:05,150 ----------------------------------------------------------------------------------------------------
2022-03-16 22:20:05,150 EPOCH 34 done: loss 0.0772 - lr 0.006250
2022-03-16 22:20:22,277 Evaluating as a multi-label problem: False
2022-03-16 22:20:22,324 DEV : loss 0.04292551428079605 - f1-score (micro avg)  0.9094
2022-03-16 22:20:22,579 BAD EPOCHS (no improvement): 2
2022-03-16 22:20:22,583 ----------------------------------------------------------------------------------------------------
2022-03-16 22:20:28,045 epoch 35 - iter 46/469 - loss 0.08035846 - samples/sec: 269.73 - lr: 0.006250
2022-03-16 22:20:33,128 epoch 35 - iter 92/469 - loss 0.07985977 - samples/sec: 289.88 - lr: 0.006250
2022-03-16 22:20:38,538 epoch 35 - iter 138/469 - loss 0.07738803 - samples/sec: 272.31 - lr: 0.006250
2022-03-16 22:20:43,596 epoch 35 - iter 184/469 - loss 0.07775108 - samples/sec: 291.30 - lr: 0.006250
2022-03-16 22:20:49,130 epoch 35 - iter 230/469 - loss 0.07812516 - samples/sec: 266.19 - lr: 0.006250
2022-03-16 22:20:54,258 epoch 35 - iter 276/469 - loss 0.07759479 - samples/sec: 287.33 - lr: 0.006250
2022-03-16 22:20:59,913 epoch 35 - iter 322/469 - loss 0.07749169 - samples/sec: 260.49 - lr: 0.006250
2022-03-16 22:21:06,428 epoch 35 - iter 368/469 - loss 0.07727061 - samples/sec: 226.12 - lr: 0.006250
2022-03-16 22:21:12,873 epoch 35 - iter 414/469 - loss 0.07717531 - samples/sec: 228.56 - lr: 0.006250
2022-03-16 22:21:19,552 epoch 35 - iter 460/469 - loss 0.07739144 - samples/sec: 220.56 - lr: 0.006250
2022-03-16 22:21:20,813 ----------------------------------------------------------------------------------------------------
2022-03-16 22:21:20,814 EPOCH 35 done: loss 0.0773 - lr 0.006250
2022-03-16 22:21:41,718 Evaluating as a multi-label problem: False
2022-03-16 22:21:41,765 DEV : loss 0.04287886247038841 - f1-score (micro avg)  0.9087
2022-03-16 22:21:42,069 BAD EPOCHS (no improvement): 3
2022-03-16 22:21:42,073 ----------------------------------------------------------------------------------------------------
2022-03-16 22:21:48,578 epoch 36 - iter 46/469 - loss 0.07504873 - samples/sec: 226.49 - lr: 0.006250
2022-03-16 22:21:54,868 epoch 36 - iter 92/469 - loss 0.07686800 - samples/sec: 234.21 - lr: 0.006250
2022-03-16 22:22:01,335 epoch 36 - iter 138/469 - loss 0.07786327 - samples/sec: 227.77 - lr: 0.006250
2022-03-16 22:22:07,673 epoch 36 - iter 184/469 - loss 0.07784971 - samples/sec: 232.43 - lr: 0.006250
2022-03-16 22:22:13,705 epoch 36 - iter 230/469 - loss 0.07816840 - samples/sec: 244.21 - lr: 0.006250
2022-03-16 22:22:20,071 epoch 36 - iter 276/469 - loss 0.07831247 - samples/sec: 231.41 - lr: 0.006250
2022-03-16 22:22:26,483 epoch 36 - iter 322/469 - loss 0.07751581 - samples/sec: 229.75 - lr: 0.006250
2022-03-16 22:22:32,770 epoch 36 - iter 368/469 - loss 0.07715744 - samples/sec: 234.33 - lr: 0.006250
2022-03-16 22:22:38,989 epoch 36 - iter 414/469 - loss 0.07672986 - samples/sec: 236.90 - lr: 0.006250
2022-03-16 22:22:45,701 epoch 36 - iter 460/469 - loss 0.07643868 - samples/sec: 219.46 - lr: 0.006250
2022-03-16 22:22:47,038 ----------------------------------------------------------------------------------------------------
2022-03-16 22:22:47,039 EPOCH 36 done: loss 0.0766 - lr 0.006250
2022-03-16 22:23:07,943 Evaluating as a multi-label problem: False
2022-03-16 22:23:07,990 DEV : loss 0.042943958193063736 - f1-score (micro avg)  0.9101
2022-03-16 22:23:08,295 Epoch    36: reducing learning rate of group 0 to 3.1250e-03.
2022-03-16 22:23:08,296 BAD EPOCHS (no improvement): 4
2022-03-16 22:23:08,420 ----------------------------------------------------------------------------------------------------
2022-03-16 22:23:14,888 epoch 37 - iter 46/469 - loss 0.08081061 - samples/sec: 227.78 - lr: 0.003125
2022-03-16 22:23:21,288 epoch 37 - iter 92/469 - loss 0.07843009 - samples/sec: 230.16 - lr: 0.003125
2022-03-16 22:23:27,490 epoch 37 - iter 138/469 - loss 0.07845751 - samples/sec: 237.55 - lr: 0.003125
2022-03-16 22:23:34,118 epoch 37 - iter 184/469 - loss 0.07933470 - samples/sec: 222.23 - lr: 0.003125
2022-03-16 22:23:40,640 epoch 37 - iter 230/469 - loss 0.07896032 - samples/sec: 225.87 - lr: 0.003125
2022-03-16 22:23:47,106 epoch 37 - iter 276/469 - loss 0.07827347 - samples/sec: 227.82 - lr: 0.003125
2022-03-16 22:23:53,477 epoch 37 - iter 322/469 - loss 0.07763298 - samples/sec: 231.25 - lr: 0.003125
2022-03-16 22:23:59,955 epoch 37 - iter 368/469 - loss 0.07836164 - samples/sec: 227.39 - lr: 0.003125
2022-03-16 22:24:06,148 epoch 37 - iter 414/469 - loss 0.07834389 - samples/sec: 237.88 - lr: 0.003125
2022-03-16 22:24:12,322 epoch 37 - iter 460/469 - loss 0.07810000 - samples/sec: 238.61 - lr: 0.003125
2022-03-16 22:24:13,485 ----------------------------------------------------------------------------------------------------
2022-03-16 22:24:13,486 EPOCH 37 done: loss 0.0778 - lr 0.003125
2022-03-16 22:24:37,120 Evaluating as a multi-label problem: False
2022-03-16 22:24:37,167 DEV : loss 0.04270606487989426 - f1-score (micro avg)  0.9097
2022-03-16 22:24:37,468 BAD EPOCHS (no improvement): 1
2022-03-16 22:24:37,472 ----------------------------------------------------------------------------------------------------
2022-03-16 22:24:44,136 epoch 38 - iter 46/469 - loss 0.07664650 - samples/sec: 221.05 - lr: 0.003125
2022-03-16 22:24:50,413 epoch 38 - iter 92/469 - loss 0.07783527 - samples/sec: 234.69 - lr: 0.003125
2022-03-16 22:24:56,601 epoch 38 - iter 138/469 - loss 0.07716402 - samples/sec: 238.09 - lr: 0.003125
2022-03-16 22:25:02,881 epoch 38 - iter 184/469 - loss 0.07667850 - samples/sec: 234.59 - lr: 0.003125
2022-03-16 22:25:09,252 epoch 38 - iter 230/469 - loss 0.07659862 - samples/sec: 231.22 - lr: 0.003125
2022-03-16 22:25:15,726 epoch 38 - iter 276/469 - loss 0.07622795 - samples/sec: 227.56 - lr: 0.003125
2022-03-16 22:25:21,878 epoch 38 - iter 322/469 - loss 0.07640085 - samples/sec: 239.44 - lr: 0.003125
2022-03-16 22:25:28,560 epoch 38 - iter 368/469 - loss 0.07664970 - samples/sec: 220.45 - lr: 0.003125
2022-03-16 22:25:34,832 epoch 38 - iter 414/469 - loss 0.07691531 - samples/sec: 234.91 - lr: 0.003125
2022-03-16 22:25:41,349 epoch 38 - iter 460/469 - loss 0.07673955 - samples/sec: 226.04 - lr: 0.003125
2022-03-16 22:25:42,554 ----------------------------------------------------------------------------------------------------
2022-03-16 22:25:42,554 EPOCH 38 done: loss 0.0769 - lr 0.003125
2022-03-16 22:26:03,486 Evaluating as a multi-label problem: False
2022-03-16 22:26:03,533 DEV : loss 0.042822789400815964 - f1-score (micro avg)  0.9099
2022-03-16 22:26:03,835 BAD EPOCHS (no improvement): 2
2022-03-16 22:26:03,860 ----------------------------------------------------------------------------------------------------
2022-03-16 22:26:10,136 epoch 39 - iter 46/469 - loss 0.08295969 - samples/sec: 234.72 - lr: 0.003125
2022-03-16 22:26:16,452 epoch 39 - iter 92/469 - loss 0.07678659 - samples/sec: 233.27 - lr: 0.003125
2022-03-16 22:26:22,842 epoch 39 - iter 138/469 - loss 0.07605953 - samples/sec: 230.53 - lr: 0.003125
2022-03-16 22:26:29,204 epoch 39 - iter 184/469 - loss 0.07707819 - samples/sec: 231.54 - lr: 0.003125
2022-03-16 22:26:35,347 epoch 39 - iter 230/469 - loss 0.07792369 - samples/sec: 239.82 - lr: 0.003125
2022-03-16 22:26:42,010 epoch 39 - iter 276/469 - loss 0.07795351 - samples/sec: 221.07 - lr: 0.003125
2022-03-16 22:26:47,395 epoch 39 - iter 322/469 - loss 0.07814225 - samples/sec: 273.60 - lr: 0.003125
2022-03-16 22:26:52,952 epoch 39 - iter 368/469 - loss 0.07886283 - samples/sec: 265.12 - lr: 0.003125
2022-03-16 22:26:58,292 epoch 39 - iter 414/469 - loss 0.07860807 - samples/sec: 275.89 - lr: 0.003125
2022-03-16 22:27:03,784 epoch 39 - iter 460/469 - loss 0.07796973 - samples/sec: 268.25 - lr: 0.003125
2022-03-16 22:27:04,815 ----------------------------------------------------------------------------------------------------
2022-03-16 22:27:04,815 EPOCH 39 done: loss 0.0779 - lr 0.003125
2022-03-16 22:27:21,928 Evaluating as a multi-label problem: False
2022-03-16 22:27:21,974 DEV : loss 0.04276352375745773 - f1-score (micro avg)  0.9092
2022-03-16 22:27:22,228 BAD EPOCHS (no improvement): 3
2022-03-16 22:27:22,232 ----------------------------------------------------------------------------------------------------
2022-03-16 22:27:27,607 epoch 40 - iter 46/469 - loss 0.08189629 - samples/sec: 274.11 - lr: 0.003125
2022-03-16 22:27:33,054 epoch 40 - iter 92/469 - loss 0.07852257 - samples/sec: 270.47 - lr: 0.003125
2022-03-16 22:27:38,432 epoch 40 - iter 138/469 - loss 0.07922602 - samples/sec: 273.92 - lr: 0.003125
2022-03-16 22:27:43,469 epoch 40 - iter 184/469 - loss 0.08029443 - samples/sec: 292.51 - lr: 0.003125
2022-03-16 22:27:48,644 epoch 40 - iter 230/469 - loss 0.08044047 - samples/sec: 284.66 - lr: 0.003125
2022-03-16 22:27:54,134 epoch 40 - iter 276/469 - loss 0.07927854 - samples/sec: 268.35 - lr: 0.003125
2022-03-16 22:27:59,594 epoch 40 - iter 322/469 - loss 0.07846070 - samples/sec: 269.80 - lr: 0.003125
2022-03-16 22:28:05,265 epoch 40 - iter 368/469 - loss 0.07837716 - samples/sec: 259.80 - lr: 0.003125
2022-03-16 22:28:10,400 epoch 40 - iter 414/469 - loss 0.07816465 - samples/sec: 286.96 - lr: 0.003125
2022-03-16 22:28:15,851 epoch 40 - iter 460/469 - loss 0.07756074 - samples/sec: 270.26 - lr: 0.003125
2022-03-16 22:28:16,904 ----------------------------------------------------------------------------------------------------
2022-03-16 22:28:16,905 EPOCH 40 done: loss 0.0773 - lr 0.003125
2022-03-16 22:28:33,986 Evaluating as a multi-label problem: False
2022-03-16 22:28:34,033 DEV : loss 0.0428907684981823 - f1-score (micro avg)  0.91
2022-03-16 22:28:34,288 Epoch    40: reducing learning rate of group 0 to 1.5625e-03.
2022-03-16 22:28:34,288 BAD EPOCHS (no improvement): 4
2022-03-16 22:28:34,291 ----------------------------------------------------------------------------------------------------
2022-03-16 22:28:39,724 epoch 41 - iter 46/469 - loss 0.07884087 - samples/sec: 271.15 - lr: 0.001563
2022-03-16 22:28:44,980 epoch 41 - iter 92/469 - loss 0.08228477 - samples/sec: 280.32 - lr: 0.001563
2022-03-16 22:28:50,112 epoch 41 - iter 138/469 - loss 0.07923649 - samples/sec: 287.12 - lr: 0.001563
2022-03-16 22:28:55,393 epoch 41 - iter 184/469 - loss 0.07888871 - samples/sec: 278.97 - lr: 0.001563
2022-03-16 22:29:00,691 epoch 41 - iter 230/469 - loss 0.07875549 - samples/sec: 278.04 - lr: 0.001563
2022-03-16 22:29:06,352 epoch 41 - iter 276/469 - loss 0.07816934 - samples/sec: 260.25 - lr: 0.001563
2022-03-16 22:29:11,449 epoch 41 - iter 322/469 - loss 0.07797999 - samples/sec: 289.05 - lr: 0.001563
2022-03-16 22:29:16,833 epoch 41 - iter 368/469 - loss 0.07784236 - samples/sec: 273.63 - lr: 0.001563
2022-03-16 22:29:22,322 epoch 41 - iter 414/469 - loss 0.07738643 - samples/sec: 273.31 - lr: 0.001563
2022-03-16 22:29:27,888 epoch 41 - iter 460/469 - loss 0.07751134 - samples/sec: 264.70 - lr: 0.001563
2022-03-16 22:29:28,944 ----------------------------------------------------------------------------------------------------
2022-03-16 22:29:28,944 EPOCH 41 done: loss 0.0775 - lr 0.001563
2022-03-16 22:29:48,703 Evaluating as a multi-label problem: False
2022-03-16 22:29:48,749 DEV : loss 0.042752232402563095 - f1-score (micro avg)  0.9105
2022-03-16 22:29:49,002 BAD EPOCHS (no improvement): 1
2022-03-16 22:29:49,016 ----------------------------------------------------------------------------------------------------
2022-03-16 22:29:54,266 epoch 42 - iter 46/469 - loss 0.07753122 - samples/sec: 280.64 - lr: 0.001563
2022-03-16 22:29:59,582 epoch 42 - iter 92/469 - loss 0.07803962 - samples/sec: 277.13 - lr: 0.001563
2022-03-16 22:30:04,987 epoch 42 - iter 138/469 - loss 0.07801674 - samples/sec: 272.59 - lr: 0.001563
2022-03-16 22:30:10,643 epoch 42 - iter 184/469 - loss 0.07706965 - samples/sec: 260.47 - lr: 0.001563
2022-03-16 22:30:16,137 epoch 42 - iter 230/469 - loss 0.07727526 - samples/sec: 268.15 - lr: 0.001563
2022-03-16 22:30:21,805 epoch 42 - iter 276/469 - loss 0.07696558 - samples/sec: 259.89 - lr: 0.001563
2022-03-16 22:30:26,992 epoch 42 - iter 322/469 - loss 0.07707781 - samples/sec: 284.05 - lr: 0.001563
2022-03-16 22:30:32,309 epoch 42 - iter 368/469 - loss 0.07701724 - samples/sec: 277.09 - lr: 0.001563
2022-03-16 22:30:37,497 epoch 42 - iter 414/469 - loss 0.07689791 - samples/sec: 284.00 - lr: 0.001563
2022-03-16 22:30:42,891 epoch 42 - iter 460/469 - loss 0.07697194 - samples/sec: 273.14 - lr: 0.001563
2022-03-16 22:30:43,897 ----------------------------------------------------------------------------------------------------
2022-03-16 22:30:43,897 EPOCH 42 done: loss 0.0770 - lr 0.001563
2022-03-16 22:31:01,153 Evaluating as a multi-label problem: False
2022-03-16 22:31:01,200 DEV : loss 0.042703691869974136 - f1-score (micro avg)  0.9109
2022-03-16 22:31:01,455 BAD EPOCHS (no improvement): 2
2022-03-16 22:31:01,458 ----------------------------------------------------------------------------------------------------
2022-03-16 22:31:06,792 epoch 43 - iter 46/469 - loss 0.07106784 - samples/sec: 276.22 - lr: 0.001563
2022-03-16 22:31:12,065 epoch 43 - iter 92/469 - loss 0.07612655 - samples/sec: 279.39 - lr: 0.001563
2022-03-16 22:31:17,475 epoch 43 - iter 138/469 - loss 0.07661585 - samples/sec: 272.36 - lr: 0.001563
2022-03-16 22:31:22,748 epoch 43 - iter 184/469 - loss 0.07714820 - samples/sec: 279.39 - lr: 0.001563
2022-03-16 22:31:28,077 epoch 43 - iter 230/469 - loss 0.07711853 - samples/sec: 276.47 - lr: 0.001563
2022-03-16 22:31:33,777 epoch 43 - iter 276/469 - loss 0.07694127 - samples/sec: 258.45 - lr: 0.001563
2022-03-16 22:31:38,904 epoch 43 - iter 322/469 - loss 0.07746111 - samples/sec: 287.36 - lr: 0.001563
2022-03-16 22:31:44,442 epoch 43 - iter 368/469 - loss 0.07739931 - samples/sec: 266.02 - lr: 0.001563
2022-03-16 22:31:49,866 epoch 43 - iter 414/469 - loss 0.07755459 - samples/sec: 271.62 - lr: 0.001563
2022-03-16 22:31:55,451 epoch 43 - iter 460/469 - loss 0.07775282 - samples/sec: 263.79 - lr: 0.001563
2022-03-16 22:31:56,434 ----------------------------------------------------------------------------------------------------
2022-03-16 22:31:56,434 EPOCH 43 done: loss 0.0779 - lr 0.001563
2022-03-16 22:32:13,625 Evaluating as a multi-label problem: False
2022-03-16 22:32:13,670 DEV : loss 0.04269803687930107 - f1-score (micro avg)  0.9104
2022-03-16 22:32:13,927 BAD EPOCHS (no improvement): 3
2022-03-16 22:32:13,930 ----------------------------------------------------------------------------------------------------
2022-03-16 22:32:19,420 epoch 44 - iter 46/469 - loss 0.08141417 - samples/sec: 268.39 - lr: 0.001563
2022-03-16 22:32:25,034 epoch 44 - iter 92/469 - loss 0.08108796 - samples/sec: 262.39 - lr: 0.001563
2022-03-16 22:32:30,286 epoch 44 - iter 138/469 - loss 0.08050923 - samples/sec: 280.54 - lr: 0.001563
2022-03-16 22:32:35,472 epoch 44 - iter 184/469 - loss 0.07940179 - samples/sec: 284.10 - lr: 0.001563
2022-03-16 22:32:40,743 epoch 44 - iter 230/469 - loss 0.07825644 - samples/sec: 279.51 - lr: 0.001563
2022-03-16 22:32:45,863 epoch 44 - iter 276/469 - loss 0.07826959 - samples/sec: 287.77 - lr: 0.001563
2022-03-16 22:32:51,303 epoch 44 - iter 322/469 - loss 0.07818633 - samples/sec: 270.84 - lr: 0.001563
2022-03-16 22:32:56,720 epoch 44 - iter 368/469 - loss 0.07814163 - samples/sec: 271.94 - lr: 0.001563
2022-03-16 22:33:02,106 epoch 44 - iter 414/469 - loss 0.07784123 - samples/sec: 273.53 - lr: 0.001563
2022-03-16 22:33:07,556 epoch 44 - iter 460/469 - loss 0.07798374 - samples/sec: 270.33 - lr: 0.001563
2022-03-16 22:33:08,628 ----------------------------------------------------------------------------------------------------
2022-03-16 22:33:08,628 EPOCH 44 done: loss 0.0778 - lr 0.001563
2022-03-16 22:33:25,773 Evaluating as a multi-label problem: False
2022-03-16 22:33:25,820 DEV : loss 0.04266110062599182 - f1-score (micro avg)  0.9104
2022-03-16 22:33:26,074 Epoch    44: reducing learning rate of group 0 to 7.8125e-04.
2022-03-16 22:33:26,075 BAD EPOCHS (no improvement): 4
2022-03-16 22:33:26,078 ----------------------------------------------------------------------------------------------------
2022-03-16 22:33:31,288 epoch 45 - iter 46/469 - loss 0.08075985 - samples/sec: 282.80 - lr: 0.000781
2022-03-16 22:33:36,855 epoch 45 - iter 92/469 - loss 0.07649235 - samples/sec: 264.62 - lr: 0.000781
2022-03-16 22:33:42,190 epoch 45 - iter 138/469 - loss 0.07567640 - samples/sec: 276.18 - lr: 0.000781
2022-03-16 22:33:47,554 epoch 45 - iter 184/469 - loss 0.07643534 - samples/sec: 274.64 - lr: 0.000781
2022-03-16 22:33:52,761 epoch 45 - iter 230/469 - loss 0.07648699 - samples/sec: 282.96 - lr: 0.000781
2022-03-16 22:33:58,197 epoch 45 - iter 276/469 - loss 0.07583549 - samples/sec: 271.02 - lr: 0.000781
2022-03-16 22:34:03,489 epoch 45 - iter 322/469 - loss 0.07556402 - samples/sec: 278.39 - lr: 0.000781
2022-03-16 22:34:08,795 epoch 45 - iter 368/469 - loss 0.07544283 - samples/sec: 277.68 - lr: 0.000781
2022-03-16 22:34:14,294 epoch 45 - iter 414/469 - loss 0.07653547 - samples/sec: 267.93 - lr: 0.000781
2022-03-16 22:34:20,056 epoch 45 - iter 460/469 - loss 0.07723928 - samples/sec: 255.63 - lr: 0.000781
2022-03-16 22:34:21,041 ----------------------------------------------------------------------------------------------------
2022-03-16 22:34:21,042 EPOCH 45 done: loss 0.0774 - lr 0.000781
2022-03-16 22:34:40,983 Evaluating as a multi-label problem: False
2022-03-16 22:34:41,028 DEV : loss 0.04266801103949547 - f1-score (micro avg)  0.9104
2022-03-16 22:34:41,282 BAD EPOCHS (no improvement): 1
2022-03-16 22:34:41,285 ----------------------------------------------------------------------------------------------------
2022-03-16 22:34:46,862 epoch 46 - iter 46/469 - loss 0.07405716 - samples/sec: 264.18 - lr: 0.000781
2022-03-16 22:34:52,108 epoch 46 - iter 92/469 - loss 0.07428407 - samples/sec: 280.84 - lr: 0.000781
2022-03-16 22:34:57,462 epoch 46 - iter 138/469 - loss 0.07723377 - samples/sec: 275.18 - lr: 0.000781
2022-03-16 22:35:02,849 epoch 46 - iter 184/469 - loss 0.07803118 - samples/sec: 273.46 - lr: 0.000781
2022-03-16 22:35:08,196 epoch 46 - iter 230/469 - loss 0.07792008 - samples/sec: 275.53 - lr: 0.000781
2022-03-16 22:35:13,847 epoch 46 - iter 276/469 - loss 0.07829788 - samples/sec: 260.74 - lr: 0.000781
2022-03-16 22:35:19,328 epoch 46 - iter 322/469 - loss 0.07830996 - samples/sec: 268.78 - lr: 0.000781
2022-03-16 22:35:24,658 epoch 46 - iter 368/469 - loss 0.07850770 - samples/sec: 276.40 - lr: 0.000781
2022-03-16 22:35:29,929 epoch 46 - iter 414/469 - loss 0.07816158 - samples/sec: 279.52 - lr: 0.000781
2022-03-16 22:35:35,244 epoch 46 - iter 460/469 - loss 0.07798040 - samples/sec: 277.18 - lr: 0.000781
2022-03-16 22:35:36,238 ----------------------------------------------------------------------------------------------------
2022-03-16 22:35:36,239 EPOCH 46 done: loss 0.0781 - lr 0.000781
2022-03-16 22:35:53,464 Evaluating as a multi-label problem: False
2022-03-16 22:35:53,510 DEV : loss 0.042667582631111145 - f1-score (micro avg)  0.9103
2022-03-16 22:35:53,763 BAD EPOCHS (no improvement): 2
2022-03-16 22:35:53,767 ----------------------------------------------------------------------------------------------------
2022-03-16 22:35:59,404 epoch 47 - iter 46/469 - loss 0.07295207 - samples/sec: 261.38 - lr: 0.000781
2022-03-16 22:36:04,693 epoch 47 - iter 92/469 - loss 0.07438332 - samples/sec: 278.57 - lr: 0.000781
2022-03-16 22:36:10,265 epoch 47 - iter 138/469 - loss 0.07442799 - samples/sec: 264.37 - lr: 0.000781
2022-03-16 22:36:15,824 epoch 47 - iter 184/469 - loss 0.07628158 - samples/sec: 265.03 - lr: 0.000781
2022-03-16 22:36:21,218 epoch 47 - iter 230/469 - loss 0.07602637 - samples/sec: 273.11 - lr: 0.000781
2022-03-16 22:36:26,843 epoch 47 - iter 276/469 - loss 0.07624703 - samples/sec: 261.93 - lr: 0.000781
2022-03-16 22:36:32,072 epoch 47 - iter 322/469 - loss 0.07627434 - samples/sec: 281.76 - lr: 0.000781
2022-03-16 22:36:37,457 epoch 47 - iter 368/469 - loss 0.07582717 - samples/sec: 273.60 - lr: 0.000781
2022-03-16 22:36:42,723 epoch 47 - iter 414/469 - loss 0.07618030 - samples/sec: 279.78 - lr: 0.000781
2022-03-16 22:36:47,783 epoch 47 - iter 460/469 - loss 0.07656442 - samples/sec: 291.13 - lr: 0.000781
2022-03-16 22:36:48,921 ----------------------------------------------------------------------------------------------------
2022-03-16 22:36:48,922 EPOCH 47 done: loss 0.0765 - lr 0.000781
2022-03-16 22:37:06,196 Evaluating as a multi-label problem: False
2022-03-16 22:37:06,242 DEV : loss 0.042685605585575104 - f1-score (micro avg)  0.9101
2022-03-16 22:37:06,497 BAD EPOCHS (no improvement): 3
2022-03-16 22:37:06,500 ----------------------------------------------------------------------------------------------------
2022-03-16 22:37:11,940 epoch 48 - iter 46/469 - loss 0.07820117 - samples/sec: 270.85 - lr: 0.000781
2022-03-16 22:37:17,259 epoch 48 - iter 92/469 - loss 0.07571013 - samples/sec: 277.01 - lr: 0.000781
2022-03-16 22:37:22,928 epoch 48 - iter 138/469 - loss 0.07536175 - samples/sec: 259.86 - lr: 0.000781
2022-03-16 22:37:28,399 epoch 48 - iter 184/469 - loss 0.07641245 - samples/sec: 269.27 - lr: 0.000781
2022-03-16 22:37:33,747 epoch 48 - iter 230/469 - loss 0.07662140 - samples/sec: 275.49 - lr: 0.000781
2022-03-16 22:37:39,112 epoch 48 - iter 276/469 - loss 0.07683731 - samples/sec: 274.59 - lr: 0.000781
2022-03-16 22:37:44,608 epoch 48 - iter 322/469 - loss 0.07709379 - samples/sec: 268.07 - lr: 0.000781
2022-03-16 22:37:49,914 epoch 48 - iter 368/469 - loss 0.07823878 - samples/sec: 277.68 - lr: 0.000781
2022-03-16 22:37:55,219 epoch 48 - iter 414/469 - loss 0.07803078 - samples/sec: 277.72 - lr: 0.000781
2022-03-16 22:38:00,592 epoch 48 - iter 460/469 - loss 0.07773601 - samples/sec: 274.19 - lr: 0.000781
2022-03-16 22:38:01,508 ----------------------------------------------------------------------------------------------------
2022-03-16 22:38:01,508 EPOCH 48 done: loss 0.0777 - lr 0.000781
2022-03-16 22:38:18,737 Evaluating as a multi-label problem: False
2022-03-16 22:38:18,783 DEV : loss 0.04263652488589287 - f1-score (micro avg)  0.9102
2022-03-16 22:38:19,038 Epoch    48: reducing learning rate of group 0 to 3.9063e-04.
2022-03-16 22:38:19,039 BAD EPOCHS (no improvement): 4
2022-03-16 22:38:19,096 ----------------------------------------------------------------------------------------------------
2022-03-16 22:38:24,671 epoch 49 - iter 46/469 - loss 0.07378938 - samples/sec: 264.30 - lr: 0.000391
2022-03-16 22:38:30,035 epoch 49 - iter 92/469 - loss 0.07473420 - samples/sec: 274.66 - lr: 0.000391
2022-03-16 22:38:35,476 epoch 49 - iter 138/469 - loss 0.07682097 - samples/sec: 270.76 - lr: 0.000391
2022-03-16 22:38:41,008 epoch 49 - iter 184/469 - loss 0.07554324 - samples/sec: 266.32 - lr: 0.000391
2022-03-16 22:38:46,378 epoch 49 - iter 230/469 - loss 0.07624008 - samples/sec: 274.36 - lr: 0.000391
2022-03-16 22:38:51,770 epoch 49 - iter 276/469 - loss 0.07638631 - samples/sec: 273.21 - lr: 0.000391
2022-03-16 22:38:57,015 epoch 49 - iter 322/469 - loss 0.07664886 - samples/sec: 280.87 - lr: 0.000391
2022-03-16 22:39:02,408 epoch 49 - iter 368/469 - loss 0.07687407 - samples/sec: 273.20 - lr: 0.000391
2022-03-16 22:39:07,911 epoch 49 - iter 414/469 - loss 0.07680458 - samples/sec: 267.71 - lr: 0.000391
2022-03-16 22:39:13,226 epoch 49 - iter 460/469 - loss 0.07700411 - samples/sec: 277.20 - lr: 0.000391
2022-03-16 22:39:14,279 ----------------------------------------------------------------------------------------------------
2022-03-16 22:39:14,279 EPOCH 49 done: loss 0.0769 - lr 0.000391
2022-03-16 22:39:34,229 Evaluating as a multi-label problem: False
2022-03-16 22:39:34,274 DEV : loss 0.04261673986911774 - f1-score (micro avg)  0.91
2022-03-16 22:39:34,528 BAD EPOCHS (no improvement): 1
2022-03-16 22:39:34,531 ----------------------------------------------------------------------------------------------------
2022-03-16 22:39:40,101 epoch 50 - iter 46/469 - loss 0.08031721 - samples/sec: 264.52 - lr: 0.000391
2022-03-16 22:39:45,577 epoch 50 - iter 92/469 - loss 0.07897240 - samples/sec: 269.04 - lr: 0.000391
2022-03-16 22:39:50,894 epoch 50 - iter 138/469 - loss 0.07959162 - samples/sec: 277.09 - lr: 0.000391
2022-03-16 22:39:56,343 epoch 50 - iter 184/469 - loss 0.07809454 - samples/sec: 270.36 - lr: 0.000391
2022-03-16 22:40:01,898 epoch 50 - iter 230/469 - loss 0.07632533 - samples/sec: 265.20 - lr: 0.000391
2022-03-16 22:40:08,296 epoch 50 - iter 276/469 - loss 0.07633366 - samples/sec: 230.25 - lr: 0.000391
2022-03-16 22:40:14,470 epoch 50 - iter 322/469 - loss 0.07704729 - samples/sec: 238.61 - lr: 0.000391
2022-03-16 22:40:21,010 epoch 50 - iter 368/469 - loss 0.07751096 - samples/sec: 225.28 - lr: 0.000391
2022-03-16 22:40:27,246 epoch 50 - iter 414/469 - loss 0.07774824 - samples/sec: 236.23 - lr: 0.000391
2022-03-16 22:40:33,567 epoch 50 - iter 460/469 - loss 0.07742851 - samples/sec: 233.06 - lr: 0.000391
2022-03-16 22:40:34,708 ----------------------------------------------------------------------------------------------------
2022-03-16 22:40:34,708 EPOCH 50 done: loss 0.0776 - lr 0.000391
2022-03-16 22:40:55,659 Evaluating as a multi-label problem: False
2022-03-16 22:40:55,705 DEV : loss 0.042651522904634476 - f1-score (micro avg)  0.9104
2022-03-16 22:40:56,010 BAD EPOCHS (no improvement): 2
2022-03-16 22:40:56,013 ----------------------------------------------------------------------------------------------------
2022-03-16 22:41:02,324 epoch 51 - iter 46/469 - loss 0.07602102 - samples/sec: 233.47 - lr: 0.000391
2022-03-16 22:41:08,546 epoch 51 - iter 92/469 - loss 0.07737319 - samples/sec: 236.75 - lr: 0.000391
2022-03-16 22:41:14,882 epoch 51 - iter 138/469 - loss 0.07809133 - samples/sec: 232.48 - lr: 0.000391
2022-03-16 22:41:21,348 epoch 51 - iter 184/469 - loss 0.07896071 - samples/sec: 227.84 - lr: 0.000391
2022-03-16 22:41:28,013 epoch 51 - iter 230/469 - loss 0.07863593 - samples/sec: 221.02 - lr: 0.000391
2022-03-16 22:41:34,336 epoch 51 - iter 276/469 - loss 0.07870630 - samples/sec: 232.97 - lr: 0.000391
2022-03-16 22:41:40,565 epoch 51 - iter 322/469 - loss 0.07952923 - samples/sec: 236.52 - lr: 0.000391
2022-03-16 22:41:47,377 epoch 51 - iter 368/469 - loss 0.07937451 - samples/sec: 216.24 - lr: 0.000391
2022-03-16 22:41:53,829 epoch 51 - iter 414/469 - loss 0.07878361 - samples/sec: 228.32 - lr: 0.000391
2022-03-16 22:42:00,033 epoch 51 - iter 460/469 - loss 0.07834921 - samples/sec: 237.47 - lr: 0.000391
2022-03-16 22:42:01,199 ----------------------------------------------------------------------------------------------------
2022-03-16 22:42:01,200 EPOCH 51 done: loss 0.0782 - lr 0.000391
2022-03-16 22:42:22,145 Evaluating as a multi-label problem: False
2022-03-16 22:42:22,192 DEV : loss 0.04266492649912834 - f1-score (micro avg)  0.9104
2022-03-16 22:42:22,498 BAD EPOCHS (no improvement): 3
2022-03-16 22:42:22,516 ----------------------------------------------------------------------------------------------------
2022-03-16 22:42:28,869 epoch 52 - iter 46/469 - loss 0.07768300 - samples/sec: 231.87 - lr: 0.000391
2022-03-16 22:42:35,428 epoch 52 - iter 92/469 - loss 0.08219436 - samples/sec: 224.59 - lr: 0.000391
2022-03-16 22:42:42,147 epoch 52 - iter 138/469 - loss 0.08003253 - samples/sec: 219.24 - lr: 0.000391
2022-03-16 22:42:48,774 epoch 52 - iter 184/469 - loss 0.07940578 - samples/sec: 222.28 - lr: 0.000391
2022-03-16 22:42:54,938 epoch 52 - iter 230/469 - loss 0.07862796 - samples/sec: 239.01 - lr: 0.000391
2022-03-16 22:43:01,344 epoch 52 - iter 276/469 - loss 0.07842742 - samples/sec: 229.97 - lr: 0.000391
2022-03-16 22:43:07,479 epoch 52 - iter 322/469 - loss 0.07896215 - samples/sec: 240.12 - lr: 0.000391
2022-03-16 22:43:14,036 epoch 52 - iter 368/469 - loss 0.07898410 - samples/sec: 224.68 - lr: 0.000391
2022-03-16 22:43:20,225 epoch 52 - iter 414/469 - loss 0.07795911 - samples/sec: 238.03 - lr: 0.000391
2022-03-16 22:43:26,655 epoch 52 - iter 460/469 - loss 0.07753924 - samples/sec: 229.10 - lr: 0.000391
2022-03-16 22:43:27,753 ----------------------------------------------------------------------------------------------------
2022-03-16 22:43:27,753 EPOCH 52 done: loss 0.0773 - lr 0.000391
2022-03-16 22:43:48,685 Evaluating as a multi-label problem: False
2022-03-16 22:43:48,731 DEV : loss 0.042678557336330414 - f1-score (micro avg)  0.9103
2022-03-16 22:43:49,035 Epoch    52: reducing learning rate of group 0 to 1.9531e-04.
2022-03-16 22:43:49,035 BAD EPOCHS (no improvement): 4
2022-03-16 22:43:49,038 ----------------------------------------------------------------------------------------------------
2022-03-16 22:43:55,319 epoch 53 - iter 46/469 - loss 0.07595176 - samples/sec: 234.56 - lr: 0.000195
2022-03-16 22:44:01,398 epoch 53 - iter 92/469 - loss 0.07587937 - samples/sec: 242.33 - lr: 0.000195
2022-03-16 22:44:07,960 epoch 53 - iter 138/469 - loss 0.07607969 - samples/sec: 224.49 - lr: 0.000195
2022-03-16 22:44:14,380 epoch 53 - iter 184/469 - loss 0.07601041 - samples/sec: 229.46 - lr: 0.000195
2022-03-16 22:44:20,528 epoch 53 - iter 230/469 - loss 0.07762029 - samples/sec: 239.65 - lr: 0.000195
2022-03-16 22:44:26,949 epoch 53 - iter 276/469 - loss 0.07747923 - samples/sec: 229.42 - lr: 0.000195
2022-03-16 22:44:33,588 epoch 53 - iter 322/469 - loss 0.07725965 - samples/sec: 221.88 - lr: 0.000195
2022-03-16 22:44:40,286 epoch 53 - iter 368/469 - loss 0.07740670 - samples/sec: 219.93 - lr: 0.000195
2022-03-16 22:44:46,872 epoch 53 - iter 414/469 - loss 0.07763410 - samples/sec: 223.69 - lr: 0.000195
2022-03-16 22:44:53,165 epoch 53 - iter 460/469 - loss 0.07735416 - samples/sec: 234.11 - lr: 0.000195
2022-03-16 22:44:54,301 ----------------------------------------------------------------------------------------------------
2022-03-16 22:44:54,301 EPOCH 53 done: loss 0.0772 - lr 0.000195
2022-03-16 22:45:15,604 Evaluating as a multi-label problem: False
2022-03-16 22:45:15,651 DEV : loss 0.042673878371715546 - f1-score (micro avg)  0.9105
2022-03-16 22:45:15,954 BAD EPOCHS (no improvement): 1
2022-03-16 22:45:16,468 ----------------------------------------------------------------------------------------------------
2022-03-16 22:45:21,867 epoch 54 - iter 46/469 - loss 0.07390566 - samples/sec: 272.92 - lr: 0.000195
2022-03-16 22:45:29,950 epoch 54 - iter 92/469 - loss 0.07545483 - samples/sec: 182.23 - lr: 0.000195
2022-03-16 22:45:35,244 epoch 54 - iter 138/469 - loss 0.07709787 - samples/sec: 278.27 - lr: 0.000195
2022-03-16 22:45:40,717 epoch 54 - iter 184/469 - loss 0.07707496 - samples/sec: 269.22 - lr: 0.000195
2022-03-16 22:45:46,095 epoch 54 - iter 230/469 - loss 0.07716013 - samples/sec: 273.95 - lr: 0.000195
2022-03-16 22:45:51,411 epoch 54 - iter 276/469 - loss 0.07685246 - samples/sec: 277.09 - lr: 0.000195
2022-03-16 22:45:56,734 epoch 54 - iter 322/469 - loss 0.07726542 - samples/sec: 276.79 - lr: 0.000195
2022-03-16 22:46:02,355 epoch 54 - iter 368/469 - loss 0.07790132 - samples/sec: 262.12 - lr: 0.000195
2022-03-16 22:46:07,861 epoch 54 - iter 414/469 - loss 0.07823892 - samples/sec: 267.58 - lr: 0.000195
2022-03-16 22:46:13,419 epoch 54 - iter 460/469 - loss 0.07752053 - samples/sec: 265.05 - lr: 0.000195
2022-03-16 22:46:14,346 ----------------------------------------------------------------------------------------------------
2022-03-16 22:46:14,346 EPOCH 54 done: loss 0.0775 - lr 0.000195
2022-03-16 22:46:31,560 Evaluating as a multi-label problem: False
2022-03-16 22:46:31,607 DEV : loss 0.04267970472574234 - f1-score (micro avg)  0.9103
2022-03-16 22:46:31,862 BAD EPOCHS (no improvement): 2
2022-03-16 22:46:31,865 ----------------------------------------------------------------------------------------------------
2022-03-16 22:46:37,756 epoch 55 - iter 46/469 - loss 0.08214154 - samples/sec: 250.09 - lr: 0.000195
2022-03-16 22:46:43,202 epoch 55 - iter 92/469 - loss 0.07919945 - samples/sec: 270.53 - lr: 0.000195
2022-03-16 22:46:48,427 epoch 55 - iter 138/469 - loss 0.07856519 - samples/sec: 281.96 - lr: 0.000195
2022-03-16 22:46:54,081 epoch 55 - iter 184/469 - loss 0.07680625 - samples/sec: 260.55 - lr: 0.000195
2022-03-16 22:46:59,502 epoch 55 - iter 230/469 - loss 0.07592827 - samples/sec: 271.78 - lr: 0.000195
2022-03-16 22:47:04,507 epoch 55 - iter 276/469 - loss 0.07585092 - samples/sec: 294.34 - lr: 0.000195
2022-03-16 22:47:09,736 epoch 55 - iter 322/469 - loss 0.07611710 - samples/sec: 281.79 - lr: 0.000195
2022-03-16 22:47:15,158 epoch 55 - iter 368/469 - loss 0.07657624 - samples/sec: 271.70 - lr: 0.000195
2022-03-16 22:47:20,492 epoch 55 - iter 414/469 - loss 0.07705187 - samples/sec: 276.24 - lr: 0.000195
2022-03-16 22:47:25,785 epoch 55 - iter 460/469 - loss 0.07712061 - samples/sec: 278.35 - lr: 0.000195
2022-03-16 22:47:26,747 ----------------------------------------------------------------------------------------------------
2022-03-16 22:47:26,748 EPOCH 55 done: loss 0.0772 - lr 0.000195
2022-03-16 22:47:43,916 Evaluating as a multi-label problem: False
2022-03-16 22:47:43,963 DEV : loss 0.04264801740646362 - f1-score (micro avg)  0.9105
2022-03-16 22:47:44,218 BAD EPOCHS (no improvement): 3
2022-03-16 22:47:44,225 ----------------------------------------------------------------------------------------------------
2022-03-16 22:47:49,899 epoch 56 - iter 46/469 - loss 0.07845698 - samples/sec: 259.68 - lr: 0.000195
2022-03-16 22:47:55,283 epoch 56 - iter 92/469 - loss 0.07976324 - samples/sec: 273.64 - lr: 0.000195
2022-03-16 22:48:00,625 epoch 56 - iter 138/469 - loss 0.07690350 - samples/sec: 275.80 - lr: 0.000195
2022-03-16 22:48:05,900 epoch 56 - iter 184/469 - loss 0.07630361 - samples/sec: 279.25 - lr: 0.000195
2022-03-16 22:48:11,260 epoch 56 - iter 230/469 - loss 0.07698110 - samples/sec: 274.90 - lr: 0.000195
2022-03-16 22:48:16,458 epoch 56 - iter 276/469 - loss 0.07645401 - samples/sec: 283.39 - lr: 0.000195
2022-03-16 22:48:21,884 epoch 56 - iter 322/469 - loss 0.07686616 - samples/sec: 271.52 - lr: 0.000195
2022-03-16 22:48:27,176 epoch 56 - iter 368/469 - loss 0.07714037 - samples/sec: 278.42 - lr: 0.000195
2022-03-16 22:48:32,826 epoch 56 - iter 414/469 - loss 0.07724012 - samples/sec: 260.74 - lr: 0.000195
2022-03-16 22:48:38,182 epoch 56 - iter 460/469 - loss 0.07669693 - samples/sec: 275.06 - lr: 0.000195
2022-03-16 22:48:39,065 ----------------------------------------------------------------------------------------------------
2022-03-16 22:48:39,065 EPOCH 56 done: loss 0.0770 - lr 0.000195
2022-03-16 22:48:56,225 Evaluating as a multi-label problem: False
2022-03-16 22:48:56,272 DEV : loss 0.04265277460217476 - f1-score (micro avg)  0.9109
2022-03-16 22:48:56,526 Epoch    56: reducing learning rate of group 0 to 9.7656e-05.
2022-03-16 22:48:56,526 BAD EPOCHS (no improvement): 4
2022-03-16 22:48:56,545 ----------------------------------------------------------------------------------------------------
2022-03-16 22:48:56,545 ----------------------------------------------------------------------------------------------------
2022-03-16 22:48:56,545 learning rate too small - quitting training!
2022-03-16 22:48:56,545 ----------------------------------------------------------------------------------------------------
2022-03-16 22:49:13,031 ----------------------------------------------------------------------------------------------------
2022-03-16 22:49:13,032 loading file resources/taggers/model_04_run_4/best-model.pt
2022-03-16 22:49:25,748 SequenceTagger predicts: Dictionary with 19 tags: O, S-LOC, B-LOC, E-LOC, I-LOC, S-PER, B-PER, E-PER, I-PER, S-ORG, B-ORG, E-ORG, I-ORG, S-MISC, B-MISC, E-MISC, I-MISC, <START>, <STOP>
2022-03-16 22:49:45,171 Evaluating as a multi-label problem: False
2022-03-16 22:49:45,216 0.8698	0.8703	0.8701	0.825
2022-03-16 22:49:45,216 
Results:
- F-score (micro) 0.8701
- F-score (macro) 0.8595
- Accuracy 0.825

By class:
              precision    recall  f1-score   support

         LOC     0.8843    0.8918    0.8880      1663
         ORG     0.8096    0.8154    0.8125      1658
         PER     0.9355    0.9454    0.9405      1612
        MISC     0.8219    0.7735    0.7970       680

   micro avg     0.8698    0.8703    0.8701      5613
   macro avg     0.8628    0.8565    0.8595      5613
weighted avg     0.8694    0.8703    0.8697      5613

2022-03-16 22:49:45,216 ----------------------------------------------------------------------------------------------------
