2022-03-25 01:24:10,504 ----------------------------------------------------------------------------------------------------
2022-03-25 01:24:10,505 Model: "SequenceTagger(
  (embeddings): StackedEmbeddings(
    (list_embedding_0): GazetteerEmbeddings()
    (list_embedding_1): WordEmbeddings(
      'glove'
      (embedding): Embedding(400001, 100)
    )
    (list_embedding_2): FlairEmbeddings(
      (lm): LanguageModel(
        (drop): Dropout(p=0.05, inplace=False)
        (encoder): Embedding(300, 100)
        (rnn): LSTM(100, 2048)
        (decoder): Linear(in_features=2048, out_features=300, bias=True)
      )
    )
    (list_embedding_3): FlairEmbeddings(
      (lm): LanguageModel(
        (drop): Dropout(p=0.05, inplace=False)
        (encoder): Embedding(300, 100)
        (rnn): LSTM(100, 2048)
        (decoder): Linear(in_features=2048, out_features=300, bias=True)
      )
    )
  )
  (word_dropout): WordDropout(p=0.05)
  (locked_dropout): LockedDropout(p=0.5)
  (embedding2nn): Linear(in_features=4861, out_features=4861, bias=True)
  (rnn): LSTM(4861, 256, batch_first=True, bidirectional=True)
  (linear): Linear(in_features=512, out_features=19, bias=True)
  (loss_function): ViterbiLoss()
  (crf): CRF()
)"
2022-03-25 01:24:10,505 ----------------------------------------------------------------------------------------------------
2022-03-25 01:24:10,505 Corpus: "Corpus: 14987 train + 3466 dev + 3684 test sentences"
2022-03-25 01:24:10,505 ----------------------------------------------------------------------------------------------------
2022-03-25 01:24:10,505 Parameters:
2022-03-25 01:24:10,505  - learning_rate: "0.100000"
2022-03-25 01:24:10,505  - mini_batch_size: "32"
2022-03-25 01:24:10,505  - patience: "3"
2022-03-25 01:24:10,505  - anneal_factor: "0.5"
2022-03-25 01:24:10,505  - max_epochs: "150"
2022-03-25 01:24:10,505  - shuffle: "True"
2022-03-25 01:24:10,505  - train_with_dev: "False"
2022-03-25 01:24:10,505  - batch_growth_annealing: "False"
2022-03-25 01:24:10,505 ----------------------------------------------------------------------------------------------------
2022-03-25 01:24:10,505 Model training base path: "resources/taggers/model_08_r3_run_3"
2022-03-25 01:24:10,505 ----------------------------------------------------------------------------------------------------
2022-03-25 01:24:10,505 Device: cuda:2
2022-03-25 01:24:10,506 ----------------------------------------------------------------------------------------------------
2022-03-25 01:24:10,506 Embeddings storage mode: cpu
2022-03-25 01:24:10,506 ----------------------------------------------------------------------------------------------------
2022-03-25 01:24:17,891 epoch 1 - iter 46/469 - loss 0.74809135 - samples/sec: 199.40 - lr: 0.100000
2022-03-25 01:24:25,470 epoch 1 - iter 92/469 - loss 0.52148424 - samples/sec: 194.30 - lr: 0.100000
2022-03-25 01:24:32,457 epoch 1 - iter 138/469 - loss 0.43211550 - samples/sec: 210.75 - lr: 0.100000
2022-03-25 01:24:38,903 epoch 1 - iter 184/469 - loss 0.37753026 - samples/sec: 228.49 - lr: 0.100000
2022-03-25 01:24:45,557 epoch 1 - iter 230/469 - loss 0.33607767 - samples/sec: 221.30 - lr: 0.100000
2022-03-25 01:24:53,981 epoch 1 - iter 276/469 - loss 0.29973267 - samples/sec: 174.81 - lr: 0.100000
2022-03-25 01:25:02,349 epoch 1 - iter 322/469 - loss 0.27589016 - samples/sec: 175.97 - lr: 0.100000
2022-03-25 01:25:09,896 epoch 1 - iter 368/469 - loss 0.26020435 - samples/sec: 195.12 - lr: 0.100000
2022-03-25 01:25:19,187 epoch 1 - iter 414/469 - loss 0.24113188 - samples/sec: 158.50 - lr: 0.100000
2022-03-25 01:25:28,598 epoch 1 - iter 460/469 - loss 0.22530166 - samples/sec: 156.47 - lr: 0.100000
2022-03-25 01:25:29,917 ----------------------------------------------------------------------------------------------------
2022-03-25 01:25:29,917 EPOCH 1 done: loss 0.2239 - lr 0.100000
2022-03-25 01:25:51,851 Evaluating as a multi-label problem: False
2022-03-25 01:25:51,891 DEV : loss 0.07536058872938156 - f1-score (micro avg)  0.8907
2022-03-25 01:25:52,178 BAD EPOCHS (no improvement): 0
2022-03-25 01:25:52,180 saving best model
2022-03-25 01:26:06,747 ----------------------------------------------------------------------------------------------------
2022-03-25 01:26:15,019 epoch 2 - iter 46/469 - loss 0.12025128 - samples/sec: 178.05 - lr: 0.100000
2022-03-25 01:26:23,223 epoch 2 - iter 92/469 - loss 0.10881245 - samples/sec: 179.50 - lr: 0.100000
2022-03-25 01:26:31,337 epoch 2 - iter 138/469 - loss 0.10597073 - samples/sec: 181.49 - lr: 0.100000
2022-03-25 01:26:39,454 epoch 2 - iter 184/469 - loss 0.10478739 - samples/sec: 181.43 - lr: 0.100000
2022-03-25 01:26:47,600 epoch 2 - iter 230/469 - loss 0.10345311 - samples/sec: 180.77 - lr: 0.100000
2022-03-25 01:26:56,111 epoch 2 - iter 276/469 - loss 0.09977758 - samples/sec: 173.02 - lr: 0.100000
2022-03-25 01:27:04,584 epoch 2 - iter 322/469 - loss 0.09796446 - samples/sec: 173.79 - lr: 0.100000
2022-03-25 01:27:13,201 epoch 2 - iter 368/469 - loss 0.09638820 - samples/sec: 170.91 - lr: 0.100000
2022-03-25 01:27:21,428 epoch 2 - iter 414/469 - loss 0.09463827 - samples/sec: 179.00 - lr: 0.100000
2022-03-25 01:27:29,955 epoch 2 - iter 460/469 - loss 0.09357601 - samples/sec: 172.70 - lr: 0.100000
2022-03-25 01:27:31,385 ----------------------------------------------------------------------------------------------------
2022-03-25 01:27:31,386 EPOCH 2 done: loss 0.0936 - lr 0.100000
2022-03-25 01:27:53,213 Evaluating as a multi-label problem: False
2022-03-25 01:27:53,252 DEV : loss 0.050051987171173096 - f1-score (micro avg)  0.9242
2022-03-25 01:27:53,539 BAD EPOCHS (no improvement): 0
2022-03-25 01:27:53,543 saving best model
2022-03-25 01:28:08,206 ----------------------------------------------------------------------------------------------------
2022-03-25 01:28:16,997 epoch 3 - iter 46/469 - loss 0.07569687 - samples/sec: 167.53 - lr: 0.100000
2022-03-25 01:28:25,260 epoch 3 - iter 92/469 - loss 0.07777761 - samples/sec: 178.21 - lr: 0.100000
2022-03-25 01:28:36,045 epoch 3 - iter 138/469 - loss 0.07503964 - samples/sec: 136.53 - lr: 0.100000
2022-03-25 01:28:44,257 epoch 3 - iter 184/469 - loss 0.07278930 - samples/sec: 179.32 - lr: 0.100000
2022-03-25 01:28:52,481 epoch 3 - iter 230/469 - loss 0.07170993 - samples/sec: 179.06 - lr: 0.100000
2022-03-25 01:29:00,920 epoch 3 - iter 276/469 - loss 0.07314999 - samples/sec: 174.50 - lr: 0.100000
2022-03-25 01:29:09,160 epoch 3 - iter 322/469 - loss 0.07344433 - samples/sec: 178.71 - lr: 0.100000
2022-03-25 01:29:17,371 epoch 3 - iter 368/469 - loss 0.07340577 - samples/sec: 179.34 - lr: 0.100000
2022-03-25 01:29:25,451 epoch 3 - iter 414/469 - loss 0.07282750 - samples/sec: 182.27 - lr: 0.100000
2022-03-25 01:29:33,796 epoch 3 - iter 460/469 - loss 0.07230427 - samples/sec: 176.45 - lr: 0.100000
2022-03-25 01:29:35,367 ----------------------------------------------------------------------------------------------------
2022-03-25 01:29:35,367 EPOCH 3 done: loss 0.0722 - lr 0.100000
2022-03-25 01:29:57,297 Evaluating as a multi-label problem: False
2022-03-25 01:29:57,335 DEV : loss 0.04191030561923981 - f1-score (micro avg)  0.9344
2022-03-25 01:29:57,624 BAD EPOCHS (no improvement): 0
2022-03-25 01:29:57,627 saving best model
2022-03-25 01:30:12,416 ----------------------------------------------------------------------------------------------------
2022-03-25 01:30:20,960 epoch 4 - iter 46/469 - loss 0.06257062 - samples/sec: 172.38 - lr: 0.100000
2022-03-25 01:30:29,170 epoch 4 - iter 92/469 - loss 0.06352546 - samples/sec: 179.38 - lr: 0.100000
2022-03-25 01:30:37,548 epoch 4 - iter 138/469 - loss 0.06143711 - samples/sec: 175.76 - lr: 0.100000
2022-03-25 01:30:45,807 epoch 4 - iter 184/469 - loss 0.06158565 - samples/sec: 178.29 - lr: 0.100000
2022-03-25 01:30:53,761 epoch 4 - iter 230/469 - loss 0.06220358 - samples/sec: 185.16 - lr: 0.100000
2022-03-25 01:31:02,120 epoch 4 - iter 276/469 - loss 0.06117216 - samples/sec: 176.15 - lr: 0.100000
2022-03-25 01:31:10,595 epoch 4 - iter 322/469 - loss 0.06106675 - samples/sec: 173.76 - lr: 0.100000
2022-03-25 01:31:18,894 epoch 4 - iter 368/469 - loss 0.06084091 - samples/sec: 177.44 - lr: 0.100000
2022-03-25 01:31:26,731 epoch 4 - iter 414/469 - loss 0.06114613 - samples/sec: 187.92 - lr: 0.100000
2022-03-25 01:31:35,020 epoch 4 - iter 460/469 - loss 0.06107737 - samples/sec: 177.65 - lr: 0.100000
2022-03-25 01:31:36,525 ----------------------------------------------------------------------------------------------------
2022-03-25 01:31:36,525 EPOCH 4 done: loss 0.0610 - lr 0.100000
2022-03-25 01:31:58,379 Evaluating as a multi-label problem: False
2022-03-25 01:31:58,417 DEV : loss 0.04019114747643471 - f1-score (micro avg)  0.9339
2022-03-25 01:31:58,705 BAD EPOCHS (no improvement): 1
2022-03-25 01:31:58,707 ----------------------------------------------------------------------------------------------------
2022-03-25 01:32:06,912 epoch 5 - iter 46/469 - loss 0.06097694 - samples/sec: 179.50 - lr: 0.100000
2022-03-25 01:32:15,159 epoch 5 - iter 92/469 - loss 0.05759296 - samples/sec: 178.58 - lr: 0.100000
2022-03-25 01:32:23,219 epoch 5 - iter 138/469 - loss 0.05538172 - samples/sec: 182.71 - lr: 0.100000
2022-03-25 01:32:31,526 epoch 5 - iter 184/469 - loss 0.05559717 - samples/sec: 177.26 - lr: 0.100000
2022-03-25 01:32:40,045 epoch 5 - iter 230/469 - loss 0.05463154 - samples/sec: 172.86 - lr: 0.100000
2022-03-25 01:32:48,317 epoch 5 - iter 276/469 - loss 0.05437207 - samples/sec: 178.03 - lr: 0.100000
2022-03-25 01:32:56,966 epoch 5 - iter 322/469 - loss 0.05395667 - samples/sec: 170.25 - lr: 0.100000
2022-03-25 01:33:05,296 epoch 5 - iter 368/469 - loss 0.05461789 - samples/sec: 176.79 - lr: 0.100000
2022-03-25 01:33:13,536 epoch 5 - iter 414/469 - loss 0.05460008 - samples/sec: 178.72 - lr: 0.100000
2022-03-25 01:33:21,673 epoch 5 - iter 460/469 - loss 0.05425597 - samples/sec: 180.97 - lr: 0.100000
2022-03-25 01:33:23,101 ----------------------------------------------------------------------------------------------------
2022-03-25 01:33:23,101 EPOCH 5 done: loss 0.0542 - lr 0.100000
2022-03-25 01:33:44,985 Evaluating as a multi-label problem: False
2022-03-25 01:33:45,025 DEV : loss 0.034520965069532394 - f1-score (micro avg)  0.9407
2022-03-25 01:33:45,314 BAD EPOCHS (no improvement): 0
2022-03-25 01:33:45,317 saving best model
2022-03-25 01:34:00,153 ----------------------------------------------------------------------------------------------------
2022-03-25 01:34:08,702 epoch 6 - iter 46/469 - loss 0.05147938 - samples/sec: 172.28 - lr: 0.100000
2022-03-25 01:34:17,072 epoch 6 - iter 92/469 - loss 0.04896714 - samples/sec: 175.92 - lr: 0.100000
2022-03-25 01:34:25,470 epoch 6 - iter 138/469 - loss 0.05193716 - samples/sec: 175.37 - lr: 0.100000
2022-03-25 01:34:33,691 epoch 6 - iter 184/469 - loss 0.05029688 - samples/sec: 179.11 - lr: 0.100000
2022-03-25 01:34:41,953 epoch 6 - iter 230/469 - loss 0.05033071 - samples/sec: 178.24 - lr: 0.100000
2022-03-25 01:34:50,177 epoch 6 - iter 276/469 - loss 0.04992987 - samples/sec: 179.05 - lr: 0.100000
2022-03-25 01:34:58,187 epoch 6 - iter 322/469 - loss 0.05024841 - samples/sec: 183.86 - lr: 0.100000
2022-03-25 01:35:06,684 epoch 6 - iter 368/469 - loss 0.05002467 - samples/sec: 173.31 - lr: 0.100000
2022-03-25 01:35:17,424 epoch 6 - iter 414/469 - loss 0.04956686 - samples/sec: 137.09 - lr: 0.100000
2022-03-25 01:35:25,259 epoch 6 - iter 460/469 - loss 0.04928483 - samples/sec: 187.97 - lr: 0.100000
2022-03-25 01:35:26,801 ----------------------------------------------------------------------------------------------------
2022-03-25 01:35:26,801 EPOCH 6 done: loss 0.0494 - lr 0.100000
2022-03-25 01:35:48,591 Evaluating as a multi-label problem: False
2022-03-25 01:35:48,630 DEV : loss 0.03176604211330414 - f1-score (micro avg)  0.9443
2022-03-25 01:35:48,919 BAD EPOCHS (no improvement): 0
2022-03-25 01:35:48,921 saving best model
2022-03-25 01:36:03,541 ----------------------------------------------------------------------------------------------------
2022-03-25 01:36:11,969 epoch 7 - iter 46/469 - loss 0.04728379 - samples/sec: 174.76 - lr: 0.100000
2022-03-25 01:36:20,120 epoch 7 - iter 92/469 - loss 0.04606288 - samples/sec: 180.67 - lr: 0.100000
2022-03-25 01:36:28,276 epoch 7 - iter 138/469 - loss 0.04685063 - samples/sec: 180.56 - lr: 0.100000
2022-03-25 01:36:36,432 epoch 7 - iter 184/469 - loss 0.04505025 - samples/sec: 180.55 - lr: 0.100000
2022-03-25 01:36:44,532 epoch 7 - iter 230/469 - loss 0.04416287 - samples/sec: 181.80 - lr: 0.100000
2022-03-25 01:36:52,747 epoch 7 - iter 276/469 - loss 0.04434408 - samples/sec: 179.27 - lr: 0.100000
2022-03-25 01:37:00,925 epoch 7 - iter 322/469 - loss 0.04381599 - samples/sec: 180.07 - lr: 0.100000
2022-03-25 01:37:09,464 epoch 7 - iter 368/469 - loss 0.04323280 - samples/sec: 172.45 - lr: 0.100000
2022-03-25 01:37:17,872 epoch 7 - iter 414/469 - loss 0.04329310 - samples/sec: 175.15 - lr: 0.100000
2022-03-25 01:37:26,319 epoch 7 - iter 460/469 - loss 0.04349163 - samples/sec: 174.34 - lr: 0.100000
2022-03-25 01:37:27,618 ----------------------------------------------------------------------------------------------------
2022-03-25 01:37:27,618 EPOCH 7 done: loss 0.0434 - lr 0.100000
2022-03-25 01:37:49,449 Evaluating as a multi-label problem: False
2022-03-25 01:37:49,488 DEV : loss 0.03347383439540863 - f1-score (micro avg)  0.9444
2022-03-25 01:37:49,776 BAD EPOCHS (no improvement): 0
2022-03-25 01:37:49,779 saving best model
2022-03-25 01:38:04,311 ----------------------------------------------------------------------------------------------------
2022-03-25 01:38:12,288 epoch 8 - iter 46/469 - loss 0.04256335 - samples/sec: 184.64 - lr: 0.100000
2022-03-25 01:38:20,379 epoch 8 - iter 92/469 - loss 0.04190030 - samples/sec: 182.02 - lr: 0.100000
2022-03-25 01:38:28,639 epoch 8 - iter 138/469 - loss 0.04212857 - samples/sec: 178.28 - lr: 0.100000
2022-03-25 01:38:37,113 epoch 8 - iter 184/469 - loss 0.04196377 - samples/sec: 173.77 - lr: 0.100000
2022-03-25 01:38:45,242 epoch 8 - iter 230/469 - loss 0.04275611 - samples/sec: 181.16 - lr: 0.100000
2022-03-25 01:38:53,549 epoch 8 - iter 276/469 - loss 0.04220239 - samples/sec: 177.27 - lr: 0.100000
2022-03-25 01:39:02,261 epoch 8 - iter 322/469 - loss 0.04207975 - samples/sec: 169.04 - lr: 0.100000
2022-03-25 01:39:10,651 epoch 8 - iter 368/469 - loss 0.04249157 - samples/sec: 175.52 - lr: 0.100000
2022-03-25 01:39:19,132 epoch 8 - iter 414/469 - loss 0.04196937 - samples/sec: 173.63 - lr: 0.100000
2022-03-25 01:39:27,627 epoch 8 - iter 460/469 - loss 0.04233703 - samples/sec: 173.34 - lr: 0.100000
2022-03-25 01:39:29,130 ----------------------------------------------------------------------------------------------------
2022-03-25 01:39:29,130 EPOCH 8 done: loss 0.0422 - lr 0.100000
2022-03-25 01:39:51,114 Evaluating as a multi-label problem: False
2022-03-25 01:39:51,152 DEV : loss 0.029789185151457787 - f1-score (micro avg)  0.9472
2022-03-25 01:39:51,441 BAD EPOCHS (no improvement): 0
2022-03-25 01:39:51,445 saving best model
2022-03-25 01:40:06,257 ----------------------------------------------------------------------------------------------------
2022-03-25 01:40:14,658 epoch 9 - iter 46/469 - loss 0.03511766 - samples/sec: 175.32 - lr: 0.100000
2022-03-25 01:40:23,150 epoch 9 - iter 92/469 - loss 0.03503319 - samples/sec: 173.40 - lr: 0.100000
2022-03-25 01:40:31,260 epoch 9 - iter 138/469 - loss 0.03641497 - samples/sec: 181.59 - lr: 0.100000
2022-03-25 01:40:39,288 epoch 9 - iter 184/469 - loss 0.03647295 - samples/sec: 183.43 - lr: 0.100000
2022-03-25 01:40:47,863 epoch 9 - iter 230/469 - loss 0.03658104 - samples/sec: 171.74 - lr: 0.100000
2022-03-25 01:40:56,226 epoch 9 - iter 276/469 - loss 0.03734836 - samples/sec: 176.08 - lr: 0.100000
2022-03-25 01:41:04,355 epoch 9 - iter 322/469 - loss 0.03754995 - samples/sec: 181.17 - lr: 0.100000
2022-03-25 01:41:12,493 epoch 9 - iter 368/469 - loss 0.03737715 - samples/sec: 180.94 - lr: 0.100000
2022-03-25 01:41:20,601 epoch 9 - iter 414/469 - loss 0.03767626 - samples/sec: 181.63 - lr: 0.100000
2022-03-25 01:41:28,779 epoch 9 - iter 460/469 - loss 0.03812479 - samples/sec: 180.07 - lr: 0.100000
2022-03-25 01:41:30,307 ----------------------------------------------------------------------------------------------------
2022-03-25 01:41:30,307 EPOCH 9 done: loss 0.0381 - lr 0.100000
2022-03-25 01:41:54,439 Evaluating as a multi-label problem: False
2022-03-25 01:41:54,477 DEV : loss 0.029591498896479607 - f1-score (micro avg)  0.9457
2022-03-25 01:41:54,765 BAD EPOCHS (no improvement): 1
2022-03-25 01:41:54,768 ----------------------------------------------------------------------------------------------------
2022-03-25 01:42:03,115 epoch 10 - iter 46/469 - loss 0.03562698 - samples/sec: 176.44 - lr: 0.100000
2022-03-25 01:42:11,337 epoch 10 - iter 92/469 - loss 0.03382915 - samples/sec: 179.10 - lr: 0.100000
2022-03-25 01:42:19,548 epoch 10 - iter 138/469 - loss 0.03644780 - samples/sec: 179.37 - lr: 0.100000
2022-03-25 01:42:28,234 epoch 10 - iter 184/469 - loss 0.03677875 - samples/sec: 169.53 - lr: 0.100000
2022-03-25 01:42:36,627 epoch 10 - iter 230/469 - loss 0.03656807 - samples/sec: 175.45 - lr: 0.100000
2022-03-25 01:42:44,665 epoch 10 - iter 276/469 - loss 0.03744214 - samples/sec: 183.19 - lr: 0.100000
2022-03-25 01:42:52,653 epoch 10 - iter 322/469 - loss 0.03740903 - samples/sec: 184.36 - lr: 0.100000
2022-03-25 01:43:00,846 epoch 10 - iter 368/469 - loss 0.03686244 - samples/sec: 179.75 - lr: 0.100000
2022-03-25 01:43:08,953 epoch 10 - iter 414/469 - loss 0.03718597 - samples/sec: 181.65 - lr: 0.100000
2022-03-25 01:43:17,252 epoch 10 - iter 460/469 - loss 0.03635586 - samples/sec: 177.44 - lr: 0.100000
2022-03-25 01:43:18,835 ----------------------------------------------------------------------------------------------------
2022-03-25 01:43:18,835 EPOCH 10 done: loss 0.0365 - lr 0.100000
2022-03-25 01:43:40,633 Evaluating as a multi-label problem: False
2022-03-25 01:43:40,671 DEV : loss 0.03256319835782051 - f1-score (micro avg)  0.9416
2022-03-25 01:43:40,959 BAD EPOCHS (no improvement): 2
2022-03-25 01:43:40,962 ----------------------------------------------------------------------------------------------------
2022-03-25 01:43:49,406 epoch 11 - iter 46/469 - loss 0.03727807 - samples/sec: 174.42 - lr: 0.100000
2022-03-25 01:43:57,437 epoch 11 - iter 92/469 - loss 0.03506269 - samples/sec: 183.35 - lr: 0.100000
2022-03-25 01:44:05,785 epoch 11 - iter 138/469 - loss 0.03558932 - samples/sec: 176.40 - lr: 0.100000
2022-03-25 01:44:13,943 epoch 11 - iter 184/469 - loss 0.03516472 - samples/sec: 180.52 - lr: 0.100000
2022-03-25 01:44:22,408 epoch 11 - iter 230/469 - loss 0.03531104 - samples/sec: 173.97 - lr: 0.100000
2022-03-25 01:44:30,416 epoch 11 - iter 276/469 - loss 0.03511395 - samples/sec: 183.90 - lr: 0.100000
2022-03-25 01:44:38,944 epoch 11 - iter 322/469 - loss 0.03571631 - samples/sec: 172.66 - lr: 0.100000
2022-03-25 01:44:47,137 epoch 11 - iter 368/469 - loss 0.03553960 - samples/sec: 179.74 - lr: 0.100000
2022-03-25 01:44:55,572 epoch 11 - iter 414/469 - loss 0.03492398 - samples/sec: 174.59 - lr: 0.100000
2022-03-25 01:45:03,897 epoch 11 - iter 460/469 - loss 0.03478397 - samples/sec: 176.90 - lr: 0.100000
2022-03-25 01:45:05,376 ----------------------------------------------------------------------------------------------------
2022-03-25 01:45:05,376 EPOCH 11 done: loss 0.0349 - lr 0.100000
2022-03-25 01:45:27,371 Evaluating as a multi-label problem: False
2022-03-25 01:45:27,410 DEV : loss 0.02891756221652031 - f1-score (micro avg)  0.9456
2022-03-25 01:45:27,700 BAD EPOCHS (no improvement): 3
2022-03-25 01:45:27,702 ----------------------------------------------------------------------------------------------------
2022-03-25 01:45:36,288 epoch 12 - iter 46/469 - loss 0.03709011 - samples/sec: 171.53 - lr: 0.100000
2022-03-25 01:45:44,574 epoch 12 - iter 92/469 - loss 0.03672651 - samples/sec: 177.74 - lr: 0.100000
2022-03-25 01:45:52,744 epoch 12 - iter 138/469 - loss 0.03571673 - samples/sec: 180.23 - lr: 0.100000
2022-03-25 01:46:00,980 epoch 12 - iter 184/469 - loss 0.03461270 - samples/sec: 178.80 - lr: 0.100000
2022-03-25 01:46:09,429 epoch 12 - iter 230/469 - loss 0.03378393 - samples/sec: 174.30 - lr: 0.100000
2022-03-25 01:46:17,662 epoch 12 - iter 276/469 - loss 0.03396742 - samples/sec: 178.86 - lr: 0.100000
2022-03-25 01:46:25,729 epoch 12 - iter 322/469 - loss 0.03349912 - samples/sec: 182.56 - lr: 0.100000
2022-03-25 01:46:34,330 epoch 12 - iter 368/469 - loss 0.03365926 - samples/sec: 171.20 - lr: 0.100000
2022-03-25 01:46:42,620 epoch 12 - iter 414/469 - loss 0.03321828 - samples/sec: 177.65 - lr: 0.100000
2022-03-25 01:46:50,986 epoch 12 - iter 460/469 - loss 0.03310965 - samples/sec: 176.01 - lr: 0.100000
2022-03-25 01:46:52,474 ----------------------------------------------------------------------------------------------------
2022-03-25 01:46:52,474 EPOCH 12 done: loss 0.0329 - lr 0.100000
2022-03-25 01:47:16,863 Evaluating as a multi-label problem: False
2022-03-25 01:47:16,901 DEV : loss 0.03318103775382042 - f1-score (micro avg)  0.944
2022-03-25 01:47:17,192 Epoch    12: reducing learning rate of group 0 to 5.0000e-02.
2022-03-25 01:47:17,192 BAD EPOCHS (no improvement): 4
2022-03-25 01:47:17,203 ----------------------------------------------------------------------------------------------------
2022-03-25 01:47:26,090 epoch 13 - iter 46/469 - loss 0.02984925 - samples/sec: 165.72 - lr: 0.050000
2022-03-25 01:47:34,522 epoch 13 - iter 92/469 - loss 0.02932875 - samples/sec: 174.64 - lr: 0.050000
2022-03-25 01:47:43,081 epoch 13 - iter 138/469 - loss 0.02976550 - samples/sec: 172.04 - lr: 0.050000
2022-03-25 01:47:51,261 epoch 13 - iter 184/469 - loss 0.02901982 - samples/sec: 180.03 - lr: 0.050000
2022-03-25 01:47:59,315 epoch 13 - iter 230/469 - loss 0.02889806 - samples/sec: 182.84 - lr: 0.050000
2022-03-25 01:48:07,970 epoch 13 - iter 276/469 - loss 0.02901368 - samples/sec: 170.14 - lr: 0.050000
2022-03-25 01:48:16,391 epoch 13 - iter 322/469 - loss 0.02892625 - samples/sec: 174.87 - lr: 0.050000
2022-03-25 01:48:24,516 epoch 13 - iter 368/469 - loss 0.02869134 - samples/sec: 181.26 - lr: 0.050000
2022-03-25 01:48:32,560 epoch 13 - iter 414/469 - loss 0.02869510 - samples/sec: 183.06 - lr: 0.050000
2022-03-25 01:48:41,014 epoch 13 - iter 460/469 - loss 0.02875223 - samples/sec: 174.20 - lr: 0.050000
2022-03-25 01:48:42,487 ----------------------------------------------------------------------------------------------------
2022-03-25 01:48:42,487 EPOCH 13 done: loss 0.0286 - lr 0.050000
2022-03-25 01:49:04,540 Evaluating as a multi-label problem: False
2022-03-25 01:49:04,579 DEV : loss 0.026864157989621162 - f1-score (micro avg)  0.954
2022-03-25 01:49:04,869 BAD EPOCHS (no improvement): 0
2022-03-25 01:49:04,872 saving best model
2022-03-25 01:49:19,724 ----------------------------------------------------------------------------------------------------
2022-03-25 01:49:28,280 epoch 14 - iter 46/469 - loss 0.02738694 - samples/sec: 172.14 - lr: 0.050000
2022-03-25 01:49:36,599 epoch 14 - iter 92/469 - loss 0.02786750 - samples/sec: 177.03 - lr: 0.050000
2022-03-25 01:49:44,659 epoch 14 - iter 138/469 - loss 0.02705327 - samples/sec: 182.70 - lr: 0.050000
2022-03-25 01:49:52,703 epoch 14 - iter 184/469 - loss 0.02750478 - samples/sec: 183.06 - lr: 0.050000
2022-03-25 01:50:00,938 epoch 14 - iter 230/469 - loss 0.02773079 - samples/sec: 178.83 - lr: 0.050000
2022-03-25 01:50:09,064 epoch 14 - iter 276/469 - loss 0.02767641 - samples/sec: 181.23 - lr: 0.050000
2022-03-25 01:50:17,536 epoch 14 - iter 322/469 - loss 0.02754116 - samples/sec: 173.81 - lr: 0.050000
2022-03-25 01:50:26,009 epoch 14 - iter 368/469 - loss 0.02758378 - samples/sec: 173.80 - lr: 0.050000
2022-03-25 01:50:34,135 epoch 14 - iter 414/469 - loss 0.02733306 - samples/sec: 181.23 - lr: 0.050000
2022-03-25 01:50:42,544 epoch 14 - iter 460/469 - loss 0.02715591 - samples/sec: 175.12 - lr: 0.050000
2022-03-25 01:50:44,038 ----------------------------------------------------------------------------------------------------
2022-03-25 01:50:44,038 EPOCH 14 done: loss 0.0274 - lr 0.050000
2022-03-25 01:51:05,911 Evaluating as a multi-label problem: False
2022-03-25 01:51:05,949 DEV : loss 0.028378231450915337 - f1-score (micro avg)  0.9518
2022-03-25 01:51:06,238 BAD EPOCHS (no improvement): 1
2022-03-25 01:51:06,241 ----------------------------------------------------------------------------------------------------
2022-03-25 01:51:14,774 epoch 15 - iter 46/469 - loss 0.02409752 - samples/sec: 172.59 - lr: 0.050000
2022-03-25 01:51:23,126 epoch 15 - iter 92/469 - loss 0.02412609 - samples/sec: 176.32 - lr: 0.050000
2022-03-25 01:51:31,420 epoch 15 - iter 138/469 - loss 0.02455870 - samples/sec: 177.57 - lr: 0.050000
2022-03-25 01:51:39,880 epoch 15 - iter 184/469 - loss 0.02522673 - samples/sec: 174.06 - lr: 0.050000
2022-03-25 01:51:48,372 epoch 15 - iter 230/469 - loss 0.02599261 - samples/sec: 173.41 - lr: 0.050000
2022-03-25 01:51:56,553 epoch 15 - iter 276/469 - loss 0.02590200 - samples/sec: 179.99 - lr: 0.050000
2022-03-25 01:52:04,912 epoch 15 - iter 322/469 - loss 0.02612573 - samples/sec: 176.18 - lr: 0.050000
2022-03-25 01:52:12,834 epoch 15 - iter 368/469 - loss 0.02597061 - samples/sec: 185.88 - lr: 0.050000
2022-03-25 01:52:20,918 epoch 15 - iter 414/469 - loss 0.02607618 - samples/sec: 182.17 - lr: 0.050000
2022-03-25 01:52:29,064 epoch 15 - iter 460/469 - loss 0.02600989 - samples/sec: 180.78 - lr: 0.050000
2022-03-25 01:52:30,654 ----------------------------------------------------------------------------------------------------
2022-03-25 01:52:30,654 EPOCH 15 done: loss 0.0260 - lr 0.050000
2022-03-25 01:52:52,497 Evaluating as a multi-label problem: False
2022-03-25 01:52:52,535 DEV : loss 0.028630439192056656 - f1-score (micro avg)  0.9524
2022-03-25 01:52:52,823 BAD EPOCHS (no improvement): 2
2022-03-25 01:52:52,826 ----------------------------------------------------------------------------------------------------
2022-03-25 01:53:03,681 epoch 16 - iter 46/469 - loss 0.02655048 - samples/sec: 135.66 - lr: 0.050000
2022-03-25 01:53:11,998 epoch 16 - iter 92/469 - loss 0.02498920 - samples/sec: 177.07 - lr: 0.050000
2022-03-25 01:53:20,591 epoch 16 - iter 138/469 - loss 0.02444692 - samples/sec: 171.36 - lr: 0.050000
2022-03-25 01:53:28,620 epoch 16 - iter 184/469 - loss 0.02497672 - samples/sec: 183.42 - lr: 0.050000
2022-03-25 01:53:36,733 epoch 16 - iter 230/469 - loss 0.02506658 - samples/sec: 181.51 - lr: 0.050000
2022-03-25 01:53:45,168 epoch 16 - iter 276/469 - loss 0.02527087 - samples/sec: 174.58 - lr: 0.050000
2022-03-25 01:53:53,108 epoch 16 - iter 322/469 - loss 0.02509839 - samples/sec: 185.47 - lr: 0.050000
2022-03-25 01:54:01,621 epoch 16 - iter 368/469 - loss 0.02482099 - samples/sec: 172.98 - lr: 0.050000
2022-03-25 01:54:09,916 epoch 16 - iter 414/469 - loss 0.02502565 - samples/sec: 177.54 - lr: 0.050000
2022-03-25 01:54:18,177 epoch 16 - iter 460/469 - loss 0.02493546 - samples/sec: 178.25 - lr: 0.050000
2022-03-25 01:54:19,698 ----------------------------------------------------------------------------------------------------
2022-03-25 01:54:19,698 EPOCH 16 done: loss 0.0249 - lr 0.050000
2022-03-25 01:54:41,556 Evaluating as a multi-label problem: False
2022-03-25 01:54:41,595 DEV : loss 0.02774968184530735 - f1-score (micro avg)  0.9528
2022-03-25 01:54:41,884 BAD EPOCHS (no improvement): 3
2022-03-25 01:54:41,886 ----------------------------------------------------------------------------------------------------
2022-03-25 01:54:50,508 epoch 17 - iter 46/469 - loss 0.02507895 - samples/sec: 170.82 - lr: 0.050000
2022-03-25 01:54:58,531 epoch 17 - iter 92/469 - loss 0.02458173 - samples/sec: 183.54 - lr: 0.050000
2022-03-25 01:55:06,772 epoch 17 - iter 138/469 - loss 0.02337847 - samples/sec: 178.69 - lr: 0.050000
2022-03-25 01:55:15,348 epoch 17 - iter 184/469 - loss 0.02450661 - samples/sec: 171.70 - lr: 0.050000
2022-03-25 01:55:23,944 epoch 17 - iter 230/469 - loss 0.02450557 - samples/sec: 171.32 - lr: 0.050000
2022-03-25 01:55:32,133 epoch 17 - iter 276/469 - loss 0.02444672 - samples/sec: 179.84 - lr: 0.050000
2022-03-25 01:55:40,191 epoch 17 - iter 322/469 - loss 0.02448598 - samples/sec: 182.74 - lr: 0.050000
2022-03-25 01:55:48,373 epoch 17 - iter 368/469 - loss 0.02461325 - samples/sec: 179.98 - lr: 0.050000
2022-03-25 01:55:56,438 epoch 17 - iter 414/469 - loss 0.02436233 - samples/sec: 182.60 - lr: 0.050000
2022-03-25 01:56:04,596 epoch 17 - iter 460/469 - loss 0.02426567 - samples/sec: 180.52 - lr: 0.050000
2022-03-25 01:56:06,135 ----------------------------------------------------------------------------------------------------
2022-03-25 01:56:06,135 EPOCH 17 done: loss 0.0241 - lr 0.050000
2022-03-25 01:56:27,839 Evaluating as a multi-label problem: False
2022-03-25 01:56:27,878 DEV : loss 0.027369201183319092 - f1-score (micro avg)  0.9549
2022-03-25 01:56:28,168 BAD EPOCHS (no improvement): 0
2022-03-25 01:56:28,171 saving best model
2022-03-25 01:56:42,629 ----------------------------------------------------------------------------------------------------
2022-03-25 01:56:50,862 epoch 18 - iter 46/469 - loss 0.02403615 - samples/sec: 178.89 - lr: 0.050000
2022-03-25 01:56:58,863 epoch 18 - iter 92/469 - loss 0.02433428 - samples/sec: 184.05 - lr: 0.050000
2022-03-25 01:57:06,922 epoch 18 - iter 138/469 - loss 0.02547525 - samples/sec: 182.75 - lr: 0.050000
2022-03-25 01:57:15,374 epoch 18 - iter 184/469 - loss 0.02452714 - samples/sec: 174.22 - lr: 0.050000
2022-03-25 01:57:23,713 epoch 18 - iter 230/469 - loss 0.02418560 - samples/sec: 176.59 - lr: 0.050000
2022-03-25 01:57:31,662 epoch 18 - iter 276/469 - loss 0.02418089 - samples/sec: 185.28 - lr: 0.050000
2022-03-25 01:57:39,959 epoch 18 - iter 322/469 - loss 0.02420739 - samples/sec: 177.48 - lr: 0.050000
2022-03-25 01:57:48,450 epoch 18 - iter 368/469 - loss 0.02392202 - samples/sec: 173.42 - lr: 0.050000
2022-03-25 01:57:57,223 epoch 18 - iter 414/469 - loss 0.02375867 - samples/sec: 167.85 - lr: 0.050000
2022-03-25 01:58:05,352 epoch 18 - iter 460/469 - loss 0.02377548 - samples/sec: 181.16 - lr: 0.050000
2022-03-25 01:58:07,022 ----------------------------------------------------------------------------------------------------
2022-03-25 01:58:07,023 EPOCH 18 done: loss 0.0238 - lr 0.050000
2022-03-25 01:58:28,695 Evaluating as a multi-label problem: False
2022-03-25 01:58:28,733 DEV : loss 0.028108054772019386 - f1-score (micro avg)  0.9536
2022-03-25 01:58:29,022 BAD EPOCHS (no improvement): 1
2022-03-25 01:58:29,041 ----------------------------------------------------------------------------------------------------
2022-03-25 01:58:37,356 epoch 19 - iter 46/469 - loss 0.02089257 - samples/sec: 177.14 - lr: 0.050000
2022-03-25 01:58:45,422 epoch 19 - iter 92/469 - loss 0.02129210 - samples/sec: 182.56 - lr: 0.050000
2022-03-25 01:58:53,707 epoch 19 - iter 138/469 - loss 0.02144381 - samples/sec: 177.74 - lr: 0.050000
2022-03-25 01:59:02,232 epoch 19 - iter 184/469 - loss 0.02137833 - samples/sec: 172.73 - lr: 0.050000
2022-03-25 01:59:10,496 epoch 19 - iter 230/469 - loss 0.02213140 - samples/sec: 178.20 - lr: 0.050000
2022-03-25 01:59:19,168 epoch 19 - iter 276/469 - loss 0.02200064 - samples/sec: 169.80 - lr: 0.050000
2022-03-25 01:59:29,702 epoch 19 - iter 322/469 - loss 0.02229443 - samples/sec: 139.79 - lr: 0.050000
2022-03-25 01:59:38,178 epoch 19 - iter 368/469 - loss 0.02256891 - samples/sec: 173.74 - lr: 0.050000
2022-03-25 01:59:46,503 epoch 19 - iter 414/469 - loss 0.02246790 - samples/sec: 176.88 - lr: 0.050000
2022-03-25 01:59:54,641 epoch 19 - iter 460/469 - loss 0.02242452 - samples/sec: 180.96 - lr: 0.050000
2022-03-25 01:59:56,074 ----------------------------------------------------------------------------------------------------
2022-03-25 01:59:56,074 EPOCH 19 done: loss 0.0224 - lr 0.050000
2022-03-25 02:00:17,897 Evaluating as a multi-label problem: False
2022-03-25 02:00:17,934 DEV : loss 0.027781439945101738 - f1-score (micro avg)  0.9542
2022-03-25 02:00:18,221 BAD EPOCHS (no improvement): 2
2022-03-25 02:00:18,224 ----------------------------------------------------------------------------------------------------
2022-03-25 02:00:26,663 epoch 20 - iter 46/469 - loss 0.01953813 - samples/sec: 174.52 - lr: 0.050000
2022-03-25 02:00:34,832 epoch 20 - iter 92/469 - loss 0.02125199 - samples/sec: 180.27 - lr: 0.050000
2022-03-25 02:00:42,923 epoch 20 - iter 138/469 - loss 0.02128474 - samples/sec: 182.00 - lr: 0.050000
2022-03-25 02:00:51,337 epoch 20 - iter 184/469 - loss 0.02077251 - samples/sec: 175.02 - lr: 0.050000
2022-03-25 02:00:59,329 epoch 20 - iter 230/469 - loss 0.02114113 - samples/sec: 184.27 - lr: 0.050000
2022-03-25 02:01:07,706 epoch 20 - iter 276/469 - loss 0.02139279 - samples/sec: 175.79 - lr: 0.050000
2022-03-25 02:01:15,854 epoch 20 - iter 322/469 - loss 0.02140678 - samples/sec: 180.74 - lr: 0.050000
2022-03-25 02:01:24,311 epoch 20 - iter 368/469 - loss 0.02115049 - samples/sec: 174.13 - lr: 0.050000
2022-03-25 02:01:32,502 epoch 20 - iter 414/469 - loss 0.02154390 - samples/sec: 179.77 - lr: 0.050000
2022-03-25 02:01:41,056 epoch 20 - iter 460/469 - loss 0.02177689 - samples/sec: 172.16 - lr: 0.050000
2022-03-25 02:01:42,514 ----------------------------------------------------------------------------------------------------
2022-03-25 02:01:42,514 EPOCH 20 done: loss 0.0217 - lr 0.050000
2022-03-25 02:02:04,333 Evaluating as a multi-label problem: False
2022-03-25 02:02:04,372 DEV : loss 0.028507858514785767 - f1-score (micro avg)  0.9503
2022-03-25 02:02:04,661 BAD EPOCHS (no improvement): 3
2022-03-25 02:02:04,663 ----------------------------------------------------------------------------------------------------
2022-03-25 02:02:13,133 epoch 21 - iter 46/469 - loss 0.01980528 - samples/sec: 173.88 - lr: 0.050000
2022-03-25 02:02:21,337 epoch 21 - iter 92/469 - loss 0.01993450 - samples/sec: 179.49 - lr: 0.050000
2022-03-25 02:02:29,232 epoch 21 - iter 138/469 - loss 0.02083673 - samples/sec: 186.54 - lr: 0.050000
2022-03-25 02:02:37,776 epoch 21 - iter 184/469 - loss 0.02120692 - samples/sec: 172.35 - lr: 0.050000
2022-03-25 02:02:46,261 epoch 21 - iter 230/469 - loss 0.02119018 - samples/sec: 173.55 - lr: 0.050000
2022-03-25 02:02:54,731 epoch 21 - iter 276/469 - loss 0.02085184 - samples/sec: 173.84 - lr: 0.050000
2022-03-25 02:03:03,261 epoch 21 - iter 322/469 - loss 0.02139756 - samples/sec: 172.64 - lr: 0.050000
2022-03-25 02:03:11,248 epoch 21 - iter 368/469 - loss 0.02165139 - samples/sec: 184.39 - lr: 0.050000
2022-03-25 02:03:19,395 epoch 21 - iter 414/469 - loss 0.02190028 - samples/sec: 180.76 - lr: 0.050000
2022-03-25 02:03:27,678 epoch 21 - iter 460/469 - loss 0.02168453 - samples/sec: 177.78 - lr: 0.050000
2022-03-25 02:03:29,280 ----------------------------------------------------------------------------------------------------
2022-03-25 02:03:29,280 EPOCH 21 done: loss 0.0216 - lr 0.050000
2022-03-25 02:03:51,267 Evaluating as a multi-label problem: False
2022-03-25 02:03:51,306 DEV : loss 0.02943071350455284 - f1-score (micro avg)  0.9514
2022-03-25 02:03:51,595 Epoch    21: reducing learning rate of group 0 to 2.5000e-02.
2022-03-25 02:03:51,596 BAD EPOCHS (no improvement): 4
2022-03-25 02:03:51,599 ----------------------------------------------------------------------------------------------------
2022-03-25 02:04:00,600 epoch 22 - iter 46/469 - loss 0.01808106 - samples/sec: 163.61 - lr: 0.025000
2022-03-25 02:04:08,763 epoch 22 - iter 92/469 - loss 0.01901438 - samples/sec: 180.39 - lr: 0.025000
2022-03-25 02:04:17,283 epoch 22 - iter 138/469 - loss 0.01966505 - samples/sec: 172.84 - lr: 0.025000
2022-03-25 02:04:25,841 epoch 22 - iter 184/469 - loss 0.01891382 - samples/sec: 172.07 - lr: 0.025000
2022-03-25 02:04:34,126 epoch 22 - iter 230/469 - loss 0.01933062 - samples/sec: 177.76 - lr: 0.025000
2022-03-25 02:04:42,420 epoch 22 - iter 276/469 - loss 0.01878998 - samples/sec: 177.55 - lr: 0.025000
2022-03-25 02:04:50,780 epoch 22 - iter 322/469 - loss 0.01911070 - samples/sec: 176.15 - lr: 0.025000
2022-03-25 02:04:58,967 epoch 22 - iter 368/469 - loss 0.01935627 - samples/sec: 179.87 - lr: 0.025000
2022-03-25 02:05:07,147 epoch 22 - iter 414/469 - loss 0.01959691 - samples/sec: 180.02 - lr: 0.025000
2022-03-25 02:05:14,877 epoch 22 - iter 460/469 - loss 0.01942334 - samples/sec: 190.53 - lr: 0.025000
2022-03-25 02:05:16,300 ----------------------------------------------------------------------------------------------------
2022-03-25 02:05:16,300 EPOCH 22 done: loss 0.0193 - lr 0.025000
2022-03-25 02:05:40,620 Evaluating as a multi-label problem: False
2022-03-25 02:05:40,658 DEV : loss 0.02809707075357437 - f1-score (micro avg)  0.9538
2022-03-25 02:05:40,947 BAD EPOCHS (no improvement): 1
2022-03-25 02:05:40,950 ----------------------------------------------------------------------------------------------------
2022-03-25 02:05:49,177 epoch 23 - iter 46/469 - loss 0.01729385 - samples/sec: 179.03 - lr: 0.025000
2022-03-25 02:05:57,539 epoch 23 - iter 92/469 - loss 0.01611203 - samples/sec: 176.10 - lr: 0.025000
2022-03-25 02:06:05,728 epoch 23 - iter 138/469 - loss 0.01609528 - samples/sec: 179.83 - lr: 0.025000
2022-03-25 02:06:14,060 epoch 23 - iter 184/469 - loss 0.01729408 - samples/sec: 176.73 - lr: 0.025000
2022-03-25 02:06:22,447 epoch 23 - iter 230/469 - loss 0.01752704 - samples/sec: 175.60 - lr: 0.025000
2022-03-25 02:06:30,844 epoch 23 - iter 276/469 - loss 0.01808006 - samples/sec: 175.36 - lr: 0.025000
2022-03-25 02:06:39,381 epoch 23 - iter 322/469 - loss 0.01779762 - samples/sec: 172.52 - lr: 0.025000
2022-03-25 02:06:47,754 epoch 23 - iter 368/469 - loss 0.01826176 - samples/sec: 175.86 - lr: 0.025000
2022-03-25 02:06:55,856 epoch 23 - iter 414/469 - loss 0.01844036 - samples/sec: 181.77 - lr: 0.025000
2022-03-25 02:07:04,188 epoch 23 - iter 460/469 - loss 0.01814850 - samples/sec: 176.75 - lr: 0.025000
2022-03-25 02:07:05,661 ----------------------------------------------------------------------------------------------------
2022-03-25 02:07:05,661 EPOCH 23 done: loss 0.0182 - lr 0.025000
2022-03-25 02:07:27,439 Evaluating as a multi-label problem: False
2022-03-25 02:07:27,477 DEV : loss 0.027957916259765625 - f1-score (micro avg)  0.9543
2022-03-25 02:07:27,766 BAD EPOCHS (no improvement): 2
2022-03-25 02:07:27,770 ----------------------------------------------------------------------------------------------------
2022-03-25 02:07:36,202 epoch 24 - iter 46/469 - loss 0.01869022 - samples/sec: 174.65 - lr: 0.025000
2022-03-25 02:07:44,245 epoch 24 - iter 92/469 - loss 0.01996294 - samples/sec: 183.09 - lr: 0.025000
2022-03-25 02:07:52,372 epoch 24 - iter 138/469 - loss 0.01939551 - samples/sec: 181.21 - lr: 0.025000
2022-03-25 02:08:00,651 epoch 24 - iter 184/469 - loss 0.01870702 - samples/sec: 177.86 - lr: 0.025000
2022-03-25 02:08:09,048 epoch 24 - iter 230/469 - loss 0.01822552 - samples/sec: 175.38 - lr: 0.025000
2022-03-25 02:08:17,428 epoch 24 - iter 276/469 - loss 0.01848474 - samples/sec: 175.71 - lr: 0.025000
2022-03-25 02:08:25,876 epoch 24 - iter 322/469 - loss 0.01873825 - samples/sec: 174.33 - lr: 0.025000
2022-03-25 02:08:34,233 epoch 24 - iter 368/469 - loss 0.01854879 - samples/sec: 176.20 - lr: 0.025000
2022-03-25 02:08:42,691 epoch 24 - iter 414/469 - loss 0.01848881 - samples/sec: 174.11 - lr: 0.025000
2022-03-25 02:08:51,106 epoch 24 - iter 460/469 - loss 0.01831119 - samples/sec: 174.99 - lr: 0.025000
2022-03-25 02:08:52,559 ----------------------------------------------------------------------------------------------------
2022-03-25 02:08:52,560 EPOCH 24 done: loss 0.0184 - lr 0.025000
2022-03-25 02:09:14,550 Evaluating as a multi-label problem: False
2022-03-25 02:09:14,589 DEV : loss 0.028642887249588966 - f1-score (micro avg)  0.9529
2022-03-25 02:09:14,879 BAD EPOCHS (no improvement): 3
2022-03-25 02:09:14,883 ----------------------------------------------------------------------------------------------------
2022-03-25 02:09:23,509 epoch 25 - iter 46/469 - loss 0.01921218 - samples/sec: 170.73 - lr: 0.025000
2022-03-25 02:09:31,869 epoch 25 - iter 92/469 - loss 0.01935653 - samples/sec: 176.13 - lr: 0.025000
2022-03-25 02:09:40,386 epoch 25 - iter 138/469 - loss 0.01856802 - samples/sec: 172.91 - lr: 0.025000
2022-03-25 02:09:48,833 epoch 25 - iter 184/469 - loss 0.01827598 - samples/sec: 174.33 - lr: 0.025000
2022-03-25 02:09:56,940 epoch 25 - iter 230/469 - loss 0.01806311 - samples/sec: 181.66 - lr: 0.025000
2022-03-25 02:10:05,400 epoch 25 - iter 276/469 - loss 0.01815929 - samples/sec: 174.07 - lr: 0.025000
2022-03-25 02:10:13,860 epoch 25 - iter 322/469 - loss 0.01791130 - samples/sec: 174.07 - lr: 0.025000
2022-03-25 02:10:22,192 epoch 25 - iter 368/469 - loss 0.01774508 - samples/sec: 176.75 - lr: 0.025000
2022-03-25 02:10:30,374 epoch 25 - iter 414/469 - loss 0.01775193 - samples/sec: 179.97 - lr: 0.025000
2022-03-25 02:10:38,290 epoch 25 - iter 460/469 - loss 0.01765299 - samples/sec: 186.04 - lr: 0.025000
2022-03-25 02:10:39,612 ----------------------------------------------------------------------------------------------------
2022-03-25 02:10:39,612 EPOCH 25 done: loss 0.0178 - lr 0.025000
2022-03-25 02:11:03,796 Evaluating as a multi-label problem: False
2022-03-25 02:11:03,834 DEV : loss 0.02851610630750656 - f1-score (micro avg)  0.9549
2022-03-25 02:11:04,121 Epoch    25: reducing learning rate of group 0 to 1.2500e-02.
2022-03-25 02:11:04,122 BAD EPOCHS (no improvement): 4
2022-03-25 02:11:04,124 ----------------------------------------------------------------------------------------------------
2022-03-25 02:11:12,662 epoch 26 - iter 46/469 - loss 0.01446937 - samples/sec: 172.49 - lr: 0.012500
2022-03-25 02:11:20,699 epoch 26 - iter 92/469 - loss 0.01502570 - samples/sec: 183.23 - lr: 0.012500
2022-03-25 02:11:28,991 epoch 26 - iter 138/469 - loss 0.01554052 - samples/sec: 177.60 - lr: 0.012500
2022-03-25 02:11:37,425 epoch 26 - iter 184/469 - loss 0.01578134 - samples/sec: 174.60 - lr: 0.012500
2022-03-25 02:11:45,939 epoch 26 - iter 230/469 - loss 0.01638845 - samples/sec: 172.97 - lr: 0.012500
2022-03-25 02:11:54,382 epoch 26 - iter 276/469 - loss 0.01645812 - samples/sec: 174.40 - lr: 0.012500
2022-03-25 02:12:02,823 epoch 26 - iter 322/469 - loss 0.01664567 - samples/sec: 174.47 - lr: 0.012500
2022-03-25 02:12:10,969 epoch 26 - iter 368/469 - loss 0.01655575 - samples/sec: 180.79 - lr: 0.012500
2022-03-25 02:12:19,132 epoch 26 - iter 414/469 - loss 0.01695711 - samples/sec: 180.39 - lr: 0.012500
2022-03-25 02:12:27,490 epoch 26 - iter 460/469 - loss 0.01731187 - samples/sec: 176.20 - lr: 0.012500
2022-03-25 02:12:28,963 ----------------------------------------------------------------------------------------------------
2022-03-25 02:12:28,963 EPOCH 26 done: loss 0.0173 - lr 0.012500
2022-03-25 02:12:50,828 Evaluating as a multi-label problem: False
2022-03-25 02:12:50,867 DEV : loss 0.028035923838615417 - f1-score (micro avg)  0.9544
2022-03-25 02:12:51,158 BAD EPOCHS (no improvement): 1
2022-03-25 02:12:51,169 ----------------------------------------------------------------------------------------------------
2022-03-25 02:12:59,523 epoch 27 - iter 46/469 - loss 0.01645867 - samples/sec: 176.30 - lr: 0.012500
2022-03-25 02:13:07,595 epoch 27 - iter 92/469 - loss 0.01649003 - samples/sec: 182.44 - lr: 0.012500
2022-03-25 02:13:15,797 epoch 27 - iter 138/469 - loss 0.01609246 - samples/sec: 179.53 - lr: 0.012500
2022-03-25 02:13:24,107 epoch 27 - iter 184/469 - loss 0.01587942 - samples/sec: 177.20 - lr: 0.012500
2022-03-25 02:13:32,774 epoch 27 - iter 230/469 - loss 0.01664672 - samples/sec: 169.90 - lr: 0.012500
2022-03-25 02:13:41,092 epoch 27 - iter 276/469 - loss 0.01668510 - samples/sec: 177.04 - lr: 0.012500
2022-03-25 02:13:49,548 epoch 27 - iter 322/469 - loss 0.01657334 - samples/sec: 174.15 - lr: 0.012500
2022-03-25 02:13:57,647 epoch 27 - iter 368/469 - loss 0.01678861 - samples/sec: 181.82 - lr: 0.012500
2022-03-25 02:14:06,161 epoch 27 - iter 414/469 - loss 0.01663742 - samples/sec: 172.96 - lr: 0.012500
2022-03-25 02:14:13,990 epoch 27 - iter 460/469 - loss 0.01658605 - samples/sec: 188.10 - lr: 0.012500
2022-03-25 02:14:15,395 ----------------------------------------------------------------------------------------------------
2022-03-25 02:14:15,395 EPOCH 27 done: loss 0.0166 - lr 0.012500
2022-03-25 02:14:37,488 Evaluating as a multi-label problem: False
2022-03-25 02:14:37,527 DEV : loss 0.02806677110493183 - f1-score (micro avg)  0.9549
2022-03-25 02:14:37,817 BAD EPOCHS (no improvement): 2
2022-03-25 02:14:37,820 ----------------------------------------------------------------------------------------------------
2022-03-25 02:14:46,729 epoch 28 - iter 46/469 - loss 0.01652421 - samples/sec: 165.31 - lr: 0.012500
2022-03-25 02:14:54,851 epoch 28 - iter 92/469 - loss 0.01675790 - samples/sec: 181.31 - lr: 0.012500
2022-03-25 02:15:03,199 epoch 28 - iter 138/469 - loss 0.01781391 - samples/sec: 176.41 - lr: 0.012500
2022-03-25 02:15:11,839 epoch 28 - iter 184/469 - loss 0.01844103 - samples/sec: 170.43 - lr: 0.012500
2022-03-25 02:15:19,957 epoch 28 - iter 230/469 - loss 0.01808561 - samples/sec: 181.40 - lr: 0.012500
2022-03-25 02:15:28,125 epoch 28 - iter 276/469 - loss 0.01753150 - samples/sec: 180.31 - lr: 0.012500
2022-03-25 02:15:36,371 epoch 28 - iter 322/469 - loss 0.01716403 - samples/sec: 178.58 - lr: 0.012500
2022-03-25 02:15:44,251 epoch 28 - iter 368/469 - loss 0.01718855 - samples/sec: 186.89 - lr: 0.012500
2022-03-25 02:15:52,424 epoch 28 - iter 414/469 - loss 0.01691565 - samples/sec: 180.19 - lr: 0.012500
2022-03-25 02:16:00,521 epoch 28 - iter 460/469 - loss 0.01678810 - samples/sec: 181.87 - lr: 0.012500
2022-03-25 02:16:02,169 ----------------------------------------------------------------------------------------------------
2022-03-25 02:16:02,169 EPOCH 28 done: loss 0.0168 - lr 0.012500
2022-03-25 02:16:26,195 Evaluating as a multi-label problem: False
2022-03-25 02:16:26,233 DEV : loss 0.028658734634518623 - f1-score (micro avg)  0.9541
2022-03-25 02:16:26,522 BAD EPOCHS (no improvement): 3
2022-03-25 02:16:26,525 ----------------------------------------------------------------------------------------------------
2022-03-25 02:16:34,923 epoch 29 - iter 46/469 - loss 0.01509705 - samples/sec: 175.36 - lr: 0.012500
2022-03-25 02:16:43,087 epoch 29 - iter 92/469 - loss 0.01639715 - samples/sec: 180.38 - lr: 0.012500
2022-03-25 02:16:51,421 epoch 29 - iter 138/469 - loss 0.01671666 - samples/sec: 176.69 - lr: 0.012500
2022-03-25 02:16:59,755 epoch 29 - iter 184/469 - loss 0.01638268 - samples/sec: 176.70 - lr: 0.012500
2022-03-25 02:17:07,759 epoch 29 - iter 230/469 - loss 0.01622737 - samples/sec: 183.98 - lr: 0.012500
2022-03-25 02:17:16,004 epoch 29 - iter 276/469 - loss 0.01633079 - samples/sec: 178.61 - lr: 0.012500
2022-03-25 02:17:24,152 epoch 29 - iter 322/469 - loss 0.01672009 - samples/sec: 180.72 - lr: 0.012500
2022-03-25 02:17:32,121 epoch 29 - iter 368/469 - loss 0.01650975 - samples/sec: 184.79 - lr: 0.012500
2022-03-25 02:17:40,445 epoch 29 - iter 414/469 - loss 0.01639518 - samples/sec: 176.92 - lr: 0.012500
2022-03-25 02:17:48,890 epoch 29 - iter 460/469 - loss 0.01623016 - samples/sec: 174.37 - lr: 0.012500
2022-03-25 02:17:50,417 ----------------------------------------------------------------------------------------------------
2022-03-25 02:17:50,417 EPOCH 29 done: loss 0.0161 - lr 0.012500
2022-03-25 02:18:12,063 Evaluating as a multi-label problem: False
2022-03-25 02:18:12,101 DEV : loss 0.02873866632580757 - f1-score (micro avg)  0.9538
2022-03-25 02:18:12,390 Epoch    29: reducing learning rate of group 0 to 6.2500e-03.
2022-03-25 02:18:12,390 BAD EPOCHS (no improvement): 4
2022-03-25 02:18:12,393 ----------------------------------------------------------------------------------------------------
2022-03-25 02:18:20,244 epoch 30 - iter 46/469 - loss 0.01230117 - samples/sec: 187.61 - lr: 0.006250
2022-03-25 02:18:28,292 epoch 30 - iter 92/469 - loss 0.01310926 - samples/sec: 182.97 - lr: 0.006250
2022-03-25 02:18:36,615 epoch 30 - iter 138/469 - loss 0.01523480 - samples/sec: 176.92 - lr: 0.006250
2022-03-25 02:18:44,798 epoch 30 - iter 184/469 - loss 0.01612689 - samples/sec: 179.98 - lr: 0.006250
2022-03-25 02:18:53,143 epoch 30 - iter 230/469 - loss 0.01564752 - samples/sec: 176.46 - lr: 0.006250
2022-03-25 02:19:01,396 epoch 30 - iter 276/469 - loss 0.01545660 - samples/sec: 178.44 - lr: 0.006250
2022-03-25 02:19:09,481 epoch 30 - iter 322/469 - loss 0.01546514 - samples/sec: 182.14 - lr: 0.006250
2022-03-25 02:19:17,919 epoch 30 - iter 368/469 - loss 0.01553017 - samples/sec: 174.51 - lr: 0.006250
2022-03-25 02:19:26,264 epoch 30 - iter 414/469 - loss 0.01561782 - samples/sec: 176.46 - lr: 0.006250
2022-03-25 02:19:34,368 epoch 30 - iter 460/469 - loss 0.01563101 - samples/sec: 181.73 - lr: 0.006250
2022-03-25 02:19:35,860 ----------------------------------------------------------------------------------------------------
2022-03-25 02:19:35,860 EPOCH 30 done: loss 0.0156 - lr 0.006250
2022-03-25 02:19:57,518 Evaluating as a multi-label problem: False
2022-03-25 02:19:57,555 DEV : loss 0.028443804010748863 - f1-score (micro avg)  0.9543
2022-03-25 02:19:57,843 BAD EPOCHS (no improvement): 1
2022-03-25 02:19:57,847 ----------------------------------------------------------------------------------------------------
2022-03-25 02:20:06,369 epoch 31 - iter 46/469 - loss 0.01648461 - samples/sec: 172.82 - lr: 0.006250
2022-03-25 02:20:14,555 epoch 31 - iter 92/469 - loss 0.01615283 - samples/sec: 179.90 - lr: 0.006250
2022-03-25 02:20:22,637 epoch 31 - iter 138/469 - loss 0.01670538 - samples/sec: 182.20 - lr: 0.006250
2022-03-25 02:20:30,664 epoch 31 - iter 184/469 - loss 0.01643609 - samples/sec: 183.45 - lr: 0.006250
2022-03-25 02:20:38,747 epoch 31 - iter 230/469 - loss 0.01645701 - samples/sec: 182.20 - lr: 0.006250
2022-03-25 02:20:46,850 epoch 31 - iter 276/469 - loss 0.01611748 - samples/sec: 181.74 - lr: 0.006250
2022-03-25 02:20:55,359 epoch 31 - iter 322/469 - loss 0.01597956 - samples/sec: 173.07 - lr: 0.006250
2022-03-25 02:21:03,739 epoch 31 - iter 368/469 - loss 0.01598977 - samples/sec: 175.72 - lr: 0.006250
2022-03-25 02:21:11,871 epoch 31 - iter 414/469 - loss 0.01589530 - samples/sec: 181.07 - lr: 0.006250
2022-03-25 02:21:19,727 epoch 31 - iter 460/469 - loss 0.01585677 - samples/sec: 187.47 - lr: 0.006250
2022-03-25 02:21:21,255 ----------------------------------------------------------------------------------------------------
2022-03-25 02:21:21,255 EPOCH 31 done: loss 0.0158 - lr 0.006250
2022-03-25 02:21:42,997 Evaluating as a multi-label problem: False
2022-03-25 02:21:43,036 DEV : loss 0.02854548580944538 - f1-score (micro avg)  0.9549
2022-03-25 02:21:43,327 BAD EPOCHS (no improvement): 2
2022-03-25 02:21:43,331 ----------------------------------------------------------------------------------------------------
2022-03-25 02:21:51,765 epoch 32 - iter 46/469 - loss 0.01520055 - samples/sec: 174.62 - lr: 0.006250
2022-03-25 02:21:59,978 epoch 32 - iter 92/469 - loss 0.01437868 - samples/sec: 179.30 - lr: 0.006250
2022-03-25 02:22:10,606 epoch 32 - iter 138/469 - loss 0.01501008 - samples/sec: 138.54 - lr: 0.006250
2022-03-25 02:22:18,879 epoch 32 - iter 184/469 - loss 0.01541252 - samples/sec: 177.99 - lr: 0.006250
2022-03-25 02:22:26,838 epoch 32 - iter 230/469 - loss 0.01560418 - samples/sec: 185.03 - lr: 0.006250
2022-03-25 02:22:35,152 epoch 32 - iter 276/469 - loss 0.01539561 - samples/sec: 177.13 - lr: 0.006250
2022-03-25 02:22:43,488 epoch 32 - iter 322/469 - loss 0.01530365 - samples/sec: 176.66 - lr: 0.006250
2022-03-25 02:22:51,854 epoch 32 - iter 368/469 - loss 0.01525838 - samples/sec: 176.02 - lr: 0.006250
2022-03-25 02:22:59,856 epoch 32 - iter 414/469 - loss 0.01513113 - samples/sec: 184.02 - lr: 0.006250
2022-03-25 02:23:07,987 epoch 32 - iter 460/469 - loss 0.01536860 - samples/sec: 181.12 - lr: 0.006250
2022-03-25 02:23:09,545 ----------------------------------------------------------------------------------------------------
2022-03-25 02:23:09,545 EPOCH 32 done: loss 0.0154 - lr 0.006250
2022-03-25 02:23:31,120 Evaluating as a multi-label problem: False
2022-03-25 02:23:31,158 DEV : loss 0.02832987904548645 - f1-score (micro avg)  0.9553
2022-03-25 02:23:31,446 BAD EPOCHS (no improvement): 0
2022-03-25 02:23:31,450 saving best model
2022-03-25 02:23:46,786 ----------------------------------------------------------------------------------------------------
2022-03-25 02:23:55,087 epoch 33 - iter 46/469 - loss 0.01417361 - samples/sec: 177.44 - lr: 0.006250
2022-03-25 02:24:03,241 epoch 33 - iter 92/469 - loss 0.01383982 - samples/sec: 180.61 - lr: 0.006250
2022-03-25 02:24:11,800 epoch 33 - iter 138/469 - loss 0.01441793 - samples/sec: 172.04 - lr: 0.006250
2022-03-25 02:24:19,818 epoch 33 - iter 184/469 - loss 0.01490493 - samples/sec: 183.66 - lr: 0.006250
2022-03-25 02:24:28,166 epoch 33 - iter 230/469 - loss 0.01507261 - samples/sec: 176.40 - lr: 0.006250
2022-03-25 02:24:36,235 epoch 33 - iter 276/469 - loss 0.01498286 - samples/sec: 182.50 - lr: 0.006250
2022-03-25 02:24:44,137 epoch 33 - iter 322/469 - loss 0.01533406 - samples/sec: 186.36 - lr: 0.006250
2022-03-25 02:24:52,259 epoch 33 - iter 368/469 - loss 0.01529424 - samples/sec: 181.31 - lr: 0.006250
2022-03-25 02:25:00,819 epoch 33 - iter 414/469 - loss 0.01510740 - samples/sec: 172.04 - lr: 0.006250
2022-03-25 02:25:09,002 epoch 33 - iter 460/469 - loss 0.01504370 - samples/sec: 179.96 - lr: 0.006250
2022-03-25 02:25:10,636 ----------------------------------------------------------------------------------------------------
2022-03-25 02:25:10,636 EPOCH 33 done: loss 0.0150 - lr 0.006250
2022-03-25 02:25:32,548 Evaluating as a multi-label problem: False
2022-03-25 02:25:32,587 DEV : loss 0.028810061514377594 - f1-score (micro avg)  0.955
2022-03-25 02:25:32,876 BAD EPOCHS (no improvement): 1
2022-03-25 02:25:32,880 ----------------------------------------------------------------------------------------------------
2022-03-25 02:25:41,034 epoch 34 - iter 46/469 - loss 0.01569023 - samples/sec: 180.61 - lr: 0.006250
2022-03-25 02:25:49,316 epoch 34 - iter 92/469 - loss 0.01557474 - samples/sec: 177.82 - lr: 0.006250
2022-03-25 02:25:57,591 epoch 34 - iter 138/469 - loss 0.01545288 - samples/sec: 177.95 - lr: 0.006250
2022-03-25 02:26:05,740 epoch 34 - iter 184/469 - loss 0.01586523 - samples/sec: 180.73 - lr: 0.006250
2022-03-25 02:26:13,632 epoch 34 - iter 230/469 - loss 0.01551043 - samples/sec: 186.58 - lr: 0.006250
2022-03-25 02:26:21,966 epoch 34 - iter 276/469 - loss 0.01535561 - samples/sec: 176.69 - lr: 0.006250
2022-03-25 02:26:30,375 epoch 34 - iter 322/469 - loss 0.01530632 - samples/sec: 175.13 - lr: 0.006250
2022-03-25 02:26:39,160 epoch 34 - iter 368/469 - loss 0.01521948 - samples/sec: 167.62 - lr: 0.006250
2022-03-25 02:26:47,495 epoch 34 - iter 414/469 - loss 0.01534653 - samples/sec: 176.68 - lr: 0.006250
2022-03-25 02:26:55,646 epoch 34 - iter 460/469 - loss 0.01519159 - samples/sec: 180.65 - lr: 0.006250
2022-03-25 02:26:57,105 ----------------------------------------------------------------------------------------------------
2022-03-25 02:26:57,105 EPOCH 34 done: loss 0.0152 - lr 0.006250
2022-03-25 02:27:18,981 Evaluating as a multi-label problem: False
2022-03-25 02:27:19,021 DEV : loss 0.02877924218773842 - f1-score (micro avg)  0.9547
2022-03-25 02:27:19,310 BAD EPOCHS (no improvement): 2
2022-03-25 02:27:19,314 ----------------------------------------------------------------------------------------------------
2022-03-25 02:27:27,825 epoch 35 - iter 46/469 - loss 0.01414368 - samples/sec: 173.06 - lr: 0.006250
2022-03-25 02:27:36,056 epoch 35 - iter 92/469 - loss 0.01508074 - samples/sec: 178.90 - lr: 0.006250
2022-03-25 02:27:44,229 epoch 35 - iter 138/469 - loss 0.01497336 - samples/sec: 180.17 - lr: 0.006250
2022-03-25 02:27:52,432 epoch 35 - iter 184/469 - loss 0.01445009 - samples/sec: 179.52 - lr: 0.006250
2022-03-25 02:28:00,911 epoch 35 - iter 230/469 - loss 0.01449944 - samples/sec: 173.67 - lr: 0.006250
2022-03-25 02:28:09,365 epoch 35 - iter 276/469 - loss 0.01456250 - samples/sec: 174.18 - lr: 0.006250
2022-03-25 02:28:17,387 epoch 35 - iter 322/469 - loss 0.01475080 - samples/sec: 183.58 - lr: 0.006250
2022-03-25 02:28:28,162 epoch 35 - iter 368/469 - loss 0.01470045 - samples/sec: 136.65 - lr: 0.006250
2022-03-25 02:28:36,134 epoch 35 - iter 414/469 - loss 0.01474754 - samples/sec: 184.72 - lr: 0.006250
2022-03-25 02:28:44,225 epoch 35 - iter 460/469 - loss 0.01485766 - samples/sec: 182.01 - lr: 0.006250
2022-03-25 02:28:45,794 ----------------------------------------------------------------------------------------------------
2022-03-25 02:28:45,794 EPOCH 35 done: loss 0.0149 - lr 0.006250
2022-03-25 02:29:07,628 Evaluating as a multi-label problem: False
2022-03-25 02:29:07,666 DEV : loss 0.028902869671583176 - f1-score (micro avg)  0.9558
2022-03-25 02:29:07,956 BAD EPOCHS (no improvement): 0
2022-03-25 02:29:07,959 saving best model
2022-03-25 02:29:22,777 ----------------------------------------------------------------------------------------------------
2022-03-25 02:29:31,162 epoch 36 - iter 46/469 - loss 0.01492365 - samples/sec: 175.66 - lr: 0.006250
2022-03-25 02:29:39,437 epoch 36 - iter 92/469 - loss 0.01367428 - samples/sec: 177.95 - lr: 0.006250
2022-03-25 02:29:47,847 epoch 36 - iter 138/469 - loss 0.01554064 - samples/sec: 175.10 - lr: 0.006250
2022-03-25 02:29:55,970 epoch 36 - iter 184/469 - loss 0.01538211 - samples/sec: 181.29 - lr: 0.006250
2022-03-25 02:30:04,137 epoch 36 - iter 230/469 - loss 0.01578366 - samples/sec: 180.31 - lr: 0.006250
2022-03-25 02:30:12,065 epoch 36 - iter 276/469 - loss 0.01562181 - samples/sec: 185.74 - lr: 0.006250
2022-03-25 02:30:20,675 epoch 36 - iter 322/469 - loss 0.01545361 - samples/sec: 171.04 - lr: 0.006250
2022-03-25 02:30:28,970 epoch 36 - iter 368/469 - loss 0.01530858 - samples/sec: 177.51 - lr: 0.006250
2022-03-25 02:30:37,213 epoch 36 - iter 414/469 - loss 0.01516485 - samples/sec: 178.66 - lr: 0.006250
2022-03-25 02:30:45,470 epoch 36 - iter 460/469 - loss 0.01493149 - samples/sec: 178.33 - lr: 0.006250
2022-03-25 02:30:47,055 ----------------------------------------------------------------------------------------------------
2022-03-25 02:30:47,055 EPOCH 36 done: loss 0.0149 - lr 0.006250
2022-03-25 02:31:08,954 Evaluating as a multi-label problem: False
2022-03-25 02:31:08,993 DEV : loss 0.029121601954102516 - f1-score (micro avg)  0.9548
2022-03-25 02:31:09,282 BAD EPOCHS (no improvement): 1
2022-03-25 02:31:09,286 ----------------------------------------------------------------------------------------------------
2022-03-25 02:31:17,966 epoch 37 - iter 46/469 - loss 0.01329533 - samples/sec: 169.67 - lr: 0.006250
2022-03-25 02:31:26,076 epoch 37 - iter 92/469 - loss 0.01381900 - samples/sec: 181.60 - lr: 0.006250
2022-03-25 02:31:34,141 epoch 37 - iter 138/469 - loss 0.01471153 - samples/sec: 182.58 - lr: 0.006250
2022-03-25 02:31:42,620 epoch 37 - iter 184/469 - loss 0.01526014 - samples/sec: 173.68 - lr: 0.006250
2022-03-25 02:31:50,694 epoch 37 - iter 230/469 - loss 0.01474470 - samples/sec: 182.38 - lr: 0.006250
2022-03-25 02:31:58,868 epoch 37 - iter 276/469 - loss 0.01534109 - samples/sec: 180.16 - lr: 0.006250
2022-03-25 02:32:07,221 epoch 37 - iter 322/469 - loss 0.01512575 - samples/sec: 176.29 - lr: 0.006250
2022-03-25 02:32:15,377 epoch 37 - iter 368/469 - loss 0.01529789 - samples/sec: 180.56 - lr: 0.006250
2022-03-25 02:32:23,528 epoch 37 - iter 414/469 - loss 0.01507082 - samples/sec: 180.67 - lr: 0.006250
2022-03-25 02:32:31,926 epoch 37 - iter 460/469 - loss 0.01484886 - samples/sec: 175.36 - lr: 0.006250
2022-03-25 02:32:33,348 ----------------------------------------------------------------------------------------------------
2022-03-25 02:32:33,348 EPOCH 37 done: loss 0.0148 - lr 0.006250
2022-03-25 02:32:55,107 Evaluating as a multi-label problem: False
2022-03-25 02:32:55,145 DEV : loss 0.02931085228919983 - f1-score (micro avg)  0.9547
2022-03-25 02:32:55,435 BAD EPOCHS (no improvement): 2
2022-03-25 02:32:55,439 ----------------------------------------------------------------------------------------------------
2022-03-25 02:33:03,861 epoch 38 - iter 46/469 - loss 0.01621253 - samples/sec: 174.88 - lr: 0.006250
2022-03-25 02:33:11,926 epoch 38 - iter 92/469 - loss 0.01492071 - samples/sec: 182.60 - lr: 0.006250
2022-03-25 02:33:20,408 epoch 38 - iter 138/469 - loss 0.01562000 - samples/sec: 173.60 - lr: 0.006250
2022-03-25 02:33:28,761 epoch 38 - iter 184/469 - loss 0.01472613 - samples/sec: 176.29 - lr: 0.006250
2022-03-25 02:33:37,129 epoch 38 - iter 230/469 - loss 0.01498984 - samples/sec: 175.99 - lr: 0.006250
2022-03-25 02:33:45,247 epoch 38 - iter 276/469 - loss 0.01478663 - samples/sec: 181.39 - lr: 0.006250
2022-03-25 02:33:53,885 epoch 38 - iter 322/469 - loss 0.01470765 - samples/sec: 170.47 - lr: 0.006250
2022-03-25 02:34:01,716 epoch 38 - iter 368/469 - loss 0.01479189 - samples/sec: 188.07 - lr: 0.006250
2022-03-25 02:34:09,944 epoch 38 - iter 414/469 - loss 0.01484239 - samples/sec: 178.97 - lr: 0.006250
2022-03-25 02:34:18,056 epoch 38 - iter 460/469 - loss 0.01471828 - samples/sec: 181.53 - lr: 0.006250
2022-03-25 02:34:19,572 ----------------------------------------------------------------------------------------------------
2022-03-25 02:34:19,572 EPOCH 38 done: loss 0.0147 - lr 0.006250
2022-03-25 02:34:43,760 Evaluating as a multi-label problem: False
2022-03-25 02:34:43,797 DEV : loss 0.028982680290937424 - f1-score (micro avg)  0.9551
2022-03-25 02:34:44,086 BAD EPOCHS (no improvement): 3
2022-03-25 02:34:44,090 ----------------------------------------------------------------------------------------------------
2022-03-25 02:34:52,994 epoch 39 - iter 46/469 - loss 0.01289412 - samples/sec: 165.41 - lr: 0.006250
2022-03-25 02:35:01,110 epoch 39 - iter 92/469 - loss 0.01548056 - samples/sec: 181.43 - lr: 0.006250
2022-03-25 02:35:09,579 epoch 39 - iter 138/469 - loss 0.01479092 - samples/sec: 173.89 - lr: 0.006250
2022-03-25 02:35:17,660 epoch 39 - iter 184/469 - loss 0.01460865 - samples/sec: 182.22 - lr: 0.006250
2022-03-25 02:35:25,686 epoch 39 - iter 230/469 - loss 0.01462536 - samples/sec: 183.48 - lr: 0.006250
2022-03-25 02:35:33,666 epoch 39 - iter 276/469 - loss 0.01453187 - samples/sec: 184.55 - lr: 0.006250
2022-03-25 02:35:41,860 epoch 39 - iter 322/469 - loss 0.01460533 - samples/sec: 179.72 - lr: 0.006250
2022-03-25 02:35:50,184 epoch 39 - iter 368/469 - loss 0.01495699 - samples/sec: 176.91 - lr: 0.006250
2022-03-25 02:35:58,240 epoch 39 - iter 414/469 - loss 0.01499477 - samples/sec: 182.81 - lr: 0.006250
2022-03-25 02:36:06,474 epoch 39 - iter 460/469 - loss 0.01487132 - samples/sec: 178.84 - lr: 0.006250
2022-03-25 02:36:07,959 ----------------------------------------------------------------------------------------------------
2022-03-25 02:36:07,959 EPOCH 39 done: loss 0.0149 - lr 0.006250
2022-03-25 02:36:29,731 Evaluating as a multi-label problem: False
2022-03-25 02:36:29,770 DEV : loss 0.029166029766201973 - f1-score (micro avg)  0.9545
2022-03-25 02:36:30,060 Epoch    39: reducing learning rate of group 0 to 3.1250e-03.
2022-03-25 02:36:30,061 BAD EPOCHS (no improvement): 4
2022-03-25 02:36:30,064 ----------------------------------------------------------------------------------------------------
2022-03-25 02:36:38,643 epoch 40 - iter 46/469 - loss 0.02067041 - samples/sec: 171.67 - lr: 0.003125
2022-03-25 02:36:46,990 epoch 40 - iter 92/469 - loss 0.01713480 - samples/sec: 176.43 - lr: 0.003125
2022-03-25 02:36:55,276 epoch 40 - iter 138/469 - loss 0.01608250 - samples/sec: 177.72 - lr: 0.003125
2022-03-25 02:37:03,590 epoch 40 - iter 184/469 - loss 0.01596097 - samples/sec: 177.13 - lr: 0.003125
2022-03-25 02:37:11,702 epoch 40 - iter 230/469 - loss 0.01586855 - samples/sec: 181.53 - lr: 0.003125
2022-03-25 02:37:19,895 epoch 40 - iter 276/469 - loss 0.01552178 - samples/sec: 179.74 - lr: 0.003125
2022-03-25 02:37:28,154 epoch 40 - iter 322/469 - loss 0.01491403 - samples/sec: 178.31 - lr: 0.003125
2022-03-25 02:37:36,315 epoch 40 - iter 368/469 - loss 0.01487933 - samples/sec: 180.43 - lr: 0.003125
2022-03-25 02:37:44,542 epoch 40 - iter 414/469 - loss 0.01480835 - samples/sec: 179.00 - lr: 0.003125
2022-03-25 02:37:53,051 epoch 40 - iter 460/469 - loss 0.01488362 - samples/sec: 173.07 - lr: 0.003125
2022-03-25 02:37:54,525 ----------------------------------------------------------------------------------------------------
2022-03-25 02:37:54,525 EPOCH 40 done: loss 0.0148 - lr 0.003125
2022-03-25 02:38:16,390 Evaluating as a multi-label problem: False
2022-03-25 02:38:16,430 DEV : loss 0.029154276475310326 - f1-score (micro avg)  0.9549
2022-03-25 02:38:16,720 BAD EPOCHS (no improvement): 1
2022-03-25 02:38:16,734 ----------------------------------------------------------------------------------------------------
2022-03-25 02:38:25,197 epoch 41 - iter 46/469 - loss 0.01375733 - samples/sec: 174.03 - lr: 0.003125
2022-03-25 02:38:33,655 epoch 41 - iter 92/469 - loss 0.01233900 - samples/sec: 174.10 - lr: 0.003125
2022-03-25 02:38:41,959 epoch 41 - iter 138/469 - loss 0.01284513 - samples/sec: 177.34 - lr: 0.003125
2022-03-25 02:38:50,149 epoch 41 - iter 184/469 - loss 0.01283054 - samples/sec: 179.79 - lr: 0.003125
2022-03-25 02:38:58,426 epoch 41 - iter 230/469 - loss 0.01313904 - samples/sec: 177.91 - lr: 0.003125
2022-03-25 02:39:06,507 epoch 41 - iter 276/469 - loss 0.01324823 - samples/sec: 182.25 - lr: 0.003125
2022-03-25 02:39:14,873 epoch 41 - iter 322/469 - loss 0.01361273 - samples/sec: 176.01 - lr: 0.003125
2022-03-25 02:39:22,940 epoch 41 - iter 368/469 - loss 0.01373925 - samples/sec: 182.55 - lr: 0.003125
2022-03-25 02:39:31,301 epoch 41 - iter 414/469 - loss 0.01397650 - samples/sec: 176.14 - lr: 0.003125
2022-03-25 02:39:39,704 epoch 41 - iter 460/469 - loss 0.01409838 - samples/sec: 175.25 - lr: 0.003125
2022-03-25 02:39:41,109 ----------------------------------------------------------------------------------------------------
2022-03-25 02:39:41,109 EPOCH 41 done: loss 0.0141 - lr 0.003125
2022-03-25 02:40:05,274 Evaluating as a multi-label problem: False
2022-03-25 02:40:05,311 DEV : loss 0.028996571898460388 - f1-score (micro avg)  0.9555
2022-03-25 02:40:05,600 BAD EPOCHS (no improvement): 2
2022-03-25 02:40:05,609 ----------------------------------------------------------------------------------------------------
2022-03-25 02:40:14,001 epoch 42 - iter 46/469 - loss 0.01353310 - samples/sec: 175.51 - lr: 0.003125
2022-03-25 02:40:22,471 epoch 42 - iter 92/469 - loss 0.01397901 - samples/sec: 173.84 - lr: 0.003125
2022-03-25 02:40:30,677 epoch 42 - iter 138/469 - loss 0.01397516 - samples/sec: 179.46 - lr: 0.003125
2022-03-25 02:40:38,736 epoch 42 - iter 184/469 - loss 0.01413109 - samples/sec: 182.74 - lr: 0.003125
2022-03-25 02:40:47,223 epoch 42 - iter 230/469 - loss 0.01464807 - samples/sec: 173.50 - lr: 0.003125
2022-03-25 02:40:55,145 epoch 42 - iter 276/469 - loss 0.01430660 - samples/sec: 185.90 - lr: 0.003125
2022-03-25 02:41:03,297 epoch 42 - iter 322/469 - loss 0.01443414 - samples/sec: 180.64 - lr: 0.003125
2022-03-25 02:41:11,616 epoch 42 - iter 368/469 - loss 0.01447867 - samples/sec: 177.01 - lr: 0.003125
2022-03-25 02:41:19,850 epoch 42 - iter 414/469 - loss 0.01461265 - samples/sec: 178.86 - lr: 0.003125
2022-03-25 02:41:27,924 epoch 42 - iter 460/469 - loss 0.01455094 - samples/sec: 182.40 - lr: 0.003125
2022-03-25 02:41:29,455 ----------------------------------------------------------------------------------------------------
2022-03-25 02:41:29,455 EPOCH 42 done: loss 0.0146 - lr 0.003125
2022-03-25 02:41:51,377 Evaluating as a multi-label problem: False
2022-03-25 02:41:51,414 DEV : loss 0.029057033360004425 - f1-score (micro avg)  0.955
2022-03-25 02:41:51,704 BAD EPOCHS (no improvement): 3
2022-03-25 02:41:51,708 ----------------------------------------------------------------------------------------------------
2022-03-25 02:41:59,861 epoch 43 - iter 46/469 - loss 0.01296843 - samples/sec: 180.63 - lr: 0.003125
2022-03-25 02:42:08,298 epoch 43 - iter 92/469 - loss 0.01292978 - samples/sec: 174.55 - lr: 0.003125
2022-03-25 02:42:16,756 epoch 43 - iter 138/469 - loss 0.01337350 - samples/sec: 174.09 - lr: 0.003125
2022-03-25 02:42:24,884 epoch 43 - iter 184/469 - loss 0.01324407 - samples/sec: 181.18 - lr: 0.003125
2022-03-25 02:42:33,265 epoch 43 - iter 230/469 - loss 0.01388577 - samples/sec: 175.71 - lr: 0.003125
2022-03-25 02:42:41,662 epoch 43 - iter 276/469 - loss 0.01366737 - samples/sec: 175.37 - lr: 0.003125
2022-03-25 02:42:50,026 epoch 43 - iter 322/469 - loss 0.01346367 - samples/sec: 176.06 - lr: 0.003125
2022-03-25 02:42:58,170 epoch 43 - iter 368/469 - loss 0.01369309 - samples/sec: 180.83 - lr: 0.003125
2022-03-25 02:43:06,151 epoch 43 - iter 414/469 - loss 0.01400268 - samples/sec: 184.52 - lr: 0.003125
2022-03-25 02:43:14,381 epoch 43 - iter 460/469 - loss 0.01412601 - samples/sec: 178.93 - lr: 0.003125
2022-03-25 02:43:16,030 ----------------------------------------------------------------------------------------------------
2022-03-25 02:43:16,030 EPOCH 43 done: loss 0.0142 - lr 0.003125
2022-03-25 02:43:37,836 Evaluating as a multi-label problem: False
2022-03-25 02:43:37,874 DEV : loss 0.029235150665044785 - f1-score (micro avg)  0.9549
2022-03-25 02:43:38,165 Epoch    43: reducing learning rate of group 0 to 1.5625e-03.
2022-03-25 02:43:38,166 BAD EPOCHS (no improvement): 4
2022-03-25 02:43:38,169 ----------------------------------------------------------------------------------------------------
2022-03-25 02:43:46,342 epoch 44 - iter 46/469 - loss 0.01486906 - samples/sec: 180.19 - lr: 0.001563
2022-03-25 02:43:54,741 epoch 44 - iter 92/469 - loss 0.01462782 - samples/sec: 175.33 - lr: 0.001563
2022-03-25 02:44:03,079 epoch 44 - iter 138/469 - loss 0.01476858 - samples/sec: 176.61 - lr: 0.001563
2022-03-25 02:44:11,481 epoch 44 - iter 184/469 - loss 0.01548261 - samples/sec: 175.26 - lr: 0.001563
2022-03-25 02:44:19,923 epoch 44 - iter 230/469 - loss 0.01473093 - samples/sec: 174.44 - lr: 0.001563
2022-03-25 02:44:28,060 epoch 44 - iter 276/469 - loss 0.01448302 - samples/sec: 180.97 - lr: 0.001563
2022-03-25 02:44:36,369 epoch 44 - iter 322/469 - loss 0.01424678 - samples/sec: 177.24 - lr: 0.001563
2022-03-25 02:44:44,649 epoch 44 - iter 368/469 - loss 0.01425828 - samples/sec: 177.86 - lr: 0.001563
2022-03-25 02:44:52,896 epoch 44 - iter 414/469 - loss 0.01404858 - samples/sec: 178.55 - lr: 0.001563
2022-03-25 02:45:01,075 epoch 44 - iter 460/469 - loss 0.01401989 - samples/sec: 180.05 - lr: 0.001563
2022-03-25 02:45:02,550 ----------------------------------------------------------------------------------------------------
2022-03-25 02:45:02,550 EPOCH 44 done: loss 0.0141 - lr 0.001563
2022-03-25 02:45:26,722 Evaluating as a multi-label problem: False
2022-03-25 02:45:26,760 DEV : loss 0.029282523319125175 - f1-score (micro avg)  0.9546
2022-03-25 02:45:27,050 BAD EPOCHS (no improvement): 1
2022-03-25 02:45:27,054 ----------------------------------------------------------------------------------------------------
2022-03-25 02:45:35,458 epoch 45 - iter 46/469 - loss 0.01627369 - samples/sec: 175.25 - lr: 0.001563
2022-03-25 02:45:43,815 epoch 45 - iter 92/469 - loss 0.01541052 - samples/sec: 176.21 - lr: 0.001563
2022-03-25 02:45:52,129 epoch 45 - iter 138/469 - loss 0.01545530 - samples/sec: 177.12 - lr: 0.001563
2022-03-25 02:46:00,111 epoch 45 - iter 184/469 - loss 0.01511203 - samples/sec: 184.50 - lr: 0.001563
2022-03-25 02:46:08,608 epoch 45 - iter 230/469 - loss 0.01543563 - samples/sec: 173.29 - lr: 0.001563
2022-03-25 02:46:16,805 epoch 45 - iter 276/469 - loss 0.01480577 - samples/sec: 179.65 - lr: 0.001563
2022-03-25 02:46:25,010 epoch 45 - iter 322/469 - loss 0.01469462 - samples/sec: 179.49 - lr: 0.001563
2022-03-25 02:46:33,203 epoch 45 - iter 368/469 - loss 0.01452273 - samples/sec: 179.74 - lr: 0.001563
2022-03-25 02:46:41,232 epoch 45 - iter 414/469 - loss 0.01452533 - samples/sec: 183.43 - lr: 0.001563
2022-03-25 02:46:49,386 epoch 45 - iter 460/469 - loss 0.01443341 - samples/sec: 180.58 - lr: 0.001563
2022-03-25 02:46:51,001 ----------------------------------------------------------------------------------------------------
2022-03-25 02:46:51,001 EPOCH 45 done: loss 0.0145 - lr 0.001563
2022-03-25 02:47:12,806 Evaluating as a multi-label problem: False
2022-03-25 02:47:12,844 DEV : loss 0.029405612498521805 - f1-score (micro avg)  0.9543
2022-03-25 02:47:13,134 BAD EPOCHS (no improvement): 2
2022-03-25 02:47:13,138 ----------------------------------------------------------------------------------------------------
2022-03-25 02:47:22,044 epoch 46 - iter 46/469 - loss 0.01360100 - samples/sec: 165.37 - lr: 0.001563
2022-03-25 02:47:30,234 epoch 46 - iter 92/469 - loss 0.01315864 - samples/sec: 179.79 - lr: 0.001563
2022-03-25 02:47:38,185 epoch 46 - iter 138/469 - loss 0.01294492 - samples/sec: 185.21 - lr: 0.001563
2022-03-25 02:47:46,442 epoch 46 - iter 184/469 - loss 0.01308994 - samples/sec: 178.36 - lr: 0.001563
2022-03-25 02:47:54,531 epoch 46 - iter 230/469 - loss 0.01299328 - samples/sec: 182.03 - lr: 0.001563
2022-03-25 02:48:02,733 epoch 46 - iter 276/469 - loss 0.01309191 - samples/sec: 179.55 - lr: 0.001563
2022-03-25 02:48:10,837 epoch 46 - iter 322/469 - loss 0.01330047 - samples/sec: 181.71 - lr: 0.001563
2022-03-25 02:48:19,044 epoch 46 - iter 368/469 - loss 0.01332230 - samples/sec: 179.44 - lr: 0.001563
2022-03-25 02:48:27,131 epoch 46 - iter 414/469 - loss 0.01353498 - samples/sec: 182.10 - lr: 0.001563
2022-03-25 02:48:35,265 epoch 46 - iter 460/469 - loss 0.01373784 - samples/sec: 181.05 - lr: 0.001563
2022-03-25 02:48:36,846 ----------------------------------------------------------------------------------------------------
2022-03-25 02:48:36,847 EPOCH 46 done: loss 0.0138 - lr 0.001563
2022-03-25 02:48:58,528 Evaluating as a multi-label problem: False
2022-03-25 02:48:58,565 DEV : loss 0.029355134814977646 - f1-score (micro avg)  0.9546
2022-03-25 02:48:58,855 BAD EPOCHS (no improvement): 3
2022-03-25 02:48:58,859 ----------------------------------------------------------------------------------------------------
2022-03-25 02:49:07,000 epoch 47 - iter 46/469 - loss 0.01307403 - samples/sec: 180.90 - lr: 0.001563
2022-03-25 02:49:15,099 epoch 47 - iter 92/469 - loss 0.01299545 - samples/sec: 181.83 - lr: 0.001563
2022-03-25 02:49:23,489 epoch 47 - iter 138/469 - loss 0.01389228 - samples/sec: 175.51 - lr: 0.001563
2022-03-25 02:49:31,631 epoch 47 - iter 184/469 - loss 0.01405704 - samples/sec: 180.88 - lr: 0.001563
2022-03-25 02:49:40,272 epoch 47 - iter 230/469 - loss 0.01367464 - samples/sec: 170.41 - lr: 0.001563
2022-03-25 02:49:48,709 epoch 47 - iter 276/469 - loss 0.01376726 - samples/sec: 174.54 - lr: 0.001563
2022-03-25 02:49:57,115 epoch 47 - iter 322/469 - loss 0.01400059 - samples/sec: 175.18 - lr: 0.001563
2022-03-25 02:50:05,493 epoch 47 - iter 368/469 - loss 0.01422033 - samples/sec: 175.76 - lr: 0.001563
2022-03-25 02:50:13,280 epoch 47 - iter 414/469 - loss 0.01426008 - samples/sec: 189.13 - lr: 0.001563
2022-03-25 02:50:21,412 epoch 47 - iter 460/469 - loss 0.01428699 - samples/sec: 181.09 - lr: 0.001563
2022-03-25 02:50:22,877 ----------------------------------------------------------------------------------------------------
2022-03-25 02:50:22,877 EPOCH 47 done: loss 0.0144 - lr 0.001563
2022-03-25 02:50:43,750 Evaluating as a multi-label problem: False
2022-03-25 02:50:43,787 DEV : loss 0.02936851978302002 - f1-score (micro avg)  0.9547
2022-03-25 02:50:44,076 Epoch    47: reducing learning rate of group 0 to 7.8125e-04.
2022-03-25 02:50:44,077 BAD EPOCHS (no improvement): 4
2022-03-25 02:50:44,080 ----------------------------------------------------------------------------------------------------
2022-03-25 02:50:52,243 epoch 48 - iter 46/469 - loss 0.01498880 - samples/sec: 180.42 - lr: 0.000781
2022-03-25 02:51:00,498 epoch 48 - iter 92/469 - loss 0.01419253 - samples/sec: 178.39 - lr: 0.000781
2022-03-25 02:51:08,601 epoch 48 - iter 138/469 - loss 0.01361475 - samples/sec: 181.74 - lr: 0.000781
2022-03-25 02:51:16,838 epoch 48 - iter 184/469 - loss 0.01404066 - samples/sec: 178.78 - lr: 0.000781
2022-03-25 02:51:25,513 epoch 48 - iter 230/469 - loss 0.01477955 - samples/sec: 169.74 - lr: 0.000781
2022-03-25 02:51:36,066 epoch 48 - iter 276/469 - loss 0.01493068 - samples/sec: 139.53 - lr: 0.000781
2022-03-25 02:51:44,228 epoch 48 - iter 322/469 - loss 0.01461020 - samples/sec: 180.42 - lr: 0.000781
2022-03-25 02:51:52,194 epoch 48 - iter 368/469 - loss 0.01424882 - samples/sec: 184.84 - lr: 0.000781
2022-03-25 02:52:00,369 epoch 48 - iter 414/469 - loss 0.01416104 - samples/sec: 180.14 - lr: 0.000781
2022-03-25 02:52:08,325 epoch 48 - iter 460/469 - loss 0.01406799 - samples/sec: 185.10 - lr: 0.000781
2022-03-25 02:52:09,771 ----------------------------------------------------------------------------------------------------
2022-03-25 02:52:09,771 EPOCH 48 done: loss 0.0142 - lr 0.000781
2022-03-25 02:52:31,420 Evaluating as a multi-label problem: False
2022-03-25 02:52:31,457 DEV : loss 0.029276497662067413 - f1-score (micro avg)  0.9545
2022-03-25 02:52:31,746 BAD EPOCHS (no improvement): 1
2022-03-25 02:52:31,764 ----------------------------------------------------------------------------------------------------
2022-03-25 02:52:40,320 epoch 49 - iter 46/469 - loss 0.01567296 - samples/sec: 172.13 - lr: 0.000781
2022-03-25 02:52:48,500 epoch 49 - iter 92/469 - loss 0.01486856 - samples/sec: 180.04 - lr: 0.000781
2022-03-25 02:52:56,525 epoch 49 - iter 138/469 - loss 0.01442408 - samples/sec: 183.48 - lr: 0.000781
2022-03-25 02:53:04,513 epoch 49 - iter 184/469 - loss 0.01397559 - samples/sec: 184.36 - lr: 0.000781
2022-03-25 02:53:12,632 epoch 49 - iter 230/469 - loss 0.01360487 - samples/sec: 181.36 - lr: 0.000781
2022-03-25 02:53:20,762 epoch 49 - iter 276/469 - loss 0.01357941 - samples/sec: 181.14 - lr: 0.000781
2022-03-25 02:53:29,286 epoch 49 - iter 322/469 - loss 0.01384819 - samples/sec: 172.76 - lr: 0.000781
2022-03-25 02:53:37,314 epoch 49 - iter 368/469 - loss 0.01414939 - samples/sec: 183.43 - lr: 0.000781
2022-03-25 02:53:45,758 epoch 49 - iter 414/469 - loss 0.01440552 - samples/sec: 174.41 - lr: 0.000781
2022-03-25 02:53:53,828 epoch 49 - iter 460/469 - loss 0.01427618 - samples/sec: 182.48 - lr: 0.000781
2022-03-25 02:53:55,271 ----------------------------------------------------------------------------------------------------
2022-03-25 02:53:55,271 EPOCH 49 done: loss 0.0143 - lr 0.000781
2022-03-25 02:54:16,924 Evaluating as a multi-label problem: False
2022-03-25 02:54:16,962 DEV : loss 0.02932802215218544 - f1-score (micro avg)  0.9548
2022-03-25 02:54:17,251 BAD EPOCHS (no improvement): 2
2022-03-25 02:54:17,255 ----------------------------------------------------------------------------------------------------
2022-03-25 02:54:25,559 epoch 50 - iter 46/469 - loss 0.01257826 - samples/sec: 177.35 - lr: 0.000781
2022-03-25 02:54:33,446 epoch 50 - iter 92/469 - loss 0.01396219 - samples/sec: 186.71 - lr: 0.000781
2022-03-25 02:54:41,506 epoch 50 - iter 138/469 - loss 0.01396809 - samples/sec: 182.71 - lr: 0.000781
2022-03-25 02:54:49,853 epoch 50 - iter 184/469 - loss 0.01402353 - samples/sec: 176.43 - lr: 0.000781
2022-03-25 02:54:58,117 epoch 50 - iter 230/469 - loss 0.01449037 - samples/sec: 178.17 - lr: 0.000781
2022-03-25 02:55:06,443 epoch 50 - iter 276/469 - loss 0.01458001 - samples/sec: 176.87 - lr: 0.000781
2022-03-25 02:55:14,635 epoch 50 - iter 322/469 - loss 0.01433603 - samples/sec: 179.76 - lr: 0.000781
2022-03-25 02:55:22,781 epoch 50 - iter 368/469 - loss 0.01428166 - samples/sec: 180.78 - lr: 0.000781
2022-03-25 02:55:30,842 epoch 50 - iter 414/469 - loss 0.01418150 - samples/sec: 182.68 - lr: 0.000781
2022-03-25 02:55:38,833 epoch 50 - iter 460/469 - loss 0.01430007 - samples/sec: 184.30 - lr: 0.000781
2022-03-25 02:55:40,367 ----------------------------------------------------------------------------------------------------
2022-03-25 02:55:40,367 EPOCH 50 done: loss 0.0142 - lr 0.000781
2022-03-25 02:56:02,010 Evaluating as a multi-label problem: False
2022-03-25 02:56:02,048 DEV : loss 0.02934528887271881 - f1-score (micro avg)  0.955
2022-03-25 02:56:02,336 BAD EPOCHS (no improvement): 3
2022-03-25 02:56:02,339 ----------------------------------------------------------------------------------------------------
2022-03-25 02:56:10,586 epoch 51 - iter 46/469 - loss 0.01487076 - samples/sec: 178.59 - lr: 0.000781
2022-03-25 02:56:19,016 epoch 51 - iter 92/469 - loss 0.01418213 - samples/sec: 174.68 - lr: 0.000781
2022-03-25 02:56:26,893 epoch 51 - iter 138/469 - loss 0.01417674 - samples/sec: 186.96 - lr: 0.000781
2022-03-25 02:56:34,950 epoch 51 - iter 184/469 - loss 0.01368438 - samples/sec: 182.76 - lr: 0.000781
2022-03-25 02:56:43,195 epoch 51 - iter 230/469 - loss 0.01365415 - samples/sec: 178.62 - lr: 0.000781
2022-03-25 02:56:51,275 epoch 51 - iter 276/469 - loss 0.01377996 - samples/sec: 182.23 - lr: 0.000781
2022-03-25 02:56:59,065 epoch 51 - iter 322/469 - loss 0.01382116 - samples/sec: 189.04 - lr: 0.000781
2022-03-25 02:57:07,294 epoch 51 - iter 368/469 - loss 0.01379548 - samples/sec: 178.96 - lr: 0.000781
2022-03-25 02:57:15,665 epoch 51 - iter 414/469 - loss 0.01373709 - samples/sec: 175.92 - lr: 0.000781
2022-03-25 02:57:23,978 epoch 51 - iter 460/469 - loss 0.01391175 - samples/sec: 177.14 - lr: 0.000781
2022-03-25 02:57:25,500 ----------------------------------------------------------------------------------------------------
2022-03-25 02:57:25,500 EPOCH 51 done: loss 0.0139 - lr 0.000781
2022-03-25 02:57:49,402 Evaluating as a multi-label problem: False
2022-03-25 02:57:49,439 DEV : loss 0.02930823527276516 - f1-score (micro avg)  0.955
2022-03-25 02:57:49,728 Epoch    51: reducing learning rate of group 0 to 3.9063e-04.
2022-03-25 02:57:49,729 BAD EPOCHS (no improvement): 4
2022-03-25 02:57:49,732 ----------------------------------------------------------------------------------------------------
2022-03-25 02:57:58,235 epoch 52 - iter 46/469 - loss 0.01382667 - samples/sec: 173.19 - lr: 0.000391
2022-03-25 02:58:06,359 epoch 52 - iter 92/469 - loss 0.01450217 - samples/sec: 181.28 - lr: 0.000391
2022-03-25 02:58:14,643 epoch 52 - iter 138/469 - loss 0.01348721 - samples/sec: 177.76 - lr: 0.000391
2022-03-25 02:58:22,943 epoch 52 - iter 184/469 - loss 0.01332161 - samples/sec: 177.42 - lr: 0.000391
2022-03-25 02:58:30,983 epoch 52 - iter 230/469 - loss 0.01348038 - samples/sec: 183.16 - lr: 0.000391
2022-03-25 02:58:39,001 epoch 52 - iter 276/469 - loss 0.01339766 - samples/sec: 183.66 - lr: 0.000391
2022-03-25 02:58:47,034 epoch 52 - iter 322/469 - loss 0.01349141 - samples/sec: 183.31 - lr: 0.000391
2022-03-25 02:58:55,036 epoch 52 - iter 368/469 - loss 0.01329593 - samples/sec: 184.04 - lr: 0.000391
2022-03-25 02:59:03,424 epoch 52 - iter 414/469 - loss 0.01358553 - samples/sec: 175.54 - lr: 0.000391
2022-03-25 02:59:11,685 epoch 52 - iter 460/469 - loss 0.01383521 - samples/sec: 178.26 - lr: 0.000391
2022-03-25 02:59:13,307 ----------------------------------------------------------------------------------------------------
2022-03-25 02:59:13,307 EPOCH 52 done: loss 0.0138 - lr 0.000391
2022-03-25 02:59:34,906 Evaluating as a multi-label problem: False
2022-03-25 02:59:34,943 DEV : loss 0.029314232990145683 - f1-score (micro avg)  0.9552
2022-03-25 02:59:35,233 BAD EPOCHS (no improvement): 1
2022-03-25 02:59:35,237 ----------------------------------------------------------------------------------------------------
2022-03-25 02:59:43,526 epoch 53 - iter 46/469 - loss 0.01330547 - samples/sec: 177.67 - lr: 0.000391
2022-03-25 02:59:51,624 epoch 53 - iter 92/469 - loss 0.01366915 - samples/sec: 181.85 - lr: 0.000391
2022-03-25 02:59:59,818 epoch 53 - iter 138/469 - loss 0.01349135 - samples/sec: 179.73 - lr: 0.000391
2022-03-25 03:00:07,958 epoch 53 - iter 184/469 - loss 0.01407783 - samples/sec: 180.89 - lr: 0.000391
2022-03-25 03:00:16,078 epoch 53 - iter 230/469 - loss 0.01419809 - samples/sec: 181.35 - lr: 0.000391
2022-03-25 03:00:24,385 epoch 53 - iter 276/469 - loss 0.01435259 - samples/sec: 177.28 - lr: 0.000391
2022-03-25 03:00:32,939 epoch 53 - iter 322/469 - loss 0.01421497 - samples/sec: 172.15 - lr: 0.000391
2022-03-25 03:00:41,303 epoch 53 - iter 368/469 - loss 0.01417319 - samples/sec: 176.06 - lr: 0.000391
2022-03-25 03:00:49,487 epoch 53 - iter 414/469 - loss 0.01418315 - samples/sec: 179.93 - lr: 0.000391
2022-03-25 03:00:57,650 epoch 53 - iter 460/469 - loss 0.01409731 - samples/sec: 180.40 - lr: 0.000391
2022-03-25 03:00:59,074 ----------------------------------------------------------------------------------------------------
2022-03-25 03:00:59,074 EPOCH 53 done: loss 0.0141 - lr 0.000391
2022-03-25 03:01:20,791 Evaluating as a multi-label problem: False
2022-03-25 03:01:20,828 DEV : loss 0.029289187863469124 - f1-score (micro avg)  0.9554
2022-03-25 03:01:21,119 BAD EPOCHS (no improvement): 2
2022-03-25 03:01:21,143 ----------------------------------------------------------------------------------------------------
2022-03-25 03:01:29,580 epoch 54 - iter 46/469 - loss 0.01236100 - samples/sec: 174.57 - lr: 0.000391
2022-03-25 03:01:37,759 epoch 54 - iter 92/469 - loss 0.01180173 - samples/sec: 180.03 - lr: 0.000391
2022-03-25 03:01:45,897 epoch 54 - iter 138/469 - loss 0.01244158 - samples/sec: 180.97 - lr: 0.000391
2022-03-25 03:01:53,978 epoch 54 - iter 184/469 - loss 0.01268697 - samples/sec: 182.22 - lr: 0.000391
2022-03-25 03:02:02,113 epoch 54 - iter 230/469 - loss 0.01269700 - samples/sec: 181.03 - lr: 0.000391
2022-03-25 03:02:10,131 epoch 54 - iter 276/469 - loss 0.01311997 - samples/sec: 183.66 - lr: 0.000391
2022-03-25 03:02:18,553 epoch 54 - iter 322/469 - loss 0.01296804 - samples/sec: 174.83 - lr: 0.000391
2022-03-25 03:02:26,852 epoch 54 - iter 368/469 - loss 0.01318583 - samples/sec: 177.45 - lr: 0.000391
2022-03-25 03:02:35,029 epoch 54 - iter 414/469 - loss 0.01351220 - samples/sec: 180.10 - lr: 0.000391
2022-03-25 03:02:43,428 epoch 54 - iter 460/469 - loss 0.01369941 - samples/sec: 175.31 - lr: 0.000391
2022-03-25 03:02:44,902 ----------------------------------------------------------------------------------------------------
2022-03-25 03:02:44,902 EPOCH 54 done: loss 0.0137 - lr 0.000391
2022-03-25 03:03:09,000 Evaluating as a multi-label problem: False
2022-03-25 03:03:09,039 DEV : loss 0.02933192253112793 - f1-score (micro avg)  0.9552
2022-03-25 03:03:09,328 BAD EPOCHS (no improvement): 3
2022-03-25 03:03:09,332 ----------------------------------------------------------------------------------------------------
2022-03-25 03:03:17,753 epoch 55 - iter 46/469 - loss 0.01446546 - samples/sec: 174.90 - lr: 0.000391
2022-03-25 03:03:25,930 epoch 55 - iter 92/469 - loss 0.01553189 - samples/sec: 180.10 - lr: 0.000391
2022-03-25 03:03:34,101 epoch 55 - iter 138/469 - loss 0.01541406 - samples/sec: 180.23 - lr: 0.000391
2022-03-25 03:03:42,357 epoch 55 - iter 184/469 - loss 0.01548631 - samples/sec: 178.36 - lr: 0.000391
2022-03-25 03:03:50,288 epoch 55 - iter 230/469 - loss 0.01518433 - samples/sec: 185.69 - lr: 0.000391
2022-03-25 03:03:58,899 epoch 55 - iter 276/469 - loss 0.01480084 - samples/sec: 171.01 - lr: 0.000391
2022-03-25 03:04:06,875 epoch 55 - iter 322/469 - loss 0.01498396 - samples/sec: 184.63 - lr: 0.000391
2022-03-25 03:04:15,453 epoch 55 - iter 368/469 - loss 0.01475446 - samples/sec: 171.66 - lr: 0.000391
2022-03-25 03:04:23,539 epoch 55 - iter 414/469 - loss 0.01480458 - samples/sec: 182.12 - lr: 0.000391
2022-03-25 03:04:31,669 epoch 55 - iter 460/469 - loss 0.01474341 - samples/sec: 181.13 - lr: 0.000391
2022-03-25 03:04:33,198 ----------------------------------------------------------------------------------------------------
2022-03-25 03:04:33,198 EPOCH 55 done: loss 0.0147 - lr 0.000391
2022-03-25 03:04:54,957 Evaluating as a multi-label problem: False
2022-03-25 03:04:54,996 DEV : loss 0.02933276817202568 - f1-score (micro avg)  0.9552
2022-03-25 03:04:55,286 Epoch    55: reducing learning rate of group 0 to 1.9531e-04.
2022-03-25 03:04:55,287 BAD EPOCHS (no improvement): 4
2022-03-25 03:04:55,290 ----------------------------------------------------------------------------------------------------
2022-03-25 03:05:03,884 epoch 56 - iter 46/469 - loss 0.01361357 - samples/sec: 171.38 - lr: 0.000195
2022-03-25 03:05:12,283 epoch 56 - iter 92/469 - loss 0.01328483 - samples/sec: 175.33 - lr: 0.000195
2022-03-25 03:05:20,451 epoch 56 - iter 138/469 - loss 0.01363047 - samples/sec: 180.29 - lr: 0.000195
2022-03-25 03:05:28,625 epoch 56 - iter 184/469 - loss 0.01383752 - samples/sec: 180.14 - lr: 0.000195
2022-03-25 03:05:36,660 epoch 56 - iter 230/469 - loss 0.01414443 - samples/sec: 183.27 - lr: 0.000195
2022-03-25 03:05:44,876 epoch 56 - iter 276/469 - loss 0.01419135 - samples/sec: 179.25 - lr: 0.000195
2022-03-25 03:05:52,793 epoch 56 - iter 322/469 - loss 0.01419953 - samples/sec: 185.99 - lr: 0.000195
2022-03-25 03:06:00,915 epoch 56 - iter 368/469 - loss 0.01391970 - samples/sec: 181.31 - lr: 0.000195
2022-03-25 03:06:09,064 epoch 56 - iter 414/469 - loss 0.01369135 - samples/sec: 180.71 - lr: 0.000195
2022-03-25 03:06:17,064 epoch 56 - iter 460/469 - loss 0.01372885 - samples/sec: 184.08 - lr: 0.000195
2022-03-25 03:06:18,471 ----------------------------------------------------------------------------------------------------
2022-03-25 03:06:18,471 EPOCH 56 done: loss 0.0138 - lr 0.000195
2022-03-25 03:06:40,040 Evaluating as a multi-label problem: False
2022-03-25 03:06:40,077 DEV : loss 0.029326383024454117 - f1-score (micro avg)  0.955
2022-03-25 03:06:40,366 BAD EPOCHS (no improvement): 1
2022-03-25 03:06:40,370 ----------------------------------------------------------------------------------------------------
2022-03-25 03:06:48,926 epoch 57 - iter 46/469 - loss 0.01440338 - samples/sec: 172.12 - lr: 0.000195
2022-03-25 03:06:57,260 epoch 57 - iter 92/469 - loss 0.01337058 - samples/sec: 176.68 - lr: 0.000195
2022-03-25 03:07:05,497 epoch 57 - iter 138/469 - loss 0.01349245 - samples/sec: 178.80 - lr: 0.000195
2022-03-25 03:07:13,539 epoch 57 - iter 184/469 - loss 0.01404450 - samples/sec: 183.11 - lr: 0.000195
2022-03-25 03:07:21,575 epoch 57 - iter 230/469 - loss 0.01454184 - samples/sec: 183.25 - lr: 0.000195
2022-03-25 03:07:29,455 epoch 57 - iter 276/469 - loss 0.01448656 - samples/sec: 186.87 - lr: 0.000195
2022-03-25 03:07:37,665 epoch 57 - iter 322/469 - loss 0.01460771 - samples/sec: 179.38 - lr: 0.000195
2022-03-25 03:07:45,843 epoch 57 - iter 368/469 - loss 0.01422494 - samples/sec: 180.06 - lr: 0.000195
2022-03-25 03:07:53,703 epoch 57 - iter 414/469 - loss 0.01435263 - samples/sec: 187.37 - lr: 0.000195
2022-03-25 03:08:01,796 epoch 57 - iter 460/469 - loss 0.01439131 - samples/sec: 181.96 - lr: 0.000195
2022-03-25 03:08:03,392 ----------------------------------------------------------------------------------------------------
2022-03-25 03:08:03,392 EPOCH 57 done: loss 0.0143 - lr 0.000195
2022-03-25 03:08:27,215 Evaluating as a multi-label problem: False
2022-03-25 03:08:27,252 DEV : loss 0.0293348990380764 - f1-score (micro avg)  0.955
2022-03-25 03:08:27,536 BAD EPOCHS (no improvement): 2
2022-03-25 03:08:27,539 ----------------------------------------------------------------------------------------------------
2022-03-25 03:08:35,529 epoch 58 - iter 46/469 - loss 0.01224916 - samples/sec: 184.33 - lr: 0.000195
2022-03-25 03:08:43,874 epoch 58 - iter 92/469 - loss 0.01247862 - samples/sec: 176.47 - lr: 0.000195
2022-03-25 03:08:52,188 epoch 58 - iter 138/469 - loss 0.01327646 - samples/sec: 177.13 - lr: 0.000195
2022-03-25 03:09:00,348 epoch 58 - iter 184/469 - loss 0.01375551 - samples/sec: 180.45 - lr: 0.000195
2022-03-25 03:09:08,216 epoch 58 - iter 230/469 - loss 0.01352654 - samples/sec: 187.18 - lr: 0.000195
2022-03-25 03:09:16,874 epoch 58 - iter 276/469 - loss 0.01348068 - samples/sec: 170.08 - lr: 0.000195
2022-03-25 03:09:24,892 epoch 58 - iter 322/469 - loss 0.01369868 - samples/sec: 183.65 - lr: 0.000195
2022-03-25 03:09:32,972 epoch 58 - iter 368/469 - loss 0.01367117 - samples/sec: 182.26 - lr: 0.000195
2022-03-25 03:09:41,241 epoch 58 - iter 414/469 - loss 0.01372382 - samples/sec: 178.08 - lr: 0.000195
2022-03-25 03:09:49,040 epoch 58 - iter 460/469 - loss 0.01379176 - samples/sec: 188.84 - lr: 0.000195
2022-03-25 03:09:50,635 ----------------------------------------------------------------------------------------------------
2022-03-25 03:09:50,635 EPOCH 58 done: loss 0.0138 - lr 0.000195
2022-03-25 03:10:11,922 Evaluating as a multi-label problem: False
2022-03-25 03:10:11,959 DEV : loss 0.029332850128412247 - f1-score (micro avg)  0.955
2022-03-25 03:10:12,247 BAD EPOCHS (no improvement): 3
2022-03-25 03:10:12,250 ----------------------------------------------------------------------------------------------------
2022-03-25 03:10:20,522 epoch 59 - iter 46/469 - loss 0.01298067 - samples/sec: 178.05 - lr: 0.000195
2022-03-25 03:10:28,524 epoch 59 - iter 92/469 - loss 0.01477619 - samples/sec: 184.04 - lr: 0.000195
2022-03-25 03:10:36,453 epoch 59 - iter 138/469 - loss 0.01398335 - samples/sec: 185.72 - lr: 0.000195
2022-03-25 03:10:44,662 epoch 59 - iter 184/469 - loss 0.01380191 - samples/sec: 179.38 - lr: 0.000195
2022-03-25 03:10:52,514 epoch 59 - iter 230/469 - loss 0.01392455 - samples/sec: 187.55 - lr: 0.000195
2022-03-25 03:11:00,776 epoch 59 - iter 276/469 - loss 0.01401624 - samples/sec: 178.23 - lr: 0.000195
2022-03-25 03:11:08,781 epoch 59 - iter 322/469 - loss 0.01402165 - samples/sec: 183.97 - lr: 0.000195
2022-03-25 03:11:16,921 epoch 59 - iter 368/469 - loss 0.01400069 - samples/sec: 180.91 - lr: 0.000195
2022-03-25 03:11:25,489 epoch 59 - iter 414/469 - loss 0.01368580 - samples/sec: 171.86 - lr: 0.000195
2022-03-25 03:11:33,814 epoch 59 - iter 460/469 - loss 0.01351195 - samples/sec: 176.89 - lr: 0.000195
2022-03-25 03:11:35,234 ----------------------------------------------------------------------------------------------------
2022-03-25 03:11:35,235 EPOCH 59 done: loss 0.0135 - lr 0.000195
2022-03-25 03:11:56,849 Evaluating as a multi-label problem: False
2022-03-25 03:11:56,887 DEV : loss 0.029333418235182762 - f1-score (micro avg)  0.955
2022-03-25 03:11:57,176 Epoch    59: reducing learning rate of group 0 to 9.7656e-05.
2022-03-25 03:11:57,177 BAD EPOCHS (no improvement): 4
2022-03-25 03:11:57,179 ----------------------------------------------------------------------------------------------------
2022-03-25 03:11:57,179 ----------------------------------------------------------------------------------------------------
2022-03-25 03:11:57,180 learning rate too small - quitting training!
2022-03-25 03:11:57,180 ----------------------------------------------------------------------------------------------------
2022-03-25 03:12:11,808 ----------------------------------------------------------------------------------------------------
2022-03-25 03:12:11,809 loading file resources/taggers/model_08_r3_run_3/best-model.pt
2022-03-25 03:12:22,092 SequenceTagger predicts: Dictionary with 19 tags: O, S-LOC, B-LOC, E-LOC, I-LOC, S-PER, B-PER, E-PER, I-PER, S-ORG, B-ORG, E-ORG, I-ORG, S-MISC, B-MISC, E-MISC, I-MISC, <START>, <STOP>
2022-03-25 03:12:58,075 Evaluating as a multi-label problem: False
2022-03-25 03:12:58,111 0.922	0.9305	0.9262	0.8907
2022-03-25 03:12:58,111 
Results:
- F-score (micro) 0.9262
- F-score (macro) 0.9122
- Accuracy 0.8907

By class:
              precision    recall  f1-score   support

         ORG     0.9022    0.9240    0.9130      1658
         LOC     0.9396    0.9363    0.9380      1663
         PER     0.9696    0.9702    0.9699      1612
        MISC     0.8178    0.8382    0.8279       680

   micro avg     0.9220    0.9305    0.9262      5613
   macro avg     0.9073    0.9172    0.9122      5613
weighted avg     0.9224    0.9305    0.9264      5613

2022-03-25 03:12:58,111 ----------------------------------------------------------------------------------------------------
