2022-04-23 23:24:26,790 ----------------------------------------------------------------------------------------------------
2022-04-23 23:24:26,790 Model: "SequenceTagger(
  (embeddings): StackedEmbeddings(
    (list_embedding_0): GazetteerEmbeddings()
    (list_embedding_1): WordEmbeddings(
      'glove'
      (embedding): Embedding(400001, 100)
    )
    (list_embedding_2): FlairEmbeddings(
      (lm): LanguageModel(
        (drop): Dropout(p=0.05, inplace=False)
        (encoder): Embedding(300, 100)
        (rnn): LSTM(100, 2048)
        (decoder): Linear(in_features=2048, out_features=300, bias=True)
      )
    )
    (list_embedding_3): FlairEmbeddings(
      (lm): LanguageModel(
        (drop): Dropout(p=0.05, inplace=False)
        (encoder): Embedding(300, 100)
        (rnn): LSTM(100, 2048)
        (decoder): Linear(in_features=2048, out_features=300, bias=True)
      )
    )
  )
  (word_dropout): WordDropout(p=0.05)
  (locked_dropout): LockedDropout(p=0.5)
  (embedding2nn): Linear(in_features=5022, out_features=5022, bias=True)
  (rnn): LSTM(5022, 256, batch_first=True, bidirectional=True)
  (linear): Linear(in_features=512, out_features=27, bias=True)
  (loss_function): ViterbiLoss()
  (crf): CRF()
)"
2022-04-23 23:24:26,790 ----------------------------------------------------------------------------------------------------
2022-04-23 23:24:26,790 Corpus: "Corpus: 3394 train + 1009 dev + 1287 test sentences"
2022-04-23 23:24:26,790 ----------------------------------------------------------------------------------------------------
2022-04-23 23:24:26,790 Parameters:
2022-04-23 23:24:26,790  - learning_rate: "0.100000"
2022-04-23 23:24:26,790  - mini_batch_size: "32"
2022-04-23 23:24:26,790  - patience: "3"
2022-04-23 23:24:26,790  - anneal_factor: "0.5"
2022-04-23 23:24:26,791  - max_epochs: "150"
2022-04-23 23:24:26,791  - shuffle: "True"
2022-04-23 23:24:26,791  - train_with_dev: "False"
2022-04-23 23:24:26,791  - batch_growth_annealing: "False"
2022-04-23 23:24:26,791 ----------------------------------------------------------------------------------------------------
2022-04-23 23:24:26,791 Model training base path: "resources/taggers/model_06_r5_run_3"
2022-04-23 23:24:26,791 ----------------------------------------------------------------------------------------------------
2022-04-23 23:24:26,791 Device: cuda:2
2022-04-23 23:24:26,791 ----------------------------------------------------------------------------------------------------
2022-04-23 23:24:26,791 Embeddings storage mode: cpu
2022-04-23 23:24:26,791 ----------------------------------------------------------------------------------------------------
2022-04-23 23:24:29,337 epoch 1 - iter 10/107 - loss 0.72744549 - samples/sec: 125.71 - lr: 0.100000
2022-04-23 23:24:32,088 epoch 1 - iter 20/107 - loss 0.50411338 - samples/sec: 116.37 - lr: 0.100000
2022-04-23 23:24:34,833 epoch 1 - iter 30/107 - loss 0.43151678 - samples/sec: 116.64 - lr: 0.100000
2022-04-23 23:24:37,540 epoch 1 - iter 40/107 - loss 0.39074102 - samples/sec: 118.25 - lr: 0.100000
2022-04-23 23:24:40,233 epoch 1 - iter 50/107 - loss 0.35505252 - samples/sec: 118.89 - lr: 0.100000
2022-04-23 23:24:42,918 epoch 1 - iter 60/107 - loss 0.34284102 - samples/sec: 119.19 - lr: 0.100000
2022-04-23 23:24:45,643 epoch 1 - iter 70/107 - loss 0.33335748 - samples/sec: 117.50 - lr: 0.100000
2022-04-23 23:24:48,157 epoch 1 - iter 80/107 - loss 0.32918402 - samples/sec: 127.32 - lr: 0.100000
2022-04-23 23:24:50,507 epoch 1 - iter 90/107 - loss 0.32522136 - samples/sec: 136.21 - lr: 0.100000
2022-04-23 23:24:52,909 epoch 1 - iter 100/107 - loss 0.32024708 - samples/sec: 133.29 - lr: 0.100000
2022-04-23 23:24:54,331 ----------------------------------------------------------------------------------------------------
2022-04-23 23:24:54,331 EPOCH 1 done: loss 0.3144 - lr 0.100000
2022-04-23 23:25:02,594 Evaluating as a multi-label problem: False
2022-04-23 23:25:02,604 DEV : loss 0.43707987666130066 - f1-score (micro avg)  0.1292
2022-04-23 23:25:02,689 BAD EPOCHS (no improvement): 0
2022-04-23 23:25:02,692 saving best model
2022-04-23 23:25:40,506 ----------------------------------------------------------------------------------------------------
2022-04-23 23:25:43,224 epoch 2 - iter 10/107 - loss 0.17262053 - samples/sec: 117.81 - lr: 0.100000
2022-04-23 23:25:45,786 epoch 2 - iter 20/107 - loss 0.19362633 - samples/sec: 124.95 - lr: 0.100000
2022-04-23 23:25:48,421 epoch 2 - iter 30/107 - loss 0.20398101 - samples/sec: 121.52 - lr: 0.100000
2022-04-23 23:25:51,056 epoch 2 - iter 40/107 - loss 0.21007245 - samples/sec: 121.46 - lr: 0.100000
2022-04-23 23:25:53,700 epoch 2 - iter 50/107 - loss 0.19965421 - samples/sec: 121.06 - lr: 0.100000
2022-04-23 23:25:56,335 epoch 2 - iter 60/107 - loss 0.19986726 - samples/sec: 121.49 - lr: 0.100000
2022-04-23 23:25:58,851 epoch 2 - iter 70/107 - loss 0.20000101 - samples/sec: 127.23 - lr: 0.100000
2022-04-23 23:26:01,549 epoch 2 - iter 80/107 - loss 0.19392918 - samples/sec: 118.64 - lr: 0.100000
2022-04-23 23:26:04,102 epoch 2 - iter 90/107 - loss 0.19040643 - samples/sec: 125.43 - lr: 0.100000
2022-04-23 23:26:06,701 epoch 2 - iter 100/107 - loss 0.19354825 - samples/sec: 123.14 - lr: 0.100000
2022-04-23 23:26:08,317 ----------------------------------------------------------------------------------------------------
2022-04-23 23:26:08,317 EPOCH 2 done: loss 0.1893 - lr 0.100000
2022-04-23 23:26:16,557 Evaluating as a multi-label problem: False
2022-04-23 23:26:16,568 DEV : loss 0.2878999412059784 - f1-score (micro avg)  0.4545
2022-04-23 23:26:16,654 BAD EPOCHS (no improvement): 0
2022-04-23 23:26:16,668 saving best model
2022-04-23 23:26:54,634 ----------------------------------------------------------------------------------------------------
2022-04-23 23:26:57,380 epoch 3 - iter 10/107 - loss 0.16780567 - samples/sec: 116.59 - lr: 0.100000
2022-04-23 23:26:59,969 epoch 3 - iter 20/107 - loss 0.18363844 - samples/sec: 123.66 - lr: 0.100000
2022-04-23 23:27:02,690 epoch 3 - iter 30/107 - loss 0.17480622 - samples/sec: 117.63 - lr: 0.100000
2022-04-23 23:27:05,257 epoch 3 - iter 40/107 - loss 0.16907022 - samples/sec: 124.74 - lr: 0.100000
2022-04-23 23:27:07,917 epoch 3 - iter 50/107 - loss 0.16961753 - samples/sec: 120.35 - lr: 0.100000
2022-04-23 23:27:10,615 epoch 3 - iter 60/107 - loss 0.16878318 - samples/sec: 118.63 - lr: 0.100000
2022-04-23 23:27:13,110 epoch 3 - iter 70/107 - loss 0.16916777 - samples/sec: 128.33 - lr: 0.100000
2022-04-23 23:27:15,581 epoch 3 - iter 80/107 - loss 0.16582915 - samples/sec: 129.54 - lr: 0.100000
2022-04-23 23:27:18,100 epoch 3 - iter 90/107 - loss 0.16268900 - samples/sec: 127.09 - lr: 0.100000
2022-04-23 23:27:20,851 epoch 3 - iter 100/107 - loss 0.15878621 - samples/sec: 116.37 - lr: 0.100000
2022-04-23 23:27:22,430 ----------------------------------------------------------------------------------------------------
2022-04-23 23:27:22,430 EPOCH 3 done: loss 0.1572 - lr 0.100000
2022-04-23 23:27:30,711 Evaluating as a multi-label problem: False
2022-04-23 23:27:30,722 DEV : loss 0.28527113795280457 - f1-score (micro avg)  0.4265
2022-04-23 23:27:30,811 BAD EPOCHS (no improvement): 1
2022-04-23 23:27:30,838 ----------------------------------------------------------------------------------------------------
2022-04-23 23:27:33,535 epoch 4 - iter 10/107 - loss 0.13024267 - samples/sec: 118.70 - lr: 0.100000
2022-04-23 23:27:36,206 epoch 4 - iter 20/107 - loss 0.14700950 - samples/sec: 119.81 - lr: 0.100000
2022-04-23 23:27:38,840 epoch 4 - iter 30/107 - loss 0.14389548 - samples/sec: 121.54 - lr: 0.100000
2022-04-23 23:27:41,514 epoch 4 - iter 40/107 - loss 0.14904947 - samples/sec: 119.71 - lr: 0.100000
2022-04-23 23:27:44,082 epoch 4 - iter 50/107 - loss 0.14569774 - samples/sec: 124.68 - lr: 0.100000
2022-04-23 23:27:46,680 epoch 4 - iter 60/107 - loss 0.14023404 - samples/sec: 123.22 - lr: 0.100000
2022-04-23 23:27:49,275 epoch 4 - iter 70/107 - loss 0.14004702 - samples/sec: 123.34 - lr: 0.100000
2022-04-23 23:27:51,948 epoch 4 - iter 80/107 - loss 0.13879893 - samples/sec: 119.76 - lr: 0.100000
2022-04-23 23:27:54,571 epoch 4 - iter 90/107 - loss 0.14159153 - samples/sec: 122.02 - lr: 0.100000
2022-04-23 23:27:57,089 epoch 4 - iter 100/107 - loss 0.14273316 - samples/sec: 127.17 - lr: 0.100000
2022-04-23 23:27:58,630 ----------------------------------------------------------------------------------------------------
2022-04-23 23:27:58,630 EPOCH 4 done: loss 0.1419 - lr 0.100000
2022-04-23 23:28:06,848 Evaluating as a multi-label problem: False
2022-04-23 23:28:06,859 DEV : loss 0.25181344151496887 - f1-score (micro avg)  0.5004
2022-04-23 23:28:06,945 BAD EPOCHS (no improvement): 0
2022-04-23 23:28:06,948 saving best model
2022-04-23 23:28:44,454 ----------------------------------------------------------------------------------------------------
2022-04-23 23:28:47,085 epoch 5 - iter 10/107 - loss 0.12296138 - samples/sec: 121.71 - lr: 0.100000
2022-04-23 23:28:49,802 epoch 5 - iter 20/107 - loss 0.12721062 - samples/sec: 117.85 - lr: 0.100000
2022-04-23 23:28:52,402 epoch 5 - iter 30/107 - loss 0.12310818 - samples/sec: 123.12 - lr: 0.100000
2022-04-23 23:28:55,005 epoch 5 - iter 40/107 - loss 0.12149853 - samples/sec: 122.97 - lr: 0.100000
2022-04-23 23:28:57,578 epoch 5 - iter 50/107 - loss 0.12737636 - samples/sec: 124.43 - lr: 0.100000
2022-04-23 23:29:00,263 epoch 5 - iter 60/107 - loss 0.12724071 - samples/sec: 119.21 - lr: 0.100000
2022-04-23 23:29:02,938 epoch 5 - iter 70/107 - loss 0.12720941 - samples/sec: 119.66 - lr: 0.100000
2022-04-23 23:29:05,532 epoch 5 - iter 80/107 - loss 0.12712057 - samples/sec: 123.43 - lr: 0.100000
2022-04-23 23:29:08,130 epoch 5 - iter 90/107 - loss 0.12664791 - samples/sec: 123.22 - lr: 0.100000
2022-04-23 23:29:10,663 epoch 5 - iter 100/107 - loss 0.12603065 - samples/sec: 126.39 - lr: 0.100000
2022-04-23 23:29:12,301 ----------------------------------------------------------------------------------------------------
2022-04-23 23:29:12,301 EPOCH 5 done: loss 0.1262 - lr 0.100000
2022-04-23 23:29:20,444 Evaluating as a multi-label problem: False
2022-04-23 23:29:20,455 DEV : loss 0.2625526785850525 - f1-score (micro avg)  0.4313
2022-04-23 23:29:20,540 BAD EPOCHS (no improvement): 1
2022-04-23 23:29:20,561 ----------------------------------------------------------------------------------------------------
2022-04-23 23:29:23,227 epoch 6 - iter 10/107 - loss 0.09570411 - samples/sec: 120.05 - lr: 0.100000
2022-04-23 23:29:25,792 epoch 6 - iter 20/107 - loss 0.11709921 - samples/sec: 124.83 - lr: 0.100000
2022-04-23 23:29:28,433 epoch 6 - iter 30/107 - loss 0.12335226 - samples/sec: 121.21 - lr: 0.100000
2022-04-23 23:29:31,111 epoch 6 - iter 40/107 - loss 0.11761292 - samples/sec: 119.50 - lr: 0.100000
2022-04-23 23:29:33,661 epoch 6 - iter 50/107 - loss 0.12010623 - samples/sec: 125.56 - lr: 0.100000
2022-04-23 23:29:36,267 epoch 6 - iter 60/107 - loss 0.11738530 - samples/sec: 122.82 - lr: 0.100000
2022-04-23 23:29:38,854 epoch 6 - iter 70/107 - loss 0.11716669 - samples/sec: 123.75 - lr: 0.100000
2022-04-23 23:29:41,549 epoch 6 - iter 80/107 - loss 0.11608746 - samples/sec: 118.77 - lr: 0.100000
2022-04-23 23:29:44,172 epoch 6 - iter 90/107 - loss 0.11543974 - samples/sec: 122.04 - lr: 0.100000
2022-04-23 23:29:46,758 epoch 6 - iter 100/107 - loss 0.11471184 - samples/sec: 123.77 - lr: 0.100000
2022-04-23 23:29:48,454 ----------------------------------------------------------------------------------------------------
2022-04-23 23:29:48,454 EPOCH 6 done: loss 0.1159 - lr 0.100000
2022-04-23 23:29:56,689 Evaluating as a multi-label problem: False
2022-04-23 23:29:56,700 DEV : loss 0.21021373569965363 - f1-score (micro avg)  0.5219
2022-04-23 23:29:56,788 BAD EPOCHS (no improvement): 0
2022-04-23 23:29:56,791 saving best model
2022-04-23 23:30:34,578 ----------------------------------------------------------------------------------------------------
2022-04-23 23:30:37,286 epoch 7 - iter 10/107 - loss 0.08521944 - samples/sec: 118.24 - lr: 0.100000
2022-04-23 23:30:39,939 epoch 7 - iter 20/107 - loss 0.10488527 - samples/sec: 120.67 - lr: 0.100000
2022-04-23 23:30:42,565 epoch 7 - iter 30/107 - loss 0.10177334 - samples/sec: 121.89 - lr: 0.100000
2022-04-23 23:30:45,118 epoch 7 - iter 40/107 - loss 0.10619049 - samples/sec: 125.39 - lr: 0.100000
2022-04-23 23:30:47,746 epoch 7 - iter 50/107 - loss 0.10396517 - samples/sec: 121.82 - lr: 0.100000
2022-04-23 23:30:50,393 epoch 7 - iter 60/107 - loss 0.10425585 - samples/sec: 120.94 - lr: 0.100000
2022-04-23 23:30:53,019 epoch 7 - iter 70/107 - loss 0.10529096 - samples/sec: 121.88 - lr: 0.100000
2022-04-23 23:30:55,602 epoch 7 - iter 80/107 - loss 0.10399454 - samples/sec: 123.95 - lr: 0.100000
2022-04-23 23:30:58,228 epoch 7 - iter 90/107 - loss 0.10243670 - samples/sec: 121.93 - lr: 0.100000
2022-04-23 23:31:00,796 epoch 7 - iter 100/107 - loss 0.10486311 - samples/sec: 124.66 - lr: 0.100000
2022-04-23 23:31:02,271 ----------------------------------------------------------------------------------------------------
2022-04-23 23:31:02,271 EPOCH 7 done: loss 0.1053 - lr 0.100000
2022-04-23 23:31:10,314 Evaluating as a multi-label problem: False
2022-04-23 23:31:10,325 DEV : loss 0.22907176613807678 - f1-score (micro avg)  0.4866
2022-04-23 23:31:10,410 BAD EPOCHS (no improvement): 1
2022-04-23 23:31:10,422 ----------------------------------------------------------------------------------------------------
2022-04-23 23:31:12,902 epoch 8 - iter 10/107 - loss 0.09027636 - samples/sec: 129.07 - lr: 0.100000
2022-04-23 23:31:15,447 epoch 8 - iter 20/107 - loss 0.09546362 - samples/sec: 125.78 - lr: 0.100000
2022-04-23 23:31:18,021 epoch 8 - iter 30/107 - loss 0.09611041 - samples/sec: 124.36 - lr: 0.100000
2022-04-23 23:31:20,710 epoch 8 - iter 40/107 - loss 0.09938871 - samples/sec: 119.08 - lr: 0.100000
2022-04-23 23:31:23,401 epoch 8 - iter 50/107 - loss 0.10335195 - samples/sec: 118.94 - lr: 0.100000
2022-04-23 23:31:25,993 epoch 8 - iter 60/107 - loss 0.10407053 - samples/sec: 123.50 - lr: 0.100000
2022-04-23 23:31:28,661 epoch 8 - iter 70/107 - loss 0.10380110 - samples/sec: 120.01 - lr: 0.100000
2022-04-23 23:31:31,288 epoch 8 - iter 80/107 - loss 0.10179771 - samples/sec: 121.81 - lr: 0.100000
2022-04-23 23:31:33,890 epoch 8 - iter 90/107 - loss 0.10260572 - samples/sec: 123.03 - lr: 0.100000
2022-04-23 23:31:36,608 epoch 8 - iter 100/107 - loss 0.10225108 - samples/sec: 117.78 - lr: 0.100000
2022-04-23 23:31:38,212 ----------------------------------------------------------------------------------------------------
2022-04-23 23:31:38,212 EPOCH 8 done: loss 0.1023 - lr 0.100000
2022-04-23 23:31:46,500 Evaluating as a multi-label problem: False
2022-04-23 23:31:46,511 DEV : loss 0.22559453547000885 - f1-score (micro avg)  0.4755
2022-04-23 23:31:46,599 BAD EPOCHS (no improvement): 2
2022-04-23 23:31:46,602 ----------------------------------------------------------------------------------------------------
2022-04-23 23:31:49,275 epoch 9 - iter 10/107 - loss 0.09629997 - samples/sec: 119.80 - lr: 0.100000
2022-04-23 23:31:51,800 epoch 9 - iter 20/107 - loss 0.09905268 - samples/sec: 126.79 - lr: 0.100000
2022-04-23 23:31:54,418 epoch 9 - iter 30/107 - loss 0.09657082 - samples/sec: 122.29 - lr: 0.100000
2022-04-23 23:31:56,976 epoch 9 - iter 40/107 - loss 0.09378347 - samples/sec: 125.14 - lr: 0.100000
2022-04-23 23:31:59,634 epoch 9 - iter 50/107 - loss 0.09364835 - samples/sec: 120.42 - lr: 0.100000
2022-04-23 23:32:02,327 epoch 9 - iter 60/107 - loss 0.09605402 - samples/sec: 118.89 - lr: 0.100000
2022-04-23 23:32:05,019 epoch 9 - iter 70/107 - loss 0.09508585 - samples/sec: 118.89 - lr: 0.100000
2022-04-23 23:32:07,689 epoch 9 - iter 80/107 - loss 0.09518089 - samples/sec: 119.90 - lr: 0.100000
2022-04-23 23:32:10,218 epoch 9 - iter 90/107 - loss 0.09388223 - samples/sec: 126.59 - lr: 0.100000
2022-04-23 23:32:12,961 epoch 9 - iter 100/107 - loss 0.09370969 - samples/sec: 116.69 - lr: 0.100000
2022-04-23 23:32:14,607 ----------------------------------------------------------------------------------------------------
2022-04-23 23:32:14,607 EPOCH 9 done: loss 0.0943 - lr 0.100000
2022-04-23 23:32:22,844 Evaluating as a multi-label problem: False
2022-04-23 23:32:22,855 DEV : loss 0.20876328647136688 - f1-score (micro avg)  0.523
2022-04-23 23:32:22,941 BAD EPOCHS (no improvement): 0
2022-04-23 23:32:22,944 saving best model
2022-04-23 23:33:01,833 ----------------------------------------------------------------------------------------------------
2022-04-23 23:33:04,552 epoch 10 - iter 10/107 - loss 0.08236968 - samples/sec: 117.79 - lr: 0.100000
2022-04-23 23:33:07,199 epoch 10 - iter 20/107 - loss 0.08010392 - samples/sec: 120.96 - lr: 0.100000
2022-04-23 23:33:09,916 epoch 10 - iter 30/107 - loss 0.08017807 - samples/sec: 117.80 - lr: 0.100000
2022-04-23 23:33:12,630 epoch 10 - iter 40/107 - loss 0.08129288 - samples/sec: 117.94 - lr: 0.100000
2022-04-23 23:33:15,163 epoch 10 - iter 50/107 - loss 0.08562544 - samples/sec: 126.39 - lr: 0.100000
2022-04-23 23:33:17,950 epoch 10 - iter 60/107 - loss 0.09078192 - samples/sec: 114.87 - lr: 0.100000
2022-04-23 23:33:20,585 epoch 10 - iter 70/107 - loss 0.08922371 - samples/sec: 121.46 - lr: 0.100000
2022-04-23 23:33:23,162 epoch 10 - iter 80/107 - loss 0.08859524 - samples/sec: 124.25 - lr: 0.100000
2022-04-23 23:33:25,639 epoch 10 - iter 90/107 - loss 0.08979737 - samples/sec: 129.23 - lr: 0.100000
2022-04-23 23:33:28,214 epoch 10 - iter 100/107 - loss 0.08785182 - samples/sec: 124.32 - lr: 0.100000
2022-04-23 23:33:29,765 ----------------------------------------------------------------------------------------------------
2022-04-23 23:33:29,765 EPOCH 10 done: loss 0.0871 - lr 0.100000
2022-04-23 23:33:37,962 Evaluating as a multi-label problem: False
2022-04-23 23:33:37,973 DEV : loss 0.1941249966621399 - f1-score (micro avg)  0.4996
2022-04-23 23:33:38,059 BAD EPOCHS (no improvement): 1
2022-04-23 23:33:38,097 ----------------------------------------------------------------------------------------------------
2022-04-23 23:33:40,738 epoch 11 - iter 10/107 - loss 0.08316260 - samples/sec: 121.22 - lr: 0.100000
2022-04-23 23:33:43,354 epoch 11 - iter 20/107 - loss 0.07932768 - samples/sec: 122.39 - lr: 0.100000
2022-04-23 23:33:46,097 epoch 11 - iter 30/107 - loss 0.08453024 - samples/sec: 116.69 - lr: 0.100000
2022-04-23 23:33:48,808 epoch 11 - iter 40/107 - loss 0.09004367 - samples/sec: 118.09 - lr: 0.100000
2022-04-23 23:33:51,369 epoch 11 - iter 50/107 - loss 0.08902546 - samples/sec: 125.00 - lr: 0.100000
2022-04-23 23:33:53,999 epoch 11 - iter 60/107 - loss 0.08885757 - samples/sec: 121.73 - lr: 0.100000
2022-04-23 23:33:56,551 epoch 11 - iter 70/107 - loss 0.08913376 - samples/sec: 125.44 - lr: 0.100000
2022-04-23 23:33:59,163 epoch 11 - iter 80/107 - loss 0.08723851 - samples/sec: 122.57 - lr: 0.100000
2022-04-23 23:34:01,791 epoch 11 - iter 90/107 - loss 0.08696647 - samples/sec: 121.76 - lr: 0.100000
2022-04-23 23:34:04,352 epoch 11 - iter 100/107 - loss 0.08461035 - samples/sec: 125.04 - lr: 0.100000
2022-04-23 23:34:05,898 ----------------------------------------------------------------------------------------------------
2022-04-23 23:34:05,898 EPOCH 11 done: loss 0.0853 - lr 0.100000
2022-04-23 23:34:14,048 Evaluating as a multi-label problem: False
2022-04-23 23:34:14,059 DEV : loss 0.18780499696731567 - f1-score (micro avg)  0.5137
2022-04-23 23:34:14,143 BAD EPOCHS (no improvement): 2
2022-04-23 23:34:14,146 ----------------------------------------------------------------------------------------------------
2022-04-23 23:34:16,665 epoch 12 - iter 10/107 - loss 0.08256827 - samples/sec: 127.08 - lr: 0.100000
2022-04-23 23:34:19,310 epoch 12 - iter 20/107 - loss 0.07616501 - samples/sec: 121.07 - lr: 0.100000
2022-04-23 23:34:22,002 epoch 12 - iter 30/107 - loss 0.07567569 - samples/sec: 118.89 - lr: 0.100000
2022-04-23 23:34:24,570 epoch 12 - iter 40/107 - loss 0.08216401 - samples/sec: 124.70 - lr: 0.100000
2022-04-23 23:34:27,211 epoch 12 - iter 50/107 - loss 0.08051219 - samples/sec: 121.19 - lr: 0.100000
2022-04-23 23:34:29,766 epoch 12 - iter 60/107 - loss 0.08068180 - samples/sec: 125.30 - lr: 0.100000
2022-04-23 23:34:32,369 epoch 12 - iter 70/107 - loss 0.07947344 - samples/sec: 122.99 - lr: 0.100000
2022-04-23 23:34:35,056 epoch 12 - iter 80/107 - loss 0.07920330 - samples/sec: 119.10 - lr: 0.100000
2022-04-23 23:34:37,746 epoch 12 - iter 90/107 - loss 0.07954407 - samples/sec: 119.02 - lr: 0.100000
2022-04-23 23:34:40,372 epoch 12 - iter 100/107 - loss 0.07795795 - samples/sec: 121.90 - lr: 0.100000
2022-04-23 23:34:42,020 ----------------------------------------------------------------------------------------------------
2022-04-23 23:34:42,020 EPOCH 12 done: loss 0.0785 - lr 0.100000
2022-04-23 23:34:50,297 Evaluating as a multi-label problem: False
2022-04-23 23:34:50,308 DEV : loss 0.2168288230895996 - f1-score (micro avg)  0.498
2022-04-23 23:34:50,393 BAD EPOCHS (no improvement): 3
2022-04-23 23:34:50,396 ----------------------------------------------------------------------------------------------------
2022-04-23 23:34:53,088 epoch 13 - iter 10/107 - loss 0.07314320 - samples/sec: 118.94 - lr: 0.100000
2022-04-23 23:34:55,716 epoch 13 - iter 20/107 - loss 0.08006075 - samples/sec: 121.82 - lr: 0.100000
2022-04-23 23:34:58,333 epoch 13 - iter 30/107 - loss 0.07917926 - samples/sec: 122.31 - lr: 0.100000
2022-04-23 23:35:00,949 epoch 13 - iter 40/107 - loss 0.07754156 - samples/sec: 122.36 - lr: 0.100000
2022-04-23 23:35:03,463 epoch 13 - iter 50/107 - loss 0.07739761 - samples/sec: 127.35 - lr: 0.100000
2022-04-23 23:35:06,083 epoch 13 - iter 60/107 - loss 0.07614517 - samples/sec: 122.19 - lr: 0.100000
2022-04-23 23:35:08,701 epoch 13 - iter 70/107 - loss 0.07571474 - samples/sec: 122.30 - lr: 0.100000
2022-04-23 23:35:11,345 epoch 13 - iter 80/107 - loss 0.07786342 - samples/sec: 121.07 - lr: 0.100000
2022-04-23 23:35:13,915 epoch 13 - iter 90/107 - loss 0.07745727 - samples/sec: 124.58 - lr: 0.100000
2022-04-23 23:35:16,689 epoch 13 - iter 100/107 - loss 0.07688681 - samples/sec: 115.38 - lr: 0.100000
2022-04-23 23:35:18,279 ----------------------------------------------------------------------------------------------------
2022-04-23 23:35:18,280 EPOCH 13 done: loss 0.0758 - lr 0.100000
2022-04-23 23:35:26,540 Evaluating as a multi-label problem: False
2022-04-23 23:35:26,550 DEV : loss 0.20111526548862457 - f1-score (micro avg)  0.5088
2022-04-23 23:35:26,641 Epoch    13: reducing learning rate of group 0 to 5.0000e-02.
2022-04-23 23:35:26,641 BAD EPOCHS (no improvement): 4
2022-04-23 23:35:26,644 ----------------------------------------------------------------------------------------------------
2022-04-23 23:35:29,322 epoch 14 - iter 10/107 - loss 0.07008672 - samples/sec: 119.54 - lr: 0.050000
2022-04-23 23:35:31,990 epoch 14 - iter 20/107 - loss 0.06614595 - samples/sec: 119.98 - lr: 0.050000
2022-04-23 23:35:34,581 epoch 14 - iter 30/107 - loss 0.06979737 - samples/sec: 123.54 - lr: 0.050000
2022-04-23 23:35:37,316 epoch 14 - iter 40/107 - loss 0.06931142 - samples/sec: 117.06 - lr: 0.050000
2022-04-23 23:35:39,971 epoch 14 - iter 50/107 - loss 0.07080448 - samples/sec: 120.56 - lr: 0.050000
2022-04-23 23:35:42,563 epoch 14 - iter 60/107 - loss 0.06802001 - samples/sec: 123.47 - lr: 0.050000
2022-04-23 23:35:45,138 epoch 14 - iter 70/107 - loss 0.06859655 - samples/sec: 124.34 - lr: 0.050000
2022-04-23 23:35:47,618 epoch 14 - iter 80/107 - loss 0.06736064 - samples/sec: 129.06 - lr: 0.050000
2022-04-23 23:35:50,159 epoch 14 - iter 90/107 - loss 0.06725062 - samples/sec: 126.01 - lr: 0.050000
2022-04-23 23:35:52,589 epoch 14 - iter 100/107 - loss 0.06638422 - samples/sec: 131.74 - lr: 0.050000
2022-04-23 23:35:54,138 ----------------------------------------------------------------------------------------------------
2022-04-23 23:35:54,138 EPOCH 14 done: loss 0.0664 - lr 0.050000
2022-04-23 23:36:02,030 Evaluating as a multi-label problem: False
2022-04-23 23:36:02,041 DEV : loss 0.2011912316083908 - f1-score (micro avg)  0.5065
2022-04-23 23:36:02,127 BAD EPOCHS (no improvement): 1
2022-04-23 23:36:02,134 ----------------------------------------------------------------------------------------------------
2022-04-23 23:36:04,791 epoch 15 - iter 10/107 - loss 0.06117368 - samples/sec: 120.51 - lr: 0.050000
2022-04-23 23:36:07,412 epoch 15 - iter 20/107 - loss 0.05677089 - samples/sec: 122.13 - lr: 0.050000
2022-04-23 23:36:09,971 epoch 15 - iter 30/107 - loss 0.05692988 - samples/sec: 125.10 - lr: 0.050000
2022-04-23 23:36:12,571 epoch 15 - iter 40/107 - loss 0.06063361 - samples/sec: 123.13 - lr: 0.050000
2022-04-23 23:36:15,158 epoch 15 - iter 50/107 - loss 0.06308298 - samples/sec: 123.72 - lr: 0.050000
2022-04-23 23:36:17,865 epoch 15 - iter 60/107 - loss 0.06408661 - samples/sec: 118.27 - lr: 0.050000
2022-04-23 23:36:20,455 epoch 15 - iter 70/107 - loss 0.06375852 - samples/sec: 123.61 - lr: 0.050000
2022-04-23 23:36:23,150 epoch 15 - iter 80/107 - loss 0.06297318 - samples/sec: 118.75 - lr: 0.050000
2022-04-23 23:36:25,693 epoch 15 - iter 90/107 - loss 0.06218632 - samples/sec: 125.88 - lr: 0.050000
2022-04-23 23:36:28,276 epoch 15 - iter 100/107 - loss 0.06318654 - samples/sec: 123.96 - lr: 0.050000
2022-04-23 23:36:29,904 ----------------------------------------------------------------------------------------------------
2022-04-23 23:36:29,905 EPOCH 15 done: loss 0.0633 - lr 0.050000
2022-04-23 23:36:38,250 Evaluating as a multi-label problem: False
2022-04-23 23:36:38,260 DEV : loss 0.2140263020992279 - f1-score (micro avg)  0.5119
2022-04-23 23:36:38,346 BAD EPOCHS (no improvement): 2
2022-04-23 23:36:38,348 ----------------------------------------------------------------------------------------------------
2022-04-23 23:36:41,086 epoch 16 - iter 10/107 - loss 0.05941582 - samples/sec: 116.94 - lr: 0.050000
2022-04-23 23:36:43,669 epoch 16 - iter 20/107 - loss 0.05957321 - samples/sec: 123.93 - lr: 0.050000
2022-04-23 23:36:46,262 epoch 16 - iter 30/107 - loss 0.05791533 - samples/sec: 123.47 - lr: 0.050000
2022-04-23 23:36:48,884 epoch 16 - iter 40/107 - loss 0.05891638 - samples/sec: 122.07 - lr: 0.050000
2022-04-23 23:36:51,472 epoch 16 - iter 50/107 - loss 0.05949434 - samples/sec: 123.71 - lr: 0.050000
2022-04-23 23:36:54,026 epoch 16 - iter 60/107 - loss 0.06129836 - samples/sec: 125.34 - lr: 0.050000
2022-04-23 23:36:56,563 epoch 16 - iter 70/107 - loss 0.06007764 - samples/sec: 126.18 - lr: 0.050000
2022-04-23 23:36:59,226 epoch 16 - iter 80/107 - loss 0.06035802 - samples/sec: 120.21 - lr: 0.050000
2022-04-23 23:37:01,767 epoch 16 - iter 90/107 - loss 0.06006366 - samples/sec: 126.00 - lr: 0.050000
2022-04-23 23:37:04,302 epoch 16 - iter 100/107 - loss 0.05962902 - samples/sec: 126.26 - lr: 0.050000
2022-04-23 23:37:05,881 ----------------------------------------------------------------------------------------------------
2022-04-23 23:37:05,881 EPOCH 16 done: loss 0.0600 - lr 0.050000
2022-04-23 23:37:17,792 Evaluating as a multi-label problem: False
2022-04-23 23:37:17,803 DEV : loss 0.2006826251745224 - f1-score (micro avg)  0.5199
2022-04-23 23:37:17,889 BAD EPOCHS (no improvement): 3
2022-04-23 23:37:17,892 ----------------------------------------------------------------------------------------------------
2022-04-23 23:37:20,521 epoch 17 - iter 10/107 - loss 0.04662025 - samples/sec: 121.77 - lr: 0.050000
2022-04-23 23:37:23,178 epoch 17 - iter 20/107 - loss 0.05497248 - samples/sec: 120.46 - lr: 0.050000
2022-04-23 23:37:25,768 epoch 17 - iter 30/107 - loss 0.05988079 - samples/sec: 123.58 - lr: 0.050000
2022-04-23 23:37:28,410 epoch 17 - iter 40/107 - loss 0.05548530 - samples/sec: 121.16 - lr: 0.050000
2022-04-23 23:37:31,006 epoch 17 - iter 50/107 - loss 0.05396613 - samples/sec: 123.31 - lr: 0.050000
2022-04-23 23:37:33,666 epoch 17 - iter 60/107 - loss 0.05354890 - samples/sec: 120.36 - lr: 0.050000
2022-04-23 23:37:36,241 epoch 17 - iter 70/107 - loss 0.05354506 - samples/sec: 124.33 - lr: 0.050000
2022-04-23 23:37:38,819 epoch 17 - iter 80/107 - loss 0.05388359 - samples/sec: 124.18 - lr: 0.050000
2022-04-23 23:37:41,493 epoch 17 - iter 90/107 - loss 0.05403673 - samples/sec: 119.71 - lr: 0.050000
2022-04-23 23:37:44,084 epoch 17 - iter 100/107 - loss 0.05532298 - samples/sec: 123.57 - lr: 0.050000
2022-04-23 23:37:45,675 ----------------------------------------------------------------------------------------------------
2022-04-23 23:37:45,675 EPOCH 17 done: loss 0.0560 - lr 0.050000
2022-04-23 23:37:53,868 Evaluating as a multi-label problem: False
2022-04-23 23:37:53,879 DEV : loss 0.22455301880836487 - f1-score (micro avg)  0.489
2022-04-23 23:37:53,965 Epoch    17: reducing learning rate of group 0 to 2.5000e-02.
2022-04-23 23:37:53,965 BAD EPOCHS (no improvement): 4
2022-04-23 23:37:53,968 ----------------------------------------------------------------------------------------------------
2022-04-23 23:37:56,594 epoch 18 - iter 10/107 - loss 0.04481659 - samples/sec: 121.91 - lr: 0.025000
2022-04-23 23:37:59,205 epoch 18 - iter 20/107 - loss 0.04711492 - samples/sec: 122.62 - lr: 0.025000
2022-04-23 23:38:01,907 epoch 18 - iter 30/107 - loss 0.04771485 - samples/sec: 118.46 - lr: 0.025000
2022-04-23 23:38:04,483 epoch 18 - iter 40/107 - loss 0.05051151 - samples/sec: 124.28 - lr: 0.025000
2022-04-23 23:38:07,032 epoch 18 - iter 50/107 - loss 0.05093986 - samples/sec: 125.58 - lr: 0.025000
2022-04-23 23:38:09,598 epoch 18 - iter 60/107 - loss 0.05144103 - samples/sec: 124.77 - lr: 0.025000
2022-04-23 23:38:12,238 epoch 18 - iter 70/107 - loss 0.05131098 - samples/sec: 121.22 - lr: 0.025000
2022-04-23 23:38:14,818 epoch 18 - iter 80/107 - loss 0.05063257 - samples/sec: 124.11 - lr: 0.025000
2022-04-23 23:38:17,567 epoch 18 - iter 90/107 - loss 0.05144247 - samples/sec: 116.43 - lr: 0.025000
2022-04-23 23:38:20,178 epoch 18 - iter 100/107 - loss 0.05253684 - samples/sec: 122.59 - lr: 0.025000
2022-04-23 23:38:21,702 ----------------------------------------------------------------------------------------------------
2022-04-23 23:38:21,702 EPOCH 18 done: loss 0.0528 - lr 0.025000
2022-04-23 23:38:29,991 Evaluating as a multi-label problem: False
2022-04-23 23:38:30,001 DEV : loss 0.1971210092306137 - f1-score (micro avg)  0.5242
2022-04-23 23:38:30,087 BAD EPOCHS (no improvement): 0
2022-04-23 23:38:30,089 saving best model
2022-04-23 23:39:07,055 ----------------------------------------------------------------------------------------------------
2022-04-23 23:39:09,790 epoch 19 - iter 10/107 - loss 0.04373690 - samples/sec: 117.08 - lr: 0.025000
2022-04-23 23:39:12,433 epoch 19 - iter 20/107 - loss 0.04247113 - samples/sec: 121.12 - lr: 0.025000
2022-04-23 23:39:14,928 epoch 19 - iter 30/107 - loss 0.04808235 - samples/sec: 128.30 - lr: 0.025000
2022-04-23 23:39:17,524 epoch 19 - iter 40/107 - loss 0.04936863 - samples/sec: 123.33 - lr: 0.025000
2022-04-23 23:39:20,142 epoch 19 - iter 50/107 - loss 0.04876264 - samples/sec: 122.25 - lr: 0.025000
2022-04-23 23:39:22,747 epoch 19 - iter 60/107 - loss 0.05032599 - samples/sec: 122.88 - lr: 0.025000
2022-04-23 23:39:25,411 epoch 19 - iter 70/107 - loss 0.04979053 - samples/sec: 120.17 - lr: 0.025000
2022-04-23 23:39:28,061 epoch 19 - iter 80/107 - loss 0.05064831 - samples/sec: 120.78 - lr: 0.025000
2022-04-23 23:39:30,615 epoch 19 - iter 90/107 - loss 0.05015983 - samples/sec: 125.38 - lr: 0.025000
2022-04-23 23:39:33,197 epoch 19 - iter 100/107 - loss 0.04905900 - samples/sec: 123.95 - lr: 0.025000
2022-04-23 23:39:34,756 ----------------------------------------------------------------------------------------------------
2022-04-23 23:39:34,756 EPOCH 19 done: loss 0.0494 - lr 0.025000
2022-04-23 23:39:43,017 Evaluating as a multi-label problem: False
2022-04-23 23:39:43,028 DEV : loss 0.20510555803775787 - f1-score (micro avg)  0.5364
2022-04-23 23:39:43,113 BAD EPOCHS (no improvement): 0
2022-04-23 23:39:43,116 saving best model
2022-04-23 23:40:21,285 ----------------------------------------------------------------------------------------------------
2022-04-23 23:40:24,090 epoch 20 - iter 10/107 - loss 0.05524137 - samples/sec: 114.13 - lr: 0.025000
2022-04-23 23:40:26,762 epoch 20 - iter 20/107 - loss 0.05600968 - samples/sec: 119.81 - lr: 0.025000
2022-04-23 23:40:29,344 epoch 20 - iter 30/107 - loss 0.05127169 - samples/sec: 124.00 - lr: 0.025000
2022-04-23 23:40:31,925 epoch 20 - iter 40/107 - loss 0.05231113 - samples/sec: 124.02 - lr: 0.025000
2022-04-23 23:40:34,505 epoch 20 - iter 50/107 - loss 0.05057148 - samples/sec: 124.11 - lr: 0.025000
2022-04-23 23:40:37,076 epoch 20 - iter 60/107 - loss 0.05067110 - samples/sec: 124.48 - lr: 0.025000
2022-04-23 23:40:39,781 epoch 20 - iter 70/107 - loss 0.04997155 - samples/sec: 118.36 - lr: 0.025000
2022-04-23 23:40:42,363 epoch 20 - iter 80/107 - loss 0.05061839 - samples/sec: 123.96 - lr: 0.025000
2022-04-23 23:40:45,030 epoch 20 - iter 90/107 - loss 0.05022252 - samples/sec: 120.05 - lr: 0.025000
2022-04-23 23:40:47,592 epoch 20 - iter 100/107 - loss 0.04978581 - samples/sec: 124.94 - lr: 0.025000
2022-04-23 23:40:49,203 ----------------------------------------------------------------------------------------------------
2022-04-23 23:40:49,203 EPOCH 20 done: loss 0.0502 - lr 0.025000
2022-04-23 23:40:57,453 Evaluating as a multi-label problem: False
2022-04-23 23:40:57,464 DEV : loss 0.20517383515834808 - f1-score (micro avg)  0.5275
2022-04-23 23:40:57,550 BAD EPOCHS (no improvement): 1
2022-04-23 23:40:57,553 ----------------------------------------------------------------------------------------------------
2022-04-23 23:41:00,086 epoch 21 - iter 10/107 - loss 0.05624422 - samples/sec: 126.40 - lr: 0.025000
2022-04-23 23:41:02,790 epoch 21 - iter 20/107 - loss 0.05042257 - samples/sec: 118.39 - lr: 0.025000
2022-04-23 23:41:05,490 epoch 21 - iter 30/107 - loss 0.04965684 - samples/sec: 118.54 - lr: 0.025000
2022-04-23 23:41:08,151 epoch 21 - iter 40/107 - loss 0.05323555 - samples/sec: 120.32 - lr: 0.025000
2022-04-23 23:41:10,769 epoch 21 - iter 50/107 - loss 0.05277773 - samples/sec: 122.25 - lr: 0.025000
2022-04-23 23:41:13,151 epoch 21 - iter 60/107 - loss 0.05008309 - samples/sec: 134.42 - lr: 0.025000
2022-04-23 23:41:15,555 epoch 21 - iter 70/107 - loss 0.04937827 - samples/sec: 133.15 - lr: 0.025000
2022-04-23 23:41:18,010 epoch 21 - iter 80/107 - loss 0.04915326 - samples/sec: 130.42 - lr: 0.025000
2022-04-23 23:41:20,605 epoch 21 - iter 90/107 - loss 0.04807318 - samples/sec: 123.37 - lr: 0.025000
2022-04-23 23:41:22,965 epoch 21 - iter 100/107 - loss 0.04800724 - samples/sec: 135.67 - lr: 0.025000
2022-04-23 23:41:24,460 ----------------------------------------------------------------------------------------------------
2022-04-23 23:41:24,460 EPOCH 21 done: loss 0.0480 - lr 0.025000
2022-04-23 23:41:32,611 Evaluating as a multi-label problem: False
2022-04-23 23:41:32,622 DEV : loss 0.209307461977005 - f1-score (micro avg)  0.5121
2022-04-23 23:41:32,708 BAD EPOCHS (no improvement): 2
2022-04-23 23:41:32,710 ----------------------------------------------------------------------------------------------------
2022-04-23 23:41:35,311 epoch 22 - iter 10/107 - loss 0.04746764 - samples/sec: 123.11 - lr: 0.025000
2022-04-23 23:41:37,976 epoch 22 - iter 20/107 - loss 0.04110512 - samples/sec: 120.12 - lr: 0.025000
2022-04-23 23:41:40,657 epoch 22 - iter 30/107 - loss 0.04177234 - samples/sec: 119.37 - lr: 0.025000
2022-04-23 23:41:43,353 epoch 22 - iter 40/107 - loss 0.04130554 - samples/sec: 118.76 - lr: 0.025000
2022-04-23 23:41:45,989 epoch 22 - iter 50/107 - loss 0.04250118 - samples/sec: 121.41 - lr: 0.025000
2022-04-23 23:41:48,568 epoch 22 - iter 60/107 - loss 0.04507295 - samples/sec: 124.15 - lr: 0.025000
2022-04-23 23:41:51,140 epoch 22 - iter 70/107 - loss 0.04568785 - samples/sec: 124.47 - lr: 0.025000
2022-04-23 23:41:53,833 epoch 22 - iter 80/107 - loss 0.04599677 - samples/sec: 118.85 - lr: 0.025000
2022-04-23 23:41:56,349 epoch 22 - iter 90/107 - loss 0.04734690 - samples/sec: 127.26 - lr: 0.025000
2022-04-23 23:41:58,931 epoch 22 - iter 100/107 - loss 0.04688743 - samples/sec: 123.99 - lr: 0.025000
2022-04-23 23:42:00,495 ----------------------------------------------------------------------------------------------------
2022-04-23 23:42:00,495 EPOCH 22 done: loss 0.0476 - lr 0.025000
2022-04-23 23:42:08,792 Evaluating as a multi-label problem: False
2022-04-23 23:42:08,802 DEV : loss 0.1934506744146347 - f1-score (micro avg)  0.5245
2022-04-23 23:42:08,891 BAD EPOCHS (no improvement): 3
2022-04-23 23:42:08,894 ----------------------------------------------------------------------------------------------------
2022-04-23 23:42:11,533 epoch 23 - iter 10/107 - loss 0.04953682 - samples/sec: 121.32 - lr: 0.025000
2022-04-23 23:42:14,146 epoch 23 - iter 20/107 - loss 0.04975279 - samples/sec: 122.53 - lr: 0.025000
2022-04-23 23:42:16,757 epoch 23 - iter 30/107 - loss 0.04943558 - samples/sec: 122.61 - lr: 0.025000
2022-04-23 23:42:19,342 epoch 23 - iter 40/107 - loss 0.04899069 - samples/sec: 123.83 - lr: 0.025000
2022-04-23 23:42:21,998 epoch 23 - iter 50/107 - loss 0.04819271 - samples/sec: 120.53 - lr: 0.025000
2022-04-23 23:42:24,561 epoch 23 - iter 60/107 - loss 0.04763904 - samples/sec: 124.90 - lr: 0.025000
2022-04-23 23:42:27,195 epoch 23 - iter 70/107 - loss 0.04736840 - samples/sec: 121.54 - lr: 0.025000
2022-04-23 23:42:29,755 epoch 23 - iter 80/107 - loss 0.04700725 - samples/sec: 125.04 - lr: 0.025000
2022-04-23 23:42:32,437 epoch 23 - iter 90/107 - loss 0.04694368 - samples/sec: 119.35 - lr: 0.025000
2022-04-23 23:42:35,127 epoch 23 - iter 100/107 - loss 0.04649097 - samples/sec: 119.01 - lr: 0.025000
2022-04-23 23:42:36,719 ----------------------------------------------------------------------------------------------------
2022-04-23 23:42:36,719 EPOCH 23 done: loss 0.0463 - lr 0.025000
2022-04-23 23:42:44,976 Evaluating as a multi-label problem: False
2022-04-23 23:42:44,986 DEV : loss 0.2157634198665619 - f1-score (micro avg)  0.5091
2022-04-23 23:42:45,072 Epoch    23: reducing learning rate of group 0 to 1.2500e-02.
2022-04-23 23:42:45,072 BAD EPOCHS (no improvement): 4
2022-04-23 23:42:45,075 ----------------------------------------------------------------------------------------------------
2022-04-23 23:42:47,754 epoch 24 - iter 10/107 - loss 0.04091841 - samples/sec: 119.49 - lr: 0.012500
2022-04-23 23:42:50,385 epoch 24 - iter 20/107 - loss 0.04190965 - samples/sec: 121.69 - lr: 0.012500
2022-04-23 23:42:53,012 epoch 24 - iter 30/107 - loss 0.04336568 - samples/sec: 121.82 - lr: 0.012500
2022-04-23 23:42:55,608 epoch 24 - iter 40/107 - loss 0.04200965 - samples/sec: 123.31 - lr: 0.012500
2022-04-23 23:42:58,279 epoch 24 - iter 50/107 - loss 0.04330554 - samples/sec: 119.87 - lr: 0.012500
2022-04-23 23:43:00,839 epoch 24 - iter 60/107 - loss 0.04350983 - samples/sec: 125.06 - lr: 0.012500
2022-04-23 23:43:03,374 epoch 24 - iter 70/107 - loss 0.04324692 - samples/sec: 126.29 - lr: 0.012500
2022-04-23 23:43:05,919 epoch 24 - iter 80/107 - loss 0.04383070 - samples/sec: 125.79 - lr: 0.012500
2022-04-23 23:43:08,545 epoch 24 - iter 90/107 - loss 0.04417501 - samples/sec: 121.89 - lr: 0.012500
2022-04-23 23:43:11,179 epoch 24 - iter 100/107 - loss 0.04438890 - samples/sec: 121.52 - lr: 0.012500
2022-04-23 23:43:12,816 ----------------------------------------------------------------------------------------------------
2022-04-23 23:43:12,816 EPOCH 24 done: loss 0.0441 - lr 0.012500
2022-04-23 23:43:21,035 Evaluating as a multi-label problem: False
2022-04-23 23:43:21,046 DEV : loss 0.2032010406255722 - f1-score (micro avg)  0.5192
2022-04-23 23:43:21,135 BAD EPOCHS (no improvement): 1
2022-04-23 23:43:21,137 ----------------------------------------------------------------------------------------------------
2022-04-23 23:43:23,766 epoch 25 - iter 10/107 - loss 0.04066800 - samples/sec: 121.79 - lr: 0.012500
2022-04-23 23:43:26,442 epoch 25 - iter 20/107 - loss 0.04152955 - samples/sec: 119.60 - lr: 0.012500
2022-04-23 23:43:29,090 epoch 25 - iter 30/107 - loss 0.04318839 - samples/sec: 120.90 - lr: 0.012500
2022-04-23 23:43:31,678 epoch 25 - iter 40/107 - loss 0.04445474 - samples/sec: 123.68 - lr: 0.012500
2022-04-23 23:43:34,212 epoch 25 - iter 50/107 - loss 0.04417521 - samples/sec: 126.36 - lr: 0.012500
2022-04-23 23:43:36,816 epoch 25 - iter 60/107 - loss 0.04447161 - samples/sec: 122.93 - lr: 0.012500
2022-04-23 23:43:39,475 epoch 25 - iter 70/107 - loss 0.04412391 - samples/sec: 120.36 - lr: 0.012500
2022-04-23 23:43:42,132 epoch 25 - iter 80/107 - loss 0.04349241 - samples/sec: 120.47 - lr: 0.012500
2022-04-23 23:43:44,734 epoch 25 - iter 90/107 - loss 0.04381397 - samples/sec: 123.04 - lr: 0.012500
2022-04-23 23:43:47,315 epoch 25 - iter 100/107 - loss 0.04370487 - samples/sec: 124.02 - lr: 0.012500
2022-04-23 23:43:48,906 ----------------------------------------------------------------------------------------------------
2022-04-23 23:43:48,906 EPOCH 25 done: loss 0.0437 - lr 0.012500
2022-04-23 23:43:57,187 Evaluating as a multi-label problem: False
2022-04-23 23:43:57,198 DEV : loss 0.205788716673851 - f1-score (micro avg)  0.5092
2022-04-23 23:43:57,286 BAD EPOCHS (no improvement): 2
2022-04-23 23:43:57,289 ----------------------------------------------------------------------------------------------------
2022-04-23 23:43:59,954 epoch 26 - iter 10/107 - loss 0.04564221 - samples/sec: 120.13 - lr: 0.012500
2022-04-23 23:44:02,559 epoch 26 - iter 20/107 - loss 0.04775269 - samples/sec: 122.86 - lr: 0.012500
2022-04-23 23:44:05,196 epoch 26 - iter 30/107 - loss 0.04648962 - samples/sec: 121.43 - lr: 0.012500
2022-04-23 23:44:07,747 epoch 26 - iter 40/107 - loss 0.04512444 - samples/sec: 125.50 - lr: 0.012500
2022-04-23 23:44:10,352 epoch 26 - iter 50/107 - loss 0.04540780 - samples/sec: 122.86 - lr: 0.012500
2022-04-23 23:44:13,076 epoch 26 - iter 60/107 - loss 0.04518910 - samples/sec: 117.52 - lr: 0.012500
2022-04-23 23:44:15,526 epoch 26 - iter 70/107 - loss 0.04499369 - samples/sec: 130.67 - lr: 0.012500
2022-04-23 23:44:18,061 epoch 26 - iter 80/107 - loss 0.04476415 - samples/sec: 126.27 - lr: 0.012500
2022-04-23 23:44:20,718 epoch 26 - iter 90/107 - loss 0.04468432 - samples/sec: 120.46 - lr: 0.012500
2022-04-23 23:44:23,359 epoch 26 - iter 100/107 - loss 0.04417015 - samples/sec: 121.24 - lr: 0.012500
2022-04-23 23:44:24,942 ----------------------------------------------------------------------------------------------------
2022-04-23 23:44:24,942 EPOCH 26 done: loss 0.0446 - lr 0.012500
2022-04-23 23:44:33,159 Evaluating as a multi-label problem: False
2022-04-23 23:44:33,169 DEV : loss 0.20915649831295013 - f1-score (micro avg)  0.5104
2022-04-23 23:44:33,255 BAD EPOCHS (no improvement): 3
2022-04-23 23:44:33,258 ----------------------------------------------------------------------------------------------------
2022-04-23 23:44:35,864 epoch 27 - iter 10/107 - loss 0.04314127 - samples/sec: 122.84 - lr: 0.012500
2022-04-23 23:44:38,533 epoch 27 - iter 20/107 - loss 0.04260983 - samples/sec: 119.97 - lr: 0.012500
2022-04-23 23:44:41,123 epoch 27 - iter 30/107 - loss 0.04219312 - samples/sec: 123.59 - lr: 0.012500
2022-04-23 23:44:43,771 epoch 27 - iter 40/107 - loss 0.04185206 - samples/sec: 120.88 - lr: 0.012500
2022-04-23 23:44:46,394 epoch 27 - iter 50/107 - loss 0.04277610 - samples/sec: 122.02 - lr: 0.012500
2022-04-23 23:44:49,003 epoch 27 - iter 60/107 - loss 0.04225971 - samples/sec: 122.72 - lr: 0.012500
2022-04-23 23:44:51,559 epoch 27 - iter 70/107 - loss 0.04254411 - samples/sec: 125.27 - lr: 0.012500
2022-04-23 23:44:54,213 epoch 27 - iter 80/107 - loss 0.04318790 - samples/sec: 120.59 - lr: 0.012500
2022-04-23 23:44:56,816 epoch 27 - iter 90/107 - loss 0.04290126 - samples/sec: 122.98 - lr: 0.012500
2022-04-23 23:44:59,419 epoch 27 - iter 100/107 - loss 0.04280338 - samples/sec: 122.99 - lr: 0.012500
2022-04-23 23:45:01,004 ----------------------------------------------------------------------------------------------------
2022-04-23 23:45:01,004 EPOCH 27 done: loss 0.0427 - lr 0.012500
2022-04-23 23:45:09,215 Evaluating as a multi-label problem: False
2022-04-23 23:45:09,226 DEV : loss 0.20831696689128876 - f1-score (micro avg)  0.5116
2022-04-23 23:45:09,313 Epoch    27: reducing learning rate of group 0 to 6.2500e-03.
2022-04-23 23:45:09,313 BAD EPOCHS (no improvement): 4
2022-04-23 23:45:09,316 ----------------------------------------------------------------------------------------------------
2022-04-23 23:45:11,958 epoch 28 - iter 10/107 - loss 0.03771918 - samples/sec: 121.18 - lr: 0.006250
2022-04-23 23:45:14,540 epoch 28 - iter 20/107 - loss 0.03415835 - samples/sec: 123.94 - lr: 0.006250
2022-04-23 23:45:17,188 epoch 28 - iter 30/107 - loss 0.03803217 - samples/sec: 120.92 - lr: 0.006250
2022-04-23 23:45:19,800 epoch 28 - iter 40/107 - loss 0.04040900 - samples/sec: 122.55 - lr: 0.006250
2022-04-23 23:45:22,427 epoch 28 - iter 50/107 - loss 0.04184639 - samples/sec: 121.84 - lr: 0.006250
2022-04-23 23:45:25,093 epoch 28 - iter 60/107 - loss 0.04189255 - samples/sec: 120.08 - lr: 0.006250
2022-04-23 23:45:27,777 epoch 28 - iter 70/107 - loss 0.04231041 - samples/sec: 119.25 - lr: 0.006250
2022-04-23 23:45:30,363 epoch 28 - iter 80/107 - loss 0.04195860 - samples/sec: 123.79 - lr: 0.006250
2022-04-23 23:45:32,943 epoch 28 - iter 90/107 - loss 0.04096562 - samples/sec: 124.08 - lr: 0.006250
2022-04-23 23:45:35,563 epoch 28 - iter 100/107 - loss 0.04079377 - samples/sec: 122.17 - lr: 0.006250
2022-04-23 23:45:37,051 ----------------------------------------------------------------------------------------------------
2022-04-23 23:45:37,051 EPOCH 28 done: loss 0.0405 - lr 0.006250
2022-04-23 23:45:45,311 Evaluating as a multi-label problem: False
2022-04-23 23:45:45,322 DEV : loss 0.20979751646518707 - f1-score (micro avg)  0.5215
2022-04-23 23:45:45,409 BAD EPOCHS (no improvement): 1
2022-04-23 23:45:45,412 ----------------------------------------------------------------------------------------------------
2022-04-23 23:45:48,088 epoch 29 - iter 10/107 - loss 0.04803593 - samples/sec: 119.65 - lr: 0.006250
2022-04-23 23:45:50,675 epoch 29 - iter 20/107 - loss 0.04572715 - samples/sec: 123.71 - lr: 0.006250
2022-04-23 23:45:53,277 epoch 29 - iter 30/107 - loss 0.04391419 - samples/sec: 123.04 - lr: 0.006250
2022-04-23 23:45:55,998 epoch 29 - iter 40/107 - loss 0.04522728 - samples/sec: 117.65 - lr: 0.006250
2022-04-23 23:45:58,675 epoch 29 - iter 50/107 - loss 0.04468101 - samples/sec: 119.56 - lr: 0.006250
2022-04-23 23:46:01,251 epoch 29 - iter 60/107 - loss 0.04438963 - samples/sec: 124.28 - lr: 0.006250
2022-04-23 23:46:03,854 epoch 29 - iter 70/107 - loss 0.04325084 - samples/sec: 122.99 - lr: 0.006250
2022-04-23 23:46:06,479 epoch 29 - iter 80/107 - loss 0.04358815 - samples/sec: 121.94 - lr: 0.006250
2022-04-23 23:46:09,034 epoch 29 - iter 90/107 - loss 0.04324973 - samples/sec: 125.27 - lr: 0.006250
2022-04-23 23:46:11,516 epoch 29 - iter 100/107 - loss 0.04333589 - samples/sec: 129.02 - lr: 0.006250
2022-04-23 23:46:13,012 ----------------------------------------------------------------------------------------------------
2022-04-23 23:46:13,012 EPOCH 29 done: loss 0.0431 - lr 0.006250
2022-04-23 23:46:20,935 Evaluating as a multi-label problem: False
2022-04-23 23:46:20,946 DEV : loss 0.21150749921798706 - f1-score (micro avg)  0.519
2022-04-23 23:46:21,032 BAD EPOCHS (no improvement): 2
2022-04-23 23:46:21,037 ----------------------------------------------------------------------------------------------------
2022-04-23 23:46:23,598 epoch 30 - iter 10/107 - loss 0.03505118 - samples/sec: 125.01 - lr: 0.006250
2022-04-23 23:46:26,016 epoch 30 - iter 20/107 - loss 0.03770812 - samples/sec: 132.45 - lr: 0.006250
2022-04-23 23:46:28,657 epoch 30 - iter 30/107 - loss 0.03996460 - samples/sec: 121.19 - lr: 0.006250
2022-04-23 23:46:31,305 epoch 30 - iter 40/107 - loss 0.03900875 - samples/sec: 120.89 - lr: 0.006250
2022-04-23 23:46:33,843 epoch 30 - iter 50/107 - loss 0.03909890 - samples/sec: 126.15 - lr: 0.006250
2022-04-23 23:46:36,467 epoch 30 - iter 60/107 - loss 0.03886247 - samples/sec: 122.00 - lr: 0.006250
2022-04-23 23:46:39,106 epoch 30 - iter 70/107 - loss 0.04038996 - samples/sec: 121.29 - lr: 0.006250
2022-04-23 23:46:41,769 epoch 30 - iter 80/107 - loss 0.03995232 - samples/sec: 120.20 - lr: 0.006250
2022-04-23 23:46:44,453 epoch 30 - iter 90/107 - loss 0.03990750 - samples/sec: 119.27 - lr: 0.006250
2022-04-23 23:46:47,125 epoch 30 - iter 100/107 - loss 0.03994275 - samples/sec: 119.82 - lr: 0.006250
2022-04-23 23:46:48,734 ----------------------------------------------------------------------------------------------------
2022-04-23 23:46:48,734 EPOCH 30 done: loss 0.0402 - lr 0.006250
2022-04-23 23:46:57,012 Evaluating as a multi-label problem: False
2022-04-23 23:46:57,023 DEV : loss 0.21082386374473572 - f1-score (micro avg)  0.5159
2022-04-23 23:46:57,108 BAD EPOCHS (no improvement): 3
2022-04-23 23:46:57,111 ----------------------------------------------------------------------------------------------------
2022-04-23 23:46:59,732 epoch 31 - iter 10/107 - loss 0.04650864 - samples/sec: 122.15 - lr: 0.006250
2022-04-23 23:47:02,356 epoch 31 - iter 20/107 - loss 0.04354591 - samples/sec: 121.99 - lr: 0.006250
2022-04-23 23:47:05,054 epoch 31 - iter 30/107 - loss 0.03996973 - samples/sec: 118.63 - lr: 0.006250
2022-04-23 23:47:07,702 epoch 31 - iter 40/107 - loss 0.04038082 - samples/sec: 120.89 - lr: 0.006250
2022-04-23 23:47:10,404 epoch 31 - iter 50/107 - loss 0.04189119 - samples/sec: 118.49 - lr: 0.006250
2022-04-23 23:47:13,096 epoch 31 - iter 60/107 - loss 0.04169571 - samples/sec: 118.91 - lr: 0.006250
2022-04-23 23:47:15,662 epoch 31 - iter 70/107 - loss 0.04046010 - samples/sec: 124.76 - lr: 0.006250
2022-04-23 23:47:18,293 epoch 31 - iter 80/107 - loss 0.03944873 - samples/sec: 121.68 - lr: 0.006250
2022-04-23 23:47:20,804 epoch 31 - iter 90/107 - loss 0.04097012 - samples/sec: 127.52 - lr: 0.006250
2022-04-23 23:47:23,320 epoch 31 - iter 100/107 - loss 0.04018782 - samples/sec: 127.24 - lr: 0.006250
2022-04-23 23:47:24,921 ----------------------------------------------------------------------------------------------------
2022-04-23 23:47:24,921 EPOCH 31 done: loss 0.0407 - lr 0.006250
2022-04-23 23:47:33,201 Evaluating as a multi-label problem: False
2022-04-23 23:47:33,212 DEV : loss 0.2036721259355545 - f1-score (micro avg)  0.5257
2022-04-23 23:47:33,303 Epoch    31: reducing learning rate of group 0 to 3.1250e-03.
2022-04-23 23:47:33,303 BAD EPOCHS (no improvement): 4
2022-04-23 23:47:33,312 ----------------------------------------------------------------------------------------------------
2022-04-23 23:47:36,060 epoch 32 - iter 10/107 - loss 0.03143631 - samples/sec: 116.49 - lr: 0.003125
2022-04-23 23:47:38,646 epoch 32 - iter 20/107 - loss 0.03363660 - samples/sec: 123.78 - lr: 0.003125
2022-04-23 23:47:41,367 epoch 32 - iter 30/107 - loss 0.03800953 - samples/sec: 117.64 - lr: 0.003125
2022-04-23 23:47:43,953 epoch 32 - iter 40/107 - loss 0.03906483 - samples/sec: 123.80 - lr: 0.003125
2022-04-23 23:47:46,500 epoch 32 - iter 50/107 - loss 0.03917872 - samples/sec: 125.69 - lr: 0.003125
2022-04-23 23:47:49,098 epoch 32 - iter 60/107 - loss 0.03867917 - samples/sec: 123.20 - lr: 0.003125
2022-04-23 23:47:51,739 epoch 32 - iter 70/107 - loss 0.03920447 - samples/sec: 121.21 - lr: 0.003125
2022-04-23 23:47:54,417 epoch 32 - iter 80/107 - loss 0.03921564 - samples/sec: 119.54 - lr: 0.003125
2022-04-23 23:47:56,961 epoch 32 - iter 90/107 - loss 0.03914565 - samples/sec: 125.83 - lr: 0.003125
2022-04-23 23:47:59,538 epoch 32 - iter 100/107 - loss 0.03955756 - samples/sec: 124.24 - lr: 0.003125
2022-04-23 23:48:01,173 ----------------------------------------------------------------------------------------------------
2022-04-23 23:48:01,174 EPOCH 32 done: loss 0.0390 - lr 0.003125
2022-04-23 23:48:09,440 Evaluating as a multi-label problem: False
2022-04-23 23:48:09,451 DEV : loss 0.2102741152048111 - f1-score (micro avg)  0.5156
2022-04-23 23:48:09,538 BAD EPOCHS (no improvement): 1
2022-04-23 23:48:09,541 ----------------------------------------------------------------------------------------------------
2022-04-23 23:48:12,186 epoch 33 - iter 10/107 - loss 0.03398653 - samples/sec: 121.03 - lr: 0.003125
2022-04-23 23:48:14,772 epoch 33 - iter 20/107 - loss 0.03665089 - samples/sec: 123.78 - lr: 0.003125
2022-04-23 23:48:17,394 epoch 33 - iter 30/107 - loss 0.03714068 - samples/sec: 122.09 - lr: 0.003125
2022-04-23 23:48:20,013 epoch 33 - iter 40/107 - loss 0.03886562 - samples/sec: 122.27 - lr: 0.003125
2022-04-23 23:48:22,547 epoch 33 - iter 50/107 - loss 0.03948986 - samples/sec: 126.29 - lr: 0.003125
2022-04-23 23:48:25,174 epoch 33 - iter 60/107 - loss 0.03935164 - samples/sec: 121.88 - lr: 0.003125
2022-04-23 23:48:27,854 epoch 33 - iter 70/107 - loss 0.03941290 - samples/sec: 119.46 - lr: 0.003125
2022-04-23 23:48:30,498 epoch 33 - iter 80/107 - loss 0.03929423 - samples/sec: 121.06 - lr: 0.003125
2022-04-23 23:48:33,032 epoch 33 - iter 90/107 - loss 0.03953769 - samples/sec: 126.32 - lr: 0.003125
2022-04-23 23:48:35,631 epoch 33 - iter 100/107 - loss 0.03888564 - samples/sec: 123.17 - lr: 0.003125
2022-04-23 23:48:37,212 ----------------------------------------------------------------------------------------------------
2022-04-23 23:48:37,212 EPOCH 33 done: loss 0.0395 - lr 0.003125
2022-04-23 23:48:45,392 Evaluating as a multi-label problem: False
2022-04-23 23:48:45,402 DEV : loss 0.20962181687355042 - f1-score (micro avg)  0.5155
2022-04-23 23:48:45,489 BAD EPOCHS (no improvement): 2
2022-04-23 23:48:45,491 ----------------------------------------------------------------------------------------------------
2022-04-23 23:48:48,116 epoch 34 - iter 10/107 - loss 0.03718300 - samples/sec: 121.97 - lr: 0.003125
2022-04-23 23:48:50,723 epoch 34 - iter 20/107 - loss 0.03850092 - samples/sec: 122.81 - lr: 0.003125
2022-04-23 23:48:53,410 epoch 34 - iter 30/107 - loss 0.03774842 - samples/sec: 119.13 - lr: 0.003125
2022-04-23 23:48:55,970 epoch 34 - iter 40/107 - loss 0.04014249 - samples/sec: 125.04 - lr: 0.003125
2022-04-23 23:48:58,637 epoch 34 - iter 50/107 - loss 0.04097059 - samples/sec: 120.02 - lr: 0.003125
2022-04-23 23:49:01,169 epoch 34 - iter 60/107 - loss 0.04064184 - samples/sec: 126.43 - lr: 0.003125
2022-04-23 23:49:03,707 epoch 34 - iter 70/107 - loss 0.03974682 - samples/sec: 126.18 - lr: 0.003125
2022-04-23 23:49:06,330 epoch 34 - iter 80/107 - loss 0.03905464 - samples/sec: 122.04 - lr: 0.003125
2022-04-23 23:49:08,954 epoch 34 - iter 90/107 - loss 0.03963723 - samples/sec: 121.96 - lr: 0.003125
2022-04-23 23:49:11,580 epoch 34 - iter 100/107 - loss 0.03974304 - samples/sec: 121.93 - lr: 0.003125
2022-04-23 23:49:13,146 ----------------------------------------------------------------------------------------------------
2022-04-23 23:49:13,147 EPOCH 34 done: loss 0.0397 - lr 0.003125
2022-04-23 23:49:21,338 Evaluating as a multi-label problem: False
2022-04-23 23:49:21,349 DEV : loss 0.20883263647556305 - f1-score (micro avg)  0.5209
2022-04-23 23:49:21,435 BAD EPOCHS (no improvement): 3
2022-04-23 23:49:21,438 ----------------------------------------------------------------------------------------------------
2022-04-23 23:49:24,130 epoch 35 - iter 10/107 - loss 0.03988863 - samples/sec: 118.91 - lr: 0.003125
2022-04-23 23:49:26,677 epoch 35 - iter 20/107 - loss 0.03462559 - samples/sec: 125.73 - lr: 0.003125
2022-04-23 23:49:29,290 epoch 35 - iter 30/107 - loss 0.03688478 - samples/sec: 122.49 - lr: 0.003125
2022-04-23 23:49:31,948 epoch 35 - iter 40/107 - loss 0.03886916 - samples/sec: 120.46 - lr: 0.003125
2022-04-23 23:49:34,608 epoch 35 - iter 50/107 - loss 0.03683943 - samples/sec: 120.32 - lr: 0.003125
2022-04-23 23:49:37,228 epoch 35 - iter 60/107 - loss 0.03803356 - samples/sec: 122.17 - lr: 0.003125
2022-04-23 23:49:39,743 epoch 35 - iter 70/107 - loss 0.03805439 - samples/sec: 127.28 - lr: 0.003125
2022-04-23 23:49:42,415 epoch 35 - iter 80/107 - loss 0.03777601 - samples/sec: 119.82 - lr: 0.003125
2022-04-23 23:49:44,989 epoch 35 - iter 90/107 - loss 0.03842549 - samples/sec: 124.37 - lr: 0.003125
2022-04-23 23:49:47,662 epoch 35 - iter 100/107 - loss 0.03968091 - samples/sec: 119.77 - lr: 0.003125
2022-04-23 23:49:49,193 ----------------------------------------------------------------------------------------------------
2022-04-23 23:49:49,193 EPOCH 35 done: loss 0.0398 - lr 0.003125
2022-04-23 23:50:01,022 Evaluating as a multi-label problem: False
2022-04-23 23:50:01,033 DEV : loss 0.20976540446281433 - f1-score (micro avg)  0.5201
2022-04-23 23:50:01,118 Epoch    35: reducing learning rate of group 0 to 1.5625e-03.
2022-04-23 23:50:01,118 BAD EPOCHS (no improvement): 4
2022-04-23 23:50:01,120 ----------------------------------------------------------------------------------------------------
2022-04-23 23:50:03,690 epoch 36 - iter 10/107 - loss 0.03995021 - samples/sec: 124.60 - lr: 0.001563
2022-04-23 23:50:06,397 epoch 36 - iter 20/107 - loss 0.04175456 - samples/sec: 118.23 - lr: 0.001563
2022-04-23 23:50:09,054 epoch 36 - iter 30/107 - loss 0.04292394 - samples/sec: 120.49 - lr: 0.001563
2022-04-23 23:50:11,668 epoch 36 - iter 40/107 - loss 0.04127803 - samples/sec: 122.47 - lr: 0.001563
2022-04-23 23:50:14,308 epoch 36 - iter 50/107 - loss 0.03980550 - samples/sec: 121.21 - lr: 0.001563
2022-04-23 23:50:16,898 epoch 36 - iter 60/107 - loss 0.03785374 - samples/sec: 123.64 - lr: 0.001563
2022-04-23 23:50:19,523 epoch 36 - iter 70/107 - loss 0.03802757 - samples/sec: 121.94 - lr: 0.001563
2022-04-23 23:50:22,093 epoch 36 - iter 80/107 - loss 0.03871806 - samples/sec: 124.55 - lr: 0.001563
2022-04-23 23:50:24,774 epoch 36 - iter 90/107 - loss 0.03845026 - samples/sec: 119.43 - lr: 0.001563
2022-04-23 23:50:27,301 epoch 36 - iter 100/107 - loss 0.03827478 - samples/sec: 126.67 - lr: 0.001563
2022-04-23 23:50:28,885 ----------------------------------------------------------------------------------------------------
2022-04-23 23:50:28,885 EPOCH 36 done: loss 0.0383 - lr 0.001563
2022-04-23 23:50:37,133 Evaluating as a multi-label problem: False
2022-04-23 23:50:37,143 DEV : loss 0.20962077379226685 - f1-score (micro avg)  0.5166
2022-04-23 23:50:37,228 BAD EPOCHS (no improvement): 1
2022-04-23 23:50:37,231 ----------------------------------------------------------------------------------------------------
2022-04-23 23:50:39,802 epoch 37 - iter 10/107 - loss 0.03222579 - samples/sec: 124.55 - lr: 0.001563
2022-04-23 23:50:42,477 epoch 37 - iter 20/107 - loss 0.03030212 - samples/sec: 119.64 - lr: 0.001563
2022-04-23 23:50:44,918 epoch 37 - iter 30/107 - loss 0.03603771 - samples/sec: 131.18 - lr: 0.001563
2022-04-23 23:50:47,464 epoch 37 - iter 40/107 - loss 0.03598315 - samples/sec: 125.75 - lr: 0.001563
2022-04-23 23:50:49,950 epoch 37 - iter 50/107 - loss 0.03649469 - samples/sec: 128.74 - lr: 0.001563
2022-04-23 23:50:52,450 epoch 37 - iter 60/107 - loss 0.03702404 - samples/sec: 128.07 - lr: 0.001563
2022-04-23 23:50:55,045 epoch 37 - iter 70/107 - loss 0.03750319 - samples/sec: 123.36 - lr: 0.001563
2022-04-23 23:50:57,698 epoch 37 - iter 80/107 - loss 0.03764349 - samples/sec: 120.67 - lr: 0.001563
2022-04-23 23:51:00,330 epoch 37 - iter 90/107 - loss 0.03770117 - samples/sec: 121.62 - lr: 0.001563
2022-04-23 23:51:02,873 epoch 37 - iter 100/107 - loss 0.03878412 - samples/sec: 125.88 - lr: 0.001563
2022-04-23 23:51:04,484 ----------------------------------------------------------------------------------------------------
2022-04-23 23:51:04,484 EPOCH 37 done: loss 0.0381 - lr 0.001563
2022-04-23 23:51:12,688 Evaluating as a multi-label problem: False
2022-04-23 23:51:12,699 DEV : loss 0.20766903460025787 - f1-score (micro avg)  0.5208
2022-04-23 23:51:12,785 BAD EPOCHS (no improvement): 2
2022-04-23 23:51:12,788 ----------------------------------------------------------------------------------------------------
2022-04-23 23:51:15,457 epoch 38 - iter 10/107 - loss 0.03530781 - samples/sec: 119.92 - lr: 0.001563
2022-04-23 23:51:18,083 epoch 38 - iter 20/107 - loss 0.03863725 - samples/sec: 121.91 - lr: 0.001563
2022-04-23 23:51:20,675 epoch 38 - iter 30/107 - loss 0.03739588 - samples/sec: 123.51 - lr: 0.001563
2022-04-23 23:51:23,356 epoch 38 - iter 40/107 - loss 0.03665472 - samples/sec: 119.40 - lr: 0.001563
2022-04-23 23:51:25,964 epoch 38 - iter 50/107 - loss 0.03757387 - samples/sec: 122.76 - lr: 0.001563
2022-04-23 23:51:28,581 epoch 38 - iter 60/107 - loss 0.03753999 - samples/sec: 122.29 - lr: 0.001563
2022-04-23 23:51:31,099 epoch 38 - iter 70/107 - loss 0.03721982 - samples/sec: 127.15 - lr: 0.001563
2022-04-23 23:51:33,710 epoch 38 - iter 80/107 - loss 0.03761814 - samples/sec: 122.63 - lr: 0.001563
2022-04-23 23:51:36,346 epoch 38 - iter 90/107 - loss 0.03820833 - samples/sec: 121.42 - lr: 0.001563
2022-04-23 23:51:38,955 epoch 38 - iter 100/107 - loss 0.03794345 - samples/sec: 122.74 - lr: 0.001563
2022-04-23 23:51:40,544 ----------------------------------------------------------------------------------------------------
2022-04-23 23:51:40,544 EPOCH 38 done: loss 0.0375 - lr 0.001563
2022-04-23 23:51:48,814 Evaluating as a multi-label problem: False
2022-04-23 23:51:48,825 DEV : loss 0.20914819836616516 - f1-score (micro avg)  0.5204
2022-04-23 23:51:48,914 BAD EPOCHS (no improvement): 3
2022-04-23 23:51:48,917 ----------------------------------------------------------------------------------------------------
2022-04-23 23:51:51,575 epoch 39 - iter 10/107 - loss 0.03830532 - samples/sec: 120.48 - lr: 0.001563
2022-04-23 23:51:54,125 epoch 39 - iter 20/107 - loss 0.03767729 - samples/sec: 125.51 - lr: 0.001563
2022-04-23 23:51:56,666 epoch 39 - iter 30/107 - loss 0.04265498 - samples/sec: 125.97 - lr: 0.001563
2022-04-23 23:51:59,236 epoch 39 - iter 40/107 - loss 0.04096603 - samples/sec: 124.57 - lr: 0.001563
2022-04-23 23:52:01,836 epoch 39 - iter 50/107 - loss 0.03911969 - samples/sec: 123.12 - lr: 0.001563
2022-04-23 23:52:04,406 epoch 39 - iter 60/107 - loss 0.03780780 - samples/sec: 124.57 - lr: 0.001563
2022-04-23 23:52:07,120 epoch 39 - iter 70/107 - loss 0.03773793 - samples/sec: 117.95 - lr: 0.001563
2022-04-23 23:52:09,771 epoch 39 - iter 80/107 - loss 0.03891279 - samples/sec: 120.75 - lr: 0.001563
2022-04-23 23:52:12,440 epoch 39 - iter 90/107 - loss 0.03919725 - samples/sec: 119.93 - lr: 0.001563
2022-04-23 23:52:15,044 epoch 39 - iter 100/107 - loss 0.03872815 - samples/sec: 122.93 - lr: 0.001563
2022-04-23 23:52:16,631 ----------------------------------------------------------------------------------------------------
2022-04-23 23:52:16,632 EPOCH 39 done: loss 0.0392 - lr 0.001563
2022-04-23 23:52:24,825 Evaluating as a multi-label problem: False
2022-04-23 23:52:24,836 DEV : loss 0.20965535938739777 - f1-score (micro avg)  0.5204
2022-04-23 23:52:24,922 Epoch    39: reducing learning rate of group 0 to 7.8125e-04.
2022-04-23 23:52:24,922 BAD EPOCHS (no improvement): 4
2022-04-23 23:52:24,924 ----------------------------------------------------------------------------------------------------
2022-04-23 23:52:27,574 epoch 40 - iter 10/107 - loss 0.04026158 - samples/sec: 120.82 - lr: 0.000781
2022-04-23 23:52:30,145 epoch 40 - iter 20/107 - loss 0.04217561 - samples/sec: 124.56 - lr: 0.000781
2022-04-23 23:52:32,685 epoch 40 - iter 30/107 - loss 0.04152213 - samples/sec: 125.99 - lr: 0.000781
2022-04-23 23:52:35,260 epoch 40 - iter 40/107 - loss 0.03920491 - samples/sec: 124.35 - lr: 0.000781
2022-04-23 23:52:37,999 epoch 40 - iter 50/107 - loss 0.04075535 - samples/sec: 116.88 - lr: 0.000781
2022-04-23 23:52:40,613 epoch 40 - iter 60/107 - loss 0.04031798 - samples/sec: 122.44 - lr: 0.000781
2022-04-23 23:52:43,392 epoch 40 - iter 70/107 - loss 0.04053288 - samples/sec: 115.22 - lr: 0.000781
2022-04-23 23:52:45,914 epoch 40 - iter 80/107 - loss 0.04051579 - samples/sec: 126.92 - lr: 0.000781
2022-04-23 23:52:48,634 epoch 40 - iter 90/107 - loss 0.03952174 - samples/sec: 117.68 - lr: 0.000781
2022-04-23 23:52:51,230 epoch 40 - iter 100/107 - loss 0.03935142 - samples/sec: 123.32 - lr: 0.000781
2022-04-23 23:52:52,742 ----------------------------------------------------------------------------------------------------
2022-04-23 23:52:52,742 EPOCH 40 done: loss 0.0396 - lr 0.000781
2022-04-23 23:53:01,020 Evaluating as a multi-label problem: False
2022-04-23 23:53:01,030 DEV : loss 0.2101760059595108 - f1-score (micro avg)  0.5212
2022-04-23 23:53:01,115 BAD EPOCHS (no improvement): 1
2022-04-23 23:53:01,136 ----------------------------------------------------------------------------------------------------
2022-04-23 23:53:03,880 epoch 41 - iter 10/107 - loss 0.03200113 - samples/sec: 116.68 - lr: 0.000781
2022-04-23 23:53:06,483 epoch 41 - iter 20/107 - loss 0.03519270 - samples/sec: 122.97 - lr: 0.000781
2022-04-23 23:53:09,140 epoch 41 - iter 30/107 - loss 0.03845941 - samples/sec: 120.48 - lr: 0.000781
2022-04-23 23:53:11,546 epoch 41 - iter 40/107 - loss 0.03646588 - samples/sec: 133.07 - lr: 0.000781
2022-04-23 23:53:14,082 epoch 41 - iter 50/107 - loss 0.03549655 - samples/sec: 126.24 - lr: 0.000781
2022-04-23 23:53:16,766 epoch 41 - iter 60/107 - loss 0.03711252 - samples/sec: 119.28 - lr: 0.000781
2022-04-23 23:53:19,499 epoch 41 - iter 70/107 - loss 0.03725564 - samples/sec: 117.12 - lr: 0.000781
2022-04-23 23:53:22,061 epoch 41 - iter 80/107 - loss 0.03791218 - samples/sec: 124.98 - lr: 0.000781
2022-04-23 23:53:24,775 epoch 41 - iter 90/107 - loss 0.03822937 - samples/sec: 117.95 - lr: 0.000781
2022-04-23 23:53:27,558 epoch 41 - iter 100/107 - loss 0.03863422 - samples/sec: 115.02 - lr: 0.000781
2022-04-23 23:53:29,214 ----------------------------------------------------------------------------------------------------
2022-04-23 23:53:29,214 EPOCH 41 done: loss 0.0383 - lr 0.000781
2022-04-23 23:53:37,353 Evaluating as a multi-label problem: False
2022-04-23 23:53:37,364 DEV : loss 0.211480051279068 - f1-score (micro avg)  0.5178
2022-04-23 23:53:37,451 BAD EPOCHS (no improvement): 2
2022-04-23 23:53:37,454 ----------------------------------------------------------------------------------------------------
2022-04-23 23:53:40,034 epoch 42 - iter 10/107 - loss 0.03265223 - samples/sec: 124.09 - lr: 0.000781
2022-04-23 23:53:42,505 epoch 42 - iter 20/107 - loss 0.03500542 - samples/sec: 129.55 - lr: 0.000781
2022-04-23 23:53:45,103 epoch 42 - iter 30/107 - loss 0.03884852 - samples/sec: 123.21 - lr: 0.000781
2022-04-23 23:53:47,721 epoch 42 - iter 40/107 - loss 0.03728341 - samples/sec: 122.24 - lr: 0.000781
2022-04-23 23:53:50,355 epoch 42 - iter 50/107 - loss 0.03649549 - samples/sec: 121.56 - lr: 0.000781
2022-04-23 23:53:52,937 epoch 42 - iter 60/107 - loss 0.03754618 - samples/sec: 123.98 - lr: 0.000781
2022-04-23 23:53:55,543 epoch 42 - iter 70/107 - loss 0.03724302 - samples/sec: 122.83 - lr: 0.000781
2022-04-23 23:53:58,252 epoch 42 - iter 80/107 - loss 0.03853633 - samples/sec: 118.16 - lr: 0.000781
2022-04-23 23:54:00,963 epoch 42 - iter 90/107 - loss 0.03831415 - samples/sec: 118.08 - lr: 0.000781
2022-04-23 23:54:03,544 epoch 42 - iter 100/107 - loss 0.03812312 - samples/sec: 124.01 - lr: 0.000781
2022-04-23 23:54:05,155 ----------------------------------------------------------------------------------------------------
2022-04-23 23:54:05,155 EPOCH 42 done: loss 0.0375 - lr 0.000781
2022-04-23 23:54:13,327 Evaluating as a multi-label problem: False
2022-04-23 23:54:13,338 DEV : loss 0.21104152500629425 - f1-score (micro avg)  0.5189
2022-04-23 23:54:13,425 BAD EPOCHS (no improvement): 3
2022-04-23 23:54:13,428 ----------------------------------------------------------------------------------------------------
2022-04-23 23:54:16,044 epoch 43 - iter 10/107 - loss 0.03560222 - samples/sec: 122.38 - lr: 0.000781
2022-04-23 23:54:18,783 epoch 43 - iter 20/107 - loss 0.03449659 - samples/sec: 116.89 - lr: 0.000781
2022-04-23 23:54:21,370 epoch 43 - iter 30/107 - loss 0.03603675 - samples/sec: 123.73 - lr: 0.000781
2022-04-23 23:54:24,058 epoch 43 - iter 40/107 - loss 0.03760555 - samples/sec: 119.09 - lr: 0.000781
2022-04-23 23:54:26,667 epoch 43 - iter 50/107 - loss 0.03696139 - samples/sec: 122.73 - lr: 0.000781
2022-04-23 23:54:29,230 epoch 43 - iter 60/107 - loss 0.03871241 - samples/sec: 124.89 - lr: 0.000781
2022-04-23 23:54:31,838 epoch 43 - iter 70/107 - loss 0.03843208 - samples/sec: 122.71 - lr: 0.000781
2022-04-23 23:54:34,514 epoch 43 - iter 80/107 - loss 0.03877631 - samples/sec: 119.63 - lr: 0.000781
2022-04-23 23:54:37,082 epoch 43 - iter 90/107 - loss 0.03845831 - samples/sec: 124.66 - lr: 0.000781
2022-04-23 23:54:39,663 epoch 43 - iter 100/107 - loss 0.03779518 - samples/sec: 124.03 - lr: 0.000781
2022-04-23 23:54:41,144 ----------------------------------------------------------------------------------------------------
2022-04-23 23:54:41,144 EPOCH 43 done: loss 0.0385 - lr 0.000781
2022-04-23 23:54:49,368 Evaluating as a multi-label problem: False
2022-04-23 23:54:49,378 DEV : loss 0.20978599786758423 - f1-score (micro avg)  0.5227
2022-04-23 23:54:49,465 Epoch    43: reducing learning rate of group 0 to 3.9063e-04.
2022-04-23 23:54:49,465 BAD EPOCHS (no improvement): 4
2022-04-23 23:54:49,467 ----------------------------------------------------------------------------------------------------
2022-04-23 23:54:52,131 epoch 44 - iter 10/107 - loss 0.03886430 - samples/sec: 120.19 - lr: 0.000391
2022-04-23 23:54:54,735 epoch 44 - iter 20/107 - loss 0.03742143 - samples/sec: 122.97 - lr: 0.000391
2022-04-23 23:54:57,283 epoch 44 - iter 30/107 - loss 0.03784561 - samples/sec: 125.62 - lr: 0.000391
2022-04-23 23:54:59,953 epoch 44 - iter 40/107 - loss 0.03616914 - samples/sec: 119.89 - lr: 0.000391
2022-04-23 23:55:02,503 epoch 44 - iter 50/107 - loss 0.03672479 - samples/sec: 125.57 - lr: 0.000391
2022-04-23 23:55:05,106 epoch 44 - iter 60/107 - loss 0.03643833 - samples/sec: 122.97 - lr: 0.000391
2022-04-23 23:55:07,754 epoch 44 - iter 70/107 - loss 0.03686040 - samples/sec: 120.88 - lr: 0.000391
2022-04-23 23:55:10,312 epoch 44 - iter 80/107 - loss 0.03773838 - samples/sec: 125.15 - lr: 0.000391
2022-04-23 23:55:12,797 epoch 44 - iter 90/107 - loss 0.03795981 - samples/sec: 128.83 - lr: 0.000391
2022-04-23 23:55:15,536 epoch 44 - iter 100/107 - loss 0.03759836 - samples/sec: 116.86 - lr: 0.000391
2022-04-23 23:55:17,177 ----------------------------------------------------------------------------------------------------
2022-04-23 23:55:17,177 EPOCH 44 done: loss 0.0373 - lr 0.000391
2022-04-23 23:55:25,159 Evaluating as a multi-label problem: False
2022-04-23 23:55:25,170 DEV : loss 0.20880702137947083 - f1-score (micro avg)  0.5223
2022-04-23 23:55:25,255 BAD EPOCHS (no improvement): 1
2022-04-23 23:55:25,258 ----------------------------------------------------------------------------------------------------
2022-04-23 23:55:27,943 epoch 45 - iter 10/107 - loss 0.04311721 - samples/sec: 119.23 - lr: 0.000391
2022-04-23 23:55:30,642 epoch 45 - iter 20/107 - loss 0.03989404 - samples/sec: 118.61 - lr: 0.000391
2022-04-23 23:55:33,107 epoch 45 - iter 30/107 - loss 0.03937587 - samples/sec: 129.85 - lr: 0.000391
2022-04-23 23:55:35,727 epoch 45 - iter 40/107 - loss 0.03961525 - samples/sec: 122.18 - lr: 0.000391
2022-04-23 23:55:38,364 epoch 45 - iter 50/107 - loss 0.03948495 - samples/sec: 121.41 - lr: 0.000391
2022-04-23 23:55:40,966 epoch 45 - iter 60/107 - loss 0.03924050 - samples/sec: 123.03 - lr: 0.000391
2022-04-23 23:55:43,597 epoch 45 - iter 70/107 - loss 0.04074272 - samples/sec: 121.69 - lr: 0.000391
2022-04-23 23:55:46,327 epoch 45 - iter 80/107 - loss 0.04006733 - samples/sec: 117.23 - lr: 0.000391
2022-04-23 23:55:48,982 epoch 45 - iter 90/107 - loss 0.04015653 - samples/sec: 120.61 - lr: 0.000391
2022-04-23 23:55:51,456 epoch 45 - iter 100/107 - loss 0.04047488 - samples/sec: 129.37 - lr: 0.000391
2022-04-23 23:55:53,099 ----------------------------------------------------------------------------------------------------
2022-04-23 23:55:53,099 EPOCH 45 done: loss 0.0406 - lr 0.000391
2022-04-23 23:56:01,371 Evaluating as a multi-label problem: False
2022-04-23 23:56:01,382 DEV : loss 0.20857150852680206 - f1-score (micro avg)  0.5231
2022-04-23 23:56:01,472 BAD EPOCHS (no improvement): 2
2022-04-23 23:56:01,474 ----------------------------------------------------------------------------------------------------
2022-04-23 23:56:04,159 epoch 46 - iter 10/107 - loss 0.03534661 - samples/sec: 119.25 - lr: 0.000391
2022-04-23 23:56:06,731 epoch 46 - iter 20/107 - loss 0.03962650 - samples/sec: 124.46 - lr: 0.000391
2022-04-23 23:56:09,475 epoch 46 - iter 30/107 - loss 0.03994196 - samples/sec: 116.65 - lr: 0.000391
2022-04-23 23:56:12,152 epoch 46 - iter 40/107 - loss 0.04117555 - samples/sec: 119.58 - lr: 0.000391
2022-04-23 23:56:14,780 epoch 46 - iter 50/107 - loss 0.04062635 - samples/sec: 121.81 - lr: 0.000391
2022-04-23 23:56:17,431 epoch 46 - iter 60/107 - loss 0.04050848 - samples/sec: 120.77 - lr: 0.000391
2022-04-23 23:56:19,981 epoch 46 - iter 70/107 - loss 0.04047149 - samples/sec: 125.52 - lr: 0.000391
2022-04-23 23:56:22,669 epoch 46 - iter 80/107 - loss 0.04000393 - samples/sec: 119.10 - lr: 0.000391
2022-04-23 23:56:25,330 epoch 46 - iter 90/107 - loss 0.04006175 - samples/sec: 120.28 - lr: 0.000391
2022-04-23 23:56:27,930 epoch 46 - iter 100/107 - loss 0.03972127 - samples/sec: 123.14 - lr: 0.000391
2022-04-23 23:56:29,599 ----------------------------------------------------------------------------------------------------
2022-04-23 23:56:29,600 EPOCH 46 done: loss 0.0401 - lr 0.000391
2022-04-23 23:56:37,866 Evaluating as a multi-label problem: False
2022-04-23 23:56:37,877 DEV : loss 0.20908281207084656 - f1-score (micro avg)  0.5197
2022-04-23 23:56:37,964 BAD EPOCHS (no improvement): 3
2022-04-23 23:56:37,967 ----------------------------------------------------------------------------------------------------
2022-04-23 23:56:40,568 epoch 47 - iter 10/107 - loss 0.04700195 - samples/sec: 123.08 - lr: 0.000391
2022-04-23 23:56:43,269 epoch 47 - iter 20/107 - loss 0.03944252 - samples/sec: 118.56 - lr: 0.000391
2022-04-23 23:56:45,798 epoch 47 - iter 30/107 - loss 0.03908054 - samples/sec: 126.56 - lr: 0.000391
2022-04-23 23:56:48,388 epoch 47 - iter 40/107 - loss 0.03717315 - samples/sec: 123.62 - lr: 0.000391
2022-04-23 23:56:51,037 epoch 47 - iter 50/107 - loss 0.03820600 - samples/sec: 120.83 - lr: 0.000391
2022-04-23 23:56:53,732 epoch 47 - iter 60/107 - loss 0.03790919 - samples/sec: 118.78 - lr: 0.000391
2022-04-23 23:56:56,418 epoch 47 - iter 70/107 - loss 0.03808316 - samples/sec: 119.18 - lr: 0.000391
2022-04-23 23:56:59,052 epoch 47 - iter 80/107 - loss 0.03816208 - samples/sec: 121.52 - lr: 0.000391
2022-04-23 23:57:01,585 epoch 47 - iter 90/107 - loss 0.03861215 - samples/sec: 126.40 - lr: 0.000391
2022-04-23 23:57:04,158 epoch 47 - iter 100/107 - loss 0.03911798 - samples/sec: 124.37 - lr: 0.000391
2022-04-23 23:57:05,796 ----------------------------------------------------------------------------------------------------
2022-04-23 23:57:05,796 EPOCH 47 done: loss 0.0393 - lr 0.000391
2022-04-23 23:57:14,034 Evaluating as a multi-label problem: False
2022-04-23 23:57:14,044 DEV : loss 0.2084040641784668 - f1-score (micro avg)  0.5242
2022-04-23 23:57:14,130 Epoch    47: reducing learning rate of group 0 to 1.9531e-04.
2022-04-23 23:57:14,130 BAD EPOCHS (no improvement): 4
2022-04-23 23:57:14,132 ----------------------------------------------------------------------------------------------------
2022-04-23 23:57:16,810 epoch 48 - iter 10/107 - loss 0.03840023 - samples/sec: 119.54 - lr: 0.000195
2022-04-23 23:57:19,476 epoch 48 - iter 20/107 - loss 0.03290079 - samples/sec: 120.10 - lr: 0.000195
2022-04-23 23:57:22,097 epoch 48 - iter 30/107 - loss 0.03448709 - samples/sec: 122.11 - lr: 0.000195
2022-04-23 23:57:24,753 epoch 48 - iter 40/107 - loss 0.03566689 - samples/sec: 120.54 - lr: 0.000195
2022-04-23 23:57:27,378 epoch 48 - iter 50/107 - loss 0.03649097 - samples/sec: 121.94 - lr: 0.000195
2022-04-23 23:57:29,946 epoch 48 - iter 60/107 - loss 0.03637173 - samples/sec: 124.67 - lr: 0.000195
2022-04-23 23:57:32,585 epoch 48 - iter 70/107 - loss 0.03589149 - samples/sec: 121.33 - lr: 0.000195
2022-04-23 23:57:35,123 epoch 48 - iter 80/107 - loss 0.03611593 - samples/sec: 126.16 - lr: 0.000195
2022-04-23 23:57:37,784 epoch 48 - iter 90/107 - loss 0.03702401 - samples/sec: 120.29 - lr: 0.000195
2022-04-23 23:57:40,319 epoch 48 - iter 100/107 - loss 0.03617134 - samples/sec: 126.27 - lr: 0.000195
2022-04-23 23:57:41,940 ----------------------------------------------------------------------------------------------------
2022-04-23 23:57:41,940 EPOCH 48 done: loss 0.0368 - lr 0.000195
2022-04-23 23:57:50,268 Evaluating as a multi-label problem: False
2022-04-23 23:57:50,279 DEV : loss 0.2087218463420868 - f1-score (micro avg)  0.5215
2022-04-23 23:57:50,365 BAD EPOCHS (no improvement): 1
2022-04-23 23:57:50,367 ----------------------------------------------------------------------------------------------------
2022-04-23 23:57:53,050 epoch 49 - iter 10/107 - loss 0.03124599 - samples/sec: 119.31 - lr: 0.000195
2022-04-23 23:57:55,593 epoch 49 - iter 20/107 - loss 0.03955534 - samples/sec: 125.89 - lr: 0.000195
2022-04-23 23:57:58,162 epoch 49 - iter 30/107 - loss 0.03680950 - samples/sec: 124.64 - lr: 0.000195
2022-04-23 23:58:00,819 epoch 49 - iter 40/107 - loss 0.03855738 - samples/sec: 120.47 - lr: 0.000195
2022-04-23 23:58:03,519 epoch 49 - iter 50/107 - loss 0.03897150 - samples/sec: 118.57 - lr: 0.000195
2022-04-23 23:58:06,251 epoch 49 - iter 60/107 - loss 0.03900820 - samples/sec: 117.17 - lr: 0.000195
2022-04-23 23:58:08,774 epoch 49 - iter 70/107 - loss 0.03910179 - samples/sec: 126.84 - lr: 0.000195
2022-04-23 23:58:11,457 epoch 49 - iter 80/107 - loss 0.03890436 - samples/sec: 119.32 - lr: 0.000195
2022-04-23 23:58:14,104 epoch 49 - iter 90/107 - loss 0.03974453 - samples/sec: 120.99 - lr: 0.000195
2022-04-23 23:58:16,670 epoch 49 - iter 100/107 - loss 0.03896408 - samples/sec: 124.76 - lr: 0.000195
2022-04-23 23:58:18,279 ----------------------------------------------------------------------------------------------------
2022-04-23 23:58:18,280 EPOCH 49 done: loss 0.0398 - lr 0.000195
2022-04-23 23:58:26,558 Evaluating as a multi-label problem: False
2022-04-23 23:58:26,569 DEV : loss 0.20877689123153687 - f1-score (micro avg)  0.5231
2022-04-23 23:58:26,658 BAD EPOCHS (no improvement): 2
2022-04-23 23:58:26,660 ----------------------------------------------------------------------------------------------------
2022-04-23 23:58:29,271 epoch 50 - iter 10/107 - loss 0.03060598 - samples/sec: 122.64 - lr: 0.000195
2022-04-23 23:58:31,990 epoch 50 - iter 20/107 - loss 0.03191373 - samples/sec: 117.72 - lr: 0.000195
2022-04-23 23:58:34,683 epoch 50 - iter 30/107 - loss 0.03367096 - samples/sec: 118.89 - lr: 0.000195
2022-04-23 23:58:37,291 epoch 50 - iter 40/107 - loss 0.03478571 - samples/sec: 122.72 - lr: 0.000195
2022-04-23 23:58:40,026 epoch 50 - iter 50/107 - loss 0.03762251 - samples/sec: 117.06 - lr: 0.000195
2022-04-23 23:58:42,620 epoch 50 - iter 60/107 - loss 0.03794876 - samples/sec: 123.38 - lr: 0.000195
2022-04-23 23:58:45,231 epoch 50 - iter 70/107 - loss 0.03724618 - samples/sec: 122.62 - lr: 0.000195
2022-04-23 23:58:47,743 epoch 50 - iter 80/107 - loss 0.03684677 - samples/sec: 127.41 - lr: 0.000195
2022-04-23 23:58:50,356 epoch 50 - iter 90/107 - loss 0.03718125 - samples/sec: 122.52 - lr: 0.000195
2022-04-23 23:58:53,055 epoch 50 - iter 100/107 - loss 0.03653350 - samples/sec: 118.60 - lr: 0.000195
2022-04-23 23:58:54,608 ----------------------------------------------------------------------------------------------------
2022-04-23 23:58:54,608 EPOCH 50 done: loss 0.0362 - lr 0.000195
2022-04-23 23:59:02,883 Evaluating as a multi-label problem: False
2022-04-23 23:59:02,894 DEV : loss 0.20913851261138916 - f1-score (micro avg)  0.5204
2022-04-23 23:59:02,981 BAD EPOCHS (no improvement): 3
2022-04-23 23:59:02,984 ----------------------------------------------------------------------------------------------------
2022-04-23 23:59:05,578 epoch 51 - iter 10/107 - loss 0.03392546 - samples/sec: 123.43 - lr: 0.000195
2022-04-23 23:59:08,169 epoch 51 - iter 20/107 - loss 0.03955943 - samples/sec: 123.54 - lr: 0.000195
2022-04-23 23:59:10,749 epoch 51 - iter 30/107 - loss 0.03974572 - samples/sec: 124.09 - lr: 0.000195
2022-04-23 23:59:13,308 epoch 51 - iter 40/107 - loss 0.04007270 - samples/sec: 125.11 - lr: 0.000195
2022-04-23 23:59:15,773 epoch 51 - iter 50/107 - loss 0.03956081 - samples/sec: 129.87 - lr: 0.000195
2022-04-23 23:59:18,454 epoch 51 - iter 60/107 - loss 0.04003849 - samples/sec: 119.38 - lr: 0.000195
2022-04-23 23:59:21,089 epoch 51 - iter 70/107 - loss 0.04025660 - samples/sec: 121.49 - lr: 0.000195
2022-04-23 23:59:23,732 epoch 51 - iter 80/107 - loss 0.03971554 - samples/sec: 121.09 - lr: 0.000195
2022-04-23 23:59:26,333 epoch 51 - iter 90/107 - loss 0.03927829 - samples/sec: 123.11 - lr: 0.000195
2022-04-23 23:59:29,023 epoch 51 - iter 100/107 - loss 0.03911831 - samples/sec: 120.53 - lr: 0.000195
2022-04-23 23:59:30,689 ----------------------------------------------------------------------------------------------------
2022-04-23 23:59:30,689 EPOCH 51 done: loss 0.0386 - lr 0.000195
2022-04-23 23:59:38,930 Evaluating as a multi-label problem: False
2022-04-23 23:59:38,941 DEV : loss 0.20918236672878265 - f1-score (micro avg)  0.5204
2022-04-23 23:59:39,027 Epoch    51: reducing learning rate of group 0 to 9.7656e-05.
2022-04-23 23:59:39,027 BAD EPOCHS (no improvement): 4
2022-04-23 23:59:39,029 ----------------------------------------------------------------------------------------------------
2022-04-23 23:59:39,029 ----------------------------------------------------------------------------------------------------
2022-04-23 23:59:39,029 learning rate too small - quitting training!
2022-04-23 23:59:39,029 ----------------------------------------------------------------------------------------------------
2022-04-24 00:00:17,257 ----------------------------------------------------------------------------------------------------
2022-04-24 00:00:17,258 loading file resources/taggers/model_06_r5_run_3/best-model.pt
2022-04-24 00:00:42,898 SequenceTagger predicts: Dictionary with 27 tags: O, S-person, B-person, E-person, I-person, S-location, B-location, E-location, I-location, S-group, B-group, E-group, I-group, S-corporation, B-corporation, E-corporation, I-corporation, S-product, B-product, E-product, I-product, S-creative-work, B-creative-work, E-creative-work, I-creative-work, <START>, <STOP>
2022-04-24 00:01:04,642 Evaluating as a multi-label problem: False
2022-04-24 00:01:04,655 0.6911	0.3318	0.4483	0.3019
2022-04-24 00:01:04,655 
Results:
- F-score (micro) 0.4483
- F-score (macro) 0.3471
- Accuracy 0.3019

By class:
               precision    recall  f1-score   support

       person     0.7833    0.4802    0.5954       429
     location     0.6535    0.5533    0.5993       150
        group     0.6170    0.1758    0.2736       165
creative-work     0.5484    0.1197    0.1965       142
      product     0.4375    0.0551    0.0979       127
  corporation     0.4706    0.2424    0.3200        66

    micro avg     0.6911    0.3318    0.4483      1079
    macro avg     0.5851    0.2711    0.3471      1079
 weighted avg     0.6491    0.3318    0.4188      1079

2022-04-24 00:01:04,655 ----------------------------------------------------------------------------------------------------
