2022-05-23 18:30:07,238 ----------------------------------------------------------------------------------------------------
2022-05-23 18:30:07,238 Model: "SequenceTagger(
  (embeddings): StackedEmbeddings(
    (list_embedding_0): GazetteerEmbeddings()
    (list_embedding_1): WordEmbeddings(
      'glove'
      (embedding): Embedding(400001, 100)
    )
    (list_embedding_2): FlairEmbeddings(
      (lm): LanguageModel(
        (drop): Dropout(p=0.05, inplace=False)
        (encoder): Embedding(300, 100)
        (rnn): LSTM(100, 2048)
        (decoder): Linear(in_features=2048, out_features=300, bias=True)
      )
    )
    (list_embedding_3): FlairEmbeddings(
      (lm): LanguageModel(
        (drop): Dropout(p=0.05, inplace=False)
        (encoder): Embedding(300, 100)
        (rnn): LSTM(100, 2048)
        (decoder): Linear(in_features=2048, out_features=300, bias=True)
      )
    )
  )
  (word_dropout): WordDropout(p=0.05)
  (locked_dropout): LockedDropout(p=0.5)
  (embedding2nn): Linear(in_features=4372, out_features=4372, bias=True)
  (rnn): LSTM(4372, 256, batch_first=True, bidirectional=True)
  (linear): Linear(in_features=512, out_features=27, bias=True)
  (loss_function): ViterbiLoss()
  (crf): CRF()
)"
2022-05-23 18:30:07,239 ----------------------------------------------------------------------------------------------------
2022-05-23 18:30:07,239 Corpus: "Corpus: 3394 train + 1009 dev + 1287 test sentences"
2022-05-23 18:30:07,239 ----------------------------------------------------------------------------------------------------
2022-05-23 18:30:07,239 Parameters:
2022-05-23 18:30:07,239  - learning_rate: "0.100000"
2022-05-23 18:30:07,239  - mini_batch_size: "32"
2022-05-23 18:30:07,239  - patience: "3"
2022-05-23 18:30:07,239  - anneal_factor: "0.5"
2022-05-23 18:30:07,239  - max_epochs: "150"
2022-05-23 18:30:07,239  - shuffle: "True"
2022-05-23 18:30:07,239  - train_with_dev: "False"
2022-05-23 18:30:07,239  - batch_growth_annealing: "False"
2022-05-23 18:30:07,239 ----------------------------------------------------------------------------------------------------
2022-05-23 18:30:07,239 Model training base path: "resources/taggers/model_07_r15_run_6"
2022-05-23 18:30:07,239 ----------------------------------------------------------------------------------------------------
2022-05-23 18:30:07,239 Device: cuda:2
2022-05-23 18:30:07,239 ----------------------------------------------------------------------------------------------------
2022-05-23 18:30:07,239 Embeddings storage mode: cpu
2022-05-23 18:30:07,239 ----------------------------------------------------------------------------------------------------
2022-05-23 18:30:10,123 epoch 1 - iter 10/107 - loss 0.64364496 - samples/sec: 111.01 - lr: 0.100000
2022-05-23 18:30:13,167 epoch 1 - iter 20/107 - loss 0.46203535 - samples/sec: 105.17 - lr: 0.100000
2022-05-23 18:30:16,309 epoch 1 - iter 30/107 - loss 0.40034942 - samples/sec: 101.86 - lr: 0.100000
2022-05-23 18:30:19,415 epoch 1 - iter 40/107 - loss 0.36094149 - samples/sec: 103.06 - lr: 0.100000
2022-05-23 18:30:22,599 epoch 1 - iter 50/107 - loss 0.33068008 - samples/sec: 100.53 - lr: 0.100000
2022-05-23 18:30:25,540 epoch 1 - iter 60/107 - loss 0.31903139 - samples/sec: 108.86 - lr: 0.100000
2022-05-23 18:30:28,715 epoch 1 - iter 70/107 - loss 0.31096700 - samples/sec: 100.83 - lr: 0.100000
2022-05-23 18:30:31,722 epoch 1 - iter 80/107 - loss 0.30697377 - samples/sec: 106.46 - lr: 0.100000
2022-05-23 18:30:34,266 epoch 1 - iter 90/107 - loss 0.30315398 - samples/sec: 125.84 - lr: 0.100000
2022-05-23 18:30:36,855 epoch 1 - iter 100/107 - loss 0.29969446 - samples/sec: 123.64 - lr: 0.100000
2022-05-23 18:30:38,510 ----------------------------------------------------------------------------------------------------
2022-05-23 18:30:38,510 EPOCH 1 done: loss 0.2953 - lr 0.100000
2022-05-23 18:30:47,395 Evaluating as a multi-label problem: False
2022-05-23 18:30:47,405 DEV : loss 0.37563881278038025 - f1-score (micro avg)  0.2148
2022-05-23 18:30:47,494 BAD EPOCHS (no improvement): 0
2022-05-23 18:30:47,497 saving best model
2022-05-23 18:31:53,340 ----------------------------------------------------------------------------------------------------
2022-05-23 18:31:56,534 epoch 2 - iter 10/107 - loss 0.16806903 - samples/sec: 100.26 - lr: 0.100000
2022-05-23 18:31:59,239 epoch 2 - iter 20/107 - loss 0.19634613 - samples/sec: 118.37 - lr: 0.100000
2022-05-23 18:32:02,067 epoch 2 - iter 30/107 - loss 0.19391842 - samples/sec: 113.21 - lr: 0.100000
2022-05-23 18:32:04,679 epoch 2 - iter 40/107 - loss 0.19115458 - samples/sec: 122.56 - lr: 0.100000
2022-05-23 18:32:07,430 epoch 2 - iter 50/107 - loss 0.18821875 - samples/sec: 116.34 - lr: 0.100000
2022-05-23 18:32:10,075 epoch 2 - iter 60/107 - loss 0.18695451 - samples/sec: 121.02 - lr: 0.100000
2022-05-23 18:32:12,659 epoch 2 - iter 70/107 - loss 0.18236690 - samples/sec: 123.92 - lr: 0.100000
2022-05-23 18:32:15,263 epoch 2 - iter 80/107 - loss 0.18069909 - samples/sec: 122.94 - lr: 0.100000
2022-05-23 18:32:18,281 epoch 2 - iter 90/107 - loss 0.18101353 - samples/sec: 106.05 - lr: 0.100000
2022-05-23 18:32:21,249 epoch 2 - iter 100/107 - loss 0.18029706 - samples/sec: 107.83 - lr: 0.100000
2022-05-23 18:32:23,064 ----------------------------------------------------------------------------------------------------
2022-05-23 18:32:23,064 EPOCH 2 done: loss 0.1778 - lr 0.100000
2022-05-23 18:32:32,158 Evaluating as a multi-label problem: False
2022-05-23 18:32:32,169 DEV : loss 0.3003385365009308 - f1-score (micro avg)  0.4067
2022-05-23 18:32:32,256 BAD EPOCHS (no improvement): 0
2022-05-23 18:32:32,435 saving best model
2022-05-23 18:33:37,070 ----------------------------------------------------------------------------------------------------
2022-05-23 18:33:40,370 epoch 3 - iter 10/107 - loss 0.14900042 - samples/sec: 97.04 - lr: 0.100000
2022-05-23 18:33:43,304 epoch 3 - iter 20/107 - loss 0.14982989 - samples/sec: 109.09 - lr: 0.100000
2022-05-23 18:33:46,332 epoch 3 - iter 30/107 - loss 0.14682766 - samples/sec: 105.72 - lr: 0.100000
2022-05-23 18:33:49,267 epoch 3 - iter 40/107 - loss 0.14473959 - samples/sec: 109.06 - lr: 0.100000
2022-05-23 18:33:52,236 epoch 3 - iter 50/107 - loss 0.14295580 - samples/sec: 107.81 - lr: 0.100000
2022-05-23 18:33:55,102 epoch 3 - iter 60/107 - loss 0.14382773 - samples/sec: 111.74 - lr: 0.100000
2022-05-23 18:33:57,893 epoch 3 - iter 70/107 - loss 0.14532611 - samples/sec: 114.69 - lr: 0.100000
2022-05-23 18:34:00,832 epoch 3 - iter 80/107 - loss 0.14667677 - samples/sec: 108.93 - lr: 0.100000
2022-05-23 18:34:03,707 epoch 3 - iter 90/107 - loss 0.14408166 - samples/sec: 111.32 - lr: 0.100000
2022-05-23 18:34:06,677 epoch 3 - iter 100/107 - loss 0.14634602 - samples/sec: 107.81 - lr: 0.100000
2022-05-23 18:34:08,570 ----------------------------------------------------------------------------------------------------
2022-05-23 18:34:08,570 EPOCH 3 done: loss 0.1473 - lr 0.100000
2022-05-23 18:34:16,978 Evaluating as a multi-label problem: False
2022-05-23 18:34:16,989 DEV : loss 0.24621067941188812 - f1-score (micro avg)  0.4837
2022-05-23 18:34:17,079 BAD EPOCHS (no improvement): 0
2022-05-23 18:34:17,899 saving best model
2022-05-23 18:35:23,568 ----------------------------------------------------------------------------------------------------
2022-05-23 18:35:26,380 epoch 4 - iter 10/107 - loss 0.12830891 - samples/sec: 113.87 - lr: 0.100000
2022-05-23 18:35:28,968 epoch 4 - iter 20/107 - loss 0.13397276 - samples/sec: 123.69 - lr: 0.100000
2022-05-23 18:35:31,680 epoch 4 - iter 30/107 - loss 0.13198905 - samples/sec: 118.02 - lr: 0.100000
2022-05-23 18:35:34,479 epoch 4 - iter 40/107 - loss 0.13517607 - samples/sec: 114.40 - lr: 0.100000
2022-05-23 18:35:37,438 epoch 4 - iter 50/107 - loss 0.13691957 - samples/sec: 108.16 - lr: 0.100000
2022-05-23 18:35:40,370 epoch 4 - iter 60/107 - loss 0.13386086 - samples/sec: 109.17 - lr: 0.100000
2022-05-23 18:35:43,535 epoch 4 - iter 70/107 - loss 0.13325350 - samples/sec: 101.16 - lr: 0.100000
2022-05-23 18:35:46,341 epoch 4 - iter 80/107 - loss 0.13356490 - samples/sec: 114.06 - lr: 0.100000
2022-05-23 18:35:49,502 epoch 4 - iter 90/107 - loss 0.13168157 - samples/sec: 101.27 - lr: 0.100000
2022-05-23 18:35:52,237 epoch 4 - iter 100/107 - loss 0.12967494 - samples/sec: 117.08 - lr: 0.100000
2022-05-23 18:35:54,273 ----------------------------------------------------------------------------------------------------
2022-05-23 18:35:54,273 EPOCH 4 done: loss 0.1301 - lr 0.100000
2022-05-23 18:36:03,850 Evaluating as a multi-label problem: False
2022-05-23 18:36:03,861 DEV : loss 0.24205970764160156 - f1-score (micro avg)  0.4349
2022-05-23 18:36:03,953 BAD EPOCHS (no improvement): 1
2022-05-23 18:36:03,974 ----------------------------------------------------------------------------------------------------
2022-05-23 18:36:06,964 epoch 5 - iter 10/107 - loss 0.13489322 - samples/sec: 107.08 - lr: 0.100000
2022-05-23 18:36:10,040 epoch 5 - iter 20/107 - loss 0.13480261 - samples/sec: 104.07 - lr: 0.100000
2022-05-23 18:36:12,893 epoch 5 - iter 30/107 - loss 0.12982308 - samples/sec: 112.22 - lr: 0.100000
2022-05-23 18:36:15,660 epoch 5 - iter 40/107 - loss 0.12527235 - samples/sec: 115.69 - lr: 0.100000
2022-05-23 18:36:18,360 epoch 5 - iter 50/107 - loss 0.12606152 - samples/sec: 118.56 - lr: 0.100000
2022-05-23 18:36:21,091 epoch 5 - iter 60/107 - loss 0.12476777 - samples/sec: 117.19 - lr: 0.100000
2022-05-23 18:36:23,662 epoch 5 - iter 70/107 - loss 0.12111428 - samples/sec: 124.52 - lr: 0.100000
2022-05-23 18:36:26,248 epoch 5 - iter 80/107 - loss 0.12305753 - samples/sec: 123.78 - lr: 0.100000
2022-05-23 18:36:28,930 epoch 5 - iter 90/107 - loss 0.12145271 - samples/sec: 119.36 - lr: 0.100000
2022-05-23 18:36:31,947 epoch 5 - iter 100/107 - loss 0.12063669 - samples/sec: 106.11 - lr: 0.100000
2022-05-23 18:36:33,730 ----------------------------------------------------------------------------------------------------
2022-05-23 18:36:33,730 EPOCH 5 done: loss 0.1217 - lr 0.100000
2022-05-23 18:36:42,711 Evaluating as a multi-label problem: False
2022-05-23 18:36:42,722 DEV : loss 0.23168423771858215 - f1-score (micro avg)  0.4746
2022-05-23 18:36:42,812 BAD EPOCHS (no improvement): 2
2022-05-23 18:36:42,825 ----------------------------------------------------------------------------------------------------
2022-05-23 18:36:45,749 epoch 6 - iter 10/107 - loss 0.10600456 - samples/sec: 109.51 - lr: 0.100000
2022-05-23 18:36:48,790 epoch 6 - iter 20/107 - loss 0.10054391 - samples/sec: 105.25 - lr: 0.100000
2022-05-23 18:36:51,864 epoch 6 - iter 30/107 - loss 0.10332696 - samples/sec: 104.15 - lr: 0.100000
2022-05-23 18:36:54,894 epoch 6 - iter 40/107 - loss 0.10430959 - samples/sec: 105.64 - lr: 0.100000
2022-05-23 18:36:57,619 epoch 6 - iter 50/107 - loss 0.10921663 - samples/sec: 117.48 - lr: 0.100000
2022-05-23 18:37:00,466 epoch 6 - iter 60/107 - loss 0.11464937 - samples/sec: 112.42 - lr: 0.100000
2022-05-23 18:37:03,403 epoch 6 - iter 70/107 - loss 0.11154980 - samples/sec: 109.01 - lr: 0.100000
2022-05-23 18:37:06,484 epoch 6 - iter 80/107 - loss 0.10978778 - samples/sec: 103.89 - lr: 0.100000
2022-05-23 18:37:09,380 epoch 6 - iter 90/107 - loss 0.11155590 - samples/sec: 110.54 - lr: 0.100000
2022-05-23 18:37:12,038 epoch 6 - iter 100/107 - loss 0.11117645 - samples/sec: 120.42 - lr: 0.100000
2022-05-23 18:37:13,479 ----------------------------------------------------------------------------------------------------
2022-05-23 18:37:13,479 EPOCH 6 done: loss 0.1114 - lr 0.100000
2022-05-23 18:37:21,692 Evaluating as a multi-label problem: False
2022-05-23 18:37:21,703 DEV : loss 0.20962701737880707 - f1-score (micro avg)  0.4877
2022-05-23 18:37:21,791 BAD EPOCHS (no improvement): 0
2022-05-23 18:37:21,803 saving best model
2022-05-23 18:38:28,136 ----------------------------------------------------------------------------------------------------
2022-05-23 18:38:31,196 epoch 7 - iter 10/107 - loss 0.09269544 - samples/sec: 104.65 - lr: 0.100000
2022-05-23 18:38:34,074 epoch 7 - iter 20/107 - loss 0.09604160 - samples/sec: 111.21 - lr: 0.100000
2022-05-23 18:38:36,937 epoch 7 - iter 30/107 - loss 0.09631532 - samples/sec: 111.82 - lr: 0.100000
2022-05-23 18:38:39,850 epoch 7 - iter 40/107 - loss 0.09799874 - samples/sec: 109.86 - lr: 0.100000
2022-05-23 18:38:42,738 epoch 7 - iter 50/107 - loss 0.10218507 - samples/sec: 110.84 - lr: 0.100000
2022-05-23 18:38:45,757 epoch 7 - iter 60/107 - loss 0.10432688 - samples/sec: 106.05 - lr: 0.100000
2022-05-23 18:38:48,748 epoch 7 - iter 70/107 - loss 0.10271863 - samples/sec: 107.00 - lr: 0.100000
2022-05-23 18:38:51,639 epoch 7 - iter 80/107 - loss 0.10387700 - samples/sec: 110.74 - lr: 0.100000
2022-05-23 18:38:54,667 epoch 7 - iter 90/107 - loss 0.10377216 - samples/sec: 105.69 - lr: 0.100000
2022-05-23 18:38:57,683 epoch 7 - iter 100/107 - loss 0.10480584 - samples/sec: 106.15 - lr: 0.100000
2022-05-23 18:38:59,516 ----------------------------------------------------------------------------------------------------
2022-05-23 18:38:59,516 EPOCH 7 done: loss 0.1040 - lr 0.100000
2022-05-23 18:39:08,392 Evaluating as a multi-label problem: False
2022-05-23 18:39:08,403 DEV : loss 0.21835193037986755 - f1-score (micro avg)  0.4659
2022-05-23 18:39:08,491 BAD EPOCHS (no improvement): 1
2022-05-23 18:39:08,505 ----------------------------------------------------------------------------------------------------
2022-05-23 18:39:11,030 epoch 8 - iter 10/107 - loss 0.10131336 - samples/sec: 126.77 - lr: 0.100000
2022-05-23 18:39:13,944 epoch 8 - iter 20/107 - loss 0.09806350 - samples/sec: 109.93 - lr: 0.100000
2022-05-23 18:39:16,811 epoch 8 - iter 30/107 - loss 0.10219039 - samples/sec: 111.65 - lr: 0.100000
2022-05-23 18:39:19,256 epoch 8 - iter 40/107 - loss 0.09937499 - samples/sec: 130.89 - lr: 0.100000
2022-05-23 18:39:22,197 epoch 8 - iter 50/107 - loss 0.10082680 - samples/sec: 108.86 - lr: 0.100000
2022-05-23 18:39:25,074 epoch 8 - iter 60/107 - loss 0.10091070 - samples/sec: 111.28 - lr: 0.100000
2022-05-23 18:39:27,949 epoch 8 - iter 70/107 - loss 0.09771065 - samples/sec: 111.34 - lr: 0.100000
2022-05-23 18:39:30,867 epoch 8 - iter 80/107 - loss 0.09873097 - samples/sec: 109.69 - lr: 0.100000
2022-05-23 18:39:33,814 epoch 8 - iter 90/107 - loss 0.10101842 - samples/sec: 108.63 - lr: 0.100000
2022-05-23 18:39:36,902 epoch 8 - iter 100/107 - loss 0.09852267 - samples/sec: 103.66 - lr: 0.100000
2022-05-23 18:39:38,796 ----------------------------------------------------------------------------------------------------
2022-05-23 18:39:38,796 EPOCH 8 done: loss 0.0985 - lr 0.100000
2022-05-23 18:39:47,491 Evaluating as a multi-label problem: False
2022-05-23 18:39:47,502 DEV : loss 0.19926242530345917 - f1-score (micro avg)  0.5261
2022-05-23 18:39:47,591 BAD EPOCHS (no improvement): 0
2022-05-23 18:39:47,593 saving best model
2022-05-23 18:40:53,390 ----------------------------------------------------------------------------------------------------
2022-05-23 18:40:56,301 epoch 9 - iter 10/107 - loss 0.08587681 - samples/sec: 110.02 - lr: 0.100000
2022-05-23 18:40:59,597 epoch 9 - iter 20/107 - loss 0.08668331 - samples/sec: 97.12 - lr: 0.100000
2022-05-23 18:41:02,606 epoch 9 - iter 30/107 - loss 0.09395884 - samples/sec: 106.39 - lr: 0.100000
2022-05-23 18:41:05,593 epoch 9 - iter 40/107 - loss 0.09275095 - samples/sec: 107.18 - lr: 0.100000
2022-05-23 18:41:08,373 epoch 9 - iter 50/107 - loss 0.09300886 - samples/sec: 115.16 - lr: 0.100000
2022-05-23 18:41:11,256 epoch 9 - iter 60/107 - loss 0.09234609 - samples/sec: 111.02 - lr: 0.100000
2022-05-23 18:41:14,074 epoch 9 - iter 70/107 - loss 0.08949814 - samples/sec: 113.58 - lr: 0.100000
2022-05-23 18:41:16,671 epoch 9 - iter 80/107 - loss 0.09165673 - samples/sec: 123.29 - lr: 0.100000
2022-05-23 18:41:19,222 epoch 9 - iter 90/107 - loss 0.09185942 - samples/sec: 125.51 - lr: 0.100000
2022-05-23 18:41:22,100 epoch 9 - iter 100/107 - loss 0.09315632 - samples/sec: 111.21 - lr: 0.100000
2022-05-23 18:41:24,003 ----------------------------------------------------------------------------------------------------
2022-05-23 18:41:24,003 EPOCH 9 done: loss 0.0930 - lr 0.100000
2022-05-23 18:41:32,787 Evaluating as a multi-label problem: False
2022-05-23 18:41:32,798 DEV : loss 0.18673893809318542 - f1-score (micro avg)  0.5083
2022-05-23 18:41:32,887 BAD EPOCHS (no improvement): 1
2022-05-23 18:41:32,949 ----------------------------------------------------------------------------------------------------
2022-05-23 18:41:35,924 epoch 10 - iter 10/107 - loss 0.10519533 - samples/sec: 107.64 - lr: 0.100000
2022-05-23 18:41:38,891 epoch 10 - iter 20/107 - loss 0.09803226 - samples/sec: 107.87 - lr: 0.100000
2022-05-23 18:41:41,916 epoch 10 - iter 30/107 - loss 0.09795853 - samples/sec: 105.81 - lr: 0.100000
2022-05-23 18:41:44,912 epoch 10 - iter 40/107 - loss 0.09336130 - samples/sec: 106.86 - lr: 0.100000
2022-05-23 18:41:48,062 epoch 10 - iter 50/107 - loss 0.09383437 - samples/sec: 101.61 - lr: 0.100000
2022-05-23 18:41:51,049 epoch 10 - iter 60/107 - loss 0.09127921 - samples/sec: 107.15 - lr: 0.100000
2022-05-23 18:41:53,954 epoch 10 - iter 70/107 - loss 0.09015124 - samples/sec: 110.19 - lr: 0.100000
2022-05-23 18:41:56,737 epoch 10 - iter 80/107 - loss 0.08806334 - samples/sec: 115.04 - lr: 0.100000
2022-05-23 18:41:59,448 epoch 10 - iter 90/107 - loss 0.08866188 - samples/sec: 118.05 - lr: 0.100000
2022-05-23 18:42:02,090 epoch 10 - iter 100/107 - loss 0.08848433 - samples/sec: 121.15 - lr: 0.100000
2022-05-23 18:42:03,788 ----------------------------------------------------------------------------------------------------
2022-05-23 18:42:03,788 EPOCH 10 done: loss 0.0876 - lr 0.100000
2022-05-23 18:42:12,351 Evaluating as a multi-label problem: False
2022-05-23 18:42:12,362 DEV : loss 0.19145546853542328 - f1-score (micro avg)  0.498
2022-05-23 18:42:12,450 BAD EPOCHS (no improvement): 2
2022-05-23 18:42:12,454 ----------------------------------------------------------------------------------------------------
2022-05-23 18:42:15,486 epoch 11 - iter 10/107 - loss 0.08460406 - samples/sec: 105.60 - lr: 0.100000
2022-05-23 18:42:18,449 epoch 11 - iter 20/107 - loss 0.07925171 - samples/sec: 108.05 - lr: 0.100000
2022-05-23 18:42:21,678 epoch 11 - iter 30/107 - loss 0.07876898 - samples/sec: 99.11 - lr: 0.100000
2022-05-23 18:42:24,703 epoch 11 - iter 40/107 - loss 0.08049962 - samples/sec: 105.82 - lr: 0.100000
2022-05-23 18:42:27,717 epoch 11 - iter 50/107 - loss 0.07927812 - samples/sec: 106.21 - lr: 0.100000
2022-05-23 18:42:30,707 epoch 11 - iter 60/107 - loss 0.07963174 - samples/sec: 107.06 - lr: 0.100000
2022-05-23 18:42:33,675 epoch 11 - iter 70/107 - loss 0.07969389 - samples/sec: 107.86 - lr: 0.100000
2022-05-23 18:42:36,718 epoch 11 - iter 80/107 - loss 0.07991002 - samples/sec: 105.18 - lr: 0.100000
2022-05-23 18:42:39,600 epoch 11 - iter 90/107 - loss 0.08242828 - samples/sec: 111.06 - lr: 0.100000
2022-05-23 18:42:42,589 epoch 11 - iter 100/107 - loss 0.08267255 - samples/sec: 107.13 - lr: 0.100000
2022-05-23 18:42:44,412 ----------------------------------------------------------------------------------------------------
2022-05-23 18:42:44,412 EPOCH 11 done: loss 0.0822 - lr 0.100000
2022-05-23 18:42:53,216 Evaluating as a multi-label problem: False
2022-05-23 18:42:53,226 DEV : loss 0.21101495623588562 - f1-score (micro avg)  0.4644
2022-05-23 18:42:53,314 BAD EPOCHS (no improvement): 3
2022-05-23 18:42:53,317 ----------------------------------------------------------------------------------------------------
2022-05-23 18:42:56,171 epoch 12 - iter 10/107 - loss 0.07682457 - samples/sec: 112.18 - lr: 0.100000
2022-05-23 18:42:58,834 epoch 12 - iter 20/107 - loss 0.07269165 - samples/sec: 120.20 - lr: 0.100000
2022-05-23 18:43:01,981 epoch 12 - iter 30/107 - loss 0.07352667 - samples/sec: 101.72 - lr: 0.100000
2022-05-23 18:43:04,913 epoch 12 - iter 40/107 - loss 0.07449615 - samples/sec: 109.19 - lr: 0.100000
2022-05-23 18:43:07,909 epoch 12 - iter 50/107 - loss 0.07837503 - samples/sec: 106.88 - lr: 0.100000
2022-05-23 18:43:10,850 epoch 12 - iter 60/107 - loss 0.07736824 - samples/sec: 108.84 - lr: 0.100000
2022-05-23 18:43:13,913 epoch 12 - iter 70/107 - loss 0.07834710 - samples/sec: 104.50 - lr: 0.100000
2022-05-23 18:43:17,100 epoch 12 - iter 80/107 - loss 0.07902911 - samples/sec: 100.45 - lr: 0.100000
2022-05-23 18:43:19,977 epoch 12 - iter 90/107 - loss 0.07900774 - samples/sec: 111.27 - lr: 0.100000
2022-05-23 18:43:22,952 epoch 12 - iter 100/107 - loss 0.07968292 - samples/sec: 107.58 - lr: 0.100000
2022-05-23 18:43:24,752 ----------------------------------------------------------------------------------------------------
2022-05-23 18:43:24,752 EPOCH 12 done: loss 0.0801 - lr 0.100000
2022-05-23 18:43:33,633 Evaluating as a multi-label problem: False
2022-05-23 18:43:33,644 DEV : loss 0.19507254660129547 - f1-score (micro avg)  0.5058
2022-05-23 18:43:33,732 Epoch    12: reducing learning rate of group 0 to 5.0000e-02.
2022-05-23 18:43:33,732 BAD EPOCHS (no improvement): 4
2022-05-23 18:43:33,737 ----------------------------------------------------------------------------------------------------
2022-05-23 18:43:36,733 epoch 13 - iter 10/107 - loss 0.07192644 - samples/sec: 106.87 - lr: 0.050000
2022-05-23 18:43:39,743 epoch 13 - iter 20/107 - loss 0.06760949 - samples/sec: 106.35 - lr: 0.050000
2022-05-23 18:43:42,709 epoch 13 - iter 30/107 - loss 0.07272939 - samples/sec: 107.93 - lr: 0.050000
2022-05-23 18:43:45,354 epoch 13 - iter 40/107 - loss 0.07194332 - samples/sec: 121.01 - lr: 0.050000
2022-05-23 18:43:48,113 epoch 13 - iter 50/107 - loss 0.07040546 - samples/sec: 116.01 - lr: 0.050000
2022-05-23 18:43:50,969 epoch 13 - iter 60/107 - loss 0.06925948 - samples/sec: 112.07 - lr: 0.050000
2022-05-23 18:43:53,557 epoch 13 - iter 70/107 - loss 0.07044631 - samples/sec: 123.74 - lr: 0.050000
2022-05-23 18:43:56,431 epoch 13 - iter 80/107 - loss 0.07063358 - samples/sec: 111.37 - lr: 0.050000
2022-05-23 18:43:59,357 epoch 13 - iter 90/107 - loss 0.07095760 - samples/sec: 109.43 - lr: 0.050000
2022-05-23 18:44:02,549 epoch 13 - iter 100/107 - loss 0.07153386 - samples/sec: 100.28 - lr: 0.050000
2022-05-23 18:44:04,254 ----------------------------------------------------------------------------------------------------
2022-05-23 18:44:04,254 EPOCH 13 done: loss 0.0720 - lr 0.050000
2022-05-23 18:44:13,265 Evaluating as a multi-label problem: False
2022-05-23 18:44:13,276 DEV : loss 0.18021847307682037 - f1-score (micro avg)  0.5285
2022-05-23 18:44:13,365 BAD EPOCHS (no improvement): 0
2022-05-23 18:44:13,368 saving best model
2022-05-23 18:45:18,477 ----------------------------------------------------------------------------------------------------
2022-05-23 18:45:21,839 epoch 14 - iter 10/107 - loss 0.07026232 - samples/sec: 95.24 - lr: 0.050000
2022-05-23 18:45:24,529 epoch 14 - iter 20/107 - loss 0.06842364 - samples/sec: 118.99 - lr: 0.050000
2022-05-23 18:45:27,608 epoch 14 - iter 30/107 - loss 0.06749152 - samples/sec: 103.98 - lr: 0.050000
2022-05-23 18:45:30,474 epoch 14 - iter 40/107 - loss 0.07009810 - samples/sec: 111.67 - lr: 0.050000
2022-05-23 18:45:33,656 epoch 14 - iter 50/107 - loss 0.06848220 - samples/sec: 100.60 - lr: 0.050000
2022-05-23 18:45:36,602 epoch 14 - iter 60/107 - loss 0.06865239 - samples/sec: 108.64 - lr: 0.050000
2022-05-23 18:45:39,589 epoch 14 - iter 70/107 - loss 0.06889302 - samples/sec: 107.18 - lr: 0.050000
2022-05-23 18:45:42,081 epoch 14 - iter 80/107 - loss 0.06891223 - samples/sec: 128.47 - lr: 0.050000
2022-05-23 18:45:44,728 epoch 14 - iter 90/107 - loss 0.06873852 - samples/sec: 120.95 - lr: 0.050000
2022-05-23 18:45:47,633 epoch 14 - iter 100/107 - loss 0.06917275 - samples/sec: 110.19 - lr: 0.050000
2022-05-23 18:45:49,257 ----------------------------------------------------------------------------------------------------
2022-05-23 18:45:49,257 EPOCH 14 done: loss 0.0689 - lr 0.050000
2022-05-23 18:45:57,628 Evaluating as a multi-label problem: False
2022-05-23 18:45:57,639 DEV : loss 0.1832064390182495 - f1-score (micro avg)  0.5062
2022-05-23 18:45:57,733 BAD EPOCHS (no improvement): 1
2022-05-23 18:45:57,736 ----------------------------------------------------------------------------------------------------
2022-05-23 18:46:00,730 epoch 15 - iter 10/107 - loss 0.06004845 - samples/sec: 106.94 - lr: 0.050000
2022-05-23 18:46:03,681 epoch 15 - iter 20/107 - loss 0.05770960 - samples/sec: 108.47 - lr: 0.050000
2022-05-23 18:46:06,745 epoch 15 - iter 30/107 - loss 0.05735766 - samples/sec: 104.48 - lr: 0.050000
2022-05-23 18:46:09,649 epoch 15 - iter 40/107 - loss 0.06007323 - samples/sec: 110.21 - lr: 0.050000
2022-05-23 18:46:12,697 epoch 15 - iter 50/107 - loss 0.06254513 - samples/sec: 105.03 - lr: 0.050000
2022-05-23 18:46:15,566 epoch 15 - iter 60/107 - loss 0.06177898 - samples/sec: 111.55 - lr: 0.050000
2022-05-23 18:46:18,524 epoch 15 - iter 70/107 - loss 0.06164363 - samples/sec: 108.23 - lr: 0.050000
2022-05-23 18:46:21,273 epoch 15 - iter 80/107 - loss 0.06363063 - samples/sec: 116.46 - lr: 0.050000
2022-05-23 18:46:24,312 epoch 15 - iter 90/107 - loss 0.06158218 - samples/sec: 105.33 - lr: 0.050000
2022-05-23 18:46:27,292 epoch 15 - iter 100/107 - loss 0.06302026 - samples/sec: 107.42 - lr: 0.050000
2022-05-23 18:46:28,980 ----------------------------------------------------------------------------------------------------
2022-05-23 18:46:28,980 EPOCH 15 done: loss 0.0637 - lr 0.050000
2022-05-23 18:46:37,030 Evaluating as a multi-label problem: False
2022-05-23 18:46:37,042 DEV : loss 0.17892295122146606 - f1-score (micro avg)  0.5177
2022-05-23 18:46:37,132 BAD EPOCHS (no improvement): 2
2022-05-23 18:46:37,169 ----------------------------------------------------------------------------------------------------
2022-05-23 18:46:39,665 epoch 16 - iter 10/107 - loss 0.06346152 - samples/sec: 128.30 - lr: 0.050000
2022-05-23 18:46:42,602 epoch 16 - iter 20/107 - loss 0.05728336 - samples/sec: 109.00 - lr: 0.050000
2022-05-23 18:46:45,521 epoch 16 - iter 30/107 - loss 0.06627901 - samples/sec: 109.67 - lr: 0.050000
2022-05-23 18:46:48,553 epoch 16 - iter 40/107 - loss 0.06427554 - samples/sec: 105.57 - lr: 0.050000
2022-05-23 18:46:51,506 epoch 16 - iter 50/107 - loss 0.06426096 - samples/sec: 108.39 - lr: 0.050000
2022-05-23 18:46:54,497 epoch 16 - iter 60/107 - loss 0.06213747 - samples/sec: 107.04 - lr: 0.050000
2022-05-23 18:46:57,612 epoch 16 - iter 70/107 - loss 0.06229907 - samples/sec: 102.76 - lr: 0.050000
2022-05-23 18:47:00,642 epoch 16 - iter 80/107 - loss 0.06250156 - samples/sec: 105.65 - lr: 0.050000
2022-05-23 18:47:03,579 epoch 16 - iter 90/107 - loss 0.06355990 - samples/sec: 108.99 - lr: 0.050000
2022-05-23 18:47:06,455 epoch 16 - iter 100/107 - loss 0.06287527 - samples/sec: 111.29 - lr: 0.050000
2022-05-23 18:47:08,224 ----------------------------------------------------------------------------------------------------
2022-05-23 18:47:08,224 EPOCH 16 done: loss 0.0621 - lr 0.050000
2022-05-23 18:47:16,848 Evaluating as a multi-label problem: False
2022-05-23 18:47:16,858 DEV : loss 0.19265085458755493 - f1-score (micro avg)  0.5245
2022-05-23 18:47:16,949 BAD EPOCHS (no improvement): 3
2022-05-23 18:47:16,952 ----------------------------------------------------------------------------------------------------
2022-05-23 18:47:19,759 epoch 17 - iter 10/107 - loss 0.04870125 - samples/sec: 114.02 - lr: 0.050000
2022-05-23 18:47:22,543 epoch 17 - iter 20/107 - loss 0.05073623 - samples/sec: 114.98 - lr: 0.050000
2022-05-23 18:47:25,421 epoch 17 - iter 30/107 - loss 0.05078936 - samples/sec: 111.25 - lr: 0.050000
2022-05-23 18:47:28,127 epoch 17 - iter 40/107 - loss 0.05680867 - samples/sec: 118.28 - lr: 0.050000
2022-05-23 18:47:31,021 epoch 17 - iter 50/107 - loss 0.05745491 - samples/sec: 110.63 - lr: 0.050000
2022-05-23 18:47:33,828 epoch 17 - iter 60/107 - loss 0.05775861 - samples/sec: 114.06 - lr: 0.050000
2022-05-23 18:47:36,933 epoch 17 - iter 70/107 - loss 0.05509280 - samples/sec: 103.10 - lr: 0.050000
2022-05-23 18:47:40,105 epoch 17 - iter 80/107 - loss 0.05582115 - samples/sec: 100.89 - lr: 0.050000
2022-05-23 18:47:42,883 epoch 17 - iter 90/107 - loss 0.05776105 - samples/sec: 115.24 - lr: 0.050000
2022-05-23 18:47:45,896 epoch 17 - iter 100/107 - loss 0.05907368 - samples/sec: 106.24 - lr: 0.050000
2022-05-23 18:47:47,823 ----------------------------------------------------------------------------------------------------
2022-05-23 18:47:47,823 EPOCH 17 done: loss 0.0596 - lr 0.050000
2022-05-23 18:47:56,244 Evaluating as a multi-label problem: False
2022-05-23 18:47:56,255 DEV : loss 0.1927146017551422 - f1-score (micro avg)  0.5213
2022-05-23 18:47:56,342 Epoch    17: reducing learning rate of group 0 to 2.5000e-02.
2022-05-23 18:47:56,342 BAD EPOCHS (no improvement): 4
2022-05-23 18:47:56,345 ----------------------------------------------------------------------------------------------------
2022-05-23 18:47:59,317 epoch 18 - iter 10/107 - loss 0.04607373 - samples/sec: 107.72 - lr: 0.025000
2022-05-23 18:48:02,405 epoch 18 - iter 20/107 - loss 0.05259096 - samples/sec: 103.63 - lr: 0.025000
2022-05-23 18:48:05,223 epoch 18 - iter 30/107 - loss 0.05631301 - samples/sec: 113.62 - lr: 0.025000
2022-05-23 18:48:08,322 epoch 18 - iter 40/107 - loss 0.05556467 - samples/sec: 103.26 - lr: 0.025000
2022-05-23 18:48:11,267 epoch 18 - iter 50/107 - loss 0.05361689 - samples/sec: 108.72 - lr: 0.025000
2022-05-23 18:48:13,831 epoch 18 - iter 60/107 - loss 0.05518929 - samples/sec: 124.83 - lr: 0.025000
2022-05-23 18:48:16,555 epoch 18 - iter 70/107 - loss 0.05483060 - samples/sec: 117.50 - lr: 0.025000
2022-05-23 18:48:19,378 epoch 18 - iter 80/107 - loss 0.05562419 - samples/sec: 113.40 - lr: 0.025000
2022-05-23 18:48:21,938 epoch 18 - iter 90/107 - loss 0.05627587 - samples/sec: 125.05 - lr: 0.025000
2022-05-23 18:48:24,851 epoch 18 - iter 100/107 - loss 0.05607444 - samples/sec: 109.89 - lr: 0.025000
2022-05-23 18:48:26,633 ----------------------------------------------------------------------------------------------------
2022-05-23 18:48:26,633 EPOCH 18 done: loss 0.0565 - lr 0.025000
2022-05-23 18:48:35,143 Evaluating as a multi-label problem: False
2022-05-23 18:48:35,154 DEV : loss 0.18691958487033844 - f1-score (micro avg)  0.5307
2022-05-23 18:48:35,242 BAD EPOCHS (no improvement): 0
2022-05-23 18:48:35,245 saving best model
2022-05-23 18:49:41,124 ----------------------------------------------------------------------------------------------------
2022-05-23 18:49:44,041 epoch 19 - iter 10/107 - loss 0.05490663 - samples/sec: 109.79 - lr: 0.025000
2022-05-23 18:49:47,159 epoch 19 - iter 20/107 - loss 0.05447616 - samples/sec: 102.67 - lr: 0.025000
2022-05-23 18:49:49,987 epoch 19 - iter 30/107 - loss 0.05657776 - samples/sec: 113.19 - lr: 0.025000
2022-05-23 18:49:52,889 epoch 19 - iter 40/107 - loss 0.05726988 - samples/sec: 110.28 - lr: 0.025000
2022-05-23 18:49:55,756 epoch 19 - iter 50/107 - loss 0.05594142 - samples/sec: 111.67 - lr: 0.025000
2022-05-23 18:49:58,794 epoch 19 - iter 60/107 - loss 0.05512245 - samples/sec: 105.35 - lr: 0.025000
2022-05-23 18:50:01,925 epoch 19 - iter 70/107 - loss 0.05500809 - samples/sec: 102.24 - lr: 0.025000
2022-05-23 18:50:04,956 epoch 19 - iter 80/107 - loss 0.05559970 - samples/sec: 105.63 - lr: 0.025000
2022-05-23 18:50:07,991 epoch 19 - iter 90/107 - loss 0.05513764 - samples/sec: 105.44 - lr: 0.025000
2022-05-23 18:50:10,810 epoch 19 - iter 100/107 - loss 0.05577109 - samples/sec: 113.59 - lr: 0.025000
2022-05-23 18:50:12,618 ----------------------------------------------------------------------------------------------------
2022-05-23 18:50:12,618 EPOCH 19 done: loss 0.0556 - lr 0.025000
2022-05-23 18:50:20,825 Evaluating as a multi-label problem: False
2022-05-23 18:50:20,836 DEV : loss 0.1982913613319397 - f1-score (micro avg)  0.5242
2022-05-23 18:50:20,924 BAD EPOCHS (no improvement): 1
2022-05-23 18:50:20,927 ----------------------------------------------------------------------------------------------------
2022-05-23 18:50:23,984 epoch 20 - iter 10/107 - loss 0.05759340 - samples/sec: 104.72 - lr: 0.025000
2022-05-23 18:50:26,859 epoch 20 - iter 20/107 - loss 0.05892356 - samples/sec: 111.33 - lr: 0.025000
2022-05-23 18:50:29,888 epoch 20 - iter 30/107 - loss 0.05557209 - samples/sec: 105.67 - lr: 0.025000
2022-05-23 18:50:32,987 epoch 20 - iter 40/107 - loss 0.05612808 - samples/sec: 103.31 - lr: 0.025000
2022-05-23 18:50:36,197 epoch 20 - iter 50/107 - loss 0.05540780 - samples/sec: 99.72 - lr: 0.025000
2022-05-23 18:50:38,954 epoch 20 - iter 60/107 - loss 0.05455183 - samples/sec: 116.10 - lr: 0.025000
2022-05-23 18:50:42,044 epoch 20 - iter 70/107 - loss 0.05406493 - samples/sec: 103.59 - lr: 0.025000
2022-05-23 18:50:44,872 epoch 20 - iter 80/107 - loss 0.05352623 - samples/sec: 113.21 - lr: 0.025000
2022-05-23 18:50:47,960 epoch 20 - iter 90/107 - loss 0.05312815 - samples/sec: 103.63 - lr: 0.025000
2022-05-23 18:50:51,139 epoch 20 - iter 100/107 - loss 0.05352705 - samples/sec: 100.71 - lr: 0.025000
2022-05-23 18:50:52,789 ----------------------------------------------------------------------------------------------------
2022-05-23 18:50:52,789 EPOCH 20 done: loss 0.0539 - lr 0.025000
2022-05-23 18:51:01,555 Evaluating as a multi-label problem: False
2022-05-23 18:51:01,566 DEV : loss 0.18281899392604828 - f1-score (micro avg)  0.5418
2022-05-23 18:51:01,659 BAD EPOCHS (no improvement): 0
2022-05-23 18:51:01,661 saving best model
2022-05-23 18:52:06,744 ----------------------------------------------------------------------------------------------------
2022-05-23 18:52:09,502 epoch 21 - iter 10/107 - loss 0.04589178 - samples/sec: 116.11 - lr: 0.025000
2022-05-23 18:52:12,329 epoch 21 - iter 20/107 - loss 0.04910436 - samples/sec: 113.24 - lr: 0.025000
2022-05-23 18:52:14,922 epoch 21 - iter 30/107 - loss 0.05015675 - samples/sec: 123.44 - lr: 0.025000
2022-05-23 18:52:17,740 epoch 21 - iter 40/107 - loss 0.05248215 - samples/sec: 113.63 - lr: 0.025000
2022-05-23 18:52:20,626 epoch 21 - iter 50/107 - loss 0.04993039 - samples/sec: 110.90 - lr: 0.025000
2022-05-23 18:52:23,728 epoch 21 - iter 60/107 - loss 0.05275768 - samples/sec: 103.18 - lr: 0.025000
2022-05-23 18:52:26,821 epoch 21 - iter 70/107 - loss 0.05205908 - samples/sec: 103.51 - lr: 0.025000
2022-05-23 18:52:29,710 epoch 21 - iter 80/107 - loss 0.05320836 - samples/sec: 110.79 - lr: 0.025000
2022-05-23 18:52:32,804 epoch 21 - iter 90/107 - loss 0.05290384 - samples/sec: 103.47 - lr: 0.025000
2022-05-23 18:52:35,715 epoch 21 - iter 100/107 - loss 0.05230364 - samples/sec: 109.94 - lr: 0.025000
2022-05-23 18:52:37,451 ----------------------------------------------------------------------------------------------------
2022-05-23 18:52:37,451 EPOCH 21 done: loss 0.0526 - lr 0.025000
2022-05-23 18:52:46,182 Evaluating as a multi-label problem: False
2022-05-23 18:52:46,193 DEV : loss 0.18430320918560028 - f1-score (micro avg)  0.5378
2022-05-23 18:52:46,280 BAD EPOCHS (no improvement): 1
2022-05-23 18:52:46,284 ----------------------------------------------------------------------------------------------------
2022-05-23 18:52:49,146 epoch 22 - iter 10/107 - loss 0.04080665 - samples/sec: 111.85 - lr: 0.025000
2022-05-23 18:52:52,267 epoch 22 - iter 20/107 - loss 0.04763513 - samples/sec: 102.56 - lr: 0.025000
2022-05-23 18:52:55,366 epoch 22 - iter 30/107 - loss 0.05203163 - samples/sec: 103.30 - lr: 0.025000
2022-05-23 18:52:58,101 epoch 22 - iter 40/107 - loss 0.05260067 - samples/sec: 117.02 - lr: 0.025000
2022-05-23 18:53:00,837 epoch 22 - iter 50/107 - loss 0.05398094 - samples/sec: 117.02 - lr: 0.025000
2022-05-23 18:53:03,615 epoch 22 - iter 60/107 - loss 0.05321856 - samples/sec: 115.23 - lr: 0.025000
2022-05-23 18:53:06,335 epoch 22 - iter 70/107 - loss 0.05392132 - samples/sec: 117.68 - lr: 0.025000
2022-05-23 18:53:09,256 epoch 22 - iter 80/107 - loss 0.05393974 - samples/sec: 109.58 - lr: 0.025000
2022-05-23 18:53:12,019 epoch 22 - iter 90/107 - loss 0.05374168 - samples/sec: 115.87 - lr: 0.025000
2022-05-23 18:53:14,956 epoch 22 - iter 100/107 - loss 0.05387366 - samples/sec: 109.00 - lr: 0.025000
2022-05-23 18:53:16,777 ----------------------------------------------------------------------------------------------------
2022-05-23 18:53:16,777 EPOCH 22 done: loss 0.0545 - lr 0.025000
2022-05-23 18:53:25,581 Evaluating as a multi-label problem: False
2022-05-23 18:53:25,593 DEV : loss 0.18098017573356628 - f1-score (micro avg)  0.5393
2022-05-23 18:53:25,680 BAD EPOCHS (no improvement): 2
2022-05-23 18:53:25,683 ----------------------------------------------------------------------------------------------------
2022-05-23 18:53:28,625 epoch 23 - iter 10/107 - loss 0.04337065 - samples/sec: 108.85 - lr: 0.025000
2022-05-23 18:53:31,745 epoch 23 - iter 20/107 - loss 0.04896040 - samples/sec: 102.59 - lr: 0.025000
2022-05-23 18:53:34,984 epoch 23 - iter 30/107 - loss 0.05564376 - samples/sec: 98.82 - lr: 0.025000
2022-05-23 18:53:37,933 epoch 23 - iter 40/107 - loss 0.05318294 - samples/sec: 108.56 - lr: 0.025000
2022-05-23 18:53:40,700 epoch 23 - iter 50/107 - loss 0.05339141 - samples/sec: 115.69 - lr: 0.025000
2022-05-23 18:53:43,525 epoch 23 - iter 60/107 - loss 0.05130737 - samples/sec: 113.31 - lr: 0.025000
2022-05-23 18:53:46,560 epoch 23 - iter 70/107 - loss 0.05080671 - samples/sec: 105.48 - lr: 0.025000
2022-05-23 18:53:49,426 epoch 23 - iter 80/107 - loss 0.05045673 - samples/sec: 111.68 - lr: 0.025000
2022-05-23 18:53:52,091 epoch 23 - iter 90/107 - loss 0.04995985 - samples/sec: 120.10 - lr: 0.025000
2022-05-23 18:53:54,814 epoch 23 - iter 100/107 - loss 0.04918729 - samples/sec: 117.56 - lr: 0.025000
2022-05-23 18:53:56,530 ----------------------------------------------------------------------------------------------------
2022-05-23 18:53:56,530 EPOCH 23 done: loss 0.0492 - lr 0.025000
2022-05-23 18:54:04,999 Evaluating as a multi-label problem: False
2022-05-23 18:54:05,010 DEV : loss 0.19252467155456543 - f1-score (micro avg)  0.535
2022-05-23 18:54:05,098 BAD EPOCHS (no improvement): 3
2022-05-23 18:54:05,101 ----------------------------------------------------------------------------------------------------
2022-05-23 18:54:08,089 epoch 24 - iter 10/107 - loss 0.04387530 - samples/sec: 107.14 - lr: 0.025000
2022-05-23 18:54:11,347 epoch 24 - iter 20/107 - loss 0.04700791 - samples/sec: 98.24 - lr: 0.025000
2022-05-23 18:54:14,120 epoch 24 - iter 30/107 - loss 0.04959521 - samples/sec: 115.45 - lr: 0.025000
2022-05-23 18:54:17,137 epoch 24 - iter 40/107 - loss 0.04903664 - samples/sec: 106.10 - lr: 0.025000
2022-05-23 18:54:19,976 epoch 24 - iter 50/107 - loss 0.04972369 - samples/sec: 112.77 - lr: 0.025000
2022-05-23 18:54:22,819 epoch 24 - iter 60/107 - loss 0.04957831 - samples/sec: 112.59 - lr: 0.025000
2022-05-23 18:54:25,744 epoch 24 - iter 70/107 - loss 0.04992426 - samples/sec: 109.43 - lr: 0.025000
2022-05-23 18:54:28,634 epoch 24 - iter 80/107 - loss 0.04928305 - samples/sec: 110.78 - lr: 0.025000
2022-05-23 18:54:31,623 epoch 24 - iter 90/107 - loss 0.04913456 - samples/sec: 107.08 - lr: 0.025000
2022-05-23 18:54:34,700 epoch 24 - iter 100/107 - loss 0.05084228 - samples/sec: 104.04 - lr: 0.025000
2022-05-23 18:54:36,455 ----------------------------------------------------------------------------------------------------
2022-05-23 18:54:36,455 EPOCH 24 done: loss 0.0515 - lr 0.025000
2022-05-23 18:54:44,368 Evaluating as a multi-label problem: False
2022-05-23 18:54:44,379 DEV : loss 0.18417669832706451 - f1-score (micro avg)  0.539
2022-05-23 18:54:44,467 Epoch    24: reducing learning rate of group 0 to 1.2500e-02.
2022-05-23 18:54:44,467 BAD EPOCHS (no improvement): 4
2022-05-23 18:54:44,470 ----------------------------------------------------------------------------------------------------
2022-05-23 18:54:47,168 epoch 25 - iter 10/107 - loss 0.04191137 - samples/sec: 118.68 - lr: 0.012500
2022-05-23 18:54:49,932 epoch 25 - iter 20/107 - loss 0.04299297 - samples/sec: 115.81 - lr: 0.012500
2022-05-23 18:54:52,892 epoch 25 - iter 30/107 - loss 0.04528682 - samples/sec: 108.12 - lr: 0.012500
2022-05-23 18:54:55,899 epoch 25 - iter 40/107 - loss 0.04736935 - samples/sec: 106.46 - lr: 0.012500
2022-05-23 18:54:58,820 epoch 25 - iter 50/107 - loss 0.04621690 - samples/sec: 109.60 - lr: 0.012500
2022-05-23 18:55:01,754 epoch 25 - iter 60/107 - loss 0.04738461 - samples/sec: 109.10 - lr: 0.012500
2022-05-23 18:55:04,944 epoch 25 - iter 70/107 - loss 0.04706869 - samples/sec: 100.33 - lr: 0.012500
2022-05-23 18:55:07,956 epoch 25 - iter 80/107 - loss 0.04685585 - samples/sec: 106.28 - lr: 0.012500
2022-05-23 18:55:10,933 epoch 25 - iter 90/107 - loss 0.04669369 - samples/sec: 107.54 - lr: 0.012500
2022-05-23 18:55:13,864 epoch 25 - iter 100/107 - loss 0.04717766 - samples/sec: 109.22 - lr: 0.012500
2022-05-23 18:55:15,636 ----------------------------------------------------------------------------------------------------
2022-05-23 18:55:15,636 EPOCH 25 done: loss 0.0474 - lr 0.012500
2022-05-23 18:55:24,312 Evaluating as a multi-label problem: False
2022-05-23 18:55:24,324 DEV : loss 0.18633168935775757 - f1-score (micro avg)  0.544
2022-05-23 18:55:24,413 BAD EPOCHS (no improvement): 0
2022-05-23 18:55:24,416 saving best model
2022-05-23 18:56:29,420 ----------------------------------------------------------------------------------------------------
2022-05-23 18:56:32,460 epoch 26 - iter 10/107 - loss 0.04550580 - samples/sec: 105.37 - lr: 0.012500
2022-05-23 18:56:35,104 epoch 26 - iter 20/107 - loss 0.04435420 - samples/sec: 121.06 - lr: 0.012500
2022-05-23 18:56:37,784 epoch 26 - iter 30/107 - loss 0.04593852 - samples/sec: 119.44 - lr: 0.012500
2022-05-23 18:56:40,638 epoch 26 - iter 40/107 - loss 0.04685444 - samples/sec: 112.17 - lr: 0.012500
2022-05-23 18:56:43,388 epoch 26 - iter 50/107 - loss 0.04780000 - samples/sec: 116.39 - lr: 0.012500
2022-05-23 18:56:45,675 epoch 26 - iter 60/107 - loss 0.04754993 - samples/sec: 140.03 - lr: 0.012500
2022-05-23 18:56:47,446 epoch 26 - iter 70/107 - loss 0.04707582 - samples/sec: 180.81 - lr: 0.012500
2022-05-23 18:56:49,285 epoch 26 - iter 80/107 - loss 0.04808083 - samples/sec: 174.03 - lr: 0.012500
2022-05-23 18:56:51,051 epoch 26 - iter 90/107 - loss 0.04822960 - samples/sec: 181.29 - lr: 0.012500
2022-05-23 18:56:52,857 epoch 26 - iter 100/107 - loss 0.04839776 - samples/sec: 177.34 - lr: 0.012500
2022-05-23 18:56:53,962 ----------------------------------------------------------------------------------------------------
2022-05-23 18:56:53,962 EPOCH 26 done: loss 0.0487 - lr 0.012500
2022-05-23 18:57:00,221 Evaluating as a multi-label problem: False
2022-05-23 18:57:00,232 DEV : loss 0.17914405465126038 - f1-score (micro avg)  0.5384
2022-05-23 18:57:00,322 BAD EPOCHS (no improvement): 1
2022-05-23 18:57:00,342 ----------------------------------------------------------------------------------------------------
2022-05-23 18:57:02,173 epoch 27 - iter 10/107 - loss 0.05671634 - samples/sec: 174.88 - lr: 0.012500
2022-05-23 18:57:03,941 epoch 27 - iter 20/107 - loss 0.05638463 - samples/sec: 181.12 - lr: 0.012500
2022-05-23 18:57:05,752 epoch 27 - iter 30/107 - loss 0.05021026 - samples/sec: 176.76 - lr: 0.012500
2022-05-23 18:57:07,537 epoch 27 - iter 40/107 - loss 0.04881121 - samples/sec: 179.37 - lr: 0.012500
2022-05-23 18:57:09,393 epoch 27 - iter 50/107 - loss 0.04842878 - samples/sec: 172.52 - lr: 0.012500
2022-05-23 18:57:11,202 epoch 27 - iter 60/107 - loss 0.04912424 - samples/sec: 176.98 - lr: 0.012500
2022-05-23 18:57:13,166 epoch 27 - iter 70/107 - loss 0.04958014 - samples/sec: 163.02 - lr: 0.012500
2022-05-23 18:57:15,096 epoch 27 - iter 80/107 - loss 0.04938903 - samples/sec: 165.87 - lr: 0.012500
2022-05-23 18:57:17,055 epoch 27 - iter 90/107 - loss 0.04956743 - samples/sec: 163.46 - lr: 0.012500
2022-05-23 18:57:18,989 epoch 27 - iter 100/107 - loss 0.04923116 - samples/sec: 165.55 - lr: 0.012500
2022-05-23 18:57:20,202 ----------------------------------------------------------------------------------------------------
2022-05-23 18:57:20,202 EPOCH 27 done: loss 0.0488 - lr 0.012500
2022-05-23 18:57:26,870 Evaluating as a multi-label problem: False
2022-05-23 18:57:26,881 DEV : loss 0.19296281039714813 - f1-score (micro avg)  0.5288
2022-05-23 18:57:26,968 BAD EPOCHS (no improvement): 2
2022-05-23 18:57:26,971 ----------------------------------------------------------------------------------------------------
2022-05-23 18:57:28,974 epoch 28 - iter 10/107 - loss 0.04469602 - samples/sec: 159.84 - lr: 0.012500
2022-05-23 18:57:30,926 epoch 28 - iter 20/107 - loss 0.04193311 - samples/sec: 164.01 - lr: 0.012500
2022-05-23 18:57:32,756 epoch 28 - iter 30/107 - loss 0.04475228 - samples/sec: 174.93 - lr: 0.012500
2022-05-23 18:57:34,581 epoch 28 - iter 40/107 - loss 0.04434662 - samples/sec: 175.44 - lr: 0.012500
2022-05-23 18:57:38,390 epoch 28 - iter 50/107 - loss 0.04569545 - samples/sec: 84.04 - lr: 0.012500
2022-05-23 18:57:43,047 epoch 28 - iter 60/107 - loss 0.04495500 - samples/sec: 68.72 - lr: 0.012500
2022-05-23 18:57:47,687 epoch 28 - iter 70/107 - loss 0.04447316 - samples/sec: 68.99 - lr: 0.012500
2022-05-23 18:57:51,801 epoch 28 - iter 80/107 - loss 0.04433310 - samples/sec: 77.80 - lr: 0.012500
2022-05-23 18:57:55,543 epoch 28 - iter 90/107 - loss 0.04446919 - samples/sec: 85.54 - lr: 0.012500
2022-05-23 18:57:58,751 epoch 28 - iter 100/107 - loss 0.04352356 - samples/sec: 99.78 - lr: 0.012500
2022-05-23 18:58:00,425 ----------------------------------------------------------------------------------------------------
2022-05-23 18:58:00,425 EPOCH 28 done: loss 0.0434 - lr 0.012500
2022-05-23 18:58:09,982 Evaluating as a multi-label problem: False
2022-05-23 18:58:09,993 DEV : loss 0.19332855939865112 - f1-score (micro avg)  0.5334
2022-05-23 18:58:10,082 BAD EPOCHS (no improvement): 3
2022-05-23 18:58:10,085 ----------------------------------------------------------------------------------------------------
2022-05-23 18:58:12,933 epoch 29 - iter 10/107 - loss 0.03806374 - samples/sec: 112.40 - lr: 0.012500
2022-05-23 18:58:15,842 epoch 29 - iter 20/107 - loss 0.03905842 - samples/sec: 110.02 - lr: 0.012500
2022-05-23 18:58:19,055 epoch 29 - iter 30/107 - loss 0.04275391 - samples/sec: 99.64 - lr: 0.012500
2022-05-23 18:58:21,957 epoch 29 - iter 40/107 - loss 0.04524772 - samples/sec: 110.29 - lr: 0.012500
2022-05-23 18:58:24,917 epoch 29 - iter 50/107 - loss 0.04286948 - samples/sec: 108.14 - lr: 0.012500
2022-05-23 18:58:28,184 epoch 29 - iter 60/107 - loss 0.04147425 - samples/sec: 97.99 - lr: 0.012500
2022-05-23 18:58:31,038 epoch 29 - iter 70/107 - loss 0.04317231 - samples/sec: 112.16 - lr: 0.012500
2022-05-23 18:58:33,932 epoch 29 - iter 80/107 - loss 0.04282277 - samples/sec: 110.60 - lr: 0.012500
2022-05-23 18:58:36,788 epoch 29 - iter 90/107 - loss 0.04341518 - samples/sec: 112.08 - lr: 0.012500
2022-05-23 18:58:39,508 epoch 29 - iter 100/107 - loss 0.04413692 - samples/sec: 117.69 - lr: 0.012500
2022-05-23 18:58:41,193 ----------------------------------------------------------------------------------------------------
2022-05-23 18:58:41,193 EPOCH 29 done: loss 0.0444 - lr 0.012500
2022-05-23 18:58:48,887 Evaluating as a multi-label problem: False
2022-05-23 18:58:48,898 DEV : loss 0.18019403517246246 - f1-score (micro avg)  0.5468
2022-05-23 18:58:48,988 BAD EPOCHS (no improvement): 0
2022-05-23 18:58:48,990 saving best model
2022-05-23 18:59:55,339 ----------------------------------------------------------------------------------------------------
2022-05-23 18:59:57,360 epoch 30 - iter 10/107 - loss 0.04648684 - samples/sec: 158.56 - lr: 0.012500
2022-05-23 18:59:59,318 epoch 30 - iter 20/107 - loss 0.04200683 - samples/sec: 163.54 - lr: 0.012500
2022-05-23 19:00:01,174 epoch 30 - iter 30/107 - loss 0.04199617 - samples/sec: 172.51 - lr: 0.012500
2022-05-23 19:00:02,935 epoch 30 - iter 40/107 - loss 0.04272991 - samples/sec: 181.76 - lr: 0.012500
2022-05-23 19:00:04,761 epoch 30 - iter 50/107 - loss 0.04659716 - samples/sec: 175.34 - lr: 0.012500
2022-05-23 19:00:06,637 epoch 30 - iter 60/107 - loss 0.04641102 - samples/sec: 170.69 - lr: 0.012500
2022-05-23 19:00:08,470 epoch 30 - iter 70/107 - loss 0.04598570 - samples/sec: 174.61 - lr: 0.012500
2022-05-23 19:00:10,247 epoch 30 - iter 80/107 - loss 0.04529959 - samples/sec: 180.23 - lr: 0.012500
2022-05-23 19:00:12,042 epoch 30 - iter 90/107 - loss 0.04645610 - samples/sec: 178.31 - lr: 0.012500
2022-05-23 19:00:13,833 epoch 30 - iter 100/107 - loss 0.04592949 - samples/sec: 178.81 - lr: 0.012500
2022-05-23 19:00:14,939 ----------------------------------------------------------------------------------------------------
2022-05-23 19:00:14,939 EPOCH 30 done: loss 0.0455 - lr 0.012500
2022-05-23 19:00:21,794 Evaluating as a multi-label problem: False
2022-05-23 19:00:21,805 DEV : loss 0.19256645441055298 - f1-score (micro avg)  0.5245
2022-05-23 19:00:21,894 BAD EPOCHS (no improvement): 1
2022-05-23 19:00:21,935 ----------------------------------------------------------------------------------------------------
2022-05-23 19:00:24,873 epoch 31 - iter 10/107 - loss 0.04819199 - samples/sec: 109.01 - lr: 0.012500
2022-05-23 19:00:27,700 epoch 31 - iter 20/107 - loss 0.04230408 - samples/sec: 113.24 - lr: 0.012500
2022-05-23 19:00:30,725 epoch 31 - iter 30/107 - loss 0.04460961 - samples/sec: 105.82 - lr: 0.012500
2022-05-23 19:00:33,571 epoch 31 - iter 40/107 - loss 0.04394946 - samples/sec: 112.46 - lr: 0.012500
2022-05-23 19:00:36,584 epoch 31 - iter 50/107 - loss 0.04428046 - samples/sec: 106.24 - lr: 0.012500
2022-05-23 19:00:39,723 epoch 31 - iter 60/107 - loss 0.04356407 - samples/sec: 101.98 - lr: 0.012500
2022-05-23 19:00:42,791 epoch 31 - iter 70/107 - loss 0.04420650 - samples/sec: 104.35 - lr: 0.012500
2022-05-23 19:00:45,824 epoch 31 - iter 80/107 - loss 0.04449966 - samples/sec: 105.54 - lr: 0.012500
2022-05-23 19:00:48,713 epoch 31 - iter 90/107 - loss 0.04387821 - samples/sec: 110.80 - lr: 0.012500
2022-05-23 19:00:51,616 epoch 31 - iter 100/107 - loss 0.04386039 - samples/sec: 110.26 - lr: 0.012500
2022-05-23 19:00:53,504 ----------------------------------------------------------------------------------------------------
2022-05-23 19:00:53,504 EPOCH 31 done: loss 0.0437 - lr 0.012500
2022-05-23 19:01:01,844 Evaluating as a multi-label problem: False
2022-05-23 19:01:01,855 DEV : loss 0.18956758081912994 - f1-score (micro avg)  0.5411
2022-05-23 19:01:01,942 BAD EPOCHS (no improvement): 2
2022-05-23 19:01:01,945 ----------------------------------------------------------------------------------------------------
2022-05-23 19:01:04,591 epoch 32 - iter 10/107 - loss 0.04821888 - samples/sec: 121.00 - lr: 0.012500
2022-05-23 19:01:07,521 epoch 32 - iter 20/107 - loss 0.04449926 - samples/sec: 109.25 - lr: 0.012500
2022-05-23 19:01:10,264 epoch 32 - iter 30/107 - loss 0.04147023 - samples/sec: 116.69 - lr: 0.012500
2022-05-23 19:01:12,076 epoch 32 - iter 40/107 - loss 0.04160867 - samples/sec: 176.67 - lr: 0.012500
2022-05-23 19:01:13,844 epoch 32 - iter 50/107 - loss 0.04273406 - samples/sec: 181.10 - lr: 0.012500
2022-05-23 19:01:15,644 epoch 32 - iter 60/107 - loss 0.04299111 - samples/sec: 177.90 - lr: 0.012500
2022-05-23 19:01:17,405 epoch 32 - iter 70/107 - loss 0.04281067 - samples/sec: 181.83 - lr: 0.012500
2022-05-23 19:01:19,120 epoch 32 - iter 80/107 - loss 0.04230471 - samples/sec: 186.72 - lr: 0.012500
2022-05-23 19:01:20,774 epoch 32 - iter 90/107 - loss 0.04190947 - samples/sec: 193.62 - lr: 0.012500
2022-05-23 19:01:22,543 epoch 32 - iter 100/107 - loss 0.04341347 - samples/sec: 180.98 - lr: 0.012500
2022-05-23 19:01:23,578 ----------------------------------------------------------------------------------------------------
2022-05-23 19:01:23,578 EPOCH 32 done: loss 0.0434 - lr 0.012500
2022-05-23 19:01:29,488 Evaluating as a multi-label problem: False
2022-05-23 19:01:29,499 DEV : loss 0.19099105894565582 - f1-score (micro avg)  0.5428
2022-05-23 19:01:29,586 BAD EPOCHS (no improvement): 3
2022-05-23 19:01:29,589 ----------------------------------------------------------------------------------------------------
2022-05-23 19:01:31,324 epoch 33 - iter 10/107 - loss 0.04121566 - samples/sec: 184.59 - lr: 0.012500
2022-05-23 19:01:33,147 epoch 33 - iter 20/107 - loss 0.04727423 - samples/sec: 175.56 - lr: 0.012500
2022-05-23 19:01:34,982 epoch 33 - iter 30/107 - loss 0.04614400 - samples/sec: 174.56 - lr: 0.012500
2022-05-23 19:01:36,763 epoch 33 - iter 40/107 - loss 0.04564728 - samples/sec: 179.76 - lr: 0.012500
2022-05-23 19:01:38,757 epoch 33 - iter 50/107 - loss 0.04515328 - samples/sec: 160.50 - lr: 0.012500
2022-05-23 19:01:40,558 epoch 33 - iter 60/107 - loss 0.04415390 - samples/sec: 177.79 - lr: 0.012500
2022-05-23 19:01:43,026 epoch 33 - iter 70/107 - loss 0.04451671 - samples/sec: 129.73 - lr: 0.012500
2022-05-23 19:01:46,153 epoch 33 - iter 80/107 - loss 0.04409232 - samples/sec: 102.36 - lr: 0.012500
2022-05-23 19:01:49,254 epoch 33 - iter 90/107 - loss 0.04394564 - samples/sec: 103.21 - lr: 0.012500
2022-05-23 19:01:51,996 epoch 33 - iter 100/107 - loss 0.04405935 - samples/sec: 116.74 - lr: 0.012500
2022-05-23 19:01:53,667 ----------------------------------------------------------------------------------------------------
2022-05-23 19:01:53,667 EPOCH 33 done: loss 0.0444 - lr 0.012500
2022-05-23 19:02:02,370 Evaluating as a multi-label problem: False
2022-05-23 19:02:02,381 DEV : loss 0.19666671752929688 - f1-score (micro avg)  0.5179
2022-05-23 19:02:02,468 Epoch    33: reducing learning rate of group 0 to 6.2500e-03.
2022-05-23 19:02:02,468 BAD EPOCHS (no improvement): 4
2022-05-23 19:02:02,472 ----------------------------------------------------------------------------------------------------
2022-05-23 19:02:05,274 epoch 34 - iter 10/107 - loss 0.04860635 - samples/sec: 114.27 - lr: 0.006250
2022-05-23 19:02:08,333 epoch 34 - iter 20/107 - loss 0.04681249 - samples/sec: 104.65 - lr: 0.006250
2022-05-23 19:02:11,200 epoch 34 - iter 30/107 - loss 0.04571340 - samples/sec: 111.64 - lr: 0.006250
2022-05-23 19:02:14,236 epoch 34 - iter 40/107 - loss 0.04576397 - samples/sec: 105.46 - lr: 0.006250
2022-05-23 19:02:17,228 epoch 34 - iter 50/107 - loss 0.04655416 - samples/sec: 106.97 - lr: 0.006250
2022-05-23 19:02:20,331 epoch 34 - iter 60/107 - loss 0.04460988 - samples/sec: 103.18 - lr: 0.006250
2022-05-23 19:02:23,088 epoch 34 - iter 70/107 - loss 0.04282286 - samples/sec: 116.11 - lr: 0.006250
2022-05-23 19:02:25,806 epoch 34 - iter 80/107 - loss 0.04345099 - samples/sec: 117.76 - lr: 0.006250
2022-05-23 19:02:28,586 epoch 34 - iter 90/107 - loss 0.04322336 - samples/sec: 115.14 - lr: 0.006250
2022-05-23 19:02:31,217 epoch 34 - iter 100/107 - loss 0.04323780 - samples/sec: 121.69 - lr: 0.006250
2022-05-23 19:02:32,874 ----------------------------------------------------------------------------------------------------
2022-05-23 19:02:32,874 EPOCH 34 done: loss 0.0423 - lr 0.006250
2022-05-23 19:02:42,315 Evaluating as a multi-label problem: False
2022-05-23 19:02:42,326 DEV : loss 0.1963246464729309 - f1-score (micro avg)  0.5351
2022-05-23 19:02:42,414 BAD EPOCHS (no improvement): 1
2022-05-23 19:02:42,417 ----------------------------------------------------------------------------------------------------
2022-05-23 19:02:45,381 epoch 35 - iter 10/107 - loss 0.04545147 - samples/sec: 108.00 - lr: 0.006250
2022-05-23 19:02:48,278 epoch 35 - iter 20/107 - loss 0.04126742 - samples/sec: 110.50 - lr: 0.006250
2022-05-23 19:02:51,246 epoch 35 - iter 30/107 - loss 0.04320827 - samples/sec: 107.83 - lr: 0.006250
2022-05-23 19:02:53,325 epoch 35 - iter 40/107 - loss 0.04297007 - samples/sec: 154.01 - lr: 0.006250
2022-05-23 19:02:55,084 epoch 35 - iter 50/107 - loss 0.04175806 - samples/sec: 182.07 - lr: 0.006250
2022-05-23 19:02:58,262 epoch 35 - iter 60/107 - loss 0.04323798 - samples/sec: 100.71 - lr: 0.006250
2022-05-23 19:03:00,915 epoch 35 - iter 70/107 - loss 0.04336310 - samples/sec: 120.64 - lr: 0.006250
2022-05-23 19:03:03,833 epoch 35 - iter 80/107 - loss 0.04167614 - samples/sec: 109.72 - lr: 0.006250
2022-05-23 19:03:06,803 epoch 35 - iter 90/107 - loss 0.04200883 - samples/sec: 107.80 - lr: 0.006250
2022-05-23 19:03:09,729 epoch 35 - iter 100/107 - loss 0.04214314 - samples/sec: 109.38 - lr: 0.006250
2022-05-23 19:03:11,600 ----------------------------------------------------------------------------------------------------
2022-05-23 19:03:11,600 EPOCH 35 done: loss 0.0421 - lr 0.006250
2022-05-23 19:03:19,877 Evaluating as a multi-label problem: False
2022-05-23 19:03:19,888 DEV : loss 0.19187168776988983 - f1-score (micro avg)  0.5397
2022-05-23 19:03:19,978 BAD EPOCHS (no improvement): 2
2022-05-23 19:03:19,981 ----------------------------------------------------------------------------------------------------
2022-05-23 19:03:22,829 epoch 36 - iter 10/107 - loss 0.03714883 - samples/sec: 112.43 - lr: 0.006250
2022-05-23 19:03:25,029 epoch 36 - iter 20/107 - loss 0.03495197 - samples/sec: 145.48 - lr: 0.006250
2022-05-23 19:03:26,770 epoch 36 - iter 30/107 - loss 0.03747785 - samples/sec: 184.00 - lr: 0.006250
2022-05-23 19:03:28,544 epoch 36 - iter 40/107 - loss 0.03752330 - samples/sec: 180.38 - lr: 0.006250
2022-05-23 19:03:30,298 epoch 36 - iter 50/107 - loss 0.03906027 - samples/sec: 182.58 - lr: 0.006250
2022-05-23 19:03:32,138 epoch 36 - iter 60/107 - loss 0.03738259 - samples/sec: 174.03 - lr: 0.006250
2022-05-23 19:03:33,928 epoch 36 - iter 70/107 - loss 0.03808209 - samples/sec: 178.80 - lr: 0.006250
2022-05-23 19:03:35,702 epoch 36 - iter 80/107 - loss 0.04078085 - samples/sec: 180.48 - lr: 0.006250
2022-05-23 19:03:37,488 epoch 36 - iter 90/107 - loss 0.04186184 - samples/sec: 179.29 - lr: 0.006250
2022-05-23 19:03:39,303 epoch 36 - iter 100/107 - loss 0.04272069 - samples/sec: 176.37 - lr: 0.006250
2022-05-23 19:03:40,401 ----------------------------------------------------------------------------------------------------
2022-05-23 19:03:40,401 EPOCH 36 done: loss 0.0421 - lr 0.006250
2022-05-23 19:03:46,581 Evaluating as a multi-label problem: False
2022-05-23 19:03:46,591 DEV : loss 0.19320249557495117 - f1-score (micro avg)  0.5366
2022-05-23 19:03:46,678 BAD EPOCHS (no improvement): 3
2022-05-23 19:03:46,681 ----------------------------------------------------------------------------------------------------
2022-05-23 19:03:48,502 epoch 37 - iter 10/107 - loss 0.03310136 - samples/sec: 175.76 - lr: 0.006250
2022-05-23 19:03:50,389 epoch 37 - iter 20/107 - loss 0.03723095 - samples/sec: 169.70 - lr: 0.006250
2022-05-23 19:03:52,234 epoch 37 - iter 30/107 - loss 0.03945179 - samples/sec: 173.54 - lr: 0.006250
2022-05-23 19:03:53,934 epoch 37 - iter 40/107 - loss 0.03936777 - samples/sec: 188.34 - lr: 0.006250
2022-05-23 19:03:56,282 epoch 37 - iter 50/107 - loss 0.04083712 - samples/sec: 136.31 - lr: 0.006250
2022-05-23 19:03:59,244 epoch 37 - iter 60/107 - loss 0.03918481 - samples/sec: 108.10 - lr: 0.006250
2022-05-23 19:04:02,134 epoch 37 - iter 70/107 - loss 0.03984788 - samples/sec: 110.76 - lr: 0.006250
2022-05-23 19:04:05,160 epoch 37 - iter 80/107 - loss 0.03939686 - samples/sec: 105.77 - lr: 0.006250
2022-05-23 19:04:07,984 epoch 37 - iter 90/107 - loss 0.04009744 - samples/sec: 113.35 - lr: 0.006250
2022-05-23 19:04:10,924 epoch 37 - iter 100/107 - loss 0.04020907 - samples/sec: 108.89 - lr: 0.006250
2022-05-23 19:04:12,877 ----------------------------------------------------------------------------------------------------
2022-05-23 19:04:12,878 EPOCH 37 done: loss 0.0404 - lr 0.006250
2022-05-23 19:04:21,853 Evaluating as a multi-label problem: False
2022-05-23 19:04:21,864 DEV : loss 0.1915605664253235 - f1-score (micro avg)  0.5358
2022-05-23 19:04:21,952 Epoch    37: reducing learning rate of group 0 to 3.1250e-03.
2022-05-23 19:04:21,952 BAD EPOCHS (no improvement): 4
2022-05-23 19:04:21,955 ----------------------------------------------------------------------------------------------------
2022-05-23 19:04:25,002 epoch 38 - iter 10/107 - loss 0.04707772 - samples/sec: 105.06 - lr: 0.003125
2022-05-23 19:04:28,062 epoch 38 - iter 20/107 - loss 0.04395290 - samples/sec: 104.60 - lr: 0.003125
2022-05-23 19:04:31,419 epoch 38 - iter 30/107 - loss 0.04807804 - samples/sec: 95.35 - lr: 0.003125
2022-05-23 19:04:34,249 epoch 38 - iter 40/107 - loss 0.04691203 - samples/sec: 113.10 - lr: 0.003125
2022-05-23 19:04:36,725 epoch 38 - iter 50/107 - loss 0.04636675 - samples/sec: 129.33 - lr: 0.003125
2022-05-23 19:04:39,330 epoch 38 - iter 60/107 - loss 0.04455083 - samples/sec: 122.86 - lr: 0.003125
2022-05-23 19:04:42,049 epoch 38 - iter 70/107 - loss 0.04381083 - samples/sec: 117.74 - lr: 0.003125
2022-05-23 19:04:44,617 epoch 38 - iter 80/107 - loss 0.04358902 - samples/sec: 124.62 - lr: 0.003125
2022-05-23 19:04:46,731 epoch 38 - iter 90/107 - loss 0.04313717 - samples/sec: 151.45 - lr: 0.003125
2022-05-23 19:04:48,433 epoch 38 - iter 100/107 - loss 0.04283506 - samples/sec: 188.13 - lr: 0.003125
2022-05-23 19:04:49,499 ----------------------------------------------------------------------------------------------------
2022-05-23 19:04:49,499 EPOCH 38 done: loss 0.0431 - lr 0.003125
2022-05-23 19:04:55,675 Evaluating as a multi-label problem: False
2022-05-23 19:04:55,686 DEV : loss 0.19470036029815674 - f1-score (micro avg)  0.529
2022-05-23 19:04:55,774 BAD EPOCHS (no improvement): 1
2022-05-23 19:04:55,777 ----------------------------------------------------------------------------------------------------
2022-05-23 19:04:57,701 epoch 39 - iter 10/107 - loss 0.04040902 - samples/sec: 166.44 - lr: 0.003125
2022-05-23 19:04:59,510 epoch 39 - iter 20/107 - loss 0.04244317 - samples/sec: 177.03 - lr: 0.003125
2022-05-23 19:05:01,318 epoch 39 - iter 30/107 - loss 0.04093425 - samples/sec: 177.09 - lr: 0.003125
2022-05-23 19:05:03,098 epoch 39 - iter 40/107 - loss 0.03863565 - samples/sec: 179.89 - lr: 0.003125
2022-05-23 19:05:04,884 epoch 39 - iter 50/107 - loss 0.04012153 - samples/sec: 179.28 - lr: 0.003125
2022-05-23 19:05:06,678 epoch 39 - iter 60/107 - loss 0.03912738 - samples/sec: 178.40 - lr: 0.003125
2022-05-23 19:05:08,524 epoch 39 - iter 70/107 - loss 0.03969907 - samples/sec: 173.44 - lr: 0.003125
2022-05-23 19:05:10,348 epoch 39 - iter 80/107 - loss 0.04003336 - samples/sec: 175.58 - lr: 0.003125
2022-05-23 19:05:12,210 epoch 39 - iter 90/107 - loss 0.03964450 - samples/sec: 171.94 - lr: 0.003125
2022-05-23 19:05:14,075 epoch 39 - iter 100/107 - loss 0.04068026 - samples/sec: 171.61 - lr: 0.003125
2022-05-23 19:05:15,118 ----------------------------------------------------------------------------------------------------
2022-05-23 19:05:15,118 EPOCH 39 done: loss 0.0414 - lr 0.003125
2022-05-23 19:05:23,596 Evaluating as a multi-label problem: False
2022-05-23 19:05:23,606 DEV : loss 0.18791477382183075 - f1-score (micro avg)  0.539
2022-05-23 19:05:23,693 BAD EPOCHS (no improvement): 2
2022-05-23 19:05:23,695 ----------------------------------------------------------------------------------------------------
2022-05-23 19:05:26,570 epoch 40 - iter 10/107 - loss 0.04559471 - samples/sec: 111.35 - lr: 0.003125
2022-05-23 19:05:29,728 epoch 40 - iter 20/107 - loss 0.04417337 - samples/sec: 101.38 - lr: 0.003125
2022-05-23 19:05:32,476 epoch 40 - iter 30/107 - loss 0.04299288 - samples/sec: 116.46 - lr: 0.003125
2022-05-23 19:05:35,509 epoch 40 - iter 40/107 - loss 0.04326406 - samples/sec: 105.55 - lr: 0.003125
2022-05-23 19:05:38,253 epoch 40 - iter 50/107 - loss 0.04405247 - samples/sec: 116.68 - lr: 0.003125
2022-05-23 19:05:41,173 epoch 40 - iter 60/107 - loss 0.04288881 - samples/sec: 109.60 - lr: 0.003125
2022-05-23 19:05:44,033 epoch 40 - iter 70/107 - loss 0.04194041 - samples/sec: 111.94 - lr: 0.003125
2022-05-23 19:05:47,072 epoch 40 - iter 80/107 - loss 0.04066367 - samples/sec: 105.34 - lr: 0.003125
2022-05-23 19:05:50,099 epoch 40 - iter 90/107 - loss 0.04072800 - samples/sec: 105.73 - lr: 0.003125
2022-05-23 19:05:53,039 epoch 40 - iter 100/107 - loss 0.04086210 - samples/sec: 108.88 - lr: 0.003125
2022-05-23 19:05:54,718 ----------------------------------------------------------------------------------------------------
2022-05-23 19:05:54,719 EPOCH 40 done: loss 0.0405 - lr 0.003125
2022-05-23 19:06:03,015 Evaluating as a multi-label problem: False
2022-05-23 19:06:03,026 DEV : loss 0.19581373035907745 - f1-score (micro avg)  0.5326
2022-05-23 19:06:03,114 BAD EPOCHS (no improvement): 3
2022-05-23 19:06:03,117 ----------------------------------------------------------------------------------------------------
2022-05-23 19:06:05,747 epoch 41 - iter 10/107 - loss 0.02939239 - samples/sec: 121.74 - lr: 0.003125
2022-05-23 19:06:08,682 epoch 41 - iter 20/107 - loss 0.03440526 - samples/sec: 109.05 - lr: 0.003125
2022-05-23 19:06:11,724 epoch 41 - iter 30/107 - loss 0.03471149 - samples/sec: 105.25 - lr: 0.003125
2022-05-23 19:06:14,614 epoch 41 - iter 40/107 - loss 0.03833476 - samples/sec: 110.76 - lr: 0.003125
2022-05-23 19:06:17,617 epoch 41 - iter 50/107 - loss 0.03934379 - samples/sec: 106.61 - lr: 0.003125
2022-05-23 19:06:20,452 epoch 41 - iter 60/107 - loss 0.03877017 - samples/sec: 112.90 - lr: 0.003125
2022-05-23 19:06:23,401 epoch 41 - iter 70/107 - loss 0.03925096 - samples/sec: 108.54 - lr: 0.003125
2022-05-23 19:06:26,621 epoch 41 - iter 80/107 - loss 0.03834761 - samples/sec: 99.41 - lr: 0.003125
2022-05-23 19:06:29,573 epoch 41 - iter 90/107 - loss 0.03848677 - samples/sec: 108.42 - lr: 0.003125
2022-05-23 19:06:32,391 epoch 41 - iter 100/107 - loss 0.03825730 - samples/sec: 113.59 - lr: 0.003125
2022-05-23 19:06:34,247 ----------------------------------------------------------------------------------------------------
2022-05-23 19:06:34,248 EPOCH 41 done: loss 0.0385 - lr 0.003125
2022-05-23 19:06:43,283 Evaluating as a multi-label problem: False
2022-05-23 19:06:43,294 DEV : loss 0.19505135715007782 - f1-score (micro avg)  0.5332
2022-05-23 19:06:43,382 Epoch    41: reducing learning rate of group 0 to 1.5625e-03.
2022-05-23 19:06:43,382 BAD EPOCHS (no improvement): 4
2022-05-23 19:06:43,414 ----------------------------------------------------------------------------------------------------
2022-05-23 19:06:46,041 epoch 42 - iter 10/107 - loss 0.04026941 - samples/sec: 121.89 - lr: 0.001563
2022-05-23 19:06:48,665 epoch 42 - iter 20/107 - loss 0.03825045 - samples/sec: 122.00 - lr: 0.001563
2022-05-23 19:06:51,517 epoch 42 - iter 30/107 - loss 0.03833749 - samples/sec: 112.21 - lr: 0.001563
2022-05-23 19:06:54,600 epoch 42 - iter 40/107 - loss 0.03890931 - samples/sec: 103.84 - lr: 0.001563
2022-05-23 19:06:57,293 epoch 42 - iter 50/107 - loss 0.03845209 - samples/sec: 118.87 - lr: 0.001563
2022-05-23 19:07:00,250 epoch 42 - iter 60/107 - loss 0.03871795 - samples/sec: 108.25 - lr: 0.001563
2022-05-23 19:07:03,247 epoch 42 - iter 70/107 - loss 0.04141407 - samples/sec: 106.82 - lr: 0.001563
2022-05-23 19:07:06,087 epoch 42 - iter 80/107 - loss 0.04061731 - samples/sec: 112.69 - lr: 0.001563
2022-05-23 19:07:09,157 epoch 42 - iter 90/107 - loss 0.04076130 - samples/sec: 104.29 - lr: 0.001563
2022-05-23 19:07:12,208 epoch 42 - iter 100/107 - loss 0.04085214 - samples/sec: 104.90 - lr: 0.001563
2022-05-23 19:07:14,145 ----------------------------------------------------------------------------------------------------
2022-05-23 19:07:14,145 EPOCH 42 done: loss 0.0409 - lr 0.001563
2022-05-23 19:07:22,675 Evaluating as a multi-label problem: False
2022-05-23 19:07:22,685 DEV : loss 0.19358251988887787 - f1-score (micro avg)  0.532
2022-05-23 19:07:22,771 BAD EPOCHS (no improvement): 1
2022-05-23 19:07:22,774 ----------------------------------------------------------------------------------------------------
2022-05-23 19:07:25,518 epoch 43 - iter 10/107 - loss 0.04156274 - samples/sec: 116.69 - lr: 0.001563
2022-05-23 19:07:28,511 epoch 43 - iter 20/107 - loss 0.04313116 - samples/sec: 106.94 - lr: 0.001563
2022-05-23 19:07:31,244 epoch 43 - iter 30/107 - loss 0.04180310 - samples/sec: 117.13 - lr: 0.001563
2022-05-23 19:07:34,167 epoch 43 - iter 40/107 - loss 0.04157552 - samples/sec: 109.54 - lr: 0.001563
2022-05-23 19:07:37,023 epoch 43 - iter 50/107 - loss 0.04185880 - samples/sec: 112.08 - lr: 0.001563
2022-05-23 19:07:39,800 epoch 43 - iter 60/107 - loss 0.04243857 - samples/sec: 115.28 - lr: 0.001563
2022-05-23 19:07:42,489 epoch 43 - iter 70/107 - loss 0.04242484 - samples/sec: 119.05 - lr: 0.001563
2022-05-23 19:07:45,229 epoch 43 - iter 80/107 - loss 0.04214733 - samples/sec: 116.80 - lr: 0.001563
2022-05-23 19:07:48,100 epoch 43 - iter 90/107 - loss 0.04160133 - samples/sec: 111.50 - lr: 0.001563
2022-05-23 19:07:51,103 epoch 43 - iter 100/107 - loss 0.04128902 - samples/sec: 106.59 - lr: 0.001563
2022-05-23 19:07:53,094 ----------------------------------------------------------------------------------------------------
2022-05-23 19:07:53,094 EPOCH 43 done: loss 0.0414 - lr 0.001563
2022-05-23 19:08:02,329 Evaluating as a multi-label problem: False
2022-05-23 19:08:02,340 DEV : loss 0.193593367934227 - f1-score (micro avg)  0.5351
2022-05-23 19:08:02,426 BAD EPOCHS (no improvement): 2
2022-05-23 19:08:02,429 ----------------------------------------------------------------------------------------------------
2022-05-23 19:08:05,339 epoch 44 - iter 10/107 - loss 0.04619544 - samples/sec: 110.00 - lr: 0.001563
2022-05-23 19:08:08,429 epoch 44 - iter 20/107 - loss 0.04420669 - samples/sec: 103.60 - lr: 0.001563
2022-05-23 19:08:11,426 epoch 44 - iter 30/107 - loss 0.04171882 - samples/sec: 106.83 - lr: 0.001563
2022-05-23 19:08:14,283 epoch 44 - iter 40/107 - loss 0.04141711 - samples/sec: 112.04 - lr: 0.001563
2022-05-23 19:08:17,362 epoch 44 - iter 50/107 - loss 0.04412016 - samples/sec: 103.94 - lr: 0.001563
2022-05-23 19:08:20,252 epoch 44 - iter 60/107 - loss 0.04389748 - samples/sec: 110.76 - lr: 0.001563
2022-05-23 19:08:23,030 epoch 44 - iter 70/107 - loss 0.04314030 - samples/sec: 115.24 - lr: 0.001563
2022-05-23 19:08:25,986 epoch 44 - iter 80/107 - loss 0.04202420 - samples/sec: 108.32 - lr: 0.001563
2022-05-23 19:08:28,904 epoch 44 - iter 90/107 - loss 0.04101449 - samples/sec: 109.70 - lr: 0.001563
2022-05-23 19:08:31,431 epoch 44 - iter 100/107 - loss 0.04064163 - samples/sec: 126.66 - lr: 0.001563
2022-05-23 19:08:33,228 ----------------------------------------------------------------------------------------------------
2022-05-23 19:08:33,228 EPOCH 44 done: loss 0.0404 - lr 0.001563
2022-05-23 19:08:41,582 Evaluating as a multi-label problem: False
2022-05-23 19:08:41,593 DEV : loss 0.19471320509910583 - f1-score (micro avg)  0.5332
2022-05-23 19:08:41,680 BAD EPOCHS (no improvement): 3
2022-05-23 19:08:41,693 ----------------------------------------------------------------------------------------------------
2022-05-23 19:08:44,764 epoch 45 - iter 10/107 - loss 0.04053593 - samples/sec: 104.22 - lr: 0.001563
2022-05-23 19:08:47,826 epoch 45 - iter 20/107 - loss 0.03858567 - samples/sec: 104.56 - lr: 0.001563
2022-05-23 19:08:50,754 epoch 45 - iter 30/107 - loss 0.03917986 - samples/sec: 109.32 - lr: 0.001563
2022-05-23 19:08:53,895 epoch 45 - iter 40/107 - loss 0.03871063 - samples/sec: 101.91 - lr: 0.001563
2022-05-23 19:08:56,887 epoch 45 - iter 50/107 - loss 0.03954400 - samples/sec: 106.98 - lr: 0.001563
2022-05-23 19:08:59,769 epoch 45 - iter 60/107 - loss 0.03985965 - samples/sec: 111.09 - lr: 0.001563
2022-05-23 19:09:02,671 epoch 45 - iter 70/107 - loss 0.04001885 - samples/sec: 110.29 - lr: 0.001563
2022-05-23 19:09:05,739 epoch 45 - iter 80/107 - loss 0.04087851 - samples/sec: 104.33 - lr: 0.001563
2022-05-23 19:09:08,641 epoch 45 - iter 90/107 - loss 0.04116120 - samples/sec: 110.30 - lr: 0.001563
2022-05-23 19:09:11,516 epoch 45 - iter 100/107 - loss 0.04066259 - samples/sec: 111.34 - lr: 0.001563
2022-05-23 19:09:13,339 ----------------------------------------------------------------------------------------------------
2022-05-23 19:09:13,340 EPOCH 45 done: loss 0.0404 - lr 0.001563
2022-05-23 19:09:21,612 Evaluating as a multi-label problem: False
2022-05-23 19:09:21,623 DEV : loss 0.19463497400283813 - f1-score (micro avg)  0.5328
2022-05-23 19:09:21,711 Epoch    45: reducing learning rate of group 0 to 7.8125e-04.
2022-05-23 19:09:21,711 BAD EPOCHS (no improvement): 4
2022-05-23 19:09:21,714 ----------------------------------------------------------------------------------------------------
2022-05-23 19:09:24,482 epoch 46 - iter 10/107 - loss 0.03471186 - samples/sec: 115.64 - lr: 0.000781
2022-05-23 19:09:27,224 epoch 46 - iter 20/107 - loss 0.03417246 - samples/sec: 116.74 - lr: 0.000781
2022-05-23 19:09:29,890 epoch 46 - iter 30/107 - loss 0.03510641 - samples/sec: 120.10 - lr: 0.000781
2022-05-23 19:09:32,796 epoch 46 - iter 40/107 - loss 0.03756009 - samples/sec: 110.15 - lr: 0.000781
2022-05-23 19:09:35,663 epoch 46 - iter 50/107 - loss 0.03913290 - samples/sec: 111.64 - lr: 0.000781
2022-05-23 19:09:38,602 epoch 46 - iter 60/107 - loss 0.03940822 - samples/sec: 108.91 - lr: 0.000781
2022-05-23 19:09:41,753 epoch 46 - iter 70/107 - loss 0.03904843 - samples/sec: 101.58 - lr: 0.000781
2022-05-23 19:09:44,802 epoch 46 - iter 80/107 - loss 0.03922888 - samples/sec: 105.01 - lr: 0.000781
2022-05-23 19:09:47,734 epoch 46 - iter 90/107 - loss 0.03948774 - samples/sec: 109.15 - lr: 0.000781
2022-05-23 19:09:50,509 epoch 46 - iter 100/107 - loss 0.04040728 - samples/sec: 115.37 - lr: 0.000781
2022-05-23 19:09:52,345 ----------------------------------------------------------------------------------------------------
2022-05-23 19:09:52,345 EPOCH 46 done: loss 0.0406 - lr 0.000781
2022-05-23 19:10:01,084 Evaluating as a multi-label problem: False
2022-05-23 19:10:01,095 DEV : loss 0.19282756745815277 - f1-score (micro avg)  0.5345
2022-05-23 19:10:01,182 BAD EPOCHS (no improvement): 1
2022-05-23 19:10:01,184 ----------------------------------------------------------------------------------------------------
2022-05-23 19:10:08,826 epoch 47 - iter 10/107 - loss 0.04465136 - samples/sec: 41.89 - lr: 0.000781
2022-05-23 19:10:11,408 epoch 47 - iter 20/107 - loss 0.03935819 - samples/sec: 123.95 - lr: 0.000781
2022-05-23 19:10:14,122 epoch 47 - iter 30/107 - loss 0.03989991 - samples/sec: 117.95 - lr: 0.000781
2022-05-23 19:10:16,954 epoch 47 - iter 40/107 - loss 0.04097640 - samples/sec: 113.05 - lr: 0.000781
2022-05-23 19:10:20,091 epoch 47 - iter 50/107 - loss 0.04028119 - samples/sec: 102.03 - lr: 0.000781
2022-05-23 19:10:23,074 epoch 47 - iter 60/107 - loss 0.03942214 - samples/sec: 107.29 - lr: 0.000781
2022-05-23 19:10:26,110 epoch 47 - iter 70/107 - loss 0.03869224 - samples/sec: 105.45 - lr: 0.000781
2022-05-23 19:10:29,156 epoch 47 - iter 80/107 - loss 0.03960828 - samples/sec: 105.09 - lr: 0.000781
2022-05-23 19:10:31,955 epoch 47 - iter 90/107 - loss 0.04040237 - samples/sec: 114.37 - lr: 0.000781
2022-05-23 19:10:35,000 epoch 47 - iter 100/107 - loss 0.03969945 - samples/sec: 105.10 - lr: 0.000781
2022-05-23 19:10:36,815 ----------------------------------------------------------------------------------------------------
2022-05-23 19:10:36,816 EPOCH 47 done: loss 0.0397 - lr 0.000781
2022-05-23 19:10:45,642 Evaluating as a multi-label problem: False
2022-05-23 19:10:45,652 DEV : loss 0.19461549818515778 - f1-score (micro avg)  0.5328
2022-05-23 19:10:45,741 BAD EPOCHS (no improvement): 2
2022-05-23 19:10:45,743 ----------------------------------------------------------------------------------------------------
2022-05-23 19:10:48,906 epoch 48 - iter 10/107 - loss 0.04010187 - samples/sec: 101.20 - lr: 0.000781
2022-05-23 19:10:51,700 epoch 48 - iter 20/107 - loss 0.04189975 - samples/sec: 114.56 - lr: 0.000781
2022-05-23 19:10:54,613 epoch 48 - iter 30/107 - loss 0.04188671 - samples/sec: 109.91 - lr: 0.000781
2022-05-23 19:10:57,251 epoch 48 - iter 40/107 - loss 0.03950574 - samples/sec: 121.35 - lr: 0.000781
2022-05-23 19:10:59,876 epoch 48 - iter 50/107 - loss 0.04444979 - samples/sec: 121.96 - lr: 0.000781
2022-05-23 19:11:02,763 epoch 48 - iter 60/107 - loss 0.04329820 - samples/sec: 110.86 - lr: 0.000781
2022-05-23 19:11:05,455 epoch 48 - iter 70/107 - loss 0.04218140 - samples/sec: 118.91 - lr: 0.000781
2022-05-23 19:11:07,731 epoch 48 - iter 80/107 - loss 0.04197234 - samples/sec: 140.68 - lr: 0.000781
2022-05-23 19:11:09,422 epoch 48 - iter 90/107 - loss 0.04131392 - samples/sec: 189.33 - lr: 0.000781
2022-05-23 19:11:11,311 epoch 48 - iter 100/107 - loss 0.04072415 - samples/sec: 169.47 - lr: 0.000781
2022-05-23 19:11:12,444 ----------------------------------------------------------------------------------------------------
2022-05-23 19:11:12,444 EPOCH 48 done: loss 0.0404 - lr 0.000781
2022-05-23 19:11:18,665 Evaluating as a multi-label problem: False
2022-05-23 19:11:18,676 DEV : loss 0.19502142071723938 - f1-score (micro avg)  0.5336
2022-05-23 19:11:18,764 BAD EPOCHS (no improvement): 3
2022-05-23 19:11:18,767 ----------------------------------------------------------------------------------------------------
2022-05-23 19:11:20,752 epoch 49 - iter 10/107 - loss 0.04640198 - samples/sec: 161.26 - lr: 0.000781
2022-05-23 19:11:22,536 epoch 49 - iter 20/107 - loss 0.04163669 - samples/sec: 179.55 - lr: 0.000781
2022-05-23 19:11:24,342 epoch 49 - iter 30/107 - loss 0.04383838 - samples/sec: 177.25 - lr: 0.000781
2022-05-23 19:11:26,088 epoch 49 - iter 40/107 - loss 0.04224595 - samples/sec: 183.36 - lr: 0.000781
2022-05-23 19:11:27,942 epoch 49 - iter 50/107 - loss 0.04018049 - samples/sec: 172.68 - lr: 0.000781
2022-05-23 19:11:29,698 epoch 49 - iter 60/107 - loss 0.04189312 - samples/sec: 182.28 - lr: 0.000781
2022-05-23 19:11:31,485 epoch 49 - iter 70/107 - loss 0.04028122 - samples/sec: 179.22 - lr: 0.000781
2022-05-23 19:11:33,258 epoch 49 - iter 80/107 - loss 0.04001690 - samples/sec: 180.60 - lr: 0.000781
2022-05-23 19:11:35,138 epoch 49 - iter 90/107 - loss 0.03965154 - samples/sec: 170.25 - lr: 0.000781
2022-05-23 19:11:36,923 epoch 49 - iter 100/107 - loss 0.03953522 - samples/sec: 179.36 - lr: 0.000781
2022-05-23 19:11:38,538 ----------------------------------------------------------------------------------------------------
2022-05-23 19:11:38,539 EPOCH 49 done: loss 0.0393 - lr 0.000781
2022-05-23 19:11:47,475 Evaluating as a multi-label problem: False
2022-05-23 19:11:47,486 DEV : loss 0.1944921761751175 - f1-score (micro avg)  0.5328
2022-05-23 19:11:47,576 Epoch    49: reducing learning rate of group 0 to 3.9063e-04.
2022-05-23 19:11:47,576 BAD EPOCHS (no improvement): 4
2022-05-23 19:11:47,578 ----------------------------------------------------------------------------------------------------
2022-05-23 19:11:50,406 epoch 50 - iter 10/107 - loss 0.04088165 - samples/sec: 113.20 - lr: 0.000391
2022-05-23 19:11:53,434 epoch 50 - iter 20/107 - loss 0.04015990 - samples/sec: 105.72 - lr: 0.000391
2022-05-23 19:11:56,340 epoch 50 - iter 30/107 - loss 0.04128098 - samples/sec: 110.15 - lr: 0.000391
2022-05-23 19:11:59,480 epoch 50 - iter 40/107 - loss 0.04173891 - samples/sec: 101.94 - lr: 0.000391
2022-05-23 19:12:02,475 epoch 50 - iter 50/107 - loss 0.03956222 - samples/sec: 106.89 - lr: 0.000391
2022-05-23 19:12:05,567 epoch 50 - iter 60/107 - loss 0.03836926 - samples/sec: 103.53 - lr: 0.000391
2022-05-23 19:12:08,421 epoch 50 - iter 70/107 - loss 0.03781679 - samples/sec: 112.14 - lr: 0.000391
2022-05-23 19:12:11,259 epoch 50 - iter 80/107 - loss 0.03714621 - samples/sec: 112.80 - lr: 0.000391
2022-05-23 19:12:14,208 epoch 50 - iter 90/107 - loss 0.03841475 - samples/sec: 108.54 - lr: 0.000391
2022-05-23 19:12:17,013 epoch 50 - iter 100/107 - loss 0.03883199 - samples/sec: 114.11 - lr: 0.000391
2022-05-23 19:12:18,701 ----------------------------------------------------------------------------------------------------
2022-05-23 19:12:18,701 EPOCH 50 done: loss 0.0392 - lr 0.000391
2022-05-23 19:12:26,673 Evaluating as a multi-label problem: False
2022-05-23 19:12:26,684 DEV : loss 0.19498129189014435 - f1-score (micro avg)  0.5328
2022-05-23 19:12:26,770 BAD EPOCHS (no improvement): 1
2022-05-23 19:12:26,773 ----------------------------------------------------------------------------------------------------
2022-05-23 19:12:29,738 epoch 51 - iter 10/107 - loss 0.04306804 - samples/sec: 107.97 - lr: 0.000391
2022-05-23 19:12:32,591 epoch 51 - iter 20/107 - loss 0.04306912 - samples/sec: 112.18 - lr: 0.000391
2022-05-23 19:12:35,444 epoch 51 - iter 30/107 - loss 0.04403650 - samples/sec: 112.21 - lr: 0.000391
2022-05-23 19:12:38,300 epoch 51 - iter 40/107 - loss 0.04465027 - samples/sec: 112.08 - lr: 0.000391
2022-05-23 19:12:41,266 epoch 51 - iter 50/107 - loss 0.04285890 - samples/sec: 107.93 - lr: 0.000391
2022-05-23 19:12:44,310 epoch 51 - iter 60/107 - loss 0.04060851 - samples/sec: 105.15 - lr: 0.000391
2022-05-23 19:12:47,197 epoch 51 - iter 70/107 - loss 0.03995759 - samples/sec: 110.89 - lr: 0.000391
2022-05-23 19:12:50,195 epoch 51 - iter 80/107 - loss 0.04019161 - samples/sec: 106.79 - lr: 0.000391
2022-05-23 19:12:53,071 epoch 51 - iter 90/107 - loss 0.03974705 - samples/sec: 111.30 - lr: 0.000391
2022-05-23 19:12:56,016 epoch 51 - iter 100/107 - loss 0.04004182 - samples/sec: 108.70 - lr: 0.000391
2022-05-23 19:12:57,902 ----------------------------------------------------------------------------------------------------
2022-05-23 19:12:57,902 EPOCH 51 done: loss 0.0395 - lr 0.000391
2022-05-23 19:13:06,670 Evaluating as a multi-label problem: False
2022-05-23 19:13:06,682 DEV : loss 0.19479021430015564 - f1-score (micro avg)  0.532
2022-05-23 19:13:06,770 BAD EPOCHS (no improvement): 2
2022-05-23 19:13:06,773 ----------------------------------------------------------------------------------------------------
2022-05-23 19:13:09,476 epoch 52 - iter 10/107 - loss 0.03883473 - samples/sec: 118.44 - lr: 0.000391
2022-05-23 19:13:12,223 epoch 52 - iter 20/107 - loss 0.04112063 - samples/sec: 116.50 - lr: 0.000391
2022-05-23 19:13:14,951 epoch 52 - iter 30/107 - loss 0.04207480 - samples/sec: 117.37 - lr: 0.000391
2022-05-23 19:13:17,636 epoch 52 - iter 40/107 - loss 0.04183929 - samples/sec: 119.23 - lr: 0.000391
2022-05-23 19:13:20,633 epoch 52 - iter 50/107 - loss 0.04084283 - samples/sec: 106.78 - lr: 0.000391
2022-05-23 19:13:23,519 epoch 52 - iter 60/107 - loss 0.03940407 - samples/sec: 110.91 - lr: 0.000391
2022-05-23 19:13:26,454 epoch 52 - iter 70/107 - loss 0.03912795 - samples/sec: 109.06 - lr: 0.000391
2022-05-23 19:13:29,380 epoch 52 - iter 80/107 - loss 0.03945089 - samples/sec: 109.43 - lr: 0.000391
2022-05-23 19:13:32,448 epoch 52 - iter 90/107 - loss 0.04044617 - samples/sec: 104.33 - lr: 0.000391
2022-05-23 19:13:35,355 epoch 52 - iter 100/107 - loss 0.04023657 - samples/sec: 110.13 - lr: 0.000391
2022-05-23 19:13:37,115 ----------------------------------------------------------------------------------------------------
2022-05-23 19:13:37,115 EPOCH 52 done: loss 0.0407 - lr 0.000391
2022-05-23 19:13:45,632 Evaluating as a multi-label problem: False
2022-05-23 19:13:45,644 DEV : loss 0.19457782804965973 - f1-score (micro avg)  0.5344
2022-05-23 19:13:45,732 BAD EPOCHS (no improvement): 3
2022-05-23 19:13:45,749 ----------------------------------------------------------------------------------------------------
2022-05-23 19:13:48,609 epoch 53 - iter 10/107 - loss 0.03401729 - samples/sec: 111.94 - lr: 0.000391
2022-05-23 19:13:51,668 epoch 53 - iter 20/107 - loss 0.03462889 - samples/sec: 104.65 - lr: 0.000391
2022-05-23 19:13:54,401 epoch 53 - iter 30/107 - loss 0.03711782 - samples/sec: 117.13 - lr: 0.000391
2022-05-23 19:13:57,275 epoch 53 - iter 40/107 - loss 0.03745821 - samples/sec: 111.39 - lr: 0.000391
2022-05-23 19:13:59,811 epoch 53 - iter 50/107 - loss 0.03921358 - samples/sec: 126.22 - lr: 0.000391
2022-05-23 19:14:02,545 epoch 53 - iter 60/107 - loss 0.04044192 - samples/sec: 117.07 - lr: 0.000391
2022-05-23 19:14:05,237 epoch 53 - iter 70/107 - loss 0.03951820 - samples/sec: 118.95 - lr: 0.000391
2022-05-23 19:14:08,013 epoch 53 - iter 80/107 - loss 0.03998252 - samples/sec: 115.27 - lr: 0.000391
2022-05-23 19:14:11,037 epoch 53 - iter 90/107 - loss 0.03949867 - samples/sec: 105.85 - lr: 0.000391
2022-05-23 19:14:13,908 epoch 53 - iter 100/107 - loss 0.03963714 - samples/sec: 111.51 - lr: 0.000391
2022-05-23 19:14:15,800 ----------------------------------------------------------------------------------------------------
2022-05-23 19:14:15,800 EPOCH 53 done: loss 0.0399 - lr 0.000391
2022-05-23 19:14:24,766 Evaluating as a multi-label problem: False
2022-05-23 19:14:24,779 DEV : loss 0.19481489062309265 - f1-score (micro avg)  0.5339
2022-05-23 19:14:24,867 Epoch    53: reducing learning rate of group 0 to 1.9531e-04.
2022-05-23 19:14:24,868 BAD EPOCHS (no improvement): 4
2022-05-23 19:14:24,870 ----------------------------------------------------------------------------------------------------
2022-05-23 19:14:27,680 epoch 54 - iter 10/107 - loss 0.03940108 - samples/sec: 113.95 - lr: 0.000195
2022-05-23 19:14:30,548 epoch 54 - iter 20/107 - loss 0.03709556 - samples/sec: 111.64 - lr: 0.000195
2022-05-23 19:14:33,612 epoch 54 - iter 30/107 - loss 0.03541136 - samples/sec: 104.46 - lr: 0.000195
2022-05-23 19:14:36,438 epoch 54 - iter 40/107 - loss 0.03518093 - samples/sec: 113.27 - lr: 0.000195
2022-05-23 19:14:39,517 epoch 54 - iter 50/107 - loss 0.03562246 - samples/sec: 103.96 - lr: 0.000195
2022-05-23 19:14:42,479 epoch 54 - iter 60/107 - loss 0.03633434 - samples/sec: 108.05 - lr: 0.000195
2022-05-23 19:14:45,117 epoch 54 - iter 70/107 - loss 0.03747015 - samples/sec: 121.35 - lr: 0.000195
2022-05-23 19:14:46,821 epoch 54 - iter 80/107 - loss 0.03752488 - samples/sec: 187.91 - lr: 0.000195
2022-05-23 19:14:49,150 epoch 54 - iter 90/107 - loss 0.03866526 - samples/sec: 137.45 - lr: 0.000195
2022-05-23 19:14:52,076 epoch 54 - iter 100/107 - loss 0.03835448 - samples/sec: 109.40 - lr: 0.000195
2022-05-23 19:14:53,732 ----------------------------------------------------------------------------------------------------
2022-05-23 19:14:53,733 EPOCH 54 done: loss 0.0391 - lr 0.000195
2022-05-23 19:15:02,091 Evaluating as a multi-label problem: False
2022-05-23 19:15:02,102 DEV : loss 0.1945115178823471 - f1-score (micro avg)  0.5351
2022-05-23 19:15:02,192 BAD EPOCHS (no improvement): 1
2022-05-23 19:15:02,194 ----------------------------------------------------------------------------------------------------
2022-05-23 19:15:05,071 epoch 55 - iter 10/107 - loss 0.03759937 - samples/sec: 111.28 - lr: 0.000195
2022-05-23 19:15:07,922 epoch 55 - iter 20/107 - loss 0.03863426 - samples/sec: 112.29 - lr: 0.000195
2022-05-23 19:15:10,873 epoch 55 - iter 30/107 - loss 0.03834144 - samples/sec: 108.46 - lr: 0.000195
2022-05-23 19:15:13,531 epoch 55 - iter 40/107 - loss 0.03843977 - samples/sec: 120.42 - lr: 0.000195
2022-05-23 19:15:16,564 epoch 55 - iter 50/107 - loss 0.03734964 - samples/sec: 105.53 - lr: 0.000195
2022-05-23 19:15:19,669 epoch 55 - iter 60/107 - loss 0.03814589 - samples/sec: 103.12 - lr: 0.000195
2022-05-23 19:15:22,598 epoch 55 - iter 70/107 - loss 0.03861754 - samples/sec: 109.29 - lr: 0.000195
2022-05-23 19:15:25,546 epoch 55 - iter 80/107 - loss 0.03841831 - samples/sec: 108.59 - lr: 0.000195
2022-05-23 19:15:28,569 epoch 55 - iter 90/107 - loss 0.03867755 - samples/sec: 105.89 - lr: 0.000195
2022-05-23 19:15:31,531 epoch 55 - iter 100/107 - loss 0.03931236 - samples/sec: 108.06 - lr: 0.000195
2022-05-23 19:15:33,404 ----------------------------------------------------------------------------------------------------
2022-05-23 19:15:33,404 EPOCH 55 done: loss 0.0397 - lr 0.000195
2022-05-23 19:15:41,840 Evaluating as a multi-label problem: False
2022-05-23 19:15:41,851 DEV : loss 0.19461511075496674 - f1-score (micro avg)  0.5339
2022-05-23 19:15:41,939 BAD EPOCHS (no improvement): 2
2022-05-23 19:15:41,941 ----------------------------------------------------------------------------------------------------
2022-05-23 19:15:44,662 epoch 56 - iter 10/107 - loss 0.03765097 - samples/sec: 117.64 - lr: 0.000195
2022-05-23 19:15:47,306 epoch 56 - iter 20/107 - loss 0.03989661 - samples/sec: 121.09 - lr: 0.000195
2022-05-23 19:15:50,141 epoch 56 - iter 30/107 - loss 0.04049406 - samples/sec: 112.91 - lr: 0.000195
2022-05-23 19:15:53,037 epoch 56 - iter 40/107 - loss 0.03907397 - samples/sec: 110.54 - lr: 0.000195
2022-05-23 19:15:56,093 epoch 56 - iter 50/107 - loss 0.03986738 - samples/sec: 104.75 - lr: 0.000195
2022-05-23 19:15:59,282 epoch 56 - iter 60/107 - loss 0.04068212 - samples/sec: 100.36 - lr: 0.000195
2022-05-23 19:16:02,051 epoch 56 - iter 70/107 - loss 0.04028545 - samples/sec: 115.62 - lr: 0.000195
2022-05-23 19:16:04,886 epoch 56 - iter 80/107 - loss 0.04019143 - samples/sec: 112.91 - lr: 0.000195
2022-05-23 19:16:07,839 epoch 56 - iter 90/107 - loss 0.03966654 - samples/sec: 108.40 - lr: 0.000195
2022-05-23 19:16:10,809 epoch 56 - iter 100/107 - loss 0.03960187 - samples/sec: 107.76 - lr: 0.000195
2022-05-23 19:16:12,755 ----------------------------------------------------------------------------------------------------
2022-05-23 19:16:12,755 EPOCH 56 done: loss 0.0395 - lr 0.000195
2022-05-23 19:16:21,718 Evaluating as a multi-label problem: False
2022-05-23 19:16:21,729 DEV : loss 0.19443750381469727 - f1-score (micro avg)  0.5331
2022-05-23 19:16:21,818 BAD EPOCHS (no improvement): 3
2022-05-23 19:16:21,820 ----------------------------------------------------------------------------------------------------
2022-05-23 19:16:24,749 epoch 57 - iter 10/107 - loss 0.04278525 - samples/sec: 109.32 - lr: 0.000195
2022-05-23 19:16:27,919 epoch 57 - iter 20/107 - loss 0.03890944 - samples/sec: 100.98 - lr: 0.000195
2022-05-23 19:16:30,926 epoch 57 - iter 30/107 - loss 0.03879596 - samples/sec: 106.45 - lr: 0.000195
2022-05-23 19:16:33,783 epoch 57 - iter 40/107 - loss 0.03867214 - samples/sec: 112.05 - lr: 0.000195
2022-05-23 19:16:36,432 epoch 57 - iter 50/107 - loss 0.03823524 - samples/sec: 120.84 - lr: 0.000195
2022-05-23 19:16:39,149 epoch 57 - iter 60/107 - loss 0.03912258 - samples/sec: 117.80 - lr: 0.000195
2022-05-23 19:16:41,730 epoch 57 - iter 70/107 - loss 0.04063940 - samples/sec: 124.05 - lr: 0.000195
2022-05-23 19:16:44,693 epoch 57 - iter 80/107 - loss 0.03926260 - samples/sec: 108.02 - lr: 0.000195
2022-05-23 19:16:47,582 epoch 57 - iter 90/107 - loss 0.04015448 - samples/sec: 110.80 - lr: 0.000195
2022-05-23 19:16:50,709 epoch 57 - iter 100/107 - loss 0.03952073 - samples/sec: 102.39 - lr: 0.000195
2022-05-23 19:16:52,340 ----------------------------------------------------------------------------------------------------
2022-05-23 19:16:52,340 EPOCH 57 done: loss 0.0392 - lr 0.000195
2022-05-23 19:17:01,036 Evaluating as a multi-label problem: False
2022-05-23 19:17:01,046 DEV : loss 0.19466552138328552 - f1-score (micro avg)  0.5339
2022-05-23 19:17:01,133 Epoch    57: reducing learning rate of group 0 to 9.7656e-05.
2022-05-23 19:17:01,133 BAD EPOCHS (no improvement): 4
2022-05-23 19:17:01,148 ----------------------------------------------------------------------------------------------------
2022-05-23 19:17:01,148 ----------------------------------------------------------------------------------------------------
2022-05-23 19:17:01,148 learning rate too small - quitting training!
2022-05-23 19:17:01,148 ----------------------------------------------------------------------------------------------------
2022-05-23 19:18:07,041 ----------------------------------------------------------------------------------------------------
2022-05-23 19:18:07,041 loading file resources/taggers/model_07_r15_run_6/best-model.pt
2022-05-23 19:18:50,820 SequenceTagger predicts: Dictionary with 27 tags: O, S-person, B-person, E-person, I-person, S-location, B-location, E-location, I-location, S-group, B-group, E-group, I-group, S-corporation, B-corporation, E-corporation, I-corporation, S-product, B-product, E-product, I-product, S-creative-work, B-creative-work, E-creative-work, I-creative-work, <START>, <STOP>
2022-05-23 19:19:12,537 Evaluating as a multi-label problem: False
2022-05-23 19:19:12,550 0.6607	0.3411	0.4499	0.3056
2022-05-23 19:19:12,550 
Results:
- F-score (micro) 0.4499
- F-score (macro) 0.3559
- Accuracy 0.3056

By class:
               precision    recall  f1-score   support

       person     0.7684    0.4872    0.5963       429
     location     0.6612    0.5333    0.5904       150
        group     0.6111    0.2000    0.3014       165
creative-work     0.5000    0.1408    0.2198       142
      product     0.3448    0.0787    0.1282       127
  corporation     0.3902    0.2424    0.2991        66

    micro avg     0.6607    0.3411    0.4499      1079
    macro avg     0.5460    0.2804    0.3559      1079
 weighted avg     0.6211    0.3411    0.4275      1079

2022-05-23 19:19:12,550 ----------------------------------------------------------------------------------------------------
