2022-05-13 16:51:46,009 ----------------------------------------------------------------------------------------------------
2022-05-13 16:51:46,009 Model: "SequenceTagger(
  (embeddings): StackedEmbeddings(
    (list_embedding_0): GazetteerEmbeddings()
    (list_embedding_1): WordEmbeddings(
      'glove'
      (embedding): Embedding(400001, 100)
    )
    (list_embedding_2): FlairEmbeddings(
      (lm): LanguageModel(
        (drop): Dropout(p=0.05, inplace=False)
        (encoder): Embedding(300, 100)
        (rnn): LSTM(100, 2048)
        (decoder): Linear(in_features=2048, out_features=300, bias=True)
      )
    )
    (list_embedding_3): FlairEmbeddings(
      (lm): LanguageModel(
        (drop): Dropout(p=0.05, inplace=False)
        (encoder): Embedding(300, 100)
        (rnn): LSTM(100, 2048)
        (decoder): Linear(in_features=2048, out_features=300, bias=True)
      )
    )
  )
  (word_dropout): WordDropout(p=0.05)
  (locked_dropout): LockedDropout(p=0.5)
  (embedding2nn): Linear(in_features=5022, out_features=5022, bias=True)
  (rnn): LSTM(5022, 256, batch_first=True, bidirectional=True)
  (linear): Linear(in_features=512, out_features=27, bias=True)
  (loss_function): ViterbiLoss()
  (crf): CRF()
)"
2022-05-13 16:51:46,009 ----------------------------------------------------------------------------------------------------
2022-05-13 16:51:46,009 Corpus: "Corpus: 3394 train + 1009 dev + 1287 test sentences"
2022-05-13 16:51:46,009 ----------------------------------------------------------------------------------------------------
2022-05-13 16:51:46,009 Parameters:
2022-05-13 16:51:46,010  - learning_rate: "0.100000"
2022-05-13 16:51:46,010  - mini_batch_size: "32"
2022-05-13 16:51:46,010  - patience: "3"
2022-05-13 16:51:46,010  - anneal_factor: "0.5"
2022-05-13 16:51:46,010  - max_epochs: "150"
2022-05-13 16:51:46,010  - shuffle: "True"
2022-05-13 16:51:46,010  - train_with_dev: "False"
2022-05-13 16:51:46,010  - batch_growth_annealing: "False"
2022-05-13 16:51:46,010 ----------------------------------------------------------------------------------------------------
2022-05-13 16:51:46,010 Model training base path: "resources/taggers/model_06_r10_run_4"
2022-05-13 16:51:46,010 ----------------------------------------------------------------------------------------------------
2022-05-13 16:51:46,010 Device: cuda:1
2022-05-13 16:51:46,010 ----------------------------------------------------------------------------------------------------
2022-05-13 16:51:46,010 Embeddings storage mode: cpu
2022-05-13 16:51:46,010 ----------------------------------------------------------------------------------------------------
2022-05-13 16:51:50,328 epoch 1 - iter 10/107 - loss 0.99738646 - samples/sec: 74.12 - lr: 0.100000
2022-05-13 16:51:54,410 epoch 1 - iter 20/107 - loss 0.64545980 - samples/sec: 78.43 - lr: 0.100000
2022-05-13 16:51:58,738 epoch 1 - iter 30/107 - loss 0.52392065 - samples/sec: 73.95 - lr: 0.100000
2022-05-13 16:52:02,894 epoch 1 - iter 40/107 - loss 0.45682111 - samples/sec: 77.01 - lr: 0.100000
2022-05-13 16:52:06,730 epoch 1 - iter 50/107 - loss 0.40455893 - samples/sec: 83.44 - lr: 0.100000
2022-05-13 16:52:10,257 epoch 1 - iter 60/107 - loss 0.38427099 - samples/sec: 90.77 - lr: 0.100000
2022-05-13 16:52:14,059 epoch 1 - iter 70/107 - loss 0.36967705 - samples/sec: 84.18 - lr: 0.100000
2022-05-13 16:52:17,788 epoch 1 - iter 80/107 - loss 0.36174910 - samples/sec: 85.83 - lr: 0.100000
2022-05-13 16:52:21,179 epoch 1 - iter 90/107 - loss 0.35662314 - samples/sec: 94.41 - lr: 0.100000
2022-05-13 16:52:24,876 epoch 1 - iter 100/107 - loss 0.34977206 - samples/sec: 86.57 - lr: 0.100000
2022-05-13 16:52:26,945 ----------------------------------------------------------------------------------------------------
2022-05-13 16:52:26,946 EPOCH 1 done: loss 0.3433 - lr 0.100000
2022-05-13 16:52:38,652 Evaluating as a multi-label problem: False
2022-05-13 16:52:38,663 DEV : loss 0.4401329755783081 - f1-score (micro avg)  0.1557
2022-05-13 16:52:38,751 BAD EPOCHS (no improvement): 0
2022-05-13 16:52:38,754 saving best model
2022-05-13 16:53:14,122 ----------------------------------------------------------------------------------------------------
2022-05-13 16:53:17,988 epoch 2 - iter 10/107 - loss 0.22410478 - samples/sec: 82.81 - lr: 0.100000
2022-05-13 16:53:21,959 epoch 2 - iter 20/107 - loss 0.21256203 - samples/sec: 80.62 - lr: 0.100000
2022-05-13 16:53:25,855 epoch 2 - iter 30/107 - loss 0.19240557 - samples/sec: 82.14 - lr: 0.100000
2022-05-13 16:53:29,861 epoch 2 - iter 40/107 - loss 0.18976447 - samples/sec: 79.90 - lr: 0.100000
2022-05-13 16:53:33,744 epoch 2 - iter 50/107 - loss 0.19043534 - samples/sec: 82.44 - lr: 0.100000
2022-05-13 16:53:37,687 epoch 2 - iter 60/107 - loss 0.19559259 - samples/sec: 81.19 - lr: 0.100000
2022-05-13 16:53:41,202 epoch 2 - iter 70/107 - loss 0.19598292 - samples/sec: 91.06 - lr: 0.100000
2022-05-13 16:53:44,743 epoch 2 - iter 80/107 - loss 0.19681362 - samples/sec: 90.41 - lr: 0.100000
2022-05-13 16:53:48,457 epoch 2 - iter 90/107 - loss 0.19254881 - samples/sec: 86.18 - lr: 0.100000
2022-05-13 16:53:52,546 epoch 2 - iter 100/107 - loss 0.19150812 - samples/sec: 78.29 - lr: 0.100000
2022-05-13 16:53:54,958 ----------------------------------------------------------------------------------------------------
2022-05-13 16:53:54,958 EPOCH 2 done: loss 0.1884 - lr 0.100000
2022-05-13 16:54:06,789 Evaluating as a multi-label problem: False
2022-05-13 16:54:06,800 DEV : loss 0.3028500974178314 - f1-score (micro avg)  0.3969
2022-05-13 16:54:06,888 BAD EPOCHS (no improvement): 0
2022-05-13 16:54:06,890 saving best model
2022-05-13 16:54:42,180 ----------------------------------------------------------------------------------------------------
2022-05-13 16:54:46,307 epoch 3 - iter 10/107 - loss 0.17053432 - samples/sec: 77.59 - lr: 0.100000
2022-05-13 16:54:50,184 epoch 3 - iter 20/107 - loss 0.15676808 - samples/sec: 82.55 - lr: 0.100000
2022-05-13 16:54:54,034 epoch 3 - iter 30/107 - loss 0.15434608 - samples/sec: 83.15 - lr: 0.100000
2022-05-13 16:54:57,715 epoch 3 - iter 40/107 - loss 0.15641806 - samples/sec: 86.95 - lr: 0.100000
2022-05-13 16:55:01,178 epoch 3 - iter 50/107 - loss 0.15571486 - samples/sec: 92.43 - lr: 0.100000
2022-05-13 16:55:04,837 epoch 3 - iter 60/107 - loss 0.15641214 - samples/sec: 87.48 - lr: 0.100000
2022-05-13 16:55:08,623 epoch 3 - iter 70/107 - loss 0.15794048 - samples/sec: 84.56 - lr: 0.100000
2022-05-13 16:55:12,601 epoch 3 - iter 80/107 - loss 0.15661176 - samples/sec: 80.47 - lr: 0.100000
2022-05-13 16:55:16,613 epoch 3 - iter 90/107 - loss 0.15446994 - samples/sec: 79.77 - lr: 0.100000
2022-05-13 16:55:20,588 epoch 3 - iter 100/107 - loss 0.15242510 - samples/sec: 80.53 - lr: 0.100000
2022-05-13 16:55:22,869 ----------------------------------------------------------------------------------------------------
2022-05-13 16:55:22,869 EPOCH 3 done: loss 0.1554 - lr 0.100000
2022-05-13 16:55:34,576 Evaluating as a multi-label problem: False
2022-05-13 16:55:34,587 DEV : loss 0.2547152042388916 - f1-score (micro avg)  0.4525
2022-05-13 16:55:34,675 BAD EPOCHS (no improvement): 0
2022-05-13 16:55:34,679 saving best model
2022-05-13 16:56:09,316 ----------------------------------------------------------------------------------------------------
2022-05-13 16:56:13,578 epoch 4 - iter 10/107 - loss 0.12891149 - samples/sec: 75.12 - lr: 0.100000
2022-05-13 16:56:17,547 epoch 4 - iter 20/107 - loss 0.14368740 - samples/sec: 80.64 - lr: 0.100000
2022-05-13 16:56:21,604 epoch 4 - iter 30/107 - loss 0.14524780 - samples/sec: 78.90 - lr: 0.100000
2022-05-13 16:56:25,612 epoch 4 - iter 40/107 - loss 0.14025788 - samples/sec: 79.87 - lr: 0.100000
2022-05-13 16:56:29,661 epoch 4 - iter 50/107 - loss 0.14152228 - samples/sec: 79.05 - lr: 0.100000
2022-05-13 16:56:33,689 epoch 4 - iter 60/107 - loss 0.14519928 - samples/sec: 79.46 - lr: 0.100000
2022-05-13 16:56:37,199 epoch 4 - iter 70/107 - loss 0.14542911 - samples/sec: 91.18 - lr: 0.100000
2022-05-13 16:56:40,688 epoch 4 - iter 80/107 - loss 0.14443980 - samples/sec: 91.76 - lr: 0.100000
2022-05-13 16:56:44,277 epoch 4 - iter 90/107 - loss 0.14015566 - samples/sec: 89.18 - lr: 0.100000
2022-05-13 16:56:48,212 epoch 4 - iter 100/107 - loss 0.14061920 - samples/sec: 81.35 - lr: 0.100000
2022-05-13 16:56:50,377 ----------------------------------------------------------------------------------------------------
2022-05-13 16:56:50,377 EPOCH 4 done: loss 0.1421 - lr 0.100000
2022-05-13 16:57:02,129 Evaluating as a multi-label problem: False
2022-05-13 16:57:02,141 DEV : loss 0.2512636184692383 - f1-score (micro avg)  0.4695
2022-05-13 16:57:02,230 BAD EPOCHS (no improvement): 0
2022-05-13 16:57:02,233 saving best model
2022-05-13 16:57:37,600 ----------------------------------------------------------------------------------------------------
2022-05-13 16:57:41,335 epoch 5 - iter 10/107 - loss 0.11160481 - samples/sec: 85.74 - lr: 0.100000
2022-05-13 16:57:45,454 epoch 5 - iter 20/107 - loss 0.12203987 - samples/sec: 77.72 - lr: 0.100000
2022-05-13 16:57:50,123 epoch 5 - iter 30/107 - loss 0.12559515 - samples/sec: 68.56 - lr: 0.100000
2022-05-13 16:57:54,958 epoch 5 - iter 40/107 - loss 0.12475855 - samples/sec: 66.21 - lr: 0.100000
2022-05-13 16:57:59,427 epoch 5 - iter 50/107 - loss 0.12487200 - samples/sec: 71.64 - lr: 0.100000
2022-05-13 16:58:04,023 epoch 5 - iter 60/107 - loss 0.12643114 - samples/sec: 69.66 - lr: 0.100000
2022-05-13 16:58:08,593 epoch 5 - iter 70/107 - loss 0.12382516 - samples/sec: 70.04 - lr: 0.100000
2022-05-13 16:58:12,949 epoch 5 - iter 80/107 - loss 0.12511186 - samples/sec: 73.49 - lr: 0.100000
2022-05-13 16:58:17,071 epoch 5 - iter 90/107 - loss 0.12428777 - samples/sec: 77.66 - lr: 0.100000
2022-05-13 16:58:21,056 epoch 5 - iter 100/107 - loss 0.12527450 - samples/sec: 80.34 - lr: 0.100000
2022-05-13 16:58:23,727 ----------------------------------------------------------------------------------------------------
2022-05-13 16:58:23,727 EPOCH 5 done: loss 0.1235 - lr 0.100000
2022-05-13 16:58:36,176 Evaluating as a multi-label problem: False
2022-05-13 16:58:36,188 DEV : loss 0.2632342576980591 - f1-score (micro avg)  0.468
2022-05-13 16:58:36,291 BAD EPOCHS (no improvement): 1
2022-05-13 16:58:36,294 ----------------------------------------------------------------------------------------------------
2022-05-13 16:58:40,335 epoch 6 - iter 10/107 - loss 0.12744792 - samples/sec: 79.21 - lr: 0.100000
2022-05-13 16:58:44,364 epoch 6 - iter 20/107 - loss 0.12317281 - samples/sec: 79.46 - lr: 0.100000
2022-05-13 16:58:48,560 epoch 6 - iter 30/107 - loss 0.12374286 - samples/sec: 76.28 - lr: 0.100000
2022-05-13 16:58:52,253 epoch 6 - iter 40/107 - loss 0.11973042 - samples/sec: 86.66 - lr: 0.100000
2022-05-13 16:58:55,103 epoch 6 - iter 50/107 - loss 0.11670907 - samples/sec: 112.36 - lr: 0.100000
2022-05-13 16:58:58,917 epoch 6 - iter 60/107 - loss 0.12256677 - samples/sec: 83.93 - lr: 0.100000
2022-05-13 16:59:03,224 epoch 6 - iter 70/107 - loss 0.11951469 - samples/sec: 74.32 - lr: 0.100000
2022-05-13 16:59:07,766 epoch 6 - iter 80/107 - loss 0.11643727 - samples/sec: 70.48 - lr: 0.100000
2022-05-13 16:59:12,273 epoch 6 - iter 90/107 - loss 0.11754294 - samples/sec: 71.03 - lr: 0.100000
2022-05-13 16:59:16,504 epoch 6 - iter 100/107 - loss 0.11816075 - samples/sec: 75.67 - lr: 0.100000
2022-05-13 16:59:19,173 ----------------------------------------------------------------------------------------------------
2022-05-13 16:59:19,174 EPOCH 6 done: loss 0.1172 - lr 0.100000
2022-05-13 16:59:30,818 Evaluating as a multi-label problem: False
2022-05-13 16:59:30,831 DEV : loss 0.29281577467918396 - f1-score (micro avg)  0.4244
2022-05-13 16:59:30,934 BAD EPOCHS (no improvement): 2
2022-05-13 16:59:30,936 ----------------------------------------------------------------------------------------------------
2022-05-13 16:59:34,007 epoch 7 - iter 10/107 - loss 0.10959610 - samples/sec: 104.29 - lr: 0.100000
2022-05-13 16:59:37,044 epoch 7 - iter 20/107 - loss 0.11003849 - samples/sec: 105.40 - lr: 0.100000
2022-05-13 16:59:39,914 epoch 7 - iter 30/107 - loss 0.11117766 - samples/sec: 111.59 - lr: 0.100000
2022-05-13 16:59:42,913 epoch 7 - iter 40/107 - loss 0.10495169 - samples/sec: 106.75 - lr: 0.100000
2022-05-13 16:59:45,868 epoch 7 - iter 50/107 - loss 0.10624218 - samples/sec: 108.38 - lr: 0.100000
2022-05-13 16:59:50,089 epoch 7 - iter 60/107 - loss 0.10968514 - samples/sec: 75.85 - lr: 0.100000
2022-05-13 16:59:54,435 epoch 7 - iter 70/107 - loss 0.10995109 - samples/sec: 73.65 - lr: 0.100000
2022-05-13 16:59:58,624 epoch 7 - iter 80/107 - loss 0.10841122 - samples/sec: 76.43 - lr: 0.100000
2022-05-13 17:00:02,754 epoch 7 - iter 90/107 - loss 0.10690557 - samples/sec: 77.51 - lr: 0.100000
2022-05-13 17:00:06,823 epoch 7 - iter 100/107 - loss 0.10710051 - samples/sec: 78.67 - lr: 0.100000
2022-05-13 17:00:09,364 ----------------------------------------------------------------------------------------------------
2022-05-13 17:00:09,365 EPOCH 7 done: loss 0.1071 - lr 0.100000
2022-05-13 17:00:20,497 Evaluating as a multi-label problem: False
2022-05-13 17:00:20,509 DEV : loss 0.22252404689788818 - f1-score (micro avg)  0.4731
2022-05-13 17:00:20,598 BAD EPOCHS (no improvement): 0
2022-05-13 17:00:20,600 saving best model
2022-05-13 17:00:58,810 ----------------------------------------------------------------------------------------------------
2022-05-13 17:01:02,089 epoch 8 - iter 10/107 - loss 0.09127550 - samples/sec: 97.67 - lr: 0.100000
2022-05-13 17:01:06,363 epoch 8 - iter 20/107 - loss 0.09648860 - samples/sec: 74.90 - lr: 0.100000
2022-05-13 17:01:10,597 epoch 8 - iter 30/107 - loss 0.09636626 - samples/sec: 75.60 - lr: 0.100000
2022-05-13 17:01:14,638 epoch 8 - iter 40/107 - loss 0.09909080 - samples/sec: 79.21 - lr: 0.100000
2022-05-13 17:01:18,840 epoch 8 - iter 50/107 - loss 0.09925235 - samples/sec: 76.20 - lr: 0.100000
2022-05-13 17:01:22,981 epoch 8 - iter 60/107 - loss 0.09816042 - samples/sec: 77.30 - lr: 0.100000
2022-05-13 17:01:27,110 epoch 8 - iter 70/107 - loss 0.09899465 - samples/sec: 77.53 - lr: 0.100000
2022-05-13 17:01:31,147 epoch 8 - iter 80/107 - loss 0.09894073 - samples/sec: 79.30 - lr: 0.100000
2022-05-13 17:01:35,091 epoch 8 - iter 90/107 - loss 0.09854048 - samples/sec: 81.16 - lr: 0.100000
2022-05-13 17:01:38,806 epoch 8 - iter 100/107 - loss 0.09844193 - samples/sec: 86.16 - lr: 0.100000
2022-05-13 17:01:41,172 ----------------------------------------------------------------------------------------------------
2022-05-13 17:01:41,172 EPOCH 8 done: loss 0.0998 - lr 0.100000
2022-05-13 17:01:53,114 Evaluating as a multi-label problem: False
2022-05-13 17:01:53,126 DEV : loss 0.19552068412303925 - f1-score (micro avg)  0.515
2022-05-13 17:01:53,220 BAD EPOCHS (no improvement): 0
2022-05-13 17:01:53,223 saving best model
2022-05-13 17:02:29,474 ----------------------------------------------------------------------------------------------------
2022-05-13 17:02:33,331 epoch 9 - iter 10/107 - loss 0.09548792 - samples/sec: 83.02 - lr: 0.100000
2022-05-13 17:02:37,098 epoch 9 - iter 20/107 - loss 0.09375555 - samples/sec: 84.97 - lr: 0.100000
2022-05-13 17:02:41,284 epoch 9 - iter 30/107 - loss 0.09687634 - samples/sec: 76.47 - lr: 0.100000
2022-05-13 17:02:45,335 epoch 9 - iter 40/107 - loss 0.10219430 - samples/sec: 79.00 - lr: 0.100000
2022-05-13 17:02:49,121 epoch 9 - iter 50/107 - loss 0.09926672 - samples/sec: 84.55 - lr: 0.100000
2022-05-13 17:02:52,438 epoch 9 - iter 60/107 - loss 0.09892777 - samples/sec: 96.49 - lr: 0.100000
2022-05-13 17:02:56,529 epoch 9 - iter 70/107 - loss 0.09718636 - samples/sec: 78.25 - lr: 0.100000
2022-05-13 17:03:00,546 epoch 9 - iter 80/107 - loss 0.09665833 - samples/sec: 79.69 - lr: 0.100000
2022-05-13 17:03:04,394 epoch 9 - iter 90/107 - loss 0.09520734 - samples/sec: 83.18 - lr: 0.100000
2022-05-13 17:03:07,731 epoch 9 - iter 100/107 - loss 0.09451547 - samples/sec: 95.92 - lr: 0.100000
2022-05-13 17:03:09,854 ----------------------------------------------------------------------------------------------------
2022-05-13 17:03:09,854 EPOCH 9 done: loss 0.0932 - lr 0.100000
2022-05-13 17:03:21,496 Evaluating as a multi-label problem: False
2022-05-13 17:03:21,509 DEV : loss 0.21123264729976654 - f1-score (micro avg)  0.512
2022-05-13 17:03:21,598 BAD EPOCHS (no improvement): 1
2022-05-13 17:03:21,611 ----------------------------------------------------------------------------------------------------
2022-05-13 17:03:25,473 epoch 10 - iter 10/107 - loss 0.08462021 - samples/sec: 82.88 - lr: 0.100000
2022-05-13 17:03:29,418 epoch 10 - iter 20/107 - loss 0.08853594 - samples/sec: 81.14 - lr: 0.100000
2022-05-13 17:03:33,523 epoch 10 - iter 30/107 - loss 0.08826077 - samples/sec: 77.96 - lr: 0.100000
2022-05-13 17:03:38,201 epoch 10 - iter 40/107 - loss 0.08935837 - samples/sec: 68.43 - lr: 0.100000
2022-05-13 17:03:42,637 epoch 10 - iter 50/107 - loss 0.08988536 - samples/sec: 72.17 - lr: 0.100000
2022-05-13 17:03:46,846 epoch 10 - iter 60/107 - loss 0.08872064 - samples/sec: 76.05 - lr: 0.100000
2022-05-13 17:03:51,190 epoch 10 - iter 70/107 - loss 0.08765181 - samples/sec: 73.72 - lr: 0.100000
2022-05-13 17:03:55,876 epoch 10 - iter 80/107 - loss 0.08714517 - samples/sec: 68.31 - lr: 0.100000
2022-05-13 17:04:00,056 epoch 10 - iter 90/107 - loss 0.08846977 - samples/sec: 76.58 - lr: 0.100000
2022-05-13 17:04:04,144 epoch 10 - iter 100/107 - loss 0.08780461 - samples/sec: 78.30 - lr: 0.100000
2022-05-13 17:04:06,642 ----------------------------------------------------------------------------------------------------
2022-05-13 17:04:06,642 EPOCH 10 done: loss 0.0882 - lr 0.100000
2022-05-13 17:04:18,118 Evaluating as a multi-label problem: False
2022-05-13 17:04:18,130 DEV : loss 0.22169920802116394 - f1-score (micro avg)  0.487
2022-05-13 17:04:18,226 BAD EPOCHS (no improvement): 2
2022-05-13 17:04:18,228 ----------------------------------------------------------------------------------------------------
2022-05-13 17:04:22,073 epoch 11 - iter 10/107 - loss 0.07543657 - samples/sec: 83.28 - lr: 0.100000
2022-05-13 17:04:26,234 epoch 11 - iter 20/107 - loss 0.07785800 - samples/sec: 76.93 - lr: 0.100000
2022-05-13 17:04:30,185 epoch 11 - iter 30/107 - loss 0.07693265 - samples/sec: 81.01 - lr: 0.100000
2022-05-13 17:04:34,240 epoch 11 - iter 40/107 - loss 0.07763768 - samples/sec: 78.96 - lr: 0.100000
2022-05-13 17:04:38,257 epoch 11 - iter 50/107 - loss 0.07956826 - samples/sec: 79.68 - lr: 0.100000
2022-05-13 17:04:42,256 epoch 11 - iter 60/107 - loss 0.08113643 - samples/sec: 80.04 - lr: 0.100000
2022-05-13 17:04:46,063 epoch 11 - iter 70/107 - loss 0.08179467 - samples/sec: 84.09 - lr: 0.100000
2022-05-13 17:04:50,143 epoch 11 - iter 80/107 - loss 0.08432076 - samples/sec: 78.44 - lr: 0.100000
2022-05-13 17:04:53,690 epoch 11 - iter 90/107 - loss 0.08431510 - samples/sec: 90.25 - lr: 0.100000
2022-05-13 17:04:57,368 epoch 11 - iter 100/107 - loss 0.08268209 - samples/sec: 87.05 - lr: 0.100000
2022-05-13 17:04:59,522 ----------------------------------------------------------------------------------------------------
2022-05-13 17:04:59,522 EPOCH 11 done: loss 0.0830 - lr 0.100000
2022-05-13 17:05:11,908 Evaluating as a multi-label problem: False
2022-05-13 17:05:11,920 DEV : loss 0.2204403281211853 - f1-score (micro avg)  0.4834
2022-05-13 17:05:12,039 BAD EPOCHS (no improvement): 3
2022-05-13 17:05:12,093 ----------------------------------------------------------------------------------------------------
2022-05-13 17:05:16,171 epoch 12 - iter 10/107 - loss 0.07735010 - samples/sec: 78.53 - lr: 0.100000
2022-05-13 17:05:20,550 epoch 12 - iter 20/107 - loss 0.07509414 - samples/sec: 73.09 - lr: 0.100000
2022-05-13 17:05:24,952 epoch 12 - iter 30/107 - loss 0.07772044 - samples/sec: 72.73 - lr: 0.100000
2022-05-13 17:05:28,801 epoch 12 - iter 40/107 - loss 0.07625974 - samples/sec: 83.18 - lr: 0.100000
2022-05-13 17:05:32,310 epoch 12 - iter 50/107 - loss 0.07576860 - samples/sec: 91.21 - lr: 0.100000
2022-05-13 17:05:36,065 epoch 12 - iter 60/107 - loss 0.07869085 - samples/sec: 85.24 - lr: 0.100000
2022-05-13 17:05:40,162 epoch 12 - iter 70/107 - loss 0.07873889 - samples/sec: 78.14 - lr: 0.100000
2022-05-13 17:05:44,333 epoch 12 - iter 80/107 - loss 0.07795772 - samples/sec: 76.74 - lr: 0.100000
2022-05-13 17:05:48,640 epoch 12 - iter 90/107 - loss 0.07660422 - samples/sec: 74.32 - lr: 0.100000
2022-05-13 17:05:53,014 epoch 12 - iter 100/107 - loss 0.07723355 - samples/sec: 73.19 - lr: 0.100000
2022-05-13 17:05:55,598 ----------------------------------------------------------------------------------------------------
2022-05-13 17:05:55,598 EPOCH 12 done: loss 0.0781 - lr 0.100000
2022-05-13 17:06:06,774 Evaluating as a multi-label problem: False
2022-05-13 17:06:06,786 DEV : loss 0.21814721822738647 - f1-score (micro avg)  0.4909
2022-05-13 17:06:06,876 Epoch    12: reducing learning rate of group 0 to 5.0000e-02.
2022-05-13 17:06:06,876 BAD EPOCHS (no improvement): 4
2022-05-13 17:06:06,878 ----------------------------------------------------------------------------------------------------
2022-05-13 17:06:10,425 epoch 13 - iter 10/107 - loss 0.07257704 - samples/sec: 90.27 - lr: 0.050000
2022-05-13 17:06:14,465 epoch 13 - iter 20/107 - loss 0.06812610 - samples/sec: 79.22 - lr: 0.050000
2022-05-13 17:06:18,433 epoch 13 - iter 30/107 - loss 0.06883917 - samples/sec: 80.67 - lr: 0.050000
2022-05-13 17:06:22,316 epoch 13 - iter 40/107 - loss 0.06746133 - samples/sec: 82.42 - lr: 0.050000
2022-05-13 17:06:26,334 epoch 13 - iter 50/107 - loss 0.06759022 - samples/sec: 79.67 - lr: 0.050000
2022-05-13 17:06:30,294 epoch 13 - iter 60/107 - loss 0.06668568 - samples/sec: 80.84 - lr: 0.050000
2022-05-13 17:06:34,289 epoch 13 - iter 70/107 - loss 0.06736361 - samples/sec: 80.11 - lr: 0.050000
2022-05-13 17:06:38,081 epoch 13 - iter 80/107 - loss 0.06728468 - samples/sec: 84.40 - lr: 0.050000
2022-05-13 17:06:41,192 epoch 13 - iter 90/107 - loss 0.06709757 - samples/sec: 102.90 - lr: 0.050000
2022-05-13 17:06:44,847 epoch 13 - iter 100/107 - loss 0.06818609 - samples/sec: 87.59 - lr: 0.050000
2022-05-13 17:06:47,192 ----------------------------------------------------------------------------------------------------
2022-05-13 17:06:47,192 EPOCH 13 done: loss 0.0685 - lr 0.050000
2022-05-13 17:06:58,983 Evaluating as a multi-label problem: False
2022-05-13 17:06:58,995 DEV : loss 0.19175925850868225 - f1-score (micro avg)  0.52
2022-05-13 17:06:59,083 BAD EPOCHS (no improvement): 0
2022-05-13 17:06:59,085 saving best model
2022-05-13 17:07:35,249 ----------------------------------------------------------------------------------------------------
2022-05-13 17:07:39,146 epoch 14 - iter 10/107 - loss 0.06049990 - samples/sec: 82.15 - lr: 0.050000
2022-05-13 17:07:42,752 epoch 14 - iter 20/107 - loss 0.06162731 - samples/sec: 88.78 - lr: 0.050000
2022-05-13 17:07:46,629 epoch 14 - iter 30/107 - loss 0.06016814 - samples/sec: 82.55 - lr: 0.050000
2022-05-13 17:07:50,567 epoch 14 - iter 40/107 - loss 0.06172932 - samples/sec: 81.29 - lr: 0.050000
2022-05-13 17:07:54,575 epoch 14 - iter 50/107 - loss 0.06033408 - samples/sec: 79.86 - lr: 0.050000
2022-05-13 17:07:58,484 epoch 14 - iter 60/107 - loss 0.05929808 - samples/sec: 81.90 - lr: 0.050000
2022-05-13 17:08:02,345 epoch 14 - iter 70/107 - loss 0.06025764 - samples/sec: 82.91 - lr: 0.050000
2022-05-13 17:08:06,295 epoch 14 - iter 80/107 - loss 0.06092571 - samples/sec: 81.02 - lr: 0.050000
2022-05-13 17:08:10,347 epoch 14 - iter 90/107 - loss 0.06210911 - samples/sec: 78.99 - lr: 0.050000
2022-05-13 17:08:14,070 epoch 14 - iter 100/107 - loss 0.06332105 - samples/sec: 85.98 - lr: 0.050000
2022-05-13 17:08:16,056 ----------------------------------------------------------------------------------------------------
2022-05-13 17:08:16,056 EPOCH 14 done: loss 0.0635 - lr 0.050000
2022-05-13 17:08:27,864 Evaluating as a multi-label problem: False
2022-05-13 17:08:27,876 DEV : loss 0.2096661925315857 - f1-score (micro avg)  0.5056
2022-05-13 17:08:27,964 BAD EPOCHS (no improvement): 1
2022-05-13 17:08:27,966 ----------------------------------------------------------------------------------------------------
2022-05-13 17:08:31,857 epoch 15 - iter 10/107 - loss 0.06202996 - samples/sec: 82.28 - lr: 0.050000
2022-05-13 17:08:36,043 epoch 15 - iter 20/107 - loss 0.06308883 - samples/sec: 76.46 - lr: 0.050000
2022-05-13 17:08:39,948 epoch 15 - iter 30/107 - loss 0.05923195 - samples/sec: 81.97 - lr: 0.050000
2022-05-13 17:08:43,834 epoch 15 - iter 40/107 - loss 0.05959790 - samples/sec: 82.39 - lr: 0.050000
2022-05-13 17:08:47,705 epoch 15 - iter 50/107 - loss 0.06147783 - samples/sec: 82.68 - lr: 0.050000
2022-05-13 17:08:51,303 epoch 15 - iter 60/107 - loss 0.05949883 - samples/sec: 88.95 - lr: 0.050000
2022-05-13 17:08:54,738 epoch 15 - iter 70/107 - loss 0.06012428 - samples/sec: 93.20 - lr: 0.050000
2022-05-13 17:08:58,658 epoch 15 - iter 80/107 - loss 0.06100710 - samples/sec: 81.64 - lr: 0.050000
2022-05-13 17:09:02,558 epoch 15 - iter 90/107 - loss 0.06007420 - samples/sec: 82.08 - lr: 0.050000
2022-05-13 17:09:06,534 epoch 15 - iter 100/107 - loss 0.06137813 - samples/sec: 80.50 - lr: 0.050000
2022-05-13 17:09:08,992 ----------------------------------------------------------------------------------------------------
2022-05-13 17:09:08,992 EPOCH 15 done: loss 0.0622 - lr 0.050000
2022-05-13 17:09:20,575 Evaluating as a multi-label problem: False
2022-05-13 17:09:20,587 DEV : loss 0.18681496381759644 - f1-score (micro avg)  0.5371
2022-05-13 17:09:20,677 BAD EPOCHS (no improvement): 0
2022-05-13 17:09:20,679 saving best model
2022-05-13 17:09:55,822 ----------------------------------------------------------------------------------------------------
2022-05-13 17:09:59,891 epoch 16 - iter 10/107 - loss 0.04430204 - samples/sec: 78.68 - lr: 0.050000
2022-05-13 17:10:03,748 epoch 16 - iter 20/107 - loss 0.04876568 - samples/sec: 83.01 - lr: 0.050000
2022-05-13 17:10:07,786 epoch 16 - iter 30/107 - loss 0.05213384 - samples/sec: 79.26 - lr: 0.050000
2022-05-13 17:10:11,672 epoch 16 - iter 40/107 - loss 0.05562883 - samples/sec: 82.37 - lr: 0.050000
2022-05-13 17:10:15,723 epoch 16 - iter 50/107 - loss 0.05629031 - samples/sec: 79.00 - lr: 0.050000
2022-05-13 17:10:19,649 epoch 16 - iter 60/107 - loss 0.05630779 - samples/sec: 81.53 - lr: 0.050000
2022-05-13 17:10:23,439 epoch 16 - iter 70/107 - loss 0.05793587 - samples/sec: 84.46 - lr: 0.050000
2022-05-13 17:10:27,031 epoch 16 - iter 80/107 - loss 0.05984424 - samples/sec: 89.14 - lr: 0.050000
2022-05-13 17:10:30,579 epoch 16 - iter 90/107 - loss 0.06053405 - samples/sec: 90.22 - lr: 0.050000
2022-05-13 17:10:34,579 epoch 16 - iter 100/107 - loss 0.06073598 - samples/sec: 80.01 - lr: 0.050000
2022-05-13 17:10:37,062 ----------------------------------------------------------------------------------------------------
2022-05-13 17:10:37,063 EPOCH 16 done: loss 0.0605 - lr 0.050000
2022-05-13 17:10:48,568 Evaluating as a multi-label problem: False
2022-05-13 17:10:48,580 DEV : loss 0.19382715225219727 - f1-score (micro avg)  0.5399
2022-05-13 17:10:48,669 BAD EPOCHS (no improvement): 0
2022-05-13 17:10:48,672 saving best model
2022-05-13 17:11:26,259 ----------------------------------------------------------------------------------------------------
2022-05-13 17:11:30,577 epoch 17 - iter 10/107 - loss 0.04753253 - samples/sec: 74.14 - lr: 0.050000
2022-05-13 17:11:34,554 epoch 17 - iter 20/107 - loss 0.05603070 - samples/sec: 80.49 - lr: 0.050000
2022-05-13 17:11:38,418 epoch 17 - iter 30/107 - loss 0.05332428 - samples/sec: 82.84 - lr: 0.050000
2022-05-13 17:11:42,259 epoch 17 - iter 40/107 - loss 0.05550215 - samples/sec: 83.35 - lr: 0.050000
2022-05-13 17:11:45,989 epoch 17 - iter 50/107 - loss 0.05605724 - samples/sec: 85.82 - lr: 0.050000
2022-05-13 17:11:50,015 epoch 17 - iter 60/107 - loss 0.05650688 - samples/sec: 79.49 - lr: 0.050000
2022-05-13 17:11:54,150 epoch 17 - iter 70/107 - loss 0.05717539 - samples/sec: 77.42 - lr: 0.050000
2022-05-13 17:11:57,811 epoch 17 - iter 80/107 - loss 0.05741526 - samples/sec: 87.44 - lr: 0.050000
2022-05-13 17:12:01,437 epoch 17 - iter 90/107 - loss 0.05808516 - samples/sec: 88.26 - lr: 0.050000
2022-05-13 17:12:04,985 epoch 17 - iter 100/107 - loss 0.05714190 - samples/sec: 90.24 - lr: 0.050000
2022-05-13 17:12:07,462 ----------------------------------------------------------------------------------------------------
2022-05-13 17:12:07,462 EPOCH 17 done: loss 0.0561 - lr 0.050000
2022-05-13 17:12:19,198 Evaluating as a multi-label problem: False
2022-05-13 17:12:19,210 DEV : loss 0.19598276913166046 - f1-score (micro avg)  0.5269
2022-05-13 17:12:19,301 BAD EPOCHS (no improvement): 1
2022-05-13 17:12:19,303 ----------------------------------------------------------------------------------------------------
2022-05-13 17:12:23,287 epoch 18 - iter 10/107 - loss 0.04228475 - samples/sec: 80.35 - lr: 0.050000
2022-05-13 17:12:27,331 epoch 18 - iter 20/107 - loss 0.04752694 - samples/sec: 79.15 - lr: 0.050000
2022-05-13 17:12:31,254 epoch 18 - iter 30/107 - loss 0.04783400 - samples/sec: 81.59 - lr: 0.050000
2022-05-13 17:12:34,587 epoch 18 - iter 40/107 - loss 0.05246660 - samples/sec: 96.05 - lr: 0.050000
2022-05-13 17:12:38,147 epoch 18 - iter 50/107 - loss 0.05277481 - samples/sec: 89.89 - lr: 0.050000
2022-05-13 17:12:42,208 epoch 18 - iter 60/107 - loss 0.05430407 - samples/sec: 78.83 - lr: 0.050000
2022-05-13 17:12:46,101 epoch 18 - iter 70/107 - loss 0.05497824 - samples/sec: 82.20 - lr: 0.050000
2022-05-13 17:12:50,002 epoch 18 - iter 80/107 - loss 0.05505083 - samples/sec: 82.07 - lr: 0.050000
2022-05-13 17:12:54,081 epoch 18 - iter 90/107 - loss 0.05471522 - samples/sec: 78.48 - lr: 0.050000
2022-05-13 17:12:57,813 epoch 18 - iter 100/107 - loss 0.05432776 - samples/sec: 85.75 - lr: 0.050000
2022-05-13 17:13:00,336 ----------------------------------------------------------------------------------------------------
2022-05-13 17:13:00,336 EPOCH 18 done: loss 0.0550 - lr 0.050000
2022-05-13 17:13:11,524 Evaluating as a multi-label problem: False
2022-05-13 17:13:11,535 DEV : loss 0.20426365733146667 - f1-score (micro avg)  0.5163
2022-05-13 17:13:11,626 BAD EPOCHS (no improvement): 2
2022-05-13 17:13:11,628 ----------------------------------------------------------------------------------------------------
2022-05-13 17:13:15,124 epoch 19 - iter 10/107 - loss 0.05508443 - samples/sec: 91.56 - lr: 0.050000
2022-05-13 17:13:19,297 epoch 19 - iter 20/107 - loss 0.05248478 - samples/sec: 76.70 - lr: 0.050000
2022-05-13 17:13:23,132 epoch 19 - iter 30/107 - loss 0.05000110 - samples/sec: 83.48 - lr: 0.050000
2022-05-13 17:13:27,036 epoch 19 - iter 40/107 - loss 0.05403234 - samples/sec: 81.98 - lr: 0.050000
2022-05-13 17:13:31,037 epoch 19 - iter 50/107 - loss 0.05181234 - samples/sec: 80.01 - lr: 0.050000
2022-05-13 17:13:35,073 epoch 19 - iter 60/107 - loss 0.05387557 - samples/sec: 79.31 - lr: 0.050000
2022-05-13 17:13:38,622 epoch 19 - iter 70/107 - loss 0.05467824 - samples/sec: 90.19 - lr: 0.050000
2022-05-13 17:13:42,355 epoch 19 - iter 80/107 - loss 0.05384491 - samples/sec: 85.74 - lr: 0.050000
2022-05-13 17:13:46,216 epoch 19 - iter 90/107 - loss 0.05339435 - samples/sec: 82.91 - lr: 0.050000
2022-05-13 17:13:49,604 epoch 19 - iter 100/107 - loss 0.05464874 - samples/sec: 94.46 - lr: 0.050000
2022-05-13 17:13:51,915 ----------------------------------------------------------------------------------------------------
2022-05-13 17:13:51,915 EPOCH 19 done: loss 0.0539 - lr 0.050000
2022-05-13 17:14:07,480 Evaluating as a multi-label problem: False
2022-05-13 17:14:07,490 DEV : loss 0.2297343909740448 - f1-score (micro avg)  0.508
2022-05-13 17:14:07,579 BAD EPOCHS (no improvement): 3
2022-05-13 17:14:07,580 ----------------------------------------------------------------------------------------------------
2022-05-13 17:14:11,434 epoch 20 - iter 10/107 - loss 0.04983184 - samples/sec: 83.07 - lr: 0.050000
2022-05-13 17:14:15,395 epoch 20 - iter 20/107 - loss 0.04927312 - samples/sec: 80.81 - lr: 0.050000
2022-05-13 17:14:19,415 epoch 20 - iter 30/107 - loss 0.05121201 - samples/sec: 79.63 - lr: 0.050000
2022-05-13 17:14:23,429 epoch 20 - iter 40/107 - loss 0.04910033 - samples/sec: 79.74 - lr: 0.050000
2022-05-13 17:14:27,869 epoch 20 - iter 50/107 - loss 0.04860848 - samples/sec: 72.10 - lr: 0.050000
2022-05-13 17:14:32,115 epoch 20 - iter 60/107 - loss 0.05284598 - samples/sec: 75.40 - lr: 0.050000
2022-05-13 17:14:36,166 epoch 20 - iter 70/107 - loss 0.05282155 - samples/sec: 79.02 - lr: 0.050000
2022-05-13 17:14:40,339 epoch 20 - iter 80/107 - loss 0.05196561 - samples/sec: 76.71 - lr: 0.050000
2022-05-13 17:14:44,210 epoch 20 - iter 90/107 - loss 0.05282370 - samples/sec: 82.68 - lr: 0.050000
2022-05-13 17:14:48,296 epoch 20 - iter 100/107 - loss 0.05216644 - samples/sec: 78.34 - lr: 0.050000
2022-05-13 17:14:50,766 ----------------------------------------------------------------------------------------------------
2022-05-13 17:14:50,766 EPOCH 20 done: loss 0.0521 - lr 0.050000
2022-05-13 17:15:01,866 Evaluating as a multi-label problem: False
2022-05-13 17:15:01,878 DEV : loss 0.2036166936159134 - f1-score (micro avg)  0.5337
2022-05-13 17:15:01,968 Epoch    20: reducing learning rate of group 0 to 2.5000e-02.
2022-05-13 17:15:01,968 BAD EPOCHS (no improvement): 4
2022-05-13 17:15:01,970 ----------------------------------------------------------------------------------------------------
2022-05-13 17:15:05,863 epoch 21 - iter 10/107 - loss 0.04911682 - samples/sec: 82.22 - lr: 0.025000
2022-05-13 17:15:09,716 epoch 21 - iter 20/107 - loss 0.04482171 - samples/sec: 83.08 - lr: 0.025000
2022-05-13 17:15:13,727 epoch 21 - iter 30/107 - loss 0.04555745 - samples/sec: 79.80 - lr: 0.025000
2022-05-13 17:15:17,589 epoch 21 - iter 40/107 - loss 0.04596735 - samples/sec: 82.89 - lr: 0.025000
2022-05-13 17:15:21,616 epoch 21 - iter 50/107 - loss 0.04777349 - samples/sec: 79.50 - lr: 0.025000
2022-05-13 17:15:25,456 epoch 21 - iter 60/107 - loss 0.04710304 - samples/sec: 83.36 - lr: 0.025000
2022-05-13 17:15:29,222 epoch 21 - iter 70/107 - loss 0.04837306 - samples/sec: 84.98 - lr: 0.025000
2022-05-13 17:15:32,842 epoch 21 - iter 80/107 - loss 0.04729260 - samples/sec: 88.42 - lr: 0.025000
2022-05-13 17:15:36,100 epoch 21 - iter 90/107 - loss 0.04758371 - samples/sec: 98.25 - lr: 0.025000
2022-05-13 17:15:39,574 epoch 21 - iter 100/107 - loss 0.04772079 - samples/sec: 92.15 - lr: 0.025000
2022-05-13 17:15:41,490 ----------------------------------------------------------------------------------------------------
2022-05-13 17:15:41,490 EPOCH 21 done: loss 0.0473 - lr 0.025000
2022-05-13 17:15:52,516 Evaluating as a multi-label problem: False
2022-05-13 17:15:52,527 DEV : loss 0.2035309225320816 - f1-score (micro avg)  0.5321
2022-05-13 17:15:52,614 BAD EPOCHS (no improvement): 1
2022-05-13 17:15:52,617 ----------------------------------------------------------------------------------------------------
2022-05-13 17:15:56,393 epoch 22 - iter 10/107 - loss 0.05375577 - samples/sec: 84.77 - lr: 0.025000
2022-05-13 17:16:00,199 epoch 22 - iter 20/107 - loss 0.04808582 - samples/sec: 84.10 - lr: 0.025000
2022-05-13 17:16:03,831 epoch 22 - iter 30/107 - loss 0.04549813 - samples/sec: 88.14 - lr: 0.025000
2022-05-13 17:16:07,723 epoch 22 - iter 40/107 - loss 0.04969278 - samples/sec: 82.23 - lr: 0.025000
2022-05-13 17:16:11,411 epoch 22 - iter 50/107 - loss 0.04759536 - samples/sec: 86.81 - lr: 0.025000
2022-05-13 17:16:15,027 epoch 22 - iter 60/107 - loss 0.04848644 - samples/sec: 88.50 - lr: 0.025000
2022-05-13 17:16:18,131 epoch 22 - iter 70/107 - loss 0.04669523 - samples/sec: 103.14 - lr: 0.025000
2022-05-13 17:16:21,585 epoch 22 - iter 80/107 - loss 0.04673638 - samples/sec: 92.67 - lr: 0.025000
2022-05-13 17:16:25,289 epoch 22 - iter 90/107 - loss 0.04568816 - samples/sec: 86.43 - lr: 0.025000
2022-05-13 17:16:29,108 epoch 22 - iter 100/107 - loss 0.04504461 - samples/sec: 83.80 - lr: 0.025000
2022-05-13 17:16:31,464 ----------------------------------------------------------------------------------------------------
2022-05-13 17:16:31,465 EPOCH 22 done: loss 0.0453 - lr 0.025000
2022-05-13 17:16:43,179 Evaluating as a multi-label problem: False
2022-05-13 17:16:43,191 DEV : loss 0.21809682250022888 - f1-score (micro avg)  0.5106
2022-05-13 17:16:43,279 BAD EPOCHS (no improvement): 2
2022-05-13 17:16:43,281 ----------------------------------------------------------------------------------------------------
2022-05-13 17:16:47,149 epoch 23 - iter 10/107 - loss 0.05220186 - samples/sec: 82.74 - lr: 0.025000
2022-05-13 17:16:51,019 epoch 23 - iter 20/107 - loss 0.04787044 - samples/sec: 82.71 - lr: 0.025000
2022-05-13 17:16:54,680 epoch 23 - iter 30/107 - loss 0.04547813 - samples/sec: 87.43 - lr: 0.025000
2022-05-13 17:16:57,804 epoch 23 - iter 40/107 - loss 0.04760146 - samples/sec: 102.47 - lr: 0.025000
2022-05-13 17:17:00,772 epoch 23 - iter 50/107 - loss 0.04645884 - samples/sec: 107.87 - lr: 0.025000
2022-05-13 17:17:03,661 epoch 23 - iter 60/107 - loss 0.04657013 - samples/sec: 110.81 - lr: 0.025000
2022-05-13 17:17:06,200 epoch 23 - iter 70/107 - loss 0.04699092 - samples/sec: 126.07 - lr: 0.025000
2022-05-13 17:17:08,817 epoch 23 - iter 80/107 - loss 0.04626298 - samples/sec: 122.36 - lr: 0.025000
2022-05-13 17:17:11,378 epoch 23 - iter 90/107 - loss 0.04578643 - samples/sec: 124.97 - lr: 0.025000
2022-05-13 17:17:13,943 epoch 23 - iter 100/107 - loss 0.04515529 - samples/sec: 124.84 - lr: 0.025000
2022-05-13 17:17:15,673 ----------------------------------------------------------------------------------------------------
2022-05-13 17:17:15,673 EPOCH 23 done: loss 0.0461 - lr 0.025000
2022-05-13 17:17:23,938 Evaluating as a multi-label problem: False
2022-05-13 17:17:23,949 DEV : loss 0.2147558033466339 - f1-score (micro avg)  0.5185
2022-05-13 17:17:24,036 BAD EPOCHS (no improvement): 3
2022-05-13 17:17:24,039 ----------------------------------------------------------------------------------------------------
2022-05-13 17:17:28,675 epoch 24 - iter 10/107 - loss 0.03441432 - samples/sec: 69.03 - lr: 0.025000
2022-05-13 17:17:35,658 epoch 24 - iter 20/107 - loss 0.04463365 - samples/sec: 45.84 - lr: 0.025000
2022-05-13 17:17:41,612 epoch 24 - iter 30/107 - loss 0.04668718 - samples/sec: 53.75 - lr: 0.025000
2022-05-13 17:17:46,141 epoch 24 - iter 40/107 - loss 0.04570425 - samples/sec: 70.66 - lr: 0.025000
2022-05-13 17:17:48,543 epoch 24 - iter 50/107 - loss 0.04618238 - samples/sec: 133.33 - lr: 0.025000
2022-05-13 17:17:50,987 epoch 24 - iter 60/107 - loss 0.04538367 - samples/sec: 130.98 - lr: 0.025000
2022-05-13 17:17:53,640 epoch 24 - iter 70/107 - loss 0.04457898 - samples/sec: 120.63 - lr: 0.025000
2022-05-13 17:17:56,268 epoch 24 - iter 80/107 - loss 0.04366749 - samples/sec: 121.83 - lr: 0.025000
2022-05-13 17:17:58,856 epoch 24 - iter 90/107 - loss 0.04422642 - samples/sec: 123.67 - lr: 0.025000
2022-05-13 17:18:01,486 epoch 24 - iter 100/107 - loss 0.04453229 - samples/sec: 121.73 - lr: 0.025000
2022-05-13 17:18:03,083 ----------------------------------------------------------------------------------------------------
2022-05-13 17:18:03,083 EPOCH 24 done: loss 0.0452 - lr 0.025000
2022-05-13 17:18:11,296 Evaluating as a multi-label problem: False
2022-05-13 17:18:11,307 DEV : loss 0.21198469400405884 - f1-score (micro avg)  0.5251
2022-05-13 17:18:11,394 Epoch    24: reducing learning rate of group 0 to 1.2500e-02.
2022-05-13 17:18:11,394 BAD EPOCHS (no improvement): 4
2022-05-13 17:18:11,396 ----------------------------------------------------------------------------------------------------
2022-05-13 17:18:14,102 epoch 25 - iter 10/107 - loss 0.04151120 - samples/sec: 118.32 - lr: 0.012500
2022-05-13 17:18:16,824 epoch 25 - iter 20/107 - loss 0.03821395 - samples/sec: 117.61 - lr: 0.012500
2022-05-13 17:18:19,504 epoch 25 - iter 30/107 - loss 0.03859946 - samples/sec: 119.46 - lr: 0.012500
2022-05-13 17:18:22,090 epoch 25 - iter 40/107 - loss 0.03991517 - samples/sec: 123.78 - lr: 0.012500
2022-05-13 17:18:24,658 epoch 25 - iter 50/107 - loss 0.04035001 - samples/sec: 124.65 - lr: 0.012500
2022-05-13 17:18:27,206 epoch 25 - iter 60/107 - loss 0.04035356 - samples/sec: 125.61 - lr: 0.012500
2022-05-13 17:18:29,794 epoch 25 - iter 70/107 - loss 0.04026553 - samples/sec: 123.71 - lr: 0.012500
2022-05-13 17:18:32,411 epoch 25 - iter 80/107 - loss 0.04041074 - samples/sec: 122.31 - lr: 0.012500
2022-05-13 17:18:35,020 epoch 25 - iter 90/107 - loss 0.04058865 - samples/sec: 122.70 - lr: 0.012500
2022-05-13 17:18:37,622 epoch 25 - iter 100/107 - loss 0.04155167 - samples/sec: 123.05 - lr: 0.012500
2022-05-13 17:18:39,195 ----------------------------------------------------------------------------------------------------
2022-05-13 17:18:39,195 EPOCH 25 done: loss 0.0417 - lr 0.012500
2022-05-13 17:18:47,415 Evaluating as a multi-label problem: False
2022-05-13 17:18:47,426 DEV : loss 0.21041911840438843 - f1-score (micro avg)  0.5199
2022-05-13 17:18:47,513 BAD EPOCHS (no improvement): 1
2022-05-13 17:18:47,515 ----------------------------------------------------------------------------------------------------
2022-05-13 17:18:50,152 epoch 26 - iter 10/107 - loss 0.03934214 - samples/sec: 121.40 - lr: 0.012500
2022-05-13 17:18:52,823 epoch 26 - iter 20/107 - loss 0.03945265 - samples/sec: 119.87 - lr: 0.012500
2022-05-13 17:18:55,388 epoch 26 - iter 30/107 - loss 0.03775110 - samples/sec: 124.79 - lr: 0.012500
2022-05-13 17:18:58,130 epoch 26 - iter 40/107 - loss 0.03886787 - samples/sec: 116.74 - lr: 0.012500
2022-05-13 17:19:00,717 epoch 26 - iter 50/107 - loss 0.04147405 - samples/sec: 123.74 - lr: 0.012500
2022-05-13 17:19:03,289 epoch 26 - iter 60/107 - loss 0.04239207 - samples/sec: 124.48 - lr: 0.012500
2022-05-13 17:19:05,829 epoch 26 - iter 70/107 - loss 0.04197369 - samples/sec: 126.00 - lr: 0.012500
2022-05-13 17:19:08,449 epoch 26 - iter 80/107 - loss 0.04187840 - samples/sec: 122.23 - lr: 0.012500
2022-05-13 17:19:11,160 epoch 26 - iter 90/107 - loss 0.04152453 - samples/sec: 118.08 - lr: 0.012500
2022-05-13 17:19:13,811 epoch 26 - iter 100/107 - loss 0.04060960 - samples/sec: 120.73 - lr: 0.012500
2022-05-13 17:19:15,442 ----------------------------------------------------------------------------------------------------
2022-05-13 17:19:15,442 EPOCH 26 done: loss 0.0406 - lr 0.012500
2022-05-13 17:19:23,720 Evaluating as a multi-label problem: False
2022-05-13 17:19:23,731 DEV : loss 0.20863987505435944 - f1-score (micro avg)  0.5277
2022-05-13 17:19:23,821 BAD EPOCHS (no improvement): 2
2022-05-13 17:19:23,824 ----------------------------------------------------------------------------------------------------
2022-05-13 17:19:26,515 epoch 27 - iter 10/107 - loss 0.04529332 - samples/sec: 118.96 - lr: 0.012500
2022-05-13 17:19:29,116 epoch 27 - iter 20/107 - loss 0.04174782 - samples/sec: 123.10 - lr: 0.012500
2022-05-13 17:19:31,703 epoch 27 - iter 30/107 - loss 0.04291815 - samples/sec: 123.74 - lr: 0.012500
2022-05-13 17:19:34,349 epoch 27 - iter 40/107 - loss 0.04116308 - samples/sec: 121.01 - lr: 0.012500
2022-05-13 17:19:37,044 epoch 27 - iter 50/107 - loss 0.03978630 - samples/sec: 118.78 - lr: 0.012500
2022-05-13 17:19:39,704 epoch 27 - iter 60/107 - loss 0.04047752 - samples/sec: 120.34 - lr: 0.012500
2022-05-13 17:19:42,193 epoch 27 - iter 70/107 - loss 0.04134751 - samples/sec: 128.61 - lr: 0.012500
2022-05-13 17:19:44,800 epoch 27 - iter 80/107 - loss 0.04139342 - samples/sec: 122.79 - lr: 0.012500
2022-05-13 17:19:47,482 epoch 27 - iter 90/107 - loss 0.04186352 - samples/sec: 119.34 - lr: 0.012500
2022-05-13 17:19:50,107 epoch 27 - iter 100/107 - loss 0.04144896 - samples/sec: 121.98 - lr: 0.012500
2022-05-13 17:19:51,653 ----------------------------------------------------------------------------------------------------
2022-05-13 17:19:51,653 EPOCH 27 done: loss 0.0417 - lr 0.012500
2022-05-13 17:19:59,875 Evaluating as a multi-label problem: False
2022-05-13 17:19:59,886 DEV : loss 0.2064160257577896 - f1-score (micro avg)  0.5222
2022-05-13 17:19:59,973 BAD EPOCHS (no improvement): 3
2022-05-13 17:19:59,975 ----------------------------------------------------------------------------------------------------
2022-05-13 17:20:02,563 epoch 28 - iter 10/107 - loss 0.04362395 - samples/sec: 123.69 - lr: 0.012500
2022-05-13 17:20:05,182 epoch 28 - iter 20/107 - loss 0.03786289 - samples/sec: 122.26 - lr: 0.012500
2022-05-13 17:20:07,829 epoch 28 - iter 30/107 - loss 0.03854527 - samples/sec: 120.94 - lr: 0.012500
2022-05-13 17:20:10,381 epoch 28 - iter 40/107 - loss 0.03565875 - samples/sec: 125.40 - lr: 0.012500
2022-05-13 17:20:12,952 epoch 28 - iter 50/107 - loss 0.03651017 - samples/sec: 124.51 - lr: 0.012500
2022-05-13 17:20:15,638 epoch 28 - iter 60/107 - loss 0.03669420 - samples/sec: 119.21 - lr: 0.012500
2022-05-13 17:20:18,301 epoch 28 - iter 70/107 - loss 0.03731814 - samples/sec: 120.20 - lr: 0.012500
2022-05-13 17:20:20,885 epoch 28 - iter 80/107 - loss 0.03830545 - samples/sec: 123.92 - lr: 0.012500
2022-05-13 17:20:23,432 epoch 28 - iter 90/107 - loss 0.03932278 - samples/sec: 125.68 - lr: 0.012500
2022-05-13 17:20:26,018 epoch 28 - iter 100/107 - loss 0.03907140 - samples/sec: 123.78 - lr: 0.012500
2022-05-13 17:20:27,638 ----------------------------------------------------------------------------------------------------
2022-05-13 17:20:27,638 EPOCH 28 done: loss 0.0394 - lr 0.012500
2022-05-13 17:20:35,846 Evaluating as a multi-label problem: False
2022-05-13 17:20:35,858 DEV : loss 0.20750103890895844 - f1-score (micro avg)  0.5189
2022-05-13 17:20:35,947 Epoch    28: reducing learning rate of group 0 to 6.2500e-03.
2022-05-13 17:20:35,947 BAD EPOCHS (no improvement): 4
2022-05-13 17:20:35,950 ----------------------------------------------------------------------------------------------------
2022-05-13 17:20:38,691 epoch 29 - iter 10/107 - loss 0.03592191 - samples/sec: 116.80 - lr: 0.006250
2022-05-13 17:20:41,338 epoch 29 - iter 20/107 - loss 0.04006264 - samples/sec: 120.90 - lr: 0.006250
2022-05-13 17:20:44,024 epoch 29 - iter 30/107 - loss 0.03774742 - samples/sec: 119.20 - lr: 0.006250
2022-05-13 17:20:46,608 epoch 29 - iter 40/107 - loss 0.03807086 - samples/sec: 123.86 - lr: 0.006250
2022-05-13 17:20:49,152 epoch 29 - iter 50/107 - loss 0.03802773 - samples/sec: 125.87 - lr: 0.006250
2022-05-13 17:20:51,736 epoch 29 - iter 60/107 - loss 0.03828734 - samples/sec: 123.88 - lr: 0.006250
2022-05-13 17:20:54,364 epoch 29 - iter 70/107 - loss 0.03899599 - samples/sec: 121.77 - lr: 0.006250
2022-05-13 17:20:57,003 epoch 29 - iter 80/107 - loss 0.03800705 - samples/sec: 121.33 - lr: 0.006250
2022-05-13 17:20:59,618 epoch 29 - iter 90/107 - loss 0.03828810 - samples/sec: 122.39 - lr: 0.006250
2022-05-13 17:21:02,173 epoch 29 - iter 100/107 - loss 0.03903918 - samples/sec: 125.31 - lr: 0.006250
2022-05-13 17:21:03,849 ----------------------------------------------------------------------------------------------------
2022-05-13 17:21:03,849 EPOCH 29 done: loss 0.0385 - lr 0.006250
2022-05-13 17:21:12,060 Evaluating as a multi-label problem: False
2022-05-13 17:21:12,072 DEV : loss 0.21440337598323822 - f1-score (micro avg)  0.5139
2022-05-13 17:21:12,158 BAD EPOCHS (no improvement): 1
2022-05-13 17:21:12,161 ----------------------------------------------------------------------------------------------------
2022-05-13 17:21:14,669 epoch 30 - iter 10/107 - loss 0.03564462 - samples/sec: 127.65 - lr: 0.006250
2022-05-13 17:21:17,322 epoch 30 - iter 20/107 - loss 0.03951463 - samples/sec: 120.68 - lr: 0.006250
2022-05-13 17:21:19,913 epoch 30 - iter 30/107 - loss 0.03989692 - samples/sec: 123.58 - lr: 0.006250
2022-05-13 17:21:22,488 epoch 30 - iter 40/107 - loss 0.03981273 - samples/sec: 124.28 - lr: 0.006250
2022-05-13 17:21:25,088 epoch 30 - iter 50/107 - loss 0.03967496 - samples/sec: 123.12 - lr: 0.006250
2022-05-13 17:21:27,822 epoch 30 - iter 60/107 - loss 0.03998630 - samples/sec: 117.09 - lr: 0.006250
2022-05-13 17:21:30,324 epoch 30 - iter 70/107 - loss 0.03924605 - samples/sec: 127.98 - lr: 0.006250
2022-05-13 17:21:32,835 epoch 30 - iter 80/107 - loss 0.03942206 - samples/sec: 127.50 - lr: 0.006250
2022-05-13 17:21:35,437 epoch 30 - iter 90/107 - loss 0.03931448 - samples/sec: 123.01 - lr: 0.006250
2022-05-13 17:21:38,042 epoch 30 - iter 100/107 - loss 0.03927822 - samples/sec: 122.88 - lr: 0.006250
2022-05-13 17:21:39,544 ----------------------------------------------------------------------------------------------------
2022-05-13 17:21:39,544 EPOCH 30 done: loss 0.0389 - lr 0.006250
2022-05-13 17:21:47,642 Evaluating as a multi-label problem: False
2022-05-13 17:21:47,653 DEV : loss 0.21433620154857635 - f1-score (micro avg)  0.5223
2022-05-13 17:21:47,740 BAD EPOCHS (no improvement): 2
2022-05-13 17:21:47,741 ----------------------------------------------------------------------------------------------------
2022-05-13 17:21:50,379 epoch 31 - iter 10/107 - loss 0.04742575 - samples/sec: 121.38 - lr: 0.006250
2022-05-13 17:21:53,015 epoch 31 - iter 20/107 - loss 0.04766022 - samples/sec: 121.42 - lr: 0.006250
2022-05-13 17:21:55,636 epoch 31 - iter 30/107 - loss 0.04586385 - samples/sec: 122.18 - lr: 0.006250
2022-05-13 17:21:58,263 epoch 31 - iter 40/107 - loss 0.04257165 - samples/sec: 121.86 - lr: 0.006250
2022-05-13 17:22:00,891 epoch 31 - iter 50/107 - loss 0.03961262 - samples/sec: 121.83 - lr: 0.006250
2022-05-13 17:22:03,405 epoch 31 - iter 60/107 - loss 0.03907602 - samples/sec: 127.33 - lr: 0.006250
2022-05-13 17:22:05,975 epoch 31 - iter 70/107 - loss 0.04010314 - samples/sec: 124.54 - lr: 0.006250
2022-05-13 17:22:08,566 epoch 31 - iter 80/107 - loss 0.03945388 - samples/sec: 123.55 - lr: 0.006250
2022-05-13 17:22:11,119 epoch 31 - iter 90/107 - loss 0.03938184 - samples/sec: 125.39 - lr: 0.006250
2022-05-13 17:22:13,846 epoch 31 - iter 100/107 - loss 0.03990872 - samples/sec: 117.39 - lr: 0.006250
2022-05-13 17:22:15,520 ----------------------------------------------------------------------------------------------------
2022-05-13 17:22:15,520 EPOCH 31 done: loss 0.0398 - lr 0.006250
2022-05-13 17:22:23,668 Evaluating as a multi-label problem: False
2022-05-13 17:22:23,679 DEV : loss 0.21749715507030487 - f1-score (micro avg)  0.5239
2022-05-13 17:22:23,766 BAD EPOCHS (no improvement): 3
2022-05-13 17:22:23,768 ----------------------------------------------------------------------------------------------------
2022-05-13 17:22:26,406 epoch 32 - iter 10/107 - loss 0.04728979 - samples/sec: 121.35 - lr: 0.006250
2022-05-13 17:22:28,977 epoch 32 - iter 20/107 - loss 0.04085275 - samples/sec: 124.50 - lr: 0.006250
2022-05-13 17:22:31,515 epoch 32 - iter 30/107 - loss 0.03727736 - samples/sec: 126.16 - lr: 0.006250
2022-05-13 17:22:34,141 epoch 32 - iter 40/107 - loss 0.03718640 - samples/sec: 121.87 - lr: 0.006250
2022-05-13 17:22:36,810 epoch 32 - iter 50/107 - loss 0.03843712 - samples/sec: 119.95 - lr: 0.006250
2022-05-13 17:22:39,394 epoch 32 - iter 60/107 - loss 0.03820422 - samples/sec: 123.89 - lr: 0.006250
2022-05-13 17:22:41,972 epoch 32 - iter 70/107 - loss 0.03919887 - samples/sec: 124.17 - lr: 0.006250
2022-05-13 17:22:44,572 epoch 32 - iter 80/107 - loss 0.03845535 - samples/sec: 123.11 - lr: 0.006250
2022-05-13 17:22:47,107 epoch 32 - iter 90/107 - loss 0.03904007 - samples/sec: 126.31 - lr: 0.006250
2022-05-13 17:22:49,820 epoch 32 - iter 100/107 - loss 0.03826692 - samples/sec: 118.00 - lr: 0.006250
2022-05-13 17:22:51,474 ----------------------------------------------------------------------------------------------------
2022-05-13 17:22:51,474 EPOCH 32 done: loss 0.0385 - lr 0.006250
2022-05-13 17:22:59,662 Evaluating as a multi-label problem: False
2022-05-13 17:22:59,674 DEV : loss 0.21627262234687805 - f1-score (micro avg)  0.522
2022-05-13 17:22:59,761 Epoch    32: reducing learning rate of group 0 to 3.1250e-03.
2022-05-13 17:22:59,761 BAD EPOCHS (no improvement): 4
2022-05-13 17:22:59,762 ----------------------------------------------------------------------------------------------------
2022-05-13 17:23:02,407 epoch 33 - iter 10/107 - loss 0.03876668 - samples/sec: 121.06 - lr: 0.003125
2022-05-13 17:23:05,164 epoch 33 - iter 20/107 - loss 0.03990135 - samples/sec: 116.12 - lr: 0.003125
2022-05-13 17:23:07,876 epoch 33 - iter 30/107 - loss 0.03751249 - samples/sec: 118.04 - lr: 0.003125
2022-05-13 17:23:10,528 epoch 33 - iter 40/107 - loss 0.03764463 - samples/sec: 120.71 - lr: 0.003125
2022-05-13 17:23:13,217 epoch 33 - iter 50/107 - loss 0.03780562 - samples/sec: 119.02 - lr: 0.003125
2022-05-13 17:23:15,899 epoch 33 - iter 60/107 - loss 0.03733369 - samples/sec: 119.38 - lr: 0.003125
2022-05-13 17:23:18,603 epoch 33 - iter 70/107 - loss 0.03750382 - samples/sec: 118.39 - lr: 0.003125
2022-05-13 17:23:21,259 epoch 33 - iter 80/107 - loss 0.03736652 - samples/sec: 120.52 - lr: 0.003125
2022-05-13 17:23:23,774 epoch 33 - iter 90/107 - loss 0.03747168 - samples/sec: 127.28 - lr: 0.003125
2022-05-13 17:23:26,262 epoch 33 - iter 100/107 - loss 0.03729041 - samples/sec: 128.65 - lr: 0.003125
2022-05-13 17:23:27,878 ----------------------------------------------------------------------------------------------------
2022-05-13 17:23:27,878 EPOCH 33 done: loss 0.0374 - lr 0.003125
2022-05-13 17:23:36,084 Evaluating as a multi-label problem: False
2022-05-13 17:23:36,095 DEV : loss 0.21709975600242615 - f1-score (micro avg)  0.5224
2022-05-13 17:23:36,183 BAD EPOCHS (no improvement): 1
2022-05-13 17:23:36,186 ----------------------------------------------------------------------------------------------------
2022-05-13 17:23:38,821 epoch 34 - iter 10/107 - loss 0.03412840 - samples/sec: 121.50 - lr: 0.003125
2022-05-13 17:23:41,350 epoch 34 - iter 20/107 - loss 0.03814712 - samples/sec: 126.57 - lr: 0.003125
2022-05-13 17:23:43,979 epoch 34 - iter 30/107 - loss 0.03899040 - samples/sec: 121.79 - lr: 0.003125
2022-05-13 17:23:46,495 epoch 34 - iter 40/107 - loss 0.04037384 - samples/sec: 127.22 - lr: 0.003125
2022-05-13 17:23:49,146 epoch 34 - iter 50/107 - loss 0.03820082 - samples/sec: 120.78 - lr: 0.003125
2022-05-13 17:23:51,706 epoch 34 - iter 60/107 - loss 0.03762733 - samples/sec: 125.02 - lr: 0.003125
2022-05-13 17:23:54,318 epoch 34 - iter 70/107 - loss 0.03774868 - samples/sec: 122.55 - lr: 0.003125
2022-05-13 17:23:56,999 epoch 34 - iter 80/107 - loss 0.03730453 - samples/sec: 119.40 - lr: 0.003125
2022-05-13 17:23:59,675 epoch 34 - iter 90/107 - loss 0.03872238 - samples/sec: 119.61 - lr: 0.003125
2022-05-13 17:24:02,357 epoch 34 - iter 100/107 - loss 0.03867052 - samples/sec: 119.35 - lr: 0.003125
2022-05-13 17:24:03,932 ----------------------------------------------------------------------------------------------------
2022-05-13 17:24:03,932 EPOCH 34 done: loss 0.0382 - lr 0.003125
2022-05-13 17:24:12,090 Evaluating as a multi-label problem: False
2022-05-13 17:24:12,101 DEV : loss 0.2149554044008255 - f1-score (micro avg)  0.5203
2022-05-13 17:24:12,187 BAD EPOCHS (no improvement): 2
2022-05-13 17:24:12,195 ----------------------------------------------------------------------------------------------------
2022-05-13 17:24:14,877 epoch 35 - iter 10/107 - loss 0.03601825 - samples/sec: 119.37 - lr: 0.003125
2022-05-13 17:24:17,517 epoch 35 - iter 20/107 - loss 0.03897958 - samples/sec: 121.25 - lr: 0.003125
2022-05-13 17:24:20,150 epoch 35 - iter 30/107 - loss 0.03767968 - samples/sec: 121.58 - lr: 0.003125
2022-05-13 17:24:22,876 epoch 35 - iter 40/107 - loss 0.03608658 - samples/sec: 117.43 - lr: 0.003125
2022-05-13 17:24:25,486 epoch 35 - iter 50/107 - loss 0.03873388 - samples/sec: 122.67 - lr: 0.003125
2022-05-13 17:24:27,986 epoch 35 - iter 60/107 - loss 0.03830235 - samples/sec: 128.06 - lr: 0.003125
2022-05-13 17:24:30,646 epoch 35 - iter 70/107 - loss 0.03905939 - samples/sec: 120.33 - lr: 0.003125
2022-05-13 17:24:33,227 epoch 35 - iter 80/107 - loss 0.03797654 - samples/sec: 124.02 - lr: 0.003125
2022-05-13 17:24:35,891 epoch 35 - iter 90/107 - loss 0.03719472 - samples/sec: 120.20 - lr: 0.003125
2022-05-13 17:24:38,363 epoch 35 - iter 100/107 - loss 0.03813976 - samples/sec: 129.48 - lr: 0.003125
2022-05-13 17:24:39,957 ----------------------------------------------------------------------------------------------------
2022-05-13 17:24:39,957 EPOCH 35 done: loss 0.0383 - lr 0.003125
2022-05-13 17:24:48,109 Evaluating as a multi-label problem: False
2022-05-13 17:24:48,120 DEV : loss 0.21449634432792664 - f1-score (micro avg)  0.5234
2022-05-13 17:24:48,207 BAD EPOCHS (no improvement): 3
2022-05-13 17:24:48,209 ----------------------------------------------------------------------------------------------------
2022-05-13 17:24:50,888 epoch 36 - iter 10/107 - loss 0.03780276 - samples/sec: 119.51 - lr: 0.003125
2022-05-13 17:24:53,543 epoch 36 - iter 20/107 - loss 0.03763379 - samples/sec: 120.55 - lr: 0.003125
2022-05-13 17:24:56,100 epoch 36 - iter 30/107 - loss 0.03920543 - samples/sec: 125.21 - lr: 0.003125
2022-05-13 17:24:58,719 epoch 36 - iter 40/107 - loss 0.04001807 - samples/sec: 122.21 - lr: 0.003125
2022-05-13 17:25:01,302 epoch 36 - iter 50/107 - loss 0.04036920 - samples/sec: 123.96 - lr: 0.003125
2022-05-13 17:25:03,910 epoch 36 - iter 60/107 - loss 0.04057961 - samples/sec: 122.71 - lr: 0.003125
2022-05-13 17:25:06,476 epoch 36 - iter 70/107 - loss 0.03846095 - samples/sec: 124.77 - lr: 0.003125
2022-05-13 17:25:09,104 epoch 36 - iter 80/107 - loss 0.03781847 - samples/sec: 121.81 - lr: 0.003125
2022-05-13 17:25:11,831 epoch 36 - iter 90/107 - loss 0.03830118 - samples/sec: 117.40 - lr: 0.003125
2022-05-13 17:25:14,443 epoch 36 - iter 100/107 - loss 0.03796286 - samples/sec: 122.55 - lr: 0.003125
2022-05-13 17:25:15,963 ----------------------------------------------------------------------------------------------------
2022-05-13 17:25:15,963 EPOCH 36 done: loss 0.0372 - lr 0.003125
2022-05-13 17:25:24,117 Evaluating as a multi-label problem: False
2022-05-13 17:25:24,128 DEV : loss 0.22085648775100708 - f1-score (micro avg)  0.5229
2022-05-13 17:25:24,215 Epoch    36: reducing learning rate of group 0 to 1.5625e-03.
2022-05-13 17:25:24,215 BAD EPOCHS (no improvement): 4
2022-05-13 17:25:24,217 ----------------------------------------------------------------------------------------------------
2022-05-13 17:25:26,928 epoch 37 - iter 10/107 - loss 0.03253767 - samples/sec: 118.08 - lr: 0.001563
2022-05-13 17:25:29,528 epoch 37 - iter 20/107 - loss 0.03461050 - samples/sec: 123.14 - lr: 0.001563
2022-05-13 17:25:32,216 epoch 37 - iter 30/107 - loss 0.03743847 - samples/sec: 119.08 - lr: 0.001563
2022-05-13 17:25:34,836 epoch 37 - iter 40/107 - loss 0.03966672 - samples/sec: 122.21 - lr: 0.001563
2022-05-13 17:25:41,401 epoch 37 - iter 50/107 - loss 0.03867835 - samples/sec: 48.75 - lr: 0.001563
2022-05-13 17:25:43,981 epoch 37 - iter 60/107 - loss 0.03717538 - samples/sec: 124.09 - lr: 0.001563
2022-05-13 17:25:46,409 epoch 37 - iter 70/107 - loss 0.03791931 - samples/sec: 131.85 - lr: 0.001563
2022-05-13 17:25:48,812 epoch 37 - iter 80/107 - loss 0.03735888 - samples/sec: 133.20 - lr: 0.001563
2022-05-13 17:25:51,341 epoch 37 - iter 90/107 - loss 0.03703625 - samples/sec: 126.58 - lr: 0.001563
2022-05-13 17:25:53,938 epoch 37 - iter 100/107 - loss 0.03768994 - samples/sec: 123.27 - lr: 0.001563
2022-05-13 17:25:55,562 ----------------------------------------------------------------------------------------------------
2022-05-13 17:25:55,562 EPOCH 37 done: loss 0.0379 - lr 0.001563
2022-05-13 17:26:03,734 Evaluating as a multi-label problem: False
2022-05-13 17:26:03,745 DEV : loss 0.21741527318954468 - f1-score (micro avg)  0.5227
2022-05-13 17:26:03,833 BAD EPOCHS (no improvement): 1
2022-05-13 17:26:03,836 ----------------------------------------------------------------------------------------------------
2022-05-13 17:26:06,406 epoch 38 - iter 10/107 - loss 0.03584263 - samples/sec: 124.56 - lr: 0.001563
2022-05-13 17:26:09,026 epoch 38 - iter 20/107 - loss 0.03638034 - samples/sec: 122.22 - lr: 0.001563
2022-05-13 17:26:11,652 epoch 38 - iter 30/107 - loss 0.03600771 - samples/sec: 121.92 - lr: 0.001563
2022-05-13 17:26:14,182 epoch 38 - iter 40/107 - loss 0.03654139 - samples/sec: 126.52 - lr: 0.001563
2022-05-13 17:26:16,829 epoch 38 - iter 50/107 - loss 0.03600761 - samples/sec: 120.91 - lr: 0.001563
2022-05-13 17:26:19,538 epoch 38 - iter 60/107 - loss 0.03556711 - samples/sec: 118.16 - lr: 0.001563
2022-05-13 17:26:22,220 epoch 38 - iter 70/107 - loss 0.03622606 - samples/sec: 119.39 - lr: 0.001563
2022-05-13 17:26:24,763 epoch 38 - iter 80/107 - loss 0.03569663 - samples/sec: 125.84 - lr: 0.001563
2022-05-13 17:26:27,332 epoch 38 - iter 90/107 - loss 0.03593335 - samples/sec: 124.65 - lr: 0.001563
2022-05-13 17:26:29,823 epoch 38 - iter 100/107 - loss 0.03606087 - samples/sec: 128.46 - lr: 0.001563
2022-05-13 17:26:31,479 ----------------------------------------------------------------------------------------------------
2022-05-13 17:26:31,479 EPOCH 38 done: loss 0.0360 - lr 0.001563
2022-05-13 17:26:39,575 Evaluating as a multi-label problem: False
2022-05-13 17:26:39,586 DEV : loss 0.21779339015483856 - f1-score (micro avg)  0.5244
2022-05-13 17:26:39,672 BAD EPOCHS (no improvement): 2
2022-05-13 17:26:39,674 ----------------------------------------------------------------------------------------------------
2022-05-13 17:26:42,341 epoch 39 - iter 10/107 - loss 0.03797936 - samples/sec: 120.03 - lr: 0.001563
2022-05-13 17:26:44,927 epoch 39 - iter 20/107 - loss 0.03805235 - samples/sec: 123.81 - lr: 0.001563
2022-05-13 17:26:47,378 epoch 39 - iter 30/107 - loss 0.03740303 - samples/sec: 130.58 - lr: 0.001563
2022-05-13 17:26:50,055 epoch 39 - iter 40/107 - loss 0.03675709 - samples/sec: 119.60 - lr: 0.001563
2022-05-13 17:26:52,608 epoch 39 - iter 50/107 - loss 0.03715817 - samples/sec: 125.36 - lr: 0.001563
2022-05-13 17:26:55,229 epoch 39 - iter 60/107 - loss 0.03655076 - samples/sec: 122.16 - lr: 0.001563
2022-05-13 17:26:57,803 epoch 39 - iter 70/107 - loss 0.03808708 - samples/sec: 124.40 - lr: 0.001563
2022-05-13 17:27:00,418 epoch 39 - iter 80/107 - loss 0.03708174 - samples/sec: 122.38 - lr: 0.001563
2022-05-13 17:27:03,094 epoch 39 - iter 90/107 - loss 0.03711425 - samples/sec: 119.64 - lr: 0.001563
2022-05-13 17:27:05,703 epoch 39 - iter 100/107 - loss 0.03685197 - samples/sec: 122.71 - lr: 0.001563
2022-05-13 17:27:07,304 ----------------------------------------------------------------------------------------------------
2022-05-13 17:27:07,304 EPOCH 39 done: loss 0.0372 - lr 0.001563
2022-05-13 17:27:15,601 Evaluating as a multi-label problem: False
2022-05-13 17:27:15,612 DEV : loss 0.21613459289073944 - f1-score (micro avg)  0.5227
2022-05-13 17:27:15,701 BAD EPOCHS (no improvement): 3
2022-05-13 17:27:15,703 ----------------------------------------------------------------------------------------------------
2022-05-13 17:27:18,445 epoch 40 - iter 10/107 - loss 0.03800287 - samples/sec: 116.75 - lr: 0.001563
2022-05-13 17:27:21,053 epoch 40 - iter 20/107 - loss 0.03422554 - samples/sec: 122.76 - lr: 0.001563
2022-05-13 17:27:23,698 epoch 40 - iter 30/107 - loss 0.03223570 - samples/sec: 121.03 - lr: 0.001563
2022-05-13 17:27:26,303 epoch 40 - iter 40/107 - loss 0.03291700 - samples/sec: 122.85 - lr: 0.001563
2022-05-13 17:27:28,860 epoch 40 - iter 50/107 - loss 0.03414269 - samples/sec: 125.20 - lr: 0.001563
2022-05-13 17:27:31,392 epoch 40 - iter 60/107 - loss 0.03574445 - samples/sec: 126.45 - lr: 0.001563
2022-05-13 17:27:34,007 epoch 40 - iter 70/107 - loss 0.03469530 - samples/sec: 122.39 - lr: 0.001563
2022-05-13 17:27:36,640 epoch 40 - iter 80/107 - loss 0.03488770 - samples/sec: 121.60 - lr: 0.001563
2022-05-13 17:27:39,236 epoch 40 - iter 90/107 - loss 0.03448262 - samples/sec: 123.33 - lr: 0.001563
2022-05-13 17:27:41,830 epoch 40 - iter 100/107 - loss 0.03403378 - samples/sec: 123.42 - lr: 0.001563
2022-05-13 17:27:43,499 ----------------------------------------------------------------------------------------------------
2022-05-13 17:27:43,499 EPOCH 40 done: loss 0.0340 - lr 0.001563
2022-05-13 17:27:51,590 Evaluating as a multi-label problem: False
2022-05-13 17:27:51,601 DEV : loss 0.21887138485908508 - f1-score (micro avg)  0.5231
2022-05-13 17:27:51,688 Epoch    40: reducing learning rate of group 0 to 7.8125e-04.
2022-05-13 17:27:51,689 BAD EPOCHS (no improvement): 4
2022-05-13 17:27:51,691 ----------------------------------------------------------------------------------------------------
2022-05-13 17:27:54,294 epoch 41 - iter 10/107 - loss 0.04599977 - samples/sec: 122.99 - lr: 0.000781
2022-05-13 17:27:56,920 epoch 41 - iter 20/107 - loss 0.04337161 - samples/sec: 121.92 - lr: 0.000781
2022-05-13 17:27:59,530 epoch 41 - iter 30/107 - loss 0.04083269 - samples/sec: 122.65 - lr: 0.000781
2022-05-13 17:28:02,149 epoch 41 - iter 40/107 - loss 0.03925562 - samples/sec: 122.20 - lr: 0.000781
2022-05-13 17:28:04,831 epoch 41 - iter 50/107 - loss 0.03806566 - samples/sec: 119.37 - lr: 0.000781
2022-05-13 17:28:07,410 epoch 41 - iter 60/107 - loss 0.03834438 - samples/sec: 124.13 - lr: 0.000781
2022-05-13 17:28:10,080 epoch 41 - iter 70/107 - loss 0.03780165 - samples/sec: 119.90 - lr: 0.000781
2022-05-13 17:28:12,818 epoch 41 - iter 80/107 - loss 0.03661976 - samples/sec: 116.91 - lr: 0.000781
2022-05-13 17:28:15,390 epoch 41 - iter 90/107 - loss 0.03736718 - samples/sec: 124.46 - lr: 0.000781
2022-05-13 17:28:17,977 epoch 41 - iter 100/107 - loss 0.03735522 - samples/sec: 123.75 - lr: 0.000781
2022-05-13 17:28:19,601 ----------------------------------------------------------------------------------------------------
2022-05-13 17:28:19,601 EPOCH 41 done: loss 0.0372 - lr 0.000781
2022-05-13 17:28:27,815 Evaluating as a multi-label problem: False
2022-05-13 17:28:27,826 DEV : loss 0.2183605283498764 - f1-score (micro avg)  0.5231
2022-05-13 17:28:27,916 BAD EPOCHS (no improvement): 1
2022-05-13 17:28:27,917 ----------------------------------------------------------------------------------------------------
2022-05-13 17:28:30,603 epoch 42 - iter 10/107 - loss 0.03221353 - samples/sec: 119.21 - lr: 0.000781
2022-05-13 17:28:33,176 epoch 42 - iter 20/107 - loss 0.03658523 - samples/sec: 124.46 - lr: 0.000781
2022-05-13 17:28:35,747 epoch 42 - iter 30/107 - loss 0.03552071 - samples/sec: 124.49 - lr: 0.000781
2022-05-13 17:28:38,369 epoch 42 - iter 40/107 - loss 0.03598508 - samples/sec: 122.09 - lr: 0.000781
2022-05-13 17:28:40,965 epoch 42 - iter 50/107 - loss 0.03697643 - samples/sec: 123.29 - lr: 0.000781
2022-05-13 17:28:43,468 epoch 42 - iter 60/107 - loss 0.03686622 - samples/sec: 127.92 - lr: 0.000781
2022-05-13 17:28:46,009 epoch 42 - iter 70/107 - loss 0.03793418 - samples/sec: 125.97 - lr: 0.000781
2022-05-13 17:28:48,658 epoch 42 - iter 80/107 - loss 0.03786141 - samples/sec: 120.87 - lr: 0.000781
2022-05-13 17:28:51,462 epoch 42 - iter 90/107 - loss 0.03722351 - samples/sec: 114.13 - lr: 0.000781
2022-05-13 17:28:54,180 epoch 42 - iter 100/107 - loss 0.03752044 - samples/sec: 117.78 - lr: 0.000781
2022-05-13 17:28:55,836 ----------------------------------------------------------------------------------------------------
2022-05-13 17:28:55,836 EPOCH 42 done: loss 0.0372 - lr 0.000781
2022-05-13 17:29:04,112 Evaluating as a multi-label problem: False
2022-05-13 17:29:04,123 DEV : loss 0.21674472093582153 - f1-score (micro avg)  0.5223
2022-05-13 17:29:04,211 BAD EPOCHS (no improvement): 2
2022-05-13 17:29:04,213 ----------------------------------------------------------------------------------------------------
2022-05-13 17:29:06,912 epoch 43 - iter 10/107 - loss 0.04264883 - samples/sec: 118.64 - lr: 0.000781
2022-05-13 17:29:09,475 epoch 43 - iter 20/107 - loss 0.03893546 - samples/sec: 124.91 - lr: 0.000781
2022-05-13 17:29:12,031 epoch 43 - iter 30/107 - loss 0.03796392 - samples/sec: 125.19 - lr: 0.000781
2022-05-13 17:29:14,685 epoch 43 - iter 40/107 - loss 0.03906583 - samples/sec: 120.63 - lr: 0.000781
2022-05-13 17:29:17,300 epoch 43 - iter 50/107 - loss 0.03890507 - samples/sec: 122.45 - lr: 0.000781
2022-05-13 17:29:19,962 epoch 43 - iter 60/107 - loss 0.03754934 - samples/sec: 120.23 - lr: 0.000781
2022-05-13 17:29:22,664 epoch 43 - iter 70/107 - loss 0.03688502 - samples/sec: 118.47 - lr: 0.000781
2022-05-13 17:29:25,331 epoch 43 - iter 80/107 - loss 0.03650977 - samples/sec: 120.08 - lr: 0.000781
2022-05-13 17:29:28,060 epoch 43 - iter 90/107 - loss 0.03746300 - samples/sec: 117.27 - lr: 0.000781
2022-05-13 17:29:30,566 epoch 43 - iter 100/107 - loss 0.03790111 - samples/sec: 127.75 - lr: 0.000781
2022-05-13 17:29:32,124 ----------------------------------------------------------------------------------------------------
2022-05-13 17:29:32,124 EPOCH 43 done: loss 0.0382 - lr 0.000781
2022-05-13 17:29:40,277 Evaluating as a multi-label problem: False
2022-05-13 17:29:40,288 DEV : loss 0.2162008434534073 - f1-score (micro avg)  0.5223
2022-05-13 17:29:40,377 BAD EPOCHS (no improvement): 3
2022-05-13 17:29:40,379 ----------------------------------------------------------------------------------------------------
2022-05-13 17:29:43,023 epoch 44 - iter 10/107 - loss 0.03844670 - samples/sec: 121.09 - lr: 0.000781
2022-05-13 17:29:45,661 epoch 44 - iter 20/107 - loss 0.03323348 - samples/sec: 121.34 - lr: 0.000781
2022-05-13 17:29:48,275 epoch 44 - iter 30/107 - loss 0.03554796 - samples/sec: 122.47 - lr: 0.000781
2022-05-13 17:29:50,902 epoch 44 - iter 40/107 - loss 0.03632141 - samples/sec: 121.82 - lr: 0.000781
2022-05-13 17:29:53,403 epoch 44 - iter 50/107 - loss 0.03544171 - samples/sec: 128.01 - lr: 0.000781
2022-05-13 17:29:56,020 epoch 44 - iter 60/107 - loss 0.03527221 - samples/sec: 122.34 - lr: 0.000781
2022-05-13 17:29:58,589 epoch 44 - iter 70/107 - loss 0.03588256 - samples/sec: 124.61 - lr: 0.000781
2022-05-13 17:30:01,279 epoch 44 - iter 80/107 - loss 0.03621166 - samples/sec: 119.00 - lr: 0.000781
2022-05-13 17:30:03,876 epoch 44 - iter 90/107 - loss 0.03599417 - samples/sec: 123.23 - lr: 0.000781
2022-05-13 17:30:06,467 epoch 44 - iter 100/107 - loss 0.03552450 - samples/sec: 123.55 - lr: 0.000781
2022-05-13 17:30:08,102 ----------------------------------------------------------------------------------------------------
2022-05-13 17:30:08,102 EPOCH 44 done: loss 0.0358 - lr 0.000781
2022-05-13 17:30:16,212 Evaluating as a multi-label problem: False
2022-05-13 17:30:16,224 DEV : loss 0.21647699177265167 - f1-score (micro avg)  0.5223
2022-05-13 17:30:16,309 Epoch    44: reducing learning rate of group 0 to 3.9063e-04.
2022-05-13 17:30:16,309 BAD EPOCHS (no improvement): 4
2022-05-13 17:30:16,311 ----------------------------------------------------------------------------------------------------
2022-05-13 17:30:18,910 epoch 45 - iter 10/107 - loss 0.03171486 - samples/sec: 123.18 - lr: 0.000391
2022-05-13 17:30:21,356 epoch 45 - iter 20/107 - loss 0.03134726 - samples/sec: 130.89 - lr: 0.000391
2022-05-13 17:30:23,987 epoch 45 - iter 30/107 - loss 0.03565117 - samples/sec: 121.69 - lr: 0.000391
2022-05-13 17:30:26,646 epoch 45 - iter 40/107 - loss 0.03428086 - samples/sec: 120.36 - lr: 0.000391
2022-05-13 17:30:29,363 epoch 45 - iter 50/107 - loss 0.03596081 - samples/sec: 117.86 - lr: 0.000391
2022-05-13 17:30:32,059 epoch 45 - iter 60/107 - loss 0.03523867 - samples/sec: 118.72 - lr: 0.000391
2022-05-13 17:30:34,630 epoch 45 - iter 70/107 - loss 0.03483866 - samples/sec: 124.48 - lr: 0.000391
2022-05-13 17:30:37,261 epoch 45 - iter 80/107 - loss 0.03495800 - samples/sec: 121.68 - lr: 0.000391
2022-05-13 17:30:39,858 epoch 45 - iter 90/107 - loss 0.03531723 - samples/sec: 123.27 - lr: 0.000391
2022-05-13 17:30:42,448 epoch 45 - iter 100/107 - loss 0.03591642 - samples/sec: 123.57 - lr: 0.000391
2022-05-13 17:30:44,068 ----------------------------------------------------------------------------------------------------
2022-05-13 17:30:44,068 EPOCH 45 done: loss 0.0361 - lr 0.000391
2022-05-13 17:30:52,313 Evaluating as a multi-label problem: False
2022-05-13 17:30:52,324 DEV : loss 0.21640117466449738 - f1-score (micro avg)  0.5227
2022-05-13 17:30:52,411 BAD EPOCHS (no improvement): 1
2022-05-13 17:30:52,413 ----------------------------------------------------------------------------------------------------
2022-05-13 17:30:55,047 epoch 46 - iter 10/107 - loss 0.03760789 - samples/sec: 121.55 - lr: 0.000391
2022-05-13 17:30:57,767 epoch 46 - iter 20/107 - loss 0.03364778 - samples/sec: 117.72 - lr: 0.000391
2022-05-13 17:31:00,441 epoch 46 - iter 30/107 - loss 0.03368164 - samples/sec: 119.69 - lr: 0.000391
2022-05-13 17:31:03,042 epoch 46 - iter 40/107 - loss 0.03284622 - samples/sec: 123.08 - lr: 0.000391
2022-05-13 17:31:05,491 epoch 46 - iter 50/107 - loss 0.03371274 - samples/sec: 130.74 - lr: 0.000391
2022-05-13 17:31:08,115 epoch 46 - iter 60/107 - loss 0.03495443 - samples/sec: 122.00 - lr: 0.000391
2022-05-13 17:31:10,664 epoch 46 - iter 70/107 - loss 0.03565168 - samples/sec: 125.57 - lr: 0.000391
2022-05-13 17:31:13,211 epoch 46 - iter 80/107 - loss 0.03521745 - samples/sec: 125.71 - lr: 0.000391
2022-05-13 17:31:15,721 epoch 46 - iter 90/107 - loss 0.03661713 - samples/sec: 127.55 - lr: 0.000391
2022-05-13 17:31:18,315 epoch 46 - iter 100/107 - loss 0.03635079 - samples/sec: 123.40 - lr: 0.000391
2022-05-13 17:31:19,870 ----------------------------------------------------------------------------------------------------
2022-05-13 17:31:19,870 EPOCH 46 done: loss 0.0361 - lr 0.000391
2022-05-13 17:31:28,059 Evaluating as a multi-label problem: False
2022-05-13 17:31:28,070 DEV : loss 0.21652063727378845 - f1-score (micro avg)  0.5227
2022-05-13 17:31:28,158 BAD EPOCHS (no improvement): 2
2022-05-13 17:31:28,160 ----------------------------------------------------------------------------------------------------
2022-05-13 17:31:30,882 epoch 47 - iter 10/107 - loss 0.03283542 - samples/sec: 117.61 - lr: 0.000391
2022-05-13 17:31:33,408 epoch 47 - iter 20/107 - loss 0.03197311 - samples/sec: 126.71 - lr: 0.000391
2022-05-13 17:31:36,018 epoch 47 - iter 30/107 - loss 0.03580305 - samples/sec: 122.64 - lr: 0.000391
2022-05-13 17:31:38,703 epoch 47 - iter 40/107 - loss 0.03740673 - samples/sec: 119.24 - lr: 0.000391
2022-05-13 17:31:41,322 epoch 47 - iter 50/107 - loss 0.03730252 - samples/sec: 122.22 - lr: 0.000391
2022-05-13 17:31:43,942 epoch 47 - iter 60/107 - loss 0.03639834 - samples/sec: 122.18 - lr: 0.000391
2022-05-13 17:31:46,635 epoch 47 - iter 70/107 - loss 0.03669866 - samples/sec: 118.87 - lr: 0.000391
2022-05-13 17:31:49,345 epoch 47 - iter 80/107 - loss 0.03693218 - samples/sec: 118.15 - lr: 0.000391
2022-05-13 17:31:52,012 epoch 47 - iter 90/107 - loss 0.03679038 - samples/sec: 120.04 - lr: 0.000391
2022-05-13 17:31:54,598 epoch 47 - iter 100/107 - loss 0.03651510 - samples/sec: 123.78 - lr: 0.000391
2022-05-13 17:31:56,169 ----------------------------------------------------------------------------------------------------
2022-05-13 17:31:56,169 EPOCH 47 done: loss 0.0371 - lr 0.000391
2022-05-13 17:32:04,307 Evaluating as a multi-label problem: False
2022-05-13 17:32:04,319 DEV : loss 0.21645161509513855 - f1-score (micro avg)  0.5227
2022-05-13 17:32:04,406 BAD EPOCHS (no improvement): 3
2022-05-13 17:32:04,408 ----------------------------------------------------------------------------------------------------
2022-05-13 17:32:07,111 epoch 48 - iter 10/107 - loss 0.03715115 - samples/sec: 118.46 - lr: 0.000391
2022-05-13 17:32:09,761 epoch 48 - iter 20/107 - loss 0.03914423 - samples/sec: 120.79 - lr: 0.000391
2022-05-13 17:32:12,330 epoch 48 - iter 30/107 - loss 0.03733584 - samples/sec: 124.58 - lr: 0.000391
2022-05-13 17:32:14,902 epoch 48 - iter 40/107 - loss 0.03831900 - samples/sec: 124.49 - lr: 0.000391
2022-05-13 17:32:17,421 epoch 48 - iter 50/107 - loss 0.03747921 - samples/sec: 127.07 - lr: 0.000391
2022-05-13 17:32:20,145 epoch 48 - iter 60/107 - loss 0.03672798 - samples/sec: 117.53 - lr: 0.000391
2022-05-13 17:32:22,748 epoch 48 - iter 70/107 - loss 0.03607705 - samples/sec: 122.98 - lr: 0.000391
2022-05-13 17:32:25,409 epoch 48 - iter 80/107 - loss 0.03669474 - samples/sec: 120.28 - lr: 0.000391
2022-05-13 17:32:27,986 epoch 48 - iter 90/107 - loss 0.03607845 - samples/sec: 124.21 - lr: 0.000391
2022-05-13 17:32:30,540 epoch 48 - iter 100/107 - loss 0.03558617 - samples/sec: 125.35 - lr: 0.000391
2022-05-13 17:32:32,172 ----------------------------------------------------------------------------------------------------
2022-05-13 17:32:32,172 EPOCH 48 done: loss 0.0358 - lr 0.000391
2022-05-13 17:32:40,341 Evaluating as a multi-label problem: False
2022-05-13 17:32:40,353 DEV : loss 0.21609358489513397 - f1-score (micro avg)  0.5223
2022-05-13 17:32:40,441 Epoch    48: reducing learning rate of group 0 to 1.9531e-04.
2022-05-13 17:32:40,441 BAD EPOCHS (no improvement): 4
2022-05-13 17:32:40,443 ----------------------------------------------------------------------------------------------------
2022-05-13 17:32:43,107 epoch 49 - iter 10/107 - loss 0.03960851 - samples/sec: 120.19 - lr: 0.000195
2022-05-13 17:32:45,625 epoch 49 - iter 20/107 - loss 0.03802218 - samples/sec: 127.13 - lr: 0.000195
2022-05-13 17:32:48,118 epoch 49 - iter 30/107 - loss 0.03690755 - samples/sec: 128.42 - lr: 0.000195
2022-05-13 17:32:50,690 epoch 49 - iter 40/107 - loss 0.03489873 - samples/sec: 124.48 - lr: 0.000195
2022-05-13 17:32:53,450 epoch 49 - iter 50/107 - loss 0.03534392 - samples/sec: 115.97 - lr: 0.000195
2022-05-13 17:32:56,019 epoch 49 - iter 60/107 - loss 0.03546534 - samples/sec: 124.60 - lr: 0.000195
2022-05-13 17:32:58,733 epoch 49 - iter 70/107 - loss 0.03559505 - samples/sec: 117.96 - lr: 0.000195
2022-05-13 17:33:01,305 epoch 49 - iter 80/107 - loss 0.03589188 - samples/sec: 124.44 - lr: 0.000195
2022-05-13 17:33:03,997 epoch 49 - iter 90/107 - loss 0.03587508 - samples/sec: 118.93 - lr: 0.000195
2022-05-13 17:33:06,621 epoch 49 - iter 100/107 - loss 0.03668932 - samples/sec: 122.00 - lr: 0.000195
2022-05-13 17:33:08,185 ----------------------------------------------------------------------------------------------------
2022-05-13 17:33:08,185 EPOCH 49 done: loss 0.0366 - lr 0.000195
2022-05-13 17:33:16,471 Evaluating as a multi-label problem: False
2022-05-13 17:33:16,482 DEV : loss 0.21588438749313354 - f1-score (micro avg)  0.5235
2022-05-13 17:33:16,569 BAD EPOCHS (no improvement): 1
2022-05-13 17:33:16,607 ----------------------------------------------------------------------------------------------------
2022-05-13 17:33:19,276 epoch 50 - iter 10/107 - loss 0.04117116 - samples/sec: 119.97 - lr: 0.000195
2022-05-13 17:33:21,856 epoch 50 - iter 20/107 - loss 0.03927427 - samples/sec: 124.05 - lr: 0.000195
2022-05-13 17:33:24,471 epoch 50 - iter 30/107 - loss 0.03982543 - samples/sec: 122.43 - lr: 0.000195
2022-05-13 17:33:27,175 epoch 50 - iter 40/107 - loss 0.03737690 - samples/sec: 118.38 - lr: 0.000195
2022-05-13 17:33:29,792 epoch 50 - iter 50/107 - loss 0.03718753 - samples/sec: 122.32 - lr: 0.000195
2022-05-13 17:33:32,377 epoch 50 - iter 60/107 - loss 0.03711714 - samples/sec: 123.87 - lr: 0.000195
2022-05-13 17:33:34,957 epoch 50 - iter 70/107 - loss 0.03711490 - samples/sec: 124.07 - lr: 0.000195
2022-05-13 17:33:37,600 epoch 50 - iter 80/107 - loss 0.03776023 - samples/sec: 121.11 - lr: 0.000195
2022-05-13 17:33:40,034 epoch 50 - iter 90/107 - loss 0.03712221 - samples/sec: 131.53 - lr: 0.000195
2022-05-13 17:33:42,829 epoch 50 - iter 100/107 - loss 0.03640032 - samples/sec: 114.53 - lr: 0.000195
2022-05-13 17:33:44,468 ----------------------------------------------------------------------------------------------------
2022-05-13 17:33:44,468 EPOCH 50 done: loss 0.0367 - lr 0.000195
2022-05-13 17:33:52,719 Evaluating as a multi-label problem: False
2022-05-13 17:33:52,730 DEV : loss 0.21631649136543274 - f1-score (micro avg)  0.5223
2022-05-13 17:33:52,817 BAD EPOCHS (no improvement): 2
2022-05-13 17:33:52,818 ----------------------------------------------------------------------------------------------------
2022-05-13 17:33:55,553 epoch 51 - iter 10/107 - loss 0.03346285 - samples/sec: 117.08 - lr: 0.000195
2022-05-13 17:33:58,144 epoch 51 - iter 20/107 - loss 0.03675463 - samples/sec: 123.52 - lr: 0.000195
2022-05-13 17:34:00,774 epoch 51 - iter 30/107 - loss 0.03541283 - samples/sec: 121.71 - lr: 0.000195
2022-05-13 17:34:03,514 epoch 51 - iter 40/107 - loss 0.03522855 - samples/sec: 116.85 - lr: 0.000195
2022-05-13 17:34:06,111 epoch 51 - iter 50/107 - loss 0.03529842 - samples/sec: 123.24 - lr: 0.000195
2022-05-13 17:34:08,704 epoch 51 - iter 60/107 - loss 0.03522503 - samples/sec: 123.46 - lr: 0.000195
2022-05-13 17:34:11,249 epoch 51 - iter 70/107 - loss 0.03493860 - samples/sec: 125.82 - lr: 0.000195
2022-05-13 17:34:13,939 epoch 51 - iter 80/107 - loss 0.03618524 - samples/sec: 119.00 - lr: 0.000195
2022-05-13 17:34:16,512 epoch 51 - iter 90/107 - loss 0.03594864 - samples/sec: 124.43 - lr: 0.000195
2022-05-13 17:34:19,042 epoch 51 - iter 100/107 - loss 0.03667313 - samples/sec: 126.52 - lr: 0.000195
2022-05-13 17:34:20,595 ----------------------------------------------------------------------------------------------------
2022-05-13 17:34:20,595 EPOCH 51 done: loss 0.0365 - lr 0.000195
2022-05-13 17:34:28,715 Evaluating as a multi-label problem: False
2022-05-13 17:34:28,726 DEV : loss 0.21633945405483246 - f1-score (micro avg)  0.5223
2022-05-13 17:34:28,813 BAD EPOCHS (no improvement): 3
2022-05-13 17:34:28,850 ----------------------------------------------------------------------------------------------------
2022-05-13 17:34:31,548 epoch 52 - iter 10/107 - loss 0.03667103 - samples/sec: 118.64 - lr: 0.000195
2022-05-13 17:34:34,180 epoch 52 - iter 20/107 - loss 0.03492210 - samples/sec: 121.65 - lr: 0.000195
2022-05-13 17:34:36,831 epoch 52 - iter 30/107 - loss 0.03409624 - samples/sec: 120.73 - lr: 0.000195
2022-05-13 17:34:39,476 epoch 52 - iter 40/107 - loss 0.03427400 - samples/sec: 121.00 - lr: 0.000195
2022-05-13 17:34:42,003 epoch 52 - iter 50/107 - loss 0.03619349 - samples/sec: 126.68 - lr: 0.000195
2022-05-13 17:34:44,557 epoch 52 - iter 60/107 - loss 0.03723440 - samples/sec: 125.34 - lr: 0.000195
2022-05-13 17:34:47,101 epoch 52 - iter 70/107 - loss 0.03682176 - samples/sec: 125.83 - lr: 0.000195
2022-05-13 17:34:49,791 epoch 52 - iter 80/107 - loss 0.03661899 - samples/sec: 119.02 - lr: 0.000195
2022-05-13 17:34:52,399 epoch 52 - iter 90/107 - loss 0.03595044 - samples/sec: 122.76 - lr: 0.000195
2022-05-13 17:34:55,134 epoch 52 - iter 100/107 - loss 0.03544593 - samples/sec: 117.04 - lr: 0.000195
2022-05-13 17:34:56,700 ----------------------------------------------------------------------------------------------------
2022-05-13 17:34:56,700 EPOCH 52 done: loss 0.0357 - lr 0.000195
2022-05-13 17:35:04,939 Evaluating as a multi-label problem: False
2022-05-13 17:35:04,950 DEV : loss 0.21677623689174652 - f1-score (micro avg)  0.5227
2022-05-13 17:35:05,038 Epoch    52: reducing learning rate of group 0 to 9.7656e-05.
2022-05-13 17:35:05,038 BAD EPOCHS (no improvement): 4
2022-05-13 17:35:05,039 ----------------------------------------------------------------------------------------------------
2022-05-13 17:35:05,040 ----------------------------------------------------------------------------------------------------
2022-05-13 17:35:05,040 learning rate too small - quitting training!
2022-05-13 17:35:05,040 ----------------------------------------------------------------------------------------------------
2022-05-13 17:35:39,617 ----------------------------------------------------------------------------------------------------
2022-05-13 17:35:39,618 loading file resources/taggers/model_06_r10_run_4/best-model.pt
2022-05-13 17:36:04,423 SequenceTagger predicts: Dictionary with 27 tags: O, S-person, B-person, E-person, I-person, S-location, B-location, E-location, I-location, S-group, B-group, E-group, I-group, S-corporation, B-corporation, E-corporation, I-corporation, S-product, B-product, E-product, I-product, S-creative-work, B-creative-work, E-creative-work, I-creative-work, <START>, <STOP>
2022-05-13 17:36:25,425 Evaluating as a multi-label problem: False
2022-05-13 17:36:25,437 0.68	0.3151	0.4307	0.2872
2022-05-13 17:36:25,437 
Results:
- F-score (micro) 0.4307
- F-score (macro) 0.3086
- Accuracy 0.2872

By class:
               precision    recall  f1-score   support

       person     0.7624    0.5012    0.6048       429
     location     0.6783    0.5200    0.5887       150
        group     0.5625    0.1091    0.1827       165
creative-work     0.5000    0.0493    0.0897       142
      product     0.3462    0.0709    0.1176       127
  corporation     0.4194    0.1970    0.2680        66

    micro avg     0.6800    0.3151    0.4307      1079
    macro avg     0.5448    0.2412    0.3086      1079
 weighted avg     0.6156    0.3151    0.3923      1079

2022-05-13 17:36:25,437 ----------------------------------------------------------------------------------------------------
