2022-05-13 14:00:50,912 ----------------------------------------------------------------------------------------------------
2022-05-13 14:00:50,912 Model: "SequenceTagger(
  (embeddings): StackedEmbeddings(
    (list_embedding_0): GazetteerEmbeddings()
    (list_embedding_1): FlairEmbeddings(
      (lm): LanguageModel(
        (drop): Dropout(p=0.05, inplace=False)
        (encoder): Embedding(300, 100)
        (rnn): LSTM(100, 2048)
        (decoder): Linear(in_features=2048, out_features=300, bias=True)
      )
    )
    (list_embedding_2): FlairEmbeddings(
      (lm): LanguageModel(
        (drop): Dropout(p=0.05, inplace=False)
        (encoder): Embedding(300, 100)
        (rnn): LSTM(100, 2048)
        (decoder): Linear(in_features=2048, out_features=300, bias=True)
      )
    )
  )
  (word_dropout): WordDropout(p=0.05)
  (locked_dropout): LockedDropout(p=0.5)
  (embedding2nn): Linear(in_features=4262, out_features=4262, bias=True)
  (rnn): LSTM(4262, 256, batch_first=True, bidirectional=True)
  (linear): Linear(in_features=512, out_features=27, bias=True)
  (loss_function): ViterbiLoss()
  (crf): CRF()
)"
2022-05-13 14:00:50,914 ----------------------------------------------------------------------------------------------------
2022-05-13 14:00:50,914 Corpus: "Corpus: 3394 train + 1009 dev + 1287 test sentences"
2022-05-13 14:00:50,914 ----------------------------------------------------------------------------------------------------
2022-05-13 14:00:50,915 Parameters:
2022-05-13 14:00:50,915  - learning_rate: "0.100000"
2022-05-13 14:00:50,915  - mini_batch_size: "32"
2022-05-13 14:00:50,915  - patience: "3"
2022-05-13 14:00:50,915  - anneal_factor: "0.5"
2022-05-13 14:00:50,915  - max_epochs: "150"
2022-05-13 14:00:50,915  - shuffle: "True"
2022-05-13 14:00:50,917  - train_with_dev: "False"
2022-05-13 14:00:50,917  - batch_growth_annealing: "False"
2022-05-13 14:00:50,917 ----------------------------------------------------------------------------------------------------
2022-05-13 14:00:50,917 Model training base path: "resources/taggers/model_04_r10_run_1"
2022-05-13 14:00:50,917 ----------------------------------------------------------------------------------------------------
2022-05-13 14:00:50,917 Device: cuda:0
2022-05-13 14:00:50,917 ----------------------------------------------------------------------------------------------------
2022-05-13 14:00:50,917 Embeddings storage mode: cpu
2022-05-13 14:00:50,917 ----------------------------------------------------------------------------------------------------
2022-05-13 14:00:53,686 epoch 1 - iter 10/107 - loss 0.63288362 - samples/sec: 115.67 - lr: 0.100000
2022-05-13 14:00:56,478 epoch 1 - iter 20/107 - loss 0.45761115 - samples/sec: 114.66 - lr: 0.100000
2022-05-13 14:00:59,250 epoch 1 - iter 30/107 - loss 0.39961403 - samples/sec: 115.47 - lr: 0.100000
2022-05-13 14:01:01,992 epoch 1 - iter 40/107 - loss 0.36558236 - samples/sec: 116.75 - lr: 0.100000
2022-05-13 14:01:04,785 epoch 1 - iter 50/107 - loss 0.33539433 - samples/sec: 114.61 - lr: 0.100000
2022-05-13 14:01:07,569 epoch 1 - iter 60/107 - loss 0.32665200 - samples/sec: 114.99 - lr: 0.100000
2022-05-13 14:01:10,341 epoch 1 - iter 70/107 - loss 0.31978199 - samples/sec: 115.48 - lr: 0.100000
2022-05-13 14:01:13,011 epoch 1 - iter 80/107 - loss 0.31815023 - samples/sec: 119.92 - lr: 0.100000
2022-05-13 14:01:15,505 epoch 1 - iter 90/107 - loss 0.31720254 - samples/sec: 128.32 - lr: 0.100000
2022-05-13 14:01:18,035 epoch 1 - iter 100/107 - loss 0.31344240 - samples/sec: 126.52 - lr: 0.100000
2022-05-13 14:01:19,624 ----------------------------------------------------------------------------------------------------
2022-05-13 14:01:19,624 EPOCH 1 done: loss 0.3086 - lr 0.100000
2022-05-13 14:01:29,872 Evaluating as a multi-label problem: False
2022-05-13 14:01:29,884 DEV : loss 0.3601093292236328 - f1-score (micro avg)  0.3263
2022-05-13 14:01:29,951 BAD EPOCHS (no improvement): 0
2022-05-13 14:01:29,955 saving best model
2022-05-13 14:01:51,274 ----------------------------------------------------------------------------------------------------
2022-05-13 14:01:52,982 epoch 2 - iter 10/107 - loss 0.22357912 - samples/sec: 187.46 - lr: 0.100000
2022-05-13 14:01:54,515 epoch 2 - iter 20/107 - loss 0.20432779 - samples/sec: 208.91 - lr: 0.100000
2022-05-13 14:01:56,062 epoch 2 - iter 30/107 - loss 0.20902125 - samples/sec: 207.02 - lr: 0.100000
2022-05-13 14:01:57,581 epoch 2 - iter 40/107 - loss 0.21297032 - samples/sec: 210.78 - lr: 0.100000
2022-05-13 14:01:59,168 epoch 2 - iter 50/107 - loss 0.20798986 - samples/sec: 201.67 - lr: 0.100000
2022-05-13 14:02:00,821 epoch 2 - iter 60/107 - loss 0.20235594 - samples/sec: 193.71 - lr: 0.100000
2022-05-13 14:02:02,525 epoch 2 - iter 70/107 - loss 0.19890908 - samples/sec: 187.91 - lr: 0.100000
2022-05-13 14:02:04,164 epoch 2 - iter 80/107 - loss 0.19539611 - samples/sec: 195.43 - lr: 0.100000
2022-05-13 14:02:05,819 epoch 2 - iter 90/107 - loss 0.19545671 - samples/sec: 193.43 - lr: 0.100000
2022-05-13 14:02:07,524 epoch 2 - iter 100/107 - loss 0.19408000 - samples/sec: 187.76 - lr: 0.100000
2022-05-13 14:02:08,590 ----------------------------------------------------------------------------------------------------
2022-05-13 14:02:08,591 EPOCH 2 done: loss 0.1945 - lr 0.100000
2022-05-13 14:02:14,381 Evaluating as a multi-label problem: False
2022-05-13 14:02:14,391 DEV : loss 0.32297980785369873 - f1-score (micro avg)  0.3623
2022-05-13 14:02:14,459 BAD EPOCHS (no improvement): 0
2022-05-13 14:02:14,464 saving best model
2022-05-13 14:02:35,473 ----------------------------------------------------------------------------------------------------
2022-05-13 14:02:37,138 epoch 3 - iter 10/107 - loss 0.19875746 - samples/sec: 192.39 - lr: 0.100000
2022-05-13 14:02:38,798 epoch 3 - iter 20/107 - loss 0.17945220 - samples/sec: 192.86 - lr: 0.100000
2022-05-13 14:02:40,375 epoch 3 - iter 30/107 - loss 0.18006944 - samples/sec: 203.11 - lr: 0.100000
2022-05-13 14:02:42,034 epoch 3 - iter 40/107 - loss 0.17265791 - samples/sec: 192.91 - lr: 0.100000
2022-05-13 14:02:43,681 epoch 3 - iter 50/107 - loss 0.17097301 - samples/sec: 194.42 - lr: 0.100000
2022-05-13 14:02:45,324 epoch 3 - iter 60/107 - loss 0.16758860 - samples/sec: 194.88 - lr: 0.100000
2022-05-13 14:02:47,014 epoch 3 - iter 70/107 - loss 0.16339513 - samples/sec: 189.53 - lr: 0.100000
2022-05-13 14:02:48,666 epoch 3 - iter 80/107 - loss 0.16426072 - samples/sec: 193.81 - lr: 0.100000
2022-05-13 14:02:50,260 epoch 3 - iter 90/107 - loss 0.16520170 - samples/sec: 200.86 - lr: 0.100000
2022-05-13 14:02:51,858 epoch 3 - iter 100/107 - loss 0.16260287 - samples/sec: 200.49 - lr: 0.100000
2022-05-13 14:02:52,837 ----------------------------------------------------------------------------------------------------
2022-05-13 14:02:52,837 EPOCH 3 done: loss 0.1601 - lr 0.100000
2022-05-13 14:02:58,830 Evaluating as a multi-label problem: False
2022-05-13 14:02:58,840 DEV : loss 0.33096450567245483 - f1-score (micro avg)  0.3519
2022-05-13 14:02:58,908 BAD EPOCHS (no improvement): 1
2022-05-13 14:02:58,960 ----------------------------------------------------------------------------------------------------
2022-05-13 14:03:00,668 epoch 4 - iter 10/107 - loss 0.15522636 - samples/sec: 187.55 - lr: 0.100000
2022-05-13 14:03:02,402 epoch 4 - iter 20/107 - loss 0.14781565 - samples/sec: 184.65 - lr: 0.100000
2022-05-13 14:03:04,041 epoch 4 - iter 30/107 - loss 0.14748228 - samples/sec: 195.30 - lr: 0.100000
2022-05-13 14:03:05,666 epoch 4 - iter 40/107 - loss 0.14631099 - samples/sec: 197.11 - lr: 0.100000
2022-05-13 14:03:07,306 epoch 4 - iter 50/107 - loss 0.15436333 - samples/sec: 195.19 - lr: 0.100000
2022-05-13 14:03:08,991 epoch 4 - iter 60/107 - loss 0.15323716 - samples/sec: 190.04 - lr: 0.100000
2022-05-13 14:03:10,634 epoch 4 - iter 70/107 - loss 0.15414926 - samples/sec: 194.85 - lr: 0.100000
2022-05-13 14:03:12,334 epoch 4 - iter 80/107 - loss 0.15026422 - samples/sec: 188.43 - lr: 0.100000
2022-05-13 14:03:13,908 epoch 4 - iter 90/107 - loss 0.14671221 - samples/sec: 203.41 - lr: 0.100000
2022-05-13 14:03:15,537 epoch 4 - iter 100/107 - loss 0.14383304 - samples/sec: 196.49 - lr: 0.100000
2022-05-13 14:03:16,538 ----------------------------------------------------------------------------------------------------
2022-05-13 14:03:16,539 EPOCH 4 done: loss 0.1422 - lr 0.100000
2022-05-13 14:03:22,409 Evaluating as a multi-label problem: False
2022-05-13 14:03:22,419 DEV : loss 0.27907073497772217 - f1-score (micro avg)  0.3892
2022-05-13 14:03:22,488 BAD EPOCHS (no improvement): 0
2022-05-13 14:03:22,491 saving best model
2022-05-13 14:03:44,682 ----------------------------------------------------------------------------------------------------
2022-05-13 14:03:46,553 epoch 5 - iter 10/107 - loss 0.11353766 - samples/sec: 171.14 - lr: 0.100000
2022-05-13 14:03:48,285 epoch 5 - iter 20/107 - loss 0.12393077 - samples/sec: 184.94 - lr: 0.100000
2022-05-13 14:03:50,044 epoch 5 - iter 30/107 - loss 0.13070571 - samples/sec: 182.05 - lr: 0.100000
2022-05-13 14:03:51,713 epoch 5 - iter 40/107 - loss 0.13495041 - samples/sec: 191.87 - lr: 0.100000
2022-05-13 14:03:53,467 epoch 5 - iter 50/107 - loss 0.13462043 - samples/sec: 182.49 - lr: 0.100000
2022-05-13 14:03:55,082 epoch 5 - iter 60/107 - loss 0.13304233 - samples/sec: 198.25 - lr: 0.100000
2022-05-13 14:03:56,702 epoch 5 - iter 70/107 - loss 0.13288457 - samples/sec: 197.73 - lr: 0.100000
2022-05-13 14:03:58,306 epoch 5 - iter 80/107 - loss 0.13211809 - samples/sec: 199.55 - lr: 0.100000
2022-05-13 14:03:59,970 epoch 5 - iter 90/107 - loss 0.13074174 - samples/sec: 192.46 - lr: 0.100000
2022-05-13 14:04:01,613 epoch 5 - iter 100/107 - loss 0.12737543 - samples/sec: 194.84 - lr: 0.100000
2022-05-13 14:04:02,641 ----------------------------------------------------------------------------------------------------
2022-05-13 14:04:02,641 EPOCH 5 done: loss 0.1279 - lr 0.100000
2022-05-13 14:04:08,455 Evaluating as a multi-label problem: False
2022-05-13 14:04:08,465 DEV : loss 0.26535120606422424 - f1-score (micro avg)  0.4036
2022-05-13 14:04:08,533 BAD EPOCHS (no improvement): 0
2022-05-13 14:04:08,575 saving best model
2022-05-13 14:04:29,389 ----------------------------------------------------------------------------------------------------
2022-05-13 14:04:31,160 epoch 6 - iter 10/107 - loss 0.10617099 - samples/sec: 180.84 - lr: 0.100000
2022-05-13 14:04:32,823 epoch 6 - iter 20/107 - loss 0.11252219 - samples/sec: 192.58 - lr: 0.100000
2022-05-13 14:04:34,489 epoch 6 - iter 30/107 - loss 0.11412065 - samples/sec: 192.24 - lr: 0.100000
2022-05-13 14:04:36,147 epoch 6 - iter 40/107 - loss 0.11240520 - samples/sec: 193.15 - lr: 0.100000
2022-05-13 14:04:37,807 epoch 6 - iter 50/107 - loss 0.12195220 - samples/sec: 192.92 - lr: 0.100000
2022-05-13 14:04:39,451 epoch 6 - iter 60/107 - loss 0.12287882 - samples/sec: 194.77 - lr: 0.100000
2022-05-13 14:04:41,100 epoch 6 - iter 70/107 - loss 0.12163786 - samples/sec: 194.14 - lr: 0.100000
2022-05-13 14:04:42,845 epoch 6 - iter 80/107 - loss 0.11923622 - samples/sec: 183.48 - lr: 0.100000
2022-05-13 14:04:44,433 epoch 6 - iter 90/107 - loss 0.12029883 - samples/sec: 201.59 - lr: 0.100000
2022-05-13 14:04:46,060 epoch 6 - iter 100/107 - loss 0.12012917 - samples/sec: 196.87 - lr: 0.100000
2022-05-13 14:04:47,083 ----------------------------------------------------------------------------------------------------
2022-05-13 14:04:47,083 EPOCH 6 done: loss 0.1175 - lr 0.100000
2022-05-13 14:04:52,817 Evaluating as a multi-label problem: False
2022-05-13 14:04:52,828 DEV : loss 0.2420313060283661 - f1-score (micro avg)  0.4488
2022-05-13 14:04:52,897 BAD EPOCHS (no improvement): 0
2022-05-13 14:04:52,899 saving best model
2022-05-13 14:05:14,434 ----------------------------------------------------------------------------------------------------
2022-05-13 14:05:16,321 epoch 7 - iter 10/107 - loss 0.12127888 - samples/sec: 169.73 - lr: 0.100000
2022-05-13 14:05:17,946 epoch 7 - iter 20/107 - loss 0.11956076 - samples/sec: 197.13 - lr: 0.100000
2022-05-13 14:05:19,615 epoch 7 - iter 30/107 - loss 0.12192584 - samples/sec: 191.85 - lr: 0.100000
2022-05-13 14:05:21,298 epoch 7 - iter 40/107 - loss 0.11845329 - samples/sec: 190.25 - lr: 0.100000
2022-05-13 14:05:22,950 epoch 7 - iter 50/107 - loss 0.11607965 - samples/sec: 193.86 - lr: 0.100000
2022-05-13 14:05:24,681 epoch 7 - iter 60/107 - loss 0.11478466 - samples/sec: 185.01 - lr: 0.100000
2022-05-13 14:05:26,354 epoch 7 - iter 70/107 - loss 0.11335154 - samples/sec: 191.30 - lr: 0.100000
2022-05-13 14:05:28,034 epoch 7 - iter 80/107 - loss 0.11287824 - samples/sec: 190.65 - lr: 0.100000
2022-05-13 14:05:29,693 epoch 7 - iter 90/107 - loss 0.11214145 - samples/sec: 192.95 - lr: 0.100000
2022-05-13 14:05:31,340 epoch 7 - iter 100/107 - loss 0.11134577 - samples/sec: 194.49 - lr: 0.100000
2022-05-13 14:05:32,371 ----------------------------------------------------------------------------------------------------
2022-05-13 14:05:32,371 EPOCH 7 done: loss 0.1110 - lr 0.100000
2022-05-13 14:05:38,108 Evaluating as a multi-label problem: False
2022-05-13 14:05:38,119 DEV : loss 0.20806464552879333 - f1-score (micro avg)  0.4988
2022-05-13 14:05:38,187 BAD EPOCHS (no improvement): 0
2022-05-13 14:05:38,190 saving best model
2022-05-13 14:05:59,185 ----------------------------------------------------------------------------------------------------
2022-05-13 14:06:00,895 epoch 8 - iter 10/107 - loss 0.10225800 - samples/sec: 187.33 - lr: 0.100000
2022-05-13 14:06:02,499 epoch 8 - iter 20/107 - loss 0.10070977 - samples/sec: 199.59 - lr: 0.100000
2022-05-13 14:06:04,033 epoch 8 - iter 30/107 - loss 0.09895606 - samples/sec: 208.74 - lr: 0.100000
2022-05-13 14:06:05,672 epoch 8 - iter 40/107 - loss 0.10626242 - samples/sec: 195.34 - lr: 0.100000
2022-05-13 14:06:07,278 epoch 8 - iter 50/107 - loss 0.10706454 - samples/sec: 199.42 - lr: 0.100000
2022-05-13 14:06:08,799 epoch 8 - iter 60/107 - loss 0.10872758 - samples/sec: 210.48 - lr: 0.100000
2022-05-13 14:06:10,419 epoch 8 - iter 70/107 - loss 0.10659446 - samples/sec: 197.67 - lr: 0.100000
2022-05-13 14:06:12,111 epoch 8 - iter 80/107 - loss 0.10340281 - samples/sec: 189.26 - lr: 0.100000
2022-05-13 14:06:13,769 epoch 8 - iter 90/107 - loss 0.10316170 - samples/sec: 193.11 - lr: 0.100000
2022-05-13 14:06:15,484 epoch 8 - iter 100/107 - loss 0.10408533 - samples/sec: 186.75 - lr: 0.100000
2022-05-13 14:06:16,469 ----------------------------------------------------------------------------------------------------
2022-05-13 14:06:16,469 EPOCH 8 done: loss 0.1052 - lr 0.100000
2022-05-13 14:06:23,911 Evaluating as a multi-label problem: False
2022-05-13 14:06:23,921 DEV : loss 0.21744436025619507 - f1-score (micro avg)  0.4733
2022-05-13 14:06:23,991 BAD EPOCHS (no improvement): 1
2022-05-13 14:06:23,993 ----------------------------------------------------------------------------------------------------
2022-05-13 14:06:25,688 epoch 9 - iter 10/107 - loss 0.08456573 - samples/sec: 188.98 - lr: 0.100000
2022-05-13 14:06:27,349 epoch 9 - iter 20/107 - loss 0.09960390 - samples/sec: 192.74 - lr: 0.100000
2022-05-13 14:06:28,936 epoch 9 - iter 30/107 - loss 0.09187233 - samples/sec: 201.84 - lr: 0.100000
2022-05-13 14:06:30,540 epoch 9 - iter 40/107 - loss 0.09209670 - samples/sec: 199.56 - lr: 0.100000
2022-05-13 14:06:32,134 epoch 9 - iter 50/107 - loss 0.08963849 - samples/sec: 200.93 - lr: 0.100000
2022-05-13 14:06:33,828 epoch 9 - iter 60/107 - loss 0.08911487 - samples/sec: 189.01 - lr: 0.100000
2022-05-13 14:06:35,448 epoch 9 - iter 70/107 - loss 0.09418816 - samples/sec: 197.61 - lr: 0.100000
2022-05-13 14:06:37,192 epoch 9 - iter 80/107 - loss 0.09317788 - samples/sec: 183.54 - lr: 0.100000
2022-05-13 14:06:38,989 epoch 9 - iter 90/107 - loss 0.09457188 - samples/sec: 178.23 - lr: 0.100000
2022-05-13 14:06:40,603 epoch 9 - iter 100/107 - loss 0.09533102 - samples/sec: 198.40 - lr: 0.100000
2022-05-13 14:06:41,668 ----------------------------------------------------------------------------------------------------
2022-05-13 14:06:41,669 EPOCH 9 done: loss 0.0952 - lr 0.100000
2022-05-13 14:06:47,413 Evaluating as a multi-label problem: False
2022-05-13 14:06:47,424 DEV : loss 0.23659369349479675 - f1-score (micro avg)  0.4435
2022-05-13 14:06:47,495 BAD EPOCHS (no improvement): 2
2022-05-13 14:06:47,500 ----------------------------------------------------------------------------------------------------
2022-05-13 14:06:49,191 epoch 10 - iter 10/107 - loss 0.09416964 - samples/sec: 189.47 - lr: 0.100000
2022-05-13 14:06:50,942 epoch 10 - iter 20/107 - loss 0.08898569 - samples/sec: 182.84 - lr: 0.100000
2022-05-13 14:06:52,578 epoch 10 - iter 30/107 - loss 0.08483809 - samples/sec: 195.68 - lr: 0.100000
2022-05-13 14:06:54,167 epoch 10 - iter 40/107 - loss 0.08915574 - samples/sec: 201.49 - lr: 0.100000
2022-05-13 14:06:55,798 epoch 10 - iter 50/107 - loss 0.08971172 - samples/sec: 196.37 - lr: 0.100000
2022-05-13 14:06:57,470 epoch 10 - iter 60/107 - loss 0.09078475 - samples/sec: 191.51 - lr: 0.100000
2022-05-13 14:06:59,089 epoch 10 - iter 70/107 - loss 0.09210422 - samples/sec: 197.71 - lr: 0.100000
2022-05-13 14:07:00,805 epoch 10 - iter 80/107 - loss 0.09053939 - samples/sec: 186.67 - lr: 0.100000
2022-05-13 14:07:02,451 epoch 10 - iter 90/107 - loss 0.09163255 - samples/sec: 194.41 - lr: 0.100000
2022-05-13 14:07:04,094 epoch 10 - iter 100/107 - loss 0.09111711 - samples/sec: 194.92 - lr: 0.100000
2022-05-13 14:07:05,132 ----------------------------------------------------------------------------------------------------
2022-05-13 14:07:05,132 EPOCH 10 done: loss 0.0906 - lr 0.100000
2022-05-13 14:07:10,845 Evaluating as a multi-label problem: False
2022-05-13 14:07:10,856 DEV : loss 0.18603180348873138 - f1-score (micro avg)  0.5289
2022-05-13 14:07:10,925 BAD EPOCHS (no improvement): 0
2022-05-13 14:07:10,927 saving best model
2022-05-13 14:07:32,075 ----------------------------------------------------------------------------------------------------
2022-05-13 14:07:33,826 epoch 11 - iter 10/107 - loss 0.09320787 - samples/sec: 182.95 - lr: 0.100000
2022-05-13 14:07:35,483 epoch 11 - iter 20/107 - loss 0.08382296 - samples/sec: 193.28 - lr: 0.100000
2022-05-13 14:07:37,075 epoch 11 - iter 30/107 - loss 0.08486276 - samples/sec: 201.16 - lr: 0.100000
2022-05-13 14:07:38,737 epoch 11 - iter 40/107 - loss 0.08211425 - samples/sec: 192.64 - lr: 0.100000
2022-05-13 14:07:40,384 epoch 11 - iter 50/107 - loss 0.08236668 - samples/sec: 194.40 - lr: 0.100000
2022-05-13 14:07:42,154 epoch 11 - iter 60/107 - loss 0.08046522 - samples/sec: 180.87 - lr: 0.100000
2022-05-13 14:07:43,850 epoch 11 - iter 70/107 - loss 0.08137192 - samples/sec: 188.74 - lr: 0.100000
2022-05-13 14:07:45,554 epoch 11 - iter 80/107 - loss 0.08303912 - samples/sec: 187.93 - lr: 0.100000
2022-05-13 14:07:47,217 epoch 11 - iter 90/107 - loss 0.08429407 - samples/sec: 192.57 - lr: 0.100000
2022-05-13 14:07:48,830 epoch 11 - iter 100/107 - loss 0.08516420 - samples/sec: 198.45 - lr: 0.100000
2022-05-13 14:07:49,808 ----------------------------------------------------------------------------------------------------
2022-05-13 14:07:49,808 EPOCH 11 done: loss 0.0856 - lr 0.100000
2022-05-13 14:07:55,528 Evaluating as a multi-label problem: False
2022-05-13 14:07:55,538 DEV : loss 0.21030937135219574 - f1-score (micro avg)  0.4731
2022-05-13 14:07:55,609 BAD EPOCHS (no improvement): 1
2022-05-13 14:07:55,616 ----------------------------------------------------------------------------------------------------
2022-05-13 14:07:57,346 epoch 12 - iter 10/107 - loss 0.06216385 - samples/sec: 185.11 - lr: 0.100000
2022-05-13 14:07:58,962 epoch 12 - iter 20/107 - loss 0.07319042 - samples/sec: 198.09 - lr: 0.100000
2022-05-13 14:08:00,669 epoch 12 - iter 30/107 - loss 0.07499190 - samples/sec: 187.55 - lr: 0.100000
2022-05-13 14:08:02,354 epoch 12 - iter 40/107 - loss 0.07608248 - samples/sec: 190.08 - lr: 0.100000
2022-05-13 14:08:03,930 epoch 12 - iter 50/107 - loss 0.07681041 - samples/sec: 203.13 - lr: 0.100000
2022-05-13 14:08:05,644 epoch 12 - iter 60/107 - loss 0.07991453 - samples/sec: 186.89 - lr: 0.100000
2022-05-13 14:08:07,313 epoch 12 - iter 70/107 - loss 0.08100637 - samples/sec: 191.81 - lr: 0.100000
2022-05-13 14:08:08,916 epoch 12 - iter 80/107 - loss 0.08074139 - samples/sec: 199.85 - lr: 0.100000
2022-05-13 14:08:10,557 epoch 12 - iter 90/107 - loss 0.08158109 - samples/sec: 195.12 - lr: 0.100000
2022-05-13 14:08:12,135 epoch 12 - iter 100/107 - loss 0.08111570 - samples/sec: 202.86 - lr: 0.100000
2022-05-13 14:08:13,161 ----------------------------------------------------------------------------------------------------
2022-05-13 14:08:13,161 EPOCH 12 done: loss 0.0812 - lr 0.100000
2022-05-13 14:08:18,864 Evaluating as a multi-label problem: False
2022-05-13 14:08:18,875 DEV : loss 0.20643764734268188 - f1-score (micro avg)  0.4876
2022-05-13 14:08:18,945 BAD EPOCHS (no improvement): 2
2022-05-13 14:08:18,947 ----------------------------------------------------------------------------------------------------
2022-05-13 14:08:20,656 epoch 13 - iter 10/107 - loss 0.09101166 - samples/sec: 187.39 - lr: 0.100000
2022-05-13 14:08:22,335 epoch 13 - iter 20/107 - loss 0.09111814 - samples/sec: 190.72 - lr: 0.100000
2022-05-13 14:08:23,973 epoch 13 - iter 30/107 - loss 0.08478581 - samples/sec: 195.48 - lr: 0.100000
2022-05-13 14:08:25,649 epoch 13 - iter 40/107 - loss 0.08357336 - samples/sec: 191.08 - lr: 0.100000
2022-05-13 14:08:27,288 epoch 13 - iter 50/107 - loss 0.08204779 - samples/sec: 195.33 - lr: 0.100000
2022-05-13 14:08:28,946 epoch 13 - iter 60/107 - loss 0.07985371 - samples/sec: 193.07 - lr: 0.100000
2022-05-13 14:08:30,617 epoch 13 - iter 70/107 - loss 0.08027918 - samples/sec: 191.64 - lr: 0.100000
2022-05-13 14:08:32,291 epoch 13 - iter 80/107 - loss 0.08048354 - samples/sec: 191.33 - lr: 0.100000
2022-05-13 14:08:34,010 epoch 13 - iter 90/107 - loss 0.08147009 - samples/sec: 186.26 - lr: 0.100000
2022-05-13 14:08:35,629 epoch 13 - iter 100/107 - loss 0.07996378 - samples/sec: 197.76 - lr: 0.100000
2022-05-13 14:08:36,608 ----------------------------------------------------------------------------------------------------
2022-05-13 14:08:36,608 EPOCH 13 done: loss 0.0787 - lr 0.100000
2022-05-13 14:08:42,295 Evaluating as a multi-label problem: False
2022-05-13 14:08:42,306 DEV : loss 0.24153590202331543 - f1-score (micro avg)  0.4579
2022-05-13 14:08:42,375 BAD EPOCHS (no improvement): 3
2022-05-13 14:08:42,377 ----------------------------------------------------------------------------------------------------
2022-05-13 14:08:44,023 epoch 14 - iter 10/107 - loss 0.06425137 - samples/sec: 194.50 - lr: 0.100000
2022-05-13 14:08:45,641 epoch 14 - iter 20/107 - loss 0.07454304 - samples/sec: 197.92 - lr: 0.100000
2022-05-13 14:08:47,261 epoch 14 - iter 30/107 - loss 0.07241763 - samples/sec: 197.58 - lr: 0.100000
2022-05-13 14:08:48,942 epoch 14 - iter 40/107 - loss 0.07384257 - samples/sec: 190.52 - lr: 0.100000
2022-05-13 14:08:50,579 epoch 14 - iter 50/107 - loss 0.07784964 - samples/sec: 195.54 - lr: 0.100000
2022-05-13 14:08:52,246 epoch 14 - iter 60/107 - loss 0.07476592 - samples/sec: 192.15 - lr: 0.100000
2022-05-13 14:08:53,877 epoch 14 - iter 70/107 - loss 0.07478173 - samples/sec: 196.32 - lr: 0.100000
2022-05-13 14:08:55,549 epoch 14 - iter 80/107 - loss 0.07496525 - samples/sec: 191.49 - lr: 0.100000
2022-05-13 14:08:57,250 epoch 14 - iter 90/107 - loss 0.07373665 - samples/sec: 188.33 - lr: 0.100000
2022-05-13 14:08:58,875 epoch 14 - iter 100/107 - loss 0.07377571 - samples/sec: 197.05 - lr: 0.100000
2022-05-13 14:08:59,864 ----------------------------------------------------------------------------------------------------
2022-05-13 14:08:59,864 EPOCH 14 done: loss 0.0747 - lr 0.100000
2022-05-13 14:09:05,549 Evaluating as a multi-label problem: False
2022-05-13 14:09:05,560 DEV : loss 0.20277968049049377 - f1-score (micro avg)  0.511
2022-05-13 14:09:05,629 Epoch    14: reducing learning rate of group 0 to 5.0000e-02.
2022-05-13 14:09:05,629 BAD EPOCHS (no improvement): 4
2022-05-13 14:09:05,632 ----------------------------------------------------------------------------------------------------
2022-05-13 14:09:07,327 epoch 15 - iter 10/107 - loss 0.05944695 - samples/sec: 188.92 - lr: 0.050000
2022-05-13 14:09:09,010 epoch 15 - iter 20/107 - loss 0.06441911 - samples/sec: 190.22 - lr: 0.050000
2022-05-13 14:09:10,719 epoch 15 - iter 30/107 - loss 0.06509720 - samples/sec: 187.38 - lr: 0.050000
2022-05-13 14:09:12,445 epoch 15 - iter 40/107 - loss 0.06196265 - samples/sec: 185.55 - lr: 0.050000
2022-05-13 14:09:14,109 epoch 15 - iter 50/107 - loss 0.06291539 - samples/sec: 192.38 - lr: 0.050000
2022-05-13 14:09:15,748 epoch 15 - iter 60/107 - loss 0.06299994 - samples/sec: 195.33 - lr: 0.050000
2022-05-13 14:09:17,457 epoch 15 - iter 70/107 - loss 0.06288809 - samples/sec: 187.41 - lr: 0.050000
2022-05-13 14:09:19,141 epoch 15 - iter 80/107 - loss 0.06339873 - samples/sec: 190.08 - lr: 0.050000
2022-05-13 14:09:20,795 epoch 15 - iter 90/107 - loss 0.06416985 - samples/sec: 193.65 - lr: 0.050000
2022-05-13 14:09:22,403 epoch 15 - iter 100/107 - loss 0.06445203 - samples/sec: 199.07 - lr: 0.050000
2022-05-13 14:09:23,397 ----------------------------------------------------------------------------------------------------
2022-05-13 14:09:23,397 EPOCH 15 done: loss 0.0651 - lr 0.050000
2022-05-13 14:09:29,112 Evaluating as a multi-label problem: False
2022-05-13 14:09:29,123 DEV : loss 0.1926567554473877 - f1-score (micro avg)  0.511
2022-05-13 14:09:29,191 BAD EPOCHS (no improvement): 1
2022-05-13 14:09:29,194 ----------------------------------------------------------------------------------------------------
2022-05-13 14:09:30,893 epoch 16 - iter 10/107 - loss 0.06227289 - samples/sec: 188.40 - lr: 0.050000
2022-05-13 14:09:32,505 epoch 16 - iter 20/107 - loss 0.06379031 - samples/sec: 198.71 - lr: 0.050000
2022-05-13 14:09:34,118 epoch 16 - iter 30/107 - loss 0.06270205 - samples/sec: 198.48 - lr: 0.050000
2022-05-13 14:09:35,770 epoch 16 - iter 40/107 - loss 0.05867812 - samples/sec: 193.80 - lr: 0.050000
2022-05-13 14:09:37,459 epoch 16 - iter 50/107 - loss 0.05998974 - samples/sec: 189.60 - lr: 0.050000
2022-05-13 14:09:39,111 epoch 16 - iter 60/107 - loss 0.05835383 - samples/sec: 193.78 - lr: 0.050000
2022-05-13 14:09:40,743 epoch 16 - iter 70/107 - loss 0.05838357 - samples/sec: 196.26 - lr: 0.050000
2022-05-13 14:09:42,302 epoch 16 - iter 80/107 - loss 0.06030034 - samples/sec: 205.37 - lr: 0.050000
2022-05-13 14:09:43,822 epoch 16 - iter 90/107 - loss 0.06156644 - samples/sec: 210.73 - lr: 0.050000
2022-05-13 14:09:45,512 epoch 16 - iter 100/107 - loss 0.06177872 - samples/sec: 189.41 - lr: 0.050000
2022-05-13 14:09:46,534 ----------------------------------------------------------------------------------------------------
2022-05-13 14:09:46,534 EPOCH 16 done: loss 0.0619 - lr 0.050000
2022-05-13 14:09:52,206 Evaluating as a multi-label problem: False
2022-05-13 14:09:52,217 DEV : loss 0.2048947513103485 - f1-score (micro avg)  0.5173
2022-05-13 14:09:52,286 BAD EPOCHS (no improvement): 2
2022-05-13 14:09:52,289 ----------------------------------------------------------------------------------------------------
2022-05-13 14:09:53,968 epoch 17 - iter 10/107 - loss 0.06354103 - samples/sec: 190.64 - lr: 0.050000
2022-05-13 14:09:55,627 epoch 17 - iter 20/107 - loss 0.06137382 - samples/sec: 193.07 - lr: 0.050000
2022-05-13 14:09:57,259 epoch 17 - iter 30/107 - loss 0.06766926 - samples/sec: 196.15 - lr: 0.050000
2022-05-13 14:09:58,874 epoch 17 - iter 40/107 - loss 0.06345348 - samples/sec: 198.31 - lr: 0.050000
2022-05-13 14:10:00,466 epoch 17 - iter 50/107 - loss 0.06325508 - samples/sec: 201.05 - lr: 0.050000
2022-05-13 14:10:02,240 epoch 17 - iter 60/107 - loss 0.06385593 - samples/sec: 180.51 - lr: 0.050000
2022-05-13 14:10:03,940 epoch 17 - iter 70/107 - loss 0.06341356 - samples/sec: 188.28 - lr: 0.050000
2022-05-13 14:10:05,573 epoch 17 - iter 80/107 - loss 0.06209915 - samples/sec: 196.14 - lr: 0.050000
2022-05-13 14:10:07,157 epoch 17 - iter 90/107 - loss 0.06162309 - samples/sec: 202.08 - lr: 0.050000
2022-05-13 14:10:08,798 epoch 17 - iter 100/107 - loss 0.06061847 - samples/sec: 195.19 - lr: 0.050000
2022-05-13 14:10:09,814 ----------------------------------------------------------------------------------------------------
2022-05-13 14:10:09,814 EPOCH 17 done: loss 0.0614 - lr 0.050000
2022-05-13 14:10:15,486 Evaluating as a multi-label problem: False
2022-05-13 14:10:15,496 DEV : loss 0.2000393271446228 - f1-score (micro avg)  0.5084
2022-05-13 14:10:15,566 BAD EPOCHS (no improvement): 3
2022-05-13 14:10:15,570 ----------------------------------------------------------------------------------------------------
2022-05-13 14:10:17,327 epoch 18 - iter 10/107 - loss 0.05408243 - samples/sec: 182.23 - lr: 0.050000
2022-05-13 14:10:19,038 epoch 18 - iter 20/107 - loss 0.05516515 - samples/sec: 187.10 - lr: 0.050000
2022-05-13 14:10:20,685 epoch 18 - iter 30/107 - loss 0.05944352 - samples/sec: 194.40 - lr: 0.050000
2022-05-13 14:10:22,309 epoch 18 - iter 40/107 - loss 0.05648471 - samples/sec: 197.16 - lr: 0.050000
2022-05-13 14:10:23,911 epoch 18 - iter 50/107 - loss 0.05750327 - samples/sec: 199.87 - lr: 0.050000
2022-05-13 14:10:25,491 epoch 18 - iter 60/107 - loss 0.05787336 - samples/sec: 202.75 - lr: 0.050000
2022-05-13 14:10:27,126 epoch 18 - iter 70/107 - loss 0.05688663 - samples/sec: 195.77 - lr: 0.050000
2022-05-13 14:10:28,724 epoch 18 - iter 80/107 - loss 0.05686038 - samples/sec: 200.47 - lr: 0.050000
2022-05-13 14:10:30,353 epoch 18 - iter 90/107 - loss 0.05689993 - samples/sec: 196.57 - lr: 0.050000
2022-05-13 14:10:31,929 epoch 18 - iter 100/107 - loss 0.05660774 - samples/sec: 203.13 - lr: 0.050000
2022-05-13 14:10:32,919 ----------------------------------------------------------------------------------------------------
2022-05-13 14:10:32,919 EPOCH 18 done: loss 0.0569 - lr 0.050000
2022-05-13 14:10:38,582 Evaluating as a multi-label problem: False
2022-05-13 14:10:38,592 DEV : loss 0.20869246125221252 - f1-score (micro avg)  0.5098
2022-05-13 14:10:38,663 Epoch    18: reducing learning rate of group 0 to 2.5000e-02.
2022-05-13 14:10:38,663 BAD EPOCHS (no improvement): 4
2022-05-13 14:10:38,668 ----------------------------------------------------------------------------------------------------
2022-05-13 14:10:40,467 epoch 19 - iter 10/107 - loss 0.05874757 - samples/sec: 177.92 - lr: 0.025000
2022-05-13 14:10:42,055 epoch 19 - iter 20/107 - loss 0.05074776 - samples/sec: 201.75 - lr: 0.025000
2022-05-13 14:10:43,761 epoch 19 - iter 30/107 - loss 0.05112794 - samples/sec: 187.68 - lr: 0.025000
2022-05-13 14:10:45,346 epoch 19 - iter 40/107 - loss 0.05250874 - samples/sec: 201.98 - lr: 0.025000
2022-05-13 14:10:46,926 epoch 19 - iter 50/107 - loss 0.05287971 - samples/sec: 202.64 - lr: 0.025000
2022-05-13 14:10:48,562 epoch 19 - iter 60/107 - loss 0.05403855 - samples/sec: 195.67 - lr: 0.025000
2022-05-13 14:10:50,237 epoch 19 - iter 70/107 - loss 0.05345199 - samples/sec: 191.24 - lr: 0.025000
2022-05-13 14:10:51,883 epoch 19 - iter 80/107 - loss 0.05252127 - samples/sec: 194.43 - lr: 0.025000
2022-05-13 14:10:53,563 epoch 19 - iter 90/107 - loss 0.05211993 - samples/sec: 190.65 - lr: 0.025000
2022-05-13 14:10:55,157 epoch 19 - iter 100/107 - loss 0.05362632 - samples/sec: 200.80 - lr: 0.025000
2022-05-13 14:10:56,107 ----------------------------------------------------------------------------------------------------
2022-05-13 14:10:56,107 EPOCH 19 done: loss 0.0539 - lr 0.025000
2022-05-13 14:11:01,594 Evaluating as a multi-label problem: False
2022-05-13 14:11:01,605 DEV : loss 0.19672556221485138 - f1-score (micro avg)  0.5194
2022-05-13 14:11:01,675 BAD EPOCHS (no improvement): 1
2022-05-13 14:11:01,678 ----------------------------------------------------------------------------------------------------
2022-05-13 14:11:03,269 epoch 20 - iter 10/107 - loss 0.04414205 - samples/sec: 201.25 - lr: 0.025000
2022-05-13 14:11:04,916 epoch 20 - iter 20/107 - loss 0.04522267 - samples/sec: 194.39 - lr: 0.025000
2022-05-13 14:11:06,514 epoch 20 - iter 30/107 - loss 0.04426746 - samples/sec: 200.36 - lr: 0.025000
2022-05-13 14:11:08,023 epoch 20 - iter 40/107 - loss 0.04703070 - samples/sec: 212.16 - lr: 0.025000
2022-05-13 14:11:09,644 epoch 20 - iter 50/107 - loss 0.04831594 - samples/sec: 197.57 - lr: 0.025000
2022-05-13 14:11:11,243 epoch 20 - iter 60/107 - loss 0.05038836 - samples/sec: 200.25 - lr: 0.025000
2022-05-13 14:11:12,915 epoch 20 - iter 70/107 - loss 0.05282441 - samples/sec: 191.50 - lr: 0.025000
2022-05-13 14:11:14,555 epoch 20 - iter 80/107 - loss 0.05250292 - samples/sec: 195.27 - lr: 0.025000
2022-05-13 14:11:16,146 epoch 20 - iter 90/107 - loss 0.05117354 - samples/sec: 201.21 - lr: 0.025000
2022-05-13 14:11:17,810 epoch 20 - iter 100/107 - loss 0.05198835 - samples/sec: 192.49 - lr: 0.025000
2022-05-13 14:11:18,827 ----------------------------------------------------------------------------------------------------
2022-05-13 14:11:18,827 EPOCH 20 done: loss 0.0514 - lr 0.025000
2022-05-13 14:11:24,557 Evaluating as a multi-label problem: False
2022-05-13 14:11:24,568 DEV : loss 0.20710133016109467 - f1-score (micro avg)  0.5109
2022-05-13 14:11:24,637 BAD EPOCHS (no improvement): 2
2022-05-13 14:11:24,641 ----------------------------------------------------------------------------------------------------
2022-05-13 14:11:26,348 epoch 21 - iter 10/107 - loss 0.05976758 - samples/sec: 187.62 - lr: 0.025000
2022-05-13 14:11:28,048 epoch 21 - iter 20/107 - loss 0.04926054 - samples/sec: 188.39 - lr: 0.025000
2022-05-13 14:11:29,688 epoch 21 - iter 30/107 - loss 0.05092591 - samples/sec: 195.19 - lr: 0.025000
2022-05-13 14:11:31,299 epoch 21 - iter 40/107 - loss 0.05298463 - samples/sec: 198.72 - lr: 0.025000
2022-05-13 14:11:32,936 epoch 21 - iter 50/107 - loss 0.05081070 - samples/sec: 195.61 - lr: 0.025000
2022-05-13 14:11:34,519 epoch 21 - iter 60/107 - loss 0.05013815 - samples/sec: 202.25 - lr: 0.025000
2022-05-13 14:11:36,130 epoch 21 - iter 70/107 - loss 0.05041013 - samples/sec: 198.84 - lr: 0.025000
2022-05-13 14:11:37,666 epoch 21 - iter 80/107 - loss 0.05073884 - samples/sec: 208.42 - lr: 0.025000
2022-05-13 14:11:39,326 epoch 21 - iter 90/107 - loss 0.05111128 - samples/sec: 192.81 - lr: 0.025000
2022-05-13 14:11:41,077 epoch 21 - iter 100/107 - loss 0.05121511 - samples/sec: 182.88 - lr: 0.025000
2022-05-13 14:11:42,103 ----------------------------------------------------------------------------------------------------
2022-05-13 14:11:42,103 EPOCH 21 done: loss 0.0507 - lr 0.025000
2022-05-13 14:11:47,799 Evaluating as a multi-label problem: False
2022-05-13 14:11:47,809 DEV : loss 0.21345454454421997 - f1-score (micro avg)  0.5097
2022-05-13 14:11:47,880 BAD EPOCHS (no improvement): 3
2022-05-13 14:11:47,883 ----------------------------------------------------------------------------------------------------
2022-05-13 14:11:49,627 epoch 22 - iter 10/107 - loss 0.05490844 - samples/sec: 183.62 - lr: 0.025000
2022-05-13 14:11:51,365 epoch 22 - iter 20/107 - loss 0.05205132 - samples/sec: 184.20 - lr: 0.025000
2022-05-13 14:11:52,958 epoch 22 - iter 30/107 - loss 0.05176929 - samples/sec: 201.03 - lr: 0.025000
2022-05-13 14:11:54,647 epoch 22 - iter 40/107 - loss 0.05028936 - samples/sec: 189.61 - lr: 0.025000
2022-05-13 14:11:56,273 epoch 22 - iter 50/107 - loss 0.04935581 - samples/sec: 196.91 - lr: 0.025000
2022-05-13 14:11:57,914 epoch 22 - iter 60/107 - loss 0.04840232 - samples/sec: 195.05 - lr: 0.025000
2022-05-13 14:11:59,463 epoch 22 - iter 70/107 - loss 0.04850160 - samples/sec: 206.71 - lr: 0.025000
2022-05-13 14:12:01,146 epoch 22 - iter 80/107 - loss 0.04902452 - samples/sec: 190.24 - lr: 0.025000
2022-05-13 14:12:02,734 epoch 22 - iter 90/107 - loss 0.04871411 - samples/sec: 201.74 - lr: 0.025000
2022-05-13 14:12:04,353 epoch 22 - iter 100/107 - loss 0.04865994 - samples/sec: 197.69 - lr: 0.025000
2022-05-13 14:12:05,323 ----------------------------------------------------------------------------------------------------
2022-05-13 14:12:05,323 EPOCH 22 done: loss 0.0486 - lr 0.025000
2022-05-13 14:12:12,594 Evaluating as a multi-label problem: False
2022-05-13 14:12:12,604 DEV : loss 0.2080140858888626 - f1-score (micro avg)  0.5035
2022-05-13 14:12:12,673 Epoch    22: reducing learning rate of group 0 to 1.2500e-02.
2022-05-13 14:12:12,673 BAD EPOCHS (no improvement): 4
2022-05-13 14:12:12,677 ----------------------------------------------------------------------------------------------------
2022-05-13 14:12:14,500 epoch 23 - iter 10/107 - loss 0.04801570 - samples/sec: 175.60 - lr: 0.012500
2022-05-13 14:12:16,140 epoch 23 - iter 20/107 - loss 0.04572738 - samples/sec: 195.24 - lr: 0.012500
2022-05-13 14:12:17,675 epoch 23 - iter 30/107 - loss 0.04397750 - samples/sec: 208.71 - lr: 0.012500
2022-05-13 14:12:19,243 epoch 23 - iter 40/107 - loss 0.04673169 - samples/sec: 204.10 - lr: 0.012500
2022-05-13 14:12:20,858 epoch 23 - iter 50/107 - loss 0.04811116 - samples/sec: 198.31 - lr: 0.012500
2022-05-13 14:12:22,471 epoch 23 - iter 60/107 - loss 0.04727171 - samples/sec: 198.55 - lr: 0.012500
2022-05-13 14:12:24,079 epoch 23 - iter 70/107 - loss 0.04704555 - samples/sec: 199.05 - lr: 0.012500
2022-05-13 14:12:25,681 epoch 23 - iter 80/107 - loss 0.04724819 - samples/sec: 199.94 - lr: 0.012500
2022-05-13 14:12:27,310 epoch 23 - iter 90/107 - loss 0.04818287 - samples/sec: 196.51 - lr: 0.012500
2022-05-13 14:12:28,931 epoch 23 - iter 100/107 - loss 0.04860814 - samples/sec: 197.47 - lr: 0.012500
2022-05-13 14:12:29,938 ----------------------------------------------------------------------------------------------------
2022-05-13 14:12:29,938 EPOCH 23 done: loss 0.0479 - lr 0.012500
2022-05-13 14:12:35,623 Evaluating as a multi-label problem: False
2022-05-13 14:12:35,633 DEV : loss 0.21143686771392822 - f1-score (micro avg)  0.5091
2022-05-13 14:12:35,704 BAD EPOCHS (no improvement): 1
2022-05-13 14:12:35,705 ----------------------------------------------------------------------------------------------------
2022-05-13 14:12:37,477 epoch 24 - iter 10/107 - loss 0.05370131 - samples/sec: 180.76 - lr: 0.012500
2022-05-13 14:12:39,127 epoch 24 - iter 20/107 - loss 0.04650669 - samples/sec: 194.06 - lr: 0.012500
2022-05-13 14:12:40,737 epoch 24 - iter 30/107 - loss 0.04335297 - samples/sec: 198.89 - lr: 0.012500
2022-05-13 14:12:42,352 epoch 24 - iter 40/107 - loss 0.04287697 - samples/sec: 198.20 - lr: 0.012500
2022-05-13 14:12:44,004 epoch 24 - iter 50/107 - loss 0.04578473 - samples/sec: 193.81 - lr: 0.012500
2022-05-13 14:12:45,575 epoch 24 - iter 60/107 - loss 0.04579050 - samples/sec: 203.81 - lr: 0.012500
2022-05-13 14:12:47,110 epoch 24 - iter 70/107 - loss 0.04563309 - samples/sec: 208.65 - lr: 0.012500
2022-05-13 14:12:48,718 epoch 24 - iter 80/107 - loss 0.04511699 - samples/sec: 199.10 - lr: 0.012500
2022-05-13 14:12:50,304 epoch 24 - iter 90/107 - loss 0.04411216 - samples/sec: 201.91 - lr: 0.012500
2022-05-13 14:12:51,953 epoch 24 - iter 100/107 - loss 0.04497209 - samples/sec: 194.14 - lr: 0.012500
2022-05-13 14:12:52,968 ----------------------------------------------------------------------------------------------------
2022-05-13 14:12:52,968 EPOCH 24 done: loss 0.0456 - lr 0.012500
2022-05-13 14:12:58,748 Evaluating as a multi-label problem: False
2022-05-13 14:12:58,759 DEV : loss 0.21650081872940063 - f1-score (micro avg)  0.5012
2022-05-13 14:12:58,829 BAD EPOCHS (no improvement): 2
2022-05-13 14:12:58,833 ----------------------------------------------------------------------------------------------------
2022-05-13 14:13:00,518 epoch 25 - iter 10/107 - loss 0.04318289 - samples/sec: 190.07 - lr: 0.012500
2022-05-13 14:13:02,114 epoch 25 - iter 20/107 - loss 0.04796916 - samples/sec: 200.64 - lr: 0.012500
2022-05-13 14:13:03,751 epoch 25 - iter 30/107 - loss 0.04851767 - samples/sec: 195.58 - lr: 0.012500
2022-05-13 14:13:05,373 epoch 25 - iter 40/107 - loss 0.04791557 - samples/sec: 197.40 - lr: 0.012500
2022-05-13 14:13:07,004 epoch 25 - iter 50/107 - loss 0.04532131 - samples/sec: 196.31 - lr: 0.012500
2022-05-13 14:13:08,566 epoch 25 - iter 60/107 - loss 0.04546271 - samples/sec: 205.01 - lr: 0.012500
2022-05-13 14:13:10,159 epoch 25 - iter 70/107 - loss 0.04472058 - samples/sec: 200.95 - lr: 0.012500
2022-05-13 14:13:11,775 epoch 25 - iter 80/107 - loss 0.04458121 - samples/sec: 198.21 - lr: 0.012500
2022-05-13 14:13:13,391 epoch 25 - iter 90/107 - loss 0.04461263 - samples/sec: 198.13 - lr: 0.012500
2022-05-13 14:13:15,017 epoch 25 - iter 100/107 - loss 0.04494738 - samples/sec: 196.95 - lr: 0.012500
2022-05-13 14:13:16,024 ----------------------------------------------------------------------------------------------------
2022-05-13 14:13:16,024 EPOCH 25 done: loss 0.0453 - lr 0.012500
2022-05-13 14:13:21,772 Evaluating as a multi-label problem: False
2022-05-13 14:13:21,783 DEV : loss 0.20184601843357086 - f1-score (micro avg)  0.5219
2022-05-13 14:13:21,854 BAD EPOCHS (no improvement): 3
2022-05-13 14:13:21,857 ----------------------------------------------------------------------------------------------------
2022-05-13 14:13:23,629 epoch 26 - iter 10/107 - loss 0.04163171 - samples/sec: 180.65 - lr: 0.012500
2022-05-13 14:13:25,347 epoch 26 - iter 20/107 - loss 0.04043897 - samples/sec: 186.39 - lr: 0.012500
2022-05-13 14:13:27,006 epoch 26 - iter 30/107 - loss 0.04058857 - samples/sec: 193.00 - lr: 0.012500
2022-05-13 14:13:28,658 epoch 26 - iter 40/107 - loss 0.03941491 - samples/sec: 193.79 - lr: 0.012500
2022-05-13 14:13:30,246 epoch 26 - iter 50/107 - loss 0.04168801 - samples/sec: 201.63 - lr: 0.012500
2022-05-13 14:13:31,858 epoch 26 - iter 60/107 - loss 0.04229747 - samples/sec: 198.71 - lr: 0.012500
2022-05-13 14:13:33,486 epoch 26 - iter 70/107 - loss 0.04255218 - samples/sec: 196.62 - lr: 0.012500
2022-05-13 14:13:35,045 epoch 26 - iter 80/107 - loss 0.04125134 - samples/sec: 205.41 - lr: 0.012500
2022-05-13 14:13:36,580 epoch 26 - iter 90/107 - loss 0.04225627 - samples/sec: 208.58 - lr: 0.012500
2022-05-13 14:13:38,198 epoch 26 - iter 100/107 - loss 0.04309435 - samples/sec: 197.85 - lr: 0.012500
2022-05-13 14:13:39,235 ----------------------------------------------------------------------------------------------------
2022-05-13 14:13:39,235 EPOCH 26 done: loss 0.0439 - lr 0.012500
2022-05-13 14:13:44,960 Evaluating as a multi-label problem: False
2022-05-13 14:13:44,971 DEV : loss 0.2053121030330658 - f1-score (micro avg)  0.5112
2022-05-13 14:13:45,041 Epoch    26: reducing learning rate of group 0 to 6.2500e-03.
2022-05-13 14:13:45,041 BAD EPOCHS (no improvement): 4
2022-05-13 14:13:45,046 ----------------------------------------------------------------------------------------------------
2022-05-13 14:13:46,795 epoch 27 - iter 10/107 - loss 0.04902832 - samples/sec: 183.20 - lr: 0.006250
2022-05-13 14:13:48,439 epoch 27 - iter 20/107 - loss 0.04529100 - samples/sec: 194.74 - lr: 0.006250
2022-05-13 14:13:50,038 epoch 27 - iter 30/107 - loss 0.04491503 - samples/sec: 200.24 - lr: 0.006250
2022-05-13 14:13:51,612 epoch 27 - iter 40/107 - loss 0.04386137 - samples/sec: 203.42 - lr: 0.006250
2022-05-13 14:13:53,190 epoch 27 - iter 50/107 - loss 0.04419304 - samples/sec: 202.90 - lr: 0.006250
2022-05-13 14:13:54,808 epoch 27 - iter 60/107 - loss 0.04336290 - samples/sec: 197.89 - lr: 0.006250
2022-05-13 14:13:56,425 epoch 27 - iter 70/107 - loss 0.04368532 - samples/sec: 198.06 - lr: 0.006250
2022-05-13 14:13:58,037 epoch 27 - iter 80/107 - loss 0.04393642 - samples/sec: 198.67 - lr: 0.006250
2022-05-13 14:13:59,685 epoch 27 - iter 90/107 - loss 0.04571191 - samples/sec: 194.27 - lr: 0.006250
2022-05-13 14:14:01,378 epoch 27 - iter 100/107 - loss 0.04536814 - samples/sec: 189.11 - lr: 0.006250
2022-05-13 14:14:02,435 ----------------------------------------------------------------------------------------------------
2022-05-13 14:14:02,436 EPOCH 27 done: loss 0.0461 - lr 0.006250
2022-05-13 14:14:08,202 Evaluating as a multi-label problem: False
2022-05-13 14:14:08,213 DEV : loss 0.2060539275407791 - f1-score (micro avg)  0.5127
2022-05-13 14:14:08,282 BAD EPOCHS (no improvement): 1
2022-05-13 14:14:08,284 ----------------------------------------------------------------------------------------------------
2022-05-13 14:14:10,076 epoch 28 - iter 10/107 - loss 0.04969370 - samples/sec: 178.75 - lr: 0.006250
2022-05-13 14:14:11,675 epoch 28 - iter 20/107 - loss 0.04510815 - samples/sec: 200.16 - lr: 0.006250
2022-05-13 14:14:13,292 epoch 28 - iter 30/107 - loss 0.04456846 - samples/sec: 198.02 - lr: 0.006250
2022-05-13 14:14:14,946 epoch 28 - iter 40/107 - loss 0.04311519 - samples/sec: 193.59 - lr: 0.006250
2022-05-13 14:14:16,548 epoch 28 - iter 50/107 - loss 0.04368404 - samples/sec: 199.92 - lr: 0.006250
2022-05-13 14:14:18,105 epoch 28 - iter 60/107 - loss 0.04281078 - samples/sec: 205.54 - lr: 0.006250
2022-05-13 14:14:19,699 epoch 28 - iter 70/107 - loss 0.04327112 - samples/sec: 200.95 - lr: 0.006250
2022-05-13 14:14:21,263 epoch 28 - iter 80/107 - loss 0.04406977 - samples/sec: 204.66 - lr: 0.006250
2022-05-13 14:14:22,903 epoch 28 - iter 90/107 - loss 0.04365567 - samples/sec: 195.29 - lr: 0.006250
2022-05-13 14:14:24,495 epoch 28 - iter 100/107 - loss 0.04332235 - samples/sec: 201.14 - lr: 0.006250
2022-05-13 14:14:25,455 ----------------------------------------------------------------------------------------------------
2022-05-13 14:14:25,456 EPOCH 28 done: loss 0.0435 - lr 0.006250
2022-05-13 14:14:31,058 Evaluating as a multi-label problem: False
2022-05-13 14:14:31,070 DEV : loss 0.2111705094575882 - f1-score (micro avg)  0.5147
2022-05-13 14:14:31,141 BAD EPOCHS (no improvement): 2
2022-05-13 14:14:31,144 ----------------------------------------------------------------------------------------------------
2022-05-13 14:14:32,899 epoch 29 - iter 10/107 - loss 0.04985287 - samples/sec: 182.44 - lr: 0.006250
2022-05-13 14:14:34,559 epoch 29 - iter 20/107 - loss 0.04387204 - samples/sec: 192.93 - lr: 0.006250
2022-05-13 14:14:36,148 epoch 29 - iter 30/107 - loss 0.04260645 - samples/sec: 201.49 - lr: 0.006250
2022-05-13 14:14:37,705 epoch 29 - iter 40/107 - loss 0.04402609 - samples/sec: 205.76 - lr: 0.006250
2022-05-13 14:14:39,310 epoch 29 - iter 50/107 - loss 0.04313893 - samples/sec: 199.47 - lr: 0.006250
2022-05-13 14:14:40,924 epoch 29 - iter 60/107 - loss 0.04305647 - samples/sec: 198.42 - lr: 0.006250
2022-05-13 14:14:42,507 epoch 29 - iter 70/107 - loss 0.04458990 - samples/sec: 202.25 - lr: 0.006250
2022-05-13 14:14:44,118 epoch 29 - iter 80/107 - loss 0.04478665 - samples/sec: 198.71 - lr: 0.006250
2022-05-13 14:14:45,695 epoch 29 - iter 90/107 - loss 0.04418437 - samples/sec: 203.08 - lr: 0.006250
2022-05-13 14:14:47,312 epoch 29 - iter 100/107 - loss 0.04443489 - samples/sec: 198.02 - lr: 0.006250
2022-05-13 14:14:48,281 ----------------------------------------------------------------------------------------------------
2022-05-13 14:14:48,281 EPOCH 29 done: loss 0.0441 - lr 0.006250
2022-05-13 14:14:53,978 Evaluating as a multi-label problem: False
2022-05-13 14:14:53,988 DEV : loss 0.2103312462568283 - f1-score (micro avg)  0.5205
2022-05-13 14:14:54,060 BAD EPOCHS (no improvement): 3
2022-05-13 14:14:54,062 ----------------------------------------------------------------------------------------------------
2022-05-13 14:14:55,817 epoch 30 - iter 10/107 - loss 0.04790046 - samples/sec: 182.43 - lr: 0.006250
2022-05-13 14:14:57,451 epoch 30 - iter 20/107 - loss 0.04238679 - samples/sec: 196.00 - lr: 0.006250
2022-05-13 14:14:59,000 epoch 30 - iter 30/107 - loss 0.04411685 - samples/sec: 206.59 - lr: 0.006250
2022-05-13 14:15:00,674 epoch 30 - iter 40/107 - loss 0.04208359 - samples/sec: 191.34 - lr: 0.006250
2022-05-13 14:15:02,292 epoch 30 - iter 50/107 - loss 0.04157068 - samples/sec: 197.88 - lr: 0.006250
2022-05-13 14:15:03,890 epoch 30 - iter 60/107 - loss 0.04121734 - samples/sec: 200.40 - lr: 0.006250
2022-05-13 14:15:05,490 epoch 30 - iter 70/107 - loss 0.04151939 - samples/sec: 200.12 - lr: 0.006250
2022-05-13 14:15:07,142 epoch 30 - iter 80/107 - loss 0.04214608 - samples/sec: 193.82 - lr: 0.006250
2022-05-13 14:15:08,734 epoch 30 - iter 90/107 - loss 0.04228108 - samples/sec: 201.11 - lr: 0.006250
2022-05-13 14:15:10,336 epoch 30 - iter 100/107 - loss 0.04299568 - samples/sec: 199.85 - lr: 0.006250
2022-05-13 14:15:11,376 ----------------------------------------------------------------------------------------------------
2022-05-13 14:15:11,377 EPOCH 30 done: loss 0.0432 - lr 0.006250
2022-05-13 14:15:17,089 Evaluating as a multi-label problem: False
2022-05-13 14:15:17,100 DEV : loss 0.21326108276844025 - f1-score (micro avg)  0.5098
2022-05-13 14:15:17,174 Epoch    30: reducing learning rate of group 0 to 3.1250e-03.
2022-05-13 14:15:17,174 BAD EPOCHS (no improvement): 4
2022-05-13 14:15:17,179 ----------------------------------------------------------------------------------------------------
2022-05-13 14:15:19,005 epoch 31 - iter 10/107 - loss 0.03667292 - samples/sec: 175.33 - lr: 0.003125
2022-05-13 14:15:20,704 epoch 31 - iter 20/107 - loss 0.03455567 - samples/sec: 188.48 - lr: 0.003125
2022-05-13 14:15:22,291 epoch 31 - iter 30/107 - loss 0.03950631 - samples/sec: 201.87 - lr: 0.003125
2022-05-13 14:15:23,954 epoch 31 - iter 40/107 - loss 0.03936144 - samples/sec: 192.49 - lr: 0.003125
2022-05-13 14:15:25,541 epoch 31 - iter 50/107 - loss 0.04068442 - samples/sec: 201.73 - lr: 0.003125
2022-05-13 14:15:27,023 epoch 31 - iter 60/107 - loss 0.04321946 - samples/sec: 216.14 - lr: 0.003125
2022-05-13 14:15:28,613 epoch 31 - iter 70/107 - loss 0.04333449 - samples/sec: 201.41 - lr: 0.003125
2022-05-13 14:15:30,242 epoch 31 - iter 80/107 - loss 0.04175475 - samples/sec: 196.48 - lr: 0.003125
2022-05-13 14:15:31,783 epoch 31 - iter 90/107 - loss 0.04286929 - samples/sec: 207.84 - lr: 0.003125
2022-05-13 14:15:33,331 epoch 31 - iter 100/107 - loss 0.04325247 - samples/sec: 206.88 - lr: 0.003125
2022-05-13 14:15:34,335 ----------------------------------------------------------------------------------------------------
2022-05-13 14:15:34,336 EPOCH 31 done: loss 0.0433 - lr 0.003125
2022-05-13 14:15:40,030 Evaluating as a multi-label problem: False
2022-05-13 14:15:40,041 DEV : loss 0.20873062312602997 - f1-score (micro avg)  0.5231
2022-05-13 14:15:40,110 BAD EPOCHS (no improvement): 1
2022-05-13 14:15:40,114 ----------------------------------------------------------------------------------------------------
2022-05-13 14:15:41,867 epoch 32 - iter 10/107 - loss 0.04894807 - samples/sec: 182.68 - lr: 0.003125
2022-05-13 14:15:43,582 epoch 32 - iter 20/107 - loss 0.04683005 - samples/sec: 186.70 - lr: 0.003125
2022-05-13 14:15:45,227 epoch 32 - iter 30/107 - loss 0.04878612 - samples/sec: 194.67 - lr: 0.003125
2022-05-13 14:15:46,807 epoch 32 - iter 40/107 - loss 0.04817323 - samples/sec: 202.58 - lr: 0.003125
2022-05-13 14:15:48,387 epoch 32 - iter 50/107 - loss 0.04747607 - samples/sec: 202.62 - lr: 0.003125
2022-05-13 14:15:49,995 epoch 32 - iter 60/107 - loss 0.04627311 - samples/sec: 199.18 - lr: 0.003125
2022-05-13 14:15:51,591 epoch 32 - iter 70/107 - loss 0.04601173 - samples/sec: 200.64 - lr: 0.003125
2022-05-13 14:15:53,123 epoch 32 - iter 80/107 - loss 0.04663966 - samples/sec: 208.99 - lr: 0.003125
2022-05-13 14:15:54,646 epoch 32 - iter 90/107 - loss 0.04544595 - samples/sec: 210.26 - lr: 0.003125
2022-05-13 14:15:56,231 epoch 32 - iter 100/107 - loss 0.04485550 - samples/sec: 201.99 - lr: 0.003125
2022-05-13 14:15:57,177 ----------------------------------------------------------------------------------------------------
2022-05-13 14:15:57,177 EPOCH 32 done: loss 0.0447 - lr 0.003125
2022-05-13 14:16:02,613 Evaluating as a multi-label problem: False
2022-05-13 14:16:02,624 DEV : loss 0.21437424421310425 - f1-score (micro avg)  0.5113
2022-05-13 14:16:02,696 BAD EPOCHS (no improvement): 2
2022-05-13 14:16:02,850 ----------------------------------------------------------------------------------------------------
2022-05-13 14:16:04,575 epoch 33 - iter 10/107 - loss 0.03993751 - samples/sec: 185.70 - lr: 0.003125
2022-05-13 14:16:06,162 epoch 33 - iter 20/107 - loss 0.04199891 - samples/sec: 201.77 - lr: 0.003125
2022-05-13 14:16:07,812 epoch 33 - iter 30/107 - loss 0.04009519 - samples/sec: 194.07 - lr: 0.003125
2022-05-13 14:16:09,476 epoch 33 - iter 40/107 - loss 0.04028153 - samples/sec: 192.46 - lr: 0.003125
2022-05-13 14:16:11,066 epoch 33 - iter 50/107 - loss 0.03921032 - samples/sec: 201.38 - lr: 0.003125
2022-05-13 14:16:12,699 epoch 33 - iter 60/107 - loss 0.03948378 - samples/sec: 196.03 - lr: 0.003125
2022-05-13 14:16:14,341 epoch 33 - iter 70/107 - loss 0.03925486 - samples/sec: 195.00 - lr: 0.003125
2022-05-13 14:16:15,923 epoch 33 - iter 80/107 - loss 0.04082161 - samples/sec: 202.42 - lr: 0.003125
2022-05-13 14:16:17,491 epoch 33 - iter 90/107 - loss 0.04087878 - samples/sec: 204.29 - lr: 0.003125
2022-05-13 14:16:19,100 epoch 33 - iter 100/107 - loss 0.04179033 - samples/sec: 198.96 - lr: 0.003125
2022-05-13 14:16:20,091 ----------------------------------------------------------------------------------------------------
2022-05-13 14:16:20,092 EPOCH 33 done: loss 0.0418 - lr 0.003125
2022-05-13 14:16:25,775 Evaluating as a multi-label problem: False
2022-05-13 14:16:25,786 DEV : loss 0.20913617312908173 - f1-score (micro avg)  0.517
2022-05-13 14:16:25,856 BAD EPOCHS (no improvement): 3
2022-05-13 14:16:25,858 ----------------------------------------------------------------------------------------------------
2022-05-13 14:16:27,669 epoch 34 - iter 10/107 - loss 0.04061426 - samples/sec: 176.87 - lr: 0.003125
2022-05-13 14:16:29,292 epoch 34 - iter 20/107 - loss 0.04465532 - samples/sec: 197.23 - lr: 0.003125
2022-05-13 14:16:30,947 epoch 34 - iter 30/107 - loss 0.04489801 - samples/sec: 193.43 - lr: 0.003125
2022-05-13 14:16:32,590 epoch 34 - iter 40/107 - loss 0.04358167 - samples/sec: 194.94 - lr: 0.003125
2022-05-13 14:16:34,163 epoch 34 - iter 50/107 - loss 0.04156177 - samples/sec: 203.51 - lr: 0.003125
2022-05-13 14:16:35,803 epoch 34 - iter 60/107 - loss 0.04264794 - samples/sec: 195.27 - lr: 0.003125
2022-05-13 14:16:37,408 epoch 34 - iter 70/107 - loss 0.04350889 - samples/sec: 199.52 - lr: 0.003125
2022-05-13 14:16:39,040 epoch 34 - iter 80/107 - loss 0.04326806 - samples/sec: 196.14 - lr: 0.003125
2022-05-13 14:16:40,617 epoch 34 - iter 90/107 - loss 0.04307359 - samples/sec: 203.06 - lr: 0.003125
2022-05-13 14:16:42,183 epoch 34 - iter 100/107 - loss 0.04247092 - samples/sec: 204.47 - lr: 0.003125
2022-05-13 14:16:43,174 ----------------------------------------------------------------------------------------------------
2022-05-13 14:16:43,174 EPOCH 34 done: loss 0.0434 - lr 0.003125
2022-05-13 14:16:48,947 Evaluating as a multi-label problem: False
2022-05-13 14:16:48,958 DEV : loss 0.21070393919944763 - f1-score (micro avg)  0.5097
2022-05-13 14:16:49,029 Epoch    34: reducing learning rate of group 0 to 1.5625e-03.
2022-05-13 14:16:49,029 BAD EPOCHS (no improvement): 4
2022-05-13 14:16:49,036 ----------------------------------------------------------------------------------------------------
2022-05-13 14:16:50,767 epoch 35 - iter 10/107 - loss 0.04552030 - samples/sec: 184.99 - lr: 0.001563
2022-05-13 14:16:52,361 epoch 35 - iter 20/107 - loss 0.04141106 - samples/sec: 200.96 - lr: 0.001563
2022-05-13 14:16:54,004 epoch 35 - iter 30/107 - loss 0.03805709 - samples/sec: 194.88 - lr: 0.001563
2022-05-13 14:16:55,502 epoch 35 - iter 40/107 - loss 0.03808542 - samples/sec: 213.83 - lr: 0.001563
2022-05-13 14:16:57,140 epoch 35 - iter 50/107 - loss 0.04098308 - samples/sec: 195.49 - lr: 0.001563
2022-05-13 14:16:58,807 epoch 35 - iter 60/107 - loss 0.04115170 - samples/sec: 192.02 - lr: 0.001563
2022-05-13 14:17:00,488 epoch 35 - iter 70/107 - loss 0.04087624 - samples/sec: 190.52 - lr: 0.001563
2022-05-13 14:17:02,033 epoch 35 - iter 80/107 - loss 0.03997929 - samples/sec: 207.19 - lr: 0.001563
2022-05-13 14:17:03,662 epoch 35 - iter 90/107 - loss 0.04103998 - samples/sec: 196.53 - lr: 0.001563
2022-05-13 14:17:05,262 epoch 35 - iter 100/107 - loss 0.04106291 - samples/sec: 200.13 - lr: 0.001563
2022-05-13 14:17:06,201 ----------------------------------------------------------------------------------------------------
2022-05-13 14:17:06,202 EPOCH 35 done: loss 0.0411 - lr 0.001563
2022-05-13 14:17:11,907 Evaluating as a multi-label problem: False
2022-05-13 14:17:11,918 DEV : loss 0.21213828027248383 - f1-score (micro avg)  0.5117
2022-05-13 14:17:11,988 BAD EPOCHS (no improvement): 1
2022-05-13 14:17:11,995 ----------------------------------------------------------------------------------------------------
2022-05-13 14:17:13,661 epoch 36 - iter 10/107 - loss 0.03948680 - samples/sec: 192.22 - lr: 0.001563
2022-05-13 14:17:15,351 epoch 36 - iter 20/107 - loss 0.04003643 - samples/sec: 189.48 - lr: 0.001563
2022-05-13 14:17:17,001 epoch 36 - iter 30/107 - loss 0.04077155 - samples/sec: 193.96 - lr: 0.001563
2022-05-13 14:17:18,601 epoch 36 - iter 40/107 - loss 0.03850775 - samples/sec: 200.16 - lr: 0.001563
2022-05-13 14:17:20,193 epoch 36 - iter 50/107 - loss 0.04211599 - samples/sec: 201.10 - lr: 0.001563
2022-05-13 14:17:21,766 epoch 36 - iter 60/107 - loss 0.04249844 - samples/sec: 203.58 - lr: 0.001563
2022-05-13 14:17:23,386 epoch 36 - iter 70/107 - loss 0.04081552 - samples/sec: 197.69 - lr: 0.001563
2022-05-13 14:17:24,959 epoch 36 - iter 80/107 - loss 0.04047286 - samples/sec: 203.50 - lr: 0.001563
2022-05-13 14:17:26,570 epoch 36 - iter 90/107 - loss 0.04123730 - samples/sec: 198.79 - lr: 0.001563
2022-05-13 14:17:28,159 epoch 36 - iter 100/107 - loss 0.04113850 - samples/sec: 201.54 - lr: 0.001563
2022-05-13 14:17:29,180 ----------------------------------------------------------------------------------------------------
2022-05-13 14:17:29,180 EPOCH 36 done: loss 0.0409 - lr 0.001563
2022-05-13 14:17:36,535 Evaluating as a multi-label problem: False
2022-05-13 14:17:36,546 DEV : loss 0.21278344094753265 - f1-score (micro avg)  0.5078
2022-05-13 14:17:36,615 BAD EPOCHS (no improvement): 2
2022-05-13 14:17:36,628 ----------------------------------------------------------------------------------------------------
2022-05-13 14:17:38,467 epoch 37 - iter 10/107 - loss 0.04405948 - samples/sec: 174.15 - lr: 0.001563
2022-05-13 14:17:40,028 epoch 37 - iter 20/107 - loss 0.05091115 - samples/sec: 205.17 - lr: 0.001563
2022-05-13 14:17:41,694 epoch 37 - iter 30/107 - loss 0.04531825 - samples/sec: 192.16 - lr: 0.001563
2022-05-13 14:17:43,295 epoch 37 - iter 40/107 - loss 0.04267821 - samples/sec: 200.01 - lr: 0.001563
2022-05-13 14:17:44,902 epoch 37 - iter 50/107 - loss 0.04291130 - samples/sec: 199.26 - lr: 0.001563
2022-05-13 14:17:46,470 epoch 37 - iter 60/107 - loss 0.04321136 - samples/sec: 204.21 - lr: 0.001563
2022-05-13 14:17:48,620 epoch 37 - iter 70/107 - loss 0.04277227 - samples/sec: 148.94 - lr: 0.001563
2022-05-13 14:17:51,430 epoch 37 - iter 80/107 - loss 0.04186295 - samples/sec: 113.93 - lr: 0.001563
2022-05-13 14:17:54,199 epoch 37 - iter 90/107 - loss 0.04177894 - samples/sec: 115.58 - lr: 0.001563
2022-05-13 14:17:57,177 epoch 37 - iter 100/107 - loss 0.04132140 - samples/sec: 107.51 - lr: 0.001563
2022-05-13 14:17:58,988 ----------------------------------------------------------------------------------------------------
2022-05-13 14:17:58,988 EPOCH 37 done: loss 0.0410 - lr 0.001563
2022-05-13 14:18:09,184 Evaluating as a multi-label problem: False
2022-05-13 14:18:09,195 DEV : loss 0.21466754376888275 - f1-score (micro avg)  0.5074
2022-05-13 14:18:09,267 BAD EPOCHS (no improvement): 3
2022-05-13 14:18:09,270 ----------------------------------------------------------------------------------------------------
2022-05-13 14:18:12,171 epoch 38 - iter 10/107 - loss 0.03373657 - samples/sec: 110.38 - lr: 0.001563
2022-05-13 14:18:14,969 epoch 38 - iter 20/107 - loss 0.04216197 - samples/sec: 114.41 - lr: 0.001563
2022-05-13 14:18:17,803 epoch 38 - iter 30/107 - loss 0.04224952 - samples/sec: 112.94 - lr: 0.001563
2022-05-13 14:18:20,827 epoch 38 - iter 40/107 - loss 0.03975506 - samples/sec: 105.86 - lr: 0.001563
2022-05-13 14:18:23,879 epoch 38 - iter 50/107 - loss 0.03954339 - samples/sec: 104.87 - lr: 0.001563
2022-05-13 14:18:26,871 epoch 38 - iter 60/107 - loss 0.03941058 - samples/sec: 106.99 - lr: 0.001563
2022-05-13 14:18:29,822 epoch 38 - iter 70/107 - loss 0.03998197 - samples/sec: 108.49 - lr: 0.001563
2022-05-13 14:18:33,033 epoch 38 - iter 80/107 - loss 0.04004761 - samples/sec: 99.71 - lr: 0.001563
2022-05-13 14:18:36,248 epoch 38 - iter 90/107 - loss 0.03994251 - samples/sec: 99.56 - lr: 0.001563
2022-05-13 14:18:39,139 epoch 38 - iter 100/107 - loss 0.03961554 - samples/sec: 110.70 - lr: 0.001563
2022-05-13 14:18:41,047 ----------------------------------------------------------------------------------------------------
2022-05-13 14:18:41,047 EPOCH 38 done: loss 0.0406 - lr 0.001563
2022-05-13 14:18:49,266 Evaluating as a multi-label problem: False
2022-05-13 14:18:49,277 DEV : loss 0.21396957337856293 - f1-score (micro avg)  0.5082
2022-05-13 14:18:49,347 Epoch    38: reducing learning rate of group 0 to 7.8125e-04.
2022-05-13 14:18:49,347 BAD EPOCHS (no improvement): 4
2022-05-13 14:18:49,351 ----------------------------------------------------------------------------------------------------
2022-05-13 14:18:51,106 epoch 39 - iter 10/107 - loss 0.05663642 - samples/sec: 182.44 - lr: 0.000781
2022-05-13 14:18:52,749 epoch 39 - iter 20/107 - loss 0.04667001 - samples/sec: 194.89 - lr: 0.000781
2022-05-13 14:18:54,299 epoch 39 - iter 30/107 - loss 0.04964840 - samples/sec: 206.59 - lr: 0.000781
2022-05-13 14:18:55,903 epoch 39 - iter 40/107 - loss 0.04548182 - samples/sec: 199.68 - lr: 0.000781
2022-05-13 14:18:57,516 epoch 39 - iter 50/107 - loss 0.04453415 - samples/sec: 198.42 - lr: 0.000781
2022-05-13 14:18:59,170 epoch 39 - iter 60/107 - loss 0.04431295 - samples/sec: 193.69 - lr: 0.000781
2022-05-13 14:19:00,813 epoch 39 - iter 70/107 - loss 0.04414879 - samples/sec: 194.88 - lr: 0.000781
2022-05-13 14:19:02,406 epoch 39 - iter 80/107 - loss 0.04401768 - samples/sec: 200.98 - lr: 0.000781
2022-05-13 14:19:03,973 epoch 39 - iter 90/107 - loss 0.04357254 - samples/sec: 204.29 - lr: 0.000781
2022-05-13 14:19:05,625 epoch 39 - iter 100/107 - loss 0.04282299 - samples/sec: 193.81 - lr: 0.000781
2022-05-13 14:19:06,632 ----------------------------------------------------------------------------------------------------
2022-05-13 14:19:06,632 EPOCH 39 done: loss 0.0431 - lr 0.000781
2022-05-13 14:19:12,347 Evaluating as a multi-label problem: False
2022-05-13 14:19:12,357 DEV : loss 0.21423543989658356 - f1-score (micro avg)  0.507
2022-05-13 14:19:12,428 BAD EPOCHS (no improvement): 1
2022-05-13 14:19:12,442 ----------------------------------------------------------------------------------------------------
2022-05-13 14:19:14,067 epoch 40 - iter 10/107 - loss 0.04913584 - samples/sec: 197.10 - lr: 0.000781
2022-05-13 14:19:15,624 epoch 40 - iter 20/107 - loss 0.04542538 - samples/sec: 205.67 - lr: 0.000781
2022-05-13 14:19:17,179 epoch 40 - iter 30/107 - loss 0.04437312 - samples/sec: 205.99 - lr: 0.000781
2022-05-13 14:19:18,754 epoch 40 - iter 40/107 - loss 0.04189658 - samples/sec: 203.32 - lr: 0.000781
2022-05-13 14:19:20,326 epoch 40 - iter 50/107 - loss 0.04311899 - samples/sec: 203.71 - lr: 0.000781
2022-05-13 14:19:21,911 epoch 40 - iter 60/107 - loss 0.04226370 - samples/sec: 201.94 - lr: 0.000781
2022-05-13 14:19:24,477 epoch 40 - iter 70/107 - loss 0.04188423 - samples/sec: 134.51 - lr: 0.000781
2022-05-13 14:19:26,914 epoch 40 - iter 80/107 - loss 0.04157372 - samples/sec: 131.34 - lr: 0.000781
2022-05-13 14:19:29,333 epoch 40 - iter 90/107 - loss 0.04138878 - samples/sec: 132.35 - lr: 0.000781
2022-05-13 14:19:31,645 epoch 40 - iter 100/107 - loss 0.04239278 - samples/sec: 138.48 - lr: 0.000781
2022-05-13 14:19:33,071 ----------------------------------------------------------------------------------------------------
2022-05-13 14:19:33,072 EPOCH 40 done: loss 0.0417 - lr 0.000781
2022-05-13 14:19:41,490 Evaluating as a multi-label problem: False
2022-05-13 14:19:41,503 DEV : loss 0.21425507962703705 - f1-score (micro avg)  0.507
2022-05-13 14:19:41,575 BAD EPOCHS (no improvement): 2
2022-05-13 14:19:41,577 ----------------------------------------------------------------------------------------------------
2022-05-13 14:19:43,909 epoch 41 - iter 10/107 - loss 0.04074707 - samples/sec: 137.31 - lr: 0.000781
2022-05-13 14:19:46,189 epoch 41 - iter 20/107 - loss 0.04463643 - samples/sec: 140.41 - lr: 0.000781
2022-05-13 14:19:48,690 epoch 41 - iter 30/107 - loss 0.04198239 - samples/sec: 127.98 - lr: 0.000781
2022-05-13 14:19:51,089 epoch 41 - iter 40/107 - loss 0.04263534 - samples/sec: 133.47 - lr: 0.000781
2022-05-13 14:19:53,525 epoch 41 - iter 50/107 - loss 0.04205092 - samples/sec: 131.43 - lr: 0.000781
2022-05-13 14:19:55,998 epoch 41 - iter 60/107 - loss 0.04173956 - samples/sec: 129.43 - lr: 0.000781
2022-05-13 14:19:58,335 epoch 41 - iter 70/107 - loss 0.04215091 - samples/sec: 136.95 - lr: 0.000781
2022-05-13 14:20:00,572 epoch 41 - iter 80/107 - loss 0.04238133 - samples/sec: 143.12 - lr: 0.000781
2022-05-13 14:20:02,710 epoch 41 - iter 90/107 - loss 0.04231147 - samples/sec: 149.75 - lr: 0.000781
2022-05-13 14:20:04,959 epoch 41 - iter 100/107 - loss 0.04150315 - samples/sec: 142.41 - lr: 0.000781
2022-05-13 14:20:06,149 ----------------------------------------------------------------------------------------------------
2022-05-13 14:20:06,149 EPOCH 41 done: loss 0.0425 - lr 0.000781
2022-05-13 14:20:12,248 Evaluating as a multi-label problem: False
2022-05-13 14:20:12,259 DEV : loss 0.21554534137248993 - f1-score (micro avg)  0.5094
2022-05-13 14:20:12,329 BAD EPOCHS (no improvement): 3
2022-05-13 14:20:12,331 ----------------------------------------------------------------------------------------------------
2022-05-13 14:20:14,007 epoch 42 - iter 10/107 - loss 0.04655432 - samples/sec: 191.12 - lr: 0.000781
2022-05-13 14:20:15,526 epoch 42 - iter 20/107 - loss 0.04439734 - samples/sec: 210.76 - lr: 0.000781
2022-05-13 14:20:17,083 epoch 42 - iter 30/107 - loss 0.04354544 - samples/sec: 205.74 - lr: 0.000781
2022-05-13 14:20:18,634 epoch 42 - iter 40/107 - loss 0.04192430 - samples/sec: 206.44 - lr: 0.000781
2022-05-13 14:20:20,133 epoch 42 - iter 50/107 - loss 0.04492297 - samples/sec: 213.65 - lr: 0.000781
2022-05-13 14:20:21,752 epoch 42 - iter 60/107 - loss 0.04457005 - samples/sec: 197.70 - lr: 0.000781
2022-05-13 14:20:23,355 epoch 42 - iter 70/107 - loss 0.04407869 - samples/sec: 199.71 - lr: 0.000781
2022-05-13 14:20:25,039 epoch 42 - iter 80/107 - loss 0.04373933 - samples/sec: 190.17 - lr: 0.000781
2022-05-13 14:20:26,602 epoch 42 - iter 90/107 - loss 0.04333082 - samples/sec: 204.79 - lr: 0.000781
2022-05-13 14:20:28,217 epoch 42 - iter 100/107 - loss 0.04217578 - samples/sec: 198.26 - lr: 0.000781
2022-05-13 14:20:29,228 ----------------------------------------------------------------------------------------------------
2022-05-13 14:20:29,228 EPOCH 42 done: loss 0.0418 - lr 0.000781
2022-05-13 14:20:34,673 Evaluating as a multi-label problem: False
2022-05-13 14:20:34,683 DEV : loss 0.21413281559944153 - f1-score (micro avg)  0.5113
2022-05-13 14:20:34,754 Epoch    42: reducing learning rate of group 0 to 3.9063e-04.
2022-05-13 14:20:34,799 BAD EPOCHS (no improvement): 4
2022-05-13 14:20:35,195 ----------------------------------------------------------------------------------------------------
2022-05-13 14:20:36,713 epoch 43 - iter 10/107 - loss 0.04697915 - samples/sec: 210.97 - lr: 0.000391
2022-05-13 14:20:38,232 epoch 43 - iter 20/107 - loss 0.04601386 - samples/sec: 210.92 - lr: 0.000391
2022-05-13 14:20:39,812 epoch 43 - iter 30/107 - loss 0.04428074 - samples/sec: 202.55 - lr: 0.000391
2022-05-13 14:20:41,449 epoch 43 - iter 40/107 - loss 0.04145155 - samples/sec: 195.68 - lr: 0.000391
2022-05-13 14:20:43,039 epoch 43 - iter 50/107 - loss 0.04126352 - samples/sec: 201.30 - lr: 0.000391
2022-05-13 14:20:44,577 epoch 43 - iter 60/107 - loss 0.04079876 - samples/sec: 208.27 - lr: 0.000391
2022-05-13 14:20:46,470 epoch 43 - iter 70/107 - loss 0.04082410 - samples/sec: 169.10 - lr: 0.000391
2022-05-13 14:20:48,635 epoch 43 - iter 80/107 - loss 0.04103318 - samples/sec: 147.84 - lr: 0.000391
2022-05-13 14:20:50,929 epoch 43 - iter 90/107 - loss 0.04058696 - samples/sec: 139.60 - lr: 0.000391
2022-05-13 14:20:53,345 epoch 43 - iter 100/107 - loss 0.04151509 - samples/sec: 132.51 - lr: 0.000391
2022-05-13 14:20:54,794 ----------------------------------------------------------------------------------------------------
2022-05-13 14:20:54,794 EPOCH 43 done: loss 0.0408 - lr 0.000391
2022-05-13 14:21:02,544 Evaluating as a multi-label problem: False
2022-05-13 14:21:02,555 DEV : loss 0.21359072625637054 - f1-score (micro avg)  0.5113
2022-05-13 14:21:02,627 BAD EPOCHS (no improvement): 1
2022-05-13 14:21:02,684 ----------------------------------------------------------------------------------------------------
2022-05-13 14:21:05,015 epoch 44 - iter 10/107 - loss 0.03585759 - samples/sec: 137.37 - lr: 0.000391
2022-05-13 14:21:07,426 epoch 44 - iter 20/107 - loss 0.04101853 - samples/sec: 132.77 - lr: 0.000391
2022-05-13 14:21:09,649 epoch 44 - iter 30/107 - loss 0.03982096 - samples/sec: 144.00 - lr: 0.000391
2022-05-13 14:21:12,028 epoch 44 - iter 40/107 - loss 0.03988734 - samples/sec: 134.54 - lr: 0.000391
2022-05-13 14:21:14,433 epoch 44 - iter 50/107 - loss 0.03877268 - samples/sec: 133.14 - lr: 0.000391
2022-05-13 14:21:16,681 epoch 44 - iter 60/107 - loss 0.03758694 - samples/sec: 142.41 - lr: 0.000391
2022-05-13 14:21:19,038 epoch 44 - iter 70/107 - loss 0.03975709 - samples/sec: 135.82 - lr: 0.000391
2022-05-13 14:21:21,404 epoch 44 - iter 80/107 - loss 0.03894394 - samples/sec: 135.28 - lr: 0.000391
2022-05-13 14:21:23,671 epoch 44 - iter 90/107 - loss 0.03958965 - samples/sec: 141.23 - lr: 0.000391
2022-05-13 14:21:25,829 epoch 44 - iter 100/107 - loss 0.04012436 - samples/sec: 148.38 - lr: 0.000391
2022-05-13 14:21:27,024 ----------------------------------------------------------------------------------------------------
2022-05-13 14:21:27,024 EPOCH 44 done: loss 0.0398 - lr 0.000391
2022-05-13 14:21:33,600 Evaluating as a multi-label problem: False
2022-05-13 14:21:33,610 DEV : loss 0.21426543593406677 - f1-score (micro avg)  0.5113
2022-05-13 14:21:33,680 BAD EPOCHS (no improvement): 2
2022-05-13 14:21:33,683 ----------------------------------------------------------------------------------------------------
2022-05-13 14:21:35,180 epoch 45 - iter 10/107 - loss 0.04232980 - samples/sec: 213.96 - lr: 0.000391
2022-05-13 14:21:36,822 epoch 45 - iter 20/107 - loss 0.04013170 - samples/sec: 195.00 - lr: 0.000391
2022-05-13 14:21:38,375 epoch 45 - iter 30/107 - loss 0.04264724 - samples/sec: 206.25 - lr: 0.000391
2022-05-13 14:21:39,969 epoch 45 - iter 40/107 - loss 0.04013424 - samples/sec: 200.84 - lr: 0.000391
2022-05-13 14:21:41,665 epoch 45 - iter 50/107 - loss 0.04057820 - samples/sec: 188.88 - lr: 0.000391
2022-05-13 14:21:43,213 epoch 45 - iter 60/107 - loss 0.04057848 - samples/sec: 206.82 - lr: 0.000391
2022-05-13 14:21:44,755 epoch 45 - iter 70/107 - loss 0.04072150 - samples/sec: 207.55 - lr: 0.000391
2022-05-13 14:21:46,336 epoch 45 - iter 80/107 - loss 0.04030784 - samples/sec: 202.61 - lr: 0.000391
2022-05-13 14:21:47,901 epoch 45 - iter 90/107 - loss 0.04042913 - samples/sec: 204.54 - lr: 0.000391
2022-05-13 14:21:49,450 epoch 45 - iter 100/107 - loss 0.04020591 - samples/sec: 206.69 - lr: 0.000391
2022-05-13 14:21:50,424 ----------------------------------------------------------------------------------------------------
2022-05-13 14:21:50,424 EPOCH 45 done: loss 0.0407 - lr 0.000391
2022-05-13 14:21:56,027 Evaluating as a multi-label problem: False
2022-05-13 14:21:56,038 DEV : loss 0.21453388035297394 - f1-score (micro avg)  0.5113
2022-05-13 14:21:56,108 BAD EPOCHS (no improvement): 3
2022-05-13 14:21:56,110 ----------------------------------------------------------------------------------------------------
2022-05-13 14:21:57,752 epoch 46 - iter 10/107 - loss 0.04262592 - samples/sec: 194.97 - lr: 0.000391
2022-05-13 14:21:59,382 epoch 46 - iter 20/107 - loss 0.03988579 - samples/sec: 196.42 - lr: 0.000391
2022-05-13 14:22:01,018 epoch 46 - iter 30/107 - loss 0.04154139 - samples/sec: 195.72 - lr: 0.000391
2022-05-13 14:22:02,633 epoch 46 - iter 40/107 - loss 0.03970828 - samples/sec: 198.26 - lr: 0.000391
2022-05-13 14:22:04,215 epoch 46 - iter 50/107 - loss 0.03994033 - samples/sec: 202.45 - lr: 0.000391
2022-05-13 14:22:05,779 epoch 46 - iter 60/107 - loss 0.04011360 - samples/sec: 204.69 - lr: 0.000391
2022-05-13 14:22:07,392 epoch 46 - iter 70/107 - loss 0.04082841 - samples/sec: 198.59 - lr: 0.000391
2022-05-13 14:22:09,697 epoch 46 - iter 80/107 - loss 0.04069201 - samples/sec: 138.89 - lr: 0.000391
2022-05-13 14:22:11,837 epoch 46 - iter 90/107 - loss 0.04099571 - samples/sec: 149.59 - lr: 0.000391
2022-05-13 14:22:14,043 epoch 46 - iter 100/107 - loss 0.04088675 - samples/sec: 145.07 - lr: 0.000391
2022-05-13 14:22:15,472 ----------------------------------------------------------------------------------------------------
2022-05-13 14:22:15,472 EPOCH 46 done: loss 0.0408 - lr 0.000391
2022-05-13 14:22:23,248 Evaluating as a multi-label problem: False
2022-05-13 14:22:23,258 DEV : loss 0.214843288064003 - f1-score (micro avg)  0.5097
2022-05-13 14:22:23,331 Epoch    46: reducing learning rate of group 0 to 1.9531e-04.
2022-05-13 14:22:23,332 BAD EPOCHS (no improvement): 4
2022-05-13 14:22:23,335 ----------------------------------------------------------------------------------------------------
2022-05-13 14:22:25,567 epoch 47 - iter 10/107 - loss 0.03621752 - samples/sec: 143.43 - lr: 0.000195
2022-05-13 14:22:27,946 epoch 47 - iter 20/107 - loss 0.04590182 - samples/sec: 134.58 - lr: 0.000195
2022-05-13 14:22:30,212 epoch 47 - iter 30/107 - loss 0.04450559 - samples/sec: 141.29 - lr: 0.000195
2022-05-13 14:22:32,470 epoch 47 - iter 40/107 - loss 0.04437254 - samples/sec: 141.78 - lr: 0.000195
2022-05-13 14:22:34,976 epoch 47 - iter 50/107 - loss 0.04308692 - samples/sec: 127.73 - lr: 0.000195
2022-05-13 14:22:37,287 epoch 47 - iter 60/107 - loss 0.04305968 - samples/sec: 138.58 - lr: 0.000195
2022-05-13 14:22:39,706 epoch 47 - iter 70/107 - loss 0.04376136 - samples/sec: 132.33 - lr: 0.000195
2022-05-13 14:22:42,000 epoch 47 - iter 80/107 - loss 0.04261185 - samples/sec: 139.54 - lr: 0.000195
2022-05-13 14:22:44,287 epoch 47 - iter 90/107 - loss 0.04092267 - samples/sec: 139.97 - lr: 0.000195
2022-05-13 14:22:46,598 epoch 47 - iter 100/107 - loss 0.04136043 - samples/sec: 138.53 - lr: 0.000195
2022-05-13 14:22:48,100 ----------------------------------------------------------------------------------------------------
2022-05-13 14:22:48,100 EPOCH 47 done: loss 0.0410 - lr 0.000195
2022-05-13 14:22:54,887 Evaluating as a multi-label problem: False
2022-05-13 14:22:54,898 DEV : loss 0.2150287628173828 - f1-score (micro avg)  0.5097
2022-05-13 14:22:54,968 BAD EPOCHS (no improvement): 1
2022-05-13 14:22:54,971 ----------------------------------------------------------------------------------------------------
2022-05-13 14:22:56,528 epoch 48 - iter 10/107 - loss 0.04413435 - samples/sec: 205.64 - lr: 0.000195
2022-05-13 14:22:58,051 epoch 48 - iter 20/107 - loss 0.04535335 - samples/sec: 210.32 - lr: 0.000195
2022-05-13 14:22:59,645 epoch 48 - iter 30/107 - loss 0.04524265 - samples/sec: 200.82 - lr: 0.000195
2022-05-13 14:23:01,203 epoch 48 - iter 40/107 - loss 0.04447552 - samples/sec: 205.56 - lr: 0.000195
2022-05-13 14:23:02,762 epoch 48 - iter 50/107 - loss 0.04287291 - samples/sec: 205.30 - lr: 0.000195
2022-05-13 14:23:04,348 epoch 48 - iter 60/107 - loss 0.04340168 - samples/sec: 201.91 - lr: 0.000195
2022-05-13 14:23:05,992 epoch 48 - iter 70/107 - loss 0.04288954 - samples/sec: 194.80 - lr: 0.000195
2022-05-13 14:23:07,623 epoch 48 - iter 80/107 - loss 0.04331408 - samples/sec: 196.23 - lr: 0.000195
2022-05-13 14:23:09,183 epoch 48 - iter 90/107 - loss 0.04198794 - samples/sec: 205.36 - lr: 0.000195
2022-05-13 14:23:10,794 epoch 48 - iter 100/107 - loss 0.04187459 - samples/sec: 198.66 - lr: 0.000195
2022-05-13 14:23:11,784 ----------------------------------------------------------------------------------------------------
2022-05-13 14:23:11,784 EPOCH 48 done: loss 0.0418 - lr 0.000195
2022-05-13 14:23:17,416 Evaluating as a multi-label problem: False
2022-05-13 14:23:17,427 DEV : loss 0.21497799456119537 - f1-score (micro avg)  0.5086
2022-05-13 14:23:17,496 BAD EPOCHS (no improvement): 2
2022-05-13 14:23:17,498 ----------------------------------------------------------------------------------------------------
2022-05-13 14:23:19,226 epoch 49 - iter 10/107 - loss 0.04089266 - samples/sec: 185.38 - lr: 0.000195
2022-05-13 14:23:20,872 epoch 49 - iter 20/107 - loss 0.03810857 - samples/sec: 194.51 - lr: 0.000195
2022-05-13 14:23:22,423 epoch 49 - iter 30/107 - loss 0.04130663 - samples/sec: 206.39 - lr: 0.000195
2022-05-13 14:23:23,965 epoch 49 - iter 40/107 - loss 0.04138722 - samples/sec: 207.69 - lr: 0.000195
2022-05-13 14:23:25,518 epoch 49 - iter 50/107 - loss 0.04203337 - samples/sec: 206.26 - lr: 0.000195
2022-05-13 14:23:27,054 epoch 49 - iter 60/107 - loss 0.04148996 - samples/sec: 208.38 - lr: 0.000195
2022-05-13 14:23:28,677 epoch 49 - iter 70/107 - loss 0.04129197 - samples/sec: 197.24 - lr: 0.000195
2022-05-13 14:23:30,242 epoch 49 - iter 80/107 - loss 0.04028364 - samples/sec: 204.61 - lr: 0.000195
2022-05-13 14:23:32,597 epoch 49 - iter 90/107 - loss 0.04043678 - samples/sec: 135.93 - lr: 0.000195
2022-05-13 14:23:35,037 epoch 49 - iter 100/107 - loss 0.04065865 - samples/sec: 131.25 - lr: 0.000195
2022-05-13 14:23:36,502 ----------------------------------------------------------------------------------------------------
2022-05-13 14:23:36,502 EPOCH 49 done: loss 0.0401 - lr 0.000195
2022-05-13 14:23:44,133 Evaluating as a multi-label problem: False
2022-05-13 14:23:44,143 DEV : loss 0.21546128392219543 - f1-score (micro avg)  0.5086
2022-05-13 14:23:44,214 BAD EPOCHS (no improvement): 3
2022-05-13 14:23:44,216 ----------------------------------------------------------------------------------------------------
2022-05-13 14:23:46,546 epoch 50 - iter 10/107 - loss 0.04597153 - samples/sec: 137.44 - lr: 0.000195
2022-05-13 14:23:48,926 epoch 50 - iter 20/107 - loss 0.04403656 - samples/sec: 134.47 - lr: 0.000195
2022-05-13 14:23:51,262 epoch 50 - iter 30/107 - loss 0.04291746 - samples/sec: 137.05 - lr: 0.000195
2022-05-13 14:23:53,565 epoch 50 - iter 40/107 - loss 0.04469649 - samples/sec: 139.01 - lr: 0.000195
2022-05-13 14:23:56,017 epoch 50 - iter 50/107 - loss 0.04260551 - samples/sec: 130.56 - lr: 0.000195
2022-05-13 14:23:58,287 epoch 50 - iter 60/107 - loss 0.04127652 - samples/sec: 141.02 - lr: 0.000195
2022-05-13 14:24:00,681 epoch 50 - iter 70/107 - loss 0.03980387 - samples/sec: 133.73 - lr: 0.000195
2022-05-13 14:24:03,066 epoch 50 - iter 80/107 - loss 0.03909248 - samples/sec: 134.27 - lr: 0.000195
2022-05-13 14:24:05,357 epoch 50 - iter 90/107 - loss 0.03852908 - samples/sec: 139.72 - lr: 0.000195
2022-05-13 14:24:07,743 epoch 50 - iter 100/107 - loss 0.03959919 - samples/sec: 134.17 - lr: 0.000195
2022-05-13 14:24:08,989 ----------------------------------------------------------------------------------------------------
2022-05-13 14:24:08,989 EPOCH 50 done: loss 0.0397 - lr 0.000195
2022-05-13 14:24:15,864 Evaluating as a multi-label problem: False
2022-05-13 14:24:15,875 DEV : loss 0.2153610736131668 - f1-score (micro avg)  0.5086
2022-05-13 14:24:15,945 Epoch    50: reducing learning rate of group 0 to 9.7656e-05.
2022-05-13 14:24:15,945 BAD EPOCHS (no improvement): 4
2022-05-13 14:24:15,947 ----------------------------------------------------------------------------------------------------
2022-05-13 14:24:15,947 ----------------------------------------------------------------------------------------------------
2022-05-13 14:24:15,947 learning rate too small - quitting training!
2022-05-13 14:24:15,947 ----------------------------------------------------------------------------------------------------
2022-05-13 14:24:37,569 ----------------------------------------------------------------------------------------------------
2022-05-13 14:24:37,570 loading file resources/taggers/model_04_r10_run_1/best-model.pt
2022-05-13 14:24:57,255 SequenceTagger predicts: Dictionary with 27 tags: O, S-person, B-person, E-person, I-person, S-location, B-location, E-location, I-location, S-group, B-group, E-group, I-group, S-corporation, B-corporation, E-corporation, I-corporation, S-product, B-product, E-product, I-product, S-creative-work, B-creative-work, E-creative-work, I-creative-work, <START>, <STOP>
2022-05-13 14:25:17,177 Evaluating as a multi-label problem: False
2022-05-13 14:25:17,190 0.6772	0.2975	0.4134	0.2762
2022-05-13 14:25:17,190 
Results:
- F-score (micro) 0.4134
- F-score (macro) 0.2886
- Accuracy 0.2762

By class:
               precision    recall  f1-score   support

       person     0.7669    0.4755    0.5871       429
     location     0.6733    0.4533    0.5418       150
        group     0.5238    0.1333    0.2126       165
creative-work     0.5152    0.1197    0.1943       142
      product     0.3636    0.0315    0.0580       127
  corporation     0.2857    0.0909    0.1379        66

    micro avg     0.6772    0.2975    0.4134      1079
    macro avg     0.5214    0.2174    0.2886      1079
 weighted avg     0.6067    0.2975    0.3821      1079

2022-05-13 14:25:17,190 ----------------------------------------------------------------------------------------------------
