2022-03-27 23:22:51,085 ----------------------------------------------------------------------------------------------------
2022-03-27 23:22:51,085 Model: "SequenceTagger(
  (embeddings): StackedEmbeddings(
    (list_embedding_0): GazetteerEmbeddings()
    (list_embedding_1): FlairEmbeddings(
      (lm): LanguageModel(
        (drop): Dropout(p=0.05, inplace=False)
        (encoder): Embedding(300, 100)
        (rnn): LSTM(100, 2048)
        (decoder): Linear(in_features=2048, out_features=300, bias=True)
      )
    )
    (list_embedding_2): FlairEmbeddings(
      (lm): LanguageModel(
        (drop): Dropout(p=0.05, inplace=False)
        (encoder): Embedding(300, 100)
        (rnn): LSTM(100, 2048)
        (decoder): Linear(in_features=2048, out_features=300, bias=True)
      )
    )
  )
  (word_dropout): WordDropout(p=0.05)
  (locked_dropout): LockedDropout(p=0.5)
  (embedding2nn): Linear(in_features=4262, out_features=4262, bias=True)
  (rnn): LSTM(4262, 256, batch_first=True, bidirectional=True)
  (linear): Linear(in_features=512, out_features=27, bias=True)
  (loss_function): ViterbiLoss()
  (crf): CRF()
)"
2022-03-27 23:22:51,085 ----------------------------------------------------------------------------------------------------
2022-03-27 23:22:51,085 Corpus: "Corpus: 3394 train + 1009 dev + 1287 test sentences"
2022-03-27 23:22:51,085 ----------------------------------------------------------------------------------------------------
2022-03-27 23:22:51,085 Parameters:
2022-03-27 23:22:51,085  - learning_rate: "0.100000"
2022-03-27 23:22:51,085  - mini_batch_size: "32"
2022-03-27 23:22:51,085  - patience: "3"
2022-03-27 23:22:51,085  - anneal_factor: "0.5"
2022-03-27 23:22:51,085  - max_epochs: "150"
2022-03-27 23:22:51,086  - shuffle: "True"
2022-03-27 23:22:51,086  - train_with_dev: "False"
2022-03-27 23:22:51,086  - batch_growth_annealing: "False"
2022-03-27 23:22:51,086 ----------------------------------------------------------------------------------------------------
2022-03-27 23:22:51,086 Model training base path: "resources/taggers/model_04_r5_run_2"
2022-03-27 23:22:51,086 ----------------------------------------------------------------------------------------------------
2022-03-27 23:22:51,086 Device: cuda:1
2022-03-27 23:22:51,086 ----------------------------------------------------------------------------------------------------
2022-03-27 23:22:51,086 Embeddings storage mode: cpu
2022-03-27 23:22:51,086 ----------------------------------------------------------------------------------------------------
2022-03-27 23:22:53,610 epoch 1 - iter 10/107 - loss 0.71189262 - samples/sec: 126.84 - lr: 0.100000
2022-03-27 23:22:56,173 epoch 1 - iter 20/107 - loss 0.49495676 - samples/sec: 124.87 - lr: 0.100000
2022-03-27 23:22:58,876 epoch 1 - iter 30/107 - loss 0.41810401 - samples/sec: 118.45 - lr: 0.100000
2022-03-27 23:23:01,219 epoch 1 - iter 40/107 - loss 0.37497469 - samples/sec: 136.64 - lr: 0.100000
2022-03-27 23:23:03,444 epoch 1 - iter 50/107 - loss 0.34030932 - samples/sec: 143.91 - lr: 0.100000
2022-03-27 23:23:05,676 epoch 1 - iter 60/107 - loss 0.32910346 - samples/sec: 143.46 - lr: 0.100000
2022-03-27 23:23:07,980 epoch 1 - iter 70/107 - loss 0.31914701 - samples/sec: 138.92 - lr: 0.100000
2022-03-27 23:23:10,095 epoch 1 - iter 80/107 - loss 0.31686150 - samples/sec: 151.40 - lr: 0.100000
2022-03-27 23:23:12,047 epoch 1 - iter 90/107 - loss 0.31527204 - samples/sec: 163.97 - lr: 0.100000
2022-03-27 23:23:14,173 epoch 1 - iter 100/107 - loss 0.31101573 - samples/sec: 150.65 - lr: 0.100000
2022-03-27 23:23:15,512 ----------------------------------------------------------------------------------------------------
2022-03-27 23:23:15,512 EPOCH 1 done: loss 0.3065 - lr 0.100000
2022-03-27 23:23:23,180 Evaluating as a multi-label problem: False
2022-03-27 23:23:23,190 DEV : loss 0.3958792984485626 - f1-score (micro avg)  0.1153
2022-03-27 23:23:23,266 BAD EPOCHS (no improvement): 0
2022-03-27 23:23:23,268 saving best model
2022-03-27 23:23:47,227 ----------------------------------------------------------------------------------------------------
2022-03-27 23:23:49,681 epoch 2 - iter 10/107 - loss 0.20697853 - samples/sec: 130.49 - lr: 0.100000
2022-03-27 23:23:52,213 epoch 2 - iter 20/107 - loss 0.20645036 - samples/sec: 126.41 - lr: 0.100000
2022-03-27 23:23:54,589 epoch 2 - iter 30/107 - loss 0.19890354 - samples/sec: 134.80 - lr: 0.100000
2022-03-27 23:23:57,033 epoch 2 - iter 40/107 - loss 0.19578041 - samples/sec: 130.97 - lr: 0.100000
2022-03-27 23:23:59,442 epoch 2 - iter 50/107 - loss 0.20460139 - samples/sec: 132.92 - lr: 0.100000
2022-03-27 23:24:01,935 epoch 2 - iter 60/107 - loss 0.19741532 - samples/sec: 128.42 - lr: 0.100000
2022-03-27 23:24:04,217 epoch 2 - iter 70/107 - loss 0.19853105 - samples/sec: 140.27 - lr: 0.100000
2022-03-27 23:24:06,622 epoch 2 - iter 80/107 - loss 0.19598788 - samples/sec: 133.13 - lr: 0.100000
2022-03-27 23:24:08,879 epoch 2 - iter 90/107 - loss 0.19119026 - samples/sec: 141.79 - lr: 0.100000
2022-03-27 23:24:11,234 epoch 2 - iter 100/107 - loss 0.18852375 - samples/sec: 135.96 - lr: 0.100000
2022-03-27 23:24:12,761 ----------------------------------------------------------------------------------------------------
2022-03-27 23:24:12,761 EPOCH 2 done: loss 0.1880 - lr 0.100000
2022-03-27 23:24:20,467 Evaluating as a multi-label problem: False
2022-03-27 23:24:20,478 DEV : loss 0.23766233026981354 - f1-score (micro avg)  0.4594
2022-03-27 23:24:20,551 BAD EPOCHS (no improvement): 0
2022-03-27 23:24:20,554 saving best model
2022-03-27 23:24:44,477 ----------------------------------------------------------------------------------------------------
2022-03-27 23:24:46,910 epoch 3 - iter 10/107 - loss 0.13832884 - samples/sec: 131.62 - lr: 0.100000
2022-03-27 23:24:49,364 epoch 3 - iter 20/107 - loss 0.16614446 - samples/sec: 130.47 - lr: 0.100000
2022-03-27 23:24:51,790 epoch 3 - iter 30/107 - loss 0.15068287 - samples/sec: 131.95 - lr: 0.100000
2022-03-27 23:24:54,264 epoch 3 - iter 40/107 - loss 0.14723553 - samples/sec: 129.44 - lr: 0.100000
2022-03-27 23:24:56,578 epoch 3 - iter 50/107 - loss 0.15296764 - samples/sec: 138.34 - lr: 0.100000
2022-03-27 23:24:58,987 epoch 3 - iter 60/107 - loss 0.15567489 - samples/sec: 132.88 - lr: 0.100000
2022-03-27 23:25:01,401 epoch 3 - iter 70/107 - loss 0.15778966 - samples/sec: 132.59 - lr: 0.100000
2022-03-27 23:25:03,582 epoch 3 - iter 80/107 - loss 0.16100773 - samples/sec: 146.78 - lr: 0.100000
2022-03-27 23:25:05,504 epoch 3 - iter 90/107 - loss 0.15937963 - samples/sec: 166.63 - lr: 0.100000
2022-03-27 23:25:07,598 epoch 3 - iter 100/107 - loss 0.15673802 - samples/sec: 152.87 - lr: 0.100000
2022-03-27 23:25:08,991 ----------------------------------------------------------------------------------------------------
2022-03-27 23:25:08,991 EPOCH 3 done: loss 0.1547 - lr 0.100000
2022-03-27 23:25:17,751 Evaluating as a multi-label problem: False
2022-03-27 23:25:17,761 DEV : loss 0.25485390424728394 - f1-score (micro avg)  0.4094
2022-03-27 23:25:17,833 BAD EPOCHS (no improvement): 1
2022-03-27 23:25:17,836 ----------------------------------------------------------------------------------------------------
2022-03-27 23:25:20,350 epoch 4 - iter 10/107 - loss 0.13725038 - samples/sec: 127.38 - lr: 0.100000
2022-03-27 23:25:22,585 epoch 4 - iter 20/107 - loss 0.14379819 - samples/sec: 143.21 - lr: 0.100000
2022-03-27 23:25:25,042 epoch 4 - iter 30/107 - loss 0.13376417 - samples/sec: 130.30 - lr: 0.100000
2022-03-27 23:25:27,618 epoch 4 - iter 40/107 - loss 0.14402411 - samples/sec: 124.32 - lr: 0.100000
2022-03-27 23:25:29,944 epoch 4 - iter 50/107 - loss 0.14135567 - samples/sec: 137.63 - lr: 0.100000
2022-03-27 23:25:32,312 epoch 4 - iter 60/107 - loss 0.14093891 - samples/sec: 135.16 - lr: 0.100000
2022-03-27 23:25:34,694 epoch 4 - iter 70/107 - loss 0.14130920 - samples/sec: 134.41 - lr: 0.100000
2022-03-27 23:25:37,000 epoch 4 - iter 80/107 - loss 0.14005419 - samples/sec: 138.83 - lr: 0.100000
2022-03-27 23:25:39,498 epoch 4 - iter 90/107 - loss 0.13805419 - samples/sec: 128.14 - lr: 0.100000
2022-03-27 23:25:41,747 epoch 4 - iter 100/107 - loss 0.13614253 - samples/sec: 142.40 - lr: 0.100000
2022-03-27 23:25:43,274 ----------------------------------------------------------------------------------------------------
2022-03-27 23:25:43,274 EPOCH 4 done: loss 0.1363 - lr 0.100000
2022-03-27 23:25:50,533 Evaluating as a multi-label problem: False
2022-03-27 23:25:50,544 DEV : loss 0.19952711462974548 - f1-score (micro avg)  0.517
2022-03-27 23:25:50,617 BAD EPOCHS (no improvement): 0
2022-03-27 23:25:50,620 saving best model
2022-03-27 23:26:15,540 ----------------------------------------------------------------------------------------------------
2022-03-27 23:26:18,022 epoch 5 - iter 10/107 - loss 0.12554988 - samples/sec: 129.07 - lr: 0.100000
2022-03-27 23:26:20,410 epoch 5 - iter 20/107 - loss 0.12331376 - samples/sec: 134.05 - lr: 0.100000
2022-03-27 23:26:22,856 epoch 5 - iter 30/107 - loss 0.13589124 - samples/sec: 130.90 - lr: 0.100000
2022-03-27 23:26:25,006 epoch 5 - iter 40/107 - loss 0.13073249 - samples/sec: 148.88 - lr: 0.100000
2022-03-27 23:26:27,194 epoch 5 - iter 50/107 - loss 0.12934664 - samples/sec: 146.30 - lr: 0.100000
2022-03-27 23:26:29,342 epoch 5 - iter 60/107 - loss 0.12692122 - samples/sec: 149.06 - lr: 0.100000
2022-03-27 23:26:31,606 epoch 5 - iter 70/107 - loss 0.12733467 - samples/sec: 141.42 - lr: 0.100000
2022-03-27 23:26:33,822 epoch 5 - iter 80/107 - loss 0.12780313 - samples/sec: 144.46 - lr: 0.100000
2022-03-27 23:26:36,263 epoch 5 - iter 90/107 - loss 0.12525390 - samples/sec: 131.17 - lr: 0.100000
2022-03-27 23:26:38,664 epoch 5 - iter 100/107 - loss 0.12680602 - samples/sec: 133.29 - lr: 0.100000
2022-03-27 23:26:40,187 ----------------------------------------------------------------------------------------------------
2022-03-27 23:26:40,187 EPOCH 5 done: loss 0.1257 - lr 0.100000
2022-03-27 23:26:47,944 Evaluating as a multi-label problem: False
2022-03-27 23:26:47,954 DEV : loss 0.2885746657848358 - f1-score (micro avg)  0.3461
2022-03-27 23:26:48,028 BAD EPOCHS (no improvement): 1
2022-03-27 23:26:48,041 ----------------------------------------------------------------------------------------------------
2022-03-27 23:26:50,534 epoch 6 - iter 10/107 - loss 0.12951008 - samples/sec: 128.42 - lr: 0.100000
2022-03-27 23:26:52,470 epoch 6 - iter 20/107 - loss 0.12471280 - samples/sec: 165.40 - lr: 0.100000
2022-03-27 23:26:53,939 epoch 6 - iter 30/107 - loss 0.12054626 - samples/sec: 217.99 - lr: 0.100000
2022-03-27 23:26:55,623 epoch 6 - iter 40/107 - loss 0.12428897 - samples/sec: 190.20 - lr: 0.100000
2022-03-27 23:26:58,130 epoch 6 - iter 50/107 - loss 0.12179957 - samples/sec: 127.66 - lr: 0.100000
2022-03-27 23:27:00,492 epoch 6 - iter 60/107 - loss 0.12202820 - samples/sec: 135.57 - lr: 0.100000
2022-03-27 23:27:02,862 epoch 6 - iter 70/107 - loss 0.12121262 - samples/sec: 135.09 - lr: 0.100000
2022-03-27 23:27:05,115 epoch 6 - iter 80/107 - loss 0.11839109 - samples/sec: 142.03 - lr: 0.100000
2022-03-27 23:27:07,494 epoch 6 - iter 90/107 - loss 0.11861994 - samples/sec: 134.61 - lr: 0.100000
2022-03-27 23:27:09,864 epoch 6 - iter 100/107 - loss 0.11842354 - samples/sec: 135.06 - lr: 0.100000
2022-03-27 23:27:11,311 ----------------------------------------------------------------------------------------------------
2022-03-27 23:27:11,312 EPOCH 6 done: loss 0.1180 - lr 0.100000
2022-03-27 23:27:18,403 Evaluating as a multi-label problem: False
2022-03-27 23:27:18,413 DEV : loss 0.20684275031089783 - f1-score (micro avg)  0.4721
2022-03-27 23:27:18,487 BAD EPOCHS (no improvement): 2
2022-03-27 23:27:18,490 ----------------------------------------------------------------------------------------------------
2022-03-27 23:27:20,759 epoch 7 - iter 10/107 - loss 0.07459687 - samples/sec: 141.09 - lr: 0.100000
2022-03-27 23:27:22,966 epoch 7 - iter 20/107 - loss 0.09751699 - samples/sec: 145.06 - lr: 0.100000
2022-03-27 23:27:25,339 epoch 7 - iter 30/107 - loss 0.09999138 - samples/sec: 134.88 - lr: 0.100000
2022-03-27 23:27:27,743 epoch 7 - iter 40/107 - loss 0.10467401 - samples/sec: 133.15 - lr: 0.100000
2022-03-27 23:27:30,093 epoch 7 - iter 50/107 - loss 0.10663273 - samples/sec: 136.26 - lr: 0.100000
2022-03-27 23:27:32,593 epoch 7 - iter 60/107 - loss 0.10477150 - samples/sec: 128.06 - lr: 0.100000
2022-03-27 23:27:34,987 epoch 7 - iter 70/107 - loss 0.10618697 - samples/sec: 133.72 - lr: 0.100000
2022-03-27 23:27:37,306 epoch 7 - iter 80/107 - loss 0.10757021 - samples/sec: 138.00 - lr: 0.100000
2022-03-27 23:27:39,674 epoch 7 - iter 90/107 - loss 0.10738117 - samples/sec: 135.23 - lr: 0.100000
2022-03-27 23:27:42,139 epoch 7 - iter 100/107 - loss 0.10761736 - samples/sec: 129.89 - lr: 0.100000
2022-03-27 23:27:43,641 ----------------------------------------------------------------------------------------------------
2022-03-27 23:27:43,642 EPOCH 7 done: loss 0.1071 - lr 0.100000
2022-03-27 23:27:51,298 Evaluating as a multi-label problem: False
2022-03-27 23:27:51,310 DEV : loss 0.21162718534469604 - f1-score (micro avg)  0.4714
2022-03-27 23:27:51,384 BAD EPOCHS (no improvement): 3
2022-03-27 23:27:51,387 ----------------------------------------------------------------------------------------------------
2022-03-27 23:27:53,838 epoch 8 - iter 10/107 - loss 0.08871005 - samples/sec: 130.64 - lr: 0.100000
2022-03-27 23:27:56,297 epoch 8 - iter 20/107 - loss 0.08505154 - samples/sec: 130.18 - lr: 0.100000
2022-03-27 23:27:58,729 epoch 8 - iter 30/107 - loss 0.09061714 - samples/sec: 131.64 - lr: 0.100000
2022-03-27 23:28:00,852 epoch 8 - iter 40/107 - loss 0.09397168 - samples/sec: 150.80 - lr: 0.100000
2022-03-27 23:28:02,968 epoch 8 - iter 50/107 - loss 0.09761074 - samples/sec: 151.28 - lr: 0.100000
2022-03-27 23:28:05,035 epoch 8 - iter 60/107 - loss 0.09816585 - samples/sec: 154.89 - lr: 0.100000
2022-03-27 23:28:07,182 epoch 8 - iter 70/107 - loss 0.09923286 - samples/sec: 149.14 - lr: 0.100000
2022-03-27 23:28:09,315 epoch 8 - iter 80/107 - loss 0.10019292 - samples/sec: 150.05 - lr: 0.100000
2022-03-27 23:28:11,750 epoch 8 - iter 90/107 - loss 0.09914585 - samples/sec: 131.49 - lr: 0.100000
2022-03-27 23:28:13,958 epoch 8 - iter 100/107 - loss 0.09841915 - samples/sec: 144.99 - lr: 0.100000
2022-03-27 23:28:15,386 ----------------------------------------------------------------------------------------------------
2022-03-27 23:28:15,386 EPOCH 8 done: loss 0.0992 - lr 0.100000
2022-03-27 23:28:23,214 Evaluating as a multi-label problem: False
2022-03-27 23:28:23,224 DEV : loss 0.21949242055416107 - f1-score (micro avg)  0.3657
2022-03-27 23:28:23,297 Epoch     8: reducing learning rate of group 0 to 5.0000e-02.
2022-03-27 23:28:23,297 BAD EPOCHS (no improvement): 4
2022-03-27 23:28:23,300 ----------------------------------------------------------------------------------------------------
2022-03-27 23:28:25,808 epoch 9 - iter 10/107 - loss 0.08375381 - samples/sec: 127.65 - lr: 0.050000
2022-03-27 23:28:28,171 epoch 9 - iter 20/107 - loss 0.09720870 - samples/sec: 135.49 - lr: 0.050000
2022-03-27 23:28:30,469 epoch 9 - iter 30/107 - loss 0.09684643 - samples/sec: 139.32 - lr: 0.050000
2022-03-27 23:28:32,981 epoch 9 - iter 40/107 - loss 0.09455967 - samples/sec: 127.46 - lr: 0.050000
2022-03-27 23:28:35,394 epoch 9 - iter 50/107 - loss 0.09176779 - samples/sec: 132.67 - lr: 0.050000
2022-03-27 23:28:37,659 epoch 9 - iter 60/107 - loss 0.09019765 - samples/sec: 141.35 - lr: 0.050000
2022-03-27 23:28:40,207 epoch 9 - iter 70/107 - loss 0.09090371 - samples/sec: 125.63 - lr: 0.050000
2022-03-27 23:28:42,457 epoch 9 - iter 80/107 - loss 0.09149703 - samples/sec: 142.29 - lr: 0.050000
2022-03-27 23:28:44,893 epoch 9 - iter 90/107 - loss 0.09053237 - samples/sec: 131.42 - lr: 0.050000
2022-03-27 23:28:47,068 epoch 9 - iter 100/107 - loss 0.08945210 - samples/sec: 147.17 - lr: 0.050000
2022-03-27 23:28:48,437 ----------------------------------------------------------------------------------------------------
2022-03-27 23:28:48,437 EPOCH 9 done: loss 0.0890 - lr 0.050000
2022-03-27 23:28:55,025 Evaluating as a multi-label problem: False
2022-03-27 23:28:55,036 DEV : loss 0.19456765055656433 - f1-score (micro avg)  0.4793
2022-03-27 23:28:55,110 BAD EPOCHS (no improvement): 1
2022-03-27 23:28:55,112 ----------------------------------------------------------------------------------------------------
2022-03-27 23:28:57,517 epoch 10 - iter 10/107 - loss 0.08611181 - samples/sec: 133.11 - lr: 0.050000
2022-03-27 23:28:59,870 epoch 10 - iter 20/107 - loss 0.08774682 - samples/sec: 136.10 - lr: 0.050000
2022-03-27 23:29:02,132 epoch 10 - iter 30/107 - loss 0.08917753 - samples/sec: 141.53 - lr: 0.050000
2022-03-27 23:29:04,445 epoch 10 - iter 40/107 - loss 0.08845503 - samples/sec: 138.36 - lr: 0.050000
2022-03-27 23:29:06,768 epoch 10 - iter 50/107 - loss 0.08845186 - samples/sec: 137.84 - lr: 0.050000
2022-03-27 23:29:09,178 epoch 10 - iter 60/107 - loss 0.08813958 - samples/sec: 132.80 - lr: 0.050000
2022-03-27 23:29:11,377 epoch 10 - iter 70/107 - loss 0.08852910 - samples/sec: 145.59 - lr: 0.050000
2022-03-27 23:29:13,773 epoch 10 - iter 80/107 - loss 0.08665008 - samples/sec: 133.64 - lr: 0.050000
2022-03-27 23:29:16,229 epoch 10 - iter 90/107 - loss 0.08514290 - samples/sec: 130.35 - lr: 0.050000
2022-03-27 23:29:18,656 epoch 10 - iter 100/107 - loss 0.08587586 - samples/sec: 131.94 - lr: 0.050000
2022-03-27 23:29:20,249 ----------------------------------------------------------------------------------------------------
2022-03-27 23:29:20,250 EPOCH 10 done: loss 0.0852 - lr 0.050000
2022-03-27 23:29:28,119 Evaluating as a multi-label problem: False
2022-03-27 23:29:28,130 DEV : loss 0.18647843599319458 - f1-score (micro avg)  0.4937
2022-03-27 23:29:28,202 BAD EPOCHS (no improvement): 2
2022-03-27 23:29:28,205 ----------------------------------------------------------------------------------------------------
2022-03-27 23:29:30,499 epoch 11 - iter 10/107 - loss 0.07028429 - samples/sec: 139.53 - lr: 0.050000
2022-03-27 23:29:32,766 epoch 11 - iter 20/107 - loss 0.07594689 - samples/sec: 141.27 - lr: 0.050000
2022-03-27 23:29:34,883 epoch 11 - iter 30/107 - loss 0.08082929 - samples/sec: 151.17 - lr: 0.050000
2022-03-27 23:29:36,892 epoch 11 - iter 40/107 - loss 0.07995390 - samples/sec: 159.38 - lr: 0.050000
2022-03-27 23:29:39,229 epoch 11 - iter 50/107 - loss 0.08071465 - samples/sec: 136.97 - lr: 0.050000
2022-03-27 23:29:41,233 epoch 11 - iter 60/107 - loss 0.08025856 - samples/sec: 159.76 - lr: 0.050000
2022-03-27 23:29:43,749 epoch 11 - iter 70/107 - loss 0.08284998 - samples/sec: 127.25 - lr: 0.050000
2022-03-27 23:29:46,165 epoch 11 - iter 80/107 - loss 0.08223889 - samples/sec: 132.51 - lr: 0.050000
2022-03-27 23:29:48,673 epoch 11 - iter 90/107 - loss 0.08303988 - samples/sec: 127.61 - lr: 0.050000
2022-03-27 23:29:51,024 epoch 11 - iter 100/107 - loss 0.08243367 - samples/sec: 136.18 - lr: 0.050000
2022-03-27 23:29:52,543 ----------------------------------------------------------------------------------------------------
2022-03-27 23:29:52,544 EPOCH 11 done: loss 0.0818 - lr 0.050000
2022-03-27 23:30:00,186 Evaluating as a multi-label problem: False
2022-03-27 23:30:00,197 DEV : loss 0.193076491355896 - f1-score (micro avg)  0.4882
2022-03-27 23:30:00,272 BAD EPOCHS (no improvement): 3
2022-03-27 23:30:00,287 ----------------------------------------------------------------------------------------------------
2022-03-27 23:30:02,713 epoch 12 - iter 10/107 - loss 0.08739401 - samples/sec: 131.96 - lr: 0.050000
2022-03-27 23:30:05,151 epoch 12 - iter 20/107 - loss 0.08805116 - samples/sec: 131.33 - lr: 0.050000
2022-03-27 23:30:07,660 epoch 12 - iter 30/107 - loss 0.08044081 - samples/sec: 127.61 - lr: 0.050000
2022-03-27 23:30:10,035 epoch 12 - iter 40/107 - loss 0.08281014 - samples/sec: 134.80 - lr: 0.050000
2022-03-27 23:30:12,388 epoch 12 - iter 50/107 - loss 0.08303790 - samples/sec: 136.06 - lr: 0.050000
2022-03-27 23:30:14,676 epoch 12 - iter 60/107 - loss 0.07878475 - samples/sec: 139.89 - lr: 0.050000
2022-03-27 23:30:17,099 epoch 12 - iter 70/107 - loss 0.07861187 - samples/sec: 132.13 - lr: 0.050000
2022-03-27 23:30:19,311 epoch 12 - iter 80/107 - loss 0.07731138 - samples/sec: 144.75 - lr: 0.050000
2022-03-27 23:30:21,535 epoch 12 - iter 90/107 - loss 0.07780015 - samples/sec: 143.95 - lr: 0.050000
2022-03-27 23:30:23,709 epoch 12 - iter 100/107 - loss 0.07798327 - samples/sec: 147.27 - lr: 0.050000
2022-03-27 23:30:25,015 ----------------------------------------------------------------------------------------------------
2022-03-27 23:30:25,015 EPOCH 12 done: loss 0.0780 - lr 0.050000
2022-03-27 23:30:32,465 Evaluating as a multi-label problem: False
2022-03-27 23:30:32,476 DEV : loss 0.1866168975830078 - f1-score (micro avg)  0.5104
2022-03-27 23:30:32,549 Epoch    12: reducing learning rate of group 0 to 2.5000e-02.
2022-03-27 23:30:32,549 BAD EPOCHS (no improvement): 4
2022-03-27 23:30:32,551 ----------------------------------------------------------------------------------------------------
2022-03-27 23:30:34,728 epoch 13 - iter 10/107 - loss 0.05863716 - samples/sec: 147.08 - lr: 0.025000
2022-03-27 23:30:36,983 epoch 13 - iter 20/107 - loss 0.06985390 - samples/sec: 141.98 - lr: 0.025000
2022-03-27 23:30:39,505 epoch 13 - iter 30/107 - loss 0.07366088 - samples/sec: 126.92 - lr: 0.025000
2022-03-27 23:30:41,984 epoch 13 - iter 40/107 - loss 0.07511900 - samples/sec: 129.15 - lr: 0.025000
2022-03-27 23:30:44,312 epoch 13 - iter 50/107 - loss 0.07469956 - samples/sec: 137.47 - lr: 0.025000
2022-03-27 23:30:46,746 epoch 13 - iter 60/107 - loss 0.07375209 - samples/sec: 131.56 - lr: 0.025000
2022-03-27 23:30:49,107 epoch 13 - iter 70/107 - loss 0.07275077 - samples/sec: 135.59 - lr: 0.025000
2022-03-27 23:30:51,496 epoch 13 - iter 80/107 - loss 0.07267563 - samples/sec: 134.04 - lr: 0.025000
2022-03-27 23:30:53,855 epoch 13 - iter 90/107 - loss 0.07376967 - samples/sec: 135.71 - lr: 0.025000
2022-03-27 23:30:56,275 epoch 13 - iter 100/107 - loss 0.07353740 - samples/sec: 132.25 - lr: 0.025000
2022-03-27 23:30:57,734 ----------------------------------------------------------------------------------------------------
2022-03-27 23:30:57,734 EPOCH 13 done: loss 0.0735 - lr 0.025000
2022-03-27 23:31:05,152 Evaluating as a multi-label problem: False
2022-03-27 23:31:05,163 DEV : loss 0.1932317614555359 - f1-score (micro avg)  0.4944
2022-03-27 23:31:05,237 BAD EPOCHS (no improvement): 1
2022-03-27 23:31:05,239 ----------------------------------------------------------------------------------------------------
2022-03-27 23:31:07,473 epoch 14 - iter 10/107 - loss 0.06633500 - samples/sec: 143.38 - lr: 0.025000
2022-03-27 23:31:09,763 epoch 14 - iter 20/107 - loss 0.06243972 - samples/sec: 139.78 - lr: 0.025000
2022-03-27 23:31:11,868 epoch 14 - iter 30/107 - loss 0.06600891 - samples/sec: 152.04 - lr: 0.025000
2022-03-27 23:31:14,055 epoch 14 - iter 40/107 - loss 0.07145268 - samples/sec: 146.45 - lr: 0.025000
2022-03-27 23:31:16,430 epoch 14 - iter 50/107 - loss 0.07036628 - samples/sec: 134.76 - lr: 0.025000
2022-03-27 23:31:18,686 epoch 14 - iter 60/107 - loss 0.07140122 - samples/sec: 141.91 - lr: 0.025000
2022-03-27 23:31:21,237 epoch 14 - iter 70/107 - loss 0.07222822 - samples/sec: 125.48 - lr: 0.025000
2022-03-27 23:31:23,651 epoch 14 - iter 80/107 - loss 0.07113565 - samples/sec: 132.60 - lr: 0.025000
2022-03-27 23:31:26,168 epoch 14 - iter 90/107 - loss 0.07112502 - samples/sec: 127.22 - lr: 0.025000
2022-03-27 23:31:28,550 epoch 14 - iter 100/107 - loss 0.07158023 - samples/sec: 134.40 - lr: 0.025000
2022-03-27 23:31:30,009 ----------------------------------------------------------------------------------------------------
2022-03-27 23:31:30,010 EPOCH 14 done: loss 0.0719 - lr 0.025000
2022-03-27 23:31:37,708 Evaluating as a multi-label problem: False
2022-03-27 23:31:37,719 DEV : loss 0.17954659461975098 - f1-score (micro avg)  0.5198
2022-03-27 23:31:37,794 BAD EPOCHS (no improvement): 0
2022-03-27 23:31:37,828 saving best model
2022-03-27 23:32:01,247 ----------------------------------------------------------------------------------------------------
2022-03-27 23:32:03,753 epoch 15 - iter 10/107 - loss 0.07449412 - samples/sec: 127.78 - lr: 0.025000
2022-03-27 23:32:06,128 epoch 15 - iter 20/107 - loss 0.07356466 - samples/sec: 134.83 - lr: 0.025000
2022-03-27 23:32:08,592 epoch 15 - iter 30/107 - loss 0.07577880 - samples/sec: 129.93 - lr: 0.025000
2022-03-27 23:32:11,087 epoch 15 - iter 40/107 - loss 0.07445473 - samples/sec: 128.29 - lr: 0.025000
2022-03-27 23:32:13,385 epoch 15 - iter 50/107 - loss 0.07171642 - samples/sec: 139.28 - lr: 0.025000
2022-03-27 23:32:15,658 epoch 15 - iter 60/107 - loss 0.07035063 - samples/sec: 140.87 - lr: 0.025000
2022-03-27 23:32:18,054 epoch 15 - iter 70/107 - loss 0.07268743 - samples/sec: 133.59 - lr: 0.025000
2022-03-27 23:32:20,383 epoch 15 - iter 80/107 - loss 0.07241634 - samples/sec: 137.48 - lr: 0.025000
2022-03-27 23:32:22,738 epoch 15 - iter 90/107 - loss 0.07121894 - samples/sec: 135.93 - lr: 0.025000
2022-03-27 23:32:25,051 epoch 15 - iter 100/107 - loss 0.07084889 - samples/sec: 138.45 - lr: 0.025000
2022-03-27 23:32:26,564 ----------------------------------------------------------------------------------------------------
2022-03-27 23:32:26,565 EPOCH 15 done: loss 0.0707 - lr 0.025000
2022-03-27 23:32:33,276 Evaluating as a multi-label problem: False
2022-03-27 23:32:33,287 DEV : loss 0.1864759922027588 - f1-score (micro avg)  0.5139
2022-03-27 23:32:33,359 BAD EPOCHS (no improvement): 1
2022-03-27 23:32:33,362 ----------------------------------------------------------------------------------------------------
2022-03-27 23:32:35,388 epoch 16 - iter 10/107 - loss 0.07915501 - samples/sec: 158.04 - lr: 0.025000
2022-03-27 23:32:37,739 epoch 16 - iter 20/107 - loss 0.06853638 - samples/sec: 136.19 - lr: 0.025000
2022-03-27 23:32:40,196 epoch 16 - iter 30/107 - loss 0.06572197 - samples/sec: 130.28 - lr: 0.025000
2022-03-27 23:32:42,525 epoch 16 - iter 40/107 - loss 0.06619983 - samples/sec: 137.44 - lr: 0.025000
2022-03-27 23:32:44,868 epoch 16 - iter 50/107 - loss 0.06488444 - samples/sec: 136.64 - lr: 0.025000
2022-03-27 23:32:47,456 epoch 16 - iter 60/107 - loss 0.06612893 - samples/sec: 123.72 - lr: 0.025000
2022-03-27 23:32:49,855 epoch 16 - iter 70/107 - loss 0.06627644 - samples/sec: 133.43 - lr: 0.025000
2022-03-27 23:32:52,115 epoch 16 - iter 80/107 - loss 0.06599262 - samples/sec: 141.64 - lr: 0.025000
2022-03-27 23:32:54,602 epoch 16 - iter 90/107 - loss 0.06826189 - samples/sec: 128.74 - lr: 0.025000
2022-03-27 23:32:56,991 epoch 16 - iter 100/107 - loss 0.06778139 - samples/sec: 133.98 - lr: 0.025000
2022-03-27 23:32:58,446 ----------------------------------------------------------------------------------------------------
2022-03-27 23:32:58,447 EPOCH 16 done: loss 0.0677 - lr 0.025000
2022-03-27 23:33:06,115 Evaluating as a multi-label problem: False
2022-03-27 23:33:06,125 DEV : loss 0.18728351593017578 - f1-score (micro avg)  0.509
2022-03-27 23:33:06,198 BAD EPOCHS (no improvement): 2
2022-03-27 23:33:06,200 ----------------------------------------------------------------------------------------------------
2022-03-27 23:33:08,541 epoch 17 - iter 10/107 - loss 0.05903198 - samples/sec: 136.77 - lr: 0.025000
2022-03-27 23:33:11,018 epoch 17 - iter 20/107 - loss 0.05967767 - samples/sec: 129.26 - lr: 0.025000
2022-03-27 23:33:13,375 epoch 17 - iter 30/107 - loss 0.06481425 - samples/sec: 135.83 - lr: 0.025000
2022-03-27 23:33:15,602 epoch 17 - iter 40/107 - loss 0.06615247 - samples/sec: 143.75 - lr: 0.025000
2022-03-27 23:33:17,680 epoch 17 - iter 50/107 - loss 0.06515539 - samples/sec: 154.07 - lr: 0.025000
2022-03-27 23:33:19,793 epoch 17 - iter 60/107 - loss 0.06593943 - samples/sec: 151.49 - lr: 0.025000
2022-03-27 23:33:21,901 epoch 17 - iter 70/107 - loss 0.06676528 - samples/sec: 151.89 - lr: 0.025000
2022-03-27 23:33:24,047 epoch 17 - iter 80/107 - loss 0.06707637 - samples/sec: 149.19 - lr: 0.025000
2022-03-27 23:33:26,503 epoch 17 - iter 90/107 - loss 0.06777600 - samples/sec: 130.39 - lr: 0.025000
2022-03-27 23:33:28,913 epoch 17 - iter 100/107 - loss 0.06816399 - samples/sec: 132.80 - lr: 0.025000
2022-03-27 23:33:30,378 ----------------------------------------------------------------------------------------------------
2022-03-27 23:33:30,378 EPOCH 17 done: loss 0.0689 - lr 0.025000
2022-03-27 23:33:38,273 Evaluating as a multi-label problem: False
2022-03-27 23:33:38,284 DEV : loss 0.1877197027206421 - f1-score (micro avg)  0.5008
2022-03-27 23:33:38,362 BAD EPOCHS (no improvement): 3
2022-03-27 23:33:38,364 ----------------------------------------------------------------------------------------------------
2022-03-27 23:33:40,790 epoch 18 - iter 10/107 - loss 0.06130387 - samples/sec: 131.98 - lr: 0.025000
2022-03-27 23:33:43,272 epoch 18 - iter 20/107 - loss 0.06681937 - samples/sec: 128.99 - lr: 0.025000
2022-03-27 23:33:45,671 epoch 18 - iter 30/107 - loss 0.06552530 - samples/sec: 133.45 - lr: 0.025000
2022-03-27 23:33:47,902 epoch 18 - iter 40/107 - loss 0.06793250 - samples/sec: 143.48 - lr: 0.025000
2022-03-27 23:33:50,422 epoch 18 - iter 50/107 - loss 0.06798433 - samples/sec: 127.03 - lr: 0.025000
2022-03-27 23:33:52,908 epoch 18 - iter 60/107 - loss 0.06804108 - samples/sec: 128.77 - lr: 0.025000
2022-03-27 23:33:55,119 epoch 18 - iter 70/107 - loss 0.06791663 - samples/sec: 144.81 - lr: 0.025000
2022-03-27 23:33:57,541 epoch 18 - iter 80/107 - loss 0.06700510 - samples/sec: 132.17 - lr: 0.025000
2022-03-27 23:34:00,079 epoch 18 - iter 90/107 - loss 0.06760571 - samples/sec: 126.11 - lr: 0.025000
2022-03-27 23:34:02,165 epoch 18 - iter 100/107 - loss 0.06779673 - samples/sec: 153.51 - lr: 0.025000
2022-03-27 23:34:03,484 ----------------------------------------------------------------------------------------------------
2022-03-27 23:34:03,484 EPOCH 18 done: loss 0.0669 - lr 0.025000
2022-03-27 23:34:10,459 Evaluating as a multi-label problem: False
2022-03-27 23:34:10,471 DEV : loss 0.1946915239095688 - f1-score (micro avg)  0.4948
2022-03-27 23:34:10,547 Epoch    18: reducing learning rate of group 0 to 1.2500e-02.
2022-03-27 23:34:10,547 BAD EPOCHS (no improvement): 4
2022-03-27 23:34:10,549 ----------------------------------------------------------------------------------------------------
2022-03-27 23:34:12,855 epoch 19 - iter 10/107 - loss 0.05255255 - samples/sec: 138.87 - lr: 0.012500
2022-03-27 23:34:15,266 epoch 19 - iter 20/107 - loss 0.05605657 - samples/sec: 132.81 - lr: 0.012500
2022-03-27 23:34:17,774 epoch 19 - iter 30/107 - loss 0.05881409 - samples/sec: 127.63 - lr: 0.012500
2022-03-27 23:34:20,234 epoch 19 - iter 40/107 - loss 0.05994094 - samples/sec: 130.12 - lr: 0.012500
2022-03-27 23:34:22,703 epoch 19 - iter 50/107 - loss 0.05955400 - samples/sec: 129.66 - lr: 0.012500
2022-03-27 23:34:25,096 epoch 19 - iter 60/107 - loss 0.05947008 - samples/sec: 133.79 - lr: 0.012500
2022-03-27 23:34:27,465 epoch 19 - iter 70/107 - loss 0.06068416 - samples/sec: 135.12 - lr: 0.012500
2022-03-27 23:34:29,980 epoch 19 - iter 80/107 - loss 0.06297164 - samples/sec: 127.28 - lr: 0.012500
2022-03-27 23:34:32,254 epoch 19 - iter 90/107 - loss 0.06148942 - samples/sec: 140.81 - lr: 0.012500
2022-03-27 23:34:34,603 epoch 19 - iter 100/107 - loss 0.06215630 - samples/sec: 136.26 - lr: 0.012500
2022-03-27 23:34:36,081 ----------------------------------------------------------------------------------------------------
2022-03-27 23:34:36,082 EPOCH 19 done: loss 0.0630 - lr 0.012500
2022-03-27 23:34:45,237 Evaluating as a multi-label problem: False
2022-03-27 23:34:45,248 DEV : loss 0.18742375075817108 - f1-score (micro avg)  0.5032
2022-03-27 23:34:45,321 BAD EPOCHS (no improvement): 1
2022-03-27 23:34:45,323 ----------------------------------------------------------------------------------------------------
2022-03-27 23:34:47,418 epoch 20 - iter 10/107 - loss 0.05316153 - samples/sec: 152.84 - lr: 0.012500
2022-03-27 23:34:49,453 epoch 20 - iter 20/107 - loss 0.05652179 - samples/sec: 157.38 - lr: 0.012500
2022-03-27 23:34:51,723 epoch 20 - iter 30/107 - loss 0.05502906 - samples/sec: 140.98 - lr: 0.012500
2022-03-27 23:34:53,929 epoch 20 - iter 40/107 - loss 0.05593594 - samples/sec: 145.17 - lr: 0.012500
2022-03-27 23:34:56,191 epoch 20 - iter 50/107 - loss 0.05644872 - samples/sec: 141.48 - lr: 0.012500
2022-03-27 23:34:58,454 epoch 20 - iter 60/107 - loss 0.05741768 - samples/sec: 141.49 - lr: 0.012500
2022-03-27 23:35:00,840 epoch 20 - iter 70/107 - loss 0.05724880 - samples/sec: 134.19 - lr: 0.012500
2022-03-27 23:35:03,186 epoch 20 - iter 80/107 - loss 0.06018327 - samples/sec: 136.49 - lr: 0.012500
2022-03-27 23:35:05,577 epoch 20 - iter 90/107 - loss 0.05841695 - samples/sec: 133.86 - lr: 0.012500
2022-03-27 23:35:07,887 epoch 20 - iter 100/107 - loss 0.05921039 - samples/sec: 138.64 - lr: 0.012500
2022-03-27 23:35:09,430 ----------------------------------------------------------------------------------------------------
2022-03-27 23:35:09,430 EPOCH 20 done: loss 0.0595 - lr 0.012500
2022-03-27 23:35:16,982 Evaluating as a multi-label problem: False
2022-03-27 23:35:16,993 DEV : loss 0.18728497624397278 - f1-score (micro avg)  0.4976
2022-03-27 23:35:17,067 BAD EPOCHS (no improvement): 2
2022-03-27 23:35:17,070 ----------------------------------------------------------------------------------------------------
2022-03-27 23:35:19,340 epoch 21 - iter 10/107 - loss 0.06049620 - samples/sec: 141.07 - lr: 0.012500
2022-03-27 23:35:21,768 epoch 21 - iter 20/107 - loss 0.06405430 - samples/sec: 131.84 - lr: 0.012500
2022-03-27 23:35:24,193 epoch 21 - iter 30/107 - loss 0.06452551 - samples/sec: 132.02 - lr: 0.012500
2022-03-27 23:35:26,526 epoch 21 - iter 40/107 - loss 0.06392361 - samples/sec: 137.18 - lr: 0.012500
2022-03-27 23:35:28,864 epoch 21 - iter 50/107 - loss 0.06124079 - samples/sec: 136.94 - lr: 0.012500
2022-03-27 23:35:31,273 epoch 21 - iter 60/107 - loss 0.06291271 - samples/sec: 132.86 - lr: 0.012500
2022-03-27 23:35:33,401 epoch 21 - iter 70/107 - loss 0.06267212 - samples/sec: 150.48 - lr: 0.012500
2022-03-27 23:35:35,637 epoch 21 - iter 80/107 - loss 0.06229128 - samples/sec: 143.14 - lr: 0.012500
2022-03-27 23:35:37,756 epoch 21 - iter 90/107 - loss 0.06355719 - samples/sec: 151.13 - lr: 0.012500
2022-03-27 23:35:40,015 epoch 21 - iter 100/107 - loss 0.06188031 - samples/sec: 141.70 - lr: 0.012500
2022-03-27 23:35:41,446 ----------------------------------------------------------------------------------------------------
2022-03-27 23:35:41,446 EPOCH 21 done: loss 0.0619 - lr 0.012500
2022-03-27 23:35:49,441 Evaluating as a multi-label problem: False
2022-03-27 23:35:49,452 DEV : loss 0.19156569242477417 - f1-score (micro avg)  0.4984
2022-03-27 23:35:49,527 BAD EPOCHS (no improvement): 3
2022-03-27 23:35:49,563 ----------------------------------------------------------------------------------------------------
2022-03-27 23:35:51,853 epoch 22 - iter 10/107 - loss 0.05868021 - samples/sec: 139.86 - lr: 0.012500
2022-03-27 23:35:54,225 epoch 22 - iter 20/107 - loss 0.06136759 - samples/sec: 134.98 - lr: 0.012500
2022-03-27 23:35:56,637 epoch 22 - iter 30/107 - loss 0.05709623 - samples/sec: 132.69 - lr: 0.012500
2022-03-27 23:35:58,856 epoch 22 - iter 40/107 - loss 0.05888338 - samples/sec: 144.27 - lr: 0.012500
2022-03-27 23:36:01,344 epoch 22 - iter 50/107 - loss 0.06284684 - samples/sec: 128.67 - lr: 0.012500
2022-03-27 23:36:03,797 epoch 22 - iter 60/107 - loss 0.06245323 - samples/sec: 130.52 - lr: 0.012500
2022-03-27 23:36:06,202 epoch 22 - iter 70/107 - loss 0.06281540 - samples/sec: 133.13 - lr: 0.012500
2022-03-27 23:36:08,598 epoch 22 - iter 80/107 - loss 0.06197491 - samples/sec: 133.60 - lr: 0.012500
2022-03-27 23:36:11,125 epoch 22 - iter 90/107 - loss 0.06151142 - samples/sec: 126.66 - lr: 0.012500
2022-03-27 23:36:13,465 epoch 22 - iter 100/107 - loss 0.06066989 - samples/sec: 136.84 - lr: 0.012500
2022-03-27 23:36:14,844 ----------------------------------------------------------------------------------------------------
2022-03-27 23:36:14,844 EPOCH 22 done: loss 0.0612 - lr 0.012500
2022-03-27 23:36:22,157 Evaluating as a multi-label problem: False
2022-03-27 23:36:22,168 DEV : loss 0.18112072348594666 - f1-score (micro avg)  0.5098
2022-03-27 23:36:22,241 Epoch    22: reducing learning rate of group 0 to 6.2500e-03.
2022-03-27 23:36:22,242 BAD EPOCHS (no improvement): 4
2022-03-27 23:36:22,244 ----------------------------------------------------------------------------------------------------
2022-03-27 23:36:24,386 epoch 23 - iter 10/107 - loss 0.05124611 - samples/sec: 149.49 - lr: 0.006250
2022-03-27 23:36:26,462 epoch 23 - iter 20/107 - loss 0.05615830 - samples/sec: 154.19 - lr: 0.006250
2022-03-27 23:36:28,644 epoch 23 - iter 30/107 - loss 0.05627303 - samples/sec: 146.74 - lr: 0.006250
2022-03-27 23:36:30,950 epoch 23 - iter 40/107 - loss 0.05836730 - samples/sec: 138.81 - lr: 0.006250
2022-03-27 23:36:33,321 epoch 23 - iter 50/107 - loss 0.06011763 - samples/sec: 135.05 - lr: 0.006250
2022-03-27 23:36:35,630 epoch 23 - iter 60/107 - loss 0.05915393 - samples/sec: 138.68 - lr: 0.006250
2022-03-27 23:36:37,989 epoch 23 - iter 70/107 - loss 0.05766398 - samples/sec: 135.70 - lr: 0.006250
2022-03-27 23:36:40,505 epoch 23 - iter 80/107 - loss 0.05755145 - samples/sec: 127.24 - lr: 0.006250
2022-03-27 23:36:42,857 epoch 23 - iter 90/107 - loss 0.05778447 - samples/sec: 136.13 - lr: 0.006250
2022-03-27 23:36:45,192 epoch 23 - iter 100/107 - loss 0.05900539 - samples/sec: 137.10 - lr: 0.006250
2022-03-27 23:36:46,619 ----------------------------------------------------------------------------------------------------
2022-03-27 23:36:46,619 EPOCH 23 done: loss 0.0594 - lr 0.006250
2022-03-27 23:36:54,787 Evaluating as a multi-label problem: False
2022-03-27 23:36:54,798 DEV : loss 0.18656222522258759 - f1-score (micro avg)  0.5047
2022-03-27 23:36:54,874 BAD EPOCHS (no improvement): 1
2022-03-27 23:36:54,888 ----------------------------------------------------------------------------------------------------
2022-03-27 23:36:57,325 epoch 24 - iter 10/107 - loss 0.05216346 - samples/sec: 131.40 - lr: 0.006250
2022-03-27 23:36:59,762 epoch 24 - iter 20/107 - loss 0.06309809 - samples/sec: 131.32 - lr: 0.006250
2022-03-27 23:37:02,117 epoch 24 - iter 30/107 - loss 0.06094031 - samples/sec: 135.99 - lr: 0.006250
2022-03-27 23:37:04,304 epoch 24 - iter 40/107 - loss 0.05991195 - samples/sec: 146.35 - lr: 0.006250
2022-03-27 23:37:06,492 epoch 24 - iter 50/107 - loss 0.05980761 - samples/sec: 146.32 - lr: 0.006250
2022-03-27 23:37:08,837 epoch 24 - iter 60/107 - loss 0.05893500 - samples/sec: 136.52 - lr: 0.006250
2022-03-27 23:37:10,938 epoch 24 - iter 70/107 - loss 0.06000398 - samples/sec: 152.40 - lr: 0.006250
2022-03-27 23:37:13,048 epoch 24 - iter 80/107 - loss 0.05948385 - samples/sec: 151.69 - lr: 0.006250
2022-03-27 23:37:15,475 epoch 24 - iter 90/107 - loss 0.06106762 - samples/sec: 131.89 - lr: 0.006250
2022-03-27 23:37:18,033 epoch 24 - iter 100/107 - loss 0.06043953 - samples/sec: 125.17 - lr: 0.006250
2022-03-27 23:37:19,473 ----------------------------------------------------------------------------------------------------
2022-03-27 23:37:19,473 EPOCH 24 done: loss 0.0594 - lr 0.006250
2022-03-27 23:37:27,357 Evaluating as a multi-label problem: False
2022-03-27 23:37:27,369 DEV : loss 0.18887968361377716 - f1-score (micro avg)  0.5043
2022-03-27 23:37:27,443 BAD EPOCHS (no improvement): 2
2022-03-27 23:37:27,447 ----------------------------------------------------------------------------------------------------
2022-03-27 23:37:29,843 epoch 25 - iter 10/107 - loss 0.05872972 - samples/sec: 133.64 - lr: 0.006250
2022-03-27 23:37:32,263 epoch 25 - iter 20/107 - loss 0.05771456 - samples/sec: 132.31 - lr: 0.006250
2022-03-27 23:37:34,731 epoch 25 - iter 30/107 - loss 0.05694440 - samples/sec: 129.67 - lr: 0.006250
2022-03-27 23:37:37,067 epoch 25 - iter 40/107 - loss 0.05707829 - samples/sec: 137.06 - lr: 0.006250
2022-03-27 23:37:39,645 epoch 25 - iter 50/107 - loss 0.05931255 - samples/sec: 124.18 - lr: 0.006250
2022-03-27 23:37:42,415 epoch 25 - iter 60/107 - loss 0.05972995 - samples/sec: 115.61 - lr: 0.006250
2022-03-27 23:37:45,319 epoch 25 - iter 70/107 - loss 0.05933973 - samples/sec: 110.21 - lr: 0.006250
2022-03-27 23:37:48,059 epoch 25 - iter 80/107 - loss 0.05998666 - samples/sec: 116.87 - lr: 0.006250
2022-03-27 23:37:50,807 epoch 25 - iter 90/107 - loss 0.05901461 - samples/sec: 116.50 - lr: 0.006250
2022-03-27 23:37:53,278 epoch 25 - iter 100/107 - loss 0.05805485 - samples/sec: 129.58 - lr: 0.006250
2022-03-27 23:37:54,837 ----------------------------------------------------------------------------------------------------
2022-03-27 23:37:54,837 EPOCH 25 done: loss 0.0582 - lr 0.006250
2022-03-27 23:38:02,206 Evaluating as a multi-label problem: False
2022-03-27 23:38:02,218 DEV : loss 0.18993504345417023 - f1-score (micro avg)  0.5012
2022-03-27 23:38:02,317 BAD EPOCHS (no improvement): 3
2022-03-27 23:38:02,362 ----------------------------------------------------------------------------------------------------
2022-03-27 23:38:04,390 epoch 26 - iter 10/107 - loss 0.05896070 - samples/sec: 157.97 - lr: 0.006250
2022-03-27 23:38:06,431 epoch 26 - iter 20/107 - loss 0.05622938 - samples/sec: 156.87 - lr: 0.006250
2022-03-27 23:38:08,472 epoch 26 - iter 30/107 - loss 0.05959453 - samples/sec: 156.89 - lr: 0.006250
2022-03-27 23:38:10,545 epoch 26 - iter 40/107 - loss 0.05718679 - samples/sec: 154.42 - lr: 0.006250
2022-03-27 23:38:12,647 epoch 26 - iter 50/107 - loss 0.05746906 - samples/sec: 152.31 - lr: 0.006250
2022-03-27 23:38:14,794 epoch 26 - iter 60/107 - loss 0.05844206 - samples/sec: 149.12 - lr: 0.006250
2022-03-27 23:38:16,830 epoch 26 - iter 70/107 - loss 0.05974759 - samples/sec: 157.24 - lr: 0.006250
2022-03-27 23:38:18,729 epoch 26 - iter 80/107 - loss 0.05987156 - samples/sec: 168.66 - lr: 0.006250
2022-03-27 23:38:20,678 epoch 26 - iter 90/107 - loss 0.05922364 - samples/sec: 164.25 - lr: 0.006250
2022-03-27 23:38:22,546 epoch 26 - iter 100/107 - loss 0.05885582 - samples/sec: 171.43 - lr: 0.006250
2022-03-27 23:38:23,763 ----------------------------------------------------------------------------------------------------
2022-03-27 23:38:23,763 EPOCH 26 done: loss 0.0588 - lr 0.006250
2022-03-27 23:38:30,803 Evaluating as a multi-label problem: False
2022-03-27 23:38:30,814 DEV : loss 0.19616468250751495 - f1-score (micro avg)  0.4948
2022-03-27 23:38:30,912 Epoch    26: reducing learning rate of group 0 to 3.1250e-03.
2022-03-27 23:38:30,912 BAD EPOCHS (no improvement): 4
2022-03-27 23:38:30,914 ----------------------------------------------------------------------------------------------------
2022-03-27 23:38:32,980 epoch 27 - iter 10/107 - loss 0.05843984 - samples/sec: 155.03 - lr: 0.003125
2022-03-27 23:38:35,018 epoch 27 - iter 20/107 - loss 0.05725233 - samples/sec: 157.10 - lr: 0.003125
2022-03-27 23:38:37,108 epoch 27 - iter 30/107 - loss 0.05725591 - samples/sec: 153.19 - lr: 0.003125
2022-03-27 23:38:39,108 epoch 27 - iter 40/107 - loss 0.05885102 - samples/sec: 160.10 - lr: 0.003125
2022-03-27 23:38:41,156 epoch 27 - iter 50/107 - loss 0.05951773 - samples/sec: 156.31 - lr: 0.003125
2022-03-27 23:38:43,200 epoch 27 - iter 60/107 - loss 0.05956200 - samples/sec: 156.67 - lr: 0.003125
2022-03-27 23:38:45,245 epoch 27 - iter 70/107 - loss 0.05990833 - samples/sec: 156.57 - lr: 0.003125
2022-03-27 23:38:47,349 epoch 27 - iter 80/107 - loss 0.05915210 - samples/sec: 152.16 - lr: 0.003125
2022-03-27 23:38:49,399 epoch 27 - iter 90/107 - loss 0.05865371 - samples/sec: 156.12 - lr: 0.003125
2022-03-27 23:38:51,551 epoch 27 - iter 100/107 - loss 0.05789454 - samples/sec: 148.81 - lr: 0.003125
2022-03-27 23:38:52,838 ----------------------------------------------------------------------------------------------------
2022-03-27 23:38:52,839 EPOCH 27 done: loss 0.0582 - lr 0.003125
2022-03-27 23:38:59,946 Evaluating as a multi-label problem: False
2022-03-27 23:38:59,957 DEV : loss 0.189840167760849 - f1-score (micro avg)  0.5062
2022-03-27 23:39:00,054 BAD EPOCHS (no improvement): 1
2022-03-27 23:39:00,056 ----------------------------------------------------------------------------------------------------
2022-03-27 23:39:03,605 epoch 28 - iter 10/107 - loss 0.04512508 - samples/sec: 90.22 - lr: 0.003125
2022-03-27 23:39:07,473 epoch 28 - iter 20/107 - loss 0.04660061 - samples/sec: 82.74 - lr: 0.003125
2022-03-27 23:39:11,730 epoch 28 - iter 30/107 - loss 0.04976502 - samples/sec: 75.20 - lr: 0.003125
2022-03-27 23:39:15,726 epoch 28 - iter 40/107 - loss 0.05272956 - samples/sec: 80.11 - lr: 0.003125
2022-03-27 23:39:19,505 epoch 28 - iter 50/107 - loss 0.05321735 - samples/sec: 84.69 - lr: 0.003125
2022-03-27 23:39:23,236 epoch 28 - iter 60/107 - loss 0.05583152 - samples/sec: 85.80 - lr: 0.003125
2022-03-27 23:39:25,851 epoch 28 - iter 70/107 - loss 0.05530953 - samples/sec: 122.44 - lr: 0.003125
2022-03-27 23:39:28,614 epoch 28 - iter 80/107 - loss 0.05612277 - samples/sec: 115.85 - lr: 0.003125
2022-03-27 23:39:31,348 epoch 28 - iter 90/107 - loss 0.05571145 - samples/sec: 117.08 - lr: 0.003125
2022-03-27 23:39:34,144 epoch 28 - iter 100/107 - loss 0.05585244 - samples/sec: 114.49 - lr: 0.003125
2022-03-27 23:39:35,839 ----------------------------------------------------------------------------------------------------
2022-03-27 23:39:35,840 EPOCH 28 done: loss 0.0554 - lr 0.003125
2022-03-27 23:39:44,581 Evaluating as a multi-label problem: False
2022-03-27 23:39:44,592 DEV : loss 0.19161967933177948 - f1-score (micro avg)  0.5031
2022-03-27 23:39:44,687 BAD EPOCHS (no improvement): 2
2022-03-27 23:39:44,690 ----------------------------------------------------------------------------------------------------
2022-03-27 23:39:47,435 epoch 29 - iter 10/107 - loss 0.06184236 - samples/sec: 116.63 - lr: 0.003125
2022-03-27 23:39:50,392 epoch 29 - iter 20/107 - loss 0.05539572 - samples/sec: 108.27 - lr: 0.003125
2022-03-27 23:39:53,100 epoch 29 - iter 30/107 - loss 0.05405279 - samples/sec: 118.21 - lr: 0.003125
2022-03-27 23:39:55,823 epoch 29 - iter 40/107 - loss 0.05344664 - samples/sec: 117.54 - lr: 0.003125
2022-03-27 23:39:58,461 epoch 29 - iter 50/107 - loss 0.05736072 - samples/sec: 121.37 - lr: 0.003125
2022-03-27 23:40:00,933 epoch 29 - iter 60/107 - loss 0.05950056 - samples/sec: 129.48 - lr: 0.003125
2022-03-27 23:40:03,324 epoch 29 - iter 70/107 - loss 0.05775510 - samples/sec: 133.92 - lr: 0.003125
2022-03-27 23:40:05,813 epoch 29 - iter 80/107 - loss 0.05718765 - samples/sec: 128.67 - lr: 0.003125
2022-03-27 23:40:08,254 epoch 29 - iter 90/107 - loss 0.05658939 - samples/sec: 131.13 - lr: 0.003125
2022-03-27 23:40:10,068 epoch 29 - iter 100/107 - loss 0.05669779 - samples/sec: 176.50 - lr: 0.003125
2022-03-27 23:40:11,285 ----------------------------------------------------------------------------------------------------
2022-03-27 23:40:11,285 EPOCH 29 done: loss 0.0570 - lr 0.003125
2022-03-27 23:40:18,263 Evaluating as a multi-label problem: False
2022-03-27 23:40:18,275 DEV : loss 0.19341328740119934 - f1-score (micro avg)  0.4976
2022-03-27 23:40:18,366 BAD EPOCHS (no improvement): 3
2022-03-27 23:40:18,368 ----------------------------------------------------------------------------------------------------
2022-03-27 23:40:20,422 epoch 30 - iter 10/107 - loss 0.05031689 - samples/sec: 155.89 - lr: 0.003125
2022-03-27 23:40:22,394 epoch 30 - iter 20/107 - loss 0.05028528 - samples/sec: 162.38 - lr: 0.003125
2022-03-27 23:40:24,344 epoch 30 - iter 30/107 - loss 0.05340440 - samples/sec: 164.18 - lr: 0.003125
2022-03-27 23:40:26,451 epoch 30 - iter 40/107 - loss 0.05137397 - samples/sec: 151.93 - lr: 0.003125
2022-03-27 23:40:28,467 epoch 30 - iter 50/107 - loss 0.05080450 - samples/sec: 158.83 - lr: 0.003125
2022-03-27 23:40:30,436 epoch 30 - iter 60/107 - loss 0.05029670 - samples/sec: 162.59 - lr: 0.003125
2022-03-27 23:40:32,402 epoch 30 - iter 70/107 - loss 0.05260411 - samples/sec: 162.86 - lr: 0.003125
2022-03-27 23:40:34,462 epoch 30 - iter 80/107 - loss 0.05234384 - samples/sec: 155.43 - lr: 0.003125
2022-03-27 23:40:36,420 epoch 30 - iter 90/107 - loss 0.05248160 - samples/sec: 163.50 - lr: 0.003125
2022-03-27 23:40:38,465 epoch 30 - iter 100/107 - loss 0.05322016 - samples/sec: 156.56 - lr: 0.003125
2022-03-27 23:40:39,749 ----------------------------------------------------------------------------------------------------
2022-03-27 23:40:39,749 EPOCH 30 done: loss 0.0546 - lr 0.003125
2022-03-27 23:40:47,557 Evaluating as a multi-label problem: False
2022-03-27 23:40:47,569 DEV : loss 0.19064395129680634 - f1-score (micro avg)  0.5004
2022-03-27 23:40:47,666 Epoch    30: reducing learning rate of group 0 to 1.5625e-03.
2022-03-27 23:40:47,667 BAD EPOCHS (no improvement): 4
2022-03-27 23:40:47,670 ----------------------------------------------------------------------------------------------------
2022-03-27 23:40:50,508 epoch 31 - iter 10/107 - loss 0.06603327 - samples/sec: 112.81 - lr: 0.001563
2022-03-27 23:40:53,096 epoch 31 - iter 20/107 - loss 0.06138289 - samples/sec: 123.70 - lr: 0.001563
2022-03-27 23:40:55,898 epoch 31 - iter 30/107 - loss 0.05745502 - samples/sec: 114.26 - lr: 0.001563
2022-03-27 23:40:58,626 epoch 31 - iter 40/107 - loss 0.05912076 - samples/sec: 117.35 - lr: 0.001563
2022-03-27 23:41:01,380 epoch 31 - iter 50/107 - loss 0.05996644 - samples/sec: 116.23 - lr: 0.001563
2022-03-27 23:41:04,013 epoch 31 - iter 60/107 - loss 0.05793437 - samples/sec: 121.58 - lr: 0.001563
2022-03-27 23:41:06,828 epoch 31 - iter 70/107 - loss 0.05849346 - samples/sec: 113.72 - lr: 0.001563
2022-03-27 23:41:09,629 epoch 31 - iter 80/107 - loss 0.05752721 - samples/sec: 114.27 - lr: 0.001563
2022-03-27 23:41:12,482 epoch 31 - iter 90/107 - loss 0.05609012 - samples/sec: 112.22 - lr: 0.001563
2022-03-27 23:41:15,116 epoch 31 - iter 100/107 - loss 0.05637671 - samples/sec: 121.52 - lr: 0.001563
2022-03-27 23:41:16,824 ----------------------------------------------------------------------------------------------------
2022-03-27 23:41:16,824 EPOCH 31 done: loss 0.0556 - lr 0.001563
2022-03-27 23:41:24,668 Evaluating as a multi-label problem: False
2022-03-27 23:41:24,679 DEV : loss 0.19190330803394318 - f1-score (micro avg)  0.5023
2022-03-27 23:41:24,774 BAD EPOCHS (no improvement): 1
2022-03-27 23:41:24,777 ----------------------------------------------------------------------------------------------------
2022-03-27 23:41:27,210 epoch 32 - iter 10/107 - loss 0.06291699 - samples/sec: 131.57 - lr: 0.001563
2022-03-27 23:41:29,264 epoch 32 - iter 20/107 - loss 0.06200097 - samples/sec: 155.90 - lr: 0.001563
2022-03-27 23:41:31,193 epoch 32 - iter 30/107 - loss 0.05626431 - samples/sec: 166.01 - lr: 0.001563
2022-03-27 23:41:33,107 epoch 32 - iter 40/107 - loss 0.05440747 - samples/sec: 167.30 - lr: 0.001563
2022-03-27 23:41:35,069 epoch 32 - iter 50/107 - loss 0.05556461 - samples/sec: 163.16 - lr: 0.001563
2022-03-27 23:41:37,037 epoch 32 - iter 60/107 - loss 0.05556164 - samples/sec: 162.72 - lr: 0.001563
2022-03-27 23:41:39,094 epoch 32 - iter 70/107 - loss 0.05579425 - samples/sec: 155.61 - lr: 0.001563
2022-03-27 23:41:41,127 epoch 32 - iter 80/107 - loss 0.05531281 - samples/sec: 157.52 - lr: 0.001563
2022-03-27 23:41:43,148 epoch 32 - iter 90/107 - loss 0.05498144 - samples/sec: 158.41 - lr: 0.001563
2022-03-27 23:41:45,116 epoch 32 - iter 100/107 - loss 0.05587881 - samples/sec: 162.63 - lr: 0.001563
2022-03-27 23:41:46,364 ----------------------------------------------------------------------------------------------------
2022-03-27 23:41:46,365 EPOCH 32 done: loss 0.0551 - lr 0.001563
2022-03-27 23:41:53,375 Evaluating as a multi-label problem: False
2022-03-27 23:41:53,386 DEV : loss 0.1925782859325409 - f1-score (micro avg)  0.4992
2022-03-27 23:41:53,482 BAD EPOCHS (no improvement): 2
2022-03-27 23:41:53,485 ----------------------------------------------------------------------------------------------------
2022-03-27 23:41:55,575 epoch 33 - iter 10/107 - loss 0.05291312 - samples/sec: 153.19 - lr: 0.001563
2022-03-27 23:41:57,595 epoch 33 - iter 20/107 - loss 0.05997366 - samples/sec: 158.45 - lr: 0.001563
2022-03-27 23:41:59,616 epoch 33 - iter 30/107 - loss 0.05868768 - samples/sec: 158.44 - lr: 0.001563
2022-03-27 23:42:01,606 epoch 33 - iter 40/107 - loss 0.05675817 - samples/sec: 160.90 - lr: 0.001563
2022-03-27 23:42:03,672 epoch 33 - iter 50/107 - loss 0.05642085 - samples/sec: 154.94 - lr: 0.001563
2022-03-27 23:42:05,654 epoch 33 - iter 60/107 - loss 0.05813655 - samples/sec: 161.60 - lr: 0.001563
2022-03-27 23:42:08,169 epoch 33 - iter 70/107 - loss 0.05762758 - samples/sec: 127.26 - lr: 0.001563
2022-03-27 23:42:10,870 epoch 33 - iter 80/107 - loss 0.05675197 - samples/sec: 118.53 - lr: 0.001563
2022-03-27 23:42:13,552 epoch 33 - iter 90/107 - loss 0.05643244 - samples/sec: 119.37 - lr: 0.001563
2022-03-27 23:42:16,510 epoch 33 - iter 100/107 - loss 0.05721658 - samples/sec: 108.21 - lr: 0.001563
2022-03-27 23:42:18,085 ----------------------------------------------------------------------------------------------------
2022-03-27 23:42:18,085 EPOCH 33 done: loss 0.0570 - lr 0.001563
2022-03-27 23:42:26,649 Evaluating as a multi-label problem: False
2022-03-27 23:42:26,660 DEV : loss 0.1920756846666336 - f1-score (micro avg)  0.5008
2022-03-27 23:42:26,754 BAD EPOCHS (no improvement): 3
2022-03-27 23:42:26,761 ----------------------------------------------------------------------------------------------------
2022-03-27 23:42:29,650 epoch 34 - iter 10/107 - loss 0.05659707 - samples/sec: 110.82 - lr: 0.001563
2022-03-27 23:42:32,414 epoch 34 - iter 20/107 - loss 0.06005679 - samples/sec: 115.82 - lr: 0.001563
2022-03-27 23:42:35,395 epoch 34 - iter 30/107 - loss 0.05742199 - samples/sec: 107.38 - lr: 0.001563
2022-03-27 23:42:38,167 epoch 34 - iter 40/107 - loss 0.05578375 - samples/sec: 115.47 - lr: 0.001563
2022-03-27 23:42:40,907 epoch 34 - iter 50/107 - loss 0.05537053 - samples/sec: 116.84 - lr: 0.001563
2022-03-27 23:42:43,303 epoch 34 - iter 60/107 - loss 0.05670685 - samples/sec: 133.57 - lr: 0.001563
2022-03-27 23:42:45,636 epoch 34 - iter 70/107 - loss 0.05561001 - samples/sec: 137.26 - lr: 0.001563
2022-03-27 23:42:48,145 epoch 34 - iter 80/107 - loss 0.05562154 - samples/sec: 127.59 - lr: 0.001563
2022-03-27 23:42:50,655 epoch 34 - iter 90/107 - loss 0.05613248 - samples/sec: 127.55 - lr: 0.001563
2022-03-27 23:42:53,414 epoch 34 - iter 100/107 - loss 0.05644605 - samples/sec: 116.02 - lr: 0.001563
2022-03-27 23:42:55,084 ----------------------------------------------------------------------------------------------------
2022-03-27 23:42:55,084 EPOCH 34 done: loss 0.0560 - lr 0.001563
2022-03-27 23:43:05,314 Evaluating as a multi-label problem: False
2022-03-27 23:43:05,325 DEV : loss 0.19215570390224457 - f1-score (micro avg)  0.5004
2022-03-27 23:43:05,419 Epoch    34: reducing learning rate of group 0 to 7.8125e-04.
2022-03-27 23:43:05,419 BAD EPOCHS (no improvement): 4
2022-03-27 23:43:05,423 ----------------------------------------------------------------------------------------------------
2022-03-27 23:43:07,975 epoch 35 - iter 10/107 - loss 0.05383782 - samples/sec: 125.49 - lr: 0.000781
2022-03-27 23:43:10,649 epoch 35 - iter 20/107 - loss 0.05671197 - samples/sec: 119.72 - lr: 0.000781
2022-03-27 23:43:13,581 epoch 35 - iter 30/107 - loss 0.05262694 - samples/sec: 109.19 - lr: 0.000781
2022-03-27 23:43:16,316 epoch 35 - iter 40/107 - loss 0.05384679 - samples/sec: 117.04 - lr: 0.000781
2022-03-27 23:43:19,028 epoch 35 - iter 50/107 - loss 0.05511372 - samples/sec: 118.05 - lr: 0.000781
2022-03-27 23:43:21,851 epoch 35 - iter 60/107 - loss 0.05332540 - samples/sec: 113.38 - lr: 0.000781
2022-03-27 23:43:24,712 epoch 35 - iter 70/107 - loss 0.05320706 - samples/sec: 111.91 - lr: 0.000781
2022-03-27 23:43:27,266 epoch 35 - iter 80/107 - loss 0.05446933 - samples/sec: 125.30 - lr: 0.000781
2022-03-27 23:43:29,658 epoch 35 - iter 90/107 - loss 0.05526240 - samples/sec: 133.86 - lr: 0.000781
2022-03-27 23:43:32,196 epoch 35 - iter 100/107 - loss 0.05546239 - samples/sec: 126.15 - lr: 0.000781
2022-03-27 23:43:33,709 ----------------------------------------------------------------------------------------------------
2022-03-27 23:43:33,709 EPOCH 35 done: loss 0.0554 - lr 0.000781
2022-03-27 23:43:41,997 Evaluating as a multi-label problem: False
2022-03-27 23:43:42,008 DEV : loss 0.19049540162086487 - f1-score (micro avg)  0.5027
2022-03-27 23:43:42,101 BAD EPOCHS (no improvement): 1
2022-03-27 23:43:42,104 ----------------------------------------------------------------------------------------------------
2022-03-27 23:43:44,987 epoch 36 - iter 10/107 - loss 0.07058897 - samples/sec: 111.03 - lr: 0.000781
2022-03-27 23:43:47,666 epoch 36 - iter 20/107 - loss 0.06362356 - samples/sec: 119.53 - lr: 0.000781
2022-03-27 23:43:50,399 epoch 36 - iter 30/107 - loss 0.06099404 - samples/sec: 117.13 - lr: 0.000781
2022-03-27 23:43:53,052 epoch 36 - iter 40/107 - loss 0.05875801 - samples/sec: 120.67 - lr: 0.000781
2022-03-27 23:43:55,762 epoch 36 - iter 50/107 - loss 0.05716829 - samples/sec: 118.15 - lr: 0.000781
2022-03-27 23:43:58,566 epoch 36 - iter 60/107 - loss 0.05624780 - samples/sec: 114.15 - lr: 0.000781
2022-03-27 23:44:01,331 epoch 36 - iter 70/107 - loss 0.05496094 - samples/sec: 115.77 - lr: 0.000781
2022-03-27 23:44:04,118 epoch 36 - iter 80/107 - loss 0.05509352 - samples/sec: 114.87 - lr: 0.000781
2022-03-27 23:44:06,758 epoch 36 - iter 90/107 - loss 0.05553605 - samples/sec: 121.27 - lr: 0.000781
2022-03-27 23:44:09,553 epoch 36 - iter 100/107 - loss 0.05691554 - samples/sec: 114.51 - lr: 0.000781
2022-03-27 23:44:11,092 ----------------------------------------------------------------------------------------------------
2022-03-27 23:44:11,092 EPOCH 36 done: loss 0.0566 - lr 0.000781
2022-03-27 23:44:18,855 Evaluating as a multi-label problem: False
2022-03-27 23:44:18,867 DEV : loss 0.1916670948266983 - f1-score (micro avg)  0.5004
2022-03-27 23:44:18,962 BAD EPOCHS (no improvement): 2
2022-03-27 23:44:18,965 ----------------------------------------------------------------------------------------------------
2022-03-27 23:44:20,833 epoch 37 - iter 10/107 - loss 0.05937816 - samples/sec: 171.43 - lr: 0.000781
2022-03-27 23:44:22,857 epoch 37 - iter 20/107 - loss 0.05970108 - samples/sec: 158.19 - lr: 0.000781
2022-03-27 23:44:24,808 epoch 37 - iter 30/107 - loss 0.05941776 - samples/sec: 164.14 - lr: 0.000781
2022-03-27 23:44:26,819 epoch 37 - iter 40/107 - loss 0.05980856 - samples/sec: 159.23 - lr: 0.000781
2022-03-27 23:44:28,763 epoch 37 - iter 50/107 - loss 0.05913610 - samples/sec: 164.66 - lr: 0.000781
2022-03-27 23:44:30,875 epoch 37 - iter 60/107 - loss 0.05757811 - samples/sec: 151.63 - lr: 0.000781
2022-03-27 23:44:32,904 epoch 37 - iter 70/107 - loss 0.05688756 - samples/sec: 157.77 - lr: 0.000781
2022-03-27 23:44:34,885 epoch 37 - iter 80/107 - loss 0.05725002 - samples/sec: 161.61 - lr: 0.000781
2022-03-27 23:44:36,831 epoch 37 - iter 90/107 - loss 0.05766781 - samples/sec: 164.53 - lr: 0.000781
2022-03-27 23:44:38,829 epoch 37 - iter 100/107 - loss 0.05642969 - samples/sec: 160.26 - lr: 0.000781
2022-03-27 23:44:40,062 ----------------------------------------------------------------------------------------------------
2022-03-27 23:44:40,062 EPOCH 37 done: loss 0.0561 - lr 0.000781
2022-03-27 23:44:47,032 Evaluating as a multi-label problem: False
2022-03-27 23:44:47,044 DEV : loss 0.1925589144229889 - f1-score (micro avg)  0.498
2022-03-27 23:44:47,137 BAD EPOCHS (no improvement): 3
2022-03-27 23:44:47,140 ----------------------------------------------------------------------------------------------------
2022-03-27 23:44:49,195 epoch 38 - iter 10/107 - loss 0.05985915 - samples/sec: 155.82 - lr: 0.000781
2022-03-27 23:44:51,256 epoch 38 - iter 20/107 - loss 0.05236751 - samples/sec: 155.33 - lr: 0.000781
2022-03-27 23:44:53,238 epoch 38 - iter 30/107 - loss 0.05406480 - samples/sec: 161.54 - lr: 0.000781
2022-03-27 23:44:55,076 epoch 38 - iter 40/107 - loss 0.05727467 - samples/sec: 174.20 - lr: 0.000781
2022-03-27 23:44:57,618 epoch 38 - iter 50/107 - loss 0.05604798 - samples/sec: 125.94 - lr: 0.000781
2022-03-27 23:45:00,584 epoch 38 - iter 60/107 - loss 0.05631003 - samples/sec: 107.94 - lr: 0.000781
2022-03-27 23:45:03,362 epoch 38 - iter 70/107 - loss 0.05623290 - samples/sec: 115.21 - lr: 0.000781
2022-03-27 23:45:06,063 epoch 38 - iter 80/107 - loss 0.05655324 - samples/sec: 118.50 - lr: 0.000781
2022-03-27 23:45:08,984 epoch 38 - iter 90/107 - loss 0.05742227 - samples/sec: 109.60 - lr: 0.000781
2022-03-27 23:45:11,855 epoch 38 - iter 100/107 - loss 0.05669603 - samples/sec: 111.52 - lr: 0.000781
2022-03-27 23:45:13,442 ----------------------------------------------------------------------------------------------------
2022-03-27 23:45:13,442 EPOCH 38 done: loss 0.0565 - lr 0.000781
2022-03-27 23:45:21,990 Evaluating as a multi-label problem: False
2022-03-27 23:45:22,002 DEV : loss 0.19233950972557068 - f1-score (micro avg)  0.4988
2022-03-27 23:45:22,096 Epoch    38: reducing learning rate of group 0 to 3.9063e-04.
2022-03-27 23:45:22,096 BAD EPOCHS (no improvement): 4
2022-03-27 23:45:22,099 ----------------------------------------------------------------------------------------------------
2022-03-27 23:45:24,966 epoch 39 - iter 10/107 - loss 0.05288977 - samples/sec: 111.67 - lr: 0.000391
2022-03-27 23:45:27,661 epoch 39 - iter 20/107 - loss 0.05210663 - samples/sec: 118.79 - lr: 0.000391
2022-03-27 23:45:30,092 epoch 39 - iter 30/107 - loss 0.05249015 - samples/sec: 131.69 - lr: 0.000391
2022-03-27 23:45:32,353 epoch 39 - iter 40/107 - loss 0.05615554 - samples/sec: 141.61 - lr: 0.000391
2022-03-27 23:45:34,689 epoch 39 - iter 50/107 - loss 0.05559901 - samples/sec: 137.08 - lr: 0.000391
2022-03-27 23:45:36,768 epoch 39 - iter 60/107 - loss 0.05469494 - samples/sec: 154.01 - lr: 0.000391
2022-03-27 23:45:39,020 epoch 39 - iter 70/107 - loss 0.05535819 - samples/sec: 142.13 - lr: 0.000391
2022-03-27 23:45:41,083 epoch 39 - iter 80/107 - loss 0.05405984 - samples/sec: 155.17 - lr: 0.000391
2022-03-27 23:45:42,649 epoch 39 - iter 90/107 - loss 0.05480811 - samples/sec: 204.45 - lr: 0.000391
2022-03-27 23:45:44,190 epoch 39 - iter 100/107 - loss 0.05532394 - samples/sec: 207.87 - lr: 0.000391
2022-03-27 23:45:45,191 ----------------------------------------------------------------------------------------------------
2022-03-27 23:45:45,191 EPOCH 39 done: loss 0.0544 - lr 0.000391
2022-03-27 23:45:50,876 Evaluating as a multi-label problem: False
2022-03-27 23:45:50,887 DEV : loss 0.19228842854499817 - f1-score (micro avg)  0.4988
2022-03-27 23:45:50,961 BAD EPOCHS (no improvement): 1
2022-03-27 23:45:50,964 ----------------------------------------------------------------------------------------------------
2022-03-27 23:45:52,740 epoch 40 - iter 10/107 - loss 0.05020529 - samples/sec: 180.32 - lr: 0.000391
2022-03-27 23:45:54,364 epoch 40 - iter 20/107 - loss 0.05044341 - samples/sec: 197.11 - lr: 0.000391
2022-03-27 23:45:56,089 epoch 40 - iter 30/107 - loss 0.05479598 - samples/sec: 185.57 - lr: 0.000391
2022-03-27 23:45:57,735 epoch 40 - iter 40/107 - loss 0.05368416 - samples/sec: 194.60 - lr: 0.000391
2022-03-27 23:45:59,352 epoch 40 - iter 50/107 - loss 0.05513702 - samples/sec: 198.05 - lr: 0.000391
2022-03-27 23:46:00,947 epoch 40 - iter 60/107 - loss 0.05648067 - samples/sec: 200.65 - lr: 0.000391
2022-03-27 23:46:02,583 epoch 40 - iter 70/107 - loss 0.05584670 - samples/sec: 195.79 - lr: 0.000391
2022-03-27 23:46:04,221 epoch 40 - iter 80/107 - loss 0.05501183 - samples/sec: 195.46 - lr: 0.000391
2022-03-27 23:46:05,918 epoch 40 - iter 90/107 - loss 0.05581916 - samples/sec: 188.70 - lr: 0.000391
2022-03-27 23:46:07,611 epoch 40 - iter 100/107 - loss 0.05706894 - samples/sec: 189.04 - lr: 0.000391
2022-03-27 23:46:08,725 ----------------------------------------------------------------------------------------------------
2022-03-27 23:46:08,725 EPOCH 40 done: loss 0.0557 - lr 0.000391
2022-03-27 23:46:14,489 Evaluating as a multi-label problem: False
2022-03-27 23:46:14,500 DEV : loss 0.19179515540599823 - f1-score (micro avg)  0.4988
2022-03-27 23:46:14,577 BAD EPOCHS (no improvement): 2
2022-03-27 23:46:14,596 ----------------------------------------------------------------------------------------------------
2022-03-27 23:46:16,371 epoch 41 - iter 10/107 - loss 0.04908956 - samples/sec: 180.42 - lr: 0.000391
2022-03-27 23:46:18,026 epoch 41 - iter 20/107 - loss 0.05526651 - samples/sec: 193.56 - lr: 0.000391
2022-03-27 23:46:20,594 epoch 41 - iter 30/107 - loss 0.05794396 - samples/sec: 124.63 - lr: 0.000391
2022-03-27 23:46:22,982 epoch 41 - iter 40/107 - loss 0.05990453 - samples/sec: 134.06 - lr: 0.000391
2022-03-27 23:46:25,467 epoch 41 - iter 50/107 - loss 0.06125962 - samples/sec: 128.84 - lr: 0.000391
2022-03-27 23:46:27,885 epoch 41 - iter 60/107 - loss 0.05944834 - samples/sec: 132.40 - lr: 0.000391
2022-03-27 23:46:30,338 epoch 41 - iter 70/107 - loss 0.05870294 - samples/sec: 130.47 - lr: 0.000391
2022-03-27 23:46:32,637 epoch 41 - iter 80/107 - loss 0.05725683 - samples/sec: 139.29 - lr: 0.000391
2022-03-27 23:46:35,111 epoch 41 - iter 90/107 - loss 0.05718288 - samples/sec: 129.40 - lr: 0.000391
2022-03-27 23:46:37,595 epoch 41 - iter 100/107 - loss 0.05619261 - samples/sec: 128.82 - lr: 0.000391
2022-03-27 23:46:39,055 ----------------------------------------------------------------------------------------------------
2022-03-27 23:46:39,055 EPOCH 41 done: loss 0.0561 - lr 0.000391
2022-03-27 23:46:47,079 Evaluating as a multi-label problem: False
2022-03-27 23:46:47,090 DEV : loss 0.19108524918556213 - f1-score (micro avg)  0.5004
2022-03-27 23:46:47,163 BAD EPOCHS (no improvement): 3
2022-03-27 23:46:47,167 ----------------------------------------------------------------------------------------------------
2022-03-27 23:46:49,609 epoch 42 - iter 10/107 - loss 0.05389889 - samples/sec: 131.11 - lr: 0.000391
2022-03-27 23:46:52,055 epoch 42 - iter 20/107 - loss 0.05329681 - samples/sec: 130.86 - lr: 0.000391
2022-03-27 23:46:54,464 epoch 42 - iter 30/107 - loss 0.05782122 - samples/sec: 132.90 - lr: 0.000391
2022-03-27 23:46:56,613 epoch 42 - iter 40/107 - loss 0.05626004 - samples/sec: 148.95 - lr: 0.000391
2022-03-27 23:46:58,790 epoch 42 - iter 50/107 - loss 0.05820772 - samples/sec: 147.08 - lr: 0.000391
2022-03-27 23:47:00,874 epoch 42 - iter 60/107 - loss 0.05716115 - samples/sec: 153.66 - lr: 0.000391
2022-03-27 23:47:03,054 epoch 42 - iter 70/107 - loss 0.05673976 - samples/sec: 146.83 - lr: 0.000391
2022-03-27 23:47:05,273 epoch 42 - iter 80/107 - loss 0.05530724 - samples/sec: 144.29 - lr: 0.000391
2022-03-27 23:47:07,702 epoch 42 - iter 90/107 - loss 0.05527862 - samples/sec: 131.83 - lr: 0.000391
2022-03-27 23:47:10,060 epoch 42 - iter 100/107 - loss 0.05549663 - samples/sec: 135.76 - lr: 0.000391
2022-03-27 23:47:11,614 ----------------------------------------------------------------------------------------------------
2022-03-27 23:47:11,614 EPOCH 42 done: loss 0.0561 - lr 0.000391
2022-03-27 23:47:19,346 Evaluating as a multi-label problem: False
2022-03-27 23:47:19,357 DEV : loss 0.19108305871486664 - f1-score (micro avg)  0.5
2022-03-27 23:47:19,431 Epoch    42: reducing learning rate of group 0 to 1.9531e-04.
2022-03-27 23:47:19,431 BAD EPOCHS (no improvement): 4
2022-03-27 23:47:19,434 ----------------------------------------------------------------------------------------------------
2022-03-27 23:47:21,849 epoch 43 - iter 10/107 - loss 0.04659723 - samples/sec: 132.54 - lr: 0.000195
2022-03-27 23:47:24,154 epoch 43 - iter 20/107 - loss 0.04392945 - samples/sec: 138.91 - lr: 0.000195
2022-03-27 23:47:26,654 epoch 43 - iter 30/107 - loss 0.05045896 - samples/sec: 128.05 - lr: 0.000195
2022-03-27 23:47:29,124 epoch 43 - iter 40/107 - loss 0.05082670 - samples/sec: 129.61 - lr: 0.000195
2022-03-27 23:47:31,628 epoch 43 - iter 50/107 - loss 0.05160039 - samples/sec: 127.82 - lr: 0.000195
2022-03-27 23:47:34,118 epoch 43 - iter 60/107 - loss 0.05190564 - samples/sec: 128.61 - lr: 0.000195
2022-03-27 23:47:36,383 epoch 43 - iter 70/107 - loss 0.05186642 - samples/sec: 141.30 - lr: 0.000195
2022-03-27 23:47:38,752 epoch 43 - iter 80/107 - loss 0.05255135 - samples/sec: 135.12 - lr: 0.000195
2022-03-27 23:47:41,131 epoch 43 - iter 90/107 - loss 0.05243925 - samples/sec: 134.58 - lr: 0.000195
2022-03-27 23:47:43,332 epoch 43 - iter 100/107 - loss 0.05252163 - samples/sec: 145.46 - lr: 0.000195
2022-03-27 23:47:44,754 ----------------------------------------------------------------------------------------------------
2022-03-27 23:47:44,754 EPOCH 43 done: loss 0.0536 - lr 0.000195
2022-03-27 23:47:51,462 Evaluating as a multi-label problem: False
2022-03-27 23:47:51,474 DEV : loss 0.19138270616531372 - f1-score (micro avg)  0.5
2022-03-27 23:47:51,549 BAD EPOCHS (no improvement): 1
2022-03-27 23:47:51,806 ----------------------------------------------------------------------------------------------------
2022-03-27 23:47:54,266 epoch 44 - iter 10/107 - loss 0.05983369 - samples/sec: 130.18 - lr: 0.000195
2022-03-27 23:47:56,569 epoch 44 - iter 20/107 - loss 0.06264636 - samples/sec: 139.03 - lr: 0.000195
2022-03-27 23:47:59,026 epoch 44 - iter 30/107 - loss 0.05959862 - samples/sec: 130.28 - lr: 0.000195
2022-03-27 23:48:01,343 epoch 44 - iter 40/107 - loss 0.05796794 - samples/sec: 138.19 - lr: 0.000195
2022-03-27 23:48:03,735 epoch 44 - iter 50/107 - loss 0.05659035 - samples/sec: 133.83 - lr: 0.000195
2022-03-27 23:48:06,232 epoch 44 - iter 60/107 - loss 0.05561022 - samples/sec: 128.22 - lr: 0.000195
2022-03-27 23:48:08,626 epoch 44 - iter 70/107 - loss 0.05782348 - samples/sec: 133.69 - lr: 0.000195
2022-03-27 23:48:11,010 epoch 44 - iter 80/107 - loss 0.05678174 - samples/sec: 134.32 - lr: 0.000195
2022-03-27 23:48:13,538 epoch 44 - iter 90/107 - loss 0.05601869 - samples/sec: 126.59 - lr: 0.000195
2022-03-27 23:48:15,914 epoch 44 - iter 100/107 - loss 0.05559610 - samples/sec: 134.77 - lr: 0.000195
2022-03-27 23:48:17,435 ----------------------------------------------------------------------------------------------------
2022-03-27 23:48:17,436 EPOCH 44 done: loss 0.0551 - lr 0.000195
2022-03-27 23:48:25,393 Evaluating as a multi-label problem: False
2022-03-27 23:48:25,403 DEV : loss 0.19201745092868805 - f1-score (micro avg)  0.4992
2022-03-27 23:48:25,477 BAD EPOCHS (no improvement): 2
2022-03-27 23:48:25,480 ----------------------------------------------------------------------------------------------------
2022-03-27 23:48:27,713 epoch 45 - iter 10/107 - loss 0.05364523 - samples/sec: 143.43 - lr: 0.000195
2022-03-27 23:48:29,991 epoch 45 - iter 20/107 - loss 0.05049381 - samples/sec: 140.54 - lr: 0.000195
2022-03-27 23:48:32,223 epoch 45 - iter 30/107 - loss 0.05380862 - samples/sec: 143.39 - lr: 0.000195
2022-03-27 23:48:34,349 epoch 45 - iter 40/107 - loss 0.05524629 - samples/sec: 150.59 - lr: 0.000195
2022-03-27 23:48:36,292 epoch 45 - iter 50/107 - loss 0.05799619 - samples/sec: 164.80 - lr: 0.000195
2022-03-27 23:48:38,168 epoch 45 - iter 60/107 - loss 0.05567069 - samples/sec: 170.66 - lr: 0.000195
2022-03-27 23:48:39,726 epoch 45 - iter 70/107 - loss 0.05583620 - samples/sec: 205.56 - lr: 0.000195
2022-03-27 23:48:41,326 epoch 45 - iter 80/107 - loss 0.05613035 - samples/sec: 200.16 - lr: 0.000195
2022-03-27 23:48:42,862 epoch 45 - iter 90/107 - loss 0.05584385 - samples/sec: 208.46 - lr: 0.000195
2022-03-27 23:48:44,529 epoch 45 - iter 100/107 - loss 0.05532655 - samples/sec: 192.05 - lr: 0.000195
2022-03-27 23:48:45,519 ----------------------------------------------------------------------------------------------------
2022-03-27 23:48:45,519 EPOCH 45 done: loss 0.0548 - lr 0.000195
2022-03-27 23:48:51,147 Evaluating as a multi-label problem: False
2022-03-27 23:48:51,158 DEV : loss 0.19219613075256348 - f1-score (micro avg)  0.4992
2022-03-27 23:48:51,230 BAD EPOCHS (no improvement): 3
2022-03-27 23:48:51,233 ----------------------------------------------------------------------------------------------------
2022-03-27 23:48:52,940 epoch 46 - iter 10/107 - loss 0.04520977 - samples/sec: 187.57 - lr: 0.000195
2022-03-27 23:48:54,500 epoch 46 - iter 20/107 - loss 0.05283562 - samples/sec: 205.35 - lr: 0.000195
2022-03-27 23:48:56,190 epoch 46 - iter 30/107 - loss 0.05258226 - samples/sec: 189.45 - lr: 0.000195
2022-03-27 23:48:57,767 epoch 46 - iter 40/107 - loss 0.05138987 - samples/sec: 203.06 - lr: 0.000195
2022-03-27 23:48:59,373 epoch 46 - iter 50/107 - loss 0.05188825 - samples/sec: 199.37 - lr: 0.000195
2022-03-27 23:49:01,006 epoch 46 - iter 60/107 - loss 0.05297482 - samples/sec: 195.99 - lr: 0.000195
2022-03-27 23:49:02,579 epoch 46 - iter 70/107 - loss 0.05485752 - samples/sec: 203.52 - lr: 0.000195
2022-03-27 23:49:04,166 epoch 46 - iter 80/107 - loss 0.05486126 - samples/sec: 201.81 - lr: 0.000195
2022-03-27 23:49:05,721 epoch 46 - iter 90/107 - loss 0.05516277 - samples/sec: 205.90 - lr: 0.000195
2022-03-27 23:49:07,352 epoch 46 - iter 100/107 - loss 0.05507810 - samples/sec: 196.31 - lr: 0.000195
2022-03-27 23:49:08,313 ----------------------------------------------------------------------------------------------------
2022-03-27 23:49:08,314 EPOCH 46 done: loss 0.0549 - lr 0.000195
2022-03-27 23:49:14,020 Evaluating as a multi-label problem: False
2022-03-27 23:49:14,098 DEV : loss 0.19248567521572113 - f1-score (micro avg)  0.4996
2022-03-27 23:49:14,173 Epoch    46: reducing learning rate of group 0 to 9.7656e-05.
2022-03-27 23:49:14,173 BAD EPOCHS (no improvement): 4
2022-03-27 23:49:14,176 ----------------------------------------------------------------------------------------------------
2022-03-27 23:49:14,177 ----------------------------------------------------------------------------------------------------
2022-03-27 23:49:14,177 learning rate too small - quitting training!
2022-03-27 23:49:14,177 ----------------------------------------------------------------------------------------------------
2022-03-27 23:49:38,057 ----------------------------------------------------------------------------------------------------
2022-03-27 23:49:38,058 loading file resources/taggers/model_04_r5_run_2/best-model.pt
2022-03-27 23:49:52,423 SequenceTagger predicts: Dictionary with 27 tags: O, S-person, B-person, E-person, I-person, S-location, B-location, E-location, I-location, S-group, B-group, E-group, I-group, S-corporation, B-corporation, E-corporation, I-corporation, S-product, B-product, E-product, I-product, S-creative-work, B-creative-work, E-creative-work, I-creative-work, <START>, <STOP>
2022-03-27 23:50:12,926 Evaluating as a multi-label problem: False
2022-03-27 23:50:12,938 0.6466	0.3086	0.4178	0.2829
2022-03-27 23:50:12,938 
Results:
- F-score (micro) 0.4178
- F-score (macro) 0.302
- Accuracy 0.2829

By class:
               precision    recall  f1-score   support

       person     0.7565    0.4779    0.5857       429
     location     0.6762    0.4733    0.5569       150
        group     0.4615    0.1818    0.2609       165
creative-work     0.5185    0.0986    0.1657       142
      product     0.2353    0.0315    0.0556       127
  corporation     0.3000    0.1364    0.1875        66

    micro avg     0.6466    0.3086    0.4178      1079
    macro avg     0.4913    0.2332    0.3020      1079
 weighted avg     0.5796    0.3086    0.3900      1079

2022-03-27 23:50:12,938 ----------------------------------------------------------------------------------------------------
