2022-03-27 22:56:23,758 ----------------------------------------------------------------------------------------------------
2022-03-27 22:56:23,759 Model: "SequenceTagger(
  (embeddings): StackedEmbeddings(
    (list_embedding_0): GazetteerEmbeddings()
    (list_embedding_1): FlairEmbeddings(
      (lm): LanguageModel(
        (drop): Dropout(p=0.05, inplace=False)
        (encoder): Embedding(300, 100)
        (rnn): LSTM(100, 2048)
        (decoder): Linear(in_features=2048, out_features=300, bias=True)
      )
    )
    (list_embedding_2): FlairEmbeddings(
      (lm): LanguageModel(
        (drop): Dropout(p=0.05, inplace=False)
        (encoder): Embedding(300, 100)
        (rnn): LSTM(100, 2048)
        (decoder): Linear(in_features=2048, out_features=300, bias=True)
      )
    )
  )
  (word_dropout): WordDropout(p=0.05)
  (locked_dropout): LockedDropout(p=0.5)
  (embedding2nn): Linear(in_features=4757, out_features=4757, bias=True)
  (rnn): LSTM(4757, 256, batch_first=True, bidirectional=True)
  (linear): Linear(in_features=512, out_features=27, bias=True)
  (loss_function): ViterbiLoss()
  (crf): CRF()
)"
2022-03-27 22:56:23,760 ----------------------------------------------------------------------------------------------------
2022-03-27 22:56:23,760 Corpus: "Corpus: 3394 train + 1009 dev + 1287 test sentences"
2022-03-27 22:56:23,760 ----------------------------------------------------------------------------------------------------
2022-03-27 22:56:23,760 Parameters:
2022-03-27 22:56:23,762  - learning_rate: "0.100000"
2022-03-27 22:56:23,762  - mini_batch_size: "32"
2022-03-27 22:56:23,762  - patience: "3"
2022-03-27 22:56:23,762  - anneal_factor: "0.5"
2022-03-27 22:56:23,762  - max_epochs: "150"
2022-03-27 22:56:23,762  - shuffle: "True"
2022-03-27 22:56:23,762  - train_with_dev: "False"
2022-03-27 22:56:23,762  - batch_growth_annealing: "False"
2022-03-27 22:56:23,762 ----------------------------------------------------------------------------------------------------
2022-03-27 22:56:23,763 Model training base path: "resources/taggers/model_05_r5_run_1"
2022-03-27 22:56:23,763 ----------------------------------------------------------------------------------------------------
2022-03-27 22:56:23,763 Device: cuda:2
2022-03-27 22:56:23,763 ----------------------------------------------------------------------------------------------------
2022-03-27 22:56:23,764 Embeddings storage mode: cpu
2022-03-27 22:56:23,764 ----------------------------------------------------------------------------------------------------
2022-03-27 22:56:26,702 epoch 1 - iter 10/107 - loss 0.49428571 - samples/sec: 108.95 - lr: 0.100000
2022-03-27 22:56:29,694 epoch 1 - iter 20/107 - loss 0.39624135 - samples/sec: 106.98 - lr: 0.100000
2022-03-27 22:56:32,700 epoch 1 - iter 30/107 - loss 0.36031201 - samples/sec: 106.48 - lr: 0.100000
2022-03-27 22:56:35,689 epoch 1 - iter 40/107 - loss 0.33446121 - samples/sec: 107.10 - lr: 0.100000
2022-03-27 22:56:38,686 epoch 1 - iter 50/107 - loss 0.30987238 - samples/sec: 106.80 - lr: 0.100000
2022-03-27 22:56:41,694 epoch 1 - iter 60/107 - loss 0.30299182 - samples/sec: 106.43 - lr: 0.100000
2022-03-27 22:56:44,706 epoch 1 - iter 70/107 - loss 0.29637786 - samples/sec: 106.27 - lr: 0.100000
2022-03-27 22:56:47,621 epoch 1 - iter 80/107 - loss 0.29532819 - samples/sec: 109.84 - lr: 0.100000
2022-03-27 22:56:50,376 epoch 1 - iter 90/107 - loss 0.29387248 - samples/sec: 116.17 - lr: 0.100000
2022-03-27 22:56:53,208 epoch 1 - iter 100/107 - loss 0.28996570 - samples/sec: 113.05 - lr: 0.100000
2022-03-27 22:56:54,961 ----------------------------------------------------------------------------------------------------
2022-03-27 22:56:54,961 EPOCH 1 done: loss 0.2861 - lr 0.100000
2022-03-27 22:57:05,616 Evaluating as a multi-label problem: False
2022-03-27 22:57:05,628 DEV : loss 0.41171354055404663 - f1-score (micro avg)  0.1267
2022-03-27 22:57:05,696 BAD EPOCHS (no improvement): 0
2022-03-27 22:57:05,700 saving best model
2022-03-27 22:57:18,555 ----------------------------------------------------------------------------------------------------
2022-03-27 22:57:24,512 epoch 2 - iter 10/107 - loss 0.18792525 - samples/sec: 53.74 - lr: 0.100000
2022-03-27 22:57:26,299 epoch 2 - iter 20/107 - loss 0.19187340 - samples/sec: 179.11 - lr: 0.100000
2022-03-27 22:57:28,097 epoch 2 - iter 30/107 - loss 0.19213297 - samples/sec: 178.14 - lr: 0.100000
2022-03-27 22:57:29,799 epoch 2 - iter 40/107 - loss 0.18501955 - samples/sec: 188.12 - lr: 0.100000
2022-03-27 22:57:31,587 epoch 2 - iter 50/107 - loss 0.17643735 - samples/sec: 179.05 - lr: 0.100000
2022-03-27 22:57:33,371 epoch 2 - iter 60/107 - loss 0.18060818 - samples/sec: 179.44 - lr: 0.100000
2022-03-27 22:57:35,175 epoch 2 - iter 70/107 - loss 0.18059762 - samples/sec: 177.51 - lr: 0.100000
2022-03-27 22:57:36,963 epoch 2 - iter 80/107 - loss 0.18087437 - samples/sec: 179.02 - lr: 0.100000
2022-03-27 22:57:38,858 epoch 2 - iter 90/107 - loss 0.18204840 - samples/sec: 169.03 - lr: 0.100000
2022-03-27 22:57:40,675 epoch 2 - iter 100/107 - loss 0.18051659 - samples/sec: 176.15 - lr: 0.100000
2022-03-27 22:57:41,756 ----------------------------------------------------------------------------------------------------
2022-03-27 22:57:41,756 EPOCH 2 done: loss 0.1824 - lr 0.100000
2022-03-27 22:57:52,296 Evaluating as a multi-label problem: False
2022-03-27 22:57:52,308 DEV : loss 0.2711169719696045 - f1-score (micro avg)  0.4037
2022-03-27 22:57:52,377 BAD EPOCHS (no improvement): 0
2022-03-27 22:57:52,380 saving best model
2022-03-27 22:58:05,198 ----------------------------------------------------------------------------------------------------
2022-03-27 22:58:08,453 epoch 3 - iter 10/107 - loss 0.17327867 - samples/sec: 98.36 - lr: 0.100000
2022-03-27 22:58:11,426 epoch 3 - iter 20/107 - loss 0.15257212 - samples/sec: 107.68 - lr: 0.100000
2022-03-27 22:58:15,076 epoch 3 - iter 30/107 - loss 0.15577956 - samples/sec: 87.69 - lr: 0.100000
2022-03-27 22:58:18,438 epoch 3 - iter 40/107 - loss 0.15522424 - samples/sec: 95.22 - lr: 0.100000
2022-03-27 22:58:22,062 epoch 3 - iter 50/107 - loss 0.15207341 - samples/sec: 88.32 - lr: 0.100000
2022-03-27 22:58:25,399 epoch 3 - iter 60/107 - loss 0.15206613 - samples/sec: 95.90 - lr: 0.100000
2022-03-27 22:58:28,343 epoch 3 - iter 70/107 - loss 0.15088561 - samples/sec: 108.77 - lr: 0.100000
2022-03-27 22:58:31,531 epoch 3 - iter 80/107 - loss 0.15280578 - samples/sec: 100.41 - lr: 0.100000
2022-03-27 22:58:34,820 epoch 3 - iter 90/107 - loss 0.15372441 - samples/sec: 97.32 - lr: 0.100000
2022-03-27 22:58:38,269 epoch 3 - iter 100/107 - loss 0.14923917 - samples/sec: 92.80 - lr: 0.100000
2022-03-27 22:58:40,285 ----------------------------------------------------------------------------------------------------
2022-03-27 22:58:40,285 EPOCH 3 done: loss 0.1507 - lr 0.100000
2022-03-27 22:58:46,878 Evaluating as a multi-label problem: False
2022-03-27 22:58:46,889 DEV : loss 0.24079230427742004 - f1-score (micro avg)  0.4763
2022-03-27 22:58:46,958 BAD EPOCHS (no improvement): 0
2022-03-27 22:58:46,961 saving best model
2022-03-27 22:58:59,831 ----------------------------------------------------------------------------------------------------
2022-03-27 22:59:01,811 epoch 4 - iter 10/107 - loss 0.13165557 - samples/sec: 161.74 - lr: 0.100000
2022-03-27 22:59:03,659 epoch 4 - iter 20/107 - loss 0.14653313 - samples/sec: 173.22 - lr: 0.100000
2022-03-27 22:59:05,548 epoch 4 - iter 30/107 - loss 0.13748592 - samples/sec: 169.50 - lr: 0.100000
2022-03-27 22:59:07,380 epoch 4 - iter 40/107 - loss 0.13269000 - samples/sec: 174.75 - lr: 0.100000
2022-03-27 22:59:09,277 epoch 4 - iter 50/107 - loss 0.13306491 - samples/sec: 168.81 - lr: 0.100000
2022-03-27 22:59:11,096 epoch 4 - iter 60/107 - loss 0.13157254 - samples/sec: 176.02 - lr: 0.100000
2022-03-27 22:59:12,896 epoch 4 - iter 70/107 - loss 0.13120895 - samples/sec: 177.86 - lr: 0.100000
2022-03-27 22:59:14,829 epoch 4 - iter 80/107 - loss 0.13081913 - samples/sec: 165.60 - lr: 0.100000
2022-03-27 22:59:16,772 epoch 4 - iter 90/107 - loss 0.13105908 - samples/sec: 164.85 - lr: 0.100000
2022-03-27 22:59:18,711 epoch 4 - iter 100/107 - loss 0.13297777 - samples/sec: 165.15 - lr: 0.100000
2022-03-27 22:59:20,087 ----------------------------------------------------------------------------------------------------
2022-03-27 22:59:20,087 EPOCH 4 done: loss 0.1332 - lr 0.100000
2022-03-27 22:59:27,229 Evaluating as a multi-label problem: False
2022-03-27 22:59:27,240 DEV : loss 0.25610631704330444 - f1-score (micro avg)  0.4
2022-03-27 22:59:27,314 BAD EPOCHS (no improvement): 1
2022-03-27 22:59:27,317 ----------------------------------------------------------------------------------------------------
2022-03-27 22:59:30,067 epoch 5 - iter 10/107 - loss 0.15200550 - samples/sec: 116.46 - lr: 0.100000
2022-03-27 22:59:32,898 epoch 5 - iter 20/107 - loss 0.13291900 - samples/sec: 113.08 - lr: 0.100000
2022-03-27 22:59:35,685 epoch 5 - iter 30/107 - loss 0.11748186 - samples/sec: 114.86 - lr: 0.100000
2022-03-27 22:59:38,564 epoch 5 - iter 40/107 - loss 0.11958400 - samples/sec: 111.19 - lr: 0.100000
2022-03-27 22:59:41,357 epoch 5 - iter 50/107 - loss 0.12024609 - samples/sec: 114.64 - lr: 0.100000
2022-03-27 22:59:44,193 epoch 5 - iter 60/107 - loss 0.11948941 - samples/sec: 112.88 - lr: 0.100000
2022-03-27 22:59:47,051 epoch 5 - iter 70/107 - loss 0.12213808 - samples/sec: 112.02 - lr: 0.100000
2022-03-27 22:59:49,700 epoch 5 - iter 80/107 - loss 0.12000183 - samples/sec: 120.82 - lr: 0.100000
2022-03-27 22:59:52,572 epoch 5 - iter 90/107 - loss 0.12170611 - samples/sec: 111.48 - lr: 0.100000
2022-03-27 22:59:55,238 epoch 5 - iter 100/107 - loss 0.12340287 - samples/sec: 120.04 - lr: 0.100000
2022-03-27 22:59:56,942 ----------------------------------------------------------------------------------------------------
2022-03-27 22:59:56,942 EPOCH 5 done: loss 0.1232 - lr 0.100000
2022-03-27 23:00:05,317 Evaluating as a multi-label problem: False
2022-03-27 23:00:05,328 DEV : loss 0.2218051701784134 - f1-score (micro avg)  0.4877
2022-03-27 23:00:05,399 BAD EPOCHS (no improvement): 0
2022-03-27 23:00:05,402 saving best model
2022-03-27 23:00:19,080 ----------------------------------------------------------------------------------------------------
2022-03-27 23:00:21,107 epoch 6 - iter 10/107 - loss 0.10531183 - samples/sec: 157.99 - lr: 0.100000
2022-03-27 23:00:22,992 epoch 6 - iter 20/107 - loss 0.10798090 - samples/sec: 169.82 - lr: 0.100000
2022-03-27 23:00:24,872 epoch 6 - iter 30/107 - loss 0.10717174 - samples/sec: 170.31 - lr: 0.100000
2022-03-27 23:00:26,752 epoch 6 - iter 40/107 - loss 0.10901243 - samples/sec: 170.35 - lr: 0.100000
2022-03-27 23:00:28,653 epoch 6 - iter 50/107 - loss 0.11187470 - samples/sec: 168.41 - lr: 0.100000
2022-03-27 23:00:30,598 epoch 6 - iter 60/107 - loss 0.11385986 - samples/sec: 164.61 - lr: 0.100000
2022-03-27 23:00:32,430 epoch 6 - iter 70/107 - loss 0.11223233 - samples/sec: 174.79 - lr: 0.100000
2022-03-27 23:00:34,283 epoch 6 - iter 80/107 - loss 0.11503718 - samples/sec: 172.80 - lr: 0.100000
2022-03-27 23:00:36,190 epoch 6 - iter 90/107 - loss 0.11527608 - samples/sec: 167.85 - lr: 0.100000
2022-03-27 23:00:38,000 epoch 6 - iter 100/107 - loss 0.11473584 - samples/sec: 176.88 - lr: 0.100000
2022-03-27 23:00:39,172 ----------------------------------------------------------------------------------------------------
2022-03-27 23:00:39,172 EPOCH 6 done: loss 0.1153 - lr 0.100000
2022-03-27 23:00:45,208 Evaluating as a multi-label problem: False
2022-03-27 23:00:45,219 DEV : loss 0.1872761994600296 - f1-score (micro avg)  0.5214
2022-03-27 23:00:45,289 BAD EPOCHS (no improvement): 0
2022-03-27 23:00:45,455 saving best model
2022-03-27 23:01:00,081 ----------------------------------------------------------------------------------------------------
2022-03-27 23:01:02,864 epoch 7 - iter 10/107 - loss 0.09640749 - samples/sec: 115.05 - lr: 0.100000
2022-03-27 23:01:05,738 epoch 7 - iter 20/107 - loss 0.09979795 - samples/sec: 111.42 - lr: 0.100000
2022-03-27 23:01:08,443 epoch 7 - iter 30/107 - loss 0.10194114 - samples/sec: 118.32 - lr: 0.100000
2022-03-27 23:01:11,112 epoch 7 - iter 40/107 - loss 0.10079219 - samples/sec: 119.98 - lr: 0.100000
2022-03-27 23:01:13,912 epoch 7 - iter 50/107 - loss 0.10510409 - samples/sec: 114.30 - lr: 0.100000
2022-03-27 23:01:16,635 epoch 7 - iter 60/107 - loss 0.10554957 - samples/sec: 117.58 - lr: 0.100000
2022-03-27 23:01:19,331 epoch 7 - iter 70/107 - loss 0.10526417 - samples/sec: 118.71 - lr: 0.100000
2022-03-27 23:01:21,985 epoch 7 - iter 80/107 - loss 0.10338493 - samples/sec: 120.65 - lr: 0.100000
2022-03-27 23:01:24,900 epoch 7 - iter 90/107 - loss 0.10438136 - samples/sec: 109.82 - lr: 0.100000
2022-03-27 23:01:27,641 epoch 7 - iter 100/107 - loss 0.10716058 - samples/sec: 116.81 - lr: 0.100000
2022-03-27 23:01:29,325 ----------------------------------------------------------------------------------------------------
2022-03-27 23:01:29,325 EPOCH 7 done: loss 0.1053 - lr 0.100000
2022-03-27 23:01:36,652 Evaluating as a multi-label problem: False
2022-03-27 23:01:36,663 DEV : loss 0.21674436330795288 - f1-score (micro avg)  0.4876
2022-03-27 23:01:36,732 BAD EPOCHS (no improvement): 1
2022-03-27 23:01:36,735 ----------------------------------------------------------------------------------------------------
2022-03-27 23:01:39,269 epoch 8 - iter 10/107 - loss 0.10724447 - samples/sec: 126.36 - lr: 0.100000
2022-03-27 23:01:41,710 epoch 8 - iter 20/107 - loss 0.10115069 - samples/sec: 131.15 - lr: 0.100000
2022-03-27 23:01:43,517 epoch 8 - iter 30/107 - loss 0.10309271 - samples/sec: 177.21 - lr: 0.100000
2022-03-27 23:01:45,324 epoch 8 - iter 40/107 - loss 0.10217471 - samples/sec: 177.12 - lr: 0.100000
2022-03-27 23:01:47,163 epoch 8 - iter 50/107 - loss 0.10204440 - samples/sec: 174.09 - lr: 0.100000
2022-03-27 23:01:49,056 epoch 8 - iter 60/107 - loss 0.10649728 - samples/sec: 169.12 - lr: 0.100000
2022-03-27 23:01:50,864 epoch 8 - iter 70/107 - loss 0.10461273 - samples/sec: 177.18 - lr: 0.100000
2022-03-27 23:01:52,689 epoch 8 - iter 80/107 - loss 0.10198662 - samples/sec: 175.43 - lr: 0.100000
2022-03-27 23:01:54,597 epoch 8 - iter 90/107 - loss 0.10142622 - samples/sec: 167.80 - lr: 0.100000
2022-03-27 23:01:56,471 epoch 8 - iter 100/107 - loss 0.10028393 - samples/sec: 170.83 - lr: 0.100000
2022-03-27 23:01:57,664 ----------------------------------------------------------------------------------------------------
2022-03-27 23:01:57,664 EPOCH 8 done: loss 0.1000 - lr 0.100000
2022-03-27 23:02:03,655 Evaluating as a multi-label problem: False
2022-03-27 23:02:03,665 DEV : loss 0.20370538532733917 - f1-score (micro avg)  0.5008
2022-03-27 23:02:03,738 BAD EPOCHS (no improvement): 2
2022-03-27 23:02:03,741 ----------------------------------------------------------------------------------------------------
2022-03-27 23:02:07,005 epoch 9 - iter 10/107 - loss 0.09022161 - samples/sec: 98.09 - lr: 0.100000
2022-03-27 23:02:08,902 epoch 9 - iter 20/107 - loss 0.08526763 - samples/sec: 168.75 - lr: 0.100000
2022-03-27 23:02:10,752 epoch 9 - iter 30/107 - loss 0.08058443 - samples/sec: 173.06 - lr: 0.100000
2022-03-27 23:02:12,520 epoch 9 - iter 40/107 - loss 0.08574862 - samples/sec: 181.10 - lr: 0.100000
2022-03-27 23:02:14,387 epoch 9 - iter 50/107 - loss 0.08924193 - samples/sec: 171.50 - lr: 0.100000
2022-03-27 23:02:16,196 epoch 9 - iter 60/107 - loss 0.08988387 - samples/sec: 176.94 - lr: 0.100000
2022-03-27 23:02:18,124 epoch 9 - iter 70/107 - loss 0.08984805 - samples/sec: 166.06 - lr: 0.100000
2022-03-27 23:02:20,187 epoch 9 - iter 80/107 - loss 0.08973634 - samples/sec: 155.17 - lr: 0.100000
2022-03-27 23:02:22,978 epoch 9 - iter 90/107 - loss 0.08868629 - samples/sec: 114.72 - lr: 0.100000
2022-03-27 23:02:25,660 epoch 9 - iter 100/107 - loss 0.08980429 - samples/sec: 119.37 - lr: 0.100000
2022-03-27 23:02:27,271 ----------------------------------------------------------------------------------------------------
2022-03-27 23:02:27,271 EPOCH 9 done: loss 0.0916 - lr 0.100000
2022-03-27 23:02:35,623 Evaluating as a multi-label problem: False
2022-03-27 23:02:35,634 DEV : loss 0.18739525973796844 - f1-score (micro avg)  0.5356
2022-03-27 23:02:35,704 BAD EPOCHS (no improvement): 0
2022-03-27 23:02:35,707 saving best model
2022-03-27 23:02:49,666 ----------------------------------------------------------------------------------------------------
2022-03-27 23:02:52,510 epoch 10 - iter 10/107 - loss 0.08632575 - samples/sec: 112.60 - lr: 0.100000
2022-03-27 23:02:55,278 epoch 10 - iter 20/107 - loss 0.08624104 - samples/sec: 115.66 - lr: 0.100000
2022-03-27 23:02:57,904 epoch 10 - iter 30/107 - loss 0.08122244 - samples/sec: 121.91 - lr: 0.100000
2022-03-27 23:03:00,321 epoch 10 - iter 40/107 - loss 0.08765898 - samples/sec: 132.45 - lr: 0.100000
2022-03-27 23:03:02,669 epoch 10 - iter 50/107 - loss 0.08556946 - samples/sec: 136.34 - lr: 0.100000
2022-03-27 23:03:04,989 epoch 10 - iter 60/107 - loss 0.08846881 - samples/sec: 138.00 - lr: 0.100000
2022-03-27 23:03:07,468 epoch 10 - iter 70/107 - loss 0.08628538 - samples/sec: 129.12 - lr: 0.100000
2022-03-27 23:03:09,964 epoch 10 - iter 80/107 - loss 0.08739350 - samples/sec: 128.24 - lr: 0.100000
2022-03-27 23:03:11,772 epoch 10 - iter 90/107 - loss 0.08853578 - samples/sec: 177.10 - lr: 0.100000
2022-03-27 23:03:13,544 epoch 10 - iter 100/107 - loss 0.08715135 - samples/sec: 180.74 - lr: 0.100000
2022-03-27 23:03:14,687 ----------------------------------------------------------------------------------------------------
2022-03-27 23:03:14,687 EPOCH 10 done: loss 0.0860 - lr 0.100000
2022-03-27 23:03:20,711 Evaluating as a multi-label problem: False
2022-03-27 23:03:20,721 DEV : loss 0.20836171507835388 - f1-score (micro avg)  0.4843
2022-03-27 23:03:20,791 BAD EPOCHS (no improvement): 1
2022-03-27 23:03:20,796 ----------------------------------------------------------------------------------------------------
2022-03-27 23:03:22,710 epoch 11 - iter 10/107 - loss 0.09267080 - samples/sec: 167.28 - lr: 0.100000
2022-03-27 23:03:24,610 epoch 11 - iter 20/107 - loss 0.08205609 - samples/sec: 168.49 - lr: 0.100000
2022-03-27 23:03:26,491 epoch 11 - iter 30/107 - loss 0.08067491 - samples/sec: 170.27 - lr: 0.100000
2022-03-27 23:03:28,349 epoch 11 - iter 40/107 - loss 0.07494461 - samples/sec: 172.30 - lr: 0.100000
2022-03-27 23:03:30,136 epoch 11 - iter 50/107 - loss 0.07924480 - samples/sec: 179.17 - lr: 0.100000
2022-03-27 23:03:32,004 epoch 11 - iter 60/107 - loss 0.07763762 - samples/sec: 171.39 - lr: 0.100000
2022-03-27 23:03:33,944 epoch 11 - iter 70/107 - loss 0.07799440 - samples/sec: 164.98 - lr: 0.100000
2022-03-27 23:03:35,898 epoch 11 - iter 80/107 - loss 0.07733542 - samples/sec: 163.84 - lr: 0.100000
2022-03-27 23:03:37,749 epoch 11 - iter 90/107 - loss 0.07916717 - samples/sec: 173.05 - lr: 0.100000
2022-03-27 23:03:39,617 epoch 11 - iter 100/107 - loss 0.08160637 - samples/sec: 171.37 - lr: 0.100000
2022-03-27 23:03:40,736 ----------------------------------------------------------------------------------------------------
2022-03-27 23:03:40,736 EPOCH 11 done: loss 0.0811 - lr 0.100000
2022-03-27 23:03:46,795 Evaluating as a multi-label problem: False
2022-03-27 23:03:46,806 DEV : loss 0.22211942076683044 - f1-score (micro avg)  0.4722
2022-03-27 23:03:46,876 BAD EPOCHS (no improvement): 2
2022-03-27 23:03:47,103 ----------------------------------------------------------------------------------------------------
2022-03-27 23:03:49,355 epoch 12 - iter 10/107 - loss 0.08890507 - samples/sec: 142.17 - lr: 0.100000
2022-03-27 23:03:51,885 epoch 12 - iter 20/107 - loss 0.08348712 - samples/sec: 126.51 - lr: 0.100000
2022-03-27 23:03:54,603 epoch 12 - iter 30/107 - loss 0.08102040 - samples/sec: 117.79 - lr: 0.100000
2022-03-27 23:03:57,313 epoch 12 - iter 40/107 - loss 0.07858400 - samples/sec: 118.14 - lr: 0.100000
2022-03-27 23:04:00,034 epoch 12 - iter 50/107 - loss 0.07821771 - samples/sec: 117.65 - lr: 0.100000
2022-03-27 23:04:02,848 epoch 12 - iter 60/107 - loss 0.07766985 - samples/sec: 113.72 - lr: 0.100000
2022-03-27 23:04:05,604 epoch 12 - iter 70/107 - loss 0.07745988 - samples/sec: 116.15 - lr: 0.100000
2022-03-27 23:04:08,169 epoch 12 - iter 80/107 - loss 0.07823541 - samples/sec: 124.84 - lr: 0.100000
2022-03-27 23:04:10,879 epoch 12 - iter 90/107 - loss 0.07722789 - samples/sec: 118.10 - lr: 0.100000
2022-03-27 23:04:13,740 epoch 12 - iter 100/107 - loss 0.07957717 - samples/sec: 111.91 - lr: 0.100000
2022-03-27 23:04:15,411 ----------------------------------------------------------------------------------------------------
2022-03-27 23:04:15,411 EPOCH 12 done: loss 0.0786 - lr 0.100000
2022-03-27 23:04:23,841 Evaluating as a multi-label problem: False
2022-03-27 23:04:23,852 DEV : loss 0.20845656096935272 - f1-score (micro avg)  0.4955
2022-03-27 23:04:23,923 BAD EPOCHS (no improvement): 3
2022-03-27 23:04:23,927 ----------------------------------------------------------------------------------------------------
2022-03-27 23:04:26,500 epoch 13 - iter 10/107 - loss 0.08427797 - samples/sec: 124.45 - lr: 0.100000
2022-03-27 23:04:29,046 epoch 13 - iter 20/107 - loss 0.07746923 - samples/sec: 125.73 - lr: 0.100000
2022-03-27 23:04:31,742 epoch 13 - iter 30/107 - loss 0.07752944 - samples/sec: 118.72 - lr: 0.100000
2022-03-27 23:04:34,457 epoch 13 - iter 40/107 - loss 0.07688673 - samples/sec: 117.93 - lr: 0.100000
2022-03-27 23:04:36,940 epoch 13 - iter 50/107 - loss 0.07618567 - samples/sec: 128.93 - lr: 0.100000
2022-03-27 23:04:39,547 epoch 13 - iter 60/107 - loss 0.07497124 - samples/sec: 122.80 - lr: 0.100000
2022-03-27 23:04:41,918 epoch 13 - iter 70/107 - loss 0.07569624 - samples/sec: 135.00 - lr: 0.100000
2022-03-27 23:04:44,231 epoch 13 - iter 80/107 - loss 0.07630510 - samples/sec: 138.43 - lr: 0.100000
2022-03-27 23:04:46,668 epoch 13 - iter 90/107 - loss 0.07522855 - samples/sec: 131.34 - lr: 0.100000
2022-03-27 23:04:48,348 epoch 13 - iter 100/107 - loss 0.07418545 - samples/sec: 190.65 - lr: 0.100000
2022-03-27 23:04:49,415 ----------------------------------------------------------------------------------------------------
2022-03-27 23:04:49,415 EPOCH 13 done: loss 0.0739 - lr 0.100000
2022-03-27 23:04:55,338 Evaluating as a multi-label problem: False
2022-03-27 23:04:55,348 DEV : loss 0.24189674854278564 - f1-score (micro avg)  0.4741
2022-03-27 23:04:55,420 Epoch    13: reducing learning rate of group 0 to 5.0000e-02.
2022-03-27 23:04:55,420 BAD EPOCHS (no improvement): 4
2022-03-27 23:04:55,422 ----------------------------------------------------------------------------------------------------
2022-03-27 23:04:57,437 epoch 14 - iter 10/107 - loss 0.05757631 - samples/sec: 158.95 - lr: 0.050000
2022-03-27 23:04:59,298 epoch 14 - iter 20/107 - loss 0.06725625 - samples/sec: 172.01 - lr: 0.050000
2022-03-27 23:05:01,102 epoch 14 - iter 30/107 - loss 0.06572712 - samples/sec: 177.46 - lr: 0.050000
2022-03-27 23:05:02,884 epoch 14 - iter 40/107 - loss 0.06483730 - samples/sec: 179.71 - lr: 0.050000
2022-03-27 23:05:04,664 epoch 14 - iter 50/107 - loss 0.06598750 - samples/sec: 179.84 - lr: 0.050000
2022-03-27 23:05:06,398 epoch 14 - iter 60/107 - loss 0.06699122 - samples/sec: 184.72 - lr: 0.050000
2022-03-27 23:05:08,160 epoch 14 - iter 70/107 - loss 0.06728602 - samples/sec: 181.71 - lr: 0.050000
2022-03-27 23:05:09,985 epoch 14 - iter 80/107 - loss 0.06631445 - samples/sec: 175.49 - lr: 0.050000
2022-03-27 23:05:11,790 epoch 14 - iter 90/107 - loss 0.06587328 - samples/sec: 177.35 - lr: 0.050000
2022-03-27 23:05:13,530 epoch 14 - iter 100/107 - loss 0.06475383 - samples/sec: 184.09 - lr: 0.050000
2022-03-27 23:05:14,590 ----------------------------------------------------------------------------------------------------
2022-03-27 23:05:14,590 EPOCH 14 done: loss 0.0641 - lr 0.050000
2022-03-27 23:05:20,334 Evaluating as a multi-label problem: False
2022-03-27 23:05:20,345 DEV : loss 0.20126719772815704 - f1-score (micro avg)  0.4996
2022-03-27 23:05:20,415 BAD EPOCHS (no improvement): 1
2022-03-27 23:05:20,419 ----------------------------------------------------------------------------------------------------
2022-03-27 23:05:22,359 epoch 15 - iter 10/107 - loss 0.06118826 - samples/sec: 165.01 - lr: 0.050000
2022-03-27 23:05:24,245 epoch 15 - iter 20/107 - loss 0.06205568 - samples/sec: 169.81 - lr: 0.050000
2022-03-27 23:05:26,809 epoch 15 - iter 30/107 - loss 0.05921788 - samples/sec: 124.84 - lr: 0.050000
2022-03-27 23:05:29,490 epoch 15 - iter 40/107 - loss 0.05866884 - samples/sec: 119.38 - lr: 0.050000
2022-03-27 23:05:32,269 epoch 15 - iter 50/107 - loss 0.05863698 - samples/sec: 115.19 - lr: 0.050000
2022-03-27 23:05:35,074 epoch 15 - iter 60/107 - loss 0.05782105 - samples/sec: 114.12 - lr: 0.050000
2022-03-27 23:05:37,728 epoch 15 - iter 70/107 - loss 0.06085824 - samples/sec: 120.64 - lr: 0.050000
2022-03-27 23:05:40,439 epoch 15 - iter 80/107 - loss 0.06075952 - samples/sec: 118.05 - lr: 0.050000
2022-03-27 23:05:43,313 epoch 15 - iter 90/107 - loss 0.06008745 - samples/sec: 111.41 - lr: 0.050000
2022-03-27 23:05:46,046 epoch 15 - iter 100/107 - loss 0.05969935 - samples/sec: 117.12 - lr: 0.050000
2022-03-27 23:05:47,695 ----------------------------------------------------------------------------------------------------
2022-03-27 23:05:47,695 EPOCH 15 done: loss 0.0603 - lr 0.050000
2022-03-27 23:05:57,290 Evaluating as a multi-label problem: False
2022-03-27 23:05:57,301 DEV : loss 0.18409426510334015 - f1-score (micro avg)  0.543
2022-03-27 23:05:57,373 BAD EPOCHS (no improvement): 0
2022-03-27 23:05:57,392 saving best model
2022-03-27 23:06:10,955 ----------------------------------------------------------------------------------------------------
2022-03-27 23:06:13,639 epoch 16 - iter 10/107 - loss 0.05549675 - samples/sec: 119.30 - lr: 0.050000
2022-03-27 23:06:16,193 epoch 16 - iter 20/107 - loss 0.06223857 - samples/sec: 125.38 - lr: 0.050000
2022-03-27 23:06:18,918 epoch 16 - iter 30/107 - loss 0.05959131 - samples/sec: 117.45 - lr: 0.050000
2022-03-27 23:06:21,702 epoch 16 - iter 40/107 - loss 0.06251533 - samples/sec: 115.00 - lr: 0.050000
2022-03-27 23:06:24,437 epoch 16 - iter 50/107 - loss 0.06248892 - samples/sec: 117.05 - lr: 0.050000
2022-03-27 23:06:27,147 epoch 16 - iter 60/107 - loss 0.06380159 - samples/sec: 118.13 - lr: 0.050000
2022-03-27 23:06:29,975 epoch 16 - iter 70/107 - loss 0.06175085 - samples/sec: 113.19 - lr: 0.050000
2022-03-27 23:06:32,730 epoch 16 - iter 80/107 - loss 0.06072951 - samples/sec: 116.18 - lr: 0.050000
2022-03-27 23:06:35,330 epoch 16 - iter 90/107 - loss 0.05933874 - samples/sec: 123.10 - lr: 0.050000
2022-03-27 23:06:38,172 epoch 16 - iter 100/107 - loss 0.06046009 - samples/sec: 112.63 - lr: 0.050000
2022-03-27 23:06:39,832 ----------------------------------------------------------------------------------------------------
2022-03-27 23:06:39,832 EPOCH 16 done: loss 0.0604 - lr 0.050000
2022-03-27 23:06:48,250 Evaluating as a multi-label problem: False
2022-03-27 23:06:48,261 DEV : loss 0.2097131609916687 - f1-score (micro avg)  0.5246
2022-03-27 23:06:48,332 BAD EPOCHS (no improvement): 1
2022-03-27 23:06:48,335 ----------------------------------------------------------------------------------------------------
2022-03-27 23:06:50,992 epoch 17 - iter 10/107 - loss 0.05798471 - samples/sec: 120.54 - lr: 0.050000
2022-03-27 23:06:53,393 epoch 17 - iter 20/107 - loss 0.06009484 - samples/sec: 133.30 - lr: 0.050000
2022-03-27 23:06:55,886 epoch 17 - iter 30/107 - loss 0.05642179 - samples/sec: 128.44 - lr: 0.050000
2022-03-27 23:06:58,334 epoch 17 - iter 40/107 - loss 0.05663693 - samples/sec: 130.76 - lr: 0.050000
2022-03-27 23:07:00,772 epoch 17 - iter 50/107 - loss 0.05685126 - samples/sec: 131.31 - lr: 0.050000
2022-03-27 23:07:02,768 epoch 17 - iter 60/107 - loss 0.05788496 - samples/sec: 160.39 - lr: 0.050000
2022-03-27 23:07:04,570 epoch 17 - iter 70/107 - loss 0.05610766 - samples/sec: 177.72 - lr: 0.050000
2022-03-27 23:07:06,385 epoch 17 - iter 80/107 - loss 0.05716005 - samples/sec: 176.33 - lr: 0.050000
2022-03-27 23:07:08,218 epoch 17 - iter 90/107 - loss 0.05812708 - samples/sec: 174.67 - lr: 0.050000
2022-03-27 23:07:10,086 epoch 17 - iter 100/107 - loss 0.05789059 - samples/sec: 171.39 - lr: 0.050000
2022-03-27 23:07:11,255 ----------------------------------------------------------------------------------------------------
2022-03-27 23:07:11,256 EPOCH 17 done: loss 0.0578 - lr 0.050000
2022-03-27 23:07:17,230 Evaluating as a multi-label problem: False
2022-03-27 23:07:17,240 DEV : loss 0.21600772440433502 - f1-score (micro avg)  0.492
2022-03-27 23:07:17,310 BAD EPOCHS (no improvement): 2
2022-03-27 23:07:17,314 ----------------------------------------------------------------------------------------------------
2022-03-27 23:07:19,204 epoch 18 - iter 10/107 - loss 0.03967089 - samples/sec: 169.45 - lr: 0.050000
2022-03-27 23:07:21,038 epoch 18 - iter 20/107 - loss 0.04763208 - samples/sec: 174.56 - lr: 0.050000
2022-03-27 23:07:22,900 epoch 18 - iter 30/107 - loss 0.05417899 - samples/sec: 171.96 - lr: 0.050000
2022-03-27 23:07:24,741 epoch 18 - iter 40/107 - loss 0.05276086 - samples/sec: 173.87 - lr: 0.050000
2022-03-27 23:07:26,513 epoch 18 - iter 50/107 - loss 0.05438783 - samples/sec: 180.70 - lr: 0.050000
2022-03-27 23:07:28,455 epoch 18 - iter 60/107 - loss 0.05465750 - samples/sec: 164.88 - lr: 0.050000
2022-03-27 23:07:30,337 epoch 18 - iter 70/107 - loss 0.05482798 - samples/sec: 170.13 - lr: 0.050000
2022-03-27 23:07:32,097 epoch 18 - iter 80/107 - loss 0.05475291 - samples/sec: 181.99 - lr: 0.050000
2022-03-27 23:07:33,916 epoch 18 - iter 90/107 - loss 0.05473693 - samples/sec: 175.93 - lr: 0.050000
2022-03-27 23:07:35,755 epoch 18 - iter 100/107 - loss 0.05396298 - samples/sec: 174.17 - lr: 0.050000
2022-03-27 23:07:36,877 ----------------------------------------------------------------------------------------------------
2022-03-27 23:07:36,877 EPOCH 18 done: loss 0.0537 - lr 0.050000
2022-03-27 23:07:44,058 Evaluating as a multi-label problem: False
2022-03-27 23:07:44,071 DEV : loss 0.2059965282678604 - f1-score (micro avg)  0.527
2022-03-27 23:07:44,142 BAD EPOCHS (no improvement): 3
2022-03-27 23:07:44,145 ----------------------------------------------------------------------------------------------------
2022-03-27 23:07:46,856 epoch 19 - iter 10/107 - loss 0.04874132 - samples/sec: 118.12 - lr: 0.050000
2022-03-27 23:07:49,592 epoch 19 - iter 20/107 - loss 0.04616669 - samples/sec: 116.99 - lr: 0.050000
2022-03-27 23:07:52,440 epoch 19 - iter 30/107 - loss 0.04926669 - samples/sec: 112.39 - lr: 0.050000
2022-03-27 23:07:55,109 epoch 19 - iter 40/107 - loss 0.05012040 - samples/sec: 119.95 - lr: 0.050000
2022-03-27 23:07:57,709 epoch 19 - iter 50/107 - loss 0.05141284 - samples/sec: 123.12 - lr: 0.050000
2022-03-27 23:08:00,463 epoch 19 - iter 60/107 - loss 0.05127037 - samples/sec: 116.24 - lr: 0.050000
2022-03-27 23:08:03,303 epoch 19 - iter 70/107 - loss 0.05129826 - samples/sec: 112.69 - lr: 0.050000
2022-03-27 23:08:06,094 epoch 19 - iter 80/107 - loss 0.05101865 - samples/sec: 114.72 - lr: 0.050000
2022-03-27 23:08:08,862 epoch 19 - iter 90/107 - loss 0.05163384 - samples/sec: 115.63 - lr: 0.050000
2022-03-27 23:08:11,580 epoch 19 - iter 100/107 - loss 0.05222982 - samples/sec: 117.79 - lr: 0.050000
2022-03-27 23:08:13,171 ----------------------------------------------------------------------------------------------------
2022-03-27 23:08:13,171 EPOCH 19 done: loss 0.0532 - lr 0.050000
2022-03-27 23:08:21,713 Evaluating as a multi-label problem: False
2022-03-27 23:08:21,723 DEV : loss 0.22891761362552643 - f1-score (micro avg)  0.4835
2022-03-27 23:08:21,794 Epoch    19: reducing learning rate of group 0 to 2.5000e-02.
2022-03-27 23:08:21,794 BAD EPOCHS (no improvement): 4
2022-03-27 23:08:21,797 ----------------------------------------------------------------------------------------------------
2022-03-27 23:08:24,256 epoch 20 - iter 10/107 - loss 0.05295348 - samples/sec: 130.20 - lr: 0.025000
2022-03-27 23:08:26,591 epoch 20 - iter 20/107 - loss 0.05243109 - samples/sec: 137.12 - lr: 0.025000
2022-03-27 23:08:29,134 epoch 20 - iter 30/107 - loss 0.04968547 - samples/sec: 125.88 - lr: 0.025000
2022-03-27 23:08:31,652 epoch 20 - iter 40/107 - loss 0.05009266 - samples/sec: 127.13 - lr: 0.025000
2022-03-27 23:08:33,896 epoch 20 - iter 50/107 - loss 0.04914653 - samples/sec: 142.65 - lr: 0.025000
2022-03-27 23:08:36,865 epoch 20 - iter 60/107 - loss 0.04783871 - samples/sec: 107.82 - lr: 0.025000
2022-03-27 23:08:39,579 epoch 20 - iter 70/107 - loss 0.04639611 - samples/sec: 117.95 - lr: 0.025000
2022-03-27 23:08:42,287 epoch 20 - iter 80/107 - loss 0.04709309 - samples/sec: 118.22 - lr: 0.025000
2022-03-27 23:08:45,024 epoch 20 - iter 90/107 - loss 0.04833661 - samples/sec: 116.93 - lr: 0.025000
2022-03-27 23:08:47,702 epoch 20 - iter 100/107 - loss 0.04819941 - samples/sec: 119.53 - lr: 0.025000
2022-03-27 23:08:49,313 ----------------------------------------------------------------------------------------------------
2022-03-27 23:08:49,313 EPOCH 20 done: loss 0.0483 - lr 0.025000
2022-03-27 23:08:57,631 Evaluating as a multi-label problem: False
2022-03-27 23:08:57,641 DEV : loss 0.20324289798736572 - f1-score (micro avg)  0.5062
2022-03-27 23:08:57,715 BAD EPOCHS (no improvement): 1
2022-03-27 23:08:57,718 ----------------------------------------------------------------------------------------------------
2022-03-27 23:09:00,351 epoch 21 - iter 10/107 - loss 0.04373133 - samples/sec: 121.62 - lr: 0.025000
2022-03-27 23:09:03,055 epoch 21 - iter 20/107 - loss 0.04289237 - samples/sec: 118.38 - lr: 0.025000
2022-03-27 23:09:05,749 epoch 21 - iter 30/107 - loss 0.04412919 - samples/sec: 118.81 - lr: 0.025000
2022-03-27 23:09:08,416 epoch 21 - iter 40/107 - loss 0.04319380 - samples/sec: 120.06 - lr: 0.025000
2022-03-27 23:09:11,223 epoch 21 - iter 50/107 - loss 0.04364469 - samples/sec: 114.01 - lr: 0.025000
2022-03-27 23:09:13,736 epoch 21 - iter 60/107 - loss 0.04461963 - samples/sec: 127.42 - lr: 0.025000
2022-03-27 23:09:16,367 epoch 21 - iter 70/107 - loss 0.04408762 - samples/sec: 121.68 - lr: 0.025000
2022-03-27 23:09:18,902 epoch 21 - iter 80/107 - loss 0.04450269 - samples/sec: 126.27 - lr: 0.025000
2022-03-27 23:09:21,681 epoch 21 - iter 90/107 - loss 0.04496731 - samples/sec: 115.20 - lr: 0.025000
2022-03-27 23:09:24,156 epoch 21 - iter 100/107 - loss 0.04589253 - samples/sec: 129.34 - lr: 0.025000
2022-03-27 23:09:25,208 ----------------------------------------------------------------------------------------------------
2022-03-27 23:09:25,208 EPOCH 21 done: loss 0.0464 - lr 0.025000
2022-03-27 23:09:32,339 Evaluating as a multi-label problem: False
2022-03-27 23:09:32,350 DEV : loss 0.2090366780757904 - f1-score (micro avg)  0.5167
2022-03-27 23:09:32,421 BAD EPOCHS (no improvement): 2
2022-03-27 23:09:32,423 ----------------------------------------------------------------------------------------------------
2022-03-27 23:09:34,364 epoch 22 - iter 10/107 - loss 0.03752177 - samples/sec: 164.97 - lr: 0.025000
2022-03-27 23:09:36,322 epoch 22 - iter 20/107 - loss 0.03857684 - samples/sec: 163.56 - lr: 0.025000
2022-03-27 23:09:38,210 epoch 22 - iter 30/107 - loss 0.04199235 - samples/sec: 169.50 - lr: 0.025000
2022-03-27 23:09:40,067 epoch 22 - iter 40/107 - loss 0.04214833 - samples/sec: 172.47 - lr: 0.025000
2022-03-27 23:09:41,999 epoch 22 - iter 50/107 - loss 0.04147520 - samples/sec: 165.68 - lr: 0.025000
2022-03-27 23:09:43,811 epoch 22 - iter 60/107 - loss 0.04043133 - samples/sec: 176.73 - lr: 0.025000
2022-03-27 23:09:45,662 epoch 22 - iter 70/107 - loss 0.04303171 - samples/sec: 173.03 - lr: 0.025000
2022-03-27 23:09:47,524 epoch 22 - iter 80/107 - loss 0.04359143 - samples/sec: 171.94 - lr: 0.025000
2022-03-27 23:09:49,357 epoch 22 - iter 90/107 - loss 0.04347346 - samples/sec: 174.70 - lr: 0.025000
2022-03-27 23:09:51,135 epoch 22 - iter 100/107 - loss 0.04458296 - samples/sec: 180.02 - lr: 0.025000
2022-03-27 23:09:52,217 ----------------------------------------------------------------------------------------------------
2022-03-27 23:09:52,217 EPOCH 22 done: loss 0.0444 - lr 0.025000
2022-03-27 23:09:58,286 Evaluating as a multi-label problem: False
2022-03-27 23:09:58,298 DEV : loss 0.21856892108917236 - f1-score (micro avg)  0.5051
2022-03-27 23:09:58,371 BAD EPOCHS (no improvement): 3
2022-03-27 23:09:58,535 ----------------------------------------------------------------------------------------------------
2022-03-27 23:10:00,544 epoch 23 - iter 10/107 - loss 0.04062666 - samples/sec: 159.38 - lr: 0.025000
2022-03-27 23:10:02,671 epoch 23 - iter 20/107 - loss 0.04332497 - samples/sec: 150.52 - lr: 0.025000
2022-03-27 23:10:05,498 epoch 23 - iter 30/107 - loss 0.04405070 - samples/sec: 113.23 - lr: 0.025000
2022-03-27 23:10:08,334 epoch 23 - iter 40/107 - loss 0.04421028 - samples/sec: 112.88 - lr: 0.025000
2022-03-27 23:10:10,947 epoch 23 - iter 50/107 - loss 0.04359572 - samples/sec: 122.52 - lr: 0.025000
2022-03-27 23:10:13,652 epoch 23 - iter 60/107 - loss 0.04435493 - samples/sec: 118.32 - lr: 0.025000
2022-03-27 23:10:16,366 epoch 23 - iter 70/107 - loss 0.04504982 - samples/sec: 117.97 - lr: 0.025000
2022-03-27 23:10:19,020 epoch 23 - iter 80/107 - loss 0.04473299 - samples/sec: 120.62 - lr: 0.025000
2022-03-27 23:10:21,802 epoch 23 - iter 90/107 - loss 0.04416002 - samples/sec: 115.05 - lr: 0.025000
2022-03-27 23:10:24,608 epoch 23 - iter 100/107 - loss 0.04375503 - samples/sec: 114.07 - lr: 0.025000
2022-03-27 23:10:26,304 ----------------------------------------------------------------------------------------------------
2022-03-27 23:10:26,304 EPOCH 23 done: loss 0.0432 - lr 0.025000
2022-03-27 23:10:34,459 Evaluating as a multi-label problem: False
2022-03-27 23:10:34,470 DEV : loss 0.21523749828338623 - f1-score (micro avg)  0.5193
2022-03-27 23:10:34,542 Epoch    23: reducing learning rate of group 0 to 1.2500e-02.
2022-03-27 23:10:34,542 BAD EPOCHS (no improvement): 4
2022-03-27 23:10:34,545 ----------------------------------------------------------------------------------------------------
2022-03-27 23:10:37,239 epoch 24 - iter 10/107 - loss 0.04032212 - samples/sec: 118.82 - lr: 0.012500
2022-03-27 23:10:39,914 epoch 24 - iter 20/107 - loss 0.04866902 - samples/sec: 119.71 - lr: 0.012500
2022-03-27 23:10:42,594 epoch 24 - iter 30/107 - loss 0.04535680 - samples/sec: 119.43 - lr: 0.012500
2022-03-27 23:10:45,050 epoch 24 - iter 40/107 - loss 0.04423661 - samples/sec: 130.33 - lr: 0.012500
2022-03-27 23:10:47,383 epoch 24 - iter 50/107 - loss 0.04427480 - samples/sec: 137.22 - lr: 0.012500
2022-03-27 23:10:49,925 epoch 24 - iter 60/107 - loss 0.04310063 - samples/sec: 125.93 - lr: 0.012500
2022-03-27 23:10:52,551 epoch 24 - iter 70/107 - loss 0.04419299 - samples/sec: 121.93 - lr: 0.012500
2022-03-27 23:10:54,926 epoch 24 - iter 80/107 - loss 0.04453826 - samples/sec: 134.79 - lr: 0.012500
2022-03-27 23:10:56,603 epoch 24 - iter 90/107 - loss 0.04512358 - samples/sec: 190.95 - lr: 0.012500
2022-03-27 23:10:58,371 epoch 24 - iter 100/107 - loss 0.04488107 - samples/sec: 181.04 - lr: 0.012500
2022-03-27 23:10:59,493 ----------------------------------------------------------------------------------------------------
2022-03-27 23:10:59,493 EPOCH 24 done: loss 0.0442 - lr 0.012500
2022-03-27 23:11:05,473 Evaluating as a multi-label problem: False
2022-03-27 23:11:05,484 DEV : loss 0.20517010986804962 - f1-score (micro avg)  0.51
2022-03-27 23:11:05,555 BAD EPOCHS (no improvement): 1
2022-03-27 23:11:05,558 ----------------------------------------------------------------------------------------------------
2022-03-27 23:11:07,537 epoch 25 - iter 10/107 - loss 0.03491896 - samples/sec: 161.85 - lr: 0.012500
2022-03-27 23:11:09,407 epoch 25 - iter 20/107 - loss 0.03814903 - samples/sec: 171.18 - lr: 0.012500
2022-03-27 23:11:11,269 epoch 25 - iter 30/107 - loss 0.03764262 - samples/sec: 171.95 - lr: 0.012500
2022-03-27 23:11:13,114 epoch 25 - iter 40/107 - loss 0.03835175 - samples/sec: 173.55 - lr: 0.012500
2022-03-27 23:11:14,878 epoch 25 - iter 50/107 - loss 0.03838876 - samples/sec: 181.51 - lr: 0.012500
2022-03-27 23:11:16,738 epoch 25 - iter 60/107 - loss 0.03932515 - samples/sec: 172.14 - lr: 0.012500
2022-03-27 23:11:18,564 epoch 25 - iter 70/107 - loss 0.03944852 - samples/sec: 175.36 - lr: 0.012500
2022-03-27 23:11:20,265 epoch 25 - iter 80/107 - loss 0.03936812 - samples/sec: 188.28 - lr: 0.012500
2022-03-27 23:11:22,139 epoch 25 - iter 90/107 - loss 0.04007762 - samples/sec: 170.83 - lr: 0.012500
2022-03-27 23:11:24,013 epoch 25 - iter 100/107 - loss 0.04080854 - samples/sec: 170.85 - lr: 0.012500
2022-03-27 23:11:25,166 ----------------------------------------------------------------------------------------------------
2022-03-27 23:11:25,166 EPOCH 25 done: loss 0.0409 - lr 0.012500
2022-03-27 23:11:31,226 Evaluating as a multi-label problem: False
2022-03-27 23:11:31,237 DEV : loss 0.201408252120018 - f1-score (micro avg)  0.5241
2022-03-27 23:11:31,308 BAD EPOCHS (no improvement): 2
2022-03-27 23:11:31,369 ----------------------------------------------------------------------------------------------------
2022-03-27 23:11:33,508 epoch 26 - iter 10/107 - loss 0.04384174 - samples/sec: 149.73 - lr: 0.012500
2022-03-27 23:11:36,413 epoch 26 - iter 20/107 - loss 0.04352374 - samples/sec: 110.20 - lr: 0.012500
2022-03-27 23:11:39,082 epoch 26 - iter 30/107 - loss 0.04137332 - samples/sec: 119.90 - lr: 0.012500
2022-03-27 23:11:41,781 epoch 26 - iter 40/107 - loss 0.04071516 - samples/sec: 118.64 - lr: 0.012500
2022-03-27 23:11:44,542 epoch 26 - iter 50/107 - loss 0.04009878 - samples/sec: 115.90 - lr: 0.012500
2022-03-27 23:11:47,193 epoch 26 - iter 60/107 - loss 0.04030226 - samples/sec: 120.77 - lr: 0.012500
2022-03-27 23:11:49,956 epoch 26 - iter 70/107 - loss 0.04074455 - samples/sec: 115.88 - lr: 0.012500
2022-03-27 23:11:52,756 epoch 26 - iter 80/107 - loss 0.04008692 - samples/sec: 114.32 - lr: 0.012500
2022-03-27 23:11:55,454 epoch 26 - iter 90/107 - loss 0.04137996 - samples/sec: 118.62 - lr: 0.012500
2022-03-27 23:11:58,183 epoch 26 - iter 100/107 - loss 0.04162106 - samples/sec: 117.32 - lr: 0.012500
2022-03-27 23:11:59,733 ----------------------------------------------------------------------------------------------------
2022-03-27 23:11:59,733 EPOCH 26 done: loss 0.0414 - lr 0.012500
2022-03-27 23:12:07,916 Evaluating as a multi-label problem: False
2022-03-27 23:12:07,927 DEV : loss 0.2173478603363037 - f1-score (micro avg)  0.4988
2022-03-27 23:12:07,999 BAD EPOCHS (no improvement): 3
2022-03-27 23:12:08,002 ----------------------------------------------------------------------------------------------------
2022-03-27 23:12:10,650 epoch 27 - iter 10/107 - loss 0.03993816 - samples/sec: 120.90 - lr: 0.012500
2022-03-27 23:12:13,438 epoch 27 - iter 20/107 - loss 0.04071815 - samples/sec: 114.82 - lr: 0.012500
2022-03-27 23:12:15,889 epoch 27 - iter 30/107 - loss 0.04168127 - samples/sec: 130.60 - lr: 0.012500
2022-03-27 23:12:18,456 epoch 27 - iter 40/107 - loss 0.04025479 - samples/sec: 124.73 - lr: 0.012500
2022-03-27 23:12:21,032 epoch 27 - iter 50/107 - loss 0.04086367 - samples/sec: 124.26 - lr: 0.012500
2022-03-27 23:12:23,491 epoch 27 - iter 60/107 - loss 0.04104377 - samples/sec: 130.19 - lr: 0.012500
2022-03-27 23:12:25,898 epoch 27 - iter 70/107 - loss 0.04149155 - samples/sec: 133.02 - lr: 0.012500
2022-03-27 23:12:28,450 epoch 27 - iter 80/107 - loss 0.04190655 - samples/sec: 125.40 - lr: 0.012500
2022-03-27 23:12:31,275 epoch 27 - iter 90/107 - loss 0.04119906 - samples/sec: 113.35 - lr: 0.012500
2022-03-27 23:12:33,962 epoch 27 - iter 100/107 - loss 0.04100040 - samples/sec: 119.11 - lr: 0.012500
2022-03-27 23:12:35,678 ----------------------------------------------------------------------------------------------------
2022-03-27 23:12:35,678 EPOCH 27 done: loss 0.0416 - lr 0.012500
2022-03-27 23:12:44,131 Evaluating as a multi-label problem: False
2022-03-27 23:12:44,141 DEV : loss 0.2124156355857849 - f1-score (micro avg)  0.5023
2022-03-27 23:12:44,219 Epoch    27: reducing learning rate of group 0 to 6.2500e-03.
2022-03-27 23:12:44,219 BAD EPOCHS (no improvement): 4
2022-03-27 23:12:44,222 ----------------------------------------------------------------------------------------------------
2022-03-27 23:12:46,800 epoch 28 - iter 10/107 - loss 0.04419052 - samples/sec: 124.20 - lr: 0.006250
2022-03-27 23:12:49,517 epoch 28 - iter 20/107 - loss 0.04294177 - samples/sec: 117.82 - lr: 0.006250
2022-03-27 23:12:52,252 epoch 28 - iter 30/107 - loss 0.04078945 - samples/sec: 117.05 - lr: 0.006250
2022-03-27 23:12:54,707 epoch 28 - iter 40/107 - loss 0.04031921 - samples/sec: 130.43 - lr: 0.006250
2022-03-27 23:12:58,378 epoch 28 - iter 50/107 - loss 0.04043979 - samples/sec: 87.19 - lr: 0.006250
2022-03-27 23:13:01,008 epoch 28 - iter 60/107 - loss 0.03844249 - samples/sec: 121.72 - lr: 0.006250
2022-03-27 23:13:03,476 epoch 28 - iter 70/107 - loss 0.03780882 - samples/sec: 129.68 - lr: 0.006250
2022-03-27 23:13:06,194 epoch 28 - iter 80/107 - loss 0.03782111 - samples/sec: 117.80 - lr: 0.006250
2022-03-27 23:13:08,772 epoch 28 - iter 90/107 - loss 0.03800509 - samples/sec: 124.17 - lr: 0.006250
2022-03-27 23:13:11,222 epoch 28 - iter 100/107 - loss 0.03937221 - samples/sec: 130.64 - lr: 0.006250
2022-03-27 23:13:12,683 ----------------------------------------------------------------------------------------------------
2022-03-27 23:13:12,683 EPOCH 28 done: loss 0.0391 - lr 0.006250
2022-03-27 23:13:20,017 Evaluating as a multi-label problem: False
2022-03-27 23:13:20,028 DEV : loss 0.21609878540039062 - f1-score (micro avg)  0.5047
2022-03-27 23:13:20,099 BAD EPOCHS (no improvement): 1
2022-03-27 23:13:20,102 ----------------------------------------------------------------------------------------------------
2022-03-27 23:13:22,701 epoch 29 - iter 10/107 - loss 0.03157050 - samples/sec: 123.18 - lr: 0.006250
2022-03-27 23:13:25,337 epoch 29 - iter 20/107 - loss 0.03486458 - samples/sec: 121.42 - lr: 0.006250
2022-03-27 23:13:28,027 epoch 29 - iter 30/107 - loss 0.03746798 - samples/sec: 118.99 - lr: 0.006250
2022-03-27 23:13:30,658 epoch 29 - iter 40/107 - loss 0.03637744 - samples/sec: 121.70 - lr: 0.006250
2022-03-27 23:13:33,367 epoch 29 - iter 50/107 - loss 0.03752063 - samples/sec: 118.17 - lr: 0.006250
2022-03-27 23:13:36,051 epoch 29 - iter 60/107 - loss 0.03678632 - samples/sec: 119.27 - lr: 0.006250
2022-03-27 23:13:38,822 epoch 29 - iter 70/107 - loss 0.03747932 - samples/sec: 115.54 - lr: 0.006250
2022-03-27 23:13:41,371 epoch 29 - iter 80/107 - loss 0.03681266 - samples/sec: 125.61 - lr: 0.006250
2022-03-27 23:13:44,117 epoch 29 - iter 90/107 - loss 0.03708531 - samples/sec: 116.55 - lr: 0.006250
2022-03-27 23:13:46,828 epoch 29 - iter 100/107 - loss 0.03772812 - samples/sec: 118.09 - lr: 0.006250
2022-03-27 23:13:48,503 ----------------------------------------------------------------------------------------------------
2022-03-27 23:13:48,503 EPOCH 29 done: loss 0.0385 - lr 0.006250
2022-03-27 23:13:56,990 Evaluating as a multi-label problem: False
2022-03-27 23:13:57,001 DEV : loss 0.21495994925498962 - f1-score (micro avg)  0.5004
2022-03-27 23:13:57,074 BAD EPOCHS (no improvement): 2
2022-03-27 23:13:57,076 ----------------------------------------------------------------------------------------------------
2022-03-27 23:13:59,820 epoch 30 - iter 10/107 - loss 0.03358268 - samples/sec: 116.70 - lr: 0.006250
2022-03-27 23:14:02,401 epoch 30 - iter 20/107 - loss 0.03511118 - samples/sec: 124.02 - lr: 0.006250
2022-03-27 23:14:04,848 epoch 30 - iter 30/107 - loss 0.03768563 - samples/sec: 130.80 - lr: 0.006250
2022-03-27 23:14:07,345 epoch 30 - iter 40/107 - loss 0.04123979 - samples/sec: 128.22 - lr: 0.006250
2022-03-27 23:14:09,671 epoch 30 - iter 50/107 - loss 0.04011989 - samples/sec: 137.62 - lr: 0.006250
2022-03-27 23:14:12,093 epoch 30 - iter 60/107 - loss 0.03941077 - samples/sec: 132.18 - lr: 0.006250
2022-03-27 23:14:14,568 epoch 30 - iter 70/107 - loss 0.03955759 - samples/sec: 129.33 - lr: 0.006250
2022-03-27 23:14:17,043 epoch 30 - iter 80/107 - loss 0.03971666 - samples/sec: 129.37 - lr: 0.006250
2022-03-27 23:14:19,612 epoch 30 - iter 90/107 - loss 0.03876374 - samples/sec: 124.64 - lr: 0.006250
2022-03-27 23:14:22,415 epoch 30 - iter 100/107 - loss 0.03894658 - samples/sec: 114.20 - lr: 0.006250
2022-03-27 23:14:24,184 ----------------------------------------------------------------------------------------------------
2022-03-27 23:14:24,185 EPOCH 30 done: loss 0.0392 - lr 0.006250
2022-03-27 23:14:32,646 Evaluating as a multi-label problem: False
2022-03-27 23:14:32,657 DEV : loss 0.21489469707012177 - f1-score (micro avg)  0.5093
2022-03-27 23:14:32,727 BAD EPOCHS (no improvement): 3
2022-03-27 23:14:32,729 ----------------------------------------------------------------------------------------------------
2022-03-27 23:14:35,371 epoch 31 - iter 10/107 - loss 0.03408762 - samples/sec: 121.20 - lr: 0.006250
2022-03-27 23:14:38,111 epoch 31 - iter 20/107 - loss 0.03554002 - samples/sec: 116.85 - lr: 0.006250
2022-03-27 23:14:40,803 epoch 31 - iter 30/107 - loss 0.03873173 - samples/sec: 118.91 - lr: 0.006250
2022-03-27 23:14:43,365 epoch 31 - iter 40/107 - loss 0.03951913 - samples/sec: 124.93 - lr: 0.006250
2022-03-27 23:14:46,132 epoch 31 - iter 50/107 - loss 0.03881473 - samples/sec: 115.68 - lr: 0.006250
2022-03-27 23:14:48,902 epoch 31 - iter 60/107 - loss 0.03891594 - samples/sec: 115.56 - lr: 0.006250
2022-03-27 23:14:51,651 epoch 31 - iter 70/107 - loss 0.03915318 - samples/sec: 116.46 - lr: 0.006250
2022-03-27 23:14:54,368 epoch 31 - iter 80/107 - loss 0.03908060 - samples/sec: 117.85 - lr: 0.006250
2022-03-27 23:14:57,076 epoch 31 - iter 90/107 - loss 0.03907155 - samples/sec: 118.17 - lr: 0.006250
2022-03-27 23:14:59,685 epoch 31 - iter 100/107 - loss 0.03917787 - samples/sec: 122.72 - lr: 0.006250
2022-03-27 23:15:01,360 ----------------------------------------------------------------------------------------------------
2022-03-27 23:15:01,360 EPOCH 31 done: loss 0.0396 - lr 0.006250
2022-03-27 23:15:08,471 Evaluating as a multi-label problem: False
2022-03-27 23:15:08,482 DEV : loss 0.21640118956565857 - f1-score (micro avg)  0.5008
2022-03-27 23:15:08,553 Epoch    31: reducing learning rate of group 0 to 3.1250e-03.
2022-03-27 23:15:08,553 BAD EPOCHS (no improvement): 4
2022-03-27 23:15:08,555 ----------------------------------------------------------------------------------------------------
2022-03-27 23:15:10,360 epoch 32 - iter 10/107 - loss 0.04187129 - samples/sec: 177.43 - lr: 0.003125
2022-03-27 23:15:12,688 epoch 32 - iter 20/107 - loss 0.04467342 - samples/sec: 137.53 - lr: 0.003125
2022-03-27 23:15:15,100 epoch 32 - iter 30/107 - loss 0.04230475 - samples/sec: 132.72 - lr: 0.003125
2022-03-27 23:15:17,763 epoch 32 - iter 40/107 - loss 0.04274970 - samples/sec: 120.22 - lr: 0.003125
2022-03-27 23:15:20,461 epoch 32 - iter 50/107 - loss 0.04073851 - samples/sec: 118.62 - lr: 0.003125
2022-03-27 23:15:23,193 epoch 32 - iter 60/107 - loss 0.03968955 - samples/sec: 117.21 - lr: 0.003125
2022-03-27 23:15:26,002 epoch 32 - iter 70/107 - loss 0.03836500 - samples/sec: 113.96 - lr: 0.003125
2022-03-27 23:15:28,717 epoch 32 - iter 80/107 - loss 0.03852648 - samples/sec: 117.89 - lr: 0.003125
2022-03-27 23:15:31,399 epoch 32 - iter 90/107 - loss 0.03821830 - samples/sec: 119.33 - lr: 0.003125
2022-03-27 23:15:34,085 epoch 32 - iter 100/107 - loss 0.03780862 - samples/sec: 119.20 - lr: 0.003125
2022-03-27 23:15:35,819 ----------------------------------------------------------------------------------------------------
2022-03-27 23:15:35,819 EPOCH 32 done: loss 0.0383 - lr 0.003125
2022-03-27 23:15:44,094 Evaluating as a multi-label problem: False
2022-03-27 23:15:44,105 DEV : loss 0.22157646715641022 - f1-score (micro avg)  0.498
2022-03-27 23:15:44,177 BAD EPOCHS (no improvement): 1
2022-03-27 23:15:44,184 ----------------------------------------------------------------------------------------------------
2022-03-27 23:15:46,921 epoch 33 - iter 10/107 - loss 0.04199235 - samples/sec: 116.97 - lr: 0.003125
2022-03-27 23:15:49,562 epoch 33 - iter 20/107 - loss 0.03967040 - samples/sec: 121.26 - lr: 0.003125
2022-03-27 23:15:52,290 epoch 33 - iter 30/107 - loss 0.03716789 - samples/sec: 117.36 - lr: 0.003125
2022-03-27 23:15:54,982 epoch 33 - iter 40/107 - loss 0.03676053 - samples/sec: 118.91 - lr: 0.003125
2022-03-27 23:15:57,631 epoch 33 - iter 50/107 - loss 0.03766368 - samples/sec: 120.81 - lr: 0.003125
2022-03-27 23:15:59,972 epoch 33 - iter 60/107 - loss 0.03760065 - samples/sec: 136.79 - lr: 0.003125
2022-03-27 23:16:02,471 epoch 33 - iter 70/107 - loss 0.03931694 - samples/sec: 128.07 - lr: 0.003125
2022-03-27 23:16:04,901 epoch 33 - iter 80/107 - loss 0.03988752 - samples/sec: 131.77 - lr: 0.003125
2022-03-27 23:16:07,291 epoch 33 - iter 90/107 - loss 0.04017011 - samples/sec: 133.93 - lr: 0.003125
2022-03-27 23:16:09,974 epoch 33 - iter 100/107 - loss 0.03988060 - samples/sec: 119.31 - lr: 0.003125
2022-03-27 23:16:11,588 ----------------------------------------------------------------------------------------------------
2022-03-27 23:16:11,588 EPOCH 33 done: loss 0.0394 - lr 0.003125
2022-03-27 23:16:20,037 Evaluating as a multi-label problem: False
2022-03-27 23:16:20,048 DEV : loss 0.21625284850597382 - f1-score (micro avg)  0.5108
2022-03-27 23:16:20,120 BAD EPOCHS (no improvement): 2
2022-03-27 23:16:20,122 ----------------------------------------------------------------------------------------------------
2022-03-27 23:16:22,992 epoch 34 - iter 10/107 - loss 0.03653631 - samples/sec: 111.56 - lr: 0.003125
2022-03-27 23:16:25,591 epoch 34 - iter 20/107 - loss 0.03770872 - samples/sec: 123.15 - lr: 0.003125
2022-03-27 23:16:28,256 epoch 34 - iter 30/107 - loss 0.03879622 - samples/sec: 120.12 - lr: 0.003125
2022-03-27 23:16:30,978 epoch 34 - iter 40/107 - loss 0.03812724 - samples/sec: 117.60 - lr: 0.003125
2022-03-27 23:16:33,729 epoch 34 - iter 50/107 - loss 0.03680288 - samples/sec: 116.37 - lr: 0.003125
2022-03-27 23:16:36,531 epoch 34 - iter 60/107 - loss 0.03653238 - samples/sec: 114.25 - lr: 0.003125
2022-03-27 23:16:39,291 epoch 34 - iter 70/107 - loss 0.03778050 - samples/sec: 116.02 - lr: 0.003125
2022-03-27 23:16:42,005 epoch 34 - iter 80/107 - loss 0.03792062 - samples/sec: 117.94 - lr: 0.003125
2022-03-27 23:16:44,658 epoch 34 - iter 90/107 - loss 0.03750011 - samples/sec: 120.64 - lr: 0.003125
2022-03-27 23:16:47,184 epoch 34 - iter 100/107 - loss 0.03740123 - samples/sec: 126.75 - lr: 0.003125
2022-03-27 23:16:48,747 ----------------------------------------------------------------------------------------------------
2022-03-27 23:16:48,747 EPOCH 34 done: loss 0.0373 - lr 0.003125
2022-03-27 23:16:57,674 Evaluating as a multi-label problem: False
2022-03-27 23:16:57,684 DEV : loss 0.21570315957069397 - f1-score (micro avg)  0.5143
2022-03-27 23:16:57,758 BAD EPOCHS (no improvement): 3
2022-03-27 23:16:57,760 ----------------------------------------------------------------------------------------------------
2022-03-27 23:17:00,479 epoch 35 - iter 10/107 - loss 0.04138230 - samples/sec: 117.74 - lr: 0.003125
2022-03-27 23:17:03,155 epoch 35 - iter 20/107 - loss 0.03893323 - samples/sec: 119.63 - lr: 0.003125
2022-03-27 23:17:06,078 epoch 35 - iter 30/107 - loss 0.03608730 - samples/sec: 109.53 - lr: 0.003125
2022-03-27 23:17:08,656 epoch 35 - iter 40/107 - loss 0.03499711 - samples/sec: 124.17 - lr: 0.003125
2022-03-27 23:17:11,346 epoch 35 - iter 50/107 - loss 0.03581580 - samples/sec: 119.00 - lr: 0.003125
2022-03-27 23:17:14,090 epoch 35 - iter 60/107 - loss 0.03595165 - samples/sec: 116.65 - lr: 0.003125
2022-03-27 23:17:16,939 epoch 35 - iter 70/107 - loss 0.03554368 - samples/sec: 112.36 - lr: 0.003125
2022-03-27 23:17:19,689 epoch 35 - iter 80/107 - loss 0.03616971 - samples/sec: 116.43 - lr: 0.003125
2022-03-27 23:17:22,401 epoch 35 - iter 90/107 - loss 0.03671822 - samples/sec: 118.02 - lr: 0.003125
2022-03-27 23:17:25,030 epoch 35 - iter 100/107 - loss 0.03730320 - samples/sec: 121.80 - lr: 0.003125
2022-03-27 23:17:26,709 ----------------------------------------------------------------------------------------------------
2022-03-27 23:17:26,709 EPOCH 35 done: loss 0.0373 - lr 0.003125
2022-03-27 23:17:34,891 Evaluating as a multi-label problem: False
2022-03-27 23:17:34,902 DEV : loss 0.21724171936511993 - f1-score (micro avg)  0.5143
2022-03-27 23:17:34,973 Epoch    35: reducing learning rate of group 0 to 1.5625e-03.
2022-03-27 23:17:34,973 BAD EPOCHS (no improvement): 4
2022-03-27 23:17:34,976 ----------------------------------------------------------------------------------------------------
2022-03-27 23:17:37,595 epoch 36 - iter 10/107 - loss 0.03881341 - samples/sec: 122.24 - lr: 0.001563
2022-03-27 23:17:40,118 epoch 36 - iter 20/107 - loss 0.03476681 - samples/sec: 126.87 - lr: 0.001563
2022-03-27 23:17:42,555 epoch 36 - iter 30/107 - loss 0.03313109 - samples/sec: 131.38 - lr: 0.001563
2022-03-27 23:17:45,081 epoch 36 - iter 40/107 - loss 0.03488390 - samples/sec: 126.72 - lr: 0.001563
2022-03-27 23:17:47,723 epoch 36 - iter 50/107 - loss 0.03532037 - samples/sec: 121.14 - lr: 0.001563
2022-03-27 23:17:50,338 epoch 36 - iter 60/107 - loss 0.03624157 - samples/sec: 122.44 - lr: 0.001563
2022-03-27 23:17:53,045 epoch 36 - iter 70/107 - loss 0.03557690 - samples/sec: 118.22 - lr: 0.001563
2022-03-27 23:17:55,760 epoch 36 - iter 80/107 - loss 0.03560395 - samples/sec: 117.91 - lr: 0.001563
2022-03-27 23:17:58,358 epoch 36 - iter 90/107 - loss 0.03540316 - samples/sec: 123.23 - lr: 0.001563
2022-03-27 23:18:01,055 epoch 36 - iter 100/107 - loss 0.03612501 - samples/sec: 118.71 - lr: 0.001563
2022-03-27 23:18:02,767 ----------------------------------------------------------------------------------------------------
2022-03-27 23:18:02,767 EPOCH 36 done: loss 0.0362 - lr 0.001563
2022-03-27 23:18:11,236 Evaluating as a multi-label problem: False
2022-03-27 23:18:11,248 DEV : loss 0.2149241715669632 - f1-score (micro avg)  0.5116
2022-03-27 23:18:11,319 BAD EPOCHS (no improvement): 1
2022-03-27 23:18:11,322 ----------------------------------------------------------------------------------------------------
2022-03-27 23:18:14,074 epoch 37 - iter 10/107 - loss 0.04218413 - samples/sec: 116.32 - lr: 0.001563
2022-03-27 23:18:16,918 epoch 37 - iter 20/107 - loss 0.03895525 - samples/sec: 112.55 - lr: 0.001563
2022-03-27 23:18:19,563 epoch 37 - iter 30/107 - loss 0.04105487 - samples/sec: 121.04 - lr: 0.001563
2022-03-27 23:18:22,232 epoch 37 - iter 40/107 - loss 0.04257737 - samples/sec: 119.93 - lr: 0.001563
2022-03-27 23:18:24,837 epoch 37 - iter 50/107 - loss 0.04027188 - samples/sec: 122.91 - lr: 0.001563
2022-03-27 23:18:27,477 epoch 37 - iter 60/107 - loss 0.03853154 - samples/sec: 121.22 - lr: 0.001563
2022-03-27 23:18:30,016 epoch 37 - iter 70/107 - loss 0.03838008 - samples/sec: 126.09 - lr: 0.001563
2022-03-27 23:18:32,548 epoch 37 - iter 80/107 - loss 0.03811103 - samples/sec: 126.44 - lr: 0.001563
2022-03-27 23:18:34,846 epoch 37 - iter 90/107 - loss 0.03807821 - samples/sec: 139.29 - lr: 0.001563
2022-03-27 23:18:37,239 epoch 37 - iter 100/107 - loss 0.03805048 - samples/sec: 133.82 - lr: 0.001563
2022-03-27 23:18:38,836 ----------------------------------------------------------------------------------------------------
2022-03-27 23:18:38,836 EPOCH 37 done: loss 0.0380 - lr 0.001563
2022-03-27 23:18:47,090 Evaluating as a multi-label problem: False
2022-03-27 23:18:47,101 DEV : loss 0.21616527438163757 - f1-score (micro avg)  0.5089
2022-03-27 23:18:47,172 BAD EPOCHS (no improvement): 2
2022-03-27 23:18:47,174 ----------------------------------------------------------------------------------------------------
2022-03-27 23:18:49,859 epoch 38 - iter 10/107 - loss 0.03699659 - samples/sec: 119.25 - lr: 0.001563
2022-03-27 23:18:52,486 epoch 38 - iter 20/107 - loss 0.03463153 - samples/sec: 121.87 - lr: 0.001563
2022-03-27 23:18:55,137 epoch 38 - iter 30/107 - loss 0.03423331 - samples/sec: 120.74 - lr: 0.001563
2022-03-27 23:18:57,816 epoch 38 - iter 40/107 - loss 0.03467814 - samples/sec: 119.52 - lr: 0.001563
2022-03-27 23:19:00,490 epoch 38 - iter 50/107 - loss 0.03504322 - samples/sec: 119.72 - lr: 0.001563
2022-03-27 23:19:03,132 epoch 38 - iter 60/107 - loss 0.03619385 - samples/sec: 121.15 - lr: 0.001563
2022-03-27 23:19:05,967 epoch 38 - iter 70/107 - loss 0.03740464 - samples/sec: 112.92 - lr: 0.001563
2022-03-27 23:19:08,630 epoch 38 - iter 80/107 - loss 0.03656324 - samples/sec: 120.21 - lr: 0.001563
2022-03-27 23:19:11,304 epoch 38 - iter 90/107 - loss 0.03650459 - samples/sec: 119.69 - lr: 0.001563
2022-03-27 23:19:14,159 epoch 38 - iter 100/107 - loss 0.03697305 - samples/sec: 112.12 - lr: 0.001563
2022-03-27 23:19:15,957 ----------------------------------------------------------------------------------------------------
2022-03-27 23:19:15,957 EPOCH 38 done: loss 0.0369 - lr 0.001563
2022-03-27 23:19:23,617 Evaluating as a multi-label problem: False
2022-03-27 23:19:23,628 DEV : loss 0.21638624370098114 - f1-score (micro avg)  0.5043
2022-03-27 23:19:23,700 BAD EPOCHS (no improvement): 3
2022-03-27 23:19:24,145 ----------------------------------------------------------------------------------------------------
2022-03-27 23:19:26,665 epoch 39 - iter 10/107 - loss 0.03051842 - samples/sec: 127.06 - lr: 0.001563
2022-03-27 23:19:29,063 epoch 39 - iter 20/107 - loss 0.03323157 - samples/sec: 133.50 - lr: 0.001563
2022-03-27 23:19:31,514 epoch 39 - iter 30/107 - loss 0.03356894 - samples/sec: 130.58 - lr: 0.001563
2022-03-27 23:19:34,241 epoch 39 - iter 40/107 - loss 0.03321494 - samples/sec: 117.38 - lr: 0.001563
2022-03-27 23:19:36,897 epoch 39 - iter 50/107 - loss 0.03514540 - samples/sec: 120.57 - lr: 0.001563
2022-03-27 23:19:39,628 epoch 39 - iter 60/107 - loss 0.03598500 - samples/sec: 117.23 - lr: 0.001563
2022-03-27 23:19:42,484 epoch 39 - iter 70/107 - loss 0.03572902 - samples/sec: 112.09 - lr: 0.001563
2022-03-27 23:19:45,302 epoch 39 - iter 80/107 - loss 0.03574066 - samples/sec: 113.58 - lr: 0.001563
2022-03-27 23:19:48,079 epoch 39 - iter 90/107 - loss 0.03629982 - samples/sec: 115.29 - lr: 0.001563
2022-03-27 23:19:50,774 epoch 39 - iter 100/107 - loss 0.03675690 - samples/sec: 118.76 - lr: 0.001563
2022-03-27 23:19:52,454 ----------------------------------------------------------------------------------------------------
2022-03-27 23:19:52,454 EPOCH 39 done: loss 0.0366 - lr 0.001563
2022-03-27 23:20:00,901 Evaluating as a multi-label problem: False
2022-03-27 23:20:00,912 DEV : loss 0.21497729420661926 - f1-score (micro avg)  0.5077
2022-03-27 23:20:00,985 Epoch    39: reducing learning rate of group 0 to 7.8125e-04.
2022-03-27 23:20:00,985 BAD EPOCHS (no improvement): 4
2022-03-27 23:20:00,987 ----------------------------------------------------------------------------------------------------
2022-03-27 23:20:03,629 epoch 40 - iter 10/107 - loss 0.03213278 - samples/sec: 121.17 - lr: 0.000781
2022-03-27 23:20:06,297 epoch 40 - iter 20/107 - loss 0.03399519 - samples/sec: 119.98 - lr: 0.000781
2022-03-27 23:20:08,873 epoch 40 - iter 30/107 - loss 0.03806917 - samples/sec: 124.30 - lr: 0.000781
2022-03-27 23:20:11,315 epoch 40 - iter 40/107 - loss 0.03854280 - samples/sec: 131.07 - lr: 0.000781
2022-03-27 23:20:13,735 epoch 40 - iter 50/107 - loss 0.03810668 - samples/sec: 132.32 - lr: 0.000781
2022-03-27 23:20:16,283 epoch 40 - iter 60/107 - loss 0.03802154 - samples/sec: 125.61 - lr: 0.000781
2022-03-27 23:20:18,769 epoch 40 - iter 70/107 - loss 0.03773272 - samples/sec: 128.76 - lr: 0.000781
2022-03-27 23:20:21,232 epoch 40 - iter 80/107 - loss 0.03726993 - samples/sec: 130.03 - lr: 0.000781
2022-03-27 23:20:23,962 epoch 40 - iter 90/107 - loss 0.03661534 - samples/sec: 117.23 - lr: 0.000781
2022-03-27 23:20:26,711 epoch 40 - iter 100/107 - loss 0.03663365 - samples/sec: 116.49 - lr: 0.000781
2022-03-27 23:20:28,303 ----------------------------------------------------------------------------------------------------
2022-03-27 23:20:28,303 EPOCH 40 done: loss 0.0366 - lr 0.000781
2022-03-27 23:20:36,777 Evaluating as a multi-label problem: False
2022-03-27 23:20:36,788 DEV : loss 0.2160811871290207 - f1-score (micro avg)  0.507
2022-03-27 23:20:36,860 BAD EPOCHS (no improvement): 1
2022-03-27 23:20:36,863 ----------------------------------------------------------------------------------------------------
2022-03-27 23:20:39,671 epoch 41 - iter 10/107 - loss 0.04027018 - samples/sec: 114.01 - lr: 0.000781
2022-03-27 23:20:43,751 epoch 41 - iter 20/107 - loss 0.03800991 - samples/sec: 78.44 - lr: 0.000781
2022-03-27 23:20:46,426 epoch 41 - iter 30/107 - loss 0.03640848 - samples/sec: 119.65 - lr: 0.000781
2022-03-27 23:20:49,198 epoch 41 - iter 40/107 - loss 0.03525123 - samples/sec: 115.48 - lr: 0.000781
2022-03-27 23:20:51,824 epoch 41 - iter 50/107 - loss 0.03435107 - samples/sec: 121.92 - lr: 0.000781
2022-03-27 23:20:54,445 epoch 41 - iter 60/107 - loss 0.03414470 - samples/sec: 122.12 - lr: 0.000781
2022-03-27 23:20:57,192 epoch 41 - iter 70/107 - loss 0.03542302 - samples/sec: 116.54 - lr: 0.000781
2022-03-27 23:20:59,993 epoch 41 - iter 80/107 - loss 0.03570399 - samples/sec: 114.28 - lr: 0.000781
2022-03-27 23:21:02,675 epoch 41 - iter 90/107 - loss 0.03631451 - samples/sec: 119.36 - lr: 0.000781
2022-03-27 23:21:04,947 epoch 41 - iter 100/107 - loss 0.03596175 - samples/sec: 140.94 - lr: 0.000781
2022-03-27 23:21:06,324 ----------------------------------------------------------------------------------------------------
2022-03-27 23:21:06,325 EPOCH 41 done: loss 0.0360 - lr 0.000781
2022-03-27 23:21:13,642 Evaluating as a multi-label problem: False
2022-03-27 23:21:13,653 DEV : loss 0.21571362018585205 - f1-score (micro avg)  0.5085
2022-03-27 23:21:13,724 BAD EPOCHS (no improvement): 2
2022-03-27 23:21:13,727 ----------------------------------------------------------------------------------------------------
2022-03-27 23:21:16,300 epoch 42 - iter 10/107 - loss 0.04209200 - samples/sec: 124.46 - lr: 0.000781
2022-03-27 23:21:18,956 epoch 42 - iter 20/107 - loss 0.03988933 - samples/sec: 120.50 - lr: 0.000781
2022-03-27 23:21:21,517 epoch 42 - iter 30/107 - loss 0.03994121 - samples/sec: 125.04 - lr: 0.000781
2022-03-27 23:21:24,094 epoch 42 - iter 40/107 - loss 0.03878089 - samples/sec: 124.19 - lr: 0.000781
2022-03-27 23:21:26,896 epoch 42 - iter 50/107 - loss 0.03646624 - samples/sec: 114.25 - lr: 0.000781
2022-03-27 23:21:29,550 epoch 42 - iter 60/107 - loss 0.03712764 - samples/sec: 120.65 - lr: 0.000781
2022-03-27 23:21:32,213 epoch 42 - iter 70/107 - loss 0.03618879 - samples/sec: 120.19 - lr: 0.000781
2022-03-27 23:21:34,966 epoch 42 - iter 80/107 - loss 0.03650403 - samples/sec: 116.30 - lr: 0.000781
2022-03-27 23:21:37,502 epoch 42 - iter 90/107 - loss 0.03641976 - samples/sec: 126.21 - lr: 0.000781
2022-03-27 23:21:40,205 epoch 42 - iter 100/107 - loss 0.03632306 - samples/sec: 118.41 - lr: 0.000781
2022-03-27 23:21:41,765 ----------------------------------------------------------------------------------------------------
2022-03-27 23:21:41,766 EPOCH 42 done: loss 0.0367 - lr 0.000781
2022-03-27 23:21:50,274 Evaluating as a multi-label problem: False
2022-03-27 23:21:50,285 DEV : loss 0.21581199765205383 - f1-score (micro avg)  0.5074
2022-03-27 23:21:50,359 BAD EPOCHS (no improvement): 3
2022-03-27 23:21:50,362 ----------------------------------------------------------------------------------------------------
2022-03-27 23:21:52,959 epoch 43 - iter 10/107 - loss 0.03036773 - samples/sec: 123.30 - lr: 0.000781
2022-03-27 23:21:55,691 epoch 43 - iter 20/107 - loss 0.04061861 - samples/sec: 117.18 - lr: 0.000781
2022-03-27 23:21:58,334 epoch 43 - iter 30/107 - loss 0.03931978 - samples/sec: 121.12 - lr: 0.000781
2022-03-27 23:22:00,869 epoch 43 - iter 40/107 - loss 0.03660333 - samples/sec: 126.28 - lr: 0.000781
2022-03-27 23:22:03,274 epoch 43 - iter 50/107 - loss 0.03753295 - samples/sec: 133.10 - lr: 0.000781
2022-03-27 23:22:05,562 epoch 43 - iter 60/107 - loss 0.03731957 - samples/sec: 139.94 - lr: 0.000781
2022-03-27 23:22:08,034 epoch 43 - iter 70/107 - loss 0.03777646 - samples/sec: 129.53 - lr: 0.000781
2022-03-27 23:22:10,536 epoch 43 - iter 80/107 - loss 0.03676875 - samples/sec: 127.91 - lr: 0.000781
2022-03-27 23:22:13,002 epoch 43 - iter 90/107 - loss 0.03675222 - samples/sec: 129.83 - lr: 0.000781
2022-03-27 23:22:15,918 epoch 43 - iter 100/107 - loss 0.03715219 - samples/sec: 109.77 - lr: 0.000781
2022-03-27 23:22:17,521 ----------------------------------------------------------------------------------------------------
2022-03-27 23:22:17,521 EPOCH 43 done: loss 0.0387 - lr 0.000781
2022-03-27 23:22:25,768 Evaluating as a multi-label problem: False
2022-03-27 23:22:25,779 DEV : loss 0.21651588380336761 - f1-score (micro avg)  0.5082
2022-03-27 23:22:25,851 Epoch    43: reducing learning rate of group 0 to 3.9063e-04.
2022-03-27 23:22:25,852 BAD EPOCHS (no improvement): 4
2022-03-27 23:22:25,855 ----------------------------------------------------------------------------------------------------
2022-03-27 23:22:28,584 epoch 44 - iter 10/107 - loss 0.03830228 - samples/sec: 117.31 - lr: 0.000391
2022-03-27 23:22:31,266 epoch 44 - iter 20/107 - loss 0.03659337 - samples/sec: 119.35 - lr: 0.000391
2022-03-27 23:22:33,943 epoch 44 - iter 30/107 - loss 0.03538448 - samples/sec: 119.58 - lr: 0.000391
2022-03-27 23:22:36,524 epoch 44 - iter 40/107 - loss 0.03689176 - samples/sec: 124.06 - lr: 0.000391
2022-03-27 23:22:39,317 epoch 44 - iter 50/107 - loss 0.03538108 - samples/sec: 114.62 - lr: 0.000391
2022-03-27 23:22:41,919 epoch 44 - iter 60/107 - loss 0.03497648 - samples/sec: 123.01 - lr: 0.000391
2022-03-27 23:22:44,526 epoch 44 - iter 70/107 - loss 0.03512052 - samples/sec: 122.83 - lr: 0.000391
2022-03-27 23:22:47,254 epoch 44 - iter 80/107 - loss 0.03591107 - samples/sec: 117.31 - lr: 0.000391
2022-03-27 23:22:49,927 epoch 44 - iter 90/107 - loss 0.03553016 - samples/sec: 119.77 - lr: 0.000391
2022-03-27 23:22:52,586 epoch 44 - iter 100/107 - loss 0.03514380 - samples/sec: 120.38 - lr: 0.000391
2022-03-27 23:22:54,308 ----------------------------------------------------------------------------------------------------
2022-03-27 23:22:54,308 EPOCH 44 done: loss 0.0365 - lr 0.000391
2022-03-27 23:23:02,132 Evaluating as a multi-label problem: False
2022-03-27 23:23:02,144 DEV : loss 0.21780498325824738 - f1-score (micro avg)  0.5089
2022-03-27 23:23:02,216 BAD EPOCHS (no improvement): 1
2022-03-27 23:23:02,218 ----------------------------------------------------------------------------------------------------
2022-03-27 23:23:04,685 epoch 45 - iter 10/107 - loss 0.03877679 - samples/sec: 129.81 - lr: 0.000391
2022-03-27 23:23:07,182 epoch 45 - iter 20/107 - loss 0.03308759 - samples/sec: 128.16 - lr: 0.000391
2022-03-27 23:23:09,554 epoch 45 - iter 30/107 - loss 0.03409476 - samples/sec: 134.99 - lr: 0.000391
2022-03-27 23:23:12,316 epoch 45 - iter 40/107 - loss 0.03555355 - samples/sec: 115.89 - lr: 0.000391
2022-03-27 23:23:14,983 epoch 45 - iter 50/107 - loss 0.03572860 - samples/sec: 120.06 - lr: 0.000391
2022-03-27 23:23:17,716 epoch 45 - iter 60/107 - loss 0.03490703 - samples/sec: 117.12 - lr: 0.000391
2022-03-27 23:23:20,413 epoch 45 - iter 70/107 - loss 0.03588712 - samples/sec: 118.69 - lr: 0.000391
2022-03-27 23:23:23,171 epoch 45 - iter 80/107 - loss 0.03596542 - samples/sec: 116.07 - lr: 0.000391
2022-03-27 23:23:25,888 epoch 45 - iter 90/107 - loss 0.03632051 - samples/sec: 117.85 - lr: 0.000391
2022-03-27 23:23:28,644 epoch 45 - iter 100/107 - loss 0.03672692 - samples/sec: 116.15 - lr: 0.000391
2022-03-27 23:23:30,208 ----------------------------------------------------------------------------------------------------
2022-03-27 23:23:30,208 EPOCH 45 done: loss 0.0375 - lr 0.000391
2022-03-27 23:23:38,735 Evaluating as a multi-label problem: False
2022-03-27 23:23:38,746 DEV : loss 0.2175351232290268 - f1-score (micro avg)  0.5074
2022-03-27 23:23:38,818 BAD EPOCHS (no improvement): 2
2022-03-27 23:23:38,821 ----------------------------------------------------------------------------------------------------
2022-03-27 23:23:41,419 epoch 46 - iter 10/107 - loss 0.03481509 - samples/sec: 123.21 - lr: 0.000391
2022-03-27 23:23:44,271 epoch 46 - iter 20/107 - loss 0.03456434 - samples/sec: 112.24 - lr: 0.000391
2022-03-27 23:23:47,071 epoch 46 - iter 30/107 - loss 0.03686707 - samples/sec: 114.34 - lr: 0.000391
2022-03-27 23:23:49,710 epoch 46 - iter 40/107 - loss 0.03713785 - samples/sec: 121.31 - lr: 0.000391
2022-03-27 23:23:52,292 epoch 46 - iter 50/107 - loss 0.03667233 - samples/sec: 123.99 - lr: 0.000391
2022-03-27 23:23:54,738 epoch 46 - iter 60/107 - loss 0.03639711 - samples/sec: 130.88 - lr: 0.000391
2022-03-27 23:23:57,170 epoch 46 - iter 70/107 - loss 0.03739079 - samples/sec: 131.60 - lr: 0.000391
2022-03-27 23:23:59,521 epoch 46 - iter 80/107 - loss 0.03620928 - samples/sec: 136.19 - lr: 0.000391
2022-03-27 23:24:01,872 epoch 46 - iter 90/107 - loss 0.03655661 - samples/sec: 136.14 - lr: 0.000391
2022-03-27 23:24:04,297 epoch 46 - iter 100/107 - loss 0.03628518 - samples/sec: 132.01 - lr: 0.000391
2022-03-27 23:24:05,672 ----------------------------------------------------------------------------------------------------
2022-03-27 23:24:05,672 EPOCH 46 done: loss 0.0360 - lr 0.000391
2022-03-27 23:24:14,022 Evaluating as a multi-label problem: False
2022-03-27 23:24:14,033 DEV : loss 0.21672339737415314 - f1-score (micro avg)  0.5105
2022-03-27 23:24:14,104 BAD EPOCHS (no improvement): 3
2022-03-27 23:24:14,107 ----------------------------------------------------------------------------------------------------
2022-03-27 23:24:16,827 epoch 47 - iter 10/107 - loss 0.03770434 - samples/sec: 117.71 - lr: 0.000391
2022-03-27 23:24:19,324 epoch 47 - iter 20/107 - loss 0.03667087 - samples/sec: 128.22 - lr: 0.000391
2022-03-27 23:24:22,016 epoch 47 - iter 30/107 - loss 0.03629036 - samples/sec: 118.89 - lr: 0.000391
2022-03-27 23:24:24,724 epoch 47 - iter 40/107 - loss 0.03488078 - samples/sec: 118.22 - lr: 0.000391
2022-03-27 23:24:27,491 epoch 47 - iter 50/107 - loss 0.03684391 - samples/sec: 115.69 - lr: 0.000391
2022-03-27 23:24:30,226 epoch 47 - iter 60/107 - loss 0.03642393 - samples/sec: 117.03 - lr: 0.000391
2022-03-27 23:24:32,885 epoch 47 - iter 70/107 - loss 0.03667929 - samples/sec: 120.39 - lr: 0.000391
2022-03-27 23:24:35,387 epoch 47 - iter 80/107 - loss 0.03656599 - samples/sec: 127.95 - lr: 0.000391
2022-03-27 23:24:38,064 epoch 47 - iter 90/107 - loss 0.03638094 - samples/sec: 119.58 - lr: 0.000391
2022-03-27 23:24:40,802 epoch 47 - iter 100/107 - loss 0.03639310 - samples/sec: 116.94 - lr: 0.000391
2022-03-27 23:24:42,377 ----------------------------------------------------------------------------------------------------
2022-03-27 23:24:42,377 EPOCH 47 done: loss 0.0360 - lr 0.000391
2022-03-27 23:24:51,977 Evaluating as a multi-label problem: False
2022-03-27 23:24:51,988 DEV : loss 0.2174384742975235 - f1-score (micro avg)  0.5062
2022-03-27 23:24:52,062 Epoch    47: reducing learning rate of group 0 to 1.9531e-04.
2022-03-27 23:24:52,063 BAD EPOCHS (no improvement): 4
2022-03-27 23:24:52,066 ----------------------------------------------------------------------------------------------------
2022-03-27 23:24:54,415 epoch 48 - iter 10/107 - loss 0.04805903 - samples/sec: 136.32 - lr: 0.000195
2022-03-27 23:24:56,864 epoch 48 - iter 20/107 - loss 0.04401905 - samples/sec: 130.73 - lr: 0.000195
2022-03-27 23:24:59,210 epoch 48 - iter 30/107 - loss 0.03851583 - samples/sec: 136.46 - lr: 0.000195
2022-03-27 23:25:01,662 epoch 48 - iter 40/107 - loss 0.03764142 - samples/sec: 130.57 - lr: 0.000195
2022-03-27 23:25:04,227 epoch 48 - iter 50/107 - loss 0.03637777 - samples/sec: 124.78 - lr: 0.000195
2022-03-27 23:25:06,925 epoch 48 - iter 60/107 - loss 0.03624016 - samples/sec: 118.64 - lr: 0.000195
2022-03-27 23:25:09,531 epoch 48 - iter 70/107 - loss 0.03557866 - samples/sec: 122.83 - lr: 0.000195
2022-03-27 23:25:12,473 epoch 48 - iter 80/107 - loss 0.03528015 - samples/sec: 108.82 - lr: 0.000195
2022-03-27 23:25:15,398 epoch 48 - iter 90/107 - loss 0.03649414 - samples/sec: 109.45 - lr: 0.000195
2022-03-27 23:25:17,997 epoch 48 - iter 100/107 - loss 0.03685297 - samples/sec: 123.14 - lr: 0.000195
2022-03-27 23:25:19,628 ----------------------------------------------------------------------------------------------------
2022-03-27 23:25:19,628 EPOCH 48 done: loss 0.0369 - lr 0.000195
2022-03-27 23:25:28,085 Evaluating as a multi-label problem: False
2022-03-27 23:25:28,097 DEV : loss 0.21742302179336548 - f1-score (micro avg)  0.5062
2022-03-27 23:25:28,169 BAD EPOCHS (no improvement): 1
2022-03-27 23:25:28,172 ----------------------------------------------------------------------------------------------------
2022-03-27 23:25:30,837 epoch 49 - iter 10/107 - loss 0.03674830 - samples/sec: 120.13 - lr: 0.000195
2022-03-27 23:25:33,576 epoch 49 - iter 20/107 - loss 0.03463260 - samples/sec: 116.89 - lr: 0.000195
2022-03-27 23:25:36,521 epoch 49 - iter 30/107 - loss 0.03377875 - samples/sec: 108.71 - lr: 0.000195
2022-03-27 23:25:39,192 epoch 49 - iter 40/107 - loss 0.03431873 - samples/sec: 119.83 - lr: 0.000195
2022-03-27 23:25:41,766 epoch 49 - iter 50/107 - loss 0.03486467 - samples/sec: 124.40 - lr: 0.000195
2022-03-27 23:25:44,467 epoch 49 - iter 60/107 - loss 0.03523948 - samples/sec: 118.51 - lr: 0.000195
2022-03-27 23:25:47,240 epoch 49 - iter 70/107 - loss 0.03625941 - samples/sec: 115.44 - lr: 0.000195
2022-03-27 23:25:49,653 epoch 49 - iter 80/107 - loss 0.03643441 - samples/sec: 132.70 - lr: 0.000195
2022-03-27 23:25:52,058 epoch 49 - iter 90/107 - loss 0.03638391 - samples/sec: 133.12 - lr: 0.000195
2022-03-27 23:25:54,428 epoch 49 - iter 100/107 - loss 0.03639789 - samples/sec: 135.04 - lr: 0.000195
2022-03-27 23:25:55,869 ----------------------------------------------------------------------------------------------------
2022-03-27 23:25:55,869 EPOCH 49 done: loss 0.0368 - lr 0.000195
2022-03-27 23:26:03,735 Evaluating as a multi-label problem: False
2022-03-27 23:26:03,745 DEV : loss 0.21720683574676514 - f1-score (micro avg)  0.5062
2022-03-27 23:26:03,821 BAD EPOCHS (no improvement): 2
2022-03-27 23:26:03,824 ----------------------------------------------------------------------------------------------------
2022-03-27 23:26:06,662 epoch 50 - iter 10/107 - loss 0.03308781 - samples/sec: 112.80 - lr: 0.000195
2022-03-27 23:26:09,420 epoch 50 - iter 20/107 - loss 0.03281053 - samples/sec: 116.05 - lr: 0.000195
2022-03-27 23:26:12,140 epoch 50 - iter 30/107 - loss 0.03446073 - samples/sec: 117.70 - lr: 0.000195
2022-03-27 23:26:14,812 epoch 50 - iter 40/107 - loss 0.03567196 - samples/sec: 119.80 - lr: 0.000195
2022-03-27 23:26:17,459 epoch 50 - iter 50/107 - loss 0.03487215 - samples/sec: 120.97 - lr: 0.000195
2022-03-27 23:26:20,212 epoch 50 - iter 60/107 - loss 0.03602672 - samples/sec: 116.28 - lr: 0.000195
2022-03-27 23:26:22,922 epoch 50 - iter 70/107 - loss 0.03622344 - samples/sec: 118.11 - lr: 0.000195
2022-03-27 23:26:25,569 epoch 50 - iter 80/107 - loss 0.03599444 - samples/sec: 120.97 - lr: 0.000195
2022-03-27 23:26:28,258 epoch 50 - iter 90/107 - loss 0.03547679 - samples/sec: 119.04 - lr: 0.000195
2022-03-27 23:26:30,936 epoch 50 - iter 100/107 - loss 0.03557627 - samples/sec: 119.54 - lr: 0.000195
2022-03-27 23:26:32,705 ----------------------------------------------------------------------------------------------------
2022-03-27 23:26:32,705 EPOCH 50 done: loss 0.0354 - lr 0.000195
2022-03-27 23:26:41,000 Evaluating as a multi-label problem: False
2022-03-27 23:26:41,010 DEV : loss 0.21747609972953796 - f1-score (micro avg)  0.5062
2022-03-27 23:26:41,082 BAD EPOCHS (no improvement): 3
2022-03-27 23:26:41,085 ----------------------------------------------------------------------------------------------------
2022-03-27 23:26:43,891 epoch 51 - iter 10/107 - loss 0.02984009 - samples/sec: 114.11 - lr: 0.000195
2022-03-27 23:26:46,512 epoch 51 - iter 20/107 - loss 0.03667309 - samples/sec: 122.12 - lr: 0.000195
2022-03-27 23:26:48,945 epoch 51 - iter 30/107 - loss 0.03910117 - samples/sec: 131.58 - lr: 0.000195
2022-03-27 23:26:51,333 epoch 51 - iter 40/107 - loss 0.03891023 - samples/sec: 134.07 - lr: 0.000195
2022-03-27 23:26:53,651 epoch 51 - iter 50/107 - loss 0.03685633 - samples/sec: 138.14 - lr: 0.000195
2022-03-27 23:26:56,087 epoch 51 - iter 60/107 - loss 0.03844537 - samples/sec: 131.38 - lr: 0.000195
2022-03-27 23:26:58,720 epoch 51 - iter 70/107 - loss 0.03827494 - samples/sec: 121.60 - lr: 0.000195
2022-03-27 23:27:01,391 epoch 51 - iter 80/107 - loss 0.03784042 - samples/sec: 119.83 - lr: 0.000195
2022-03-27 23:27:04,197 epoch 51 - iter 90/107 - loss 0.03779467 - samples/sec: 114.08 - lr: 0.000195
2022-03-27 23:27:06,892 epoch 51 - iter 100/107 - loss 0.03766894 - samples/sec: 118.83 - lr: 0.000195
2022-03-27 23:27:08,511 ----------------------------------------------------------------------------------------------------
2022-03-27 23:27:08,512 EPOCH 51 done: loss 0.0371 - lr 0.000195
2022-03-27 23:27:16,925 Evaluating as a multi-label problem: False
2022-03-27 23:27:16,936 DEV : loss 0.2166910469532013 - f1-score (micro avg)  0.5082
2022-03-27 23:27:17,009 Epoch    51: reducing learning rate of group 0 to 9.7656e-05.
2022-03-27 23:27:17,009 BAD EPOCHS (no improvement): 4
2022-03-27 23:27:17,012 ----------------------------------------------------------------------------------------------------
2022-03-27 23:27:17,012 ----------------------------------------------------------------------------------------------------
2022-03-27 23:27:17,012 learning rate too small - quitting training!
2022-03-27 23:27:17,012 ----------------------------------------------------------------------------------------------------
2022-03-27 23:27:30,873 ----------------------------------------------------------------------------------------------------
2022-03-27 23:27:30,874 loading file resources/taggers/model_05_r5_run_1/best-model.pt
2022-03-27 23:27:43,663 SequenceTagger predicts: Dictionary with 27 tags: O, S-person, B-person, E-person, I-person, S-location, B-location, E-location, I-location, S-group, B-group, E-group, I-group, S-corporation, B-corporation, E-corporation, I-corporation, S-product, B-product, E-product, I-product, S-creative-work, B-creative-work, E-creative-work, I-creative-work, <START>, <STOP>
2022-03-27 23:28:03,385 Evaluating as a multi-label problem: False
2022-03-27 23:28:03,398 0.6326	0.3383	0.4408	0.3004
2022-03-27 23:28:03,398 
Results:
- F-score (micro) 0.4408
- F-score (macro) 0.3422
- Accuracy 0.3004

By class:
               precision    recall  f1-score   support

       person     0.7298    0.4848    0.5826       429
     location     0.5694    0.5467    0.5578       150
        group     0.5738    0.2121    0.3097       165
creative-work     0.5758    0.1338    0.2171       142
      product     0.2857    0.0630    0.1032       127
  corporation     0.5000    0.1970    0.2826        66

    micro avg     0.6326    0.3383    0.4408      1079
    macro avg     0.5391    0.2729    0.3422      1079
 weighted avg     0.5971    0.3383    0.4146      1079

2022-03-27 23:28:03,398 ----------------------------------------------------------------------------------------------------
