2022-03-27 23:50:13,117 ----------------------------------------------------------------------------------------------------
2022-03-27 23:50:13,117 Model: "SequenceTagger(
  (embeddings): StackedEmbeddings(
    (list_embedding_0): GazetteerEmbeddings()
    (list_embedding_1): FlairEmbeddings(
      (lm): LanguageModel(
        (drop): Dropout(p=0.05, inplace=False)
        (encoder): Embedding(300, 100)
        (rnn): LSTM(100, 2048)
        (decoder): Linear(in_features=2048, out_features=300, bias=True)
      )
    )
    (list_embedding_2): FlairEmbeddings(
      (lm): LanguageModel(
        (drop): Dropout(p=0.05, inplace=False)
        (encoder): Embedding(300, 100)
        (rnn): LSTM(100, 2048)
        (decoder): Linear(in_features=2048, out_features=300, bias=True)
      )
    )
  )
  (word_dropout): WordDropout(p=0.05)
  (locked_dropout): LockedDropout(p=0.5)
  (embedding2nn): Linear(in_features=4262, out_features=4262, bias=True)
  (rnn): LSTM(4262, 256, batch_first=True, bidirectional=True)
  (linear): Linear(in_features=512, out_features=27, bias=True)
  (loss_function): ViterbiLoss()
  (crf): CRF()
)"
2022-03-27 23:50:13,118 ----------------------------------------------------------------------------------------------------
2022-03-27 23:50:13,118 Corpus: "Corpus: 3394 train + 1009 dev + 1287 test sentences"
2022-03-27 23:50:13,118 ----------------------------------------------------------------------------------------------------
2022-03-27 23:50:13,118 Parameters:
2022-03-27 23:50:13,118  - learning_rate: "0.100000"
2022-03-27 23:50:13,118  - mini_batch_size: "32"
2022-03-27 23:50:13,118  - patience: "3"
2022-03-27 23:50:13,118  - anneal_factor: "0.5"
2022-03-27 23:50:13,118  - max_epochs: "150"
2022-03-27 23:50:13,118  - shuffle: "True"
2022-03-27 23:50:13,118  - train_with_dev: "False"
2022-03-27 23:50:13,118  - batch_growth_annealing: "False"
2022-03-27 23:50:13,118 ----------------------------------------------------------------------------------------------------
2022-03-27 23:50:13,118 Model training base path: "resources/taggers/model_04_r5_run_3"
2022-03-27 23:50:13,118 ----------------------------------------------------------------------------------------------------
2022-03-27 23:50:13,118 Device: cuda:1
2022-03-27 23:50:13,118 ----------------------------------------------------------------------------------------------------
2022-03-27 23:50:13,118 Embeddings storage mode: cpu
2022-03-27 23:50:13,118 ----------------------------------------------------------------------------------------------------
2022-03-27 23:50:15,652 epoch 1 - iter 10/107 - loss 1.35597914 - samples/sec: 126.34 - lr: 0.100000
2022-03-27 23:50:18,283 epoch 1 - iter 20/107 - loss 0.83102565 - samples/sec: 121.68 - lr: 0.100000
2022-03-27 23:50:20,937 epoch 1 - iter 30/107 - loss 0.65278288 - samples/sec: 120.61 - lr: 0.100000
2022-03-27 23:50:23,395 epoch 1 - iter 40/107 - loss 0.55873537 - samples/sec: 130.27 - lr: 0.100000
2022-03-27 23:50:25,853 epoch 1 - iter 50/107 - loss 0.49066647 - samples/sec: 130.22 - lr: 0.100000
2022-03-27 23:50:28,532 epoch 1 - iter 60/107 - loss 0.45936145 - samples/sec: 119.50 - lr: 0.100000
2022-03-27 23:50:31,009 epoch 1 - iter 70/107 - loss 0.43577922 - samples/sec: 129.28 - lr: 0.100000
2022-03-27 23:50:33,230 epoch 1 - iter 80/107 - loss 0.42193900 - samples/sec: 144.14 - lr: 0.100000
2022-03-27 23:50:35,387 epoch 1 - iter 90/107 - loss 0.40988809 - samples/sec: 148.39 - lr: 0.100000
2022-03-27 23:50:37,321 epoch 1 - iter 100/107 - loss 0.39949413 - samples/sec: 165.59 - lr: 0.100000
2022-03-27 23:50:38,524 ----------------------------------------------------------------------------------------------------
2022-03-27 23:50:38,524 EPOCH 1 done: loss 0.3912 - lr 0.100000
2022-03-27 23:50:45,455 Evaluating as a multi-label problem: False
2022-03-27 23:50:45,464 DEV : loss 0.43994396924972534 - f1-score (micro avg)  0.1483
2022-03-27 23:50:45,539 BAD EPOCHS (no improvement): 0
2022-03-27 23:50:45,541 saving best model
2022-03-27 23:51:09,309 ----------------------------------------------------------------------------------------------------
2022-03-27 23:51:11,726 epoch 2 - iter 10/107 - loss 0.26876398 - samples/sec: 132.50 - lr: 0.100000
2022-03-27 23:51:13,790 epoch 2 - iter 20/107 - loss 0.23121489 - samples/sec: 155.15 - lr: 0.100000
2022-03-27 23:51:16,028 epoch 2 - iter 30/107 - loss 0.22709266 - samples/sec: 143.03 - lr: 0.100000
2022-03-27 23:51:18,123 epoch 2 - iter 40/107 - loss 0.22521982 - samples/sec: 152.80 - lr: 0.100000
2022-03-27 23:51:20,466 epoch 2 - iter 50/107 - loss 0.22085705 - samples/sec: 136.66 - lr: 0.100000
2022-03-27 23:51:22,768 epoch 2 - iter 60/107 - loss 0.21677817 - samples/sec: 139.06 - lr: 0.100000
2022-03-27 23:51:25,216 epoch 2 - iter 70/107 - loss 0.21463384 - samples/sec: 130.77 - lr: 0.100000
2022-03-27 23:51:27,639 epoch 2 - iter 80/107 - loss 0.21057566 - samples/sec: 132.12 - lr: 0.100000
2022-03-27 23:51:30,099 epoch 2 - iter 90/107 - loss 0.20730872 - samples/sec: 130.14 - lr: 0.100000
2022-03-27 23:51:32,500 epoch 2 - iter 100/107 - loss 0.20557920 - samples/sec: 133.29 - lr: 0.100000
2022-03-27 23:51:33,898 ----------------------------------------------------------------------------------------------------
2022-03-27 23:51:33,898 EPOCH 2 done: loss 0.2063 - lr 0.100000
2022-03-27 23:51:41,665 Evaluating as a multi-label problem: False
2022-03-27 23:51:41,675 DEV : loss 0.30889028310775757 - f1-score (micro avg)  0.3577
2022-03-27 23:51:41,749 BAD EPOCHS (no improvement): 0
2022-03-27 23:51:41,752 saving best model
2022-03-27 23:52:05,526 ----------------------------------------------------------------------------------------------------
2022-03-27 23:52:08,056 epoch 3 - iter 10/107 - loss 0.16678753 - samples/sec: 126.60 - lr: 0.100000
2022-03-27 23:52:10,542 epoch 3 - iter 20/107 - loss 0.17099237 - samples/sec: 128.79 - lr: 0.100000
2022-03-27 23:52:12,843 epoch 3 - iter 30/107 - loss 0.16825557 - samples/sec: 139.11 - lr: 0.100000
2022-03-27 23:52:15,256 epoch 3 - iter 40/107 - loss 0.16659554 - samples/sec: 132.69 - lr: 0.100000
2022-03-27 23:52:17,688 epoch 3 - iter 50/107 - loss 0.16811019 - samples/sec: 131.63 - lr: 0.100000
2022-03-27 23:52:20,097 epoch 3 - iter 60/107 - loss 0.16579776 - samples/sec: 132.90 - lr: 0.100000
2022-03-27 23:52:22,495 epoch 3 - iter 70/107 - loss 0.16454950 - samples/sec: 133.49 - lr: 0.100000
2022-03-27 23:52:24,881 epoch 3 - iter 80/107 - loss 0.16475435 - samples/sec: 134.18 - lr: 0.100000
2022-03-27 23:52:27,280 epoch 3 - iter 90/107 - loss 0.16315783 - samples/sec: 133.41 - lr: 0.100000
2022-03-27 23:52:29,550 epoch 3 - iter 100/107 - loss 0.16449992 - samples/sec: 141.03 - lr: 0.100000
2022-03-27 23:52:31,087 ----------------------------------------------------------------------------------------------------
2022-03-27 23:52:31,087 EPOCH 3 done: loss 0.1648 - lr 0.100000
2022-03-27 23:52:38,286 Evaluating as a multi-label problem: False
2022-03-27 23:52:38,297 DEV : loss 0.2715085446834564 - f1-score (micro avg)  0.3696
2022-03-27 23:52:38,369 BAD EPOCHS (no improvement): 0
2022-03-27 23:52:38,372 saving best model
2022-03-27 23:53:02,058 ----------------------------------------------------------------------------------------------------
2022-03-27 23:53:04,659 epoch 4 - iter 10/107 - loss 0.14834127 - samples/sec: 123.08 - lr: 0.100000
2022-03-27 23:53:07,062 epoch 4 - iter 20/107 - loss 0.15442405 - samples/sec: 133.23 - lr: 0.100000
2022-03-27 23:53:09,347 epoch 4 - iter 30/107 - loss 0.15255493 - samples/sec: 140.13 - lr: 0.100000
2022-03-27 23:53:11,776 epoch 4 - iter 40/107 - loss 0.14187094 - samples/sec: 131.82 - lr: 0.100000
2022-03-27 23:53:13,992 epoch 4 - iter 50/107 - loss 0.14824718 - samples/sec: 144.45 - lr: 0.100000
2022-03-27 23:53:15,874 epoch 4 - iter 60/107 - loss 0.14923452 - samples/sec: 170.13 - lr: 0.100000
2022-03-27 23:53:18,113 epoch 4 - iter 70/107 - loss 0.14996385 - samples/sec: 142.95 - lr: 0.100000
2022-03-27 23:53:20,343 epoch 4 - iter 80/107 - loss 0.14677305 - samples/sec: 143.55 - lr: 0.100000
2022-03-27 23:53:22,587 epoch 4 - iter 90/107 - loss 0.14728015 - samples/sec: 142.68 - lr: 0.100000
2022-03-27 23:53:24,865 epoch 4 - iter 100/107 - loss 0.14800764 - samples/sec: 140.53 - lr: 0.100000
2022-03-27 23:53:26,382 ----------------------------------------------------------------------------------------------------
2022-03-27 23:53:26,382 EPOCH 4 done: loss 0.1482 - lr 0.100000
2022-03-27 23:53:33,939 Evaluating as a multi-label problem: False
2022-03-27 23:53:33,950 DEV : loss 0.23336490988731384 - f1-score (micro avg)  0.4565
2022-03-27 23:53:34,024 BAD EPOCHS (no improvement): 0
2022-03-27 23:53:34,030 saving best model
2022-03-27 23:53:56,902 ----------------------------------------------------------------------------------------------------
2022-03-27 23:53:59,494 epoch 5 - iter 10/107 - loss 0.12004661 - samples/sec: 123.53 - lr: 0.100000
2022-03-27 23:54:01,909 epoch 5 - iter 20/107 - loss 0.10890428 - samples/sec: 132.58 - lr: 0.100000
2022-03-27 23:54:04,419 epoch 5 - iter 30/107 - loss 0.12062496 - samples/sec: 127.55 - lr: 0.100000
2022-03-27 23:54:06,913 epoch 5 - iter 40/107 - loss 0.12218185 - samples/sec: 128.33 - lr: 0.100000
2022-03-27 23:54:09,294 epoch 5 - iter 50/107 - loss 0.11941534 - samples/sec: 134.46 - lr: 0.100000
2022-03-27 23:54:11,602 epoch 5 - iter 60/107 - loss 0.12462118 - samples/sec: 138.69 - lr: 0.100000
2022-03-27 23:54:13,989 epoch 5 - iter 70/107 - loss 0.12759723 - samples/sec: 134.12 - lr: 0.100000
2022-03-27 23:54:16,436 epoch 5 - iter 80/107 - loss 0.12855369 - samples/sec: 130.85 - lr: 0.100000
2022-03-27 23:54:18,740 epoch 5 - iter 90/107 - loss 0.12848489 - samples/sec: 138.93 - lr: 0.100000
2022-03-27 23:54:21,096 epoch 5 - iter 100/107 - loss 0.13260801 - samples/sec: 135.92 - lr: 0.100000
2022-03-27 23:54:22,616 ----------------------------------------------------------------------------------------------------
2022-03-27 23:54:22,616 EPOCH 5 done: loss 0.1331 - lr 0.100000
2022-03-27 23:54:30,840 Evaluating as a multi-label problem: False
2022-03-27 23:54:30,851 DEV : loss 0.21895769238471985 - f1-score (micro avg)  0.488
2022-03-27 23:54:30,924 BAD EPOCHS (no improvement): 0
2022-03-27 23:54:30,938 saving best model
2022-03-27 23:54:54,719 ----------------------------------------------------------------------------------------------------
2022-03-27 23:54:57,402 epoch 6 - iter 10/107 - loss 0.11185371 - samples/sec: 119.33 - lr: 0.100000
2022-03-27 23:54:59,643 epoch 6 - iter 20/107 - loss 0.11064440 - samples/sec: 142.87 - lr: 0.100000
2022-03-27 23:55:02,118 epoch 6 - iter 30/107 - loss 0.12172273 - samples/sec: 129.32 - lr: 0.100000
2022-03-27 23:55:04,548 epoch 6 - iter 40/107 - loss 0.12185596 - samples/sec: 131.77 - lr: 0.100000
2022-03-27 23:55:06,984 epoch 6 - iter 50/107 - loss 0.12531422 - samples/sec: 131.41 - lr: 0.100000
2022-03-27 23:55:09,523 epoch 6 - iter 60/107 - loss 0.12376466 - samples/sec: 126.11 - lr: 0.100000
2022-03-27 23:55:11,923 epoch 6 - iter 70/107 - loss 0.12041416 - samples/sec: 133.39 - lr: 0.100000
2022-03-27 23:55:14,055 epoch 6 - iter 80/107 - loss 0.12027200 - samples/sec: 150.17 - lr: 0.100000
2022-03-27 23:55:16,142 epoch 6 - iter 90/107 - loss 0.11895703 - samples/sec: 153.40 - lr: 0.100000
2022-03-27 23:55:18,299 epoch 6 - iter 100/107 - loss 0.11859327 - samples/sec: 148.42 - lr: 0.100000
2022-03-27 23:55:19,684 ----------------------------------------------------------------------------------------------------
2022-03-27 23:55:19,684 EPOCH 6 done: loss 0.1188 - lr 0.100000
2022-03-27 23:55:27,275 Evaluating as a multi-label problem: False
2022-03-27 23:55:27,286 DEV : loss 0.20914120972156525 - f1-score (micro avg)  0.5037
2022-03-27 23:55:27,363 BAD EPOCHS (no improvement): 0
2022-03-27 23:55:27,452 saving best model
2022-03-27 23:55:51,983 ----------------------------------------------------------------------------------------------------
2022-03-27 23:55:54,339 epoch 7 - iter 10/107 - loss 0.11106353 - samples/sec: 135.91 - lr: 0.100000
2022-03-27 23:55:56,520 epoch 7 - iter 20/107 - loss 0.10869179 - samples/sec: 146.81 - lr: 0.100000
2022-03-27 23:55:58,851 epoch 7 - iter 30/107 - loss 0.11529416 - samples/sec: 137.31 - lr: 0.100000
2022-03-27 23:56:01,220 epoch 7 - iter 40/107 - loss 0.11691643 - samples/sec: 135.16 - lr: 0.100000
2022-03-27 23:56:03,458 epoch 7 - iter 50/107 - loss 0.11527805 - samples/sec: 143.08 - lr: 0.100000
2022-03-27 23:56:05,819 epoch 7 - iter 60/107 - loss 0.11454608 - samples/sec: 135.61 - lr: 0.100000
2022-03-27 23:56:08,170 epoch 7 - iter 70/107 - loss 0.11330148 - samples/sec: 136.17 - lr: 0.100000
2022-03-27 23:56:10,524 epoch 7 - iter 80/107 - loss 0.11331912 - samples/sec: 135.95 - lr: 0.100000
2022-03-27 23:56:13,003 epoch 7 - iter 90/107 - loss 0.11243431 - samples/sec: 129.14 - lr: 0.100000
2022-03-27 23:56:15,365 epoch 7 - iter 100/107 - loss 0.11298781 - samples/sec: 135.53 - lr: 0.100000
2022-03-27 23:56:16,878 ----------------------------------------------------------------------------------------------------
2022-03-27 23:56:16,878 EPOCH 7 done: loss 0.1123 - lr 0.100000
2022-03-27 23:56:24,958 Evaluating as a multi-label problem: False
2022-03-27 23:56:24,969 DEV : loss 0.22720973193645477 - f1-score (micro avg)  0.4531
2022-03-27 23:56:25,042 BAD EPOCHS (no improvement): 1
2022-03-27 23:56:25,044 ----------------------------------------------------------------------------------------------------
2022-03-27 23:56:27,540 epoch 8 - iter 10/107 - loss 0.11011474 - samples/sec: 128.28 - lr: 0.100000
2022-03-27 23:56:29,943 epoch 8 - iter 20/107 - loss 0.09960053 - samples/sec: 133.22 - lr: 0.100000
2022-03-27 23:56:32,312 epoch 8 - iter 30/107 - loss 0.10827690 - samples/sec: 135.15 - lr: 0.100000
2022-03-27 23:56:34,510 epoch 8 - iter 40/107 - loss 0.10555679 - samples/sec: 145.63 - lr: 0.100000
2022-03-27 23:56:36,572 epoch 8 - iter 50/107 - loss 0.10580788 - samples/sec: 155.27 - lr: 0.100000
2022-03-27 23:56:40,246 epoch 8 - iter 60/107 - loss 0.10839544 - samples/sec: 87.12 - lr: 0.100000
2022-03-27 23:56:42,385 epoch 8 - iter 70/107 - loss 0.10706343 - samples/sec: 149.69 - lr: 0.100000
2022-03-27 23:56:44,833 epoch 8 - iter 80/107 - loss 0.10793967 - samples/sec: 130.76 - lr: 0.100000
2022-03-27 23:56:47,220 epoch 8 - iter 90/107 - loss 0.10640461 - samples/sec: 134.12 - lr: 0.100000
2022-03-27 23:56:49,651 epoch 8 - iter 100/107 - loss 0.10654674 - samples/sec: 131.71 - lr: 0.100000
2022-03-27 23:56:51,205 ----------------------------------------------------------------------------------------------------
2022-03-27 23:56:51,205 EPOCH 8 done: loss 0.1071 - lr 0.100000
2022-03-27 23:56:58,806 Evaluating as a multi-label problem: False
2022-03-27 23:56:58,816 DEV : loss 0.22729215025901794 - f1-score (micro avg)  0.4193
2022-03-27 23:56:58,891 BAD EPOCHS (no improvement): 2
2022-03-27 23:56:58,935 ----------------------------------------------------------------------------------------------------
2022-03-27 23:57:01,211 epoch 9 - iter 10/107 - loss 0.12348328 - samples/sec: 140.71 - lr: 0.100000
2022-03-27 23:57:03,620 epoch 9 - iter 20/107 - loss 0.10716087 - samples/sec: 132.85 - lr: 0.100000
2022-03-27 23:57:06,103 epoch 9 - iter 30/107 - loss 0.10294412 - samples/sec: 128.93 - lr: 0.100000
2022-03-27 23:57:08,597 epoch 9 - iter 40/107 - loss 0.10050760 - samples/sec: 128.36 - lr: 0.100000
2022-03-27 23:57:10,992 epoch 9 - iter 50/107 - loss 0.10073168 - samples/sec: 133.67 - lr: 0.100000
2022-03-27 23:57:13,325 epoch 9 - iter 60/107 - loss 0.10413657 - samples/sec: 137.22 - lr: 0.100000
2022-03-27 23:57:15,834 epoch 9 - iter 70/107 - loss 0.10056421 - samples/sec: 127.61 - lr: 0.100000
2022-03-27 23:57:18,228 epoch 9 - iter 80/107 - loss 0.09807632 - samples/sec: 133.73 - lr: 0.100000
2022-03-27 23:57:20,380 epoch 9 - iter 90/107 - loss 0.09764745 - samples/sec: 148.75 - lr: 0.100000
2022-03-27 23:57:22,631 epoch 9 - iter 100/107 - loss 0.09654041 - samples/sec: 142.22 - lr: 0.100000
2022-03-27 23:57:23,821 ----------------------------------------------------------------------------------------------------
2022-03-27 23:57:23,821 EPOCH 9 done: loss 0.0959 - lr 0.100000
2022-03-27 23:57:30,782 Evaluating as a multi-label problem: False
2022-03-27 23:57:30,793 DEV : loss 0.1924588829278946 - f1-score (micro avg)  0.5004
2022-03-27 23:57:30,869 BAD EPOCHS (no improvement): 3
2022-03-27 23:57:30,871 ----------------------------------------------------------------------------------------------------
2022-03-27 23:57:33,296 epoch 10 - iter 10/107 - loss 0.09243643 - samples/sec: 132.06 - lr: 0.100000
2022-03-27 23:57:35,494 epoch 10 - iter 20/107 - loss 0.09765193 - samples/sec: 145.62 - lr: 0.100000
2022-03-27 23:57:37,931 epoch 10 - iter 30/107 - loss 0.09549703 - samples/sec: 131.42 - lr: 0.100000
2022-03-27 23:57:40,356 epoch 10 - iter 40/107 - loss 0.09365159 - samples/sec: 132.00 - lr: 0.100000
2022-03-27 23:57:42,774 epoch 10 - iter 50/107 - loss 0.09419025 - samples/sec: 133.96 - lr: 0.100000
2022-03-27 23:57:45,230 epoch 10 - iter 60/107 - loss 0.09235015 - samples/sec: 130.34 - lr: 0.100000
2022-03-27 23:57:47,819 epoch 10 - iter 70/107 - loss 0.09244347 - samples/sec: 123.64 - lr: 0.100000
2022-03-27 23:57:50,305 epoch 10 - iter 80/107 - loss 0.09327094 - samples/sec: 128.79 - lr: 0.100000
2022-03-27 23:57:52,834 epoch 10 - iter 90/107 - loss 0.09353112 - samples/sec: 126.55 - lr: 0.100000
2022-03-27 23:57:55,150 epoch 10 - iter 100/107 - loss 0.09285868 - samples/sec: 138.25 - lr: 0.100000
2022-03-27 23:57:56,562 ----------------------------------------------------------------------------------------------------
2022-03-27 23:57:56,562 EPOCH 10 done: loss 0.0940 - lr 0.100000
2022-03-27 23:58:04,104 Evaluating as a multi-label problem: False
2022-03-27 23:58:04,116 DEV : loss 0.17495208978652954 - f1-score (micro avg)  0.5274
2022-03-27 23:58:04,188 BAD EPOCHS (no improvement): 0
2022-03-27 23:58:04,195 saving best model
2022-03-27 23:58:28,196 ----------------------------------------------------------------------------------------------------
2022-03-27 23:58:30,657 epoch 11 - iter 10/107 - loss 0.07925935 - samples/sec: 130.17 - lr: 0.100000
2022-03-27 23:58:32,992 epoch 11 - iter 20/107 - loss 0.07813026 - samples/sec: 137.11 - lr: 0.100000
2022-03-27 23:58:35,545 epoch 11 - iter 30/107 - loss 0.07806224 - samples/sec: 125.38 - lr: 0.100000
2022-03-27 23:58:37,869 epoch 11 - iter 40/107 - loss 0.07910681 - samples/sec: 137.73 - lr: 0.100000
2022-03-27 23:58:40,360 epoch 11 - iter 50/107 - loss 0.08208173 - samples/sec: 128.52 - lr: 0.100000
2022-03-27 23:58:42,736 epoch 11 - iter 60/107 - loss 0.08268584 - samples/sec: 134.76 - lr: 0.100000
2022-03-27 23:58:44,928 epoch 11 - iter 70/107 - loss 0.08175304 - samples/sec: 146.06 - lr: 0.100000
2022-03-27 23:58:47,074 epoch 11 - iter 80/107 - loss 0.08312423 - samples/sec: 149.18 - lr: 0.100000
2022-03-27 23:58:49,053 epoch 11 - iter 90/107 - loss 0.08478589 - samples/sec: 161.79 - lr: 0.100000
2022-03-27 23:58:51,428 epoch 11 - iter 100/107 - loss 0.08581192 - samples/sec: 134.78 - lr: 0.100000
2022-03-27 23:58:52,693 ----------------------------------------------------------------------------------------------------
2022-03-27 23:58:52,693 EPOCH 11 done: loss 0.0874 - lr 0.100000
2022-03-27 23:59:00,633 Evaluating as a multi-label problem: False
2022-03-27 23:59:00,644 DEV : loss 0.19517426192760468 - f1-score (micro avg)  0.4888
2022-03-27 23:59:00,718 BAD EPOCHS (no improvement): 1
2022-03-27 23:59:00,729 ----------------------------------------------------------------------------------------------------
2022-03-27 23:59:02,987 epoch 12 - iter 10/107 - loss 0.07643902 - samples/sec: 141.84 - lr: 0.100000
2022-03-27 23:59:05,345 epoch 12 - iter 20/107 - loss 0.07635445 - samples/sec: 135.72 - lr: 0.100000
2022-03-27 23:59:07,746 epoch 12 - iter 30/107 - loss 0.07682872 - samples/sec: 133.34 - lr: 0.100000
2022-03-27 23:59:10,072 epoch 12 - iter 40/107 - loss 0.07852223 - samples/sec: 137.66 - lr: 0.100000
2022-03-27 23:59:12,450 epoch 12 - iter 50/107 - loss 0.08133458 - samples/sec: 134.67 - lr: 0.100000
2022-03-27 23:59:14,996 epoch 12 - iter 60/107 - loss 0.08057115 - samples/sec: 125.70 - lr: 0.100000
2022-03-27 23:59:17,238 epoch 12 - iter 70/107 - loss 0.07995313 - samples/sec: 142.80 - lr: 0.100000
2022-03-27 23:59:19,778 epoch 12 - iter 80/107 - loss 0.08101537 - samples/sec: 126.06 - lr: 0.100000
2022-03-27 23:59:22,154 epoch 12 - iter 90/107 - loss 0.08143482 - samples/sec: 134.74 - lr: 0.100000
2022-03-27 23:59:24,386 epoch 12 - iter 100/107 - loss 0.08213991 - samples/sec: 143.43 - lr: 0.100000
2022-03-27 23:59:25,901 ----------------------------------------------------------------------------------------------------
2022-03-27 23:59:25,901 EPOCH 12 done: loss 0.0829 - lr 0.100000
2022-03-27 23:59:33,196 Evaluating as a multi-label problem: False
2022-03-27 23:59:33,207 DEV : loss 0.21937505900859833 - f1-score (micro avg)  0.4704
2022-03-27 23:59:33,280 BAD EPOCHS (no improvement): 2
2022-03-27 23:59:33,282 ----------------------------------------------------------------------------------------------------
2022-03-27 23:59:35,617 epoch 13 - iter 10/107 - loss 0.07882094 - samples/sec: 137.14 - lr: 0.100000
2022-03-27 23:59:37,742 epoch 13 - iter 20/107 - loss 0.07537877 - samples/sec: 150.63 - lr: 0.100000
2022-03-27 23:59:40,076 epoch 13 - iter 30/107 - loss 0.07800655 - samples/sec: 137.17 - lr: 0.100000
2022-03-27 23:59:42,659 epoch 13 - iter 40/107 - loss 0.07710402 - samples/sec: 123.90 - lr: 0.100000
2022-03-27 23:59:45,095 epoch 13 - iter 50/107 - loss 0.07786537 - samples/sec: 131.43 - lr: 0.100000
2022-03-27 23:59:47,628 epoch 13 - iter 60/107 - loss 0.07872623 - samples/sec: 126.36 - lr: 0.100000
2022-03-27 23:59:50,019 epoch 13 - iter 70/107 - loss 0.07873435 - samples/sec: 133.92 - lr: 0.100000
2022-03-27 23:59:52,170 epoch 13 - iter 80/107 - loss 0.07900071 - samples/sec: 148.82 - lr: 0.100000
2022-03-27 23:59:54,656 epoch 13 - iter 90/107 - loss 0.08085205 - samples/sec: 128.76 - lr: 0.100000
2022-03-27 23:59:57,053 epoch 13 - iter 100/107 - loss 0.08121067 - samples/sec: 133.61 - lr: 0.100000
2022-03-27 23:59:58,358 ----------------------------------------------------------------------------------------------------
2022-03-27 23:59:58,358 EPOCH 13 done: loss 0.0800 - lr 0.100000
2022-03-28 00:00:06,080 Evaluating as a multi-label problem: False
2022-03-28 00:00:06,091 DEV : loss 0.193533256649971 - f1-score (micro avg)  0.498
2022-03-28 00:00:06,166 BAD EPOCHS (no improvement): 3
2022-03-28 00:00:06,169 ----------------------------------------------------------------------------------------------------
2022-03-28 00:00:08,498 epoch 14 - iter 10/107 - loss 0.07844120 - samples/sec: 137.46 - lr: 0.100000
2022-03-28 00:00:10,934 epoch 14 - iter 20/107 - loss 0.07585493 - samples/sec: 131.43 - lr: 0.100000
2022-03-28 00:00:13,353 epoch 14 - iter 30/107 - loss 0.07652913 - samples/sec: 132.33 - lr: 0.100000
2022-03-28 00:00:15,625 epoch 14 - iter 40/107 - loss 0.07824755 - samples/sec: 140.93 - lr: 0.100000
2022-03-28 00:00:17,831 epoch 14 - iter 50/107 - loss 0.07641409 - samples/sec: 145.10 - lr: 0.100000
2022-03-28 00:00:20,240 epoch 14 - iter 60/107 - loss 0.07407713 - samples/sec: 132.89 - lr: 0.100000
2022-03-28 00:00:22,320 epoch 14 - iter 70/107 - loss 0.07419408 - samples/sec: 153.89 - lr: 0.100000
2022-03-28 00:00:24,439 epoch 14 - iter 80/107 - loss 0.07422308 - samples/sec: 151.14 - lr: 0.100000
2022-03-28 00:00:26,688 epoch 14 - iter 90/107 - loss 0.07478292 - samples/sec: 142.33 - lr: 0.100000
2022-03-28 00:00:29,106 epoch 14 - iter 100/107 - loss 0.07479292 - samples/sec: 132.39 - lr: 0.100000
2022-03-28 00:00:30,631 ----------------------------------------------------------------------------------------------------
2022-03-28 00:00:30,631 EPOCH 14 done: loss 0.0745 - lr 0.100000
2022-03-28 00:00:38,046 Evaluating as a multi-label problem: False
2022-03-28 00:00:38,056 DEV : loss 0.21861524879932404 - f1-score (micro avg)  0.4567
2022-03-28 00:00:38,131 Epoch    14: reducing learning rate of group 0 to 5.0000e-02.
2022-03-28 00:00:38,131 BAD EPOCHS (no improvement): 4
2022-03-28 00:00:38,134 ----------------------------------------------------------------------------------------------------
2022-03-28 00:00:40,356 epoch 15 - iter 10/107 - loss 0.06730247 - samples/sec: 144.16 - lr: 0.050000
2022-03-28 00:00:42,945 epoch 15 - iter 20/107 - loss 0.07060540 - samples/sec: 123.65 - lr: 0.050000
2022-03-28 00:00:45,259 epoch 15 - iter 30/107 - loss 0.06951169 - samples/sec: 138.34 - lr: 0.050000
2022-03-28 00:00:47,649 epoch 15 - iter 40/107 - loss 0.06876745 - samples/sec: 133.96 - lr: 0.050000
2022-03-28 00:00:49,740 epoch 15 - iter 50/107 - loss 0.06775710 - samples/sec: 153.11 - lr: 0.050000
2022-03-28 00:00:52,272 epoch 15 - iter 60/107 - loss 0.06788510 - samples/sec: 126.42 - lr: 0.050000
2022-03-28 00:00:54,694 epoch 15 - iter 70/107 - loss 0.06706013 - samples/sec: 132.15 - lr: 0.050000
2022-03-28 00:00:56,842 epoch 15 - iter 80/107 - loss 0.06751286 - samples/sec: 149.04 - lr: 0.050000
2022-03-28 00:00:59,087 epoch 15 - iter 90/107 - loss 0.06683242 - samples/sec: 142.60 - lr: 0.050000
2022-03-28 00:01:01,713 epoch 15 - iter 100/107 - loss 0.06653357 - samples/sec: 121.92 - lr: 0.050000
2022-03-28 00:01:03,225 ----------------------------------------------------------------------------------------------------
2022-03-28 00:01:03,225 EPOCH 15 done: loss 0.0664 - lr 0.050000
2022-03-28 00:01:10,226 Evaluating as a multi-label problem: False
2022-03-28 00:01:10,236 DEV : loss 0.20646120607852936 - f1-score (micro avg)  0.4871
2022-03-28 00:01:10,311 BAD EPOCHS (no improvement): 1
2022-03-28 00:01:10,315 ----------------------------------------------------------------------------------------------------
2022-03-28 00:01:12,342 epoch 16 - iter 10/107 - loss 0.06525530 - samples/sec: 157.95 - lr: 0.050000
2022-03-28 00:01:14,413 epoch 16 - iter 20/107 - loss 0.06230106 - samples/sec: 154.57 - lr: 0.050000
2022-03-28 00:01:16,788 epoch 16 - iter 30/107 - loss 0.06432270 - samples/sec: 134.79 - lr: 0.050000
2022-03-28 00:01:19,164 epoch 16 - iter 40/107 - loss 0.06569646 - samples/sec: 134.70 - lr: 0.050000
2022-03-28 00:01:21,590 epoch 16 - iter 50/107 - loss 0.06568947 - samples/sec: 131.98 - lr: 0.050000
2022-03-28 00:01:23,829 epoch 16 - iter 60/107 - loss 0.06404282 - samples/sec: 142.99 - lr: 0.050000
2022-03-28 00:01:26,126 epoch 16 - iter 70/107 - loss 0.06408840 - samples/sec: 139.42 - lr: 0.050000
2022-03-28 00:01:28,490 epoch 16 - iter 80/107 - loss 0.06263837 - samples/sec: 135.41 - lr: 0.050000
2022-03-28 00:01:30,814 epoch 16 - iter 90/107 - loss 0.06240397 - samples/sec: 137.72 - lr: 0.050000
2022-03-28 00:01:33,155 epoch 16 - iter 100/107 - loss 0.06362653 - samples/sec: 136.75 - lr: 0.050000
2022-03-28 00:01:34,486 ----------------------------------------------------------------------------------------------------
2022-03-28 00:01:34,486 EPOCH 16 done: loss 0.0634 - lr 0.050000
2022-03-28 00:01:42,028 Evaluating as a multi-label problem: False
2022-03-28 00:01:42,039 DEV : loss 0.19629330933094025 - f1-score (micro avg)  0.5067
2022-03-28 00:01:42,116 BAD EPOCHS (no improvement): 2
2022-03-28 00:01:42,124 ----------------------------------------------------------------------------------------------------
2022-03-28 00:01:44,422 epoch 17 - iter 10/107 - loss 0.04155848 - samples/sec: 139.29 - lr: 0.050000
2022-03-28 00:01:46,854 epoch 17 - iter 20/107 - loss 0.04551019 - samples/sec: 131.65 - lr: 0.050000
2022-03-28 00:01:49,302 epoch 17 - iter 30/107 - loss 0.04937415 - samples/sec: 130.77 - lr: 0.050000
2022-03-28 00:01:51,669 epoch 17 - iter 40/107 - loss 0.05350144 - samples/sec: 135.24 - lr: 0.050000
2022-03-28 00:01:53,835 epoch 17 - iter 50/107 - loss 0.05576829 - samples/sec: 147.83 - lr: 0.050000
2022-03-28 00:01:55,922 epoch 17 - iter 60/107 - loss 0.05866823 - samples/sec: 153.39 - lr: 0.050000
2022-03-28 00:01:57,854 epoch 17 - iter 70/107 - loss 0.05978916 - samples/sec: 165.72 - lr: 0.050000
2022-03-28 00:01:59,825 epoch 17 - iter 80/107 - loss 0.05969171 - samples/sec: 162.41 - lr: 0.050000
2022-03-28 00:02:01,801 epoch 17 - iter 90/107 - loss 0.05974900 - samples/sec: 162.03 - lr: 0.050000
2022-03-28 00:02:03,933 epoch 17 - iter 100/107 - loss 0.05924856 - samples/sec: 150.13 - lr: 0.050000
2022-03-28 00:02:05,157 ----------------------------------------------------------------------------------------------------
2022-03-28 00:02:05,158 EPOCH 17 done: loss 0.0603 - lr 0.050000
2022-03-28 00:02:12,711 Evaluating as a multi-label problem: False
2022-03-28 00:02:12,723 DEV : loss 0.19737295806407928 - f1-score (micro avg)  0.5078
2022-03-28 00:02:12,796 BAD EPOCHS (no improvement): 3
2022-03-28 00:02:12,799 ----------------------------------------------------------------------------------------------------
2022-03-28 00:02:15,068 epoch 18 - iter 10/107 - loss 0.06307764 - samples/sec: 141.13 - lr: 0.050000
2022-03-28 00:02:17,498 epoch 18 - iter 20/107 - loss 0.05624352 - samples/sec: 131.76 - lr: 0.050000
2022-03-28 00:02:19,931 epoch 18 - iter 30/107 - loss 0.05670535 - samples/sec: 131.56 - lr: 0.050000
2022-03-28 00:02:22,341 epoch 18 - iter 40/107 - loss 0.05815574 - samples/sec: 132.84 - lr: 0.050000
2022-03-28 00:02:24,711 epoch 18 - iter 50/107 - loss 0.05858417 - samples/sec: 135.05 - lr: 0.050000
2022-03-28 00:02:27,101 epoch 18 - iter 60/107 - loss 0.05934801 - samples/sec: 133.97 - lr: 0.050000
2022-03-28 00:02:29,486 epoch 18 - iter 70/107 - loss 0.06043268 - samples/sec: 134.21 - lr: 0.050000
2022-03-28 00:02:32,021 epoch 18 - iter 80/107 - loss 0.05890268 - samples/sec: 126.27 - lr: 0.050000
2022-03-28 00:02:34,162 epoch 18 - iter 90/107 - loss 0.05835444 - samples/sec: 149.57 - lr: 0.050000
2022-03-28 00:02:36,624 epoch 18 - iter 100/107 - loss 0.05840127 - samples/sec: 130.04 - lr: 0.050000
2022-03-28 00:02:37,904 ----------------------------------------------------------------------------------------------------
2022-03-28 00:02:37,904 EPOCH 18 done: loss 0.0586 - lr 0.050000
2022-03-28 00:02:45,241 Evaluating as a multi-label problem: False
2022-03-28 00:02:45,251 DEV : loss 0.19141975045204163 - f1-score (micro avg)  0.5304
2022-03-28 00:02:45,325 BAD EPOCHS (no improvement): 0
2022-03-28 00:02:45,327 saving best model
2022-03-28 00:03:09,237 ----------------------------------------------------------------------------------------------------
2022-03-28 00:03:11,556 epoch 19 - iter 10/107 - loss 0.05468272 - samples/sec: 138.09 - lr: 0.050000
2022-03-28 00:03:13,900 epoch 19 - iter 20/107 - loss 0.05460290 - samples/sec: 136.59 - lr: 0.050000
2022-03-28 00:03:16,362 epoch 19 - iter 30/107 - loss 0.05365720 - samples/sec: 130.02 - lr: 0.050000
2022-03-28 00:03:18,855 epoch 19 - iter 40/107 - loss 0.05608875 - samples/sec: 128.41 - lr: 0.050000
2022-03-28 00:03:21,252 epoch 19 - iter 50/107 - loss 0.05543656 - samples/sec: 133.54 - lr: 0.050000
2022-03-28 00:03:23,483 epoch 19 - iter 60/107 - loss 0.05558854 - samples/sec: 143.51 - lr: 0.050000
2022-03-28 00:03:25,637 epoch 19 - iter 70/107 - loss 0.05509211 - samples/sec: 148.62 - lr: 0.050000
2022-03-28 00:03:27,718 epoch 19 - iter 80/107 - loss 0.05629291 - samples/sec: 153.84 - lr: 0.050000
2022-03-28 00:03:29,808 epoch 19 - iter 90/107 - loss 0.05596302 - samples/sec: 153.23 - lr: 0.050000
2022-03-28 00:03:31,857 epoch 19 - iter 100/107 - loss 0.05665060 - samples/sec: 156.19 - lr: 0.050000
2022-03-28 00:03:33,276 ----------------------------------------------------------------------------------------------------
2022-03-28 00:03:33,277 EPOCH 19 done: loss 0.0571 - lr 0.050000
2022-03-28 00:03:40,934 Evaluating as a multi-label problem: False
2022-03-28 00:03:40,945 DEV : loss 0.24490129947662354 - f1-score (micro avg)  0.4337
2022-03-28 00:03:41,019 BAD EPOCHS (no improvement): 1
2022-03-28 00:03:41,023 ----------------------------------------------------------------------------------------------------
2022-03-28 00:03:43,379 epoch 20 - iter 10/107 - loss 0.05903652 - samples/sec: 135.88 - lr: 0.050000
2022-03-28 00:03:45,816 epoch 20 - iter 20/107 - loss 0.05976379 - samples/sec: 131.37 - lr: 0.050000
2022-03-28 00:03:48,255 epoch 20 - iter 30/107 - loss 0.05699043 - samples/sec: 131.27 - lr: 0.050000
2022-03-28 00:03:50,789 epoch 20 - iter 40/107 - loss 0.05880636 - samples/sec: 126.31 - lr: 0.050000
2022-03-28 00:03:53,114 epoch 20 - iter 50/107 - loss 0.05629884 - samples/sec: 137.73 - lr: 0.050000
2022-03-28 00:03:55,499 epoch 20 - iter 60/107 - loss 0.05627253 - samples/sec: 134.23 - lr: 0.050000
2022-03-28 00:03:57,925 epoch 20 - iter 70/107 - loss 0.05498965 - samples/sec: 131.93 - lr: 0.050000
2022-03-28 00:04:00,336 epoch 20 - iter 80/107 - loss 0.05511056 - samples/sec: 132.76 - lr: 0.050000
2022-03-28 00:04:02,523 epoch 20 - iter 90/107 - loss 0.05461059 - samples/sec: 146.39 - lr: 0.050000
2022-03-28 00:04:05,015 epoch 20 - iter 100/107 - loss 0.05436278 - samples/sec: 128.48 - lr: 0.050000
2022-03-28 00:04:06,520 ----------------------------------------------------------------------------------------------------
2022-03-28 00:04:06,520 EPOCH 20 done: loss 0.0551 - lr 0.050000
2022-03-28 00:04:13,445 Evaluating as a multi-label problem: False
2022-03-28 00:04:13,456 DEV : loss 0.2190088927745819 - f1-score (micro avg)  0.502
2022-03-28 00:04:13,529 BAD EPOCHS (no improvement): 2
2022-03-28 00:04:13,532 ----------------------------------------------------------------------------------------------------
2022-03-28 00:04:15,740 epoch 21 - iter 10/107 - loss 0.05321655 - samples/sec: 144.99 - lr: 0.050000
2022-03-28 00:04:17,863 epoch 21 - iter 20/107 - loss 0.06511549 - samples/sec: 150.75 - lr: 0.050000
2022-03-28 00:04:20,212 epoch 21 - iter 30/107 - loss 0.06132545 - samples/sec: 136.30 - lr: 0.050000
2022-03-28 00:04:22,654 epoch 21 - iter 40/107 - loss 0.05911524 - samples/sec: 131.10 - lr: 0.050000
2022-03-28 00:04:24,971 epoch 21 - iter 50/107 - loss 0.05659429 - samples/sec: 138.18 - lr: 0.050000
2022-03-28 00:04:27,349 epoch 21 - iter 60/107 - loss 0.05510042 - samples/sec: 134.58 - lr: 0.050000
2022-03-28 00:04:29,738 epoch 21 - iter 70/107 - loss 0.05455477 - samples/sec: 134.03 - lr: 0.050000
2022-03-28 00:04:32,090 epoch 21 - iter 80/107 - loss 0.05206784 - samples/sec: 136.09 - lr: 0.050000
2022-03-28 00:04:34,523 epoch 21 - iter 90/107 - loss 0.05186002 - samples/sec: 131.60 - lr: 0.050000
2022-03-28 00:04:36,955 epoch 21 - iter 100/107 - loss 0.05290075 - samples/sec: 131.62 - lr: 0.050000
2022-03-28 00:04:38,391 ----------------------------------------------------------------------------------------------------
2022-03-28 00:04:38,391 EPOCH 21 done: loss 0.0531 - lr 0.050000
2022-03-28 00:04:46,222 Evaluating as a multi-label problem: False
2022-03-28 00:04:46,233 DEV : loss 0.1868630051612854 - f1-score (micro avg)  0.5212
2022-03-28 00:04:46,305 BAD EPOCHS (no improvement): 3
2022-03-28 00:04:46,308 ----------------------------------------------------------------------------------------------------
2022-03-28 00:04:48,762 epoch 22 - iter 10/107 - loss 0.04948146 - samples/sec: 130.48 - lr: 0.050000
2022-03-28 00:04:51,099 epoch 22 - iter 20/107 - loss 0.05325534 - samples/sec: 136.98 - lr: 0.050000
2022-03-28 00:04:53,432 epoch 22 - iter 30/107 - loss 0.05077598 - samples/sec: 137.23 - lr: 0.050000
2022-03-28 00:04:55,241 epoch 22 - iter 40/107 - loss 0.05380649 - samples/sec: 176.94 - lr: 0.050000
2022-03-28 00:04:56,746 epoch 22 - iter 50/107 - loss 0.05238190 - samples/sec: 212.77 - lr: 0.050000
2022-03-28 00:04:58,585 epoch 22 - iter 60/107 - loss 0.05085429 - samples/sec: 174.13 - lr: 0.050000
2022-03-28 00:05:00,806 epoch 22 - iter 70/107 - loss 0.05129559 - samples/sec: 144.15 - lr: 0.050000
2022-03-28 00:05:02,740 epoch 22 - iter 80/107 - loss 0.05178859 - samples/sec: 165.47 - lr: 0.050000
2022-03-28 00:05:04,943 epoch 22 - iter 90/107 - loss 0.05104404 - samples/sec: 145.33 - lr: 0.050000
2022-03-28 00:05:06,949 epoch 22 - iter 100/107 - loss 0.05161301 - samples/sec: 159.58 - lr: 0.050000
2022-03-28 00:05:08,454 ----------------------------------------------------------------------------------------------------
2022-03-28 00:05:08,454 EPOCH 22 done: loss 0.0516 - lr 0.050000
2022-03-28 00:05:16,186 Evaluating as a multi-label problem: False
2022-03-28 00:05:16,197 DEV : loss 0.19209061563014984 - f1-score (micro avg)  0.5136
2022-03-28 00:05:16,270 Epoch    22: reducing learning rate of group 0 to 2.5000e-02.
2022-03-28 00:05:16,270 BAD EPOCHS (no improvement): 4
2022-03-28 00:05:16,273 ----------------------------------------------------------------------------------------------------
2022-03-28 00:05:18,577 epoch 23 - iter 10/107 - loss 0.04682282 - samples/sec: 138.99 - lr: 0.025000
2022-03-28 00:05:20,910 epoch 23 - iter 20/107 - loss 0.04663751 - samples/sec: 137.20 - lr: 0.025000
2022-03-28 00:05:23,344 epoch 23 - iter 30/107 - loss 0.04517658 - samples/sec: 131.55 - lr: 0.025000
2022-03-28 00:05:25,700 epoch 23 - iter 40/107 - loss 0.04889075 - samples/sec: 135.86 - lr: 0.025000
2022-03-28 00:05:28,150 epoch 23 - iter 50/107 - loss 0.04802490 - samples/sec: 130.70 - lr: 0.025000
2022-03-28 00:05:30,447 epoch 23 - iter 60/107 - loss 0.04884162 - samples/sec: 139.36 - lr: 0.025000
2022-03-28 00:05:32,727 epoch 23 - iter 70/107 - loss 0.04864390 - samples/sec: 140.40 - lr: 0.025000
2022-03-28 00:05:35,071 epoch 23 - iter 80/107 - loss 0.05023675 - samples/sec: 136.54 - lr: 0.025000
2022-03-28 00:05:37,430 epoch 23 - iter 90/107 - loss 0.04943339 - samples/sec: 135.71 - lr: 0.025000
2022-03-28 00:05:39,933 epoch 23 - iter 100/107 - loss 0.04842724 - samples/sec: 127.91 - lr: 0.025000
2022-03-28 00:05:41,434 ----------------------------------------------------------------------------------------------------
2022-03-28 00:05:41,434 EPOCH 23 done: loss 0.0484 - lr 0.025000
2022-03-28 00:05:49,845 Evaluating as a multi-label problem: False
2022-03-28 00:05:49,855 DEV : loss 0.21114382147789001 - f1-score (micro avg)  0.4864
2022-03-28 00:05:49,929 BAD EPOCHS (no improvement): 1
2022-03-28 00:05:49,932 ----------------------------------------------------------------------------------------------------
2022-03-28 00:05:52,005 epoch 24 - iter 10/107 - loss 0.05362774 - samples/sec: 154.45 - lr: 0.025000
2022-03-28 00:05:54,544 epoch 24 - iter 20/107 - loss 0.04871229 - samples/sec: 126.06 - lr: 0.025000
2022-03-28 00:05:56,779 epoch 24 - iter 30/107 - loss 0.05065717 - samples/sec: 143.28 - lr: 0.025000
2022-03-28 00:05:59,202 epoch 24 - iter 40/107 - loss 0.04981756 - samples/sec: 132.10 - lr: 0.025000
2022-03-28 00:06:01,551 epoch 24 - iter 50/107 - loss 0.04988268 - samples/sec: 136.27 - lr: 0.025000
2022-03-28 00:06:03,779 epoch 24 - iter 60/107 - loss 0.04774707 - samples/sec: 143.70 - lr: 0.025000
2022-03-28 00:06:06,158 epoch 24 - iter 70/107 - loss 0.04861539 - samples/sec: 134.58 - lr: 0.025000
2022-03-28 00:06:08,664 epoch 24 - iter 80/107 - loss 0.04812016 - samples/sec: 127.73 - lr: 0.025000
2022-03-28 00:06:10,980 epoch 24 - iter 90/107 - loss 0.04765365 - samples/sec: 138.22 - lr: 0.025000
2022-03-28 00:06:13,371 epoch 24 - iter 100/107 - loss 0.04743826 - samples/sec: 133.92 - lr: 0.025000
2022-03-28 00:06:14,883 ----------------------------------------------------------------------------------------------------
2022-03-28 00:06:14,884 EPOCH 24 done: loss 0.0472 - lr 0.025000
2022-03-28 00:06:22,331 Evaluating as a multi-label problem: False
2022-03-28 00:06:22,342 DEV : loss 0.19650515913963318 - f1-score (micro avg)  0.5296
2022-03-28 00:06:22,416 BAD EPOCHS (no improvement): 2
2022-03-28 00:06:22,419 ----------------------------------------------------------------------------------------------------
2022-03-28 00:06:24,494 epoch 25 - iter 10/107 - loss 0.04071601 - samples/sec: 154.29 - lr: 0.025000
2022-03-28 00:06:26,853 epoch 25 - iter 20/107 - loss 0.04189630 - samples/sec: 135.75 - lr: 0.025000
2022-03-28 00:06:29,466 epoch 25 - iter 30/107 - loss 0.04119288 - samples/sec: 122.48 - lr: 0.025000
2022-03-28 00:06:31,792 epoch 25 - iter 40/107 - loss 0.04100644 - samples/sec: 137.67 - lr: 0.025000
2022-03-28 00:06:33,835 epoch 25 - iter 50/107 - loss 0.04306619 - samples/sec: 156.69 - lr: 0.025000
2022-03-28 00:06:35,894 epoch 25 - iter 60/107 - loss 0.04353614 - samples/sec: 155.49 - lr: 0.025000
2022-03-28 00:06:37,929 epoch 25 - iter 70/107 - loss 0.04424702 - samples/sec: 157.32 - lr: 0.025000
2022-03-28 00:06:39,949 epoch 25 - iter 80/107 - loss 0.04509829 - samples/sec: 158.45 - lr: 0.025000
2022-03-28 00:06:42,064 epoch 25 - iter 90/107 - loss 0.04596839 - samples/sec: 151.35 - lr: 0.025000
2022-03-28 00:06:44,392 epoch 25 - iter 100/107 - loss 0.04569176 - samples/sec: 137.53 - lr: 0.025000
2022-03-28 00:06:45,782 ----------------------------------------------------------------------------------------------------
2022-03-28 00:06:45,782 EPOCH 25 done: loss 0.0459 - lr 0.025000
2022-03-28 00:06:53,493 Evaluating as a multi-label problem: False
2022-03-28 00:06:53,503 DEV : loss 0.2153778076171875 - f1-score (micro avg)  0.4752
2022-03-28 00:06:53,576 BAD EPOCHS (no improvement): 3
2022-03-28 00:06:53,578 ----------------------------------------------------------------------------------------------------
2022-03-28 00:06:55,992 epoch 26 - iter 10/107 - loss 0.03979195 - samples/sec: 132.63 - lr: 0.025000
2022-03-28 00:06:58,377 epoch 26 - iter 20/107 - loss 0.03865976 - samples/sec: 134.25 - lr: 0.025000
2022-03-28 00:07:00,883 epoch 26 - iter 30/107 - loss 0.04143827 - samples/sec: 134.80 - lr: 0.025000
2022-03-28 00:07:03,253 epoch 26 - iter 40/107 - loss 0.04215888 - samples/sec: 135.09 - lr: 0.025000
2022-03-28 00:07:05,324 epoch 26 - iter 50/107 - loss 0.04307491 - samples/sec: 154.60 - lr: 0.025000
2022-03-28 00:07:07,637 epoch 26 - iter 60/107 - loss 0.04335590 - samples/sec: 138.42 - lr: 0.025000
2022-03-28 00:07:09,919 epoch 26 - iter 70/107 - loss 0.04414589 - samples/sec: 140.28 - lr: 0.025000
2022-03-28 00:07:12,323 epoch 26 - iter 80/107 - loss 0.04409318 - samples/sec: 133.12 - lr: 0.025000
2022-03-28 00:07:14,638 epoch 26 - iter 90/107 - loss 0.04362861 - samples/sec: 138.34 - lr: 0.025000
2022-03-28 00:07:17,130 epoch 26 - iter 100/107 - loss 0.04355293 - samples/sec: 128.42 - lr: 0.025000
2022-03-28 00:07:18,596 ----------------------------------------------------------------------------------------------------
2022-03-28 00:07:18,596 EPOCH 26 done: loss 0.0431 - lr 0.025000
2022-03-28 00:07:25,700 Evaluating as a multi-label problem: False
2022-03-28 00:07:25,711 DEV : loss 0.21970219910144806 - f1-score (micro avg)  0.4953
2022-03-28 00:07:25,784 Epoch    26: reducing learning rate of group 0 to 1.2500e-02.
2022-03-28 00:07:25,784 BAD EPOCHS (no improvement): 4
2022-03-28 00:07:25,788 ----------------------------------------------------------------------------------------------------
2022-03-28 00:07:27,761 epoch 27 - iter 10/107 - loss 0.04710821 - samples/sec: 162.29 - lr: 0.012500
2022-03-28 00:07:29,763 epoch 27 - iter 20/107 - loss 0.04631883 - samples/sec: 159.95 - lr: 0.012500
2022-03-28 00:07:31,910 epoch 27 - iter 30/107 - loss 0.04571449 - samples/sec: 149.10 - lr: 0.012500
2022-03-28 00:07:34,147 epoch 27 - iter 40/107 - loss 0.04550545 - samples/sec: 143.11 - lr: 0.012500
2022-03-28 00:07:36,500 epoch 27 - iter 50/107 - loss 0.04349437 - samples/sec: 136.03 - lr: 0.012500
2022-03-28 00:07:38,873 epoch 27 - iter 60/107 - loss 0.04276001 - samples/sec: 134.88 - lr: 0.012500
2022-03-28 00:07:41,209 epoch 27 - iter 70/107 - loss 0.04216432 - samples/sec: 137.07 - lr: 0.012500
2022-03-28 00:07:43,756 epoch 27 - iter 80/107 - loss 0.04274245 - samples/sec: 125.66 - lr: 0.012500
2022-03-28 00:07:45,927 epoch 27 - iter 90/107 - loss 0.04219530 - samples/sec: 147.51 - lr: 0.012500
2022-03-28 00:07:48,402 epoch 27 - iter 100/107 - loss 0.04333907 - samples/sec: 129.34 - lr: 0.012500
2022-03-28 00:07:49,825 ----------------------------------------------------------------------------------------------------
2022-03-28 00:07:49,825 EPOCH 27 done: loss 0.0435 - lr 0.012500
2022-03-28 00:07:57,441 Evaluating as a multi-label problem: False
2022-03-28 00:07:57,452 DEV : loss 0.20268453657627106 - f1-score (micro avg)  0.5274
2022-03-28 00:07:57,526 BAD EPOCHS (no improvement): 1
2022-03-28 00:07:57,528 ----------------------------------------------------------------------------------------------------
2022-03-28 00:07:59,812 epoch 28 - iter 10/107 - loss 0.03807186 - samples/sec: 140.21 - lr: 0.012500
2022-03-28 00:08:02,309 epoch 28 - iter 20/107 - loss 0.03829785 - samples/sec: 128.22 - lr: 0.012500
2022-03-28 00:08:04,785 epoch 28 - iter 30/107 - loss 0.04167494 - samples/sec: 129.28 - lr: 0.012500
2022-03-28 00:08:07,250 epoch 28 - iter 40/107 - loss 0.04303638 - samples/sec: 129.88 - lr: 0.012500
2022-03-28 00:08:09,562 epoch 28 - iter 50/107 - loss 0.04271803 - samples/sec: 138.44 - lr: 0.012500
2022-03-28 00:08:11,860 epoch 28 - iter 60/107 - loss 0.04310403 - samples/sec: 139.33 - lr: 0.012500
2022-03-28 00:08:14,032 epoch 28 - iter 70/107 - loss 0.04345032 - samples/sec: 147.39 - lr: 0.012500
2022-03-28 00:08:15,959 epoch 28 - iter 80/107 - loss 0.04194604 - samples/sec: 166.08 - lr: 0.012500
2022-03-28 00:08:17,899 epoch 28 - iter 90/107 - loss 0.04110142 - samples/sec: 165.03 - lr: 0.012500
2022-03-28 00:08:19,802 epoch 28 - iter 100/107 - loss 0.04100588 - samples/sec: 168.24 - lr: 0.012500
2022-03-28 00:08:21,019 ----------------------------------------------------------------------------------------------------
2022-03-28 00:08:21,019 EPOCH 28 done: loss 0.0407 - lr 0.012500
2022-03-28 00:08:28,256 Evaluating as a multi-label problem: False
2022-03-28 00:08:28,266 DEV : loss 0.20495912432670593 - f1-score (micro avg)  0.508
2022-03-28 00:08:28,339 BAD EPOCHS (no improvement): 2
2022-03-28 00:08:28,344 ----------------------------------------------------------------------------------------------------
2022-03-28 00:08:30,705 epoch 29 - iter 10/107 - loss 0.04109893 - samples/sec: 135.64 - lr: 0.012500
2022-03-28 00:08:32,950 epoch 29 - iter 20/107 - loss 0.04050688 - samples/sec: 142.56 - lr: 0.012500
2022-03-28 00:08:35,235 epoch 29 - iter 30/107 - loss 0.04420514 - samples/sec: 140.15 - lr: 0.012500
2022-03-28 00:08:37,594 epoch 29 - iter 40/107 - loss 0.04169292 - samples/sec: 135.70 - lr: 0.012500
2022-03-28 00:08:40,112 epoch 29 - iter 50/107 - loss 0.03915072 - samples/sec: 127.16 - lr: 0.012500
2022-03-28 00:08:42,271 epoch 29 - iter 60/107 - loss 0.03913466 - samples/sec: 148.23 - lr: 0.012500
2022-03-28 00:08:44,726 epoch 29 - iter 70/107 - loss 0.03989131 - samples/sec: 130.39 - lr: 0.012500
2022-03-28 00:08:47,036 epoch 29 - iter 80/107 - loss 0.04102508 - samples/sec: 138.62 - lr: 0.012500
2022-03-28 00:08:49,341 epoch 29 - iter 90/107 - loss 0.04034779 - samples/sec: 138.87 - lr: 0.012500
2022-03-28 00:08:51,766 epoch 29 - iter 100/107 - loss 0.04080532 - samples/sec: 131.99 - lr: 0.012500
2022-03-28 00:08:53,310 ----------------------------------------------------------------------------------------------------
2022-03-28 00:08:53,310 EPOCH 29 done: loss 0.0403 - lr 0.012500
2022-03-28 00:09:01,135 Evaluating as a multi-label problem: False
2022-03-28 00:09:01,147 DEV : loss 0.21261265873908997 - f1-score (micro avg)  0.5082
2022-03-28 00:09:01,221 BAD EPOCHS (no improvement): 3
2022-03-28 00:09:01,282 ----------------------------------------------------------------------------------------------------
2022-03-28 00:09:03,428 epoch 30 - iter 10/107 - loss 0.04154050 - samples/sec: 149.27 - lr: 0.012500
2022-03-28 00:09:05,449 epoch 30 - iter 20/107 - loss 0.04327533 - samples/sec: 158.34 - lr: 0.012500
2022-03-28 00:09:07,439 epoch 30 - iter 30/107 - loss 0.04114015 - samples/sec: 160.89 - lr: 0.012500
2022-03-28 00:09:09,383 epoch 30 - iter 40/107 - loss 0.04106298 - samples/sec: 164.70 - lr: 0.012500
2022-03-28 00:09:11,508 epoch 30 - iter 50/107 - loss 0.04111915 - samples/sec: 150.69 - lr: 0.012500
2022-03-28 00:09:13,540 epoch 30 - iter 60/107 - loss 0.04054629 - samples/sec: 157.52 - lr: 0.012500
2022-03-28 00:09:15,718 epoch 30 - iter 70/107 - loss 0.04092641 - samples/sec: 146.96 - lr: 0.012500
2022-03-28 00:09:18,056 epoch 30 - iter 80/107 - loss 0.04155400 - samples/sec: 136.96 - lr: 0.012500
2022-03-28 00:09:20,488 epoch 30 - iter 90/107 - loss 0.04124201 - samples/sec: 131.60 - lr: 0.012500
2022-03-28 00:09:22,714 epoch 30 - iter 100/107 - loss 0.04119805 - samples/sec: 143.84 - lr: 0.012500
2022-03-28 00:09:24,138 ----------------------------------------------------------------------------------------------------
2022-03-28 00:09:24,138 EPOCH 30 done: loss 0.0410 - lr 0.012500
2022-03-28 00:09:31,978 Evaluating as a multi-label problem: False
2022-03-28 00:09:31,989 DEV : loss 0.205500066280365 - f1-score (micro avg)  0.5084
2022-03-28 00:09:32,062 Epoch    30: reducing learning rate of group 0 to 6.2500e-03.
2022-03-28 00:09:32,062 BAD EPOCHS (no improvement): 4
2022-03-28 00:09:32,067 ----------------------------------------------------------------------------------------------------
2022-03-28 00:09:34,308 epoch 31 - iter 10/107 - loss 0.04720881 - samples/sec: 142.86 - lr: 0.006250
2022-03-28 00:09:36,589 epoch 31 - iter 20/107 - loss 0.03933139 - samples/sec: 140.36 - lr: 0.006250
2022-03-28 00:09:39,082 epoch 31 - iter 30/107 - loss 0.03757033 - samples/sec: 128.39 - lr: 0.006250
2022-03-28 00:09:41,400 epoch 31 - iter 40/107 - loss 0.03438139 - samples/sec: 138.09 - lr: 0.006250
2022-03-28 00:09:43,817 epoch 31 - iter 50/107 - loss 0.03556714 - samples/sec: 132.46 - lr: 0.006250
2022-03-28 00:09:46,098 epoch 31 - iter 60/107 - loss 0.03801438 - samples/sec: 140.34 - lr: 0.006250
2022-03-28 00:09:48,358 epoch 31 - iter 70/107 - loss 0.03876870 - samples/sec: 141.66 - lr: 0.006250
2022-03-28 00:09:50,663 epoch 31 - iter 80/107 - loss 0.03883297 - samples/sec: 138.92 - lr: 0.006250
2022-03-28 00:09:53,132 epoch 31 - iter 90/107 - loss 0.03894618 - samples/sec: 129.61 - lr: 0.006250
2022-03-28 00:09:55,300 epoch 31 - iter 100/107 - loss 0.03902917 - samples/sec: 147.68 - lr: 0.006250
2022-03-28 00:09:56,525 ----------------------------------------------------------------------------------------------------
2022-03-28 00:09:56,526 EPOCH 31 done: loss 0.0397 - lr 0.006250
2022-03-28 00:10:03,301 Evaluating as a multi-label problem: False
2022-03-28 00:10:03,311 DEV : loss 0.2030094712972641 - f1-score (micro avg)  0.5144
2022-03-28 00:10:03,385 BAD EPOCHS (no improvement): 1
2022-03-28 00:10:03,419 ----------------------------------------------------------------------------------------------------
2022-03-28 00:10:05,611 epoch 32 - iter 10/107 - loss 0.03918786 - samples/sec: 146.07 - lr: 0.006250
2022-03-28 00:10:07,791 epoch 32 - iter 20/107 - loss 0.03706056 - samples/sec: 146.86 - lr: 0.006250
2022-03-28 00:10:10,299 epoch 32 - iter 30/107 - loss 0.03584653 - samples/sec: 139.42 - lr: 0.006250
2022-03-28 00:10:12,690 epoch 32 - iter 40/107 - loss 0.03435957 - samples/sec: 133.88 - lr: 0.006250
2022-03-28 00:10:15,081 epoch 32 - iter 50/107 - loss 0.03413462 - samples/sec: 133.90 - lr: 0.006250
2022-03-28 00:10:17,453 epoch 32 - iter 60/107 - loss 0.03472451 - samples/sec: 135.00 - lr: 0.006250
2022-03-28 00:10:19,790 epoch 32 - iter 70/107 - loss 0.03599354 - samples/sec: 136.98 - lr: 0.006250
2022-03-28 00:10:22,187 epoch 32 - iter 80/107 - loss 0.03635916 - samples/sec: 133.54 - lr: 0.006250
2022-03-28 00:10:24,432 epoch 32 - iter 90/107 - loss 0.03746270 - samples/sec: 142.58 - lr: 0.006250
2022-03-28 00:10:26,585 epoch 32 - iter 100/107 - loss 0.03797658 - samples/sec: 148.75 - lr: 0.006250
2022-03-28 00:10:28,129 ----------------------------------------------------------------------------------------------------
2022-03-28 00:10:28,130 EPOCH 32 done: loss 0.0379 - lr 0.006250
2022-03-28 00:10:35,767 Evaluating as a multi-label problem: False
2022-03-28 00:10:35,778 DEV : loss 0.21023985743522644 - f1-score (micro avg)  0.5157
2022-03-28 00:10:35,853 BAD EPOCHS (no improvement): 2
2022-03-28 00:10:35,856 ----------------------------------------------------------------------------------------------------
2022-03-28 00:10:38,128 epoch 33 - iter 10/107 - loss 0.04362041 - samples/sec: 140.92 - lr: 0.006250
2022-03-28 00:10:40,583 epoch 33 - iter 20/107 - loss 0.04399203 - samples/sec: 130.42 - lr: 0.006250
2022-03-28 00:10:42,834 epoch 33 - iter 30/107 - loss 0.04243034 - samples/sec: 142.21 - lr: 0.006250
2022-03-28 00:10:44,954 epoch 33 - iter 40/107 - loss 0.04051283 - samples/sec: 151.04 - lr: 0.006250
2022-03-28 00:10:46,899 epoch 33 - iter 50/107 - loss 0.04024855 - samples/sec: 164.60 - lr: 0.006250
2022-03-28 00:10:48,986 epoch 33 - iter 60/107 - loss 0.04005229 - samples/sec: 153.38 - lr: 0.006250
2022-03-28 00:10:51,034 epoch 33 - iter 70/107 - loss 0.03919883 - samples/sec: 156.34 - lr: 0.006250
2022-03-28 00:10:53,172 epoch 33 - iter 80/107 - loss 0.03888295 - samples/sec: 149.72 - lr: 0.006250
2022-03-28 00:10:55,176 epoch 33 - iter 90/107 - loss 0.03809094 - samples/sec: 159.77 - lr: 0.006250
2022-03-28 00:10:57,374 epoch 33 - iter 100/107 - loss 0.03927863 - samples/sec: 145.61 - lr: 0.006250
2022-03-28 00:10:58,874 ----------------------------------------------------------------------------------------------------
2022-03-28 00:10:58,874 EPOCH 33 done: loss 0.0387 - lr 0.006250
2022-03-28 00:11:06,487 Evaluating as a multi-label problem: False
2022-03-28 00:11:06,498 DEV : loss 0.21572725474834442 - f1-score (micro avg)  0.5066
2022-03-28 00:11:06,571 BAD EPOCHS (no improvement): 3
2022-03-28 00:11:06,574 ----------------------------------------------------------------------------------------------------
2022-03-28 00:11:08,927 epoch 34 - iter 10/107 - loss 0.03355178 - samples/sec: 136.08 - lr: 0.006250
2022-03-28 00:11:11,246 epoch 34 - iter 20/107 - loss 0.03346839 - samples/sec: 138.07 - lr: 0.006250
2022-03-28 00:11:13,586 epoch 34 - iter 30/107 - loss 0.03681052 - samples/sec: 136.82 - lr: 0.006250
2022-03-28 00:11:15,869 epoch 34 - iter 40/107 - loss 0.03677256 - samples/sec: 140.19 - lr: 0.006250
2022-03-28 00:11:18,186 epoch 34 - iter 50/107 - loss 0.03877953 - samples/sec: 138.17 - lr: 0.006250
2022-03-28 00:11:20,790 epoch 34 - iter 60/107 - loss 0.03729194 - samples/sec: 122.96 - lr: 0.006250
2022-03-28 00:11:23,239 epoch 34 - iter 70/107 - loss 0.03796948 - samples/sec: 130.67 - lr: 0.006250
2022-03-28 00:11:25,550 epoch 34 - iter 80/107 - loss 0.03789042 - samples/sec: 138.52 - lr: 0.006250
2022-03-28 00:11:27,893 epoch 34 - iter 90/107 - loss 0.03793025 - samples/sec: 136.65 - lr: 0.006250
2022-03-28 00:11:30,078 epoch 34 - iter 100/107 - loss 0.03904676 - samples/sec: 146.53 - lr: 0.006250
2022-03-28 00:11:31,607 ----------------------------------------------------------------------------------------------------
2022-03-28 00:11:31,608 EPOCH 34 done: loss 0.0388 - lr 0.006250
2022-03-28 00:11:38,601 Evaluating as a multi-label problem: False
2022-03-28 00:11:38,612 DEV : loss 0.2143666297197342 - f1-score (micro avg)  0.505
2022-03-28 00:11:38,685 Epoch    34: reducing learning rate of group 0 to 3.1250e-03.
2022-03-28 00:11:38,685 BAD EPOCHS (no improvement): 4
2022-03-28 00:11:38,688 ----------------------------------------------------------------------------------------------------
2022-03-28 00:11:40,814 epoch 35 - iter 10/107 - loss 0.02944465 - samples/sec: 150.64 - lr: 0.003125
2022-03-28 00:11:43,055 epoch 35 - iter 20/107 - loss 0.03912951 - samples/sec: 142.83 - lr: 0.003125
2022-03-28 00:11:45,517 epoch 35 - iter 30/107 - loss 0.04082733 - samples/sec: 130.04 - lr: 0.003125
2022-03-28 00:11:47,936 epoch 35 - iter 40/107 - loss 0.04113163 - samples/sec: 132.35 - lr: 0.003125
2022-03-28 00:11:50,274 epoch 35 - iter 50/107 - loss 0.04191005 - samples/sec: 136.93 - lr: 0.003125
2022-03-28 00:11:52,581 epoch 35 - iter 60/107 - loss 0.04156968 - samples/sec: 138.77 - lr: 0.003125
2022-03-28 00:11:54,977 epoch 35 - iter 70/107 - loss 0.04103598 - samples/sec: 133.59 - lr: 0.003125
2022-03-28 00:11:57,356 epoch 35 - iter 80/107 - loss 0.04020499 - samples/sec: 134.61 - lr: 0.003125
2022-03-28 00:11:59,620 epoch 35 - iter 90/107 - loss 0.04022522 - samples/sec: 141.36 - lr: 0.003125
2022-03-28 00:12:02,067 epoch 35 - iter 100/107 - loss 0.03941464 - samples/sec: 130.86 - lr: 0.003125
2022-03-28 00:12:03,483 ----------------------------------------------------------------------------------------------------
2022-03-28 00:12:03,483 EPOCH 35 done: loss 0.0395 - lr 0.003125
2022-03-28 00:12:10,856 Evaluating as a multi-label problem: False
2022-03-28 00:12:10,867 DEV : loss 0.2174202799797058 - f1-score (micro avg)  0.5023
2022-03-28 00:12:10,942 BAD EPOCHS (no improvement): 1
2022-03-28 00:12:10,946 ----------------------------------------------------------------------------------------------------
2022-03-28 00:12:13,197 epoch 36 - iter 10/107 - loss 0.03976430 - samples/sec: 142.20 - lr: 0.003125
2022-03-28 00:12:15,672 epoch 36 - iter 20/107 - loss 0.03458049 - samples/sec: 129.34 - lr: 0.003125
2022-03-28 00:12:18,082 epoch 36 - iter 30/107 - loss 0.03453371 - samples/sec: 132.83 - lr: 0.003125
2022-03-28 00:12:20,143 epoch 36 - iter 40/107 - loss 0.03538204 - samples/sec: 155.35 - lr: 0.003125
2022-03-28 00:12:22,299 epoch 36 - iter 50/107 - loss 0.03572411 - samples/sec: 148.49 - lr: 0.003125
2022-03-28 00:12:24,421 epoch 36 - iter 60/107 - loss 0.03507497 - samples/sec: 150.83 - lr: 0.003125
2022-03-28 00:12:26,553 epoch 36 - iter 70/107 - loss 0.03490236 - samples/sec: 150.21 - lr: 0.003125
2022-03-28 00:12:28,762 epoch 36 - iter 80/107 - loss 0.03642664 - samples/sec: 144.90 - lr: 0.003125
2022-03-28 00:12:31,017 epoch 36 - iter 90/107 - loss 0.03664514 - samples/sec: 141.94 - lr: 0.003125
2022-03-28 00:12:33,478 epoch 36 - iter 100/107 - loss 0.03706015 - samples/sec: 130.08 - lr: 0.003125
2022-03-28 00:12:35,012 ----------------------------------------------------------------------------------------------------
2022-03-28 00:12:35,012 EPOCH 36 done: loss 0.0371 - lr 0.003125
2022-03-28 00:12:42,851 Evaluating as a multi-label problem: False
2022-03-28 00:12:42,862 DEV : loss 0.21580755710601807 - f1-score (micro avg)  0.5039
2022-03-28 00:12:42,935 BAD EPOCHS (no improvement): 2
2022-03-28 00:12:42,938 ----------------------------------------------------------------------------------------------------
2022-03-28 00:12:45,342 epoch 37 - iter 10/107 - loss 0.05589686 - samples/sec: 133.16 - lr: 0.003125
2022-03-28 00:12:47,688 epoch 37 - iter 20/107 - loss 0.04927004 - samples/sec: 136.46 - lr: 0.003125
2022-03-28 00:12:50,261 epoch 37 - iter 30/107 - loss 0.04297047 - samples/sec: 124.46 - lr: 0.003125
2022-03-28 00:12:52,524 epoch 37 - iter 40/107 - loss 0.04096167 - samples/sec: 141.47 - lr: 0.003125
2022-03-28 00:12:55,075 epoch 37 - iter 50/107 - loss 0.03955436 - samples/sec: 125.47 - lr: 0.003125
2022-03-28 00:12:57,460 epoch 37 - iter 60/107 - loss 0.03889946 - samples/sec: 134.23 - lr: 0.003125
2022-03-28 00:12:59,859 epoch 37 - iter 70/107 - loss 0.03928289 - samples/sec: 133.40 - lr: 0.003125
2022-03-28 00:13:02,148 epoch 37 - iter 80/107 - loss 0.03944505 - samples/sec: 139.87 - lr: 0.003125
2022-03-28 00:13:04,422 epoch 37 - iter 90/107 - loss 0.03871073 - samples/sec: 140.80 - lr: 0.003125
2022-03-28 00:13:06,755 epoch 37 - iter 100/107 - loss 0.03864592 - samples/sec: 137.19 - lr: 0.003125
2022-03-28 00:13:08,101 ----------------------------------------------------------------------------------------------------
2022-03-28 00:13:08,101 EPOCH 37 done: loss 0.0384 - lr 0.003125
2022-03-28 00:13:14,857 Evaluating as a multi-label problem: False
2022-03-28 00:13:14,867 DEV : loss 0.2153436690568924 - f1-score (micro avg)  0.5019
2022-03-28 00:13:14,940 BAD EPOCHS (no improvement): 3
2022-03-28 00:13:14,943 ----------------------------------------------------------------------------------------------------
2022-03-28 00:13:17,241 epoch 38 - iter 10/107 - loss 0.02993223 - samples/sec: 139.31 - lr: 0.003125
2022-03-28 00:13:19,699 epoch 38 - iter 20/107 - loss 0.03117483 - samples/sec: 130.26 - lr: 0.003125
2022-03-28 00:13:22,295 epoch 38 - iter 30/107 - loss 0.03254042 - samples/sec: 123.30 - lr: 0.003125
2022-03-28 00:13:24,520 epoch 38 - iter 40/107 - loss 0.03477161 - samples/sec: 143.92 - lr: 0.003125
2022-03-28 00:13:27,141 epoch 38 - iter 50/107 - loss 0.03490131 - samples/sec: 122.17 - lr: 0.003125
2022-03-28 00:13:29,462 epoch 38 - iter 60/107 - loss 0.03619586 - samples/sec: 137.89 - lr: 0.003125
2022-03-28 00:13:31,907 epoch 38 - iter 70/107 - loss 0.03675254 - samples/sec: 130.97 - lr: 0.003125
2022-03-28 00:13:34,260 epoch 38 - iter 80/107 - loss 0.03651296 - samples/sec: 136.04 - lr: 0.003125
2022-03-28 00:13:36,715 epoch 38 - iter 90/107 - loss 0.03610855 - samples/sec: 130.40 - lr: 0.003125
2022-03-28 00:13:39,016 epoch 38 - iter 100/107 - loss 0.03657881 - samples/sec: 139.09 - lr: 0.003125
2022-03-28 00:13:40,611 ----------------------------------------------------------------------------------------------------
2022-03-28 00:13:40,612 EPOCH 38 done: loss 0.0367 - lr 0.003125
2022-03-28 00:13:49,861 Evaluating as a multi-label problem: False
2022-03-28 00:13:49,872 DEV : loss 0.21101438999176025 - f1-score (micro avg)  0.5106
2022-03-28 00:13:49,945 Epoch    38: reducing learning rate of group 0 to 1.5625e-03.
2022-03-28 00:13:49,945 BAD EPOCHS (no improvement): 4
2022-03-28 00:13:49,948 ----------------------------------------------------------------------------------------------------
2022-03-28 00:13:52,262 epoch 39 - iter 10/107 - loss 0.04268210 - samples/sec: 138.35 - lr: 0.001563
2022-03-28 00:13:54,257 epoch 39 - iter 20/107 - loss 0.03654655 - samples/sec: 160.48 - lr: 0.001563
2022-03-28 00:13:56,279 epoch 39 - iter 30/107 - loss 0.03843354 - samples/sec: 158.29 - lr: 0.001563
2022-03-28 00:13:58,337 epoch 39 - iter 40/107 - loss 0.03815408 - samples/sec: 155.57 - lr: 0.001563
2022-03-28 00:14:00,372 epoch 39 - iter 50/107 - loss 0.03809910 - samples/sec: 157.33 - lr: 0.001563
2022-03-28 00:14:02,561 epoch 39 - iter 60/107 - loss 0.03802453 - samples/sec: 146.23 - lr: 0.001563
2022-03-28 00:14:04,993 epoch 39 - iter 70/107 - loss 0.03789554 - samples/sec: 131.66 - lr: 0.001563
2022-03-28 00:14:07,200 epoch 39 - iter 80/107 - loss 0.03756619 - samples/sec: 145.06 - lr: 0.001563
2022-03-28 00:14:09,577 epoch 39 - iter 90/107 - loss 0.03806772 - samples/sec: 134.66 - lr: 0.001563
2022-03-28 00:14:11,926 epoch 39 - iter 100/107 - loss 0.03804027 - samples/sec: 136.31 - lr: 0.001563
2022-03-28 00:14:13,320 ----------------------------------------------------------------------------------------------------
2022-03-28 00:14:13,320 EPOCH 39 done: loss 0.0378 - lr 0.001563
2022-03-28 00:14:21,450 Evaluating as a multi-label problem: False
2022-03-28 00:14:21,462 DEV : loss 0.2148054987192154 - f1-score (micro avg)  0.5077
2022-03-28 00:14:21,536 BAD EPOCHS (no improvement): 1
2022-03-28 00:14:21,538 ----------------------------------------------------------------------------------------------------
2022-03-28 00:14:23,800 epoch 40 - iter 10/107 - loss 0.04059531 - samples/sec: 141.60 - lr: 0.001563
2022-03-28 00:14:26,175 epoch 40 - iter 20/107 - loss 0.04148630 - samples/sec: 134.74 - lr: 0.001563
2022-03-28 00:14:28,674 epoch 40 - iter 30/107 - loss 0.03944911 - samples/sec: 128.11 - lr: 0.001563
2022-03-28 00:14:31,083 epoch 40 - iter 40/107 - loss 0.03831425 - samples/sec: 132.93 - lr: 0.001563
2022-03-28 00:14:33,473 epoch 40 - iter 50/107 - loss 0.03869549 - samples/sec: 133.92 - lr: 0.001563
2022-03-28 00:14:35,942 epoch 40 - iter 60/107 - loss 0.03814083 - samples/sec: 129.66 - lr: 0.001563
2022-03-28 00:14:38,150 epoch 40 - iter 70/107 - loss 0.03744353 - samples/sec: 144.94 - lr: 0.001563
2022-03-28 00:14:40,257 epoch 40 - iter 80/107 - loss 0.03736331 - samples/sec: 151.99 - lr: 0.001563
2022-03-28 00:14:42,343 epoch 40 - iter 90/107 - loss 0.03897711 - samples/sec: 153.48 - lr: 0.001563
2022-03-28 00:14:44,555 epoch 40 - iter 100/107 - loss 0.03854300 - samples/sec: 144.70 - lr: 0.001563
2022-03-28 00:14:45,810 ----------------------------------------------------------------------------------------------------
2022-03-28 00:14:45,810 EPOCH 40 done: loss 0.0385 - lr 0.001563
2022-03-28 00:14:53,369 Evaluating as a multi-label problem: False
2022-03-28 00:14:53,380 DEV : loss 0.21765746176242828 - f1-score (micro avg)  0.498
2022-03-28 00:14:53,453 BAD EPOCHS (no improvement): 2
2022-03-28 00:14:53,457 ----------------------------------------------------------------------------------------------------
2022-03-28 00:14:55,821 epoch 41 - iter 10/107 - loss 0.03685020 - samples/sec: 135.43 - lr: 0.001563
2022-03-28 00:14:58,164 epoch 41 - iter 20/107 - loss 0.03438356 - samples/sec: 136.65 - lr: 0.001563
2022-03-28 00:15:00,489 epoch 41 - iter 30/107 - loss 0.03868418 - samples/sec: 137.67 - lr: 0.001563
2022-03-28 00:15:02,902 epoch 41 - iter 40/107 - loss 0.03830364 - samples/sec: 132.69 - lr: 0.001563
2022-03-28 00:15:05,174 epoch 41 - iter 50/107 - loss 0.03897427 - samples/sec: 140.95 - lr: 0.001563
2022-03-28 00:15:07,657 epoch 41 - iter 60/107 - loss 0.03918912 - samples/sec: 128.90 - lr: 0.001563
2022-03-28 00:15:09,960 epoch 41 - iter 70/107 - loss 0.03822924 - samples/sec: 139.01 - lr: 0.001563
2022-03-28 00:15:12,443 epoch 41 - iter 80/107 - loss 0.03893994 - samples/sec: 128.91 - lr: 0.001563
2022-03-28 00:15:14,725 epoch 41 - iter 90/107 - loss 0.03878060 - samples/sec: 140.31 - lr: 0.001563
2022-03-28 00:15:17,223 epoch 41 - iter 100/107 - loss 0.03843558 - samples/sec: 128.14 - lr: 0.001563
2022-03-28 00:15:18,762 ----------------------------------------------------------------------------------------------------
2022-03-28 00:15:18,762 EPOCH 41 done: loss 0.0390 - lr 0.001563
2022-03-28 00:15:26,116 Evaluating as a multi-label problem: False
2022-03-28 00:15:26,127 DEV : loss 0.21788091957569122 - f1-score (micro avg)  0.5023
2022-03-28 00:15:26,200 BAD EPOCHS (no improvement): 3
2022-03-28 00:15:26,202 ----------------------------------------------------------------------------------------------------
2022-03-28 00:15:28,242 epoch 42 - iter 10/107 - loss 0.04035849 - samples/sec: 156.99 - lr: 0.001563
2022-03-28 00:15:30,393 epoch 42 - iter 20/107 - loss 0.03609707 - samples/sec: 148.81 - lr: 0.001563
2022-03-28 00:15:32,596 epoch 42 - iter 30/107 - loss 0.03661448 - samples/sec: 145.30 - lr: 0.001563
2022-03-28 00:15:35,068 epoch 42 - iter 40/107 - loss 0.03567204 - samples/sec: 129.53 - lr: 0.001563
2022-03-28 00:15:37,472 epoch 42 - iter 50/107 - loss 0.03547941 - samples/sec: 133.16 - lr: 0.001563
2022-03-28 00:15:39,795 epoch 42 - iter 60/107 - loss 0.03634802 - samples/sec: 137.78 - lr: 0.001563
2022-03-28 00:15:42,066 epoch 42 - iter 70/107 - loss 0.03669001 - samples/sec: 141.00 - lr: 0.001563
2022-03-28 00:15:44,472 epoch 42 - iter 80/107 - loss 0.03735553 - samples/sec: 133.05 - lr: 0.001563
2022-03-28 00:15:46,769 epoch 42 - iter 90/107 - loss 0.03759921 - samples/sec: 139.36 - lr: 0.001563
2022-03-28 00:15:49,122 epoch 42 - iter 100/107 - loss 0.03764716 - samples/sec: 136.05 - lr: 0.001563
2022-03-28 00:15:50,582 ----------------------------------------------------------------------------------------------------
2022-03-28 00:15:50,582 EPOCH 42 done: loss 0.0376 - lr 0.001563
2022-03-28 00:15:58,115 Evaluating as a multi-label problem: False
2022-03-28 00:15:58,126 DEV : loss 0.21510131657123566 - f1-score (micro avg)  0.505
2022-03-28 00:15:58,201 Epoch    42: reducing learning rate of group 0 to 7.8125e-04.
2022-03-28 00:15:58,201 BAD EPOCHS (no improvement): 4
2022-03-28 00:15:58,203 ----------------------------------------------------------------------------------------------------
2022-03-28 00:16:00,570 epoch 43 - iter 10/107 - loss 0.04048585 - samples/sec: 135.28 - lr: 0.000781
2022-03-28 00:16:02,816 epoch 43 - iter 20/107 - loss 0.03936719 - samples/sec: 142.54 - lr: 0.000781
2022-03-28 00:16:05,262 epoch 43 - iter 30/107 - loss 0.03807041 - samples/sec: 130.85 - lr: 0.000781
2022-03-28 00:16:07,659 epoch 43 - iter 40/107 - loss 0.03707528 - samples/sec: 133.57 - lr: 0.000781
2022-03-28 00:16:09,949 epoch 43 - iter 50/107 - loss 0.03668146 - samples/sec: 139.77 - lr: 0.000781
2022-03-28 00:16:12,141 epoch 43 - iter 60/107 - loss 0.03471023 - samples/sec: 146.10 - lr: 0.000781
2022-03-28 00:16:14,319 epoch 43 - iter 70/107 - loss 0.03560460 - samples/sec: 146.95 - lr: 0.000781
2022-03-28 00:16:16,376 epoch 43 - iter 80/107 - loss 0.03530052 - samples/sec: 155.61 - lr: 0.000781
2022-03-28 00:16:18,642 epoch 43 - iter 90/107 - loss 0.03461198 - samples/sec: 141.29 - lr: 0.000781
2022-03-28 00:16:20,895 epoch 43 - iter 100/107 - loss 0.03564486 - samples/sec: 142.11 - lr: 0.000781
2022-03-28 00:16:22,352 ----------------------------------------------------------------------------------------------------
2022-03-28 00:16:22,352 EPOCH 43 done: loss 0.0360 - lr 0.000781
2022-03-28 00:16:29,856 Evaluating as a multi-label problem: False
2022-03-28 00:16:29,866 DEV : loss 0.216548889875412 - f1-score (micro avg)  0.5035
2022-03-28 00:16:29,939 BAD EPOCHS (no improvement): 1
2022-03-28 00:16:29,942 ----------------------------------------------------------------------------------------------------
2022-03-28 00:16:32,315 epoch 44 - iter 10/107 - loss 0.03544819 - samples/sec: 134.90 - lr: 0.000781
2022-03-28 00:16:34,695 epoch 44 - iter 20/107 - loss 0.03380675 - samples/sec: 134.54 - lr: 0.000781
2022-03-28 00:16:37,112 epoch 44 - iter 30/107 - loss 0.03390528 - samples/sec: 132.44 - lr: 0.000781
2022-03-28 00:16:39,516 epoch 44 - iter 40/107 - loss 0.03633520 - samples/sec: 133.18 - lr: 0.000781
2022-03-28 00:16:42,037 epoch 44 - iter 50/107 - loss 0.03668897 - samples/sec: 127.02 - lr: 0.000781
2022-03-28 00:16:44,285 epoch 44 - iter 60/107 - loss 0.03822997 - samples/sec: 142.38 - lr: 0.000781
2022-03-28 00:16:46,733 epoch 44 - iter 70/107 - loss 0.03794470 - samples/sec: 130.77 - lr: 0.000781
2022-03-28 00:16:49,054 epoch 44 - iter 80/107 - loss 0.03795286 - samples/sec: 137.94 - lr: 0.000781
2022-03-28 00:16:51,459 epoch 44 - iter 90/107 - loss 0.03723255 - samples/sec: 133.09 - lr: 0.000781
2022-03-28 00:16:53,895 epoch 44 - iter 100/107 - loss 0.03722800 - samples/sec: 131.39 - lr: 0.000781
2022-03-28 00:16:55,255 ----------------------------------------------------------------------------------------------------
2022-03-28 00:16:55,255 EPOCH 44 done: loss 0.0372 - lr 0.000781
2022-03-28 00:17:02,487 Evaluating as a multi-label problem: False
2022-03-28 00:17:02,498 DEV : loss 0.2168629765510559 - f1-score (micro avg)  0.5023
2022-03-28 00:17:02,572 BAD EPOCHS (no improvement): 2
2022-03-28 00:17:02,575 ----------------------------------------------------------------------------------------------------
2022-03-28 00:17:04,586 epoch 45 - iter 10/107 - loss 0.03552399 - samples/sec: 159.19 - lr: 0.000781
2022-03-28 00:17:06,737 epoch 45 - iter 20/107 - loss 0.04021391 - samples/sec: 148.82 - lr: 0.000781
2022-03-28 00:17:09,092 epoch 45 - iter 30/107 - loss 0.03661789 - samples/sec: 135.95 - lr: 0.000781
2022-03-28 00:17:11,438 epoch 45 - iter 40/107 - loss 0.03746675 - samples/sec: 136.49 - lr: 0.000781
2022-03-28 00:17:13,826 epoch 45 - iter 50/107 - loss 0.03672218 - samples/sec: 134.04 - lr: 0.000781
2022-03-28 00:17:16,192 epoch 45 - iter 60/107 - loss 0.03592676 - samples/sec: 135.29 - lr: 0.000781
2022-03-28 00:17:18,547 epoch 45 - iter 70/107 - loss 0.03570665 - samples/sec: 135.93 - lr: 0.000781
2022-03-28 00:17:20,788 epoch 45 - iter 80/107 - loss 0.03582443 - samples/sec: 142.86 - lr: 0.000781
2022-03-28 00:17:23,259 epoch 45 - iter 90/107 - loss 0.03646716 - samples/sec: 129.56 - lr: 0.000781
2022-03-28 00:17:25,592 epoch 45 - iter 100/107 - loss 0.03672961 - samples/sec: 137.21 - lr: 0.000781
2022-03-28 00:17:27,073 ----------------------------------------------------------------------------------------------------
2022-03-28 00:17:27,073 EPOCH 45 done: loss 0.0375 - lr 0.000781
2022-03-28 00:17:34,442 Evaluating as a multi-label problem: False
2022-03-28 00:17:34,453 DEV : loss 0.21719221770763397 - f1-score (micro avg)  0.5027
2022-03-28 00:17:34,526 BAD EPOCHS (no improvement): 3
2022-03-28 00:17:34,529 ----------------------------------------------------------------------------------------------------
2022-03-28 00:17:37,004 epoch 46 - iter 10/107 - loss 0.03760494 - samples/sec: 129.36 - lr: 0.000781
2022-03-28 00:17:39,408 epoch 46 - iter 20/107 - loss 0.04092906 - samples/sec: 133.14 - lr: 0.000781
2022-03-28 00:17:41,601 epoch 46 - iter 30/107 - loss 0.03887495 - samples/sec: 145.97 - lr: 0.000781
2022-03-28 00:17:43,727 epoch 46 - iter 40/107 - loss 0.03800611 - samples/sec: 150.58 - lr: 0.000781
2022-03-28 00:17:45,781 epoch 46 - iter 50/107 - loss 0.03765936 - samples/sec: 155.91 - lr: 0.000781
2022-03-28 00:17:47,920 epoch 46 - iter 60/107 - loss 0.03659189 - samples/sec: 149.65 - lr: 0.000781
2022-03-28 00:17:50,220 epoch 46 - iter 70/107 - loss 0.03737764 - samples/sec: 139.17 - lr: 0.000781
2022-03-28 00:17:52,552 epoch 46 - iter 80/107 - loss 0.03756943 - samples/sec: 137.30 - lr: 0.000781
2022-03-28 00:17:54,775 epoch 46 - iter 90/107 - loss 0.03762593 - samples/sec: 143.97 - lr: 0.000781
2022-03-28 00:17:57,104 epoch 46 - iter 100/107 - loss 0.03713227 - samples/sec: 137.49 - lr: 0.000781
2022-03-28 00:17:58,559 ----------------------------------------------------------------------------------------------------
2022-03-28 00:17:58,560 EPOCH 46 done: loss 0.0372 - lr 0.000781
2022-03-28 00:18:06,040 Evaluating as a multi-label problem: False
2022-03-28 00:18:06,051 DEV : loss 0.21788349747657776 - f1-score (micro avg)  0.5012
2022-03-28 00:18:06,124 Epoch    46: reducing learning rate of group 0 to 3.9063e-04.
2022-03-28 00:18:06,124 BAD EPOCHS (no improvement): 4
2022-03-28 00:18:06,127 ----------------------------------------------------------------------------------------------------
2022-03-28 00:18:08,481 epoch 47 - iter 10/107 - loss 0.04795313 - samples/sec: 136.01 - lr: 0.000391
2022-03-28 00:18:11,013 epoch 47 - iter 20/107 - loss 0.04420732 - samples/sec: 126.39 - lr: 0.000391
2022-03-28 00:18:13,205 epoch 47 - iter 30/107 - loss 0.04041733 - samples/sec: 146.08 - lr: 0.000391
2022-03-28 00:18:15,575 epoch 47 - iter 40/107 - loss 0.03901899 - samples/sec: 135.08 - lr: 0.000391
2022-03-28 00:18:17,991 epoch 47 - iter 50/107 - loss 0.03701834 - samples/sec: 132.54 - lr: 0.000391
2022-03-28 00:18:20,391 epoch 47 - iter 60/107 - loss 0.03841895 - samples/sec: 133.35 - lr: 0.000391
2022-03-28 00:18:22,764 epoch 47 - iter 70/107 - loss 0.03963324 - samples/sec: 134.94 - lr: 0.000391
2022-03-28 00:18:25,061 epoch 47 - iter 80/107 - loss 0.03867839 - samples/sec: 139.31 - lr: 0.000391
2022-03-28 00:18:27,554 epoch 47 - iter 90/107 - loss 0.03892814 - samples/sec: 128.43 - lr: 0.000391
2022-03-28 00:18:29,685 epoch 47 - iter 100/107 - loss 0.03853583 - samples/sec: 150.21 - lr: 0.000391
2022-03-28 00:18:31,087 ----------------------------------------------------------------------------------------------------
2022-03-28 00:18:31,087 EPOCH 47 done: loss 0.0386 - lr 0.000391
2022-03-28 00:18:37,800 Evaluating as a multi-label problem: False
2022-03-28 00:18:37,811 DEV : loss 0.21681378781795502 - f1-score (micro avg)  0.5043
2022-03-28 00:18:37,884 BAD EPOCHS (no improvement): 1
2022-03-28 00:18:37,886 ----------------------------------------------------------------------------------------------------
2022-03-28 00:18:40,350 epoch 48 - iter 10/107 - loss 0.03289147 - samples/sec: 129.95 - lr: 0.000391
2022-03-28 00:18:42,678 epoch 48 - iter 20/107 - loss 0.03232727 - samples/sec: 137.52 - lr: 0.000391
2022-03-28 00:18:45,043 epoch 48 - iter 30/107 - loss 0.03741570 - samples/sec: 135.34 - lr: 0.000391
2022-03-28 00:18:47,598 epoch 48 - iter 40/107 - loss 0.03667901 - samples/sec: 125.29 - lr: 0.000391
2022-03-28 00:18:49,900 epoch 48 - iter 50/107 - loss 0.03602142 - samples/sec: 139.08 - lr: 0.000391
2022-03-28 00:18:52,442 epoch 48 - iter 60/107 - loss 0.03661120 - samples/sec: 125.93 - lr: 0.000391
2022-03-28 00:18:54,723 epoch 48 - iter 70/107 - loss 0.03685572 - samples/sec: 140.32 - lr: 0.000391
2022-03-28 00:18:57,144 epoch 48 - iter 80/107 - loss 0.03535270 - samples/sec: 132.23 - lr: 0.000391
2022-03-28 00:18:59,411 epoch 48 - iter 90/107 - loss 0.03563433 - samples/sec: 141.24 - lr: 0.000391
2022-03-28 00:19:01,810 epoch 48 - iter 100/107 - loss 0.03653410 - samples/sec: 133.47 - lr: 0.000391
2022-03-28 00:19:03,363 ----------------------------------------------------------------------------------------------------
2022-03-28 00:19:03,363 EPOCH 48 done: loss 0.0366 - lr 0.000391
2022-03-28 00:19:10,936 Evaluating as a multi-label problem: False
2022-03-28 00:19:10,947 DEV : loss 0.21721504628658295 - f1-score (micro avg)  0.5058
2022-03-28 00:19:11,020 BAD EPOCHS (no improvement): 2
2022-03-28 00:19:11,022 ----------------------------------------------------------------------------------------------------
2022-03-28 00:19:13,298 epoch 49 - iter 10/107 - loss 0.04079352 - samples/sec: 140.69 - lr: 0.000391
2022-03-28 00:19:15,414 epoch 49 - iter 20/107 - loss 0.03622824 - samples/sec: 151.29 - lr: 0.000391
2022-03-28 00:19:17,536 epoch 49 - iter 30/107 - loss 0.03798318 - samples/sec: 150.85 - lr: 0.000391
2022-03-28 00:19:19,660 epoch 49 - iter 40/107 - loss 0.03584727 - samples/sec: 150.75 - lr: 0.000391
2022-03-28 00:19:21,884 epoch 49 - iter 50/107 - loss 0.03637543 - samples/sec: 143.97 - lr: 0.000391
2022-03-28 00:19:23,480 epoch 49 - iter 60/107 - loss 0.03625337 - samples/sec: 200.60 - lr: 0.000391
2022-03-28 00:19:24,992 epoch 49 - iter 70/107 - loss 0.03518656 - samples/sec: 211.78 - lr: 0.000391
2022-03-28 00:19:26,608 epoch 49 - iter 80/107 - loss 0.03609349 - samples/sec: 198.15 - lr: 0.000391
2022-03-28 00:19:28,153 epoch 49 - iter 90/107 - loss 0.03600953 - samples/sec: 207.20 - lr: 0.000391
2022-03-28 00:19:29,704 epoch 49 - iter 100/107 - loss 0.03556078 - samples/sec: 206.48 - lr: 0.000391
2022-03-28 00:19:30,718 ----------------------------------------------------------------------------------------------------
2022-03-28 00:19:30,718 EPOCH 49 done: loss 0.0354 - lr 0.000391
2022-03-28 00:19:36,286 Evaluating as a multi-label problem: False
2022-03-28 00:19:36,297 DEV : loss 0.21795624494552612 - f1-score (micro avg)  0.5039
2022-03-28 00:19:36,372 BAD EPOCHS (no improvement): 3
2022-03-28 00:19:36,374 ----------------------------------------------------------------------------------------------------
2022-03-28 00:19:38,026 epoch 50 - iter 10/107 - loss 0.03680702 - samples/sec: 193.91 - lr: 0.000391
2022-03-28 00:19:39,633 epoch 50 - iter 20/107 - loss 0.03637494 - samples/sec: 199.27 - lr: 0.000391
2022-03-28 00:19:41,151 epoch 50 - iter 30/107 - loss 0.03669122 - samples/sec: 210.91 - lr: 0.000391
2022-03-28 00:19:42,635 epoch 50 - iter 40/107 - loss 0.03684386 - samples/sec: 215.73 - lr: 0.000391
2022-03-28 00:19:44,108 epoch 50 - iter 50/107 - loss 0.03723477 - samples/sec: 217.39 - lr: 0.000391
2022-03-28 00:19:45,602 epoch 50 - iter 60/107 - loss 0.03812402 - samples/sec: 214.32 - lr: 0.000391
2022-03-28 00:19:47,171 epoch 50 - iter 70/107 - loss 0.03813191 - samples/sec: 204.05 - lr: 0.000391
2022-03-28 00:19:48,627 epoch 50 - iter 80/107 - loss 0.03717239 - samples/sec: 220.04 - lr: 0.000391
2022-03-28 00:19:50,196 epoch 50 - iter 90/107 - loss 0.03711036 - samples/sec: 204.01 - lr: 0.000391
2022-03-28 00:19:51,798 epoch 50 - iter 100/107 - loss 0.03732770 - samples/sec: 199.87 - lr: 0.000391
2022-03-28 00:19:52,791 ----------------------------------------------------------------------------------------------------
2022-03-28 00:19:52,792 EPOCH 50 done: loss 0.0375 - lr 0.000391
2022-03-28 00:20:01,064 Evaluating as a multi-label problem: False
2022-03-28 00:20:01,075 DEV : loss 0.216827854514122 - f1-score (micro avg)  0.507
2022-03-28 00:20:01,150 Epoch    50: reducing learning rate of group 0 to 1.9531e-04.
2022-03-28 00:20:01,150 BAD EPOCHS (no improvement): 4
2022-03-28 00:20:01,190 ----------------------------------------------------------------------------------------------------
2022-03-28 00:20:02,982 epoch 51 - iter 10/107 - loss 0.04316221 - samples/sec: 178.67 - lr: 0.000195
2022-03-28 00:20:04,581 epoch 51 - iter 20/107 - loss 0.04047780 - samples/sec: 200.24 - lr: 0.000195
2022-03-28 00:20:06,191 epoch 51 - iter 30/107 - loss 0.03824025 - samples/sec: 198.87 - lr: 0.000195
2022-03-28 00:20:07,835 epoch 51 - iter 40/107 - loss 0.04141358 - samples/sec: 194.75 - lr: 0.000195
2022-03-28 00:20:09,465 epoch 51 - iter 50/107 - loss 0.03907770 - samples/sec: 196.43 - lr: 0.000195
2022-03-28 00:20:11,067 epoch 51 - iter 60/107 - loss 0.03826505 - samples/sec: 199.94 - lr: 0.000195
2022-03-28 00:20:12,687 epoch 51 - iter 70/107 - loss 0.03752617 - samples/sec: 197.65 - lr: 0.000195
2022-03-28 00:20:14,212 epoch 51 - iter 80/107 - loss 0.03767002 - samples/sec: 209.88 - lr: 0.000195
2022-03-28 00:20:15,818 epoch 51 - iter 90/107 - loss 0.03720830 - samples/sec: 199.40 - lr: 0.000195
2022-03-28 00:20:17,358 epoch 51 - iter 100/107 - loss 0.03710996 - samples/sec: 207.93 - lr: 0.000195
2022-03-28 00:20:18,352 ----------------------------------------------------------------------------------------------------
2022-03-28 00:20:18,352 EPOCH 51 done: loss 0.0375 - lr 0.000195
2022-03-28 00:20:23,929 Evaluating as a multi-label problem: False
2022-03-28 00:20:23,939 DEV : loss 0.21712440252304077 - f1-score (micro avg)  0.505
2022-03-28 00:20:24,013 BAD EPOCHS (no improvement): 1
2022-03-28 00:20:24,016 ----------------------------------------------------------------------------------------------------
2022-03-28 00:20:25,730 epoch 52 - iter 10/107 - loss 0.03476483 - samples/sec: 186.86 - lr: 0.000195
2022-03-28 00:20:27,390 epoch 52 - iter 20/107 - loss 0.03598418 - samples/sec: 192.89 - lr: 0.000195
2022-03-28 00:20:29,983 epoch 52 - iter 30/107 - loss 0.03441594 - samples/sec: 123.46 - lr: 0.000195
2022-03-28 00:20:33,614 epoch 52 - iter 40/107 - loss 0.03629528 - samples/sec: 88.14 - lr: 0.000195
2022-03-28 00:20:36,703 epoch 52 - iter 50/107 - loss 0.03609901 - samples/sec: 103.65 - lr: 0.000195
2022-03-28 00:20:39,676 epoch 52 - iter 60/107 - loss 0.03550278 - samples/sec: 107.64 - lr: 0.000195
2022-03-28 00:20:42,733 epoch 52 - iter 70/107 - loss 0.03596017 - samples/sec: 104.73 - lr: 0.000195
2022-03-28 00:20:45,274 epoch 52 - iter 80/107 - loss 0.03632691 - samples/sec: 125.98 - lr: 0.000195
2022-03-28 00:20:48,240 epoch 52 - iter 90/107 - loss 0.03585498 - samples/sec: 107.91 - lr: 0.000195
2022-03-28 00:20:51,394 epoch 52 - iter 100/107 - loss 0.03564253 - samples/sec: 101.49 - lr: 0.000195
2022-03-28 00:20:53,121 ----------------------------------------------------------------------------------------------------
2022-03-28 00:20:53,121 EPOCH 52 done: loss 0.0356 - lr 0.000195
2022-03-28 00:21:00,810 Evaluating as a multi-label problem: False
2022-03-28 00:21:00,823 DEV : loss 0.21691687405109406 - f1-score (micro avg)  0.5035
2022-03-28 00:21:00,897 BAD EPOCHS (no improvement): 2
2022-03-28 00:21:00,900 ----------------------------------------------------------------------------------------------------
2022-03-28 00:21:03,089 epoch 53 - iter 10/107 - loss 0.03613951 - samples/sec: 146.27 - lr: 0.000195
2022-03-28 00:21:05,698 epoch 53 - iter 20/107 - loss 0.03868404 - samples/sec: 122.69 - lr: 0.000195
2022-03-28 00:21:08,024 epoch 53 - iter 30/107 - loss 0.03947715 - samples/sec: 137.65 - lr: 0.000195
2022-03-28 00:21:10,402 epoch 53 - iter 40/107 - loss 0.04075999 - samples/sec: 134.62 - lr: 0.000195
2022-03-28 00:21:12,880 epoch 53 - iter 50/107 - loss 0.03858498 - samples/sec: 129.15 - lr: 0.000195
2022-03-28 00:21:15,176 epoch 53 - iter 60/107 - loss 0.03871811 - samples/sec: 139.43 - lr: 0.000195
2022-03-28 00:21:17,438 epoch 53 - iter 70/107 - loss 0.03828682 - samples/sec: 141.55 - lr: 0.000195
2022-03-28 00:21:19,745 epoch 53 - iter 80/107 - loss 0.03826564 - samples/sec: 138.74 - lr: 0.000195
2022-03-28 00:21:22,348 epoch 53 - iter 90/107 - loss 0.03814223 - samples/sec: 122.99 - lr: 0.000195
2022-03-28 00:21:24,863 epoch 53 - iter 100/107 - loss 0.03825715 - samples/sec: 127.33 - lr: 0.000195
2022-03-28 00:21:26,367 ----------------------------------------------------------------------------------------------------
2022-03-28 00:21:26,367 EPOCH 53 done: loss 0.0379 - lr 0.000195
2022-03-28 00:21:33,460 Evaluating as a multi-label problem: False
2022-03-28 00:21:33,472 DEV : loss 0.21721094846725464 - f1-score (micro avg)  0.5058
2022-03-28 00:21:33,546 BAD EPOCHS (no improvement): 3
2022-03-28 00:21:33,549 ----------------------------------------------------------------------------------------------------
2022-03-28 00:21:35,764 epoch 54 - iter 10/107 - loss 0.03775184 - samples/sec: 144.58 - lr: 0.000195
2022-03-28 00:21:37,912 epoch 54 - iter 20/107 - loss 0.03820875 - samples/sec: 149.04 - lr: 0.000195
2022-03-28 00:21:39,519 epoch 54 - iter 30/107 - loss 0.03739492 - samples/sec: 199.26 - lr: 0.000195
2022-03-28 00:21:41,079 epoch 54 - iter 40/107 - loss 0.03742978 - samples/sec: 205.20 - lr: 0.000195
2022-03-28 00:21:42,650 epoch 54 - iter 50/107 - loss 0.03647747 - samples/sec: 203.87 - lr: 0.000195
2022-03-28 00:21:44,233 epoch 54 - iter 60/107 - loss 0.03690842 - samples/sec: 202.18 - lr: 0.000195
2022-03-28 00:21:47,423 epoch 54 - iter 70/107 - loss 0.03710638 - samples/sec: 100.35 - lr: 0.000195
2022-03-28 00:21:49,007 epoch 54 - iter 80/107 - loss 0.03658691 - samples/sec: 202.14 - lr: 0.000195
2022-03-28 00:21:50,569 epoch 54 - iter 90/107 - loss 0.03669979 - samples/sec: 204.93 - lr: 0.000195
2022-03-28 00:21:52,109 epoch 54 - iter 100/107 - loss 0.03700254 - samples/sec: 207.93 - lr: 0.000195
2022-03-28 00:21:53,113 ----------------------------------------------------------------------------------------------------
2022-03-28 00:21:53,113 EPOCH 54 done: loss 0.0366 - lr 0.000195
2022-03-28 00:21:58,727 Evaluating as a multi-label problem: False
2022-03-28 00:21:58,738 DEV : loss 0.21725189685821533 - f1-score (micro avg)  0.5062
2022-03-28 00:21:58,811 Epoch    54: reducing learning rate of group 0 to 9.7656e-05.
2022-03-28 00:21:58,811 BAD EPOCHS (no improvement): 4
2022-03-28 00:21:58,814 ----------------------------------------------------------------------------------------------------
2022-03-28 00:21:58,814 ----------------------------------------------------------------------------------------------------
2022-03-28 00:21:58,814 learning rate too small - quitting training!
2022-03-28 00:21:58,814 ----------------------------------------------------------------------------------------------------
2022-03-28 00:22:22,785 ----------------------------------------------------------------------------------------------------
2022-03-28 00:22:22,786 loading file resources/taggers/model_04_r5_run_3/best-model.pt
2022-03-28 00:22:35,556 SequenceTagger predicts: Dictionary with 27 tags: O, S-person, B-person, E-person, I-person, S-location, B-location, E-location, I-location, S-group, B-group, E-group, I-group, S-corporation, B-corporation, E-corporation, I-corporation, S-product, B-product, E-product, I-product, S-creative-work, B-creative-work, E-creative-work, I-creative-work, <START>, <STOP>
2022-03-28 00:22:57,096 Evaluating as a multi-label problem: False
2022-03-28 00:22:57,108 0.6092	0.3179	0.4178	0.2846
2022-03-28 00:22:57,109 
Results:
- F-score (micro) 0.4178
- F-score (macro) 0.2951
- Accuracy 0.2846

By class:
               precision    recall  f1-score   support

       person     0.7251    0.4918    0.5861       429
     location     0.6261    0.4800    0.5434       150
        group     0.4430    0.2121    0.2869       165
creative-work     0.5000    0.1127    0.1839       142
      product     0.1579    0.0236    0.0411       127
  corporation     0.2222    0.0909    0.1290        66

    micro avg     0.6092    0.3179    0.4178      1079
    macro avg     0.4457    0.2352    0.2951      1079
 weighted avg     0.5411    0.3179    0.3894      1079

2022-03-28 00:22:57,109 ----------------------------------------------------------------------------------------------------
