2022-05-20 20:01:58,824 ----------------------------------------------------------------------------------------------------
2022-05-20 20:01:58,824 Model: "SequenceTagger(
  (embeddings): StackedEmbeddings(
    (list_embedding_0): GazetteerEmbeddings()
    (list_embedding_1): FlairEmbeddings(
      (lm): LanguageModel(
        (drop): Dropout(p=0.05, inplace=False)
        (encoder): Embedding(300, 100)
        (rnn): LSTM(100, 2048)
        (decoder): Linear(in_features=2048, out_features=300, bias=True)
      )
    )
    (list_embedding_2): FlairEmbeddings(
      (lm): LanguageModel(
        (drop): Dropout(p=0.05, inplace=False)
        (encoder): Embedding(300, 100)
        (rnn): LSTM(100, 2048)
        (decoder): Linear(in_features=2048, out_features=300, bias=True)
      )
    )
  )
  (word_dropout): WordDropout(p=0.05)
  (locked_dropout): LockedDropout(p=0.5)
  (embedding2nn): Linear(in_features=4127, out_features=4127, bias=True)
  (rnn): LSTM(4127, 256, batch_first=True, bidirectional=True)
  (linear): Linear(in_features=512, out_features=27, bias=True)
  (loss_function): ViterbiLoss()
  (crf): CRF()
)"
2022-05-20 20:01:58,824 ----------------------------------------------------------------------------------------------------
2022-05-20 20:01:58,824 Corpus: "Corpus: 3394 train + 1009 dev + 1287 test sentences"
2022-05-20 20:01:58,824 ----------------------------------------------------------------------------------------------------
2022-05-20 20:01:58,824 Parameters:
2022-05-20 20:01:58,824  - learning_rate: "0.100000"
2022-05-20 20:01:58,824  - mini_batch_size: "32"
2022-05-20 20:01:58,824  - patience: "3"
2022-05-20 20:01:58,824  - anneal_factor: "0.5"
2022-05-20 20:01:58,824  - max_epochs: "150"
2022-05-20 20:01:58,824  - shuffle: "True"
2022-05-20 20:01:58,824  - train_with_dev: "False"
2022-05-20 20:01:58,824  - batch_growth_annealing: "False"
2022-05-20 20:01:58,825 ----------------------------------------------------------------------------------------------------
2022-05-20 20:01:58,825 Model training base path: "resources/taggers/model_03_r12_run_2"
2022-05-20 20:01:58,825 ----------------------------------------------------------------------------------------------------
2022-05-20 20:01:58,825 Device: cuda:0
2022-05-20 20:01:58,825 ----------------------------------------------------------------------------------------------------
2022-05-20 20:01:58,825 Embeddings storage mode: cpu
2022-05-20 20:01:58,825 ----------------------------------------------------------------------------------------------------
2022-05-20 20:02:01,416 epoch 1 - iter 10/107 - loss 1.42550707 - samples/sec: 123.55 - lr: 0.100000
2022-05-20 20:02:04,370 epoch 1 - iter 20/107 - loss 0.86799734 - samples/sec: 108.34 - lr: 0.100000
2022-05-20 20:02:07,283 epoch 1 - iter 30/107 - loss 0.68026854 - samples/sec: 109.89 - lr: 0.100000
2022-05-20 20:02:09,726 epoch 1 - iter 40/107 - loss 0.58214822 - samples/sec: 131.05 - lr: 0.100000
2022-05-20 20:02:12,198 epoch 1 - iter 50/107 - loss 0.51359150 - samples/sec: 129.54 - lr: 0.100000
2022-05-20 20:02:15,087 epoch 1 - iter 60/107 - loss 0.48151117 - samples/sec: 110.80 - lr: 0.100000
2022-05-20 20:02:17,546 epoch 1 - iter 70/107 - loss 0.45731762 - samples/sec: 130.16 - lr: 0.100000
2022-05-20 20:02:19,998 epoch 1 - iter 80/107 - loss 0.44249140 - samples/sec: 130.56 - lr: 0.100000
2022-05-20 20:02:22,235 epoch 1 - iter 90/107 - loss 0.43131371 - samples/sec: 143.14 - lr: 0.100000
2022-05-20 20:02:24,616 epoch 1 - iter 100/107 - loss 0.42182427 - samples/sec: 134.44 - lr: 0.100000
2022-05-20 20:02:26,008 ----------------------------------------------------------------------------------------------------
2022-05-20 20:02:26,009 EPOCH 1 done: loss 0.4129 - lr 0.100000
2022-05-20 20:02:32,048 Evaluating as a multi-label problem: False
2022-05-20 20:02:32,058 DEV : loss 0.4677487015724182 - f1-score (micro avg)  0.0259
2022-05-20 20:02:32,128 BAD EPOCHS (no improvement): 0
2022-05-20 20:02:32,130 saving best model
2022-05-20 20:02:42,635 ----------------------------------------------------------------------------------------------------
2022-05-20 20:02:45,489 epoch 2 - iter 10/107 - loss 0.20020706 - samples/sec: 112.19 - lr: 0.100000
2022-05-20 20:02:48,841 epoch 2 - iter 20/107 - loss 0.21876666 - samples/sec: 95.52 - lr: 0.100000
2022-05-20 20:02:52,113 epoch 2 - iter 30/107 - loss 0.23750364 - samples/sec: 97.86 - lr: 0.100000
2022-05-20 20:02:54,561 epoch 2 - iter 40/107 - loss 0.23568408 - samples/sec: 130.84 - lr: 0.100000
2022-05-20 20:02:56,841 epoch 2 - iter 50/107 - loss 0.23536822 - samples/sec: 140.48 - lr: 0.100000
2022-05-20 20:02:59,192 epoch 2 - iter 60/107 - loss 0.22696536 - samples/sec: 136.24 - lr: 0.100000
2022-05-20 20:03:02,016 epoch 2 - iter 70/107 - loss 0.22542743 - samples/sec: 113.37 - lr: 0.100000
2022-05-20 20:03:05,023 epoch 2 - iter 80/107 - loss 0.22397973 - samples/sec: 106.47 - lr: 0.100000
2022-05-20 20:03:08,041 epoch 2 - iter 90/107 - loss 0.22082498 - samples/sec: 106.10 - lr: 0.100000
2022-05-20 20:03:11,246 epoch 2 - iter 100/107 - loss 0.21316946 - samples/sec: 99.87 - lr: 0.100000
2022-05-20 20:03:13,202 ----------------------------------------------------------------------------------------------------
2022-05-20 20:03:13,203 EPOCH 2 done: loss 0.2130 - lr 0.100000
2022-05-20 20:03:22,781 Evaluating as a multi-label problem: False
2022-05-20 20:03:22,792 DEV : loss 0.302444189786911 - f1-score (micro avg)  0.4412
2022-05-20 20:03:22,872 BAD EPOCHS (no improvement): 0
2022-05-20 20:03:22,898 saving best model
2022-05-20 20:03:33,958 ----------------------------------------------------------------------------------------------------
2022-05-20 20:03:36,790 epoch 3 - iter 10/107 - loss 0.16543459 - samples/sec: 113.10 - lr: 0.100000
2022-05-20 20:03:39,497 epoch 3 - iter 20/107 - loss 0.16283216 - samples/sec: 118.28 - lr: 0.100000
2022-05-20 20:03:42,074 epoch 3 - iter 30/107 - loss 0.17938751 - samples/sec: 124.22 - lr: 0.100000
2022-05-20 20:03:44,526 epoch 3 - iter 40/107 - loss 0.17658462 - samples/sec: 130.57 - lr: 0.100000
2022-05-20 20:03:46,999 epoch 3 - iter 50/107 - loss 0.17960360 - samples/sec: 129.46 - lr: 0.100000
2022-05-20 20:03:49,639 epoch 3 - iter 60/107 - loss 0.17559360 - samples/sec: 121.26 - lr: 0.100000
2022-05-20 20:03:51,677 epoch 3 - iter 70/107 - loss 0.18361521 - samples/sec: 157.19 - lr: 0.100000
2022-05-20 20:03:54,295 epoch 3 - iter 80/107 - loss 0.18257848 - samples/sec: 122.32 - lr: 0.100000
2022-05-20 20:03:56,419 epoch 3 - iter 90/107 - loss 0.17966388 - samples/sec: 150.73 - lr: 0.100000
2022-05-20 20:03:58,549 epoch 3 - iter 100/107 - loss 0.17838859 - samples/sec: 150.35 - lr: 0.100000
2022-05-20 20:03:59,882 ----------------------------------------------------------------------------------------------------
2022-05-20 20:03:59,882 EPOCH 3 done: loss 0.1770 - lr 0.100000
2022-05-20 20:04:07,335 Evaluating as a multi-label problem: False
2022-05-20 20:04:07,346 DEV : loss 0.34235879778862 - f1-score (micro avg)  0.2094
2022-05-20 20:04:07,416 BAD EPOCHS (no improvement): 1
2022-05-20 20:04:07,418 ----------------------------------------------------------------------------------------------------
2022-05-20 20:04:10,038 epoch 4 - iter 10/107 - loss 0.18303079 - samples/sec: 122.21 - lr: 0.100000
2022-05-20 20:04:12,521 epoch 4 - iter 20/107 - loss 0.17610944 - samples/sec: 128.94 - lr: 0.100000
2022-05-20 20:04:14,896 epoch 4 - iter 30/107 - loss 0.16434172 - samples/sec: 134.76 - lr: 0.100000
2022-05-20 20:04:17,394 epoch 4 - iter 40/107 - loss 0.16136961 - samples/sec: 128.16 - lr: 0.100000
2022-05-20 20:04:20,082 epoch 4 - iter 50/107 - loss 0.16005423 - samples/sec: 119.09 - lr: 0.100000
2022-05-20 20:04:22,457 epoch 4 - iter 60/107 - loss 0.15607504 - samples/sec: 134.79 - lr: 0.100000
2022-05-20 20:04:24,849 epoch 4 - iter 70/107 - loss 0.15635585 - samples/sec: 133.85 - lr: 0.100000
2022-05-20 20:04:27,344 epoch 4 - iter 80/107 - loss 0.15489770 - samples/sec: 128.31 - lr: 0.100000
2022-05-20 20:04:29,465 epoch 4 - iter 90/107 - loss 0.15484977 - samples/sec: 150.94 - lr: 0.100000
2022-05-20 20:04:31,754 epoch 4 - iter 100/107 - loss 0.15636898 - samples/sec: 139.89 - lr: 0.100000
2022-05-20 20:04:33,094 ----------------------------------------------------------------------------------------------------
2022-05-20 20:04:33,094 EPOCH 4 done: loss 0.1548 - lr 0.100000
2022-05-20 20:04:40,736 Evaluating as a multi-label problem: False
2022-05-20 20:04:40,746 DEV : loss 0.2709520161151886 - f1-score (micro avg)  0.4541
2022-05-20 20:04:40,817 BAD EPOCHS (no improvement): 0
2022-05-20 20:04:40,819 saving best model
2022-05-20 20:04:51,155 ----------------------------------------------------------------------------------------------------
2022-05-20 20:04:53,686 epoch 5 - iter 10/107 - loss 0.14336688 - samples/sec: 126.47 - lr: 0.100000
2022-05-20 20:04:55,782 epoch 5 - iter 20/107 - loss 0.14194628 - samples/sec: 152.76 - lr: 0.100000
2022-05-20 20:04:58,071 epoch 5 - iter 30/107 - loss 0.13762966 - samples/sec: 139.85 - lr: 0.100000
2022-05-20 20:05:00,368 epoch 5 - iter 40/107 - loss 0.13867001 - samples/sec: 139.36 - lr: 0.100000
2022-05-20 20:05:02,645 epoch 5 - iter 50/107 - loss 0.13831245 - samples/sec: 140.62 - lr: 0.100000
2022-05-20 20:05:05,071 epoch 5 - iter 60/107 - loss 0.13671918 - samples/sec: 131.98 - lr: 0.100000
2022-05-20 20:05:07,540 epoch 5 - iter 70/107 - loss 0.13875113 - samples/sec: 129.61 - lr: 0.100000
2022-05-20 20:05:09,920 epoch 5 - iter 80/107 - loss 0.13769621 - samples/sec: 134.51 - lr: 0.100000
2022-05-20 20:05:12,431 epoch 5 - iter 90/107 - loss 0.13677591 - samples/sec: 127.48 - lr: 0.100000
2022-05-20 20:05:14,912 epoch 5 - iter 100/107 - loss 0.13860363 - samples/sec: 129.09 - lr: 0.100000
2022-05-20 20:05:16,393 ----------------------------------------------------------------------------------------------------
2022-05-20 20:05:16,393 EPOCH 5 done: loss 0.1383 - lr 0.100000
2022-05-20 20:05:24,244 Evaluating as a multi-label problem: False
2022-05-20 20:05:24,255 DEV : loss 0.2760709524154663 - f1-score (micro avg)  0.4261
2022-05-20 20:05:24,325 BAD EPOCHS (no improvement): 1
2022-05-20 20:05:24,329 ----------------------------------------------------------------------------------------------------
2022-05-20 20:05:26,764 epoch 6 - iter 10/107 - loss 0.15946690 - samples/sec: 131.46 - lr: 0.100000
2022-05-20 20:05:28,810 epoch 6 - iter 20/107 - loss 0.14069675 - samples/sec: 156.51 - lr: 0.100000
2022-05-20 20:05:31,061 epoch 6 - iter 30/107 - loss 0.14269493 - samples/sec: 142.19 - lr: 0.100000
2022-05-20 20:05:33,237 epoch 6 - iter 40/107 - loss 0.13520352 - samples/sec: 147.13 - lr: 0.100000
2022-05-20 20:05:35,453 epoch 6 - iter 50/107 - loss 0.13032402 - samples/sec: 144.51 - lr: 0.100000
2022-05-20 20:05:37,892 epoch 6 - iter 60/107 - loss 0.13080629 - samples/sec: 131.24 - lr: 0.100000
2022-05-20 20:05:40,345 epoch 6 - iter 70/107 - loss 0.13011576 - samples/sec: 130.51 - lr: 0.100000
2022-05-20 20:05:43,216 epoch 6 - iter 80/107 - loss 0.12968534 - samples/sec: 111.49 - lr: 0.100000
2022-05-20 20:05:45,662 epoch 6 - iter 90/107 - loss 0.13126407 - samples/sec: 130.85 - lr: 0.100000
2022-05-20 20:05:48,061 epoch 6 - iter 100/107 - loss 0.13074783 - samples/sec: 133.46 - lr: 0.100000
2022-05-20 20:05:49,556 ----------------------------------------------------------------------------------------------------
2022-05-20 20:05:49,557 EPOCH 6 done: loss 0.1305 - lr 0.100000
2022-05-20 20:05:57,435 Evaluating as a multi-label problem: False
2022-05-20 20:05:57,445 DEV : loss 0.20530405640602112 - f1-score (micro avg)  0.4934
2022-05-20 20:05:57,517 BAD EPOCHS (no improvement): 0
2022-05-20 20:05:57,519 saving best model
2022-05-20 20:06:08,022 ----------------------------------------------------------------------------------------------------
2022-05-20 20:06:10,481 epoch 7 - iter 10/107 - loss 0.11973597 - samples/sec: 130.27 - lr: 0.100000
2022-05-20 20:06:12,983 epoch 7 - iter 20/107 - loss 0.11846657 - samples/sec: 127.95 - lr: 0.100000
2022-05-20 20:06:15,341 epoch 7 - iter 30/107 - loss 0.11594967 - samples/sec: 135.72 - lr: 0.100000
2022-05-20 20:06:17,764 epoch 7 - iter 40/107 - loss 0.11116271 - samples/sec: 132.16 - lr: 0.100000
2022-05-20 20:06:20,235 epoch 7 - iter 50/107 - loss 0.11920512 - samples/sec: 129.53 - lr: 0.100000
2022-05-20 20:06:22,620 epoch 7 - iter 60/107 - loss 0.12028070 - samples/sec: 134.26 - lr: 0.100000
2022-05-20 20:06:25,141 epoch 7 - iter 70/107 - loss 0.11836690 - samples/sec: 126.97 - lr: 0.100000
2022-05-20 20:06:27,553 epoch 7 - iter 80/107 - loss 0.11849167 - samples/sec: 132.71 - lr: 0.100000
2022-05-20 20:06:29,752 epoch 7 - iter 90/107 - loss 0.11951195 - samples/sec: 145.61 - lr: 0.100000
2022-05-20 20:06:32,089 epoch 7 - iter 100/107 - loss 0.12085390 - samples/sec: 136.99 - lr: 0.100000
2022-05-20 20:06:33,409 ----------------------------------------------------------------------------------------------------
2022-05-20 20:06:33,409 EPOCH 7 done: loss 0.1203 - lr 0.100000
2022-05-20 20:06:40,592 Evaluating as a multi-label problem: False
2022-05-20 20:06:40,602 DEV : loss 0.21461918950080872 - f1-score (micro avg)  0.4988
2022-05-20 20:06:40,674 BAD EPOCHS (no improvement): 0
2022-05-20 20:06:40,675 saving best model
2022-05-20 20:06:51,104 ----------------------------------------------------------------------------------------------------
2022-05-20 20:06:53,471 epoch 8 - iter 10/107 - loss 0.11058277 - samples/sec: 135.26 - lr: 0.100000
2022-05-20 20:06:55,819 epoch 8 - iter 20/107 - loss 0.09997889 - samples/sec: 136.34 - lr: 0.100000
2022-05-20 20:06:57,927 epoch 8 - iter 30/107 - loss 0.10282244 - samples/sec: 151.87 - lr: 0.100000
2022-05-20 20:07:00,091 epoch 8 - iter 40/107 - loss 0.10824740 - samples/sec: 147.99 - lr: 0.100000
2022-05-20 20:07:02,342 epoch 8 - iter 50/107 - loss 0.10705687 - samples/sec: 142.19 - lr: 0.100000
2022-05-20 20:07:04,542 epoch 8 - iter 60/107 - loss 0.11166639 - samples/sec: 145.55 - lr: 0.100000
2022-05-20 20:07:06,900 epoch 8 - iter 70/107 - loss 0.11152571 - samples/sec: 135.72 - lr: 0.100000
2022-05-20 20:07:09,375 epoch 8 - iter 80/107 - loss 0.11228863 - samples/sec: 129.38 - lr: 0.100000
2022-05-20 20:07:12,062 epoch 8 - iter 90/107 - loss 0.11286915 - samples/sec: 119.12 - lr: 0.100000
2022-05-20 20:07:14,508 epoch 8 - iter 100/107 - loss 0.11358421 - samples/sec: 130.87 - lr: 0.100000
2022-05-20 20:07:15,971 ----------------------------------------------------------------------------------------------------
2022-05-20 20:07:15,971 EPOCH 8 done: loss 0.1127 - lr 0.100000
2022-05-20 20:07:23,878 Evaluating as a multi-label problem: False
2022-05-20 20:07:23,888 DEV : loss 0.23745355010032654 - f1-score (micro avg)  0.4618
2022-05-20 20:07:23,959 BAD EPOCHS (no improvement): 1
2022-05-20 20:07:23,980 ----------------------------------------------------------------------------------------------------
2022-05-20 20:07:26,525 epoch 9 - iter 10/107 - loss 0.12196388 - samples/sec: 125.82 - lr: 0.100000
2022-05-20 20:07:29,048 epoch 9 - iter 20/107 - loss 0.11393670 - samples/sec: 126.87 - lr: 0.100000
2022-05-20 20:07:31,210 epoch 9 - iter 30/107 - loss 0.11242647 - samples/sec: 148.09 - lr: 0.100000
2022-05-20 20:07:33,410 epoch 9 - iter 40/107 - loss 0.11496425 - samples/sec: 145.50 - lr: 0.100000
2022-05-20 20:07:35,550 epoch 9 - iter 50/107 - loss 0.11205485 - samples/sec: 149.65 - lr: 0.100000
2022-05-20 20:07:37,998 epoch 9 - iter 60/107 - loss 0.11043122 - samples/sec: 130.73 - lr: 0.100000
2022-05-20 20:07:40,634 epoch 9 - iter 70/107 - loss 0.10980944 - samples/sec: 121.47 - lr: 0.100000
2022-05-20 20:07:43,051 epoch 9 - iter 80/107 - loss 0.10722340 - samples/sec: 132.42 - lr: 0.100000
2022-05-20 20:07:45,581 epoch 9 - iter 90/107 - loss 0.10635114 - samples/sec: 126.54 - lr: 0.100000
2022-05-20 20:07:48,033 epoch 9 - iter 100/107 - loss 0.10632029 - samples/sec: 130.57 - lr: 0.100000
2022-05-20 20:07:49,497 ----------------------------------------------------------------------------------------------------
2022-05-20 20:07:49,497 EPOCH 9 done: loss 0.1065 - lr 0.100000
2022-05-20 20:07:58,802 Evaluating as a multi-label problem: False
2022-05-20 20:07:58,812 DEV : loss 0.22886686027050018 - f1-score (micro avg)  0.4327
2022-05-20 20:07:58,882 BAD EPOCHS (no improvement): 2
2022-05-20 20:07:58,885 ----------------------------------------------------------------------------------------------------
2022-05-20 20:08:01,136 epoch 10 - iter 10/107 - loss 0.09962332 - samples/sec: 142.22 - lr: 0.100000
2022-05-20 20:08:03,252 epoch 10 - iter 20/107 - loss 0.11025694 - samples/sec: 151.26 - lr: 0.100000
2022-05-20 20:08:05,473 epoch 10 - iter 30/107 - loss 0.10777935 - samples/sec: 144.17 - lr: 0.100000
2022-05-20 20:08:07,737 epoch 10 - iter 40/107 - loss 0.10737577 - samples/sec: 141.45 - lr: 0.100000
2022-05-20 20:08:10,086 epoch 10 - iter 50/107 - loss 0.10693628 - samples/sec: 136.26 - lr: 0.100000
2022-05-20 20:08:12,498 epoch 10 - iter 60/107 - loss 0.10484795 - samples/sec: 132.74 - lr: 0.100000
2022-05-20 20:08:15,014 epoch 10 - iter 70/107 - loss 0.10522238 - samples/sec: 127.25 - lr: 0.100000
2022-05-20 20:08:17,457 epoch 10 - iter 80/107 - loss 0.10268659 - samples/sec: 131.03 - lr: 0.100000
2022-05-20 20:08:20,049 epoch 10 - iter 90/107 - loss 0.10211768 - samples/sec: 123.48 - lr: 0.100000
2022-05-20 20:08:22,439 epoch 10 - iter 100/107 - loss 0.10115423 - samples/sec: 133.94 - lr: 0.100000
2022-05-20 20:08:23,930 ----------------------------------------------------------------------------------------------------
2022-05-20 20:08:23,930 EPOCH 10 done: loss 0.1021 - lr 0.100000
2022-05-20 20:08:31,765 Evaluating as a multi-label problem: False
2022-05-20 20:08:31,776 DEV : loss 0.220931276679039 - f1-score (micro avg)  0.4624
2022-05-20 20:08:31,846 BAD EPOCHS (no improvement): 3
2022-05-20 20:08:31,847 ----------------------------------------------------------------------------------------------------
2022-05-20 20:08:34,368 epoch 11 - iter 10/107 - loss 0.10164099 - samples/sec: 127.02 - lr: 0.100000
2022-05-20 20:08:36,439 epoch 11 - iter 20/107 - loss 0.09855314 - samples/sec: 154.60 - lr: 0.100000
2022-05-20 20:08:38,750 epoch 11 - iter 30/107 - loss 0.09589985 - samples/sec: 138.52 - lr: 0.100000
2022-05-20 20:08:41,006 epoch 11 - iter 40/107 - loss 0.10054859 - samples/sec: 141.90 - lr: 0.100000
2022-05-20 20:08:43,495 epoch 11 - iter 50/107 - loss 0.09634439 - samples/sec: 128.59 - lr: 0.100000
2022-05-20 20:08:45,928 epoch 11 - iter 60/107 - loss 0.09302198 - samples/sec: 131.61 - lr: 0.100000
2022-05-20 20:08:48,309 epoch 11 - iter 70/107 - loss 0.09402513 - samples/sec: 134.46 - lr: 0.100000
2022-05-20 20:08:50,790 epoch 11 - iter 80/107 - loss 0.09540708 - samples/sec: 129.02 - lr: 0.100000
2022-05-20 20:08:53,172 epoch 11 - iter 90/107 - loss 0.09605030 - samples/sec: 134.43 - lr: 0.100000
2022-05-20 20:08:55,698 epoch 11 - iter 100/107 - loss 0.09556519 - samples/sec: 126.74 - lr: 0.100000
2022-05-20 20:08:57,149 ----------------------------------------------------------------------------------------------------
2022-05-20 20:08:57,149 EPOCH 11 done: loss 0.0947 - lr 0.100000
2022-05-20 20:09:05,181 Evaluating as a multi-label problem: False
2022-05-20 20:09:05,191 DEV : loss 0.23882611095905304 - f1-score (micro avg)  0.446
2022-05-20 20:09:05,261 Epoch    11: reducing learning rate of group 0 to 5.0000e-02.
2022-05-20 20:09:05,261 BAD EPOCHS (no improvement): 4
2022-05-20 20:09:05,262 ----------------------------------------------------------------------------------------------------
2022-05-20 20:09:07,588 epoch 12 - iter 10/107 - loss 0.10272491 - samples/sec: 137.69 - lr: 0.050000
2022-05-20 20:09:09,784 epoch 12 - iter 20/107 - loss 0.08909722 - samples/sec: 145.78 - lr: 0.050000
2022-05-20 20:09:11,965 epoch 12 - iter 30/107 - loss 0.08456520 - samples/sec: 146.76 - lr: 0.050000
2022-05-20 20:09:14,289 epoch 12 - iter 40/107 - loss 0.08723933 - samples/sec: 137.73 - lr: 0.050000
2022-05-20 20:09:16,982 epoch 12 - iter 50/107 - loss 0.08732433 - samples/sec: 118.88 - lr: 0.050000
2022-05-20 20:09:19,406 epoch 12 - iter 60/107 - loss 0.08690489 - samples/sec: 132.10 - lr: 0.050000
2022-05-20 20:09:21,843 epoch 12 - iter 70/107 - loss 0.08763109 - samples/sec: 131.35 - lr: 0.050000
2022-05-20 20:09:24,156 epoch 12 - iter 80/107 - loss 0.08706256 - samples/sec: 138.39 - lr: 0.050000
2022-05-20 20:09:26,734 epoch 12 - iter 90/107 - loss 0.08717819 - samples/sec: 124.18 - lr: 0.050000
2022-05-20 20:09:29,207 epoch 12 - iter 100/107 - loss 0.08595911 - samples/sec: 129.45 - lr: 0.050000
2022-05-20 20:09:30,888 ----------------------------------------------------------------------------------------------------
2022-05-20 20:09:30,888 EPOCH 12 done: loss 0.0874 - lr 0.050000
2022-05-20 20:09:38,461 Evaluating as a multi-label problem: False
2022-05-20 20:09:38,471 DEV : loss 0.22187167406082153 - f1-score (micro avg)  0.471
2022-05-20 20:09:38,541 BAD EPOCHS (no improvement): 1
2022-05-20 20:09:38,545 ----------------------------------------------------------------------------------------------------
2022-05-20 20:09:41,206 epoch 13 - iter 10/107 - loss 0.09618622 - samples/sec: 120.31 - lr: 0.050000
2022-05-20 20:09:43,288 epoch 13 - iter 20/107 - loss 0.08454312 - samples/sec: 153.74 - lr: 0.050000
2022-05-20 20:09:45,376 epoch 13 - iter 30/107 - loss 0.08267258 - samples/sec: 153.39 - lr: 0.050000
2022-05-20 20:09:47,846 epoch 13 - iter 40/107 - loss 0.08346283 - samples/sec: 129.56 - lr: 0.050000
2022-05-20 20:09:50,111 epoch 13 - iter 50/107 - loss 0.08527909 - samples/sec: 141.36 - lr: 0.050000
2022-05-20 20:09:52,584 epoch 13 - iter 60/107 - loss 0.08675472 - samples/sec: 129.43 - lr: 0.050000
2022-05-20 20:09:55,398 epoch 13 - iter 70/107 - loss 0.08584301 - samples/sec: 113.77 - lr: 0.050000
2022-05-20 20:09:57,871 epoch 13 - iter 80/107 - loss 0.08504594 - samples/sec: 129.47 - lr: 0.050000
2022-05-20 20:10:00,299 epoch 13 - iter 90/107 - loss 0.08297257 - samples/sec: 131.84 - lr: 0.050000
2022-05-20 20:10:02,686 epoch 13 - iter 100/107 - loss 0.08337635 - samples/sec: 134.09 - lr: 0.050000
2022-05-20 20:10:04,180 ----------------------------------------------------------------------------------------------------
2022-05-20 20:10:04,180 EPOCH 13 done: loss 0.0828 - lr 0.050000
2022-05-20 20:10:12,229 Evaluating as a multi-label problem: False
2022-05-20 20:10:12,240 DEV : loss 0.19660097360610962 - f1-score (micro avg)  0.503
2022-05-20 20:10:12,311 BAD EPOCHS (no improvement): 0
2022-05-20 20:10:12,314 saving best model
2022-05-20 20:10:22,864 ----------------------------------------------------------------------------------------------------
2022-05-20 20:10:25,375 epoch 14 - iter 10/107 - loss 0.07592987 - samples/sec: 127.55 - lr: 0.050000
2022-05-20 20:10:27,870 epoch 14 - iter 20/107 - loss 0.07610751 - samples/sec: 128.29 - lr: 0.050000
2022-05-20 20:10:30,256 epoch 14 - iter 30/107 - loss 0.07677048 - samples/sec: 134.21 - lr: 0.050000
2022-05-20 20:10:32,821 epoch 14 - iter 40/107 - loss 0.07871275 - samples/sec: 124.80 - lr: 0.050000
2022-05-20 20:10:35,217 epoch 14 - iter 50/107 - loss 0.08204146 - samples/sec: 133.62 - lr: 0.050000
2022-05-20 20:10:37,752 epoch 14 - iter 60/107 - loss 0.08029910 - samples/sec: 126.26 - lr: 0.050000
2022-05-20 20:10:40,154 epoch 14 - iter 70/107 - loss 0.07928580 - samples/sec: 133.28 - lr: 0.050000
2022-05-20 20:10:42,548 epoch 14 - iter 80/107 - loss 0.08099232 - samples/sec: 133.72 - lr: 0.050000
2022-05-20 20:10:44,840 epoch 14 - iter 90/107 - loss 0.07986223 - samples/sec: 139.66 - lr: 0.050000
2022-05-20 20:10:46,954 epoch 14 - iter 100/107 - loss 0.07984244 - samples/sec: 151.48 - lr: 0.050000
2022-05-20 20:10:48,279 ----------------------------------------------------------------------------------------------------
2022-05-20 20:10:48,279 EPOCH 14 done: loss 0.0791 - lr 0.050000
2022-05-20 20:10:55,921 Evaluating as a multi-label problem: False
2022-05-20 20:10:55,932 DEV : loss 0.20753838121891022 - f1-score (micro avg)  0.4948
2022-05-20 20:10:56,001 BAD EPOCHS (no improvement): 1
2022-05-20 20:10:56,024 ----------------------------------------------------------------------------------------------------
2022-05-20 20:10:58,546 epoch 15 - iter 10/107 - loss 0.06985089 - samples/sec: 126.97 - lr: 0.050000
2022-05-20 20:11:00,926 epoch 15 - iter 20/107 - loss 0.07441512 - samples/sec: 134.49 - lr: 0.050000
2022-05-20 20:11:03,360 epoch 15 - iter 30/107 - loss 0.07625637 - samples/sec: 131.54 - lr: 0.050000
2022-05-20 20:11:05,730 epoch 15 - iter 40/107 - loss 0.07783039 - samples/sec: 135.10 - lr: 0.050000
2022-05-20 20:11:08,084 epoch 15 - iter 50/107 - loss 0.07806832 - samples/sec: 135.96 - lr: 0.050000
2022-05-20 20:11:10,603 epoch 15 - iter 60/107 - loss 0.07884007 - samples/sec: 127.11 - lr: 0.050000
2022-05-20 20:11:13,077 epoch 15 - iter 70/107 - loss 0.07600978 - samples/sec: 129.38 - lr: 0.050000
2022-05-20 20:11:15,492 epoch 15 - iter 80/107 - loss 0.07637084 - samples/sec: 132.56 - lr: 0.050000
2022-05-20 20:11:17,650 epoch 15 - iter 90/107 - loss 0.07627518 - samples/sec: 148.37 - lr: 0.050000
2022-05-20 20:11:19,809 epoch 15 - iter 100/107 - loss 0.07548236 - samples/sec: 148.26 - lr: 0.050000
2022-05-20 20:11:21,262 ----------------------------------------------------------------------------------------------------
2022-05-20 20:11:21,262 EPOCH 15 done: loss 0.0747 - lr 0.050000
2022-05-20 20:11:28,857 Evaluating as a multi-label problem: False
2022-05-20 20:11:28,868 DEV : loss 0.20756034553050995 - f1-score (micro avg)  0.4941
2022-05-20 20:11:28,938 BAD EPOCHS (no improvement): 2
2022-05-20 20:11:28,940 ----------------------------------------------------------------------------------------------------
2022-05-20 20:11:31,322 epoch 16 - iter 10/107 - loss 0.08066546 - samples/sec: 134.42 - lr: 0.050000
2022-05-20 20:11:33,804 epoch 16 - iter 20/107 - loss 0.07411675 - samples/sec: 129.00 - lr: 0.050000
2022-05-20 20:11:36,327 epoch 16 - iter 30/107 - loss 0.07463207 - samples/sec: 126.88 - lr: 0.050000
2022-05-20 20:11:38,725 epoch 16 - iter 40/107 - loss 0.07599835 - samples/sec: 133.49 - lr: 0.050000
2022-05-20 20:11:41,148 epoch 16 - iter 50/107 - loss 0.07317196 - samples/sec: 132.12 - lr: 0.050000
2022-05-20 20:11:43,534 epoch 16 - iter 60/107 - loss 0.07533664 - samples/sec: 134.19 - lr: 0.050000
2022-05-20 20:11:46,007 epoch 16 - iter 70/107 - loss 0.07609479 - samples/sec: 129.44 - lr: 0.050000
2022-05-20 20:11:48,358 epoch 16 - iter 80/107 - loss 0.07569640 - samples/sec: 136.15 - lr: 0.050000
2022-05-20 20:11:50,459 epoch 16 - iter 90/107 - loss 0.07597700 - samples/sec: 152.43 - lr: 0.050000
2022-05-20 20:11:52,912 epoch 16 - iter 100/107 - loss 0.07573433 - samples/sec: 130.48 - lr: 0.050000
2022-05-20 20:11:54,388 ----------------------------------------------------------------------------------------------------
2022-05-20 20:11:54,388 EPOCH 16 done: loss 0.0747 - lr 0.050000
2022-05-20 20:12:03,672 Evaluating as a multi-label problem: False
2022-05-20 20:12:03,683 DEV : loss 0.19590245187282562 - f1-score (micro avg)  0.5292
2022-05-20 20:12:03,756 BAD EPOCHS (no improvement): 0
2022-05-20 20:12:03,758 saving best model
2022-05-20 20:12:14,285 ----------------------------------------------------------------------------------------------------
2022-05-20 20:12:16,417 epoch 17 - iter 10/107 - loss 0.06377132 - samples/sec: 150.25 - lr: 0.050000
2022-05-20 20:12:18,303 epoch 17 - iter 20/107 - loss 0.06302074 - samples/sec: 169.79 - lr: 0.050000
2022-05-20 20:12:20,473 epoch 17 - iter 30/107 - loss 0.06508942 - samples/sec: 147.56 - lr: 0.050000
2022-05-20 20:12:22,652 epoch 17 - iter 40/107 - loss 0.06597906 - samples/sec: 146.87 - lr: 0.050000
2022-05-20 20:12:25,066 epoch 17 - iter 50/107 - loss 0.06986954 - samples/sec: 132.62 - lr: 0.050000
2022-05-20 20:12:27,584 epoch 17 - iter 60/107 - loss 0.06913196 - samples/sec: 127.16 - lr: 0.050000
2022-05-20 20:12:29,988 epoch 17 - iter 70/107 - loss 0.06928312 - samples/sec: 133.13 - lr: 0.050000
2022-05-20 20:12:32,688 epoch 17 - iter 80/107 - loss 0.06976689 - samples/sec: 118.58 - lr: 0.050000
2022-05-20 20:12:35,101 epoch 17 - iter 90/107 - loss 0.07067046 - samples/sec: 132.66 - lr: 0.050000
2022-05-20 20:12:37,590 epoch 17 - iter 100/107 - loss 0.07209002 - samples/sec: 128.61 - lr: 0.050000
2022-05-20 20:12:39,100 ----------------------------------------------------------------------------------------------------
2022-05-20 20:12:39,100 EPOCH 17 done: loss 0.0713 - lr 0.050000
2022-05-20 20:12:46,822 Evaluating as a multi-label problem: False
2022-05-20 20:12:46,833 DEV : loss 0.19154083728790283 - f1-score (micro avg)  0.5117
2022-05-20 20:12:46,903 BAD EPOCHS (no improvement): 1
2022-05-20 20:12:46,915 ----------------------------------------------------------------------------------------------------
2022-05-20 20:12:49,266 epoch 18 - iter 10/107 - loss 0.06647688 - samples/sec: 136.19 - lr: 0.050000
2022-05-20 20:12:51,475 epoch 18 - iter 20/107 - loss 0.06421121 - samples/sec: 144.96 - lr: 0.050000
2022-05-20 20:12:53,513 epoch 18 - iter 30/107 - loss 0.06632801 - samples/sec: 157.05 - lr: 0.050000
2022-05-20 20:12:55,661 epoch 18 - iter 40/107 - loss 0.06747111 - samples/sec: 149.08 - lr: 0.050000
2022-05-20 20:12:58,095 epoch 18 - iter 50/107 - loss 0.06814140 - samples/sec: 131.53 - lr: 0.050000
2022-05-20 20:13:00,494 epoch 18 - iter 60/107 - loss 0.07039894 - samples/sec: 133.42 - lr: 0.050000
2022-05-20 20:13:03,102 epoch 18 - iter 70/107 - loss 0.07124523 - samples/sec: 122.73 - lr: 0.050000
2022-05-20 20:13:05,427 epoch 18 - iter 80/107 - loss 0.06954991 - samples/sec: 137.67 - lr: 0.050000
2022-05-20 20:13:07,851 epoch 18 - iter 90/107 - loss 0.06896238 - samples/sec: 132.06 - lr: 0.050000
2022-05-20 20:13:10,284 epoch 18 - iter 100/107 - loss 0.06995223 - samples/sec: 131.62 - lr: 0.050000
2022-05-20 20:13:11,746 ----------------------------------------------------------------------------------------------------
2022-05-20 20:13:11,746 EPOCH 18 done: loss 0.0704 - lr 0.050000
2022-05-20 20:13:19,612 Evaluating as a multi-label problem: False
2022-05-20 20:13:19,622 DEV : loss 0.21702508628368378 - f1-score (micro avg)  0.4614
2022-05-20 20:13:19,692 BAD EPOCHS (no improvement): 2
2022-05-20 20:13:19,694 ----------------------------------------------------------------------------------------------------
2022-05-20 20:13:22,052 epoch 19 - iter 10/107 - loss 0.06078142 - samples/sec: 135.77 - lr: 0.050000
2022-05-20 20:13:24,266 epoch 19 - iter 20/107 - loss 0.05941110 - samples/sec: 144.62 - lr: 0.050000
2022-05-20 20:13:26,564 epoch 19 - iter 30/107 - loss 0.06131787 - samples/sec: 139.27 - lr: 0.050000
2022-05-20 20:13:28,843 epoch 19 - iter 40/107 - loss 0.06195411 - samples/sec: 140.47 - lr: 0.050000
2022-05-20 20:13:31,410 epoch 19 - iter 50/107 - loss 0.06375449 - samples/sec: 124.74 - lr: 0.050000
2022-05-20 20:13:33,927 epoch 19 - iter 60/107 - loss 0.06576240 - samples/sec: 127.18 - lr: 0.050000
2022-05-20 20:13:36,456 epoch 19 - iter 70/107 - loss 0.06630724 - samples/sec: 126.61 - lr: 0.050000
2022-05-20 20:13:39,102 epoch 19 - iter 80/107 - loss 0.06707151 - samples/sec: 120.99 - lr: 0.050000
2022-05-20 20:13:41,504 epoch 19 - iter 90/107 - loss 0.06634694 - samples/sec: 133.26 - lr: 0.050000
2022-05-20 20:13:43,934 epoch 19 - iter 100/107 - loss 0.06739420 - samples/sec: 131.73 - lr: 0.050000
2022-05-20 20:13:45,414 ----------------------------------------------------------------------------------------------------
2022-05-20 20:13:45,415 EPOCH 19 done: loss 0.0660 - lr 0.050000
2022-05-20 20:13:53,135 Evaluating as a multi-label problem: False
2022-05-20 20:13:53,146 DEV : loss 0.21926607191562653 - f1-score (micro avg)  0.4864
2022-05-20 20:13:53,216 BAD EPOCHS (no improvement): 3
2022-05-20 20:13:53,218 ----------------------------------------------------------------------------------------------------
2022-05-20 20:13:55,369 epoch 20 - iter 10/107 - loss 0.06240762 - samples/sec: 148.84 - lr: 0.050000
2022-05-20 20:13:57,553 epoch 20 - iter 20/107 - loss 0.06267892 - samples/sec: 146.59 - lr: 0.050000
2022-05-20 20:13:59,826 epoch 20 - iter 30/107 - loss 0.06425934 - samples/sec: 140.86 - lr: 0.050000
2022-05-20 20:14:02,004 epoch 20 - iter 40/107 - loss 0.06443227 - samples/sec: 146.98 - lr: 0.050000
2022-05-20 20:14:04,450 epoch 20 - iter 50/107 - loss 0.06578136 - samples/sec: 130.89 - lr: 0.050000
2022-05-20 20:14:06,908 epoch 20 - iter 60/107 - loss 0.06520401 - samples/sec: 130.19 - lr: 0.050000
2022-05-20 20:14:09,309 epoch 20 - iter 70/107 - loss 0.06565430 - samples/sec: 133.38 - lr: 0.050000
2022-05-20 20:14:11,796 epoch 20 - iter 80/107 - loss 0.06613534 - samples/sec: 128.68 - lr: 0.050000
2022-05-20 20:14:14,275 epoch 20 - iter 90/107 - loss 0.06660475 - samples/sec: 129.14 - lr: 0.050000
2022-05-20 20:14:16,645 epoch 20 - iter 100/107 - loss 0.06653521 - samples/sec: 135.12 - lr: 0.050000
2022-05-20 20:14:18,092 ----------------------------------------------------------------------------------------------------
2022-05-20 20:14:18,092 EPOCH 20 done: loss 0.0681 - lr 0.050000
2022-05-20 20:14:25,503 Evaluating as a multi-label problem: False
2022-05-20 20:14:25,514 DEV : loss 0.18485631048679352 - f1-score (micro avg)  0.5241
2022-05-20 20:14:25,584 Epoch    20: reducing learning rate of group 0 to 2.5000e-02.
2022-05-20 20:14:25,584 BAD EPOCHS (no improvement): 4
2022-05-20 20:14:25,586 ----------------------------------------------------------------------------------------------------
2022-05-20 20:14:28,032 epoch 21 - iter 10/107 - loss 0.05651070 - samples/sec: 130.87 - lr: 0.025000
2022-05-20 20:14:30,302 epoch 21 - iter 20/107 - loss 0.06191550 - samples/sec: 141.08 - lr: 0.025000
2022-05-20 20:14:32,574 epoch 21 - iter 30/107 - loss 0.05706135 - samples/sec: 140.85 - lr: 0.025000
2022-05-20 20:14:34,858 epoch 21 - iter 40/107 - loss 0.05986012 - samples/sec: 140.18 - lr: 0.025000
2022-05-20 20:14:37,278 epoch 21 - iter 50/107 - loss 0.06124668 - samples/sec: 132.29 - lr: 0.025000
2022-05-20 20:14:39,672 epoch 21 - iter 60/107 - loss 0.06101152 - samples/sec: 133.74 - lr: 0.025000
2022-05-20 20:14:42,147 epoch 21 - iter 70/107 - loss 0.06048908 - samples/sec: 129.33 - lr: 0.025000
2022-05-20 20:14:44,651 epoch 21 - iter 80/107 - loss 0.06074108 - samples/sec: 127.85 - lr: 0.025000
2022-05-20 20:14:47,257 epoch 21 - iter 90/107 - loss 0.06115538 - samples/sec: 122.85 - lr: 0.025000
2022-05-20 20:14:49,768 epoch 21 - iter 100/107 - loss 0.06159613 - samples/sec: 127.47 - lr: 0.025000
2022-05-20 20:14:51,259 ----------------------------------------------------------------------------------------------------
2022-05-20 20:14:51,259 EPOCH 21 done: loss 0.0614 - lr 0.025000
2022-05-20 20:14:59,212 Evaluating as a multi-label problem: False
2022-05-20 20:14:59,222 DEV : loss 0.20205537974834442 - f1-score (micro avg)  0.5063
2022-05-20 20:14:59,293 BAD EPOCHS (no improvement): 1
2022-05-20 20:14:59,295 ----------------------------------------------------------------------------------------------------
2022-05-20 20:15:01,378 epoch 22 - iter 10/107 - loss 0.05599280 - samples/sec: 153.70 - lr: 0.025000
2022-05-20 20:15:03,477 epoch 22 - iter 20/107 - loss 0.05745680 - samples/sec: 152.53 - lr: 0.025000
2022-05-20 20:15:05,823 epoch 22 - iter 30/107 - loss 0.05605319 - samples/sec: 136.48 - lr: 0.025000
2022-05-20 20:15:08,307 epoch 22 - iter 40/107 - loss 0.05720263 - samples/sec: 128.88 - lr: 0.025000
2022-05-20 20:15:10,880 epoch 22 - iter 50/107 - loss 0.05839100 - samples/sec: 124.40 - lr: 0.025000
2022-05-20 20:15:13,240 epoch 22 - iter 60/107 - loss 0.05950637 - samples/sec: 135.66 - lr: 0.025000
2022-05-20 20:15:15,280 epoch 22 - iter 70/107 - loss 0.05974289 - samples/sec: 156.93 - lr: 0.025000
2022-05-20 20:15:17,692 epoch 22 - iter 80/107 - loss 0.05919991 - samples/sec: 132.72 - lr: 0.025000
2022-05-20 20:15:20,192 epoch 22 - iter 90/107 - loss 0.05899864 - samples/sec: 128.09 - lr: 0.025000
2022-05-20 20:15:22,598 epoch 22 - iter 100/107 - loss 0.05949958 - samples/sec: 133.05 - lr: 0.025000
2022-05-20 20:15:24,050 ----------------------------------------------------------------------------------------------------
2022-05-20 20:15:24,050 EPOCH 22 done: loss 0.0594 - lr 0.025000
2022-05-20 20:15:31,625 Evaluating as a multi-label problem: False
2022-05-20 20:15:31,635 DEV : loss 0.20253822207450867 - f1-score (micro avg)  0.5096
2022-05-20 20:15:31,707 BAD EPOCHS (no improvement): 2
2022-05-20 20:15:31,709 ----------------------------------------------------------------------------------------------------
2022-05-20 20:15:34,389 epoch 23 - iter 10/107 - loss 0.06137730 - samples/sec: 119.46 - lr: 0.025000
2022-05-20 20:15:36,447 epoch 23 - iter 20/107 - loss 0.05778492 - samples/sec: 155.53 - lr: 0.025000
2022-05-20 20:15:38,549 epoch 23 - iter 30/107 - loss 0.06101103 - samples/sec: 152.30 - lr: 0.025000
2022-05-20 20:15:40,832 epoch 23 - iter 40/107 - loss 0.05829326 - samples/sec: 140.23 - lr: 0.025000
2022-05-20 20:15:43,226 epoch 23 - iter 50/107 - loss 0.05855055 - samples/sec: 133.74 - lr: 0.025000
2022-05-20 20:15:45,617 epoch 23 - iter 60/107 - loss 0.05561747 - samples/sec: 133.88 - lr: 0.025000
2022-05-20 20:15:48,115 epoch 23 - iter 70/107 - loss 0.05638596 - samples/sec: 128.18 - lr: 0.025000
2022-05-20 20:15:50,837 epoch 23 - iter 80/107 - loss 0.05810948 - samples/sec: 117.61 - lr: 0.025000
2022-05-20 20:15:53,279 epoch 23 - iter 90/107 - loss 0.05767834 - samples/sec: 131.07 - lr: 0.025000
2022-05-20 20:15:55,709 epoch 23 - iter 100/107 - loss 0.05596570 - samples/sec: 131.73 - lr: 0.025000
2022-05-20 20:15:57,187 ----------------------------------------------------------------------------------------------------
2022-05-20 20:15:57,187 EPOCH 23 done: loss 0.0569 - lr 0.025000
2022-05-20 20:16:06,207 Evaluating as a multi-label problem: False
2022-05-20 20:16:06,218 DEV : loss 0.1894894689321518 - f1-score (micro avg)  0.5294
2022-05-20 20:16:06,287 BAD EPOCHS (no improvement): 0
2022-05-20 20:16:06,291 saving best model
2022-05-20 20:16:16,570 ----------------------------------------------------------------------------------------------------
2022-05-20 20:16:19,001 epoch 24 - iter 10/107 - loss 0.04451612 - samples/sec: 131.72 - lr: 0.025000
2022-05-20 20:16:21,346 epoch 24 - iter 20/107 - loss 0.05134672 - samples/sec: 136.50 - lr: 0.025000
2022-05-20 20:16:23,854 epoch 24 - iter 30/107 - loss 0.05141776 - samples/sec: 127.65 - lr: 0.025000
2022-05-20 20:16:26,301 epoch 24 - iter 40/107 - loss 0.05443590 - samples/sec: 130.82 - lr: 0.025000
2022-05-20 20:16:28,714 epoch 24 - iter 50/107 - loss 0.05313668 - samples/sec: 132.64 - lr: 0.025000
2022-05-20 20:16:31,137 epoch 24 - iter 60/107 - loss 0.05396266 - samples/sec: 132.15 - lr: 0.025000
2022-05-20 20:16:33,584 epoch 24 - iter 70/107 - loss 0.05597459 - samples/sec: 130.83 - lr: 0.025000
2022-05-20 20:16:35,867 epoch 24 - iter 80/107 - loss 0.05510212 - samples/sec: 140.21 - lr: 0.025000
2022-05-20 20:16:38,021 epoch 24 - iter 90/107 - loss 0.05648630 - samples/sec: 148.67 - lr: 0.025000
2022-05-20 20:16:40,407 epoch 24 - iter 100/107 - loss 0.05734228 - samples/sec: 134.14 - lr: 0.025000
2022-05-20 20:16:41,733 ----------------------------------------------------------------------------------------------------
2022-05-20 20:16:41,733 EPOCH 24 done: loss 0.0577 - lr 0.025000
2022-05-20 20:16:49,510 Evaluating as a multi-label problem: False
2022-05-20 20:16:49,521 DEV : loss 0.21291446685791016 - f1-score (micro avg)  0.508
2022-05-20 20:16:49,590 BAD EPOCHS (no improvement): 1
2022-05-20 20:16:49,592 ----------------------------------------------------------------------------------------------------
2022-05-20 20:16:52,107 epoch 25 - iter 10/107 - loss 0.05817113 - samples/sec: 127.33 - lr: 0.025000
2022-05-20 20:16:54,473 epoch 25 - iter 20/107 - loss 0.05717483 - samples/sec: 135.29 - lr: 0.025000
2022-05-20 20:16:56,947 epoch 25 - iter 30/107 - loss 0.05539039 - samples/sec: 129.41 - lr: 0.025000
2022-05-20 20:16:59,369 epoch 25 - iter 40/107 - loss 0.05668677 - samples/sec: 132.16 - lr: 0.025000
2022-05-20 20:17:01,790 epoch 25 - iter 50/107 - loss 0.05736318 - samples/sec: 132.23 - lr: 0.025000
2022-05-20 20:17:04,231 epoch 25 - iter 60/107 - loss 0.05765996 - samples/sec: 131.14 - lr: 0.025000
2022-05-20 20:17:06,830 epoch 25 - iter 70/107 - loss 0.05640595 - samples/sec: 123.18 - lr: 0.025000
2022-05-20 20:17:09,233 epoch 25 - iter 80/107 - loss 0.05653269 - samples/sec: 133.21 - lr: 0.025000
2022-05-20 20:17:11,480 epoch 25 - iter 90/107 - loss 0.05602390 - samples/sec: 142.43 - lr: 0.025000
2022-05-20 20:17:13,836 epoch 25 - iter 100/107 - loss 0.05615180 - samples/sec: 135.90 - lr: 0.025000
2022-05-20 20:17:15,239 ----------------------------------------------------------------------------------------------------
2022-05-20 20:17:15,240 EPOCH 25 done: loss 0.0558 - lr 0.025000
2022-05-20 20:17:22,896 Evaluating as a multi-label problem: False
2022-05-20 20:17:22,906 DEV : loss 0.21172623336315155 - f1-score (micro avg)  0.4956
2022-05-20 20:17:22,975 BAD EPOCHS (no improvement): 2
2022-05-20 20:17:22,977 ----------------------------------------------------------------------------------------------------
2022-05-20 20:17:25,527 epoch 26 - iter 10/107 - loss 0.04981629 - samples/sec: 125.57 - lr: 0.025000
2022-05-20 20:17:27,880 epoch 26 - iter 20/107 - loss 0.05507835 - samples/sec: 136.06 - lr: 0.025000
2022-05-20 20:17:30,311 epoch 26 - iter 30/107 - loss 0.05140057 - samples/sec: 131.65 - lr: 0.025000
2022-05-20 20:17:32,760 epoch 26 - iter 40/107 - loss 0.05320027 - samples/sec: 130.71 - lr: 0.025000
2022-05-20 20:17:35,151 epoch 26 - iter 50/107 - loss 0.05307587 - samples/sec: 133.88 - lr: 0.025000
2022-05-20 20:17:37,512 epoch 26 - iter 60/107 - loss 0.05319862 - samples/sec: 135.63 - lr: 0.025000
2022-05-20 20:17:40,184 epoch 26 - iter 70/107 - loss 0.05262183 - samples/sec: 119.78 - lr: 0.025000
2022-05-20 20:17:42,565 epoch 26 - iter 80/107 - loss 0.05294241 - samples/sec: 134.46 - lr: 0.025000
2022-05-20 20:17:44,689 epoch 26 - iter 90/107 - loss 0.05372598 - samples/sec: 150.68 - lr: 0.025000
2022-05-20 20:17:46,821 epoch 26 - iter 100/107 - loss 0.05402130 - samples/sec: 150.16 - lr: 0.025000
2022-05-20 20:17:48,228 ----------------------------------------------------------------------------------------------------
2022-05-20 20:17:48,228 EPOCH 26 done: loss 0.0542 - lr 0.025000
2022-05-20 20:17:55,694 Evaluating as a multi-label problem: False
2022-05-20 20:17:55,705 DEV : loss 0.19818760454654694 - f1-score (micro avg)  0.5177
2022-05-20 20:17:55,775 BAD EPOCHS (no improvement): 3
2022-05-20 20:17:55,778 ----------------------------------------------------------------------------------------------------
2022-05-20 20:17:58,278 epoch 27 - iter 10/107 - loss 0.05414453 - samples/sec: 128.08 - lr: 0.025000
2022-05-20 20:18:00,663 epoch 27 - iter 20/107 - loss 0.05443161 - samples/sec: 134.21 - lr: 0.025000
2022-05-20 20:18:03,119 epoch 27 - iter 30/107 - loss 0.05795524 - samples/sec: 130.32 - lr: 0.025000
2022-05-20 20:18:05,739 epoch 27 - iter 40/107 - loss 0.05782768 - samples/sec: 122.22 - lr: 0.025000
2022-05-20 20:18:08,214 epoch 27 - iter 50/107 - loss 0.05724294 - samples/sec: 129.30 - lr: 0.025000
2022-05-20 20:18:10,628 epoch 27 - iter 60/107 - loss 0.05478702 - samples/sec: 132.65 - lr: 0.025000
2022-05-20 20:18:13,023 epoch 27 - iter 70/107 - loss 0.05524099 - samples/sec: 133.62 - lr: 0.025000
2022-05-20 20:18:15,377 epoch 27 - iter 80/107 - loss 0.05555456 - samples/sec: 135.99 - lr: 0.025000
2022-05-20 20:18:17,250 epoch 27 - iter 90/107 - loss 0.05479418 - samples/sec: 170.97 - lr: 0.025000
2022-05-20 20:18:19,400 epoch 27 - iter 100/107 - loss 0.05440382 - samples/sec: 148.88 - lr: 0.025000
2022-05-20 20:18:20,697 ----------------------------------------------------------------------------------------------------
2022-05-20 20:18:20,698 EPOCH 27 done: loss 0.0550 - lr 0.025000
2022-05-20 20:18:28,300 Evaluating as a multi-label problem: False
2022-05-20 20:18:28,311 DEV : loss 0.20057636499404907 - f1-score (micro avg)  0.5154
2022-05-20 20:18:28,380 Epoch    27: reducing learning rate of group 0 to 1.2500e-02.
2022-05-20 20:18:28,380 BAD EPOCHS (no improvement): 4
2022-05-20 20:18:28,382 ----------------------------------------------------------------------------------------------------
2022-05-20 20:18:30,769 epoch 28 - iter 10/107 - loss 0.05007731 - samples/sec: 134.17 - lr: 0.012500
2022-05-20 20:18:33,256 epoch 28 - iter 20/107 - loss 0.04970609 - samples/sec: 128.70 - lr: 0.012500
2022-05-20 20:18:35,644 epoch 28 - iter 30/107 - loss 0.05372578 - samples/sec: 134.06 - lr: 0.012500
2022-05-20 20:18:38,077 epoch 28 - iter 40/107 - loss 0.05437999 - samples/sec: 131.56 - lr: 0.012500
2022-05-20 20:18:40,501 epoch 28 - iter 50/107 - loss 0.05279026 - samples/sec: 132.07 - lr: 0.012500
2022-05-20 20:18:42,981 epoch 28 - iter 60/107 - loss 0.05334127 - samples/sec: 129.09 - lr: 0.012500
2022-05-20 20:18:45,555 epoch 28 - iter 70/107 - loss 0.05469968 - samples/sec: 124.35 - lr: 0.012500
2022-05-20 20:18:47,917 epoch 28 - iter 80/107 - loss 0.05437826 - samples/sec: 135.55 - lr: 0.012500
2022-05-20 20:18:49,989 epoch 28 - iter 90/107 - loss 0.05400315 - samples/sec: 154.49 - lr: 0.012500
2022-05-20 20:18:52,218 epoch 28 - iter 100/107 - loss 0.05347082 - samples/sec: 143.63 - lr: 0.012500
2022-05-20 20:18:53,537 ----------------------------------------------------------------------------------------------------
2022-05-20 20:18:53,537 EPOCH 28 done: loss 0.0530 - lr 0.012500
2022-05-20 20:19:01,027 Evaluating as a multi-label problem: False
2022-05-20 20:19:01,038 DEV : loss 0.2073226273059845 - f1-score (micro avg)  0.5101
2022-05-20 20:19:01,107 BAD EPOCHS (no improvement): 1
2022-05-20 20:19:01,109 ----------------------------------------------------------------------------------------------------
2022-05-20 20:19:03,575 epoch 29 - iter 10/107 - loss 0.04029277 - samples/sec: 129.79 - lr: 0.012500
2022-05-20 20:19:06,000 epoch 29 - iter 20/107 - loss 0.04369569 - samples/sec: 132.00 - lr: 0.012500
2022-05-20 20:19:08,519 epoch 29 - iter 30/107 - loss 0.04809461 - samples/sec: 127.10 - lr: 0.012500
2022-05-20 20:19:11,132 epoch 29 - iter 40/107 - loss 0.04707539 - samples/sec: 122.50 - lr: 0.012500
2022-05-20 20:19:13,561 epoch 29 - iter 50/107 - loss 0.04884411 - samples/sec: 131.80 - lr: 0.012500
2022-05-20 20:19:16,027 epoch 29 - iter 60/107 - loss 0.04914420 - samples/sec: 129.78 - lr: 0.012500
2022-05-20 20:19:18,463 epoch 29 - iter 70/107 - loss 0.04851710 - samples/sec: 131.44 - lr: 0.012500
2022-05-20 20:19:21,200 epoch 29 - iter 80/107 - loss 0.04951346 - samples/sec: 116.93 - lr: 0.012500
2022-05-20 20:19:23,314 epoch 29 - iter 90/107 - loss 0.05009936 - samples/sec: 151.45 - lr: 0.012500
2022-05-20 20:19:25,524 epoch 29 - iter 100/107 - loss 0.05082950 - samples/sec: 144.89 - lr: 0.012500
2022-05-20 20:19:26,945 ----------------------------------------------------------------------------------------------------
2022-05-20 20:19:26,946 EPOCH 29 done: loss 0.0505 - lr 0.012500
2022-05-20 20:19:34,453 Evaluating as a multi-label problem: False
2022-05-20 20:19:34,464 DEV : loss 0.20613360404968262 - f1-score (micro avg)  0.517
2022-05-20 20:19:34,532 BAD EPOCHS (no improvement): 2
2022-05-20 20:19:34,535 ----------------------------------------------------------------------------------------------------
2022-05-20 20:19:37,135 epoch 30 - iter 10/107 - loss 0.05255821 - samples/sec: 123.13 - lr: 0.012500
2022-05-20 20:19:39,574 epoch 30 - iter 20/107 - loss 0.05326809 - samples/sec: 131.25 - lr: 0.012500
2022-05-20 20:19:42,095 epoch 30 - iter 30/107 - loss 0.05079479 - samples/sec: 126.99 - lr: 0.012500
2022-05-20 20:19:44,574 epoch 30 - iter 40/107 - loss 0.05379848 - samples/sec: 129.09 - lr: 0.012500
2022-05-20 20:19:47,075 epoch 30 - iter 50/107 - loss 0.05170314 - samples/sec: 128.02 - lr: 0.012500
2022-05-20 20:19:49,485 epoch 30 - iter 60/107 - loss 0.05252449 - samples/sec: 132.80 - lr: 0.012500
2022-05-20 20:19:51,899 epoch 30 - iter 70/107 - loss 0.05332548 - samples/sec: 132.64 - lr: 0.012500
2022-05-20 20:19:54,272 epoch 30 - iter 80/107 - loss 0.05398083 - samples/sec: 134.88 - lr: 0.012500
2022-05-20 20:19:56,439 epoch 30 - iter 90/107 - loss 0.05327173 - samples/sec: 147.72 - lr: 0.012500
2022-05-20 20:19:58,744 epoch 30 - iter 100/107 - loss 0.05215616 - samples/sec: 138.88 - lr: 0.012500
2022-05-20 20:20:00,227 ----------------------------------------------------------------------------------------------------
2022-05-20 20:20:00,227 EPOCH 30 done: loss 0.0516 - lr 0.012500
2022-05-20 20:20:09,310 Evaluating as a multi-label problem: False
2022-05-20 20:20:09,320 DEV : loss 0.2069101780653 - f1-score (micro avg)  0.5106
2022-05-20 20:20:09,389 BAD EPOCHS (no improvement): 3
2022-05-20 20:20:09,391 ----------------------------------------------------------------------------------------------------
2022-05-20 20:20:11,776 epoch 31 - iter 10/107 - loss 0.04504753 - samples/sec: 134.24 - lr: 0.012500
2022-05-20 20:20:14,329 epoch 31 - iter 20/107 - loss 0.04879261 - samples/sec: 125.41 - lr: 0.012500
2022-05-20 20:20:16,768 epoch 31 - iter 30/107 - loss 0.05003814 - samples/sec: 131.23 - lr: 0.012500
2022-05-20 20:20:19,130 epoch 31 - iter 40/107 - loss 0.05368087 - samples/sec: 135.50 - lr: 0.012500
2022-05-20 20:20:21,579 epoch 31 - iter 50/107 - loss 0.05177929 - samples/sec: 130.75 - lr: 0.012500
2022-05-20 20:20:23,949 epoch 31 - iter 60/107 - loss 0.05089750 - samples/sec: 135.06 - lr: 0.012500
2022-05-20 20:20:26,364 epoch 31 - iter 70/107 - loss 0.05185548 - samples/sec: 132.55 - lr: 0.012500
2022-05-20 20:20:28,505 epoch 31 - iter 80/107 - loss 0.05145603 - samples/sec: 149.56 - lr: 0.012500
2022-05-20 20:20:30,686 epoch 31 - iter 90/107 - loss 0.05080636 - samples/sec: 146.74 - lr: 0.012500
2022-05-20 20:20:32,996 epoch 31 - iter 100/107 - loss 0.05044014 - samples/sec: 138.61 - lr: 0.012500
2022-05-20 20:20:34,058 ----------------------------------------------------------------------------------------------------
2022-05-20 20:20:34,058 EPOCH 31 done: loss 0.0504 - lr 0.012500
2022-05-20 20:20:39,271 Evaluating as a multi-label problem: False
2022-05-20 20:20:39,282 DEV : loss 0.20847001671791077 - f1-score (micro avg)  0.5077
2022-05-20 20:20:39,352 Epoch    31: reducing learning rate of group 0 to 6.2500e-03.
2022-05-20 20:20:39,353 BAD EPOCHS (no improvement): 4
2022-05-20 20:20:39,418 ----------------------------------------------------------------------------------------------------
2022-05-20 20:20:40,985 epoch 32 - iter 10/107 - loss 0.04055718 - samples/sec: 204.41 - lr: 0.006250
2022-05-20 20:20:42,553 epoch 32 - iter 20/107 - loss 0.04372455 - samples/sec: 204.26 - lr: 0.006250
2022-05-20 20:20:44,155 epoch 32 - iter 30/107 - loss 0.04704696 - samples/sec: 199.77 - lr: 0.006250
2022-05-20 20:20:45,674 epoch 32 - iter 40/107 - loss 0.04631227 - samples/sec: 210.88 - lr: 0.006250
2022-05-20 20:20:47,216 epoch 32 - iter 50/107 - loss 0.05031737 - samples/sec: 207.67 - lr: 0.006250
2022-05-20 20:20:48,726 epoch 32 - iter 60/107 - loss 0.04892240 - samples/sec: 211.99 - lr: 0.006250
2022-05-20 20:20:50,283 epoch 32 - iter 70/107 - loss 0.04811096 - samples/sec: 205.68 - lr: 0.006250
2022-05-20 20:20:53,807 epoch 32 - iter 80/107 - loss 0.04803355 - samples/sec: 90.82 - lr: 0.006250
2022-05-20 20:20:57,953 epoch 32 - iter 90/107 - loss 0.04866060 - samples/sec: 77.22 - lr: 0.006250
2022-05-20 20:21:01,780 epoch 32 - iter 100/107 - loss 0.04885990 - samples/sec: 83.62 - lr: 0.006250
2022-05-20 20:21:03,784 ----------------------------------------------------------------------------------------------------
2022-05-20 20:21:03,784 EPOCH 32 done: loss 0.0486 - lr 0.006250
2022-05-20 20:21:13,090 Evaluating as a multi-label problem: False
2022-05-20 20:21:13,100 DEV : loss 0.20358356833457947 - f1-score (micro avg)  0.5211
2022-05-20 20:21:13,170 BAD EPOCHS (no improvement): 1
2022-05-20 20:21:13,172 ----------------------------------------------------------------------------------------------------
2022-05-20 20:21:15,552 epoch 33 - iter 10/107 - loss 0.05585688 - samples/sec: 134.51 - lr: 0.006250
2022-05-20 20:21:18,106 epoch 33 - iter 20/107 - loss 0.05199943 - samples/sec: 125.32 - lr: 0.006250
2022-05-20 20:21:20,503 epoch 33 - iter 30/107 - loss 0.05416921 - samples/sec: 133.53 - lr: 0.006250
2022-05-20 20:21:23,003 epoch 33 - iter 40/107 - loss 0.05324042 - samples/sec: 128.08 - lr: 0.006250
2022-05-20 20:21:25,443 epoch 33 - iter 50/107 - loss 0.05215182 - samples/sec: 131.19 - lr: 0.006250
2022-05-20 20:21:27,890 epoch 33 - iter 60/107 - loss 0.05147078 - samples/sec: 130.82 - lr: 0.006250
2022-05-20 20:21:30,552 epoch 33 - iter 70/107 - loss 0.05053952 - samples/sec: 120.22 - lr: 0.006250
2022-05-20 20:21:33,431 epoch 33 - iter 80/107 - loss 0.04995712 - samples/sec: 111.19 - lr: 0.006250
2022-05-20 20:21:35,814 epoch 33 - iter 90/107 - loss 0.04920241 - samples/sec: 134.34 - lr: 0.006250
2022-05-20 20:21:37,927 epoch 33 - iter 100/107 - loss 0.04871290 - samples/sec: 151.50 - lr: 0.006250
2022-05-20 20:21:39,568 ----------------------------------------------------------------------------------------------------
2022-05-20 20:21:39,568 EPOCH 33 done: loss 0.0491 - lr 0.006250
2022-05-20 20:21:45,784 Evaluating as a multi-label problem: False
2022-05-20 20:21:45,794 DEV : loss 0.2074611485004425 - f1-score (micro avg)  0.5176
2022-05-20 20:21:45,863 BAD EPOCHS (no improvement): 2
2022-05-20 20:21:45,866 ----------------------------------------------------------------------------------------------------
2022-05-20 20:21:47,514 epoch 34 - iter 10/107 - loss 0.05679403 - samples/sec: 194.31 - lr: 0.006250
2022-05-20 20:21:49,166 epoch 34 - iter 20/107 - loss 0.04919204 - samples/sec: 193.74 - lr: 0.006250
2022-05-20 20:21:51,302 epoch 34 - iter 30/107 - loss 0.04790363 - samples/sec: 149.91 - lr: 0.006250
2022-05-20 20:21:53,754 epoch 34 - iter 40/107 - loss 0.04839571 - samples/sec: 130.54 - lr: 0.006250
2022-05-20 20:21:56,159 epoch 34 - iter 50/107 - loss 0.04928263 - samples/sec: 133.13 - lr: 0.006250
2022-05-20 20:21:58,603 epoch 34 - iter 60/107 - loss 0.04767309 - samples/sec: 130.97 - lr: 0.006250
2022-05-20 20:22:00,966 epoch 34 - iter 70/107 - loss 0.04727544 - samples/sec: 135.48 - lr: 0.006250
2022-05-20 20:22:03,700 epoch 34 - iter 80/107 - loss 0.04758794 - samples/sec: 117.08 - lr: 0.006250
2022-05-20 20:22:06,045 epoch 34 - iter 90/107 - loss 0.04728170 - samples/sec: 136.52 - lr: 0.006250
2022-05-20 20:22:08,529 epoch 34 - iter 100/107 - loss 0.04766014 - samples/sec: 128.85 - lr: 0.006250
2022-05-20 20:22:09,993 ----------------------------------------------------------------------------------------------------
2022-05-20 20:22:09,993 EPOCH 34 done: loss 0.0480 - lr 0.006250
2022-05-20 20:22:17,334 Evaluating as a multi-label problem: False
2022-05-20 20:22:17,345 DEV : loss 0.205466166138649 - f1-score (micro avg)  0.5233
2022-05-20 20:22:17,415 BAD EPOCHS (no improvement): 3
2022-05-20 20:22:17,417 ----------------------------------------------------------------------------------------------------
2022-05-20 20:22:19,676 epoch 35 - iter 10/107 - loss 0.04546978 - samples/sec: 141.74 - lr: 0.006250
2022-05-20 20:22:21,954 epoch 35 - iter 20/107 - loss 0.04850845 - samples/sec: 140.51 - lr: 0.006250
2022-05-20 20:22:23,583 epoch 35 - iter 30/107 - loss 0.04766795 - samples/sec: 196.60 - lr: 0.006250
2022-05-20 20:22:25,099 epoch 35 - iter 40/107 - loss 0.04516788 - samples/sec: 211.10 - lr: 0.006250
2022-05-20 20:22:26,602 epoch 35 - iter 50/107 - loss 0.04447744 - samples/sec: 213.14 - lr: 0.006250
2022-05-20 20:22:28,122 epoch 35 - iter 60/107 - loss 0.04573575 - samples/sec: 210.54 - lr: 0.006250
2022-05-20 20:22:29,779 epoch 35 - iter 70/107 - loss 0.04612008 - samples/sec: 193.29 - lr: 0.006250
2022-05-20 20:22:32,236 epoch 35 - iter 80/107 - loss 0.04680207 - samples/sec: 130.28 - lr: 0.006250
2022-05-20 20:22:35,128 epoch 35 - iter 90/107 - loss 0.04694897 - samples/sec: 110.70 - lr: 0.006250
2022-05-20 20:22:37,894 epoch 35 - iter 100/107 - loss 0.04722529 - samples/sec: 115.72 - lr: 0.006250
2022-05-20 20:22:39,729 ----------------------------------------------------------------------------------------------------
2022-05-20 20:22:39,729 EPOCH 35 done: loss 0.0479 - lr 0.006250
2022-05-20 20:22:47,519 Evaluating as a multi-label problem: False
2022-05-20 20:22:47,530 DEV : loss 0.20315280556678772 - f1-score (micro avg)  0.5237
2022-05-20 20:22:47,599 Epoch    35: reducing learning rate of group 0 to 3.1250e-03.
2022-05-20 20:22:47,599 BAD EPOCHS (no improvement): 4
2022-05-20 20:22:47,601 ----------------------------------------------------------------------------------------------------
2022-05-20 20:22:50,248 epoch 36 - iter 10/107 - loss 0.05216647 - samples/sec: 120.95 - lr: 0.003125
2022-05-20 20:22:52,694 epoch 36 - iter 20/107 - loss 0.04667980 - samples/sec: 130.88 - lr: 0.003125
2022-05-20 20:22:55,152 epoch 36 - iter 30/107 - loss 0.05017641 - samples/sec: 130.24 - lr: 0.003125
2022-05-20 20:22:57,275 epoch 36 - iter 40/107 - loss 0.04730832 - samples/sec: 150.75 - lr: 0.003125
2022-05-20 20:22:59,633 epoch 36 - iter 50/107 - loss 0.04788908 - samples/sec: 135.75 - lr: 0.003125
2022-05-20 20:23:01,887 epoch 36 - iter 60/107 - loss 0.04943163 - samples/sec: 142.05 - lr: 0.003125
2022-05-20 20:23:03,950 epoch 36 - iter 70/107 - loss 0.04884330 - samples/sec: 155.20 - lr: 0.003125
2022-05-20 20:23:05,416 epoch 36 - iter 80/107 - loss 0.04750622 - samples/sec: 218.29 - lr: 0.003125
2022-05-20 20:23:06,812 epoch 36 - iter 90/107 - loss 0.04792694 - samples/sec: 229.51 - lr: 0.003125
2022-05-20 20:23:08,356 epoch 36 - iter 100/107 - loss 0.04764998 - samples/sec: 207.27 - lr: 0.003125
2022-05-20 20:23:09,355 ----------------------------------------------------------------------------------------------------
2022-05-20 20:23:09,355 EPOCH 36 done: loss 0.0472 - lr 0.003125
2022-05-20 20:23:16,522 Evaluating as a multi-label problem: False
2022-05-20 20:23:16,533 DEV : loss 0.2060975432395935 - f1-score (micro avg)  0.5168
2022-05-20 20:23:16,603 BAD EPOCHS (no improvement): 1
2022-05-20 20:23:16,605 ----------------------------------------------------------------------------------------------------
2022-05-20 20:23:19,302 epoch 37 - iter 10/107 - loss 0.05813300 - samples/sec: 118.70 - lr: 0.003125
2022-05-20 20:23:21,746 epoch 37 - iter 20/107 - loss 0.05156437 - samples/sec: 130.98 - lr: 0.003125
2022-05-20 20:23:24,162 epoch 37 - iter 30/107 - loss 0.04789954 - samples/sec: 132.51 - lr: 0.003125
2022-05-20 20:23:26,590 epoch 37 - iter 40/107 - loss 0.04599450 - samples/sec: 131.84 - lr: 0.003125
2022-05-20 20:23:28,981 epoch 37 - iter 50/107 - loss 0.04668425 - samples/sec: 133.89 - lr: 0.003125
2022-05-20 20:23:31,597 epoch 37 - iter 60/107 - loss 0.04628992 - samples/sec: 122.38 - lr: 0.003125
2022-05-20 20:23:34,013 epoch 37 - iter 70/107 - loss 0.04593731 - samples/sec: 132.52 - lr: 0.003125
2022-05-20 20:23:36,274 epoch 37 - iter 80/107 - loss 0.04567774 - samples/sec: 141.56 - lr: 0.003125
2022-05-20 20:23:38,344 epoch 37 - iter 90/107 - loss 0.04568051 - samples/sec: 154.62 - lr: 0.003125
2022-05-20 20:23:40,516 epoch 37 - iter 100/107 - loss 0.04680537 - samples/sec: 147.40 - lr: 0.003125
2022-05-20 20:23:41,911 ----------------------------------------------------------------------------------------------------
2022-05-20 20:23:41,911 EPOCH 37 done: loss 0.0468 - lr 0.003125
2022-05-20 20:23:47,298 Evaluating as a multi-label problem: False
2022-05-20 20:23:47,309 DEV : loss 0.2070159912109375 - f1-score (micro avg)  0.5161
2022-05-20 20:23:47,378 BAD EPOCHS (no improvement): 2
2022-05-20 20:23:47,381 ----------------------------------------------------------------------------------------------------
2022-05-20 20:23:50,686 epoch 38 - iter 10/107 - loss 0.05934284 - samples/sec: 96.86 - lr: 0.003125
2022-05-20 20:23:53,119 epoch 38 - iter 20/107 - loss 0.05639732 - samples/sec: 131.59 - lr: 0.003125
2022-05-20 20:23:55,579 epoch 38 - iter 30/107 - loss 0.05366168 - samples/sec: 130.11 - lr: 0.003125
2022-05-20 20:23:57,996 epoch 38 - iter 40/107 - loss 0.04849881 - samples/sec: 132.45 - lr: 0.003125
2022-05-20 20:24:00,414 epoch 38 - iter 50/107 - loss 0.04650175 - samples/sec: 132.35 - lr: 0.003125
2022-05-20 20:24:02,896 epoch 38 - iter 60/107 - loss 0.04542945 - samples/sec: 128.98 - lr: 0.003125
2022-05-20 20:24:05,397 epoch 38 - iter 70/107 - loss 0.04419587 - samples/sec: 128.02 - lr: 0.003125
2022-05-20 20:24:07,833 epoch 38 - iter 80/107 - loss 0.04522457 - samples/sec: 131.38 - lr: 0.003125
2022-05-20 20:24:10,259 epoch 38 - iter 90/107 - loss 0.04635130 - samples/sec: 131.95 - lr: 0.003125
2022-05-20 20:24:12,761 epoch 38 - iter 100/107 - loss 0.04711087 - samples/sec: 127.94 - lr: 0.003125
2022-05-20 20:24:14,234 ----------------------------------------------------------------------------------------------------
2022-05-20 20:24:14,234 EPOCH 38 done: loss 0.0471 - lr 0.003125
2022-05-20 20:24:20,556 Evaluating as a multi-label problem: False
2022-05-20 20:24:20,566 DEV : loss 0.20631231367588043 - f1-score (micro avg)  0.5146
2022-05-20 20:24:20,635 BAD EPOCHS (no improvement): 3
2022-05-20 20:24:20,637 ----------------------------------------------------------------------------------------------------
2022-05-20 20:24:22,817 epoch 39 - iter 10/107 - loss 0.05670372 - samples/sec: 146.88 - lr: 0.003125
2022-05-20 20:24:25,262 epoch 39 - iter 20/107 - loss 0.05093306 - samples/sec: 130.93 - lr: 0.003125
2022-05-20 20:24:27,702 epoch 39 - iter 30/107 - loss 0.04782964 - samples/sec: 131.21 - lr: 0.003125
2022-05-20 20:24:30,075 epoch 39 - iter 40/107 - loss 0.04592860 - samples/sec: 134.90 - lr: 0.003125
2022-05-20 20:24:32,253 epoch 39 - iter 50/107 - loss 0.04542995 - samples/sec: 146.96 - lr: 0.003125
2022-05-20 20:24:34,730 epoch 39 - iter 60/107 - loss 0.04595483 - samples/sec: 129.25 - lr: 0.003125
2022-05-20 20:24:37,117 epoch 39 - iter 70/107 - loss 0.04632852 - samples/sec: 134.14 - lr: 0.003125
2022-05-20 20:24:39,528 epoch 39 - iter 80/107 - loss 0.04588254 - samples/sec: 132.75 - lr: 0.003125
2022-05-20 20:24:41,930 epoch 39 - iter 90/107 - loss 0.04708003 - samples/sec: 133.27 - lr: 0.003125
2022-05-20 20:24:44,647 epoch 39 - iter 100/107 - loss 0.04661352 - samples/sec: 117.85 - lr: 0.003125
2022-05-20 20:24:46,261 ----------------------------------------------------------------------------------------------------
2022-05-20 20:24:46,262 EPOCH 39 done: loss 0.0471 - lr 0.003125
2022-05-20 20:24:52,813 Evaluating as a multi-label problem: False
2022-05-20 20:24:52,824 DEV : loss 0.20330575108528137 - f1-score (micro avg)  0.5201
2022-05-20 20:24:52,893 Epoch    39: reducing learning rate of group 0 to 1.5625e-03.
2022-05-20 20:24:52,893 BAD EPOCHS (no improvement): 4
2022-05-20 20:24:52,895 ----------------------------------------------------------------------------------------------------
2022-05-20 20:24:54,910 epoch 40 - iter 10/107 - loss 0.04102183 - samples/sec: 158.90 - lr: 0.001563
2022-05-20 20:24:57,451 epoch 40 - iter 20/107 - loss 0.04011878 - samples/sec: 126.00 - lr: 0.001563
2022-05-20 20:24:59,847 epoch 40 - iter 30/107 - loss 0.04288672 - samples/sec: 133.61 - lr: 0.001563
2022-05-20 20:25:02,258 epoch 40 - iter 40/107 - loss 0.04347508 - samples/sec: 132.74 - lr: 0.001563
2022-05-20 20:25:04,701 epoch 40 - iter 50/107 - loss 0.04363155 - samples/sec: 131.03 - lr: 0.001563
2022-05-20 20:25:07,221 epoch 40 - iter 60/107 - loss 0.04581000 - samples/sec: 127.04 - lr: 0.001563
2022-05-20 20:25:09,651 epoch 40 - iter 70/107 - loss 0.04574165 - samples/sec: 131.78 - lr: 0.001563
2022-05-20 20:25:12,110 epoch 40 - iter 80/107 - loss 0.04523101 - samples/sec: 130.14 - lr: 0.001563
2022-05-20 20:25:14,514 epoch 40 - iter 90/107 - loss 0.04637591 - samples/sec: 133.15 - lr: 0.001563
2022-05-20 20:25:16,919 epoch 40 - iter 100/107 - loss 0.04685877 - samples/sec: 133.11 - lr: 0.001563
2022-05-20 20:25:18,413 ----------------------------------------------------------------------------------------------------
2022-05-20 20:25:18,414 EPOCH 40 done: loss 0.0468 - lr 0.001563
2022-05-20 20:25:25,169 Evaluating as a multi-label problem: False
2022-05-20 20:25:25,181 DEV : loss 0.20555813610553741 - f1-score (micro avg)  0.5171
2022-05-20 20:25:25,249 BAD EPOCHS (no improvement): 1
2022-05-20 20:25:25,251 ----------------------------------------------------------------------------------------------------
2022-05-20 20:25:27,359 epoch 41 - iter 10/107 - loss 0.04734088 - samples/sec: 151.90 - lr: 0.001563
2022-05-20 20:25:28,919 epoch 41 - iter 20/107 - loss 0.04825542 - samples/sec: 205.27 - lr: 0.001563
2022-05-20 20:25:30,414 epoch 41 - iter 30/107 - loss 0.04643121 - samples/sec: 214.15 - lr: 0.001563
2022-05-20 20:25:31,919 epoch 41 - iter 40/107 - loss 0.04847587 - samples/sec: 212.74 - lr: 0.001563
2022-05-20 20:25:33,471 epoch 41 - iter 50/107 - loss 0.04675958 - samples/sec: 206.23 - lr: 0.001563
2022-05-20 20:25:35,398 epoch 41 - iter 60/107 - loss 0.04748834 - samples/sec: 166.15 - lr: 0.001563
2022-05-20 20:25:37,743 epoch 41 - iter 70/107 - loss 0.04787452 - samples/sec: 136.50 - lr: 0.001563
2022-05-20 20:25:40,176 epoch 41 - iter 80/107 - loss 0.04669164 - samples/sec: 131.62 - lr: 0.001563
2022-05-20 20:25:42,884 epoch 41 - iter 90/107 - loss 0.04718832 - samples/sec: 118.17 - lr: 0.001563
2022-05-20 20:25:45,333 epoch 41 - iter 100/107 - loss 0.04663341 - samples/sec: 130.75 - lr: 0.001563
2022-05-20 20:25:46,860 ----------------------------------------------------------------------------------------------------
2022-05-20 20:25:46,860 EPOCH 41 done: loss 0.0463 - lr 0.001563
2022-05-20 20:25:54,974 Evaluating as a multi-label problem: False
2022-05-20 20:25:54,985 DEV : loss 0.20536231994628906 - f1-score (micro avg)  0.519
2022-05-20 20:25:55,054 BAD EPOCHS (no improvement): 2
2022-05-20 20:25:55,056 ----------------------------------------------------------------------------------------------------
2022-05-20 20:25:57,424 epoch 42 - iter 10/107 - loss 0.03643280 - samples/sec: 135.19 - lr: 0.001563
2022-05-20 20:25:59,894 epoch 42 - iter 20/107 - loss 0.04602295 - samples/sec: 129.62 - lr: 0.001563
2022-05-20 20:26:01,949 epoch 42 - iter 30/107 - loss 0.04885099 - samples/sec: 155.76 - lr: 0.001563
2022-05-20 20:26:04,345 epoch 42 - iter 40/107 - loss 0.04772471 - samples/sec: 133.65 - lr: 0.001563
2022-05-20 20:26:06,698 epoch 42 - iter 50/107 - loss 0.04903054 - samples/sec: 136.02 - lr: 0.001563
2022-05-20 20:26:09,108 epoch 42 - iter 60/107 - loss 0.04857163 - samples/sec: 132.85 - lr: 0.001563
2022-05-20 20:26:11,553 epoch 42 - iter 70/107 - loss 0.04848962 - samples/sec: 130.93 - lr: 0.001563
2022-05-20 20:26:13,951 epoch 42 - iter 80/107 - loss 0.04963106 - samples/sec: 133.47 - lr: 0.001563
2022-05-20 20:26:16,348 epoch 42 - iter 90/107 - loss 0.04871272 - samples/sec: 133.53 - lr: 0.001563
2022-05-20 20:26:18,810 epoch 42 - iter 100/107 - loss 0.04777686 - samples/sec: 130.04 - lr: 0.001563
2022-05-20 20:26:20,344 ----------------------------------------------------------------------------------------------------
2022-05-20 20:26:20,345 EPOCH 42 done: loss 0.0473 - lr 0.001563
2022-05-20 20:26:27,864 Evaluating as a multi-label problem: False
2022-05-20 20:26:27,874 DEV : loss 0.20637202262878418 - f1-score (micro avg)  0.5203
2022-05-20 20:26:27,943 BAD EPOCHS (no improvement): 3
2022-05-20 20:26:27,946 ----------------------------------------------------------------------------------------------------
2022-05-20 20:26:30,288 epoch 43 - iter 10/107 - loss 0.04894349 - samples/sec: 136.66 - lr: 0.001563
2022-05-20 20:26:32,749 epoch 43 - iter 20/107 - loss 0.04823592 - samples/sec: 130.11 - lr: 0.001563
2022-05-20 20:26:34,803 epoch 43 - iter 30/107 - loss 0.04631702 - samples/sec: 155.81 - lr: 0.001563
2022-05-20 20:26:36,994 epoch 43 - iter 40/107 - loss 0.04625302 - samples/sec: 146.15 - lr: 0.001563
2022-05-20 20:26:39,256 epoch 43 - iter 50/107 - loss 0.04607465 - samples/sec: 141.49 - lr: 0.001563
2022-05-20 20:26:41,721 epoch 43 - iter 60/107 - loss 0.04489986 - samples/sec: 129.87 - lr: 0.001563
2022-05-20 20:26:44,183 epoch 43 - iter 70/107 - loss 0.04485840 - samples/sec: 130.05 - lr: 0.001563
2022-05-20 20:26:46,655 epoch 43 - iter 80/107 - loss 0.04519843 - samples/sec: 129.45 - lr: 0.001563
2022-05-20 20:26:49,235 epoch 43 - iter 90/107 - loss 0.04563920 - samples/sec: 124.09 - lr: 0.001563
2022-05-20 20:26:51,620 epoch 43 - iter 100/107 - loss 0.04602167 - samples/sec: 134.25 - lr: 0.001563
2022-05-20 20:26:53,092 ----------------------------------------------------------------------------------------------------
2022-05-20 20:26:53,092 EPOCH 43 done: loss 0.0461 - lr 0.001563
2022-05-20 20:27:00,798 Evaluating as a multi-label problem: False
2022-05-20 20:27:00,809 DEV : loss 0.20686228573322296 - f1-score (micro avg)  0.518
2022-05-20 20:27:00,878 Epoch    43: reducing learning rate of group 0 to 7.8125e-04.
2022-05-20 20:27:00,878 BAD EPOCHS (no improvement): 4
2022-05-20 20:27:00,880 ----------------------------------------------------------------------------------------------------
2022-05-20 20:27:03,756 epoch 44 - iter 10/107 - loss 0.05274593 - samples/sec: 111.29 - lr: 0.000781
2022-05-20 20:27:06,246 epoch 44 - iter 20/107 - loss 0.04964813 - samples/sec: 128.58 - lr: 0.000781
2022-05-20 20:27:08,419 epoch 44 - iter 30/107 - loss 0.04703942 - samples/sec: 147.29 - lr: 0.000781
2022-05-20 20:27:10,581 epoch 44 - iter 40/107 - loss 0.04591331 - samples/sec: 148.12 - lr: 0.000781
2022-05-20 20:27:12,911 epoch 44 - iter 50/107 - loss 0.04642848 - samples/sec: 137.38 - lr: 0.000781
2022-05-20 20:27:14,744 epoch 44 - iter 60/107 - loss 0.04632296 - samples/sec: 174.59 - lr: 0.000781
2022-05-20 20:27:16,226 epoch 44 - iter 70/107 - loss 0.04516068 - samples/sec: 216.07 - lr: 0.000781
2022-05-20 20:27:17,697 epoch 44 - iter 80/107 - loss 0.04479260 - samples/sec: 217.76 - lr: 0.000781
2022-05-20 20:27:19,194 epoch 44 - iter 90/107 - loss 0.04485877 - samples/sec: 213.89 - lr: 0.000781
2022-05-20 20:27:20,776 epoch 44 - iter 100/107 - loss 0.04433842 - samples/sec: 202.32 - lr: 0.000781
2022-05-20 20:27:21,932 ----------------------------------------------------------------------------------------------------
2022-05-20 20:27:21,932 EPOCH 44 done: loss 0.0444 - lr 0.000781
2022-05-20 20:27:29,643 Evaluating as a multi-label problem: False
2022-05-20 20:27:29,654 DEV : loss 0.20674312114715576 - f1-score (micro avg)  0.518
2022-05-20 20:27:29,722 BAD EPOCHS (no improvement): 1
2022-05-20 20:27:29,724 ----------------------------------------------------------------------------------------------------
2022-05-20 20:27:32,146 epoch 45 - iter 10/107 - loss 0.04726028 - samples/sec: 132.23 - lr: 0.000781
2022-05-20 20:27:34,639 epoch 45 - iter 20/107 - loss 0.04747584 - samples/sec: 128.39 - lr: 0.000781
2022-05-20 20:27:38,364 epoch 45 - iter 30/107 - loss 0.04572001 - samples/sec: 85.91 - lr: 0.000781
2022-05-20 20:27:40,680 epoch 45 - iter 40/107 - loss 0.04532082 - samples/sec: 138.23 - lr: 0.000781
2022-05-20 20:27:43,094 epoch 45 - iter 50/107 - loss 0.04509715 - samples/sec: 132.60 - lr: 0.000781
2022-05-20 20:27:45,466 epoch 45 - iter 60/107 - loss 0.04547040 - samples/sec: 134.96 - lr: 0.000781
2022-05-20 20:27:47,597 epoch 45 - iter 70/107 - loss 0.04643890 - samples/sec: 150.24 - lr: 0.000781
2022-05-20 20:27:49,501 epoch 45 - iter 80/107 - loss 0.04594701 - samples/sec: 168.12 - lr: 0.000781
2022-05-20 20:27:51,759 epoch 45 - iter 90/107 - loss 0.04548082 - samples/sec: 141.78 - lr: 0.000781
2022-05-20 20:27:53,788 epoch 45 - iter 100/107 - loss 0.04584083 - samples/sec: 157.81 - lr: 0.000781
2022-05-20 20:27:55,470 ----------------------------------------------------------------------------------------------------
2022-05-20 20:27:55,470 EPOCH 45 done: loss 0.0455 - lr 0.000781
2022-05-20 20:28:03,244 Evaluating as a multi-label problem: False
2022-05-20 20:28:03,255 DEV : loss 0.20720791816711426 - f1-score (micro avg)  0.5176
2022-05-20 20:28:03,324 BAD EPOCHS (no improvement): 2
2022-05-20 20:28:03,325 ----------------------------------------------------------------------------------------------------
2022-05-20 20:28:05,778 epoch 46 - iter 10/107 - loss 0.04491071 - samples/sec: 130.54 - lr: 0.000781
2022-05-20 20:28:08,217 epoch 46 - iter 20/107 - loss 0.04649577 - samples/sec: 131.23 - lr: 0.000781
2022-05-20 20:28:10,605 epoch 46 - iter 30/107 - loss 0.04844543 - samples/sec: 134.08 - lr: 0.000781
2022-05-20 20:28:13,464 epoch 46 - iter 40/107 - loss 0.04746549 - samples/sec: 111.98 - lr: 0.000781
2022-05-20 20:28:16,017 epoch 46 - iter 50/107 - loss 0.04522292 - samples/sec: 125.37 - lr: 0.000781
2022-05-20 20:28:18,777 epoch 46 - iter 60/107 - loss 0.04683575 - samples/sec: 116.00 - lr: 0.000781
2022-05-20 20:28:20,876 epoch 46 - iter 70/107 - loss 0.04600344 - samples/sec: 152.48 - lr: 0.000781
2022-05-20 20:28:23,132 epoch 46 - iter 80/107 - loss 0.04571053 - samples/sec: 141.91 - lr: 0.000781
2022-05-20 20:28:25,342 epoch 46 - iter 90/107 - loss 0.04639235 - samples/sec: 144.87 - lr: 0.000781
2022-05-20 20:28:27,516 epoch 46 - iter 100/107 - loss 0.04592905 - samples/sec: 147.28 - lr: 0.000781
2022-05-20 20:28:29,255 ----------------------------------------------------------------------------------------------------
2022-05-20 20:28:29,255 EPOCH 46 done: loss 0.0462 - lr 0.000781
2022-05-20 20:28:36,835 Evaluating as a multi-label problem: False
2022-05-20 20:28:36,845 DEV : loss 0.2056729942560196 - f1-score (micro avg)  0.5186
2022-05-20 20:28:36,914 BAD EPOCHS (no improvement): 3
2022-05-20 20:28:36,917 ----------------------------------------------------------------------------------------------------
2022-05-20 20:28:39,334 epoch 47 - iter 10/107 - loss 0.04131071 - samples/sec: 132.44 - lr: 0.000781
2022-05-20 20:28:41,784 epoch 47 - iter 20/107 - loss 0.04407664 - samples/sec: 130.67 - lr: 0.000781
2022-05-20 20:28:44,185 epoch 47 - iter 30/107 - loss 0.05196961 - samples/sec: 133.35 - lr: 0.000781
2022-05-20 20:28:46,570 epoch 47 - iter 40/107 - loss 0.04943576 - samples/sec: 134.19 - lr: 0.000781
2022-05-20 20:28:48,980 epoch 47 - iter 50/107 - loss 0.04760613 - samples/sec: 132.87 - lr: 0.000781
2022-05-20 20:28:51,366 epoch 47 - iter 60/107 - loss 0.04712955 - samples/sec: 134.14 - lr: 0.000781
2022-05-20 20:28:53,573 epoch 47 - iter 70/107 - loss 0.04737945 - samples/sec: 145.08 - lr: 0.000781
2022-05-20 20:28:55,761 epoch 47 - iter 80/107 - loss 0.04661529 - samples/sec: 146.26 - lr: 0.000781
2022-05-20 20:28:58,130 epoch 47 - iter 90/107 - loss 0.04634099 - samples/sec: 135.17 - lr: 0.000781
2022-05-20 20:29:00,170 epoch 47 - iter 100/107 - loss 0.04629362 - samples/sec: 156.89 - lr: 0.000781
2022-05-20 20:29:01,072 ----------------------------------------------------------------------------------------------------
2022-05-20 20:29:01,072 EPOCH 47 done: loss 0.0458 - lr 0.000781
2022-05-20 20:29:06,687 Evaluating as a multi-label problem: False
2022-05-20 20:29:06,698 DEV : loss 0.2071806937456131 - f1-score (micro avg)  0.5133
2022-05-20 20:29:06,767 Epoch    47: reducing learning rate of group 0 to 3.9063e-04.
2022-05-20 20:29:06,767 BAD EPOCHS (no improvement): 4
2022-05-20 20:29:06,769 ----------------------------------------------------------------------------------------------------
2022-05-20 20:29:09,402 epoch 48 - iter 10/107 - loss 0.04966647 - samples/sec: 121.60 - lr: 0.000391
2022-05-20 20:29:11,806 epoch 48 - iter 20/107 - loss 0.04718046 - samples/sec: 133.13 - lr: 0.000391
2022-05-20 20:29:14,249 epoch 48 - iter 30/107 - loss 0.04943364 - samples/sec: 131.03 - lr: 0.000391
2022-05-20 20:29:16,637 epoch 48 - iter 40/107 - loss 0.04812647 - samples/sec: 134.05 - lr: 0.000391
2022-05-20 20:29:19,147 epoch 48 - iter 50/107 - loss 0.04687971 - samples/sec: 127.56 - lr: 0.000391
2022-05-20 20:29:21,539 epoch 48 - iter 60/107 - loss 0.04647376 - samples/sec: 133.79 - lr: 0.000391
2022-05-20 20:29:24,023 epoch 48 - iter 70/107 - loss 0.04603278 - samples/sec: 128.88 - lr: 0.000391
2022-05-20 20:29:26,417 epoch 48 - iter 80/107 - loss 0.04593893 - samples/sec: 133.73 - lr: 0.000391
2022-05-20 20:29:28,783 epoch 48 - iter 90/107 - loss 0.04580722 - samples/sec: 135.31 - lr: 0.000391
2022-05-20 20:29:31,221 epoch 48 - iter 100/107 - loss 0.04569015 - samples/sec: 131.28 - lr: 0.000391
2022-05-20 20:29:32,770 ----------------------------------------------------------------------------------------------------
2022-05-20 20:29:32,771 EPOCH 48 done: loss 0.0459 - lr 0.000391
2022-05-20 20:29:38,409 Evaluating as a multi-label problem: False
2022-05-20 20:29:38,419 DEV : loss 0.207406684756279 - f1-score (micro avg)  0.5152
2022-05-20 20:29:38,488 BAD EPOCHS (no improvement): 1
2022-05-20 20:29:38,490 ----------------------------------------------------------------------------------------------------
2022-05-20 20:29:40,945 epoch 49 - iter 10/107 - loss 0.04487520 - samples/sec: 130.38 - lr: 0.000391
2022-05-20 20:29:43,379 epoch 49 - iter 20/107 - loss 0.04485447 - samples/sec: 131.52 - lr: 0.000391
2022-05-20 20:29:45,778 epoch 49 - iter 30/107 - loss 0.04321101 - samples/sec: 133.44 - lr: 0.000391
2022-05-20 20:29:48,123 epoch 49 - iter 40/107 - loss 0.04110812 - samples/sec: 136.54 - lr: 0.000391
2022-05-20 20:29:50,522 epoch 49 - iter 50/107 - loss 0.04379470 - samples/sec: 133.43 - lr: 0.000391
2022-05-20 20:29:52,948 epoch 49 - iter 60/107 - loss 0.04427197 - samples/sec: 131.96 - lr: 0.000391
2022-05-20 20:29:55,538 epoch 49 - iter 70/107 - loss 0.04582900 - samples/sec: 123.56 - lr: 0.000391
2022-05-20 20:29:58,244 epoch 49 - iter 80/107 - loss 0.04493817 - samples/sec: 118.32 - lr: 0.000391
2022-05-20 20:30:00,669 epoch 49 - iter 90/107 - loss 0.04587158 - samples/sec: 132.02 - lr: 0.000391
2022-05-20 20:30:03,059 epoch 49 - iter 100/107 - loss 0.04585432 - samples/sec: 133.94 - lr: 0.000391
2022-05-20 20:30:04,582 ----------------------------------------------------------------------------------------------------
2022-05-20 20:30:04,583 EPOCH 49 done: loss 0.0453 - lr 0.000391
2022-05-20 20:30:10,501 Evaluating as a multi-label problem: False
2022-05-20 20:30:10,512 DEV : loss 0.20782053470611572 - f1-score (micro avg)  0.513
2022-05-20 20:30:10,582 BAD EPOCHS (no improvement): 2
2022-05-20 20:30:10,585 ----------------------------------------------------------------------------------------------------
2022-05-20 20:30:13,325 epoch 50 - iter 10/107 - loss 0.04511486 - samples/sec: 116.80 - lr: 0.000391
2022-05-20 20:30:15,858 epoch 50 - iter 20/107 - loss 0.04739304 - samples/sec: 126.42 - lr: 0.000391
2022-05-20 20:30:18,277 epoch 50 - iter 30/107 - loss 0.04412673 - samples/sec: 132.30 - lr: 0.000391
2022-05-20 20:30:20,726 epoch 50 - iter 40/107 - loss 0.04705105 - samples/sec: 130.72 - lr: 0.000391
2022-05-20 20:30:23,136 epoch 50 - iter 50/107 - loss 0.04646742 - samples/sec: 132.84 - lr: 0.000391
2022-05-20 20:30:25,691 epoch 50 - iter 60/107 - loss 0.04613187 - samples/sec: 125.27 - lr: 0.000391
2022-05-20 20:30:28,393 epoch 50 - iter 70/107 - loss 0.04554241 - samples/sec: 118.48 - lr: 0.000391
2022-05-20 20:30:30,861 epoch 50 - iter 80/107 - loss 0.04524494 - samples/sec: 129.71 - lr: 0.000391
2022-05-20 20:30:33,328 epoch 50 - iter 90/107 - loss 0.04527260 - samples/sec: 129.77 - lr: 0.000391
2022-05-20 20:30:35,815 epoch 50 - iter 100/107 - loss 0.04505721 - samples/sec: 128.71 - lr: 0.000391
2022-05-20 20:30:37,275 ----------------------------------------------------------------------------------------------------
2022-05-20 20:30:37,275 EPOCH 50 done: loss 0.0458 - lr 0.000391
2022-05-20 20:30:43,201 Evaluating as a multi-label problem: False
2022-05-20 20:30:43,212 DEV : loss 0.20767906308174133 - f1-score (micro avg)  0.5138
2022-05-20 20:30:43,281 BAD EPOCHS (no improvement): 3
2022-05-20 20:30:43,284 ----------------------------------------------------------------------------------------------------
2022-05-20 20:30:45,249 epoch 51 - iter 10/107 - loss 0.04706460 - samples/sec: 162.90 - lr: 0.000391
2022-05-20 20:30:47,740 epoch 51 - iter 20/107 - loss 0.04876636 - samples/sec: 128.50 - lr: 0.000391
2022-05-20 20:30:50,327 epoch 51 - iter 30/107 - loss 0.04893058 - samples/sec: 123.77 - lr: 0.000391
2022-05-20 20:30:52,780 epoch 51 - iter 40/107 - loss 0.04866958 - samples/sec: 130.49 - lr: 0.000391
2022-05-20 20:30:55,352 epoch 51 - iter 50/107 - loss 0.04808900 - samples/sec: 124.48 - lr: 0.000391
2022-05-20 20:30:57,790 epoch 51 - iter 60/107 - loss 0.04620952 - samples/sec: 131.27 - lr: 0.000391
2022-05-20 20:31:00,284 epoch 51 - iter 70/107 - loss 0.04630780 - samples/sec: 128.37 - lr: 0.000391
2022-05-20 20:31:02,739 epoch 51 - iter 80/107 - loss 0.04564907 - samples/sec: 130.36 - lr: 0.000391
2022-05-20 20:31:05,163 epoch 51 - iter 90/107 - loss 0.04461548 - samples/sec: 132.11 - lr: 0.000391
2022-05-20 20:31:07,636 epoch 51 - iter 100/107 - loss 0.04490436 - samples/sec: 129.41 - lr: 0.000391
2022-05-20 20:31:09,134 ----------------------------------------------------------------------------------------------------
2022-05-20 20:31:09,134 EPOCH 51 done: loss 0.0453 - lr 0.000391
2022-05-20 20:31:15,190 Evaluating as a multi-label problem: False
2022-05-20 20:31:15,201 DEV : loss 0.20757439732551575 - f1-score (micro avg)  0.513
2022-05-20 20:31:15,270 Epoch    51: reducing learning rate of group 0 to 1.9531e-04.
2022-05-20 20:31:15,270 BAD EPOCHS (no improvement): 4
2022-05-20 20:31:15,272 ----------------------------------------------------------------------------------------------------
2022-05-20 20:31:17,496 epoch 52 - iter 10/107 - loss 0.03694778 - samples/sec: 143.94 - lr: 0.000195
2022-05-20 20:31:19,924 epoch 52 - iter 20/107 - loss 0.04151832 - samples/sec: 131.86 - lr: 0.000195
2022-05-20 20:31:22,405 epoch 52 - iter 30/107 - loss 0.04355949 - samples/sec: 129.05 - lr: 0.000195
2022-05-20 20:31:24,798 epoch 52 - iter 40/107 - loss 0.04681985 - samples/sec: 133.76 - lr: 0.000195
2022-05-20 20:31:28,607 epoch 52 - iter 50/107 - loss 0.04723793 - samples/sec: 84.03 - lr: 0.000195
2022-05-20 20:31:31,048 epoch 52 - iter 60/107 - loss 0.04751341 - samples/sec: 131.16 - lr: 0.000195
2022-05-20 20:31:33,498 epoch 52 - iter 70/107 - loss 0.04766611 - samples/sec: 130.67 - lr: 0.000195
2022-05-20 20:31:35,897 epoch 52 - iter 80/107 - loss 0.04741310 - samples/sec: 133.42 - lr: 0.000195
2022-05-20 20:31:38,394 epoch 52 - iter 90/107 - loss 0.04813379 - samples/sec: 128.17 - lr: 0.000195
2022-05-20 20:31:40,799 epoch 52 - iter 100/107 - loss 0.04811721 - samples/sec: 133.12 - lr: 0.000195
2022-05-20 20:31:42,141 ----------------------------------------------------------------------------------------------------
2022-05-20 20:31:42,141 EPOCH 52 done: loss 0.0477 - lr 0.000195
2022-05-20 20:31:48,343 Evaluating as a multi-label problem: False
2022-05-20 20:31:48,353 DEV : loss 0.20762154459953308 - f1-score (micro avg)  0.513
2022-05-20 20:31:48,421 BAD EPOCHS (no improvement): 1
2022-05-20 20:31:48,423 ----------------------------------------------------------------------------------------------------
2022-05-20 20:31:51,241 epoch 53 - iter 10/107 - loss 0.04676632 - samples/sec: 113.59 - lr: 0.000195
2022-05-20 20:31:53,911 epoch 53 - iter 20/107 - loss 0.04495098 - samples/sec: 119.90 - lr: 0.000195
2022-05-20 20:31:56,333 epoch 53 - iter 30/107 - loss 0.04598499 - samples/sec: 132.19 - lr: 0.000195
2022-05-20 20:31:58,945 epoch 53 - iter 40/107 - loss 0.04766434 - samples/sec: 122.53 - lr: 0.000195
2022-05-20 20:32:01,334 epoch 53 - iter 50/107 - loss 0.04471435 - samples/sec: 134.04 - lr: 0.000195
2022-05-20 20:32:03,810 epoch 53 - iter 60/107 - loss 0.04587303 - samples/sec: 129.26 - lr: 0.000195
2022-05-20 20:32:06,193 epoch 53 - iter 70/107 - loss 0.04617014 - samples/sec: 134.31 - lr: 0.000195
2022-05-20 20:32:08,712 epoch 53 - iter 80/107 - loss 0.04675624 - samples/sec: 127.08 - lr: 0.000195
2022-05-20 20:32:11,048 epoch 53 - iter 90/107 - loss 0.04634973 - samples/sec: 137.09 - lr: 0.000195
2022-05-20 20:32:13,455 epoch 53 - iter 100/107 - loss 0.04560310 - samples/sec: 132.96 - lr: 0.000195
2022-05-20 20:32:14,742 ----------------------------------------------------------------------------------------------------
2022-05-20 20:32:14,742 EPOCH 53 done: loss 0.0455 - lr 0.000195
2022-05-20 20:32:21,030 Evaluating as a multi-label problem: False
2022-05-20 20:32:21,040 DEV : loss 0.20729446411132812 - f1-score (micro avg)  0.513
2022-05-20 20:32:21,109 BAD EPOCHS (no improvement): 2
2022-05-20 20:32:21,111 ----------------------------------------------------------------------------------------------------
2022-05-20 20:32:24,032 epoch 54 - iter 10/107 - loss 0.04148223 - samples/sec: 109.61 - lr: 0.000195
2022-05-20 20:32:26,498 epoch 54 - iter 20/107 - loss 0.04403408 - samples/sec: 129.79 - lr: 0.000195
2022-05-20 20:32:28,875 epoch 54 - iter 30/107 - loss 0.04699477 - samples/sec: 134.68 - lr: 0.000195
2022-05-20 20:32:31,559 epoch 54 - iter 40/107 - loss 0.04864884 - samples/sec: 119.28 - lr: 0.000195
2022-05-20 20:32:33,909 epoch 54 - iter 50/107 - loss 0.04730856 - samples/sec: 136.23 - lr: 0.000195
2022-05-20 20:32:36,293 epoch 54 - iter 60/107 - loss 0.04797242 - samples/sec: 134.26 - lr: 0.000195
2022-05-20 20:32:38,721 epoch 54 - iter 70/107 - loss 0.04771961 - samples/sec: 131.85 - lr: 0.000195
2022-05-20 20:32:41,215 epoch 54 - iter 80/107 - loss 0.04710208 - samples/sec: 128.35 - lr: 0.000195
2022-05-20 20:32:43,735 epoch 54 - iter 90/107 - loss 0.04640574 - samples/sec: 127.03 - lr: 0.000195
2022-05-20 20:32:46,126 epoch 54 - iter 100/107 - loss 0.04666457 - samples/sec: 133.90 - lr: 0.000195
2022-05-20 20:32:47,354 ----------------------------------------------------------------------------------------------------
2022-05-20 20:32:47,354 EPOCH 54 done: loss 0.0461 - lr 0.000195
2022-05-20 20:32:53,832 Evaluating as a multi-label problem: False
2022-05-20 20:32:53,843 DEV : loss 0.20761758089065552 - f1-score (micro avg)  0.5119
2022-05-20 20:32:53,912 BAD EPOCHS (no improvement): 3
2022-05-20 20:32:53,925 ----------------------------------------------------------------------------------------------------
2022-05-20 20:32:56,398 epoch 55 - iter 10/107 - loss 0.04176788 - samples/sec: 129.45 - lr: 0.000195
2022-05-20 20:32:58,861 epoch 55 - iter 20/107 - loss 0.04561224 - samples/sec: 130.00 - lr: 0.000195
2022-05-20 20:33:01,517 epoch 55 - iter 30/107 - loss 0.04553883 - samples/sec: 120.52 - lr: 0.000195
2022-05-20 20:33:04,156 epoch 55 - iter 40/107 - loss 0.04523532 - samples/sec: 121.27 - lr: 0.000195
2022-05-20 20:33:06,492 epoch 55 - iter 50/107 - loss 0.04652662 - samples/sec: 137.03 - lr: 0.000195
2022-05-20 20:33:08,864 epoch 55 - iter 60/107 - loss 0.04610883 - samples/sec: 134.97 - lr: 0.000195
2022-05-20 20:33:11,254 epoch 55 - iter 70/107 - loss 0.04478989 - samples/sec: 133.95 - lr: 0.000195
2022-05-20 20:33:13,698 epoch 55 - iter 80/107 - loss 0.04463291 - samples/sec: 130.98 - lr: 0.000195
2022-05-20 20:33:16,141 epoch 55 - iter 90/107 - loss 0.04589558 - samples/sec: 131.02 - lr: 0.000195
2022-05-20 20:33:18,490 epoch 55 - iter 100/107 - loss 0.04583976 - samples/sec: 136.25 - lr: 0.000195
2022-05-20 20:33:19,794 ----------------------------------------------------------------------------------------------------
2022-05-20 20:33:19,794 EPOCH 55 done: loss 0.0460 - lr 0.000195
2022-05-20 20:33:26,144 Evaluating as a multi-label problem: False
2022-05-20 20:33:26,155 DEV : loss 0.20729689300060272 - f1-score (micro avg)  0.513
2022-05-20 20:33:26,224 Epoch    55: reducing learning rate of group 0 to 9.7656e-05.
2022-05-20 20:33:26,224 BAD EPOCHS (no improvement): 4
2022-05-20 20:33:26,225 ----------------------------------------------------------------------------------------------------
2022-05-20 20:33:26,225 ----------------------------------------------------------------------------------------------------
2022-05-20 20:33:26,225 learning rate too small - quitting training!
2022-05-20 20:33:26,226 ----------------------------------------------------------------------------------------------------
2022-05-20 20:33:36,174 ----------------------------------------------------------------------------------------------------
2022-05-20 20:33:36,174 loading file resources/taggers/model_03_r12_run_2/best-model.pt
2022-05-20 20:33:44,350 SequenceTagger predicts: Dictionary with 27 tags: O, S-person, B-person, E-person, I-person, S-location, B-location, E-location, I-location, S-group, B-group, E-group, I-group, S-corporation, B-corporation, E-corporation, I-corporation, S-product, B-product, E-product, I-product, S-creative-work, B-creative-work, E-creative-work, I-creative-work, <START>, <STOP>
2022-05-20 20:34:04,605 Evaluating as a multi-label problem: False
2022-05-20 20:34:04,618 0.6585	0.3234	0.4338	0.295
2022-05-20 20:34:04,618 
Results:
- F-score (micro) 0.4338
- F-score (macro) 0.3076
- Accuracy 0.295

By class:
               precision    recall  f1-score   support

       person     0.7724    0.4825    0.5940       429
     location     0.6103    0.5533    0.5804       150
        group     0.5517    0.1939    0.2870       165
creative-work     0.5143    0.1268    0.2034       142
      product     0.2000    0.0315    0.0544       127
  corporation     0.3846    0.0758    0.1266        66

    micro avg     0.6585    0.3234    0.4338      1079
    macro avg     0.5056    0.2440    0.3076      1079
 weighted avg     0.5911    0.3234    0.4016      1079

2022-05-20 20:34:04,618 ----------------------------------------------------------------------------------------------------
