2022-04-28 20:56:16,221 ----------------------------------------------------------------------------------------------------
2022-04-28 20:56:16,222 Model: "SequenceTagger(
  (embeddings): StackedEmbeddings(
    (list_embedding_0): GazetteerEmbeddings()
    (list_embedding_1): FlairEmbeddings(
      (lm): LanguageModel(
        (drop): Dropout(p=0.05, inplace=False)
        (encoder): Embedding(300, 100)
        (rnn): LSTM(100, 2048)
        (decoder): Linear(in_features=2048, out_features=300, bias=True)
      )
    )
    (list_embedding_2): FlairEmbeddings(
      (lm): LanguageModel(
        (drop): Dropout(p=0.05, inplace=False)
        (encoder): Embedding(300, 100)
        (rnn): LSTM(100, 2048)
        (decoder): Linear(in_features=2048, out_features=300, bias=True)
      )
    )
  )
  (word_dropout): WordDropout(p=0.05)
  (locked_dropout): LockedDropout(p=0.5)
  (embedding2nn): Linear(in_features=4797, out_features=4797, bias=True)
  (rnn): LSTM(4797, 256, batch_first=True, bidirectional=True)
  (linear): Linear(in_features=512, out_features=27, bias=True)
  (loss_function): ViterbiLoss()
  (crf): CRF()
)"
2022-04-28 20:56:16,222 ----------------------------------------------------------------------------------------------------
2022-04-28 20:56:16,222 Corpus: "Corpus: 3394 train + 1009 dev + 1287 test sentences"
2022-04-28 20:56:16,222 ----------------------------------------------------------------------------------------------------
2022-04-28 20:56:16,222 Parameters:
2022-04-28 20:56:16,222  - learning_rate: "0.100000"
2022-04-28 20:56:16,222  - mini_batch_size: "32"
2022-04-28 20:56:16,222  - patience: "3"
2022-04-28 20:56:16,222  - anneal_factor: "0.5"
2022-04-28 20:56:16,222  - max_epochs: "150"
2022-04-28 20:56:16,222  - shuffle: "True"
2022-04-28 20:56:16,222  - train_with_dev: "False"
2022-04-28 20:56:16,222  - batch_growth_annealing: "False"
2022-04-28 20:56:16,222 ----------------------------------------------------------------------------------------------------
2022-04-28 20:56:16,222 Model training base path: "resources/taggers/model_05_r5_run_3"
2022-04-28 20:56:16,222 ----------------------------------------------------------------------------------------------------
2022-04-28 20:56:16,222 Device: cuda:0
2022-04-28 20:56:16,222 ----------------------------------------------------------------------------------------------------
2022-04-28 20:56:16,222 Embeddings storage mode: cpu
2022-04-28 20:56:16,222 ----------------------------------------------------------------------------------------------------
2022-04-28 20:56:20,903 epoch 1 - iter 10/107 - loss 1.37965942 - samples/sec: 68.38 - lr: 0.100000
2022-04-28 20:56:26,188 epoch 1 - iter 20/107 - loss 0.83498509 - samples/sec: 60.55 - lr: 0.100000
2022-04-28 20:56:31,230 epoch 1 - iter 30/107 - loss 0.65142534 - samples/sec: 63.48 - lr: 0.100000
2022-04-28 20:56:35,608 epoch 1 - iter 40/107 - loss 0.55273824 - samples/sec: 73.11 - lr: 0.100000
2022-04-28 20:56:39,775 epoch 1 - iter 50/107 - loss 0.48675021 - samples/sec: 76.82 - lr: 0.100000
2022-04-28 20:56:44,008 epoch 1 - iter 60/107 - loss 0.45407130 - samples/sec: 75.61 - lr: 0.100000
2022-04-28 20:56:48,603 epoch 1 - iter 70/107 - loss 0.42906829 - samples/sec: 69.65 - lr: 0.100000
2022-04-28 20:56:52,834 epoch 1 - iter 80/107 - loss 0.41436768 - samples/sec: 75.66 - lr: 0.100000
2022-04-28 20:56:56,747 epoch 1 - iter 90/107 - loss 0.40641062 - samples/sec: 81.80 - lr: 0.100000
2022-04-28 20:57:00,864 epoch 1 - iter 100/107 - loss 0.39555099 - samples/sec: 77.75 - lr: 0.100000
2022-04-28 20:57:03,343 ----------------------------------------------------------------------------------------------------
2022-04-28 20:57:03,343 EPOCH 1 done: loss 0.3864 - lr 0.100000
2022-04-28 20:57:17,287 Evaluating as a multi-label problem: False
2022-04-28 20:57:17,298 DEV : loss 0.4707801640033722 - f1-score (micro avg)  0.0353
2022-04-28 20:57:17,369 BAD EPOCHS (no improvement): 0
2022-04-28 20:57:17,371 saving best model
2022-04-28 20:57:36,168 ----------------------------------------------------------------------------------------------------
2022-04-28 20:57:40,816 epoch 2 - iter 10/107 - loss 0.17065007 - samples/sec: 68.87 - lr: 0.100000
2022-04-28 20:57:45,537 epoch 2 - iter 20/107 - loss 0.17348887 - samples/sec: 67.80 - lr: 0.100000
2022-04-28 20:57:50,245 epoch 2 - iter 30/107 - loss 0.20931861 - samples/sec: 67.98 - lr: 0.100000
2022-04-28 20:57:54,725 epoch 2 - iter 40/107 - loss 0.21147172 - samples/sec: 71.44 - lr: 0.100000
2022-04-28 20:57:59,183 epoch 2 - iter 50/107 - loss 0.21269162 - samples/sec: 71.80 - lr: 0.100000
2022-04-28 20:58:03,679 epoch 2 - iter 60/107 - loss 0.21050355 - samples/sec: 71.19 - lr: 0.100000
2022-04-28 20:58:07,736 epoch 2 - iter 70/107 - loss 0.20425233 - samples/sec: 78.91 - lr: 0.100000
2022-04-28 20:58:11,938 epoch 2 - iter 80/107 - loss 0.20473303 - samples/sec: 76.17 - lr: 0.100000
2022-04-28 20:58:16,188 epoch 2 - iter 90/107 - loss 0.20425866 - samples/sec: 75.31 - lr: 0.100000
2022-04-28 20:58:21,169 epoch 2 - iter 100/107 - loss 0.20082042 - samples/sec: 64.26 - lr: 0.100000
2022-04-28 20:58:23,942 ----------------------------------------------------------------------------------------------------
2022-04-28 20:58:23,942 EPOCH 2 done: loss 0.1979 - lr 0.100000
2022-04-28 20:58:36,509 Evaluating as a multi-label problem: False
2022-04-28 20:58:36,519 DEV : loss 0.3191429376602173 - f1-score (micro avg)  0.3652
2022-04-28 20:58:36,590 BAD EPOCHS (no improvement): 0
2022-04-28 20:58:36,670 saving best model
2022-04-28 20:58:55,703 ----------------------------------------------------------------------------------------------------
2022-04-28 20:59:00,373 epoch 3 - iter 10/107 - loss 0.18996691 - samples/sec: 68.55 - lr: 0.100000
2022-04-28 20:59:04,616 epoch 3 - iter 20/107 - loss 0.18031637 - samples/sec: 75.43 - lr: 0.100000
2022-04-28 20:59:08,821 epoch 3 - iter 30/107 - loss 0.17854454 - samples/sec: 76.11 - lr: 0.100000
2022-04-28 20:59:13,809 epoch 3 - iter 40/107 - loss 0.17485389 - samples/sec: 64.17 - lr: 0.100000
2022-04-28 20:59:18,359 epoch 3 - iter 50/107 - loss 0.17285195 - samples/sec: 70.35 - lr: 0.100000
2022-04-28 20:59:23,161 epoch 3 - iter 60/107 - loss 0.17109537 - samples/sec: 66.65 - lr: 0.100000
2022-04-28 20:59:28,141 epoch 3 - iter 70/107 - loss 0.16642295 - samples/sec: 64.28 - lr: 0.100000
2022-04-28 20:59:32,897 epoch 3 - iter 80/107 - loss 0.16454813 - samples/sec: 67.30 - lr: 0.100000
2022-04-28 20:59:37,131 epoch 3 - iter 90/107 - loss 0.16699216 - samples/sec: 75.58 - lr: 0.100000
2022-04-28 20:59:41,332 epoch 3 - iter 100/107 - loss 0.16556327 - samples/sec: 76.21 - lr: 0.100000
2022-04-28 20:59:43,841 ----------------------------------------------------------------------------------------------------
2022-04-28 20:59:43,841 EPOCH 3 done: loss 0.1645 - lr 0.100000
2022-04-28 20:59:57,469 Evaluating as a multi-label problem: False
2022-04-28 20:59:57,480 DEV : loss 0.32820630073547363 - f1-score (micro avg)  0.2942
2022-04-28 20:59:57,551 BAD EPOCHS (no improvement): 1
2022-04-28 20:59:57,603 ----------------------------------------------------------------------------------------------------
2022-04-28 21:00:02,118 epoch 4 - iter 10/107 - loss 0.13193386 - samples/sec: 70.89 - lr: 0.100000
2022-04-28 21:00:06,570 epoch 4 - iter 20/107 - loss 0.14534054 - samples/sec: 71.90 - lr: 0.100000
2022-04-28 21:00:11,027 epoch 4 - iter 30/107 - loss 0.16357555 - samples/sec: 71.81 - lr: 0.100000
2022-04-28 21:00:15,651 epoch 4 - iter 40/107 - loss 0.16190788 - samples/sec: 69.23 - lr: 0.100000
2022-04-28 21:00:20,075 epoch 4 - iter 50/107 - loss 0.15951060 - samples/sec: 72.34 - lr: 0.100000
2022-04-28 21:00:24,742 epoch 4 - iter 60/107 - loss 0.15439444 - samples/sec: 68.58 - lr: 0.100000
2022-04-28 21:00:28,703 epoch 4 - iter 70/107 - loss 0.15165485 - samples/sec: 80.81 - lr: 0.100000
2022-04-28 21:00:32,922 epoch 4 - iter 80/107 - loss 0.15302148 - samples/sec: 75.87 - lr: 0.100000
2022-04-28 21:00:37,124 epoch 4 - iter 90/107 - loss 0.14965234 - samples/sec: 76.16 - lr: 0.100000
2022-04-28 21:00:42,056 epoch 4 - iter 100/107 - loss 0.15122482 - samples/sec: 64.90 - lr: 0.100000
2022-04-28 21:00:45,227 ----------------------------------------------------------------------------------------------------
2022-04-28 21:00:45,228 EPOCH 4 done: loss 0.1495 - lr 0.100000
2022-04-28 21:00:59,197 Evaluating as a multi-label problem: False
2022-04-28 21:00:59,208 DEV : loss 0.22962652146816254 - f1-score (micro avg)  0.4867
2022-04-28 21:00:59,280 BAD EPOCHS (no improvement): 0
2022-04-28 21:00:59,283 saving best model
2022-04-28 21:01:18,064 ----------------------------------------------------------------------------------------------------
2022-04-28 21:01:22,401 epoch 5 - iter 10/107 - loss 0.14022834 - samples/sec: 73.80 - lr: 0.100000
2022-04-28 21:01:27,149 epoch 5 - iter 20/107 - loss 0.13007035 - samples/sec: 67.42 - lr: 0.100000
2022-04-28 21:01:32,167 epoch 5 - iter 30/107 - loss 0.12372179 - samples/sec: 63.78 - lr: 0.100000
2022-04-28 21:01:36,959 epoch 5 - iter 40/107 - loss 0.12598221 - samples/sec: 66.79 - lr: 0.100000
2022-04-28 21:01:41,883 epoch 5 - iter 50/107 - loss 0.13369304 - samples/sec: 65.01 - lr: 0.100000
2022-04-28 21:01:46,743 epoch 5 - iter 60/107 - loss 0.13196906 - samples/sec: 65.86 - lr: 0.100000
2022-04-28 21:01:51,383 epoch 5 - iter 70/107 - loss 0.13149989 - samples/sec: 68.97 - lr: 0.100000
2022-04-28 21:01:56,117 epoch 5 - iter 80/107 - loss 0.13253932 - samples/sec: 67.63 - lr: 0.100000
2022-04-28 21:02:00,399 epoch 5 - iter 90/107 - loss 0.13408039 - samples/sec: 74.75 - lr: 0.100000
2022-04-28 21:02:04,049 epoch 5 - iter 100/107 - loss 0.13221704 - samples/sec: 87.68 - lr: 0.100000
2022-04-28 21:02:06,440 ----------------------------------------------------------------------------------------------------
2022-04-28 21:02:06,441 EPOCH 5 done: loss 0.1341 - lr 0.100000
2022-04-28 21:02:20,363 Evaluating as a multi-label problem: False
2022-04-28 21:02:20,374 DEV : loss 0.20114755630493164 - f1-score (micro avg)  0.5363
2022-04-28 21:02:20,448 BAD EPOCHS (no improvement): 0
2022-04-28 21:02:20,451 saving best model
2022-04-28 21:02:40,440 ----------------------------------------------------------------------------------------------------
2022-04-28 21:02:44,671 epoch 6 - iter 10/107 - loss 0.11540698 - samples/sec: 75.67 - lr: 0.100000
2022-04-28 21:02:49,502 epoch 6 - iter 20/107 - loss 0.12622399 - samples/sec: 66.26 - lr: 0.100000
2022-04-28 21:02:54,535 epoch 6 - iter 30/107 - loss 0.12838101 - samples/sec: 63.59 - lr: 0.100000
2022-04-28 21:02:59,076 epoch 6 - iter 40/107 - loss 0.12710867 - samples/sec: 70.49 - lr: 0.100000
2022-04-28 21:03:03,757 epoch 6 - iter 50/107 - loss 0.12316120 - samples/sec: 68.38 - lr: 0.100000
2022-04-28 21:03:08,633 epoch 6 - iter 60/107 - loss 0.12197008 - samples/sec: 65.64 - lr: 0.100000
2022-04-28 21:03:13,225 epoch 6 - iter 70/107 - loss 0.12311501 - samples/sec: 69.71 - lr: 0.100000
2022-04-28 21:03:18,059 epoch 6 - iter 80/107 - loss 0.12422684 - samples/sec: 66.21 - lr: 0.100000
2022-04-28 21:03:22,721 epoch 6 - iter 90/107 - loss 0.12318295 - samples/sec: 68.65 - lr: 0.100000
2022-04-28 21:03:26,933 epoch 6 - iter 100/107 - loss 0.12334602 - samples/sec: 75.99 - lr: 0.100000
2022-04-28 21:03:29,471 ----------------------------------------------------------------------------------------------------
2022-04-28 21:03:29,472 EPOCH 6 done: loss 0.1230 - lr 0.100000
2022-04-28 21:03:41,982 Evaluating as a multi-label problem: False
2022-04-28 21:03:41,993 DEV : loss 0.22848741710186005 - f1-score (micro avg)  0.4592
2022-04-28 21:03:42,064 BAD EPOCHS (no improvement): 1
2022-04-28 21:03:42,074 ----------------------------------------------------------------------------------------------------
2022-04-28 21:03:46,728 epoch 7 - iter 10/107 - loss 0.11574407 - samples/sec: 68.79 - lr: 0.100000
2022-04-28 21:03:51,591 epoch 7 - iter 20/107 - loss 0.09516104 - samples/sec: 65.81 - lr: 0.100000
2022-04-28 21:03:56,299 epoch 7 - iter 30/107 - loss 0.10122229 - samples/sec: 67.98 - lr: 0.100000
2022-04-28 21:04:00,806 epoch 7 - iter 40/107 - loss 0.10425228 - samples/sec: 71.02 - lr: 0.100000
2022-04-28 21:04:05,713 epoch 7 - iter 50/107 - loss 0.10804451 - samples/sec: 65.23 - lr: 0.100000
2022-04-28 21:04:10,824 epoch 7 - iter 60/107 - loss 0.10847893 - samples/sec: 62.62 - lr: 0.100000
2022-04-28 21:04:15,228 epoch 7 - iter 70/107 - loss 0.11420076 - samples/sec: 72.69 - lr: 0.100000
2022-04-28 21:04:19,440 epoch 7 - iter 80/107 - loss 0.11463262 - samples/sec: 75.99 - lr: 0.100000
2022-04-28 21:04:23,616 epoch 7 - iter 90/107 - loss 0.11547565 - samples/sec: 76.64 - lr: 0.100000
2022-04-28 21:04:28,428 epoch 7 - iter 100/107 - loss 0.11687884 - samples/sec: 66.52 - lr: 0.100000
2022-04-28 21:04:31,333 ----------------------------------------------------------------------------------------------------
2022-04-28 21:04:31,333 EPOCH 7 done: loss 0.1162 - lr 0.100000
2022-04-28 21:04:46,208 Evaluating as a multi-label problem: False
2022-04-28 21:04:46,218 DEV : loss 0.22383619844913483 - f1-score (micro avg)  0.4751
2022-04-28 21:04:46,289 BAD EPOCHS (no improvement): 2
2022-04-28 21:04:46,292 ----------------------------------------------------------------------------------------------------
2022-04-28 21:04:51,033 epoch 8 - iter 10/107 - loss 0.11012804 - samples/sec: 67.50 - lr: 0.100000
2022-04-28 21:04:55,724 epoch 8 - iter 20/107 - loss 0.11275724 - samples/sec: 68.24 - lr: 0.100000
2022-04-28 21:05:00,373 epoch 8 - iter 30/107 - loss 0.11154380 - samples/sec: 68.84 - lr: 0.100000
2022-04-28 21:05:04,642 epoch 8 - iter 40/107 - loss 0.11405784 - samples/sec: 74.98 - lr: 0.100000
2022-04-28 21:05:08,780 epoch 8 - iter 50/107 - loss 0.11529238 - samples/sec: 77.34 - lr: 0.100000
2022-04-28 21:05:12,859 epoch 8 - iter 60/107 - loss 0.10919781 - samples/sec: 78.49 - lr: 0.100000
2022-04-28 21:05:17,387 epoch 8 - iter 70/107 - loss 0.10934620 - samples/sec: 70.69 - lr: 0.100000
2022-04-28 21:05:22,116 epoch 8 - iter 80/107 - loss 0.10902277 - samples/sec: 67.68 - lr: 0.100000
2022-04-28 21:05:27,003 epoch 8 - iter 90/107 - loss 0.10882307 - samples/sec: 65.50 - lr: 0.100000
2022-04-28 21:05:31,914 epoch 8 - iter 100/107 - loss 0.10882341 - samples/sec: 65.18 - lr: 0.100000
2022-04-28 21:05:34,824 ----------------------------------------------------------------------------------------------------
2022-04-28 21:05:34,824 EPOCH 8 done: loss 0.1080 - lr 0.100000
2022-04-28 21:05:48,610 Evaluating as a multi-label problem: False
2022-04-28 21:05:48,621 DEV : loss 0.21981234848499298 - f1-score (micro avg)  0.5096
2022-04-28 21:05:48,692 BAD EPOCHS (no improvement): 3
2022-04-28 21:05:48,706 ----------------------------------------------------------------------------------------------------
2022-04-28 21:05:52,828 epoch 9 - iter 10/107 - loss 0.09799597 - samples/sec: 77.67 - lr: 0.100000
2022-04-28 21:05:56,804 epoch 9 - iter 20/107 - loss 0.09710940 - samples/sec: 80.49 - lr: 0.100000
2022-04-28 21:06:00,417 epoch 9 - iter 30/107 - loss 0.10347391 - samples/sec: 88.60 - lr: 0.100000
2022-04-28 21:06:04,597 epoch 9 - iter 40/107 - loss 0.10559319 - samples/sec: 76.57 - lr: 0.100000
2022-04-28 21:06:09,064 epoch 9 - iter 50/107 - loss 0.10167440 - samples/sec: 71.65 - lr: 0.100000
2022-04-28 21:06:14,036 epoch 9 - iter 60/107 - loss 0.10149640 - samples/sec: 64.37 - lr: 0.100000
2022-04-28 21:06:18,617 epoch 9 - iter 70/107 - loss 0.09845415 - samples/sec: 69.87 - lr: 0.100000
2022-04-28 21:06:23,760 epoch 9 - iter 80/107 - loss 0.10017393 - samples/sec: 62.24 - lr: 0.100000
2022-04-28 21:06:28,525 epoch 9 - iter 90/107 - loss 0.10211105 - samples/sec: 67.18 - lr: 0.100000
2022-04-28 21:06:33,725 epoch 9 - iter 100/107 - loss 0.10055334 - samples/sec: 61.55 - lr: 0.100000
2022-04-28 21:06:36,575 ----------------------------------------------------------------------------------------------------
2022-04-28 21:06:36,576 EPOCH 9 done: loss 0.1011 - lr 0.100000
2022-04-28 21:06:49,667 Evaluating as a multi-label problem: False
2022-04-28 21:06:49,679 DEV : loss 0.18849901854991913 - f1-score (micro avg)  0.54
2022-04-28 21:06:49,751 BAD EPOCHS (no improvement): 0
2022-04-28 21:06:49,753 saving best model
2022-04-28 21:07:10,135 ----------------------------------------------------------------------------------------------------
2022-04-28 21:07:15,376 epoch 10 - iter 10/107 - loss 0.09469635 - samples/sec: 61.09 - lr: 0.100000
2022-04-28 21:07:20,241 epoch 10 - iter 20/107 - loss 0.09710161 - samples/sec: 65.79 - lr: 0.100000
2022-04-28 21:07:24,544 epoch 10 - iter 30/107 - loss 0.09657714 - samples/sec: 74.38 - lr: 0.100000
2022-04-28 21:07:28,936 epoch 10 - iter 40/107 - loss 0.09488393 - samples/sec: 72.88 - lr: 0.100000
2022-04-28 21:07:33,611 epoch 10 - iter 50/107 - loss 0.09844906 - samples/sec: 68.46 - lr: 0.100000
2022-04-28 21:07:38,698 epoch 10 - iter 60/107 - loss 0.09783224 - samples/sec: 62.92 - lr: 0.100000
2022-04-28 21:07:43,988 epoch 10 - iter 70/107 - loss 0.09786316 - samples/sec: 60.50 - lr: 0.100000
2022-04-28 21:07:48,887 epoch 10 - iter 80/107 - loss 0.09920715 - samples/sec: 65.34 - lr: 0.100000
2022-04-28 21:07:54,000 epoch 10 - iter 90/107 - loss 0.09825026 - samples/sec: 62.60 - lr: 0.100000
2022-04-28 21:07:58,972 epoch 10 - iter 100/107 - loss 0.09715839 - samples/sec: 64.38 - lr: 0.100000
2022-04-28 21:08:01,744 ----------------------------------------------------------------------------------------------------
2022-04-28 21:08:01,745 EPOCH 10 done: loss 0.0951 - lr 0.100000
2022-04-28 21:08:14,948 Evaluating as a multi-label problem: False
2022-04-28 21:08:14,960 DEV : loss 0.19755777716636658 - f1-score (micro avg)  0.5289
2022-04-28 21:08:15,043 BAD EPOCHS (no improvement): 1
2022-04-28 21:08:15,046 ----------------------------------------------------------------------------------------------------
2022-04-28 21:08:19,583 epoch 11 - iter 10/107 - loss 0.08699859 - samples/sec: 70.55 - lr: 0.100000
2022-04-28 21:08:24,502 epoch 11 - iter 20/107 - loss 0.08043747 - samples/sec: 65.07 - lr: 0.100000
2022-04-28 21:08:29,570 epoch 11 - iter 30/107 - loss 0.08392613 - samples/sec: 63.16 - lr: 0.100000
2022-04-28 21:08:34,456 epoch 11 - iter 40/107 - loss 0.08619502 - samples/sec: 65.51 - lr: 0.100000
2022-04-28 21:08:39,360 epoch 11 - iter 50/107 - loss 0.08834370 - samples/sec: 65.27 - lr: 0.100000
2022-04-28 21:08:44,570 epoch 11 - iter 60/107 - loss 0.08857087 - samples/sec: 61.43 - lr: 0.100000
2022-04-28 21:08:49,134 epoch 11 - iter 70/107 - loss 0.08938148 - samples/sec: 70.14 - lr: 0.100000
2022-04-28 21:08:53,929 epoch 11 - iter 80/107 - loss 0.09053429 - samples/sec: 66.75 - lr: 0.100000
2022-04-28 21:08:58,714 epoch 11 - iter 90/107 - loss 0.09207447 - samples/sec: 66.89 - lr: 0.100000
2022-04-28 21:09:03,042 epoch 11 - iter 100/107 - loss 0.09229114 - samples/sec: 73.95 - lr: 0.100000
2022-04-28 21:09:05,626 ----------------------------------------------------------------------------------------------------
2022-04-28 21:09:05,626 EPOCH 11 done: loss 0.0916 - lr 0.100000
2022-04-28 21:09:17,263 Evaluating as a multi-label problem: False
2022-04-28 21:09:17,274 DEV : loss 0.19940027594566345 - f1-score (micro avg)  0.5125
2022-04-28 21:09:17,349 BAD EPOCHS (no improvement): 2
2022-04-28 21:09:17,362 ----------------------------------------------------------------------------------------------------
2022-04-28 21:09:21,714 epoch 12 - iter 10/107 - loss 0.07393055 - samples/sec: 73.56 - lr: 0.100000
2022-04-28 21:09:26,178 epoch 12 - iter 20/107 - loss 0.08486203 - samples/sec: 71.69 - lr: 0.100000
2022-04-28 21:09:31,382 epoch 12 - iter 30/107 - loss 0.08299230 - samples/sec: 61.51 - lr: 0.100000
2022-04-28 21:09:35,998 epoch 12 - iter 40/107 - loss 0.07984702 - samples/sec: 69.34 - lr: 0.100000
2022-04-28 21:09:41,105 epoch 12 - iter 50/107 - loss 0.08245463 - samples/sec: 62.67 - lr: 0.100000
2022-04-28 21:09:46,016 epoch 12 - iter 60/107 - loss 0.08693526 - samples/sec: 65.18 - lr: 0.100000
2022-04-28 21:09:50,856 epoch 12 - iter 70/107 - loss 0.08754492 - samples/sec: 66.14 - lr: 0.100000
2022-04-28 21:09:55,341 epoch 12 - iter 80/107 - loss 0.08792300 - samples/sec: 71.35 - lr: 0.100000
2022-04-28 21:09:59,461 epoch 12 - iter 90/107 - loss 0.08738667 - samples/sec: 77.69 - lr: 0.100000
2022-04-28 21:10:03,724 epoch 12 - iter 100/107 - loss 0.08680336 - samples/sec: 75.08 - lr: 0.100000
2022-04-28 21:10:06,745 ----------------------------------------------------------------------------------------------------
2022-04-28 21:10:06,745 EPOCH 12 done: loss 0.0865 - lr 0.100000
2022-04-28 21:10:20,460 Evaluating as a multi-label problem: False
2022-04-28 21:10:20,473 DEV : loss 0.19755925238132477 - f1-score (micro avg)  0.5053
2022-04-28 21:10:20,544 BAD EPOCHS (no improvement): 3
2022-04-28 21:10:20,568 ----------------------------------------------------------------------------------------------------
2022-04-28 21:10:25,031 epoch 13 - iter 10/107 - loss 0.08808229 - samples/sec: 71.73 - lr: 0.100000
2022-04-28 21:10:29,753 epoch 13 - iter 20/107 - loss 0.07927069 - samples/sec: 67.78 - lr: 0.100000
2022-04-28 21:10:34,469 epoch 13 - iter 30/107 - loss 0.07906101 - samples/sec: 67.88 - lr: 0.100000
2022-04-28 21:10:39,025 epoch 13 - iter 40/107 - loss 0.07894814 - samples/sec: 70.26 - lr: 0.100000
2022-04-28 21:10:43,417 epoch 13 - iter 50/107 - loss 0.07814316 - samples/sec: 72.87 - lr: 0.100000
2022-04-28 21:10:47,568 epoch 13 - iter 60/107 - loss 0.08041914 - samples/sec: 77.11 - lr: 0.100000
2022-04-28 21:10:51,477 epoch 13 - iter 70/107 - loss 0.07968412 - samples/sec: 81.87 - lr: 0.100000
2022-04-28 21:10:55,615 epoch 13 - iter 80/107 - loss 0.07934428 - samples/sec: 77.35 - lr: 0.100000
2022-04-28 21:11:00,260 epoch 13 - iter 90/107 - loss 0.08018759 - samples/sec: 68.91 - lr: 0.100000
2022-04-28 21:11:05,123 epoch 13 - iter 100/107 - loss 0.08073737 - samples/sec: 65.83 - lr: 0.100000
2022-04-28 21:11:08,186 ----------------------------------------------------------------------------------------------------
2022-04-28 21:11:08,186 EPOCH 13 done: loss 0.0811 - lr 0.100000
2022-04-28 21:11:22,161 Evaluating as a multi-label problem: False
2022-04-28 21:11:22,172 DEV : loss 0.20017613470554352 - f1-score (micro avg)  0.4688
2022-04-28 21:11:22,245 Epoch    13: reducing learning rate of group 0 to 5.0000e-02.
2022-04-28 21:11:22,245 BAD EPOCHS (no improvement): 4
2022-04-28 21:11:22,249 ----------------------------------------------------------------------------------------------------
2022-04-28 21:11:27,195 epoch 14 - iter 10/107 - loss 0.08122767 - samples/sec: 64.71 - lr: 0.050000
2022-04-28 21:11:32,147 epoch 14 - iter 20/107 - loss 0.07387386 - samples/sec: 64.64 - lr: 0.050000
2022-04-28 21:11:36,557 epoch 14 - iter 30/107 - loss 0.06879294 - samples/sec: 72.58 - lr: 0.050000
2022-04-28 21:11:40,323 epoch 14 - iter 40/107 - loss 0.07054936 - samples/sec: 84.99 - lr: 0.050000
2022-04-28 21:11:44,086 epoch 14 - iter 50/107 - loss 0.07185902 - samples/sec: 85.07 - lr: 0.050000
2022-04-28 21:11:48,673 epoch 14 - iter 60/107 - loss 0.07331355 - samples/sec: 69.77 - lr: 0.050000
2022-04-28 21:11:53,520 epoch 14 - iter 70/107 - loss 0.07364129 - samples/sec: 66.04 - lr: 0.050000
2022-04-28 21:11:57,914 epoch 14 - iter 80/107 - loss 0.07250427 - samples/sec: 72.85 - lr: 0.050000
2022-04-28 21:12:02,645 epoch 14 - iter 90/107 - loss 0.07206230 - samples/sec: 67.64 - lr: 0.050000
2022-04-28 21:12:07,393 epoch 14 - iter 100/107 - loss 0.07220947 - samples/sec: 67.41 - lr: 0.050000
2022-04-28 21:12:10,134 ----------------------------------------------------------------------------------------------------
2022-04-28 21:12:10,134 EPOCH 14 done: loss 0.0718 - lr 0.050000
2022-04-28 21:12:24,564 Evaluating as a multi-label problem: False
2022-04-28 21:12:24,576 DEV : loss 0.2209361046552658 - f1-score (micro avg)  0.5055
2022-04-28 21:12:24,670 BAD EPOCHS (no improvement): 1
2022-04-28 21:12:24,687 ----------------------------------------------------------------------------------------------------
2022-04-28 21:12:28,984 epoch 15 - iter 10/107 - loss 0.06678413 - samples/sec: 74.50 - lr: 0.050000
2022-04-28 21:12:33,339 epoch 15 - iter 20/107 - loss 0.06455925 - samples/sec: 73.51 - lr: 0.050000
2022-04-28 21:12:37,102 epoch 15 - iter 30/107 - loss 0.06615779 - samples/sec: 85.06 - lr: 0.050000
2022-04-28 21:12:40,183 epoch 15 - iter 40/107 - loss 0.06610334 - samples/sec: 103.92 - lr: 0.050000
2022-04-28 21:12:43,103 epoch 15 - iter 50/107 - loss 0.06520928 - samples/sec: 109.63 - lr: 0.050000
2022-04-28 21:12:46,004 epoch 15 - iter 60/107 - loss 0.06565697 - samples/sec: 110.35 - lr: 0.050000
2022-04-28 21:12:48,870 epoch 15 - iter 70/107 - loss 0.06921722 - samples/sec: 111.71 - lr: 0.050000
2022-04-28 21:12:51,726 epoch 15 - iter 80/107 - loss 0.06970163 - samples/sec: 112.09 - lr: 0.050000
2022-04-28 21:12:54,824 epoch 15 - iter 90/107 - loss 0.06864072 - samples/sec: 103.31 - lr: 0.050000
2022-04-28 21:12:58,260 epoch 15 - iter 100/107 - loss 0.06777084 - samples/sec: 93.19 - lr: 0.050000
2022-04-28 21:13:00,096 ----------------------------------------------------------------------------------------------------
2022-04-28 21:13:00,096 EPOCH 15 done: loss 0.0679 - lr 0.050000
2022-04-28 21:13:11,473 Evaluating as a multi-label problem: False
2022-04-28 21:13:11,485 DEV : loss 0.19121423363685608 - f1-score (micro avg)  0.5211
2022-04-28 21:13:11,571 BAD EPOCHS (no improvement): 2
2022-04-28 21:13:11,613 ----------------------------------------------------------------------------------------------------
2022-04-28 21:13:14,790 epoch 16 - iter 10/107 - loss 0.07994163 - samples/sec: 100.76 - lr: 0.050000
2022-04-28 21:13:17,928 epoch 16 - iter 20/107 - loss 0.06423585 - samples/sec: 102.01 - lr: 0.050000
2022-04-28 21:13:20,964 epoch 16 - iter 30/107 - loss 0.06667033 - samples/sec: 105.47 - lr: 0.050000
2022-04-28 21:13:23,969 epoch 16 - iter 40/107 - loss 0.06951313 - samples/sec: 106.55 - lr: 0.050000
2022-04-28 21:13:26,869 epoch 16 - iter 50/107 - loss 0.06895016 - samples/sec: 110.40 - lr: 0.050000
2022-04-28 21:13:29,713 epoch 16 - iter 60/107 - loss 0.06745104 - samples/sec: 112.57 - lr: 0.050000
2022-04-28 21:13:32,617 epoch 16 - iter 70/107 - loss 0.06663181 - samples/sec: 110.25 - lr: 0.050000
2022-04-28 21:13:35,369 epoch 16 - iter 80/107 - loss 0.06586391 - samples/sec: 116.37 - lr: 0.050000
2022-04-28 21:13:38,446 epoch 16 - iter 90/107 - loss 0.06758701 - samples/sec: 104.02 - lr: 0.050000
2022-04-28 21:13:41,442 epoch 16 - iter 100/107 - loss 0.06628573 - samples/sec: 106.88 - lr: 0.050000
2022-04-28 21:13:43,314 ----------------------------------------------------------------------------------------------------
2022-04-28 21:13:43,314 EPOCH 16 done: loss 0.0658 - lr 0.050000
2022-04-28 21:14:01,135 Evaluating as a multi-label problem: False
2022-04-28 21:14:01,149 DEV : loss 0.20864953100681305 - f1-score (micro avg)  0.4846
2022-04-28 21:14:01,237 BAD EPOCHS (no improvement): 3
2022-04-28 21:14:01,239 ----------------------------------------------------------------------------------------------------
2022-04-28 21:14:08,486 epoch 17 - iter 10/107 - loss 0.05549772 - samples/sec: 44.17 - lr: 0.050000
2022-04-28 21:14:11,643 epoch 17 - iter 20/107 - loss 0.06209561 - samples/sec: 101.40 - lr: 0.050000
2022-04-28 21:14:14,631 epoch 17 - iter 30/107 - loss 0.06370208 - samples/sec: 107.12 - lr: 0.050000
2022-04-28 21:14:17,849 epoch 17 - iter 40/107 - loss 0.06310448 - samples/sec: 99.47 - lr: 0.050000
2022-04-28 21:14:21,047 epoch 17 - iter 50/107 - loss 0.06518237 - samples/sec: 100.10 - lr: 0.050000
2022-04-28 21:14:24,133 epoch 17 - iter 60/107 - loss 0.06657342 - samples/sec: 103.74 - lr: 0.050000
2022-04-28 21:14:26,918 epoch 17 - iter 70/107 - loss 0.06576940 - samples/sec: 114.93 - lr: 0.050000
2022-04-28 21:14:29,963 epoch 17 - iter 80/107 - loss 0.06627320 - samples/sec: 105.13 - lr: 0.050000
2022-04-28 21:14:32,776 epoch 17 - iter 90/107 - loss 0.06421591 - samples/sec: 113.83 - lr: 0.050000
2022-04-28 21:14:35,667 epoch 17 - iter 100/107 - loss 0.06392049 - samples/sec: 110.74 - lr: 0.050000
2022-04-28 21:14:37,574 ----------------------------------------------------------------------------------------------------
2022-04-28 21:14:37,574 EPOCH 17 done: loss 0.0642 - lr 0.050000
2022-04-28 21:14:47,283 Evaluating as a multi-label problem: False
2022-04-28 21:14:47,294 DEV : loss 0.215192973613739 - f1-score (micro avg)  0.4849
2022-04-28 21:14:47,381 Epoch    17: reducing learning rate of group 0 to 2.5000e-02.
2022-04-28 21:14:47,381 BAD EPOCHS (no improvement): 4
2022-04-28 21:14:47,384 ----------------------------------------------------------------------------------------------------
2022-04-28 21:14:50,427 epoch 18 - iter 10/107 - loss 0.06284869 - samples/sec: 105.19 - lr: 0.025000
2022-04-28 21:14:53,847 epoch 18 - iter 20/107 - loss 0.06304109 - samples/sec: 93.60 - lr: 0.025000
2022-04-28 21:14:56,941 epoch 18 - iter 30/107 - loss 0.05972880 - samples/sec: 103.46 - lr: 0.025000
2022-04-28 21:15:00,140 epoch 18 - iter 40/107 - loss 0.06016480 - samples/sec: 100.08 - lr: 0.025000
2022-04-28 21:15:03,142 epoch 18 - iter 50/107 - loss 0.05757780 - samples/sec: 106.68 - lr: 0.025000
2022-04-28 21:15:06,165 epoch 18 - iter 60/107 - loss 0.05897410 - samples/sec: 105.92 - lr: 0.025000
2022-04-28 21:15:09,407 epoch 18 - iter 70/107 - loss 0.06007131 - samples/sec: 98.77 - lr: 0.025000
2022-04-28 21:15:12,213 epoch 18 - iter 80/107 - loss 0.06018791 - samples/sec: 114.10 - lr: 0.025000
2022-04-28 21:15:15,023 epoch 18 - iter 90/107 - loss 0.05960717 - samples/sec: 113.98 - lr: 0.025000
2022-04-28 21:15:17,908 epoch 18 - iter 100/107 - loss 0.05847888 - samples/sec: 110.96 - lr: 0.025000
2022-04-28 21:15:19,486 ----------------------------------------------------------------------------------------------------
2022-04-28 21:15:19,486 EPOCH 18 done: loss 0.0591 - lr 0.025000
2022-04-28 21:15:28,616 Evaluating as a multi-label problem: False
2022-04-28 21:15:28,628 DEV : loss 0.1925554871559143 - f1-score (micro avg)  0.5286
2022-04-28 21:15:28,705 BAD EPOCHS (no improvement): 1
2022-04-28 21:15:28,723 ----------------------------------------------------------------------------------------------------
2022-04-28 21:15:31,672 epoch 19 - iter 10/107 - loss 0.04306446 - samples/sec: 108.57 - lr: 0.025000
2022-04-28 21:15:34,627 epoch 19 - iter 20/107 - loss 0.05144066 - samples/sec: 108.36 - lr: 0.025000
2022-04-28 21:15:37,678 epoch 19 - iter 30/107 - loss 0.05432299 - samples/sec: 104.90 - lr: 0.025000
2022-04-28 21:15:40,771 epoch 19 - iter 40/107 - loss 0.05725353 - samples/sec: 103.50 - lr: 0.025000
2022-04-28 21:15:43,710 epoch 19 - iter 50/107 - loss 0.05858853 - samples/sec: 108.94 - lr: 0.025000
2022-04-28 21:15:46,584 epoch 19 - iter 60/107 - loss 0.05825543 - samples/sec: 111.42 - lr: 0.025000
2022-04-28 21:15:49,589 epoch 19 - iter 70/107 - loss 0.05813642 - samples/sec: 106.53 - lr: 0.025000
2022-04-28 21:15:52,515 epoch 19 - iter 80/107 - loss 0.05650203 - samples/sec: 109.40 - lr: 0.025000
2022-04-28 21:15:55,387 epoch 19 - iter 90/107 - loss 0.05724663 - samples/sec: 111.47 - lr: 0.025000
2022-04-28 21:15:58,160 epoch 19 - iter 100/107 - loss 0.05771615 - samples/sec: 115.43 - lr: 0.025000
2022-04-28 21:15:59,883 ----------------------------------------------------------------------------------------------------
2022-04-28 21:15:59,883 EPOCH 19 done: loss 0.0570 - lr 0.025000
2022-04-28 21:16:08,623 Evaluating as a multi-label problem: False
2022-04-28 21:16:08,637 DEV : loss 0.2045559138059616 - f1-score (micro avg)  0.5202
2022-04-28 21:16:08,714 BAD EPOCHS (no improvement): 2
2022-04-28 21:16:08,717 ----------------------------------------------------------------------------------------------------
2022-04-28 21:16:11,653 epoch 20 - iter 10/107 - loss 0.05169256 - samples/sec: 109.03 - lr: 0.025000
2022-04-28 21:16:14,529 epoch 20 - iter 20/107 - loss 0.05063866 - samples/sec: 111.33 - lr: 0.025000
2022-04-28 21:16:17,463 epoch 20 - iter 30/107 - loss 0.05483001 - samples/sec: 109.11 - lr: 0.025000
2022-04-28 21:16:20,375 epoch 20 - iter 40/107 - loss 0.05480708 - samples/sec: 109.93 - lr: 0.025000
2022-04-28 21:16:23,448 epoch 20 - iter 50/107 - loss 0.05717969 - samples/sec: 104.17 - lr: 0.025000
2022-04-28 21:16:26,275 epoch 20 - iter 60/107 - loss 0.05493691 - samples/sec: 113.27 - lr: 0.025000
2022-04-28 21:16:29,378 epoch 20 - iter 70/107 - loss 0.05524341 - samples/sec: 103.16 - lr: 0.025000
2022-04-28 21:16:32,245 epoch 20 - iter 80/107 - loss 0.05649936 - samples/sec: 111.65 - lr: 0.025000
2022-04-28 21:16:35,381 epoch 20 - iter 90/107 - loss 0.05733550 - samples/sec: 102.06 - lr: 0.025000
2022-04-28 21:16:38,428 epoch 20 - iter 100/107 - loss 0.05733220 - samples/sec: 105.06 - lr: 0.025000
2022-04-28 21:16:40,076 ----------------------------------------------------------------------------------------------------
2022-04-28 21:16:40,076 EPOCH 20 done: loss 0.0565 - lr 0.025000
2022-04-28 21:16:48,195 Evaluating as a multi-label problem: False
2022-04-28 21:16:48,208 DEV : loss 0.20250561833381653 - f1-score (micro avg)  0.5243
2022-04-28 21:16:48,279 BAD EPOCHS (no improvement): 3
2022-04-28 21:16:48,332 ----------------------------------------------------------------------------------------------------
2022-04-28 21:16:51,116 epoch 21 - iter 10/107 - loss 0.05526744 - samples/sec: 115.00 - lr: 0.025000
2022-04-28 21:16:53,856 epoch 21 - iter 20/107 - loss 0.06008681 - samples/sec: 116.82 - lr: 0.025000
2022-04-28 21:16:56,738 epoch 21 - iter 30/107 - loss 0.05927865 - samples/sec: 111.06 - lr: 0.025000
2022-04-28 21:16:59,570 epoch 21 - iter 40/107 - loss 0.06034762 - samples/sec: 113.03 - lr: 0.025000
2022-04-28 21:17:02,423 epoch 21 - iter 50/107 - loss 0.06133565 - samples/sec: 112.23 - lr: 0.025000
2022-04-28 21:17:05,349 epoch 21 - iter 60/107 - loss 0.05836266 - samples/sec: 109.38 - lr: 0.025000
2022-04-28 21:17:08,257 epoch 21 - iter 70/107 - loss 0.05831767 - samples/sec: 110.08 - lr: 0.025000
2022-04-28 21:17:11,093 epoch 21 - iter 80/107 - loss 0.05897152 - samples/sec: 112.88 - lr: 0.025000
2022-04-28 21:17:14,103 epoch 21 - iter 90/107 - loss 0.05730980 - samples/sec: 106.37 - lr: 0.025000
2022-04-28 21:17:17,063 epoch 21 - iter 100/107 - loss 0.05659423 - samples/sec: 108.16 - lr: 0.025000
2022-04-28 21:17:18,890 ----------------------------------------------------------------------------------------------------
2022-04-28 21:17:18,891 EPOCH 21 done: loss 0.0555 - lr 0.025000
2022-04-28 21:17:27,596 Evaluating as a multi-label problem: False
2022-04-28 21:17:27,608 DEV : loss 0.1984199434518814 - f1-score (micro avg)  0.515
2022-04-28 21:17:27,681 Epoch    21: reducing learning rate of group 0 to 1.2500e-02.
2022-04-28 21:17:27,681 BAD EPOCHS (no improvement): 4
2022-04-28 21:17:27,683 ----------------------------------------------------------------------------------------------------
2022-04-28 21:17:30,227 epoch 22 - iter 10/107 - loss 0.04707353 - samples/sec: 125.89 - lr: 0.012500
2022-04-28 21:17:32,930 epoch 22 - iter 20/107 - loss 0.04909535 - samples/sec: 118.41 - lr: 0.012500
2022-04-28 21:17:35,604 epoch 22 - iter 30/107 - loss 0.05144404 - samples/sec: 119.72 - lr: 0.012500
2022-04-28 21:17:38,200 epoch 22 - iter 40/107 - loss 0.05450531 - samples/sec: 123.34 - lr: 0.012500
2022-04-28 21:17:41,176 epoch 22 - iter 50/107 - loss 0.05429980 - samples/sec: 107.55 - lr: 0.012500
2022-04-28 21:17:44,139 epoch 22 - iter 60/107 - loss 0.05431474 - samples/sec: 108.04 - lr: 0.012500
2022-04-28 21:17:47,076 epoch 22 - iter 70/107 - loss 0.05472872 - samples/sec: 109.01 - lr: 0.012500
2022-04-28 21:17:50,086 epoch 22 - iter 80/107 - loss 0.05512918 - samples/sec: 106.35 - lr: 0.012500
2022-04-28 21:17:53,038 epoch 22 - iter 90/107 - loss 0.05418861 - samples/sec: 108.45 - lr: 0.012500
2022-04-28 21:17:55,770 epoch 22 - iter 100/107 - loss 0.05402025 - samples/sec: 117.15 - lr: 0.012500
2022-04-28 21:17:57,525 ----------------------------------------------------------------------------------------------------
2022-04-28 21:17:57,525 EPOCH 22 done: loss 0.0540 - lr 0.012500
2022-04-28 21:18:06,487 Evaluating as a multi-label problem: False
2022-04-28 21:18:06,499 DEV : loss 0.1931711882352829 - f1-score (micro avg)  0.52
2022-04-28 21:18:06,572 BAD EPOCHS (no improvement): 1
2022-04-28 21:18:06,575 ----------------------------------------------------------------------------------------------------
2022-04-28 21:18:09,335 epoch 23 - iter 10/107 - loss 0.05310835 - samples/sec: 116.00 - lr: 0.012500
2022-04-28 21:18:12,208 epoch 23 - iter 20/107 - loss 0.05176367 - samples/sec: 111.42 - lr: 0.012500
2022-04-28 21:18:14,890 epoch 23 - iter 30/107 - loss 0.04838333 - samples/sec: 119.37 - lr: 0.012500
2022-04-28 21:18:17,576 epoch 23 - iter 40/107 - loss 0.04961842 - samples/sec: 119.19 - lr: 0.012500
2022-04-28 21:18:20,189 epoch 23 - iter 50/107 - loss 0.04957420 - samples/sec: 122.52 - lr: 0.012500
2022-04-28 21:18:22,872 epoch 23 - iter 60/107 - loss 0.04812254 - samples/sec: 119.33 - lr: 0.012500
2022-04-28 21:18:25,663 epoch 23 - iter 70/107 - loss 0.04855001 - samples/sec: 114.68 - lr: 0.012500
2022-04-28 21:18:28,614 epoch 23 - iter 80/107 - loss 0.04993640 - samples/sec: 108.49 - lr: 0.012500
2022-04-28 21:18:31,544 epoch 23 - iter 90/107 - loss 0.05036960 - samples/sec: 109.26 - lr: 0.012500
2022-04-28 21:18:34,420 epoch 23 - iter 100/107 - loss 0.05109550 - samples/sec: 111.29 - lr: 0.012500
2022-04-28 21:18:36,221 ----------------------------------------------------------------------------------------------------
2022-04-28 21:18:36,221 EPOCH 23 done: loss 0.0510 - lr 0.012500
2022-04-28 21:18:47,328 Evaluating as a multi-label problem: False
2022-04-28 21:18:47,341 DEV : loss 0.20164461433887482 - f1-score (micro avg)  0.5205
2022-04-28 21:18:47,413 BAD EPOCHS (no improvement): 2
2022-04-28 21:18:47,416 ----------------------------------------------------------------------------------------------------
2022-04-28 21:18:50,229 epoch 24 - iter 10/107 - loss 0.04691452 - samples/sec: 113.81 - lr: 0.012500
2022-04-28 21:18:53,195 epoch 24 - iter 20/107 - loss 0.04857147 - samples/sec: 107.92 - lr: 0.012500
2022-04-28 21:18:56,070 epoch 24 - iter 30/107 - loss 0.04892627 - samples/sec: 111.34 - lr: 0.012500
2022-04-28 21:18:58,934 epoch 24 - iter 40/107 - loss 0.04940790 - samples/sec: 111.80 - lr: 0.012500
2022-04-28 21:19:01,577 epoch 24 - iter 50/107 - loss 0.04993519 - samples/sec: 121.13 - lr: 0.012500
2022-04-28 21:19:04,275 epoch 24 - iter 60/107 - loss 0.04877975 - samples/sec: 118.66 - lr: 0.012500
2022-04-28 21:19:06,406 epoch 24 - iter 70/107 - loss 0.04967200 - samples/sec: 150.21 - lr: 0.012500
2022-04-28 21:19:08,636 epoch 24 - iter 80/107 - loss 0.04971254 - samples/sec: 143.58 - lr: 0.012500
2022-04-28 21:19:11,428 epoch 24 - iter 90/107 - loss 0.05058671 - samples/sec: 114.64 - lr: 0.012500
2022-04-28 21:19:14,216 epoch 24 - iter 100/107 - loss 0.05013759 - samples/sec: 114.84 - lr: 0.012500
2022-04-28 21:19:15,705 ----------------------------------------------------------------------------------------------------
2022-04-28 21:19:15,705 EPOCH 24 done: loss 0.0495 - lr 0.012500
2022-04-28 21:19:24,525 Evaluating as a multi-label problem: False
2022-04-28 21:19:24,537 DEV : loss 0.201328307390213 - f1-score (micro avg)  0.5151
2022-04-28 21:19:24,608 BAD EPOCHS (no improvement): 3
2022-04-28 21:19:24,611 ----------------------------------------------------------------------------------------------------
2022-04-28 21:19:27,559 epoch 25 - iter 10/107 - loss 0.04702878 - samples/sec: 108.58 - lr: 0.012500
2022-04-28 21:19:30,478 epoch 25 - iter 20/107 - loss 0.04913805 - samples/sec: 109.67 - lr: 0.012500
2022-04-28 21:19:33,311 epoch 25 - iter 30/107 - loss 0.04771051 - samples/sec: 112.99 - lr: 0.012500
2022-04-28 21:19:36,398 epoch 25 - iter 40/107 - loss 0.04834382 - samples/sec: 103.71 - lr: 0.012500
2022-04-28 21:19:39,262 epoch 25 - iter 50/107 - loss 0.04821955 - samples/sec: 111.75 - lr: 0.012500
2022-04-28 21:19:42,080 epoch 25 - iter 60/107 - loss 0.04878107 - samples/sec: 113.63 - lr: 0.012500
2022-04-28 21:19:45,012 epoch 25 - iter 70/107 - loss 0.04811930 - samples/sec: 109.15 - lr: 0.012500
2022-04-28 21:19:47,947 epoch 25 - iter 80/107 - loss 0.04799678 - samples/sec: 109.07 - lr: 0.012500
2022-04-28 21:19:50,891 epoch 25 - iter 90/107 - loss 0.04865503 - samples/sec: 108.74 - lr: 0.012500
2022-04-28 21:19:53,529 epoch 25 - iter 100/107 - loss 0.04898034 - samples/sec: 121.38 - lr: 0.012500
2022-04-28 21:19:55,250 ----------------------------------------------------------------------------------------------------
2022-04-28 21:19:55,251 EPOCH 25 done: loss 0.0491 - lr 0.012500
2022-04-28 21:20:03,276 Evaluating as a multi-label problem: False
2022-04-28 21:20:03,290 DEV : loss 0.19950856268405914 - f1-score (micro avg)  0.5054
2022-04-28 21:20:03,362 Epoch    25: reducing learning rate of group 0 to 6.2500e-03.
2022-04-28 21:20:03,362 BAD EPOCHS (no improvement): 4
2022-04-28 21:20:03,365 ----------------------------------------------------------------------------------------------------
2022-04-28 21:20:06,276 epoch 26 - iter 10/107 - loss 0.04070541 - samples/sec: 109.99 - lr: 0.006250
2022-04-28 21:20:09,313 epoch 26 - iter 20/107 - loss 0.04631536 - samples/sec: 105.41 - lr: 0.006250
2022-04-28 21:20:12,138 epoch 26 - iter 30/107 - loss 0.04665301 - samples/sec: 113.32 - lr: 0.006250
2022-04-28 21:20:15,038 epoch 26 - iter 40/107 - loss 0.04679923 - samples/sec: 110.37 - lr: 0.006250
2022-04-28 21:20:18,111 epoch 26 - iter 50/107 - loss 0.04889993 - samples/sec: 104.17 - lr: 0.006250
2022-04-28 21:20:20,958 epoch 26 - iter 60/107 - loss 0.04825674 - samples/sec: 112.45 - lr: 0.006250
2022-04-28 21:20:23,913 epoch 26 - iter 70/107 - loss 0.04736759 - samples/sec: 108.31 - lr: 0.006250
2022-04-28 21:20:27,002 epoch 26 - iter 80/107 - loss 0.04763702 - samples/sec: 103.64 - lr: 0.006250
2022-04-28 21:20:29,677 epoch 26 - iter 90/107 - loss 0.04715208 - samples/sec: 119.68 - lr: 0.006250
2022-04-28 21:20:32,576 epoch 26 - iter 100/107 - loss 0.04841054 - samples/sec: 110.42 - lr: 0.006250
2022-04-28 21:20:34,431 ----------------------------------------------------------------------------------------------------
2022-04-28 21:20:34,431 EPOCH 26 done: loss 0.0491 - lr 0.006250
2022-04-28 21:20:42,789 Evaluating as a multi-label problem: False
2022-04-28 21:20:42,801 DEV : loss 0.19634199142456055 - f1-score (micro avg)  0.5221
2022-04-28 21:20:42,872 BAD EPOCHS (no improvement): 1
2022-04-28 21:20:42,875 ----------------------------------------------------------------------------------------------------
2022-04-28 21:20:45,491 epoch 27 - iter 10/107 - loss 0.05005234 - samples/sec: 122.38 - lr: 0.006250
2022-04-28 21:20:48,177 epoch 27 - iter 20/107 - loss 0.04731302 - samples/sec: 119.19 - lr: 0.006250
2022-04-28 21:20:51,050 epoch 27 - iter 30/107 - loss 0.04726751 - samples/sec: 111.43 - lr: 0.006250
2022-04-28 21:20:53,923 epoch 27 - iter 40/107 - loss 0.04807075 - samples/sec: 111.44 - lr: 0.006250
2022-04-28 21:20:56,827 epoch 27 - iter 50/107 - loss 0.04797259 - samples/sec: 110.23 - lr: 0.006250
2022-04-28 21:20:59,780 epoch 27 - iter 60/107 - loss 0.04797311 - samples/sec: 108.40 - lr: 0.006250
2022-04-28 21:21:02,591 epoch 27 - iter 70/107 - loss 0.04767697 - samples/sec: 113.88 - lr: 0.006250
2022-04-28 21:21:05,476 epoch 27 - iter 80/107 - loss 0.04696961 - samples/sec: 110.96 - lr: 0.006250
2022-04-28 21:21:08,394 epoch 27 - iter 90/107 - loss 0.04622690 - samples/sec: 109.70 - lr: 0.006250
2022-04-28 21:21:11,267 epoch 27 - iter 100/107 - loss 0.04718221 - samples/sec: 111.42 - lr: 0.006250
2022-04-28 21:21:13,116 ----------------------------------------------------------------------------------------------------
2022-04-28 21:21:13,116 EPOCH 27 done: loss 0.0475 - lr 0.006250
2022-04-28 21:21:21,751 Evaluating as a multi-label problem: False
2022-04-28 21:21:21,761 DEV : loss 0.2011084258556366 - f1-score (micro avg)  0.5154
2022-04-28 21:21:21,832 BAD EPOCHS (no improvement): 2
2022-04-28 21:21:21,835 ----------------------------------------------------------------------------------------------------
2022-04-28 21:21:24,682 epoch 28 - iter 10/107 - loss 0.06882877 - samples/sec: 112.45 - lr: 0.006250
2022-04-28 21:21:27,449 epoch 28 - iter 20/107 - loss 0.05968667 - samples/sec: 115.72 - lr: 0.006250
2022-04-28 21:21:30,096 epoch 28 - iter 30/107 - loss 0.05663295 - samples/sec: 120.94 - lr: 0.006250
2022-04-28 21:21:32,811 epoch 28 - iter 40/107 - loss 0.05318632 - samples/sec: 117.91 - lr: 0.006250
2022-04-28 21:21:35,453 epoch 28 - iter 50/107 - loss 0.05217497 - samples/sec: 121.16 - lr: 0.006250
2022-04-28 21:21:38,391 epoch 28 - iter 60/107 - loss 0.05311532 - samples/sec: 108.98 - lr: 0.006250
2022-04-28 21:21:41,373 epoch 28 - iter 70/107 - loss 0.05316269 - samples/sec: 107.36 - lr: 0.006250
2022-04-28 21:21:44,328 epoch 28 - iter 80/107 - loss 0.05085617 - samples/sec: 108.32 - lr: 0.006250
2022-04-28 21:21:47,146 epoch 28 - iter 90/107 - loss 0.04963115 - samples/sec: 113.64 - lr: 0.006250
2022-04-28 21:21:50,166 epoch 28 - iter 100/107 - loss 0.04946755 - samples/sec: 106.00 - lr: 0.006250
2022-04-28 21:21:51,991 ----------------------------------------------------------------------------------------------------
2022-04-28 21:21:51,991 EPOCH 28 done: loss 0.0488 - lr 0.006250
2022-04-28 21:22:00,707 Evaluating as a multi-label problem: False
2022-04-28 21:22:00,719 DEV : loss 0.20595456659793854 - f1-score (micro avg)  0.5055
2022-04-28 21:22:00,794 BAD EPOCHS (no improvement): 3
2022-04-28 21:22:00,797 ----------------------------------------------------------------------------------------------------
2022-04-28 21:22:03,711 epoch 29 - iter 10/107 - loss 0.03837951 - samples/sec: 109.88 - lr: 0.006250
2022-04-28 21:22:06,590 epoch 29 - iter 20/107 - loss 0.04305898 - samples/sec: 111.22 - lr: 0.006250
2022-04-28 21:22:09,398 epoch 29 - iter 30/107 - loss 0.04840956 - samples/sec: 113.99 - lr: 0.006250
2022-04-28 21:22:12,025 epoch 29 - iter 40/107 - loss 0.04825292 - samples/sec: 121.86 - lr: 0.006250
2022-04-28 21:22:14,635 epoch 29 - iter 50/107 - loss 0.04917232 - samples/sec: 122.65 - lr: 0.006250
2022-04-28 21:22:17,347 epoch 29 - iter 60/107 - loss 0.04952277 - samples/sec: 118.02 - lr: 0.006250
2022-04-28 21:22:19,992 epoch 29 - iter 70/107 - loss 0.04922444 - samples/sec: 121.05 - lr: 0.006250
2022-04-28 21:22:22,772 epoch 29 - iter 80/107 - loss 0.04928150 - samples/sec: 115.15 - lr: 0.006250
2022-04-28 21:22:25,697 epoch 29 - iter 90/107 - loss 0.04798651 - samples/sec: 109.43 - lr: 0.006250
2022-04-28 21:22:28,663 epoch 29 - iter 100/107 - loss 0.04777887 - samples/sec: 107.95 - lr: 0.006250
2022-04-28 21:22:30,460 ----------------------------------------------------------------------------------------------------
2022-04-28 21:22:30,460 EPOCH 29 done: loss 0.0481 - lr 0.006250
2022-04-28 21:22:39,299 Evaluating as a multi-label problem: False
2022-04-28 21:22:39,311 DEV : loss 0.2024517059326172 - f1-score (micro avg)  0.5193
2022-04-28 21:22:39,381 Epoch    29: reducing learning rate of group 0 to 3.1250e-03.
2022-04-28 21:22:39,381 BAD EPOCHS (no improvement): 4
2022-04-28 21:22:39,384 ----------------------------------------------------------------------------------------------------
2022-04-28 21:22:42,358 epoch 30 - iter 10/107 - loss 0.04708760 - samples/sec: 107.63 - lr: 0.003125
2022-04-28 21:22:45,292 epoch 30 - iter 20/107 - loss 0.04709243 - samples/sec: 109.13 - lr: 0.003125
2022-04-28 21:22:48,032 epoch 30 - iter 30/107 - loss 0.04978202 - samples/sec: 116.83 - lr: 0.003125
2022-04-28 21:22:51,039 epoch 30 - iter 40/107 - loss 0.04853658 - samples/sec: 106.43 - lr: 0.003125
2022-04-28 21:22:53,899 epoch 30 - iter 50/107 - loss 0.04652120 - samples/sec: 111.95 - lr: 0.003125
2022-04-28 21:22:56,908 epoch 30 - iter 60/107 - loss 0.04570510 - samples/sec: 106.38 - lr: 0.003125
2022-04-28 21:22:59,445 epoch 30 - iter 70/107 - loss 0.04675304 - samples/sec: 126.20 - lr: 0.003125
2022-04-28 21:23:02,161 epoch 30 - iter 80/107 - loss 0.04776886 - samples/sec: 117.84 - lr: 0.003125
2022-04-28 21:23:04,838 epoch 30 - iter 90/107 - loss 0.04734900 - samples/sec: 119.59 - lr: 0.003125
2022-04-28 21:23:07,415 epoch 30 - iter 100/107 - loss 0.04743339 - samples/sec: 124.25 - lr: 0.003125
2022-04-28 21:23:09,190 ----------------------------------------------------------------------------------------------------
2022-04-28 21:23:09,190 EPOCH 30 done: loss 0.0469 - lr 0.003125
2022-04-28 21:23:17,888 Evaluating as a multi-label problem: False
2022-04-28 21:23:17,902 DEV : loss 0.20473764836788177 - f1-score (micro avg)  0.5201
2022-04-28 21:23:17,974 BAD EPOCHS (no improvement): 1
2022-04-28 21:23:17,977 ----------------------------------------------------------------------------------------------------
2022-04-28 21:23:20,745 epoch 31 - iter 10/107 - loss 0.05053404 - samples/sec: 115.67 - lr: 0.003125
2022-04-28 21:23:23,673 epoch 31 - iter 20/107 - loss 0.04862155 - samples/sec: 109.33 - lr: 0.003125
2022-04-28 21:23:26,624 epoch 31 - iter 30/107 - loss 0.04739981 - samples/sec: 108.48 - lr: 0.003125
2022-04-28 21:23:29,551 epoch 31 - iter 40/107 - loss 0.04721239 - samples/sec: 109.37 - lr: 0.003125
2022-04-28 21:23:32,434 epoch 31 - iter 50/107 - loss 0.04727338 - samples/sec: 111.05 - lr: 0.003125
2022-04-28 21:23:35,304 epoch 31 - iter 60/107 - loss 0.04787518 - samples/sec: 111.53 - lr: 0.003125
2022-04-28 21:23:38,207 epoch 31 - iter 70/107 - loss 0.04794887 - samples/sec: 110.28 - lr: 0.003125
2022-04-28 21:23:41,256 epoch 31 - iter 80/107 - loss 0.04755735 - samples/sec: 104.98 - lr: 0.003125
2022-04-28 21:23:44,159 epoch 31 - iter 90/107 - loss 0.04890088 - samples/sec: 110.27 - lr: 0.003125
2022-04-28 21:23:46,724 epoch 31 - iter 100/107 - loss 0.04781133 - samples/sec: 124.81 - lr: 0.003125
2022-04-28 21:23:48,533 ----------------------------------------------------------------------------------------------------
2022-04-28 21:23:48,533 EPOCH 31 done: loss 0.0481 - lr 0.003125
2022-04-28 21:23:59,960 Evaluating as a multi-label problem: False
2022-04-28 21:23:59,971 DEV : loss 0.20362310111522675 - f1-score (micro avg)  0.5146
2022-04-28 21:24:00,042 BAD EPOCHS (no improvement): 2
2022-04-28 21:24:00,045 ----------------------------------------------------------------------------------------------------
2022-04-28 21:24:02,970 epoch 32 - iter 10/107 - loss 0.05474165 - samples/sec: 109.46 - lr: 0.003125
2022-04-28 21:24:06,047 epoch 32 - iter 20/107 - loss 0.04938605 - samples/sec: 104.03 - lr: 0.003125
2022-04-28 21:24:09,019 epoch 32 - iter 30/107 - loss 0.04967814 - samples/sec: 107.71 - lr: 0.003125
2022-04-28 21:24:12,015 epoch 32 - iter 40/107 - loss 0.04797213 - samples/sec: 106.85 - lr: 0.003125
2022-04-28 21:24:14,925 epoch 32 - iter 50/107 - loss 0.04701250 - samples/sec: 110.01 - lr: 0.003125
2022-04-28 21:24:17,851 epoch 32 - iter 60/107 - loss 0.04718022 - samples/sec: 109.42 - lr: 0.003125
2022-04-28 21:24:20,635 epoch 32 - iter 70/107 - loss 0.04850696 - samples/sec: 114.98 - lr: 0.003125
2022-04-28 21:24:23,540 epoch 32 - iter 80/107 - loss 0.04774743 - samples/sec: 110.19 - lr: 0.003125
2022-04-28 21:24:26,333 epoch 32 - iter 90/107 - loss 0.04702348 - samples/sec: 114.63 - lr: 0.003125
2022-04-28 21:24:29,331 epoch 32 - iter 100/107 - loss 0.04778396 - samples/sec: 106.76 - lr: 0.003125
2022-04-28 21:24:31,182 ----------------------------------------------------------------------------------------------------
2022-04-28 21:24:31,182 EPOCH 32 done: loss 0.0478 - lr 0.003125
2022-04-28 21:24:39,175 Evaluating as a multi-label problem: False
2022-04-28 21:24:39,187 DEV : loss 0.20604829490184784 - f1-score (micro avg)  0.5209
2022-04-28 21:24:39,259 BAD EPOCHS (no improvement): 3
2022-04-28 21:24:39,263 ----------------------------------------------------------------------------------------------------
2022-04-28 21:24:42,005 epoch 33 - iter 10/107 - loss 0.05347199 - samples/sec: 116.74 - lr: 0.003125
2022-04-28 21:24:45,116 epoch 33 - iter 20/107 - loss 0.04481844 - samples/sec: 102.92 - lr: 0.003125
2022-04-28 21:24:48,015 epoch 33 - iter 30/107 - loss 0.04537814 - samples/sec: 110.41 - lr: 0.003125
2022-04-28 21:24:50,891 epoch 33 - iter 40/107 - loss 0.04452544 - samples/sec: 111.28 - lr: 0.003125
2022-04-28 21:24:53,856 epoch 33 - iter 50/107 - loss 0.04418345 - samples/sec: 107.99 - lr: 0.003125
2022-04-28 21:24:56,761 epoch 33 - iter 60/107 - loss 0.04441848 - samples/sec: 110.18 - lr: 0.003125
2022-04-28 21:24:59,785 epoch 33 - iter 70/107 - loss 0.04372344 - samples/sec: 105.84 - lr: 0.003125
2022-04-28 21:25:02,543 epoch 33 - iter 80/107 - loss 0.04500777 - samples/sec: 116.12 - lr: 0.003125
2022-04-28 21:25:05,373 epoch 33 - iter 90/107 - loss 0.04592228 - samples/sec: 113.11 - lr: 0.003125
2022-04-28 21:25:08,254 epoch 33 - iter 100/107 - loss 0.04689319 - samples/sec: 111.10 - lr: 0.003125
2022-04-28 21:25:10,021 ----------------------------------------------------------------------------------------------------
2022-04-28 21:25:10,021 EPOCH 33 done: loss 0.0467 - lr 0.003125
2022-04-28 21:25:18,460 Evaluating as a multi-label problem: False
2022-04-28 21:25:18,472 DEV : loss 0.20436391234397888 - f1-score (micro avg)  0.5116
2022-04-28 21:25:18,544 Epoch    33: reducing learning rate of group 0 to 1.5625e-03.
2022-04-28 21:25:18,544 BAD EPOCHS (no improvement): 4
2022-04-28 21:25:18,546 ----------------------------------------------------------------------------------------------------
2022-04-28 21:25:21,098 epoch 34 - iter 10/107 - loss 0.04859903 - samples/sec: 125.45 - lr: 0.001563
2022-04-28 21:25:23,948 epoch 34 - iter 20/107 - loss 0.04840725 - samples/sec: 112.33 - lr: 0.001563
2022-04-28 21:25:26,573 epoch 34 - iter 30/107 - loss 0.04469960 - samples/sec: 121.94 - lr: 0.001563
2022-04-28 21:25:29,400 epoch 34 - iter 40/107 - loss 0.04461174 - samples/sec: 113.25 - lr: 0.001563
2022-04-28 21:25:32,389 epoch 34 - iter 50/107 - loss 0.04365517 - samples/sec: 107.08 - lr: 0.001563
2022-04-28 21:25:35,276 epoch 34 - iter 60/107 - loss 0.04386351 - samples/sec: 110.87 - lr: 0.001563
2022-04-28 21:25:38,237 epoch 34 - iter 70/107 - loss 0.04453659 - samples/sec: 108.13 - lr: 0.001563
2022-04-28 21:25:41,132 epoch 34 - iter 80/107 - loss 0.04501616 - samples/sec: 110.57 - lr: 0.001563
2022-04-28 21:25:44,017 epoch 34 - iter 90/107 - loss 0.04495281 - samples/sec: 110.95 - lr: 0.001563
2022-04-28 21:25:46,889 epoch 34 - iter 100/107 - loss 0.04597856 - samples/sec: 111.46 - lr: 0.001563
2022-04-28 21:25:48,790 ----------------------------------------------------------------------------------------------------
2022-04-28 21:25:48,790 EPOCH 34 done: loss 0.0469 - lr 0.001563
2022-04-28 21:25:57,493 Evaluating as a multi-label problem: False
2022-04-28 21:25:57,505 DEV : loss 0.20384913682937622 - f1-score (micro avg)  0.5138
2022-04-28 21:25:57,578 BAD EPOCHS (no improvement): 1
2022-04-28 21:25:57,580 ----------------------------------------------------------------------------------------------------
2022-04-28 21:26:00,434 epoch 35 - iter 10/107 - loss 0.04422966 - samples/sec: 112.23 - lr: 0.001563
2022-04-28 21:26:03,318 epoch 35 - iter 20/107 - loss 0.04577327 - samples/sec: 110.99 - lr: 0.001563
2022-04-28 21:26:05,924 epoch 35 - iter 30/107 - loss 0.04533436 - samples/sec: 122.84 - lr: 0.001563
2022-04-28 21:26:08,546 epoch 35 - iter 40/107 - loss 0.04558788 - samples/sec: 122.10 - lr: 0.001563
2022-04-28 21:26:11,384 epoch 35 - iter 50/107 - loss 0.04421629 - samples/sec: 112.78 - lr: 0.001563
2022-04-28 21:26:13,973 epoch 35 - iter 60/107 - loss 0.04435916 - samples/sec: 123.69 - lr: 0.001563
2022-04-28 21:26:16,905 epoch 35 - iter 70/107 - loss 0.04504743 - samples/sec: 109.17 - lr: 0.001563
2022-04-28 21:26:19,756 epoch 35 - iter 80/107 - loss 0.04638542 - samples/sec: 112.28 - lr: 0.001563
2022-04-28 21:26:22,634 epoch 35 - iter 90/107 - loss 0.04580124 - samples/sec: 111.21 - lr: 0.001563
2022-04-28 21:26:25,543 epoch 35 - iter 100/107 - loss 0.04527231 - samples/sec: 110.05 - lr: 0.001563
2022-04-28 21:26:27,392 ----------------------------------------------------------------------------------------------------
2022-04-28 21:26:27,392 EPOCH 35 done: loss 0.0460 - lr 0.001563
2022-04-28 21:26:36,250 Evaluating as a multi-label problem: False
2022-04-28 21:26:36,261 DEV : loss 0.20225003361701965 - f1-score (micro avg)  0.5161
2022-04-28 21:26:36,332 BAD EPOCHS (no improvement): 2
2022-04-28 21:26:36,335 ----------------------------------------------------------------------------------------------------
2022-04-28 21:26:39,254 epoch 36 - iter 10/107 - loss 0.05799284 - samples/sec: 109.70 - lr: 0.001563
2022-04-28 21:26:42,093 epoch 36 - iter 20/107 - loss 0.05048063 - samples/sec: 112.74 - lr: 0.001563
2022-04-28 21:26:44,841 epoch 36 - iter 30/107 - loss 0.05173279 - samples/sec: 116.48 - lr: 0.001563
2022-04-28 21:26:47,874 epoch 36 - iter 40/107 - loss 0.05025223 - samples/sec: 105.55 - lr: 0.001563
2022-04-28 21:26:50,573 epoch 36 - iter 50/107 - loss 0.04935329 - samples/sec: 118.63 - lr: 0.001563
2022-04-28 21:26:53,233 epoch 36 - iter 60/107 - loss 0.04821270 - samples/sec: 120.38 - lr: 0.001563
2022-04-28 21:26:55,947 epoch 36 - iter 70/107 - loss 0.04806275 - samples/sec: 117.97 - lr: 0.001563
2022-04-28 21:26:58,543 epoch 36 - iter 80/107 - loss 0.04717496 - samples/sec: 123.28 - lr: 0.001563
2022-04-28 21:27:01,276 epoch 36 - iter 90/107 - loss 0.04691376 - samples/sec: 117.16 - lr: 0.001563
2022-04-28 21:27:04,135 epoch 36 - iter 100/107 - loss 0.04710551 - samples/sec: 111.96 - lr: 0.001563
2022-04-28 21:27:05,865 ----------------------------------------------------------------------------------------------------
2022-04-28 21:27:05,865 EPOCH 36 done: loss 0.0472 - lr 0.001563
2022-04-28 21:27:14,620 Evaluating as a multi-label problem: False
2022-04-28 21:27:14,632 DEV : loss 0.2030334621667862 - f1-score (micro avg)  0.5138
2022-04-28 21:27:14,704 BAD EPOCHS (no improvement): 3
2022-04-28 21:27:14,707 ----------------------------------------------------------------------------------------------------
2022-04-28 21:27:17,697 epoch 37 - iter 10/107 - loss 0.06043633 - samples/sec: 107.09 - lr: 0.001563
2022-04-28 21:27:20,747 epoch 37 - iter 20/107 - loss 0.05409880 - samples/sec: 104.93 - lr: 0.001563
2022-04-28 21:27:23,766 epoch 37 - iter 30/107 - loss 0.05086827 - samples/sec: 106.04 - lr: 0.001563
2022-04-28 21:27:26,684 epoch 37 - iter 40/107 - loss 0.05120150 - samples/sec: 109.71 - lr: 0.001563
2022-04-28 21:27:29,576 epoch 37 - iter 50/107 - loss 0.04892828 - samples/sec: 110.67 - lr: 0.001563
2022-04-28 21:27:32,472 epoch 37 - iter 60/107 - loss 0.04852117 - samples/sec: 110.55 - lr: 0.001563
2022-04-28 21:27:35,302 epoch 37 - iter 70/107 - loss 0.04864853 - samples/sec: 113.10 - lr: 0.001563
2022-04-28 21:27:37,900 epoch 37 - iter 80/107 - loss 0.04866057 - samples/sec: 123.24 - lr: 0.001563
2022-04-28 21:27:40,470 epoch 37 - iter 90/107 - loss 0.04835535 - samples/sec: 124.55 - lr: 0.001563
2022-04-28 21:27:43,180 epoch 37 - iter 100/107 - loss 0.04806273 - samples/sec: 118.16 - lr: 0.001563
2022-04-28 21:27:44,767 ----------------------------------------------------------------------------------------------------
2022-04-28 21:27:44,767 EPOCH 37 done: loss 0.0476 - lr 0.001563
2022-04-28 21:27:53,432 Evaluating as a multi-label problem: False
2022-04-28 21:27:53,443 DEV : loss 0.20377083122730255 - f1-score (micro avg)  0.5138
2022-04-28 21:27:53,515 Epoch    37: reducing learning rate of group 0 to 7.8125e-04.
2022-04-28 21:27:53,516 BAD EPOCHS (no improvement): 4
2022-04-28 21:27:53,518 ----------------------------------------------------------------------------------------------------
2022-04-28 21:27:56,186 epoch 38 - iter 10/107 - loss 0.03547280 - samples/sec: 120.01 - lr: 0.000781
2022-04-28 21:27:59,248 epoch 38 - iter 20/107 - loss 0.03646116 - samples/sec: 104.55 - lr: 0.000781
2022-04-28 21:28:02,082 epoch 38 - iter 30/107 - loss 0.04045051 - samples/sec: 112.99 - lr: 0.000781
2022-04-28 21:28:04,865 epoch 38 - iter 40/107 - loss 0.04455497 - samples/sec: 115.00 - lr: 0.000781
2022-04-28 21:28:07,580 epoch 38 - iter 50/107 - loss 0.04405053 - samples/sec: 117.90 - lr: 0.000781
2022-04-28 21:28:10,549 epoch 38 - iter 60/107 - loss 0.04469505 - samples/sec: 107.83 - lr: 0.000781
2022-04-28 21:28:13,329 epoch 38 - iter 70/107 - loss 0.04364967 - samples/sec: 115.16 - lr: 0.000781
2022-04-28 21:28:16,340 epoch 38 - iter 80/107 - loss 0.04446180 - samples/sec: 106.28 - lr: 0.000781
2022-04-28 21:28:19,151 epoch 38 - iter 90/107 - loss 0.04484793 - samples/sec: 113.89 - lr: 0.000781
2022-04-28 21:28:22,116 epoch 38 - iter 100/107 - loss 0.04484117 - samples/sec: 107.98 - lr: 0.000781
2022-04-28 21:28:23,662 ----------------------------------------------------------------------------------------------------
2022-04-28 21:28:23,663 EPOCH 38 done: loss 0.0452 - lr 0.000781
2022-04-28 21:28:31,629 Evaluating as a multi-label problem: False
2022-04-28 21:28:31,641 DEV : loss 0.2043611705303192 - f1-score (micro avg)  0.5135
2022-04-28 21:28:31,713 BAD EPOCHS (no improvement): 1
2022-04-28 21:28:31,715 ----------------------------------------------------------------------------------------------------
2022-04-28 21:28:33,926 epoch 39 - iter 10/107 - loss 0.04516361 - samples/sec: 144.88 - lr: 0.000781
2022-04-28 21:28:36,320 epoch 39 - iter 20/107 - loss 0.04452173 - samples/sec: 133.72 - lr: 0.000781
2022-04-28 21:28:38,648 epoch 39 - iter 30/107 - loss 0.04317191 - samples/sec: 137.49 - lr: 0.000781
2022-04-28 21:28:40,966 epoch 39 - iter 40/107 - loss 0.04361316 - samples/sec: 138.10 - lr: 0.000781
2022-04-28 21:28:43,294 epoch 39 - iter 50/107 - loss 0.04325196 - samples/sec: 137.55 - lr: 0.000781
2022-04-28 21:28:45,681 epoch 39 - iter 60/107 - loss 0.04288081 - samples/sec: 134.15 - lr: 0.000781
2022-04-28 21:28:48,066 epoch 39 - iter 70/107 - loss 0.04430403 - samples/sec: 134.23 - lr: 0.000781
2022-04-28 21:28:50,297 epoch 39 - iter 80/107 - loss 0.04484969 - samples/sec: 143.50 - lr: 0.000781
2022-04-28 21:28:52,679 epoch 39 - iter 90/107 - loss 0.04612220 - samples/sec: 134.41 - lr: 0.000781
2022-04-28 21:28:54,957 epoch 39 - iter 100/107 - loss 0.04581320 - samples/sec: 140.55 - lr: 0.000781
2022-04-28 21:28:56,415 ----------------------------------------------------------------------------------------------------
2022-04-28 21:28:56,415 EPOCH 39 done: loss 0.0456 - lr 0.000781
2022-04-28 21:29:05,344 Evaluating as a multi-label problem: False
2022-04-28 21:29:05,355 DEV : loss 0.203416109085083 - f1-score (micro avg)  0.5146
2022-04-28 21:29:05,428 BAD EPOCHS (no improvement): 2
2022-04-28 21:29:05,430 ----------------------------------------------------------------------------------------------------
2022-04-28 21:29:07,846 epoch 40 - iter 10/107 - loss 0.04260914 - samples/sec: 132.52 - lr: 0.000781
2022-04-28 21:29:10,307 epoch 40 - iter 20/107 - loss 0.04244979 - samples/sec: 130.10 - lr: 0.000781
2022-04-28 21:29:12,727 epoch 40 - iter 30/107 - loss 0.04242392 - samples/sec: 132.32 - lr: 0.000781
2022-04-28 21:29:14,994 epoch 40 - iter 40/107 - loss 0.04313555 - samples/sec: 141.25 - lr: 0.000781
2022-04-28 21:29:17,409 epoch 40 - iter 50/107 - loss 0.04409561 - samples/sec: 132.58 - lr: 0.000781
2022-04-28 21:29:19,975 epoch 40 - iter 60/107 - loss 0.04429787 - samples/sec: 124.75 - lr: 0.000781
2022-04-28 21:29:22,352 epoch 40 - iter 70/107 - loss 0.04481124 - samples/sec: 134.70 - lr: 0.000781
2022-04-28 21:29:24,771 epoch 40 - iter 80/107 - loss 0.04533294 - samples/sec: 132.34 - lr: 0.000781
2022-04-28 21:29:27,051 epoch 40 - iter 90/107 - loss 0.04457709 - samples/sec: 140.45 - lr: 0.000781
2022-04-28 21:29:29,341 epoch 40 - iter 100/107 - loss 0.04453714 - samples/sec: 139.84 - lr: 0.000781
2022-04-28 21:29:30,834 ----------------------------------------------------------------------------------------------------
2022-04-28 21:29:30,834 EPOCH 40 done: loss 0.0448 - lr 0.000781
2022-04-28 21:29:38,045 Evaluating as a multi-label problem: False
2022-04-28 21:29:38,057 DEV : loss 0.20468997955322266 - f1-score (micro avg)  0.5123
2022-04-28 21:29:38,129 BAD EPOCHS (no improvement): 3
2022-04-28 21:29:38,132 ----------------------------------------------------------------------------------------------------
2022-04-28 21:29:40,560 epoch 41 - iter 10/107 - loss 0.04961714 - samples/sec: 131.88 - lr: 0.000781
2022-04-28 21:29:43,016 epoch 41 - iter 20/107 - loss 0.04676215 - samples/sec: 130.37 - lr: 0.000781
2022-04-28 21:29:45,367 epoch 41 - iter 30/107 - loss 0.04729111 - samples/sec: 136.20 - lr: 0.000781
2022-04-28 21:29:47,747 epoch 41 - iter 40/107 - loss 0.04651775 - samples/sec: 134.51 - lr: 0.000781
2022-04-28 21:29:50,089 epoch 41 - iter 50/107 - loss 0.04678236 - samples/sec: 136.70 - lr: 0.000781
2022-04-28 21:29:52,498 epoch 41 - iter 60/107 - loss 0.04536407 - samples/sec: 132.91 - lr: 0.000781
2022-04-28 21:29:54,891 epoch 41 - iter 70/107 - loss 0.04524395 - samples/sec: 133.79 - lr: 0.000781
2022-04-28 21:29:57,234 epoch 41 - iter 80/107 - loss 0.04587966 - samples/sec: 136.66 - lr: 0.000781
2022-04-28 21:29:59,543 epoch 41 - iter 90/107 - loss 0.04556206 - samples/sec: 138.66 - lr: 0.000781
2022-04-28 21:30:01,987 epoch 41 - iter 100/107 - loss 0.04604750 - samples/sec: 131.03 - lr: 0.000781
2022-04-28 21:30:03,412 ----------------------------------------------------------------------------------------------------
2022-04-28 21:30:03,412 EPOCH 41 done: loss 0.0459 - lr 0.000781
2022-04-28 21:30:11,028 Evaluating as a multi-label problem: False
2022-04-28 21:30:11,040 DEV : loss 0.20581257343292236 - f1-score (micro avg)  0.5131
2022-04-28 21:30:11,116 Epoch    41: reducing learning rate of group 0 to 3.9063e-04.
2022-04-28 21:30:11,116 BAD EPOCHS (no improvement): 4
2022-04-28 21:30:11,119 ----------------------------------------------------------------------------------------------------
2022-04-28 21:30:15,621 epoch 42 - iter 10/107 - loss 0.03748379 - samples/sec: 71.12 - lr: 0.000391
2022-04-28 21:30:19,634 epoch 42 - iter 20/107 - loss 0.03550426 - samples/sec: 79.75 - lr: 0.000391
2022-04-28 21:30:23,500 epoch 42 - iter 30/107 - loss 0.03989432 - samples/sec: 82.79 - lr: 0.000391
2022-04-28 21:30:27,585 epoch 42 - iter 40/107 - loss 0.04281459 - samples/sec: 78.37 - lr: 0.000391
2022-04-28 21:30:31,533 epoch 42 - iter 50/107 - loss 0.04312793 - samples/sec: 81.08 - lr: 0.000391
2022-04-28 21:30:34,814 epoch 42 - iter 60/107 - loss 0.04412113 - samples/sec: 97.55 - lr: 0.000391
2022-04-28 21:30:37,686 epoch 42 - iter 70/107 - loss 0.04581657 - samples/sec: 111.48 - lr: 0.000391
2022-04-28 21:30:40,600 epoch 42 - iter 80/107 - loss 0.04613942 - samples/sec: 109.83 - lr: 0.000391
2022-04-28 21:30:43,599 epoch 42 - iter 90/107 - loss 0.04541105 - samples/sec: 106.75 - lr: 0.000391
2022-04-28 21:30:46,403 epoch 42 - iter 100/107 - loss 0.04461596 - samples/sec: 114.19 - lr: 0.000391
2022-04-28 21:30:48,179 ----------------------------------------------------------------------------------------------------
2022-04-28 21:30:48,180 EPOCH 42 done: loss 0.0447 - lr 0.000391
2022-04-28 21:30:56,945 Evaluating as a multi-label problem: False
2022-04-28 21:30:56,959 DEV : loss 0.2058475911617279 - f1-score (micro avg)  0.5131
2022-04-28 21:30:57,034 BAD EPOCHS (no improvement): 1
2022-04-28 21:30:57,037 ----------------------------------------------------------------------------------------------------
2022-04-28 21:30:59,955 epoch 43 - iter 10/107 - loss 0.04821140 - samples/sec: 109.71 - lr: 0.000391
2022-04-28 21:31:02,907 epoch 43 - iter 20/107 - loss 0.04636105 - samples/sec: 108.47 - lr: 0.000391
2022-04-28 21:31:05,758 epoch 43 - iter 30/107 - loss 0.04496024 - samples/sec: 112.25 - lr: 0.000391
2022-04-28 21:31:08,562 epoch 43 - iter 40/107 - loss 0.04564706 - samples/sec: 114.19 - lr: 0.000391
2022-04-28 21:31:11,438 epoch 43 - iter 50/107 - loss 0.04581358 - samples/sec: 111.29 - lr: 0.000391
2022-04-28 21:31:14,016 epoch 43 - iter 60/107 - loss 0.04723944 - samples/sec: 124.22 - lr: 0.000391
2022-04-28 21:31:16,729 epoch 43 - iter 70/107 - loss 0.04529911 - samples/sec: 117.98 - lr: 0.000391
2022-04-28 21:31:19,259 epoch 43 - iter 80/107 - loss 0.04564943 - samples/sec: 126.53 - lr: 0.000391
2022-04-28 21:31:21,482 epoch 43 - iter 90/107 - loss 0.04646000 - samples/sec: 144.01 - lr: 0.000391
2022-04-28 21:31:23,712 epoch 43 - iter 100/107 - loss 0.04585006 - samples/sec: 143.59 - lr: 0.000391
2022-04-28 21:31:25,106 ----------------------------------------------------------------------------------------------------
2022-04-28 21:31:25,107 EPOCH 43 done: loss 0.0456 - lr 0.000391
2022-04-28 21:31:32,246 Evaluating as a multi-label problem: False
2022-04-28 21:31:32,257 DEV : loss 0.20579341053962708 - f1-score (micro avg)  0.5116
2022-04-28 21:31:32,330 BAD EPOCHS (no improvement): 2
2022-04-28 21:31:32,332 ----------------------------------------------------------------------------------------------------
2022-04-28 21:31:34,714 epoch 44 - iter 10/107 - loss 0.04909815 - samples/sec: 134.42 - lr: 0.000391
2022-04-28 21:31:37,076 epoch 44 - iter 20/107 - loss 0.05082056 - samples/sec: 135.58 - lr: 0.000391
2022-04-28 21:31:39,479 epoch 44 - iter 30/107 - loss 0.05023071 - samples/sec: 133.19 - lr: 0.000391
2022-04-28 21:31:41,849 epoch 44 - iter 40/107 - loss 0.05049322 - samples/sec: 135.07 - lr: 0.000391
2022-04-28 21:31:44,191 epoch 44 - iter 50/107 - loss 0.05216731 - samples/sec: 136.75 - lr: 0.000391
2022-04-28 21:31:46,487 epoch 44 - iter 60/107 - loss 0.05108797 - samples/sec: 139.38 - lr: 0.000391
2022-04-28 21:31:48,793 epoch 44 - iter 70/107 - loss 0.04858914 - samples/sec: 138.83 - lr: 0.000391
2022-04-28 21:31:51,062 epoch 44 - iter 80/107 - loss 0.04728209 - samples/sec: 141.13 - lr: 0.000391
2022-04-28 21:31:53,398 epoch 44 - iter 90/107 - loss 0.04712082 - samples/sec: 137.02 - lr: 0.000391
2022-04-28 21:31:55,723 epoch 44 - iter 100/107 - loss 0.04645705 - samples/sec: 137.74 - lr: 0.000391
2022-04-28 21:31:57,178 ----------------------------------------------------------------------------------------------------
2022-04-28 21:31:57,179 EPOCH 44 done: loss 0.0466 - lr 0.000391
2022-04-28 21:32:04,303 Evaluating as a multi-label problem: False
2022-04-28 21:32:04,315 DEV : loss 0.206342875957489 - f1-score (micro avg)  0.5116
2022-04-28 21:32:04,386 BAD EPOCHS (no improvement): 3
2022-04-28 21:32:04,389 ----------------------------------------------------------------------------------------------------
2022-04-28 21:32:06,716 epoch 45 - iter 10/107 - loss 0.03976725 - samples/sec: 137.64 - lr: 0.000391
2022-04-28 21:32:08,997 epoch 45 - iter 20/107 - loss 0.03932579 - samples/sec: 140.34 - lr: 0.000391
2022-04-28 21:32:11,342 epoch 45 - iter 30/107 - loss 0.04152355 - samples/sec: 136.50 - lr: 0.000391
2022-04-28 21:32:14,199 epoch 45 - iter 40/107 - loss 0.04494351 - samples/sec: 112.07 - lr: 0.000391
2022-04-28 21:32:17,132 epoch 45 - iter 50/107 - loss 0.04439274 - samples/sec: 109.15 - lr: 0.000391
2022-04-28 21:32:19,898 epoch 45 - iter 60/107 - loss 0.04589326 - samples/sec: 115.73 - lr: 0.000391
2022-04-28 21:32:22,925 epoch 45 - iter 70/107 - loss 0.04536287 - samples/sec: 105.74 - lr: 0.000391
2022-04-28 21:32:25,849 epoch 45 - iter 80/107 - loss 0.04498874 - samples/sec: 109.49 - lr: 0.000391
2022-04-28 21:32:28,729 epoch 45 - iter 90/107 - loss 0.04621800 - samples/sec: 111.14 - lr: 0.000391
2022-04-28 21:32:31,819 epoch 45 - iter 100/107 - loss 0.04526300 - samples/sec: 103.58 - lr: 0.000391
2022-04-28 21:32:33,615 ----------------------------------------------------------------------------------------------------
2022-04-28 21:32:33,615 EPOCH 45 done: loss 0.0453 - lr 0.000391
2022-04-28 21:32:42,210 Evaluating as a multi-label problem: False
2022-04-28 21:32:42,222 DEV : loss 0.20530173182487488 - f1-score (micro avg)  0.5138
2022-04-28 21:32:42,298 Epoch    45: reducing learning rate of group 0 to 1.9531e-04.
2022-04-28 21:32:42,299 BAD EPOCHS (no improvement): 4
2022-04-28 21:32:42,301 ----------------------------------------------------------------------------------------------------
2022-04-28 21:32:45,349 epoch 46 - iter 10/107 - loss 0.04280516 - samples/sec: 105.06 - lr: 0.000195
2022-04-28 21:32:48,275 epoch 46 - iter 20/107 - loss 0.04372267 - samples/sec: 109.43 - lr: 0.000195
2022-04-28 21:32:50,898 epoch 46 - iter 30/107 - loss 0.04136776 - samples/sec: 122.05 - lr: 0.000195
2022-04-28 21:32:53,470 epoch 46 - iter 40/107 - loss 0.04238858 - samples/sec: 124.49 - lr: 0.000195
2022-04-28 21:32:56,232 epoch 46 - iter 50/107 - loss 0.04325943 - samples/sec: 115.91 - lr: 0.000195
2022-04-28 21:32:58,730 epoch 46 - iter 60/107 - loss 0.04283948 - samples/sec: 128.15 - lr: 0.000195
2022-04-28 21:33:00,962 epoch 46 - iter 70/107 - loss 0.04342103 - samples/sec: 143.45 - lr: 0.000195
2022-04-28 21:33:03,352 epoch 46 - iter 80/107 - loss 0.04366270 - samples/sec: 133.96 - lr: 0.000195
2022-04-28 21:33:05,678 epoch 46 - iter 90/107 - loss 0.04378031 - samples/sec: 137.65 - lr: 0.000195
2022-04-28 21:33:08,038 epoch 46 - iter 100/107 - loss 0.04444405 - samples/sec: 135.67 - lr: 0.000195
2022-04-28 21:33:09,455 ----------------------------------------------------------------------------------------------------
2022-04-28 21:33:09,455 EPOCH 46 done: loss 0.0446 - lr 0.000195
2022-04-28 21:33:16,612 Evaluating as a multi-label problem: False
2022-04-28 21:33:16,623 DEV : loss 0.20516391098499298 - f1-score (micro avg)  0.5123
2022-04-28 21:33:16,694 BAD EPOCHS (no improvement): 1
2022-04-28 21:33:16,697 ----------------------------------------------------------------------------------------------------
2022-04-28 21:33:19,083 epoch 47 - iter 10/107 - loss 0.04677293 - samples/sec: 134.19 - lr: 0.000195
2022-04-28 21:33:21,414 epoch 47 - iter 20/107 - loss 0.05136947 - samples/sec: 137.39 - lr: 0.000195
2022-04-28 21:33:23,614 epoch 47 - iter 30/107 - loss 0.04765425 - samples/sec: 145.50 - lr: 0.000195
2022-04-28 21:33:25,987 epoch 47 - iter 40/107 - loss 0.04766771 - samples/sec: 134.92 - lr: 0.000195
2022-04-28 21:33:28,365 epoch 47 - iter 50/107 - loss 0.04670188 - samples/sec: 134.60 - lr: 0.000195
2022-04-28 21:33:30,642 epoch 47 - iter 60/107 - loss 0.04816793 - samples/sec: 140.63 - lr: 0.000195
2022-04-28 21:33:32,988 epoch 47 - iter 70/107 - loss 0.04597568 - samples/sec: 136.49 - lr: 0.000195
2022-04-28 21:33:35,333 epoch 47 - iter 80/107 - loss 0.04659663 - samples/sec: 136.55 - lr: 0.000195
2022-04-28 21:33:37,646 epoch 47 - iter 90/107 - loss 0.04532939 - samples/sec: 138.38 - lr: 0.000195
2022-04-28 21:33:40,013 epoch 47 - iter 100/107 - loss 0.04611639 - samples/sec: 135.26 - lr: 0.000195
2022-04-28 21:33:41,455 ----------------------------------------------------------------------------------------------------
2022-04-28 21:33:41,455 EPOCH 47 done: loss 0.0461 - lr 0.000195
2022-04-28 21:33:50,957 Evaluating as a multi-label problem: False
2022-04-28 21:33:50,968 DEV : loss 0.20530249178409576 - f1-score (micro avg)  0.5123
2022-04-28 21:33:51,042 BAD EPOCHS (no improvement): 2
2022-04-28 21:33:51,044 ----------------------------------------------------------------------------------------------------
2022-04-28 21:33:53,887 epoch 48 - iter 10/107 - loss 0.03855469 - samples/sec: 112.63 - lr: 0.000195
2022-04-28 21:33:56,625 epoch 48 - iter 20/107 - loss 0.04071572 - samples/sec: 116.94 - lr: 0.000195
2022-04-28 21:33:59,518 epoch 48 - iter 30/107 - loss 0.04366032 - samples/sec: 110.64 - lr: 0.000195
2022-04-28 21:34:02,373 epoch 48 - iter 40/107 - loss 0.04444391 - samples/sec: 112.13 - lr: 0.000195
2022-04-28 21:34:05,322 epoch 48 - iter 50/107 - loss 0.04386454 - samples/sec: 108.55 - lr: 0.000195
2022-04-28 21:34:08,093 epoch 48 - iter 60/107 - loss 0.04272649 - samples/sec: 115.55 - lr: 0.000195
2022-04-28 21:34:11,018 epoch 48 - iter 70/107 - loss 0.04408567 - samples/sec: 109.44 - lr: 0.000195
2022-04-28 21:34:14,000 epoch 48 - iter 80/107 - loss 0.04475626 - samples/sec: 107.34 - lr: 0.000195
2022-04-28 21:34:16,969 epoch 48 - iter 90/107 - loss 0.04571218 - samples/sec: 107.83 - lr: 0.000195
2022-04-28 21:34:19,866 epoch 48 - iter 100/107 - loss 0.04601690 - samples/sec: 110.51 - lr: 0.000195
2022-04-28 21:34:21,614 ----------------------------------------------------------------------------------------------------
2022-04-28 21:34:21,614 EPOCH 48 done: loss 0.0460 - lr 0.000195
2022-04-28 21:34:30,020 Evaluating as a multi-label problem: False
2022-04-28 21:34:30,031 DEV : loss 0.20501668751239777 - f1-score (micro avg)  0.5135
2022-04-28 21:34:30,103 BAD EPOCHS (no improvement): 3
2022-04-28 21:34:30,106 ----------------------------------------------------------------------------------------------------
2022-04-28 21:34:32,639 epoch 49 - iter 10/107 - loss 0.04248346 - samples/sec: 126.37 - lr: 0.000195
2022-04-28 21:34:34,934 epoch 49 - iter 20/107 - loss 0.04508823 - samples/sec: 139.54 - lr: 0.000195
2022-04-28 21:34:37,123 epoch 49 - iter 30/107 - loss 0.04187180 - samples/sec: 146.21 - lr: 0.000195
2022-04-28 21:34:39,463 epoch 49 - iter 40/107 - loss 0.04172678 - samples/sec: 136.83 - lr: 0.000195
2022-04-28 21:34:41,911 epoch 49 - iter 50/107 - loss 0.04506607 - samples/sec: 130.82 - lr: 0.000195
2022-04-28 21:34:44,348 epoch 49 - iter 60/107 - loss 0.04487549 - samples/sec: 131.40 - lr: 0.000195
2022-04-28 21:34:46,634 epoch 49 - iter 70/107 - loss 0.04512936 - samples/sec: 140.04 - lr: 0.000195
2022-04-28 21:34:49,060 epoch 49 - iter 80/107 - loss 0.04588055 - samples/sec: 131.95 - lr: 0.000195
2022-04-28 21:34:51,418 epoch 49 - iter 90/107 - loss 0.04645084 - samples/sec: 135.77 - lr: 0.000195
2022-04-28 21:34:53,688 epoch 49 - iter 100/107 - loss 0.04571736 - samples/sec: 141.08 - lr: 0.000195
2022-04-28 21:34:55,203 ----------------------------------------------------------------------------------------------------
2022-04-28 21:34:55,203 EPOCH 49 done: loss 0.0453 - lr 0.000195
2022-04-28 21:35:02,388 Evaluating as a multi-label problem: False
2022-04-28 21:35:02,400 DEV : loss 0.20525550842285156 - f1-score (micro avg)  0.5135
2022-04-28 21:35:02,477 Epoch    49: reducing learning rate of group 0 to 9.7656e-05.
2022-04-28 21:35:02,477 BAD EPOCHS (no improvement): 4
2022-04-28 21:35:02,480 ----------------------------------------------------------------------------------------------------
2022-04-28 21:35:02,480 ----------------------------------------------------------------------------------------------------
2022-04-28 21:35:02,480 learning rate too small - quitting training!
2022-04-28 21:35:02,480 ----------------------------------------------------------------------------------------------------
2022-04-28 21:35:25,546 ----------------------------------------------------------------------------------------------------
2022-04-28 21:35:25,547 loading file resources/taggers/model_05_r5_run_3/best-model.pt
2022-04-28 21:35:47,243 SequenceTagger predicts: Dictionary with 27 tags: O, S-person, B-person, E-person, I-person, S-location, B-location, E-location, I-location, S-group, B-group, E-group, I-group, S-corporation, B-corporation, E-corporation, I-corporation, S-product, B-product, E-product, I-product, S-creative-work, B-creative-work, E-creative-work, I-creative-work, <START>, <STOP>
2022-04-28 21:36:07,303 Evaluating as a multi-label problem: False
2022-04-28 21:36:07,316 0.629	0.3503	0.45	0.3098
2022-04-28 21:36:07,316 
Results:
- F-score (micro) 0.45
- F-score (macro) 0.3268
- Accuracy 0.3098

By class:
               precision    recall  f1-score   support

       person     0.6773    0.5431    0.6028       429
        group     0.4536    0.2667    0.3359       165
     location     0.7037    0.5067    0.5891       150
creative-work     0.5000    0.0563    0.1013       142
      product     0.5556    0.0394    0.0735       127
  corporation     0.4444    0.1818    0.2581        66

    micro avg     0.6290    0.3503    0.4500      1079
    macro avg     0.5558    0.2657    0.3268      1079
 weighted avg     0.5949    0.3503    0.4107      1079

2022-04-28 21:36:07,316 ----------------------------------------------------------------------------------------------------
