2022-05-20 19:28:30,398 ----------------------------------------------------------------------------------------------------
2022-05-20 19:28:30,398 Model: "SequenceTagger(
  (embeddings): StackedEmbeddings(
    (list_embedding_0): GazetteerEmbeddings()
    (list_embedding_1): FlairEmbeddings(
      (lm): LanguageModel(
        (drop): Dropout(p=0.05, inplace=False)
        (encoder): Embedding(300, 100)
        (rnn): LSTM(100, 2048)
        (decoder): Linear(in_features=2048, out_features=300, bias=True)
      )
    )
    (list_embedding_2): FlairEmbeddings(
      (lm): LanguageModel(
        (drop): Dropout(p=0.05, inplace=False)
        (encoder): Embedding(300, 100)
        (rnn): LSTM(100, 2048)
        (decoder): Linear(in_features=2048, out_features=300, bias=True)
      )
    )
  )
  (word_dropout): WordDropout(p=0.05)
  (locked_dropout): LockedDropout(p=0.5)
  (embedding2nn): Linear(in_features=4103, out_features=4103, bias=True)
  (rnn): LSTM(4103, 256, batch_first=True, bidirectional=True)
  (linear): Linear(in_features=512, out_features=27, bias=True)
  (loss_function): ViterbiLoss()
  (crf): CRF()
)"
2022-05-20 19:28:30,399 ----------------------------------------------------------------------------------------------------
2022-05-20 19:28:30,399 Corpus: "Corpus: 3394 train + 1009 dev + 1287 test sentences"
2022-05-20 19:28:30,399 ----------------------------------------------------------------------------------------------------
2022-05-20 19:28:30,399 Parameters:
2022-05-20 19:28:30,400  - learning_rate: "0.100000"
2022-05-20 19:28:30,401  - mini_batch_size: "32"
2022-05-20 19:28:30,401  - patience: "3"
2022-05-20 19:28:30,401  - anneal_factor: "0.5"
2022-05-20 19:28:30,401  - max_epochs: "150"
2022-05-20 19:28:30,401  - shuffle: "True"
2022-05-20 19:28:30,401  - train_with_dev: "False"
2022-05-20 19:28:30,401  - batch_growth_annealing: "False"
2022-05-20 19:28:30,401 ----------------------------------------------------------------------------------------------------
2022-05-20 19:28:30,402 Model training base path: "resources/taggers/model_04_r12_run_1"
2022-05-20 19:28:30,402 ----------------------------------------------------------------------------------------------------
2022-05-20 19:28:30,402 Device: cuda:0
2022-05-20 19:28:30,402 ----------------------------------------------------------------------------------------------------
2022-05-20 19:28:30,402 Embeddings storage mode: cpu
2022-05-20 19:28:30,402 ----------------------------------------------------------------------------------------------------
2022-05-20 19:28:35,074 epoch 1 - iter 10/107 - loss 0.44752967 - samples/sec: 68.50 - lr: 0.100000
2022-05-20 19:28:39,991 epoch 1 - iter 20/107 - loss 0.38460704 - samples/sec: 65.09 - lr: 0.100000
2022-05-20 19:28:43,832 epoch 1 - iter 30/107 - loss 0.35652163 - samples/sec: 83.34 - lr: 0.100000
2022-05-20 19:28:46,642 epoch 1 - iter 40/107 - loss 0.33876548 - samples/sec: 113.93 - lr: 0.100000
2022-05-20 19:28:49,479 epoch 1 - iter 50/107 - loss 0.31801970 - samples/sec: 112.80 - lr: 0.100000
2022-05-20 19:28:52,336 epoch 1 - iter 60/107 - loss 0.31239819 - samples/sec: 112.06 - lr: 0.100000
2022-05-20 19:28:55,795 epoch 1 - iter 70/107 - loss 0.30986038 - samples/sec: 92.52 - lr: 0.100000
2022-05-20 19:28:59,188 epoch 1 - iter 80/107 - loss 0.30993809 - samples/sec: 94.33 - lr: 0.100000
2022-05-20 19:29:02,438 epoch 1 - iter 90/107 - loss 0.30926782 - samples/sec: 98.49 - lr: 0.100000
2022-05-20 19:29:05,697 epoch 1 - iter 100/107 - loss 0.30686866 - samples/sec: 98.23 - lr: 0.100000
2022-05-20 19:29:07,786 ----------------------------------------------------------------------------------------------------
2022-05-20 19:29:07,786 EPOCH 1 done: loss 0.3028 - lr 0.100000
2022-05-20 19:29:20,496 Evaluating as a multi-label problem: False
2022-05-20 19:29:20,506 DEV : loss 0.40876609086990356 - f1-score (micro avg)  0.11
2022-05-20 19:29:20,573 BAD EPOCHS (no improvement): 0
2022-05-20 19:29:20,575 saving best model
2022-05-20 19:29:26,786 ----------------------------------------------------------------------------------------------------
2022-05-20 19:29:28,965 epoch 2 - iter 10/107 - loss 0.18093948 - samples/sec: 146.95 - lr: 0.100000
2022-05-20 19:29:31,392 epoch 2 - iter 20/107 - loss 0.19594598 - samples/sec: 131.92 - lr: 0.100000
2022-05-20 19:29:33,118 epoch 2 - iter 30/107 - loss 0.19431511 - samples/sec: 185.44 - lr: 0.100000
2022-05-20 19:29:34,602 epoch 2 - iter 40/107 - loss 0.19476942 - samples/sec: 215.79 - lr: 0.100000
2022-05-20 19:29:36,178 epoch 2 - iter 50/107 - loss 0.20275300 - samples/sec: 203.24 - lr: 0.100000
2022-05-20 19:29:37,735 epoch 2 - iter 60/107 - loss 0.20194520 - samples/sec: 205.66 - lr: 0.100000
2022-05-20 19:29:39,269 epoch 2 - iter 70/107 - loss 0.20063390 - samples/sec: 208.73 - lr: 0.100000
2022-05-20 19:29:40,818 epoch 2 - iter 80/107 - loss 0.20009952 - samples/sec: 206.71 - lr: 0.100000
2022-05-20 19:29:42,370 epoch 2 - iter 90/107 - loss 0.20031103 - samples/sec: 206.35 - lr: 0.100000
2022-05-20 19:29:44,889 epoch 2 - iter 100/107 - loss 0.19882595 - samples/sec: 127.06 - lr: 0.100000
2022-05-20 19:29:46,508 ----------------------------------------------------------------------------------------------------
2022-05-20 19:29:46,509 EPOCH 2 done: loss 0.1976 - lr 0.100000
2022-05-20 19:29:54,127 Evaluating as a multi-label problem: False
2022-05-20 19:29:54,137 DEV : loss 0.29682570695877075 - f1-score (micro avg)  0.3845
2022-05-20 19:29:54,205 BAD EPOCHS (no improvement): 0
2022-05-20 19:29:54,207 saving best model
2022-05-20 19:30:00,343 ----------------------------------------------------------------------------------------------------
2022-05-20 19:30:02,922 epoch 3 - iter 10/107 - loss 0.16723359 - samples/sec: 124.16 - lr: 0.100000
2022-05-20 19:30:05,400 epoch 3 - iter 20/107 - loss 0.17247418 - samples/sec: 129.17 - lr: 0.100000
2022-05-20 19:30:07,796 epoch 3 - iter 30/107 - loss 0.16847545 - samples/sec: 133.62 - lr: 0.100000
2022-05-20 19:30:10,129 epoch 3 - iter 40/107 - loss 0.16386129 - samples/sec: 137.22 - lr: 0.100000
2022-05-20 19:30:12,413 epoch 3 - iter 50/107 - loss 0.16774108 - samples/sec: 140.20 - lr: 0.100000
2022-05-20 19:30:14,451 epoch 3 - iter 60/107 - loss 0.16880727 - samples/sec: 157.10 - lr: 0.100000
2022-05-20 19:30:15,880 epoch 3 - iter 70/107 - loss 0.17275473 - samples/sec: 224.15 - lr: 0.100000
2022-05-20 19:30:17,404 epoch 3 - iter 80/107 - loss 0.17015912 - samples/sec: 210.07 - lr: 0.100000
2022-05-20 19:30:18,862 epoch 3 - iter 90/107 - loss 0.16724124 - samples/sec: 219.65 - lr: 0.100000
2022-05-20 19:30:20,403 epoch 3 - iter 100/107 - loss 0.16420400 - samples/sec: 207.75 - lr: 0.100000
2022-05-20 19:30:21,366 ----------------------------------------------------------------------------------------------------
2022-05-20 19:30:21,366 EPOCH 3 done: loss 0.1647 - lr 0.100000
2022-05-20 19:30:27,758 Evaluating as a multi-label problem: False
2022-05-20 19:30:27,769 DEV : loss 0.2342066615819931 - f1-score (micro avg)  0.4855
2022-05-20 19:30:27,837 BAD EPOCHS (no improvement): 0
2022-05-20 19:30:27,839 saving best model
2022-05-20 19:30:34,185 ----------------------------------------------------------------------------------------------------
2022-05-20 19:30:36,745 epoch 4 - iter 10/107 - loss 0.14084016 - samples/sec: 125.16 - lr: 0.100000
2022-05-20 19:30:39,239 epoch 4 - iter 20/107 - loss 0.15263101 - samples/sec: 128.36 - lr: 0.100000
2022-05-20 19:30:41,655 epoch 4 - iter 30/107 - loss 0.15402720 - samples/sec: 132.49 - lr: 0.100000
2022-05-20 19:30:44,277 epoch 4 - iter 40/107 - loss 0.14736069 - samples/sec: 122.10 - lr: 0.100000
2022-05-20 19:30:46,783 epoch 4 - iter 50/107 - loss 0.14769641 - samples/sec: 127.76 - lr: 0.100000
2022-05-20 19:30:49,036 epoch 4 - iter 60/107 - loss 0.14508571 - samples/sec: 142.10 - lr: 0.100000
2022-05-20 19:30:51,398 epoch 4 - iter 70/107 - loss 0.14513668 - samples/sec: 135.56 - lr: 0.100000
2022-05-20 19:30:53,752 epoch 4 - iter 80/107 - loss 0.14463712 - samples/sec: 136.01 - lr: 0.100000
2022-05-20 19:30:56,255 epoch 4 - iter 90/107 - loss 0.14457342 - samples/sec: 127.89 - lr: 0.100000
2022-05-20 19:30:58,732 epoch 4 - iter 100/107 - loss 0.14530592 - samples/sec: 129.23 - lr: 0.100000
2022-05-20 19:31:00,254 ----------------------------------------------------------------------------------------------------
2022-05-20 19:31:00,254 EPOCH 4 done: loss 0.1448 - lr 0.100000
2022-05-20 19:31:07,567 Evaluating as a multi-label problem: False
2022-05-20 19:31:07,581 DEV : loss 0.20942912995815277 - f1-score (micro avg)  0.4968
2022-05-20 19:31:07,650 BAD EPOCHS (no improvement): 0
2022-05-20 19:31:07,692 saving best model
2022-05-20 19:31:14,588 ----------------------------------------------------------------------------------------------------
2022-05-20 19:31:17,160 epoch 5 - iter 10/107 - loss 0.15023394 - samples/sec: 124.51 - lr: 0.100000
2022-05-20 19:31:19,476 epoch 5 - iter 20/107 - loss 0.13803926 - samples/sec: 138.25 - lr: 0.100000
2022-05-20 19:31:21,586 epoch 5 - iter 30/107 - loss 0.13110021 - samples/sec: 151.72 - lr: 0.100000
2022-05-20 19:31:23,875 epoch 5 - iter 40/107 - loss 0.13198953 - samples/sec: 139.86 - lr: 0.100000
2022-05-20 19:31:25,973 epoch 5 - iter 50/107 - loss 0.13507587 - samples/sec: 152.66 - lr: 0.100000
2022-05-20 19:31:27,955 epoch 5 - iter 60/107 - loss 0.13763210 - samples/sec: 161.48 - lr: 0.100000
2022-05-20 19:31:30,072 epoch 5 - iter 70/107 - loss 0.13543758 - samples/sec: 151.25 - lr: 0.100000
2022-05-20 19:31:32,518 epoch 5 - iter 80/107 - loss 0.13311790 - samples/sec: 130.85 - lr: 0.100000
2022-05-20 19:31:34,993 epoch 5 - iter 90/107 - loss 0.13252225 - samples/sec: 129.37 - lr: 0.100000
2022-05-20 19:31:37,534 epoch 5 - iter 100/107 - loss 0.13004480 - samples/sec: 125.96 - lr: 0.100000
2022-05-20 19:31:39,032 ----------------------------------------------------------------------------------------------------
2022-05-20 19:31:39,032 EPOCH 5 done: loss 0.1326 - lr 0.100000
2022-05-20 19:31:46,821 Evaluating as a multi-label problem: False
2022-05-20 19:31:46,832 DEV : loss 0.20064732432365417 - f1-score (micro avg)  0.5145
2022-05-20 19:31:46,901 BAD EPOCHS (no improvement): 0
2022-05-20 19:31:46,902 saving best model
2022-05-20 19:31:53,622 ----------------------------------------------------------------------------------------------------
2022-05-20 19:31:56,028 epoch 6 - iter 10/107 - loss 0.11185909 - samples/sec: 133.10 - lr: 0.100000
2022-05-20 19:31:58,257 epoch 6 - iter 20/107 - loss 0.11311674 - samples/sec: 143.61 - lr: 0.100000
2022-05-20 19:32:00,686 epoch 6 - iter 30/107 - loss 0.11250651 - samples/sec: 131.82 - lr: 0.100000
2022-05-20 19:32:03,138 epoch 6 - iter 40/107 - loss 0.11217997 - samples/sec: 130.55 - lr: 0.100000
2022-05-20 19:32:05,647 epoch 6 - iter 50/107 - loss 0.11228572 - samples/sec: 127.57 - lr: 0.100000
2022-05-20 19:32:08,650 epoch 6 - iter 60/107 - loss 0.11532872 - samples/sec: 106.60 - lr: 0.100000
2022-05-20 19:32:11,129 epoch 6 - iter 70/107 - loss 0.11428880 - samples/sec: 129.16 - lr: 0.100000
2022-05-20 19:32:13,652 epoch 6 - iter 80/107 - loss 0.11587953 - samples/sec: 126.86 - lr: 0.100000
2022-05-20 19:32:16,963 epoch 6 - iter 90/107 - loss 0.11768713 - samples/sec: 96.70 - lr: 0.100000
2022-05-20 19:32:19,450 epoch 6 - iter 100/107 - loss 0.12105580 - samples/sec: 128.67 - lr: 0.100000
2022-05-20 19:32:20,994 ----------------------------------------------------------------------------------------------------
2022-05-20 19:32:20,994 EPOCH 6 done: loss 0.1219 - lr 0.100000
2022-05-20 19:32:28,729 Evaluating as a multi-label problem: False
2022-05-20 19:32:28,740 DEV : loss 0.18428927659988403 - f1-score (micro avg)  0.5452
2022-05-20 19:32:28,809 BAD EPOCHS (no improvement): 0
2022-05-20 19:32:28,953 saving best model
2022-05-20 19:32:35,637 ----------------------------------------------------------------------------------------------------
2022-05-20 19:32:37,271 epoch 7 - iter 10/107 - loss 0.12075247 - samples/sec: 195.89 - lr: 0.100000
2022-05-20 19:32:38,861 epoch 7 - iter 20/107 - loss 0.11821138 - samples/sec: 201.37 - lr: 0.100000
2022-05-20 19:32:40,382 epoch 7 - iter 30/107 - loss 0.11270549 - samples/sec: 210.59 - lr: 0.100000
2022-05-20 19:32:41,968 epoch 7 - iter 40/107 - loss 0.11237800 - samples/sec: 201.84 - lr: 0.100000
2022-05-20 19:32:44,025 epoch 7 - iter 50/107 - loss 0.11201896 - samples/sec: 155.65 - lr: 0.100000
2022-05-20 19:32:46,839 epoch 7 - iter 60/107 - loss 0.11096667 - samples/sec: 113.75 - lr: 0.100000
2022-05-20 19:32:49,286 epoch 7 - iter 70/107 - loss 0.11077623 - samples/sec: 130.88 - lr: 0.100000
2022-05-20 19:32:51,920 epoch 7 - iter 80/107 - loss 0.11257287 - samples/sec: 121.50 - lr: 0.100000
2022-05-20 19:32:54,399 epoch 7 - iter 90/107 - loss 0.11498415 - samples/sec: 129.18 - lr: 0.100000
2022-05-20 19:32:56,839 epoch 7 - iter 100/107 - loss 0.11676540 - samples/sec: 131.16 - lr: 0.100000
2022-05-20 19:32:58,522 ----------------------------------------------------------------------------------------------------
2022-05-20 19:32:58,522 EPOCH 7 done: loss 0.1155 - lr 0.100000
2022-05-20 19:33:05,947 Evaluating as a multi-label problem: False
2022-05-20 19:33:05,957 DEV : loss 0.2131986767053604 - f1-score (micro avg)  0.4759
2022-05-20 19:33:06,027 BAD EPOCHS (no improvement): 1
2022-05-20 19:33:06,030 ----------------------------------------------------------------------------------------------------
2022-05-20 19:33:08,536 epoch 8 - iter 10/107 - loss 0.11008866 - samples/sec: 127.78 - lr: 0.100000
2022-05-20 19:33:10,998 epoch 8 - iter 20/107 - loss 0.10713745 - samples/sec: 129.98 - lr: 0.100000
2022-05-20 19:33:13,213 epoch 8 - iter 30/107 - loss 0.11005011 - samples/sec: 144.58 - lr: 0.100000
2022-05-20 19:33:15,385 epoch 8 - iter 40/107 - loss 0.11171143 - samples/sec: 147.38 - lr: 0.100000
2022-05-20 19:33:17,661 epoch 8 - iter 50/107 - loss 0.10906677 - samples/sec: 140.64 - lr: 0.100000
2022-05-20 19:33:20,123 epoch 8 - iter 60/107 - loss 0.10718105 - samples/sec: 130.05 - lr: 0.100000
2022-05-20 19:33:22,563 epoch 8 - iter 70/107 - loss 0.10403006 - samples/sec: 131.19 - lr: 0.100000
2022-05-20 19:33:25,167 epoch 8 - iter 80/107 - loss 0.10394883 - samples/sec: 122.92 - lr: 0.100000
2022-05-20 19:33:27,504 epoch 8 - iter 90/107 - loss 0.10611305 - samples/sec: 136.99 - lr: 0.100000
2022-05-20 19:33:30,086 epoch 8 - iter 100/107 - loss 0.10817454 - samples/sec: 123.97 - lr: 0.100000
2022-05-20 19:33:31,815 ----------------------------------------------------------------------------------------------------
2022-05-20 19:33:31,815 EPOCH 8 done: loss 0.1066 - lr 0.100000
2022-05-20 19:33:39,507 Evaluating as a multi-label problem: False
2022-05-20 19:33:39,517 DEV : loss 0.23728585243225098 - f1-score (micro avg)  0.4732
2022-05-20 19:33:39,586 BAD EPOCHS (no improvement): 2
2022-05-20 19:33:39,588 ----------------------------------------------------------------------------------------------------
2022-05-20 19:33:41,953 epoch 9 - iter 10/107 - loss 0.09886195 - samples/sec: 135.40 - lr: 0.100000
2022-05-20 19:33:44,454 epoch 9 - iter 20/107 - loss 0.09316560 - samples/sec: 128.01 - lr: 0.100000
2022-05-20 19:33:46,655 epoch 9 - iter 30/107 - loss 0.09589625 - samples/sec: 145.43 - lr: 0.100000
2022-05-20 19:33:48,856 epoch 9 - iter 40/107 - loss 0.09541502 - samples/sec: 145.46 - lr: 0.100000
2022-05-20 19:33:51,081 epoch 9 - iter 50/107 - loss 0.10030156 - samples/sec: 143.87 - lr: 0.100000
2022-05-20 19:33:53,305 epoch 9 - iter 60/107 - loss 0.09996496 - samples/sec: 143.94 - lr: 0.100000
2022-05-20 19:33:55,821 epoch 9 - iter 70/107 - loss 0.09995886 - samples/sec: 127.23 - lr: 0.100000
2022-05-20 19:33:58,249 epoch 9 - iter 80/107 - loss 0.10070261 - samples/sec: 131.83 - lr: 0.100000
2022-05-20 19:34:00,853 epoch 9 - iter 90/107 - loss 0.10032316 - samples/sec: 122.95 - lr: 0.100000
2022-05-20 19:34:03,442 epoch 9 - iter 100/107 - loss 0.10028937 - samples/sec: 123.63 - lr: 0.100000
2022-05-20 19:34:05,271 ----------------------------------------------------------------------------------------------------
2022-05-20 19:34:05,271 EPOCH 9 done: loss 0.0997 - lr 0.100000
2022-05-20 19:34:12,802 Evaluating as a multi-label problem: False
2022-05-20 19:34:12,812 DEV : loss 0.20195519924163818 - f1-score (micro avg)  0.4894
2022-05-20 19:34:12,886 BAD EPOCHS (no improvement): 3
2022-05-20 19:34:12,888 ----------------------------------------------------------------------------------------------------
2022-05-20 19:34:15,254 epoch 10 - iter 10/107 - loss 0.10454302 - samples/sec: 135.39 - lr: 0.100000
2022-05-20 19:34:17,907 epoch 10 - iter 20/107 - loss 0.09476201 - samples/sec: 120.64 - lr: 0.100000
2022-05-20 19:34:20,444 epoch 10 - iter 30/107 - loss 0.09737031 - samples/sec: 126.20 - lr: 0.100000
2022-05-20 19:34:22,714 epoch 10 - iter 40/107 - loss 0.09642956 - samples/sec: 141.06 - lr: 0.100000
2022-05-20 19:34:24,790 epoch 10 - iter 50/107 - loss 0.09578874 - samples/sec: 154.15 - lr: 0.100000
2022-05-20 19:34:27,016 epoch 10 - iter 60/107 - loss 0.09490584 - samples/sec: 143.84 - lr: 0.100000
2022-05-20 19:34:28,882 epoch 10 - iter 70/107 - loss 0.09666898 - samples/sec: 171.61 - lr: 0.100000
2022-05-20 19:34:30,358 epoch 10 - iter 80/107 - loss 0.09543897 - samples/sec: 216.85 - lr: 0.100000
2022-05-20 19:34:31,844 epoch 10 - iter 90/107 - loss 0.09474886 - samples/sec: 215.61 - lr: 0.100000
2022-05-20 19:34:33,411 epoch 10 - iter 100/107 - loss 0.09471762 - samples/sec: 204.30 - lr: 0.100000
2022-05-20 19:34:34,343 ----------------------------------------------------------------------------------------------------
2022-05-20 19:34:34,344 EPOCH 10 done: loss 0.0950 - lr 0.100000
2022-05-20 19:34:40,195 Evaluating as a multi-label problem: False
2022-05-20 19:34:40,206 DEV : loss 0.23138079047203064 - f1-score (micro avg)  0.4476
2022-05-20 19:34:40,276 Epoch    10: reducing learning rate of group 0 to 5.0000e-02.
2022-05-20 19:34:40,276 BAD EPOCHS (no improvement): 4
2022-05-20 19:34:40,277 ----------------------------------------------------------------------------------------------------
2022-05-20 19:34:42,712 epoch 11 - iter 10/107 - loss 0.08728922 - samples/sec: 131.54 - lr: 0.050000
2022-05-20 19:34:45,308 epoch 11 - iter 20/107 - loss 0.07859196 - samples/sec: 123.27 - lr: 0.050000
2022-05-20 19:34:47,723 epoch 11 - iter 30/107 - loss 0.07910713 - samples/sec: 132.56 - lr: 0.050000
2022-05-20 19:34:50,369 epoch 11 - iter 40/107 - loss 0.08254488 - samples/sec: 121.00 - lr: 0.050000
2022-05-20 19:34:52,957 epoch 11 - iter 50/107 - loss 0.08296469 - samples/sec: 123.69 - lr: 0.050000
2022-05-20 19:34:55,411 epoch 11 - iter 60/107 - loss 0.08315381 - samples/sec: 130.45 - lr: 0.050000
2022-05-20 19:34:57,986 epoch 11 - iter 70/107 - loss 0.08332331 - samples/sec: 124.30 - lr: 0.050000
2022-05-20 19:35:00,385 epoch 11 - iter 80/107 - loss 0.08406780 - samples/sec: 133.48 - lr: 0.050000
2022-05-20 19:35:02,828 epoch 11 - iter 90/107 - loss 0.08548243 - samples/sec: 131.05 - lr: 0.050000
2022-05-20 19:35:05,338 epoch 11 - iter 100/107 - loss 0.08498035 - samples/sec: 127.54 - lr: 0.050000
2022-05-20 19:35:06,857 ----------------------------------------------------------------------------------------------------
2022-05-20 19:35:06,858 EPOCH 11 done: loss 0.0845 - lr 0.050000
2022-05-20 19:35:14,186 Evaluating as a multi-label problem: False
2022-05-20 19:35:14,196 DEV : loss 0.20632165670394897 - f1-score (micro avg)  0.4699
2022-05-20 19:35:14,265 BAD EPOCHS (no improvement): 1
2022-05-20 19:35:14,278 ----------------------------------------------------------------------------------------------------
2022-05-20 19:35:16,639 epoch 12 - iter 10/107 - loss 0.07478283 - samples/sec: 135.62 - lr: 0.050000
2022-05-20 19:35:19,026 epoch 12 - iter 20/107 - loss 0.08200406 - samples/sec: 134.11 - lr: 0.050000
2022-05-20 19:35:21,709 epoch 12 - iter 30/107 - loss 0.07715458 - samples/sec: 119.35 - lr: 0.050000
2022-05-20 19:35:24,339 epoch 12 - iter 40/107 - loss 0.07447034 - samples/sec: 121.71 - lr: 0.050000
2022-05-20 19:35:26,874 epoch 12 - iter 50/107 - loss 0.07442109 - samples/sec: 126.27 - lr: 0.050000
2022-05-20 19:35:29,432 epoch 12 - iter 60/107 - loss 0.07881213 - samples/sec: 125.13 - lr: 0.050000
2022-05-20 19:35:31,873 epoch 12 - iter 70/107 - loss 0.08154799 - samples/sec: 131.15 - lr: 0.050000
2022-05-20 19:35:34,448 epoch 12 - iter 80/107 - loss 0.08281132 - samples/sec: 124.34 - lr: 0.050000
2022-05-20 19:35:36,942 epoch 12 - iter 90/107 - loss 0.08258706 - samples/sec: 128.33 - lr: 0.050000
2022-05-20 19:35:39,424 epoch 12 - iter 100/107 - loss 0.08111182 - samples/sec: 129.01 - lr: 0.050000
2022-05-20 19:35:40,933 ----------------------------------------------------------------------------------------------------
2022-05-20 19:35:40,933 EPOCH 12 done: loss 0.0801 - lr 0.050000
2022-05-20 19:35:46,730 Evaluating as a multi-label problem: False
2022-05-20 19:35:46,741 DEV : loss 0.21143655478954315 - f1-score (micro avg)  0.4862
2022-05-20 19:35:46,810 BAD EPOCHS (no improvement): 2
2022-05-20 19:35:46,813 ----------------------------------------------------------------------------------------------------
2022-05-20 19:35:48,968 epoch 13 - iter 10/107 - loss 0.06337314 - samples/sec: 148.62 - lr: 0.050000
2022-05-20 19:35:51,663 epoch 13 - iter 20/107 - loss 0.06931489 - samples/sec: 118.79 - lr: 0.050000
2022-05-20 19:35:54,117 epoch 13 - iter 30/107 - loss 0.07251917 - samples/sec: 130.45 - lr: 0.050000
2022-05-20 19:35:56,737 epoch 13 - iter 40/107 - loss 0.07533927 - samples/sec: 122.19 - lr: 0.050000
2022-05-20 19:35:59,266 epoch 13 - iter 50/107 - loss 0.07687524 - samples/sec: 126.55 - lr: 0.050000
2022-05-20 19:36:01,680 epoch 13 - iter 60/107 - loss 0.07747398 - samples/sec: 132.60 - lr: 0.050000
2022-05-20 19:36:04,093 epoch 13 - iter 70/107 - loss 0.07904456 - samples/sec: 132.66 - lr: 0.050000
2022-05-20 19:36:06,638 epoch 13 - iter 80/107 - loss 0.07834221 - samples/sec: 125.79 - lr: 0.050000
2022-05-20 19:36:09,137 epoch 13 - iter 90/107 - loss 0.07683354 - samples/sec: 128.11 - lr: 0.050000
2022-05-20 19:36:11,700 epoch 13 - iter 100/107 - loss 0.07698075 - samples/sec: 124.89 - lr: 0.050000
2022-05-20 19:36:13,258 ----------------------------------------------------------------------------------------------------
2022-05-20 19:36:13,259 EPOCH 13 done: loss 0.0769 - lr 0.050000
2022-05-20 19:36:19,899 Evaluating as a multi-label problem: False
2022-05-20 19:36:19,910 DEV : loss 0.17299693822860718 - f1-score (micro avg)  0.5203
2022-05-20 19:36:19,981 BAD EPOCHS (no improvement): 3
2022-05-20 19:36:19,983 ----------------------------------------------------------------------------------------------------
2022-05-20 19:36:22,182 epoch 14 - iter 10/107 - loss 0.07833849 - samples/sec: 145.60 - lr: 0.050000
2022-05-20 19:36:24,889 epoch 14 - iter 20/107 - loss 0.07871058 - samples/sec: 118.26 - lr: 0.050000
2022-05-20 19:36:27,339 epoch 14 - iter 30/107 - loss 0.07753590 - samples/sec: 130.65 - lr: 0.050000
2022-05-20 19:36:29,760 epoch 14 - iter 40/107 - loss 0.07788935 - samples/sec: 132.23 - lr: 0.050000
2022-05-20 19:36:32,136 epoch 14 - iter 50/107 - loss 0.07855862 - samples/sec: 134.75 - lr: 0.050000
2022-05-20 19:36:34,599 epoch 14 - iter 60/107 - loss 0.07760522 - samples/sec: 129.97 - lr: 0.050000
2022-05-20 19:36:37,153 epoch 14 - iter 70/107 - loss 0.07585393 - samples/sec: 125.34 - lr: 0.050000
2022-05-20 19:36:39,604 epoch 14 - iter 80/107 - loss 0.07547270 - samples/sec: 130.62 - lr: 0.050000
2022-05-20 19:36:41,999 epoch 14 - iter 90/107 - loss 0.07449332 - samples/sec: 133.66 - lr: 0.050000
2022-05-20 19:36:44,685 epoch 14 - iter 100/107 - loss 0.07508044 - samples/sec: 119.17 - lr: 0.050000
2022-05-20 19:36:46,251 ----------------------------------------------------------------------------------------------------
2022-05-20 19:36:46,251 EPOCH 14 done: loss 0.0750 - lr 0.050000
2022-05-20 19:36:52,811 Evaluating as a multi-label problem: False
2022-05-20 19:36:52,822 DEV : loss 0.19752691686153412 - f1-score (micro avg)  0.4715
2022-05-20 19:36:52,895 Epoch    14: reducing learning rate of group 0 to 2.5000e-02.
2022-05-20 19:36:52,895 BAD EPOCHS (no improvement): 4
2022-05-20 19:36:52,897 ----------------------------------------------------------------------------------------------------
2022-05-20 19:36:55,140 epoch 15 - iter 10/107 - loss 0.07220237 - samples/sec: 142.72 - lr: 0.025000
2022-05-20 19:36:56,729 epoch 15 - iter 20/107 - loss 0.06732626 - samples/sec: 201.58 - lr: 0.025000
2022-05-20 19:36:58,242 epoch 15 - iter 30/107 - loss 0.07174294 - samples/sec: 211.55 - lr: 0.025000
2022-05-20 19:36:59,731 epoch 15 - iter 40/107 - loss 0.07667696 - samples/sec: 215.08 - lr: 0.025000
2022-05-20 19:37:01,228 epoch 15 - iter 50/107 - loss 0.07392178 - samples/sec: 213.93 - lr: 0.025000
2022-05-20 19:37:02,734 epoch 15 - iter 60/107 - loss 0.07463237 - samples/sec: 212.53 - lr: 0.025000
2022-05-20 19:37:04,201 epoch 15 - iter 70/107 - loss 0.07406884 - samples/sec: 218.36 - lr: 0.025000
2022-05-20 19:37:05,690 epoch 15 - iter 80/107 - loss 0.07315855 - samples/sec: 215.02 - lr: 0.025000
2022-05-20 19:37:08,045 epoch 15 - iter 90/107 - loss 0.07209611 - samples/sec: 135.98 - lr: 0.025000
2022-05-20 19:37:10,414 epoch 15 - iter 100/107 - loss 0.07146989 - samples/sec: 135.11 - lr: 0.025000
2022-05-20 19:37:11,900 ----------------------------------------------------------------------------------------------------
2022-05-20 19:37:11,900 EPOCH 15 done: loss 0.0702 - lr 0.025000
2022-05-20 19:37:19,432 Evaluating as a multi-label problem: False
2022-05-20 19:37:19,443 DEV : loss 0.20008906722068787 - f1-score (micro avg)  0.5056
2022-05-20 19:37:19,513 BAD EPOCHS (no improvement): 1
2022-05-20 19:37:19,515 ----------------------------------------------------------------------------------------------------
2022-05-20 19:37:21,930 epoch 16 - iter 10/107 - loss 0.08185862 - samples/sec: 132.61 - lr: 0.025000
2022-05-20 19:37:24,346 epoch 16 - iter 20/107 - loss 0.07188757 - samples/sec: 132.48 - lr: 0.025000
2022-05-20 19:37:26,875 epoch 16 - iter 30/107 - loss 0.07194314 - samples/sec: 126.56 - lr: 0.025000
2022-05-20 19:37:29,310 epoch 16 - iter 40/107 - loss 0.07330922 - samples/sec: 131.47 - lr: 0.025000
2022-05-20 19:37:31,706 epoch 16 - iter 50/107 - loss 0.07031785 - samples/sec: 133.64 - lr: 0.025000
2022-05-20 19:37:33,929 epoch 16 - iter 60/107 - loss 0.07070501 - samples/sec: 144.01 - lr: 0.025000
2022-05-20 19:37:36,203 epoch 16 - iter 70/107 - loss 0.07010183 - samples/sec: 140.79 - lr: 0.025000
2022-05-20 19:37:38,731 epoch 16 - iter 80/107 - loss 0.06975923 - samples/sec: 126.61 - lr: 0.025000
2022-05-20 19:37:41,124 epoch 16 - iter 90/107 - loss 0.06917961 - samples/sec: 133.79 - lr: 0.025000
2022-05-20 19:37:43,574 epoch 16 - iter 100/107 - loss 0.06930056 - samples/sec: 130.66 - lr: 0.025000
2022-05-20 19:37:45,095 ----------------------------------------------------------------------------------------------------
2022-05-20 19:37:45,095 EPOCH 16 done: loss 0.0694 - lr 0.025000
2022-05-20 19:37:53,192 Evaluating as a multi-label problem: False
2022-05-20 19:37:53,203 DEV : loss 0.18285149335861206 - f1-score (micro avg)  0.529
2022-05-20 19:37:53,272 BAD EPOCHS (no improvement): 2
2022-05-20 19:37:53,274 ----------------------------------------------------------------------------------------------------
2022-05-20 19:37:55,651 epoch 17 - iter 10/107 - loss 0.06175894 - samples/sec: 134.68 - lr: 0.025000
2022-05-20 19:37:58,085 epoch 17 - iter 20/107 - loss 0.06202761 - samples/sec: 131.53 - lr: 0.025000
2022-05-20 19:38:00,498 epoch 17 - iter 30/107 - loss 0.06384782 - samples/sec: 132.67 - lr: 0.025000
2022-05-20 19:38:03,020 epoch 17 - iter 40/107 - loss 0.06563107 - samples/sec: 126.91 - lr: 0.025000
2022-05-20 19:38:05,726 epoch 17 - iter 50/107 - loss 0.06630876 - samples/sec: 118.32 - lr: 0.025000
2022-05-20 19:38:07,904 epoch 17 - iter 60/107 - loss 0.06553031 - samples/sec: 146.99 - lr: 0.025000
2022-05-20 19:38:10,089 epoch 17 - iter 70/107 - loss 0.06504105 - samples/sec: 146.48 - lr: 0.025000
2022-05-20 19:38:12,263 epoch 17 - iter 80/107 - loss 0.06518035 - samples/sec: 147.31 - lr: 0.025000
2022-05-20 19:38:14,743 epoch 17 - iter 90/107 - loss 0.06483563 - samples/sec: 129.07 - lr: 0.025000
2022-05-20 19:38:17,518 epoch 17 - iter 100/107 - loss 0.06604081 - samples/sec: 115.36 - lr: 0.025000
2022-05-20 19:38:19,041 ----------------------------------------------------------------------------------------------------
2022-05-20 19:38:19,041 EPOCH 17 done: loss 0.0657 - lr 0.025000
2022-05-20 19:38:26,557 Evaluating as a multi-label problem: False
2022-05-20 19:38:26,567 DEV : loss 0.19641932845115662 - f1-score (micro avg)  0.5051
2022-05-20 19:38:26,640 BAD EPOCHS (no improvement): 3
2022-05-20 19:38:26,643 ----------------------------------------------------------------------------------------------------
2022-05-20 19:38:29,090 epoch 18 - iter 10/107 - loss 0.05858372 - samples/sec: 130.85 - lr: 0.025000
2022-05-20 19:38:31,732 epoch 18 - iter 20/107 - loss 0.06725186 - samples/sec: 121.17 - lr: 0.025000
2022-05-20 19:38:34,224 epoch 18 - iter 30/107 - loss 0.06702131 - samples/sec: 128.43 - lr: 0.025000
2022-05-20 19:38:36,675 epoch 18 - iter 40/107 - loss 0.05946127 - samples/sec: 130.62 - lr: 0.025000
2022-05-20 19:38:39,212 epoch 18 - iter 50/107 - loss 0.06580218 - samples/sec: 126.17 - lr: 0.025000
2022-05-20 19:38:41,600 epoch 18 - iter 60/107 - loss 0.06430705 - samples/sec: 134.07 - lr: 0.025000
2022-05-20 19:38:43,822 epoch 18 - iter 70/107 - loss 0.06586709 - samples/sec: 144.06 - lr: 0.025000
2022-05-20 19:38:45,965 epoch 18 - iter 80/107 - loss 0.06489411 - samples/sec: 149.45 - lr: 0.025000
2022-05-20 19:38:48,253 epoch 18 - iter 90/107 - loss 0.06351998 - samples/sec: 139.91 - lr: 0.025000
2022-05-20 19:38:50,044 epoch 18 - iter 100/107 - loss 0.06569481 - samples/sec: 178.76 - lr: 0.025000
2022-05-20 19:38:50,999 ----------------------------------------------------------------------------------------------------
2022-05-20 19:38:50,999 EPOCH 18 done: loss 0.0661 - lr 0.025000
2022-05-20 19:38:56,417 Evaluating as a multi-label problem: False
2022-05-20 19:38:56,428 DEV : loss 0.1877610683441162 - f1-score (micro avg)  0.5143
2022-05-20 19:38:56,503 Epoch    18: reducing learning rate of group 0 to 1.2500e-02.
2022-05-20 19:38:56,503 BAD EPOCHS (no improvement): 4
2022-05-20 19:38:56,505 ----------------------------------------------------------------------------------------------------
2022-05-20 19:38:58,207 epoch 19 - iter 10/107 - loss 0.06089668 - samples/sec: 188.17 - lr: 0.012500
2022-05-20 19:38:59,685 epoch 19 - iter 20/107 - loss 0.05776176 - samples/sec: 216.82 - lr: 0.012500
2022-05-20 19:39:02,023 epoch 19 - iter 30/107 - loss 0.05699874 - samples/sec: 136.89 - lr: 0.012500
2022-05-20 19:39:04,559 epoch 19 - iter 40/107 - loss 0.05798494 - samples/sec: 126.22 - lr: 0.012500
2022-05-20 19:39:07,008 epoch 19 - iter 50/107 - loss 0.05732958 - samples/sec: 130.73 - lr: 0.012500
2022-05-20 19:39:09,603 epoch 19 - iter 60/107 - loss 0.05823349 - samples/sec: 123.38 - lr: 0.012500
2022-05-20 19:39:12,058 epoch 19 - iter 70/107 - loss 0.05966509 - samples/sec: 130.39 - lr: 0.012500
2022-05-20 19:39:14,642 epoch 19 - iter 80/107 - loss 0.06042945 - samples/sec: 123.87 - lr: 0.012500
2022-05-20 19:39:17,077 epoch 19 - iter 90/107 - loss 0.06141062 - samples/sec: 131.49 - lr: 0.012500
2022-05-20 19:39:19,535 epoch 19 - iter 100/107 - loss 0.06118388 - samples/sec: 130.22 - lr: 0.012500
2022-05-20 19:39:21,007 ----------------------------------------------------------------------------------------------------
2022-05-20 19:39:21,007 EPOCH 19 done: loss 0.0620 - lr 0.012500
2022-05-20 19:39:28,294 Evaluating as a multi-label problem: False
2022-05-20 19:39:28,305 DEV : loss 0.19047527015209198 - f1-score (micro avg)  0.5138
2022-05-20 19:39:28,375 BAD EPOCHS (no improvement): 1
2022-05-20 19:39:28,378 ----------------------------------------------------------------------------------------------------
2022-05-20 19:39:30,748 epoch 20 - iter 10/107 - loss 0.06728456 - samples/sec: 135.06 - lr: 0.012500
2022-05-20 19:39:33,010 epoch 20 - iter 20/107 - loss 0.06083745 - samples/sec: 141.53 - lr: 0.012500
2022-05-20 19:39:35,412 epoch 20 - iter 30/107 - loss 0.06046269 - samples/sec: 133.30 - lr: 0.012500
2022-05-20 19:39:37,760 epoch 20 - iter 40/107 - loss 0.06071436 - samples/sec: 136.36 - lr: 0.012500
2022-05-20 19:39:40,183 epoch 20 - iter 50/107 - loss 0.06029706 - samples/sec: 132.11 - lr: 0.012500
2022-05-20 19:39:42,619 epoch 20 - iter 60/107 - loss 0.06151254 - samples/sec: 131.40 - lr: 0.012500
2022-05-20 19:39:45,046 epoch 20 - iter 70/107 - loss 0.06155678 - samples/sec: 131.94 - lr: 0.012500
2022-05-20 19:39:47,500 epoch 20 - iter 80/107 - loss 0.06138457 - samples/sec: 130.41 - lr: 0.012500
2022-05-20 19:39:49,887 epoch 20 - iter 90/107 - loss 0.06085288 - samples/sec: 134.14 - lr: 0.012500
2022-05-20 19:39:52,304 epoch 20 - iter 100/107 - loss 0.06238533 - samples/sec: 132.44 - lr: 0.012500
2022-05-20 19:39:53,761 ----------------------------------------------------------------------------------------------------
2022-05-20 19:39:53,761 EPOCH 20 done: loss 0.0623 - lr 0.012500
2022-05-20 19:40:00,903 Evaluating as a multi-label problem: False
2022-05-20 19:40:00,914 DEV : loss 0.19178763031959534 - f1-score (micro avg)  0.5133
2022-05-20 19:40:00,986 BAD EPOCHS (no improvement): 2
2022-05-20 19:40:00,988 ----------------------------------------------------------------------------------------------------
2022-05-20 19:40:03,303 epoch 21 - iter 10/107 - loss 0.06329467 - samples/sec: 138.30 - lr: 0.012500
2022-05-20 19:40:05,547 epoch 21 - iter 20/107 - loss 0.06157204 - samples/sec: 142.66 - lr: 0.012500
2022-05-20 19:40:07,155 epoch 21 - iter 30/107 - loss 0.05975855 - samples/sec: 199.04 - lr: 0.012500
2022-05-20 19:40:09,149 epoch 21 - iter 40/107 - loss 0.06131700 - samples/sec: 160.61 - lr: 0.012500
2022-05-20 19:40:11,799 epoch 21 - iter 50/107 - loss 0.06115036 - samples/sec: 120.79 - lr: 0.012500
2022-05-20 19:40:14,196 epoch 21 - iter 60/107 - loss 0.06177272 - samples/sec: 133.56 - lr: 0.012500
2022-05-20 19:40:16,606 epoch 21 - iter 70/107 - loss 0.06060468 - samples/sec: 132.86 - lr: 0.012500
2022-05-20 19:40:19,047 epoch 21 - iter 80/107 - loss 0.06087113 - samples/sec: 131.15 - lr: 0.012500
2022-05-20 19:40:21,560 epoch 21 - iter 90/107 - loss 0.06049599 - samples/sec: 127.41 - lr: 0.012500
2022-05-20 19:40:24,058 epoch 21 - iter 100/107 - loss 0.06040251 - samples/sec: 128.15 - lr: 0.012500
2022-05-20 19:40:25,554 ----------------------------------------------------------------------------------------------------
2022-05-20 19:40:25,554 EPOCH 21 done: loss 0.0604 - lr 0.012500
2022-05-20 19:40:33,001 Evaluating as a multi-label problem: False
2022-05-20 19:40:33,012 DEV : loss 0.19102582335472107 - f1-score (micro avg)  0.5105
2022-05-20 19:40:33,082 BAD EPOCHS (no improvement): 3
2022-05-20 19:40:33,085 ----------------------------------------------------------------------------------------------------
2022-05-20 19:40:35,502 epoch 22 - iter 10/107 - loss 0.06773042 - samples/sec: 132.46 - lr: 0.012500
2022-05-20 19:40:38,571 epoch 22 - iter 20/107 - loss 0.06205869 - samples/sec: 104.30 - lr: 0.012500
2022-05-20 19:40:40,642 epoch 22 - iter 30/107 - loss 0.06289954 - samples/sec: 154.60 - lr: 0.012500
2022-05-20 19:40:42,833 epoch 22 - iter 40/107 - loss 0.06192232 - samples/sec: 146.07 - lr: 0.012500
2022-05-20 19:40:45,318 epoch 22 - iter 50/107 - loss 0.05983293 - samples/sec: 128.81 - lr: 0.012500
2022-05-20 19:40:47,790 epoch 22 - iter 60/107 - loss 0.05958161 - samples/sec: 129.55 - lr: 0.012500
2022-05-20 19:40:50,418 epoch 22 - iter 70/107 - loss 0.06076460 - samples/sec: 121.81 - lr: 0.012500
2022-05-20 19:40:52,793 epoch 22 - iter 80/107 - loss 0.06075645 - samples/sec: 134.78 - lr: 0.012500
2022-05-20 19:40:55,333 epoch 22 - iter 90/107 - loss 0.06154650 - samples/sec: 126.03 - lr: 0.012500
2022-05-20 19:40:57,728 epoch 22 - iter 100/107 - loss 0.06041430 - samples/sec: 133.67 - lr: 0.012500
2022-05-20 19:40:59,388 ----------------------------------------------------------------------------------------------------
2022-05-20 19:40:59,388 EPOCH 22 done: loss 0.0600 - lr 0.012500
2022-05-20 19:41:06,873 Evaluating as a multi-label problem: False
2022-05-20 19:41:06,884 DEV : loss 0.20673497021198273 - f1-score (micro avg)  0.4924
2022-05-20 19:41:06,954 Epoch    22: reducing learning rate of group 0 to 6.2500e-03.
2022-05-20 19:41:06,955 BAD EPOCHS (no improvement): 4
2022-05-20 19:41:06,956 ----------------------------------------------------------------------------------------------------
2022-05-20 19:41:09,345 epoch 23 - iter 10/107 - loss 0.08212685 - samples/sec: 134.05 - lr: 0.006250
2022-05-20 19:41:11,599 epoch 23 - iter 20/107 - loss 0.06640248 - samples/sec: 142.02 - lr: 0.006250
2022-05-20 19:41:13,818 epoch 23 - iter 30/107 - loss 0.06217334 - samples/sec: 144.31 - lr: 0.006250
2022-05-20 19:41:16,015 epoch 23 - iter 40/107 - loss 0.06153284 - samples/sec: 145.69 - lr: 0.006250
2022-05-20 19:41:18,147 epoch 23 - iter 50/107 - loss 0.06066010 - samples/sec: 150.19 - lr: 0.006250
2022-05-20 19:41:20,891 epoch 23 - iter 60/107 - loss 0.06059161 - samples/sec: 116.64 - lr: 0.006250
2022-05-20 19:41:23,359 epoch 23 - iter 70/107 - loss 0.05910998 - samples/sec: 129.70 - lr: 0.006250
2022-05-20 19:41:26,097 epoch 23 - iter 80/107 - loss 0.06020746 - samples/sec: 116.91 - lr: 0.006250
2022-05-20 19:41:28,489 epoch 23 - iter 90/107 - loss 0.05977230 - samples/sec: 133.85 - lr: 0.006250
2022-05-20 19:41:30,979 epoch 23 - iter 100/107 - loss 0.05852504 - samples/sec: 128.55 - lr: 0.006250
2022-05-20 19:41:32,726 ----------------------------------------------------------------------------------------------------
2022-05-20 19:41:32,726 EPOCH 23 done: loss 0.0586 - lr 0.006250
2022-05-20 19:41:40,477 Evaluating as a multi-label problem: False
2022-05-20 19:41:40,488 DEV : loss 0.19875676929950714 - f1-score (micro avg)  0.5097
2022-05-20 19:41:40,559 BAD EPOCHS (no improvement): 1
2022-05-20 19:41:40,566 ----------------------------------------------------------------------------------------------------
2022-05-20 19:41:43,020 epoch 24 - iter 10/107 - loss 0.05839909 - samples/sec: 130.50 - lr: 0.006250
2022-05-20 19:41:45,333 epoch 24 - iter 20/107 - loss 0.05788156 - samples/sec: 138.41 - lr: 0.006250
2022-05-20 19:41:47,771 epoch 24 - iter 30/107 - loss 0.05726017 - samples/sec: 131.31 - lr: 0.006250
2022-05-20 19:41:49,852 epoch 24 - iter 40/107 - loss 0.05820354 - samples/sec: 153.84 - lr: 0.006250
2022-05-20 19:41:52,266 epoch 24 - iter 50/107 - loss 0.05758711 - samples/sec: 132.64 - lr: 0.006250
2022-05-20 19:41:54,741 epoch 24 - iter 60/107 - loss 0.05751700 - samples/sec: 129.32 - lr: 0.006250
2022-05-20 19:41:57,198 epoch 24 - iter 70/107 - loss 0.05838156 - samples/sec: 130.27 - lr: 0.006250
2022-05-20 19:41:59,632 epoch 24 - iter 80/107 - loss 0.05800450 - samples/sec: 131.52 - lr: 0.006250
2022-05-20 19:42:02,201 epoch 24 - iter 90/107 - loss 0.05704667 - samples/sec: 124.62 - lr: 0.006250
2022-05-20 19:42:04,628 epoch 24 - iter 100/107 - loss 0.05689668 - samples/sec: 131.92 - lr: 0.006250
2022-05-20 19:42:06,276 ----------------------------------------------------------------------------------------------------
2022-05-20 19:42:06,276 EPOCH 24 done: loss 0.0579 - lr 0.006250
2022-05-20 19:42:13,658 Evaluating as a multi-label problem: False
2022-05-20 19:42:13,669 DEV : loss 0.19443660974502563 - f1-score (micro avg)  0.5074
2022-05-20 19:42:13,739 BAD EPOCHS (no improvement): 2
2022-05-20 19:42:13,742 ----------------------------------------------------------------------------------------------------
2022-05-20 19:42:16,333 epoch 25 - iter 10/107 - loss 0.05523790 - samples/sec: 123.55 - lr: 0.006250
2022-05-20 19:42:18,771 epoch 25 - iter 20/107 - loss 0.05279615 - samples/sec: 131.30 - lr: 0.006250
2022-05-20 19:42:20,919 epoch 25 - iter 30/107 - loss 0.05380126 - samples/sec: 149.08 - lr: 0.006250
2022-05-20 19:42:23,084 epoch 25 - iter 40/107 - loss 0.05378550 - samples/sec: 147.88 - lr: 0.006250
2022-05-20 19:42:25,279 epoch 25 - iter 50/107 - loss 0.05282817 - samples/sec: 145.89 - lr: 0.006250
2022-05-20 19:42:27,521 epoch 25 - iter 60/107 - loss 0.05376402 - samples/sec: 142.78 - lr: 0.006250
2022-05-20 19:42:30,019 epoch 25 - iter 70/107 - loss 0.05563153 - samples/sec: 128.12 - lr: 0.006250
2022-05-20 19:42:32,499 epoch 25 - iter 80/107 - loss 0.05624806 - samples/sec: 129.09 - lr: 0.006250
2022-05-20 19:42:35,013 epoch 25 - iter 90/107 - loss 0.05652298 - samples/sec: 127.33 - lr: 0.006250
2022-05-20 19:42:37,592 epoch 25 - iter 100/107 - loss 0.05556366 - samples/sec: 124.14 - lr: 0.006250
2022-05-20 19:42:39,039 ----------------------------------------------------------------------------------------------------
2022-05-20 19:42:39,039 EPOCH 25 done: loss 0.0553 - lr 0.006250
2022-05-20 19:42:46,892 Evaluating as a multi-label problem: False
2022-05-20 19:42:46,903 DEV : loss 0.20443403720855713 - f1-score (micro avg)  0.4941
2022-05-20 19:42:46,975 BAD EPOCHS (no improvement): 3
2022-05-20 19:42:46,978 ----------------------------------------------------------------------------------------------------
2022-05-20 19:42:49,376 epoch 26 - iter 10/107 - loss 0.04123834 - samples/sec: 133.50 - lr: 0.006250
2022-05-20 19:42:51,902 epoch 26 - iter 20/107 - loss 0.04795432 - samples/sec: 126.75 - lr: 0.006250
2022-05-20 19:42:54,023 epoch 26 - iter 30/107 - loss 0.05279767 - samples/sec: 150.89 - lr: 0.006250
2022-05-20 19:42:56,204 epoch 26 - iter 40/107 - loss 0.05521822 - samples/sec: 146.81 - lr: 0.006250
2022-05-20 19:42:58,472 epoch 26 - iter 50/107 - loss 0.05533485 - samples/sec: 141.15 - lr: 0.006250
2022-05-20 19:43:00,621 epoch 26 - iter 60/107 - loss 0.05703591 - samples/sec: 148.96 - lr: 0.006250
2022-05-20 19:43:03,199 epoch 26 - iter 70/107 - loss 0.05769345 - samples/sec: 124.19 - lr: 0.006250
2022-05-20 19:43:05,709 epoch 26 - iter 80/107 - loss 0.05815884 - samples/sec: 127.53 - lr: 0.006250
2022-05-20 19:43:08,211 epoch 26 - iter 90/107 - loss 0.05795755 - samples/sec: 127.99 - lr: 0.006250
2022-05-20 19:43:10,806 epoch 26 - iter 100/107 - loss 0.05887349 - samples/sec: 123.37 - lr: 0.006250
2022-05-20 19:43:12,337 ----------------------------------------------------------------------------------------------------
2022-05-20 19:43:12,337 EPOCH 26 done: loss 0.0585 - lr 0.006250
2022-05-20 19:43:19,777 Evaluating as a multi-label problem: False
2022-05-20 19:43:19,788 DEV : loss 0.19952888786792755 - f1-score (micro avg)  0.502
2022-05-20 19:43:19,859 Epoch    26: reducing learning rate of group 0 to 3.1250e-03.
2022-05-20 19:43:19,859 BAD EPOCHS (no improvement): 4
2022-05-20 19:43:19,861 ----------------------------------------------------------------------------------------------------
2022-05-20 19:43:22,358 epoch 27 - iter 10/107 - loss 0.06038494 - samples/sec: 128.24 - lr: 0.003125
2022-05-20 19:43:24,777 epoch 27 - iter 20/107 - loss 0.05892589 - samples/sec: 132.32 - lr: 0.003125
2022-05-20 19:43:26,959 epoch 27 - iter 30/107 - loss 0.05623824 - samples/sec: 146.73 - lr: 0.003125
2022-05-20 19:43:29,241 epoch 27 - iter 40/107 - loss 0.05798160 - samples/sec: 140.26 - lr: 0.003125
2022-05-20 19:43:31,427 epoch 27 - iter 50/107 - loss 0.05731550 - samples/sec: 146.49 - lr: 0.003125
2022-05-20 19:43:33,558 epoch 27 - iter 60/107 - loss 0.05698965 - samples/sec: 150.20 - lr: 0.003125
2022-05-20 19:43:35,914 epoch 27 - iter 70/107 - loss 0.05785322 - samples/sec: 135.90 - lr: 0.003125
2022-05-20 19:43:38,306 epoch 27 - iter 80/107 - loss 0.05749195 - samples/sec: 133.83 - lr: 0.003125
2022-05-20 19:43:41,573 epoch 27 - iter 90/107 - loss 0.05735121 - samples/sec: 97.98 - lr: 0.003125
2022-05-20 19:43:43,918 epoch 27 - iter 100/107 - loss 0.05772414 - samples/sec: 136.50 - lr: 0.003125
2022-05-20 19:43:45,401 ----------------------------------------------------------------------------------------------------
2022-05-20 19:43:45,401 EPOCH 27 done: loss 0.0576 - lr 0.003125
2022-05-20 19:43:52,656 Evaluating as a multi-label problem: False
2022-05-20 19:43:52,667 DEV : loss 0.19619496166706085 - f1-score (micro avg)  0.4988
2022-05-20 19:43:52,737 BAD EPOCHS (no improvement): 1
2022-05-20 19:43:52,740 ----------------------------------------------------------------------------------------------------
2022-05-20 19:43:55,134 epoch 28 - iter 10/107 - loss 0.04578119 - samples/sec: 133.75 - lr: 0.003125
2022-05-20 19:43:57,660 epoch 28 - iter 20/107 - loss 0.05237873 - samples/sec: 126.75 - lr: 0.003125
2022-05-20 19:43:59,977 epoch 28 - iter 30/107 - loss 0.05638129 - samples/sec: 138.12 - lr: 0.003125
2022-05-20 19:44:02,185 epoch 28 - iter 40/107 - loss 0.05468299 - samples/sec: 145.01 - lr: 0.003125
2022-05-20 19:44:04,322 epoch 28 - iter 50/107 - loss 0.05515945 - samples/sec: 149.80 - lr: 0.003125
2022-05-20 19:44:05,924 epoch 28 - iter 60/107 - loss 0.05649235 - samples/sec: 199.90 - lr: 0.003125
2022-05-20 19:44:08,151 epoch 28 - iter 70/107 - loss 0.05481837 - samples/sec: 143.73 - lr: 0.003125
2022-05-20 19:44:10,394 epoch 28 - iter 80/107 - loss 0.05461328 - samples/sec: 142.76 - lr: 0.003125
2022-05-20 19:44:12,972 epoch 28 - iter 90/107 - loss 0.05498403 - samples/sec: 124.16 - lr: 0.003125
2022-05-20 19:44:15,463 epoch 28 - iter 100/107 - loss 0.05683035 - samples/sec: 128.51 - lr: 0.003125
2022-05-20 19:44:16,944 ----------------------------------------------------------------------------------------------------
2022-05-20 19:44:16,944 EPOCH 28 done: loss 0.0568 - lr 0.003125
2022-05-20 19:44:24,129 Evaluating as a multi-label problem: False
2022-05-20 19:44:24,140 DEV : loss 0.1983756124973297 - f1-score (micro avg)  0.5023
2022-05-20 19:44:24,210 BAD EPOCHS (no improvement): 2
2022-05-20 19:44:24,213 ----------------------------------------------------------------------------------------------------
2022-05-20 19:44:27,020 epoch 29 - iter 10/107 - loss 0.05214212 - samples/sec: 114.05 - lr: 0.003125
2022-05-20 19:44:29,427 epoch 29 - iter 20/107 - loss 0.05268526 - samples/sec: 132.98 - lr: 0.003125
2022-05-20 19:44:31,923 epoch 29 - iter 30/107 - loss 0.05664895 - samples/sec: 128.29 - lr: 0.003125
2022-05-20 19:44:34,434 epoch 29 - iter 40/107 - loss 0.05499495 - samples/sec: 127.47 - lr: 0.003125
2022-05-20 19:44:36,772 epoch 29 - iter 50/107 - loss 0.05495849 - samples/sec: 136.92 - lr: 0.003125
2022-05-20 19:44:39,032 epoch 29 - iter 60/107 - loss 0.05553778 - samples/sec: 141.69 - lr: 0.003125
2022-05-20 19:44:41,198 epoch 29 - iter 70/107 - loss 0.05544896 - samples/sec: 147.77 - lr: 0.003125
2022-05-20 19:44:43,315 epoch 29 - iter 80/107 - loss 0.05575342 - samples/sec: 151.27 - lr: 0.003125
2022-05-20 19:44:45,724 epoch 29 - iter 90/107 - loss 0.05525032 - samples/sec: 132.86 - lr: 0.003125
2022-05-20 19:44:48,197 epoch 29 - iter 100/107 - loss 0.05499563 - samples/sec: 129.46 - lr: 0.003125
2022-05-20 19:44:49,767 ----------------------------------------------------------------------------------------------------
2022-05-20 19:44:49,767 EPOCH 29 done: loss 0.0554 - lr 0.003125
2022-05-20 19:44:57,235 Evaluating as a multi-label problem: False
2022-05-20 19:44:57,246 DEV : loss 0.1940944492816925 - f1-score (micro avg)  0.5081
2022-05-20 19:44:57,320 BAD EPOCHS (no improvement): 3
2022-05-20 19:44:57,322 ----------------------------------------------------------------------------------------------------
2022-05-20 19:44:59,695 epoch 30 - iter 10/107 - loss 0.05594528 - samples/sec: 134.87 - lr: 0.003125
2022-05-20 19:45:02,251 epoch 30 - iter 20/107 - loss 0.05624661 - samples/sec: 125.26 - lr: 0.003125
2022-05-20 19:45:04,805 epoch 30 - iter 30/107 - loss 0.05730883 - samples/sec: 125.35 - lr: 0.003125
2022-05-20 19:45:07,309 epoch 30 - iter 40/107 - loss 0.05754931 - samples/sec: 127.82 - lr: 0.003125
2022-05-20 19:45:09,775 epoch 30 - iter 50/107 - loss 0.05788868 - samples/sec: 129.84 - lr: 0.003125
2022-05-20 19:45:12,054 epoch 30 - iter 60/107 - loss 0.05907161 - samples/sec: 140.50 - lr: 0.003125
2022-05-20 19:45:14,345 epoch 30 - iter 70/107 - loss 0.05723674 - samples/sec: 139.72 - lr: 0.003125
2022-05-20 19:45:16,610 epoch 30 - iter 80/107 - loss 0.05840596 - samples/sec: 141.36 - lr: 0.003125
2022-05-20 19:45:18,836 epoch 30 - iter 90/107 - loss 0.05751736 - samples/sec: 143.81 - lr: 0.003125
2022-05-20 19:45:21,792 epoch 30 - iter 100/107 - loss 0.05681308 - samples/sec: 108.31 - lr: 0.003125
2022-05-20 19:45:23,316 ----------------------------------------------------------------------------------------------------
2022-05-20 19:45:23,316 EPOCH 30 done: loss 0.0568 - lr 0.003125
2022-05-20 19:45:30,757 Evaluating as a multi-label problem: False
2022-05-20 19:45:30,768 DEV : loss 0.19993576407432556 - f1-score (micro avg)  0.5039
2022-05-20 19:45:30,838 Epoch    30: reducing learning rate of group 0 to 1.5625e-03.
2022-05-20 19:45:30,838 BAD EPOCHS (no improvement): 4
2022-05-20 19:45:30,840 ----------------------------------------------------------------------------------------------------
2022-05-20 19:45:33,196 epoch 31 - iter 10/107 - loss 0.06347281 - samples/sec: 135.90 - lr: 0.001563
2022-05-20 19:45:35,659 epoch 31 - iter 20/107 - loss 0.05679383 - samples/sec: 129.93 - lr: 0.001563
2022-05-20 19:45:38,217 epoch 31 - iter 30/107 - loss 0.05665844 - samples/sec: 125.16 - lr: 0.001563
2022-05-20 19:45:40,711 epoch 31 - iter 40/107 - loss 0.05560354 - samples/sec: 128.35 - lr: 0.001563
2022-05-20 19:45:43,357 epoch 31 - iter 50/107 - loss 0.05733277 - samples/sec: 120.98 - lr: 0.001563
2022-05-20 19:45:45,623 epoch 31 - iter 60/107 - loss 0.05756050 - samples/sec: 141.31 - lr: 0.001563
2022-05-20 19:45:47,733 epoch 31 - iter 70/107 - loss 0.05925954 - samples/sec: 151.67 - lr: 0.001563
2022-05-20 19:45:50,049 epoch 31 - iter 80/107 - loss 0.05773393 - samples/sec: 138.24 - lr: 0.001563
2022-05-20 19:45:52,378 epoch 31 - iter 90/107 - loss 0.05748011 - samples/sec: 137.51 - lr: 0.001563
2022-05-20 19:45:55,145 epoch 31 - iter 100/107 - loss 0.05714231 - samples/sec: 115.69 - lr: 0.001563
2022-05-20 19:45:56,751 ----------------------------------------------------------------------------------------------------
2022-05-20 19:45:56,751 EPOCH 31 done: loss 0.0566 - lr 0.001563
2022-05-20 19:46:04,493 Evaluating as a multi-label problem: False
2022-05-20 19:46:04,504 DEV : loss 0.19990645349025726 - f1-score (micro avg)  0.5043
2022-05-20 19:46:04,580 BAD EPOCHS (no improvement): 1
2022-05-20 19:46:04,582 ----------------------------------------------------------------------------------------------------
2022-05-20 19:46:07,054 epoch 32 - iter 10/107 - loss 0.06286050 - samples/sec: 129.55 - lr: 0.001563
2022-05-20 19:46:09,643 epoch 32 - iter 20/107 - loss 0.06035734 - samples/sec: 123.61 - lr: 0.001563
2022-05-20 19:46:12,125 epoch 32 - iter 30/107 - loss 0.05957191 - samples/sec: 129.01 - lr: 0.001563
2022-05-20 19:46:14,564 epoch 32 - iter 40/107 - loss 0.05909574 - samples/sec: 131.28 - lr: 0.001563
2022-05-20 19:46:17,005 epoch 32 - iter 50/107 - loss 0.05670475 - samples/sec: 131.14 - lr: 0.001563
2022-05-20 19:46:19,267 epoch 32 - iter 60/107 - loss 0.05614371 - samples/sec: 141.53 - lr: 0.001563
2022-05-20 19:46:21,439 epoch 32 - iter 70/107 - loss 0.05407536 - samples/sec: 147.42 - lr: 0.001563
2022-05-20 19:46:23,550 epoch 32 - iter 80/107 - loss 0.05475552 - samples/sec: 151.69 - lr: 0.001563
2022-05-20 19:46:25,868 epoch 32 - iter 90/107 - loss 0.05434011 - samples/sec: 138.10 - lr: 0.001563
2022-05-20 19:46:28,411 epoch 32 - iter 100/107 - loss 0.05469281 - samples/sec: 125.87 - lr: 0.001563
2022-05-20 19:46:30,011 ----------------------------------------------------------------------------------------------------
2022-05-20 19:46:30,011 EPOCH 32 done: loss 0.0541 - lr 0.001563
2022-05-20 19:46:38,379 Evaluating as a multi-label problem: False
2022-05-20 19:46:38,390 DEV : loss 0.19847571849822998 - f1-score (micro avg)  0.4984
2022-05-20 19:46:38,461 BAD EPOCHS (no improvement): 2
2022-05-20 19:46:38,463 ----------------------------------------------------------------------------------------------------
2022-05-20 19:46:41,120 epoch 33 - iter 10/107 - loss 0.05596064 - samples/sec: 120.48 - lr: 0.001563
2022-05-20 19:46:43,566 epoch 33 - iter 20/107 - loss 0.05377902 - samples/sec: 130.90 - lr: 0.001563
2022-05-20 19:46:46,223 epoch 33 - iter 30/107 - loss 0.05488561 - samples/sec: 120.48 - lr: 0.001563
2022-05-20 19:46:48,668 epoch 33 - iter 40/107 - loss 0.05511420 - samples/sec: 130.91 - lr: 0.001563
2022-05-20 19:46:51,055 epoch 33 - iter 50/107 - loss 0.05338637 - samples/sec: 134.15 - lr: 0.001563
2022-05-20 19:46:53,354 epoch 33 - iter 60/107 - loss 0.05407744 - samples/sec: 139.24 - lr: 0.001563
2022-05-20 19:46:55,573 epoch 33 - iter 70/107 - loss 0.05553956 - samples/sec: 144.32 - lr: 0.001563
2022-05-20 19:46:57,811 epoch 33 - iter 80/107 - loss 0.05530727 - samples/sec: 143.01 - lr: 0.001563
2022-05-20 19:47:00,050 epoch 33 - iter 90/107 - loss 0.05413892 - samples/sec: 142.98 - lr: 0.001563
2022-05-20 19:47:02,569 epoch 33 - iter 100/107 - loss 0.05551075 - samples/sec: 127.11 - lr: 0.001563
2022-05-20 19:47:04,055 ----------------------------------------------------------------------------------------------------
2022-05-20 19:47:04,055 EPOCH 33 done: loss 0.0551 - lr 0.001563
2022-05-20 19:47:11,602 Evaluating as a multi-label problem: False
2022-05-20 19:47:11,612 DEV : loss 0.20029355585575104 - f1-score (micro avg)  0.5008
2022-05-20 19:47:11,683 BAD EPOCHS (no improvement): 3
2022-05-20 19:47:11,686 ----------------------------------------------------------------------------------------------------
2022-05-20 19:47:14,376 epoch 34 - iter 10/107 - loss 0.05178716 - samples/sec: 119.02 - lr: 0.001563
2022-05-20 19:47:16,928 epoch 34 - iter 20/107 - loss 0.05252207 - samples/sec: 125.45 - lr: 0.001563
2022-05-20 19:47:19,343 epoch 34 - iter 30/107 - loss 0.05485386 - samples/sec: 132.56 - lr: 0.001563
2022-05-20 19:47:21,770 epoch 34 - iter 40/107 - loss 0.05457679 - samples/sec: 131.89 - lr: 0.001563
2022-05-20 19:47:24,330 epoch 34 - iter 50/107 - loss 0.05618828 - samples/sec: 125.04 - lr: 0.001563
2022-05-20 19:47:26,728 epoch 34 - iter 60/107 - loss 0.05450627 - samples/sec: 133.51 - lr: 0.001563
2022-05-20 19:47:28,966 epoch 34 - iter 70/107 - loss 0.05456086 - samples/sec: 143.09 - lr: 0.001563
2022-05-20 19:47:31,130 epoch 34 - iter 80/107 - loss 0.05468075 - samples/sec: 147.94 - lr: 0.001563
2022-05-20 19:47:33,314 epoch 34 - iter 90/107 - loss 0.05503548 - samples/sec: 146.63 - lr: 0.001563
2022-05-20 19:47:35,591 epoch 34 - iter 100/107 - loss 0.05533258 - samples/sec: 140.56 - lr: 0.001563
2022-05-20 19:47:37,165 ----------------------------------------------------------------------------------------------------
2022-05-20 19:47:37,165 EPOCH 34 done: loss 0.0550 - lr 0.001563
2022-05-20 19:47:44,423 Evaluating as a multi-label problem: False
2022-05-20 19:47:44,434 DEV : loss 0.19702257215976715 - f1-score (micro avg)  0.5012
2022-05-20 19:47:44,505 Epoch    34: reducing learning rate of group 0 to 7.8125e-04.
2022-05-20 19:47:44,505 BAD EPOCHS (no improvement): 4
2022-05-20 19:47:44,507 ----------------------------------------------------------------------------------------------------
2022-05-20 19:47:46,930 epoch 35 - iter 10/107 - loss 0.05212721 - samples/sec: 132.14 - lr: 0.000781
2022-05-20 19:47:49,545 epoch 35 - iter 20/107 - loss 0.05374972 - samples/sec: 122.40 - lr: 0.000781
2022-05-20 19:47:52,070 epoch 35 - iter 30/107 - loss 0.05419437 - samples/sec: 126.80 - lr: 0.000781
2022-05-20 19:47:54,543 epoch 35 - iter 40/107 - loss 0.05105295 - samples/sec: 129.45 - lr: 0.000781
2022-05-20 19:47:56,953 epoch 35 - iter 50/107 - loss 0.05198029 - samples/sec: 132.86 - lr: 0.000781
2022-05-20 19:47:59,393 epoch 35 - iter 60/107 - loss 0.05191726 - samples/sec: 131.16 - lr: 0.000781
2022-05-20 19:48:01,658 epoch 35 - iter 70/107 - loss 0.05317937 - samples/sec: 141.32 - lr: 0.000781
2022-05-20 19:48:03,875 epoch 35 - iter 80/107 - loss 0.05388385 - samples/sec: 144.40 - lr: 0.000781
2022-05-20 19:48:05,436 epoch 35 - iter 90/107 - loss 0.05515182 - samples/sec: 205.15 - lr: 0.000781
2022-05-20 19:48:07,497 epoch 35 - iter 100/107 - loss 0.05447283 - samples/sec: 155.38 - lr: 0.000781
2022-05-20 19:48:08,737 ----------------------------------------------------------------------------------------------------
2022-05-20 19:48:08,737 EPOCH 35 done: loss 0.0548 - lr 0.000781
2022-05-20 19:48:16,213 Evaluating as a multi-label problem: False
2022-05-20 19:48:16,224 DEV : loss 0.19715940952301025 - f1-score (micro avg)  0.5023
2022-05-20 19:48:16,295 BAD EPOCHS (no improvement): 1
2022-05-20 19:48:16,298 ----------------------------------------------------------------------------------------------------
2022-05-20 19:48:18,636 epoch 36 - iter 10/107 - loss 0.04656332 - samples/sec: 136.97 - lr: 0.000781
2022-05-20 19:48:21,068 epoch 36 - iter 20/107 - loss 0.05031995 - samples/sec: 131.63 - lr: 0.000781
2022-05-20 19:48:23,604 epoch 36 - iter 30/107 - loss 0.05266116 - samples/sec: 126.24 - lr: 0.000781
2022-05-20 19:48:26,019 epoch 36 - iter 40/107 - loss 0.05319448 - samples/sec: 132.59 - lr: 0.000781
2022-05-20 19:48:28,455 epoch 36 - iter 50/107 - loss 0.05208870 - samples/sec: 131.37 - lr: 0.000781
2022-05-20 19:48:30,897 epoch 36 - iter 60/107 - loss 0.05113347 - samples/sec: 131.11 - lr: 0.000781
2022-05-20 19:48:33,360 epoch 36 - iter 70/107 - loss 0.05087700 - samples/sec: 129.99 - lr: 0.000781
2022-05-20 19:48:35,748 epoch 36 - iter 80/107 - loss 0.05261535 - samples/sec: 134.03 - lr: 0.000781
2022-05-20 19:48:37,842 epoch 36 - iter 90/107 - loss 0.05368237 - samples/sec: 152.90 - lr: 0.000781
2022-05-20 19:48:40,071 epoch 36 - iter 100/107 - loss 0.05395190 - samples/sec: 143.62 - lr: 0.000781
2022-05-20 19:48:41,433 ----------------------------------------------------------------------------------------------------
2022-05-20 19:48:41,433 EPOCH 36 done: loss 0.0540 - lr 0.000781
2022-05-20 19:48:49,005 Evaluating as a multi-label problem: False
2022-05-20 19:48:49,016 DEV : loss 0.199345201253891 - f1-score (micro avg)  0.5008
2022-05-20 19:48:49,088 BAD EPOCHS (no improvement): 2
2022-05-20 19:48:49,090 ----------------------------------------------------------------------------------------------------
2022-05-20 19:48:51,517 epoch 37 - iter 10/107 - loss 0.05101291 - samples/sec: 131.96 - lr: 0.000781
2022-05-20 19:48:54,181 epoch 37 - iter 20/107 - loss 0.05521008 - samples/sec: 120.14 - lr: 0.000781
2022-05-20 19:48:56,765 epoch 37 - iter 30/107 - loss 0.04973246 - samples/sec: 123.89 - lr: 0.000781
2022-05-20 19:48:59,282 epoch 37 - iter 40/107 - loss 0.05073722 - samples/sec: 127.20 - lr: 0.000781
2022-05-20 19:49:01,701 epoch 37 - iter 50/107 - loss 0.05485868 - samples/sec: 132.38 - lr: 0.000781
2022-05-20 19:49:04,111 epoch 37 - iter 60/107 - loss 0.05693852 - samples/sec: 132.80 - lr: 0.000781
2022-05-20 19:49:06,603 epoch 37 - iter 70/107 - loss 0.05654356 - samples/sec: 128.46 - lr: 0.000781
2022-05-20 19:49:09,453 epoch 37 - iter 80/107 - loss 0.05621121 - samples/sec: 112.31 - lr: 0.000781
2022-05-20 19:49:11,767 epoch 37 - iter 90/107 - loss 0.05741340 - samples/sec: 138.40 - lr: 0.000781
2022-05-20 19:49:13,935 epoch 37 - iter 100/107 - loss 0.05662570 - samples/sec: 147.61 - lr: 0.000781
2022-05-20 19:49:15,341 ----------------------------------------------------------------------------------------------------
2022-05-20 19:49:15,341 EPOCH 37 done: loss 0.0563 - lr 0.000781
2022-05-20 19:49:23,277 Evaluating as a multi-label problem: False
2022-05-20 19:49:23,287 DEV : loss 0.1981898546218872 - f1-score (micro avg)  0.5008
2022-05-20 19:49:23,358 BAD EPOCHS (no improvement): 3
2022-05-20 19:49:23,360 ----------------------------------------------------------------------------------------------------
2022-05-20 19:49:25,732 epoch 38 - iter 10/107 - loss 0.05318736 - samples/sec: 134.95 - lr: 0.000781
2022-05-20 19:49:28,190 epoch 38 - iter 20/107 - loss 0.05284765 - samples/sec: 130.27 - lr: 0.000781
2022-05-20 19:49:30,582 epoch 38 - iter 30/107 - loss 0.05480974 - samples/sec: 133.84 - lr: 0.000781
2022-05-20 19:49:33,105 epoch 38 - iter 40/107 - loss 0.05425410 - samples/sec: 126.88 - lr: 0.000781
2022-05-20 19:49:35,637 epoch 38 - iter 50/107 - loss 0.05645744 - samples/sec: 126.41 - lr: 0.000781
2022-05-20 19:49:38,070 epoch 38 - iter 60/107 - loss 0.05481769 - samples/sec: 131.58 - lr: 0.000781
2022-05-20 19:49:40,623 epoch 38 - iter 70/107 - loss 0.05489223 - samples/sec: 125.42 - lr: 0.000781
2022-05-20 19:49:43,063 epoch 38 - iter 80/107 - loss 0.05699338 - samples/sec: 131.19 - lr: 0.000781
2022-05-20 19:49:45,144 epoch 38 - iter 90/107 - loss 0.05596619 - samples/sec: 153.86 - lr: 0.000781
2022-05-20 19:49:47,318 epoch 38 - iter 100/107 - loss 0.05430036 - samples/sec: 147.30 - lr: 0.000781
2022-05-20 19:49:48,635 ----------------------------------------------------------------------------------------------------
2022-05-20 19:49:48,635 EPOCH 38 done: loss 0.0549 - lr 0.000781
2022-05-20 19:49:55,749 Evaluating as a multi-label problem: False
2022-05-20 19:49:55,760 DEV : loss 0.1983419954776764 - f1-score (micro avg)  0.5016
2022-05-20 19:49:55,832 Epoch    38: reducing learning rate of group 0 to 3.9063e-04.
2022-05-20 19:49:55,832 BAD EPOCHS (no improvement): 4
2022-05-20 19:49:55,833 ----------------------------------------------------------------------------------------------------
2022-05-20 19:49:58,408 epoch 39 - iter 10/107 - loss 0.06949510 - samples/sec: 124.33 - lr: 0.000391
2022-05-20 19:50:00,849 epoch 39 - iter 20/107 - loss 0.06340043 - samples/sec: 131.18 - lr: 0.000391
2022-05-20 19:50:03,264 epoch 39 - iter 30/107 - loss 0.05531608 - samples/sec: 132.53 - lr: 0.000391
2022-05-20 19:50:05,735 epoch 39 - iter 40/107 - loss 0.05224132 - samples/sec: 129.56 - lr: 0.000391
2022-05-20 19:50:08,239 epoch 39 - iter 50/107 - loss 0.05079179 - samples/sec: 127.85 - lr: 0.000391
2022-05-20 19:50:10,657 epoch 39 - iter 60/107 - loss 0.05157880 - samples/sec: 132.36 - lr: 0.000391
2022-05-20 19:50:13,162 epoch 39 - iter 70/107 - loss 0.05316060 - samples/sec: 127.79 - lr: 0.000391
2022-05-20 19:50:15,761 epoch 39 - iter 80/107 - loss 0.05321145 - samples/sec: 123.18 - lr: 0.000391
2022-05-20 19:50:17,988 epoch 39 - iter 90/107 - loss 0.05292453 - samples/sec: 143.73 - lr: 0.000391
2022-05-20 19:50:20,307 epoch 39 - iter 100/107 - loss 0.05412929 - samples/sec: 138.10 - lr: 0.000391
2022-05-20 19:50:21,666 ----------------------------------------------------------------------------------------------------
2022-05-20 19:50:21,667 EPOCH 39 done: loss 0.0543 - lr 0.000391
2022-05-20 19:50:29,070 Evaluating as a multi-label problem: False
2022-05-20 19:50:29,081 DEV : loss 0.19937476515769958 - f1-score (micro avg)  0.5008
2022-05-20 19:50:29,152 BAD EPOCHS (no improvement): 1
2022-05-20 19:50:29,154 ----------------------------------------------------------------------------------------------------
2022-05-20 19:50:31,531 epoch 40 - iter 10/107 - loss 0.05921042 - samples/sec: 134.71 - lr: 0.000391
2022-05-20 19:50:34,064 epoch 40 - iter 20/107 - loss 0.05757298 - samples/sec: 126.34 - lr: 0.000391
2022-05-20 19:50:36,729 epoch 40 - iter 30/107 - loss 0.05430157 - samples/sec: 120.13 - lr: 0.000391
2022-05-20 19:50:39,307 epoch 40 - iter 40/107 - loss 0.05302465 - samples/sec: 124.20 - lr: 0.000391
2022-05-20 19:50:41,968 epoch 40 - iter 50/107 - loss 0.05389037 - samples/sec: 120.27 - lr: 0.000391
2022-05-20 19:50:44,366 epoch 40 - iter 60/107 - loss 0.05485890 - samples/sec: 133.50 - lr: 0.000391
2022-05-20 19:50:46,848 epoch 40 - iter 70/107 - loss 0.05577244 - samples/sec: 129.01 - lr: 0.000391
2022-05-20 19:50:49,320 epoch 40 - iter 80/107 - loss 0.05449322 - samples/sec: 129.47 - lr: 0.000391
2022-05-20 19:50:51,781 epoch 40 - iter 90/107 - loss 0.05397558 - samples/sec: 130.08 - lr: 0.000391
2022-05-20 19:50:54,044 epoch 40 - iter 100/107 - loss 0.05429079 - samples/sec: 141.46 - lr: 0.000391
2022-05-20 19:50:55,420 ----------------------------------------------------------------------------------------------------
2022-05-20 19:50:55,420 EPOCH 40 done: loss 0.0544 - lr 0.000391
2022-05-20 19:51:02,812 Evaluating as a multi-label problem: False
2022-05-20 19:51:02,822 DEV : loss 0.19965580105781555 - f1-score (micro avg)  0.4992
2022-05-20 19:51:02,895 BAD EPOCHS (no improvement): 2
2022-05-20 19:51:02,897 ----------------------------------------------------------------------------------------------------
2022-05-20 19:51:05,241 epoch 41 - iter 10/107 - loss 0.04847878 - samples/sec: 136.61 - lr: 0.000391
2022-05-20 19:51:07,756 epoch 41 - iter 20/107 - loss 0.05655155 - samples/sec: 127.31 - lr: 0.000391
2022-05-20 19:51:10,126 epoch 41 - iter 30/107 - loss 0.05472047 - samples/sec: 135.09 - lr: 0.000391
2022-05-20 19:51:12,766 epoch 41 - iter 40/107 - loss 0.05423211 - samples/sec: 121.24 - lr: 0.000391
2022-05-20 19:51:15,313 epoch 41 - iter 50/107 - loss 0.05522676 - samples/sec: 125.67 - lr: 0.000391
2022-05-20 19:51:17,881 epoch 41 - iter 60/107 - loss 0.05388698 - samples/sec: 124.66 - lr: 0.000391
2022-05-20 19:51:20,342 epoch 41 - iter 70/107 - loss 0.05401226 - samples/sec: 130.10 - lr: 0.000391
2022-05-20 19:51:22,729 epoch 41 - iter 80/107 - loss 0.05378397 - samples/sec: 134.12 - lr: 0.000391
2022-05-20 19:51:25,182 epoch 41 - iter 90/107 - loss 0.05419318 - samples/sec: 130.48 - lr: 0.000391
2022-05-20 19:51:27,443 epoch 41 - iter 100/107 - loss 0.05328280 - samples/sec: 141.60 - lr: 0.000391
2022-05-20 19:51:28,994 ----------------------------------------------------------------------------------------------------
2022-05-20 19:51:28,994 EPOCH 41 done: loss 0.0538 - lr 0.000391
2022-05-20 19:51:36,302 Evaluating as a multi-label problem: False
2022-05-20 19:51:36,313 DEV : loss 0.1990848183631897 - f1-score (micro avg)  0.5004
2022-05-20 19:51:36,384 BAD EPOCHS (no improvement): 3
2022-05-20 19:51:36,386 ----------------------------------------------------------------------------------------------------
2022-05-20 19:51:38,755 epoch 42 - iter 10/107 - loss 0.05113138 - samples/sec: 135.18 - lr: 0.000391
2022-05-20 19:51:41,148 epoch 42 - iter 20/107 - loss 0.05542706 - samples/sec: 133.78 - lr: 0.000391
2022-05-20 19:51:43,670 epoch 42 - iter 30/107 - loss 0.05675229 - samples/sec: 126.90 - lr: 0.000391
2022-05-20 19:51:46,383 epoch 42 - iter 40/107 - loss 0.05621335 - samples/sec: 118.01 - lr: 0.000391
2022-05-20 19:51:49,123 epoch 42 - iter 50/107 - loss 0.05498446 - samples/sec: 116.87 - lr: 0.000391
2022-05-20 19:51:51,612 epoch 42 - iter 60/107 - loss 0.05545380 - samples/sec: 128.60 - lr: 0.000391
2022-05-20 19:51:54,045 epoch 42 - iter 70/107 - loss 0.05568815 - samples/sec: 131.55 - lr: 0.000391
2022-05-20 19:51:56,567 epoch 42 - iter 80/107 - loss 0.05558979 - samples/sec: 126.92 - lr: 0.000391
2022-05-20 19:51:59,107 epoch 42 - iter 90/107 - loss 0.05508971 - samples/sec: 126.05 - lr: 0.000391
2022-05-20 19:52:01,764 epoch 42 - iter 100/107 - loss 0.05551028 - samples/sec: 120.48 - lr: 0.000391
2022-05-20 19:52:03,089 ----------------------------------------------------------------------------------------------------
2022-05-20 19:52:03,089 EPOCH 42 done: loss 0.0555 - lr 0.000391
2022-05-20 19:52:09,012 Evaluating as a multi-label problem: False
2022-05-20 19:52:09,023 DEV : loss 0.19843466579914093 - f1-score (micro avg)  0.5012
2022-05-20 19:52:09,094 Epoch    42: reducing learning rate of group 0 to 1.9531e-04.
2022-05-20 19:52:09,094 BAD EPOCHS (no improvement): 4
2022-05-20 19:52:09,096 ----------------------------------------------------------------------------------------------------
2022-05-20 19:52:12,225 epoch 43 - iter 10/107 - loss 0.05530451 - samples/sec: 102.31 - lr: 0.000195
2022-05-20 19:52:14,730 epoch 43 - iter 20/107 - loss 0.05790427 - samples/sec: 127.81 - lr: 0.000195
2022-05-20 19:52:17,307 epoch 43 - iter 30/107 - loss 0.05643818 - samples/sec: 124.22 - lr: 0.000195
2022-05-20 19:52:19,724 epoch 43 - iter 40/107 - loss 0.05569398 - samples/sec: 132.42 - lr: 0.000195
2022-05-20 19:52:22,351 epoch 43 - iter 50/107 - loss 0.05556760 - samples/sec: 121.87 - lr: 0.000195
2022-05-20 19:52:24,788 epoch 43 - iter 60/107 - loss 0.05550734 - samples/sec: 131.36 - lr: 0.000195
2022-05-20 19:52:27,228 epoch 43 - iter 70/107 - loss 0.05524805 - samples/sec: 131.22 - lr: 0.000195
2022-05-20 19:52:29,913 epoch 43 - iter 80/107 - loss 0.05526555 - samples/sec: 119.24 - lr: 0.000195
2022-05-20 19:52:32,389 epoch 43 - iter 90/107 - loss 0.05525099 - samples/sec: 129.28 - lr: 0.000195
2022-05-20 19:52:34,901 epoch 43 - iter 100/107 - loss 0.05505956 - samples/sec: 127.43 - lr: 0.000195
2022-05-20 19:52:36,206 ----------------------------------------------------------------------------------------------------
2022-05-20 19:52:36,206 EPOCH 43 done: loss 0.0545 - lr 0.000195
2022-05-20 19:52:42,648 Evaluating as a multi-label problem: False
2022-05-20 19:52:42,659 DEV : loss 0.19848735630512238 - f1-score (micro avg)  0.5012
2022-05-20 19:52:42,730 BAD EPOCHS (no improvement): 1
2022-05-20 19:52:42,732 ----------------------------------------------------------------------------------------------------
2022-05-20 19:52:45,116 epoch 44 - iter 10/107 - loss 0.04505032 - samples/sec: 134.27 - lr: 0.000195
2022-05-20 19:52:47,572 epoch 44 - iter 20/107 - loss 0.04965815 - samples/sec: 130.36 - lr: 0.000195
2022-05-20 19:52:50,021 epoch 44 - iter 30/107 - loss 0.04941449 - samples/sec: 130.74 - lr: 0.000195
2022-05-20 19:52:52,479 epoch 44 - iter 40/107 - loss 0.05086867 - samples/sec: 130.21 - lr: 0.000195
2022-05-20 19:52:54,845 epoch 44 - iter 50/107 - loss 0.05218365 - samples/sec: 135.30 - lr: 0.000195
2022-05-20 19:52:57,369 epoch 44 - iter 60/107 - loss 0.05253997 - samples/sec: 126.85 - lr: 0.000195
2022-05-20 19:52:59,815 epoch 44 - iter 70/107 - loss 0.05352313 - samples/sec: 130.87 - lr: 0.000195
2022-05-20 19:53:02,278 epoch 44 - iter 80/107 - loss 0.05410980 - samples/sec: 129.97 - lr: 0.000195
2022-05-20 19:53:04,905 epoch 44 - iter 90/107 - loss 0.05495190 - samples/sec: 121.88 - lr: 0.000195
2022-05-20 19:53:07,376 epoch 44 - iter 100/107 - loss 0.05384825 - samples/sec: 129.51 - lr: 0.000195
2022-05-20 19:53:08,924 ----------------------------------------------------------------------------------------------------
2022-05-20 19:53:08,924 EPOCH 44 done: loss 0.0535 - lr 0.000195
2022-05-20 19:53:15,341 Evaluating as a multi-label problem: False
2022-05-20 19:53:15,352 DEV : loss 0.19804465770721436 - f1-score (micro avg)  0.5019
2022-05-20 19:53:15,422 BAD EPOCHS (no improvement): 2
2022-05-20 19:53:15,425 ----------------------------------------------------------------------------------------------------
2022-05-20 19:53:17,841 epoch 45 - iter 10/107 - loss 0.05762487 - samples/sec: 132.52 - lr: 0.000195
2022-05-20 19:53:20,315 epoch 45 - iter 20/107 - loss 0.05074041 - samples/sec: 129.37 - lr: 0.000195
2022-05-20 19:53:22,941 epoch 45 - iter 30/107 - loss 0.05087440 - samples/sec: 121.91 - lr: 0.000195
2022-05-20 19:53:25,467 epoch 45 - iter 40/107 - loss 0.05249679 - samples/sec: 126.74 - lr: 0.000195
2022-05-20 19:53:27,915 epoch 45 - iter 50/107 - loss 0.05724525 - samples/sec: 130.77 - lr: 0.000195
2022-05-20 19:53:30,338 epoch 45 - iter 60/107 - loss 0.05609576 - samples/sec: 132.10 - lr: 0.000195
2022-05-20 19:53:32,870 epoch 45 - iter 70/107 - loss 0.05594705 - samples/sec: 126.43 - lr: 0.000195
2022-05-20 19:53:35,537 epoch 45 - iter 80/107 - loss 0.05614637 - samples/sec: 120.07 - lr: 0.000195
2022-05-20 19:53:38,005 epoch 45 - iter 90/107 - loss 0.05496870 - samples/sec: 129.67 - lr: 0.000195
2022-05-20 19:53:40,528 epoch 45 - iter 100/107 - loss 0.05371268 - samples/sec: 126.89 - lr: 0.000195
2022-05-20 19:53:42,102 ----------------------------------------------------------------------------------------------------
2022-05-20 19:53:42,103 EPOCH 45 done: loss 0.0547 - lr 0.000195
2022-05-20 19:53:47,910 Evaluating as a multi-label problem: False
2022-05-20 19:53:47,920 DEV : loss 0.1981726437807083 - f1-score (micro avg)  0.5008
2022-05-20 19:53:47,991 BAD EPOCHS (no improvement): 3
2022-05-20 19:53:47,993 ----------------------------------------------------------------------------------------------------
2022-05-20 19:53:50,502 epoch 46 - iter 10/107 - loss 0.05049769 - samples/sec: 127.57 - lr: 0.000195
2022-05-20 19:53:53,017 epoch 46 - iter 20/107 - loss 0.05178095 - samples/sec: 127.30 - lr: 0.000195
2022-05-20 19:53:55,420 epoch 46 - iter 30/107 - loss 0.05212779 - samples/sec: 133.26 - lr: 0.000195
2022-05-20 19:53:57,875 epoch 46 - iter 40/107 - loss 0.05468783 - samples/sec: 130.41 - lr: 0.000195
2022-05-20 19:54:00,296 epoch 46 - iter 50/107 - loss 0.05547085 - samples/sec: 132.22 - lr: 0.000195
2022-05-20 19:54:02,797 epoch 46 - iter 60/107 - loss 0.05643192 - samples/sec: 127.98 - lr: 0.000195
2022-05-20 19:54:05,210 epoch 46 - iter 70/107 - loss 0.05641238 - samples/sec: 132.72 - lr: 0.000195
2022-05-20 19:54:07,716 epoch 46 - iter 80/107 - loss 0.05744831 - samples/sec: 127.72 - lr: 0.000195
2022-05-20 19:54:10,191 epoch 46 - iter 90/107 - loss 0.05665318 - samples/sec: 129.37 - lr: 0.000195
2022-05-20 19:54:12,816 epoch 46 - iter 100/107 - loss 0.05522619 - samples/sec: 121.93 - lr: 0.000195
2022-05-20 19:54:14,262 ----------------------------------------------------------------------------------------------------
2022-05-20 19:54:14,262 EPOCH 46 done: loss 0.0551 - lr 0.000195
2022-05-20 19:54:20,362 Evaluating as a multi-label problem: False
2022-05-20 19:54:20,373 DEV : loss 0.19812732934951782 - f1-score (micro avg)  0.5035
2022-05-20 19:54:20,444 Epoch    46: reducing learning rate of group 0 to 9.7656e-05.
2022-05-20 19:54:20,444 BAD EPOCHS (no improvement): 4
2022-05-20 19:54:20,446 ----------------------------------------------------------------------------------------------------
2022-05-20 19:54:20,446 ----------------------------------------------------------------------------------------------------
2022-05-20 19:54:20,446 learning rate too small - quitting training!
2022-05-20 19:54:20,446 ----------------------------------------------------------------------------------------------------
2022-05-20 19:54:27,237 ----------------------------------------------------------------------------------------------------
2022-05-20 19:54:27,237 loading file resources/taggers/model_04_r12_run_1/best-model.pt
2022-05-20 19:54:35,292 SequenceTagger predicts: Dictionary with 27 tags: O, S-person, B-person, E-person, I-person, S-location, B-location, E-location, I-location, S-group, B-group, E-group, I-group, S-corporation, B-corporation, E-corporation, I-corporation, S-product, B-product, E-product, I-product, S-creative-work, B-creative-work, E-creative-work, I-creative-work, <START>, <STOP>
2022-05-20 19:54:54,654 Evaluating as a multi-label problem: False
2022-05-20 19:54:54,668 0.5812	0.3216	0.4141	0.2812
2022-05-20 19:54:54,668 
Results:
- F-score (micro) 0.4141
- F-score (macro) 0.2636
- Accuracy 0.2812

By class:
               precision    recall  f1-score   support

       person     0.6035    0.5571    0.5794       429
     location     0.6364    0.4667    0.5385       150
        group     0.5152    0.1030    0.1717       165
creative-work     0.5000    0.1056    0.1744       142
      product     0.2143    0.0236    0.0426       127
  corporation     0.2143    0.0455    0.0750        66

    micro avg     0.5812    0.3216    0.4141      1079
    macro avg     0.4473    0.2169    0.2636      1079
 weighted avg     0.5113    0.3216    0.3640      1079

2022-05-20 19:54:54,668 ----------------------------------------------------------------------------------------------------
